Wed Feb 23 10:10:48 2022 ------ World Loaded ------
Wed Feb 23 10:10:49 2022 Welcome to popeyspades 99wins 1month
Wed Feb 23 10:10:49 2022 z (Good) [Headshot] Sandu (Evil)
Wed Feb 23 10:10:50 2022 Map: Hallway by izzy
Wed Feb 23 10:10:50 2022 Sandu (Evil) [Fall]
Wed Feb 23 10:10:50 2022 You have 1 medkit!
Wed Feb 23 10:10:52 2022 Game mode: ctf
Wed Feb 23 10:10:54 2022 Server powered by piqueserver and buildandshoot.com
Wed Feb 23 10:10:56 2022 Server info: https://popeyspad.es/
Wed Feb 23 10:10:56 2022 MuMu (Evil) [SMG] z (Good)
Wed Feb 23 10:10:58 2022 Discord: https://popeyspad.es/discord
Wed Feb 23 10:11:08 2022 MuMu (Evil) [SMG] Harry (Good)
Wed Feb 23 10:11:12 2022 You have 1 medkit!
Wed Feb 23 10:11:23 2022 MuMu (Evil) [SMG] Harry (Good)
Wed Feb 23 10:11:23 2022 DaviGabriel19 (Good) [Headshot] MuMu (Evil)
Wed Feb 23 10:11:24 2022 You have 1 medkit!
Wed Feb 23 10:11:30 2022 Sandu (Evil) [SMG] DaviGabriel19 (Good)
Wed Feb 23 10:11:43 2022 Sandu (Evil) [SMG] Harry (Good)
Wed Feb 23 10:11:46 2022 DaviGabriel19 (Good) [Headshot] Sandu (Evil)
Wed Feb 23 10:11:47 2022 z (Good) [Fall]
Wed Feb 23 10:11:48 2022 You have 1 medkit!
Wed Feb 23 10:12:01 2022 MuMu (Evil) [SMG] Harry (Good)
Wed Feb 23 10:12:06 2022 You have 1 medkit!
Wed Feb 23 10:12:15 2022 MuMu (Evil) [SMG] DaviGabriel19 (Good)
Wed Feb 23 10:12:19 2022 MR.SALCHICHA picked up Evil's Intel.
Wed Feb 23 10:12:21 2022 Harry (Good) [Headshot] MuMu (Evil)
Wed Feb 23 10:12:41 2022 DaviGabriel19 (Good) [SMG] Sandu (Evil)
Wed Feb 23 10:12:43 2022 Onion (Evil) [SMG] DaviGabriel19 (Good)
Wed Feb 23 10:12:47 2022 MR.SALCHICHA dropped Evil's Intel
Wed Feb 23 10:12:47 2022 MuMu (Evil) [Headshot] MR.SALCHICHA (Good)
Wed Feb 23 10:13:01 2022 Sandu (Evil) [Grenade]
Wed Feb 23 10:13:02 2022 [Global] MR.SALCHICHA (Good): mumu what
Wed Feb 23 10:13:07 2022 [Global] Sandu (Evil): STUPID MAN
Wed Feb 23 10:13:08 2022 [Global] MuMu (Evil): huh?
Wed Feb 23 10:13:14 2022 DaviGabriel19 (Good) [Headshot] Onion (Evil)
Wed Feb 23 10:13:16 2022 [Global] Sandu (Evil): why did you do this?
Wed Feb 23 10:13:20 2022  Type /help for info & commands
Wed Feb 23 10:13:30 2022 MuMu (Evil) [Headshot] DaviGabriel19 (Good)
Wed Feb 23 10:13:31 2022 [Global] Sandu (Evil): now the intel it's all up there
Wed Feb 23 10:13:38 2022 Harry (Good) [Headshot] Onion (Evil)
Wed Feb 23 10:13:39 2022 [Team] MR.SALCHICHA (Good): jajsjjsjss
Wed Feb 23 10:13:45 2022 Harry (Good) [Headshot] Onion (Evil)
Wed Feb 23 10:13:48 2022 dieHⁿting joined Evil team
Wed Feb 23 10:13:50 2022 Harry (Good) [Headshot] Onion (Evil)
Wed Feb 23 10:13:51 2022 dieHⁿting (Evil) [SMG] Harry (Good)
Wed Feb 23 10:13:54 2022 You have 1 medkit!
Wed Feb 23 10:13:56 2022 dieHⁿting (Evil) [SMG] DaviGabriel19 (Good)
Wed Feb 23 10:13:59 2022 Player DaviGabriel19 has left
Wed Feb 23 10:14:14 2022 MuMu (Evil) [SMG] Harry (Good)
Wed Feb 23 10:14:18 2022 You have 1 medkit!
Wed Feb 23 10:14:25 2022 dieHⁿting (Evil) [Headshot] z (Good)
Wed Feb 23 10:14:35 2022 dieHⁿting (Evil) [Headshot] Harry (Good)
Wed Feb 23 10:14:36 2022 You have 1 medkit!
Wed Feb 23 10:14:42 2022 MuMu (Evil) [SMG] z (Good)
Wed Feb 23 10:15:03 2022 MuMu (Evil) [SMG] z (Good)
Wed Feb 23 10:15:10 2022 z (Good) [Headshot] MuMu (Evil)
Wed Feb 23 10:15:14 2022 dieHⁿting (Evil) [SMG] Harry (Good)
Wed Feb 23 10:15:18 2022 You have 1 medkit!
Wed Feb 23 10:15:29 2022 dieHⁿting (Evil) [Headshot] Harry (Good)
Wed Feb 23 10:15:30 2022 You have 1 medkit!
Wed Feb 23 10:15:37 2022 dieHⁿting (Evil) [Headshot] z (Good)
Wed Feb 23 10:15:40 2022 dieHⁿting (Evil) [SMG] Harry (Good)
Wed Feb 23 10:15:42 2022 You have 1 medkit!
Wed Feb 23 10:15:51 2022 dieHⁿting (Evil) [SMG] Harry (Good)
Wed Feb 23 10:15:54 2022 You have 1 medkit!
Wed Feb 23 10:15:57 2022 z (Good) [Rifle] dieHⁿting (Evil)
Wed Feb 23 10:15:59 2022 MuMu (Evil) [SMG] z (Good)
Wed Feb 23 10:16:02 2022 Harry (Good) [Headshot] MuMu (Evil)
Wed Feb 23 10:16:23 2022 Harry (Good) [Headshot] dieHⁿting (Evil)
Wed Feb 23 10:16:28 2022 dieHⁿting (Evil) [SMG] Harry (Good)
Wed Feb 23 10:16:30 2022 You have 1 medkit!
Wed Feb 23 10:16:42 2022 DUDU joined Good team
Wed Feb 23 10:16:46 2022 dieHⁿting (Evil) [Headshot] z (Good)
Wed Feb 23 10:16:51 2022 MuMu (Evil) [Grenade] Harry (Good)
Wed Feb 23 10:16:54 2022 You have 1 medkit!
Wed Feb 23 10:16:58 2022 dieHⁿting (Evil) [Headshot] z (Good)
Wed Feb 23 10:17:03 2022 Harry (Good) [Headshot] MuMu (Evil)
Wed Feb 23 10:17:04 2022 DUDU (Good) [Headshot] dieHⁿting (Evil)
Wed Feb 23 10:17:27 2022 dieHⁿting (Evil) [SMG] DUDU (Good)
Wed Feb 23 10:17:36 2022 Harry (Good) [Headshot] dieHⁿting (Evil)
Wed Feb 23 10:17:46 2022 dieHⁿting (Evil) [SMG] Harry (Good)
Wed Feb 23 10:17:47 2022 Sandu (Evil) [Weapon Change]
Wed Feb 23 10:17:48 2022 You have 1 medkit!
Wed Feb 23 10:18:04 2022 Sandu (Evil) [Headshot] z (Good)
Wed Feb 23 10:18:12 2022 Harry (Good) [Headshot] MuMu (Evil)
Wed Feb 23 10:18:17 2022 Sandu (Evil) [Headshot] Harry (Good)
Wed Feb 23 10:18:18 2022 You have 1 medkit!
Wed Feb 23 10:18:20 2022  You are playing ctf on popeyspades 99wins 1month
Wed Feb 23 10:18:28 2022 Sandu (Evil) [Headshot] z (Good)
Wed Feb 23 10:18:35 2022 Harry (Good) [Rifle] Sandu (Evil)
Wed Feb 23 10:18:37 2022 Sandu (Evil) [Weapon Change]
Wed Feb 23 10:18:41 2022 z (Good) [Headshot] MuMu (Evil)
Wed Feb 23 10:18:55 2022 MuMu (Evil) [SMG] Harry (Good)
Wed Feb 23 10:18:59 2022 MuMu (Evil) [Headshot] Sandu (Evil)
Wed Feb 23 10:19:00 2022 You have 1 medkit!
Wed Feb 23 10:19:05 2022 [Global] MuMu (Evil): <3
Wed Feb 23 10:19:14 2022 Sandu (Evil) [SMG] MuMu (Evil)
Wed Feb 23 10:19:31 2022 dieHⁿting (Evil) [Headshot] z (Good)
Wed Feb 23 10:19:32 2022 DUDU (Good) [Headshot] dieHⁿting (Evil)
Wed Feb 23 10:19:46 2022 Harry (Good) [Headshot] dieHⁿting (Evil)
Wed Feb 23 10:19:52 2022 MuMu (Evil) [SMG] Harry (Good)
Wed Feb 23 10:19:54 2022 MuMu (Evil) [SMG] DUDU (Good)
Wed Feb 23 10:19:54 2022 You have 1 medkit!
Wed Feb 23 10:19:55 2022 TITAN MARSHALEE joined Good team
Wed Feb 23 10:19:57 2022 legar342 joined Good team
Wed Feb 23 10:20:03 2022 [Global] TITAN MARSHALEE (Good): hello
Wed Feb 23 10:20:09 2022 Harry (Good) [Headshot] Sandu (Evil)
Wed Feb 23 10:20:13 2022 MuMu (Evil) [Grenade] z (Good)
Wed Feb 23 10:20:13 2022 MuMu (Evil) [Grenade] legar342 (Good)
Wed Feb 23 10:20:13 2022 MuMu (Evil) [SMG] Harry (Good)
Wed Feb 23 10:20:18 2022 You have 1 medkit!
Wed Feb 23 10:20:24 2022 MuMu (Evil) [Headshot] DUDU (Good)
Wed Feb 23 10:20:24 2022 MuMu (Evil) [Headshot] TITAN MARSHALEE (Good)
Wed Feb 23 10:20:26 2022 MuMu (Evil) [Headshot] z (Good)
Wed Feb 23 10:20:27 2022 TITAN MARSHALEE (Good) [Rifle] MuMu (Evil)
Wed Feb 23 10:20:35 2022 legar342 (Good) [Weapon Change]
Wed Feb 23 10:20:36 2022 dieHⁿting (Evil) [SMG] Harry (Good)
Wed Feb 23 10:20:36 2022 You have 1 medkit!
Wed Feb 23 10:20:42 2022 dieHⁿting (Evil) [SMG] Harry (Good)
Wed Feb 23 10:20:48 2022 dieHⁿting (Evil) [Headshot] DUDU (Good)
Wed Feb 23 10:20:48 2022 You have 1 medkit!
Wed Feb 23 10:20:48 2022 legar342 (Good) [Headshot] dieHⁿting (Evil)
Wed Feb 23 10:20:50 2022 Sandu (Evil) [Headshot] legar342 (Good)
Wed Feb 23 10:20:52 2022 MuMu (Evil) [SMG] TITAN MARSHALEE (Good)
Wed Feb 23 10:20:56 2022 MR.SALCHICHA picked up Evil's Intel.
Wed Feb 23 10:21:02 2022 legar342 (Good) [Headshot] Sandu (Evil)
Wed Feb 23 10:21:10 2022 MuMu (Evil) [Headshot] DUDU (Good)
Wed Feb 23 10:21:10 2022 MuMu (Evil) [SMG] TITAN MARSHALEE (Good)
Wed Feb 23 10:21:22 2022 pxy joined Evil team
Wed Feb 23 10:21:22 2022 MuMu (Evil) [SMG] legar342 (Good)
Wed Feb 23 10:21:33 2022 MuMu (Evil) [Headshot] DUDU (Good)
Wed Feb 23 10:21:36 2022 MuMu (Evil) [SMG] TITAN MARSHALEE (Good)
Wed Feb 23 10:21:39 2022 dieHⁿting (Evil) [Headshot] TITAN MARSHALEE (Good)
Wed Feb 23 10:21:42 2022 dieHⁿting (Evil) [SMG] Harry (Good)
Wed Feb 23 10:21:42 2022 You have 1 medkit!
Wed Feb 23 10:21:44 2022 legar342 (Good) [Grenade] dieHⁿting (Evil)
Wed Feb 23 10:21:45 2022 legar342 (Good) [Grenade] Sandu (Evil)
Wed Feb 23 10:21:49 2022 Onion (Evil) [SMG] legar342 (Good)
Wed Feb 23 10:21:50 2022 Onion (Evil) [SMG] z (Good)
Wed Feb 23 10:22:29 2022 [Team] MR.SALCHICHA (Good): JAJAJA
Wed Feb 23 10:22:33 2022 [Global] TITAN MARSHALEE (Good): xxd
Wed Feb 23 10:22:33 2022 legar342 (Good) [Headshot] Sandu (Evil)
Wed Feb 23 10:22:34 2022 pxy (Evil) [Headshot] Harry (Good)
Wed Feb 23 10:22:36 2022 You have 1 medkit!
Wed Feb 23 10:22:44 2022 pxy (Evil) [Headshot] Harry (Good)
Wed Feb 23 10:22:48 2022 You have 1 medkit!
Wed Feb 23 10:22:49 2022 pxy (Evil) [Headshot] z (Good)
Wed Feb 23 10:22:49 2022 wiktor joined Evil team
Wed Feb 23 10:22:52 2022 TITAN MARSHALEE (Good) [Melee] Onion (Evil)
Wed Feb 23 10:23:00 2022 pxy (Evil) [Headshot] z (Good)
Wed Feb 23 10:23:03 2022 pxy (Evil) [Headshot] Harry (Good)
Wed Feb 23 10:23:04 2022 dieHⁿting (Evil) [Fall]
Wed Feb 23 10:23:04 2022 Player Onion has left
Wed Feb 23 10:23:06 2022 You have 1 medkit!
Wed Feb 23 10:23:08 2022 pxy (Evil) [Headshot] Harry (Good)
Wed Feb 23 10:23:09 2022 MuMu (Evil) [Melee] z (Good)
Wed Feb 23 10:23:12 2022 You have 1 medkit!
Wed Feb 23 10:23:14 2022 pxy (Evil) [Headshot] Harry (Good)
Wed Feb 23 10:23:15 2022 pxy (Evil) [Headshot] z (Good)
Wed Feb 23 10:23:15 2022 [Team] MR.SALCHICHA (Good): llevoo el iiiintel
Wed Feb 23 10:23:16 2022 MuMu picked up Good's Intel.
Wed Feb 23 10:23:18 2022 You have 1 medkit!
Wed Feb 23 10:23:20 2022  Type /help for info & commands
Wed Feb 23 10:23:21 2022 [Global] TITAN MARSHALEE (Good): ok
Wed Feb 23 10:23:23 2022 MuMu (Evil) [Melee] Harry (Good)
Wed Feb 23 10:23:24 2022 You have 1 medkit!
Wed Feb 23 10:23:25 2022 pxy (Evil) [Headshot] Harry (Good)
Wed Feb 23 10:23:27 2022 MuMu (Evil) [Melee] z (Good)
Wed Feb 23 10:23:28 2022 Sandu (Evil) [SMG] legar342 (Good)
Wed Feb 23 10:23:28 2022 Sandu (Evil) [Headshot] DUDU (Good)
Wed Feb 23 10:23:30 2022 Sandu (Evil) [SMG] TITAN MARSHALEE (Good)
Wed Feb 23 10:23:30 2022 You have 1 medkit!
Wed Feb 23 10:23:37 2022 Sandu (Evil) [SMG] legar342 (Good)
Wed Feb 23 10:23:40 2022 TITAN MARSHALEE (Good) [Rifle] Sandu (Evil)
Wed Feb 23 10:23:44 2022 pxy (Evil) [Headshot] z (Good)
Wed Feb 23 10:23:46 2022 MR.SALCHICHA dropped Evil's Intel
Wed Feb 23 10:23:46 2022 pxy (Evil) [Headshot] MR.SALCHICHA (Good)
Wed Feb 23 10:23:50 2022 pxy (Evil) [Headshot] MR.SALCHICHA (Good)
Wed Feb 23 10:23:53 2022 pxy (Evil) [Headshot] z (Good)
Wed Feb 23 10:23:54 2022 EDZ ALP KRAL joined Evil team
Wed Feb 23 10:23:57 2022 pxy (Evil) [Grenade] MR.SALCHICHA (Good)
Wed Feb 23 10:23:57 2022 pxy (Evil) [Grenade] TITAN MARSHALEE (Good)
Wed Feb 23 10:24:03 2022 MuMu captured Good's Intel.
Wed Feb 23 10:24:05 2022 pxy (Evil) [Rifle] DUDU (Good)
Wed Feb 23 10:24:15 2022 dieHⁿting (Evil) [Headshot] legar342 (Good)
Wed Feb 23 10:24:17 2022 dieHⁿting (Evil) [Headshot] z (Good)
Wed Feb 23 10:24:18 2022 Sandu (Evil) [Fall]
Wed Feb 23 10:24:20 2022 pxy (Evil) [Headshot] MR.SALCHICHA (Good)
Wed Feb 23 10:24:20 2022 dieHⁿting (Evil) [Headshot] legar342 (Good)
Wed Feb 23 10:24:22 2022 pxy (Evil) [Headshot] TITAN MARSHALEE (Good)
Wed Feb 23 10:24:26 2022 dieHⁿting (Evil) [SMG] TITAN MARSHALEE (Good)
Wed Feb 23 10:24:27 2022 [Global] TITAN MARSHALEE (Good): camperos
Wed Feb 23 10:24:28 2022 dieHⁿting (Evil) [SMG] legar342 (Good)
Wed Feb 23 10:24:30 2022 dieHⁿting (Evil) [SMG] z (Good)
Wed Feb 23 10:24:31 2022 Elitopanpan joined Good team
Wed Feb 23 10:24:32 2022 DUDU (Good) [Headshot] dieHⁿting (Evil)
Wed Feb 23 10:24:36 2022 pxy (Evil) [Rifle]
Wed Feb 23 10:24:49 2022 wiktor (Evil) [Headshot] z (Good)
Wed Feb 23 10:25:00 2022 Elitopanpan (Good) [Headshot] MuMu (Evil)
Wed Feb 23 10:25:16 2022 MR.SALCHICHA (Good) [Shotgun] wiktor (Evil)
Wed Feb 23 10:25:25 2022 MR.SALCHICHA picked up Evil's Intel.
Wed Feb 23 10:25:26 2022 pxy (Evil) [Rifle] legar342 (Good)
Wed Feb 23 10:25:34 2022 dieHⁿting (Evil) [SMG] TITAN MARSHALEE (Good)
Wed Feb 23 10:25:34 2022 dieHⁿting (Evil) [Headshot] DUDU (Good)
Wed Feb 23 10:25:36 2022 MR.SALCHICHA dropped Evil's Intel
Wed Feb 23 10:25:36 2022 pxy (Evil) [Headshot] MR.SALCHICHA (Good)
Wed Feb 23 10:25:41 2022 dieHⁿting (Evil) [Headshot] Elitopanpan (Good)
Wed Feb 23 10:25:42 2022 Sandu (Evil) [Team Change]
Wed Feb 23 10:25:42 2022 Sandu joined Good team
Wed Feb 23 10:25:47 2022 legar342 (Good) [Grenade]
Wed Feb 23 10:25:50 2022 DUDU (Good) [Headshot] dieHⁿting (Evil)
Wed Feb 23 10:26:03 2022 MuMu (Evil) [Grenade] DUDU (Good)
Wed Feb 23 10:26:04 2022 MuMu (Evil) [SMG] MR.SALCHICHA (Good)
Wed Feb 23 10:26:08 2022 MuMu (Evil) [SMG] TITAN MARSHALEE (Good)
Wed Feb 23 10:26:10 2022 Sandu (Good) [Weapon Change]
Wed Feb 23 10:26:11 2022 MuMu (Evil) [SMG] legar342 (Good)
Wed Feb 23 10:26:13 2022 Sandu (Good) [Team Change]
Wed Feb 23 10:26:14 2022 Player dieHⁿting has left
Wed Feb 23 10:26:15 2022 [Global] TITAN MARSHALEE (Good): mumu es re campero man
Wed Feb 23 10:26:17 2022 Elitopanpan (Good) [Headshot] MuMu (Evil)
Wed Feb 23 10:26:18 2022 Sandu joined Evil team
Wed Feb 23 10:26:25 2022 pxy (Evil) [Rifle] z (Good)
Wed Feb 23 10:26:25 2022 [Global] MuMu (Evil): nope
Wed Feb 23 10:26:28 2022 [Global] MuMu (Evil): :))))
Wed Feb 23 10:26:29 2022 [Global] TITAN MARSHALEE (Good): si 
Wed Feb 23 10:26:32 2022 pxy (Evil) [Headshot] z (Good)
Wed Feb 23 10:26:34 2022 DUDU (Good) [Fall]
Wed Feb 23 10:26:36 2022 pxy (Evil) [Headshot] MR.SALCHICHA (Good)
Wed Feb 23 10:26:44 2022 Gpon joined Evil team
Wed Feb 23 10:26:45 2022 Elitopanpan (Good) [Headshot] pxy (Evil)
Wed Feb 23 10:26:48 2022 Gpon (Evil) [Weapon Change]
Wed Feb 23 10:26:49 2022 wiktor (Evil) [Fall]
Wed Feb 23 10:26:54 2022 TITAN MARSHALEE (Good) [Fall]
Wed Feb 23 10:26:56 2022 MuMu (Evil) [SMG] Elitopanpan (Good)
Wed Feb 23 10:27:04 2022 legar342 (Good) [SMG] MuMu (Evil)
Wed Feb 23 10:27:07 2022 MuMu (Evil) [Grenade] legar342 (Good)
Wed Feb 23 10:27:28 2022 MR.SALCHICHA picked up Evil's Intel.
Wed Feb 23 10:27:34 2022 Sandu (Evil) [Headshot] z (Good)
Wed Feb 23 10:27:35 2022 MuMu (Evil) [SMG] legar342 (Good)
Wed Feb 23 10:27:36 2022 Elitopanpan (Good) [Headshot] pxy (Evil)
Wed Feb 23 10:27:39 2022 Sandu (Evil) [Headshot] legar342 (Good)
Wed Feb 23 10:27:42 2022 MuMu (Evil) [Headshot] Elitopanpan (Good)
Wed Feb 23 10:27:44 2022 Sandu (Evil) [Headshot] z (Good)
Wed Feb 23 10:27:44 2022 MuMu (Evil) [SMG] DUDU (Good)
Wed Feb 23 10:27:46 2022 legar342 (Good) [Headshot] Sandu (Evil)
Wed Feb 23 10:27:54 2022 MR.SALCHICHA captured Evil's Intel.
Wed Feb 23 10:27:57 2022 [Team] MR.SALCHICHA (Good): jAJJAJA
Wed Feb 23 10:28:02 2022 [Global] TITAN MARSHALEE (Good): alguien habla espñol aca :V
Wed Feb 23 10:28:05 2022 [Global] TITAN MARSHALEE (Good): ??d
Wed Feb 23 10:28:08 2022 Sandu (Evil) [Headshot] DUDU (Good)
Wed Feb 23 10:28:08 2022 [Global] Elitopanpan (Good): hola
Wed Feb 23 10:28:16 2022 MuMu (Evil) [Headshot] legar342 (Good)
Wed Feb 23 10:28:19 2022 MuMu (Evil) [SMG] DUDU (Good)
Wed Feb 23 10:28:19 2022 MuMu (Evil) [Headshot] Elitopanpan (Good)
Wed Feb 23 10:28:20 2022  You are playing ctf on popeyspades 99wins 1month
Wed Feb 23 10:28:22 2022 yyy joined Good team
Wed Feb 23 10:28:24 2022 MuMu (Evil) [Headshot] TITAN MARSHALEE (Good)
Wed Feb 23 10:28:31 2022 yyy (Good) [Headshot] Sandu (Evil)
Wed Feb 23 10:28:32 2022 MuMu (Evil) [Headshot] MR.SALCHICHA (Good)
Wed Feb 23 10:28:35 2022 DonestkRepublic joined Evil team
Wed Feb 23 10:28:38 2022 Player MR.SALCHICHA has left
Wed Feb 23 10:28:40 2022 [Global] TITAN MARSHALEE (Good): maldito mumu deja de campear de una vez >:V
Wed Feb 23 10:28:45 2022 Player Sandu has left
Wed Feb 23 10:28:57 2022 MuMu (Evil) [SMG] yyy (Good)
Wed Feb 23 10:28:59 2022 pxy (Evil) [Headshot] Elitopanpan (Good)
Wed Feb 23 10:29:01 2022 Elitopanpan (Good) [Weapon Change]
Wed Feb 23 10:29:06 2022 pxy (Evil) [Headshot] z (Good)
Wed Feb 23 10:29:12 2022 pxy (Evil) [Headshot] Elitopanpan (Good)
Wed Feb 23 10:29:17 2022 pxy (Evil) [Headshot] Elitopanpan (Good)
Wed Feb 23 10:29:27 2022 pxy (Evil) [Headshot] Elitopanpan (Good)
Wed Feb 23 10:29:29 2022 legar342 (Good) [SMG] wiktor (Evil)
Wed Feb 23 10:29:35 2022 pxy (Evil) [Headshot] legar342 (Good)
Wed Feb 23 10:29:44 2022 Elitopanpan (Good) [Rifle] MuMu (Evil)
Wed Feb 23 10:29:48 2022 Player wiktor has left
Wed Feb 23 10:29:52 2022 MuMu (Evil) [Headshot] EDZ ALP KRAL (Evil)
Wed Feb 23 10:29:54 2022 Elitopanpan (Good) [Rifle] pxy (Evil)
Wed Feb 23 10:29:59 2022 legar342 (Good) [Fall]
Wed Feb 23 10:29:59 2022 MuMu (Evil) [SMG] TITAN MARSHALEE (Good)
Wed Feb 23 10:30:05 2022 [Global] TITAN MARSHALEE (Good): mumu 
Wed Feb 23 10:30:09 2022 [Global] MuMu (Evil): ?
Wed Feb 23 10:30:15 2022 Elitopanpan (Good) [Headshot] MuMu (Evil)
Wed Feb 23 10:30:23 2022 [Global] TITAN MARSHALEE (Good): mm no me olvide que iba a decirte xd
Wed Feb 23 10:30:24 2022 Elitopanpan (Good) [Fall]
Wed Feb 23 10:30:31 2022 pxy (Evil) [Rifle] DUDU (Good)
Wed Feb 23 10:30:31 2022 [Global] MuMu (Evil): english if can :P
Wed Feb 23 10:30:41 2022 pxy (Evil) [Headshot] TITAN MARSHALEE (Good)
Wed Feb 23 10:30:49 2022 ------ World Unloaded ------
Wed Feb 23 10:30:49 2022 Disconnected because of error:
Disconnected: You were kicked from this server.
at /home/harry/.cache/yay/openspades/src/openspades-0.1.3/Sources/Client/NetClient.cpp:498
void spades::client::NetClient::DoEvents(int) at NetClient.cpp:477
virtual void spades::client::Client::RunFrame(float) at Client.cpp:380
virtual void spades::gui::MainScreen::RunFrame(float) at MainScreen.cpp:232
void spades::gui::SDLRunner::Run(int, int) at SDLRunner.cpp:427
void spades::gui::Runner::Run() at Runner.cpp:70
void spades::gui::Runner::RunProtected() at Runner.cpp:42
int main(int, char**) at Main.cpp:312

Wed Feb 23 10:30:49 2022 Disconnecting
