Sat Jan  8 19:31:43 2022 ------ World Loaded ------
Sat Jan  8 19:31:43 2022 Welcome to [Mexico] Hallway v2
Sat Jan  8 19:31:44 2022 Map: HALLWAY V2.0 by CowNorris, Cowie
Sat Jan  8 19:31:46 2022 You have 1 medkit!
Sat Jan  8 19:31:46 2022 Game mode: ctf
Sat Jan  8 19:31:48 2022 IC-Yuli (Green) [Headshot] BigGreenOgre (Blue)
Sat Jan  8 19:31:48 2022 Hosted on Vultr running Alpine Linux (ZFS)
Sat Jan  8 19:31:50 2022 Discord: https://discord.gg/uRetsttPN4
Sat Jan  8 19:31:51 2022 Client authentication complete. Imger turned ON.
Sat Jan  8 19:31:51 2022 Player BigGreenOgre has left
Sat Jan  8 19:31:52 2022 Player goku has left
Sat Jan  8 19:32:02 2022 Floxindy (Green) [Headshot] Deuce (Blue)
Sat Jan  8 19:32:07 2022 IC-Yuli (Green) [Rifle] Juan (Blue)
Sat Jan  8 19:32:08 2022 Harry (Blue) [Headshot] a Jewish commie (Green)
Sat Jan  8 19:32:09 2022 nana3000 joined Spectator team
Sat Jan  8 19:32:11 2022 jumentos joined Blue team
Sat Jan  8 19:32:14 2022 Harry (Blue) [Headshot] Floxindy (Green)
Sat Jan  8 19:32:15 2022 nana3000 joined Green team
Sat Jan  8 19:32:17 2022 a Jewish commie (Green) [Grenade] Deuce (Blue)
Sat Jan  8 19:32:23 2022 Disconnecting
