Wed Jan 12 12:35:56 2022 ------ World Loaded ------
Wed Jan 12 12:35:56 2022 Welcome to RMF Hallway (Anti-Cheat)
Wed Jan 12 12:35:57 2022 Map: 111HalleII by Lincent
Wed Jan 12 12:35:59 2022 Game mode: ctf
Wed Jan 12 12:36:01 2022 Server powered by FreeBSD
Wed Jan 12 12:36:15 2022 IC-Yuli (Yellow) [Grenade] Mr_Kokos (Purple)
Wed Jan 12 12:36:21 2022 IC-Yuli (Yellow) [Grenade] nelson (Purple)
Wed Jan 12 12:36:45 2022 Cesar joined Yellow team
Wed Jan 12 12:37:24 2022 Cesar (Yellow) [Grenade] Mr_Kokos (Purple)
Wed Jan 12 12:38:00 2022 Cesar (Yellow) [Fall]
Wed Jan 12 12:38:01 2022 Player Cesar has left
Wed Jan 12 12:38:06 2022  Type /help for info & commands
Wed Jan 12 12:38:22 2022 Mr_Kokos (Purple) [Headshot] njd (Yellow)
Wed Jan 12 12:39:08 2022 Mr_Kokos picked up Yellow's Intel.
Wed Jan 12 12:39:14 2022 Mr_Kokos dropped Yellow's Intel
Wed Jan 12 12:39:14 2022 IC-Yuli (Yellow) [Headshot] Mr_Kokos (Purple)
Wed Jan 12 12:39:22 2022 IC-Yuli dropped Purple's Intel
Wed Jan 12 12:39:22 2022 Harry (Purple) [Headshot] IC-Yuli (Yellow)
Wed Jan 12 12:39:27 2022 You killed yourself with your own mine!
Wed Jan 12 12:39:27 2022 Harry (Purple) [Grenade]
Wed Jan 12 12:39:31 2022 IC-Yuli picked up Purple's Intel.
Wed Jan 12 12:39:33 2022 IC-Yuli captured Purple's Intel.
Wed Jan 12 12:40:07 2022 Mr_Kokos (Purple) [Headshot] njd (Yellow)
Wed Jan 12 12:40:16 2022 Mr_Kokos (Purple) [Headshot] IC-Yuli (Yellow)
Wed Jan 12 12:40:25 2022 Mr_Kokos (Purple) [Headshot] njd (Yellow)
Wed Jan 12 12:40:27 2022 IC-Yuli (Yellow) [Headshot] Mr_Kokos (Purple)
Wed Jan 12 12:40:45 2022 Harry (Purple) [Headshot] njd (Yellow)
Wed Jan 12 12:40:46 2022 IC-Yuli (Yellow) [Headshot] nelson (Purple)
Wed Jan 12 12:40:47 2022 IC-Yuli (Yellow) [Headshot] Harry (Purple)
Wed Jan 12 12:41:24 2022 Mr_Kokos (Purple) [Headshot] njd (Yellow)
Wed Jan 12 12:41:26 2022 IC-Yuli (Yellow) [Headshot] Mr_Kokos (Purple)
Wed Jan 12 12:41:34 2022 IC-Yuli (Yellow) [Fall]
Wed Jan 12 12:41:56 2022 Harry (Purple) [Headshot] njd (Yellow)
Wed Jan 12 12:42:00 2022 WillyZeo joined Yellow team
Wed Jan 12 12:42:12 2022 IC-Yuli (Yellow) [Headshot] Mr_Kokos (Purple)
Wed Jan 12 12:42:15 2022 Harry (Purple) [Headshot] WillyZeo (Yellow)
Wed Jan 12 12:42:19 2022 IC-Yuli (Yellow) [Headshot] Harry (Purple)
Wed Jan 12 12:42:27 2022 IC-Yuli (Yellow) [Headshot] nelson (Purple)
Wed Jan 12 12:42:37 2022 |.|.|. .| .| .. joined Purple team
Wed Jan 12 12:42:44 2022 [Global] |.|.|. .| .| .. (Purple): a
Wed Jan 12 12:42:52 2022 [Global] |.|.|. .| .| .. (Purple): destruieron ose reinicio?
Wed Jan 12 12:43:03 2022 IC-Yuli (Yellow) [Headshot] Mr_Kokos (Purple)
Wed Jan 12 12:43:13 2022 IC-Yuli (Yellow) [Headshot] Harry (Purple)
Wed Jan 12 12:43:25 2022 IC-Yuli (Yellow) [Headshot] |.|.|. .| .| .. (Purple)
Wed Jan 12 12:43:30 2022 [Global] |.|.|. .| .| .. (Purple): hacks
Wed Jan 12 12:43:33 2022 IC-Yuli (Yellow) [Rifle] nelson (Purple)
Wed Jan 12 12:43:37 2022 Disconnecting
