Sat Feb 19 17:12:46 2022 ------ World Loaded ------
Sat Feb 19 17:12:47 2022 Dirty Feeling (Purple) [Headshot] adw (Yellow)
Sat Feb 19 17:12:47 2022 Welcome to RMF Hallway (Anti-Cheat)
Sat Feb 19 17:12:47 2022 Map: HALLWAY V2.0 by CowNorris, Cowie
Sat Feb 19 17:12:49 2022 Game mode: ctf
Sat Feb 19 17:12:49 2022 kpand (Purple) [SMG] wasd (Yellow)
Sat Feb 19 17:12:51 2022 Server powered by FreeBSD
Sat Feb 19 17:12:54 2022 Rizuz (Purple) [Headshot] dandans (Yellow)
Sat Feb 19 17:13:02 2022 catroidvania (Purple) [Headshot] Arthur (Yellow)
Sat Feb 19 17:13:02 2022 Dirty Feeling (Purple) [Headshot] adw (Yellow)
Sat Feb 19 17:13:10 2022 catroidvania (Purple) [Headshot] dandans (Yellow)
Sat Feb 19 17:13:17 2022 PG3D (Purple) [SMG] wasd (Yellow)
Sat Feb 19 17:13:18 2022 Harry (Yellow) [Headshot] kpand (Purple)
Sat Feb 19 17:13:19 2022 catroidvania (Purple) [Headshot] Arthur (Yellow)
Sat Feb 19 17:13:23 2022 Dirty Feeling (Purple) [Headshot] dandans (Yellow)
Sat Feb 19 17:13:31 2022 Arthur (Yellow) [Headshot] catroidvania (Purple)
Sat Feb 19 17:13:37 2022 Arthur (Yellow) [SMG] Mnich (Purple)
Sat Feb 19 17:13:41 2022 Or_Am_1? (Purple) [Grenade]
Sat Feb 19 17:13:45 2022 PG3D (Purple) [SMG] penis (Yellow)
Sat Feb 19 17:13:50 2022 Or_Am_1? (Purple) [Grenade] Disonaurio (Yellow)
Sat Feb 19 17:14:05 2022 kpand (Purple) [Headshot] Harry (Yellow)
Sat Feb 19 17:14:09 2022 Deemoo (Purple) [Rifle] adw (Yellow)
Sat Feb 19 17:14:09 2022 wasd (Yellow) [Headshot] Or_Am_1? (Purple)
Sat Feb 19 17:14:12 2022 Arthur (Yellow) [SMG] Dirty Feeling (Purple)
Sat Feb 19 17:14:15 2022 penis (Yellow) [Grenade]
Sat Feb 19 17:14:20 2022 catroidvania (Purple) [Headshot] wasd (Yellow)
Sat Feb 19 17:14:25 2022 PG3D (Purple) [Grenade]
Sat Feb 19 17:14:29 2022 PauloToide joined Yellow team
Sat Feb 19 17:14:31 2022 wasd (Yellow) [Headshot] MuMu (Purple)
Sat Feb 19 17:14:32 2022 Player PG3D has left
Sat Feb 19 17:14:37 2022 Disonaurio (Yellow) [Headshot] Deemoo (Purple)
Sat Feb 19 17:15:07 2022 wasd (Yellow) [Rifle] kpand (Purple)
Sat Feb 19 17:15:07 2022 adw (Yellow) [Headshot] Deemoo (Purple)
Sat Feb 19 17:15:11 2022 wasd (Yellow) [Headshot] Or_Am_1? (Purple)
Sat Feb 19 17:15:13 2022 catroidvania (Purple) [Headshot] Harry (Yellow)
Sat Feb 19 17:15:14 2022 adw (Yellow) [Headshot] kpand (Purple)
Sat Feb 19 17:15:15 2022 Rizuz (Purple) [Headshot] adw (Yellow)
Sat Feb 19 17:15:19 2022 Cow (Yellow) [Grenade]
Sat Feb 19 17:15:20 2022 Player adw has left
Sat Feb 19 17:15:30 2022 Rizuz (Purple) [Melee] Elias (Yellow)
Sat Feb 19 17:15:31 2022 Arthur (Yellow) [SMG] catroidvania (Purple)
Sat Feb 19 17:15:31 2022 Dirty Feeling (Purple) [Headshot] Harry (Yellow)
Sat Feb 19 17:15:33 2022 Disonaurio (Yellow) [Headshot] Deemoo (Purple)
Sat Feb 19 17:15:40 2022 MuMu (Purple) [SMG] PauloToide (Yellow)
Sat Feb 19 17:15:42 2022 Disonaurio (Yellow) [Grenade]
Sat Feb 19 17:15:44 2022 [Global] Elias (Yellow): hehe
Sat Feb 19 17:15:48 2022 Arthur (Yellow) [SMG] Or_Am_1? (Purple)
Sat Feb 19 17:15:57 2022 [Global] sexgirl (Purple): sex
Sat Feb 19 17:15:59 2022 kpand (Purple) [Grenade] wasd (Yellow)
Sat Feb 19 17:16:02 2022 [Global] catroidvania (Purple): hmmm sex
Sat Feb 19 17:16:08 2022 MuMu (Purple) [SMG] Arthur (Yellow)
Sat Feb 19 17:16:25 2022 MuMu (Purple) [SMG] Arthur (Yellow)
Sat Feb 19 17:16:28 2022 Harry (Yellow) [Headshot] kpand (Purple)
Sat Feb 19 17:16:32 2022 Dirty Feeling (Purple) [Headshot] PauloToide (Yellow)
Sat Feb 19 17:16:34 2022 Player PauloToide has left
Sat Feb 19 17:16:38 2022 J-G joined Purple team
Sat Feb 19 17:16:42 2022 Or_Am_1? (Purple) [Headshot] Elias (Yellow)
Sat Feb 19 17:16:46 2022 Or_Am_1? (Purple) [Grenade] wasd (Yellow)
Sat Feb 19 17:16:53 2022 kpand (Purple) [SMG] penis (Yellow)
Sat Feb 19 17:16:53 2022 kpand (Purple) [SMG] Harry (Yellow)
Sat Feb 19 17:16:54 2022 penis (Yellow) [SMG] Mnich (Purple)
Sat Feb 19 17:16:59 2022 Disconnecting
