Thu Mar  3 12:32:48 2022 ------ World Loaded ------
Thu Mar  3 12:32:49 2022 ZENTSU (Purple) [Headshot] mercur1c (Yellow)
Thu Mar  3 12:32:49 2022 mercur1c (Yellow) [Grenade] lureevar (Purple)
Thu Mar  3 12:32:49 2022 Welcome to RMF Hallway (Anti-Cheat)
Thu Mar  3 12:32:49 2022 Map: HALLWAY V2.0 by CowNorris, Cowie
Thu Mar  3 12:32:49 2022 Player coreveth has left
Thu Mar  3 12:32:49 2022 NORMAN (Yellow) [Headshot] Siedem (Purple)
Thu Mar  3 12:32:51 2022 Siedem (Purple) [Fall]
Thu Mar  3 12:32:51 2022 Game mode: ctf
Thu Mar  3 12:32:51 2022 [Global] goku (Purple): wait what
Thu Mar  3 12:32:51 2022 JVG (Purple) [Headshot] NORMAN (Yellow)
Thu Mar  3 12:32:52 2022 [Global] JimPix (Yellow): yea bye
Thu Mar  3 12:32:53 2022 Player JimPix has left
Thu Mar  3 12:32:53 2022 Server powered by FreeBSD
Thu Mar  3 12:32:57 2022 [Global] Nikis (Purple): bot left
Thu Mar  3 12:33:00 2022 bongo (Yellow) [Headshot] oh no, cringe (Purple)
Thu Mar  3 12:33:00 2022  JVG has a kill-death ratio of 2.59 (119 kills, 46 deaths).
Thu Mar  3 12:33:00 2022  JVG removed 58 blocks in the last 2.0 minutes. Some of them were placed by Mini Monkey.
Thu Mar  3 12:33:00 2022  Last one was destroyed 28 seconds ago, and was part of the map.
Thu Mar  3 12:33:00 2022  NORMAN started a VOTEKICK against JVG. Say /Y to agree
Thu Mar  3 12:33:00 2022  Reason: aimbot
Thu Mar  3 12:33:04 2022 nuts :) joined Purple team
Thu Mar  3 12:33:08 2022 1_deku (Yellow) [Headshot] ZENTSU (Purple)
Thu Mar  3 12:33:09 2022 U3BEPr (Yellow) [Headshot] nuts :) (Purple)
Thu Mar  3 12:33:10 2022 JVG (Purple) [Headshot] NORMAN (Yellow)
Thu Mar  3 12:33:13 2022 Player Mark has left
Thu Mar  3 12:33:15 2022  ZENTSU voted YES
Thu Mar  3 12:33:17 2022 [Global] goku (Purple): military service is compulsory in Russia?
Thu Mar  3 12:33:24 2022 JVG (Purple) [Headshot] NORMAN (Yellow)
Thu Mar  3 12:33:28 2022 [Global] NORMAN (Yellow): stop aimbot
Thu Mar  3 12:33:29 2022 ZENTSU (Purple) [Grenade]
Thu Mar  3 12:33:30 2022 [Global] AmbivalentNPC (Purple): im not sure, goku
Thu Mar  3 12:33:30 2022 Nikis (Purple) [Headshot] mercur1c (Yellow)
Thu Mar  3 12:33:31 2022  NORMAN is votekicking JVG. /Y to vote (11 left)
Thu Mar  3 12:33:31 2022  Reason: aimbot
Thu Mar  3 12:33:31 2022 Awesome Dude (Purple) [Shotgun] Harry (Yellow)
Thu Mar  3 12:33:32 2022 mercur1c (Yellow) [Grenade] lureevar (Purple)
Thu Mar  3 12:33:32 2022 INFEEECT (Yellow) [Headshot] Nikis (Purple)
Thu Mar  3 12:33:36 2022 [Global] goku (Purple): Is military service compulsory in Russia?
Thu Mar  3 12:33:39 2022 NORMAN (Yellow) [Headshot] JVG (Purple)
Thu Mar  3 12:33:39 2022 [Global] ZENTSU (Purple): CHEATS AAAAAAAAAAAAAAA
Thu Mar  3 12:33:44 2022 INFEEECT (Yellow) [Headshot] oh no, cringe (Purple)
Thu Mar  3 12:33:46 2022 Nikis (Purple) [SMG] INFEEECT (Yellow)
Thu Mar  3 12:33:50 2022 dazei (Yellow) [SMG] Awesome Dude (Purple)
Thu Mar  3 12:33:51 2022 [Global] mercur1c (Yellow): yeah I think it's 1 year for every man 18 - 27 
Thu Mar  3 12:33:53 2022 pelao B) joined Yellow team
Thu Mar  3 12:33:53 2022 [Global] goku (Purple): is there some russian guy here?
Thu Mar  3 12:33:54 2022 U3BEPr (Yellow) [Rifle] lureevar (Purple)
Thu Mar  3 12:33:56 2022 synth (Yellow) [Headshot] ZENTSU (Purple)
Thu Mar  3 12:33:57 2022 JVG (Purple) [Grenade] NORMAN (Yellow)
Thu Mar  3 12:34:00 2022  NORMAN is votekicking JVG. /Y to vote (11 left)
Thu Mar  3 12:34:00 2022  Reason: aimbot
Thu Mar  3 12:34:03 2022 bongo picked up Purple's Intel.
Thu Mar  3 12:34:03 2022 Siedem (Purple) [Headshot] Arianpro123xd (Yellow)
Thu Mar  3 12:34:04 2022 bongo dropped Purple's Intel
Thu Mar  3 12:34:04 2022 ZENTSU (Purple) [Headshot] bongo (Yellow)
Thu Mar  3 12:34:04 2022 JVG (Purple) [Headshot] mercur1c (Yellow)
Thu Mar  3 12:34:04 2022 synth picked up Purple's Intel.
Thu Mar  3 12:34:04 2022 synth (Yellow) [Headshot] Schnappi 007 (Purple)
Thu Mar  3 12:34:05 2022 synth dropped Purple's Intel
Thu Mar  3 12:34:05 2022 ZENTSU (Purple) [Headshot] synth (Yellow)
Thu Mar  3 12:34:06 2022 U3BEPr (Yellow) [Rifle] lureevar (Purple)
Thu Mar  3 12:34:09 2022 unusualgame (Purple) [Fall]
Thu Mar  3 12:34:13 2022 [Global] synth (Yellow): moved intel by 0.001 inches
Thu Mar  3 12:34:14 2022  unusualgame voted YES
Thu Mar  3 12:34:15 2022 U3BEPr (Yellow) [Headshot] unusualgame (Purple)
Thu Mar  3 12:34:18 2022 Player nuts :) has left
Thu Mar  3 12:34:22 2022 lureevar (Purple) [Headshot] U3BEPr (Yellow)
Thu Mar  3 12:34:24 2022 [Global] bongo (Yellow): worth it
Thu Mar  3 12:34:25 2022 NORMAN (Yellow) [Grenade] JVG (Purple)
Thu Mar  3 12:34:26 2022 1_deku (Yellow) [Headshot] Schnappi 007 (Purple)
Thu Mar  3 12:34:30 2022  NORMAN is votekicking JVG. /Y to vote (10 left)
Thu Mar  3 12:34:30 2022  Reason: aimbot
Thu Mar  3 12:34:32 2022 [Global] AmbivalentNPC (Purple): synth, it's a start :)
Thu Mar  3 12:34:32 2022 Awesome Dude (Purple) [Shotgun] dazei (Yellow)
Thu Mar  3 12:34:34 2022 Siedem (Purple) [Headshot] synth (Yellow)
Thu Mar  3 12:34:35 2022 Harry (Yellow) [Headshot] Awesome Dude (Purple)
Thu Mar  3 12:34:38 2022 bongo (Yellow) [Headshot] Siedem (Purple)
Thu Mar  3 12:34:38 2022 unusualgame (Purple) [Headshot] bongo (Yellow)
Thu Mar  3 12:34:39 2022 unusualgame (Purple) [Headshot] Arianpro123xd (Yellow)
Thu Mar  3 12:34:42 2022 INFEEECT (Yellow) [Headshot] unusualgame (Purple)
Thu Mar  3 12:34:43 2022 INFEEECT (Yellow) [Headshot] Awesome Dude (Purple)
Thu Mar  3 12:34:44 2022 [Global] bongo (Yellow): putin's dick = 0.0001 inches
Thu Mar  3 12:34:49 2022 LUIS FERFRANGO joined Purple team
Thu Mar  3 12:34:50 2022 Nikis (Purple) [SMG] Nomad (Yellow)
Thu Mar  3 12:34:56 2022 Harry (Yellow) [Headshot] Awesome Dude (Purple)
Thu Mar  3 12:34:57 2022 [Global] goku (Purple): Does that mean that Russian soldiers were forced to go to war and it is not voluntary?
Thu Mar  3 12:35:00 2022 bongo (Yellow) [Grenade] ZENTSU (Purple)
Thu Mar  3 12:35:00 2022  Votekick for JVG has ended. Votekick timed out
Thu Mar  3 12:35:00 2022 Nikis (Purple) [Grenade] mercur1c (Yellow)
Thu Mar  3 12:35:01 2022 1_deku (Yellow) [Headshot] LUIS FERFRANGO (Purple)
Thu Mar  3 12:35:03 2022 [Global] Nikis (Purple): how do you know_ Ñ=
Thu Mar  3 12:35:04 2022 U3BEPr (Yellow) [Headshot] Siedem (Purple)
Thu Mar  3 12:35:05 2022 NORMAN (Yellow) [Headshot] unusualgame (Purple)
Thu Mar  3 12:35:07 2022 [Global] pelao B) (Yellow): ñ
Thu Mar  3 12:35:09 2022 JVG (Purple) [Headshot] INFEEECT (Yellow)
Thu Mar  3 12:35:10 2022 JVG (Purple) [Headshot] U3BEPr (Yellow)
Thu Mar  3 12:35:10 2022 JVG (Purple) [Rifle] Harry (Yellow)
Thu Mar  3 12:35:11 2022 dazei (Yellow) [Headshot] JVG (Purple)
Thu Mar  3 12:35:11 2022 nuts :) joined Purple team
Thu Mar  3 12:35:11 2022 NORMAN (Yellow) [Headshot] goku (Purple)
Thu Mar  3 12:35:14 2022 bongo (Yellow) [Grenade] lureevar (Purple)
Thu Mar  3 12:35:15 2022 Awesome Dude (Purple) [Headshot] dazei (Yellow)
Thu Mar  3 12:35:20 2022 Player nuts :) has left
Thu Mar  3 12:35:21 2022 synth (Yellow) [Headshot] Siedem (Purple)
Thu Mar  3 12:35:23 2022 ZENTSU (Purple) [Headshot] NORMAN (Yellow)
Thu Mar  3 12:35:23 2022 JVG (Purple) [Headshot] bongo (Yellow)
Thu Mar  3 12:35:29 2022 ZENTSU (Purple) [Headshot] pelao B) (Yellow)
Thu Mar  3 12:35:30 2022 ZENTSU (Purple) [Headshot] NORMAN (Yellow)
Thu Mar  3 12:35:31 2022 synth (Yellow) [Headshot] JVG (Purple)
Thu Mar  3 12:35:31 2022 [Global] goku (Purple): bro im pro russia but i hate mandatory military service
Thu Mar  3 12:35:32 2022 [Global] pelao B) (Yellow): hax
Thu Mar  3 12:35:34 2022 [Global] NORMAN (Yellow): wtf??
Thu Mar  3 12:35:34 2022 Siedem (Purple) [Shotgun] synth (Yellow)
Thu Mar  3 12:35:35 2022 wender joined Yellow team
Thu Mar  3 12:35:36 2022 Nikis (Purple) [Headshot] Nomad (Yellow)
Thu Mar  3 12:35:36 2022 ZENTSU (Purple) [Headshot] U3BEPr (Yellow)
Thu Mar  3 12:35:40 2022 INFEEECT (Yellow) [Headshot] ZENTSU (Purple)
Thu Mar  3 12:35:41 2022 oh no, cringe (Purple) [SMG] pelao B) (Yellow)
Thu Mar  3 12:35:42 2022 mercur1c (Yellow) [Headshot] Nikis (Purple)
Thu Mar  3 12:35:44 2022 oh no, cringe (Purple) [Headshot] mercur1c (Yellow)
Thu Mar  3 12:35:46 2022 1_deku (Yellow) [Headshot] unusualgame (Purple)
Thu Mar  3 12:35:52 2022 lureevar (Purple) [Headshot] Arianpro123xd (Yellow)
Thu Mar  3 12:35:58 2022 JVG (Purple) [Headshot] NORMAN (Yellow)
Thu Mar  3 12:35:58 2022 Awesome Dude (Purple) [Shotgun] Harry (Yellow)
Thu Mar  3 12:36:03 2022 [Global] AmbivalentNPC (Purple): goku. more or less that there are those that were told they are volunteering... or go to jail.
Thu Mar  3 12:36:05 2022 block_enjoyer joined Purple team
Thu Mar  3 12:36:06 2022 ZENTSU (Purple) [Headshot] U3BEPr (Yellow)
Thu Mar  3 12:36:07 2022 INFEEECT (Yellow) [Headshot] lureevar (Purple)
Thu Mar  3 12:36:08 2022 Siedem (Purple) [Shotgun] synth (Yellow)
Thu Mar  3 12:36:10 2022 1_deku (Yellow) [Headshot] Schnappi 007 (Purple)
Thu Mar  3 12:36:10 2022 NORMAN (Yellow) [Headshot] JVG (Purple)
Thu Mar  3 12:36:12 2022 1_deku (Yellow) [Headshot] LUIS FERFRANGO (Purple)
Thu Mar  3 12:36:12 2022 INFEEECT (Yellow) [Headshot] Awesome Dude (Purple)
Thu Mar  3 12:36:14 2022 ZENTSU (Purple) [Headshot] INFEEECT (Yellow)
Thu Mar  3 12:36:17 2022 synth (Yellow) [Grenade] unusualgame (Purple)
Thu Mar  3 12:36:18 2022 nuts :) joined Purple team
Thu Mar  3 12:36:19 2022 ZENTSU (Purple) [Headshot] pelao B) (Yellow)
Thu Mar  3 12:36:19 2022 Harry (Yellow) [Headshot] ZENTSU (Purple)
Thu Mar  3 12:36:22 2022 Nikis (Purple) [Grenade] mercur1c (Yellow)
Thu Mar  3 12:36:24 2022 mercur1c (Yellow) [Grenade] Nikis (Purple)
Thu Mar  3 12:36:24 2022 mercur1c (Yellow) [Grenade] oh no, cringe (Purple)
Thu Mar  3 12:36:26 2022 Siedem (Purple) [Headshot] dazei (Yellow)
Thu Mar  3 12:36:34 2022 U3BEPr (Yellow) [Headshot] nuts :) (Purple)
Thu Mar  3 12:36:36 2022 block_enjoyer (Purple) [SMG] Harry (Yellow)
Thu Mar  3 12:36:38 2022 o homem sexo joined Yellow team
Thu Mar  3 12:36:39 2022 1_deku (Yellow) [Headshot] unusualgame (Purple)
Thu Mar  3 12:36:41 2022 ZENTSU (Purple) [Headshot] bongo (Yellow)
Thu Mar  3 12:36:43 2022 1_deku (Yellow) [Headshot] LUIS FERFRANGO (Purple)
Thu Mar  3 12:36:45 2022 bongo (Yellow) [Grenade] ZENTSU (Purple)
Thu Mar  3 12:36:46 2022 lureevar (Purple) [Headshot] INFEEECT (Yellow)
Thu Mar  3 12:36:48 2022 U3BEPr (Yellow) [Headshot] nuts :) (Purple)
Thu Mar  3 12:36:48 2022 [Global] bongo (Yellow): ded
Thu Mar  3 12:36:50 2022 [Global] goku (Purple): whatever It is more important to kill Nazis than to deny military service.
Thu Mar  3 12:36:51 2022 JVG (Purple) [Headshot] NORMAN (Yellow)
Thu Mar  3 12:36:51 2022 lureevar (Purple) [Headshot] U3BEPr (Yellow)
Thu Mar  3 12:36:57 2022 Siedem (Purple) [Shotgun] Harry (Yellow)
Thu Mar  3 12:36:58 2022 Player block_enjoyer has left
Thu Mar  3 12:36:59 2022 ZENTSU (Purple) [Headshot] pelao B) (Yellow)
Thu Mar  3 12:37:06 2022 1_deku (Yellow) [Headshot] LUIS FERFRANGO (Purple)
Thu Mar  3 12:37:07 2022 [Global] Nikis (Purple): +
Thu Mar  3 12:37:09 2022 ZENTSU (Purple) [Headshot] Harry (Yellow)
Thu Mar  3 12:37:10 2022 ZENTSU (Purple) [Headshot] INFEEECT (Yellow)
Thu Mar  3 12:37:11 2022 unusualgame (Purple) [Headshot] synth (Yellow)
Thu Mar  3 12:37:13 2022 JVG (Purple) [Headshot] NORMAN (Yellow)
Thu Mar  3 12:37:13 2022 lureevar (Purple) [Headshot] dazei (Yellow)
Thu Mar  3 12:37:14 2022 U3BEPr (Yellow) [Rifle] lureevar (Purple)
Thu Mar  3 12:37:16 2022 Mark joined Spectator team
Thu Mar  3 12:37:16 2022 wender (Yellow) [Headshot] ZENTSU (Purple)
Thu Mar  3 12:37:16 2022 pelao B) (Yellow) [Headshot] Siedem (Purple)
Thu Mar  3 12:37:25 2022 unusualgame (Purple) [Headshot] U3BEPr (Yellow)
Thu Mar  3 12:37:27 2022 wender (Yellow) [Headshot] nuts :) (Purple)
Thu Mar  3 12:37:29 2022 ZENTSU (Purple) [Headshot] o homem sexo (Yellow)
Thu Mar  3 12:37:31 2022 [Global] goku (Purple): if russian soldiers did not exist today ukrainian nazism would take all of europe and russia
Thu Mar  3 12:37:31 2022 1_deku (Yellow) [Headshot] LUIS FERFRANGO (Purple)
Thu Mar  3 12:37:35 2022 INFEEECT (Yellow) [Headshot] unusualgame (Purple)
Thu Mar  3 12:37:36 2022 nuts :) joined Yellow team
Thu Mar  3 12:37:37 2022 ZENTSU (Purple) [SMG] INFEEECT (Yellow)
Thu Mar  3 12:37:39 2022 mercur1c (Yellow) [Grenade] Siedem (Purple)
Thu Mar  3 12:37:42 2022 ZENTSU (Purple) [Headshot] Harry (Yellow)
Thu Mar  3 12:37:43 2022 [Global] synth (Yellow): totally.
Thu Mar  3 12:37:48 2022 Disconnecting
