Tue Jan 25 17:46:19 2022 ------ World Loaded ------
Tue Jan 25 17:46:19 2022 Floxindy (Blue) [Weapon Change]
Tue Jan 25 17:46:19 2022 resner00 (Blue) [SMG] elbarto777 (Green)
Tue Jan 25 17:46:19 2022 BLACK2003 (Blue) [Headshot] hector (Green)
Tue Jan 25 17:46:19 2022 edgamer joined Blue team
Tue Jan 25 17:46:19 2022 Bem-vindo ao [Brazil] AoS HALLWAY
Tue Jan 25 17:46:19 2022 [Global] rootkit (Green): al prinicpio
Tue Jan 25 17:46:20 2022 Mapa: Hallway By: izzy
Tue Jan 25 17:46:20 2022 BLACK2003 (Blue) [Rifle] El pepe x ete s (Green)
Tue Jan 25 17:46:22 2022 Modo de Jogo: ctf
Tue Jan 25 17:46:24 2022 Servidor mantido por Dias IT Services and AoS Brasil Team
Tue Jan 25 17:46:26 2022 [Global] __ (Green): no agarra aqui
Tue Jan 25 17:46:26 2022 GPZ (Blue) [Shotgun] __ (Green)
Tue Jan 25 17:46:29 2022 Harry (Green) [Headshot] resner00 (Blue)
Tue Jan 25 17:46:30 2022 Gubbs (Green) [Rifle] Leopardo1324 (Blue)
Tue Jan 25 17:46:31 2022 [Global] rootkit (Green): alv pinshi server
Tue Jan 25 17:46:31 2022 Mom joined Blue team
Tue Jan 25 17:46:35 2022 sexo (Blue) [Headshot] Gubbs (Green)
Tue Jan 25 17:46:41 2022 resner00 (Blue) [SMG] ITACHI| (Blue)
Tue Jan 25 17:46:43 2022 elbarto777 (Green) [Grenade]
Tue Jan 25 17:46:43 2022 BLACK2003 (Blue) [Rifle] BRLusaes (Green)
Tue Jan 25 17:46:45 2022 BLACK2003 (Blue) [Headshot] Un Dead (Green)
Tue Jan 25 17:46:45 2022 __ (Green) [Headshot] HAHAAHAAAA (Blue)
Tue Jan 25 17:46:46 2022 [Global] R Y U K  ='- (Green): quien habla español?
Tue Jan 25 17:46:50 2022 GPZ (Blue) [Headshot] El pepe x ete s (Green)
Tue Jan 25 17:46:51 2022 [Global] rootkit (Green): todos alv
Tue Jan 25 17:46:52 2022 [Global] pippe (Blue): YO
Tue Jan 25 17:46:53 2022 [Global] hector (Green): yo
Tue Jan 25 17:46:54 2022 [Global] sexo (Blue): yo
Tue Jan 25 17:46:54 2022 GPZ (Blue) [Shotgun] rootkit (Green)
Tue Jan 25 17:46:54 2022 [Global] ITACHI| (Blue): tdos
Tue Jan 25 17:46:55 2022 [Team] El pepe x ete s (Green): todos xd
Tue Jan 25 17:46:55 2022 R Y U K  ='- (Green) [Headshot] EE (Blue)
Tue Jan 25 17:46:56 2022 [Global] elbarto777 (Green): yo
Tue Jan 25 17:46:56 2022 [Global] Leopardo1324 (Blue): YO
Tue Jan 25 17:46:57 2022 Harry (Green) [Headshot] GPZ (Blue)
Tue Jan 25 17:46:57 2022 rootkit (Green) [Grenade] edgamer (Blue)
Tue Jan 25 17:46:58 2022 Ax (Green) [SMG] sexo (Blue)
Tue Jan 25 17:47:01 2022 [Global] R Y U K  ='- (Green): alv
Tue Jan 25 17:47:02 2022 resner00 (Blue) [Headshot] Harry (Green)
Tue Jan 25 17:47:03 2022 beppo (Green) [Headshot] BLACK2003 (Blue)
Tue Jan 25 17:47:04 2022 ITACHI| (Blue) [Weapon Change]
Tue Jan 25 17:47:06 2022 [Team] __ (Green): defiendan la maleta
Tue Jan 25 17:47:07 2022 elbarto777 (Green) [Headshot] resner00 (Blue)
Tue Jan 25 17:47:09 2022 [Global] EE (Blue): i speak aleman
Tue Jan 25 17:47:10 2022 Player resner00 has left
Tue Jan 25 17:47:13 2022 ITACHI| (Blue) [Headshot] Mom (Blue)
Tue Jan 25 17:47:13 2022 R Y U K  ='- (Green) [Headshot] HAHAAHAAAA (Blue)
Tue Jan 25 17:47:17 2022 Ax (Green) [Headshot] GPZ (Blue)
Tue Jan 25 17:47:17 2022 [Team] __ (Green): me encargare de traer la maleta enemiga
Tue Jan 25 17:47:17 2022 Leopardo1324 (Blue) [Headshot] Ax (Green)
Tue Jan 25 17:47:22 2022 R Y U K  ='- (Green) [Headshot] Leopardo1324 (Blue)
Tue Jan 25 17:47:22 2022 Gubbs (Green) [Headshot] Floxindy (Blue)
Tue Jan 25 17:47:22 2022 DOOGUER (Green) [SMG] edgamer (Blue)
Tue Jan 25 17:47:29 2022 Un Dead (Green) [Rifle] pippe (Blue)
Tue Jan 25 17:47:32 2022 ITACHI| (Blue) [Headshot] EE (Blue)
Tue Jan 25 17:47:39 2022 Harry (Green) [Headshot] BLACK2003 (Blue)
Tue Jan 25 17:47:40 2022 Elder joined Green team
Tue Jan 25 17:47:42 2022 HAHAAHAAAA (Blue) [Headshot] R Y U K  ='- (Green)
Tue Jan 25 17:47:42 2022 EE (Blue) [Headshot] Mom (Blue)
Tue Jan 25 17:47:44 2022 __ (Green) [Headshot] GPZ (Blue)
Tue Jan 25 17:47:47 2022 __ (Green) [Headshot] Floxindy (Blue)
Tue Jan 25 17:47:48 2022 [Global] Elder (Green): babel ta vazio :(((
Tue Jan 25 17:47:48 2022 [SERVER]  Mom started a VOTEKICK against sexo. Say /Y to agree
Tue Jan 25 17:47:48 2022 [SERVER]  Reason: ?
Tue Jan 25 17:47:49 2022 Floxindy (Blue) [Weapon Change]
Tue Jan 25 17:47:49 2022 BLACK2003 (Blue) [Headshot] El pepe x ete s (Green)
Tue Jan 25 17:47:49 2022 HAHAAHAAAA (Blue) [Headshot] rootkit (Green)
Tue Jan 25 17:47:50 2022 HAHAAHAAAA (Blue) [Headshot] Harry (Green)
Tue Jan 25 17:47:51 2022 elbarto777 (Green) [Headshot] sexo (Blue)
Tue Jan 25 17:47:52 2022 __ (Green) [Headshot] HAHAAHAAAA (Blue)
Tue Jan 25 17:47:53 2022 nekibata (Blue) [Headshot] R Y U K  ='- (Green)
Tue Jan 25 17:47:54 2022 [Global] EE (Blue): sexo
Tue Jan 25 17:47:56 2022 [Global] rootkit (Green): sexoooo
Tue Jan 25 17:47:57 2022 hse (Green) [Headshot] Leopardo1324 (Blue)
Tue Jan 25 17:47:58 2022 That one pootis (Blue) [Headshot] R Y U K  ='- (Green)
Tue Jan 25 17:47:59 2022 [Global] R Y U K  ='- (Green): quien para ser compas?
Tue Jan 25 17:48:00 2022 [Global] sexo (Blue): sexoooooooooooooo
Tue Jan 25 17:48:01 2022 That one pootis (Blue) [Headshot] Harry (Green)
Tue Jan 25 17:48:06 2022 __ (Green) [Headshot] Floxindy (Blue)
Tue Jan 25 17:48:06 2022 BLACK2003 (Blue) [Headshot] Un Dead (Green)
Tue Jan 25 17:48:07 2022 [Global] Elder (Green): NOW ITS MY TIME 
Tue Jan 25 17:48:07 2022 sexo (Blue) [Rifle] elbarto777 (Green)
Tue Jan 25 17:48:07 2022 [Global] rootkit (Green): con menores de edad
Tue Jan 25 17:48:08 2022 EE (Blue) [Headshot] hse (Green)
Tue Jan 25 17:48:13 2022 GPZ (Blue) [Headshot] __ (Green)
Tue Jan 25 17:48:14 2022 [Global] Elder (Green): 50ms OF PING
Tue Jan 25 17:48:16 2022 That one pootis (Blue) [Rifle] elbarto777 (Green)
Tue Jan 25 17:48:18 2022 EE (Blue) [Headshot] R Y U K  ='- (Green)
Tue Jan 25 17:48:18 2022 [SERVER]  Mom is votekicking sexo. /Y to vote (12 left)
Tue Jan 25 17:48:18 2022 [SERVER]  Reason: ?
Tue Jan 25 17:48:21 2022 EE (Blue) [Headshot] rootkit (Green)
Tue Jan 25 17:48:22 2022 obiitolkl joined Blue team
Tue Jan 25 17:48:23 2022 beppo (Green) [Headshot] pippe (Blue)
Tue Jan 25 17:48:24 2022 [SERVER]  Harry voted YES
Tue Jan 25 17:48:25 2022 HAHAAHAAAA (Blue) [Headshot] BRLusaes (Green)
Tue Jan 25 17:48:25 2022 [Global] R Y U K  ='- (Green): quien para ser compaaas
Tue Jan 25 17:48:25 2022 SebasDre25 (Green) [Fall]
Tue Jan 25 17:48:26 2022 beppo (Green) [Headshot] HAHAAHAAAA (Blue)
Tue Jan 25 17:48:26 2022 BLACK2003 (Blue) [Headshot] beppo (Green)
Tue Jan 25 17:48:26 2022 hse (Green) [Headshot] EE (Blue)
Tue Jan 25 17:48:27 2022 nekibata (Blue) [Rifle] __ (Green)
Tue Jan 25 17:48:27 2022 Elder (Green) [Headshot] GPZ (Blue)
Tue Jan 25 17:48:30 2022 [Global] EE (Blue): no vayas
Tue Jan 25 17:48:32 2022 __ (Green) [Headshot] nekibata (Blue)
Tue Jan 25 17:48:33 2022 Leopardo1324 (Blue) [Grenade] hse (Green)
Tue Jan 25 17:48:33 2022 [Global] rootkit (Green): solo si eres menor de edad
Tue Jan 25 17:48:35 2022 [Global] obiitolkl (Blue): tem squad n o?
Tue Jan 25 17:48:35 2022 [Global] hector (Green): mal pensadoo
Tue Jan 25 17:48:37 2022 [Global] El pepe x ete s (Green): cuando vas ten
Tue Jan 25 17:48:37 2022 Leopardo1324 (Blue) [Headshot] Elder (Green)
Tue Jan 25 17:48:38 2022 Harry (Green) [Headshot] Leopardo1324 (Blue)
Tue Jan 25 17:48:39 2022 __ (Green) [Rifle] That one pootis (Blue)
Tue Jan 25 17:48:42 2022 [Global] EE (Blue): bro?
Tue Jan 25 17:48:45 2022 Gubbs (Green) [Rifle] That one pootis (Blue)
Tue Jan 25 17:48:46 2022 [Global] obiitolkl (Blue): sim
Tue Jan 25 17:48:47 2022 nekibata (Blue) [Rifle] Gubbs (Green)
Tue Jan 25 17:48:47 2022 [Global] R Y U K  ='- (Green): alv
Tue Jan 25 17:48:48 2022 rootkit (Green) [Shotgun] pippe (Blue)
Tue Jan 25 17:48:48 2022 [SERVER]  Mom is votekicking sexo. /Y to vote (11 left)
Tue Jan 25 17:48:48 2022 [SERVER]  Reason: ?
Tue Jan 25 17:48:51 2022 El pepe x ete s (Green) [Headshot] EE (Blue)
Tue Jan 25 17:48:51 2022 HAHAAHAAAA (Blue) [Headshot] BRLusaes (Green)
Tue Jan 25 17:48:53 2022 elbarto777 (Green) [Rifle] HAHAAHAAAA (Blue)
Tue Jan 25 17:48:53 2022 El pepe x ete s (Green) [Headshot] GPZ (Blue)
Tue Jan 25 17:48:56 2022 obiitolkl (Blue) [Headshot] Un Dead (Green)
Tue Jan 25 17:48:56 2022 obiitolkl (Blue) [Headshot] elbarto777 (Green)
Tue Jan 25 17:48:58 2022 [Global] El pepe x ete s (Green): jejeja
Tue Jan 25 17:49:00 2022 SebasDre25 (Green) [Headshot] obiitolkl (Blue)
Tue Jan 25 17:49:01 2022 [Global] R Y U K  ='- (Green): cual es su edad?
Tue Jan 25 17:49:02 2022 hse (Green) [Headshot] BLACK2003 (Blue)
Tue Jan 25 17:49:03 2022 Harry (Green) [Headshot] ITACHI| (Blue)
Tue Jan 25 17:49:05 2022 [Global] El pepe x ete s (Green): 89
Tue Jan 25 17:49:08 2022 __ (Green) [Grenade]
Tue Jan 25 17:49:09 2022 [Global] sexo (Blue): sexoooooooooooooo
Tue Jan 25 17:49:11 2022 [Global] El pepe x ete s (Green): 69
Tue Jan 25 17:49:11 2022 Harry (Green) [Headshot] GPZ (Blue)
Tue Jan 25 17:49:12 2022 Harry (Green) [Headshot] EE (Blue)
Tue Jan 25 17:49:14 2022 [Global] obiitolkl (Blue): ping em 334
Tue Jan 25 17:49:14 2022 Harry (Green) [Headshot] Leopardo1324 (Blue)
Tue Jan 25 17:49:16 2022 SebasDre25 (Green) [Rifle] pippe (Blue)
Tue Jan 25 17:49:16 2022 [Global] obiitolkl (Blue): ping em 33
Tue Jan 25 17:49:17 2022 edgamer (Blue) [SMG] elbarto777 (Green)
Tue Jan 25 17:49:18 2022 pippe (Blue) [Grenade] rootkit (Green)
Tue Jan 25 17:49:18 2022 nekibata (Blue) [Rifle] Harry (Green)
Tue Jan 25 17:49:18 2022 [SERVER]  Mom is votekicking sexo. /Y to vote (11 left)
Tue Jan 25 17:49:18 2022 [SERVER]  Reason: ?
Tue Jan 25 17:49:19 2022 [Global] elbarto777 (Green): la misma de hitlre
Tue Jan 25 17:49:22 2022 nekibata (Blue) [Headshot] El pepe x ete s (Green)
Tue Jan 25 17:49:23 2022 Leopardo1324 (Blue) [Headshot] hse (Green)
Tue Jan 25 17:49:23 2022 [Global] rootkit (Green): sexoooo
Tue Jan 25 17:49:24 2022 nekibata (Blue) [Headshot] Elder (Green)
Tue Jan 25 17:49:25 2022 obiitolkl (Blue) [Melee] DOOGUER (Green)
Tue Jan 25 17:49:25 2022 __ (Green) [Melee] Novi4ok73 (Blue)
Tue Jan 25 17:49:26 2022 Ax (Green) [Headshot] nekibata (Blue)
Tue Jan 25 17:49:26 2022 [Global] rootkit (Green): con niñas de 12
Tue Jan 25 17:49:29 2022 [Global] R Y U K  ='- (Green): disculpe joven
Tue Jan 25 17:49:32 2022 pippe (Blue) [SMG] SebasDre25 (Green)
Tue Jan 25 17:49:33 2022 [Global] Un Dead (Green): sexoo
Tue Jan 25 17:49:33 2022 [Global] sexo (Blue): mom te vio
Tue Jan 25 17:49:34 2022 R Y U K  ='- (Green) [Headshot] GPZ (Blue)
Tue Jan 25 17:49:34 2022 [Global] EE (Blue): bro?
Tue Jan 25 17:49:36 2022 [Global] sexo (Blue): te van BAN
Tue Jan 25 17:49:38 2022 edgamer (Blue) [Grenade] __ (Green)
Tue Jan 25 17:49:39 2022 [Global] R Y U K  ='- (Green): soi macho pa
Tue Jan 25 17:49:42 2022 Ax (Green) [Fall]
Tue Jan 25 17:49:42 2022 [Global] hector (Green): yyo 
Tue Jan 25 17:49:43 2022 BLACK2003 (Blue) [Rifle] rootkit (Green)
Tue Jan 25 17:49:46 2022 pippe (Blue) [Headshot] BRLusaes (Green)
Tue Jan 25 17:49:47 2022 [Global] rootkit (Green): sexoooooooo
Tue Jan 25 17:49:48 2022 [Global] Mom (Blue): el sexo es idiota
Tue Jan 25 17:49:48 2022 elbarto777 (Green) [Headshot] BLACK2003 (Blue)
Tue Jan 25 17:49:48 2022 [SERVER]  Mom is votekicking sexo. /Y to vote (11 left)
Tue Jan 25 17:49:48 2022 [SERVER]  Reason: ?
Tue Jan 25 17:49:48 2022 [SERVER]  Votekick for sexo has ended. Votekick timed out
Tue Jan 25 17:49:49 2022 Leopardo1324 (Blue) [Headshot] DOOGUER (Green)
Tue Jan 25 17:49:49 2022 [Global] Un Dead (Green): barto vamos por esas perra
Tue Jan 25 17:49:49 2022 Leopardo1324 (Blue) [Headshot] elbarto777 (Green)
Tue Jan 25 17:49:50 2022 Harry (Green) [Headshot] GPZ (Blue)
Tue Jan 25 17:49:50 2022 [Global] rootkit (Green): seeeesoo
Tue Jan 25 17:49:50 2022 [Global] hector (Green): hm
Tue Jan 25 17:49:51 2022 Leopardo1324 (Blue) [Headshot] Un Dead (Green)
Tue Jan 25 17:49:52 2022 [SERVER]  sexo started a VOTEKICK against Mom. Say /Y to agree
Tue Jan 25 17:49:52 2022 [SERVER]  Reason: hackergrfer
Tue Jan 25 17:49:52 2022 beppo (Green) [Headshot] Leopardo1324 (Blue)
Tue Jan 25 17:49:52 2022 obiitolkl (Blue) [Headshot] beppo (Green)
Tue Jan 25 17:49:53 2022 Harry (Green) [Headshot] Floxindy (Blue)
Tue Jan 25 17:49:54 2022 [Global] EE (Blue): no sabía que había fans de cuities
Tue Jan 25 17:49:54 2022 [Global] sexo (Blue): all /y
Tue Jan 25 17:49:55 2022 Leopardo1324 (Blue) [Weapon Change]
Tue Jan 25 17:49:58 2022 That one pootis (Blue) [Headshot] hse (Green)
Tue Jan 25 17:50:00 2022 EE (Blue) [Headshot] Harry (Green)
Tue Jan 25 17:50:01 2022 [SERVER]  Leopardo1324 voted YES
Tue Jan 25 17:50:03 2022 SebasDre25 (Green) [Headshot] obiitolkl (Blue)
Tue Jan 25 17:50:03 2022 Gubbs (Green) [Grenade] GPZ (Blue)
Tue Jan 25 17:50:04 2022 HAHAAHAAAA (Blue) [SMG] Mom (Blue)
Tue Jan 25 17:50:05 2022 [Global] Elder (Green): when does the game ends?
Tue Jan 25 17:50:06 2022 rootkit (Green) [Shotgun] pippe (Blue)
Tue Jan 25 17:50:06 2022 obiitolkl (Blue) [Weapon Change]
Tue Jan 25 17:50:08 2022 pippe (Blue) [Grenade] rootkit (Green)
Tue Jan 25 17:50:10 2022 [Global] Mom (Blue): el sexo es idiota
Tue Jan 25 17:50:11 2022 __ (Green) [Headshot] edgamer (Blue)
Tue Jan 25 17:50:11 2022 Gubbs (Green) [Rifle] Floxindy (Blue)
Tue Jan 25 17:50:11 2022 Novi4ok73 (Blue) [Headshot] hector (Green)
Tue Jan 25 17:50:14 2022 [Global] hector (Green): 16
Tue Jan 25 17:50:17 2022 [Global] R Y U K  ='- (Green): Mom es fan de kunno
Tue Jan 25 17:50:17 2022 Elder (Green) [SMG] EE (Blue)
Tue Jan 25 17:50:19 2022 SebasDre25 (Green) [Headshot] HAHAAHAAAA (Blue)
Tue Jan 25 17:50:19 2022 [Global] sexo (Blue): okXD
Tue Jan 25 17:50:19 2022 Leopardo1324 (Blue) [Headshot] SebasDre25 (Green)
Tue Jan 25 17:50:20 2022 That one pootis (Blue) [Headshot] hse (Green)
Tue Jan 25 17:50:22 2022 [SERVER]  sexo is votekicking Mom. /Y to vote (11 left)
Tue Jan 25 17:50:22 2022 [SERVER]  Reason: hackergrfer
Tue Jan 25 17:50:23 2022 Elder (Green) [Headshot] That one pootis (Blue)
Tue Jan 25 17:50:24 2022 Player Floxindy has left
Tue Jan 25 17:50:25 2022 HAHAAHAAAA (Blue) [Weapon Change]
Tue Jan 25 17:50:27 2022 BLACK2003 (Blue) [Headshot] DOOGUER (Green)
Tue Jan 25 17:50:28 2022 Novi4ok73 (Blue) [SMG] R Y U K  ='- (Green)
Tue Jan 25 17:50:31 2022 [SERVER]  Visite nosso Site: https://diasitservices.com.br/
Tue Jan 25 17:50:31 2022 elbarto777 (Green) [Headshot] Leopardo1324 (Blue)
Tue Jan 25 17:50:33 2022 elbarto777 (Green) [Headshot] pippe (Blue)
Tue Jan 25 17:50:34 2022 BLACK2003 (Blue) [Headshot] elbarto777 (Green)
Tue Jan 25 17:50:34 2022 Player hse has left
Tue Jan 25 17:50:35 2022 [Global] sexo (Blue): all /y
Tue Jan 25 17:50:36 2022 Harry (Green) [Headshot] GPZ (Blue)
Tue Jan 25 17:50:37 2022 Elder (Green) [SMG] edgamer (Blue)
Tue Jan 25 17:50:37 2022 Gubbs (Green) [Headshot] Mom (Blue)
Tue Jan 25 17:50:40 2022 Gubbs (Green) [Headshot] GPZ (Blue)
Tue Jan 25 17:50:41 2022 That one pootis (Blue) [Weapon Change]
Tue Jan 25 17:50:45 2022 Elder (Green) [Headshot] EE (Blue)
Tue Jan 25 17:50:45 2022 Elder (Green) [Headshot] nekibata (Blue)
Tue Jan 25 17:50:47 2022 __ (Green) [Headshot] ITACHI| (Blue)
Tue Jan 25 17:50:47 2022 nelson joined Blue team
Tue Jan 25 17:50:49 2022 sexo (Blue) [Grenade] El pepe x ete s (Green)
Tue Jan 25 17:50:49 2022 sexo (Blue) [Grenade] Elder (Green)
Tue Jan 25 17:50:50 2022 nekibata (Blue) [Weapon Change]
Tue Jan 25 17:50:51 2022 Leopardo1324 (Blue) [SMG] DOOGUER (Green)
Tue Jan 25 17:50:52 2022 [SERVER]  sexo is votekicking Mom. /Y to vote (11 left)
Tue Jan 25 17:50:52 2022 [SERVER]  Reason: hackergrfer
Tue Jan 25 17:50:53 2022 Leopardo1324 (Blue) [Headshot] SebasDre25 (Green)
Tue Jan 25 17:50:54 2022 Leopardo1324 (Blue) [Headshot] elbarto777 (Green)
Tue Jan 25 17:50:55 2022 Player DOOGUER has left
Tue Jan 25 17:50:57 2022 [Global] sexo (Blue): all /y
Tue Jan 25 17:50:57 2022 obiitolkl (Blue) [Shotgun] hector (Green)
Tue Jan 25 17:51:00 2022 HAHAAHAAAA (Blue) [Headshot] Un Dead (Green)
Tue Jan 25 17:51:00 2022 Leopardo1324 (Blue) [SMG] BRLusaes (Green)
Tue Jan 25 17:51:00 2022 Harry (Green) [Headshot] edgamer (Blue)
Tue Jan 25 17:51:01 2022 [Global] Mom (Blue): jajaja
Tue Jan 25 17:51:01 2022 Leopardo1324 (Blue) [Headshot] beppo (Green)
Tue Jan 25 17:51:02 2022 Harry (Green) [Headshot] ITACHI| (Blue)
Tue Jan 25 17:51:02 2022 [Global] sexo (Blue): all /y PLS
Tue Jan 25 17:51:03 2022 __ (Green) [SMG] obiitolkl (Blue)
Tue Jan 25 17:51:04 2022 Gubbs (Green) [Headshot] GPZ (Blue)
Tue Jan 25 17:51:08 2022 Leopardo1324 (Blue) [Headshot] rootkit (Green)
Tue Jan 25 17:51:09 2022 elbarto777 (Green) [Headshot] Leopardo1324 (Blue)
Tue Jan 25 17:51:10 2022 obiitolkl (Blue) [Weapon Change]
Tue Jan 25 17:51:10 2022 [Global] Mom (Blue): jajajaja
Tue Jan 25 17:51:11 2022 [SERVER]  El pepe x ete s voted YES
Tue Jan 25 17:51:13 2022 Elder (Green) [Headshot] nelson (Blue)
Tue Jan 25 17:51:14 2022 [SERVER]  BRLusaes voted YES
Tue Jan 25 17:51:16 2022 Harry (Green) [Headshot] EE (Blue)
Tue Jan 25 17:51:16 2022 [SERVER]  elbarto777 voted YES
Tue Jan 25 17:51:17 2022 Gubbs (Green) [Fall]
Tue Jan 25 17:51:17 2022 [Global] sexo (Blue): mon is nigger :c is peruano
Tue Jan 25 17:51:18 2022 ITACHI| (Blue) [Headshot] Ax (Green)
Tue Jan 25 17:51:21 2022 __ (Green) [SMG] ITACHI| (Blue)
Tue Jan 25 17:51:22 2022 [SERVER]  sexo is votekicking Mom. /Y to vote (7 left)
Tue Jan 25 17:51:22 2022 [SERVER]  Reason: hackergrfer
Tue Jan 25 17:51:24 2022 [Global] hector (Green): como me  mato
Tue Jan 25 17:51:24 2022 R Y U K  ='- (Green) [SMG] sexo (Blue)
Tue Jan 25 17:51:26 2022 beppo (Green) [Headshot] BLACK2003 (Blue)
Tue Jan 25 17:51:27 2022 [Global] Mom (Blue): sexo puta XD
Tue Jan 25 17:51:28 2022 Leopardo1324 (Blue) [Headshot] elbarto777 (Green)
Tue Jan 25 17:51:29 2022 [Global] sexo (Blue): all /y pls
Tue Jan 25 17:51:29 2022 nelson (Blue) [Headshot] __ (Green)
Tue Jan 25 17:51:30 2022 Un Dead (Green) [Headshot] pippe (Blue)
Tue Jan 25 17:51:31 2022 beppo (Green) [Headshot] Leopardo1324 (Blue)
Tue Jan 25 17:51:33 2022 beppo (Green) [Headshot] HAHAAHAAAA (Blue)
Tue Jan 25 17:51:34 2022 Gubbs (Green) [Grenade]
Tue Jan 25 17:51:38 2022 Elder (Green) [SMG] GPZ (Blue)
Tue Jan 25 17:51:39 2022 __ (Green) [Headshot] Novi4ok73 (Blue)
Tue Jan 25 17:51:39 2022 Elder (Green) [SMG] nelson (Blue)
Tue Jan 25 17:51:40 2022 Elder (Green) [Headshot] ITACHI| (Blue)
Tue Jan 25 17:51:40 2022 [Global] sexo (Blue): mon is peruano all /y pls
Tue Jan 25 17:51:44 2022 Elder (Green) [Headshot] EE (Blue)
Tue Jan 25 17:51:45 2022 EE (Blue) [Grenade] Elder (Green)
Tue Jan 25 17:51:48 2022 [Global] EE (Blue): jijijija
Tue Jan 25 17:51:50 2022 pippe (Blue) [Headshot] rootkit (Green)
Tue Jan 25 17:51:51 2022 [Global] Mom (Blue): jajajaja
Tue Jan 25 17:51:52 2022 [SERVER]  Votekick for Mom has ended. Votekick timed out
Tue Jan 25 17:51:52 2022 [Global] Elder (Green): stfu
Tue Jan 25 17:51:55 2022 Harry (Green) [Rifle] GPZ (Blue)
Tue Jan 25 17:51:56 2022 Player sexo has left
Tue Jan 25 17:52:00 2022 __ (Green) [SMG] nekibata (Blue)
Tue Jan 25 17:52:01 2022 Leopardo1324 (Blue) [Headshot] hector (Green)
Tue Jan 25 17:52:02 2022 __ (Green) [SMG] That one pootis (Blue)
Tue Jan 25 17:52:03 2022 El pepe x ete s (Green) [Grenade] Leopardo1324 (Blue)
Tue Jan 25 17:52:03 2022 El pepe x ete s (Green) [Grenade] pippe (Blue)
Tue Jan 25 17:52:06 2022 Harry (Green) [Headshot] nelson (Blue)
Tue Jan 25 17:52:08 2022 SebasDre25 (Green) [Rifle] ITACHI| (Blue)
Tue Jan 25 17:52:08 2022 Subaru-chan joined Green team
Tue Jan 25 17:52:09 2022 Un Dead (Green) [Rifle] BLACK2003 (Blue)
Tue Jan 25 17:52:09 2022 Player Mom has left
Tue Jan 25 17:52:10 2022 El pepe x ete s (Green) [Headshot] HAHAAHAAAA (Blue)
Tue Jan 25 17:52:12 2022 Matrix joined Blue team
Tue Jan 25 17:52:14 2022 elbarto777 (Green) [Rifle] pippe (Blue)
Tue Jan 25 17:52:15 2022 Elder (Green) [SMG] GPZ (Blue)
Tue Jan 25 17:52:16 2022 __ (Green) [SMG] EE (Blue)
Tue Jan 25 17:52:17 2022 Harry (Green) [Headshot] nelson (Blue)
Tue Jan 25 17:52:18 2022 obiitolkl (Blue) [Headshot] SebasDre25 (Green)
Tue Jan 25 17:52:18 2022 Ax (Green) [SMG] ITACHI| (Blue)
Tue Jan 25 17:52:23 2022 Leopardo1324 (Blue) [Headshot] rootkit (Green)
Tue Jan 25 17:52:23 2022 Matrix (Blue) [Headshot] elbarto777 (Green)
Tue Jan 25 17:52:23 2022 Matrix (Blue) [Headshot] Un Dead (Green)
Tue Jan 25 17:52:25 2022 Novi4ok73 (Blue) [SMG] R Y U K  ='- (Green)
Tue Jan 25 17:52:25 2022 El pepe x ete s (Green) [Rifle] Leopardo1324 (Blue)
Tue Jan 25 17:52:26 2022 obiitolkl (Blue) [Rifle] Gubbs (Green)
Tue Jan 25 17:52:26 2022 nelson (Blue) [Headshot] Ax (Green)
Tue Jan 25 17:52:26 2022 edgamer (Blue) [SMG] elbarto777 (Green)
Tue Jan 25 17:52:27 2022 EE (Blue) [Headshot] El pepe x ete s (Green)
Tue Jan 25 17:52:29 2022 __ (Green) [SMG] nekibata (Blue)
Tue Jan 25 17:52:30 2022 [Global] R Y U K  ='- (Green): el ping?
Tue Jan 25 17:52:30 2022 EE (Blue) [Headshot] BRLusaes (Green)
Tue Jan 25 17:52:32 2022 edgamer (Blue) [SMG] Gubbs (Green)
Tue Jan 25 17:52:35 2022 zetso joined Blue team
Tue Jan 25 17:52:35 2022 [Global] hector (Green): hora de matar
Tue Jan 25 17:52:37 2022 nelson (Blue) [Headshot] Harry (Green)
Tue Jan 25 17:52:38 2022 SebasDre25 (Green) [Headshot] pippe (Blue)
Tue Jan 25 17:52:39 2022 Matrix (Blue) [Headshot] SebasDre25 (Green)
Tue Jan 25 17:52:39 2022 EE (Blue) [Headshot] rootkit (Green)
Tue Jan 25 17:52:42 2022 like joined Green team
Tue Jan 25 17:52:43 2022 nelson (Blue) [Headshot] __ (Green)
Tue Jan 25 17:52:43 2022 El pepe x ete s (Green) [Rifle] edgamer (Blue)
Tue Jan 25 17:52:43 2022 EE (Blue) [Headshot] beppo (Green)
Tue Jan 25 17:52:45 2022 Elder (Green) [SMG] GPZ (Blue)
Tue Jan 25 17:52:50 2022 Subaru-chan (Green) [Rifle] nelson (Blue)
Tue Jan 25 17:52:51 2022 GPZ (Blue) [Weapon Change]
Tue Jan 25 17:52:52 2022 BRLusaes (Green) [Headshot] EE (Blue)
Tue Jan 25 17:52:52 2022 obiitolkl (Blue) [Headshot] beppo (Green)
Tue Jan 25 17:52:54 2022 Leopardo1324 (Blue) [Headshot] Matrix (Blue)
Tue Jan 25 17:52:56 2022 Leopardo1324 (Blue) [SMG] BRLusaes (Green)
Tue Jan 25 17:52:57 2022 Un Dead (Green) [Rifle] Leopardo1324 (Blue)
Tue Jan 25 17:53:00 2022 beppo (Green) [Headshot] obiitolkl (Blue)
Tue Jan 25 17:53:00 2022 Player rootkit has left
Tue Jan 25 17:53:03 2022 Subaru-chan (Green) [Rifle] GPZ (Blue)
Tue Jan 25 17:53:03 2022 nekibata (Blue) [Shotgun] Un Dead (Green)
Tue Jan 25 17:53:05 2022 That one pootis (Blue) [SMG] SebasDre25 (Green)
Tue Jan 25 17:53:05 2022 Elder (Green) [SMG] nelson (Blue)
Tue Jan 25 17:53:05 2022 [Global] zetso (Blue): hola e vuelto soy sexo
Tue Jan 25 17:53:07 2022 __ (Green) [SMG] Novi4ok73 (Blue)
Tue Jan 25 17:53:09 2022 R Y U K  ='- (Green) [SMG] nekibata (Blue)
Tue Jan 25 17:53:09 2022 Player obiitolkl has left
Tue Jan 25 17:53:11 2022 Elder (Green) [Headshot] nelson (Blue)
Tue Jan 25 17:53:12 2022 beppo (Green) [Headshot] That one pootis (Blue)
Tue Jan 25 17:53:12 2022 Elder (Green) [Headshot] GPZ (Blue)
Tue Jan 25 17:53:13 2022 Elder (Green) [Headshot] ITACHI| (Blue)
Tue Jan 25 17:53:15 2022 Subaru-chan (Green) [Headshot] Novi4ok73 (Blue)
Tue Jan 25 17:53:15 2022 nekibata (Blue) [Weapon Change]
Tue Jan 25 17:53:18 2022 nelson (Blue) [Headshot] Elder (Green)
Tue Jan 25 17:53:19 2022 Subaru-chan (Green) [Headshot] nelson (Blue)
Tue Jan 25 17:53:20 2022 pippe (Blue) [Headshot] EE (Blue)
Tue Jan 25 17:53:22 2022 ITACHI| (Blue) [Headshot] hector (Green)
Tue Jan 25 17:53:22 2022 Leopardo1324 (Blue) [Headshot] pippe (Blue)
Tue Jan 25 17:53:23 2022 R Y U K  ='- (Green) [Headshot] BLACK2003 (Blue)
Tue Jan 25 17:53:25 2022 [Global] EE (Blue): que bastardo
Tue Jan 25 17:53:26 2022 Leopardo1324 (Blue) [Headshot] BRLusaes (Green)
Tue Jan 25 17:53:27 2022 Subaru-chan (Green) [Headshot] pippe (Blue)
Tue Jan 25 17:53:27 2022 [Global] elbarto777 (Green): LOS NAZIS GANARAN
Tue Jan 25 17:53:28 2022 Leopardo1324 (Blue) [Headshot] elbarto777 (Green)
Tue Jan 25 17:53:28 2022 beppo (Green) [Headshot] Leopardo1324 (Blue)
Tue Jan 25 17:53:31 2022 Harry (Green) [Headshot] Matrix (Blue)
Tue Jan 25 17:53:31 2022 Subaru-chan (Green) [Headshot] Leopardo1324 (Blue)
Tue Jan 25 17:53:32 2022 [Global] pippe (Blue): su papa
Tue Jan 25 17:53:33 2022 GPZ (Blue) [SMG] Harry (Green)
Tue Jan 25 17:53:36 2022 nelson (Blue) [Headshot] Subaru-chan (Green)
Tue Jan 25 17:53:37 2022 [Global] EE (Blue): nosotros somos los nazis
Tue Jan 25 17:53:38 2022 BLACK2003 (Blue) [Headshot] El pepe x ete s (Green)
Tue Jan 25 17:53:39 2022 [Team] elbarto777 (Green): el que no tene
Tue Jan 25 17:53:39 2022 [Global] hector (Green): estoy callentando
Tue Jan 25 17:53:48 2022 EE (Blue) [Headshot] Un Dead (Green)
Tue Jan 25 17:53:49 2022 R Y U K  ='- (Green) [Headshot] Leopardo1324 (Blue)
Tue Jan 25 17:53:49 2022 BLACK2003 (Blue) [Headshot] R Y U K  ='- (Green)
Tue Jan 25 17:53:50 2022 zetso (Blue) [SMG] SebasDre25 (Green)
Tue Jan 25 17:53:52 2022 [Global] pippe (Blue): y ami que me inporta
Tue Jan 25 17:53:54 2022 like (Green) [Headshot] edgamer (Blue)
Tue Jan 25 17:53:55 2022 Elder (Green) [Headshot] EE (Blue)
Tue Jan 25 17:53:57 2022 Elder (Green) [Headshot] pippe (Blue)
Tue Jan 25 17:53:57 2022 [Global] R Y U K  ='- (Green): quiri
Tue Jan 25 17:53:59 2022 mxb gate joined Blue team
Tue Jan 25 17:54:01 2022 Elder (Green) [SMG] EE (Blue)
Tue Jan 25 17:54:02 2022 Harry (Green) [Headshot] GPZ (Blue)
Tue Jan 25 17:54:03 2022 [Global] EE (Blue): vamos a ganar
Tue Jan 25 17:54:04 2022 [Global] hector (Green): y no es mi 100 %
Tue Jan 25 17:54:05 2022 Elder (Green) [SMG] BLACK2003 (Blue)
Tue Jan 25 17:54:08 2022 Matrix (Blue) [SMG] elbarto777 (Green)
Tue Jan 25 17:54:09 2022 pippe (Blue) [Headshot] mxb gate (Blue)
Tue Jan 25 17:54:09 2022 Harry (Green) [Headshot] Matrix (Blue)
Tue Jan 25 17:54:10 2022 GPZ (Blue) [Team Change]
Tue Jan 25 17:54:11 2022 rodosrrufus joined Spectator team
Tue Jan 25 17:54:12 2022 GPZ joined Spectator team
Tue Jan 25 17:54:15 2022 [Global] EE (Blue): de hecho no se puede
Tue Jan 25 17:54:16 2022 nelson (Blue) [Headshot] Harry (Green)
Tue Jan 25 17:54:16 2022 [Global] elbarto777 (Green): lo mismo que ami me importaa tu comentario
Tue Jan 25 17:54:17 2022 [Global] EE (Blue): xd
Tue Jan 25 17:54:20 2022 nekibata (Blue) [Headshot] hector (Green)
Tue Jan 25 17:54:27 2022 Elder (Green) [Headshot] Matrix (Blue)
Tue Jan 25 17:54:29 2022 pippe (Blue) [Headshot] R Y U K  ='- (Green)
Tue Jan 25 17:54:32 2022 pippe (Blue) [Headshot] El pepe x ete s (Green)
Tue Jan 25 17:54:33 2022 SebasDre25 (Green) [Headshot] pippe (Blue)
Tue Jan 25 17:54:33 2022 __ (Green) [SMG] nekibata (Blue)
Tue Jan 25 17:54:35 2022 __ (Green) [Headshot] That one pootis (Blue)
Tue Jan 25 17:54:36 2022 elbarto777 (Green) [Headshot] Leopardo1324 (Blue)
Tue Jan 25 17:54:36 2022 Elder (Green) [Headshot] mxb gate (Blue)
Tue Jan 25 17:54:36 2022 nelson (Blue) [Headshot] Harry (Green)
Tue Jan 25 17:54:37 2022 Elder (Green) [SMG] That one pootis (Blue)
Tue Jan 25 17:54:39 2022 [Global] R Y U K  ='- (Green): aaaaaaaaaaaa mi pichulaaaaaaaaaaa
Tue Jan 25 17:54:40 2022 BRLusaes (Green) [SMG] pippe (Blue)
Tue Jan 25 17:54:41 2022 EE (Blue) [Headshot] Elder (Green)
Tue Jan 25 17:54:42 2022 Leopardo1324 (Blue) [Headshot] Un Dead (Green)
Tue Jan 25 17:54:43 2022 elbarto777 (Green) [Headshot] EE (Blue)
Tue Jan 25 17:54:43 2022 Leopardo1324 (Blue) [Headshot] SebasDre25 (Green)
Tue Jan 25 17:54:44 2022 __ (Green) [Headshot] nelson (Blue)
Tue Jan 25 17:54:47 2022 pippe (Blue) [Headshot] zetso (Blue)
Tue Jan 25 17:54:48 2022 edgamer (Blue) [Fall]
Tue Jan 25 17:54:48 2022 Player like has left
Tue Jan 25 17:54:51 2022 mxb gate (Blue) [Headshot] elbarto777 (Green)
Tue Jan 25 17:54:52 2022 [SERVER]  nekibata started a VOTEKICK against __. Say /Y to agree
Tue Jan 25 17:54:52 2022 [SERVER]  Reason: UGLY HACKERMAN
Tue Jan 25 17:54:58 2022 Subaru-chan (Green) [Headshot] ITACHI| (Blue)
Tue Jan 25 17:54:58 2022 R Y U K  ='- (Green) [Headshot] HAHAAHAAAA (Blue)
Tue Jan 25 17:55:07 2022 Leopardo1324 (Blue) [SMG] R Y U K  ='- (Green)
Tue Jan 25 17:55:08 2022 Elder (Green) [Headshot] Leopardo1324 (Blue)
Tue Jan 25 17:55:09 2022 Ax (Green) [Grenade] edgamer (Blue)
Tue Jan 25 17:55:09 2022 Ax (Green) [Grenade] nelson (Blue)
Tue Jan 25 17:55:09 2022 Elder (Green) [SMG] pippe (Blue)
Tue Jan 25 17:55:09 2022 BRLusaes (Green) [Headshot] Matrix (Blue)
Tue Jan 25 17:55:10 2022 Subaru-chan (Green) [Headshot] ITACHI| (Blue)
Tue Jan 25 17:55:11 2022 BLACK2003 (Blue) [Headshot] __ (Green)
Tue Jan 25 17:55:13 2022 zetso (Blue) [Headshot] Subaru-chan (Green)
Tue Jan 25 17:55:14 2022 BRLusaes (Green) [Headshot] EE (Blue)
Tue Jan 25 17:55:16 2022 Elder (Green) [SMG] HAHAAHAAAA (Blue)
Tue Jan 25 17:55:17 2022 __ (Green) [Headshot] Novi4ok73 (Blue)
Tue Jan 25 17:55:21 2022 Leopardo1324 (Blue) [Headshot] BRLusaes (Green)
Tue Jan 25 17:55:22 2022 [SERVER]  nekibata is votekicking __. /Y to vote (12 left)
Tue Jan 25 17:55:22 2022 [SERVER]  Reason: UGLY HACKERMAN
Tue Jan 25 17:55:23 2022 Elder (Green) [SMG] pippe (Blue)
Tue Jan 25 17:55:23 2022 __ (Green) [SMG] elXD (Blue)
Tue Jan 25 17:55:26 2022 Leopardo1324 (Blue) [SMG] Un Dead (Green)
Tue Jan 25 17:55:27 2022 elbarto777 (Green) [Headshot] Leopardo1324 (Blue)
Tue Jan 25 17:55:30 2022 EE (Blue) [Headshot] elbarto777 (Green)
Tue Jan 25 17:55:31 2022 [SERVER]  BRLusaes voted YES
Tue Jan 25 17:55:31 2022 [SERVER]  Digite /help para info & comandos
Tue Jan 25 17:55:32 2022 [Global] nekibata (Blue): vote /y
Tue Jan 25 17:55:33 2022 nelson (Blue) [Headshot] Harry (Green)
Tue Jan 25 17:55:36 2022 EE (Blue) [Headshot] SebasDre25 (Green)
Tue Jan 25 17:55:40 2022 Elder (Green) [Headshot] Leopardo1324 (Blue)
Tue Jan 25 17:55:40 2022 El pepe x ete s (Green) [Headshot] BLACK2003 (Blue)
Tue Jan 25 17:55:42 2022 elXD (Blue) [Headshot] El pepe x ete s (Green)
Tue Jan 25 17:55:42 2022 EE (Blue) [Headshot] R Y U K  ='- (Green)
Tue Jan 25 17:55:43 2022 [Team] hector (Green): ssoy inbisible
Tue Jan 25 17:55:44 2022 That one pootis (Blue) [SMG] Harry (Green)
Tue Jan 25 17:55:45 2022 __ (Green) [SMG] That one pootis (Blue)
Tue Jan 25 17:55:48 2022 __ (Green) [SMG] nekibata (Blue)
Tue Jan 25 17:55:51 2022 Subaru-chan (Green) [Headshot] EE (Blue)
Tue Jan 25 17:55:52 2022 [SERVER]  nekibata is votekicking __. /Y to vote (11 left)
Tue Jan 25 17:55:52 2022 [SERVER]  Reason: UGLY HACKERMAN
Tue Jan 25 17:55:54 2022 [Global] Un Dead (Green): si aja
Tue Jan 25 17:55:59 2022 [Global] nekibata (Blue): TYPE /Y 
Tue Jan 25 17:56:01 2022 nelson (Blue) [Headshot] __ (Green)
Tue Jan 25 17:56:01 2022 [Global] hector (Green): detras de EE
Tue Jan 25 17:56:01 2022 [Global] nekibata (Blue): free money
Tue Jan 25 17:56:02 2022 Elder (Green) [Headshot] Leopardo1324 (Blue)
Tue Jan 25 17:56:03 2022 Elder (Green) [SMG] pippe (Blue)
Tue Jan 25 17:56:07 2022 [Global] EE (Blue): yo que
Tue Jan 25 17:56:08 2022 [SERVER]  That one pootis voted YES
Tue Jan 25 17:56:10 2022 BRLusaes (Green) [Headshot] mxb gate (Blue)
Tue Jan 25 17:56:11 2022 Subaru-chan (Green) [Headshot] HAHAAHAAAA (Blue)
Tue Jan 25 17:56:11 2022 zetso (Blue) [Fall]
Tue Jan 25 17:56:11 2022 Harry (Green) [Headshot] nelson (Blue)
Tue Jan 25 17:56:13 2022 Elder (Green) [Headshot] Leopardo1324 (Blue)
Tue Jan 25 17:56:13 2022 [SERVER]  zetso voted YES
Tue Jan 25 17:56:13 2022 [Global] nekibata (Blue): mr beast giveaway typ e/y
Tue Jan 25 17:56:15 2022 [Global] zetso (Blue): all /y
Tue Jan 25 17:56:15 2022 [Global] R Y U K  ='- (Green): so
Tue Jan 25 17:56:18 2022 zetso (Blue) [Headshot] Gubbs (Green)
Tue Jan 25 17:56:19 2022 That one pootis (Blue) [Weapon Change]
Tue Jan 25 17:56:20 2022 [Global] EE (Blue): me trolearon
Tue Jan 25 17:56:21 2022 Matrix (Blue) [Headshot] hector (Green)
Tue Jan 25 17:56:22 2022 [SERVER]  nekibata is votekicking __. /Y to vote (9 left)
Tue Jan 25 17:56:22 2022 [SERVER]  Reason: UGLY HACKERMAN
Tue Jan 25 17:56:22 2022 Elder (Green) [Headshot] mxb gate (Blue)
Tue Jan 25 17:56:22 2022 nelson (Blue) [Headshot] Harry (Green)
Tue Jan 25 17:56:26 2022 zetso (Blue) [Grenade] elbarto777 (Green)
Tue Jan 25 17:56:27 2022 [Global] hector (Green): saben
Tue Jan 25 17:56:28 2022 __ (Green) [Headshot] pippe (Blue)
Tue Jan 25 17:56:29 2022 EE (Blue) [Headshot] Elder (Green)
Tue Jan 25 17:56:29 2022 Leopardo1324 (Blue) [Headshot] BRLusaes (Green)
Tue Jan 25 17:56:30 2022 mxb gate (Blue) [Headshot] Un Dead (Green)
Tue Jan 25 17:56:33 2022 __ (Green) [SMG] nelson (Blue)
Tue Jan 25 17:56:34 2022 ITACHI| (Blue) [Headshot] R Y U K  ='- (Green)
Tue Jan 25 17:56:34 2022 Player rodosrrufus has left
Tue Jan 25 17:56:36 2022 Leopardo1324 (Blue) [Rifle] Subaru-chan (Green)
Tue Jan 25 17:56:38 2022 EE (Blue) [Headshot] beppo (Green)
Tue Jan 25 17:56:44 2022 ITACHI| (Blue) [Team Change]
Tue Jan 25 17:56:45 2022 Matrix (Blue) [SMG] Harry (Green)
Tue Jan 25 17:56:45 2022 elbarto777 (Green) [Headshot] Matrix (Blue)
Tue Jan 25 17:56:47 2022 Leopardo1324 (Blue) [Headshot] Gubbs (Green)
Tue Jan 25 17:56:48 2022 ITACHI| joined Green team
Tue Jan 25 17:56:48 2022 pippe (Blue) [Headshot] zetso (Blue)
Tue Jan 25 17:56:52 2022 [SERVER]  Votekick for __ has ended. Votekick timed out
Tue Jan 25 17:56:52 2022 Ax (Green) [SMG] Novi4ok73 (Blue)
Tue Jan 25 17:56:52 2022 nelson (Blue) [Headshot] __ (Green)
Tue Jan 25 17:56:53 2022 [Global] pippe (Blue): perdon 
Tue Jan 25 17:56:57 2022 nelson (Blue) [Rifle] El pepe x ete s (Green)
Tue Jan 25 17:56:57 2022 [Global] hector (Green): esque gane le doy 40 $ dolares
Tue Jan 25 17:56:58 2022 Elder (Green) [Headshot] Leopardo1324 (Blue)
Tue Jan 25 17:56:59 2022 [Global] pippe (Blue): perdonp pperdon
Tue Jan 25 17:57:00 2022 SebasDre25 (Green) [Fall]
Tue Jan 25 17:57:05 2022 beppo (Green) [Headshot] pippe (Blue)
Tue Jan 25 17:57:06 2022 nelson (Blue) [Headshot] Subaru-chan (Green)
Tue Jan 25 17:57:08 2022 [Team] hector (Green): ok 
Tue Jan 25 17:57:09 2022 __ (Green) [SMG] That one pootis (Blue)
Tue Jan 25 17:57:10 2022 nekibata (Blue) [Headshot] __ (Green)
Tue Jan 25 17:57:11 2022 Ax (Green) [SMG] Novi4ok73 (Blue)
Tue Jan 25 17:57:13 2022 Ax (Green) [SMG] mxb gate (Blue)
Tue Jan 25 17:57:13 2022 beppo (Green) [Headshot] Leopardo1324 (Blue)
Tue Jan 25 17:57:13 2022 Ax (Green) [SMG] Matrix (Blue)
Tue Jan 25 17:57:13 2022 [Global] nekibata (Blue): YEAH
Tue Jan 25 17:57:14 2022 Subaru-chan (Green) [Headshot] edgamer (Blue)
Tue Jan 25 17:57:15 2022 [Global] hector (Green): quien los quiere
Tue Jan 25 17:57:15 2022 BLACK2003 (Blue) [Fall]
Tue Jan 25 17:57:15 2022 [Global] nekibata (Blue): THATS MY BITCH
Tue Jan 25 17:57:16 2022 EE (Blue) [Headshot] Gubbs (Green)
Tue Jan 25 17:57:16 2022 [Global] ITACHI| (Green): a y yo soy spirdeman
Tue Jan 25 17:57:19 2022 edgamer (Blue) [Weapon Change]
Tue Jan 25 17:57:19 2022 EE (Blue) [Headshot] Un Dead (Green)
Tue Jan 25 17:57:19 2022 [Team] elbarto777 (Green): yoooo
Tue Jan 25 17:57:20 2022 BRLusaes (Green) [Headshot] EE (Blue)
Tue Jan 25 17:57:20 2022 [Global] That one pootis (Blue): nigger noob what happened to you?
Tue Jan 25 17:57:22 2022 Deuce16 joined Blue team
Tue Jan 25 17:57:22 2022 pippe (Blue) [Headshot] R Y U K  ='- (Green)
Tue Jan 25 17:57:23 2022 nekibata (Blue) [Headshot] hector (Green)
Tue Jan 25 17:57:24 2022 R Y U K  ='- (Green) [Weapon Change]
Tue Jan 25 17:57:24 2022 BRLusaes (Green) [Headshot] pippe (Blue)
Tue Jan 25 17:57:27 2022 nelson (Blue) [Headshot] Harry (Green)
Tue Jan 25 17:57:28 2022 [Global] EE (Blue): nadie murió con mi granada
Tue Jan 25 17:57:30 2022 nekibata (Blue) [Grenade] hector (Green)
Tue Jan 25 17:57:32 2022 HAHAAHAAAA (Blue) [Headshot] Gubbs (Green)
Tue Jan 25 17:57:32 2022 Leopardo1324 (Blue) [Headshot] beppo (Green)
Tue Jan 25 17:57:34 2022 __ (Green) [Headshot] nekibata (Blue)
Tue Jan 25 17:57:36 2022 [Global] EE (Blue): :(
Tue Jan 25 17:57:38 2022 Un Dead (Green) [Headshot] BRLusaes (Green)
Tue Jan 25 17:57:40 2022 Leopardo1324 (Blue) [Headshot] Un Dead (Green)
Tue Jan 25 17:57:42 2022 elbarto777 (Green) [Headshot] nekibata (Blue)
Tue Jan 25 17:57:42 2022 edgamer (Blue) [Grenade]
Tue Jan 25 17:57:43 2022 Leopardo1324 (Blue) [Headshot] El pepe x ete s (Green)
Tue Jan 25 17:57:43 2022 Harry (Green) [Headshot] elXD (Blue)
Tue Jan 25 17:57:43 2022 HAHAAHAAAA (Blue) [Grenade] ITACHI| (Green)
Tue Jan 25 17:57:44 2022 Novi4ok73 (Blue) [SMG] Ax (Green)
Tue Jan 25 17:57:45 2022 ITACHI| (Green) [Grenade] HAHAAHAAAA (Blue)
Tue Jan 25 17:57:46 2022 __ (Green) [Headshot] Deuce16 (Blue)
Tue Jan 25 17:57:47 2022 [Global] R Y U K  ='- (Green): alv
Tue Jan 25 17:57:50 2022 [Global] Deuce16 (Blue): xd
Tue Jan 25 17:57:51 2022 Player nekibata has left
Tue Jan 25 17:57:53 2022 Elder (Green) [Headshot] Leopardo1324 (Blue)
Tue Jan 25 17:57:54 2022 [Global] Deuce16 (Blue): ñ?
Tue Jan 25 17:57:56 2022 GPZ joined Blue team
Tue Jan 25 17:57:59 2022 BRLusaes (Green) [Headshot] pippe (Blue)
Tue Jan 25 17:58:00 2022 Un Dead (Green) [Headshot] R Y U K  ='- (Green)
Tue Jan 25 17:58:01 2022 Elder (Green) [Headshot] Leopardo1324 (Blue)
Tue Jan 25 17:58:01 2022 Harry (Green) [Headshot] nelson (Blue)
Tue Jan 25 17:58:02 2022 EE (Blue) [Headshot] Elder (Green)
Tue Jan 25 17:58:03 2022 [Global] R Y U K  ='- (Green): ñññññ
Tue Jan 25 17:58:08 2022 Un Dead (Green) [Headshot] ITACHI| (Green)
Tue Jan 25 17:58:11 2022 [Global] R Y U K  ='- (Green): que significa Nashe
Tue Jan 25 17:58:12 2022 ITACHI| (Green) [Weapon Change]
Tue Jan 25 17:58:14 2022 zetso (Blue) [Headshot] El pepe x ete s (Green)
Tue Jan 25 17:58:14 2022 Gubbs (Green) [Rifle] BLACK2003 (Blue)
Tue Jan 25 17:58:15 2022 [Global] hector (Green): quieren el dinero si o no
Tue Jan 25 17:58:15 2022 __ (Green) [SMG] elXD (Blue)
Tue Jan 25 17:58:15 2022 nelson (Blue) [Rifle] Harry (Green)
Tue Jan 25 17:58:17 2022 __ (Green) [Headshot] Deuce16 (Blue)
Tue Jan 25 17:58:19 2022 Leopardo1324 (Blue) [Headshot] Un Dead (Green)
Tue Jan 25 17:58:22 2022 nelson (Blue) [Headshot] Gubbs (Green)
Tue Jan 25 17:58:23 2022 __ (Green) [SMG] nelson (Blue)
Tue Jan 25 17:58:23 2022 [Global] Deuce16 (Blue): nashe
Tue Jan 25 17:58:24 2022 zetso (Blue) [SMG] Elder (Green)
Tue Jan 25 17:58:25 2022 Harry (Green) [Headshot] That one pootis (Blue)
Tue Jan 25 17:58:27 2022 R Y U K  ='- (Green) [Headshot] BRLusaes (Green)
Tue Jan 25 17:58:27 2022 nelson (Blue) [Headshot] elbarto777 (Green)
Tue Jan 25 17:58:28 2022 beppo (Green) [Headshot] GPZ (Blue)
Tue Jan 25 17:58:29 2022 pippe (Blue) [SMG] HAHAAHAAAA (Blue)
Tue Jan 25 17:58:29 2022 beppo (Green) [Headshot] EE (Blue)
Tue Jan 25 17:58:31 2022 Leopardo1324 (Blue) [Headshot] R Y U K  ='- (Green)
Tue Jan 25 17:58:32 2022 Leopardo1324 (Blue) [Headshot] beppo (Green)
Tue Jan 25 17:58:33 2022 [Global] EE (Blue): de que hablas
Tue Jan 25 17:58:34 2022 __ (Green) [SMG] elXD (Blue)
Tue Jan 25 17:58:36 2022 [Team] Elder (Green): shoot their wall on the tunnel!
Tue Jan 25 17:58:40 2022 nelson (Blue) [Headshot] __ (Green)
Tue Jan 25 17:58:40 2022 [Global] R Y U K  ='- (Green): nashei
Tue Jan 25 17:58:41 2022 Leopardo1324 (Blue) [Headshot] El pepe x ete s (Green)
Tue Jan 25 17:58:43 2022 nekibata joined Blue team
Tue Jan 25 17:58:44 2022 Matrix (Blue) [SMG] Subaru-chan (Green)
Tue Jan 25 17:58:49 2022 mxb gate (Blue) [Headshot] Elder (Green)
Tue Jan 25 17:58:50 2022 BLACK2003 (Blue) [Headshot] SebasDre25 (Green)
Tue Jan 25 17:58:51 2022 BRLusaes (Green) [Headshot] Leopardo1324 (Blue)
Tue Jan 25 17:58:52 2022 [Global] Un Dead (Green): wtf? como los puedo matar?
Tue Jan 25 17:58:52 2022 beppo (Green) [Headshot] mxb gate (Blue)
Tue Jan 25 17:58:53 2022 BRLusaes (Green) [Headshot] pippe (Blue)
Tue Jan 25 17:58:53 2022 BRLusaes (Green) [Headshot] GPZ (Blue)
Tue Jan 25 17:58:53 2022 [Global] hector (Green): ya me arte
Tue Jan 25 17:58:54 2022 zetso (Blue) [Headshot] BRLusaes (Green)
Tue Jan 25 17:58:54 2022 __ (Green) [Headshot] zetso (Blue)
Tue Jan 25 17:58:56 2022 [Global] Deuce16 (Blue): nAOOOOOOOO
Tue Jan 25 17:58:57 2022 nelson (Blue) [Headshot] Harry (Green)
Tue Jan 25 17:58:58 2022 __ (Green) [SMG] EE (Blue)
Tue Jan 25 17:58:58 2022 Player GPZ has left
Tue Jan 25 17:59:01 2022 [Global] Un Dead (Green): solo les disparo de broma y los mato xd
Tue Jan 25 17:59:06 2022 beppo (Green) [Headshot] HAHAAHAAAA (Blue)
Tue Jan 25 17:59:07 2022 nelson (Blue) [Headshot] Gubbs (Green)
Tue Jan 25 17:59:08 2022 [Global] hector (Green): con click de el ratonn
Tue Jan 25 17:59:08 2022 Ax (Green) [SMG] BLACK2003 (Blue)
Tue Jan 25 17:59:12 2022 __ (Green) [Headshot] Leopardo1324 (Blue)
Tue Jan 25 17:59:14 2022 R Y U K  ='- (Green) [Headshot] pippe (Blue)
Tue Jan 25 17:59:17 2022 nelson (Blue) [Headshot] Harry (Green)
Tue Jan 25 17:59:18 2022 __ (Green) [Headshot] mxb gate (Blue)
Tue Jan 25 17:59:18 2022 HAHAAHAAAA (Blue) [Headshot] R Y U K  ='- (Green)
Tue Jan 25 17:59:19 2022 [Global] Un Dead (Green): osea si
Tue Jan 25 17:59:20 2022 Gubbs (Green) [Weapon Change]
Tue Jan 25 17:59:24 2022 [Global] Un Dead (Green): pero a ustedes que son mi equipo
Tue Jan 25 17:59:25 2022 EE (Blue) [Headshot] beppo (Green)
Tue Jan 25 17:59:25 2022 [Global] Un Dead (Green): wtf?
Tue Jan 25 17:59:26 2022 Elder (Green) [SMG] elXD (Blue)
Tue Jan 25 17:59:28 2022 edgamer (Blue) [Fall]
Tue Jan 25 17:59:29 2022 Player SebasDre25 has left
Tue Jan 25 17:59:30 2022 __ (Green) [Headshot] EE (Blue)
Tue Jan 25 17:59:31 2022 beppo (Green) [Weapon Change]
Tue Jan 25 17:59:33 2022 pippe (Blue) [SMG] El pepe x ete s (Green)
Tue Jan 25 17:59:33 2022 nelson (Blue) [Headshot] Harry (Green)
Tue Jan 25 17:59:35 2022 ITACHI| (Green) [Headshot] pippe (Blue)
Tue Jan 25 17:59:40 2022 R Y U K  ='- (Green) [Headshot] BRLusaes (Green)
Tue Jan 25 17:59:41 2022 Leopardo1324 (Blue) [Headshot] Gubbs (Green)
Tue Jan 25 17:59:41 2022 __ (Green) [Headshot] Leopardo1324 (Blue)
Tue Jan 25 17:59:42 2022 Elder (Green) [Headshot] zetso (Blue)
Tue Jan 25 17:59:44 2022 HAHAAHAAAA (Blue) [Headshot] ITACHI| (Green)
Tue Jan 25 17:59:45 2022 Matrix (Blue) [Headshot] El pepe x ete s (Green)
Tue Jan 25 17:59:47 2022 [Global] EE (Blue): la verdad no me extraña morir porque si estaba bien jodido
Tue Jan 25 17:59:49 2022 HAHAAHAAAA (Blue) [Headshot] Un Dead (Green)
Tue Jan 25 17:59:53 2022 zetso (Blue) [Headshot] elbarto777 (Green)
Tue Jan 25 17:59:53 2022 nelson (Blue) [Headshot] Harry (Green)
Tue Jan 25 17:59:54 2022 That one pootis (Blue) [Shotgun] ITACHI| (Green)
Tue Jan 25 17:59:54 2022 Matrix (Blue) [SMG] El pepe x ete s (Green)
Tue Jan 25 17:59:55 2022 Elder (Green) [SMG] pippe (Blue)
Tue Jan 25 17:59:56 2022 Elder (Green) [SMG] elXD (Blue)
Tue Jan 25 17:59:56 2022 nekibata (Blue) [SMG] Un Dead (Green)
Tue Jan 25 17:59:57 2022 Elder (Green) [SMG] EE (Blue)
Tue Jan 25 17:59:59 2022 [Global] Un Dead (Green): sisa
Tue Jan 25 18:00:00 2022 __ (Green) [SMG] Leopardo1324 (Blue)
Tue Jan 25 18:00:01 2022 Gubbs (Green) [Headshot] edgamer (Blue)
Tue Jan 25 18:00:02 2022 Matrix (Blue) [Headshot] El pepe x ete s (Green)
Tue Jan 25 18:00:06 2022 That one pootis (Blue) [Shotgun] elbarto777 (Green)
Tue Jan 25 18:00:06 2022 elXD (Blue) [Weapon Change]
Tue Jan 25 18:00:08 2022 That one pootis (Blue) [Headshot] elbarto777 (Green)
Tue Jan 25 18:00:08 2022 nelson (Blue) [Headshot] Harry (Green)
Tue Jan 25 18:00:10 2022 Novi4ok73 picked up Green's Intel.
Tue Jan 25 18:00:12 2022 ITACHI| (Green) [Headshot] Matrix (Blue)
Tue Jan 25 18:00:15 2022 __ (Green) [Headshot] Leopardo1324 (Blue)
Tue Jan 25 18:00:18 2022 nekibata (Blue) [SMG] Subaru-chan (Green)
Tue Jan 25 18:00:19 2022 Harry (Green) [Headshot] nekibata (Blue)
Tue Jan 25 18:00:21 2022 Harry (Green) [Rifle] Deuce16 (Blue)
Tue Jan 25 18:00:23 2022 mxb gate (Blue) [Grenade]
Tue Jan 25 18:00:24 2022 Gubbs (Green) [SMG] zetso (Blue)
Tue Jan 25 18:00:24 2022 Player Deuce16 has left
Tue Jan 25 18:00:25 2022 Elder (Green) [Headshot] Leopardo1324 (Blue)
Tue Jan 25 18:00:25 2022 R Y U K  ='- (Green) [Headshot] edgamer (Blue)
Tue Jan 25 18:00:26 2022 R Y U K  ='- (Green) [SMG] nekibata (Blue)
Tue Jan 25 18:00:26 2022 Player mxb gate has left
Tue Jan 25 18:00:27 2022 pippe (Blue) [Headshot] HAHAAHAAAA (Blue)
Tue Jan 25 18:00:27 2022 Harry (Green) [Headshot] That one pootis (Blue)
Tue Jan 25 18:00:28 2022 zetso (Blue) [Weapon Change]
Tue Jan 25 18:00:30 2022 Un Dead (Green) [Headshot] beppo (Green)
Tue Jan 25 18:00:31 2022 [SERVER]  Voce esta jogando ctf em [Brazil] AoS HALLWAY
Tue Jan 25 18:00:32 2022 Gubbs (Green) [SMG] pippe (Blue)
Tue Jan 25 18:00:33 2022 nekibata (Blue) [Headshot] R Y U K  ='- (Green)
Tue Jan 25 18:00:35 2022 __ (Green) [SMG] EE (Blue)
Tue Jan 25 18:00:35 2022 El pepe x ete s (Green) [Grenade]
Tue Jan 25 18:00:35 2022 Elder (Green) [Headshot] Matrix (Blue)
Tue Jan 25 18:00:36 2022 Elder (Green) [SMG] Leopardo1324 (Blue)
Tue Jan 25 18:00:37 2022 zetso (Blue) [Headshot] Elder (Green)
Tue Jan 25 18:00:38 2022 nekibata (Blue) [Headshot] Gubbs (Green)
Tue Jan 25 18:00:41 2022 nelson (Blue) [Headshot] Harry (Green)
Tue Jan 25 18:00:42 2022 EE (Blue) [Headshot] hector (Green)
Tue Jan 25 18:00:45 2022 zetso (Blue) [Headshot] __ (Green)
Tue Jan 25 18:00:46 2022 nelson (Blue) [Headshot] Subaru-chan (Green)
Tue Jan 25 18:00:47 2022 Un Dead (Green) [Headshot] zetso (Blue)
Tue Jan 25 18:00:48 2022 [Global] ITACHI| (Green): quiten soy el chico bomba 1     2      3
Tue Jan 25 18:00:51 2022 zetso (Blue) [Fall]
Tue Jan 25 18:00:53 2022 edgamer (Blue) [Headshot] Un Dead (Green)
Tue Jan 25 18:00:54 2022 Player zetso has left
Tue Jan 25 18:00:55 2022 nelson (Blue) [Headshot] Harry (Green)
Tue Jan 25 18:00:56 2022 beppo (Green) [Headshot] pippe (Blue)
Tue Jan 25 18:00:56 2022 Leopardo1324 (Blue) [Headshot] ITACHI| (Green)
Tue Jan 25 18:00:57 2022 El pepe x ete s (Green) [Rifle] elXD (Blue)
Tue Jan 25 18:00:58 2022 beppo (Green) [SMG] edgamer (Blue)
Tue Jan 25 18:01:00 2022 beppo (Green) [Headshot] Leopardo1324 (Blue)
Tue Jan 25 18:01:00 2022 nelson (Blue) [Headshot] Subaru-chan (Green)
Tue Jan 25 18:01:01 2022 [Global] Un Dead (Green): jajaja
Tue Jan 25 18:01:03 2022 nelson (Blue) [Headshot] El pepe x ete s (Green)
Tue Jan 25 18:01:09 2022 Gubbs (Green) [Headshot] nelson (Blue)
Tue Jan 25 18:01:10 2022 [Global] ITACHI| (Green): va de nuevo aaaaaaaaaaaaaaaa
                                                                                                                                                                                