Sun Mar 27 15:37:02 2022 ------ World Loaded ------
Sun Mar 27 15:37:02 2022 DUA|Changiiii (Evil) [Headshot] Buster Scruggs (Good)
Sun Mar 27 15:37:02 2022 Boris (Good) [Headshot] Simo Hayha (Evil)
Sun Mar 27 15:37:02 2022 Welcome to popeyspades
Sun Mar 27 15:37:03 2022 Map: Hallway by izzy
Sun Mar 27 15:37:04 2022 Slavyori(BR) (Evil) [Fall]
Sun Mar 27 15:37:04 2022 Simo Hayha (Evil) [Fall]
Sun Mar 27 15:37:04 2022 Buster Scruggs (Good) [Fall]
Sun Mar 27 15:37:04 2022 You have 1 medkit!
Sun Mar 27 15:37:04 2022 Slavyori(BR) joined Good team
Sun Mar 27 15:37:04 2022 Winner joined Evil team
Sun Mar 27 15:37:04 2022 HelloBoy (Good) [Headshot] sad deuce (Evil)
Sun Mar 27 15:37:05 2022 MrBorum (Evil) [Headshot] Juancho (Good)
Sun Mar 27 15:37:05 2022 Game mode: ctf
Sun Mar 27 15:37:07 2022 [Global] salut (Good): what am i wrong about?
Sun Mar 27 15:37:07 2022 Server powered by piqueserver and buildandshoot.com
Sun Mar 27 15:37:09 2022 Server info: https://popeyspad.es/
Sun Mar 27 15:37:11 2022 S4rc1na (Good) [Headshot] Winner (Evil)
Sun Mar 27 15:37:11 2022 Discord: https://popeyspad.es/discord
Sun Mar 27 15:37:13 2022 Player DYLAN has left
Sun Mar 27 15:37:13 2022 Boris (Good) [Headshot] Kill4Pizza (Evil)
Sun Mar 27 15:37:14 2022 Alxsupar (Good) [Headshot] MrBorum (Evil)
Sun Mar 27 15:37:16 2022 S4rc1na (Good) [Headshot] Winner (Evil)
Sun Mar 27 15:37:17 2022 Simo Hayha (Evil) [Weapon Change]
Sun Mar 27 15:37:20 2022 DUA|Changiiii (Evil) [Rifle] Juancho (Good)
Sun Mar 27 15:37:20 2022 HelloBoy (Good) [Headshot] fortnitebattle (Evil)
Sun Mar 27 15:37:21 2022 DUA|Changiiii (Evil) [Headshot] Harry (Good)
Sun Mar 27 15:37:21 2022 [Global] Rockete (Evil): you were wrong about that Ukraine is over
Sun Mar 27 15:37:22 2022 S4rc1na (Good) [Headshot] Winner (Evil)
Sun Mar 27 15:37:22 2022 Simo Hayha (Evil) [Headshot] S4rc1na (Good)
Sun Mar 27 15:37:23 2022 Disconnecting
