Thu Mar  3 12:37:57 2022 ------ World Loaded ------
Thu Mar  3 12:37:57 2022 Welcome to popeyspades
Thu Mar  3 12:37:58 2022 Map: Hallway by izzy
Thu Mar  3 12:37:58 2022 You have 1 medkit!
Thu Mar  3 12:38:00 2022 Game mode: ctf
Thu Mar  3 12:38:02 2022 Server powered by piqueserver and buildandshoot.com
Thu Mar  3 12:38:04 2022 Server info: https://popeyspad.es/
Thu Mar  3 12:38:06 2022 pixelis (Good) [SMG] Dino15 (Evil)
Thu Mar  3 12:38:06 2022 Discord: https://popeyspad.es/discord
Thu Mar  3 12:38:15 2022 pixelis picked up Evil's Intel.
Thu Mar  3 12:38:22 2022 pixelis dropped Evil's Intel
Thu Mar  3 12:38:22 2022 Dino15 (Evil) [Rifle] pixelis (Good)
Thu Mar  3 12:38:24 2022 Harry (Evil) [Rifle] DeerPopz (Good)
Thu Mar  3 12:38:27 2022 NIKOLA (Good) [SMG] Dino15 (Evil)
Thu Mar  3 12:38:30 2022 Harry (Evil) [Headshot] pixelis (Good)
Thu Mar  3 12:38:40 2022 Harry (Evil) [Headshot] pixelis (Good)
Thu Mar  3 12:39:19 2022 Harry (Evil) [Headshot] pixelis (Good)
Thu Mar  3 12:39:21 2022 NIKOLA (Good) [Headshot] Dino15 (Evil)
Thu Mar  3 12:39:24 2022 Harry (Evil) [Headshot] DeerPopz (Good)
Thu Mar  3 12:39:26 2022 Harry (Evil) [Headshot] DeerPopz (Good)
Thu Mar  3 12:39:28 2022 pixelis (Good) [SMG] Harry (Evil)
Thu Mar  3 12:39:30 2022 You have 1 medkit!
Thu Mar  3 12:39:32 2022 Dino15 (Evil) [Headshot] ellsebi (Good)
Thu Mar  3 12:39:40 2022 NIKOLA (Good) [Fall]
Thu Mar  3 12:39:51 2022 Harry (Evil) [Headshot] pixelis (Good)
Thu Mar  3 12:40:02 2022  You are playing ctf on popeyspades
Thu Mar  3 12:40:07 2022 Harry (Evil) [Headshot] DeerPopz (Good)
Thu Mar  3 12:40:21 2022 Harry (Evil) [Headshot] pixelis (Good)
Thu Mar  3 12:40:26 2022 Harry (Evil) [Headshot] pixelis (Good)
Thu Mar  3 12:40:32 2022 Harry (Evil) [Headshot] pixelis (Good)
Thu Mar  3 12:40:35 2022 Harry picked up Good's Intel.
Thu Mar  3 12:40:40 2022 Harry dropped Good's Intel
Thu Mar  3 12:40:40 2022 pixelis (Good) [Headshot] Harry (Evil)
Thu Mar  3 12:40:42 2022 You have 1 medkit!
Thu Mar  3 12:41:17 2022 Harry (Evil) [Headshot] pixelis (Good)
Thu Mar  3 12:41:21 2022 Harry (Evil) [Headshot] pixelis (Good)
Thu Mar  3 12:41:24 2022 Harry picked up Good's Intel.
Thu Mar  3 12:41:25 2022 NIKOLA (Good) [SMG] Dino15 (Evil)
Thu Mar  3 12:41:26 2022 Harry dropped Good's Intel
Thu Mar  3 12:41:26 2022 pixelis (Good) [SMG] Harry (Evil)
Thu Mar  3 12:41:30 2022 You have 1 medkit!
Thu Mar  3 12:41:46 2022 Dino15 (Evil) [Headshot] NIKOLA (Good)
Thu Mar  3 12:42:07 2022 Harry (Evil) [Headshot] pixelis (Good)
Thu Mar  3 12:42:10 2022 Dino15 (Evil) [Headshot] ellsebi (Good)
Thu Mar  3 12:42:19 2022 pixelis (Good) [Headshot] Harry (Evil)
Thu Mar  3 12:42:24 2022 You have 1 medkit!
Thu Mar  3 12:42:36 2022 Harry (Evil) [Headshot] ellsebi (Good)
Thu Mar  3 12:42:47 2022 Harry (Evil) [Headshot] ellsebi (Good)
Thu Mar  3 12:42:52 2022 Unknown command
Thu Mar  3 12:42:54 2022 You have been healed
Thu Mar  3 12:42:58 2022 Harry (Evil) [Headshot] pixelis (Good)
Thu Mar  3 12:43:01 2022 Harry (Evil) [Rifle] ellsebi (Good)
Thu Mar  3 12:43:06 2022 Harry (Evil) [Headshot] pixelis (Good)
Thu Mar  3 12:43:08 2022 Harry picked up Good's Intel.
Thu Mar  3 12:43:09 2022 Harry (Evil) [Headshot] ellsebi (Good)
Thu Mar  3 12:43:10 2022 Harry dropped Good's Intel
Thu Mar  3 12:43:10 2022 pixelis (Good) [SMG] Harry (Evil)
Thu Mar  3 12:43:12 2022 You have 1 medkit!
Thu Mar  3 12:43:23 2022 Dino15 (Evil) [Headshot] NIKOLA (Good)
Thu Mar  3 12:43:29 2022 Harry (Evil) [Headshot] ellsebi (Good)
Thu Mar  3 12:43:45 2022 Harry (Evil) [Rifle] ellsebi (Good)
Thu Mar  3 12:43:50 2022 pixelis (Good) [Headshot] Harry (Evil)
Thu Mar  3 12:43:52 2022 ellsebi (Good) [Weapon Change]
Thu Mar  3 12:43:54 2022 You have 1 medkit!
Thu Mar  3 12:44:13 2022 Harry (Evil) [Rifle] ellsebi (Good)
Thu Mar  3 12:44:24 2022 ellsebi (Good) [Weapon Change]
Thu Mar  3 12:44:26 2022 Harry (Evil) [Headshot] pixelis (Good)
Thu Mar  3 12:44:37 2022 Gui joined Evil team
Thu Mar  3 12:44:41 2022 pixelis (Good) [Headshot] Harry (Evil)
Thu Mar  3 12:44:42 2022 You have 1 medkit!
Thu Mar  3 12:45:02 2022  Type /help for info & commands
Thu Mar  3 12:45:17 2022 Harry (Evil) [Headshot] pixelis (Good)
Thu Mar  3 12:45:23 2022 Harry (Evil) [Headshot] pixelis (Good)
Thu Mar  3 12:45:35 2022 pixelis (Good) [SMG] Gui (Evil)
Thu Mar  3 12:45:36 2022 Gui (Evil) [Grenade] pixelis (Good)
Thu Mar  3 12:45:39 2022 SpinoWhisperer (Evil) [Headshot] NIKOLA (Good)
Thu Mar  3 12:45:41 2022 pixelis (Good) [SMG] Harry (Evil)
Thu Mar  3 12:45:42 2022 You have 1 medkit!
Thu Mar  3 12:46:05 2022 Harry (Evil) [Headshot] pixelis (Good)
Thu Mar  3 12:46:11 2022 seberus -.- joined Good team
Thu Mar  3 12:46:14 2022 pixelis (Good) [Headshot] Harry (Evil)
Thu Mar  3 12:46:18 2022 You have 1 medkit!
Thu Mar  3 12:46:22 2022 ellsebi (Good) [Grenade] Dino15 (Evil)
Thu Mar  3 12:46:27 2022 seberus -.- (Good) [Rifle] Gui (Evil)
Thu Mar  3 12:46:34 2022 Dino15 (Evil) [Headshot] ellsebi (Good)
Thu Mar  3 12:46:41 2022 SpinoWhisperer (Evil) [Headshot] NIKOLA (Good)
Thu Mar  3 12:46:45 2022 Gui (Evil) [Grenade]
Thu Mar  3 12:47:00 2022 Harry (Evil) [Rifle] seberus -.- (Good)
Thu Mar  3 12:47:05 2022 Harry (Evil) [Headshot] pixelis (Good)
Thu Mar  3 12:47:05 2022 seberus -.- (Good) [Headshot] Harry (Evil)
Thu Mar  3 12:47:06 2022 You have 1 medkit!
Thu Mar  3 12:47:15 2022 NIKOLA (Good) [SMG] SpinoWhisperer (Evil)
Thu Mar  3 12:47:25 2022 seberus -.- (Good) [Headshot] Gui (Evil)
Thu Mar  3 12:47:32 2022 Harry (Evil) [Headshot] pixelis (Good)
Thu Mar  3 12:47:48 2022 Harry (Evil) [Rifle] seberus -.- (Good)
Thu Mar  3 12:47:52 2022 seberus -.- (Good) [Fall]
Thu Mar  3 12:47:57 2022 Harry (Evil) [Headshot] pixelis (Good)
Thu Mar  3 12:48:02 2022 SpinoWhisperer (Evil) [Melee] NIKOLA (Good)
Thu Mar  3 12:48:04 2022 Harry (Evil) [Headshot] seberus -.- (Good)
Thu Mar  3 12:48:09 2022 pixelis (Good) [Headshot] Harry (Evil)
Thu Mar  3 12:48:12 2022 You have 1 medkit!
Thu Mar  3 12:48:47 2022 seberus -.- (Good) [Grenade] Gui (Evil)
Thu Mar  3 12:48:50 2022 SpinoWhisperer (Evil) [Headshot] seberus -.- (Good)
Thu Mar  3 12:48:51 2022 NIKOLA (Good) [SMG] Gui (Evil)
Thu Mar  3 12:48:52 2022 SpinoWhisperer (Evil) [SMG] pixelis (Good)
Thu Mar  3 12:48:56 2022 Dino15 (Evil) [Headshot] NIKOLA (Good)
Thu Mar  3 12:48:57 2022 Harry (Evil) [Headshot] seberus -.- (Good)
Thu Mar  3 12:49:01 2022 SpinoWhisperer (Evil) [SMG] pixelis (Good)
Thu Mar  3 12:49:05 2022 Harry picked up Good's Intel.
Thu Mar  3 12:49:07 2022 Player Gui has left
Thu Mar  3 12:49:11 2022 Dino15 (Evil) [Headshot] DeerPopz (Good)
Thu Mar  3 12:49:14 2022 Harry (Evil) [Headshot] pixelis (Good)
Thu Mar  3 12:49:19 2022 SpinoWhisperer (Evil) [Headshot] seberus -.- (Good)
Thu Mar  3 12:49:23 2022 Harry (Evil) [Headshot] DeerPopz (Good)
Thu Mar  3 12:49:24 2022 NIKOLA (Good) [Headshot] SpinoWhisperer (Evil)
Thu Mar  3 12:49:51 2022 SpinoWhisperer (Evil) [SMG] NIKOLA (Good)
Thu Mar  3 12:49:54 2022 Harry captured Good's Intel.
Thu Mar  3 12:49:59 2022 pixelis (Good) [SMG] Harry (Evil)
Thu Mar  3 12:50:00 2022 You have 1 medkit!
Thu Mar  3 12:50:01 2022 pixelis (Good) [Headshot] Dino15 (Evil)
Thu Mar  3 12:50:02 2022  You are playing ctf on popeyspades
Thu Mar  3 12:50:03 2022 Harry (Evil) [Headshot] pixelis (Good)
Thu Mar  3 12:50:07 2022 Player pixelis has left
Thu Mar  3 12:50:26 2022 SpinoWhisperer (Evil) [Headshot] seberus -.- (Good)
Thu Mar  3 12:50:45 2022 Harry (Evil) [Headshot] seberus -.- (Good)
Thu Mar  3 12:50:47 2022 Dino15 (Evil) [Headshot] ellsebi (Good)
Thu Mar  3 12:50:51 2022 Harry (Evil) [Headshot] DeerPopz (Good)
Thu Mar  3 12:50:53 2022 SpinoWhisperer (Evil) [SMG] seberus -.- (Good)
Thu Mar  3 12:50:55 2022 Harry picked up Good's Intel.
Thu Mar  3 12:50:56 2022 Harry (Evil) [Headshot] seberus -.- (Good)
Thu Mar  3 12:50:58 2022 SpinoWhisperer (Evil) [Headshot] DeerPopz (Good)
Thu Mar  3 12:51:03 2022 Harry (Evil) [Headshot] DeerPopz (Good)
Thu Mar  3 12:51:05 2022 Harry (Evil) [Headshot] ellsebi (Good)
Thu Mar  3 12:51:09 2022 Harry (Evil) [Headshot] seberus -.- (Good)
Thu Mar  3 12:51:09 2022 Harry dropped Good's Intel
Thu Mar  3 12:51:09 2022 ellsebi (Good) [Headshot] Harry (Evil)
Thu Mar  3 12:51:12 2022 You have 1 medkit!
Thu Mar  3 12:51:16 2022 SpinoWhisperer (Evil) [SMG] DeerPopz (Good)
Thu Mar  3 12:51:19 2022 SpinoWhisperer (Evil) [SMG] seberus -.- (Good)
Thu Mar  3 12:51:20 2022 SpinoWhisperer (Evil) [Headshot] ellsebi (Good)
Thu Mar  3 12:51:29 2022 SpinoWhisperer (Evil) [Headshot] ellsebi (Good)
Thu Mar  3 12:51:30 2022 Gui joined Evil team
Thu Mar  3 12:51:34 2022 Harry (Evil) [Team Change]
Thu Mar  3 12:51:35 2022 ellsebi (Good) [Headshot] SpinoWhisperer (Evil)
Thu Mar  3 12:51:36 2022 You have 1 medkit!
Thu Mar  3 12:52:02 2022 Harry (Good) [Headshot] Gui (Evil)
Thu Mar  3 12:52:13 2022 SpinoWhisperer (Evil) [SMG] Harry (Good)
Thu Mar  3 12:52:18 2022 You have 1 medkit!
Thu Mar  3 12:52:36 2022 Harry (Good) [Headshot] Gui (Evil)
Thu Mar  3 12:52:38 2022 NIKOLA (Good) [Headshot] Dino15 (Evil)
Thu Mar  3 12:52:48 2022 Harry (Good) [Headshot] Gui (Evil)
Thu Mar  3 12:52:55 2022 Gui (Evil) [Rifle] Harry (Good)
Thu Mar  3 12:53:00 2022 You have 1 medkit!
Thu Mar  3 12:53:08 2022 Disconnecting
