Sat May 21 20:26:47 2022 ------ World Loaded ------
Sat May 21 20:26:47 2022 Welcome to [24/7] Astral Arena
Sat May 21 20:26:48 2022 Map: avsides by AVuKYI2R3
Sat May 21 20:26:49 2022 Feris NyanNyan (Blue) [Shotgun]
Sat May 21 20:26:49 2022 Astral - Sun (Blue) [SMG]
Sat May 21 20:26:49 2022 lleaxa (Blue) [Rifle]
Sat May 21 20:26:49 2022 Maki (Red) [Rifle]
Sat May 21 20:26:49 2022 AB (Blue) [Shotgun]
Sat May 21 20:26:49 2022 Feris NyanNyan (Blue) [Fall]
Sat May 21 20:26:49 2022 Astral - Sun (Blue) [Fall]
Sat May 21 20:26:49 2022 lleaxa (Blue) [Fall]
Sat May 21 20:26:49 2022 Maki (Red) [Fall]
Sat May 21 20:26:49 2022 AB (Blue) [Fall]
Sat May 21 20:26:49 2022 9 players on Red and 4 players on Blue remain.
Sat May 21 20:26:49 2022 Harry (Blue) [Rifle]
Sat May 21 20:26:49 2022 8 players on Red and 4 players on Blue remain.
Sat May 21 20:26:49 2022 Irreal (Blue) [SMG] DemberDoritos (Red)
Sat May 21 20:26:49 2022 [Global] lleaxa (Blue): 52 nades
Sat May 21 20:26:49 2022 8 players on Red and 3 players on Blue remain.
Sat May 21 20:26:49 2022 RRRugal (Red) [SMG] astral atheris (Blue)
Sat May 21 20:26:50 2022 [Global] :v (Red): amigo son re magos, me quitaron 25 sin asomarse
Sat May 21 20:26:50 2022 Game mode: arena
Sat May 21 20:26:51 2022 [Global] DemberDoritos (Red): nice camp
Sat May 21 20:26:52 2022 8 players on Red and 2 players on Blue remain.
Sat May 21 20:26:52 2022 RRRugal (Red) [Headshot] TITAN Nuceto (Blue)
Sat May 21 20:26:52 2022 Server powered by piqueserver and buildandshoot.com
Sat May 21 20:26:52 2022 7 players on Red and 2 players on Blue remain.
Sat May 21 20:26:52 2022 Irreal (Blue) [SMG] !Impact! Netto (Red)
Sat May 21 20:26:53 2022 [Global] Astral - Sun (Blue): dame admin ac3 de mierda
Sat May 21 20:26:53 2022 7 players on Red and 1 player on Blue remain.
Sat May 21 20:26:53 2022 TITAN - MoDeR (Red) [Grenade] hola (Blue)
Sat May 21 20:26:53 2022 Slacker picked up Blue's Intel.
Sat May 21 20:26:53 2022 Slacker captured Blue's Intel.
Sat May 21 20:26:53 2022 Red team wins the round!
Sat May 21 20:26:53 2022 The round will begin in 15 seconds.
Sat May 21 20:26:53 2022 Slacker (Red) [Rifle] Irreal (Blue)
Sat May 21 20:26:54 2022 Discord: https://discord.gg/ceqBDP3HHf
Sat May 21 20:26:56 2022 [Global] mikele xd (Red): rraaaaaa
Sat May 21 20:26:56 2022 Enjoy the game!
Sat May 21 20:26:59 2022 [Global] tambien aqui? (Red): mas nades que balas
Sat May 21 20:26:59 2022 [Global] TITAN Nuceto (Blue): nefasto este mapa
Sat May 21 20:27:01 2022 [Global] :v (Red): si
Sat May 21 20:27:01 2022 [Global] astral atheris (Blue): 32 hp a pura nade pa
Sat May 21 20:27:03 2022 [Global] :v (Red): sacalo zim
Sat May 21 20:27:03 2022 5
Sat May 21 20:27:04 2022 4
Sat May 21 20:27:05 2022 3
Sat May 21 20:27:05 2022 [Global] RRRugal (Red): parece vazpal
Sat May 21 20:27:06 2022 [Global] TITAN Nuceto (Blue): trolo el que tire nades
Sat May 21 20:27:06 2022 2
Sat May 21 20:27:07 2022 [Global] DemberDoritos (Red): sigan asi q no pueden
Sat May 21 20:27:07 2022 [Global] TITAN Nuceto (Blue): aviso
Sat May 21 20:27:07 2022 [Global] RRRugal (Red): este mapa
Sat May 21 20:27:07 2022 1
Sat May 21 20:27:08 2022 [Global] lleaxa (Blue): confirmo nucesp
Sat May 21 20:27:08 2022 Go!
Sat May 21 20:27:08 2022 There is a time limit of 3.00 minutes for this round.
Sat May 21 20:27:13 2022 10 players on Red and 8 players on Blue remain.
Sat May 21 20:27:13 2022 DemberDoritos (Red) [Grenade] TITAN Nuceto (Blue)
Sat May 21 20:27:13 2022 10 players on Red and 7 players on Blue remain.
Sat May 21 20:27:13 2022 TITAN - MoDeR (Red) [Headshot] astral atheris (Blue)
Sat May 21 20:27:16 2022 9 players on Red and 7 players on Blue remain.
Sat May 21 20:27:16 2022 Astral - Sun (Blue) [Headshot] !Impact! Netto (Red)
Sat May 21 20:27:16 2022 9 players on Red and 6 players on Blue remain.
Sat May 21 20:27:16 2022 DemberDoritos (Red) [Shotgun] Astral - Sun (Blue)
Sat May 21 20:27:17 2022 [Global] astral atheris (Blue): que tiro
Sat May 21 20:27:19 2022 9 players on Red and 5 players on Blue remain.
Sat May 21 20:27:19 2022 Potato (Red) [SMG] AB (Blue)
Sat May 21 20:27:19 2022 [Global] TITAN Nuceto (Blue): claro que dember tenia que tirar
Sat May 21 20:27:20 2022 [Global] TITAN - MoDeR (Red): uwu
Sat May 21 20:27:22 2022 9 players on Red and 4 players on Blue remain.
Sat May 21 20:27:22 2022 tambien aqui? (Red) [Grenade] lleaxa (Blue)
Sat May 21 20:27:24 2022 [Global] lleaxa (Blue): AJAHAH
Sat May 21 20:27:25 2022 [Global] astral atheris (Blue): jijij
Sat May 21 20:27:25 2022 9 players on Red and 3 players on Blue remain.
Sat May 21 20:27:25 2022 RRRugal (Red) [Headshot] Feris NyanNyan (Blue)
Sat May 21 20:27:26 2022 9 players on Red and 2 players on Blue remain.
Sat May 21 20:27:26 2022 RRRugal (Red) [Headshot] hola (Blue)
Sat May 21 20:27:28 2022 8 players on Red and 2 players on Blue remain.
Sat May 21 20:27:28 2022 Feris NyanNyan (Blue) [Grenade] tambien aqui? (Red)
Sat May 21 20:27:29 2022 [Team] TITAN Nuceto (Blue): como 10 en mid
Sat May 21 20:27:29 2022 8 players on Red and 1 player on Blue remain.
Sat May 21 20:27:29 2022 DemberDoritos (Red) [Shotgun] Irreal (Blue)
Sat May 21 20:27:30 2022 [Team] Astral - Sun (Blue): campeemos
Sat May 21 20:27:30 2022 [Global] tambien aqui? (Red): pero
Sat May 21 20:27:31 2022 [Team] Astral - Sun (Blue): ya fue
Sat May 21 20:27:34 2022 [Team] astral atheris (Blue): <<<<
Sat May 21 20:27:34 2022 [Global] tambien aqui? (Red): aaaaaaaaaaaaa
Sat May 21 20:27:36 2022 [Team] TITAN Nuceto (Blue): campear que si llegan de a 20
Sat May 21 20:27:37 2022 RRRugal picked up Blue's Intel.
Sat May 21 20:27:37 2022 RRRugal captured Blue's Intel.
Sat May 21 20:27:37 2022 Red team wins the round!
Sat May 21 20:27:37 2022 The round will begin in 15 seconds.
Sat May 21 20:27:37 2022 RRRugal (Red) [Headshot] Harry (Blue)
Sat May 21 20:27:39 2022 [Global] mikele xd (Red): nao
Sat May 21 20:27:40 2022 [Team] Astral - Sun (Blue): 1 en cada lado
Sat May 21 20:27:41 2022 [Global] lleaxa (Blue): -100hp antes de salir del spawm
Sat May 21 20:27:45 2022 Disconnecting
