Sat Feb 19 17:18:09 2022 ------ World Loaded ------
Sat Feb 19 17:18:09 2022 wasd (Yellow) [Headshot] kpand (Purple)
Sat Feb 19 17:18:09 2022 Welcome to RMF Hallway (Anti-Cheat)
Sat Feb 19 17:18:09 2022 catroidvania (Purple) [Rifle] Arthur (Yellow)
Sat Feb 19 17:18:09 2022 Map: HALLWAY V2.0 by CowNorris, Cowie
Sat Feb 19 17:18:11 2022 J-G (Purple) [Headshot] volproil (Yellow)
Sat Feb 19 17:18:11 2022 Arthur (Yellow) [Fall]
Sat Feb 19 17:18:11 2022 kpand (Purple) [Fall]
Sat Feb 19 17:18:11 2022 volproil (Yellow) [Fall]
Sat Feb 19 17:18:11 2022 Game mode: ctf
Sat Feb 19 17:18:12 2022 [Team] Cow (Yellow): on left side
Sat Feb 19 17:18:12 2022 dandans (Yellow) [Grenade] MuMu (Purple)
Sat Feb 19 17:18:13 2022 Server powered by FreeBSD
Sat Feb 19 17:18:14 2022 Arthur (Yellow) [Headshot] catroidvania (Purple)
Sat Feb 19 17:18:15 2022 OGOIDcampos joined Purple team
Sat Feb 19 17:18:15 2022 Or_Am_1? (Purple) [Headshot] Harry (Yellow)
Sat Feb 19 17:18:15 2022 Deemoo (Purple) [Headshot] penis (Yellow)
Sat Feb 19 17:18:16 2022 Elias (Yellow) [Grenade]
Sat Feb 19 17:18:17 2022 Arthur (Yellow) [Headshot] Or_Am_1? (Purple)
Sat Feb 19 17:18:17 2022 wasd (Yellow) [Headshot] Deemoo (Purple)
Sat Feb 19 17:18:18 2022 Disonaurio (Yellow) [Headshot] OGOIDcampos (Purple)
Sat Feb 19 17:18:18 2022 Player penis has left
Sat Feb 19 17:18:20 2022 volproil (Yellow) [Weapon Change]
Sat Feb 19 17:18:23 2022 wasd (Yellow) [Headshot] J-G (Purple)
Sat Feb 19 17:18:24 2022 MuMu joined Yellow team
Sat Feb 19 17:18:35 2022 Disonaurio (Yellow) [Headshot] Deemoo (Purple)
Sat Feb 19 17:18:40 2022 Deemoo (Purple) [Headshot] Disonaurio (Yellow)
Sat Feb 19 17:18:41 2022 Or_Am_1? (Purple) [Fall]
Sat Feb 19 17:18:44 2022 catroidvania (Purple) [Grenade] Cow (Yellow)
Sat Feb 19 17:18:46 2022 Dirty Feeling (Purple) [Rifle] MuMu (Yellow)
Sat Feb 19 17:18:49 2022 catroidvania (Purple) [Headshot] volproil (Yellow)
Sat Feb 19 17:18:49 2022 wasd (Yellow) [Headshot] Sweet Cutie (Purple)
Sat Feb 19 17:18:51 2022 OGOIDcampos (Purple) [SMG] Cow (Yellow)
Sat Feb 19 17:18:52 2022 Dirty Feeling (Purple) [Headshot] MuMu (Yellow)
Sat Feb 19 17:18:53 2022 Player Sweet Cutie has left
Sat Feb 19 17:18:56 2022 Dirty Feeling (Purple) [Headshot] Disonaurio (Yellow)
Sat Feb 19 17:18:56 2022 J-G (Purple) [Headshot] wasd (Yellow)
Sat Feb 19 17:18:56 2022 catroidvania (Purple) [Grenade] Elias (Yellow)
Sat Feb 19 17:18:58 2022 Dirty Feeling (Purple) [Headshot] Arthur (Yellow)
Sat Feb 19 17:18:59 2022 Player sexgirl has left
Sat Feb 19 17:19:00 2022 OGOIDcampos (Purple) [Grenade] Elias (Yellow)
Sat Feb 19 17:19:01 2022 J-G (Purple) [SMG] Harry (Yellow)
Sat Feb 19 17:19:03 2022 OGOIDcampos (Purple) [Fall]
Sat Feb 19 17:19:06 2022 Arthur (Yellow) [Grenade] Mnich (Purple)
Sat Feb 19 17:19:06 2022 Dirty Feeling (Purple) [Headshot] wasd (Yellow)
Sat Feb 19 17:19:12 2022 Dirty Feeling (Purple) [Headshot] volproil (Yellow)
Sat Feb 19 17:19:16 2022 Mines are already full! 3 mines available.
Sat Feb 19 17:19:23 2022 Elias (Yellow) [SMG] J-G (Purple)
Sat Feb 19 17:19:23 2022 Amk  shoot joined Purple team
Sat Feb 19 17:19:27 2022 Mnich (Purple) [SMG] Arthur (Yellow)
Sat Feb 19 17:19:30 2022 PauloToide joined Purple team
Sat Feb 19 17:19:30 2022 volproil (Yellow) [SMG] Or_Am_1? (Purple)
Sat Feb 19 17:19:30 2022 kpand (Purple) [Headshot] wasd (Yellow)
Sat Feb 19 17:19:31 2022 [Global] Arthur (Yellow): common noobs
Sat Feb 19 17:19:38 2022 [Global] catroidvania (Purple): ok aurthur
Sat Feb 19 17:19:41 2022 Harry (Yellow) [Headshot] J-G (Purple)
Sat Feb 19 17:19:42 2022 OGOIDcampos (Purple) [SMG] Arthur (Yellow)
Sat Feb 19 17:19:43 2022 PauloToide (Purple) [Grenade] wasd (Yellow)
Sat Feb 19 17:19:51 2022 Dirty Feeling (Purple) [Headshot] MuMu (Yellow)
Sat Feb 19 17:19:51 2022 [Global] OGOIDcampos (Purple): iae arthur
Sat Feb 19 17:19:51 2022 catroidvania (Purple) [Headshot] wasd (Yellow)
Sat Feb 19 17:19:54 2022 Arthur (Yellow) [Headshot] Mnich (Purple)
Sat Feb 19 17:19:57 2022 Player J-G has left
Sat Feb 19 17:19:59 2022 Harry (Yellow) [Headshot] Or_Am_1? (Purple)
Sat Feb 19 17:19:59 2022 Elias (Yellow) [SMG] Amk  shoot (Purple)
Sat Feb 19 17:20:00 2022 MuMu joined Purple team
Sat Feb 19 17:20:00 2022 Amk  shoot (Purple) [Grenade] Elias (Yellow)
Sat Feb 19 17:20:00 2022 catroidvania (Purple) [Grenade] volproil (Yellow)
Sat Feb 19 17:20:02 2022 wasd (Yellow) [Rifle] Dirty Feeling (Purple)
Sat Feb 19 17:20:05 2022 Or_Am_1? (Purple) [Headshot] wasd (Yellow)
Sat Feb 19 17:20:07 2022 Player Amk  shoot has left
Sat Feb 19 17:20:07 2022 Arthur (Yellow) [Headshot] Mnich (Purple)
Sat Feb 19 17:20:10 2022 OGOIDcampos (Purple) [SMG] Arthur (Yellow)
Sat Feb 19 17:20:10 2022 =]■/~τ joined Yellow team
Sat Feb 19 17:20:11 2022 Harry (Yellow) [Headshot] PauloToide (Purple)
Sat Feb 19 17:20:12 2022 [Global] Arthur (Yellow): opa campos
Sat Feb 19 17:20:17 2022 Arthur (Yellow) [SMG] Or_Am_1? (Purple)
Sat Feb 19 17:20:18 2022 catroidvania (Purple) [Headshot] wasd (Yellow)
Sat Feb 19 17:20:20 2022 Player Dirty Feeling has left
Sat Feb 19 17:20:24 2022 [Global] wasd (Yellow): avete un po' rotto il cazzo
Sat Feb 19 17:20:28 2022 Mnich (Purple) [Headshot] Elias (Yellow)
Sat Feb 19 17:20:30 2022 Arthur (Yellow) [Headshot] Or_Am_1? (Purple)
Sat Feb 19 17:20:34 2022 MuMu (Purple) [Grenade] volproil (Yellow)
Sat Feb 19 17:20:35 2022 Deemoo (Purple) [Headshot] Cow (Yellow)
Sat Feb 19 17:20:36 2022 Mnich (Purple) [Grenade] wasd (Yellow)
Sat Feb 19 17:20:37 2022 Mnich (Purple) [Grenade] Elias (Yellow)
Sat Feb 19 17:20:38 2022 Disonaurio (Yellow) [SMG] Deemoo (Purple)
Sat Feb 19 17:20:39 2022 Mnich (Purple) [Headshot] Arthur (Yellow)
Sat Feb 19 17:20:47 2022 [Global] Arthur (Yellow): esses caras do teu time sao um pe no saco
Sat Feb 19 17:20:48 2022 OGOIDcampos (Purple) [Grenade] volproil (Yellow)
Sat Feb 19 17:20:49 2022 katatrox joined Purple team
Sat Feb 19 17:20:49 2022 =]■/~τ (Yellow) [Headshot] PauloToide (Purple)
Sat Feb 19 17:20:53 2022 Or_Am_1? (Purple) [Headshot] Elias (Yellow)
Sat Feb 19 17:20:54 2022 MuMu (Purple) [Headshot] wasd (Yellow)
Sat Feb 19 17:20:54 2022 Or_Am_1? (Purple) [Headshot] volproil (Yellow)
Sat Feb 19 17:20:57 2022 Arthur (Yellow) [Headshot] catroidvania (Purple)
Sat Feb 19 17:20:59 2022 Mnich (Purple) [SMG] Arthur (Yellow)
Sat Feb 19 17:21:02 2022 =]■/~τ (Yellow) [Headshot] katatrox (Purple)
Sat Feb 19 17:21:05 2022 Arthur (Yellow) [SMG] Mnich (Purple)
Sat Feb 19 17:21:08 2022 kpand (Purple) [SMG] =]■/~τ (Yellow)
Sat Feb 19 17:21:09 2022 PauloToide (Purple) [SMG] Cow (Yellow)
Sat Feb 19 17:21:10 2022 Disonaurio (Yellow) [Grenade] PauloToide (Purple)
Sat Feb 19 17:21:10 2022 Arthur (Yellow) [Headshot] Or_Am_1? (Purple)
Sat Feb 19 17:21:10 2022 Or_Am_1? (Purple) [Grenade] Elias (Yellow)
Sat Feb 19 17:21:12 2022 Or_Am_1? (Purple) [Grenade] Arthur (Yellow)
Sat Feb 19 17:21:14 2022 catroidvania killed you with a mine!
Sat Feb 19 17:21:14 2022 catroidvania (Purple) [Grenade] Harry (Yellow)
Sat Feb 19 17:21:16 2022 Disonaurio (Yellow) [SMG] Deemoo (Purple)
Sat Feb 19 17:21:17 2022 wasd (Yellow) [Headshot] MuMu (Purple)
Sat Feb 19 17:21:20 2022 katatrox (Purple) [Headshot] Disonaurio (Yellow)
Sat Feb 19 17:21:23 2022 catroidvania (Purple) [Headshot] Arthur (Yellow)
Sat Feb 19 17:21:23 2022 OGOIDcampos (Purple) [Fall]
Sat Feb 19 17:21:37 2022 Arthur (Yellow) [Headshot] Or_Am_1? (Purple)
Sat Feb 19 17:21:37 2022 Mnich (Purple) [Headshot] Arthur (Yellow)
Sat Feb 19 17:21:42 2022 katatrox (Purple) [Grenade] =]■/~τ (Yellow)
Sat Feb 19 17:21:43 2022 Disonaurio (Yellow) [SMG] Or_Am_1? (Purple)
Sat Feb 19 17:21:44 2022 catroidvania (Purple) [Grenade] Elias (Yellow)
Sat Feb 19 17:21:51 2022 Arthur (Yellow) [SMG] Mnich (Purple)
Sat Feb 19 17:21:53 2022 Carlos_el_Duty joined Purple team
Sat Feb 19 17:22:01 2022 Harry (Yellow) [Headshot] kpand (Purple)
Sat Feb 19 17:22:04 2022 Disonaurio (Yellow) [Headshot] PauloToide (Purple)
Sat Feb 19 17:22:09 2022 Harry (Yellow) [Headshot] Carlos_el_Duty (Purple)
Sat Feb 19 17:22:23 2022 Or_Am_1? (Purple) [Grenade] Elias (Yellow)
Sat Feb 19 17:22:25 2022 Harry (Yellow) [Headshot] kpand (Purple)
Sat Feb 19 17:22:25 2022 Cow (Yellow) [Headshot] Carlos_el_Duty (Purple)
Sat Feb 19 17:22:31 2022 dandans (Yellow) [Grenade] OGOIDcampos (Purple)
Sat Feb 19 17:22:34 2022 Or_Am_1? (Purple) [Headshot] Elias (Yellow)
Sat Feb 19 17:22:34 2022 Or_Am_1? (Purple) [Grenade] dandans (Yellow)
Sat Feb 19 17:22:38 2022 Arthur (Yellow) [Grenade] katatrox (Purple)
Sat Feb 19 17:22:41 2022 kpand (Purple) [Headshot] =]■/~τ (Yellow)
Sat Feb 19 17:22:42 2022 Harry (Yellow) [Headshot] kpand (Purple)
Sat Feb 19 17:22:43 2022 Mnich (Purple) [SMG] dandans (Yellow)
Sat Feb 19 17:22:44 2022 Disonaurio (Yellow) [SMG] Carlos_el_Duty (Purple)
Sat Feb 19 17:22:44 2022 catroidvania (Purple) [Grenade] Arthur (Yellow)
Sat Feb 19 17:22:45 2022 Mnich (Purple) [Headshot] Elias (Yellow)
Sat Feb 19 17:22:48 2022 Carlos_el_Duty (Purple) [Weapon Change]
Sat Feb 19 17:22:50 2022 Arthur (Yellow) [Grenade] MuMu (Purple)
Sat Feb 19 17:22:51 2022 kpand (Purple) [Headshot] Harry (Yellow)
Sat Feb 19 17:22:51 2022 wasd (Yellow) [Headshot] kpand (Purple)
Sat Feb 19 17:22:51 2022 Arthur (Yellow) [Headshot] Or_Am_1? (Purple)
Sat Feb 19 17:22:53 2022 katatrox (Purple) [Headshot] wasd (Yellow)
Sat Feb 19 17:22:53 2022 Mnich (Purple) [SMG] dandans (Yellow)
Sat Feb 19 17:22:54 2022 Arthur (Yellow) [SMG] Mnich (Purple)
Sat Feb 19 17:23:01 2022 OGOIDcampos (Purple) [SMG] wasd (Yellow)
Sat Feb 19 17:23:06 2022 [Global] wasd (Yellow): let's make 'em all suffer MAN!
Sat Feb 19 17:23:11 2022 [Global] catroidvania (Purple): MAN!
Sat Feb 19 17:23:11 2022 kpand (Purple) [Headshot] volproil (Yellow)
Sat Feb 19 17:23:12 2022 =]■/~τ (Yellow) [Headshot] katatrox (Purple)
Sat Feb 19 17:23:16 2022 Cow (Yellow) [Headshot] Deemoo (Purple)
Sat Feb 19 17:23:24 2022 Ham joined Yellow team
Sat Feb 19 17:23:24 2022 Mnich (Purple) [Headshot] wasd (Yellow)
Sat Feb 19 17:23:25 2022 OGOIDcampos (Purple) [SMG] Arthur (Yellow)
Sat Feb 19 17:23:26 2022 Or_Am_1? (Purple) [Headshot] Elias (Yellow)
Sat Feb 19 17:23:29 2022 Disonaurio (Yellow) [Grenade] PauloToide (Purple)
Sat Feb 19 17:23:30 2022 Or_Am_1? (Purple) [Headshot] Ham (Yellow)
Sat Feb 19 17:23:32 2022 OGOIDcampos (Purple) [Headshot] wasd (Yellow)
Sat Feb 19 17:23:36 2022 kpand (Purple) [SMG] =]■/~τ (Yellow)
Sat Feb 19 17:23:38 2022 OGOIDcampos (Purple) [Fall]
Sat Feb 19 17:23:38 2022 Carlos_el_Duty (Purple) [SMG] Disonaurio (Yellow)
Sat Feb 19 17:23:39 2022 Or_Am_1? (Purple) [Grenade] dandans (Yellow)
Sat Feb 19 17:23:40 2022 Arthur (Yellow) [Headshot] Or_Am_1? (Purple)
Sat Feb 19 17:23:41 2022 Or_Am_1? (Purple) [Grenade] Elias (Yellow)
Sat Feb 19 17:23:43 2022 Deemoo (Purple) [Headshot] Cow (Yellow)
Sat Feb 19 17:23:48 2022 volproil (Yellow) [SMG] Mnich (Purple)
Sat Feb 19 17:23:51 2022 Player Disonaurio has left
Sat Feb 19 17:23:58 2022 Harry (Yellow) [Headshot] kpand (Purple)
Sat Feb 19 17:24:01 2022 MuMu (Purple) [Headshot] volproil (Yellow)
Sat Feb 19 17:24:05 2022 catroidvania (Purple) [Headshot] Ham (Yellow)
Sat Feb 19 17:24:07 2022 lutinatico joined Yellow team
Sat Feb 19 17:24:11 2022 Harry (Yellow) [Headshot] kpand (Purple)
Sat Feb 19 17:24:15 2022 lutinatico (Yellow) [Grenade] PauloToide (Purple)
Sat Feb 19 17:24:15 2022 lutinatico (Yellow) [Grenade] Carlos_el_Duty (Purple)
Sat Feb 19 17:24:16 2022 catroidvania (Purple) [Grenade] =]■/~τ (Yellow)
Sat Feb 19 17:24:20 2022 katatrox (Purple) [Headshot] lutinatico (Yellow)
Sat Feb 19 17:24:21 2022 MuMu (Purple) [SMG] Harry (Yellow)
Sat Feb 19 17:24:25 2022 katatrox (Purple) [Headshot] volproil (Yellow)
Sat Feb 19 17:24:25 2022 wasd (Yellow) [Rifle] OGOIDcampos (Purple)
Sat Feb 19 17:24:26 2022 catroidvania (Purple) [Grenade] dandans (Yellow)
Sat Feb 19 17:24:30 2022 wasd (Yellow) [Headshot] MuMu (Purple)
Sat Feb 19 17:24:31 2022 katatrox (Purple) [Headshot] Harry (Yellow)
Sat Feb 19 17:24:37 2022 FL | sByte joined Spectator team
Sat Feb 19 17:24:38 2022 katatrox (Purple) [SMG] lutinatico (Yellow)
Sat Feb 19 17:24:41 2022 Or_Am_1? (Purple) [Headshot] Harry (Yellow)
Sat Feb 19 17:24:41 2022 Ham (Yellow) [Headshot] Or_Am_1? (Purple)
Sat Feb 19 17:24:42 2022 Cow (Yellow) [Headshot] Carlos_el_Duty (Purple)
Sat Feb 19 17:24:47 2022 wasd (Yellow) [Headshot] katatrox (Purple)
Sat Feb 19 17:24:52 2022 kpand (Purple) [Headshot] Arthur (Yellow)
Sat Feb 19 17:24:53 2022 Player FL | sByte has left
Sat Feb 19 17:24:58 2022 Lucas19213 joined Purple team
Sat Feb 19 17:24:59 2022 Player PauloToide has left
Sat Feb 19 17:25:04 2022 kpand (Purple) [SMG] Harry (Yellow)
Sat Feb 19 17:25:05 2022 Player lutinatico has left
Sat Feb 19 17:25:14 2022 kpand (Purple) [Headshot] Ham (Yellow)
Sat Feb 19 17:25:21 2022 MuMu (Purple) [SMG] wasd (Yellow)
Sat Feb 19 17:25:21 2022 Arthur (Yellow) [SMG] MuMu (Purple)
Sat Feb 19 17:25:21 2022 Cow (Yellow) [Grenade]
Sat Feb 19 17:25:22 2022 kpand (Purple) [Headshot] Harry (Yellow)
Sat Feb 19 17:25:26 2022 kpand (Purple) [SMG] Arthur (Yellow)
Sat Feb 19 17:25:28 2022 kevin joined Spectator team
Sat Feb 19 17:25:28 2022 Harry (Yellow) [Headshot] kpand (Purple)
Sat Feb 19 17:25:30 2022 katatrox (Purple) [SMG] Elias (Yellow)
Sat Feb 19 17:25:36 2022 katatrox (Purple) [Headshot] =]■/~τ (Yellow)
Sat Feb 19 17:25:38 2022 OGOIDcampos (Purple) [SMG] Arthur (Yellow)
Sat Feb 19 17:25:39 2022 Cow (Yellow) [Grenade] Carlos_el_Duty (Purple)
Sat Feb 19 17:25:40 2022 OGOIDcampos (Purple) [Headshot] Elias (Yellow)
Sat Feb 19 17:25:43 2022 [Global] Arthur (Yellow): deus ques caras chatos
Sat Feb 19 17:25:50 2022 Arthur (Yellow) [Headshot] OGOIDcampos (Purple)
Sat Feb 19 17:25:54 2022 wasd (Yellow) [Headshot] Lucas19213 (Purple)
Sat Feb 19 17:25:55 2022 Or_Am_1? (Purple) [Rifle] Arthur (Yellow)
Sat Feb 19 17:25:58 2022 When joined Spectator team
Sat Feb 19 17:26:00 2022 Cow (Yellow) [Headshot] Carlos_el_Duty (Purple)
Sat Feb 19 17:26:02 2022 Arthur (Yellow) [Headshot] Or_Am_1? (Purple)
Sat Feb 19 17:26:09 2022 Arthur (Yellow) [SMG] Mnich (Purple)
Sat Feb 19 17:26:10 2022 wasd (Yellow) [Headshot] Carlos_el_Duty (Purple)
Sat Feb 19 17:26:15 2022 OGOIDcampos (Purple) [Headshot] Arthur (Yellow)
Sat Feb 19 17:26:17 2022 Ham (Yellow) [Headshot] Lucas19213 (Purple)
Sat Feb 19 17:26:17 2022 Carlos_el_Duty (Purple) [Headshot] wasd (Yellow)
Sat Feb 19 17:26:20 2022 katatrox (Purple) [SMG] Elias (Yellow)
Sat Feb 19 17:26:21 2022 catroidvania (Purple) [Headshot] dandans (Yellow)
Sat Feb 19 17:26:23 2022 Player When has left
Sat Feb 19 17:26:25 2022 Arthur (Yellow) [SMG] katatrox (Purple)
Sat Feb 19 17:26:32 2022 Arthur (Yellow) [Headshot] Or_Am_1? (Purple)
Sat Feb 19 17:26:32 2022 TersusXD joined Purple team
Sat Feb 19 17:26:34 2022 Mnich (Purple) [Headshot] dandans (Yellow)
Sat Feb 19 17:26:35 2022 wasd (Yellow) [Headshot] MuMu (Purple)
Sat Feb 19 17:26:36 2022 kpand (Purple) [SMG] Ham (Yellow)
Sat Feb 19 17:26:37 2022 When joined Yellow team
Sat Feb 19 17:26:40 2022 Harry (Yellow) [Headshot] kpand (Purple)
Sat Feb 19 17:26:40 2022 Lucas19213 (Purple) [Headshot] =]■/~τ (Yellow)
Sat Feb 19 17:26:41 2022 Arthur (Yellow) [SMG] Mnich (Purple)
Sat Feb 19 17:26:44 2022 Lucas19213 (Purple) [Rifle] Harry (Yellow)
Sat Feb 19 17:26:44 2022 Player =]■/~τ has left
Sat Feb 19 17:26:46 2022 Cow (Yellow) [Grenade] Carlos_el_Duty (Purple)
Sat Feb 19 17:26:47 2022 catroidvania (Purple) [Headshot] Arthur (Yellow)
Sat Feb 19 17:26:56 2022 EE joined Yellow team
Sat Feb 19 17:26:59 2022 dandans (Yellow) [Headshot] Or_Am_1? (Purple)
Sat Feb 19 17:27:04 2022 katatrox (Purple) [Headshot] When (Yellow)
Sat Feb 19 17:27:08 2022 Player kevin has left
Sat Feb 19 17:27:09 2022 catroidvania (Purple) [Headshot] Arthur (Yellow)
Sat Feb 19 17:27:11 2022 Or_Am_1? (Purple) [Headshot] dandans (Yellow)
Sat Feb 19 17:27:14 2022 wasd (Yellow) [Headshot] katatrox (Purple)
Sat Feb 19 17:27:18 2022 Arthur (Yellow) [Headshot] Or_Am_1? (Purple)
Sat Feb 19 17:27:18 2022 [Global] When (Yellow): r
Sat Feb 19 17:27:20 2022 Mnich (Purple) [SMG] Arthur (Yellow)
Sat Feb 19 17:27:22 2022 Cow (Yellow) [Grenade] MuMu (Purple)
Sat Feb 19 17:27:30 2022 Arthur (Yellow) [Headshot] Mnich (Purple)
Sat Feb 19 17:27:32 2022 katatrox (Purple) [Grenade] dandans (Yellow)
Sat Feb 19 17:27:33 2022 Carlos_el_Duty (Purple) [Headshot] Elias (Yellow)
Sat Feb 19 17:27:34 2022 Harry (Yellow) [Rifle] TersusXD (Purple)
Sat Feb 19 17:27:37 2022 kevin joined Purple team
Sat Feb 19 17:27:38 2022 Player Elias has left
Sat Feb 19 17:27:39 2022 katatrox (Purple) [Headshot] wasd (Yellow)
Sat Feb 19 17:27:44 2022 Mnich (Purple) [Headshot] Arthur (Yellow)
Sat Feb 19 17:27:44 2022 Cow (Yellow) [Grenade] MuMu (Purple)
Sat Feb 19 17:27:44 2022 Carlos_el_Duty (Purple) [Grenade]
Sat Feb 19 17:27:48 2022 katatrox (Purple) [Rifle] When (Yellow)
Sat Feb 19 17:27:49 2022 Harry (Yellow) [Headshot] katatrox (Purple)
Sat Feb 19 17:27:51 2022 kpand (Purple) [Headshot] Harry (Yellow)
Sat Feb 19 17:27:52 2022 Arthur (Yellow) [Headshot] Mnich (Purple)
Sat Feb 19 17:27:52 2022 catroidvania (Purple) [Headshot] Arthur (Yellow)
Sat Feb 19 17:27:53 2022 EE (Yellow) [Headshot] kevin (Purple)
Sat Feb 19 17:27:53 2022 kpand (Purple) [Headshot] EE (Yellow)
Sat Feb 19 17:27:57 2022 [Global] Arthur (Yellow): common noobs
Sat Feb 19 17:28:00 2022 Or_Am_1? (Purple) [Headshot] dandans (Yellow)
Sat Feb 19 17:28:02 2022 [Global] MuMu (Purple): Xd
Sat Feb 19 17:28:02 2022 [Global] catroidvania (Purple): alright gramps
Sat Feb 19 17:28:04 2022 Arthur (Yellow) [Grenade] Or_Am_1? (Purple)
Sat Feb 19 17:28:04 2022 Carlos_el_Duty (Purple) [Headshot] Ham (Yellow)
Sat Feb 19 17:28:05 2022 catroidvania (Purple) [Grenade] When (Yellow)
Sat Feb 19 17:28:10 2022 Cow (Yellow) [Grenade] MuMu (Purple)
Sat Feb 19 17:28:11 2022 Mnich (Purple) [SMG] Arthur (Yellow)
Sat Feb 19 17:28:12 2022 EE (Yellow) [Headshot] Deemoo (Purple)
Sat Feb 19 17:28:16 2022 Arthur (Yellow) [SMG] Mnich (Purple)
Sat Feb 19 17:28:20 2022 [Global] Or_Am_1? (Purple): i jsut starrted  this game today
Sat Feb 19 17:28:26 2022 Mnich (Purple) [Headshot] Arthur (Yellow)
Sat Feb 19 17:28:30 2022 wasd (Yellow) [Headshot] Carlos_el_Duty (Purple)
Sat Feb 19 17:28:31 2022 Mnich (Purple) [SMG] dandans (Yellow)
Sat Feb 19 17:28:31 2022 wasd (Yellow) [Headshot] katatrox (Purple)
Sat Feb 19 17:28:33 2022 [Global] catroidvania (Purple): well hes not wrong then
Sat Feb 19 17:28:35 2022 Mnich (Purple) [SMG] When (Yellow)
Sat Feb 19 17:28:35 2022 Cow (Yellow) [Grenade] MuMu (Purple)
Sat Feb 19 17:28:37 2022 Rick joined Yellow team
Sat Feb 19 17:28:40 2022 Mnich (Purple) [Headshot] Arthur (Yellow)
Sat Feb 19 17:28:41 2022 Rick (Yellow) [Weapon Change]
Sat Feb 19 17:28:42 2022 Lucas19213 (Purple) [Grenade] Cow (Yellow)
Sat Feb 19 17:28:43 2022 Deuce joined Spectator team
Sat Feb 19 17:28:43 2022 [Global] catroidvania (Purple): that just makes him worse than the common noob
Sat Feb 19 17:28:43 2022 Lucas19213 (Purple) [Headshot] Harry (Yellow)
Sat Feb 19 17:28:45 2022 [Global] Arthur (Yellow): common mnich
Sat Feb 19 17:28:49 2022 [Global] Arthur (Yellow): your is soo boring
Sat Feb 19 17:28:51 2022 wasd (Yellow) [Headshot] Carlos_el_Duty (Purple)
Sat Feb 19 17:28:53 2022 kpand (Purple) [Grenade] volproil (Yellow)
Sat Feb 19 17:28:53 2022 Deuce joined Yellow team
Sat Feb 19 17:28:56 2022 kpand (Purple) [Headshot] Arthur (Yellow)
Sat Feb 19 17:28:58 2022 Cow (Yellow) [Grenade] MuMu (Purple)
Sat Feb 19 17:28:59 2022 kpand (Purple) [SMG] Harry (Yellow)
Sat Feb 19 17:29:00 2022 [Global] When (Yellow): aaww
Sat Feb 19 17:29:00 2022 katatrox (Purple) [Headshot] Ham (Yellow)
Sat Feb 19 17:29:01 2022 Or_Am_1? (Purple) [Headshot] Rick (Yellow)
Sat Feb 19 17:29:02 2022 Squawk joined Purple team
Sat Feb 19 17:29:02 2022 Arthur (Yellow) [Headshot] Mnich (Purple)
Sat Feb 19 17:29:03 2022 wasd (Yellow) [Headshot] Carlos_el_Duty (Purple)
Sat Feb 19 17:29:05 2022 MuMu (Purple) [Headshot] wasd (Yellow)
Sat Feb 19 17:29:05 2022 Player Ham has left
Sat Feb 19 17:29:06 2022 Cow (Yellow) [Grenade] Or_Am_1? (Purple)
Sat Feb 19 17:29:10 2022 [Global] When (Yellow): aaww
Sat Feb 19 17:29:11 2022 EE (Yellow) [Headshot] Deemoo (Purple)
Sat Feb 19 17:29:15 2022 Cow (Yellow) [Grenade] MuMu (Purple)
Sat Feb 19 17:29:15 2022 Arthur (Yellow) [Headshot] catroidvania (Purple)
Sat Feb 19 17:29:16 2022 Mines are already full! 3 mines available.
Sat Feb 19 17:29:25 2022 kpand (Purple) [SMG] Rick (Yellow)
Sat Feb 19 17:29:29 2022 Arthur (Yellow) [Headshot] Mnich (Purple)
Sat Feb 19 17:29:29 2022 Cow (Yellow) [Headshot] Carlos_el_Duty (Purple)
Sat Feb 19 17:29:33 2022 Deemoo (Purple) [Rifle] Cow (Yellow)
Sat Feb 19 17:29:35 2022 EE (Yellow) [Headshot] kpand (Purple)
Sat Feb 19 17:29:35 2022 Deuce1 joined Yellow team
Sat Feb 19 17:29:37 2022 Player Deuce has left
Sat Feb 19 17:29:38 2022 Arthur (Yellow) [SMG] Or_Am_1? (Purple)
Sat Feb 19 17:29:39 2022 katatrox (Purple) [Headshot] Deuce1 (Yellow)
Sat Feb 19 17:29:40 2022 TersusXD (Purple) [Headshot] Cow (Yellow)
Sat Feb 19 17:29:43 2022 catroidvania (Purple) [Grenade]
Sat Feb 19 17:29:49 2022 Arthur (Yellow) [Headshot] Or_Am_1? (Purple)
Sat Feb 19 17:29:50 2022 [Global] catroidvania (Purple): inc
Sat Feb 19 17:29:52 2022 Ham joined Yellow team
Sat Feb 19 17:29:53 2022 Mnich (Purple) [Headshot] Arthur (Yellow)
Sat Feb 19 17:29:56 2022 Player Deuce1 has left
Sat Feb 19 17:29:57 2022 TersusXD (Purple) [Rifle] Ham (Yellow)
Sat Feb 19 17:29:57 2022 [Global] wasd (Yellow): gg 
Sat Feb 19 17:29:58 2022 Player wasd has left
Sat Feb 19 17:30:00 2022 dandans (Yellow) [Headshot] Mnich (Purple)
Sat Feb 19 17:30:02 2022 Harry (Yellow) [Headshot] catroidvania (Purple)
Sat Feb 19 17:30:08 2022 Or_Am_1? (Purple) [Grenade] When (Yellow)
Sat Feb 19 17:30:09 2022 Ham (Yellow) [Headshot] TersusXD (Purple)
Sat Feb 19 17:30:10 2022 MuMu (Purple) [SMG] Harry (Yellow)
Sat Feb 19 17:30:12 2022 MuMu (Purple) [SMG] Arthur (Yellow)
Sat Feb 19 17:30:12 2022 Arthur (Yellow) [Grenade] MuMu (Purple)
Sat Feb 19 17:30:15 2022 OGOIDcampos (Purple) [Headshot] dandans (Yellow)
Sat Feb 19 17:30:16 2022 Cow (Yellow) [Rifle] Carlos_el_Duty (Purple)
Sat Feb 19 17:30:17 2022 [Global] Arthur (Yellow): kaboom
Sat Feb 19 17:30:17 2022 kpand (Purple) [SMG] Harry (Yellow)
Sat Feb 19 17:30:17 2022 Deemoo (Purple) [Headshot] Cow (Yellow)
Sat Feb 19 17:30:22 2022 kpand (Purple) [SMG] Arthur (Yellow)
Sat Feb 19 17:30:24 2022 Arthur (Yellow) [Grenade] kpand (Purple)
Sat Feb 19 17:30:25 2022 katatrox (Purple) [Headshot] Cow (Yellow)
Sat Feb 19 17:30:26 2022 [Global] Arthur (Yellow): KABOOOM
Sat Feb 19 17:30:27 2022 Lucas19213 (Purple) [Headshot] Harry (Yellow)
Sat Feb 19 17:30:31 2022 katatrox (Purple) [Headshot] When (Yellow)
Sat Feb 19 17:30:31 2022 [Global] When (Yellow): f
Sat Feb 19 17:30:32 2022 Arthur (Yellow) [SMG] Squawk (Purple)
Sat Feb 19 17:30:35 2022 Mnich (Purple) [Headshot] Arthur (Yellow)
Sat Feb 19 17:30:36 2022 Deemoo (Purple) [Headshot] volproil (Yellow)
Sat Feb 19 17:30:37 2022 Lucas19213 (Purple) [Headshot] dandans (Yellow)
Sat Feb 19 17:30:38 2022 katatrox (Purple) [Headshot] Cow (Yellow)
Sat Feb 19 17:30:38 2022 Ham (Yellow) [Headshot] katatrox (Purple)
Sat Feb 19 17:30:39 2022 dandans (Yellow) [Grenade] Or_Am_1? (Purple)
Sat Feb 19 17:30:43 2022 Player When has left
Sat Feb 19 17:30:44 2022 Arthur (Yellow) [Headshot] Mnich (Purple)
Sat Feb 19 17:30:49 2022 [Global] MuMu (Purple): i died more times from mine than normal weapon xD
Sat Feb 19 17:30:50 2022 katatrox (Purple) [Weapon Change]
Sat Feb 19 17:30:53 2022 kpand (Purple) [Headshot] Ham (Yellow)
Sat Feb 19 17:30:54 2022 Harry (Yellow) [Headshot] TersusXD (Purple)
Sat Feb 19 17:30:54 2022 Carlos_el_Duty (Purple) [Grenade] Rick (Yellow)
Sat Feb 19 17:30:56 2022 Arthur (Yellow) [SMG] Or_Am_1? (Purple)
Sat Feb 19 17:30:59 2022 Cow (Yellow) [Grenade] Carlos_el_Duty (Purple)
Sat Feb 19 17:31:02 2022 [Global] Arthur (Yellow): this is normal
Sat Feb 19 17:31:04 2022 Lucas19213 (Purple) [Rifle] Harry (Yellow)
Sat Feb 19 17:31:06 2022 Arthur (Yellow) [Headshot] Mnich (Purple)
Sat Feb 19 17:31:07 2022 Or_Am_1? (Purple) [Rifle] Arthur (Yellow)
Sat Feb 19 17:31:19 2022 Tak joined Yellow team
Sat Feb 19 17:31:20 2022  EE was kicked: Rapid hack detected
Sat Feb 19 17:31:20 2022 Player EE has left
Sat Feb 19 17:31:20 2022 Rick (Yellow) [Headshot] Lucas19213 (Purple)
Sat Feb 19 17:31:20 2022 Cow (Yellow) [Grenade] Deemoo (Purple)
Sat Feb 19 17:31:25 2022 Player Or_Am_1? has left
Sat Feb 19 17:31:27 2022 kpand (Purple) [SMG] Rick (Yellow)
Sat Feb 19 17:31:27 2022 Arthur (Yellow) [Headshot] Mnich (Purple)
Sat Feb 19 17:31:28 2022 kpand (Purple) [SMG] Ham (Yellow)
Sat Feb 19 17:31:30 2022 kpand (Purple) [Headshot] Tak (Yellow)
Sat Feb 19 17:31:33 2022 [Global] OGOIDcampos (Purple): here is good mnich?
Sat Feb 19 17:31:36 2022 Player TersusXD has left
Sat Feb 19 17:31:36 2022 kpand (Purple) [SMG] Harry (Yellow)
Sat Feb 19 17:31:38 2022 Harry (Yellow) [Headshot] kpand (Purple)
Sat Feb 19 17:31:38 2022 Player kevin has left
Sat Feb 19 17:31:39 2022 [Global] Mnich (Purple): ?
Sat Feb 19 17:31:42 2022 Player Ham has left
Sat Feb 19 17:31:43 2022 Player Squawk has left
Sat Feb 19 17:31:43 2022 Player catroidvania has left
Sat Feb 19 17:31:44 2022 Arthur (Yellow) [Headshot] Mnich (Purple)
Sat Feb 19 17:31:49 2022 Player Lucas19213 has left
Sat Feb 19 17:31:51 2022 Arthur (Yellow) [Headshot] OGOIDcampos (Purple)
Sat Feb 19 17:32:02 2022 Carlos_el_Duty (Purple) [Headshot] volproil (Yellow)
Sat Feb 19 17:32:07 2022 Cow (Yellow) [Grenade] Carlos_el_Duty (Purple)
Sat Feb 19 17:32:07 2022 Cow (Yellow) [Grenade]
Sat Feb 19 17:32:10 2022 kpand (Purple) [SMG] Harry (Yellow)
Sat Feb 19 17:32:20 2022 [Global] Carlos_el_Duty (Purple): como se ponen minas ?
Sat Feb 19 17:32:26 2022 [Global] Cow (Yellow): be careful around my mines, you plew me up too!
Sat Feb 19 17:32:28 2022 OGOIDcampos (Purple) [Headshot] Harry (Yellow)
Sat Feb 19 17:32:33 2022 Tak (Yellow) [Fall]
Sat Feb 19 17:32:42 2022 kpand (Purple) [SMG] Tak (Yellow)
Sat Feb 19 17:32:42 2022 katatrox (Purple) [Headshot] Harry (Yellow)
Sat Feb 19 17:32:48 2022 Cow (Yellow) [Rifle] Carlos_el_Duty (Purple)
Sat Feb 19 17:32:50 2022 katatrox (Purple) [SMG] Tak (Yellow)
Sat Feb 19 17:32:51 2022 Harry (Yellow) [Headshot] katatrox (Purple)
Sat Feb 19 17:32:57 2022 OGOIDcampos (Purple) [Grenade]
Sat Feb 19 17:33:00 2022 Carlos_el_Duty (Purple) [Rifle] volproil (Yellow)
Sat Feb 19 17:33:02 2022 kpand (Purple) [Grenade] Rick (Yellow)
Sat Feb 19 17:33:02 2022 kpand (Purple) [Headshot] Harry (Yellow)
Sat Feb 19 17:33:06 2022 MuMu (Purple) [Headshot] volproil (Yellow)
Sat Feb 19 17:33:11 2022 Arthur (Yellow) [Grenade] kpand (Purple)
Sat Feb 19 17:33:15 2022 Cow (Yellow) [Headshot] Carlos_el_Duty (Purple)
Sat Feb 19 17:33:16 2022 [Global] Arthur (Yellow): KABOOOOOOOOOOOOM
Sat Feb 19 17:33:16 2022 volproil (Yellow) [Headshot] MuMu (Purple)
Sat Feb 19 17:33:25 2022 OGOIDcampos (Purple) [Grenade] Tak (Yellow)
Sat Feb 19 17:33:29 2022 Arthur (Yellow) [Headshot] OGOIDcampos (Purple)
Sat Feb 19 17:33:32 2022 Harry (Yellow) [Headshot] kpand (Purple)
Sat Feb 19 17:33:44 2022 Cow (Yellow) [Grenade] Carlos_el_Duty (Purple)
Sat Feb 19 17:33:54 2022 Tak (Yellow) [Headshot] Mnich (Purple)
Sat Feb 19 17:34:01 2022 MuMu (Purple) [Headshot] Arthur (Yellow)
Sat Feb 19 17:34:01 2022 OGOIDcampos (Purple) [Grenade] Tak (Yellow)
Sat Feb 19 17:34:06 2022 Harry (Yellow) [Headshot] kpand (Purple)
Sat Feb 19 17:34:10 2022 Rick (Yellow) [Grenade] Mnich (Purple)
Sat Feb 19 17:34:18 2022 Arthur (Yellow) [Grenade] MuMu (Purple)
Sat Feb 19 17:34:18 2022 Arthur (Yellow) [Grenade] katatrox (Purple)
Sat Feb 19 17:34:21 2022 [Global] Arthur (Yellow): KABOOOOM
Sat Feb 19 17:34:24 2022 Cow (Yellow) [Headshot] Carlos_el_Duty (Purple)
Sat Feb 19 17:34:26 2022 Mnich picked up Yellow's Intel.
Sat Feb 19 17:34:28 2022 Mnich dropped Yellow's Intel
Sat Feb 19 17:34:28 2022 Arthur (Yellow) [Headshot] Mnich (Purple)
Sat Feb 19 17:34:34 2022 OGOIDcampos (Purple) [Headshot] Arthur (Yellow)
Sat Feb 19 17:34:36 2022 OGOIDcampos picked up Yellow's Intel.
Sat Feb 19 17:34:37 2022 OGOIDcampos dropped Yellow's Intel
Sat Feb 19 17:34:37 2022 Tak (Yellow) [Headshot] OGOIDcampos (Purple)
Sat Feb 19 17:34:42 2022 kpand (Purple) [SMG] dandans (Yellow)
Sat Feb 19 17:34:47 2022 Carlos_el_Duty (Purple) [Rifle] volproil (Yellow)
Sat Feb 19 17:34:53 2022 OGOIDcampos (Purple) [Grenade] Cow (Yellow)
Sat Feb 19 17:34:58 2022 [Global] Cow (Yellow): lol
Sat Feb 19 17:35:00 2022 Rick (Yellow) [Grenade] MuMu (Purple)
Sat Feb 19 17:35:12 2022 OGOIDcampos (Purple) [SMG]
Sat Feb 19 17:35:13 2022 kpand (Purple) [SMG] Tak (Yellow)
Sat Feb 19 17:35:14 2022 [Global] Mnich (Purple): You're raping death cow?
Sat Feb 19 17:35:17 2022 Harry (Yellow) [Headshot] MuMu (Purple)
Sat Feb 19 17:35:20 2022 kpand (Purple) [Grenade] volproil (Yellow)
Sat Feb 19 17:35:20 2022 kpand (Purple) [Grenade] Rick (Yellow)
Sat Feb 19 17:35:21 2022 katatrox (Purple) [SMG] Rick (Yellow)
Sat Feb 19 17:35:25 2022 katatrox (Purple) [SMG] Arthur (Yellow)
Sat Feb 19 17:35:30 2022 [Global] Cow (Yellow): it wasn't very well played I will admit
Sat Feb 19 17:35:36 2022 MuMu (Purple) [Headshot] Harry (Yellow)
Sat Feb 19 17:35:36 2022 kpand (Purple) [Headshot] volproil (Yellow)
Sat Feb 19 17:35:37 2022 Cow (Yellow) [Grenade] Carlos_el_Duty (Purple)
Sat Feb 19 17:35:40 2022 Player OGOIDcampos has left
Sat Feb 19 17:35:41 2022 Harry (Yellow) [Headshot] katatrox (Purple)
Sat Feb 19 17:35:45 2022 MuMu (Purple) [Headshot] dandans (Yellow)
Sat Feb 19 17:35:51 2022 [Global] Mnich (Purple): It was weird, I need to admint.
Sat Feb 19 17:35:53 2022 [Global] Mnich (Purple): Admit*
Sat Feb 19 17:35:55 2022 MuMu (Purple) [SMG] volproil (Yellow)
Sat Feb 19 17:35:56 2022 Harry (Yellow) [Headshot] MuMu (Purple)
Sat Feb 19 17:36:10 2022 dandans (Yellow) [Headshot] Mnich (Purple)
Sat Feb 19 17:36:12 2022 kpand (Purple) [SMG] Tak (Yellow)
Sat Feb 19 17:36:12 2022 Carlos_el_Duty (Purple) [Grenade]
Sat Feb 19 17:36:15 2022 Player Tak has left
Sat Feb 19 17:36:15 2022 =]■/~τ joined Purple team
Sat Feb 19 17:36:17 2022 Harry (Yellow) [Headshot] kpand (Purple)
Sat Feb 19 17:36:23 2022 Harry (Yellow) [Headshot] MuMu (Purple)
Sat Feb 19 17:36:25 2022 Player Carlos_el_Duty has left
Sat Feb 19 17:36:32 2022 Harry (Yellow) [Headshot] =]■/~τ (Purple)
Sat Feb 19 17:36:38 2022 kpand (Purple) [Headshot] Harry (Yellow)
Sat Feb 19 17:36:39 2022 Arthur (Yellow) [Grenade] katatrox (Purple)
Sat Feb 19 17:36:56 2022 volproil (Yellow) [Headshot] kpand (Purple)
Sat Feb 19 17:36:57 2022 katatrox (Purple) [Headshot] volproil (Yellow)
Sat Feb 19 17:37:14 2022 MuMu (Purple) [SMG] Harry (Yellow)
Sat Feb 19 17:37:25 2022 MuMu (Purple) [Headshot] volproil (Yellow)
Sat Feb 19 17:37:31 2022 kpand (Purple) [Headshot] Arthur (Yellow)
Sat Feb 19 17:37:34 2022 MuMu (Purple) [SMG] Harry (Yellow)
Sat Feb 19 17:37:43 2022 Mines are already full! 3 mines available.
Sat Feb 19 17:37:45 2022 kpand (Purple) [Headshot] dandans (Yellow)
Sat Feb 19 17:37:51 2022 Player dandans has left
Sat Feb 19 17:37:55 2022 Arthur (Yellow) [Headshot] MuMu (Purple)
Sat Feb 19 17:37:56 2022 kpand (Purple) [Headshot] volproil (Yellow)
Sat Feb 19 17:38:02 2022 kpand (Purple) [Headshot] volproil (Yellow)
Sat Feb 19 17:38:07 2022 katatrox (Purple) [Headshot] Harry (Yellow)
Sat Feb 19 17:38:10 2022 Arthur (Yellow) [Grenade] katatrox (Purple)
Sat Feb 19 17:38:18 2022 kpand (Purple) [Headshot] Harry (Yellow)
Sat Feb 19 17:38:22 2022 [Global] Rick (Yellow): sorry
Sat Feb 19 17:38:26 2022 kpand (Purple) [SMG] Harry (Yellow)
Sat Feb 19 17:38:27 2022 [Global] Cow (Yellow): lol that was funny
Sat Feb 19 17:38:29 2022 kpand (Purple) [SMG] Arthur (Yellow)
Sat Feb 19 17:38:40 2022 MuMu (Purple) [SMG] Arthur (Yellow)
Sat Feb 19 17:38:41 2022 Harry (Yellow) [Headshot] MuMu (Purple)
Sat Feb 19 17:38:41 2022 kpand (Purple) [Headshot] Harry (Yellow)
Sat Feb 19 17:38:45 2022 Rick (Yellow) [Grenade]
Sat Feb 19 17:38:50 2022 [Global] Arthur (Yellow): thats purple guys are asdsa
Sat Feb 19 17:38:50 2022 Deemoo (Purple) [Headshot] Arthur (Yellow)
Sat Feb 19 17:38:53 2022 Rick (Yellow) [Grenade] katatrox (Purple)
Sat Feb 19 17:39:02 2022 Deemoo (Purple) [Headshot] Rick (Yellow)
Sat Feb 19 17:39:02 2022 Arthur (Yellow) [Headshot] kpand (Purple)
Sat Feb 19 17:39:03 2022 Harry (Yellow) [Headshot] =]■/~τ (Purple)
Sat Feb 19 17:39:08 2022 Arthur (Yellow) [Headshot] Deemoo (Purple)
Sat Feb 19 17:39:14 2022 kpand (Purple) [SMG] Harry (Yellow)
Sat Feb 19 17:39:16 2022 kpand (Purple) [Headshot] Arthur (Yellow)
Sat Feb 19 17:39:21 2022 Rick (Yellow) [Grenade] =]■/~τ (Purple)
Sat Feb 19 17:39:24 2022 Player =]■/~τ has left
Sat Feb 19 17:39:25 2022 Rick (Yellow) [Rifle] kpand (Purple)
Sat Feb 19 17:39:30 2022 MuMu (Purple) [SMG] Harry (Yellow)
Sat Feb 19 17:39:31 2022 MuMu (Purple) [Headshot] Rick (Yellow)
Sat Feb 19 17:39:32 2022 Arthur (Yellow) [Grenade] Mnich (Purple)
Sat Feb 19 17:39:35 2022 Rick (Yellow) [Grenade] MuMu (Purple)
Sat Feb 19 17:39:37 2022 [Global] Arthur (Yellow): noobs
Sat Feb 19 17:39:47 2022 katatrox (Purple) [Headshot] Arthur (Yellow)
Sat Feb 19 17:39:47 2022 [Global] Mnich (Purple): Noobs?
Sat Feb 19 17:39:50 2022 kpand (Purple) [Grenade] volproil (Yellow)
Sat Feb 19 17:39:58 2022 [Global] Mnich (Purple): You're losing 8-0 with noobs
Sat Feb 19 17:39:58 2022 Player volproil has left
Sat Feb 19 17:39:58 2022 Deemoo (Purple) [Headshot] Arthur (Yellow)
Sat Feb 19 17:40:03 2022 [Global] Mnich (Purple): So who are you?
Sat Feb 19 17:40:03 2022 katatrox (Purple) [Headshot] Arthur (Yellow)
Sat Feb 19 17:40:05 2022 [Global] Arthur (Yellow): yes
Sat Feb 19 17:40:09 2022 kpand (Purple) [SMG] Harry (Yellow)
Sat Feb 19 17:40:09 2022 [Global] Arthur (Yellow): goes to cry ?
Sat Feb 19 17:40:14 2022 kpand (Purple) [SMG] Harry (Yellow)
Sat Feb 19 17:40:19 2022 katatrox (Purple) [Headshot] Arthur (Yellow)
Sat Feb 19 17:40:22 2022 [Global] Mnich (Purple): Yeah.
Sat Feb 19 17:40:25 2022 katatrox (Purple) [Headshot] Harry (Yellow)
Sat Feb 19 17:40:26 2022 katatrox (Purple) [Headshot] Arthur (Yellow)
Sat Feb 19 17:40:26 2022 [Global] Mnich (Purple): I am sobbing right now.
Sat Feb 19 17:40:30 2022 [Global] Arthur (Yellow): dont cry baby
Sat Feb 19 17:40:31 2022 Arthur (Yellow) [Grenade] katatrox (Purple)
Sat Feb 19 17:40:33 2022 [Global] Arthur (Yellow): kabooom
Sat Feb 19 17:40:38 2022 Harry (Yellow) [Headshot] kpand (Purple)
Sat Feb 19 17:40:41 2022 Deemoo (Purple) [Headshot] Harry (Yellow)
Sat Feb 19 17:40:41 2022 Arthur (Yellow) [Headshot] Deemoo (Purple)
Sat Feb 19 17:40:52 2022 Cow (Yellow) [Grenade]
Sat Feb 19 17:40:53 2022 MuMu (Purple) [Grenade]
Sat Feb 19 17:40:54 2022 elvis joined Yellow team
Sat Feb 19 17:41:05 2022 Rick (Yellow) [Headshot] MuMu (Purple)
Sat Feb 19 17:41:16 2022 katatrox (Purple) [Headshot] Harry (Yellow)
Sat Feb 19 17:41:16 2022 elvis (Yellow) [Headshot] katatrox (Purple)
Sat Feb 19 17:41:20 2022 elvis (Yellow) [Headshot] kpand (Purple)
Sat Feb 19 17:41:26 2022 katatrox (Purple) [Headshot] Rick (Yellow)
Sat Feb 19 17:41:36 2022 Arthur (Yellow) [Headshot] Deemoo (Purple)
Sat Feb 19 17:41:36 2022 Tomkat joined Purple team
Sat Feb 19 17:41:39 2022 gostosa joined Yellow team
Sat Feb 19 17:41:46 2022 MuMu (Purple) [Headshot] Arthur (Yellow)
Sat Feb 19 17:41:49 2022 Harry (Yellow) [Headshot] MuMu (Purple)
Sat Feb 19 17:41:57 2022 Harry (Yellow) [Headshot] katatrox (Purple)
Sat Feb 19 17:42:10 2022 Arthur (Yellow) [Grenade] Mnich (Purple)
Sat Feb 19 17:42:17 2022 [Global] Arthur (Yellow): fucking lagger
Sat Feb 19 17:42:19 2022 Arthur (Yellow) [Grenade] katatrox (Purple)
Sat Feb 19 17:42:23 2022 kpand (Purple) [Headshot] Arthur (Yellow)
Sat Feb 19 17:42:26 2022 Arthur (Yellow) [Headshot] kpand (Purple)
Sat Feb 19 17:42:26 2022 Mnich (Purple) [Headshot] Arthur (Yellow)
Sat Feb 19 17:42:28 2022 Rick (Yellow) [Grenade] Mnich (Purple)
Sat Feb 19 17:42:42 2022 MuMu (Purple) [SMG] Arthur (Yellow)
Sat Feb 19 17:42:43 2022 [Global] Mnich (Purple): Better play instead of swearing.
Sat Feb 19 17:42:43 2022 katatrox (Purple) [Headshot] Cow (Yellow)
Sat Feb 19 17:42:46 2022 [Global] Cow (Yellow): lol
Sat Feb 19 17:42:59 2022  Type /help for info & commands
Sat Feb 19 17:43:00 2022 Harry (Yellow) [Headshot] kpand (Purple)
Sat Feb 19 17:43:03 2022 Player kpand has left
Sat Feb 19 17:43:11 2022 Cow (Yellow) [Grenade]
Sat Feb 19 17:43:12 2022 katatrox (Purple) [Fall]
Sat Feb 19 17:43:26 2022 Mnich (Purple) [SMG] gostosa (Yellow)
Sat Feb 19 17:43:27 2022 katatrox (Purple) [Headshot] Rick (Yellow)
Sat Feb 19 17:43:40 2022 Deemoo (Purple) [Grenade] Cow (Yellow)
Sat Feb 19 17:43:41 2022 elvis (Yellow) [Fall]
Sat Feb 19 17:43:52 2022 Arthur (Yellow) [Grenade]
Sat Feb 19 17:43:53 2022 MuMu (Purple) [Headshot] Rick (Yellow)
Sat Feb 19 17:43:55 2022 MuMu (Purple) [Headshot] Cow (Yellow)
Sat Feb 19 17:43:57 2022 Tomkat (Purple) [SMG] elvis (Yellow)
Sat Feb 19 17:44:02 2022 MuMu (Purple) [SMG] gostosa (Yellow)
Sat Feb 19 17:44:03 2022 Deemoo (Purple) [Headshot] Cow (Yellow)
Sat Feb 19 17:44:10 2022 Deemoo (Purple) [Headshot] Rick (Yellow)
Sat Feb 19 17:44:13 2022 Deemoo (Purple) [Headshot] Arthur (Yellow)
Sat Feb 19 17:44:17 2022 Rick (Yellow) [Grenade] Tomkat (Purple)
Sat Feb 19 17:44:23 2022 Tomkat (Purple) [Grenade] Cow (Yellow)
Sat Feb 19 17:44:24 2022 You have destroyed catroidvania's mine!
Sat Feb 19 17:44:26 2022 MuMu (Purple) [SMG] Rick (Yellow)
Sat Feb 19 17:44:26 2022 You have destroyed catroidvania's mine!
Sat Feb 19 17:44:28 2022 You have destroyed catroidvania's mine!
Sat Feb 19 17:44:29 2022 MuMu (Purple) [Headshot] Arthur (Yellow)
Sat Feb 19 17:44:29 2022 You have destroyed bongo's mine!
Sat Feb 19 17:44:32 2022 elvis (Yellow) [Headshot] Deemoo (Purple)
Sat Feb 19 17:44:32 2022 [Global] Arthur (Yellow): common noobs
Sat Feb 19 17:44:34 2022 MuMu (Purple) [Headshot] Cow (Yellow)
Sat Feb 19 17:44:38 2022 Arthur (Yellow) [Headshot] MuMu (Purple)
Sat Feb 19 17:44:40 2022 katatrox (Purple) [Headshot] elvis (Yellow)
Sat Feb 19 17:44:45 2022 [Global] MuMu (Purple): yxDDDDD
Sat Feb 19 17:44:59 2022 Harry (Yellow) [Headshot] MuMu (Purple)
Sat Feb 19 17:45:04 2022 Harry (Yellow) [Headshot] MuMu (Purple)
Sat Feb 19 17:45:07 2022 Arthur (Yellow) [Headshot] Mnich (Purple)
Sat Feb 19 17:45:10 2022 elvis (Yellow) [SMG] katatrox (Purple)
Sat Feb 19 17:45:12 2022 Elder killed you with a mine!
Sat Feb 19 17:45:12 2022 Harry (Yellow) [Grenade]
Sat Feb 19 17:45:21 2022 Arthur (Yellow) [Headshot] Tomkat (Purple)
Sat Feb 19 17:45:31 2022 [Global] Mnich (Purple):  /squad 1
Sat Feb 19 17:45:36 2022 Disconnecting
