Sat Feb 19 11:38:09 2022 ------ World Loaded ------
Sat Feb 19 11:38:10 2022 Welcome to popeyspades
Sat Feb 19 11:38:10 2022 Map: Hallway by izzy
Sat Feb 19 11:38:12 2022 You have 1 medkit!
Sat Feb 19 11:38:12 2022 Game mode: ctf
Sat Feb 19 11:38:12 2022 [Global] lucifer  (Good): XD?
Sat Feb 19 11:38:14 2022 Server powered by piqueserver and buildandshoot.com
Sat Feb 19 11:38:15 2022 [Global] 8nhuman (Evil):  
Sat Feb 19 11:38:16 2022 [Global] toma (Evil):  
Sat Feb 19 11:38:16 2022 Server info: https://popeyspad.es/
Sat Feb 19 11:38:16 2022 [Global] 8nhuman (Evil):  
Sat Feb 19 11:38:18 2022 Discord: https://popeyspad.es/discord
Sat Feb 19 11:38:19 2022 [Global] toma (Evil):  
Sat Feb 19 11:38:20 2022 [Global] toma (Evil):  
Sat Feb 19 11:38:20 2022 [Global] toma (Evil):  
Sat Feb 19 11:38:20 2022  toma has been muted for excessive spam
Sat Feb 19 11:38:20 2022 [Global] toma (Evil):   
Sat Feb 19 11:38:25 2022 [Global] elpapu (Evil): xd
Sat Feb 19 11:38:25 2022 Sr.Sam525 joined Good team
Sat Feb 19 11:38:31 2022 elpapu (Evil) [Fall]
Sat Feb 19 11:38:34 2022 [Global] lucifer  (Good): .-.
Sat Feb 19 11:38:39 2022 [Global] lucifer  (Good): se resvalo xd
Sat Feb 19 11:38:43 2022 8nhuman (Evil) [Headshot] DUA|Changiiii (Good)
Sat Feb 19 11:38:45 2022 [Global] elpapu (Evil): si :(
Sat Feb 19 11:38:47 2022 lucifer  (Good) [Rifle] 8nhuman (Evil)
Sat Feb 19 11:38:55 2022 DUA|Changiiii (Good) [Headshot] toma (Evil)
Sat Feb 19 11:38:58 2022 [Global] elpapu (Evil): bueno me voy a cambiar de team ya me aburri
Sat Feb 19 11:38:58 2022 toma (Evil) [Weapon Change]
Sat Feb 19 11:39:01 2022 Player elpapu has left
Sat Feb 19 11:39:04 2022 [Global] lucifer  (Good): .-.
Sat Feb 19 11:39:20 2022  Type /help for info & commands
Sat Feb 19 11:39:22 2022 [Global] lucifer  (Good): alguien le puede desir que no eraa nese sario salirse xd?
Sat Feb 19 11:39:26 2022 elpapu joined Good team
Sat Feb 19 11:39:35 2022 [Global] elpapu (Good): q hacen ahi xd
Sat Feb 19 11:39:41 2022 Harry (Good) [Headshot] DASCOMAR (Evil)
Sat Feb 19 11:39:45 2022 You have been healed
Sat Feb 19 11:39:48 2022 [Global] lucifer  (Good): boludiando un rato xd
Sat Feb 19 11:39:59 2022 [Global] elpapu (Good): como se cambia el color de bloque?
Sat Feb 19 11:40:02 2022 DUA|Changiiii (Good) [Headshot] toma (Evil)
Sat Feb 19 11:40:04 2022 DUA|Changiiii (Good) [Headshot] 8nhuman (Evil)
Sat Feb 19 11:40:05 2022 [Global] elpapu (Good): soy tan pelotudo q no se eso
Sat Feb 19 11:40:10 2022 [Global] lucifer  (Good): con las flechas
Sat Feb 19 11:40:19 2022 [Global] elpapu (Good): joder gracias
Sat Feb 19 11:40:21 2022 Disconnecting
