Sat May 21 20:40:43 2022 ------ World Loaded ------
Sat May 21 20:40:43 2022 [Global] Astral - Sun (Red): GIKL
Sat May 21 20:40:43 2022 astral atheris (Blue) [Weapon Change]
Sat May 21 20:40:43 2022 Welcome to [24/7] Astral Arena
Sat May 21 20:40:43 2022 [Global] mikele xd (Red): putaa
Sat May 21 20:40:44 2022 [Global] mikele xd (Red): xd
Sat May 21 20:40:44 2022 Maki () [Fall]
Sat May 21 20:40:44 2022 [Global] Astral - Sun (Red): VOS TE TEPAEAS
Sat May 21 20:40:45 2022 Map: avseafort by AVuKY
Sat May 21 20:40:47 2022 Game mode: arena
Sat May 21 20:40:47 2022 [Global] Astral - Sun (Red): NUCETODER
Sat May 21 20:40:47 2022 5
Sat May 21 20:40:48 2022 4
Sat May 21 20:40:49 2022 Server powered by piqueserver and buildandshoot.com
Sat May 21 20:40:49 2022 3
Sat May 21 20:40:50 2022 2
Sat May 21 20:40:51 2022 Discord: https://discord.gg/ceqBDP3HHf
Sat May 21 20:40:51 2022 [Global] TITAN Nuceto (Blue): que dice
Sat May 21 20:40:51 2022 1
Sat May 21 20:40:52 2022 Go!
Sat May 21 20:40:52 2022 There is a time limit of 3.00 minutes for this round.
Sat May 21 20:40:52 2022 Disconnecting
