Sun Aug 21 20:15:00 2022 ------ World Loaded ------
Sun Aug 21 20:15:00 2022 Welcome to ip2.online | Hallway
Sun Aug 21 20:15:02 2022 Map: Tideway by SeeSea and Tr0lh3x
Sun Aug 21 20:15:04 2022 Game mode: ctf
Sun Aug 21 20:15:04 2022 c nueva res (Purple) [Headshot] alessa kirkov (Yellow)
Sun Aug 21 20:15:06 2022 ip2.online | IP2 Always Wins
Sun Aug 21 20:15:08 2022 c nueva res (Purple) [Headshot] Shiki (Yellow)
Sun Aug 21 20:15:14 2022 Joker (Purple) [Melee] SamuraiKiller (Yellow)
Sun Aug 21 20:15:17 2022 [Global] xdxdxdxdxdxdxd (Yellow): quitensen los hacks bots
Sun Aug 21 20:15:20 2022 Joker (Purple) [Headshot] alessa kirkov (Yellow)
Sun Aug 21 20:15:25 2022 [Global] alessa kirkov (Yellow): spam crouch?
Sun Aug 21 20:15:26 2022 Player SamuraiKiller has left
Sun Aug 21 20:15:27 2022 [Global] alessa kirkov (Yellow): zzz
Sun Aug 21 20:15:34 2022 grochu (Yellow) [Fall]
Sun Aug 21 20:15:34 2022 Lasagnaman (Purple) [Melee] Trapez (Yellow)
Sun Aug 21 20:15:35 2022 c nueva res (Purple) [Headshot] Shiki (Yellow)
Sun Aug 21 20:15:36 2022 alessa kirkov (Yellow) [Headshot] c nueva res (Purple)
Sun Aug 21 20:15:38 2022 Lasagnaman (Purple) [Headshot] alessa kirkov (Yellow)
Sun Aug 21 20:15:42 2022 xdxdxdxdxdxdxd (Yellow) [Headshot] Lasagnaman (Purple)
Sun Aug 21 20:15:50 2022 [Global] grochu (Yellow): A wiecie ze papiez jebal dzieci ?
Sun Aug 21 20:15:51 2022 Joker (Purple) [Headshot] xdxdxdxdxdxdxd (Yellow)
Sun Aug 21 20:16:10 2022 SamuraiKiller joined Yellow team
Sun Aug 21 20:16:20 2022 mata  geis killed you with a mine!
Sun Aug 21 20:16:20 2022 mata  geis (Yellow) [Grenade] Harry (Purple)
Sun Aug 21 20:16:23 2022 Lasagnaman (Purple) [Rifle] SamuraiKiller (Yellow)
Sun Aug 21 20:16:27 2022 c nueva res (Purple) [Headshot] alessa kirkov (Yellow)
Sun Aug 21 20:16:30 2022 grochu (Yellow) [SMG] Joker (Purple)
Sun Aug 21 20:16:30 2022 Player Shiki has left
Sun Aug 21 20:16:35 2022 Lasagnaman (Purple) [Rifle] grochu (Yellow)
Sun Aug 21 20:16:37 2022 alessa kirkov (Yellow) [Headshot] Lasagnaman (Purple)
Sun Aug 21 20:16:39 2022 Player grochu has left
Sun Aug 21 20:16:43 2022 [Global] mata  geis (Yellow): el unico hacker q tenemos es larry
Sun Aug 21 20:16:50 2022 alessa kirkov (Yellow) [Rifle] wEEJUM (Purple)
Sun Aug 21 20:16:56 2022 Trapez (Yellow) [Rifle] c nueva res (Purple)
Sun Aug 21 20:17:22 2022 demondaspaty (Purple) [Rifle] SamuraiKiller (Yellow)
Sun Aug 21 20:17:22 2022 3esky joined Yellow team
Sun Aug 21 20:17:24 2022 PIZZa (Purple) [Shotgun] alessa kirkov (Yellow)
Sun Aug 21 20:17:26 2022 demondaspaty (Purple) [Rifle] 3esky (Yellow)
Sun Aug 21 20:17:31 2022 [Global] alessa kirkov (Yellow): wher????
Sun Aug 21 20:17:32 2022 [Global] alessa kirkov (Yellow): wtf 
Sun Aug 21 20:17:33 2022 demondaspaty (Purple) [Rifle] alessa kirkov (Yellow)
Sun Aug 21 20:17:39 2022 [Global] alessa kirkov (Yellow): bruh
Sun Aug 21 20:17:39 2022 [Global] mata  geis (Yellow): is hacking
Sun Aug 21 20:17:43 2022 c nueva res (Purple) [Headshot] SamuraiKiller (Yellow)
Sun Aug 21 20:17:45 2022 rocay joined Yellow team
Sun Aug 21 20:17:47 2022 c nueva res (Purple) [Headshot] alessa kirkov (Yellow)
Sun Aug 21 20:17:49 2022 Trapez (Yellow) [Headshot] Joker (Purple)
Sun Aug 21 20:17:50 2022 laccucagaanaaa joined Yellow team
Sun Aug 21 20:17:52 2022 Harry (Purple) [Headshot] SamuraiKiller (Yellow)
Sun Aug 21 20:17:55 2022 demondaspaty (Purple) [Grenade] 3esky (Yellow)
Sun Aug 21 20:17:57 2022 demondaspaty (Purple) [Rifle] laccucagaanaaa (Yellow)
Sun Aug 21 20:17:57 2022 demondaspaty (Purple) [Rifle] rocay (Yellow)
Sun Aug 21 20:17:59 2022 Trapez (Yellow) [Rifle] PIZZa (Purple)
Sun Aug 21 20:18:00 2022 xdxdxdxdxdxdxd (Yellow) [Rifle] wEEJUM (Purple)
Sun Aug 21 20:18:00 2022 Joker (Purple) [SMG] xdxdxdxdxdxdxd (Yellow)
Sun Aug 21 20:18:02 2022 [Global] alessa kirkov (Yellow): shit lag
Sun Aug 21 20:18:06 2022 demondaspaty (Purple) [Rifle] SamuraiKiller (Yellow)
Sun Aug 21 20:18:07 2022 demondaspaty (Purple) [Rifle] alessa kirkov (Yellow)
Sun Aug 21 20:18:08 2022 demondaspaty (Purple) [Fall]
Sun Aug 21 20:18:09 2022 [Global] mata  geis (Yellow): ye´
Sun Aug 21 20:18:11 2022 [Global] alessa kirkov (Yellow): what
Sun Aug 21 20:18:12 2022 Lasagnaman (Purple) [Headshot] 3esky (Yellow)
Sun Aug 21 20:18:13 2022 c nueva res (Purple) [Headshot] laccucagaanaaa (Yellow)
Sun Aug 21 20:18:15 2022 c nueva res (Purple) [Headshot] rocay (Yellow)
Sun Aug 21 20:18:18 2022 c nueva res (Purple) [Headshot] xdxdxdxdxdxdxd (Yellow)
Sun Aug 21 20:18:18 2022 Player rocay has left
Sun Aug 21 20:18:23 2022 c nueva res (Purple) [Headshot] alessa kirkov (Yellow)
Sun Aug 21 20:18:25 2022 c nueva res (Purple) [Headshot] laccucagaanaaa (Yellow)
Sun Aug 21 20:18:42 2022 [Global] mata  geis (Yellow): con click derrecho
Sun Aug 21 20:18:45 2022 c nueva res (Purple) [Headshot] alessa kirkov (Yellow)
Sun Aug 21 20:18:49 2022 SamuraiKiller (Yellow) [Fall]
Sun Aug 21 20:18:51 2022 maizomeno joined Yellow team
Sun Aug 21 20:18:59 2022 Lasagnaman (Purple) [Headshot] maizomeno (Yellow)
Sun Aug 21 20:19:04 2022 c nueva res (Purple) [Headshot] alessa kirkov (Yellow)
Sun Aug 21 20:19:07 2022 c nueva res (Purple) [Headshot] laccucagaanaaa (Yellow)
Sun Aug 21 20:19:09 2022 alessa kirkov (Yellow) [Headshot] Harry (Purple)
Sun Aug 21 20:19:16 2022 3esky (Yellow) [Headshot] Lasagnaman (Purple)
Sun Aug 21 20:19:25 2022 PIZZa (Purple) [Headshot] maizomeno (Yellow)
Sun Aug 21 20:19:34 2022 Lasagnaman (Purple) [Headshot] Trapez (Yellow)
Sun Aug 21 20:19:40 2022 demondaspaty (Purple) [Headshot] mata  geis (Yellow)
Sun Aug 21 20:19:40 2022 demondaspaty (Purple) [Rifle] xdxdxdxdxdxdxd (Yellow)
Sun Aug 21 20:19:42 2022 Player Trapez has left
Sun Aug 21 20:19:47 2022 Richard Le Noir joined Purple team
Sun Aug 21 20:19:49 2022 lykketreff joined Yellow team
Sun Aug 21 20:19:49 2022 [Global] Richard Le Noir (Purple): penisdick
Sun Aug 21 20:19:50 2022  demondaspaty has a kill-death ratio of 1.60 (24 kills, 15 deaths).
Sun Aug 21 20:19:50 2022  demondaspaty removed 19 blocks in the last 2.0 minutes. All of them were map blocks.
Sun Aug 21 20:19:50 2022  Last one was destroyed 10 seconds ago.
Sun Aug 21 20:19:50 2022  mata  geis started a VOTEKICK against demondaspaty. Say /Y to agree
Sun Aug 21 20:19:50 2022  Reason: wallhack
Sun Aug 21 20:19:54 2022 wEEJUM (Purple) [Headshot] 3esky (Yellow)
Sun Aug 21 20:19:55 2022 [Global] xdxdxdxdxdxdxd (Yellow): demodapasty wall hack
Sun Aug 21 20:19:57 2022 Player maizomeno has left
Sun Aug 21 20:19:58 2022 wEEJUM (Purple) [Headshot] SamuraiKiller (Yellow)
Sun Aug 21 20:19:59 2022 c nueva res (Purple) [Headshot] laccucagaanaaa (Yellow)
Sun Aug 21 20:20:01 2022 Drfun joined Yellow team
Sun Aug 21 20:20:02 2022 c nueva res (Purple) [Headshot] xdxdxdxdxdxdxd (Yellow)
Sun Aug 21 20:20:02 2022  xdxdxdxdxdxdxd voted YES
Sun Aug 21 20:20:02 2022 GlitchyBeta joined Yellow team
Sun Aug 21 20:20:02 2022 Player laccucagaanaaa has left
Sun Aug 21 20:20:03 2022 Lasagnaman (Purple) [Rifle] lykketreff (Yellow)
Sun Aug 21 20:20:04 2022 Player SamuraiKiller has left
Sun Aug 21 20:20:04 2022 maizomeno joined Yellow team
Sun Aug 21 20:20:05 2022 [Global] Richard Le Noir (Purple): bigblackdick.com
Sun Aug 21 20:20:16 2022 alessa kirkov (Yellow) [Headshot] Harry (Purple)
Sun Aug 21 20:20:17 2022 Joker (Purple) [Headshot] lykketreff (Yellow)
Sun Aug 21 20:20:20 2022  mata  geis is votekicking demondaspaty. /Y to vote (7 left)
Sun Aug 21 20:20:20 2022  Reason: wallhack
Sun Aug 21 20:20:24 2022 Joker (Purple) [SMG] maizomeno (Yellow)
Sun Aug 21 20:20:24 2022 Richard Le Noir (Purple) [Team Change]
Sun Aug 21 20:20:25 2022 demondaspaty (Purple) [Rifle] mata  geis (Yellow)
Sun Aug 21 20:20:29 2022 wEEJUM (Purple) [Headshot] 3esky (Yellow)
Sun Aug 21 20:20:31 2022 Richard Le Noir joined Yellow team
Sun Aug 21 20:20:33 2022 alessa kirkov (Yellow) [Rifle] Joker (Purple)
Sun Aug 21 20:20:33 2022 wEEJUM (Purple) [Headshot] 3esky (Yellow)
Sun Aug 21 20:20:39 2022 lykketreff (Yellow) [Melee] c nueva res (Purple)
Sun Aug 21 20:20:39 2022 ache joined Purple team
Sun Aug 21 20:20:41 2022  demondaspaty banned for 1 day: Aimbot detected - 96% Rifle hit accuracy
Sun Aug 21 20:20:41 2022  Votekick for demondaspaty has ended. Kicked by admin
Sun Aug 21 20:20:41 2022 Player demondaspaty has left
Sun Aug 21 20:20:45 2022 alessa kirkov (Yellow) [Headshot] Harry (Purple)
Sun Aug 21 20:20:45 2022 Lasagnaman (Purple) [Grenade]
Sun Aug 21 20:20:46 2022 Richard Le Noir (Yellow) [Rifle] wEEJUM (Purple)
Sun Aug 21 20:20:46 2022 Joker (Purple) [Grenade] lykketreff (Yellow)
Sun Aug 21 20:20:52 2022 alessa kirkov (Yellow) [Rifle]
Sun Aug 21 20:20:52 2022 [Global] mata  geis (Yellow): ven
Sun Aug 21 20:20:58 2022 Joker (Purple) [Grenade] maizomeno (Yellow)
Sun Aug 21 20:21:01 2022 [Global] Richard Le Noir (Yellow): this map fuckin weird
Sun Aug 21 20:21:12 2022 [Global] lykketreff (Yellow): stranaya karta 
Sun Aug 21 20:21:14 2022 [Global] Richard Le Noir (Yellow): da
Sun Aug 21 20:21:18 2022 c nueva res (Purple) [Headshot] alessa kirkov (Yellow)
Sun Aug 21 20:21:23 2022 [Global] lykketreff (Yellow): videl kartu mini hallway? 
Sun Aug 21 20:21:26 2022 Joker (Purple) [SMG] maizomeno (Yellow)
Sun Aug 21 20:21:28 2022 alessa kirkov (Yellow) [Headshot] ache (Purple)
Sun Aug 21 20:21:29 2022 c nueva res (Purple) [Headshot] alessa kirkov (Yellow)
Sun Aug 21 20:21:35 2022 c nueva res (Purple) [Headshot] maizomeno (Yellow)
Sun Aug 21 20:21:35 2022 c nueva res (Purple) [Headshot] GlitchyBeta (Yellow)
Sun Aug 21 20:21:43 2022 [Global] Richard Le Noir (Yellow): ne uveren
Sun Aug 21 20:21:47 2022 Lasagnaman (Purple) [Rifle] lykketreff (Yellow)
Sun Aug 21 20:21:48 2022 lykketreff (Yellow) [Grenade] c nueva res (Purple)
Sun Aug 21 20:21:50 2022 3esky (Yellow) [Rifle] Lasagnaman (Purple)
Sun Aug 21 20:21:50 2022 alessa kirkov (Yellow) [Headshot] Joker (Purple)
Sun Aug 21 20:21:52 2022 [Global] lykketreff (Yellow): tipo tam malenkiy hallway
Sun Aug 21 20:21:54 2022 LOST_TOMATO joined Purple team
Sun Aug 21 20:21:58 2022 wEEJUM (Purple) [Headshot] 3esky (Yellow)
Sun Aug 21 20:22:05 2022 Drfun (Yellow) [SMG] Harry (Purple)
Sun Aug 21 20:22:06 2022 [Global] lykketreff (Yellow): tam ochen bystro moznho dobezhat do bazy vraga
Sun Aug 21 20:22:07 2022 Player LOST_TOMATO has left
Sun Aug 21 20:22:07 2022 PIZZa (Purple) [Headshot] GlitchyBeta (Yellow)
Sun Aug 21 20:22:14 2022 mata  geis (Yellow) [Shotgun] Harry (Purple)
Sun Aug 21 20:22:14 2022 alessa kirkov (Yellow) [Headshot] PIZZa (Purple)
Sun Aug 21 20:22:26 2022 Joker (Purple) [Grenade] lykketreff (Yellow)
Sun Aug 21 20:22:41 2022 3esky (Yellow) [Headshot] ache (Purple)
Sun Aug 21 20:22:44 2022 pogger joined Purple team
Sun Aug 21 20:22:45 2022 wEEJUM (Purple) [Headshot] 3esky (Yellow)
Sun Aug 21 20:22:45 2022 Joker (Purple) [Headshot] maizomeno (Yellow)
Sun Aug 21 20:22:51 2022 Lasagnaman (Purple) [Headshot] alessa kirkov (Yellow)
Sun Aug 21 20:22:52 2022 lykketreff (Yellow) [SMG] PIZZa (Purple)
Sun Aug 21 20:22:53 2022 c nueva res (Purple) [Headshot] lykketreff (Yellow)
Sun Aug 21 20:23:02 2022 [Global] alessa kirkov (Yellow): ????
Sun Aug 21 20:23:03 2022 c nueva res (Purple) [Headshot] maizomeno (Yellow)
Sun Aug 21 20:23:11 2022 c nueva res (Purple) [Headshot] maizomeno (Yellow)
Sun Aug 21 20:23:11 2022 Lasagnaman (Purple) [Rifle] GlitchyBeta (Yellow)
Sun Aug 21 20:23:15 2022 lykketreff (Yellow) [SMG] Harry (Purple)
Sun Aug 21 20:23:16 2022 Joker (Purple) [SMG] lykketreff (Yellow)
Sun Aug 21 20:23:19 2022 alessa kirkov (Yellow) [Rifle] wEEJUM (Purple)
Sun Aug 21 20:23:21 2022 c nueva res (Purple) [Headshot] GlitchyBeta (Yellow)
Sun Aug 21 20:23:24 2022 c nueva res (Purple) [Headshot] lykketreff (Yellow)
Sun Aug 21 20:23:28 2022 mata  geis picked up Purple's Intel.
Sun Aug 21 20:23:29 2022 Richard Le Noir (Yellow) [Headshot] Cthulhu (Purple)
Sun Aug 21 20:23:31 2022 Andres E joined Yellow team
Sun Aug 21 20:23:31 2022 GlitchyBeta joined Purple team
Sun Aug 21 20:23:31 2022 You killed mata  geis with a mine!
Sun Aug 21 20:23:31 2022 mata  geis dropped Purple's Intel
Sun Aug 21 20:23:31 2022 Harry (Purple) [Grenade] mata  geis (Yellow)
Sun Aug 21 20:23:32 2022 c nueva res (Purple) [Headshot] Andres E (Yellow)
Sun Aug 21 20:23:36 2022 Player maizomeno has left
Sun Aug 21 20:23:37 2022 Richard Le Noir (Yellow) [Headshot] wEEJUM (Purple)
Sun Aug 21 20:23:39 2022 Cthulhu (Purple) [Headshot] Richard Le Noir (Yellow)
Sun Aug 21 20:23:41 2022 [Global] Richard Le Noir (Yellow): kurwa
Sun Aug 21 20:23:42 2022 alessa kirkov (Yellow) [Grenade] c nueva res (Purple)
Sun Aug 21 20:23:46 2022 Richard Le Noir (Yellow) [Headshot] Joker (Purple)
Sun Aug 21 20:23:48 2022 Harry (Purple) [Rifle] Richard Le Noir (Yellow)
Sun Aug 21 20:23:52 2022 pogger (Purple) [Headshot] mata  geis (Yellow)
Sun Aug 21 20:23:52 2022 [Global] c nueva res (Purple): dios que asco de lag
Sun Aug 21 20:23:58 2022 PIZZa (Purple) [Shotgun] lykketreff (Yellow)
Sun Aug 21 20:23:58 2022 [Global] mata  geis (Yellow): soo much fog
Sun Aug 21 20:23:59 2022 pogger (Purple) [Headshot] Richard Le Noir (Yellow)
Sun Aug 21 20:23:59 2022 alessa kirkov (Yellow) [Headshot] Harry (Purple)
Sun Aug 21 20:24:00 2022 [Global] mata  geis (Yellow): thats are
Sun Aug 21 20:24:02 2022 [Global] mata  geis (Yellow): ... 
Sun Aug 21 20:24:03 2022 [Global] Richard Le Noir (Yellow): kurwa
Sun Aug 21 20:24:03 2022 alessa kirkov (Yellow) [Headshot] ache (Purple)
Sun Aug 21 20:24:04 2022 [Global] mata  geis (Yellow): HACKS
Sun Aug 21 20:24:10 2022 alessa kirkov (Yellow) [Headshot] PIZZa (Purple)
Sun Aug 21 20:24:11 2022 Drfun (Yellow) [SMG] pogger (Purple)
Sun Aug 21 20:24:14 2022 c nueva res (Purple) [Headshot] mata  geis (Yellow)
Sun Aug 21 20:24:16 2022 alessa kirkov (Yellow) [Headshot] Lasagnaman (Purple)
Sun Aug 21 20:24:20 2022 c nueva res (Purple) [Headshot] Richard Le Noir (Yellow)
Sun Aug 21 20:24:21 2022 maizomeno joined Yellow team
Sun Aug 21 20:24:24 2022 lykketreff (Yellow) [SMG] c nueva res (Purple)
Sun Aug 21 20:24:27 2022 Toasted joined Purple team
Sun Aug 21 20:24:30 2022 Joker (Purple) [Grenade] lykketreff (Yellow)
Sun Aug 21 20:24:32 2022 alessa kirkov (Yellow) [Headshot] Harry (Purple)
Sun Aug 21 20:24:33 2022 alessa kirkov (Yellow) [Headshot] Joker (Purple)
Sun Aug 21 20:24:33 2022 wEEJUM (Purple) [Headshot] 3esky (Yellow)
Sun Aug 21 20:24:43 2022 wEEJUM (Purple) [Headshot] Richard Le Noir (Yellow)
Sun Aug 21 20:24:45 2022 xdxdxdxdxdxdxd (Yellow) [Headshot] Harry (Purple)
Sun Aug 21 20:24:47 2022 [Global] Richard Le Noir (Yellow): this game was better on ps2
Sun Aug 21 20:24:48 2022 Andres E (Yellow) [SMG] ache (Purple)
Sun Aug 21 20:24:50 2022 Disconnecting
