Fri Jan  7 16:55:25 2022 ------ World Loaded ------
Fri Jan  7 16:55:25 2022 Welcome to Hosting#99 Free For All
Fri Jan  7 16:55:26 2022 Map: gas_station by Index
Fri Jan  7 16:55:27 2022 Your selected weapon is disabled.
Fri Jan  7 16:55:28 2022 Gamemode: Free For All
Fri Jan  7 16:55:29 2022 [Global] FL | sByte (Blue): fale
Fri Jan  7 16:55:29 2022 Deuce3 (Blue) [Team Change]
Fri Jan  7 16:55:29 2022 Deuce3 joined Blue team
Fri Jan  7 16:55:29 2022 augustini (Blue) [Headshot] Deuce3 (Blue)
Fri Jan  7 16:55:30 2022 This server was created using http://hosting.buildandshoot.com
Fri Jan  7 16:55:32 2022 Dinooo (Blue) [Grenade]
Fri Jan  7 16:55:34 2022 Harry (Blue) [Shotgun] lautaro 8bit (Blue)
Fri Jan  7 16:55:34 2022 Player Deuce3 has left
Fri Jan  7 16:55:37 2022 Harry (Blue) [Team Change]
Fri Jan  7 16:55:37 2022 SD|Dragons (Blue) [Headshot] Harry (Blue)
Fri Jan  7 16:55:39 2022 lautaro 8bit (Blue) [Shotgun] augustini (Blue)
Fri Jan  7 16:55:40 2022 lautaro 8bit (Blue) [Team Change]
Fri Jan  7 16:55:40 2022 lautaro 8bit joined Blue team
Fri Jan  7 16:55:40 2022 FL | sByte (Blue) [Shotgun] lautaro 8bit (Blue)
Fri Jan  7 16:55:41 2022 Dinooo (Blue) [Shotgun] SD|Dragons (Blue)
Fri Jan  7 16:55:42 2022 augustini (Blue) [Headshot] FL | sByte (Blue)
Fri Jan  7 16:55:42 2022 Dinooo (Blue) [Team Change]
Fri Jan  7 16:55:42 2022 Dinooo joined Blue team
Fri Jan  7 16:55:42 2022 Harry (Blue) [Shotgun] Dinooo (Blue)
Fri Jan  7 16:55:46 2022 FL | sByte (Blue) [Shotgun] lautaro 8bit (Blue)
Fri Jan  7 16:55:47 2022 ferni (Blue) [Team Change]
Fri Jan  7 16:55:47 2022 ferni joined Blue team
Fri Jan  7 16:55:47 2022 Harry (Blue) [Shotgun] ferni (Blue)
Fri Jan  7 16:55:47 2022 augustini (Blue) [Team Change]
Fri Jan  7 16:55:47 2022 augustini joined Blue team
Fri Jan  7 16:55:47 2022 SD|Dragons (Blue) [Shotgun] augustini (Blue)
Fri Jan  7 16:55:53 2022 Harry (Blue) [Headshot] lautaro 8bit (Blue)
Fri Jan  7 16:55:54 2022 FL | sByte (Blue) [Headshot] SD|Dragons (Blue)
Fri Jan  7 16:55:56 2022 augustini (Blue) [Shotgun] Dinooo (Blue)
Fri Jan  7 16:55:59 2022 augustini (Blue) [Team Change]
Fri Jan  7 16:55:59 2022 augustini joined Blue team
Fri Jan  7 16:55:59 2022 Harry (Blue) [Shotgun] augustini (Blue)
Fri Jan  7 16:56:01 2022 SD|Dragons (Blue) [Headshot] FL | sByte (Blue)
Fri Jan  7 16:56:06 2022 ferni (Blue) [Team Change]
Fri Jan  7 16:56:06 2022 ferni joined Blue team
Fri Jan  7 16:56:06 2022 lautaro 8bit (Blue) [Shotgun] ferni (Blue)
Fri Jan  7 16:56:07 2022 Your selected weapon is disabled.
Fri Jan  7 16:56:07 2022 Dinooo (Blue) [Team Change]
Fri Jan  7 16:56:07 2022 Dinooo joined Blue team
Fri Jan  7 16:56:07 2022 augustini (Blue) [Headshot] Dinooo (Blue)
Fri Jan  7 16:56:09 2022 lautaro 8bit (Blue) [Headshot] ferni (Blue)
Fri Jan  7 16:56:11 2022 augustini (Blue) [Headshot] Dinooo (Blue)
Fri Jan  7 16:56:16 2022 lautaro 8bit (Blue) [Team Change]
Fri Jan  7 16:56:16 2022 lautaro 8bit joined Blue team
Fri Jan  7 16:56:16 2022 augustini (Blue) [Shotgun] lautaro 8bit (Blue)
Fri Jan  7 16:56:19 2022 SD|Dragons (Blue) [Team Change]
Fri Jan  7 16:56:19 2022 SD|Dragons joined Blue team
Fri Jan  7 16:56:19 2022 augustini (Blue) [Headshot] SD|Dragons (Blue)
Fri Jan  7 16:56:26 2022 ferni (Blue) [Team Change]
Fri Jan  7 16:56:26 2022 ferni joined Blue team
Fri Jan  7 16:56:26 2022 Harry (Blue) [Shotgun] ferni (Blue)
Fri Jan  7 16:56:28 2022 SD|Dragons (Blue) [Grenade] augustini (Blue)
Fri Jan  7 16:56:30 2022 Harry (Blue) [Team Change]
Fri Jan  7 16:56:30 2022 FL | sByte (Blue) [Headshot] Harry (Blue)
Fri Jan  7 16:56:30 2022 lautaro 8bit (Blue) [Team Change]
Fri Jan  7 16:56:30 2022 lautaro 8bit joined Blue team
Fri Jan  7 16:56:30 2022 Dinooo (Blue) [Headshot] lautaro 8bit (Blue)
Fri Jan  7 16:56:30 2022 [Global] augustini (Blue): A
Fri Jan  7 16:56:33 2022 [Global] Dinooo (Blue): sorry
Fri Jan  7 16:56:36 2022 augustini (Blue) [Shotgun] SD|Dragons (Blue)
Fri Jan  7 16:56:37 2022 FL | sByte (Blue) [Shotgun] augustini (Blue)
Fri Jan  7 16:56:42 2022 SD|Dragons (Blue) [Team Change]
Fri Jan  7 16:56:42 2022 SD|Dragons joined Blue team
Fri Jan  7 16:56:42 2022 FL | sByte (Blue) [Headshot] SD|Dragons (Blue)
Fri Jan  7 16:56:49 2022 augustini (Blue) [Team Change]
Fri Jan  7 16:56:49 2022 augustini joined Blue team
Fri Jan  7 16:56:49 2022 lautaro 8bit (Blue) [Headshot] augustini (Blue)
Fri Jan  7 16:56:54 2022 FL | sByte (Blue) [Grenade]
Fri Jan  7 16:56:56 2022 [Global] FL | sByte (Blue): wut
Fri Jan  7 16:56:57 2022 Harry (Blue) [Team Change]
Fri Jan  7 16:56:57 2022 SD|Dragons (Blue) [Shotgun] Harry (Blue)
Fri Jan  7 16:56:59 2022 lautaro 8bit (Blue) [Fall]
Fri Jan  7 16:57:00 2022 FL | sByte (Blue) [Headshot] SD|Dragons (Blue)
Fri Jan  7 16:57:05 2022 augustini (Blue) [Shotgun] lautaro 8bit (Blue)
Fri Jan  7 16:57:10 2022 SD|Dragons (Blue) [Shotgun] augustini (Blue)
Fri Jan  7 16:57:15 2022 Harry (Blue) [Team Change]
Fri Jan  7 16:57:15 2022 augustini (Blue) [Shotgun] Harry (Blue)
Fri Jan  7 16:57:15 2022 lautaro 8bit (Blue) [Team Change]
Fri Jan  7 16:57:15 2022 lautaro 8bit joined Blue team
Fri Jan  7 16:57:15 2022 SD|Dragons (Blue) [Shotgun] lautaro 8bit (Blue)
Fri Jan  7 16:57:18 2022 Harry (Blue) [Headshot] FL | sByte (Blue)
Fri Jan  7 16:57:18 2022 M4rk935 joined Blue team
Fri Jan  7 16:57:20 2022 SD|Dragons (Blue) [Shotgun] lautaro 8bit (Blue)
Fri Jan  7 16:57:21 2022 M4rk935 (Blue) [Shotgun] augustini (Blue)
Fri Jan  7 16:57:23 2022 Harry (Blue) [Shotgun] FL | sByte (Blue)
Fri Jan  7 16:57:23 2022 [Global] FL | sByte (Blue): some ppl are lagging so hard
Fri Jan  7 16:57:28 2022 Dinooo (Blue) [Shotgun] Harry (Blue)
Fri Jan  7 16:57:29 2022 augustini (Blue) [Shotgun] SD|Dragons (Blue)
Fri Jan  7 16:57:29 2022 SD|Dragons (Blue) [Grenade] augustini (Blue)
Fri Jan  7 16:57:34 2022 [Global] SD|Dragons (Blue): kkkkkkkkkkkkkkkkkkkk grenade
Fri Jan  7 16:57:36 2022 augustini (Blue) [Headshot] M4rk935 (Blue)
Fri Jan  7 16:57:37 2022 augustini (Blue) [Team Change]
Fri Jan  7 16:57:37 2022 augustini joined Blue team
Fri Jan  7 16:57:37 2022 FL | sByte (Blue) [Headshot] augustini (Blue)
Fri Jan  7 16:57:45 2022 augustini (Blue) [Shotgun] Dinooo (Blue)
Fri Jan  7 16:57:47 2022 [Global] Dinooo (Blue): a
Fri Jan  7 16:57:50 2022 SD|Dragons (Blue) [Team Change]
Fri Jan  7 16:57:50 2022 SD|Dragons joined Blue team
Fri Jan  7 16:57:50 2022 M4rk935 (Blue) [Headshot] SD|Dragons (Blue)
Fri Jan  7 16:57:52 2022 Harry (Blue) [Shotgun] lautaro 8bit (Blue)
Fri Jan  7 16:57:54 2022 Harry (Blue) [Shotgun] SD|Dragons (Blue)
Fri Jan  7 16:57:58 2022 Harry (Blue) [Team Change]
Fri Jan  7 16:57:58 2022 augustini (Blue) [Shotgun] Harry (Blue)
Fri Jan  7 16:58:03 2022 SD|Dragons (Blue) [Shotgun] M4rk935 (Blue)
Fri Jan  7 16:58:04 2022 lautaro 8bit (Blue) [Team Change]
Fri Jan  7 16:58:04 2022 lautaro 8bit joined Blue team
Fri Jan  7 16:58:04 2022 FL | sByte (Blue) [Shotgun] lautaro 8bit (Blue)
Fri Jan  7 16:58:04 2022 FL | sByte (Blue) [Team Change]
Fri Jan  7 16:58:04 2022 FL | sByte joined Blue team
Fri Jan  7 16:58:04 2022 Dinooo (Blue) [Headshot] FL | sByte (Blue)
Fri Jan  7 16:58:08 2022 M4rk935 (Blue) [Headshot] SD|Dragons (Blue)
Fri Jan  7 16:58:11 2022 M4rk935 (Blue) [Team Change]
Fri Jan  7 16:58:11 2022 M4rk935 joined Blue team
Fri Jan  7 16:58:11 2022 augustini (Blue) [Shotgun] M4rk935 (Blue)
Fri Jan  7 16:58:11 2022 SD|Dragons (Blue) [Team Change]
Fri Jan  7 16:58:11 2022 SD|Dragons joined Blue team
Fri Jan  7 16:58:11 2022 Harry (Blue) [Shotgun] SD|Dragons (Blue)
Fri Jan  7 16:58:13 2022 augustini (Blue) [Team Change]
Fri Jan  7 16:58:13 2022 augustini joined Blue team
Fri Jan  7 16:58:13 2022 FL | sByte (Blue) [Shotgun] augustini (Blue)
Fri Jan  7 16:58:17 2022 FL | sByte (Blue) [Team Change]
Fri Jan  7 16:58:17 2022 FL | sByte joined Blue team
Fri Jan  7 16:58:17 2022 SD|Dragons (Blue) [Headshot] FL | sByte (Blue)
Fri Jan  7 16:58:20 2022 augustini (Blue) [Headshot] SD|Dragons (Blue)
Fri Jan  7 16:58:21 2022 M4rk935 (Blue) [Team Change]
Fri Jan  7 16:58:21 2022 M4rk935 joined Blue team
Fri Jan  7 16:58:21 2022 Harry (Blue) [Shotgun] M4rk935 (Blue)
Fri Jan  7 16:58:23 2022 augustini (Blue) [Headshot] SD|Dragons (Blue)
Fri Jan  7 16:58:25 2022 FL | sByte (Blue) [Team Change]
Fri Jan  7 16:58:25 2022 FL | sByte joined Blue team
Fri Jan  7 16:58:25 2022 augustini (Blue) [Headshot] FL | sByte (Blue)
Fri Jan  7 16:58:29 2022 FL | sByte (Blue) [Team Change]
Fri Jan  7 16:58:29 2022 FL | sByte joined Blue team
Fri Jan  7 16:58:29 2022 M4rk935 (Blue) [Shotgun] FL | sByte (Blue)
Fri Jan  7 16:58:31 2022 Harry (Blue) [Headshot] M4rk935 (Blue)
Fri Jan  7 16:58:32 2022 Harry (Blue) [Team Change]
Fri Jan  7 16:58:32 2022 augustini (Blue) [Shotgun] Harry (Blue)
Fri Jan  7 16:58:33 2022 Player FL | sByte has left
Fri Jan  7 16:58:36 2022 M4rk935 (Blue) [Shotgun] augustini (Blue)
Fri Jan  7 16:58:41 2022 [Global] augustini (Blue): harry pro
Fri Jan  7 16:58:43 2022 SD|Dragons (Blue) [Team Change]
Fri Jan  7 16:58:43 2022 SD|Dragons joined Blue team
Fri Jan  7 16:58:43 2022 Harry (Blue) [Shotgun] SD|Dragons (Blue)
Fri Jan  7 16:58:49 2022 [Global] M4rk935 (Blue): harry noob
Fri Jan  7 16:58:56 2022 augustini (Blue) [Shotgun] Harry (Blue)
Fri Jan  7 16:59:00 2022 [Global] Dinooo (Blue): soy in matable
Fri Jan  7 16:59:03 2022 Harry (Blue) [Team Change]
Fri Jan  7 16:59:03 2022 M4rk935 (Blue) [Shotgun] Harry (Blue)
Fri Jan  7 16:59:07 2022 M4rk935 (Blue) [Headshot] Harry (Blue)
Fri Jan  7 16:59:09 2022 augustini (Blue) [Team Change]
Fri Jan  7 16:59:09 2022 augustini joined Blue team
Fri Jan  7 16:59:09 2022 SD|Dragons (Blue) [Headshot] augustini (Blue)
Fri Jan  7 16:59:16 2022 [Global] augustini (Blue): aaaaa
Fri Jan  7 16:59:22 2022 lautaro 8bit (Blue) [Team Change]
Fri Jan  7 16:59:22 2022 lautaro 8bit joined Blue team
Fri Jan  7 16:59:22 2022 augustini (Blue) [Headshot] lautaro 8bit (Blue)
Fri Jan  7 16:59:28 2022 augustini (Blue) [Shotgun]
Fri Jan  7 16:59:34 2022 lautaro 8bit (Blue) [Team Change]
Fri Jan  7 16:59:34 2022 lautaro 8bit joined Blue team
Fri Jan  7 16:59:34 2022 Dinooo (Blue) [Headshot] lautaro 8bit (Blue)
Fri Jan  7 16:59:42 2022 SD|Dragons (Blue) [Team Change]
Fri Jan  7 16:59:42 2022 SD|Dragons joined Blue team
Fri Jan  7 16:59:42 2022 Harry (Blue) [Headshot] SD|Dragons (Blue)
Fri Jan  7 16:59:50 2022 augustini (Blue) [Team Change]
Fri Jan  7 16:59:50 2022 augustini joined Blue team
Fri Jan  7 16:59:50 2022 SD|Dragons (Blue) [Shotgun] augustini (Blue)
Fri Jan  7 16:59:52 2022 M4rk935 (Blue) [Team Change]
Fri Jan  7 16:59:52 2022 M4rk935 joined Blue team
Fri Jan  7 16:59:52 2022 lautaro 8bit (Blue) [Shotgun] M4rk935 (Blue)
Fri Jan  7 16:59:55 2022 SD|Dragons (Blue) [Shotgun] Harry (Blue)
Fri Jan  7 16:59:55 2022 augustini (Blue) [Headshot] SD|Dragons (Blue)
Fri Jan  7 17:00:02 2022 Deuce10 joined Blue team
Fri Jan  7 17:00:02 2022 [Global] M4rk935 (Blue): calla lauro
Fri Jan  7 17:00:03 2022  This server was created using http://hosting.buildandshoot.com
Fri Jan  7 17:00:13 2022 augustini (Blue) [Shotgun] SD|Dragons (Blue)
Fri Jan  7 17:00:14 2022 Deuce10 (Blue) [Headshot] Harry (Blue)
Fri Jan  7 17:00:21 2022 Harry (Blue) [Shotgun] Deuce10 (Blue)
Fri Jan  7 17:00:25 2022 M4rk935 (Blue) [Team Change]
Fri Jan  7 17:00:25 2022 M4rk935 joined Blue team
Fri Jan  7 17:00:25 2022 Harry (Blue) [Shotgun] M4rk935 (Blue)
Fri Jan  7 17:00:30 2022 Harry (Blue) [Team Change]
Fri Jan  7 17:00:30 2022 augustini (Blue) [Shotgun] Harry (Blue)
Fri Jan  7 17:00:32 2022 augustini (Blue) [Shotgun] SD|Dragons (Blue)
Fri Jan  7 17:00:32 2022 Deuce10 (Blue) [Headshot] augustini (Blue)
Fri Jan  7 17:00:36 2022 [Global] augustini (Blue): dino
Fri Jan  7 17:00:39 2022 [Global] augustini (Blue): seamos equipo
Fri Jan  7 17:00:42 2022 Deuce10 (Blue) [Team Change]
Fri Jan  7 17:00:42 2022 Deuce10 joined Blue team
Fri Jan  7 17:00:42 2022 SD|Dragons (Blue) [Shotgun] Deuce10 (Blue)
Fri Jan  7 17:00:46 2022 augustini (Blue) [Headshot] SD|Dragons (Blue)
Fri Jan  7 17:00:48 2022 M4rk935 (Blue) [Shotgun] Deuce10 (Blue)
Fri Jan  7 17:00:50 2022 augustini (Blue) [Shotgun] M4rk935 (Blue)
Fri Jan  7 17:00:51 2022 Deuce1 joined Blue team
Fri Jan  7 17:00:52 2022 [Global] Dinooo (Blue): soy inmatable
Fri Jan  7 17:00:53 2022 augustini (Blue) [Headshot] SD|Dragons (Blue)
Fri Jan  7 17:00:57 2022 Deuce10 (Blue) [Shotgun] lautaro 8bit (Blue)
Fri Jan  7 17:00:58 2022 SD|Dragons (Blue) [Team Change]
Fri Jan  7 17:00:58 2022 SD|Dragons joined Blue team
Fri Jan  7 17:00:58 2022 M4rk935 (Blue) [Shotgun] SD|Dragons (Blue)
Fri Jan  7 17:01:00 2022 augustini (Blue) [Shotgun] Deuce1 (Blue)
Fri Jan  7 17:01:06 2022 augustini (Blue) [Team Change]
Fri Jan  7 17:01:06 2022 augustini joined Blue team
Fri Jan  7 17:01:06 2022 SD|Dragons (Blue) [Shotgun] augustini (Blue)
Fri Jan  7 17:01:08 2022 Deuce1 (Blue) [Team Change]
Fri Jan  7 17:01:08 2022 Deuce1 joined Blue team
Fri Jan  7 17:01:08 2022 lautaro 8bit (Blue) [Shotgun] Deuce1 (Blue)
Fri Jan  7 17:01:17 2022 Deuce1 (Blue) [Headshot] Harry (Blue)
Fri Jan  7 17:01:18 2022 augustini (Blue) [Shotgun]
Fri Jan  7 17:01:21 2022 augustini (Blue) [Headshot] Deuce1 (Blue)
Fri Jan  7 17:01:23 2022 lautaro 8bit (Blue) [Team Change]
Fri Jan  7 17:01:23 2022 lautaro 8bit joined Blue team
Fri Jan  7 17:01:23 2022 augustini (Blue) [Headshot] lautaro 8bit (Blue)
Fri Jan  7 17:01:25 2022 Harry (Blue) [Shotgun] Deuce10 (Blue)
Fri Jan  7 17:01:27 2022 lautaro 8bit (Blue) [Team Change]
Fri Jan  7 17:01:27 2022 lautaro 8bit joined Blue team
Fri Jan  7 17:01:27 2022 Deuce1 (Blue) [Headshot] lautaro 8bit (Blue)
Fri Jan  7 17:01:31 2022 M4rk935 (Blue) [Shotgun] Deuce1 (Blue)
Fri Jan  7 17:01:31 2022 Deuce10 (Blue) [Shotgun] lautaro 8bit (Blue)
Fri Jan  7 17:01:33 2022 Dinooo (Blue) [Shotgun] augustini (Blue)
Fri Jan  7 17:01:35 2022 [Global] augustini (Blue): aaaaaaaaaaaaa
Fri Jan  7 17:01:43 2022 M4rk935 (Blue) [Team Change]
Fri Jan  7 17:01:43 2022 M4rk935 joined Blue team
Fri Jan  7 17:01:43 2022 Harry (Blue) [Shotgun] M4rk935 (Blue)
Fri Jan  7 17:01:43 2022 [Global] Dinooo (Blue): si eso es equipo
Fri Jan  7 17:01:45 2022 Dinooo (Blue) [Team Change]
Fri Jan  7 17:01:45 2022 Dinooo joined Blue team
Fri Jan  7 17:01:45 2022 SD|Dragons (Blue) [Headshot] Dinooo (Blue)
Fri Jan  7 17:01:47 2022 augustini (Blue) [Team Change]
Fri Jan  7 17:01:47 2022 augustini joined Blue team
Fri Jan  7 17:01:47 2022 Harry (Blue) [Shotgun] augustini (Blue)
Fri Jan  7 17:01:49 2022 [Global] augustini (Blue): aaaaaa
Fri Jan  7 17:01:52 2022 Deuce10 (Blue) [Headshot] Harry (Blue)
Fri Jan  7 17:01:53 2022 Deuce1 (Blue) [Team Change]
Fri Jan  7 17:01:53 2022 Deuce1 joined Blue team
Fri Jan  7 17:01:53 2022 augustini (Blue) [Shotgun] Deuce1 (Blue)
Fri Jan  7 17:01:55 2022 M4rk935 (Blue) [Grenade] Dinooo (Blue)
Fri Jan  7 17:01:57 2022 SD|Dragons (Blue) [Team Change]
Fri Jan  7 17:01:57 2022 SD|Dragons joined Blue team
Fri Jan  7 17:01:57 2022 Deuce10 (Blue) [Shotgun] SD|Dragons (Blue)
Fri Jan  7 17:01:58 2022 augustini (Blue) [Headshot] Dinooo (Blue)
Fri Jan  7 17:02:02 2022 M4rk935 (Blue) [Team Change]
Fri Jan  7 17:02:02 2022 M4rk935 joined Blue team
Fri Jan  7 17:02:02 2022 augustini (Blue) [Headshot] M4rk935 (Blue)
Fri Jan  7 17:02:04 2022 Harry (Blue) [Headshot] augustini (Blue)
Fri Jan  7 17:02:06 2022 [Global] augustini (Blue): aaaaaaaaaaaaaa
Fri Jan  7 17:02:08 2022 M4rk935 (Blue) [Grenade] Deuce10 (Blue)
Fri Jan  7 17:02:14 2022 augustini (Blue) [Shotgun] Dinooo (Blue)
Fri Jan  7 17:02:15 2022 [Global] Deuce1 (Blue): 44
Fri Jan  7 17:02:16 2022 Deuce10 (Blue) [Headshot] M4rk935 (Blue)
Fri Jan  7 17:02:17 2022 Harry (Blue) [Shotgun] augustini (Blue)
Fri Jan  7 17:02:21 2022 SD|Dragons (Blue) [Team Change]
Fri Jan  7 17:02:21 2022 SD|Dragons joined Blue team
Fri Jan  7 17:02:21 2022 Deuce1 (Blue) [Shotgun] SD|Dragons (Blue)
Fri Jan  7 17:02:21 2022 Deuce1 (Blue) [Team Change]
Fri Jan  7 17:02:21 2022 Deuce1 joined Blue team
Fri Jan  7 17:02:21 2022 Dinooo (Blue) [Shotgun] Deuce1 (Blue)
Fri Jan  7 17:02:21 2022 Deuce10 (Blue) [Shotgun] M4rk935 (Blue)
Fri Jan  7 17:02:27 2022 augustini (Blue) [Headshot] Harry (Blue)
Fri Jan  7 17:02:30 2022 Deuce1 (Blue) [Shotgun] Dinooo (Blue)
Fri Jan  7 17:02:30 2022 Harry (Blue) [Shotgun] Deuce1 (Blue)
Fri Jan  7 17:02:35 2022 Deuce10 (Blue) [Team Change]
Fri Jan  7 17:02:35 2022 Deuce10 joined Blue team
Fri Jan  7 17:02:35 2022 Deuce1 (Blue) [Headshot] Deuce10 (Blue)
Fri Jan  7 17:02:39 2022 Deuce1 (Blue) [Shotgun] Harry (Blue)
Fri Jan  7 17:02:40 2022 augustini (Blue) [Headshot] Deuce10 (Blue)
Fri Jan  7 17:02:43 2022 Player ferni has left
Fri Jan  7 17:02:43 2022 Dinooo (Blue) [Shotgun] augustini (Blue)
Fri Jan  7 17:02:45 2022 [Global] augustini (Blue): aaaaaaaaa
Fri Jan  7 17:02:49 2022 Deuce10 (Blue) [Shotgun] Deuce1 (Blue)
Fri Jan  7 17:02:50 2022 Harry (Blue) [Team Change]
Fri Jan  7 17:02:50 2022 M4rk935 (Blue) [Shotgun] Harry (Blue)
Fri Jan  7 17:02:53 2022 SD|Dragons (Blue) [Team Change]
Fri Jan  7 17:02:53 2022 SD|Dragons joined Blue team
Fri Jan  7 17:02:53 2022 Harry (Blue) [Shotgun] SD|Dragons (Blue)
Fri Jan  7 17:02:54 2022 augustini (Blue) [Headshot] Deuce10 (Blue)
Fri Jan  7 17:02:56 2022 augustini (Blue) [Team Change]
Fri Jan  7 17:02:56 2022 augustini joined Blue team
Fri Jan  7 17:02:56 2022 Deuce1 (Blue) [Headshot] augustini (Blue)
Fri Jan  7 17:02:58 2022 [Global] augustini (Blue): aaaaaaaaaaaaaaa
Fri Jan  7 17:03:00 2022 M4rk935 (Blue) [Shotgun] Deuce1 (Blue)
Fri Jan  7 17:03:01 2022 Harry (Blue) [Headshot] SD|Dragons (Blue)
Fri Jan  7 17:03:04 2022 M4rk935 (Blue) [Team Change]
Fri Jan  7 17:03:04 2022 M4rk935 joined Blue team
Fri Jan  7 17:03:04 2022 augustini (Blue) [Headshot] M4rk935 (Blue)
Fri Jan  7 17:03:13 2022 Deuce1 (Blue) [Headshot] SD|Dragons (Blue)
Fri Jan  7 17:03:14 2022 augustini (Blue) [Shotgun] Harry (Blue)
Fri Jan  7 17:03:15 2022 [Global] Dinooo (Blue): equipoc mi ano
Fri Jan  7 17:03:17 2022 M4rk935 (Blue) [Team Change]
Fri Jan  7 17:03:17 2022 M4rk935 joined Blue team
Fri Jan  7 17:03:17 2022 Deuce1 (Blue) [Shotgun] M4rk935 (Blue)
Fri Jan  7 17:03:18 2022 Harry (Blue) [Headshot] SD|Dragons (Blue)
Fri Jan  7 17:03:20 2022 Harry (Blue) [Team Change]
Fri Jan  7 17:03:20 2022 Deuce1 (Blue) [Headshot] Harry (Blue)
Fri Jan  7 17:03:20 2022 Deuce10 (Blue) [Team Change]
Fri Jan  7 17:03:20 2022 Deuce10 joined Blue team
Fri Jan  7 17:03:20 2022 augustini (Blue) [Headshot] Deuce10 (Blue)
Fri Jan  7 17:03:24 2022 M4rk935 (Blue) [Shotgun] Deuce1 (Blue)
Fri Jan  7 17:03:28 2022 Harry (Blue) [Team Change]
Fri Jan  7 17:03:28 2022 augustini (Blue) [Shotgun] Harry (Blue)
Fri Jan  7 17:03:29 2022 Deuce1 (Blue) [Team Change]
Fri Jan  7 17:03:29 2022 Deuce1 joined Blue team
Fri Jan  7 17:03:29 2022 Deuce10 (Blue) [Shotgun] Deuce1 (Blue)
Fri Jan  7 17:03:31 2022 Deuce10 (Blue) [Shotgun] augustini (Blue)
Fri Jan  7 17:03:33 2022 [Global] augustini (Blue): aaaaaa
Fri Jan  7 17:03:33 2022 SD|Dragons (Blue) [Team Change]
Fri Jan  7 17:03:33 2022 SD|Dragons joined Blue team
Fri Jan  7 17:03:33 2022 M4rk935 (Blue) [Headshot] SD|Dragons (Blue)
Fri Jan  7 17:03:39 2022 Deuce10 (Blue) [Team Change]
Fri Jan  7 17:03:39 2022 Deuce10 joined Blue team
Fri Jan  7 17:03:39 2022 Harry (Blue) [Headshot] Deuce10 (Blue)
Fri Jan  7 17:03:39 2022 Dinooo (Blue) [Shotgun] SD|Dragons (Blue)
Fri Jan  7 17:03:43 2022 Deuce1 (Blue) [Grenade]
Fri Jan  7 17:03:46 2022 Player Deuce10 has left
Fri Jan  7 17:03:47 2022 M4rk935 (Blue) [Shotgun] Harry (Blue)
Fri Jan  7 17:03:48 2022 suko_mars joined Blue team
Fri Jan  7 17:03:55 2022 Big joined Blue team
Fri Jan  7 17:03:56 2022 Harry (Blue) [Headshot] augustini (Blue)
Fri Jan  7 17:03:59 2022 [Global] augustini (Blue): aaaaaaaaaaaaaaaaaaa
Fri Jan  7 17:04:03 2022 Big (Blue) [Team Change]
Fri Jan  7 17:04:03 2022 Big joined Blue team
Fri Jan  7 17:04:03 2022 Harry (Blue) [Shotgun] Big (Blue)
Fri Jan  7 17:04:06 2022 augustini (Blue) [Team Change]
Fri Jan  7 17:04:06 2022 augustini joined Blue team
Fri Jan  7 17:04:06 2022 Big (Blue) [Shotgun] augustini (Blue)
Fri Jan  7 17:04:08 2022 [Global] augustini (Blue): aaaaaa
Fri Jan  7 17:04:09 2022 suko_mars (Blue) [Team Change]
Fri Jan  7 17:04:09 2022 suko_mars joined Blue team
Fri Jan  7 17:04:09 2022 Big (Blue) [Shotgun] suko_mars (Blue)
Fri Jan  7 17:04:11 2022 Harry (Blue) [Headshot] Big (Blue)
Fri Jan  7 17:04:11 2022 Player suko_mars has left
Fri Jan  7 17:04:13 2022 Deuce1 (Blue) [Team Change]
Fri Jan  7 17:04:13 2022 Deuce1 joined Blue team
Fri Jan  7 17:04:13 2022 M4rk935 (Blue) [Shotgun] Deuce1 (Blue)
Fri Jan  7 17:04:18 2022 Harry (Blue) [Team Change]
Fri Jan  7 17:04:18 2022 Deuce1 (Blue) [Shotgun] Harry (Blue)
Fri Jan  7 17:04:22 2022 SD|Dragons (Blue) [Team Change]
Fri Jan  7 17:04:22 2022 SD|Dragons joined Blue team
Fri Jan  7 17:04:22 2022 augustini (Blue) [Shotgun] SD|Dragons (Blue)
Fri Jan  7 17:04:23 2022 Big (Blue) [Shotgun] Deuce1 (Blue)
Fri Jan  7 17:04:27 2022 M4rk935 (Blue) [Team Change]
Fri Jan  7 17:04:27 2022 M4rk935 joined Blue team
Fri Jan  7 17:04:27 2022 SD|Dragons (Blue) [Shotgun] M4rk935 (Blue)
Fri Jan  7 17:04:28 2022 Harry (Blue) [Headshot] Deuce1 (Blue)
Fri Jan  7 17:04:32 2022 augustini (Blue) [Shotgun] Harry (Blue)
Fri Jan  7 17:04:33 2022 Deuce1 (Blue) [Headshot] SD|Dragons (Blue)
Fri Jan  7 17:04:35 2022 Deuce1 (Blue) [Team Change]
Fri Jan  7 17:04:35 2022 Deuce1 joined Blue team
Fri Jan  7 17:04:35 2022 M4rk935 (Blue) [Shotgun] Deuce1 (Blue)
Fri Jan  7 17:04:36 2022 M4rk935 (Blue) [Shotgun] Harry (Blue)
Fri Jan  7 17:04:44 2022 M4rk935 (Blue) [Grenade] Big (Blue)
Fri Jan  7 17:04:47 2022 augustini (Blue) [Headshot] SD|Dragons (Blue)
Fri Jan  7 17:04:48 2022 augustini (Blue) [Fall]
Fri Jan  7 17:04:48 2022 [Global] augustini (Blue): aaaaaa
Fri Jan  7 17:04:49 2022 SD|Dragons (Blue) [Team Change]
Fri Jan  7 17:04:49 2022 SD|Dragons joined Blue team
Fri Jan  7 17:04:49 2022 Harry (Blue) [Headshot] SD|Dragons (Blue)
Fri Jan  7 17:04:55 2022 augustini (Blue) [Team Change]
Fri Jan  7 17:04:55 2022 augustini joined Blue team
Fri Jan  7 17:04:55 2022 SD|Dragons (Blue) [Headshot] augustini (Blue)
Fri Jan  7 17:04:58 2022 [Global] augustini (Blue): aaaaaaa
Fri Jan  7 17:05:02 2022 Big (Blue) [Team Change]
Fri Jan  7 17:05:02 2022 Big joined Blue team
Fri Jan  7 17:05:02 2022 Harry (Blue) [Headshot] Big (Blue)
Fri Jan  7 17:05:03 2022  Type /help for info & commands
Fri Jan  7 17:05:05 2022 SD|Dragons (Blue) [Shotgun] lautaro 8bit (Blue)
Fri Jan  7 17:05:08 2022 augustini (Blue) [Shotgun] M4rk935 (Blue)
Fri Jan  7 17:05:11 2022 suko_mars joined Blue team
Fri Jan  7 17:05:12 2022 Big (Blue) [Shotgun] Harry (Blue)
Fri Jan  7 17:05:13 2022 augustini (Blue) [Shotgun] Big (Blue)
Fri Jan  7 17:05:16 2022 SD|Dragons (Blue) [Shotgun] Deuce1 (Blue)
Fri Jan  7 17:05:18 2022 augustini (Blue) [Shotgun] suko_mars (Blue)
Fri Jan  7 17:05:19 2022 Harry (Blue) [Shotgun] SD|Dragons (Blue)
Fri Jan  7 17:05:21 2022 M4rk935 (Blue) [Headshot] augustini (Blue)
Fri Jan  7 17:05:23 2022 Big (Blue) [Headshot] lautaro 8bit (Blue)
Fri Jan  7 17:05:23 2022 [Global] augustini (Blue): aaaaaaaaa
Fri Jan  7 17:05:23 2022 Player Deuce1 has left
Fri Jan  7 17:05:24 2022 SD|Dragons (Blue) [Team Change]
Fri Jan  7 17:05:24 2022 SD|Dragons joined Blue team
Fri Jan  7 17:05:24 2022 M4rk935 (Blue) [Shotgun] SD|Dragons (Blue)
Fri Jan  7 17:05:28 2022 M4rk935 (Blue) [Shotgun] augustini (Blue)
Fri Jan  7 17:05:30 2022 Big (Blue) [Team Change]
Fri Jan  7 17:05:30 2022 Big joined Blue team
Fri Jan  7 17:05:30 2022 suko_mars (Blue) [Headshot] Big (Blue)
Fri Jan  7 17:05:30 2022 [Global] augustini (Blue): aaaaaaa
Fri Jan  7 17:05:34 2022 SD|Dragons (Blue) [Team Change]
Fri Jan  7 17:05:34 2022 SD|Dragons joined Blue team
Fri Jan  7 17:05:34 2022 Big (Blue) [Shotgun] SD|Dragons (Blue)
Fri Jan  7 17:05:41 2022 Harry (Blue) [Team Change]
Fri Jan  7 17:05:41 2022 lautaro 8bit (Blue) [Shotgun] Harry (Blue)
Fri Jan  7 17:05:41 2022 augustini (Blue) [Shotgun] suko_mars (Blue)
Fri Jan  7 17:05:43 2022 augustini (Blue) [Shotgun] SD|Dragons (Blue)
Fri Jan  7 17:05:44 2022  augustini has a kill-death ratio of 1.47 (97 kills, 66 deaths).
Fri Jan  7 17:05:44 2022  M4rk935 started a VOTEKICK against augustini. Say /Y to agree
Fri Jan  7 17:05:44 2022  Reason: spam aaaaa in the chat
Fri Jan  7 17:05:47 2022 augustini (Blue) [Headshot] SD|Dragons (Blue)
Fri Jan  7 17:05:48 2022 suko_mars (Blue) [Headshot] Big (Blue)
Fri Jan  7 17:05:49 2022  Dinooo voted YES
Fri Jan  7 17:05:51 2022 [Global] augustini (Blue): por
Fri Jan  7 17:05:52 2022 [Global] Big (Blue): bruh
Fri Jan  7 17:05:53 2022 [Global] Big (Blue): nop
Fri Jan  7 17:05:54 2022 [Global] augustini (Blue): wtf
Fri Jan  7 17:05:54 2022 SD|Dragons (Blue) [Team Change]
Fri Jan  7 17:05:54 2022 SD|Dragons joined Blue team
Fri Jan  7 17:05:54 2022 M4rk935 (Blue) [Shotgun] SD|Dragons (Blue)
Fri Jan  7 17:05:55 2022 [Global] augustini (Blue): ww
Fri Jan  7 17:05:56 2022 Harry (Blue) [Shotgun] augustini (Blue)
Fri Jan  7 17:05:58 2022 [Global] augustini (Blue): aaaaaaaa
Fri Jan  7 17:05:59 2022 M4rk935 (Blue) [Team Change]
Fri Jan  7 17:05:59 2022 M4rk935 joined Blue team
Fri Jan  7 17:05:59 2022 suko_mars (Blue) [Shotgun] M4rk935 (Blue)
Fri Jan  7 17:05:59 2022 lautaro 8bit (Blue) [Grenade]
Fri Jan  7 17:06:02 2022 M4rk935 (Blue) [Team Change]
Fri Jan  7 17:06:02 2022 M4rk935 joined Blue team
Fri Jan  7 17:06:02 2022 Big (Blue) [Shotgun] M4rk935 (Blue)
Fri Jan  7 17:06:05 2022 M4rk935 (Blue) [Shotgun] Big (Blue)
Fri Jan  7 17:06:06 2022 M4rk935 (Blue) [Team Change]
Fri Jan  7 17:06:06 2022 M4rk935 joined Blue team
Fri Jan  7 17:06:06 2022 Harry (Blue) [Headshot] M4rk935 (Blue)
Fri Jan  7 17:06:09 2022 Harry (Blue) [Headshot] Big (Blue)
Fri Jan  7 17:06:11 2022 lautaro 8bit (Blue) [Team Change]
Fri Jan  7 17:06:11 2022 lautaro 8bit joined Blue team
Fri Jan  7 17:06:11 2022 M4rk935 (Blue) [Headshot] lautaro 8bit (Blue)
Fri Jan  7 17:06:14 2022 [Global] augustini (Blue): que sea pro no significa que me banen
Fri Jan  7 17:06:14 2022  M4rk935 is votekicking augustini. /Y to vote (2 left)
Fri Jan  7 17:06:14 2022  Reason: spam aaaaa in the chat
Fri Jan  7 17:06:18 2022 [Global] Big (Blue): m4rk is hacker
Fri Jan  7 17:06:22 2022 Dinooo (Blue) [Team Change]
Fri Jan  7 17:06:22 2022 Dinooo joined Blue team
Fri Jan  7 17:06:22 2022 M4rk935 (Blue) [Shotgun] Dinooo (Blue)
Fri Jan  7 17:06:23 2022 [Global] augustini (Blue): por
Fri Jan  7 17:06:26 2022 suko_mars (Blue) [Shotgun] M4rk935 (Blue)
Fri Jan  7 17:06:26 2022 augustini (Blue) [Headshot] Harry (Blue)
Fri Jan  7 17:06:26 2022 Burbano joined Blue team
Fri Jan  7 17:06:29 2022 Big (Blue) [Headshot] Dinooo (Blue)
Fri Jan  7 17:06:30 2022 [Global] M4rk935 (Blue): saty /y
Fri Jan  7 17:06:33 2022 M4rk935 (Blue) [Team Change]
Fri Jan  7 17:06:33 2022 M4rk935 joined Blue team
Fri Jan  7 17:06:33 2022 augustini (Blue) [Shotgun] M4rk935 (Blue)
Fri Jan  7 17:06:33 2022 Harry (Blue) [Headshot] SD|Dragons (Blue)
Fri Jan  7 17:06:35 2022 Burbano (Blue) [Headshot] Dinooo (Blue)
Fri Jan  7 17:06:36 2022 Big (Blue) [Shotgun] lautaro 8bit (Blue)
Fri Jan  7 17:06:38 2022 Harry (Blue) [Team Change]
Fri Jan  7 17:06:38 2022 suko_mars (Blue) [Shotgun] Harry (Blue)
Fri Jan  7 17:06:40 2022 [Global] SD|Dragons (Blue): idiot reason
Fri Jan  7 17:06:42 2022 Big (Blue) [Team Change]
Fri Jan  7 17:06:42 2022 Big joined Blue team
Fri Jan  7 17:06:42 2022 Burbano (Blue) [Shotgun] Big (Blue)
Fri Jan  7 17:06:44 2022  M4rk935 is votekicking augustini. /Y to vote (2 left)
Fri Jan  7 17:06:44 2022  Reason: spam aaaaa in the chat
Fri Jan  7 17:06:46 2022 M4rk935 (Blue) [Shotgun] Burbano (Blue)
Fri Jan  7 17:06:48 2022 Dinooo (Blue) [Headshot] SD|Dragons (Blue)
Fri Jan  7 17:06:48 2022 [Global] Big (Blue): Kick m4rk
Fri Jan  7 17:06:53 2022 augustini (Blue) [Team Change]
Fri Jan  7 17:06:53 2022 augustini joined Blue team
Fri Jan  7 17:06:53 2022 Burbano (Blue) [Shotgun] augustini (Blue)
Fri Jan  7 17:06:53 2022 lautaro 8bit (Blue) [Team Change]
Fri Jan  7 17:06:53 2022 lautaro 8bit joined Blue team
Fri Jan  7 17:06:53 2022 Big (Blue) [Headshot] lautaro 8bit (Blue)
Fri Jan  7 17:06:55 2022 [Global] augustini (Blue): aaaaaaaaa
Fri Jan  7 17:06:57 2022 Harry (Blue) [Headshot] suko_mars (Blue)
Fri Jan  7 17:06:57 2022 lautaro 8bit (Blue) [Team Change]
Fri Jan  7 17:06:57 2022 lautaro 8bit joined Blue team
Fri Jan  7 17:06:57 2022 SD|Dragons (Blue) [Headshot] lautaro 8bit (Blue)
Fri Jan  7 17:07:00 2022 Burbano (Blue) [Shotgun] Dinooo (Blue)
Fri Jan  7 17:07:01 2022 augustini (Blue) [Shotgun] SD|Dragons (Blue)
Fri Jan  7 17:07:04 2022 suko_mars (Blue) [Team Change]
Fri Jan  7 17:07:04 2022 suko_mars joined Blue team
Fri Jan  7 17:07:04 2022 lautaro 8bit (Blue) [Headshot] suko_mars (Blue)
Fri Jan  7 17:07:04 2022 Dinooo (Blue) [Team Change]
Fri Jan  7 17:07:04 2022 Dinooo joined Blue team
Fri Jan  7 17:07:04 2022 augustini (Blue) [Headshot] Dinooo (Blue)
Fri Jan  7 17:07:08 2022 suko_mars (Blue) [Team Change]
Fri Jan  7 17:07:08 2022 suko_mars joined Blue team
Fri Jan  7 17:07:08 2022 SD|Dragons (Blue) [Headshot] suko_mars (Blue)
Fri Jan  7 17:07:08 2022 Big (Blue) [Team Change]
Fri Jan  7 17:07:08 2022 Big joined Blue team
Fri Jan  7 17:07:08 2022 augustini (Blue) [Headshot] Big (Blue)
Fri Jan  7 17:07:14 2022 suko_mars (Blue) [Shotgun] Harry (Blue)
Fri Jan  7 17:07:14 2022 lautaro 8bit (Blue) [Shotgun] SD|Dragons (Blue)
Fri Jan  7 17:07:14 2022  M4rk935 is votekicking augustini. /Y to vote (2 left)
Fri Jan  7 17:07:14 2022  Reason: spam aaaaa in the chat
Fri Jan  7 17:07:16 2022 [Global] M4rk935 (Blue): can u stop saying aaaa in the chat?
Fri Jan  7 17:07:25 2022 Burbano (Blue) [Headshot] suko_mars (Blue)
Fri Jan  7 17:07:27 2022 augustini (Blue) [Shotgun] Harry (Blue)
Fri Jan  7 17:07:32 2022 augustini (Blue) [Shotgun] Burbano (Blue)
Fri Jan  7 17:07:35 2022 Harry (Blue) [Shotgun] suko_mars (Blue)
Fri Jan  7 17:07:41 2022 suko_mars (Blue) [Team Change]
Fri Jan  7 17:07:41 2022 suko_mars joined Blue team
Fri Jan  7 17:07:41 2022 augustini (Blue) [Headshot] suko_mars (Blue)
Fri Jan  7 17:07:44 2022 Player suko_mars has left
Fri Jan  7 17:07:44 2022 M4rk935 (Blue) [Shotgun] Harry (Blue)
Fri Jan  7 17:07:44 2022  Votekick for augustini has ended. Votekick timed out
Fri Jan  7 17:07:45 2022 Burbano (Blue) [Team Change]
Fri Jan  7 17:07:45 2022 Burbano joined Blue team
Fri Jan  7 17:07:45 2022 SD|Dragons (Blue) [Headshot] Burbano (Blue)
Fri Jan  7 17:07:47 2022 Harry (Blue) [Headshot] M4rk935 (Blue)
Fri Jan  7 17:07:47 2022 augustini (Blue) [Shotgun] SD|Dragons (Blue)
Fri Jan  7 17:07:50 2022 augustini (Blue) [Team Change]
Fri Jan  7 17:07:50 2022 augustini joined Blue team
Fri Jan  7 17:07:50 2022 M4rk935 (Blue) [Shotgun] augustini (Blue)
Fri Jan  7 17:07:50 2022 Harry (Blue) [Shotgun] Burbano (Blue)
Fri Jan  7 17:07:52 2022 [Global] augustini (Blue): aaaaaaaaa
Fri Jan  7 17:07:54 2022 Burbano (Blue) [Team Change]
Fri Jan  7 17:07:54 2022 Burbano joined Blue team
Fri Jan  7 17:07:54 2022 lautaro 8bit (Blue) [Shotgun] Burbano (Blue)
Fri Jan  7 17:07:54 2022 SD|Dragons (Blue) [Team Change]
Fri Jan  7 17:07:54 2022 SD|Dragons joined Blue team
Fri Jan  7 17:07:54 2022 Harry (Blue) [Shotgun] SD|Dragons (Blue)
Fri Jan  7 17:07:58 2022 Burbano (Blue) [Team Change]
Fri Jan  7 17:07:58 2022 Burbano joined Blue team
Fri Jan  7 17:07:58 2022 augustini (Blue) [Headshot] Burbano (Blue)
Fri Jan  7 17:08:01 2022  M4rk935 has a kill-death ratio of 0.89 (31 kills, 35 deaths).
Fri Jan  7 17:08:01 2022  Big started a VOTEKICK against M4rk935. Say /Y to agree
Fri Jan  7 17:08:01 2022  Reason: false report.
Fri Jan  7 17:08:04 2022  augustini voted YES
Fri Jan  7 17:08:07 2022  SD|Dragons voted YES
Fri Jan  7 17:08:10 2022 Harry (Blue) [Team Change]
Fri Jan  7 17:08:10 2022 augustini (Blue) [Headshot] Harry (Blue)
Fri Jan  7 17:08:14 2022 SD|Dragons (Blue) [Shotgun] augustini (Blue)
Fri Jan  7 17:08:16 2022 [Global] augustini (Blue):  aaaaaaaaaaaaaaa
Fri Jan  7 17:08:18 2022 [Global] Big (Blue): all /y
Fri Jan  7 17:08:20 2022 Burbano (Blue) [Team Change]
Fri Jan  7 17:08:20 2022 Burbano joined Blue team
Fri Jan  7 17:08:20 2022 M4rk935 (Blue) [Shotgun] Burbano (Blue)
Fri Jan  7 17:08:20 2022 SD|Dragons (Blue) [Team Change]
Fri Jan  7 17:08:20 2022 SD|Dragons joined Blue team
Fri Jan  7 17:08:20 2022 Harry (Blue) [Headshot] SD|Dragons (Blue)
Fri Jan  7 17:08:22 2022 augustini (Blue) [Headshot] Harry (Blue)
Fri Jan  7 17:08:27 2022 augustini (Blue) [Team Change]
Fri Jan  7 17:08:27 2022 augustini joined Blue team
Fri Jan  7 17:08:27 2022 SD|Dragons (Blue) [Shotgun] augustini (Blue)
Fri Jan  7 17:08:29 2022 [Global] augustini (Blue): aaaaa
Fri Jan  7 17:08:31 2022  Big is votekicking M4rk935. /Y to vote (1 left)
Fri Jan  7 17:08:31 2022  Reason: false report.
Fri Jan  7 17:08:35 2022 SD|Dragons (Blue) [Team Change]
Fri Jan  7 17:08:35 2022 SD|Dragons joined Blue team
Fri Jan  7 17:08:35 2022 Big (Blue) [Headshot] SD|Dragons (Blue)
Fri Jan  7 17:08:35 2022 Harry (Blue) [Shotgun] Big (Blue)
Fri Jan  7 17:08:39 2022 [Global] M4rk935 (Blue): deez nuts say y
Fri Jan  7 17:08:41 2022 Dinooo (Blue) [Team Change]
Fri Jan  7 17:08:41 2022 Dinooo joined Blue team
Fri Jan  7 17:08:41 2022 Burbano (Blue) [Headshot] Dinooo (Blue)
Fri Jan  7 17:08:45 2022 SD|Dragons (Blue) [Team Change]
Fri Jan  7 17:08:45 2022 SD|Dragons joined Blue team
Fri Jan  7 17:08:45 2022 Harry (Blue) [Shotgun] SD|Dragons (Blue)
Fri Jan  7 17:08:46 2022 Harry (Blue) [Team Change]
Fri Jan  7 17:08:46 2022 augustini (Blue) [Shotgun] Harry (Blue)
Fri Jan  7 17:08:52 2022 augustini (Blue) [Shotgun] Big (Blue)
Fri Jan  7 17:08:57 2022 SD|Dragons (Blue) [Team Change]
Fri Jan  7 17:08:57 2022 SD|Dragons joined Blue team
Fri Jan  7 17:08:57 2022 Burbano (Blue) [Shotgun] SD|Dragons (Blue)
Fri Jan  7 17:08:58 2022 [Global] Big (Blue): all /Y 
Fri Jan  7 17:09:01 2022  Big is votekicking M4rk935. /Y to vote (1 left)
Fri Jan  7 17:09:01 2022  Reason: false report.
Fri Jan  7 17:09:04 2022 [Global] augustini (Blue): dino
Fri Jan  7 17:09:06 2022 [Global] M4rk935 (Blue): big idiot
Fri Jan  7 17:09:07 2022 Dinooo (Blue) [Team Change]
Fri Jan  7 17:09:07 2022 Dinooo joined Blue team
Fri Jan  7 17:09:07 2022 augustini (Blue) [Headshot] Dinooo (Blue)
Fri Jan  7 17:09:07 2022 [Global] M4rk935 (Blue): :D
Fri Jan  7 17:09:09 2022 [Global] Dinooo (Blue): a deja
Fri Jan  7 17:09:09 2022 augustini (Blue) [Team Change]
Fri Jan  7 17:09:09 2022 augustini joined Blue team
Fri Jan  7 17:09:09 2022 SD|Dragons (Blue) [Shotgun] augustini (Blue)
Fri Jan  7 17:09:12 2022 [Global] augustini (Blue): aaaaaaaaaaaaaaaaaaaaaa
Fri Jan  7 17:09:14 2022 [Global] augustini (Blue): xd
Fri Jan  7 17:09:18 2022 [Team] augustini (Blue): me dio lag
Fri Jan  7 17:09:19 2022 [Global] Big (Blue): m4rk toxic.
Fri Jan  7 17:09:21 2022 Dinooo (Blue) [Team Change]
Fri Jan  7 17:09:21 2022 Dinooo joined Blue team
Fri Jan  7 17:09:21 2022 Burbano (Blue) [Shotgun] Dinooo (Blue)
Fri Jan  7 17:09:21 2022 M4rk935 (Blue) [Headshot] Big (Blue)
Fri Jan  7 17:09:23 2022 [Global] Dinooo (Blue): a 
Fri Jan  7 17:09:26 2022 [Global] Dinooo (Blue): mi a tajo
Fri Jan  7 17:09:27 2022 augustini (Blue) [Shotgun] Dinooo (Blue)
Fri Jan  7 17:09:31 2022 Harry (Blue) [Headshot] Dinooo (Blue)
Fri Jan  7 17:09:31 2022  Big is votekicking M4rk935. /Y to vote (1 left)
Fri Jan  7 17:09:31 2022  Reason: false report.
Fri Jan  7 17:09:32 2022 SD|Dragons (Blue) [Headshot] Harry (Blue)
Fri Jan  7 17:09:37 2022 Big (Blue) [Team Change]
Fri Jan  7 17:09:37 2022 Big joined Blue team
Fri Jan  7 17:09:37 2022 augustini (Blue) [Shotgun] Big (Blue)
Fri Jan  7 17:09:39 2022 [Global] M4rk935 (Blue): im not toxic u triggered
Fri Jan  7 17:09:40 2022 augustini (Blue) [Headshot] Dinooo (Blue)
Fri Jan  7 17:09:45 2022 [Global] Big (Blue): are you toxic.
Fri Jan  7 17:09:50 2022 [Global] M4rk935 (Blue): nah
Fri Jan  7 17:09:52 2022 Big (Blue) [Team Change]
Fri Jan  7 17:09:52 2022 Big joined Blue team
Fri Jan  7 17:09:52 2022 Dinooo (Blue) [Shotgun] Big (Blue)
Fri Jan  7 17:09:58 2022 augustini (Blue) [Team Change]
Fri Jan  7 17:09:58 2022 augustini joined Blue team
Fri Jan  7 17:09:58 2022 Harry (Blue) [Shotgun] augustini (Blue)
Fri Jan  7 17:09:58 2022 Dinooo (Blue) [Team Change]
Fri Jan  7 17:09:58 2022 Dinooo joined Blue team
Fri Jan  7 17:09:58 2022 SD|Dragons (Blue) [Shotgun] Dinooo (Blue)
Fri Jan  7 17:09:58 2022 [Global] Big (Blue): And false report.
Fri Jan  7 17:10:00 2022 [Global] augustini (Blue): aaaaaaaaaaaaaaa
Fri Jan  7 17:10:01 2022  Votekick for M4rk935 has ended. Votekick timed out
Fri Jan  7 17:10:03 2022  You are playing on Hosting#99 Free For All
Fri Jan  7 17:10:07 2022 [Global] SD|Dragons (Blue): what
Fri Jan  7 17:10:09 2022 Big (Blue) [Team Change]
Fri Jan  7 17:10:09 2022 Big joined Blue team
Fri Jan  7 17:10:09 2022 Harry (Blue) [Shotgun] Big (Blue)
Fri Jan  7 17:10:16 2022 Burbano (Blue) [Team Change]
Fri Jan  7 17:10:16 2022 Burbano joined Blue team
Fri Jan  7 17:10:16 2022 Harry (Blue) [Headshot] Burbano (Blue)
Fri Jan  7 17:10:18 2022 augustini (Blue) [Headshot] Dinooo (Blue)
Fri Jan  7 17:10:22 2022 [Global] augustini (Blue): bro
Fri Jan  7 17:10:24 2022 [Global] augustini (Blue): perdonwwww
Fri Jan  7 17:10:28 2022 Dinooo (Blue) [Team Change]
Fri Jan  7 17:10:28 2022 Dinooo joined Blue team
Fri Jan  7 17:10:28 2022 Harry (Blue) [Headshot] Dinooo (Blue)
Fri Jan  7 17:10:29 2022 Burbano (Blue) [Team Change]
Fri Jan  7 17:10:29 2022 Burbano joined Blue team
Fri Jan  7 17:10:29 2022 augustini (Blue) [Shotgun] Burbano (Blue)
Fri Jan  7 17:10:30 2022 Harry (Blue) [Shotgun] SD|Dragons (Blue)
Fri Jan  7 17:10:34 2022 Burbano (Blue) [Team Change]
Fri Jan  7 17:10:34 2022 Burbano joined Blue team
Fri Jan  7 17:10:34 2022 Harry (Blue) [Shotgun] Burbano (Blue)
Fri Jan  7 17:10:35 2022 augustini (Blue) [Team Change]
Fri Jan  7 17:10:35 2022 augustini joined Blue team
Fri Jan  7 17:10:35 2022 Big (Blue) [Shotgun] augustini (Blue)
Fri Jan  7 17:10:37 2022 [Global] augustini (Blue): aaaaaa
Fri Jan  7 17:10:38 2022 Harry (Blue) [Shotgun] Dinooo (Blue)
Fri Jan  7 17:10:38 2022 lautaro 8bit (Blue) [Team Change]
Fri Jan  7 17:10:38 2022 lautaro 8bit joined Blue team
Fri Jan  7 17:10:38 2022 SD|Dragons (Blue) [Shotgun] lautaro 8bit (Blue)
Fri Jan  7 17:10:40 2022 SD|Dragons (Blue) [Team Change]
Fri Jan  7 17:10:40 2022 SD|Dragons joined Blue team
Fri Jan  7 17:10:40 2022 M4rk935 (Blue) [Shotgun] SD|Dragons (Blue)
Fri Jan  7 17:10:46 2022 SD|Dragons (Blue) [Team Change]
Fri Jan  7 17:10:46 2022 SD|Dragons joined Blue team
Fri Jan  7 17:10:46 2022 Harry (Blue) [Headshot] SD|Dragons (Blue)
Fri Jan  7 17:10:54 2022 Death | Fire$ joined Blue team
Fri Jan  7 17:10:55 2022 Big (Blue) [Headshot] Harry (Blue)
Fri Jan  7 17:10:58 2022 augustini (Blue) [Team Change]
Fri Jan  7 17:10:58 2022 augustini joined Blue team
Fri Jan  7 17:10:58 2022 Harry (Blue) [Headshot] augustini (Blue)
Fri Jan  7 17:10:59 2022 [Global] augustini (Blue): aaaaaaaa
Fri Jan  7 17:11:03 2022 augustini (Blue) [Shotgun] lautaro 8bit (Blue)
Fri Jan  7 17:11:04 2022 Death | Fire$ (Blue) [Shotgun] SD|Dragons (Blue)
Fri Jan  7 17:11:06 2022 Big (Blue) [Shotgun] Death | Fire$ (Blue)
Fri Jan  7 17:11:07 2022 Harry (Blue) [Shotgun] augustini (Blue)
Fri Jan  7 17:11:08 2022 [Global] augustini (Blue): aaaaa
Fri Jan  7 17:11:11 2022 augustini (Blue) [Headshot] lautaro 8bit (Blue)
Fri Jan  7 17:11:11 2022 Death | Fire$ (Blue) [Shotgun] SD|Dragons (Blue)
Fri Jan  7 17:11:14 2022 SD|Dragons (Blue) [Team Change]
Fri Jan  7 17:11:14 2022 SD|Dragons joined Blue team
Fri Jan  7 17:11:14 2022 augustini (Blue) [Headshot] SD|Dragons (Blue)
Fri Jan  7 17:11:15 2022 augustini (Blue) [Headshot] Harry (Blue)
Fri Jan  7 17:11:16 2022 augustini (Blue) [Team Change]
Fri Jan  7 17:11:16 2022 augustini joined Blue team
Fri Jan  7 17:11:16 2022 Burbano (Blue) [Headshot] augustini (Blue)
Fri Jan  7 17:11:18 2022 lautaro 8bit (Blue) [Team Change]
Fri Jan  7 17:11:18 2022 lautaro 8bit joined Blue team
Fri Jan  7 17:11:18 2022 Harry (Blue) [Headshot] lautaro 8bit (Blue)
Fri Jan  7 17:11:18 2022 [Global] augustini (Blue): aaaaaaa
Fri Jan  7 17:11:23 2022 SD|Dragons (Blue) [Team Change]
Fri Jan  7 17:11:23 2022 SD|Dragons joined Blue team
Fri Jan  7 17:11:23 2022 Harry (Blue) [Headshot] SD|Dragons (Blue)
Fri Jan  7 17:11:25 2022 Harry (Blue) [Shotgun] Burbano (Blue)
Fri Jan  7 17:11:25 2022 Big (Blue) [Shotgun] augustini (Blue)
Fri Jan  7 17:11:26 2022 SD|Dragons (Blue) [Team Change]
Fri Jan  7 17:11:26 2022 SD|Dragons joined Blue team
Fri Jan  7 17:11:26 2022 Big (Blue) [Shotgun] SD|Dragons (Blue)
Fri Jan  7 17:11:26 2022 [Global] augustini (Blue): aaaaaaaaaaaa
Fri Jan  7 17:11:32 2022 augustini (Blue) [Shotgun] lautaro 8bit (Blue)
Fri Jan  7 17:11:34 2022 Harry (Blue) [Shotgun] Burbano (Blue)
Fri Jan  7 17:11:39 2022 lautaro 8bit (Blue) [Team Change]
Fri Jan  7 17:11:39 2022 lautaro 8bit joined Blue team
Fri Jan  7 17:11:39 2022 Big (Blue) [Headshot] lautaro 8bit (Blue)
Fri Jan  7 17:11:41 2022 Harry (Blue) [Team Change]
Fri Jan  7 17:11:41 2022 augustini (Blue) [Headshot] Harry (Blue)
Fri Jan  7 17:11:44 2022 lautaro 8bit (Blue) [Team Change]
Fri Jan  7 17:11:44 2022 lautaro 8bit joined Blue team
Fri Jan  7 17:11:44 2022 SD|Dragons (Blue) [Shotgun] lautaro 8bit (Blue)
Fri Jan  7 17:11:48 2022 augustini (Blue) [Shotgun] lautaro 8bit (Blue)
Fri Jan  7 17:11:50 2022 augustini (Blue) [Team Change]
Fri Jan  7 17:11:50 2022 augustini joined Blue team
Fri Jan  7 17:11:50 2022 SD|Dragons (Blue) [Shotgun] augustini (Blue)
Fri Jan  7 17:11:52 2022 [Global] augustini (Blue): aaaaaa
Fri Jan  7 17:11:53 2022 lautaro 8bit (Blue) [Team Change]
Fri Jan  7 17:11:53 2022 lautaro 8bit joined Blue team
Fri Jan  7 17:11:53 2022 augustini (Blue) [Headshot] lautaro 8bit (Blue)
Fri Jan  7 17:11:57 2022 [Global] augustini (Blue): huy
Fri Jan  7 17:12:00 2022 [Global] augustini (Blue): me cague
Fri Jan  7 17:12:08 2022 augustini (Blue) [Shotgun] SD|Dragons (Blue)
Fri Jan  7 17:12:13 2022 augustini (Blue) [Team Change]
Fri Jan  7 17:12:13 2022 augustini joined Blue team
Fri Jan  7 17:12:13 2022 Harry (Blue) [Headshot] augustini (Blue)
Fri Jan  7 17:12:14 2022 [Global] augustini (Blue): aaaaaaaaaaaaa
Fri Jan  7 17:12:18 2022 Harry (Blue) [Team Change]
Fri Jan  7 17:12:18 2022 Big (Blue) [Shotgun] Harry (Blue)
Fri Jan  7 17:12:20 2022 Death | Fire$ (Blue) [Team Change]
Fri Jan  7 17:12:20 2022 Death | Fire$ joined Blue team
Fri Jan  7 17:12:20 2022 SD|Dragons (Blue) [Shotgun] Death | Fire$ (Blue)
Fri Jan  7 17:12:23 2022 SD|Dragons (Blue) [Team Change]
Fri Jan  7 17:12:23 2022 SD|Dragons joined Blue team
Fri Jan  7 17:12:23 2022 augustini (Blue) [Headshot] SD|Dragons (Blue)
Fri Jan  7 17:12:29 2022 Death | Fire$ (Blue) [Team Change]
Fri Jan  7 17:12:29 2022 Death | Fire$ joined Blue team
Fri Jan  7 17:12:29 2022 SD|Dragons (Blue) [Shotgun] Death | Fire$ (Blue)
Fri Jan  7 17:12:37 2022 Player Death | Fire$ has left
Fri Jan  7 17:12:43 2022 augustini (Blue) [Headshot] SD|Dragons (Blue)
Fri Jan  7 17:12:44 2022 Big (Blue) [Shotgun] Harry (Blue)
Fri Jan  7 17:12:52 2022 Harry (Blue) [Shotgun] SD|Dragons (Blue)
Fri Jan  7 17:12:55 2022 [Global] augustini (Blue): me dio lag
Fri Jan  7 17:13:00 2022 augustini (Blue) [Shotgun] Burbano (Blue)
Fri Jan  7 17:13:05 2022 Big (Blue) [Team Change]
Fri Jan  7 17:13:05 2022 Big joined Blue team
Fri Jan  7 17:13:05 2022 SD|Dragons (Blue) [Shotgun] Big (Blue)
Fri Jan  7 17:13:07 2022 augustini (Blue) [Shotgun] SD|Dragons (Blue)
Fri Jan  7 17:13:14 2022 Big (Blue) [Team Change]
Fri Jan  7 17:13:14 2022 Big joined Blue team
Fri Jan  7 17:13:14 2022 augustini (Blue) [Headshot] Big (Blue)
Fri Jan  7 17:13:15 2022 Burbano (Blue) [Shotgun] augustini (Blue)
Fri Jan  7 17:13:17 2022 [Global] augustini (Blue): aaaaaaaaaaaaaaaa
Fri Jan  7 17:13:18 2022 augustini (Blue) [Headshot] Burbano (Blue)
Fri Jan  7 17:13:20 2022 augustini (Blue) [Shotgun] SD|Dragons (Blue)
Fri Jan  7 17:13:23 2022 Harry (Blue) [Headshot] Burbano (Blue)
Fri Jan  7 17:13:25 2022 augustini (Blue) [Shotgun] SD|Dragons (Blue)
Fri Jan  7 17:13:30 2022 Burbano (Blue) [Team Change]
Fri Jan  7 17:13:30 2022 Burbano joined Blue team
Fri Jan  7 17:13:30 2022 M4rk935 (Blue) [Shotgun] Burbano (Blue)
Fri Jan  7 17:13:40 2022 lautaro 8bit (Blue) [Headshot] M4rk935 (Blue)
Fri Jan  7 17:13:41 2022 augustini (Blue) [Headshot] SD|Dragons (Blue)
Fri Jan  7 17:13:45 2022 augustini (Blue) [Team Change]
Fri Jan  7 17:13:45 2022 augustini joined Blue team
Fri Jan  7 17:13:45 2022 Harry (Blue) [Shotgun] augustini (Blue)
Fri Jan  7 17:13:46 2022 [Team] lautaro 8bit (Blue): ¡HHAAAAAA APERDDON
Fri Jan  7 17:13:47 2022 [Global] augustini (Blue): aa
Fri Jan  7 17:13:49 2022 [Global] augustini (Blue): xd
Fri Jan  7 17:13:51 2022 Harry (Blue) [Team Change]
Fri Jan  7 17:13:51 2022 Burbano (Blue) [Headshot] Harry (Blue)
Fri Jan  7 17:13:55 2022 M4rk935 (Blue) [Team Change]
Fri Jan  7 17:13:55 2022 M4rk935 joined Blue team
Fri Jan  7 17:13:55 2022 Big (Blue) [Headshot] M4rk935 (Blue)
Fri Jan  7 17:13:57 2022 Big (Blue) [Team Change]
Fri Jan  7 17:13:57 2022 Big joined Blue team
Fri Jan  7 17:13:57 2022 Harry (Blue) [Shotgun] Big (Blue)
Fri Jan  7 17:13:59 2022 Player Big has left
Fri Jan  7 17:14:00 2022 Harry (Blue) [Shotgun] M4rk935 (Blue)
Fri Jan  7 17:14:07 2022 M4rk935 (Blue) [Shotgun] Harry (Blue)
Fri Jan  7 17:14:08 2022 augustini (Blue) [Shotgun] Burbano (Blue)
Fri Jan  7 17:14:10 2022 augustini (Blue) [Team Change]
Fri Jan  7 17:14:10 2022 augustini joined Blue team
Fri Jan  7 17:14:10 2022 Harry (Blue) [Shotgun] augustini (Blue)
Fri Jan  7 17:14:11 2022 [Global] augustini (Blue): aaaaaaaaaaaa
Fri Jan  7 17:14:14 2022 Burbano (Blue) [Team Change]
Fri Jan  7 17:14:14 2022 Burbano joined Blue team
Fri Jan  7 17:14:14 2022 augustini (Blue) [Shotgun] Burbano (Blue)
Fri Jan  7 17:14:20 2022 SD|Dragons (Blue) [Grenade] lautaro 8bit (Blue)
Fri Jan  7 17:14:25 2022 Harry (Blue) [Headshot] augustini (Blue)
Fri Jan  7 17:14:26 2022 [Global] augustini (Blue): aaaaaaaaa
Fri Jan  7 17:14:26 2022 [Global] SD|Dragons (Blue): 5 hp
Fri Jan  7 17:14:33 2022 lautaro 8bit (Blue) [Team Change]
Fri Jan  7 17:14:33 2022 lautaro 8bit joined Blue team
Fri Jan  7 17:14:33 2022 augustini (Blue) [Shotgun] lautaro 8bit (Blue)
Fri Jan  7 17:14:41 2022 augustini (Blue) [Headshot] Harry (Blue)
Fri Jan  7 17:14:43 2022 SD|Dragons (Blue) [Team Change]
Fri Jan  7 17:14:43 2022 SD|Dragons joined Blue team
Fri Jan  7 17:14:43 2022 Burbano (Blue) [Shotgun] SD|Dragons (Blue)
Fri Jan  7 17:14:44 2022 M4rk935 (Blue) [Headshot] Burbano (Blue)
Fri Jan  7 17:14:49 2022 SD|Dragons (Blue) [Team Change]
Fri Jan  7 17:14:49 2022 SD|Dragons joined Blue team
Fri Jan  7 17:14:49 2022 augustini (Blue) [Shotgun] SD|Dragons (Blue)
Fri Jan  7 17:14:49 2022 [Team] lautaro 8bit (Blue): AGUSTINI PARA DE  ROMPERDME LA PIJA 
Fri Jan  7 17:14:52 2022 lautaro 8bit (Blue) [Team Change]
Fri Jan  7 17:14:52 2022 lautaro 8bit joined Blue team
Fri Jan  7 17:14:52 2022 Harry (Blue) [Shotgun] lautaro 8bit (Blue)
Fri Jan  7 17:14:53 2022 Dinooo (Blue) [Team Change]
Fri Jan  7 17:14:53 2022 Dinooo joined Blue team
Fri Jan  7 17:14:53 2022 Burbano (Blue) [Headshot] Dinooo (Blue)
Fri Jan  7 17:14:59 2022 Dinooo (Blue) [Team Change]
Fri Jan  7 17:14:59 2022 Dinooo joined Blue team
Fri Jan  7 17:14:59 2022 augustini (Blue) [Shotgun] Dinooo (Blue)
Fri Jan  7 17:14:59 2022 lautaro 8bit (Blue) [Shotgun] SD|Dragons (Blue)
Fri Jan  7 17:15:03 2022  Type /help for info & commands
Fri Jan  7 17:15:05 2022 Dinooo (Blue) [Team Change]
Fri Jan  7 17:15:05 2022 Dinooo joined Blue team
Fri Jan  7 17:15:05 2022 Harry (Blue) [Shotgun] Dinooo (Blue)
Fri Jan  7 17:15:13 2022 augustini (Blue) [Headshot] Harry (Blue)
Fri Jan  7 17:15:20 2022 SD|Dragons (Blue) [Team Change]
Fri Jan  7 17:15:20 2022 SD|Dragons joined Blue team
Fri Jan  7 17:15:20 2022 Harry (Blue) [Shotgun] SD|Dragons (Blue)
Fri Jan  7 17:15:23 2022 Burbano (Blue) [Team Change]
Fri Jan  7 17:15:23 2022 Burbano joined Blue team
Fri Jan  7 17:15:23 2022 Harry (Blue) [Shotgun] Burbano (Blue)
Fri Jan  7 17:15:23 2022 SD|Dragons (Blue) [Team Change]
Fri Jan  7 17:15:23 2022 SD|Dragons joined Blue team
Fri Jan  7 17:15:23 2022 augustini (Blue) [Headshot] SD|Dragons (Blue)
Fri Jan  7 17:15:28 2022 augustini (Blue) [Team Change]
Fri Jan  7 17:15:28 2022 augustini joined Blue team
Fri Jan  7 17:15:28 2022 Burbano (Blue) [Headshot] augustini (Blue)
Fri Jan  7 17:15:29 2022 [Global] augustini (Blue): aaaaaa
Fri Jan  7 17:15:30 2022 SD|Dragons (Blue) [Headshot] Burbano (Blue)
Fri Jan  7 17:15:38 2022 SD|Dragons (Blue) [Team Change]
Fri Jan  7 17:15:38 2022 SD|Dragons joined Blue team
Fri Jan  7 17:15:38 2022 augustini (Blue) [Shotgun] SD|Dragons (Blue)
Fri Jan  7 17:15:43 2022 augustini (Blue) [Team Change]
Fri Jan  7 17:15:43 2022 augustini joined Blue team
Fri Jan  7 17:15:43 2022 Harry (Blue) [Shotgun] augustini (Blue)
Fri Jan  7 17:15:46 2022 [Global] augustini (Blue): soy re pri
Fri Jan  7 17:15:51 2022 M4rk935 (Blue) [Team Change]
Fri Jan  7 17:15:51 2022 M4rk935 joined Blue team
Fri Jan  7 17:15:51 2022 Dinooo (Blue) [Headshot] M4rk935 (Blue)
Fri Jan  7 17:15:58 2022 [Global] Dinooo (Blue): come
Fri Jan  7 17:16:01 2022 Deuce2 joined Spectator team
Fri Jan  7 17:16:01 2022 augustini (Blue) [Team Change]
Fri Jan  7 17:16:01 2022 augustini joined Blue team
Fri Jan  7 17:16:01 2022 SD|Dragons (Blue) [Headshot] augustini (Blue)
Fri Jan  7 17:16:03 2022 lautaro 8bit (Blue) [Team Change]
Fri Jan  7 17:16:03 2022 lautaro 8bit joined Blue team
Fri Jan  7 17:16:03 2022 Dinooo (Blue) [Headshot] lautaro 8bit (Blue)
Fri Jan  7 17:16:03 2022 [Global] augustini (Blue): aaaaaaaaaaaaa
Fri Jan  7 17:16:06 2022 [Global] augustini (Blue): come que
Fri Jan  7 17:16:07 2022 M4rk935 (Blue) [Shotgun] Dinooo (Blue)
Fri Jan  7 17:16:09 2022 [Global] Dinooo (Blue): aa
Fri Jan  7 17:16:10 2022 Dinooo (Blue) [Team Change]
Fri Jan  7 17:16:10 2022 Dinooo joined Blue team
Fri Jan  7 17:16:10 2022 SD|Dragons (Blue) [Shotgun] Dinooo (Blue)
Fri Jan  7 17:16:12 2022 SD|Dragons (Blue) [Shotgun] Harry (Blue)
Fri Jan  7 17:16:17 2022 [Global] Dinooo (Blue): come es sigueme
Fri Jan  7 17:16:26 2022 lautaro 8bit (Blue) [Team Change]
Fri Jan  7 17:16:26 2022 lautaro 8bit joined Blue team
Fri Jan  7 17:16:26 2022 augustini (Blue) [Shotgun] lautaro 8bit (Blue)
Fri Jan  7 17:16:30 2022 Harry (Blue) [Shotgun] SD|Dragons (Blue)
Fri Jan  7 17:16:34 2022 Harry (Blue) [Headshot] SD|Dragons (Blue)
Fri Jan  7 17:16:38 2022 augustini (Blue) [Shotgun] SD|Dragons (Blue)
Fri Jan  7 17:16:41 2022 lautaro 8bit (Blue) [Shotgun] augustini (Blue)
Fri Jan  7 17:16:43 2022 [Global] augustini (Blue): aaaaaaaaaaa
Fri Jan  7 17:16:47 2022 augustini (Blue) [Shotgun] lautaro 8bit (Blue)
Fri Jan  7 17:16:49 2022 SD|Dragons (Blue) [Shotgun] Harry (Blue)
Fri Jan  7 17:16:50 2022 jaso11 joined Blue team
Fri Jan  7 17:16:58 2022 Harry (Blue) [Team Change]
Fri Jan  7 17:16:58 2022 augustini (Blue) [Shotgun] Harry (Blue)
Fri Jan  7 17:16:59 2022 Player Deuce2 has left
Fri Jan  7 17:17:01 2022 lautaro 8bit (Blue) [Shotgun] augustini (Blue)
Fri Jan  7 17:17:02 2022 Harry (Blue) [Team Change]
Fri Jan  7 17:17:02 2022 SD|Dragons (Blue) [Shotgun] Harry (Blue)
Fri Jan  7 17:17:03 2022 [Global] augustini (Blue): aaaaaaaa
Fri Jan  7 17:17:05 2022 lautaro 8bit (Blue) [Team Change]
Fri Jan  7 17:17:05 2022 lautaro 8bit joined Blue team
Fri Jan  7 17:17:05 2022 Burbano (Blue) [Headshot] lautaro 8bit (Blue)
Fri Jan  7 17:17:06 2022 jaso11 (Blue) [Team Change]
Fri Jan  7 17:17:06 2022 jaso11 joined Blue team
Fri Jan  7 17:17:06 2022 Burbano (Blue) [Shotgun] jaso11 (Blue)
Fri Jan  7 17:17:08 2022 augustini (Blue) [Shotgun] Burbano (Blue)
Fri Jan  7 17:17:13 2022 augustini (Blue) [Team Change]
Fri Jan  7 17:17:13 2022 augustini joined Blue team
Fri Jan  7 17:17:13 2022 Harry (Blue) [Shotgun] augustini (Blue)
Fri Jan  7 17:17:13 2022 Harry (Blue) [Team Change]
Fri Jan  7 17:17:13 2022 jaso11 (Blue) [Shotgun] Harry (Blue)
Fri Jan  7 17:17:14 2022 [Global] augustini (Blue): aaaaaaa
Fri Jan  7 17:17:18 2022 [Global] augustini (Blue): eran 2
Fri Jan  7 17:17:19 2022 augustini (Blue) [Team Change]
Fri Jan  7 17:17:19 2022 augustini joined Blue team
Fri Jan  7 17:17:19 2022 Burbano (Blue) [Headshot] augustini (Blue)
Fri Jan  7 17:17:20 2022 [Global] augustini (Blue): aaaaa
Fri Jan  7 17:17:24 2022 augustini (Blue) [Shotgun] Harry (Blue)
Fri Jan  7 17:17:25 2022 SD|Dragons (Blue) [Shotgun] augustini (Blue)
Fri Jan  7 17:17:26 2022 [Global] augustini (Blue): aaaaaaa
Fri Jan  7 17:17:31 2022 jaso11 (Blue) [Team Change]
Fri Jan  7 17:17:31 2022 jaso11 joined Blue team
Fri Jan  7 17:17:31 2022 augustini (Blue) [Headshot] jaso11 (Blue)
Fri Jan  7 17:17:34 2022 jaso11 (Blue) [Team Change]
Fri Jan  7 17:17:34 2022 jaso11 joined Blue team
Fri Jan  7 17:17:34 2022 Harry (Blue) [Headshot] jaso11 (Blue)
Fri Jan  7 17:17:35 2022 Harry (Blue) [Headshot] lautaro 8bit (Blue)
Fri Jan  7 17:17:47 2022 [Team] Burbano (Blue): t el destino de la vida y la muerte continua }
Fri Jan  7 17:17:54 2022 Harry (Blue) [Headshot] jaso11 (Blue)
Fri Jan  7 17:17:55 2022 Harry (Blue) [Headshot] augustini (Blue)
Fri Jan  7 17:17:57 2022 [Global] augustini (Blue): aaaaa
Fri Jan  7 17:18:01 2022 [Global] Burbano (Blue):  nosotros vivirremos eyos mmorirsan
Fri Jan  7 17:18:02 2022 lautaro 8bit (Blue) [Team Change]
Fri Jan  7 17:18:02 2022 lautaro 8bit joined Blue team
Fri Jan  7 17:18:02 2022 augustini (Blue) [Shotgun] lautaro 8bit (Blue)
Fri Jan  7 17:18:02 2022 SD|Dragons (Blue) [Shotgun] augustini (Blue)
Fri Jan  7 17:18:04 2022 [Global] augustini (Blue): aaaaaaa
Fri Jan  7 17:18:06 2022 SD|Dragons (Blue) [Fall]
Fri Jan  7 17:18:07 2022 augustini (Blue) [Headshot] lautaro 8bit (Blue)
Fri Jan  7 17:18:07 2022 Burbano (Blue) [Headshot] jaso11 (Blue)
Fri Jan  7 17:18:12 2022 Player jaso11 has left
Fri Jan  7 17:18:17 2022 lautaro 8bit (Blue) [Team Change]
Fri Jan  7 17:18:17 2022 lautaro 8bit joined Blue team
Fri Jan  7 17:18:17 2022 Harry (Blue) [Headshot] lautaro 8bit (Blue)
Fri Jan  7 17:18:20 2022 suko_mars joined Blue team
Fri Jan  7 17:18:22 2022 Burbano (Blue) [Team Change]
Fri Jan  7 17:18:22 2022 Burbano joined Blue team
Fri Jan  7 17:18:22 2022 Harry (Blue) [Shotgun] Burbano (Blue)
Fri Jan  7 17:18:26 2022 jaso11 joined Blue team
Fri Jan  7 17:18:27 2022 suko_mars (Blue) [Team Change]
Fri Jan  7 17:18:27 2022 suko_mars joined Blue team
Fri Jan  7 17:18:27 2022 Harry (Blue) [Shotgun] suko_mars (Blue)
Fri Jan  7 17:18:28 2022 Harry (Blue) [Team Change]
Fri Jan  7 17:18:28 2022 jaso11 (Blue) [Shotgun] Harry (Blue)
Fri Jan  7 17:18:34 2022 jaso11 (Blue) [Headshot] Harry (Blue)
Fri Jan  7 17:18:35 2022 jaso11 (Blue) [Shotgun] Burbano (Blue)
Fri Jan  7 17:18:39 2022 suko_mars (Blue) [Team Change]
Fri Jan  7 17:18:39 2022 suko_mars joined Blue team
Fri Jan  7 17:18:39 2022 lautaro 8bit (Blue) [Headshot] suko_mars (Blue)
Fri Jan  7 17:18:39 2022 augustini (Blue) [Shotgun] SD|Dragons (Blue)
Fri Jan  7 17:18:40 2022 Harry (Blue) [Team Change]
Fri Jan  7 17:18:40 2022 lautaro 8bit (Blue) [Headshot] Harry (Blue)
Fri Jan  7 17:18:41 2022 Player suko_mars has left
Fri Jan  7 17:18:41 2022 lautaro 8bit (Blue) [Team Change]
Fri Jan  7 17:18:41 2022 lautaro 8bit joined Blue team
Fri Jan  7 17:18:41 2022 Burbano (Blue) [Headshot] lautaro 8bit (Blue)
Fri Jan  7 17:18:45 2022 Burbano (Blue) [Headshot] SD|Dragons (Blue)
Fri Jan  7 17:18:46 2022 Harry (Blue) [Shotgun] Burbano (Blue)
Fri Jan  7 17:18:48 2022 jaso11 (Blue) [Team Change]
Fri Jan  7 17:18:48 2022 jaso11 joined Blue team
Fri Jan  7 17:18:48 2022 lautaro 8bit (Blue) [Headshot] jaso11 (Blue)
Fri Jan  7 17:18:52 2022 lautaro 8bit (Blue) [Headshot] Burbano (Blue)
Fri Jan  7 17:19:05 2022 [Global] augustini (Blue): dino
Fri Jan  7 17:19:08 2022 jaso11 (Blue) [Team Change]
Fri Jan  7 17:19:08 2022 jaso11 joined Blue team
Fri Jan  7 17:19:08 2022 Burbano (Blue) [Headshot] jaso11 (Blue)
Fri Jan  7 17:19:09 2022 SD|Dragons (Blue) [Team Change]
Fri Jan  7 17:19:09 2022 SD|Dragons joined Blue team
Fri Jan  7 17:19:09 2022 Harry (Blue) [Headshot] SD|Dragons (Blue)
Fri Jan  7 17:19:09 2022 [Global] Dinooo (Blue): que
Fri Jan  7 17:19:12 2022 [Global] augustini (Blue): so
Fri Jan  7 17:19:13 2022 [Global] augustini (Blue): jajaja
Fri Jan  7 17:19:17 2022 jaso11 (Blue) [Team Change]
Fri Jan  7 17:19:17 2022 jaso11 joined Blue team
Fri Jan  7 17:19:17 2022 Harry (Blue) [Headshot] jaso11 (Blue)
Fri Jan  7 17:19:20 2022 [Global] Dinooo (Blue): es pera
Fri Jan  7 17:19:24 2022 jaso11 (Blue) [Team Change]
Fri Jan  7 17:19:24 2022 jaso11 joined Blue team
Fri Jan  7 17:19:24 2022 augustini (Blue) [Shotgun] jaso11 (Blue)
Fri Jan  7 17:19:36 2022 augustini (Blue) [Shotgun] jaso11 (Blue)
Fri Jan  7 17:19:39 2022 luissssssssssss joined Blue team
Fri Jan  7 17:19:51 2022 jaso11 (Blue) [Team Change]
Fri Jan  7 17:19:51 2022 jaso11 joined Blue team
Fri Jan  7 17:19:51 2022 Harry (Blue) [Shotgun] jaso11 (Blue)
Fri Jan  7 17:19:56 2022 augustini (Blue) [Team Change]
Fri Jan  7 17:19:56 2022 augustini joined Blue team
Fri Jan  7 17:19:56 2022 SD|Dragons (Blue) [Shotgun] augustini (Blue)
Fri Jan  7 17:20:02 2022 augustini (Blue) [Team Change]
Fri Jan  7 17:20:02 2022 augustini joined Blue team
Fri Jan  7 17:20:02 2022 Harry (Blue) [Shotgun] augustini (Blue)
Fri Jan  7 17:20:03 2022  This server was created using http://hosting.buildandshoot.com
Fri Jan  7 17:20:04 2022 [Global] augustini (Blue): aaaaaaa
Fri Jan  7 17:20:06 2022 [Global] SD|Dragons (Blue): 8 hp
Fri Jan  7 17:20:07 2022 luissssssssssss (Blue) [Team Change]
Fri Jan  7 17:20:07 2022 luissssssssssss joined Blue team
Fri Jan  7 17:20:07 2022 augustini (Blue) [Headshot] luissssssssssss (Blue)
Fri Jan  7 17:20:11 2022 augustini (Blue) [Headshot] luissssssssssss (Blue)
Fri Jan  7 17:20:13 2022 CYKA BLYAT joined Blue team
Fri Jan  7 17:20:13 2022 jaso11 (Blue) [Team Change]
Fri Jan  7 17:20:13 2022 jaso11 joined Blue team
Fri Jan  7 17:20:13 2022 augustini (Blue) [Shotgun] jaso11 (Blue)
Fri Jan  7 17:20:15 2022 Harry (Blue) [Headshot] augustini (Blue)
Fri Jan  7 17:20:16 2022 [Global] augustini (Blue): aaaaa
Fri Jan  7 17:20:18 2022 Dinooo (Blue) [Team Change]
Fri Jan  7 17:20:18 2022 Dinooo joined Blue team
Fri Jan  7 17:20:18 2022 Burbano (Blue) [Headshot] Dinooo (Blue)
Fri Jan  7 17:20:20 2022 CYKA BLYAT (Blue) [Headshot] augustini (Blue)
Fri Jan  7 17:20:21 2022 [Global] augustini (Blue): ç
Fri Jan  7 17:20:22 2022 Dinooo (Blue) [Team Change]
Fri Jan  7 17:20:22 2022 Dinooo joined Blue team
Fri Jan  7 17:20:22 2022 Harry (Blue) [Headshot] Dinooo (Blue)
Fri Jan  7 17:20:23 2022 [Global] Dinooo (Blue): mano deja es algo segurp
Fri Jan  7 17:20:27 2022 [Global] Dinooo (Blue): me cago lo mio
Fri Jan  7 17:20:29 2022 luissssssssssss (Blue) [Shotgun] Dinooo (Blue)
Fri Jan  7 17:20:31 2022 luissssssssssss (Blue) [Team Change]
Fri Jan  7 17:20:31 2022 luissssssssssss joined Blue team
Fri Jan  7 17:20:31 2022 Harry (Blue) [Shotgun] luissssssssssss (Blue)
Fri Jan  7 17:20:36 2022 [Global] augustini (Blue): que
Fri Jan  7 17:20:38 2022 Dinooo (Blue) [Team Change]
Fri Jan  7 17:20:38 2022 Dinooo joined Blue team
Fri Jan  7 17:20:38 2022 SD|Dragons (Blue) [Shotgun] Dinooo (Blue)
Fri Jan  7 17:20:38 2022 CYKA BLYAT (Blue) [Headshot] SD|Dragons (Blue)
Fri Jan  7 17:20:48 2022 SD|Dragons (Blue) [Headshot] CYKA BLYAT (Blue)
Fri Jan  7 17:20:48 2022 luissssssssssss (Blue) [Team Change]
Fri Jan  7 17:20:48 2022 luissssssssssss joined Blue team
Fri Jan  7 17:20:48 2022 augustini (Blue) [Headshot] luissssssssssss (Blue)
Fri Jan  7 17:21:02 2022 SD|Dragons (Blue) [Grenade] Harry (Blue)
Fri Jan  7 17:21:03 2022 SD|Dragons (Blue) [Shotgun] CYKA BLYAT (Blue)
Fri Jan  7 17:21:05 2022 CYKA BLYAT (Blue) [Shotgun] augustini (Blue)
Fri Jan  7 17:21:06 2022 jaso11 (Blue) [Team Change]
Fri Jan  7 17:21:06 2022 jaso11 joined Blue team
Fri Jan  7 17:21:06 2022 Dinooo (Blue) [Headshot] jaso11 (Blue)
Fri Jan  7 17:21:07 2022 luissssssssssss (Blue) [Team Change]
Fri Jan  7 17:21:07 2022 luissssssssssss joined Blue team
Fri Jan  7 17:21:07 2022 CYKA BLYAT (Blue) [Headshot] luissssssssssss (Blue)
Fri Jan  7 17:21:07 2022 Harry (Blue) [Shotgun] SD|Dragons (Blue)
Fri Jan  7 17:21:07 2022 [Global] augustini (Blue): aaa
Fri Jan  7 17:21:09 2022 [Global] SD|Dragons (Blue): duble kill
Fri Jan  7 17:21:09 2022 [Global] Dinooo (Blue): es mio
Fri Jan  7 17:21:10 2022 Harry (Blue) [Headshot] SD|Dragons (Blue)
Fri Jan  7 17:21:24 2022 CYKA BLYAT (Blue) [Shotgun] SD|Dragons (Blue)
Fri Jan  7 17:21:25 2022 jaso11 (Blue) [Team Change]
Fri Jan  7 17:21:25 2022 jaso11 joined Blue team
Fri Jan  7 17:21:25 2022 Burbano (Blue) [Headshot] jaso11 (Blue)
Fri Jan  7 17:21:26 2022 augustini (Blue) [Shotgun] CYKA BLYAT (Blue)
Fri Jan  7 17:21:27 2022 Harry (Blue) [Headshot] SD|Dragons (Blue)
Fri Jan  7 17:21:29 2022 augustini (Blue) [Team Change]
Fri Jan  7 17:21:29 2022 augustini joined Blue team
Fri Jan  7 17:21:29 2022 Burbano (Blue) [Headshot] augustini (Blue)
Fri Jan  7 17:21:30 2022 [Global] augustini (Blue): aaaaaa
Fri Jan  7 17:21:33 2022 augustini (Blue) [Team Change]
Fri Jan  7 17:21:33 2022 augustini joined Blue team
Fri Jan  7 17:21:33 2022 Harry (Blue) [Headshot] augustini (Blue)
Fri Jan  7 17:21:36 2022 Harry (Blue) [Shotgun] SD|Dragons (Blue)
Fri Jan  7 17:21:38 2022 SD|Dragons (Blue) [Grenade] CYKA BLYAT (Blue)
Fri Jan  7 17:21:39 2022 jaso11 (Blue) [Shotgun] luissssssssssss (Blue)
Fri Jan  7 17:21:42 2022 CYKA BLYAT (Blue) [Team Change]
Fri Jan  7 17:21:42 2022 CYKA BLYAT joined Blue team
Fri Jan  7 17:21:42 2022 Harry (Blue) [Shotgun] CYKA BLYAT (Blue)
Fri Jan  7 17:21:43 2022 augustini (Blue) [Team Change]
Fri Jan  7 17:21:43 2022 augustini joined Blue team
Fri Jan  7 17:21:43 2022 SD|Dragons (Blue) [Headshot] augustini (Blue)
Fri Jan  7 17:21:46 2022 [Global] augustini (Blue): de que color es tu flechs
Fri Jan  7 17:21:46 2022 luissssssssssss (Blue) [Team Change]
Fri Jan  7 17:21:46 2022 luissssssssssss joined Blue team
Fri Jan  7 17:21:46 2022 Burbano (Blue) [Shotgun] luissssssssssss (Blue)
Fri Jan  7 17:21:48 2022 CYKA BLYAT (Blue) [Headshot] Harry (Blue)
Fri Jan  7 17:21:49 2022 augustini (Blue) [Shotgun] Burbano (Blue)
Fri Jan  7 17:21:53 2022 CYKA BLYAT (Blue) [Shotgun] jaso11 (Blue)
Fri Jan  7 17:21:56 2022 SD|Dragons (Blue) [Fall]
Fri Jan  7 17:21:56 2022 CYKA BLYAT (Blue) [Team Change]
Fri Jan  7 17:21:56 2022 CYKA BLYAT joined Blue team
Fri Jan  7 17:21:56 2022 Burbano (Blue) [Shotgun] CYKA BLYAT (Blue)
Fri Jan  7 17:22:00 2022 Harry (Blue) [Team Change]
Fri Jan  7 17:22:00 2022 luissssssssssss (Blue) [Shotgun] Harry (Blue)
Fri Jan  7 17:22:04 2022 CYKA BLYAT (Blue) [Shotgun] Burbano (Blue)
Fri Jan  7 17:22:06 2022 Harry (Blue) [Shotgun] jaso11 (Blue)
Fri Jan  7 17:22:13 2022 [Global] Dinooo (Blue): mano paz
Fri Jan  7 17:22:14 2022 Harry (Blue) [Headshot] CYKA BLYAT (Blue)
Fri Jan  7 17:22:14 2022 Dinooo (Blue) [Team Change]
Fri Jan  7 17:22:14 2022 Dinooo joined Blue team
Fri Jan  7 17:22:14 2022 augustini (Blue) [Shotgun] Dinooo (Blue)
Fri Jan  7 17:22:16 2022 [Global] Dinooo (Blue): peace
Fri Jan  7 17:22:17 2022 [Global] augustini (Blue): perdon
Fri Jan  7 17:22:18 2022 [Global] Dinooo (Blue): coño
Fri Jan  7 17:22:21 2022 Harry (Blue) [Shotgun] CYKA BLYAT (Blue)
Fri Jan  7 17:22:24 2022 [Global] augustini (Blue): pero ya me voy
Fri Jan  7 17:22:26 2022 [Global] augustini (Blue): chauuuuuuuu
Fri Jan  7 17:22:28 2022 Harry (Blue) [Shotgun] luissssssssssss (Blue)
Fri Jan  7 17:22:32 2022 [Global] augustini (Blue): de todas formas les gane
Fri Jan  7 17:22:33 2022 Harry (Blue) [Headshot] luissssssssssss (Blue)
Fri Jan  7 17:22:34 2022 Player augustini has left
Fri Jan  7 17:22:40 2022 Burbano (Blue) [Team Change]
Fri Jan  7 17:22:40 2022 Burbano joined Blue team
Fri Jan  7 17:22:40 2022 SD|Dragons (Blue) [Headshot] Burbano (Blue)
Fri Jan  7 17:22:42 2022 Harry (Blue) [Shotgun] luissssssssssss (Blue)
Fri Jan  7 17:22:44 2022 jaso11 (Blue) [Shotgun] Dinooo (Blue)
Fri Jan  7 17:22:46 2022 SD|Dragons (Blue) [Headshot] luissssssssssss (Blue)
Fri Jan  7 17:22:46 2022 jaso11 (Blue) [Shotgun] Dinooo (Blue)
Fri Jan  7 17:22:50 2022 SD|Dragons (Blue) [Shotgun] luissssssssssss (Blue)
Fri Jan  7 17:22:53 2022 CYKA BLYAT (Blue) [Shotgun] SD|Dragons (Blue)
Fri Jan  7 17:22:56 2022 luissssssssssss (Blue) [Team Change]
Fri Jan  7 17:22:56 2022 luissssssssssss joined Blue team
Fri Jan  7 17:22:56 2022 CYKA BLYAT (Blue) [Shotgun] luissssssssssss (Blue)
Fri Jan  7 17:22:58 2022 Temyp joined Blue team
Fri Jan  7 17:22:59 2022 CYKA BLYAT (Blue) [Shotgun] Dinooo (Blue)
Fri Jan  7 17:23:00 2022 Dinooo (Blue) [Grenade] CYKA BLYAT (Blue)
Fri Jan  7 17:23:03 2022 lautaro 8bit (Blue) [Team Change]
Fri Jan  7 17:23:03 2022 lautaro 8bit joined Blue team
Fri Jan  7 17:23:03 2022 Burbano (Blue) [Shotgun] lautaro 8bit (Blue)
Fri Jan  7 17:23:05 2022 SD|Dragons (Blue) [Team Change]
Fri Jan  7 17:23:05 2022 SD|Dragons joined Blue team
Fri Jan  7 17:23:05 2022 Harry (Blue) [Headshot] SD|Dragons (Blue)
Fri Jan  7 17:23:11 2022 Harry (Blue) [Shotgun] Temyp (Blue)
Fri Jan  7 17:23:13 2022 Harry (Blue) [Shotgun] jaso11 (Blue)
Fri Jan  7 17:23:15 2022 SD|Dragons (Blue) [Headshot] lautaro 8bit (Blue)
Fri Jan  7 17:23:18 2022 Temyp (Blue) [Team Change]
Fri Jan  7 17:23:18 2022 Temyp joined Blue team
Fri Jan  7 17:23:18 2022 SD|Dragons (Blue) [Shotgun] Temyp (Blue)
Fri Jan  7 17:23:19 2022 Harry (Blue) [Headshot] CYKA BLYAT (Blue)
Fri Jan  7 17:23:21 2022 Harry (Blue) [Team Change]
Fri Jan  7 17:23:21 2022 lautaro 8bit (Blue) [Headshot] Harry (Blue)
Fri Jan  7 17:23:24 2022 jaso11 (Blue) [Team Change]
Fri Jan  7 17:23:24 2022 jaso11 joined Blue team
Fri Jan  7 17:23:24 2022 SD|Dragons (Blue) [Headshot] jaso11 (Blue)
Fri Jan  7 17:23:32 2022 lautaro 8bit (Blue) [Team Change]
Fri Jan  7 17:23:32 2022 lautaro 8bit joined Blue team
Fri Jan  7 17:23:32 2022 jaso11 (Blue) [Shotgun] lautaro 8bit (Blue)
Fri Jan  7 17:23:35 2022 CYKA BLYAT (Blue) [Shotgun] jaso11 (Blue)
Fri Jan  7 17:23:37 2022 Harry (Blue) [Shotgun] Temyp (Blue)
Fri Jan  7 17:23:39 2022 CYKA BLYAT (Blue) [Team Change]
Fri Jan  7 17:23:39 2022 CYKA BLYAT joined Blue team
Fri Jan  7 17:23:39 2022 lautaro 8bit (Blue) [Shotgun] CYKA BLYAT (Blue)
Fri Jan  7 17:23:44 2022 jaso11 (Blue) [Shotgun] lautaro 8bit (Blue)
Fri Jan  7 17:23:44 2022 SD|Dragons (Blue) [Shotgun] jaso11 (Blue)
Fri Jan  7 17:23:55 2022 Burbano (Blue) [Shotgun] Temyp (Blue)
Fri Jan  7 17:23:56 2022 Harry (Blue) [Shotgun] jaso11 (Blue)
Fri Jan  7 17:23:59 2022 lautaro 8bit (Blue) [Team Change]
Fri Jan  7 17:23:59 2022 lautaro 8bit joined Blue team
Fri Jan  7 17:23:59 2022 Harry (Blue) [Shotgun] lautaro 8bit (Blue)
Fri Jan  7 17:24:06 2022 SD|Dragons (Blue) [Team Change]
Fri Jan  7 17:24:06 2022 SD|Dragons joined Blue team
Fri Jan  7 17:24:06 2022 Harry (Blue) [Shotgun] SD|Dragons (Blue)
Fri Jan  7 17:24:07 2022 Burbano (Blue) [Shotgun] jaso11 (Blue)
Fri Jan  7 17:24:16 2022 Temyp (Blue) [Shotgun] Harry (Blue)
Fri Jan  7 17:24:17 2022 Burbano (Blue) [Shotgun] SD|Dragons (Blue)
Fri Jan  7 17:24:19 2022 Harry (Blue) [Shotgun] lautaro 8bit (Blue)
Fri Jan  7 17:24:22 2022 Burbano (Blue) [Team Change]
Fri Jan  7 17:24:22 2022 Burbano joined Blue team
Fri Jan  7 17:24:22 2022 Harry (Blue) [Shotgun] Burbano (Blue)
Fri Jan  7 17:24:24 2022 luissssssssssss (Blue) [Grenade] Harry (Blue)
Fri Jan  7 17:24:27 2022 lautaro 8bit (Blue) [Team Change]
Fri Jan  7 17:24:27 2022 lautaro 8bit joined Blue team
Fri Jan  7 17:24:27 2022 SD|Dragons (Blue) [Shotgun] lautaro 8bit (Blue)
Fri Jan  7 17:24:39 2022 luissssssssssss (Blue) [Team Change]
Fri Jan  7 17:24:39 2022 luissssssssssss joined Blue team
Fri Jan  7 17:24:39 2022 SD|Dragons (Blue) [Shotgun] luissssssssssss (Blue)
Fri Jan  7 17:24:43 2022 SD|Dragons (Blue) [Shotgun] luissssssssssss (Blue)
Fri Jan  7 17:24:47 2022 lautaro 8bit (Blue) [Grenade]
Fri Jan  7 17:24:52 2022 SD|Dragons (Blue) [Shotgun] luissssssssssss (Blue)
Fri Jan  7 17:24:52 2022 Temyp (Blue) [Team Change]
Fri Jan  7 17:24:52 2022 Temyp joined Blue team
Fri Jan  7 17:24:52 2022 Burbano (Blue) [Shotgun] Temyp (Blue)
Fri Jan  7 17:24:55 2022 CYKA BLYAT (Blue) [Shotgun] Harry (Blue)
Fri Jan  7 17:24:56 2022 SD|Dragons (Blue) [Team Change]
Fri Jan  7 17:24:56 2022 SD|Dragons joined Blue team
Fri Jan  7 17:24:56 2022 jaso11 (Blue) [Shotgun] SD|Dragons (Blue)
Fri Jan  7 17:25:03 2022  Type /help for info & commands
Fri Jan  7 17:25:06 2022 lautaro 8bit (Blue) [Headshot] jaso11 (Blue)
Fri Jan  7 17:25:11 2022 Harry (Blue) [Headshot] Burbano (Blue)
Fri Jan  7 17:25:13 2022 Temyp (Blue) [Team Change]
Fri Jan  7 17:25:13 2022 Temyp joined Blue team
Fri Jan  7 17:25:13 2022 Harry (Blue) [Headshot] Temyp (Blue)
Fri Jan  7 17:25:18 2022 jaso11 (Blue) [Team Change]
Fri Jan  7 17:25:18 2022 jaso11 joined Blue team
Fri Jan  7 17:25:18 2022 Burbano (Blue) [Shotgun] jaso11 (Blue)
Fri Jan  7 17:25:23 2022 Harry (Blue) [Shotgun] Temyp (Blue)
Fri Jan  7 17:25:30 2022 Burbano (Blue) [Headshot] jaso11 (Blue)
Fri Jan  7 17:25:35 2022 Player jaso11 has left
Fri Jan  7 17:25:36 2022 Temyp (Blue) [Shotgun] SD|Dragons (Blue)
Fri Jan  7 17:25:39 2022 Burbano (Blue) [Shotgun] luissssssssssss (Blue)
Fri Jan  7 17:25:39 2022 lautaro 8bit (Blue) [Headshot] M4rk935 (Blue)
Fri Jan  7 17:25:42 2022 Player M4rk935 has left
Fri Jan  7 17:25:45 2022 Harry (Blue) [Shotgun] Burbano (Blue)
Fri Jan  7 17:25:45 2022 lautaro 8bit (Blue) [Shotgun] CYKA BLYAT (Blue)
Fri Jan  7 17:25:53 2022 Burbano (Blue) [Shotgun] Harry (Blue)
Fri Jan  7 17:25:54 2022 jaso11 joined Blue team
Fri Jan  7 17:25:55 2022 CYKA BLYAT (Blue) [Team Change]
Fri Jan  7 17:25:55 2022 CYKA BLYAT joined Blue team
Fri Jan  7 17:25:55 2022 Burbano (Blue) [Headshot] CYKA BLYAT (Blue)
Fri Jan  7 17:25:58 2022 luissssssssssss (Blue) [Team Change]
Fri Jan  7 17:25:58 2022 luissssssssssss joined Blue team
Fri Jan  7 17:25:58 2022 SD|Dragons (Blue) [Shotgun] luissssssssssss (Blue)
Fri Jan  7 17:26:05 2022 Harry (Blue) [Shotgun] Temyp (Blue)
Fri Jan  7 17:26:06 2022 Player luissssssssssss has left
Fri Jan  7 17:26:09 2022 jaso11 (Blue) [Team Change]
Fri Jan  7 17:26:09 2022 jaso11 joined Blue team
Fri Jan  7 17:26:09 2022 Burbano (Blue) [Headshot] jaso11 (Blue)
Fri Jan  7 17:26:12 2022 Player jaso11 has left
Fri Jan  7 17:26:12 2022 CYKA BLYAT (Blue) [Team Change]
Fri Jan  7 17:26:12 2022 CYKA BLYAT joined Blue team
Fri Jan  7 17:26:12 2022 Harry (Blue) [Shotgun] CYKA BLYAT (Blue)
Fri Jan  7 17:26:13 2022 SD|Dragons (Blue) [Headshot] Burbano (Blue)
Fri Jan  7 17:26:21 2022 Burbano (Blue) [Shotgun] SD|Dragons (Blue)
Fri Jan  7 17:26:29 2022 SD|Dragons (Blue) [Shotgun] Burbano (Blue)
Fri Jan  7 17:26:39 2022 Harry (Blue) [Shotgun] Burbano (Blue)
Fri Jan  7 17:26:46 2022 Harry (Blue) [Shotgun] Temyp (Blue)
Fri Jan  7 17:26:49 2022 Player Temyp has left
Fri Jan  7 17:26:51 2022 SD|Dragons (Blue) [Team Change]
Fri Jan  7 17:26:51 2022 SD|Dragons joined Blue team
Fri Jan  7 17:26:51 2022 Harry (Blue) [Shotgun] SD|Dragons (Blue)
Fri Jan  7 17:27:00 2022 Harry (Blue) [Shotgun] Burbano (Blue)
Fri Jan  7 17:27:06 2022 Harry (Blue) [Headshot] SD|Dragons (Blue)
Fri Jan  7 17:27:17 2022 lautaro 8bit (Blue) [Headshot] SD|Dragons (Blue)
Fri Jan  7 17:27:26 2022 Burbano (Blue) [Team Change]
Fri Jan  7 17:27:26 2022 Burbano joined Blue team
Fri Jan  7 17:27:26 2022 CYKA BLYAT (Blue) [Shotgun] Burbano (Blue)
Fri Jan  7 17:27:30 2022 [Global] lautaro 8bit (Blue): OMAAAA Q QUEREIAA ROMPEER EL COSO 
Fri Jan  7 17:27:31 2022 Burbano (Blue) [Team Change]
Fri Jan  7 17:27:31 2022 Burbano joined Blue team
Fri Jan  7 17:27:31 2022 Harry (Blue) [Shotgun] Burbano (Blue)
Fri Jan  7 17:27:33 2022 [Team] lautaro 8bit (Blue):  ALO ISE YO
Fri Jan  7 17:27:39 2022 [Team] lautaro 8bit (Blue): PETES
Fri Jan  7 17:27:42 2022 SD|Dragons (Blue) [Team Change]
Fri Jan  7 17:27:42 2022 SD|Dragons joined Blue team
Fri Jan  7 17:27:42 2022 Burbano (Blue) [Headshot] SD|Dragons (Blue)
Fri Jan  7 17:27:49 2022  Dinooo was kicked: Rapid hack detected
Fri Jan  7 17:27:49 2022 Player Dinooo has left
Fri Jan  7 17:27:50 2022 SD|Dragons (Blue) [Team Change]
Fri Jan  7 17:27:50 2022 SD|Dragons joined Blue team
Fri Jan  7 17:27:50 2022 lautaro 8bit (Blue) [Headshot] SD|Dragons (Blue)
Fri Jan  7 17:27:52 2022 CYKA BLYAT (Blue) [Team Change]
Fri Jan  7 17:27:52 2022 CYKA BLYAT joined Blue team
Fri Jan  7 17:27:52 2022 Burbano (Blue) [Headshot] CYKA BLYAT (Blue)
Fri Jan  7 17:27:54 2022 Harry (Blue) [Shotgun] SD|Dragons (Blue)
Fri Jan  7 17:27:59 2022 CYKA BLYAT (Blue) [Team Change]
Fri Jan  7 17:27:59 2022 CYKA BLYAT joined Blue team
Fri Jan  7 17:27:59 2022 Harry (Blue) [Shotgun] CYKA BLYAT (Blue)
Fri Jan  7 17:28:08 2022 Harry (Blue) [Headshot] CYKA BLYAT (Blue)
Fri Jan  7 17:28:15 2022 [Team] lautaro 8bit (Blue): JAJAJA PETES QURIAN ROMPOER ANTE Q YO EL CCHUNK Y NO PIDIERON 
Fri Jan  7 17:28:22 2022 Harry (Blue) [Shotgun] CYKA BLYAT (Blue)
Fri Jan  7 17:28:23 2022 Dinooo joined Blue team
Fri Jan  7 17:28:23 2022 lautaro 8bit (Blue) [Fall]
Fri Jan  7 17:28:26 2022 Harry (Blue) [Shotgun] Dinooo (Blue)
Fri Jan  7 17:28:30 2022 Dinooo (Blue) [Team Change]
Fri Jan  7 17:28:30 2022 Dinooo joined Blue team
Fri Jan  7 17:28:30 2022 CYKA BLYAT (Blue) [Shotgun] Dinooo (Blue)
Fri Jan  7 17:28:33 2022 CYKA BLYAT (Blue) [Shotgun] lautaro 8bit (Blue)
Fri Jan  7 17:28:33 2022 [Global] Dinooo (Blue): :C
Fri Jan  7 17:28:49 2022 SD|Dragons (Blue) [Shotgun] lautaro 8bit (Blue)
Fri Jan  7 17:28:59 2022 Burbano (Blue) [Headshot] lautaro 8bit (Blue)
Fri Jan  7 17:29:17 2022 lautaro 8bit (Blue) [Team Change]
Fri Jan  7 17:29:17 2022 lautaro 8bit joined Blue team
Fri Jan  7 17:29:17 2022 Harry (Blue) [Headshot] lautaro 8bit (Blue)
Fri Jan  7 17:29:23 2022 lautaro 8bit (Blue) [Headshot] Harry (Blue)
Fri Jan  7 17:29:30 2022 lautaro 8bit (Blue) [Team Change]
Fri Jan  7 17:29:30 2022 lautaro 8bit joined Blue team
Fri Jan  7 17:29:30 2022 Burbano (Blue) [Shotgun] lautaro 8bit (Blue)
Fri Jan  7 17:29:47 2022 mega77 joined Blue team
Fri Jan  7 17:29:52 2022 lautaro 8bit (Blue) [Team Change]
Fri Jan  7 17:29:52 2022 lautaro 8bit joined Blue team
Fri Jan  7 17:29:52 2022 Harry (Blue) [Shotgun] lautaro 8bit (Blue)
Fri Jan  7 17:30:01 2022 Burbano (Blue) [Fall]
Fri Jan  7 17:30:03 2022  Type /help for info & commands
Fri Jan  7 17:30:06 2022 mega77 (Blue) [Headshot] SD|Dragons (Blue)
Fri Jan  7 17:30:08 2022 Burbano (Blue) [Shotgun] Harry (Blue)
Fri Jan  7 17:30:14 2022 Harry (Blue) [Shotgun] SD|Dragons (Blue)
Fri Jan  7 17:30:25 2022 Harry (Blue) [Shotgun] Burbano (Blue)
Fri Jan  7 17:30:33 2022 Burbano (Blue) [Headshot] Harry (Blue)
Fri Jan  7 17:30:36 2022 mega77 (Blue) [Shotgun] SD|Dragons (Blue)
Fri Jan  7 17:30:39 2022 Harry (Blue) [Headshot] Burbano (Blue)
Fri Jan  7 17:30:47 2022 Burbano (Blue) [Shotgun] mega77 (Blue)
Fri Jan  7 17:30:51 2022 Harry (Blue) [Team Change]
Fri Jan  7 17:30:51 2022 mega77 (Blue) [Shotgun] Harry (Blue)
Fri Jan  7 17:31:02 2022 Harry (Blue) [Headshot] mega77 (Blue)
Fri Jan  7 17:31:07 2022 mega77 (Blue) [Shotgun] Harry (Blue)
Fri Jan  7 17:31:13 2022 SD|Dragons (Blue) [Team Change]
Fri Jan  7 17:31:13 2022 SD|Dragons joined Blue team
Fri Jan  7 17:31:13 2022 Harry (Blue) [Headshot] SD|Dragons (Blue)
Fri Jan  7 17:31:21 2022 Harry (Blue) [Team Change]
Fri Jan  7 17:31:21 2022 Burbano (Blue) [Shotgun] Harry (Blue)
Fri Jan  7 17:31:28 2022 Player mega77 has left
Fri Jan  7 17:31:31 2022 Xyzorian joined Spectator team
Fri Jan  7 17:31:33 2022 SD|Dragons (Blue) [Shotgun] Burbano (Blue)
Fri Jan  7 17:31:41 2022 [Global] SD|Dragons (Blue): xd
Fri Jan  7 17:31:45 2022 Player Xyzorian has left
Fri Jan  7 17:31:45 2022 Harry (Blue) [Shotgun] Burbano (Blue)
Fri Jan  7 17:31:53 2022 Xyzorian joined Blue team
Fri Jan  7 17:31:55 2022 Harry (Blue) [Headshot] Burbano (Blue)
Fri Jan  7 17:32:03 2022 SD|Dragons (Blue) [Team Change]
Fri Jan  7 17:32:03 2022 SD|Dragons joined Blue team
Fri Jan  7 17:32:03 2022 Harry (Blue) [Shotgun] SD|Dragons (Blue)
Fri Jan  7 17:32:12 2022 Burbano (Blue) [Team Change]
Fri Jan  7 17:32:12 2022 Burbano joined Blue team
Fri Jan  7 17:32:12 2022 Xyzorian (Blue) [Shotgun] Burbano (Blue)
Fri Jan  7 17:32:14 2022 Harry (Blue) [Shotgun] Xyzorian (Blue)
Fri Jan  7 17:32:18 2022 Xyzorian (Blue) [Headshot] Harry (Blue)
Fri Jan  7 17:32:26 2022 fag joined Blue team
Fri Jan  7 17:32:28 2022 SD|Dragons (Blue) [Team Change]
Fri Jan  7 17:32:28 2022 SD|Dragons joined Blue team
Fri Jan  7 17:32:28 2022 Xyzorian (Blue) [Headshot] SD|Dragons (Blue)
Fri Jan  7 17:32:30 2022 Harry (Blue) [Shotgun] Xyzorian (Blue)
Fri Jan  7 17:32:40 2022 Burbano (Blue) [Team Change]
Fri Jan  7 17:32:40 2022 Burbano joined Blue team
Fri Jan  7 17:32:40 2022 SD|Dragons (Blue) [Shotgun] Burbano (Blue)
Fri Jan  7 17:32:45 2022 Harry (Blue) [Headshot] Xyzorian (Blue)
Fri Jan  7 17:32:45 2022 SD|Dragons (Blue) [Headshot] Burbano (Blue)
Fri Jan  7 17:32:52 2022 Player Xyzorian has left
Fri Jan  7 17:32:57 2022 fag (Blue) [Team Change]
Fri Jan  7 17:32:57 2022 fag joined Blue team
Fri Jan  7 17:32:57 2022 Harry (Blue) [Shotgun] fag (Blue)
Fri Jan  7 17:33:03 2022 SD|Dragons (Blue) [Team Change]
Fri Jan  7 17:33:03 2022 SD|Dragons joined Blue team
Fri Jan  7 17:33:03 2022 Harry (Blue) [Shotgun] SD|Dragons (Blue)
Fri Jan  7 17:33:08 2022 Harry (Blue) [Shotgun] SD|Dragons (Blue)
Fri Jan  7 17:33:14 2022 Harry (Blue) [Headshot] SD|Dragons (Blue)
Fri Jan  7 17:33:16 2022 fag (Blue) [Shotgun] Harry (Blue)
Fri Jan  7 17:33:27 2022 Harry (Blue) [Shotgun] fag (Blue)
Fri Jan  7 17:33:31 2022 Burbano (Blue) [Team Change]
Fri Jan  7 17:33:31 2022 Burbano joined Blue team
Fri Jan  7 17:33:31 2022 SD|Dragons (Blue) [Headshot] Burbano (Blue)
Fri Jan  7 17:33:35 2022 Player fag has left
Fri Jan  7 17:33:37 2022 Harry (Blue) [Headshot] SD|Dragons (Blue)
Fri Jan  7 17:33:46 2022 SD|Dragons (Blue) [Shotgun] Burbano (Blue)
Fri Jan  7 17:33:57 2022 Harry (Blue) [Team Change]
Fri Jan  7 17:33:57 2022 Burbano (Blue) [Headshot] Harry (Blue)
Fri Jan  7 17:34:10 2022 CYKA BLYAT (Blue) [Team Change]
Fri Jan  7 17:34:10 2022 CYKA BLYAT joined Blue team
Fri Jan  7 17:34:10 2022 SD|Dragons (Blue) [Headshot] CYKA BLYAT (Blue)
Fri Jan  7 17:34:16 2022 [Global] Dinooo (Blue): paz
Fri Jan  7 17:34:23 2022 [Global] Dinooo (Blue): peace ¿?
Fri Jan  7 17:34:31 2022 Burbano (Blue) [Team Change]
Fri Jan  7 17:34:31 2022 Burbano joined Blue team
Fri Jan  7 17:34:31 2022 Dinooo (Blue) [Headshot] Burbano (Blue)
Fri Jan  7 17:34:36 2022 CYKA BLYAT (Blue) [Melee] SD|Dragons (Blue)
Fri Jan  7 17:34:39 2022 [Global] Harry (Blue): ok
Fri Jan  7 17:34:46 2022 SD|Dragons (Blue) [Headshot] CYKA BLYAT (Blue)
Fri Jan  7 17:35:01 2022 Temyp joined Blue team
Fri Jan  7 17:35:03 2022  This server was created using http://hosting.buildandshoot.com
Fri Jan  7 17:35:03 2022 CYKA BLYAT (Blue) [Shotgun] Harry (Blue)
Fri Jan  7 17:35:08 2022 Temyp (Blue) [Shotgun] SD|Dragons (Blue)
Fri Jan  7 17:35:10 2022 Harry (Blue) [Shotgun] CYKA BLYAT (Blue)
Fri Jan  7 17:35:20 2022 Temyp (Blue) [Team Change]
Fri Jan  7 17:35:20 2022 Temyp joined Blue team
Fri Jan  7 17:35:20 2022 CYKA BLYAT (Blue) [Shotgun] Temyp (Blue)
Fri Jan  7 17:35:28 2022 SD|Dragons (Blue) [Headshot] CYKA BLYAT (Blue)
Fri Jan  7 17:35:32 2022 Harry (Blue) [Team Change]
Fri Jan  7 17:35:32 2022 Temyp (Blue) [Headshot] Harry (Blue)
Fri Jan  7 17:35:44 2022 Harry (Blue) [Shotgun] Temyp (Blue)
Fri Jan  7 17:35:45 2022 fag joined Blue team
Fri Jan  7 17:35:50 2022 Harry (Blue) [Shotgun] SD|Dragons (Blue)
Fri Jan  7 17:35:54 2022 Harry (Blue) [Shotgun] SD|Dragons (Blue)
Fri Jan  7 17:35:57 2022 Burbano (Blue) [Headshot] fag (Blue)
Fri Jan  7 17:36:00 2022 SD|Dragons (Blue) [Shotgun] Harry (Blue)
Fri Jan  7 17:36:07 2022 Harry (Blue) [Headshot] SD|Dragons (Blue)
Fri Jan  7 17:36:10 2022 CYKA BLYAT (Blue) [Shotgun] Temyp (Blue)
Fri Jan  7 17:36:12 2022 Player Temyp has left
Fri Jan  7 17:36:14 2022 Burbano (Blue) [Headshot] fag (Blue)
Fri Jan  7 17:36:15 2022 Burbano (Blue) [Headshot] Harry (Blue)
Fri Jan  7 17:36:18 2022 fag (Blue) [Shotgun] Burbano (Blue)
Fri Jan  7 17:36:18 2022 Harry (Blue) [Shotgun] SD|Dragons (Blue)
Fri Jan  7 17:36:33 2022 fag (Blue) [Shotgun] SD|Dragons (Blue)
Fri Jan  7 17:36:36 2022 CYKA BLYAT (Blue) [Team Change]
Fri Jan  7 17:36:36 2022 CYKA BLYAT joined Blue team
Fri Jan  7 17:36:36 2022 Harry (Blue) [Shotgun] CYKA BLYAT (Blue)
Fri Jan  7 17:36:42 2022 SD|Dragons (Blue) [Shotgun] Harry (Blue)
Fri Jan  7 17:36:44 2022 SD|Dragons (Blue) [Team Change]
Fri Jan  7 17:36:44 2022 SD|Dragons joined Blue team
Fri Jan  7 17:36:44 2022 Burbano (Blue) [Shotgun] SD|Dragons (Blue)
Fri Jan  7 17:36:45 2022 [Global] SD|Dragons (Blue): fag tp
Fri Jan  7 17:36:45 2022 fag (Blue) [Team Change]
Fri Jan  7 17:36:48 2022 fag joined Blue team
Fri Jan  7 17:36:49 2022 Harry (Blue) [Shotgun] Burbano (Blue)
Fri Jan  7 17:36:52 2022 CYKA BLYAT (Blue) [Team Change]
Fri Jan  7 17:36:52 2022 CYKA BLYAT joined Blue team
Fri Jan  7 17:36:52 2022 fag (Blue) [Shotgun] CYKA BLYAT (Blue)
Fri Jan  7 17:36:57 2022 Temyp joined Blue team
Fri Jan  7 17:36:58 2022 SD|Dragons (Blue) [Team Change]
Fri Jan  7 17:36:58 2022 SD|Dragons joined Blue team
Fri Jan  7 17:36:58 2022 Harry (Blue) [Headshot] SD|Dragons (Blue)
Fri Jan  7 17:37:00 2022 Harry (Blue) [Shotgun] Burbano (Blue)
Fri Jan  7 17:37:02 2022 Harry (Blue) [Team Change]
Fri Jan  7 17:37:02 2022 CYKA BLYAT (Blue) [Shotgun] Harry (Blue)
Fri Jan  7 17:37:02 2022 fag (Blue) [Headshot] Temyp (Blue)
Fri Jan  7 17:37:07 2022 fag (Blue) [Team Change]
Fri Jan  7 17:37:07 2022 fag joined Blue team
Fri Jan  7 17:37:07 2022 Harry (Blue) [Shotgun] fag (Blue)
Fri Jan  7 17:37:10 2022 Harry (Blue) [Headshot] CYKA BLYAT (Blue)
Fri Jan  7 17:37:17 2022 Player Temyp has left
Fri Jan  7 17:37:22 2022 Harry (Blue) [Shotgun] CYKA BLYAT (Blue)
Fri Jan  7 17:37:34 2022 Harry (Blue) [Team Change]
Fri Jan  7 17:37:34 2022 Burbano (Blue) [Headshot] Harry (Blue)
Fri Jan  7 17:37:40 2022 fag (Blue) [Grenade]
Fri Jan  7 17:37:41 2022 CYKA BLYAT (Blue) [Melee] SD|Dragons (Blue)
Fri Jan  7 17:37:44 2022 [Global] CYKA BLYAT (Blue): xd
Fri Jan  7 17:37:44 2022 CYKA BLYAT (Blue) [Team Change]
Fri Jan  7 17:37:44 2022 CYKA BLYAT joined Blue team
Fri Jan  7 17:37:44 2022 Harry (Blue) [Shotgun] CYKA BLYAT (Blue)
Fri Jan  7 17:37:46 2022 Burbano (Blue) [Headshot] fag (Blue)
Fri Jan  7 17:37:52 2022 Burbano (Blue) [Team Change]
Fri Jan  7 17:37:52 2022 Burbano joined Blue team
Fri Jan  7 17:37:52 2022 SD|Dragons (Blue) [Shotgun] Burbano (Blue)
Fri Jan  7 17:37:54 2022 [Global] SD|Dragons (Blue): fag tp
Fri Jan  7 17:37:56 2022 Burbano (Blue) [Shotgun] SD|Dragons (Blue)
Fri Jan  7 17:37:56 2022 Harry (Blue) [Shotgun] CYKA BLYAT (Blue)
Fri Jan  7 17:37:58 2022 fag (Blue) [Team Change]
Fri Jan  7 17:37:58 2022 fag joined Blue team
Fri Jan  7 17:37:58 2022 Burbano (Blue) [Shotgun] fag (Blue)
Fri Jan  7 17:38:00 2022 Temyp joined Blue team
Fri Jan  7 17:38:02 2022 Harry (Blue) [Shotgun] SD|Dragons (Blue)
Fri Jan  7 17:38:06 2022 CYKA BLYAT (Blue) [Headshot] Burbano (Blue)
Fri Jan  7 17:38:11 2022 Temyp (Blue) [Shotgun] CYKA BLYAT (Blue)
Fri Jan  7 17:38:12 2022 fag (Blue) [Shotgun] Harry (Blue)
Fri Jan  7 17:38:13 2022 [Global] Harry (Blue): im tired
Fri Jan  7 17:38:15 2022 Burbano (Blue) [Shotgun] SD|Dragons (Blue)
Fri Jan  7 17:38:16 2022 [Global] Harry (Blue): bye
Fri Jan  7 17:38:19 2022 SD|Dragons (Blue) [Shotgun] Burbano (Blue)
Fri Jan  7 17:38:24 2022 CYKA BLYAT (Blue) [Team Change]
Fri Jan  7 17:38:24 2022 CYKA BLYAT joined Blue team
Fri Jan  7 17:38:24 2022 fag (Blue) [Shotgun] CYKA BLYAT (Blue)
Fri Jan  7 17:38:25 2022 Disconnecting
