Thu Mar 10 07:23:51 2022 ------ World Loaded ------
Thu Mar 10 07:23:51 2022 B-21 [LV.24] (Blue) [Rifle]
Thu Mar 10 07:23:51 2022 B-6 [LV.4] (Blue) [Shotgun]
Thu Mar 10 07:23:51 2022 Novi4ok73@ (Blue) [SMG] B-26 [LV.16] (Green)
Thu Mar 10 07:23:51 2022 B-5 [LV.8] (Green) [Rifle]
Thu Mar 10 07:23:51 2022 Join our discord: discord.gg/CuDraJJntH
Thu Mar 10 07:23:51 2022 B-15 [LV.5] (Green) [Rifle]
Thu Mar 10 07:23:52 2022 B-31 [LV.24] (Blue) [Rifle]
Thu Mar 10 07:23:54 2022 B-28 [LV.12] (Blue) [Rifle]
Thu Mar 10 07:23:55 2022 B-2 [LV.5] (Blue) [Rifle]
Thu Mar 10 07:23:56 2022 Team is full, moved to Blue
Thu Mar 10 07:23:56 2022 This server is running ks_announce 1.2.0 created by Hourai (Yui)!
Thu Mar 10 07:23:56 2022 This server is running RPG script 1.3.0 by yuyasato (yuya_aos), modified by Hourai (Yui)!
Thu Mar 10 07:23:56 2022 Get 8 kills in a row to get 3 RPG rockets!
Thu Mar 10 07:23:56 2022 B-2 [LV.5] (Blue) [Fall]
Thu Mar 10 07:23:56 2022 B-26 [LV.16] (Green) [Fall]
Thu Mar 10 07:23:56 2022 B-5 [LV.8] (Green) [Fall]
Thu Mar 10 07:23:56 2022 B-28 [LV.12] (Blue) [Fall]
Thu Mar 10 07:23:56 2022 B-15 [LV.5] (Green) [Fall]
Thu Mar 10 07:23:56 2022 B-31 [LV.24] (Blue) [Fall]
Thu Mar 10 07:23:56 2022 Team Deathmatch: Kill the opposing team. Intel is worth 10 kills.
Thu Mar 10 07:23:56 2022 Green leads 219-123 (+96, 281 left). Playing to 500 kills.
Thu Mar 10 07:23:56 2022 Type /power for more information!
Thu Mar 10 07:23:56 2022 You have no powers
Thu Mar 10 07:23:56 2022 B-16 [LV.6] joined Green team
Thu Mar 10 07:23:56 2022 It's getting hot in here! Novi4ok73@ is on a 10 kill killstreak!
Thu Mar 10 07:23:56 2022 Novi4ok73@ (Blue) [Headshot] B-4 [LV.8] (Green)
Thu Mar 10 07:23:57 2022 B-11 [LV.13] (Blue) [Rifle]
Thu Mar 10 07:23:57 2022 Showstopper! VeganCommunist ended Novi4ok73@'s 10 kill killstreak!
Thu Mar 10 07:23:57 2022 VeganCommunist (Green) [Headshot] Novi4ok73@ (Blue)
Thu Mar 10 07:24:02 2022 Astral_Defender (Green) [Headshot] B-20 [LV.22] (Blue)
Thu Mar 10 07:24:03 2022 B-29 [LV.15] (Blue) [Rifle]
Thu Mar 10 07:24:07 2022 B-12 [LV.14] (Blue) [Rifle]
Thu Mar 10 07:24:10 2022 B-25 [LV.11] (Green) [Shotgun]
Thu Mar 10 07:24:11 2022 B-18 [LV.16] (Green) [Rifle]
Thu Mar 10 07:24:11 2022 B-21 [LV.24] (Blue) [Rifle]
Thu Mar 10 07:24:12 2022 B-10 [LV.27] (Blue) [Rifle]
Thu Mar 10 07:24:12 2022 B-3 [LV.22] (Green) [Shotgun]
Thu Mar 10 07:24:13 2022 B-7 [LV.12] (Green) [Rifle]
Thu Mar 10 07:24:15 2022 B-26 [LV.16] (Green) [SMG]
Thu Mar 10 07:24:16 2022 B-6 [LV.4] (Blue) [Shotgun]
Thu Mar 10 07:24:19 2022 Novi4ok73@ (Blue) [Headshot] Astral_Defender (Green)
Thu Mar 10 07:24:19 2022 B-31 [LV.24] (Blue) [Rifle]
Thu Mar 10 07:24:20 2022 B-4 [LV.8] (Green) [Shotgun]
Thu Mar 10 07:24:21 2022 B-28 [LV.12] (Blue) [Rifle]
Thu Mar 10 07:24:22 2022 B-2 [LV.5] (Blue) [Rifle]
Thu Mar 10 07:24:23 2022 B-17 [LV.27] (Blue) [Rifle]
Thu Mar 10 07:24:24 2022 B-11 [LV.13] (Blue) [Rifle]
Thu Mar 10 07:24:25 2022 B-15 [LV.5] (Green) [Rifle]
Thu Mar 10 07:24:26 2022 Player B-16 [LV.6] has left
Thu Mar 10 07:24:29 2022 B-20 [LV.22] (Blue) [Rifle]
Thu Mar 10 07:24:32 2022 B-12 [LV.14] (Blue) [Rifle]
Thu Mar 10 07:24:32 2022 B-5 [LV.8] (Green) [Rifle]
Thu Mar 10 07:24:36 2022 B-29 [LV.15] (Blue) [Rifle]
Thu Mar 10 07:24:37 2022 B-21 [LV.24] (Blue) [Rifle]
Thu Mar 10 07:24:39 2022 B-25 [LV.11] (Green) [Shotgun]
Thu Mar 10 07:24:45 2022 B-6 [LV.4] (Blue) [Shotgun]
Thu Mar 10 07:24:45 2022 B-7 [LV.12] (Green) [Rifle]
Thu Mar 10 07:24:46 2022 [Global] Astral_Defender (Green): novi4ok u sus, killing with smg only by 1 shot
Thu Mar 10 07:24:46 2022 B-31 [LV.24] (Blue) [Rifle]
Thu Mar 10 07:24:48 2022 B-18 [LV.16] (Green) [Rifle]
Thu Mar 10 07:24:48 2022 B-11 [LV.13] (Blue) [Rifle]
Thu Mar 10 07:24:50 2022 B-2 [LV.5] (Blue) [Rifle]
Thu Mar 10 07:24:50 2022 B-10 [LV.27] (Blue) [Rifle]
Thu Mar 10 07:24:52 2022 B-3 [LV.22] (Green) [Shotgun]
Thu Mar 10 07:24:52 2022 B-5 [LV.8] (Green) [Rifle]
Thu Mar 10 07:24:53 2022 B-17 [LV.27] (Blue) [Rifle]
Thu Mar 10 07:24:53 2022 B-28 [LV.12] (Blue) [Rifle]
Thu Mar 10 07:24:57 2022 B-12 [LV.14] (Blue) [Rifle]
Thu Mar 10 07:24:57 2022 [Global] VeganCommunist (Green): true
Thu Mar 10 07:24:58 2022 B-4 [LV.8] (Green) [Shotgun]
Thu Mar 10 07:24:58 2022 B-20 [LV.22] (Blue) [Rifle]
Thu Mar 10 07:25:03 2022 Harry (Blue) [Headshot] Deuce (Green)
Thu Mar 10 07:25:04 2022 B-15 [LV.5] (Green) [Rifle]
Thu Mar 10 07:25:04 2022 B-21 [LV.24] (Blue) [Rifle]
Thu Mar 10 07:25:05 2022 B-26 [LV.16] (Green) [SMG]
Thu Mar 10 07:25:06 2022 B-29 [LV.15] (Blue) [Rifle]
Thu Mar 10 07:25:08 2022 Player B-29 [LV.15] has left
Thu Mar 10 07:25:08 2022 B-29 [LV.27] joined Green team
Thu Mar 10 07:25:09 2022 B-25 [LV.11] (Green) [Shotgun]
Thu Mar 10 07:25:09 2022 LUM Official Discord: discord.gg/CuDraJJntH
Thu Mar 10 07:25:10 2022 B-6 [LV.4] (Blue) [Shotgun]
Thu Mar 10 07:25:11 2022 [Global] VeganCommunist (Green): he has been sus since I strated playing
Thu Mar 10 07:25:11 2022 B-7 [LV.12] (Green) [Headshot] oli pro (Blue)
Thu Mar 10 07:25:11 2022 B-11 [LV.13] (Blue) [Rifle]
Thu Mar 10 07:25:11 2022 Harry (Blue) [Rifle] Astral_Defender (Green)
Thu Mar 10 07:25:11 2022 Deuce joined Blue team
Thu Mar 10 07:25:14 2022 B-2 [LV.5] (Blue) [Rifle]
Thu Mar 10 07:25:16 2022 B-31 [LV.24] (Blue) [Rifle]
Thu Mar 10 07:25:17 2022 ander360 joined Green team
Thu Mar 10 07:25:17 2022 B-17 [LV.27] (Blue) [Rifle]
Thu Mar 10 07:25:18 2022 Type /power for more info on Intel Powers
Thu Mar 10 07:25:18 2022 You were killed by B-7 [LV.12] who had no powers
Thu Mar 10 07:25:18 2022 B-7 [LV.12] (Green) [Headshot] Harry (Blue)
Thu Mar 10 07:25:18 2022 B-10 [LV.27] (Blue) [Rifle]
Thu Mar 10 07:25:19 2022 B-5 [LV.8] (Green) [Rifle]
Thu Mar 10 07:25:20 2022 B-28 [LV.12] (Blue) [Rifle]
Thu Mar 10 07:25:22 2022 B-18 [LV.16] (Green) [Rifle]
Thu Mar 10 07:25:22 2022 B-4 [LV.8] (Green) [Shotgun]
Thu Mar 10 07:25:25 2022 B-20 [LV.22] (Blue) [Rifle]
Thu Mar 10 07:25:26 2022 Team Deathmatch: Kill the opposing team. Intel is worth 10 kills.
Thu Mar 10 07:25:26 2022 Green leads 223-127 (+96, 277 left). Playing to 500 kills.
Thu Mar 10 07:25:26 2022 Type /power for more information!
Thu Mar 10 07:25:26 2022 You have no powers
Thu Mar 10 07:25:28 2022 Novi4ok73@ (Blue) [Headshot] B-15 [LV.5] (Green)
Thu Mar 10 07:25:29 2022 Novi4ok73@ (Blue) [Headshot] B-26 [LV.16] (Green)
Thu Mar 10 07:25:30 2022 Disconnecting
