Wed Jan 12 12:43:47 2022 ------ World Loaded ------
Wed Jan 12 12:43:47 2022 Welcome to Voxide Hallway
Wed Jan 12 12:43:48 2022 Join us on our forum and discord: v.dgd.cx
Wed Jan 12 12:43:50 2022 Wroom Wroom (Blue) [SMG] B-5 [LV.18] (Red)
Wed Jan 12 12:43:50 2022 speeeeed (Blue) [SMG] B-15 [LV.20] (Red)
Wed Jan 12 12:43:50 2022 Cheating and antisocial behaviours are prohibited.
Wed Jan 12 12:43:50 2022 You got the charge ability. Press V (sneak)
Wed Jan 12 12:43:50 2022 B-5 [LV.18] (Red) [Fall]
Wed Jan 12 12:43:50 2022 B-15 [LV.20] (Red) [Fall]
Wed Jan 12 12:43:50 2022 You have 1 medkit!
Wed Jan 12 12:43:50 2022 Player B-9 [LV.7] has left
Wed Jan 12 12:43:51 2022 Wroom Wroom (Blue) [Headshot] B-7 [LV.22] (Red)
Wed Jan 12 12:43:51 2022 Player Steve has left
Wed Jan 12 12:43:52 2022 $padit0 (Red) [Headshot] Wroom Wroom (Blue)
Wed Jan 12 12:43:52 2022 B-9 [LV.9] joined Blue team
Wed Jan 12 12:43:54 2022 B-1 [LV.25] (Blue) [Headshot] B-16 [LV.24] (Red)
Wed Jan 12 12:43:55 2022 Client authentication complete. Imger turned ON.
Wed Jan 12 12:43:56 2022 Client authentication complete. Glow turned ON.
Wed Jan 12 12:43:58 2022 nelson joined Blue team
Wed Jan 12 12:43:58 2022 Player B-9 [LV.9] has left
Wed Jan 12 12:43:59 2022 B-18 [LV.27] (Red) [Headshot] B-1 [LV.25] (Blue)
Wed Jan 12 12:44:03 2022 Unreliable (Red) [Headshot] B-6 [LV.24] (Blue)
Wed Jan 12 12:44:05 2022 un  terricola dropped Blue's Intel
Wed Jan 12 12:44:05 2022 Wroom Wroom (Blue) [Headshot] un  terricola (Red)
Wed Jan 12 12:44:09 2022 Unreliable (Red) [Rifle] B-11 [LV.11] (Blue)
Wed Jan 12 12:44:14 2022 Unreliable (Red) [Headshot] B-1 [LV.25] (Blue)
Wed Jan 12 12:44:16 2022 B-5 [LV.18] (Red) [Shotgun]
Wed Jan 12 12:44:16 2022 Unreliable (Red) [Headshot] speeeeed (Blue)
Wed Jan 12 12:44:18 2022 Harry (Blue) [Headshot] B-18 [LV.27] (Red)
Wed Jan 12 12:44:21 2022 B-16 [LV.24] (Red) [Shotgun]
Wed Jan 12 12:44:26 2022 Harry (Blue) [Headshot] Unreliable (Red)
Wed Jan 12 12:44:27 2022 Wroom Wroom (Blue) [SMG] $padit0 (Red)
Wed Jan 12 12:44:35 2022 Type /emotelist to view available patterns.
Wed Jan 12 12:44:40 2022 un  terricola (Red) [SMG] nelson (Blue)
Wed Jan 12 12:44:41 2022 Harry (Blue) [Headshot] B-15 [LV.20] (Red)
Wed Jan 12 12:44:41 2022 un  terricola (Red) [Headshot] Harry (Blue)
Wed Jan 12 12:44:42 2022 Ally Wroom Wroom called in an airstrike on location C4
Wed Jan 12 12:44:48 2022 Wroom Wroom (Blue) [SMG] B-5 [LV.18] (Red)
Wed Jan 12 12:44:49 2022 You have 1 medkit!
Wed Jan 12 12:44:50 2022 B-17 [LV.23] (Blue) [Headshot] B-7 [LV.22] (Red)
Wed Jan 12 12:44:53 2022 speeeeed (Blue) [SMG] un  terricola (Red)
Wed Jan 12 12:44:54 2022 Unreliable (Red) [Headshot] B-17 [LV.23] (Blue)
Wed Jan 12 12:44:55 2022 B-2 [LV.21] (Blue) [Shotgun]
Wed Jan 12 12:44:55 2022 B-6 [LV.24] (Blue) [SMG]
Wed Jan 12 12:44:56 2022 Have any suggestions? Let us know: voxide.dgd.cx
Wed Jan 12 12:44:58 2022 Wroom Wroom (Blue) [Headshot] Unreliable (Red)
Wed Jan 12 12:44:59 2022 B-11 [LV.11] (Blue) [SMG]
Wed Jan 12 12:45:03 2022 [Global] Unreliable (Red): g
Wed Jan 12 12:45:03 2022 Wroom Wroom (Blue) [SMG] $padit0 (Red)
Wed Jan 12 12:45:04 2022 Unreliable: gramo
Wed Jan 12 12:45:07 2022 Wroom Wroom (Blue) [Headshot] B-16 [LV.24] (Red)
Wed Jan 12 12:45:08 2022 B-18 [LV.27] (Red) [SMG] Harry (Blue)
Wed Jan 12 12:45:09 2022 Wroom Wroom (Blue) [Headshot] B-15 [LV.20] (Red)
Wed Jan 12 12:45:09 2022 Unreliable (Red) [Headshot] Wroom Wroom (Blue)
Wed Jan 12 12:45:12 2022 B-1 [LV.25] (Blue) [Rifle]
Wed Jan 12 12:45:16 2022 You have 1 medkit!
Wed Jan 12 12:45:16 2022 speeeeed (Blue) [Headshot] B-18 [LV.27] (Red)
Wed Jan 12 12:45:16 2022 nelson (Blue) [Headshot] B-7 [LV.22] (Red)
Wed Jan 12 12:45:26 2022 un  terricola (Red) [Shotgun] nelson (Blue)
Wed Jan 12 12:45:37 2022 un  terricola (Red) [Headshot] B-2 [LV.21] (Blue)
Wed Jan 12 12:45:42 2022 B-11 [LV.11] (Blue) [Headshot] B-5 [LV.18] (Red)
Wed Jan 12 12:45:47 2022 Wroom Wroom (Blue) [Headshot] B-18 [LV.27] (Red)
Wed Jan 12 12:45:47 2022 B-6 [LV.24] (Blue) [SMG]
Wed Jan 12 12:45:48 2022 Wroom Wroom (Blue) [Headshot] B-15 [LV.20] (Red)
Wed Jan 12 12:45:48 2022 Harry (Blue) [Headshot] B-7 [LV.22] (Red)
Wed Jan 12 12:45:56 2022 Wroom Wroom (Blue) [SMG] B-16 [LV.24] (Red)
Wed Jan 12 12:45:58 2022 Wroom Wroom (Blue) [Headshot] B-5 [LV.18] (Red)
Wed Jan 12 12:46:01 2022 Unreliable picked up Blue's Intel.
Wed Jan 12 12:46:01 2022 Wroom Wroom (Blue) [Headshot] $padit0 (Red)
Wed Jan 12 12:46:04 2022 B-18 [LV.27] (Red) [Headshot] B-11 [LV.11] (Blue)
Wed Jan 12 12:46:04 2022 speeeeed (Blue) [Headshot] un  terricola (Red)
Wed Jan 12 12:46:08 2022 nelson (Blue) [Headshot] B-7 [LV.22] (Red)
Wed Jan 12 12:46:09 2022 Harry (Blue) [Headshot] B-18 [LV.27] (Red)
Wed Jan 12 12:46:12 2022 Unreliable (Red) [Headshot] B-2 [LV.21] (Blue)
Wed Jan 12 12:46:15 2022 Unreliable (Red) [Headshot] B-6 [LV.24] (Blue)
Wed Jan 12 12:46:16 2022 nelson (Blue) [Headshot] B-16 [LV.24] (Red)
Wed Jan 12 12:46:17 2022 Unreliable dropped Blue's Intel
Wed Jan 12 12:46:17 2022 Wroom Wroom (Blue) [Headshot] Unreliable (Red)
Wed Jan 12 12:46:18 2022 $padit0 (Red) [Headshot] B-17 [LV.23] (Blue)
Wed Jan 12 12:46:24 2022 speeeeed (Blue) [Headshot] un  terricola (Red)
Wed Jan 12 12:46:24 2022 B-5 [LV.18] (Red) [Shotgun]
Wed Jan 12 12:46:26 2022 speeeeed (Blue) [SMG] B-18 [LV.27] (Red)
Wed Jan 12 12:46:28 2022 nelson (Blue) [Headshot] B-7 [LV.22] (Red)
Wed Jan 12 12:46:32 2022 nelson (Blue) [Headshot] Unreliable (Red)
Wed Jan 12 12:46:33 2022 B-11 [LV.11] (Blue) [SMG]
Wed Jan 12 12:46:34 2022 Harry (Blue) [Headshot] $padit0 (Red)
Wed Jan 12 12:46:34 2022 Harry (Blue) [Headshot] B-5 [LV.18] (Red)
Wed Jan 12 12:46:40 2022 Wroom Wroom (Blue) [SMG] un  terricola (Red)
Wed Jan 12 12:46:41 2022 speeeeed (Blue) [SMG] B-18 [LV.27] (Red)
Wed Jan 12 12:46:43 2022 B-16 [LV.24] (Red) [Shotgun]
Wed Jan 12 12:46:44 2022 B-1 [LV.25] (Blue) [Rifle]
Wed Jan 12 12:46:50 2022 Unreliable (Red) [Headshot] speeeeed (Blue)
Wed Jan 12 12:46:51 2022 nelson (Blue) [Rifle] un  terricola (Red)
Wed Jan 12 12:46:51 2022 B-15 [LV.20] (Red) [Rifle] nelson (Blue)
Wed Jan 12 12:46:52 2022 Unreliable (Red) [Headshot] Wroom Wroom (Blue)
Wed Jan 12 12:46:52 2022 Harry (Blue) [Headshot] B-7 [LV.22] (Red)
Wed Jan 12 12:46:53 2022 Harry (Blue) [Headshot] B-5 [LV.18] (Red)
Wed Jan 12 12:46:54 2022 Harry (Blue) [Headshot] Unreliable (Red)
Wed Jan 12 12:46:58 2022 $padit0 (Red) [SMG] Harry (Blue)
Wed Jan 12 12:47:03 2022 B-6 [LV.24] (Blue) [SMG]
Wed Jan 12 12:47:06 2022 You have 1 medkit!
Wed Jan 12 12:47:07 2022 Unreliable (Red) [Rifle] B-17 [LV.23] (Blue)
Wed Jan 12 12:47:11 2022 $padit0 (Red) [Headshot] B-11 [LV.11] (Blue)
Wed Jan 12 12:47:12 2022 B-2 [LV.21] (Blue) [Shotgun]
Wed Jan 12 12:47:19 2022 nelson (Blue) [Headshot] B-16 [LV.24] (Red)
Wed Jan 12 12:47:19 2022 speeeeed (Blue) [SMG] $padit0 (Red)
Wed Jan 12 12:47:20 2022 nelson (Blue) [Headshot] B-18 [LV.27] (Red)
Wed Jan 12 12:47:23 2022 Wroom Wroom (Blue) [Headshot] B-15 [LV.20] (Red)
Wed Jan 12 12:47:25 2022 nelson (Blue) [Headshot] B-5 [LV.18] (Red)
Wed Jan 12 12:47:26 2022 Unreliable (Red) [Headshot] Wroom Wroom (Blue)
Wed Jan 12 12:47:27 2022 B-1 [LV.25] (Blue) [Rifle]
Wed Jan 12 12:47:33 2022 Harry (Blue) [Headshot] Unreliable (Red)
Wed Jan 12 12:47:38 2022 un  terricola (Red) [Headshot] nelson (Blue)
Wed Jan 12 12:47:43 2022 $padit0 (Red) [Headshot] Harry (Blue)
Wed Jan 12 12:47:51 2022 You have 1 medkit!
Wed Jan 12 12:47:53 2022 $padit0 (Red) [Headshot] B-17 [LV.23] (Blue)
Wed Jan 12 12:47:53 2022 B-16 [LV.24] (Red) [Shotgun]
Wed Jan 12 12:47:54 2022 $padit0 (Red) [SMG] B-11 [LV.11] (Blue)
Wed Jan 12 12:47:55 2022 Imger enabled on this server. You can toggle the plugin with /img
Wed Jan 12 12:47:55 2022 Unreliable (Red) [Headshot] B-2 [LV.21] (Blue)
Wed Jan 12 12:47:56 2022 B-6 [LV.24] (Blue) [SMG] B-7 [LV.22] (Red)
Wed Jan 12 12:47:58 2022 Wroom Wroom (Blue) [SMG] B-5 [LV.18] (Red)
Wed Jan 12 12:47:58 2022 un  terricola (Red) [Headshot] speeeeed (Blue)
Wed Jan 12 12:47:58 2022 B-6 [LV.24] (Blue) [Headshot] B-18 [LV.27] (Red)
Wed Jan 12 12:48:01 2022 $padit0 (Red) [SMG] B-1 [LV.25] (Blue)
Wed Jan 12 12:48:01 2022 Harry (Blue) [Headshot] $padit0 (Red)
Wed Jan 12 12:48:03 2022 un  terricola (Red) [Headshot] B-6 [LV.24] (Blue)
Wed Jan 12 12:48:05 2022 B-15 [LV.20] (Red) [Headshot] Wroom Wroom (Blue)
Wed Jan 12 12:48:06 2022 5 minutes remaining.
Wed Jan 12 12:48:11 2022 nelson (Blue) [Headshot] B-15 [LV.20] (Red)
Wed Jan 12 12:48:22 2022 Unreliable (Red) [Headshot] Harry (Blue)
Wed Jan 12 12:48:26 2022 nelson (Blue) [Headshot] $padit0 (Red)
Wed Jan 12 12:48:30 2022 You have 1 medkit!
Wed Jan 12 12:48:32 2022 nelson (Blue) [Headshot] B-16 [LV.24] (Red)
Wed Jan 12 12:48:38 2022 Unreliable (Red) [Headshot] nelson (Blue)
Wed Jan 12 12:48:38 2022 Wroom Wroom (Blue) [SMG] Unreliable (Red)
Wed Jan 12 12:48:48 2022 Player nelson has left
Wed Jan 12 12:48:50 2022 $padit0 (Red) [Headshot] B-6 [LV.24] (Blue)
Wed Jan 12 12:48:52 2022 Wroom Wroom (Blue) [SMG] B-15 [LV.20] (Red)
Wed Jan 12 12:48:52 2022 B-1 [LV.25] (Blue) [Rifle]
Wed Jan 12 12:48:52 2022 Wroom Wroom (Blue) [Headshot] B-7 [LV.22] (Red)
Wed Jan 12 12:48:55 2022 $padit0 (Red) [Headshot] Wroom Wroom (Blue)
Wed Jan 12 12:48:56 2022 Cheating and antisocial behaviours are prohibited here.
Wed Jan 12 12:48:56 2022 B-9 [LV.21] joined Blue team
Wed Jan 12 12:48:57 2022 speeeeed (Blue) [Melee] $padit0 (Red)
Wed Jan 12 12:49:00 2022 nelson joined Blue team
Wed Jan 12 12:49:00 2022 Player B-9 [LV.21] has left
Wed Jan 12 12:49:03 2022 un  terricola (Red) [Headshot] B-6 [LV.24] (Blue)
Wed Jan 12 12:49:05 2022 Wroom Wroom (Blue) [SMG] un  terricola (Red)
Wed Jan 12 12:49:06 2022 4 minutes remaining.
Wed Jan 12 12:49:11 2022 Player nelson has left
Wed Jan 12 12:49:13 2022 B-4 [LV.18] joined Blue team
Wed Jan 12 12:49:14 2022 speeeeed (Blue) [Headshot] B-18 [LV.27] (Red)
Wed Jan 12 12:49:18 2022 $padit0 (Red) [SMG] B-2 [LV.21] (Blue)
Wed Jan 12 12:49:20 2022 nelson joined Blue team
Wed Jan 12 12:49:20 2022 Player B-2 [LV.21] has left
Wed Jan 12 12:49:22 2022 speeeeed (Blue) [Headshot] B-7 [LV.22] (Red)
Wed Jan 12 12:49:24 2022 B-6 [LV.24] (Blue) [Headshot] Unreliable (Red)
Wed Jan 12 12:49:28 2022 Harry (Blue) [Headshot] B-5 [LV.18] (Red)
Wed Jan 12 12:49:29 2022 speeeeed (Blue) [SMG] $padit0 (Red)
Wed Jan 12 12:49:30 2022 Harry (Blue) [Headshot] B-16 [LV.24] (Red)
Wed Jan 12 12:49:32 2022 Harry (Blue) [Headshot] B-15 [LV.20] (Red)
Wed Jan 12 12:49:40 2022 speeeeed (Blue) [Headshot] B-18 [LV.27] (Red)
Wed Jan 12 12:49:41 2022 Unreliable (Red) [Headshot] speeeeed (Blue)
Wed Jan 12 12:49:42 2022 Unreliable (Red) [Rifle] Harry (Blue)
Wed Jan 12 12:49:50 2022 You have 1 medkit!
Wed Jan 12 12:49:50 2022 Disconnecting
