Tue Mar 15 22:21:53 2022 ------ World Loaded ------
Tue Mar 15 22:21:53 2022 Mod by Beige, modified by Rakete
Tue Mar 15 22:21:53 2022 benis
Tue Mar 15 22:21:54 2022 ZOMBIE28 joined Zombie team
Tue Mar 15 22:21:55 2022 ZOMBIE8 joined Zombie team
Tue Mar 15 22:21:55 2022 ZOMBIE19 joined Zombie team
Tue Mar 15 22:21:58 2022 Ben Dover (Human) [Grenade] ZOMBIE14 (Zombie)
Tue Mar 15 22:21:58 2022 Ben Dover (Human) [Grenade] ZOMBIE5 (Zombie)
Tue Mar 15 22:21:58 2022 Ben Dover (Human) [Grenade] ZOMBIE22 (Zombie)
Tue Mar 15 22:21:59 2022 Ben Dover (Human) [Headshot] ZOMBIE27 (Zombie)
Tue Mar 15 22:22:04 2022 Ben Dover (Human) [Rifle] ZOMBIE9 (Zombie)
Tue Mar 15 22:22:08 2022 Ben Dover (Human) [Rifle] ZOMBIE18 (Zombie)
Tue Mar 15 22:22:12 2022  10 minutes remaining.
Tue Mar 15 22:22:18 2022 Ben Dover (Human) [Headshot] ZOMBIE7 (Zombie)
Tue Mar 15 22:22:34 2022 JGGL joined Spectator team
Tue Mar 15 22:22:39 2022 Ben Dover (Human) [Headshot] ZOMBIE10 (Zombie)
Tue Mar 15 22:22:52 2022 Harry (Human) [Headshot] ZOMBIE19 (Zombie)
Tue Mar 15 22:22:53 2022 ZOMBIE23 joined Zombie team
Tue Mar 15 22:22:53 2022 ZOMBIE3 joined Zombie team
Tue Mar 15 22:22:53 2022 ZOMBIE11 joined Zombie team
Tue Mar 15 22:22:53 2022 JGGL joined Human team
Tue Mar 15 22:22:54 2022 Musquito (Human) [Headshot] ZOMBIE28 (Zombie)
Tue Mar 15 22:22:58 2022 Ben Dover (Human) [Grenade] ZOMBIE5 (Zombie)
Tue Mar 15 22:23:00 2022 ZOMBIE8 (Zombie) [Melee] Musquito (Human)
Tue Mar 15 22:23:02 2022 Ben Dover (Human) [Grenade] ZOMBIE8 (Zombie)
Tue Mar 15 22:23:02 2022 Ben Dover (Human) [Grenade] ZOMBIE14 (Zombie)
Tue Mar 15 22:23:07 2022 Ben Dover (Human) [Rifle] ZOMBIE18 (Zombie)
Tue Mar 15 22:23:07 2022 ZOMBIE9 (Zombie) [Melee] JGGL (Human)
Tue Mar 15 22:23:16 2022 Ben Dover (Human) [Headshot] ZOMBIE22 (Zombie)
Tue Mar 15 22:23:17 2022 JGGL (Human) [Rifle] ZOMBIE7 (Zombie)
Tue Mar 15 22:23:19 2022 Ben Dover (Human) [Melee] ZOMBIE27 (Zombie)
Tue Mar 15 22:23:21 2022 Musquito (Human) [Shotgun] ZOMBIE9 (Zombie)
Tue Mar 15 22:23:39 2022 ZOMBIE10 (Zombie) [Melee] JGGL (Human)
Tue Mar 15 22:23:41 2022 Player ZOMBIE11 has left
Tue Mar 15 22:23:41 2022 Player ZOMBIE3 has left
Tue Mar 15 22:23:41 2022 Player ZOMBIE23 has left
Tue Mar 15 22:23:41 2022 Player JGGL has left
Tue Mar 15 22:23:50 2022 Harry (Human) [Headshot] ZOMBIE18 (Zombie)
Tue Mar 15 22:23:53 2022 Harry (Human) [Headshot] ZOMBIE10 (Zombie)
Tue Mar 15 22:23:58 2022 Ben Dover (Human) [Headshot] ZOMBIE19 (Zombie)
Tue Mar 15 22:24:10 2022 Musquito (Human) [Shotgun] ZOMBIE28 (Zombie)
Tue Mar 15 22:24:16 2022 ZOMBIE5 (Zombie) [Melee] Musquito (Human)
Tue Mar 15 22:24:17 2022 Ben Dover (Human) [Grenade] ZOMBIE5 (Zombie)
Tue Mar 15 22:24:19 2022 Harry (Human) [Headshot] ZOMBIE18 (Zombie)
Tue Mar 15 22:24:21 2022 Ben Dover (Human) [Rifle] ZOMBIE8 (Zombie)
Tue Mar 15 22:24:24 2022 Harry (Human) [Headshot] ZOMBIE14 (Zombie)
Tue Mar 15 22:24:43 2022 Harry (Human) [Headshot] ZOMBIE22 (Zombie)
Tue Mar 15 22:24:46 2022 Ben Dover (Human) [Rifle] ZOMBIE7 (Zombie)
Tue Mar 15 22:24:53 2022 ZOMBIE28 (Zombie) [Melee] Ben Dover (Human)
Tue Mar 15 22:24:57 2022 Harry (Human) [Headshot] ZOMBIE18 (Zombie)
Tue Mar 15 22:25:02 2022 Airstrike support ready! Launch with e.g. /airstrike B4
Tue Mar 15 22:25:02 2022 Harry (Human) [Headshot] ZOMBIE28 (Zombie)
Tue Mar 15 22:25:02 2022 Musquito (Human) [Headshot] ZOMBIE9 (Zombie)
Tue Mar 15 22:25:06 2022  * Type /help for info & commands
Tue Mar 15 22:25:10 2022 Harry (Human) [Headshot] ZOMBIE8 (Zombie)
Tue Mar 15 22:25:11 2022 ZOMBIE10 (Zombie) [Melee] Musquito (Human)
Tue Mar 15 22:25:15 2022 Harry (Human) [Headshot] ZOMBIE14 (Zombie)
Tue Mar 15 22:25:22 2022 Ben Dover (Human) [Grenade] ZOMBIE18 (Zombie)
Tue Mar 15 22:25:22 2022 Ben Dover (Human) [Grenade] ZOMBIE27 (Zombie)
Tue Mar 15 22:25:22 2022 Ben Dover (Human) [Grenade] ZOMBIE10 (Zombie)
Tue Mar 15 22:25:25 2022 Ben Dover (Human) [Headshot] ZOMBIE19 (Zombie)
Tue Mar 15 22:25:41 2022 Harry (Human) [Headshot] ZOMBIE7 (Zombie)
Tue Mar 15 22:25:44 2022 Harry (Human) [Headshot] ZOMBIE5 (Zombie)
Tue Mar 15 22:25:54 2022 ZOMBIE9 (Zombie) [Melee] Harry (Human)
Tue Mar 15 22:26:12 2022 ZOMBIE23 joined Zombie team
Tue Mar 15 22:26:12 2022 ZOMBIE3 joined Zombie team
Tue Mar 15 22:26:12 2022 ZOMBIE11 joined Zombie team
Tue Mar 15 22:26:12 2022 Boscov joined Human team
Tue Mar 15 22:26:31 2022 Ben Dover (Human) [Headshot] ZOMBIE22 (Zombie)
Tue Mar 15 22:26:35 2022 Musquito (Human) [SMG] ZOMBIE9 (Zombie)
Tue Mar 15 22:26:38 2022 Ben Dover (Human) [Rifle] ZOMBIE14 (Zombie)
Tue Mar 15 22:26:40 2022 Boscov (Human) [Shotgun] ZOMBIE18 (Zombie)
Tue Mar 15 22:26:45 2022 Boscov (Human) [Headshot] ZOMBIE19 (Zombie)
Tue Mar 15 22:26:48 2022 Harry (Human) [Headshot] ZOMBIE7 (Zombie)
Tue Mar 15 22:26:49 2022 Musquito (Human) [Weapon Change]
Tue Mar 15 22:26:50 2022 Ben Dover (Human) [Headshot] ZOMBIE5 (Zombie)
Tue Mar 15 22:26:53 2022  This was the night.
Tue Mar 15 22:26:53 2022  Zombies have been stronger!
Tue Mar 15 22:26:55 2022 Harry (Human) [Headshot] ZOMBIE27 (Zombie)
Tue Mar 15 22:27:00 2022 Harry (Human) [Headshot] ZOMBIE10 (Zombie)
Tue Mar 15 22:27:04 2022 ZOMBIE11 (Zombie) [Melee] Harry (Human)
Tue Mar 15 22:27:12 2022  5 minutes remaining.
Tue Mar 15 22:27:15 2022 ZOMBIE18 (Zombie) [Melee] Ben Dover (Human)
Tue Mar 15 22:27:21 2022 ZOMBIE23 (Zombie) [Melee] Musquito (Human)
Tue Mar 15 22:27:25 2022 ZOMBIE28 (Zombie) [Melee] Harry (Human)
Tue Mar 15 22:27:30 2022 Ben Dover (Human) [Grenade] ZOMBIE28 (Zombie)
Tue Mar 15 22:27:33 2022 ZOMBIE22 (Zombie) [Melee] Musquito (Human)
Tue Mar 15 22:27:40 2022 Ben Dover (Human) [Headshot] ZOMBIE7 (Zombie)
Tue Mar 15 22:27:40 2022 Ben Dover (Human) [Headshot] ZOMBIE23 (Zombie)
Tue Mar 15 22:27:41 2022 Ben Dover (Human) [Headshot] ZOMBIE11 (Zombie)
Tue Mar 15 22:27:42 2022 ZOMBIE3 (Zombie) [Melee] Musquito (Human)
Tue Mar 15 22:27:53 2022 ZOMBIE27 (Zombie) [Melee] Musquito (Human)
Tue Mar 15 22:27:57 2022 ZOMBIE9 (Zombie) [Melee] Boscov (Human)
Tue Mar 15 22:28:08 2022 ZOMBIE22 (Zombie) [Melee] Musquito (Human)
Tue Mar 15 22:28:08 2022 Harry (Human) [Rifle] ZOMBIE19 (Zombie)
Tue Mar 15 22:28:12 2022 Boscov (Human) [Shotgun] ZOMBIE14 (Zombie)
Tue Mar 15 22:28:12 2022  4 minutes remaining.
Tue Mar 15 22:28:13 2022 Harry (Human) [Headshot] ZOMBIE3 (Zombie)
Tue Mar 15 22:28:17 2022 Harry (Human) [Headshot] ZOMBIE9 (Zombie)
Tue Mar 15 22:28:18 2022 Harry (Human) [Headshot] ZOMBIE8 (Zombie)
Tue Mar 15 22:28:24 2022 ZOMBIE10 (Zombie) [Melee] Musquito (Human)
Tue Mar 15 22:28:28 2022 ZOMBIE5 (Zombie) [Melee] Harry (Human)
Tue Mar 15 22:28:30 2022 Ben Dover (Human) [Headshot] ZOMBIE22 (Zombie)
Tue Mar 15 22:28:39 2022 ZOMBIE18 (Zombie) [Melee] Ben Dover (Human)
Tue Mar 15 22:28:41 2022 Boscov (Human) [Headshot] ZOMBIE27 (Zombie)
Tue Mar 15 22:28:44 2022 ZOMBIE7 (Zombie) [Melee] Boscov (Human)
Tue Mar 15 22:28:51 2022 Ben Dover (Human) [Headshot] ZOMBIE7 (Zombie)
Tue Mar 15 22:28:54 2022 ZOMBIE10 (Zombie) [Melee] Ben Dover (Human)
Tue Mar 15 22:28:59 2022 Boscov (Human) [Shotgun] ZOMBIE5 (Zombie)
Tue Mar 15 22:29:10 2022 ZOMBIE23 (Zombie) [Melee] Musquito (Human)
Tue Mar 15 22:29:12 2022  3 minutes remaining.
Tue Mar 15 22:29:13 2022 Ben Dover (Human) [Headshot] ZOMBIE23 (Zombie)
Tue Mar 15 22:29:15 2022 Ben Dover (Human) [Headshot] ZOMBIE18 (Zombie)
Tue Mar 15 22:29:16 2022 ZOMBIE3 (Zombie) [Melee] Boscov (Human)
Tue Mar 15 22:29:19 2022 ZOMBIE14 (Zombie) [Melee] Harry (Human)
Tue Mar 15 22:29:20 2022 Musquito (Human) [Headshot] ZOMBIE27 (Zombie)
Tue Mar 15 22:29:22 2022 ZOMBIE22 (Zombie) [Melee] Musquito (Human)
Tue Mar 15 22:29:26 2022 Boscov (Human) [SMG] ZOMBIE14 (Zombie)
Tue Mar 15 22:29:26 2022 Boscov (Human) [Headshot] ZOMBIE3 (Zombie)
Tue Mar 15 22:29:30 2022 ZOMBIE18 (Zombie) [Melee] Musquito (Human)
Tue Mar 15 22:29:33 2022 Boscov (Human) [Headshot] ZOMBIE8 (Zombie)
Tue Mar 15 22:29:39 2022 [Global] Musquito (Human): its imposible
Tue Mar 15 22:29:40 2022 ZOMBIE10 (Zombie) [Melee] Ben Dover (Human)
Tue Mar 15 22:29:44 2022 Boscov (Human) [SMG] ZOMBIE7 (Zombie)
Tue Mar 15 22:29:47 2022 [Global] Ben Dover (Human): stay together brothers
Tue Mar 15 22:29:48 2022 Harry (Human) [Rifle] ZOMBIE10 (Zombie)
Tue Mar 15 22:29:52 2022 Boscov (Human) [Headshot] ZOMBIE28 (Zombie)
Tue Mar 15 22:29:54 2022 Boscov (Human) [Headshot] ZOMBIE18 (Zombie)
Tue Mar 15 22:30:00 2022 ZOMBIE22 (Zombie) [Melee] Musquito (Human)
Tue Mar 15 22:30:05 2022 ZOMBIE19 (Zombie) [Melee] Boscov (Human)
Tue Mar 15 22:30:06 2022  * Type /help for info & commands
Tue Mar 15 22:30:07 2022 Harry (Human) [Headshot] ZOMBIE19 (Zombie)
Tue Mar 15 22:30:12 2022  2 minutes remaining.
Tue Mar 15 22:30:12 2022 Musquito (Human) [Headshot] ZOMBIE27 (Zombie)
Tue Mar 15 22:30:14 2022 ZOMBIE9 (Zombie) [Melee] Boscov (Human)
Tue Mar 15 22:30:14 2022 ZOMBIE22 (Zombie) [Melee] Harry (Human)
Tue Mar 15 22:30:24 2022 Musquito (Human) [SMG] ZOMBIE3 (Zombie)
Tue Mar 15 22:30:26 2022 Harry (Human) [Headshot] ZOMBIE14 (Zombie)
Tue Mar 15 22:30:32 2022 Musquito (Human) [SMG] ZOMBIE9 (Zombie)
Tue Mar 15 22:30:35 2022 Ben Dover (Human) [Headshot] ZOMBIE10 (Zombie)
Tue Mar 15 22:30:38 2022 Ben Dover (Human) [Headshot] ZOMBIE28 (Zombie)
Tue Mar 15 22:30:38 2022 Harry (Human) [Rifle] ZOMBIE7 (Zombie)
Tue Mar 15 22:30:40 2022 Player ZOMBIE11 has left
Tue Mar 15 22:30:42 2022 Ben Dover (Human) [Headshot] ZOMBIE8 (Zombie)
Tue Mar 15 22:30:44 2022 ZOMBIE18 (Zombie) [Melee] Harry (Human)
Tue Mar 15 22:30:51 2022 Ben Dover (Human) [Headshot] ZOMBIE22 (Zombie)
Tue Mar 15 22:30:53 2022 Disconnecting
