Sun Feb 20 15:24:38 2022 ------ World Loaded ------
Sun Feb 20 15:24:38 2022 bongo (Evil) [Shotgun] LULA LADRAO (Good)
Sun Feb 20 15:24:38 2022 Welcome to popeyspades
Sun Feb 20 15:24:38 2022 Deemoo (Evil) [Headshot] F6RK (Good)
Sun Feb 20 15:24:40 2022 Map: Hallway by izzy
Sun Feb 20 15:24:40 2022 LULA LADRAO (Good) [Fall]
Sun Feb 20 15:24:40 2022 F6RK (Good) [Fall]
Sun Feb 20 15:24:40 2022 You have 1 medkit!
Sun Feb 20 15:24:41 2022 IC-Yulin't (Good) [Headshot] bongo (Evil)
Sun Feb 20 15:24:42 2022 Game mode: ctf
Sun Feb 20 15:24:44 2022 Server powered by piqueserver and buildandshoot.com
Sun Feb 20 15:24:46 2022 Server info: https://popeyspad.es/
Sun Feb 20 15:24:47 2022 La Venenosa... picked up Good's Intel.
Sun Feb 20 15:24:48 2022 Discord: https://popeyspad.es/discord
Sun Feb 20 15:24:48 2022 IC-Yulin't (Good) [Headshot] Artelis (Evil)
Sun Feb 20 15:24:52 2022 La Venenosa... (Evil) [Headshot] gabriel (Good)
Sun Feb 20 15:24:59 2022 BarnRooster (Good) [Shotgun] Checco Ione (Evil)
Sun Feb 20 15:25:01 2022 IC-Yulin't (Good) [Headshot] Artelis (Evil)
Sun Feb 20 15:25:01 2022 Sr.Sam525 (Evil) [Headshot] Tchino (Good)
Sun Feb 20 15:25:10 2022 F6RK (Good) [Headshot] Deemoo (Evil)
Sun Feb 20 15:25:12 2022 jakmxxjak (Evil) [Headshot] Tchino (Good)
Sun Feb 20 15:25:12 2022 ghjb (Good) [SMG] bongo (Evil)
Sun Feb 20 15:25:17 2022 cocker (Good) [Shotgun] Artelis (Evil)
Sun Feb 20 15:25:18 2022 penis (Evil) [Headshot] gabriel (Good)
Sun Feb 20 15:25:20 2022 jakmxxjak (Evil) [Headshot] Tchino (Good)
Sun Feb 20 15:25:23 2022 Harry (Good) [Headshot] Checco Ione (Evil)
Sun Feb 20 15:25:23 2022 LULA LADRAO (Good) [Fall]
Sun Feb 20 15:25:23 2022 Deemoo (Evil) [Headshot] F6RK (Good)
Sun Feb 20 15:25:23 2022 Checco Ione (Evil) [Grenade] cocker (Good)
Sun Feb 20 15:25:25 2022 jakmxxjak (Evil) [SMG] gabriel (Good)
Sun Feb 20 15:25:30 2022 WofulFoxy 530 (Evil) [Headshot] BarnRooster (Good)
Sun Feb 20 15:25:30 2022  farfaox was kicked: Inactive for 10 minutes
Sun Feb 20 15:25:30 2022 Player farfaox has left
Sun Feb 20 15:25:30 2022 Harry (Good) [Headshot] WofulFoxy 530 (Evil)
Sun Feb 20 15:25:31 2022 jakmxxjak (Evil) [Headshot] cocker (Good)
Sun Feb 20 15:25:34 2022 jakmxxjak (Evil) [Headshot] gabriel (Good)
Sun Feb 20 15:25:36 2022 bongo (Evil) [Headshot] Harry (Good)
Sun Feb 20 15:25:41 2022 You have 1 medkit!
Sun Feb 20 15:25:42 2022 IC-Yulin't (Good) [Headshot] Artelis (Evil)
Sun Feb 20 15:25:43 2022 F6RK (Good) [Grenade]
Sun Feb 20 15:25:44 2022 Checco Ione (Evil) [Grenade] IC-Yulin't (Good)
Sun Feb 20 15:25:46 2022 Gewinnho (Evil) [Headshot] gabriel (Good)
Sun Feb 20 15:25:48 2022 LULA LADRAO (Good) [Team Change]
Sun Feb 20 15:25:48 2022 La Venenosa... captured Good's Intel.
Sun Feb 20 15:25:53 2022 LULA LADRAO joined Evil team
Sun Feb 20 15:25:55 2022 bongo (Evil) [Headshot] BarnRooster (Good)
Sun Feb 20 15:26:00 2022 IC-Yulin't (Good) [Headshot] penis (Evil)
Sun Feb 20 15:26:01 2022 Gewinnho (Evil) [Rifle] gabriel (Good)
Sun Feb 20 15:26:02 2022 cocker (Good) [Shotgun] Gewinnho (Evil)
Sun Feb 20 15:26:07 2022 Harry (Good) [Headshot] bongo (Evil)
Sun Feb 20 15:26:09 2022 emasx5644: joined Good team
Sun Feb 20 15:26:15 2022 jakmxxjak (Evil) [Headshot] gabriel (Good)
Sun Feb 20 15:26:19 2022 jakmxxjak (Evil) [Headshot] BarnRooster (Good)
Sun Feb 20 15:26:21 2022 chili dropped Evil's Intel
Sun Feb 20 15:26:21 2022 chili (Good) [Fall]
Sun Feb 20 15:26:29 2022 chili (Good) [SMG] jakmxxjak (Evil)
Sun Feb 20 15:26:30 2022 La Venenosa... (Evil) [Headshot] Tchino (Good)
Sun Feb 20 15:26:31 2022 chili picked up Evil's Intel.
Sun Feb 20 15:26:31 2022 La Venenosa... (Evil) [Headshot] ghjb (Good)
Sun Feb 20 15:26:33 2022 Harry (Good) [Rifle] bongo (Evil)
Sun Feb 20 15:26:33 2022 Gewinnho (Evil) [Headshot] Harry (Good)
Sun Feb 20 15:26:35 2022 You have 1 medkit!
Sun Feb 20 15:26:35 2022 chili captured Evil's Intel.
Sun Feb 20 15:26:40 2022 NTHN joined Good team
Sun Feb 20 15:26:40 2022 BarnRooster (Good) [Shotgun] Gewinnho (Evil)
Sun Feb 20 15:26:43 2022 xcxcxv joined Good team
Sun Feb 20 15:26:43 2022 Deemoo (Evil) [Headshot] gabriel (Good)
Sun Feb 20 15:26:43 2022 Checco Ione (Evil) [SMG] BarnRooster (Good)
Sun Feb 20 15:26:48 2022 [Global] Sr.Sam525 (Evil): aaaaaaaaaa
Sun Feb 20 15:26:51 2022 [Global] Sr.Sam525 (Evil): xd
Sun Feb 20 15:26:53 2022 IC-Yulin't (Good) [Grenade]
Sun Feb 20 15:26:53 2022 [Team] BarnRooster (Good): their pushing with smg
Sun Feb 20 15:26:55 2022 Harry (Good) [Headshot] Artelis (Evil)
Sun Feb 20 15:26:56 2022 doge (Evil) [Headshot] [Animus]Gh4st (Good)
Sun Feb 20 15:26:56 2022 Checco Ione (Evil) [SMG] Harry (Good)
Sun Feb 20 15:26:58 2022 farfaox joined Spectator team
Sun Feb 20 15:26:59 2022 You have 1 medkit!
Sun Feb 20 15:26:59 2022 bongo (Evil) [Shotgun] chili (Good)
Sun Feb 20 15:27:00 2022 [Team] BarnRooster (Good): on hall
Sun Feb 20 15:27:02 2022 Player chili has left
Sun Feb 20 15:27:04 2022 BarnRooster (Good) [Headshot] Checco Ione (Evil)
Sun Feb 20 15:27:08 2022 bongo (Evil) [Shotgun] BarnRooster (Good)
Sun Feb 20 15:27:13 2022 Harry (Good) [Headshot] bongo (Evil)
Sun Feb 20 15:27:17 2022 fasz joined Evil team
Sun Feb 20 15:27:18 2022 Deemoo (Evil) [SMG] F6RK (Good)
Sun Feb 20 15:27:21 2022 Checco Ione (Evil) [Headshot] ghjb (Good)
Sun Feb 20 15:27:22 2022 IC-Yulin't (Good) [Headshot] Deemoo (Evil)
Sun Feb 20 15:27:22 2022 La Venenosa... picked up Good's Intel.
Sun Feb 20 15:27:23 2022 La Venenosa... dropped Good's Intel
Sun Feb 20 15:27:23 2022 NTHN (Good) [Headshot] La Venenosa... (Evil)
Sun Feb 20 15:27:25 2022 Tchino (Good) [Headshot] Checco Ione (Evil)
Sun Feb 20 15:27:27 2022 cocker (Good) [Headshot] jakmxxjak (Evil)
Sun Feb 20 15:27:27 2022 emasx5644: (Good) [Fall]
Sun Feb 20 15:27:34 2022 BarnRooster (Good) [Headshot] Artelis (Evil)
Sun Feb 20 15:27:36 2022 Gewinnho (Evil) [Rifle] [Animus]Gh4st (Good)
Sun Feb 20 15:27:36 2022 ghjb (Good) [Headshot] Gewinnho (Evil)
Sun Feb 20 15:27:40 2022 fasz (Evil) [Shotgun] BarnRooster (Good)
Sun Feb 20 15:27:44 2022 fasz (Evil) [Shotgun] Harry (Good)
Sun Feb 20 15:27:45 2022 doge (Evil) [Shotgun] cocker (Good)
Sun Feb 20 15:27:47 2022 You have 1 medkit!
Sun Feb 20 15:27:47 2022 Deemoo (Evil) [SMG] NTHN (Good)
Sun Feb 20 15:27:47 2022 fasz (Evil) [Shotgun] emasx5644: (Good)
Sun Feb 20 15:27:49 2022 Tchino (Good) [Headshot] Checco Ione (Evil)
Sun Feb 20 15:27:51 2022 F6RK (Good) [Grenade]
Sun Feb 20 15:27:55 2022 fasz (Evil) [Headshot] BarnRooster (Good)
Sun Feb 20 15:27:59 2022 Harry (Good) [Headshot] fasz (Evil)
Sun Feb 20 15:28:00 2022 BarnRooster (Good) [Weapon Change]
Sun Feb 20 15:28:00 2022 WofulFoxy 530 (Evil) [Headshot] [Animus]Gh4st (Good)
Sun Feb 20 15:28:00 2022 Harry (Good) [Headshot] WofulFoxy 530 (Evil)
Sun Feb 20 15:28:03 2022 Tchino (Good) [Grenade] Checco Ione (Evil)
Sun Feb 20 15:28:07 2022 [Animus]Gh4st (Good) [Weapon Change]
Sun Feb 20 15:28:09 2022 xcxcxv (Good) [SMG] doge (Evil)
Sun Feb 20 15:28:11 2022 NTHN (Good) [SMG] Deemoo (Evil)
Sun Feb 20 15:28:12 2022 cocker (Good) [Headshot] penis (Evil)
Sun Feb 20 15:28:19 2022 xcxcxv (Good) [Fall]
Sun Feb 20 15:28:20 2022 cocker (Good) [Shotgun] Artelis (Evil)
Sun Feb 20 15:28:24 2022 Player xcxcxv has left
Sun Feb 20 15:28:24 2022 Checco Ione (Evil) [Headshot] Tchino (Good)
Sun Feb 20 15:28:26 2022 jakmxxjak (Evil) [SMG] gabriel (Good)
Sun Feb 20 15:28:27 2022 fasz (Evil) [Shotgun] emasx5644: (Good)
Sun Feb 20 15:28:28 2022 cocker (Good) [Headshot] LULA LADRAO (Evil)
Sun Feb 20 15:28:30 2022 fasz (Evil) [Shotgun] cocker (Good)
Sun Feb 20 15:28:30 2022 jakmxxjak (Evil) [SMG] gabriel (Good)
Sun Feb 20 15:28:31 2022 IC-Yulin't (Good) [Headshot] penis (Evil)
Sun Feb 20 15:28:32 2022 Manic joined Spectator team
Sun Feb 20 15:28:32 2022 Harry (Good) [Rifle] fasz (Evil)
Sun Feb 20 15:28:32 2022 jakmxxjak (Evil) [SMG] emasx5644: (Good)
Sun Feb 20 15:28:33 2022 ghjb (Good) [Headshot] WofulFoxy 530 (Evil)
Sun Feb 20 15:28:33 2022 Deemoo (Evil) [Headshot] NTHN (Good)
Sun Feb 20 15:28:34 2022 Checco Ione (Evil) [SMG] ghjb (Good)
Sun Feb 20 15:28:35 2022  gabriel was kicked: Inactive for 10 minutes
Sun Feb 20 15:28:35 2022 Player gabriel has left
Sun Feb 20 15:28:35 2022 Tchino (Good) [Headshot] bongo (Evil)
Sun Feb 20 15:28:36 2022 cocker (Good) [Shotgun] Gewinnho (Evil)
Sun Feb 20 15:28:37 2022 jakmxxjak (Evil) [Headshot] NTHN (Good)
Sun Feb 20 15:28:37 2022 La Venenosa... (Evil) [Headshot] ghjb (Good)
Sun Feb 20 15:28:40 2022 jakmxxjak (Evil) [Headshot] Tchino (Good)
Sun Feb 20 15:28:41 2022 La Venenosa... picked up Good's Intel.
Sun Feb 20 15:28:42 2022 LULA LADRAO (Evil) [Headshot] Harry (Good)
Sun Feb 20 15:28:42 2022 La Venenosa... dropped Good's Intel
Sun Feb 20 15:28:42 2022 cocker (Good) [Shotgun] La Venenosa... (Evil)
Sun Feb 20 15:28:43 2022 IC-Yulin't (Good) [Headshot] fasz (Evil)
Sun Feb 20 15:28:45 2022 jakmxxjak (Evil) [SMG] ghjb (Good)
Sun Feb 20 15:28:46 2022 jakmxxjak (Evil) [SMG] emasx5644: (Good)
Sun Feb 20 15:28:47 2022 You have 1 medkit!
Sun Feb 20 15:28:47 2022 LULA LADRAO (Evil) [Headshot] BarnRooster (Good)
Sun Feb 20 15:28:48 2022 jakmxxjak (Evil) [Headshot] emasx5644: (Good)
Sun Feb 20 15:28:51 2022 ghjb (Good) [Fall]
Sun Feb 20 15:28:52 2022 LULA LADRAO (Evil) [Headshot] [Animus]Gh4st (Good)
Sun Feb 20 15:28:54 2022 IC-Yulin't (Good) [Headshot] LULA LADRAO (Evil)
Sun Feb 20 15:28:56 2022 jakmxxjak (Evil) [Headshot] Tchino (Good)
Sun Feb 20 15:28:56 2022 emasx5644: (Good) [Headshot] jakmxxjak (Evil)
Sun Feb 20 15:28:58 2022 IC-Yulin't (Good) [Headshot] penis (Evil)
Sun Feb 20 15:28:59 2022 IC-Yulin't (Good) [Headshot] WofulFoxy 530 (Evil)
Sun Feb 20 15:29:02 2022 IC-Yulin't (Good) [Rifle] Artelis (Evil)
Sun Feb 20 15:29:04 2022 Player Manic has left
Sun Feb 20 15:29:05 2022 [Animus]Gh4st (Good) [Weapon Change]
Sun Feb 20 15:29:09 2022 fasz (Evil) [Headshot] cocker (Good)
Sun Feb 20 15:29:10 2022 penis (Evil) [Team Change]
Sun Feb 20 15:29:11 2022 penis joined Good team
Sun Feb 20 15:29:18 2022 Checco Ione (Evil) [SMG] ghjb (Good)
Sun Feb 20 15:29:18 2022  You are playing ctf on popeyspades
Sun Feb 20 15:29:24 2022 Gewinnho (Evil) [Headshot] emasx5644: (Good)
Sun Feb 20 15:29:27 2022 F6RK (Good) [SMG] Deemoo (Evil)
Sun Feb 20 15:29:28 2022 fasz (Evil) [Shotgun] IC-Yulin't (Good)
Sun Feb 20 15:29:30 2022 cocker (Good) [Grenade] fasz (Evil)
Sun Feb 20 15:29:33 2022 Gewinnho (Evil) [Rifle] ghjb (Good)
Sun Feb 20 15:29:37 2022 Harry (Good) [Headshot] WofulFoxy 530 (Evil)
Sun Feb 20 15:29:38 2022 Harry (Good) [Rifle] Artelis (Evil)
Sun Feb 20 15:29:43 2022 Harry (Good) [Headshot] LULA LADRAO (Evil)
Sun Feb 20 15:29:44 2022 Tchino (Good) [Headshot] Gewinnho (Evil)
Sun Feb 20 15:29:48 2022 fasz (Evil) [Headshot] penis (Good)
Sun Feb 20 15:29:48 2022 Harry (Good) [Headshot] fasz (Evil)
Sun Feb 20 15:29:50 2022 Gewinnho (Evil) [Weapon Change]
Sun Feb 20 15:29:51 2022 jakmxxjak (Evil) [Headshot] NTHN (Good)
Sun Feb 20 15:29:54 2022 jakmxxjak (Evil) [SMG] penis (Good)
Sun Feb 20 15:29:56 2022 jakmxxjak (Evil) [Headshot] NTHN (Good)
Sun Feb 20 15:29:56 2022 Player penis has left
Sun Feb 20 15:29:57 2022 cocker (Good) [Shotgun] WofulFoxy 530 (Evil)
Sun Feb 20 15:29:57 2022 IC-Yulin't (Good) [Rifle] LULA LADRAO (Evil)
Sun Feb 20 15:29:59 2022 IC-Yulin't (Good) [Headshot] fasz (Evil)
Sun Feb 20 15:30:05 2022 Harry (Good) [Headshot] LULA LADRAO (Evil)
Sun Feb 20 15:30:06 2022 cocker (Good) [Shotgun] Artelis (Evil)
Sun Feb 20 15:30:07 2022 Tchino (Good) [Headshot] Checco Ione (Evil)
Sun Feb 20 15:30:10 2022 IC-Yulin't (Good) [Headshot] WofulFoxy 530 (Evil)
Sun Feb 20 15:30:15 2022 Gewinnho (Evil) [SMG] ghjb (Good)
Sun Feb 20 15:30:18 2022 bongo picked up Good's Intel.
Sun Feb 20 15:30:18 2022 Tchino (Good) [Headshot] doge (Evil)
Sun Feb 20 15:30:19 2022 WofulFoxy 530 (Evil) [Headshot] cocker (Good)
Sun Feb 20 15:30:21 2022 bongo dropped Good's Intel
Sun Feb 20 15:30:21 2022 ghjb (Good) [SMG] bongo (Evil)
Sun Feb 20 15:30:21 2022 Checco Ione (Evil) [SMG] Tchino (Good)
Sun Feb 20 15:30:22 2022 fasz (Evil) [Headshot] BarnRooster (Good)
Sun Feb 20 15:30:22 2022 Harry (Good) [Headshot] fasz (Evil)
Sun Feb 20 15:30:23 2022 La Venenosa... (Evil) [Headshot] NTHN (Good)
Sun Feb 20 15:30:24 2022 ghjb (Good) [SMG] bongo (Evil)
Sun Feb 20 15:30:25 2022 jakmxxjak (Evil) [Headshot] BarnRooster (Good)
Sun Feb 20 15:30:25 2022 Harry (Good) [Rifle] Artelis (Evil)
Sun Feb 20 15:30:26 2022 jakmxxjak (Evil) [SMG] Tchino (Good)
Sun Feb 20 15:30:29 2022 ghjb (Good) [SMG] La Venenosa... (Evil)
Sun Feb 20 15:30:31 2022 Gewinnho (Evil) [SMG] ghjb (Good)
Sun Feb 20 15:30:31 2022 IC-Yulin't (Good) [Headshot] WofulFoxy 530 (Evil)
Sun Feb 20 15:30:33 2022 fasz (Evil) [Headshot] Harry (Good)
Sun Feb 20 15:30:35 2022 You have 1 medkit!
Sun Feb 20 15:30:36 2022 BarnRooster (Good) [Headshot] Gewinnho (Evil)
Sun Feb 20 15:30:39 2022 Wojti joined Good team
Sun Feb 20 15:30:43 2022 jakmxxjak (Evil) [SMG] BarnRooster (Good)
Sun Feb 20 15:30:44 2022 fasz (Evil) [Headshot] emasx5644: (Good)
Sun Feb 20 15:30:44 2022 Tchino (Good) [Headshot] jakmxxjak (Evil)
Sun Feb 20 15:30:45 2022 IC-Yulin't (Good) [Rifle] WofulFoxy 530 (Evil)
Sun Feb 20 15:30:47 2022 Deemoo (Evil) [SMG] Tchino (Good)
Sun Feb 20 15:30:47 2022 IC-Yulin't (Good) [Headshot] fasz (Evil)
Sun Feb 20 15:30:48 2022 Gewinnho (Evil) [SMG] F6RK (Good)
Sun Feb 20 15:30:48 2022 Artelis (Evil) [Headshot] [Animus]Gh4st (Good)
Sun Feb 20 15:30:49 2022 Wojti (Good) [Headshot] Deemoo (Evil)
Sun Feb 20 15:30:50 2022 IC-Yulin't (Good) [Rifle] bongo (Evil)
Sun Feb 20 15:30:56 2022 Player [Animus]Gh4st has left
Sun Feb 20 15:30:58 2022 Harry (Good) [Headshot] doge (Evil)
Sun Feb 20 15:30:59 2022 [Team] BarnRooster (Good): THE'VE FOUND THE MAIN TUNNEL
Sun Feb 20 15:31:04 2022 FXB joined Spectator team
Sun Feb 20 15:31:07 2022 Checco Ione (Evil) [SMG] ghjb (Good)
Sun Feb 20 15:31:14 2022 Wojti (Good) [Grenade]
Sun Feb 20 15:31:24 2022 fasz (Evil) [Headshot] Harry (Good)
Sun Feb 20 15:31:27 2022 fasz (Evil) [Headshot] emasx5644: (Good)
Sun Feb 20 15:31:29 2022 You have 1 medkit!
Sun Feb 20 15:31:30 2022 fasz (Evil) [Headshot] NTHN (Good)
Sun Feb 20 15:31:30 2022 IC-Yulin't (Good) [Headshot] WofulFoxy 530 (Evil)
Sun Feb 20 15:31:32 2022 Checco Ione (Evil) [Headshot] BarnRooster (Good)
Sun Feb 20 15:31:33 2022 jakmxxjak (Evil) [Headshot] ghjb (Good)
Sun Feb 20 15:31:34 2022 IC-Yulin't (Good) [Headshot] fasz (Evil)
Sun Feb 20 15:31:36 2022 BarnRooster (Good) [Weapon Change]
Sun Feb 20 15:31:36 2022 La Venenosa... (Evil) [Headshot] Wojti (Good)
Sun Feb 20 15:31:37 2022 IC-Yulin't (Good) [Headshot] doge (Evil)
Sun Feb 20 15:31:39 2022 IC-Yulin't (Good) [Headshot] Artelis (Evil)
Sun Feb 20 15:31:45 2022 [Team] BarnRooster (Good): we need to build defense
Sun Feb 20 15:31:46 2022 IC-Yulin't (Good) [Headshot] fasz (Evil)
Sun Feb 20 15:31:50 2022 [Global] emasx5644: (Good): THOLA
Sun Feb 20 15:31:51 2022 Gewinnho (Evil) [Headshot] Tchino (Good)
Sun Feb 20 15:31:51 2022 IC-Yulin't (Good) [Headshot] Artelis (Evil)
Sun Feb 20 15:31:51 2022 La Venenosa... (Evil) [Rifle] Harry (Good)
Sun Feb 20 15:31:51 2022 Wojti (Good) [Headshot] Gewinnho (Evil)
Sun Feb 20 15:31:51 2022 jakmxxjak (Evil) [Headshot] BarnRooster (Good)
Sun Feb 20 15:31:53 2022 You have 1 medkit!
Sun Feb 20 15:31:54 2022 fasz (Evil) [Headshot] LULA LADRAO (Evil)
Sun Feb 20 15:31:54 2022 IC-Yulin't (Good) [Headshot] Artelis (Evil)
Sun Feb 20 15:31:56 2022 emasx5644: (Good) [Melee] La Venenosa... (Evil)
Sun Feb 20 15:32:01 2022 La Venenosa... (Evil) [Headshot] F6RK (Good)
Sun Feb 20 15:32:03 2022 cocker (Good) [Headshot] doge (Evil)
Sun Feb 20 15:32:04 2022 Checco Ione (Evil) [SMG] Wojti (Good)
Sun Feb 20 15:32:04 2022 cocker (Good) [Fall]
Sun Feb 20 15:32:06 2022 jakmxxjak (Evil) [SMG] BarnRooster (Good)
Sun Feb 20 15:32:08 2022 jakmxxjak (Evil) [Headshot] cocker (Good)
Sun Feb 20 15:32:12 2022 cocker (Good) [Weapon Change]
Sun Feb 20 15:32:13 2022 fasz (Evil) [Rifle] emasx5644: (Good)
Sun Feb 20 15:32:13 2022 jakmxxjak (Evil) [SMG] BarnRooster (Good)
Sun Feb 20 15:32:16 2022 La Venenosa... picked up Good's Intel.
Sun Feb 20 15:32:19 2022 Checco Ione (Evil) [Headshot] ghjb (Good)
Sun Feb 20 15:32:19 2022 [Team] BarnRooster (Good): WE NEED DEFENSED
Sun Feb 20 15:32:21 2022 IC-Yulin't (Good) [Fall]
Sun Feb 20 15:32:21 2022 Tchino (Good) [Grenade]
Sun Feb 20 15:32:21 2022 emasx5644: (Good) [Headshot] bongo (Evil)
Sun Feb 20 15:32:22 2022 La Venenosa... (Evil) [Headshot] Harry (Good)
Sun Feb 20 15:32:23 2022 You have 1 medkit!
Sun Feb 20 15:32:31 2022 Player FXB has left
Sun Feb 20 15:32:33 2022 jakmxxjak (Evil) [Headshot] F6RK (Good)
Sun Feb 20 15:32:34 2022 Wojti (Good) [Headshot] bongo (Evil)
Sun Feb 20 15:32:37 2022 IC-Yulin't (Good) [Melee] Sr.Sam525 (Evil)
Sun Feb 20 15:32:37 2022 jakmxxjak (Evil) [SMG] BarnRooster (Good)
Sun Feb 20 15:32:38 2022 Gewinnho (Evil) [Headshot] Tchino (Good)
Sun Feb 20 15:32:38 2022 fasz (Evil) [Headshot] Wojti (Good)
Sun Feb 20 15:32:39 2022 cocker (Good) [SMG] fasz (Evil)
Sun Feb 20 15:32:40 2022 ghjb (Good) [SMG] Gewinnho (Evil)
Sun Feb 20 15:32:42 2022 NTHN (Good) [Headshot] WofulFoxy 530 (Evil)
Sun Feb 20 15:32:43 2022 jakmxxjak (Evil) [SMG] BarnRooster (Good)
Sun Feb 20 15:32:49 2022 Artelis (Evil) [Headshot] NTHN (Good)
Sun Feb 20 15:32:50 2022 cocker (Good) [Headshot] doge (Evil)
Sun Feb 20 15:32:51 2022 jakmxxjak (Evil) [Headshot] BarnRooster (Good)
Sun Feb 20 15:32:52 2022 Harry (Good) [Headshot] Artelis (Evil)
Sun Feb 20 15:32:56 2022 BarnRooster (Good) [Headshot] jakmxxjak (Evil)
Sun Feb 20 15:32:56 2022 Checco Ione (Evil) [SMG] ghjb (Good)
Sun Feb 20 15:32:58 2022 emasx5644: (Good) [Melee] bongo (Evil)
Sun Feb 20 15:33:00 2022 MACIEJ joined Good team
Sun Feb 20 15:33:01 2022 Gewinnho (Evil) [SMG] emasx5644: (Good)
Sun Feb 20 15:33:04 2022 Artelis (Evil) [Headshot] Harry (Good)
Sun Feb 20 15:33:05 2022 You have 1 medkit!
Sun Feb 20 15:33:06 2022 La Venenosa... captured Good's Intel.
Sun Feb 20 15:33:06 2022 Deemoo (Evil) [Headshot] F6RK (Good)
Sun Feb 20 15:33:09 2022 IC-Yulin't (Good) [Headshot] fasz (Evil)
Sun Feb 20 15:33:16 2022 cocker (Good) [Headshot] bongo (Evil)
Sun Feb 20 15:33:18 2022 IC-Yulin't (Good) [Headshot] Artelis (Evil)
Sun Feb 20 15:33:19 2022 Wojti (Good) [Headshot] doge (Evil)
Sun Feb 20 15:33:19 2022 Gewinnho (Evil) [Headshot] cocker (Good)
Sun Feb 20 15:33:27 2022 Wojti (Good) [Headshot] Gewinnho (Evil)
Sun Feb 20 15:33:29 2022 Checco Ione (Evil) [SMG] ghjb (Good)
Sun Feb 20 15:33:33 2022 Manic joined Good team
Sun Feb 20 15:33:38 2022 Deemoo (Evil) [SMG] F6RK (Good)
Sun Feb 20 15:33:39 2022 IC-Yulin't (Good) [Headshot] doge (Evil)
Sun Feb 20 15:33:45 2022 fasz (Evil) [Headshot] NTHN (Good)
Sun Feb 20 15:33:46 2022 Gewinnho (Evil) [Headshot] Wojti (Good)
Sun Feb 20 15:33:47 2022 fasz (Evil) [Shotgun] MACIEJ (Good)
Sun Feb 20 15:33:51 2022 Tchino (Good) [Headshot] Sr.Sam525 (Evil)
Sun Feb 20 15:33:52 2022 Harry (Good) [Headshot] Gewinnho (Evil)
Sun Feb 20 15:33:56 2022 Deemoo (Evil) [Headshot] F6RK (Good)
Sun Feb 20 15:33:57 2022 jakmxxjak (Evil) [SMG] BarnRooster (Good)
Sun Feb 20 15:33:58 2022 NTHN (Good) [Headshot] La Venenosa... (Evil)
Sun Feb 20 15:33:59 2022 ghjb (Good) [SMG] Tchino (Good)
Sun Feb 20 15:34:04 2022 [Global] ghjb (Good): SORYYYYYYYYYYYYY
Sun Feb 20 15:34:05 2022 Gewinnho (Evil) [SMG] cocker (Good)
Sun Feb 20 15:34:07 2022 Checco Ione (Evil) [Headshot] ghjb (Good)
Sun Feb 20 15:34:08 2022 IC-Yulin't (Good) [Headshot] fasz (Evil)
Sun Feb 20 15:34:09 2022 Harry (Good) [Rifle] Artelis (Evil)
Sun Feb 20 15:34:12 2022 La Venenosa... (Evil) [Headshot] cocker (Good)
Sun Feb 20 15:34:12 2022 ghjb (Good) [Headshot] La Venenosa... (Evil)
Sun Feb 20 15:34:13 2022 Harry (Good) [Rifle] WofulFoxy 530 (Evil)
Sun Feb 20 15:34:13 2022 Player WofulFoxy 530 has left
Sun Feb 20 15:34:17 2022 jakmxxjak (Evil) [Headshot] Tchino (Good)
Sun Feb 20 15:34:17 2022 Harry (Good) [Rifle] doge (Evil)
Sun Feb 20 15:34:18 2022  You are playing ctf on popeyspades
Sun Feb 20 15:34:26 2022 Wojti (Good) [Headshot] Gewinnho (Evil)
Sun Feb 20 15:34:26 2022 [Global] Manic (Good): how do you crouch?
Sun Feb 20 15:34:30 2022 BarnRooster (Good) [Fall]
Sun Feb 20 15:34:34 2022 La Venenosa... (Evil) [Headshot] Tchino (Good)
Sun Feb 20 15:34:35 2022 BarnRooster (Good) [Weapon Change]
Sun Feb 20 15:34:35 2022 Harry (Good) [Headshot] Gewinnho (Evil)
Sun Feb 20 15:34:37 2022 La Venenosa... picked up Good's Intel.
Sun Feb 20 15:34:41 2022 Checco Ione (Evil) [Headshot] Wojti (Good)
Sun Feb 20 15:34:42 2022 IC-Yulin't (Good) [Rifle] Artelis (Evil)
Sun Feb 20 15:34:45 2022 jakmxxjak (Evil) [Headshot] BarnRooster (Good)
Sun Feb 20 15:34:46 2022 doge (Evil) [Shotgun] Harry (Good)
Sun Feb 20 15:34:47 2022 You have 1 medkit!
Sun Feb 20 15:34:48 2022 dirtus joined Good team
Sun Feb 20 15:34:49 2022 Player cocker has left
Sun Feb 20 15:34:52 2022 jakmxxjak (Evil) [Headshot] dirtus (Good)
Sun Feb 20 15:34:52 2022 ghjb (Good) [SMG] Sr.Sam525 (Evil)
Sun Feb 20 15:34:53 2022 Checco Ione (Evil) [SMG] Manic (Good)
Sun Feb 20 15:34:57 2022 IC-Yulin't (Good) [Headshot] doge (Evil)
Sun Feb 20 15:34:59 2022 MACIEJ (Good) [Headshot] Gewinnho (Evil)
Sun Feb 20 15:34:59 2022 jakmxxjak (Evil) [Headshot] dirtus (Good)
Sun Feb 20 15:35:05 2022 WofulFoxy 530 joined Evil team
Sun Feb 20 15:35:08 2022 MACIEJ (Good) [SMG] LULA LADRAO (Evil)
Sun Feb 20 15:35:08 2022 Tchino (Good) [Headshot] Sr.Sam525 (Evil)
Sun Feb 20 15:35:09 2022 jakmxxjak (Evil) [Headshot] dirtus (Good)
Sun Feb 20 15:35:13 2022 ghjb (Good) [SMG] Checco Ione (Evil)
Sun Feb 20 15:35:15 2022 Sr.Sam525 (Evil) [Headshot] emasx5644: (Good)
Sun Feb 20 15:35:17 2022 jakmxxjak (Evil) [Headshot] F6RK (Good)
Sun Feb 20 15:35:18 2022 ghjb (Good) [SMG] Sr.Sam525 (Evil)
Sun Feb 20 15:35:20 2022 WofulFoxy 530 (Evil) [Headshot] MACIEJ (Good)
Sun Feb 20 15:35:21 2022 jakmxxjak (Evil) [Headshot] dirtus (Good)
Sun Feb 20 15:35:22 2022 LilTocino joined Evil team
Sun Feb 20 15:35:25 2022 emasx5644: (Good) [Headshot] jakmxxjak (Evil)
Sun Feb 20 15:35:25 2022 IC-Yulin't (Good) [Headshot] LULA LADRAO (Evil)
Sun Feb 20 15:35:25 2022 La Venenosa... dropped Good's Intel
Sun Feb 20 15:35:25 2022 Wojti (Good) [Headshot] La Venenosa... (Evil)
Sun Feb 20 15:35:25 2022 Checco Ione (Evil) [Grenade] ghjb (Good)
Sun Feb 20 15:35:26 2022 IC-Yulin't (Good) [Headshot] Artelis (Evil)
Sun Feb 20 15:35:27 2022 F6RK (Good) [Headshot] fasz (Evil)
Sun Feb 20 15:35:28 2022 IC-Yulin't (Good) [Headshot] LilTocino (Evil)
Sun Feb 20 15:35:30 2022 doubleh joined Good team
Sun Feb 20 15:35:31 2022 [Global] La Venenosa... (Evil): kkkkkkkkkkkkkkkkkkkkkkk
Sun Feb 20 15:35:34 2022 doge (Evil) [Headshot] Wojti (Good)
Sun Feb 20 15:35:37 2022 Player Wojti has left
Sun Feb 20 15:35:41 2022 fasz picked up Good's Intel.
Sun Feb 20 15:35:45 2022 MACIEJ (Good) [Headshot] Checco Ione (Evil)
Sun Feb 20 15:35:46 2022 Tchino (Good) [Headshot] Sr.Sam525 (Evil)
Sun Feb 20 15:35:46 2022 John Wick joined Good team
Sun Feb 20 15:35:46 2022 IC-Yulin't (Good) [Headshot] Artelis (Evil)
Sun Feb 20 15:35:47 2022 BarnRooster (Good) [Shotgun] Gewinnho (Evil)
Sun Feb 20 15:35:47 2022 IC-Yulin't (Good) [Headshot] WofulFoxy 530 (Evil)
Sun Feb 20 15:35:49 2022 fasz captured Good's Intel.
Sun Feb 20 15:35:50 2022 IC-Yulin't (Good) [Headshot] fasz (Evil)
Sun Feb 20 15:35:52 2022 BarnRooster (Good) [Fall]
Sun Feb 20 15:35:55 2022 doge (Evil) [Headshot] Harry (Good)
Sun Feb 20 15:35:55 2022 La Venenosa... picked up Good's Intel.
Sun Feb 20 15:35:57 2022 Your Only Fan joined Evil team
Sun Feb 20 15:35:57 2022 NTHN (Good) [Rifle] doge (Evil)
Sun Feb 20 15:35:58 2022 Player WofulFoxy 530 has left
Sun Feb 20 15:35:59 2022 You have 1 medkit!
Sun Feb 20 15:36:01 2022 Sr.Sam525 (Evil) [Shotgun] MACIEJ (Good)
Sun Feb 20 15:36:02 2022 BarnRooster (Good) [Shotgun] bongo (Evil)
Sun Feb 20 15:36:02 2022 LilTocino (Evil) [SMG] ghjb (Good)
Sun Feb 20 15:36:05 2022 ghjb (Good) [Weapon Change]
Sun Feb 20 15:36:08 2022 John Wick (Good) [Shotgun] Sr.Sam525 (Evil)
Sun Feb 20 15:36:10 2022 Tchino (Good) [Headshot] LilTocino (Evil)
Sun Feb 20 15:36:12 2022 John Wick (Good) [Shotgun] LULA LADRAO (Evil)
Sun Feb 20 15:36:14 2022 La Venenosa... (Evil) [Headshot] BarnRooster (Good)
Sun Feb 20 15:36:17 2022 ghjb (Good) [Rifle] Deemoo (Evil)
Sun Feb 20 15:36:18 2022 Player BarnRooster has left
Sun Feb 20 15:36:19 2022 doubleh (Good) [Headshot] fasz (Evil)
Sun Feb 20 15:36:19 2022 IC-Yulin't (Good) [Headshot] Gewinnho (Evil)
Sun Feb 20 15:36:21 2022 Your Only Fan (Evil) [Headshot] dirtus (Good)
Sun Feb 20 15:36:22 2022 Tchino (Good) [SMG] Artelis (Evil)
Sun Feb 20 15:36:26 2022 Tchino (Good) [Headshot] Checco Ione (Evil)
Sun Feb 20 15:36:31 2022 Deemoo (Evil) [SMG] Tchino (Good)
Sun Feb 20 15:36:32 2022 Bone Chocolate joined Spectator team
Sun Feb 20 15:36:32 2022 LULA LADRAO (Evil) [SMG] Manic (Good)
Sun Feb 20 15:36:33 2022 John Wick (Good) [Headshot] doge (Evil)
Sun Feb 20 15:36:33 2022 tj322 joined Good team
Sun Feb 20 15:36:34 2022 NTHN (Good) [Headshot] LULA LADRAO (Evil)
Sun Feb 20 15:36:34 2022 jakmxxjak (Evil) [Headshot] Harry (Good)
Sun Feb 20 15:36:35 2022 You have 1 medkit!
Sun Feb 20 15:36:37 2022 jakmxxjak (Evil) [Headshot] Harry (Good)
Sun Feb 20 15:36:39 2022 IC-Yulin't (Good) [Fall]
Sun Feb 20 15:36:41 2022 You have 1 medkit!
Sun Feb 20 15:36:44 2022 LULA LADRAO (Evil) [SMG] doubleh (Good)
Sun Feb 20 15:36:46 2022 NTHN (Good) [Headshot] LULA LADRAO (Evil)
Sun Feb 20 15:36:49 2022 Checco Ione (Evil) [SMG] MACIEJ (Good)
Sun Feb 20 15:36:49 2022 John Wick (Good) [Shotgun] LilTocino (Evil)
Sun Feb 20 15:36:50 2022 La Venenosa... captured Good's Intel.
Sun Feb 20 15:36:55 2022 Player Bone Chocolate has left
Sun Feb 20 15:36:57 2022 IC-Yulin't (Good) [Headshot] jakmxxjak (Evil)
Sun Feb 20 15:37:03 2022 {Phoenix}Sike joined Evil team
Sun Feb 20 15:37:04 2022 Bone Chocolate joined Evil team
Sun Feb 20 15:37:04 2022 LilTocino (Evil) [Headshot] John Wick (Good)
Sun Feb 20 15:37:07 2022 LULA LADRAO (Evil) [Headshot] ghjb (Good)
Sun Feb 20 15:37:07 2022 fasz (Evil) [Shotgun] Manic (Good)
Sun Feb 20 15:37:11 2022 doubleh (Good) [Headshot] fasz (Evil)
Sun Feb 20 15:37:12 2022 NTHN (Good) [Headshot] Artelis (Evil)
Sun Feb 20 15:37:12 2022 Leonardo 99 joined Spectator team
Sun Feb 20 15:37:18 2022 Koshyte joined Good team
Sun Feb 20 15:37:20 2022 LULA LADRAO (Evil) [Headshot] NTHN (Good)
Sun Feb 20 15:37:21 2022 MACIEJ (Good) [Headshot] LilTocino (Evil)
Sun Feb 20 15:37:22 2022 Player Leonardo 99 has left
Sun Feb 20 15:37:22 2022 emasx5644: (Good) [Headshot] La Venenosa... (Evil)
Sun Feb 20 15:37:22 2022 Checco Ione (Evil) [SMG] MACIEJ (Good)
Sun Feb 20 15:37:22 2022 Your Only Fan (Evil) [Headshot] Koshyte (Good)
Sun Feb 20 15:37:24 2022 IC-Yulin't (Good) [Rifle] Your Only Fan (Evil)
Sun Feb 20 15:37:24 2022 Player Sr.Sam525 has left
Sun Feb 20 15:37:27 2022 [Global] {Phoenix}Sike (Evil): i dont like sunday asf
Sun Feb 20 15:37:31 2022 doubleh (Good) [Headshot] doge (Evil)
Sun Feb 20 15:37:32 2022 [Global] La Venenosa... (Evil): asffffff
Sun Feb 20 15:37:33 2022 [Global] NTHN (Good): why
Sun Feb 20 15:37:36 2022 fasz (Evil) [Shotgun] Manic (Good)
Sun Feb 20 15:37:40 2022 fasz (Evil) [Shotgun] doubleh (Good)
Sun Feb 20 15:37:42 2022 LULA LADRAO (Evil) [Headshot] tj322 (Good)
Sun Feb 20 15:37:46 2022 IC-Yulin't (Good) [Headshot] La Venenosa... (Evil)
Sun Feb 20 15:37:48 2022 emasx5644: (Good) [Grenade] {Phoenix}Sike (Evil)
Sun Feb 20 15:37:48 2022 [Global] {Phoenix}Sike (Evil): beacuse tommorow to work
Sun Feb 20 15:37:48 2022 fasz (Evil) [Headshot] MACIEJ (Good)
Sun Feb 20 15:37:49 2022 fasz (Evil) [Shotgun] NTHN (Good)
Sun Feb 20 15:37:53 2022 IC-Yulin't (Good) [Headshot] Your Only Fan (Evil)
Sun Feb 20 15:37:53 2022 Deemoo (Evil) [Headshot] F6RK (Good)
Sun Feb 20 15:37:54 2022 Checco Ione (Evil) [SMG] John Wick (Good)
Sun Feb 20 15:37:55 2022 [Global] NTHN (Good): yeah
Sun Feb 20 15:37:58 2022 [Global] NTHN (Good): understand that
Sun Feb 20 15:37:59 2022 LilTocino (Evil) [Headshot] Tchino (Good)
Sun Feb 20 15:37:59 2022 LilTocino (Evil) [Headshot] Manic (Good)
Sun Feb 20 15:38:01 2022 [Global] Your Only Fan (Evil): same
Sun Feb 20 15:38:02 2022 La Venenosa... (Evil) [Headshot] John Wick (Good)
Sun Feb 20 15:38:02 2022 tj322 (Good) [SMG] fasz (Evil)
Sun Feb 20 15:38:04 2022 Koshyte (Good) [Headshot] Bone Chocolate (Evil)
Sun Feb 20 15:38:05 2022 IC-Yulin't (Good) [Melee] La Venenosa... (Evil)
Sun Feb 20 15:38:06 2022 bongo (Evil) [Headshot] IC-Yulin't (Good)
Sun Feb 20 15:38:06 2022 dirtus (Good) [Rifle] {Phoenix}Sike (Evil)
Sun Feb 20 15:38:10 2022 doubleh (Good) [Headshot] LULA LADRAO (Evil)
Sun Feb 20 15:38:11 2022 dirtus (Good) [Headshot] Bone Chocolate (Evil)
Sun Feb 20 15:38:11 2022 Your Only Fan (Evil) [Headshot] Koshyte (Good)
Sun Feb 20 15:38:12 2022 LilTocino (Evil) [Headshot] John Wick (Good)
Sun Feb 20 15:38:13 2022 IC-Yulin't (Good) [Headshot] jakmxxjak (Evil)
Sun Feb 20 15:38:14 2022 Player Koshyte has left
Sun Feb 20 15:38:14 2022 {Phoenix}Sike (Evil) [Headshot] emasx5644: (Good)
Sun Feb 20 15:38:15 2022 Harry (Good) [Headshot] La Venenosa... (Evil)
Sun Feb 20 15:38:18 2022 Your Only Fan (Evil) [Headshot] John Wick (Good)
Sun Feb 20 15:38:20 2022 Your Only Fan picked up Good's Intel.
Sun Feb 20 15:38:20 2022 Deemoo (Evil) [SMG] MACIEJ (Good)
Sun Feb 20 15:38:21 2022 Your Only Fan dropped Good's Intel
Sun Feb 20 15:38:21 2022 IC-Yulin't (Good) [Headshot] Your Only Fan (Evil)
Sun Feb 20 15:38:21 2022 fasz (Evil) [Shotgun] doubleh (Good)
Sun Feb 20 15:38:22 2022 bongo (Evil) [Shotgun] Harry (Good)
Sun Feb 20 15:38:22 2022 emasx5644: (Good) [Headshot] bongo (Evil)
Sun Feb 20 15:38:23 2022 You have 1 medkit!
Sun Feb 20 15:38:23 2022 IC-Yulin't (Good) [Headshot] Gewinnho (Evil)
Sun Feb 20 15:38:27 2022 LilTocino (Evil) [SMG] John Wick (Good)
Sun Feb 20 15:38:28 2022 LilTocino (Evil) [Headshot] MACIEJ (Good)
Sun Feb 20 15:38:29 2022 doubleh (Good) [Headshot] LilTocino (Evil)
Sun Feb 20 15:38:33 2022 Deemoo (Evil) [Headshot] F6RK (Good)
Sun Feb 20 15:38:35 2022 [Global] NTHN (Good): actually
Sun Feb 20 15:38:38 2022 tj322 (Good) [SMG] fasz (Evil)
Sun Feb 20 15:38:39 2022 Checco Ione (Evil) [SMG] Manic (Good)
Sun Feb 20 15:38:40 2022 tj322 (Good) [Headshot] Bone Chocolate (Evil)
Sun Feb 20 15:38:44 2022 {Phoenix}Sike (Evil) [Fall]
Sun Feb 20 15:38:44 2022 Manic (Good) [Weapon Change]
Sun Feb 20 15:38:45 2022 LULA LADRAO (Evil) [SMG] tj322 (Good)
Sun Feb 20 15:38:45 2022 [Global] NTHN (Good): is not that you dont like sundays
Sun Feb 20 15:38:45 2022 Checco Ione (Evil) [SMG] NTHN (Good)
Sun Feb 20 15:38:46 2022 LilTocino (Evil) [SMG] Tchino (Good)
Sun Feb 20 15:38:51 2022 Checco Ione (Evil) [Headshot] John Wick (Good)
Sun Feb 20 15:38:51 2022 Deemoo (Evil) [Headshot] F6RK (Good)
Sun Feb 20 15:38:53 2022 [Global] NTHN (Good): you dont like your work
Sun Feb 20 15:38:57 2022 [Global] {Phoenix}Sike (Evil): no
Sun Feb 20 15:39:01 2022 Deemoo (Evil) [SMG] MACIEJ (Good)
Sun Feb 20 15:39:02 2022 [Global] {Phoenix}Sike (Evil): i dont like sundays
Sun Feb 20 15:39:05 2022 tj322 (Good) [Headshot] fasz (Evil)
Sun Feb 20 15:39:05 2022 Checco Ione (Evil) [Headshot] ghjb (Good)
Sun Feb 20 15:39:06 2022 Player Bone Chocolate has left
Sun Feb 20 15:39:08 2022 John Wick (Good) [Headshot] LilTocino (Evil)
Sun Feb 20 15:39:09 2022 [Global] {Phoenix}Sike (Evil): beacuse its last day of week
Sun Feb 20 15:39:10 2022 tj322 (Good) [SMG] Artelis (Evil)
Sun Feb 20 15:39:12 2022 NTHN (Good) [Headshot] doge (Evil)
Sun Feb 20 15:39:14 2022 [Global] {Phoenix}Sike (Evil): weekend
Sun Feb 20 15:39:18 2022 tj322 (Good) [Headshot] bongo (Evil)
Sun Feb 20 15:39:18 2022  Type /help for info & commands
Sun Feb 20 15:39:18 2022 Checco Ione (Evil) [SMG] John Wick (Good)
Sun Feb 20 15:39:26 2022 doubleh (Good) [Headshot] Checco Ione (Evil)
Sun Feb 20 15:39:26 2022 dirtus (Good) [Grenade] doge (Evil)
Sun Feb 20 15:39:28 2022 LilTocino (Evil) [SMG] NTHN (Good)
Sun Feb 20 15:39:28 2022 tj322 (Good) [Headshot] LilTocino (Evil)
Sun Feb 20 15:39:29 2022 Deemoo (Evil) [SMG] MACIEJ (Good)
Sun Feb 20 15:39:30 2022 [Global] {Phoenix}Sike (Evil): and weekends are always short
Sun Feb 20 15:39:31 2022 Gewinnho (Evil) [Headshot] John Wick (Good)
Sun Feb 20 15:39:32 2022 La Venenosa... (Evil) [Grenade] NTHN (Good)
Sun Feb 20 15:39:33 2022 tj322 (Good) [SMG] fasz (Evil)
Sun Feb 20 15:39:37 2022 Checco Ione (Evil) [SMG] doubleh (Good)
Sun Feb 20 15:39:39 2022 dirtus (Good) [Rifle] Artelis (Evil)
Sun Feb 20 15:39:44 2022 La Venenosa... (Evil) [Headshot] Harry (Good)
Sun Feb 20 15:39:47 2022 You have 1 medkit!
Sun Feb 20 15:39:47 2022 Gewinnho (Evil) [Headshot] MACIEJ (Good)
Sun Feb 20 15:39:49 2022 fasz (Evil) [Headshot] dirtus (Good)
Sun Feb 20 15:39:52 2022 LilTocino (Evil) [SMG] tj322 (Good)
Sun Feb 20 15:39:53 2022 dirtus (Good) [Weapon Change]
Sun Feb 20 15:39:53 2022 Manic (Good) [Grenade]
Sun Feb 20 15:39:57 2022 Your Only Fan (Evil) [Grenade] doubleh (Good)
Sun Feb 20 15:39:57 2022 Your Only Fan (Evil) [Grenade] Harry (Good)
Sun Feb 20 15:39:59 2022 You have 1 medkit!
Sun Feb 20 15:40:01 2022 MrPoPo joined Good team
Sun Feb 20 15:40:02 2022 doubleh (Good) [Headshot] Your Only Fan (Evil)
Sun Feb 20 15:40:05 2022 La Venenosa... (Evil) [Headshot] Manic (Good)
Sun Feb 20 15:40:05 2022 Checco Ione (Evil) [SMG] John Wick (Good)
Sun Feb 20 15:40:06 2022 NTHN (Good) [Grenade] doge (Evil)
Sun Feb 20 15:40:06 2022 IC-Yulin't (Good) [Headshot] bongo (Evil)
Sun Feb 20 15:40:06 2022 LilTocino (Evil) [Headshot] NTHN (Good)
Sun Feb 20 15:40:07 2022 La Venenosa... (Evil) [Headshot] dirtus (Good)
Sun Feb 20 15:40:08 2022 MACIEJ (Good) [Headshot] La Venenosa... (Evil)
Sun Feb 20 15:40:10 2022 Artelis (Evil) [Fall]
Sun Feb 20 15:40:12 2022 LilTocino (Evil) [SMG] tj322 (Good)
Sun Feb 20 15:40:12 2022 [Global] {Phoenix}Sike (Evil): you cant be happy from work
Sun Feb 20 15:40:13 2022 not noah joined Good team
Sun Feb 20 15:40:24 2022 ghjb (Good) [Rifle] Checco Ione (Evil)
Sun Feb 20 15:40:25 2022 F6RK (Good) [Melee] Deemoo (Evil)
Sun Feb 20 15:40:26 2022 pablito joined Spectator team
Sun Feb 20 15:40:26 2022 Player doubleh has left
Sun Feb 20 15:40:26 2022 fasz (Evil) [Headshot] Manic (Good)
Sun Feb 20 15:40:27 2022 [Global] NTHN (Good): where do you work
Sun Feb 20 15:40:29 2022 fasz (Evil) [Headshot] MrPoPo (Good)
Sun Feb 20 15:40:30 2022 Player pablito has left
Sun Feb 20 15:40:30 2022 Deuce joined Evil team
Sun Feb 20 15:40:31 2022 [Global] F6RK (Good): NOOB
Sun Feb 20 15:40:31 2022 Gewinnho (Evil) [Headshot] MACIEJ (Good)
Sun Feb 20 15:40:32 2022 NTHN (Good) [Headshot] fasz (Evil)
Sun Feb 20 15:40:33 2022 Gewinnho (Evil) [Headshot] tj322 (Good)
Sun Feb 20 15:40:35 2022 IC-Yulin't (Good) [Headshot] Gewinnho (Evil)
Sun Feb 20 15:40:38 2022 LilTocino (Evil) [Headshot] tj322 (Good)
Sun Feb 20 15:40:40 2022 La Venenosa... (Evil) [Headshot] ghjb (Good)
Sun Feb 20 15:40:42 2022 LilTocino (Evil) [Headshot] MrPoPo (Good)
Sun Feb 20 15:40:42 2022 LULA LADRAO (Evil) [Headshot] dirtus (Good)
Sun Feb 20 15:40:46 2022 not noah (Good) [Headshot] LilTocino (Evil)
Sun Feb 20 15:40:47 2022 [Global] {Phoenix}Sike (Evil): discord
Sun Feb 20 15:40:49 2022 Manic (Good) [SMG] La Venenosa... (Evil)
Sun Feb 20 15:40:53 2022 John Wick (Good) [Shotgun] LilTocino (Evil)
Sun Feb 20 15:40:53 2022 Beige joined Evil team
Sun Feb 20 15:40:53 2022 NTHN (Good) [Headshot] doge (Evil)
Sun Feb 20 15:40:56 2022 John Wick (Good) [Shotgun] Artelis (Evil)
Sun Feb 20 15:40:57 2022 [Global] fasz (Evil): who the fuck built these red lines????????
Sun Feb 20 15:40:57 2022 John Wick (Good) [Headshot] Beige (Evil)
Sun Feb 20 15:41:00 2022 [Global] Your Only Fan (Evil): ikr
Sun Feb 20 15:41:01 2022 doge (Evil) [Shotgun] John Wick (Good)
Sun Feb 20 15:41:03 2022 LULA LADRAO (Evil) [Headshot] Manic (Good)
Sun Feb 20 15:41:04 2022 ghjb (Good) [Headshot] fasz (Evil)
Sun Feb 20 15:41:06 2022 fasz (Evil) [Weapon Change]
Sun Feb 20 15:41:11 2022 Checco Ione (Evil) [SMG] ghjb (Good)
Sun Feb 20 15:41:11 2022 NTHN (Good) [SMG] LULA LADRAO (Evil)
Sun Feb 20 15:41:12 2022 [Global] bongo (Evil): the autistic kid did it
Sun Feb 20 15:41:14 2022 dirtus (Good) [Headshot] Checco Ione (Evil)
Sun Feb 20 15:41:15 2022 Your Only Fan (Evil) [Grenade] IC-Yulin't (Good)
Sun Feb 20 15:41:17 2022 LULA LADRAO joined Good team
Sun Feb 20 15:41:18 2022 Harry (Good) [Headshot] Beige (Evil)
Sun Feb 20 15:41:20 2022 fasz (Evil) [Headshot] dirtus (Good)
Sun Feb 20 15:41:21 2022 Player Beige has left
Sun Feb 20 15:41:22 2022 Player Deuce has left
Sun Feb 20 15:41:24 2022 La Venenosa... (Evil) [Rifle] NTHN (Good)
Sun Feb 20 15:41:25 2022 {Phoenix}Sike (Evil) [Fall]
Sun Feb 20 15:41:26 2022 not noah (Good) [Rifle] doge (Evil)
Sun Feb 20 15:41:27 2022 Player {Phoenix}Sike has left
Sun Feb 20 15:41:31 2022 doge (Evil) [Fall]
Sun Feb 20 15:41:33 2022 ghjb (Good) [Headshot] fasz (Evil)
Sun Feb 20 15:41:35 2022 tj322 (Good) [Headshot] La Venenosa... (Evil)
Sun Feb 20 15:41:39 2022 Gewinnho (Evil) [Headshot] MACIEJ (Good)
Sun Feb 20 15:41:41 2022 [Global] Your Only Fan (Evil): they crashed prob... 3 ppl leaving at the same time
Sun Feb 20 15:41:43 2022 MrPoPo (Good) [Headshot] LilTocino (Evil)
Sun Feb 20 15:41:44 2022 tj322 (Good) [SMG] Artelis (Evil)
Sun Feb 20 15:41:48 2022 [Team] NTHN (Good): all squad 1
Sun Feb 20 15:41:49 2022 ghjb (Good) [Headshot] fasz (Evil)
Sun Feb 20 15:41:49 2022 John Wick (Good) [Shotgun] Artelis (Evil)
Sun Feb 20 15:41:51 2022 Checco Ione (Evil) [SMG] ghjb (Good)
Sun Feb 20 15:41:52 2022 Player fasz has left
Sun Feb 20 15:41:52 2022 doge (Evil) [Headshot] tj322 (Good)
Sun Feb 20 15:41:52 2022 IC-Yulin't (Good) [Headshot] bongo (Evil)
Sun Feb 20 15:41:55 2022 John Wick (Good) [Shotgun] La Venenosa... (Evil)
Sun Feb 20 15:41:56 2022 doge (Evil) [Headshot] MrPoPo (Good)
Sun Feb 20 15:41:58 2022 [Global] bongo (Evil): hax
Sun Feb 20 15:42:00 2022 [Team] NTHN (Good): 1 : all squad 1
Sun Feb 20 15:42:01 2022 IC-Yulin't (Good) [Headshot] Gewinnho (Evil)
Sun Feb 20 15:42:01 2022 La Venenosa... (Evil) [Headshot] John Wick (Good)
Sun Feb 20 15:42:01 2022 [Team] NTHN (Good): 1 : all squad 1
Sun Feb 20 15:42:01 2022 LilTocino (Evil) [Headshot] Harry (Good)
Sun Feb 20 15:42:02 2022 [Team] NTHN (Good): 1 : all squad 1
Sun Feb 20 15:42:03 2022 [Team] NTHN (Good): 1 : all squad 1
Sun Feb 20 15:42:04 2022  NTHN has been muted for excessive spam
Sun Feb 20 15:42:04 2022 [Team] NTHN (Good): 1 : all squad 1
Sun Feb 20 15:42:05 2022 You have 1 medkit!
Sun Feb 20 15:42:09 2022 You are now in squad 1.
Sun Feb 20 15:42:09 2022 Your Only Fan (Evil) [Headshot] F6RK (Good)
Sun Feb 20 15:42:09 2022 John Wick joined your squad.
Sun Feb 20 15:42:09 2022 IC-Yulin't (Good) [Headshot] Your Only Fan (Evil)
Sun Feb 20 15:42:09 2022 not noah (Good) [Headshot] LilTocino (Evil)
Sun Feb 20 15:42:10 2022 bongo (Evil) [Headshot] tj322 (Good)
Sun Feb 20 15:42:11 2022 IC-Yulin't (Good) [Headshot] bongo (Evil)
Sun Feb 20 15:42:13 2022 Gewinnho (Evil) [Headshot] Manic (Good)
Sun Feb 20 15:42:15 2022 Player tj322 has left
Sun Feb 20 15:42:17 2022 La Venenosa... (Evil) [Grenade] not noah (Good)
Sun Feb 20 15:42:18 2022 Checco Ione (Evil) [SMG] ghjb (Good)
Sun Feb 20 15:42:18 2022 La Venenosa... (Evil) [Grenade]
Sun Feb 20 15:42:20 2022 Deemoo (Evil) [Headshot] MACIEJ (Good)
Sun Feb 20 15:42:24 2022 doge (Evil) [Shotgun] Tchino (Good)
Sun Feb 20 15:42:28 2022 Player dirtus has left
Sun Feb 20 15:42:34 2022 MAJONEZ joined Evil team
Sun Feb 20 15:42:38 2022 Manic (Good) [Fall]
Sun Feb 20 15:42:40 2022 [Global] Tchino (Good): Please red team, finish the tunnel
Sun Feb 20 15:42:40 2022 Deemoo (Evil) [Headshot] LULA LADRAO (Good)
Sun Feb 20 15:42:43 2022 Harry (Good) [Headshot] LilTocino (Evil)
Sun Feb 20 15:42:44 2022 IC-Yulin't (Good) [Headshot] Deemoo (Evil)
Sun Feb 20 15:42:46 2022 La Venenosa... (Evil) [Headshot] MrPoPo (Good)
Sun Feb 20 15:42:51 2022 La Venenosa... (Evil) [Headshot] Harry (Good)
Sun Feb 20 15:42:51 2022 NTHN (Good) [Headshot] La Venenosa... (Evil)
Sun Feb 20 15:42:53 2022 Your Only Fan (Evil) [Headshot] emasx5644: (Good)
Sun Feb 20 15:42:55 2022 You have 1 medkit!
Sun Feb 20 15:42:55 2022 You are in squad 1 with NTHN (100 hp) and John Wick (100 hp).
Sun Feb 20 15:42:56 2022 ghjb (Good) [Headshot] Checco Ione (Evil)
Sun Feb 20 15:43:02 2022 NTHN (Good) [Grenade] doge (Evil)
Sun Feb 20 15:43:02 2022 John Wick (Good) [Headshot] Artelis (Evil)
Sun Feb 20 15:43:04 2022 ghjb (Good) [Headshot] Deemoo (Evil)
Sun Feb 20 15:43:09 2022 Harry (Good) [Headshot] LilTocino (Evil)
Sun Feb 20 15:43:12 2022 John Wick (Good) [Shotgun] Deemoo (Evil)
Sun Feb 20 15:43:13 2022 Manic (Good) [Headshot] MAJONEZ (Evil)
Sun Feb 20 15:43:15 2022 John Wick (Good) [Headshot] Artelis (Evil)
Sun Feb 20 15:43:16 2022 Manic (Good) [SMG] La Venenosa... (Evil)
Sun Feb 20 15:43:19 2022 ghjb (Good) [Headshot] LilTocino (Evil)
Sun Feb 20 15:43:19 2022 Squadmate John Wick was killed by Deemoo
Sun Feb 20 15:43:19 2022 Deemoo (Evil) [Headshot] John Wick (Good)
Sun Feb 20 15:43:23 2022 [Global] emasx5644: (Good): squad
Sun Feb 20 15:43:29 2022 Checco Ione (Evil) [SMG] ghjb (Good)
Sun Feb 20 15:43:32 2022 not noah (Good) [Headshot] Gewinnho (Evil)
Sun Feb 20 15:43:32 2022 La Venenosa... (Evil) [Grenade]
Sun Feb 20 15:43:34 2022 bongo (Evil) [Shotgun] not noah (Good)
Sun Feb 20 15:43:35 2022 MACIEJ (Good) [SMG] Deemoo (Evil)
Sun Feb 20 15:43:36 2022 MACIEJ (Good) [SMG] MAJONEZ (Evil)
Sun Feb 20 15:43:37 2022 Checco Ione (Evil) [Headshot] MACIEJ (Good)
Sun Feb 20 15:43:37 2022 John Wick (Good) [Shotgun] doge (Evil)
Sun Feb 20 15:43:49 2022 Harry (Good) [Headshot] doge (Evil)
Sun Feb 20 15:43:52 2022 F6RK picked up Evil's Intel.
Sun Feb 20 15:43:54 2022 ghjb (Good) [Headshot] LilTocino (Evil)
Sun Feb 20 15:43:57 2022 John Wick (Good) [Headshot] Artelis (Evil)
Sun Feb 20 15:44:00 2022 Squadmate John Wick was killed by doge
Sun Feb 20 15:44:00 2022 doge (Evil) [Shotgun] John Wick (Good)
Sun Feb 20 15:44:13 2022 Furry Mataputos joined Evil team
Sun Feb 20 15:44:14 2022 MrPoPo (Good) [Rifle] doge (Evil)
Sun Feb 20 15:44:15 2022 Gewinnho (Evil) [Fall]
Sun Feb 20 15:44:16 2022 [Global] Furry Mataputos (Evil): LISTO
Sun Feb 20 15:44:18 2022  You are playing ctf on popeyspades
Sun Feb 20 15:44:20 2022 [Global] Furry Mataputos (Evil): ME  QUITE LOS HACKS
Sun Feb 20 15:44:24 2022 La Venenosa... (Evil) [Headshot] not noah (Good)
Sun Feb 20 15:44:26 2022 LilTocino (Evil) [Headshot] Tchino (Good)
Sun Feb 20 15:44:28 2022 F6RK dropped Evil's Intel
Sun Feb 20 15:44:28 2022 Deemoo (Evil) [Headshot] F6RK (Good)
Sun Feb 20 15:44:32 2022 jakmxxjak (Evil) [SMG] F6RK (Good)
Sun Feb 20 15:44:34 2022 jakmxxjak (Evil) [Headshot] Tchino (Good)
Sun Feb 20 15:44:35 2022 Checco Ione (Evil) [SMG] Harry (Good)
Sun Feb 20 15:44:36 2022 MrPoPo (Good) [Headshot] Furry Mataputos (Evil)
Sun Feb 20 15:44:38 2022 IC-Yulin't (Good) [Headshot] jakmxxjak (Evil)
Sun Feb 20 15:44:38 2022 [Global] Tchino (Good): PLEASE RED TEAM, FINISH THE HUGE TUNNEL
Sun Feb 20 15:44:43 2022 MrPoPo (Good) [Headshot] Furry Mataputos (Evil)
Sun Feb 20 15:44:45 2022 [Global] Your Only Fan (Evil): the what
Sun Feb 20 15:44:47 2022 [Global] Your Only Fan (Evil): where?
Sun Feb 20 15:44:47 2022 You have 1 medkit!
Sun Feb 20 15:44:47 2022 You are in squad 1 with NTHN (100 hp) and John Wick (100 hp).
Sun Feb 20 15:44:49 2022  farfaox was kicked: Inactive for 10 minutes
Sun Feb 20 15:44:49 2022 Player farfaox has left
Sun Feb 20 15:44:49 2022 MACIEJ (Good) [Headshot] Furry Mataputos (Evil)
Sun Feb 20 15:44:52 2022 IC-Yulin't (Good) [Headshot] bongo (Evil)
Sun Feb 20 15:44:54 2022 MrPoPo (Good) [Headshot] Furry Mataputos (Evil)
Sun Feb 20 15:44:54 2022 Your Only Fan (Evil) [Rifle] IC-Yulin't (Good)
Sun Feb 20 15:44:57 2022 doge (Evil) [Headshot] ghjb (Good)
Sun Feb 20 15:45:02 2022 Gewinnho (Evil) [Headshot] F6RK (Good)
Sun Feb 20 15:45:03 2022 Furry Mataputos (Evil) [Headshot] emasx5644: (Good)
Sun Feb 20 15:45:04 2022 Your Only Fan (Evil) [Headshot] IC-Yulin't (Good)
Sun Feb 20 15:45:04 2022 Manic (Good) [Headshot] Furry Mataputos (Evil)
Sun Feb 20 15:45:04 2022 doge (Evil) [Headshot] Tchino (Good)
Sun Feb 20 15:45:07 2022 IC-Yulin't (Good) [Headshot] Your Only Fan (Evil)
Sun Feb 20 15:45:08 2022 Furry Mataputos (Evil) [Fall]
Sun Feb 20 15:45:11 2022 IC-Yulin't (Good) [Headshot] bongo (Evil)
Sun Feb 20 15:45:14 2022 MrPoPo (Good) [Headshot] Furry Mataputos (Evil)
Sun Feb 20 15:45:18 2022 Harry (Good) [Rifle] doge (Evil)
Sun Feb 20 15:45:19 2022 [Global] Tchino (Good): EVERYBODY GO IN THE HUGE TUNNEL
Sun Feb 20 15:45:20 2022 Furry Mataputos (Evil) [SMG] MrPoPo (Good)
Sun Feb 20 15:45:20 2022 Manic (Good) [SMG] Furry Mataputos (Evil)
Sun Feb 20 15:45:23 2022 Harry (Good) [Headshot] LilTocino (Evil)
Sun Feb 20 15:45:24 2022 PauloToide joined Good team
Sun Feb 20 15:45:24 2022 Squadmate John Wick was killed by Furry Mataputos
Sun Feb 20 15:45:24 2022 Furry Mataputos (Evil) [Headshot] John Wick (Good)
Sun Feb 20 15:45:25 2022 [Global] Tchino (Good): GOOOOOOO !!!!!!!!
Sun Feb 20 15:45:26 2022 MACIEJ (Good) [Headshot] Furry Mataputos (Evil)
Sun Feb 20 15:45:29 2022 jakmxxjak (Evil) [SMG] Tchino (Good)
Sun Feb 20 15:45:29 2022 jakmxxjak (Evil) [SMG] PauloToide (Good)
Sun Feb 20 15:45:31 2022 La Venenosa... (Evil) [Headshot] MrPoPo (Good)
Sun Feb 20 15:45:31 2022 NTHN (Good) [SMG] LilTocino (Evil)
Sun Feb 20 15:45:31 2022 Gewinnho (Evil) [Rifle] LULA LADRAO (Good)
Sun Feb 20 15:45:34 2022 doge (Evil) [Headshot] Manic (Good)
Sun Feb 20 15:45:36 2022 MACIEJ (Good) [Headshot] doge (Evil)
Sun Feb 20 15:45:36 2022 jakmxxjak (Evil) [Headshot] Manic (Good)
Sun Feb 20 15:45:37 2022 MAJONEZ (Evil) [Headshot] LULA LADRAO (Good)
Sun Feb 20 15:45:38 2022 Squadmate John Wick was killed by Furry Mataputos
Sun Feb 20 15:45:38 2022 Furry Mataputos (Evil) [Headshot] John Wick (Good)
Sun Feb 20 15:45:38 2022 PauloToide (Good) [SMG] MAJONEZ (Evil)
Sun Feb 20 15:45:38 2022 La Venenosa... picked up Good's Intel.
Sun Feb 20 15:45:38 2022 LilTocino (Evil) [Rifle] MACIEJ (Good)
Sun Feb 20 15:45:40 2022 Squadmate NTHN was killed by Furry Mataputos
Sun Feb 20 15:45:40 2022 Furry Mataputos (Evil) [Headshot] NTHN (Good)
Sun Feb 20 15:45:42 2022 La Venenosa... (Evil) [Headshot] Tchino (Good)
Sun Feb 20 15:45:45 2022 La Venenosa... dropped Good's Intel
Sun Feb 20 15:45:45 2022 MrPoPo (Good) [Rifle] La Venenosa... (Evil)
Sun Feb 20 15:45:47 2022 bongo (Evil) [Shotgun] IC-Yulin't (Good)
Sun Feb 20 15:45:48 2022 [Global] La Venenosa... (Evil): hehehhhhhhhhhhhhhhhhhhhhhhhhhhhhhhhhhhhhhhhhhhh
Sun Feb 20 15:45:50 2022 LULA LADRAO (Good) [Grenade] Artelis (Evil)
Sun Feb 20 15:45:52 2022 MrPoPo (Good) [Rifle] bongo (Evil)
Sun Feb 20 15:45:53 2022 Harry (Good) [Grenade] Your Only Fan (Evil)
Sun Feb 20 15:45:53 2022 Squadmate John Wick was killed by La Venenosa...
Sun Feb 20 15:45:53 2022 La Venenosa... (Evil) [SMG] John Wick (Good)
Sun Feb 20 15:45:53 2022 Squadmate NTHN was killed by La Venenosa...
Sun Feb 20 15:45:53 2022 La Venenosa... (Evil) [Headshot] NTHN (Good)
Sun Feb 20 15:45:54 2022 LULA LADRAO (Good) [Headshot] Gewinnho (Evil)
Sun Feb 20 15:45:55 2022 La Venenosa... (Evil) [SMG] IC-Yulin't (Good)
Sun Feb 20 15:45:57 2022 Harry (Good) [Rifle] La Venenosa... (Evil)
Sun Feb 20 15:45:58 2022 jakmxxjak (Evil) [SMG] Manic (Good)
Sun Feb 20 15:46:01 2022 IC-Yulin't (Good) [Headshot] jakmxxjak (Evil)
Sun Feb 20 15:46:02 2022 F6RK (Good) [Grenade]
Sun Feb 20 15:46:03 2022 MAJONEZ (Evil) [Headshot] MACIEJ (Good)
Sun Feb 20 15:46:10 2022 MACIEJ (Good) [SMG] Checco Ione (Evil)
Sun Feb 20 15:46:11 2022 farfaox joined Spectator team
Sun Feb 20 15:46:11 2022 PauloToide (Good) [Headshot] LilTocino (Evil)
Sun Feb 20 15:46:12 2022 ghjb (Good) [Rifle] MAJONEZ (Evil)
Sun Feb 20 15:46:13 2022 Manic (Good) [Grenade]
Sun Feb 20 15:46:18 2022 MAJONEZ (Evil) [Headshot] emasx5644: (Good)
Sun Feb 20 15:46:18 2022 Checco Ione (Evil) [Headshot] ghjb (Good)
Sun Feb 20 15:46:20 2022 bongo (Evil) [Shotgun] PauloToide (Good)
Sun Feb 20 15:46:24 2022 ghjb (Good) [Weapon Change]
Sun Feb 20 15:46:25 2022 PauloToide (Good) [Weapon Change]
Sun Feb 20 15:46:26 2022 Gewinnho (Evil) [Rifle] MACIEJ (Good)
Sun Feb 20 15:46:27 2022 Player LilTocino has left
Sun Feb 20 15:46:27 2022 F6RK (Good) [Headshot] Artelis (Evil)
Sun Feb 20 15:46:30 2022 LULA LADRAO (Good) [SMG] bongo (Evil)
Sun Feb 20 15:46:31 2022 [Global] emasx5644: (Good): squad al tuel
Sun Feb 20 15:46:34 2022 Squadmate John Wick suicided
Sun Feb 20 15:46:34 2022 John Wick (Good) [Grenade]
Sun Feb 20 15:46:34 2022 LULA LADRAO (Good) [Headshot] Checco Ione (Evil)
Sun Feb 20 15:46:36 2022 Gewinnho (Evil) [Headshot] LULA LADRAO (Good)
Sun Feb 20 15:46:37 2022 BoyDragon joined Spectator team
Sun Feb 20 15:46:41 2022 Checco Ione (Evil) [Weapon Change]
Sun Feb 20 15:46:42 2022 Squadmate NTHN was killed by MAJONEZ
Sun Feb 20 15:46:42 2022 MAJONEZ (Evil) [Headshot] NTHN (Good)
Sun Feb 20 15:46:43 2022 MACIEJ (Good) [SMG] Gewinnho (Evil)
Sun Feb 20 15:46:46 2022 emasx5644: (Good) [Headshot] MAJONEZ (Evil)
Sun Feb 20 15:46:46 2022 Player NTHN has left
Sun Feb 20 15:46:48 2022 emasx5644: (Good) [Headshot] Your Only Fan (Evil)
Sun Feb 20 15:46:48 2022 pablito joined Evil team
Sun Feb 20 15:46:50 2022 Player Your Only Fan has left
Sun Feb 20 15:46:51 2022 MACIEJ (Good) [SMG] doge (Evil)
Sun Feb 20 15:46:52 2022 jakmxxjak (Evil) [SMG] PauloToide (Good)
Sun Feb 20 15:46:53 2022 F6RK (Good) [Headshot] jakmxxjak (Evil)
Sun Feb 20 15:46:54 2022 ghjb (Good) [SMG] Artelis (Evil)
Sun Feb 20 15:46:55 2022 bongo (Evil) [Shotgun] LULA LADRAO (Good)
Sun Feb 20 15:46:55 2022 Player MAJONEZ has left
Sun Feb 20 15:46:56 2022 Player BoyDragon has left
Sun Feb 20 15:46:56 2022 Harry (Good) [Headshot] bongo (Evil)
Sun Feb 20 15:46:57 2022 Harry (Good) [Headshot] La Venenosa... (Evil)
Sun Feb 20 15:47:03 2022 Gewinnho (Evil) [Rifle] Tchino (Good)
Sun Feb 20 15:47:03 2022 MACIEJ (Good) [Headshot] Gewinnho (Evil)
Sun Feb 20 15:47:07 2022 emasx5644: (Good) [Headshot] pablito (Evil)
Sun Feb 20 15:47:15 2022 [Team] Tchino (Good): u
Sun Feb 20 15:47:17 2022 ghjb (Good) [SMG] Gewinnho (Evil)
Sun Feb 20 15:47:19 2022 ghjb (Good) [Headshot] Checco Ione (Evil)
Sun Feb 20 15:47:20 2022 muratamo0511 joined Evil team
Sun Feb 20 15:47:21 2022 F6RK (Good) [Grenade]
Sun Feb 20 15:47:23 2022 bongo (Evil) [Shotgun] Manic (Good)
Sun Feb 20 15:47:28 2022 Deemoo (Evil) [SMG] Harry (Good)
Sun Feb 20 15:47:29 2022 Gewinnho (Evil) [Rifle] MACIEJ (Good)
Sun Feb 20 15:47:31 2022 ghjb (Good) [SMG] Furry Mataputos (Evil)
Sun Feb 20 15:47:32 2022 not noah (Good) [Headshot] Checco Ione (Evil)
Sun Feb 20 15:47:33 2022 John Wick (Good) [Headshot] pablito (Evil)
Sun Feb 20 15:47:34 2022 LULA LADRAO (Good) [SMG] muratamo0511 (Evil)
Sun Feb 20 15:47:34 2022 not noah (Good) [Rifle] Deemoo (Evil)
Sun Feb 20 15:47:37 2022 ghjb (Good) [SMG] bongo (Evil)
Sun Feb 20 15:47:39 2022 not noah (Good) [Headshot] Furry Mataputos (Evil)
Sun Feb 20 15:47:40 2022 Squadmate John Wick was killed by muratamo0511
Sun Feb 20 15:47:40 2022 muratamo0511 (Evil) [Headshot] John Wick (Good)
Sun Feb 20 15:47:42 2022 ghjb (Good) [Headshot] Gewinnho (Evil)
Sun Feb 20 15:47:43 2022 You have 1 medkit!
Sun Feb 20 15:47:43 2022 You are in squad 1 with John Wick (100 hp).
Sun Feb 20 15:47:43 2022 not noah (Good) [Headshot] Furry Mataputos (Evil)
Sun Feb 20 15:47:43 2022 Player John Wick has left
Sun Feb 20 15:47:46 2022 not noah (Good) [Headshot] Checco Ione (Evil)
Sun Feb 20 15:47:47 2022 muratamo0511 (Evil) [Rifle] emasx5644: (Good)
Sun Feb 20 15:47:49 2022 Player doge has left
Sun Feb 20 15:47:54 2022 MrPoPo (Good) [Headshot] Furry Mataputos (Evil)
Sun Feb 20 15:47:54 2022 Checco Ione (Evil) [Rifle] ghjb (Good)
Sun Feb 20 15:47:58 2022 not noah (Good) [Headshot] Checco Ione (Evil)
Sun Feb 20 15:48:00 2022 not noah (Good) [Headshot] Furry Mataputos (Evil)
Sun Feb 20 15:48:04 2022 MrPoPo (Good) [Headshot] Checco Ione (Evil)
Sun Feb 20 15:48:08 2022 Keve joined Evil team
Sun Feb 20 15:48:14 2022 MrPoPo (Good) [Headshot] Furry Mataputos (Evil)
Sun Feb 20 15:48:15 2022 emasx5644: (Good) [Headshot] Gewinnho (Evil)
Sun Feb 20 15:48:17 2022 emasx5644: (Good) [Headshot] muratamo0511 (Evil)
Sun Feb 20 15:48:21 2022 [Global] Keve (Evil): Hola
Sun Feb 20 15:48:21 2022 MACIEJ (Good) [SMG] Keve (Evil)
Sun Feb 20 15:48:22 2022 MACIEJ (Good) [SMG] Checco Ione (Evil)
Sun Feb 20 15:48:24 2022 lazar joined Evil team
Sun Feb 20 15:48:25 2022 Furry Mataputos (Evil) [SMG] MACIEJ (Good)
Sun Feb 20 15:48:26 2022 emasx5644: (Good) [Headshot] bongo (Evil)
Sun Feb 20 15:48:32 2022 Harry (Good) [Headshot] lazar (Evil)
Sun Feb 20 15:48:32 2022 [Global] emasx5644: (Good): hola
Sun Feb 20 15:48:32 2022 MrPoPo (Good) [Headshot] Checco Ione (Evil)
Sun Feb 20 15:48:35 2022 Furry Mataputos (Evil) [SMG] MrPoPo (Good)
Sun Feb 20 15:48:38 2022 IC-Yulin't (Good) [Headshot] Artelis (Evil)
Sun Feb 20 15:48:38 2022 Keve (Evil) [Headshot] Tchino (Good)
Sun Feb 20 15:48:42 2022 jakmxxjak (Evil) [SMG] MACIEJ (Good)
Sun Feb 20 15:48:42 2022 jakmxxjak (Evil) [Headshot] LULA LADRAO (Good)
Sun Feb 20 15:48:43 2022 IC-Yulin't (Good) [Headshot] jakmxxjak (Evil)
Sun Feb 20 15:48:44 2022 PauloToide (Good) [Headshot] Keve (Evil)
Sun Feb 20 15:48:45 2022 Player MACIEJ has left
Sun Feb 20 15:48:45 2022 [Global] Keve (Evil): como estas?
Sun Feb 20 15:48:49 2022 emasx5644: (Good) [Headshot] muratamo0511 (Evil)
Sun Feb 20 15:48:50 2022 Furry Mataputos (Evil) [SMG] F6RK (Good)
Sun Feb 20 15:48:54 2022 not noah (Good) [Headshot] muratamo0511 (Evil)
Sun Feb 20 15:48:54 2022 Keve (Evil) [SMG] PauloToide (Good)
Sun Feb 20 15:48:55 2022 Furry Mataputos (Evil) [SMG] not noah (Good)
Sun Feb 20 15:48:55 2022 Harry (Good) [Rifle] Keve (Evil)
Sun Feb 20 15:48:56 2022 [Global] emasx5644: (Good): bien
Sun Feb 20 15:48:57 2022 La Venenosa... (Evil) [Grenade] IC-Yulin't (Good)
Sun Feb 20 15:48:59 2022 La Venenosa... (Evil) [SMG] MrPoPo (Good)
Sun Feb 20 15:49:02 2022 ghjb (Good) [SMG] lazar (Evil)
Sun Feb 20 15:49:03 2022 [Global] Keve (Evil): me alegro
Sun Feb 20 15:49:04 2022 Harry (Good) [Headshot] Keve (Evil)
Sun Feb 20 15:49:04 2022 ghjb (Good) [Headshot] Furry Mataputos (Evil)
Sun Feb 20 15:49:05 2022 Player lazar has left
Sun Feb 20 15:49:06 2022 IC-Yulin't (Good) [Rifle] La Venenosa... (Evil)
Sun Feb 20 15:49:07 2022 Harry (Good) [Headshot] Furry Mataputos (Evil)
Sun Feb 20 15:49:08 2022 Keve (Evil) [SMG] emasx5644: (Good)
Sun Feb 20 15:49:10 2022 [Global] emasx5644: (Good): yo tambien
Sun Feb 20 15:49:11 2022 LULA LADRAO (Good) [SMG] bongo (Evil)
Sun Feb 20 15:49:12 2022 Furry Mataputos (Evil) [Headshot] Harry (Good)
Sun Feb 20 15:49:14 2022 Furry Mataputos (Evil) [Headshot] ghjb (Good)
Sun Feb 20 15:49:18 2022  You are playing ctf on popeyspades
Sun Feb 20 15:49:18 2022 [Global] Keve (Evil): :D
Sun Feb 20 15:49:19 2022 You have 1 medkit!
Sun Feb 20 15:49:19 2022 You are in squad 1, all alone.
Sun Feb 20 15:49:22 2022 [Global] emasx5644: (Good): xd
Sun Feb 20 15:49:27 2022 [Global] Keve (Evil): XD
Sun Feb 20 15:49:29 2022 F6RK (Good) [Headshot] Keve (Evil)
Sun Feb 20 15:49:30 2022 Disconnecting
