Sat Feb 19 17:03:05 2022 ------ World Loaded ------
Sat Feb 19 17:03:05 2022 poopoo (Yellow) [Headshot] Kiryo (Purple)
Sat Feb 19 17:03:05 2022 Welcome to RMF Hallway (Anti-Cheat)
Sat Feb 19 17:03:06 2022 Deuce1 joined Purple team
Sat Feb 19 17:03:06 2022 yime (Purple) [Rifle] poopoo (Yellow)
Sat Feb 19 17:03:06 2022 DonShader (Yellow) [Headshot] Or_Am_1? (Purple)
Sat Feb 19 17:03:06 2022 Map: HALLWAY V2.0 by CowNorris, Cowie
Sat Feb 19 17:03:07 2022 Remprout (Yellow) [Headshot] Kiryo (Purple)
Sat Feb 19 17:03:07 2022 Game mode: ctf
Sat Feb 19 17:03:08 2022 Dirty Feeling joined Purple team
Sat Feb 19 17:03:09 2022 wasd (Yellow) [Headshot] PG3D (Purple)
Sat Feb 19 17:03:09 2022 Server powered by FreeBSD
Sat Feb 19 17:03:10 2022 Remprout (Yellow) [Headshot] Dirty Feeling (Purple)
Sat Feb 19 17:03:12 2022 Wiz (Yellow) [Rifle] MuMu (Purple)
Sat Feb 19 17:03:14 2022 Remprout (Yellow) [Headshot] Deuce1 (Purple)
Sat Feb 19 17:03:17 2022 Or_Am_1? (Purple) [Fall]
Sat Feb 19 17:03:17 2022 MuMu (Purple) [Fall]
Sat Feb 19 17:03:17 2022 Deuce1 (Purple) [Fall]
Sat Feb 19 17:03:18 2022 PG3D (Purple) [Headshot] Remprout (Yellow)
Sat Feb 19 17:03:18 2022 Remprout1 (Yellow) [SMG] PG3D (Purple)
Sat Feb 19 17:03:19 2022 [Global] Mnich (Purple): But sorry, I cannot remind you
Sat Feb 19 17:03:21 2022 Harry (Purple) [Headshot] Remprout1 (Yellow)
Sat Feb 19 17:03:22 2022 [Global] Mnich (Purple): Yeah
Sat Feb 19 17:03:23 2022 Player HatOnADeer has left
Sat Feb 19 17:03:32 2022 yime (Purple) [Headshot] Remprout (Yellow)
Sat Feb 19 17:03:32 2022 MuMu (Purple) [Headshot] Wiz (Yellow)
Sat Feb 19 17:03:33 2022 catroidvania (Purple) [Headshot] Remprout1 (Yellow)
Sat Feb 19 17:03:35 2022 [Global] Mnich (Purple): There're lots of Deuces, you know
Sat Feb 19 17:03:35 2022 DonShader (Yellow) [Headshot] Dirty Feeling (Purple)
Sat Feb 19 17:03:36 2022 PG3D (Purple) [Headshot] Arthur (Yellow)
Sat Feb 19 17:03:36 2022 [Global] Deuce (): No problem
Sat Feb 19 17:03:36 2022 yime (Purple) [Fall]
Sat Feb 19 17:03:39 2022 Kiryo (Purple) [Grenade] Cow (Yellow)
Sat Feb 19 17:03:40 2022 catroidvania (Purple) [Headshot] wasd (Yellow)
Sat Feb 19 17:03:41 2022 Player yime has left
Sat Feb 19 17:03:49 2022 PG3D (Purple) [Headshot] blam (Yellow)
Sat Feb 19 17:03:50 2022 DonShader (Yellow) [Headshot] MuMu (Purple)
Sat Feb 19 17:03:53 2022 [Global] Mnich (Purple): What was your nick then?
Sat Feb 19 17:03:55 2022 [Global] Deuce (): I know, I'm usin it cause im avoidin people
Sat Feb 19 17:03:55 2022 Unknown command
Sat Feb 19 17:03:56 2022 Player mastter  XD has left
Sat Feb 19 17:04:00 2022 Wiz (Yellow) [Headshot] Mnich (Purple)
Sat Feb 19 17:04:01 2022 DonShader (Yellow) [Headshot] Deuce1 (Purple)
Sat Feb 19 17:04:02 2022 Kiryo (Purple) [Grenade] Remprout (Yellow)
Sat Feb 19 17:04:02 2022 MuMu (Purple) [Headshot] DonShader (Yellow)
Sat Feb 19 17:04:03 2022 [Global] Deuce (): Nah', Im nobody
Sat Feb 19 17:04:09 2022 [Global] Deuce (): dont worry
Sat Feb 19 17:04:10 2022 [Global] Mnich (Purple): Ahh, now I remind you
Sat Feb 19 17:04:17 2022 Remprout (Yellow) [Headshot] Kiryo (Purple)
Sat Feb 19 17:04:18 2022 catroidvania (Purple) [Headshot] wasd (Yellow)
Sat Feb 19 17:04:22 2022 kpand (Purple) [SMG] Wiz (Yellow)
Sat Feb 19 17:04:24 2022 [2ch] Batya joined Yellow team
Sat Feb 19 17:04:24 2022 [Global] catroidvania (Purple): 1 hp
Sat Feb 19 17:04:24 2022 Harry (Purple) [Headshot] Arthur (Yellow)
Sat Feb 19 17:04:25 2022 Kiryo (Purple) [Grenade] Cow (Yellow)
Sat Feb 19 17:04:26 2022 MuMu (Purple) [Headshot] poopoo (Yellow)
Sat Feb 19 17:04:30 2022 [Global] poopoo (Yellow): U LITTLE
Sat Feb 19 17:04:32 2022 Harry (Purple) [Headshot] [2ch] Batya (Yellow)
Sat Feb 19 17:04:34 2022 Kiryo (Purple) [Grenade] Remprout (Yellow)
Sat Feb 19 17:04:34 2022 Kiryo (Purple) [Grenade] Remprout1 (Yellow)
Sat Feb 19 17:04:35 2022 blam (Yellow) [SMG] catroidvania (Purple)
Sat Feb 19 17:04:36 2022 blam (Yellow) [Grenade] Harry (Purple)
Sat Feb 19 17:04:39 2022 [Global] Deuce (): Mnich.. u cutie •w•
Sat Feb 19 17:04:39 2022 catroidvania (Purple) [Headshot] Elias (Yellow)
Sat Feb 19 17:04:40 2022 [Global] MuMu (Purple): xD
Sat Feb 19 17:04:41 2022 [Global] Mnich (Purple): I'm still playing this game but do not have so much time 'cause of studying
Sat Feb 19 17:04:42 2022 sexgirl joined Purple team
Sat Feb 19 17:04:46 2022 [Global] sexgirl (Purple): hola 
Sat Feb 19 17:04:47 2022 [Global] DonShader (Yellow): is this the last server active for aos?
Sat Feb 19 17:04:49 2022 Player Remprout has left
Sat Feb 19 17:04:49 2022 Player Remprout1 has left
Sat Feb 19 17:04:50 2022 Mines are already full! 3 mines available.
Sat Feb 19 17:04:55 2022 PG3D (Purple) [Headshot] Arthur (Yellow)
Sat Feb 19 17:04:56 2022 [Global] catroidvania (Purple): no
Sat Feb 19 17:04:57 2022 Wiz (Yellow) [Headshot] catroidvania (Purple)
Sat Feb 19 17:04:57 2022 [Global] sexgirl (Purple): hello
Sat Feb 19 17:04:58 2022 [2ch] Batya (Yellow) [Headshot] PG3D (Purple)
Sat Feb 19 17:05:00 2022 [Global] catroidvania (Purple): theres like 1 more
Sat Feb 19 17:05:02 2022 [Global] catroidvania (Purple): hello
Sat Feb 19 17:05:02 2022 Wiz (Yellow) [Headshot] Harry (Purple)
Sat Feb 19 17:05:06 2022 [Global] DonShader (Yellow): k
Sat Feb 19 17:05:10 2022 Wiz (Yellow) [Headshot] Or_Am_1? (Purple)
Sat Feb 19 17:05:12 2022 Kiryo (Purple) [Grenade] Elias (Yellow)
Sat Feb 19 17:05:17 2022 Wiz (Yellow) [Headshot] catroidvania (Purple)
Sat Feb 19 17:05:18 2022 Mnich (Purple) [Headshot] poopoo (Yellow)
Sat Feb 19 17:05:19 2022 [Global] Deuce (): Well,...
Sat Feb 19 17:05:20 2022 blam (Yellow) [Headshot] kpand (Purple)
Sat Feb 19 17:05:21 2022 [Global] poopoo (Yellow): FUCK
Sat Feb 19 17:05:21 2022 Wiz (Yellow) [Headshot] PG3D (Purple)
Sat Feb 19 17:05:27 2022 Wiz (Yellow) [Headshot] Harry (Purple)
Sat Feb 19 17:05:28 2022 dandans joined Yellow team
Sat Feb 19 17:05:31 2022 Wiz (Yellow) [Headshot] Or_Am_1? (Purple)
Sat Feb 19 17:05:34 2022 catroidvania (Purple) [Headshot] Wiz (Yellow)
Sat Feb 19 17:05:35 2022 Cow (Yellow) [Headshot] sexgirl (Purple)
Sat Feb 19 17:05:35 2022 Dirty Feeling (Purple) [Headshot] dandans (Yellow)
Sat Feb 19 17:05:35 2022 Player poopoo has left
Sat Feb 19 17:05:43 2022 Dirty Feeling (Purple) [Headshot] dandans (Yellow)
Sat Feb 19 17:05:46 2022 Arthur (Yellow) [Headshot] Dirty Feeling (Purple)
Sat Feb 19 17:05:55 2022 PG3D (Purple) [Headshot] Wiz (Yellow)
Sat Feb 19 17:06:00 2022 [Global] Deuce (): I'm leavin now, so.. good luck y'all ☻/
Sat Feb 19 17:06:04 2022 kpand (Purple) [Headshot] [2ch] Batya (Yellow)
Sat Feb 19 17:06:04 2022 [Global] catroidvania (Purple): cya
Sat Feb 19 17:06:05 2022 Player [2ch] Batya has left
Sat Feb 19 17:06:06 2022 [Global] Deuce (): Nice to see u, Mnick, mein comrade
Sat Feb 19 17:06:06 2022 CRISTIAN joined Yellow team
Sat Feb 19 17:06:06 2022 [Global] Mnich (Purple): Bye
Sat Feb 19 17:06:08 2022 [Global] MuMu (Purple): bb
Sat Feb 19 17:06:11 2022 blam (Yellow) [SMG] kpand (Purple)
Sat Feb 19 17:06:15 2022 [Global] Deuce (): Gg y'all ♥
Sat Feb 19 17:06:17 2022 Player Deuce has left
Sat Feb 19 17:06:22 2022 Dirty Feeling (Purple) [Grenade] Arthur (Yellow)
Sat Feb 19 17:06:22 2022 Harry (Purple) [Headshot] Wiz (Yellow)
Sat Feb 19 17:06:22 2022 catroidvania (Purple) [Grenade] blam (Yellow)
Sat Feb 19 17:06:28 2022 xd killed you with a mine!
Sat Feb 19 17:06:28 2022 Harry (Purple) [Grenade]
Sat Feb 19 17:06:28 2022 Player blam has left
Sat Feb 19 17:06:32 2022 penis joined Yellow team
Sat Feb 19 17:06:37 2022 Player Deuce1 has left
Sat Feb 19 17:06:38 2022 Arthur (Yellow) [Grenade] Mnich (Purple)
Sat Feb 19 17:06:42 2022 Kiryo (Purple) [Headshot] Cow (Yellow)
Sat Feb 19 17:06:43 2022 Wiz (Yellow) [Rifle] PG3D (Purple)
Sat Feb 19 17:06:46 2022 wasd (Yellow) [Headshot] kpand (Purple)
Sat Feb 19 17:06:49 2022 [Global] DonShader (Yellow): i play my last match when i was 12, i'm 22 now ahaha i remember a lot of active
Sat Feb 19 17:06:51 2022 Wiz (Yellow) [Headshot] catroidvania (Purple)
Sat Feb 19 17:06:51 2022 [Global] DonShader (Yellow): server
Sat Feb 19 17:06:53 2022 Harry (Purple) [Headshot] Wiz (Yellow)
Sat Feb 19 17:06:54 2022 MuMu picked up Yellow's Intel.
Sat Feb 19 17:06:56 2022 Arthur (Yellow) [Headshot] PG3D (Purple)
Sat Feb 19 17:06:57 2022 Deuce joined Yellow team
Sat Feb 19 17:06:57 2022 Arthur (Yellow) [SMG] Mnich (Purple)
Sat Feb 19 17:06:58 2022 [Global] catroidvania (Purple): not anymore
Sat Feb 19 17:06:58 2022 MuMu dropped Yellow's Intel
Sat Feb 19 17:06:58 2022 Arthur (Yellow) [Grenade] MuMu (Purple)
Sat Feb 19 17:07:00 2022 dandans (Yellow) [Headshot] kpand (Purple)
Sat Feb 19 17:07:02 2022 Arthur (Yellow) [Grenade] catroidvania (Purple)
Sat Feb 19 17:07:03 2022 Arthur (Yellow) [Grenade] MuMu (Purple)
Sat Feb 19 17:07:04 2022 PG3D (Purple) [Headshot] Arthur (Yellow)
Sat Feb 19 17:07:04 2022 CRISTIAN (Yellow) [Headshot] Harry (Purple)
Sat Feb 19 17:07:05 2022 Dirty Feeling (Purple) [Headshot] Wiz (Yellow)
Sat Feb 19 17:07:05 2022 [Global] penis (Yellow): haha hello the same thing
Sat Feb 19 17:07:09 2022 [Global] Mnich (Purple): Similar to me
Sat Feb 19 17:07:17 2022 dandans (Yellow) [Headshot] kpand (Purple)
Sat Feb 19 17:07:20 2022  Deuce was kicked: Invalid orientation data received
Sat Feb 19 17:07:20 2022 Player Deuce has left
Sat Feb 19 17:07:26 2022 [Global] penis (Yellow): now i came here and it s so fucking nostalgic
Sat Feb 19 17:07:28 2022 PG3D (Purple) [SMG] CRISTIAN (Yellow)
Sat Feb 19 17:07:29 2022 [Global] sexgirl (Purple): sex
Sat Feb 19 17:07:35 2022 wasd (Yellow) [Rifle] PG3D (Purple)
Sat Feb 19 17:07:36 2022 Deuce joined Purple team
Sat Feb 19 17:07:37 2022 dandans (Yellow) [Headshot] Harry (Purple)
Sat Feb 19 17:07:39 2022 [Global] catroidvania (Purple): lol
Sat Feb 19 17:07:47 2022 kpand (Purple) [SMG] dandans (Yellow)
Sat Feb 19 17:07:54 2022 Arthur (Yellow) [SMG] Mnich (Purple)
Sat Feb 19 17:07:56 2022 Kiryo (Purple) [Grenade] CRISTIAN (Yellow)
Sat Feb 19 17:07:57 2022 MuMu (Purple) [Headshot] Arthur (Yellow)
Sat Feb 19 17:07:58 2022 Kiryo (Purple) [Grenade]
Sat Feb 19 17:07:59 2022 adw joined Yellow team
Sat Feb 19 17:08:01 2022 wasd (Yellow) [Headshot] kpand (Purple)
Sat Feb 19 17:08:01 2022 [Global] Arthur (Yellow): no hp XD
Sat Feb 19 17:08:05 2022 wasd (Yellow) [Headshot] PG3D (Purple)
Sat Feb 19 17:08:10 2022 Wiz (Yellow) [Rifle] MuMu (Purple)
Sat Feb 19 17:08:13 2022 Harry (Purple) [Headshot] wasd (Yellow)
Sat Feb 19 17:08:13 2022 Rizuz joined Purple team
Sat Feb 19 17:08:16 2022 penis (Yellow) [SMG] Kiryo (Purple)
Sat Feb 19 17:08:20 2022 DonShader (Yellow) [Headshot] Rizuz (Purple)
Sat Feb 19 17:08:24 2022 catroidvania (Purple) [Grenade] Wiz (Yellow)
Sat Feb 19 17:08:26 2022 DonShader (Yellow) [Headshot] Rizuz (Purple)
Sat Feb 19 17:08:27 2022 DonShader (Yellow) [Headshot] Kiryo (Purple)
Sat Feb 19 17:08:30 2022 Player Wiz has left
Sat Feb 19 17:08:34 2022 dandans (Yellow) [Headshot] Harry (Purple)
Sat Feb 19 17:08:35 2022 Arthur (Yellow) [Fall]
Sat Feb 19 17:08:37 2022 PG3D (Purple) [Grenade]
Sat Feb 19 17:08:39 2022 wasd (Yellow) [Headshot] catroidvania (Purple)
Sat Feb 19 17:08:42 2022 Rizuz (Purple) [Rifle] penis (Yellow)
Sat Feb 19 17:08:54 2022 DonShader (Yellow) [Headshot] Rizuz (Purple)
Sat Feb 19 17:08:55 2022 Harry (Purple) [Headshot] wasd (Yellow)
Sat Feb 19 17:08:55 2022 Dirty Feeling (Purple) [Headshot] penis (Yellow)
Sat Feb 19 17:08:59 2022 DonShader (Yellow) [Rifle] Kiryo (Purple)
Sat Feb 19 17:09:04 2022 Player Deuce has left
Sat Feb 19 17:09:04 2022 Kiryo (Purple) [Grenade] adw (Yellow)
Sat Feb 19 17:09:05 2022 DonShader (Yellow) [Headshot] Kiryo (Purple)
Sat Feb 19 17:09:08 2022 Deemoo joined Yellow team
Sat Feb 19 17:09:08 2022 [Global] adw (Yellow): xd
Sat Feb 19 17:09:10 2022 Arthur (Yellow) [Headshot] MuMu (Purple)
Sat Feb 19 17:09:11 2022 Rizuz (Purple) [Rifle] DonShader (Yellow)
Sat Feb 19 17:09:17 2022 Harry (Purple) [Headshot] dandans (Yellow)
Sat Feb 19 17:09:19 2022 Deemoo (Yellow) [Team Change]
Sat Feb 19 17:09:20 2022 Dirty Feeling (Purple) [Headshot] wasd (Yellow)
Sat Feb 19 17:09:24 2022 Deemoo joined Purple team
Sat Feb 19 17:09:32 2022 Arthur (Yellow) [Headshot] MuMu (Purple)
Sat Feb 19 17:09:41 2022 DonShader (Yellow) [Fall]
Sat Feb 19 17:09:42 2022 adw (Yellow) [Headshot] Harry (Purple)
Sat Feb 19 17:09:46 2022 catroidvania (Purple) [Headshot] adw (Yellow)
Sat Feb 19 17:09:47 2022 Mnich picked up Yellow's Intel.
Sat Feb 19 17:09:48 2022 Disconnecting
