Sat Feb 19 16:51:02 2022 ------ World Loaded ------
Sat Feb 19 16:51:03 2022 kpand (Yellow) [SMG] air force one (Blue)
Sat Feb 19 16:51:03 2022 Welcome to ClassicSpades
Sat Feb 19 16:51:03 2022 Map: random #2039055529 by Triplefox
Sat Feb 19 16:51:04 2022 kpand (Yellow) [Headshot] FL | sByte (Blue)
Sat Feb 19 16:51:05 2022 Game mode: ctf
Sat Feb 19 16:51:07 2022 You have 10 medkit!
Sat Feb 19 16:51:07 2022 Server powered by dgd.cx
Sat Feb 19 16:51:08 2022 air force one (Blue) [Headshot] kpand (Yellow)
Sat Feb 19 16:51:09 2022 Join our discord server : https://discord.gg/RnJfyWe5Ua
Sat Feb 19 16:51:16 2022  Type /help for info & commands
Sat Feb 19 16:51:30 2022 Player tuton has left
Sat Feb 19 16:51:33 2022 [Global] FL | sByte (Blue): tk
Sat Feb 19 16:51:35 2022 [Global] FL | sByte (Blue): im back
Sat Feb 19 16:51:37 2022 [Global] [PL]Wololo (Blue): ok
Sat Feb 19 16:51:40 2022 Harry (Yellow) [Headshot] FL | sByte (Blue)
Sat Feb 19 16:52:20 2022 Harry (Yellow) [Headshot] FL | sByte (Blue)
Sat Feb 19 16:52:24 2022 billsladdy joined Yellow team
Sat Feb 19 16:52:26 2022 kpand (Yellow) [Headshot] FL | sByte (Blue)
Sat Feb 19 16:52:44 2022 Harry (Yellow) [Headshot] FL | sByte (Blue)
Sat Feb 19 16:52:49 2022 You have been healed
Sat Feb 19 16:52:54 2022 [Global] FL | sByte (Blue): wtf was that admin ?
Sat Feb 19 16:52:57 2022 openspadespro joined Blue team
Sat Feb 19 16:53:01 2022 air force one (Blue) [Fall]
Sat Feb 19 16:53:06 2022 FL | sByte (Blue) [Grenade] Harry (Yellow)
Sat Feb 19 16:53:08 2022 You have 10 medkit!
Sat Feb 19 16:53:11 2022 openspadespro (Blue) [Headshot] kpand (Yellow)
Sat Feb 19 16:53:13 2022 [Global] [PL]Wololo (Blue): wdym?
Sat Feb 19 16:53:15 2022 kpand (Yellow) [Headshot] [PL]Wololo (Blue)
Sat Feb 19 16:53:16 2022 [Global] FL | sByte (Blue): idk
Sat Feb 19 16:53:19 2022 billsladdy (Yellow) [Headshot] FL | sByte (Blue)
Sat Feb 19 16:53:44 2022 openspadespro (Blue) [Headshot] Harry (Yellow)
Sat Feb 19 16:53:44 2022 You have 10 medkit!
Sat Feb 19 16:53:52 2022 [PL]Wololo (Blue) [Headshot] billsladdy (Yellow)
Sat Feb 19 16:54:00 2022 Player air force one has left
Sat Feb 19 16:54:15 2022 kpand (Yellow) [SMG] FL | sByte (Blue)
Sat Feb 19 16:54:17 2022 billsladdy (Yellow) [Headshot] [PL]Wololo (Blue)
Sat Feb 19 16:54:33 2022 kpand (Yellow) [Headshot] FL | sByte (Blue)
Sat Feb 19 16:54:33 2022 openspadespro (Blue) [Headshot] billsladdy (Yellow)
Sat Feb 19 16:54:39 2022 FL | sByte (Blue) [Headshot] kpand (Yellow)
Sat Feb 19 16:54:39 2022 Harry (Yellow) [Headshot] [PL]Wololo (Blue)
Sat Feb 19 16:54:40 2022 billsladdy (Yellow) [Rifle] openspadespro (Blue)
Sat Feb 19 16:54:42 2022 billsladdy picked up Blue's Intel.
Sat Feb 19 16:54:42 2022 Harry (Yellow) [Headshot] FL | sByte (Blue)
Sat Feb 19 16:54:43 2022 billsladdy captured Blue's Intel.
Sat Feb 19 16:54:47 2022 [Global] FL | sByte (Blue): hmmm i have an idea
Sat Feb 19 16:54:49 2022 [Global] [PL]Wololo (Blue): yeah
Sat Feb 19 16:54:52 2022 Harry (Yellow) [Headshot] [PL]Wololo (Blue)
Sat Feb 19 16:54:56 2022 Harry (Yellow) [Headshot] openspadespro (Blue)
Sat Feb 19 16:55:03 2022 Harry (Yellow) [Headshot] FL | sByte (Blue)
Sat Feb 19 16:55:08 2022 [Global] FL | sByte (Blue): you have /tp?
Sat Feb 19 16:55:11 2022 [Global] [PL]Wololo (Blue): yeah
Sat Feb 19 16:55:12 2022 openspadespro (Blue) [Headshot] Harry (Yellow)
Sat Feb 19 16:55:12 2022 You have 10 medkit!
Sat Feb 19 16:55:12 2022 kpand (Yellow) [Headshot] [PL]Wololo (Blue)
Sat Feb 19 16:55:21 2022 [Global] FL | sByte (Blue): wait
Sat Feb 19 16:55:27 2022 kpand (Yellow) [Headshot] [PL]Wololo (Blue)
Sat Feb 19 16:55:31 2022 [Global] FL | sByte (Blue): you can do /move 394 20 30?
Sat Feb 19 16:55:37 2022  [PL]Wololo teleported to location 394 20 30
Sat Feb 19 16:55:40 2022 [PL]Wololo (Blue) [Fall]
Sat Feb 19 16:55:41 2022 [Global] FL | sByte (Blue): ok
Sat Feb 19 16:55:42 2022 billsladdy (Yellow) [Headshot] openspadespro (Blue)
Sat Feb 19 16:55:46 2022 Harry (Yellow) [Headshot] FL | sByte (Blue)
Sat Feb 19 16:55:47 2022 [Global] FL | sByte (Blue): you can do: /move sbyte 394 20 30?
Sat Feb 19 16:55:48 2022 kpand (Yellow) [SMG] [PL]Wololo (Blue)
Sat Feb 19 16:55:54 2022 openspadespro (Blue) [Headshot] kpand (Yellow)
Sat Feb 19 16:55:54 2022 Harry (Yellow) [Headshot] FL | sByte (Blue)
Sat Feb 19 16:56:01 2022 Harry (Yellow) [Headshot] [PL]Wololo (Blue)
Sat Feb 19 16:56:04 2022 openspadespro (Blue) [Headshot] billsladdy (Yellow)
Sat Feb 19 16:56:14 2022 [Global] [PL]Wololo (Blue): cant
Sat Feb 19 16:56:16 2022  You are playing ctf on ClassicSpades
Sat Feb 19 16:56:19 2022 FL | sByte (Blue) [Headshot] Harry (Yellow)
Sat Feb 19 16:56:20 2022 You have 10 medkit!
Sat Feb 19 16:56:31 2022 [Global] FL | sByte (Blue): ok
Sat Feb 19 16:56:32 2022 kpand (Yellow) [Headshot] [PL]Wololo (Blue)
Sat Feb 19 16:56:35 2022 billsladdy (Yellow) [Headshot] FL | sByte (Blue)
Sat Feb 19 16:56:38 2022 [Global] FL | sByte (Blue): you can do: /move 560 560 30?
Sat Feb 19 16:56:46 2022 kpand (Yellow) [SMG] FL | sByte (Blue)
Sat Feb 19 16:56:51 2022 kpand (Yellow) [Headshot] [PL]Wololo (Blue)
Sat Feb 19 16:56:51 2022  [PL]Wololo teleported to location 511 511 30
Sat Feb 19 16:56:53 2022 FL | sByte (Blue) [Headshot] kpand (Yellow)
Sat Feb 19 16:56:54 2022 billsladdy (Yellow) [Headshot] [PL]Wololo (Blue)
Sat Feb 19 16:57:01 2022 [Global] [PL]Wololo (Blue): move 560 560 30
Sat Feb 19 16:57:02 2022 billsladdy (Yellow) [Headshot] [PL]Wololo (Blue)
Sat Feb 19 16:57:02 2022 openspadespro (Blue) [Headshot] billsladdy (Yellow)
Sat Feb 19 16:57:05 2022 Harry (Yellow) [Headshot] FL | sByte (Blue)
Sat Feb 19 16:57:08 2022  [PL]Wololo teleported to location 511 511 30
Sat Feb 19 16:57:25 2022 kpand (Yellow) [SMG] FL | sByte (Blue)
Sat Feb 19 16:57:45 2022 FL | sByte (Blue) [Rifle] kpand (Yellow)
Sat Feb 19 16:57:54 2022 Harry (Yellow) [Headshot] FL | sByte (Blue)
Sat Feb 19 16:57:57 2022 [Global] FL | sByte (Blue): hmmm
Sat Feb 19 16:58:00 2022 [Global] FL | sByte (Blue): so idk
Sat Feb 19 16:58:02 2022 kpand (Yellow) [SMG] openspadespro (Blue)
Sat Feb 19 16:58:03 2022 [Global] [PL]Wololo (Blue): smae
Sat Feb 19 16:58:05 2022 [Global] [PL]Wololo (Blue): same*
Sat Feb 19 16:58:14 2022 FL | sByte (Blue) [Headshot] Harry (Yellow)
Sat Feb 19 16:58:16 2022 You have 10 medkit!
Sat Feb 19 16:58:17 2022 kpand (Yellow) [SMG] FL | sByte (Blue)
Sat Feb 19 16:58:18 2022 openspadespro (Blue) [Headshot] kpand (Yellow)
Sat Feb 19 16:58:19 2022 billsladdy picked up Blue's Intel.
Sat Feb 19 16:58:22 2022 [Global] FL | sByte (Blue): i was thinking about a bug ppl used to crash servers
Sat Feb 19 16:58:27 2022 Harry (Yellow) [Headshot] [PL]Wololo (Blue)
Sat Feb 19 16:58:31 2022 [Global] FL | sByte (Blue): but without hacked client i cant reproduce
Sat Feb 19 16:58:51 2022 billsladdy (Yellow) [Rifle] FL | sByte (Blue)
Sat Feb 19 16:58:53 2022 kpand (Yellow) [SMG] [PL]Wololo (Blue)
Sat Feb 19 16:58:57 2022 Harry (Yellow) [Headshot] openspadespro (Blue)
Sat Feb 19 16:58:58 2022 miguelgamer joined Blue team
Sat Feb 19 16:59:00 2022 [Global] miguelgamer (Blue): hola
Sat Feb 19 16:59:04 2022 [Global] FL | sByte (Blue): you know if this is the github version or the pip version of piqueserver?
Sat Feb 19 16:59:05 2022 kpand (Yellow) [Headshot] [PL]Wololo (Blue)
Sat Feb 19 16:59:05 2022 openspadespro (Blue) [Team Change]
Sat Feb 19 16:59:08 2022 openspadespro joined Yellow team
Sat Feb 19 16:59:08 2022 kpand (Yellow) [SMG] miguelgamer (Blue)
Sat Feb 19 16:59:12 2022 Deuce joined Blue team
Sat Feb 19 16:59:17 2022 kpand (Yellow) [Headshot] [PL]Wololo (Blue)
Sat Feb 19 16:59:22 2022 Player Deuce has left
Sat Feb 19 16:59:24 2022 [Global] [PL]Wololo (Blue): sadly nope, Rakete make alost everything
Sat Feb 19 16:59:28 2022 [PL]Wololo (Blue) [Headshot] kpand (Yellow)
Sat Feb 19 16:59:31 2022 [Global] FL | sByte (Blue): oof
Sat Feb 19 16:59:32 2022 Player miguelgamer has left
Sat Feb 19 16:59:36 2022 [Global] FL | sByte (Blue): big shit to know
Sat Feb 19 16:59:36 2022 [Global] [PL]Wololo (Blue): i just change settings and namew
Sat Feb 19 16:59:43 2022 w4r joined Spectator team
Sat Feb 19 16:59:44 2022 [Global] [PL]Wololo (Blue): i need to ask him
Sat Feb 19 16:59:48 2022 billsladdy captured Blue's Intel.
Sat Feb 19 16:59:49 2022 [Global] FL | sByte (Blue): ye
Sat Feb 19 16:59:57 2022 PauloToide joined Blue team
Sat Feb 19 16:59:57 2022 openspadespro (Yellow) [Headshot] [PL]Wololo (Blue)
Sat Feb 19 16:59:57 2022 Player w4r has left
Sat Feb 19 17:00:05 2022 openspadespro (Yellow) [Headshot] [PL]Wololo (Blue)
Sat Feb 19 17:00:05 2022 PICA joined Blue team
Sat Feb 19 17:00:09 2022 PICA (Blue) [SMG] openspadespro (Yellow)
Sat Feb 19 17:00:17 2022 PauloToide (Blue) [Headshot] Harry (Yellow)
Sat Feb 19 17:00:20 2022 You have 10 medkit!
Sat Feb 19 17:00:26 2022 poopoo joined Yellow team
Sat Feb 19 17:00:46 2022 PauloToide (Blue) [Headshot] openspadespro (Yellow)
Sat Feb 19 17:00:47 2022 Player poopoo has left
Sat Feb 19 17:00:51 2022 Harry (Yellow) [Headshot] PauloToide (Blue)
Sat Feb 19 17:00:57 2022 billsladdy (Yellow) [Headshot] PICA (Blue)
Sat Feb 19 17:00:58 2022 [Global] PICA (Blue): er
Sat Feb 19 17:00:59 2022 Harry (Yellow) [Headshot] FL | sByte (Blue)
Sat Feb 19 17:01:02 2022 Player PICA has left
Sat Feb 19 17:01:04 2022 [PL]Wololo (Blue) [Shotgun] Harry (Yellow)
Sat Feb 19 17:01:04 2022 You have 10 medkit!
Sat Feb 19 17:01:13 2022 kpand (Yellow) [SMG] FL | sByte (Blue)
Sat Feb 19 17:01:16 2022  You are playing ctf on ClassicSpades
Sat Feb 19 17:01:27 2022 kpand (Yellow) [Headshot] FL | sByte (Blue)
Sat Feb 19 17:01:27 2022 Harry (Yellow) [Headshot] PauloToide (Blue)
Sat Feb 19 17:01:33 2022 FL | sByte (Blue) [Headshot] kpand (Yellow)
Sat Feb 19 17:01:33 2022 Player PauloToide has left
Sat Feb 19 17:01:35 2022 billsladdy picked up Blue's Intel.
Sat Feb 19 17:01:49 2022 [Global] FL | sByte (Blue): lemme try one thing
Sat Feb 19 17:01:53 2022 [Global] [PL]Wololo (Blue): ok
Sat Feb 19 17:02:13 2022 Harry (Yellow) [Team Change]
Sat Feb 19 17:02:16 2022 You have 10 medkit!
Sat Feb 19 17:02:24 2022 Harry (Blue) [Headshot] kpand (Yellow)
Sat Feb 19 17:02:26 2022 billsladdy (Yellow) [Headshot] [PL]Wololo (Blue)
Sat Feb 19 17:02:34 2022 [Global] [PL]Wololo (Blue): i got to go
Sat Feb 19 17:02:38 2022 billsladdy captured Blue's Intel.
Sat Feb 19 17:02:38 2022 Yellow Wins!
Sat Feb 19 17:02:38 2022 You have 10 medkit!
Sat Feb 19 17:02:38 2022  Game finished! Next map: classicgen.
Sat Feb 19 17:02:38 2022 Player kpand has left
Sat Feb 19 17:02:41 2022 [Global] [PL]Wololo (Blue): im gonna close server
Sat Feb 19 17:02:49 2022 Disconnecting
