Sat May 21 20:28:01 2022 ------ World Loaded ------
Sat May 21 20:28:01 2022 amongus (Red) [Rifle] Pte  Derp (Blue)
Sat May 21 20:28:01 2022 Creme (Red) [Headshot] JackD (Blue)
Sat May 21 20:28:01 2022 Welcome to aloha.pk tower of babel
Sat May 21 20:28:01 2022 ghoguan sneed (Red) [Headshot] Pte  Derp (Blue)
Sat May 21 20:28:02 2022 Map: Drift Ice 2 by IAmYourFriend
Sat May 21 20:28:02 2022 Player JackD has left
Sat May 21 20:28:02 2022 Player MarvinTheRed has left
Sat May 21 20:28:04 2022 Game mode: Tower of Babel by Yourself, modified by izzy
Sat May 21 20:28:04 2022 amongus (Red) [Headshot] Harry (Blue)
Sat May 21 20:28:06 2022 Build a tower to get the enemy's intel. Take it to your team's tent to win!
Sat May 21 20:28:08 2022 Visit our community forums at https://aloha.pk/
Sat May 21 20:28:10 2022 Come chat with us at https://discord.aloha.pk/
Sat May 21 20:28:12 2022 amongus (Red) [Headshot] Pte  Derp (Blue)
Sat May 21 20:28:14 2022 Harry (Blue) [Headshot] ghoguan sneed (Red)
Sat May 21 20:28:14 2022 Honda403620 (Red) [Headshot] Harry (Blue)
Sat May 21 20:28:21 2022  Come chat with us at https://discord.aloha.pk/
Sat May 21 20:28:24 2022 amongus (Red) [Headshot] Harry (Blue)
Sat May 21 20:28:24 2022 Creme (Red) [Headshot] Pte  Derp (Blue)
Sat May 21 20:28:38 2022 Creme (Red) [Headshot] Pte  Derp (Blue)
Sat May 21 20:28:39 2022 Creme (Red) [Headshot] Harry (Blue)
Sat May 21 20:28:41 2022 Honda403620 (Red) [Team Change]
Sat May 21 20:28:45 2022 [Global] Honda403620 (Red): balancing
Sat May 21 20:28:47 2022 Honda403620 joined Blue team
Sat May 21 20:28:48 2022 Creme (Red) [Headshot] Honda403620 (Blue)
Sat May 21 20:28:49 2022 amongus (Red) [Headshot] Pte  Derp (Blue)
Sat May 21 20:28:50 2022 amongus (Red) [Headshot] Harry (Blue)
Sat May 21 20:28:51 2022  If you believe a player is breaking the rules, please let us know with /ADMIN
Sat May 21 20:29:01 2022 Creme (Red) [Headshot] Harry (Blue)
Sat May 21 20:29:03 2022 Creme (Red) [Headshot] Pte  Derp (Blue)
Sat May 21 20:29:04 2022 amongus (Red) [Headshot] Honda403620 (Blue)
Sat May 21 20:29:04 2022 [Global] Pte  Derp (Blue):   u   guys  fucked  this game  up
Sat May 21 20:29:13 2022 Creme (Red) [Headshot] Pte  Derp (Blue)
Sat May 21 20:29:17 2022 amongus (Red) [Rifle] Honda403620 (Blue)
Sat May 21 20:29:21 2022  Mahalo for playing aloha.pk tower of babel
Sat May 21 20:29:22 2022 [Global] Honda403620 (Blue): spawnkill
Sat May 21 20:29:26 2022 Creme (Red) [Headshot] Pte  Derp (Blue)
Sat May 21 20:29:28 2022 Creme (Red) [Headshot] Harry (Blue)
Sat May 21 20:29:28 2022 ghoguan sneed (Red) [SMG] Honda403620 (Blue)
Sat May 21 20:29:32 2022 [Global] Pte  Derp (Blue): fuk  u all
Sat May 21 20:29:34 2022 [Global] Creme (Red): this is your tower
Sat May 21 20:29:34 2022 Player Pte  Derp has left
Sat May 21 20:29:37 2022 amongus (Red) [Headshot] Harry (Blue)
Sat May 21 20:29:37 2022 Honda403620 (Blue) [SMG] ghoguan sneed (Red)
Sat May 21 20:29:41 2022 amongus (Red) [Headshot] Honda403620 (Blue)
Sat May 21 20:29:48 2022 amongus (Red) [Headshot] Harry (Blue)
Sat May 21 20:29:49 2022 amongus (Red) [Headshot] Honda403620 (Blue)
Sat May 21 20:29:51 2022  Build a tower to get the enemy's intel. Take it to your team's tent to win!
Sat May 21 20:30:00 2022 amongus (Red) [Headshot] Honda403620 (Blue)
Sat May 21 20:30:01 2022 Creme (Red) [Headshot] Harry (Blue)
Sat May 21 20:30:05 2022 [Global] Honda403620 (Blue): aimbot
Sat May 21 20:30:13 2022 Creme (Red) [Rifle] Harry (Blue)
Sat May 21 20:30:16 2022 amongus (Red) [Headshot] Honda403620 (Blue)
Sat May 21 20:30:20 2022 [Global] Creme (Red): who
Sat May 21 20:30:21 2022  Type /HELP for info & commands
Sat May 21 20:30:24 2022 amongus (Red) [Headshot] Honda403620 (Blue)
Sat May 21 20:30:25 2022 [Global] Honda403620 (Blue): amongus
Sat May 21 20:30:26 2022 amongus (Red) [Headshot] Harry (Blue)
Sat May 21 20:30:36 2022 Creme (Red) [Headshot] Harry (Blue)
Sat May 21 20:30:36 2022 Honda403620 (Blue) [Headshot] amongus (Red)
Sat May 21 20:30:39 2022 Creme (Red) [Headshot] Honda403620 (Blue)
Sat May 21 20:30:48 2022 Creme (Red) [Headshot] Harry (Blue)
Sat May 21 20:30:49 2022 ghoguan sneed (Red) [SMG] Honda403620 (Blue)
Sat May 21 20:30:51 2022  Visit our community forums at https://aloha.pk/
Sat May 21 20:31:01 2022 Creme (Red) [Headshot] Honda403620 (Blue)
Sat May 21 20:31:03 2022 Harry (Blue) [Headshot] ghoguan sneed (Red)
Sat May 21 20:31:11 2022 Creme (Red) [Headshot] Harry (Blue)
Sat May 21 20:31:13 2022 Honda403620 (Blue) [Headshot] Creme (Red)
Sat May 21 20:31:21 2022  Come chat with us at https://discord.aloha.pk/
Sat May 21 20:31:22 2022 amongus (Red) [Headshot] Honda403620 (Blue)
Sat May 21 20:31:25 2022 amongus (Red) [Headshot] Honda403620 (Blue)
Sat May 21 20:31:29 2022 amongus (Red) [Headshot] Harry (Blue)
Sat May 21 20:31:39 2022 Honda403620 (Blue) [Headshot] amongus (Red)
Sat May 21 20:31:51 2022  If you believe a player is breaking the rules, please let us know with /ADMIN
Sat May 21 20:31:59 2022 ghoguan sneed (Red) [SMG] Harry (Blue)
Sat May 21 20:32:00 2022 Honda403620 (Blue) [SMG] ghoguan sneed (Red)
Sat May 21 20:32:07 2022 Honda403620 (Blue) [Fall]
Sat May 21 20:32:21 2022 Honda403620 (Blue) [SMG] Creme (Red)
Sat May 21 20:32:21 2022  Mahalo for playing aloha.pk tower of babel
Sat May 21 20:32:23 2022 Player Creme has left
Sat May 21 20:32:39 2022 amongus (Red) [Headshot] Honda403620 (Blue)
Sat May 21 20:32:46 2022 [Global] Honda403620 (Blue): negro
Sat May 21 20:32:48 2022 amongus (Red) [Headshot] Harry (Blue)
Sat May 21 20:32:51 2022  Build a tower to get the enemy's intel. Take it to your team's tent to win!
Sat May 21 20:33:05 2022 Honda403620 (Blue) [Headshot] amongus (Red)
Sat May 21 20:33:21 2022  Type /HELP for info & commands
Sat May 21 20:33:24 2022 Harry (Blue) [Headshot] ghoguan sneed (Red)
Sat May 21 20:33:26 2022 Honda403620 (Blue) [Headshot] amongus (Red)
Sat May 21 20:33:38 2022 amongus (Red) [Headshot] Honda403620 (Blue)
Sat May 21 20:33:38 2022 amongus (Red) [Headshot] Harry (Blue)
Sat May 21 20:33:51 2022  Visit our community forums at https://aloha.pk/
Sat May 21 20:34:11 2022 ghoguan sneed (Red) [SMG] Honda403620 (Blue)
Sat May 21 20:34:21 2022  Come chat with us at https://discord.aloha.pk/
Sat May 21 20:34:27 2022 amongus (Red) [Headshot] Honda403620 (Blue)
Sat May 21 20:34:35 2022 amongus (Red) [SMG] Harry (Blue)
Sat May 21 20:34:35 2022 Player Honda403620 has left
Sat May 21 20:34:51 2022  If you believe a player is breaking the rules, please let us know with /ADMIN
Sat May 21 20:34:54 2022 amongus (Red) [Headshot] Harry (Blue)
Sat May 21 20:35:12 2022 Harry (Blue) [Headshot] amongus (Red)
Sat May 21 20:35:21 2022  Mahalo for playing aloha.pk tower of babel
Sat May 21 20:35:32 2022 amongus (Red) [Headshot] Harry (Blue)
Sat May 21 20:35:33 2022 monkey nut joined Blue team
Sat May 21 20:35:41 2022 Harry (Blue) [Headshot] ghoguan sneed (Red)
Sat May 21 20:35:51 2022  Build a tower to get the enemy's intel. Take it to your team's tent to win!
Sat May 21 20:36:02 2022 amongus (Red) [Headshot] monkey nut (Blue)
Sat May 21 20:36:12 2022 amongus (Red) [SMG] Harry (Blue)
Sat May 21 20:36:16 2022 amongus (Red) [Headshot] monkey nut (Blue)
Sat May 21 20:36:21 2022  Type /HELP for info & commands
Sat May 21 20:36:38 2022 amongus (Red) [SMG] monkey nut (Blue)
Sat May 21 20:36:51 2022  Visit our community forums at https://aloha.pk/
Sat May 21 20:36:52 2022 amongus (Red) [Headshot] monkey nut (Blue)
Sat May 21 20:36:59 2022 Disconnecting
