Sat May 21 20:38:30 2022 ------ World Loaded ------
Sat May 21 20:38:30 2022 [Global] Astral - Sun (Red): que rq gordo de mierd
Sat May 21 20:38:30 2022 Welcome to [24/7] Astral Arena
Sat May 21 20:38:30 2022 3
Sat May 21 20:38:31 2022 2
Sat May 21 20:38:31 2022 [Global] :v (Red): hola
Sat May 21 20:38:32 2022 Maki () [Fall]
Sat May 21 20:38:32 2022 Map: avseafort by AVuKY
Sat May 21 20:38:32 2022 1
Sat May 21 20:38:32 2022 [Global] TITAN Nuceto (Blue): rq
Sat May 21 20:38:33 2022 Go!
Sat May 21 20:38:33 2022 There is a time limit of 3.00 minutes for this round.
Sat May 21 20:38:34 2022 Game mode: arena
Sat May 21 20:38:36 2022 Server powered by piqueserver and buildandshoot.com
Sat May 21 20:38:37 2022 7 players on Red and 8 players on Blue remain.
Sat May 21 20:38:37 2022 RRRugal (Blue) [Headshot] !Impact! Netto (Red)
Sat May 21 20:38:38 2022 7 players on Red and 7 players on Blue remain.
Sat May 21 20:38:38 2022 Astral - Sun (Red) [Headshot] TITAN Nuceto (Blue)
Sat May 21 20:38:38 2022 Discord: https://discord.gg/ceqBDP3HHf
Sat May 21 20:38:40 2022 Enjoy the game!
Sat May 21 20:38:40 2022 7 players on Red and 6 players on Blue remain.
Sat May 21 20:38:40 2022 DemberDoritos (Red) [Headshot] tambien aqui? (Blue)
Sat May 21 20:38:41 2022 7 players on Red and 5 players on Blue remain.
Sat May 21 20:38:41 2022 :v (Red) [Headshot] Slacker (Blue)
Sat May 21 20:38:41 2022 7 players on Red and 4 players on Blue remain.
Sat May 21 20:38:41 2022 Potato (Red) [Headshot] astral atheris (Blue)
Sat May 21 20:38:42 2022 6 players on Red and 4 players on Blue remain.
Sat May 21 20:38:42 2022 RRRugal (Blue) [SMG] DemberDoritos (Red)
Sat May 21 20:38:43 2022 [Global] tambien aqui? (Blue): pero herano
Sat May 21 20:38:44 2022 5 players on Red and 4 players on Blue remain.
Sat May 21 20:38:44 2022 I am ez (Blue) [Headshot] Astral - Sun (Red)
Sat May 21 20:38:46 2022 [Global] TITAN Nuceto (Blue): re spamero el gordito tilteado
Sat May 21 20:38:46 2022 4 players on Red and 4 players on Blue remain.
Sat May 21 20:38:46 2022 RRRugal (Blue) [Headshot] TITAN - MoDeR (Red)
Sat May 21 20:38:47 2022 [Global] Astral - Sun (Red): y este
Sat May 21 20:38:49 2022 4 players on Red and 3 players on Blue remain.
Sat May 21 20:38:49 2022 :v (Red) [Headshot] RRRugal (Blue)
Sat May 21 20:38:50 2022 [Global] DemberDoritos (Red): esto es insano dios
Sat May 21 20:38:51 2022 [Global] RRRugal (Blue): QUE
Sat May 21 20:38:51 2022 4 players on Red and 2 players on Blue remain.
Sat May 21 20:38:51 2022 Potato (Red) [SMG] I am ez (Blue)
Sat May 21 20:38:52 2022 [Global] RRRugal (Blue): DE DNOE
Sat May 21 20:38:54 2022 [Global] RRRugal (Blue): HDP
Sat May 21 20:38:55 2022 [Global] Astral - Sun (Red): chupala gordoceto
Sat May 21 20:38:57 2022 Yyyy joined Blue team
Sat May 21 20:38:57 2022 4 players on Red and 2 players on Blue remain.
Sat May 21 20:38:57 2022 Yyyy (Blue) [Rifle]
Sat May 21 20:38:57 2022 4 players on Red and 1 player on Blue remain.
Sat May 21 20:38:57 2022 Harry (Blue) [Rifle]
Sat May 21 20:38:58 2022 :v picked up Blue's Intel.
Sat May 21 20:38:58 2022 :v captured Blue's Intel.
Sat May 21 20:38:58 2022 Red team wins the round!
Sat May 21 20:38:58 2022 The round will begin in 15 seconds.
Sat May 21 20:38:58 2022 :v (Red) [Rifle] Feris NyanNyan (Blue)
Sat May 21 20:38:59 2022 [Global] mikele xd (Red): xd
Sat May 21 20:39:02 2022 [Global] RRRugal (Blue): FERRY DE MIERDA
Sat May 21 20:39:04 2022 [Global] RRRugal (Blue): FERIS
Sat May 21 20:39:04 2022 [Global] :v (Red): :VVVVVV
Sat May 21 20:39:05 2022 [Global] Slacker (Blue): anyone want dust2?
Sat May 21 20:39:06 2022 [Global] Feris NyanNyan (Blue): ?
Sat May 21 20:39:06 2022 TITAN Nuceto (Blue) [Weapon Change]
Sat May 21 20:39:06 2022 [Global] mikele xd (Red): te caiste al agua o ke
Sat May 21 20:39:07 2022 [Global] I am ez (Blue): salesmg kosak
Sat May 21 20:39:08 2022 I am ez (Blue) [Weapon Change]
Sat May 21 20:39:08 2022 5
Sat May 21 20:39:09 2022 4
Sat May 21 20:39:10 2022 3
Sat May 21 20:39:10 2022 Disconnecting
