Thu Feb 17 07:58:13 2022 ------ World Loaded ------
Thu Feb 17 07:58:13 2022 elvis (Good) [SMG] GDDR6 (Evil)
Thu Feb 17 07:58:13 2022 Welcome to popeyspades 99wins 1month
Thu Feb 17 07:58:13 2022 ┬¡ (Evil) [Headshot] elvis (Good)
Thu Feb 17 07:58:14 2022 Map: Hallway by izzy
Thu Feb 17 07:58:15 2022 elvis (Good) [Fall]
Thu Feb 17 07:58:15 2022 GDDR6 (Evil) [Fall]
Thu Feb 17 07:58:15 2022 You have 1 medkit!
Thu Feb 17 07:58:16 2022  You are playing ctf on popeyspades 99wins 1month
Thu Feb 17 07:58:16 2022 Game mode: ctf
Thu Feb 17 07:58:18 2022 Server powered by piqueserver and buildandshoot.com
Thu Feb 17 07:58:18 2022 AB (Good) [Headshot] ((2200)) (Evil)
Thu Feb 17 07:58:20 2022 Server info: https://popeyspad.es/
Thu Feb 17 07:58:22 2022 Discord: https://popeyspad.es/discord
Thu Feb 17 07:58:24 2022 ┬¡ (Evil) [Headshot] AB (Good)
Thu Feb 17 07:58:28 2022 Harry (Good) [Weapon Change]
Thu Feb 17 07:58:30 2022 You have 1 medkit!
Thu Feb 17 07:59:01 2022 Harry (Good) [Headshot] ((2200)) (Evil)
Thu Feb 17 07:59:03 2022 AB (Good) [SMG] GDDR6 (Evil)
Thu Feb 17 07:59:09 2022 AB (Good) [SMG] EE (Evil)
Thu Feb 17 07:59:13 2022 AB (Good) [SMG] ┬¡ (Evil)
Thu Feb 17 07:59:22 2022 ┬¡ (Evil) [Headshot] AB (Good)
Thu Feb 17 07:59:30 2022 ((2200)) (Evil) [Rifle] Harry (Good)
Thu Feb 17 07:59:35 2022 You have 1 medkit!
Thu Feb 17 07:59:55 2022 EE (Evil) [Rifle] Zubumaffu (Good)
Thu Feb 17 07:59:57 2022 B-31 [LV.14] joined Evil team
Thu Feb 17 08:00:00 2022 Zubumaffu (Good) [Team Change]
Thu Feb 17 08:00:03 2022 ┬¡ (Evil) [SMG] Harry (Good)
Thu Feb 17 08:00:06 2022 Zubumaffu joined Evil team
Thu Feb 17 08:00:06 2022 You have 1 medkit!
Thu Feb 17 08:00:06 2022 elvis (Good) [Headshot] ((2200)) (Evil)
Thu Feb 17 08:00:38 2022 ------ World Unloaded ------
Thu Feb 17 08:00:38 2022 Disconnected because of error:
Disconnected: Unknown Reason
at /home/harry/.cache/yay/openspades/src/openspades-0.1.3/Sources/Client/NetClient.cpp:498
void spades::client::NetClient::DoEvents(int) at NetClient.cpp:477
virtual void spades::client::Client::RunFrame(float) at Client.cpp:380
virtual void spades::gui::MainScreen::RunFrame(float) at MainScreen.cpp:232
void spades::gui::SDLRunner::Run(int, int) at SDLRunner.cpp:427
void spades::gui::Runner::Run() at Runner.cpp:70
void spades::gui::Runner::RunProtected() at Runner.cpp:42
int main(int, char**) at Main.cpp:312

Thu Feb 17 08:00:38 2022 Disconnecting
