Wed Oct  4 07:30:54 2023 ------ World Loaded ------
Wed Oct  4 07:30:55 2023 Welcome to FL | Zombie Survival
Wed Oct  4 07:30:55 2023 ZOMBIE (Green) [Headshot] Deuce (Blue)
Wed Oct  4 07:30:56 2023 Map: ZombieIsland by (unknown)
Wed Oct  4 07:30:58 2023 LeeHarveyOswald (Blue) [Rifle] ZOMBIE (Green)
Wed Oct  4 07:30:58 2023 Game mode: survive
Wed Oct  4 07:31:00 2023 Discord: https://discord.gg/BJkMA49UQt
Wed Oct  4 07:31:02 2023 Server powered by 30Gb of Hentai and https://nhentai.com
Wed Oct  4 07:31:08 2023 Green captured an Neutral Territory
Wed Oct  4 07:31:09 2023 Y.O.B.A. (Blue) [Headshot] ZOMBIE (Green)
Wed Oct  4 07:31:12 2023 ZOMBIE (Green) [Fall]
Wed Oct  4 07:31:12 2023 ZOMBIE joined Green team
Wed Oct  4 07:31:12 2023 KAPI____69 (Blue) [Fall]
Wed Oct  4 07:31:13 2023 LeeHarveyOswald (Blue) [Headshot] ZOMBIE (Green)
Wed Oct  4 07:31:15 2023 Y.O.B.A. (Blue) [Headshot] ZOMBIE (Green)
Wed Oct  4 07:31:16 2023 ZOMBIE joined Green team
Wed Oct  4 07:31:23 2023 Blue captured Green's Territory
Wed Oct  4 07:31:23 2023 ZOMBIE (Green) [Headshot] LeeHarveyOswald (Blue)
Wed Oct  4 07:31:25 2023 KAPI____69 (Blue) [Fall]
Wed Oct  4 07:31:26 2023 Player LeeHarveyOswald has left
Wed Oct  4 07:31:35 2023 Player test has left
Wed Oct  4 07:31:38 2023 Blue captured Green's Territory
Wed Oct  4 07:31:40 2023 You did damage to ZOMBIE (120/220 HP)
Wed Oct  4 07:31:41 2023 You did damage to ZOMBIE (71/220 HP)
Wed Oct  4 07:31:43 2023 Harry (Blue) [Headshot] ZOMBIE (Green)
Wed Oct  4 07:31:43 2023 You killed ZOMBIE!
Wed Oct  4 07:31:47 2023 ZOMBIE (Green) [Headshot] Deuce (Blue)
Wed Oct  4 07:31:48 2023 Deuce (Blue) [Grenade] ZOMBIE (Green)
Wed Oct  4 07:31:49 2023 Harry (Blue) [Fall]
Wed Oct  4 07:32:01 2023 Player Y.O.B.A. has left
Wed Oct  4 07:32:02 2023 Green captured an Neutral Territory
Wed Oct  4 07:32:15 2023 Blue captured an Neutral Territory
Wed Oct  4 07:32:20 2023 Player PCRouter has left
Wed Oct  4 07:32:20 2023 Player Deuce has left
Wed Oct  4 07:32:34 2023 Green captured Blue's Territory
Wed Oct  4 07:32:35 2023 [FL] Discord: https://discord.gg/BJkMA49UQt
Wed Oct  4 07:33:11 2023 KAPI____69 (Blue) [Fall]
Wed Oct  4 07:33:16 2023 You did damage to ZOMBIE (17/220 HP)
Wed Oct  4 07:33:17 2023 Harry (Blue) [Headshot] ZOMBIE (Green)
Wed Oct  4 07:33:17 2023 You killed ZOMBIE!
Wed Oct  4 07:33:19 2023 You did damage to ZOMBIE (120/220 HP)
Wed Oct  4 07:33:21 2023 You did damage to ZOMBIE (120/220 HP)
Wed Oct  4 07:33:21 2023 You did damage to ZOMBIE (20/220 HP)
Wed Oct  4 07:33:22 2023 Harry (Blue) [Headshot] ZOMBIE (Green)
Wed Oct  4 07:33:22 2023 You killed ZOMBIE!
Wed Oct  4 07:33:26 2023 You did damage to ZOMBIE (99/220 HP)
Wed Oct  4 07:33:27 2023 Harry (Blue) [Headshot] ZOMBIE (Green)
Wed Oct  4 07:33:27 2023 You killed ZOMBIE!
Wed Oct  4 07:33:28 2023 You did damage to ZOMBIE (20/220 HP)
Wed Oct  4 07:33:28 2023 Harry (Blue) [Headshot] ZOMBIE (Green)
Wed Oct  4 07:33:28 2023 You killed ZOMBIE!
Wed Oct  4 07:33:36 2023 You did damage to ZOMBIE (20/220 HP)
Wed Oct  4 07:33:37 2023 Harry (Blue) [Headshot] ZOMBIE (Green)
Wed Oct  4 07:33:37 2023 You killed ZOMBIE!
Wed Oct  4 07:33:41 2023 You did damage to ZOMBIE (120/220 HP)
Wed Oct  4 07:33:42 2023 Harry (Blue) [Rifle] ZOMBIE (Green)
Wed Oct  4 07:33:42 2023 You killed ZOMBIE!
Wed Oct  4 07:33:43 2023 Green captured Blue's Territory
Wed Oct  4 07:33:43 2023 You did damage to ZOMBIE (49/220 HP)
Wed Oct  4 07:33:44 2023 Harry (Blue) [Headshot] ZOMBIE (Green)
Wed Oct  4 07:33:44 2023 You killed ZOMBIE!
Wed Oct  4 07:33:44 2023 Harry (Blue) [Headshot] ZOMBIE (Green)
Wed Oct  4 07:33:44 2023 You killed ZOMBIE!
Wed Oct  4 07:33:44 2023 ZOMBIE (Green) [Headshot] Harry (Blue)
Wed Oct  4 07:34:17 2023 Green captured Blue's Territory
Wed Oct  4 07:34:21 2023 You did damage to ZOMBIE (87/220 HP)
Wed Oct  4 07:34:21 2023 You did damage to ZOMBIE (41/220 HP)
Wed Oct  4 07:34:22 2023 Harry (Blue) [Headshot] ZOMBIE (Green)
Wed Oct  4 07:34:22 2023 You killed ZOMBIE!
Wed Oct  4 07:34:23 2023 You did damage to ZOMBIE (187/220 HP)
Wed Oct  4 07:34:23 2023 You did damage to ZOMBIE (120/220 HP)
Wed Oct  4 07:34:24 2023 Harry (Blue) [Headshot] ZOMBIE (Green)
Wed Oct  4 07:34:24 2023 You killed ZOMBIE!
Wed Oct  4 07:34:24 2023 You did damage to ZOMBIE (120/220 HP)
Wed Oct  4 07:34:25 2023 You did damage to ZOMBIE (20/220 HP)
Wed Oct  4 07:34:25 2023 You did damage to ZOMBIE (20/220 HP)
Wed Oct  4 07:34:26 2023 KAPI____69 (Blue) [Fall]
Wed Oct  4 07:34:30 2023 Harry (Blue) [Headshot] ZOMBIE (Green)
Wed Oct  4 07:34:30 2023 You killed ZOMBIE!
Wed Oct  4 07:34:30 2023 You did damage to ZOMBIE (87/220 HP)
Wed Oct  4 07:34:31 2023 Harry (Blue) [Headshot] ZOMBIE (Green)
Wed Oct  4 07:34:31 2023 You killed ZOMBIE!
Wed Oct  4 07:34:31 2023 You did damage to ZOMBIE (120/220 HP)
Wed Oct  4 07:34:32 2023 You did damage to ZOMBIE (120/220 HP)
Wed Oct  4 07:34:32 2023 You did damage to ZOMBIE (20/220 HP)
Wed Oct  4 07:34:33 2023 You did damage to ZOMBIE (20/220 HP)
Wed Oct  4 07:34:34 2023 Harry (Blue) [Headshot] ZOMBIE (Green)
Wed Oct  4 07:34:34 2023 You killed ZOMBIE!
Wed Oct  4 07:34:35 2023 [FL] Hold Sneak+RMB as a zombie to teleport.
Wed Oct  4 07:34:35 2023 Harry (Blue) [Headshot] ZOMBIE (Green)
Wed Oct  4 07:34:35 2023 You killed ZOMBIE!
Wed Oct  4 07:34:40 2023 Harry (Blue) [Headshot] ZOMBIE (Green)
Wed Oct  4 07:34:40 2023 You killed ZOMBIE!
Wed Oct  4 07:34:40 2023 You did damage to ZOMBIE (120/220 HP)
Wed Oct  4 07:34:41 2023 You did damage to ZOMBIE (20/220 HP)
Wed Oct  4 07:34:44 2023 Green captured Blue's Territory
Wed Oct  4 07:34:44 2023 KAPI____69 (Blue) [Fall]
Wed Oct  4 07:34:45 2023 ZOMBIE (Green) [Headshot] Harry (Blue)
Wed Oct  4 07:34:59 2023 ZOMBIE (Green) [Headshot] KAPI____69 (Blue)
Wed Oct  4 07:35:10 2023 You did damage to ZOMBIE (120/220 HP)
Wed Oct  4 07:35:11 2023 You did damage to ZOMBIE (20/220 HP)
Wed Oct  4 07:35:11 2023 Harry (Blue) [Headshot] ZOMBIE (Green)
Wed Oct  4 07:35:11 2023 You killed ZOMBIE!
Wed Oct  4 07:35:13 2023 ZOMBIE (Green) [Headshot] KAPI____69 (Blue)
Wed Oct  4 07:35:18 2023 You did damage to ZOMBIE (120/220 HP)
Wed Oct  4 07:35:19 2023 Green captured an Neutral Territory
Wed Oct  4 07:35:19 2023 You did damage to ZOMBIE (187/220 HP)
Wed Oct  4 07:35:22 2023 You did damage to ZOMBIE (20/220 HP)
Wed Oct  4 07:35:24 2023 Harry (Blue) [Headshot] ZOMBIE (Green)
Wed Oct  4 07:35:24 2023 You killed ZOMBIE!
Wed Oct  4 07:35:25 2023 You did damage to ZOMBIE (87/220 HP)
Wed Oct  4 07:35:25 2023 Green captured Blue's Territory
Wed Oct  4 07:35:32 2023 Harry (Blue) [Headshot] ZOMBIE (Green)
Wed Oct  4 07:35:32 2023 You killed ZOMBIE!
Wed Oct  4 07:35:33 2023 Harry (Blue) [Rifle] ZOMBIE (Green)
Wed Oct  4 07:35:33 2023 You killed ZOMBIE!
Wed Oct  4 07:35:35 2023 You did damage to ZOMBIE (120/220 HP)
Wed Oct  4 07:35:35 2023 You did damage to ZOMBIE (120/220 HP)
Wed Oct  4 07:35:36 2023 You did damage to ZOMBIE (20/220 HP)
Wed Oct  4 07:35:36 2023 You did damage to ZOMBIE (87/220 HP)
Wed Oct  4 07:35:37 2023 Harry (Blue) [Headshot] ZOMBIE (Green)
Wed Oct  4 07:35:37 2023 You killed ZOMBIE!
Wed Oct  4 07:35:38 2023 Harry (Blue) [Headshot] ZOMBIE (Green)
Wed Oct  4 07:35:38 2023 You killed ZOMBIE!
Wed Oct  4 07:35:47 2023 You did damage to ZOMBIE (187/220 HP)
Wed Oct  4 07:35:48 2023 You did damage to ZOMBIE (87/220 HP)
Wed Oct  4 07:35:49 2023 Harry (Blue) [Headshot] ZOMBIE (Green)
Wed Oct  4 07:35:49 2023 You killed ZOMBIE!
Wed Oct  4 07:35:49 2023 You did damage to ZOMBIE (120/220 HP)
Wed Oct  4 07:35:50 2023 You did damage to ZOMBIE (87/220 HP)
Wed Oct  4 07:35:50 2023 Harry (Blue) [Headshot] ZOMBIE (Green)
Wed Oct  4 07:35:50 2023 You killed ZOMBIE!
Wed Oct  4 07:35:57 2023 You did damage to ZOMBIE (120/220 HP)
Wed Oct  4 07:35:58 2023 You did damage to ZOMBIE (20/220 HP)
Wed Oct  4 07:35:59 2023 Harry (Blue) [Headshot] ZOMBIE (Green)
Wed Oct  4 07:35:59 2023 You killed ZOMBIE!
Wed Oct  4 07:36:06 2023 You did damage to ZOMBIE (120/220 HP)
Wed Oct  4 07:36:07 2023 You did damage to ZOMBIE (20/220 HP)
Wed Oct  4 07:36:08 2023 ZOMBIE (Green) [Headshot] Harry (Blue)
Wed Oct  4 07:36:09 2023 ZOMBIE (Green) [Headshot] KAPI____69 (Blue)
Wed Oct  4 07:36:11 2023 Disconnecting
