Sun Aug 13 19:36:34 2023 ------ World Loaded ------
Sun Aug 13 19:36:34 2023 ExitsHarrmonica (Blue) [SMG] Fodanator (Red)
Sun Aug 13 19:36:34 2023 you (Red) [Headshot] Test (Blue)
Sun Aug 13 19:36:34 2023 R34prZ (Blue) [SMG] beer-me (Red)
Sun Aug 13 19:36:34 2023 ExitsHarrmonica (Blue) [Headshot] smock (Red)
Sun Aug 13 19:36:34 2023 [Global] Captain Manio (Blue): Richard identifies as "Richard"
Sun Aug 13 19:36:34 2023 Captain Manio (Blue) [Grenade] beer-me1 (Red)
Sun Aug 13 19:36:34 2023 you (Red) [Headshot] Captain Manio (Blue)
Sun Aug 13 19:36:34 2023 you (Red) [Headshot] R34prZ (Blue)
Sun Aug 13 19:36:34 2023 [Global] Richard Le Noir (Blue): i am richard
Sun Aug 13 19:36:34 2023 ExitsHarrmonica (Blue) [SMG] beer-me (Red)
Sun Aug 13 19:36:34 2023 ExitsHarrmonica (Blue) [Headshot] Fodanator (Red)
Sun Aug 13 19:36:34 2023 Welcome to aloha.pk tower of babel
Sun Aug 13 19:36:35 2023 Map: SkullFort by JoJoe Stinky CC 2013
Sun Aug 13 19:36:37 2023 Game mode: Tower of Babel by Yourself, modified by izzy
Sun Aug 13 19:36:40 2023 Build a tower to get the enemy's intel. Take it to your team's tent to win!
Sun Aug 13 19:36:41 2023 Nesirky (Blue) [Fall]
Sun Aug 13 19:36:41 2023 Harry (Red) [Headshot] Drewbski (Blue)
Sun Aug 13 19:36:41 2023 Visit our community forums at https://aloha.pk/
Sun Aug 13 19:36:43 2023 [Global] Fodanator (Red): red stair >>>>>>>> blue stair
Sun Aug 13 19:36:43 2023 Come chat with us at https://discord.aloha.pk/
Sun Aug 13 19:36:44 2023 [Global] Captain Manio (Blue): Richard's pronoun is "Richard"
Sun Aug 13 19:36:48 2023  Come chat with us at https://discord.aloha.pk/
Sun Aug 13 19:36:50 2023 Test (Blue) [Headshot] Harry (Red)
Sun Aug 13 19:36:50 2023 [Global] Richard Le Noir (Blue): red stair suck dick tho
Sun Aug 13 19:36:53 2023 [Global] Richard Le Noir (Blue): nobody was building
Sun Aug 13 19:36:54 2023 Captain Manio (Blue) [Headshot] smock (Red)
Sun Aug 13 19:36:55 2023 Test (Blue) [Headshot] Fodanator (Red)
Sun Aug 13 19:37:00 2023 Test (Blue) [Headshot] Anomymus519 (Red)
Sun Aug 13 19:37:01 2023 Pala Samurai joined Red team
Sun Aug 13 19:37:04 2023 Jake (Blue) [Headshot] Pala Samurai (Red)
Sun Aug 13 19:37:05 2023 [Global] Pala Samurai (Red): hola muchacho
Sun Aug 13 19:37:05 2023 novelpen (Blue) [Headshot] you (Red)
Sun Aug 13 19:37:06 2023 R34prZ (Blue) [Headshot] beer-me (Red)
Sun Aug 13 19:37:08 2023 Test (Blue) [Headshot] smock (Red)
Sun Aug 13 19:37:08 2023 Jake (Blue) [Headshot] beer-me1 (Red)
Sun Aug 13 19:37:13 2023 Captain Manio (Blue) [Grenade]
Sun Aug 13 19:37:18 2023  If you believe a player is breaking the rules, please let us know with /ADMIN
Sun Aug 13 19:37:20 2023 You must be closer to the enemy's base to shoot blocks!
Sun Aug 13 19:37:23 2023 you (Red) [Headshot] Test (Blue)
Sun Aug 13 19:37:26 2023 R34prZ (Blue) [SMG] beer-me (Red)
Sun Aug 13 19:37:29 2023 novelpen (Blue) [Headshot] Harry (Red)
Sun Aug 13 19:37:30 2023 you (Red) [SMG] novelpen (Blue)
Sun Aug 13 19:37:31 2023 Pala Samurai (Red) [SMG] Jake (Blue)
Sun Aug 13 19:37:32 2023 R34prZ (Blue) [SMG] Fodanator (Red)
Sun Aug 13 19:37:32 2023 smock (Red) [Shotgun] R34prZ (Blue)
Sun Aug 13 19:37:36 2023 Player Fodanator has left
Sun Aug 13 19:37:40 2023 Captain Manio (Blue) [SMG] smock (Red)
Sun Aug 13 19:37:44 2023 Player smock has left
Sun Aug 13 19:37:48 2023  Mahalo for playing aloha.pk tower of babel
Sun Aug 13 19:37:53 2023 [Global] Test (Blue): guy brags about his stairs then proceeds to leave the match
Sun Aug 13 19:37:55 2023 [Global] Captain Manio (Blue): Reds, surrender now
Sun Aug 13 19:37:55 2023 Harry (Red) [Headshot] Jake (Blue)
Sun Aug 13 19:38:02 2023 [Global] Captain Manio (Blue): Or Richard will eat all of your asses
Sun Aug 13 19:38:02 2023 Nesirky (Blue) [Headshot] beer-me1 (Red)
Sun Aug 13 19:38:07 2023 [Global] Richard Le Noir (Blue): B)
Sun Aug 13 19:38:07 2023 Test (Blue) [Headshot] Harry (Red)
Sun Aug 13 19:38:09 2023 smock joined Red team
Sun Aug 13 19:38:09 2023 Test (Blue) [Headshot] Anomymus519 (Red)
Sun Aug 13 19:38:11 2023 you (Red) [Headshot] novelpen (Blue)
Sun Aug 13 19:38:18 2023 Nesirky (Blue) [Headshot] beer-me1 (Red)
Sun Aug 13 19:38:18 2023  Build a tower to get the enemy's intel. Take it to your team's tent to win!
Sun Aug 13 19:38:18 2023 Captain Manio (Blue) [Headshot] smock (Red)
Sun Aug 13 19:38:19 2023 Player Pala Samurai has left
Sun Aug 13 19:38:19 2023 [Global] Richard Le Noir (Blue): if we lose i will do it anyways though
Sun Aug 13 19:38:24 2023 Captain Manio (Blue) [Headshot] Harry (Red)
Sun Aug 13 19:38:27 2023 you (Red) [SMG] R34prZ (Blue)
Sun Aug 13 19:38:28 2023 [Global] Anomymus519 (Red): ala 
Sun Aug 13 19:38:29 2023 Harry (Red) [Headshot] Captain Manio (Blue)
Sun Aug 13 19:38:31 2023 Test (Blue) [Headshot] smock (Red)
Sun Aug 13 19:38:33 2023 you (Red) [SMG] Drewbski (Blue)
Sun Aug 13 19:38:36 2023 Harry (Red) [Rifle] Test (Blue)
Sun Aug 13 19:38:48 2023  Type /HELP for info & commands
Sun Aug 13 19:38:50 2023 [Global] novelpen (Blue): your life is nothing you serve zero purpose you kill yourself now!
Sun Aug 13 19:38:52 2023 [Global] Captain Manio (Blue): Reds, hold a white block and we won't shoot you
Sun Aug 13 19:38:56 2023 Test (Blue) [Rifle] Anomymus519 (Red)
Sun Aug 13 19:38:58 2023 Jake (Blue) [Headshot] smock (Red)
Sun Aug 13 19:39:02 2023 Player smock has left
Sun Aug 13 19:39:11 2023 R34prZ (Blue) [Headshot] Harry (Red)
Sun Aug 13 19:39:11 2023 [Global] Nesirky (Blue): i am holding
Sun Aug 13 19:39:16 2023 [Global] Nesirky (Blue): at your base blues
Sun Aug 13 19:39:18 2023  Visit our community forums at https://aloha.pk/
Sun Aug 13 19:39:20 2023 Harry (Red) [Rifle] R34prZ (Blue)
Sun Aug 13 19:39:20 2023 Test (Blue) [Headshot] beer-me1 (Red)
Sun Aug 13 19:39:26 2023 smock joined Red team
Sun Aug 13 19:39:28 2023 Test (Blue) [Headshot] smock (Red)
Sun Aug 13 19:39:29 2023 Test (Blue) [Headshot] beer-me1 (Red)
Sun Aug 13 19:39:32 2023 Jake (Blue) [Headshot] Harry (Red)
Sun Aug 13 19:39:34 2023 novelpen (Blue) [Rifle] Anomymus519 (Red)
Sun Aug 13 19:39:35 2023 Test (Blue) [Headshot] you (Red)
Sun Aug 13 19:39:35 2023 [Global] Captain Manio (Blue): Reds, surrender now
Sun Aug 13 19:39:36 2023 Drewbski picked up Red's Intel.
Sun Aug 13 19:39:40 2023 Test (Blue) [Headshot] beer-me1 (Red)
Sun Aug 13 19:39:41 2023 you (Red) [Headshot] Test (Blue)
Sun Aug 13 19:39:42 2023 [Global] Captain Manio (Blue): Or we'll rape the women and eat the children
Sun Aug 13 19:39:48 2023 Harry (Red) [Melee] Nesirky (Blue)
Sun Aug 13 19:39:48 2023  Come chat with us at https://discord.aloha.pk/
Sun Aug 13 19:39:50 2023 Anomymus519 (Red) [Weapon Change]
Sun Aug 13 19:39:53 2023 Captain Manio (Blue) [SMG] beer-me1 (Red)
Sun Aug 13 19:39:53 2023 beer-me (Red) [SMG] R34prZ (Blue)
Sun Aug 13 19:39:54 2023 [Global] Richard Le Noir (Blue): dam wtf some viking shit
Sun Aug 13 19:39:55 2023 Jake (Blue) [Headshot] beer-me (Red)
Sun Aug 13 19:39:56 2023 [Global] R34prZ (Blue): hp?
Sun Aug 13 19:40:00 2023 Drewbski dropped Red's Intel
Sun Aug 13 19:40:00 2023  The intel has returned to the heavens
Sun Aug 13 19:40:00 2023 Drewbski (Blue) [Fall]
Sun Aug 13 19:40:01 2023 novelpen (Blue) [Rifle] smock (Red)
Sun Aug 13 19:40:01 2023 Captain Manio (Blue) [Headshot] Harry (Red)
Sun Aug 13 19:40:04 2023 Player smock has left
Sun Aug 13 19:40:06 2023 Captain Manio (Blue) [Headshot] Anomymus519 (Red)
Sun Aug 13 19:40:12 2023 Jake (Blue) [Headshot] Harry (Red)
Sun Aug 13 19:40:14 2023 Captain Manio (Blue) [SMG] you (Red)
Sun Aug 13 19:40:15 2023 Captain Manio (Blue) [Headshot] beer-me1 (Red)
Sun Aug 13 19:40:17 2023 you (Red) [Headshot] Captain Manio (Blue)
Sun Aug 13 19:40:18 2023  If you believe a player is breaking the rules, please let us know with /ADMIN
Sun Aug 13 19:40:22 2023 Harry (Red) [Headshot] Test (Blue)
Sun Aug 13 19:40:22 2023 Harry (Red) [Headshot] Jake (Blue)
Sun Aug 13 19:40:27 2023 novelpen (Blue) [Rifle] you (Red)
Sun Aug 13 19:40:27 2023 Richard Le Noir (Blue) [Fall]
Sun Aug 13 19:40:29 2023 ExitsHarrmonica (Blue) [SMG] beer-me (Red)
Sun Aug 13 19:40:30 2023 smock joined Red team
Sun Aug 13 19:40:35 2023 Jake (Blue) [Team Change]
Sun Aug 13 19:40:35 2023 novelpen (Blue) [Rifle] beer-me1 (Red)
Sun Aug 13 19:40:36 2023 [Global] Captain Manio (Blue): or if you don't surrender now
Sun Aug 13 19:40:37 2023 R34prZ (Blue) [Headshot] Anomymus519 (Red)
Sun Aug 13 19:40:38 2023 Jake joined Red team
Sun Aug 13 19:40:40 2023 [Global] Richard Le Noir (Blue): kurwa lag
Sun Aug 13 19:40:41 2023 Harry (Red) [Rifle] R34prZ (Blue)
Sun Aug 13 19:40:41 2023 you (Red) [Headshot] ExitsHarrmonica (Blue)
Sun Aug 13 19:40:44 2023 novelpen (Blue) [Rifle] Harry (Red)
Sun Aug 13 19:40:46 2023 [Global] Captain Manio (Blue): we'll rape the women, and force the women to eat the children
Sun Aug 13 19:40:48 2023  Mahalo for playing aloha.pk tower of babel
Sun Aug 13 19:40:53 2023 [Global] novelpen (Blue): what
Sun Aug 13 19:40:54 2023 Ewaldo joined Red team
Sun Aug 13 19:41:00 2023 Player Richard Le Noir has left
Sun Aug 13 19:41:02 2023 Test (Blue) [Headshot] Harry (Red)
Sun Aug 13 19:41:03 2023 Drewbski picked up Red's Intel.
Sun Aug 13 19:41:04 2023 [Global] Captain Manio (Blue): and force the men to watch the women eat the children
Sun Aug 13 19:41:05 2023 Harry (Red) [Headshot] novelpen (Blue)
Sun Aug 13 19:41:06 2023 Ewaldo (Red) [Rifle] Nesirky (Blue)
Sun Aug 13 19:41:08 2023 Yuriy joined Blue team
Sun Aug 13 19:41:16 2023 Player Nesirky has left
Sun Aug 13 19:41:18 2023  Build a tower to get the enemy's intel. Take it to your team's tent to win!
Sun Aug 13 19:41:18 2023 [Global] novelpen (Blue): when and where?d
Sun Aug 13 19:41:23 2023 Richard Le Noir joined Blue team
Sun Aug 13 19:41:25 2023 Test (Blue) [Headshot] you (Red)
Sun Aug 13 19:41:25 2023 Captain Manio (Blue) [Headshot] Anomymus519 (Red)
Sun Aug 13 19:41:26 2023 R34prZ (Blue) [Grenade] beer-me (Red)
Sun Aug 13 19:41:30 2023 R34prZ (Blue) [SMG] Ewaldo (Red)
Sun Aug 13 19:41:33 2023 R34prZ (Blue) [Headshot] Jake (Red)
Sun Aug 13 19:41:35 2023 you (Red) [SMG] ExitsHarrmonica (Blue)
Sun Aug 13 19:41:37 2023 Drewbski captured Red's Intel.
Sun Aug 13 19:41:40 2023 you (Red) [Headshot] Test (Blue)
Sun Aug 13 19:41:43 2023 Harry (Red) [Headshot] Yuriy (Blue)
Sun Aug 13 19:41:45 2023 [Global] Captain Manio (Blue): Once we win without then surrendering, of course
Sun Aug 13 19:41:47 2023 beer-me (Red) [Fall]
Sun Aug 13 19:41:48 2023  Type /HELP for info & commands
Sun Aug 13 19:41:52 2023 R34prZ (Blue) [Headshot] Anomymus519 (Red)
Sun Aug 13 19:41:57 2023 novelpen (Blue) [Rifle] Jake (Red)
Sun Aug 13 19:42:02 2023 Test (Blue) [Headshot] beer-me (Red)
Sun Aug 13 19:42:11 2023 Drewbski picked up Red's Intel.
Sun Aug 13 19:42:12 2023 Yuriy (Blue) [Rifle] smock (Red)
Sun Aug 13 19:42:14 2023 Captain Manio (Blue) [SMG] Harry (Red)
Sun Aug 13 19:42:14 2023 bilboswaggins (Blue) [Fall]
Sun Aug 13 19:42:16 2023 Jake (Red) [Headshot] ExitsHarrmonica (Blue)
Sun Aug 13 19:42:17 2023 Captain Manio (Blue) [Headshot] Harry (Red)
Sun Aug 13 19:42:18 2023  Visit our community forums at https://aloha.pk/
Sun Aug 13 19:42:19 2023 Jake (Red) [Headshot] R34prZ (Blue)
Sun Aug 13 19:42:20 2023 novelpen (Blue) [Headshot] smock (Red)
Sun Aug 13 19:42:22 2023 Ewaldo (Red) [Headshot] Captain Manio (Blue)
Sun Aug 13 19:42:22 2023 Test (Blue) [Rifle] Ewaldo (Red)
Sun Aug 13 19:42:28 2023 [Global] Captain Manio (Blue): SURRENDER NOW REDS
Sun Aug 13 19:42:37 2023 Harry (Red) [Rifle] Test (Blue)
Sun Aug 13 19:42:42 2023 Drewbski captured Red's Intel.
Sun Aug 13 19:42:43 2023 Yuriy (Blue) [Headshot] smock (Red)
Sun Aug 13 19:42:43 2023 [Global] Ewaldo (Red): Shut up your fking mouth, motherf+cker
Sun Aug 13 19:42:44 2023 [Global] Captain Manio (Blue): You're only wasting valuable lives
Sun Aug 13 19:42:48 2023 R34prZ (Blue) [SMG] beer-me (Red)
Sun Aug 13 19:42:48 2023  Come chat with us at https://discord.aloha.pk/
Sun Aug 13 19:42:48 2023 novelpen (Blue) [Rifle] Jake (Red)
Sun Aug 13 19:42:50 2023 Harry (Red) [Headshot] Yuriy (Blue)
Sun Aug 13 19:42:52 2023 [Global] Captain Manio (Blue): You would be fine slaves
Sun Aug 13 19:42:54 2023 Player Yuriy has left
Sun Aug 13 19:42:59 2023 Harry (Red) [Headshot] Captain Manio (Blue)
Sun Aug 13 19:43:03 2023 novelpen (Blue) [Headshot] Harry (Red)
Sun Aug 13 19:43:03 2023 Player Anomymus519 has left
Sun Aug 13 19:43:04 2023 [Global] Richard Le Noir (Blue): sex slaves
Sun Aug 13 19:43:06 2023 R34prZ (Blue) [SMG] smock (Red)
Sun Aug 13 19:43:08 2023 Drewbski picked up Red's Intel.
Sun Aug 13 19:43:10 2023 Test (Blue) [Headshot] beer-me (Red)
Sun Aug 13 19:43:18 2023  If you believe a player is breaking the rules, please let us know with /ADMIN
Sun Aug 13 19:43:20 2023 Test (Blue) [Headshot] Harry (Red)
Sun Aug 13 19:43:21 2023 [Global] Ewaldo (Red): Your mother is a sex slave
Sun Aug 13 19:43:23 2023 R34prZ (Blue) [Headshot] smock (Red)
Sun Aug 13 19:43:23 2023 [Global] Captain Manio (Blue): Surrender no
Sun Aug 13 19:43:27 2023 R34prZ (Blue) [SMG] beer-me (Red)
Sun Aug 13 19:43:32 2023 Jake (Red) [Headshot] Test (Blue)
Sun Aug 13 19:43:33 2023 novelpen (Blue) [Headshot] Jake (Red)
Sun Aug 13 19:43:34 2023 You must be closer to the enemy's base to shoot blocks!
Sun Aug 13 19:43:39 2023 [Global] Captain Manio (Blue): Or Richard will eat your women's asses while the women eat the children
Sun Aug 13 19:43:39 2023 R34prZ (Blue) [Headshot] smock (Red)
Sun Aug 13 19:43:39 2023 Drewbski captured Red's Intel.
Sun Aug 13 19:43:48 2023  Mahalo for playing aloha.pk tower of babel
Sun Aug 13 19:43:49 2023 Richard Le Noir (Blue) [Headshot] Ewaldo (Red)
Sun Aug 13 19:43:51 2023 [Global] Richard Le Noir (Blue): get out
Sun Aug 13 19:43:52 2023 Harry (Red) [Headshot] novelpen (Blue)
Sun Aug 13 19:43:56 2023 Captain Manio (Blue) [Headshot] Harry (Red)
Sun Aug 13 19:43:58 2023 beer-me (Red) [Headshot] R34prZ (Blue)
Sun Aug 13 19:44:04 2023 you (Red) [SMG] Captain Manio (Blue)
Sun Aug 13 19:44:06 2023 [Global] novelpen (Blue): yall are fucked up
Sun Aug 13 19:44:07 2023 Test (Blue) [Headshot] Jake (Red)
Sun Aug 13 19:44:09 2023 Drewbski (Blue) [Headshot] beer-me (Red)
Sun Aug 13 19:44:11 2023 Test (Blue) [Melee] Ewaldo (Red)
Sun Aug 13 19:44:12 2023 Test (Blue) [Headshot] smock (Red)
Sun Aug 13 19:44:13 2023 Harry (Red) [Headshot] Drewbski (Blue)
Sun Aug 13 19:44:14 2023 [Global] Richard Le Noir (Blue): no i am richard
Sun Aug 13 19:44:16 2023 Ewaldo (Red) [Weapon Change]
Sun Aug 13 19:44:18 2023  Build a tower to get the enemy's intel. Take it to your team's tent to win!
Sun Aug 13 19:44:18 2023 Test (Blue) [Headshot] Harry (Red)
Sun Aug 13 19:44:22 2023 Test (Blue) [Headshot] Jake (Red)
Sun Aug 13 19:44:27 2023 Test (Blue) [Headshot] you (Red)
Sun Aug 13 19:44:29 2023 [Global] Captain Manio (Blue): REDS, HOLD A WHITE BLOCK AND WE WON'T SHOOT
Sun Aug 13 19:44:34 2023 Test (Blue) [Headshot] smock (Red)
Sun Aug 13 19:44:38 2023 [Global] Ewaldo (Red): Your mother
Sun Aug 13 19:44:40 2023 Captain Manio (Blue) [Headshot] beer-me (Red)
Sun Aug 13 19:44:41 2023 [Global] Richard Le Noir (Blue): hold a black cock and we won't shoot
Sun Aug 13 19:44:42 2023 Test (Blue) [Headshot] Ewaldo (Red)
Sun Aug 13 19:44:47 2023 Test (Blue) [Headshot] smock (Red)
Sun Aug 13 19:44:48 2023  Type /HELP for info & commands
Sun Aug 13 19:44:49 2023 novelpen (Blue) [Rifle] you (Red)
Sun Aug 13 19:44:51 2023 Harry (Red) [Headshot] Drewbski (Blue)
Sun Aug 13 19:44:54 2023 Test (Blue) [Headshot] beer-me (Red)
Sun Aug 13 19:44:56 2023 smock (Red) [Shotgun] Test (Blue)
Sun Aug 13 19:44:59 2023 novelpen (Blue) [Rifle] smock (Red)
Sun Aug 13 19:45:07 2023 Zapster joined Red team
Sun Aug 13 19:45:09 2023 R34prZ (Blue) [SMG] smock (Red)
Sun Aug 13 19:45:13 2023 HenryNoob10113 joined Blue team
Sun Aug 13 19:45:14 2023 Captain Manio (Blue) [SMG] Harry (Red)
Sun Aug 13 19:45:17 2023  beer-me1 was kicked: Inactive for 10 minutes
Sun Aug 13 19:45:17 2023 Player beer-me1 has left
Sun Aug 13 19:45:18 2023  Visit our community forums at https://aloha.pk/
Sun Aug 13 19:45:22 2023 R34prZ (Blue) [Headshot] you (Red)
Sun Aug 13 19:45:22 2023 Test (Blue) [Rifle] beer-me (Red)
Sun Aug 13 19:45:24 2023 Captain Manio (Blue) [SMG] Harry (Red)
Sun Aug 13 19:45:24 2023 R34prZ (Blue) [SMG] smock (Red)
Sun Aug 13 19:45:31 2023 ExitsHarrmonica (Blue) [Headshot] you (Red)
Sun Aug 13 19:45:32 2023 Captain Manio (Blue) [SMG] smock (Red)
Sun Aug 13 19:45:34 2023 R34prZ (Blue) [Headshot] beer-me (Red)
Sun Aug 13 19:45:35 2023 Player beer-me has left
Sun Aug 13 19:45:37 2023 Captain Manio (Blue) [Headshot] Harry (Red)
Sun Aug 13 19:45:39 2023 Captain Manio (Blue) [Headshot] Harry (Red)
Sun Aug 13 19:45:40 2023 Test (Blue) [Headshot] Zapster (Red)
Sun Aug 13 19:45:48 2023  Come chat with us at https://discord.aloha.pk/
Sun Aug 13 19:45:51 2023 R34prZ (Blue) [Headshot] smock (Red)
Sun Aug 13 19:45:51 2023 novelpen (Blue) [Fall]
Sun Aug 13 19:45:51 2023 ExitsHarrmonica (Blue) [Headshot] you (Red)
Sun Aug 13 19:45:54 2023 Zapster (Red) [Headshot] HenryNoob10113 (Blue)
Sun Aug 13 19:45:55 2023 ExitsHarrmonica (Blue) [Headshot] Zapster (Red)
Sun Aug 13 19:45:57 2023 ExitsHarrmonica (Blue) [Headshot] Harry (Red)
Sun Aug 13 19:45:59 2023 Player novelpen has left
Sun Aug 13 19:46:03 2023 Captain Manio (Blue) [Headshot] smock (Red)
Sun Aug 13 19:46:05 2023 Jake (Red) [Headshot] ExitsHarrmonica (Blue)
Sun Aug 13 19:46:07 2023 Jake (Red) [Headshot] Drewbski (Blue)
Sun Aug 13 19:46:07 2023 Test (Blue) [Headshot] Zapster (Red)
Sun Aug 13 19:46:12 2023 Test (Blue) [Headshot] Jake (Red)
Sun Aug 13 19:46:12 2023 Captain Manio (Blue) [SMG] Ewaldo (Red)
Sun Aug 13 19:46:15 2023 you (Red) [Headshot] R34prZ (Blue)
Sun Aug 13 19:46:15 2023 Player Ewaldo has left
Sun Aug 13 19:46:17 2023 Test (Blue) [Headshot] smock (Red)
Sun Aug 13 19:46:17 2023 Harry (Red) [Headshot] Captain Manio (Blue)
Sun Aug 13 19:46:18 2023  If you believe a player is breaking the rules, please let us know with /ADMIN
Sun Aug 13 19:46:21 2023 you (Red) [Headshot] Test (Blue)
Sun Aug 13 19:46:32 2023 HenryNoob10113 picked up Red's Intel.
Sun Aug 13 19:46:35 2023 Drewbski (Blue) [Fall]
Sun Aug 13 19:46:42 2023 you (Red) [Headshot] R34prZ (Blue)
Sun Aug 13 19:46:44 2023 you (Red) [SMG] Test (Blue)
Sun Aug 13 19:46:46 2023 Jake (Red) [Rifle] Captain Manio (Blue)
Sun Aug 13 19:46:48 2023  Mahalo for playing aloha.pk tower of babel
Sun Aug 13 19:46:53 2023 HenryNoob10113 dropped Red's Intel
Sun Aug 13 19:46:53 2023 Harry (Red) [Headshot] HenryNoob10113 (Blue)
Sun Aug 13 19:46:55 2023 Player HenryNoob10113 has left
Sun Aug 13 19:47:03 2023 Captain Manio (Blue) [Headshot] Jake (Red)
Sun Aug 13 19:47:06 2023 beer-me joined Red team
Sun Aug 13 19:47:08 2023 R34prZ (Blue) [Headshot] you (Red)
Sun Aug 13 19:47:16 2023 Drewbski (Blue) [Headshot] beer-me (Red)
Sun Aug 13 19:47:17 2023 you (Red) [Headshot] Drewbski (Blue)
Sun Aug 13 19:47:18 2023  Build a tower to get the enemy's intel. Take it to your team's tent to win!
Sun Aug 13 19:47:25 2023 you (Red) [Headshot] R34prZ (Blue)
Sun Aug 13 19:47:27 2023 Test (Blue) [Headshot] you (Red)
Sun Aug 13 19:47:28 2023 Harry (Red) [Headshot] bilboswaggins (Blue)
Sun Aug 13 19:47:38 2023 Richard Le Noir (Blue) [Fall]
Sun Aug 13 19:47:39 2023 Captain Manio (Blue) [Headshot] Zapster (Red)
Sun Aug 13 19:47:39 2023 Test (Blue) [Headshot] Jake (Red)
Sun Aug 13 19:47:47 2023 Captain Manio (Blue) [SMG] beer-me (Red)
Sun Aug 13 19:47:48 2023  Type /HELP for info & commands
Sun Aug 13 19:47:52 2023 you (Red) [Headshot] Captain Manio (Blue)
Sun Aug 13 19:47:54 2023 Test (Blue) [Rifle] you (Red)
Sun Aug 13 19:47:58 2023 R34prZ (Blue) [SMG] Jake (Red)
Sun Aug 13 19:48:00 2023 Test (Blue) [Headshot] beer-me (Red)
Sun Aug 13 19:48:04 2023 you (Red) [Headshot] R34prZ (Blue)
Sun Aug 13 19:48:08 2023 beer-me (Red) [Rifle] Drewbski (Blue)
Sun Aug 13 19:48:18 2023  Visit our community forums at https://aloha.pk/
Sun Aug 13 19:48:25 2023 Captain Manio (Blue) [SMG] beer-me (Red)
Sun Aug 13 19:48:38 2023 Captain Manio (Blue) [Headshot] Harry (Red)
Sun Aug 13 19:48:39 2023 Test (Blue) [Headshot] beer-me (Red)
Sun Aug 13 19:48:43 2023 you (Red) [Headshot] R34prZ (Blue)
Sun Aug 13 19:48:48 2023 luisfelipe joined Red team
Sun Aug 13 19:48:48 2023  Come chat with us at https://discord.aloha.pk/
Sun Aug 13 19:48:49 2023 Zapster (Red) [SMG] ExitsHarrmonica (Blue)
Sun Aug 13 19:48:52 2023 you (Red) [Headshot] Captain Manio (Blue)
Sun Aug 13 19:48:54 2023 you (Red) [Headshot] Drewbski (Blue)
Sun Aug 13 19:49:01 2023 Jake (Red) [Headshot] R34prZ (Blue)
Sun Aug 13 19:49:03 2023 you (Red) [Headshot] Test (Blue)
Sun Aug 13 19:49:09 2023 Jake (Red) [Headshot] Captain Manio (Blue)
Sun Aug 13 19:49:11 2023 Jake (Red) [Headshot] Drewbski (Blue)
Sun Aug 13 19:49:12 2023 Jake (Red) [Headshot] R34prZ (Blue)
Sun Aug 13 19:49:18 2023  If you believe a player is breaking the rules, please let us know with /ADMIN
Sun Aug 13 19:49:19 2023 Zapster (Red) [SMG] Drewbski (Blue)
Sun Aug 13 19:49:20 2023 Captain Manio (Blue) [Headshot] Zapster (Red)
Sun Aug 13 19:49:20 2023 bilboswaggins (Blue) [Fall]
Sun Aug 13 19:49:30 2023 Player Zapster has left
Sun Aug 13 19:49:38 2023 Harry (Red) [Headshot] R34prZ (Blue)
Sun Aug 13 19:49:39 2023 Test (Blue) [Headshot] you (Red)
Sun Aug 13 19:49:48 2023  Mahalo for playing aloha.pk tower of babel
Sun Aug 13 19:49:50 2023 Harry (Red) [Headshot] Richard Le Noir (Blue)
Sun Aug 13 19:49:54 2023 Harry (Red) [Headshot] R34prZ (Blue)
Sun Aug 13 19:50:06 2023 Jake (Red) [Headshot] Drewbski (Blue)
Sun Aug 13 19:50:11 2023 Captain Manio (Blue) [Headshot] Harry (Red)
Sun Aug 13 19:50:18 2023  Build a tower to get the enemy's intel. Take it to your team's tent to win!
Sun Aug 13 19:50:18 2023 Harry (Red) [Headshot] Captain Manio (Blue)
Sun Aug 13 19:50:21 2023 Jake (Red) [Headshot] R34prZ (Blue)
Sun Aug 13 19:50:23 2023 Test (Blue) [Rifle] luisfelipe (Red)
Sun Aug 13 19:50:29 2023 Harry (Red) [Headshot] bilboswaggins (Blue)
Sun Aug 13 19:50:31 2023 [Global] Test (Blue): frfr no cap
Sun Aug 13 19:50:35 2023 Test (Blue) [Headshot] luisfelipe (Red)
Sun Aug 13 19:50:45 2023 Jake (Red) [Headshot] R34prZ (Blue)
Sun Aug 13 19:50:47 2023 Richard Le Noir (Blue) [Headshot] beer-me (Red)
Sun Aug 13 19:50:48 2023  Type /HELP for info & commands
Sun Aug 13 19:50:49 2023 Test (Blue) [Headshot] luisfelipe (Red)
Sun Aug 13 19:50:51 2023 Harry (Red) [Rifle] Drewbski (Blue)
Sun Aug 13 19:50:53 2023 bilboswaggins (Blue) [SMG] Jake (Red)
Sun Aug 13 19:50:56 2023 luisfelipe (Red) [Rifle] Test (Blue)
Sun Aug 13 19:51:05 2023 Harry (Red) [Headshot] Captain Manio (Blue)
Sun Aug 13 19:51:12 2023 Harry (Red) [Headshot] R34prZ (Blue)
Sun Aug 13 19:51:15 2023 Player R34prZ has left
Sun Aug 13 19:51:16 2023 Harry (Red) [Headshot] bilboswaggins (Blue)
Sun Aug 13 19:51:18 2023  Visit our community forums at https://aloha.pk/
Sun Aug 13 19:51:20 2023 Harry (Red) [Headshot] Test (Blue)
Sun Aug 13 19:51:35 2023 Harry (Red) [Headshot] Captain Manio (Blue)
Sun Aug 13 19:51:47 2023 [Global] Test (Blue): who built these stairs
Sun Aug 13 19:51:48 2023  Come chat with us at https://discord.aloha.pk/
Sun Aug 13 19:51:50 2023 luisfelipe (Red) [Rifle] Richard Le Noir (Blue)
Sun Aug 13 19:51:52 2023 Richard Le Noir (Blue) [Headshot] luisfelipe (Red)
Sun Aug 13 19:51:55 2023 Player luisfelipe has left
Sun Aug 13 19:51:57 2023 Harry (Red) [Headshot] Captain Manio (Blue)
Sun Aug 13 19:51:59 2023 [Global] Richard Le Noir (Blue): yes helo i am richard
Sun Aug 13 19:52:00 2023 Test (Blue) [Headshot] Harry (Red)
Sun Aug 13 19:52:04 2023 Player Captain Manio has left
Sun Aug 13 19:52:07 2023 beer-me (Red) [Headshot] ExitsHarrmonica (Blue)
Sun Aug 13 19:52:09 2023 Test picked up Red's Intel.
Sun Aug 13 19:52:13 2023 Jake (Red) [Melee] Richard Le Noir (Blue)
Sun Aug 13 19:52:18 2023  If you believe a player is breaking the rules, please let us know with /ADMIN
Sun Aug 13 19:52:25 2023 Richard Le Noir (Blue) [Headshot] Jake (Red)
Sun Aug 13 19:52:37 2023 Ishi joined Blue team
Sun Aug 13 19:52:38 2023 Test captured Red's Intel.
Sun Aug 13 19:52:38 2023  With 3033 blocks placed, bilboswaggins is granted the right to unleash the apocalypse.
Sun Aug 13 19:52:43 2023 Drewbski picked up Red's Intel.
Sun Aug 13 19:52:44 2023  bilboswaggins has unleashed an apocalypse from God.
Sun Aug 13 19:52:46 2023  The apocalypse begins in 5
Sun Aug 13 19:52:47 2023  The apocalypse begins in 4
Sun Aug 13 19:52:48 2023  Mahalo for playing aloha.pk tower of babel
Sun Aug 13 19:52:48 2023  The apocalypse begins in 3
Sun Aug 13 19:52:49 2023  The apocalypse begins in 2
Sun Aug 13 19:52:50 2023 Test (Blue) [Headshot] Jake (Red)
Sun Aug 13 19:52:50 2023  The apocalypse begins in 1
Sun Aug 13 19:52:50 2023 beer-me (Red) [Headshot] ExitsHarrmonica (Blue)
Sun Aug 13 19:52:53 2023 bilboswaggins (Blue) [SMG] Harry (Red)
Sun Aug 13 19:52:53 2023 bilboswaggins (Blue) [Grenade] Jake (Red)
Sun Aug 13 19:52:57 2023 bilboswaggins (Blue) [Grenade] you (Red)
Sun Aug 13 19:53:02 2023 bilboswaggins (Blue) [Grenade] Jake (Red)
Sun Aug 13 19:53:04 2023  The apocalypse has ended.
Sun Aug 13 19:53:07 2023 xWill joined Red team
Sun Aug 13 19:53:11 2023 beer-me (Red) [Headshot] ExitsHarrmonica (Blue)
Sun Aug 13 19:53:13 2023 Drewbski dropped Red's Intel
Sun Aug 13 19:53:13 2023  The intel has returned to the heavens
Sun Aug 13 19:53:13 2023 beer-me (Red) [Headshot] Drewbski (Blue)
Sun Aug 13 19:53:14 2023 Test (Blue) [Headshot] Harry (Red)
Sun Aug 13 19:53:18 2023  Build a tower to get the enemy's intel. Take it to your team's tent to win!
Sun Aug 13 19:53:20 2023 beer-me (Red) [Headshot] Drewbski (Blue)
Sun Aug 13 19:53:21 2023 Test (Blue) [Headshot] xWill (Red)
Sun Aug 13 19:53:27 2023 Harry (Red) [Headshot] Test (Blue)
Sun Aug 13 19:53:34 2023 beer-me (Red) [Headshot] Drewbski (Blue)
Sun Aug 13 19:53:35 2023 Ishi (Blue) [Headshot] xWill (Red)
Sun Aug 13 19:53:40 2023 beer-me (Red) [Headshot] Drewbski (Blue)
Sun Aug 13 19:53:48 2023  Type /HELP for info & commands
Sun Aug 13 19:53:48 2023 beer-me (Red) [Headshot] ExitsHarrmonica (Blue)
Sun Aug 13 19:53:51 2023 you (Red) [Headshot] Test (Blue)
Sun Aug 13 19:53:52 2023 beer-me (Red) [Headshot] Drewbski (Blue)
Sun Aug 13 19:53:55 2023 beer-me (Red) [Headshot] ExitsHarrmonica (Blue)
Sun Aug 13 19:54:02 2023 xWill (Red) [SMG] Ishi (Blue)
Sun Aug 13 19:54:07 2023 Test (Blue) [Headshot] beer-me (Red)
Sun Aug 13 19:54:14 2023 bilboswaggins (Blue) [Headshot] Jake (Red)
Sun Aug 13 19:54:18 2023  Visit our community forums at https://aloha.pk/
Sun Aug 13 19:54:22 2023 Harry (Red) [Headshot] bilboswaggins (Blue)
Sun Aug 13 19:54:27 2023 Harry (Red) [Headshot] Ishi (Blue)
Sun Aug 13 19:54:28 2023 Harry (Red) [Headshot] Test (Blue)
Sun Aug 13 19:54:31 2023 Drewbski picked up Red's Intel.
Sun Aug 13 19:54:47 2023 Richard Le Noir (Blue) [Headshot] Harry (Red)
Sun Aug 13 19:54:48 2023  Come chat with us at https://discord.aloha.pk/
Sun Aug 13 19:54:52 2023 mrsavirus joined Blue team
Sun Aug 13 19:54:59 2023 Drewbski captured Red's Intel.
Sun Aug 13 19:55:00 2023 Test (Blue) [Headshot] you (Red)
Sun Aug 13 19:55:03 2023 beer-me (Red) [Headshot] Ishi (Blue)
Sun Aug 13 19:55:06 2023 xWill (Red) [SMG] Test (Blue)
Sun Aug 13 19:55:08 2023 Player Test has left
Sun Aug 13 19:55:18 2023  If you believe a player is breaking the rules, please let us know with /ADMIN
Sun Aug 13 19:55:19 2023 Harry (Red) [Headshot] Richard Le Noir (Blue)
Sun Aug 13 19:55:22 2023 [Global] Richard Le Noir (Blue): kurwa
Sun Aug 13 19:55:24 2023 Drewbski picked up Red's Intel.
Sun Aug 13 19:55:31 2023 Ishi (Blue) [SMG] beer-me (Red)
Sun Aug 13 19:55:32 2023 xWill (Red) [Headshot] ExitsHarrmonica (Blue)
Sun Aug 13 19:55:38 2023 bilboswaggins (Blue) [Headshot] xWill (Red)
Sun Aug 13 19:55:44 2023 mrsavirus (Blue) [SMG] Jake (Red)
Sun Aug 13 19:55:47 2023 Harry (Red) [Headshot] Ishi (Blue)
Sun Aug 13 19:55:48 2023  Mahalo for playing aloha.pk tower of babel
Sun Aug 13 19:55:54 2023 Drewbski captured Red's Intel.
Sun Aug 13 19:55:58 2023 mrsavirus picked up Red's Intel.
Sun Aug 13 19:55:59 2023 Harry (Red) [Rifle] Ishi (Blue)
Sun Aug 13 19:56:12 2023 xWill (Red) [Headshot] ExitsHarrmonica (Blue)
Sun Aug 13 19:56:14 2023 Harry (Red) [Headshot] Ishi (Blue)
Sun Aug 13 19:56:18 2023  Build a tower to get the enemy's intel. Take it to your team's tent to win!
Sun Aug 13 19:56:20 2023 mrsavirus (Blue) [SMG] smock (Red)
Sun Aug 13 19:56:23 2023 Harry (Red) [Headshot] ExitsHarrmonica (Blue)
Sun Aug 13 19:56:28 2023 mrsavirus captured Red's Intel.
Sun Aug 13 19:56:28 2023 Jake (Red) [Fall]
Sun Aug 13 19:56:31 2023 Harry (Red) [Headshot] ExitsHarrmonica (Blue)
Sun Aug 13 19:56:32 2023 Ishi (Blue) [Shotgun] Harry (Red)
Sun Aug 13 19:56:46 2023 Harry (Red) [Headshot] Drewbski (Blue)
Sun Aug 13 19:56:48 2023  Type /HELP for info & commands
Sun Aug 13 19:57:01 2023 you (Red) [Headshot] Ishi (Blue)
Sun Aug 13 19:57:01 2023 smock (Red) [Grenade]
Sun Aug 13 19:57:16 2023 beer-me (Red) [Headshot] bilboswaggins (Blue)
Sun Aug 13 19:57:17 2023 Richard Le Noir (Blue) [Fall]
Sun Aug 13 19:57:18 2023  Visit our community forums at https://aloha.pk/
Sun Aug 13 19:57:20 2023 Drewbski picked up Red's Intel.
Sun Aug 13 19:57:24 2023 Harry (Red) [Headshot] Ishi (Blue)
Sun Aug 13 19:57:25 2023 Drewbski dropped Red's Intel
Sun Aug 13 19:57:25 2023 Jake (Red) [Headshot] Drewbski (Blue)
Sun Aug 13 19:57:29 2023 Harry (Red) [Headshot] ExitsHarrmonica (Blue)
Sun Aug 13 19:57:30 2023 Harry (Red) [Headshot] Ishi (Blue)
Sun Aug 13 19:57:32 2023 Harry (Red) [Headshot] Drewbski (Blue)
Sun Aug 13 19:57:33 2023 Harry (Red) [Headshot] bilboswaggins (Blue)
Sun Aug 13 19:57:45 2023 Harry (Red) [Headshot] Ishi (Blue)
Sun Aug 13 19:57:48 2023  Come chat with us at https://discord.aloha.pk/
Sun Aug 13 19:57:51 2023 Harry (Red) [Headshot] ExitsHarrmonica (Blue)
Sun Aug 13 19:57:54 2023 Richard Le Noir (Blue) [Rifle] Harry (Red)
Sun Aug 13 19:58:03 2023 mrsavirus (Blue) [Weapon Change]
Sun Aug 13 19:58:18 2023  If you believe a player is breaking the rules, please let us know with /ADMIN
Sun Aug 13 19:58:23 2023 Drewbski (Blue) [Rifle] Jake (Red)
Sun Aug 13 19:58:27 2023 Drewbski (Blue) [Headshot] you (Red)
Sun Aug 13 19:58:33 2023 xWill (Red) [Headshot] mrsavirus (Blue)
Sun Aug 13 19:58:35 2023 Drewbski picked up Red's Intel.
Sun Aug 13 19:58:39 2023 smock (Red) [Fall]
Sun Aug 13 19:58:44 2023 beer-me (Red) [Headshot] ExitsHarrmonica (Blue)
Sun Aug 13 19:58:48 2023  Mahalo for playing aloha.pk tower of babel
Sun Aug 13 19:58:50 2023 Player smock has left
Sun Aug 13 19:58:52 2023 beer-me (Red) [Headshot] ExitsHarrmonica (Blue)
Sun Aug 13 19:59:00 2023 Richard Le Noir (Blue) [Headshot] Harry (Red)
Sun Aug 13 19:59:12 2023 Harry (Red) [Headshot] Ishi (Blue)
Sun Aug 13 19:59:18 2023 smock joined Red team
Sun Aug 13 19:59:18 2023  Build a tower to get the enemy's intel. Take it to your team's tent to win!
Sun Aug 13 19:59:22 2023 Drewbski captured Red's Intel.
Sun Aug 13 19:59:30 2023 xWill (Red) [Headshot] Ishi (Blue)
Sun Aug 13 19:59:32 2023 bilboswaggins (Blue) [SMG] Jake (Red)
Sun Aug 13 19:59:42 2023 xWill (Red) [Headshot] Ishi (Blue)
Sun Aug 13 19:59:45 2023 Player Ishi has left
Sun Aug 13 19:59:48 2023  Type /HELP for info & commands
Sun Aug 13 19:59:49 2023 mrsavirus (Blue) [Headshot] beer-me (Red)
Sun Aug 13 19:59:54 2023 you (Red) [Headshot] bilboswaggins (Blue)
Sun Aug 13 19:59:54 2023 xWill (Red) [Headshot] mrsavirus (Blue)
Sun Aug 13 19:59:55 2023 Richard Le Noir picked up Red's Intel.
Sun Aug 13 20:00:02 2023 [Global] Richard Le Noir (Blue): fuck penis
Sun Aug 13 20:00:06 2023 Harry (Red) [Headshot] mrsavirus (Blue)
Sun Aug 13 20:00:08 2023 Richard Le Noir (Blue) [Headshot] Harry (Red)
Sun Aug 13 20:00:15 2023 [Global] bilboswaggins (Blue): gg
Sun Aug 13 20:00:16 2023 xWill (Red) [Headshot] mrsavirus (Blue)
Sun Aug 13 20:00:18 2023  Visit our community forums at https://aloha.pk/
Sun Aug 13 20:00:23 2023 Richard Le Noir captured Red's Intel.
Sun Aug 13 20:00:23 2023 Blue Wins!
Sun Aug 13 20:00:23 2023  Game finished! Next map: abridgetoodark.
Sun Aug 13 20:00:24 2023 [Global] Jake (Red): give us one more chance
Sun Aug 13 20:00:25 2023 Richard Le Noir (Blue) [Headshot] you (Red)
Sun Aug 13 20:00:27 2023 Harry (Red) [Headshot] bilboswaggins (Blue)
Sun Aug 13 20:00:27 2023 Richard Le Noir (Blue) [Headshot] Jake (Red)
Sun Aug 13 20:00:29 2023 [Global] ExitsHarrmonica (Blue): gg
Sun Aug 13 20:00:29 2023 Richard Le Noir (Blue) [Headshot] beer-me (Red)
Sun Aug 13 20:00:30 2023 xWill (Red) [Rifle] Drewbski (Blue)
Sun Aug 13 20:00:30 2023 Richard Le Noir (Blue) [Headshot] xWill (Red)
Sun Aug 13 20:00:31 2023 mrsavirus (Blue) [Headshot] Harry (Red)
Sun Aug 13 20:00:35 2023 ------ World Unloaded ------
Sun Aug 13 20:00:48 2023 ------ World Loaded ------
Sun Aug 13 20:00:48 2023 Welcome to aloha.pk tower of babel
Sun Aug 13 20:00:49 2023 Map: A Bridge Too Dark by ei8htx & Mile
Sun Aug 13 20:00:51 2023 Game mode: Tower of Babel by Yourself, modified by izzy
Sun Aug 13 20:00:51 2023 Jake joined Red team
Sun Aug 13 20:00:51 2023 bilboswaggins joined Blue team
Sun Aug 13 20:00:53 2023 Build a tower to get the enemy's intel. Take it to your team's tent to win!
Sun Aug 13 20:00:54 2023 xWill joined Red team
Sun Aug 13 20:00:55 2023 bilboswaggins (Blue) [Team Change]
Sun Aug 13 20:00:55 2023 Visit our community forums at https://aloha.pk/
Sun Aug 13 20:00:55 2023 smock joined Blue team
Sun Aug 13 20:00:57 2023 Richard Le Noir joined Spectator team
Sun Aug 13 20:00:58 2023 Come chat with us at https://discord.aloha.pk/
Sun Aug 13 20:01:02 2023 bilboswaggins joined Red team
Sun Aug 13 20:01:05 2023 Player Richard Le Noir has left
Sun Aug 13 20:01:37 2023 Drewbski joined Blue team
Sun Aug 13 20:01:42 2023 beer-me joined Red team
Sun Aug 13 20:01:46 2023 you joined Blue team
Sun Aug 13 20:01:47 2023 beer-me (Red) [Fall]
Sun Aug 13 20:01:48 2023 Player you has left
Sun Aug 13 20:02:13 2023 mrsavirus joined Blue team
Sun Aug 13 20:02:17 2023 Player mrsavirus has left
Sun Aug 13 20:02:41 2023 smock (Blue) [Headshot] bilboswaggins (Red)
Sun Aug 13 20:02:48 2023 Jake (Red) [Shotgun] smock (Blue)
Sun Aug 13 20:03:02 2023 SMG noob joined Blue team
Sun Aug 13 20:03:18 2023 Axel joined Red team
Sun Aug 13 20:03:20 2023 Yuriy joined Blue team
Sun Aug 13 20:03:22 2023 Player smock has left
Sun Aug 13 20:03:28 2023 Jake picked up Blue's Intel.
Sun Aug 13 20:03:30 2023 EMART joined Blue team
Sun Aug 13 20:03:39 2023 EMART (Blue) [SMG] beer-me (Red)
Sun Aug 13 20:03:40 2023 bilboswaggins (Red) [Fall]
Sun Aug 13 20:03:41 2023 Player Drewbski has left
Sun Aug 13 20:03:48 2023  Come chat with us at https://discord.aloha.pk/
Sun Aug 13 20:03:50 2023 Jake captured Blue's Intel.
Sun Aug 13 20:04:00 2023 Harry (Blue) [Headshot] Axel (Red)
Sun Aug 13 20:04:09 2023 xWill picked up Blue's Intel.
Sun Aug 13 20:04:16 2023 Yuriy (Blue) [Rifle] Jake (Red)
Sun Aug 13 20:04:18 2023  If you believe a player is breaking the rules, please let us know with /ADMIN
Sun Aug 13 20:04:19 2023 Vagabond joined Blue team
Sun Aug 13 20:04:26 2023 xWill captured Blue's Intel.
Sun Aug 13 20:04:29 2023 HqZon joined Blue team
Sun Aug 13 20:04:30 2023 [Global] Vagabond (Blue): HELLO GUYS, HOLA AMIGOS
Sun Aug 13 20:04:33 2023 beer-me picked up Blue's Intel.
Sun Aug 13 20:04:37 2023 beer-me dropped Blue's Intel
Sun Aug 13 20:04:37 2023  The intel has returned to the heavens
Sun Aug 13 20:04:37 2023 beer-me (Red) [Fall]
Sun Aug 13 20:04:37 2023 Harry (Blue) [Headshot] Axel (Red)
Sun Aug 13 20:04:41 2023 [Global] Yuriy (Blue): hola
Sun Aug 13 20:04:42 2023 xWill picked up Blue's Intel.
Sun Aug 13 20:04:45 2023 bilboswaggins (Red) [Headshot] EMART (Blue)
Sun Aug 13 20:04:46 2023 Jake (Red) [Headshot] HqZon (Blue)
Sun Aug 13 20:04:47 2023 Jake (Red) [Headshot] Yuriy (Blue)
Sun Aug 13 20:04:48 2023  Mahalo for playing aloha.pk tower of babel
Sun Aug 13 20:04:50 2023 Jake (Red) [Headshot] Vagabond (Blue)
Sun Aug 13 20:04:55 2023 bilboswaggins (Red) [Fall]
Sun Aug 13 20:04:57 2023 [Global] SMG noob (Blue): hehe strs gone
Sun Aug 13 20:04:58 2023 [Global] Axel (Red): 7y4yiu4ytythruyrrrjyhurehwoeiuoirhoth
Sun Aug 13 20:04:59 2023 xWill captured Blue's Intel.
Sun Aug 13 20:05:01 2023 [Global] SMG noob (Blue): haha
Sun Aug 13 20:05:08 2023 xWill (Red) [Fall]
Sun Aug 13 20:05:09 2023 Jake (Red) [Rifle] SMG noob (Blue)
Sun Aug 13 20:05:18 2023  Build a tower to get the enemy's intel. Take it to your team's tent to win!
Sun Aug 13 20:05:28 2023 Harry (Blue) [Fall]
Sun Aug 13 20:05:29 2023 Vagabond (Blue) [Fall]
Sun Aug 13 20:05:32 2023 bilboswaggins (Red) [Fall]
Sun Aug 13 20:05:35 2023 Jake (Red) [Headshot] Yuriy (Blue)
Sun Aug 13 20:05:37 2023 Axel (Red) [Fall]
Sun Aug 13 20:05:47 2023 Harry (Blue) [Headshot] Jake (Red)
Sun Aug 13 20:05:48 2023  Type /HELP for info & commands
Sun Aug 13 20:06:13 2023 SMG noob (Blue) [Headshot] beer-me (Red)
Sun Aug 13 20:06:18 2023  Visit our community forums at https://aloha.pk/
Sun Aug 13 20:06:32 2023 azato83 joined Blue team
Sun Aug 13 20:06:48 2023  Come chat with us at https://discord.aloha.pk/
Sun Aug 13 20:06:56 2023 EMART (Blue) [SMG] beer-me (Red)
Sun Aug 13 20:06:57 2023 Harry (Blue) [Headshot] Jake (Red)
Sun Aug 13 20:07:05 2023 Harry (Blue) [Rifle] xWill (Red)
Sun Aug 13 20:07:07 2023 Harry (Blue) [Rifle] Axel (Red)
Sun Aug 13 20:07:12 2023 Yuriy (Blue) [Fall]
Sun Aug 13 20:07:15 2023 azato83 (Blue) [SMG] Jake (Red)
Sun Aug 13 20:07:18 2023  If you believe a player is breaking the rules, please let us know with /ADMIN
Sun Aug 13 20:07:22 2023 xWill (Red) [Headshot] azato83 (Blue)
Sun Aug 13 20:07:37 2023 Vagabond (Blue) [SMG] xWill (Red)
Sun Aug 13 20:07:38 2023 Harry (Blue) [Headshot] Axel (Red)
Sun Aug 13 20:07:48 2023 bilboswaggins (Red) [Fall]
Sun Aug 13 20:07:48 2023  Mahalo for playing aloha.pk tower of babel
Sun Aug 13 20:07:50 2023 beer-me (Red) [Fall]
Sun Aug 13 20:08:03 2023 xWill (Red) [Fall]
Sun Aug 13 20:08:05 2023 You can't destroy your team's blocks in this area. Attack the enemy's tower!
Sun Aug 13 20:08:05 2023 You can't destroy your team's blocks in this area. Attack the enemy's tower!
Sun Aug 13 20:08:06 2023 You can't destroy your team's blocks in this area. Attack the enemy's tower!
Sun Aug 13 20:08:06 2023 You can't destroy your team's blocks in this area. Attack the enemy's tower!
Sun Aug 13 20:08:08 2023 Player xWill has left
Sun Aug 13 20:08:08 2023 azato83 (Blue) [Headshot] bilboswaggins (Red)
Sun Aug 13 20:08:11 2023 Richard Le Noir joined Red team
Sun Aug 13 20:08:13 2023 [Global] Richard Le Noir (Red): spit on my dick
Sun Aug 13 20:08:15 2023 azato83 (Blue) [SMG] Jake (Red)
Sun Aug 13 20:08:17 2023 azato83 picked up Red's Intel.
Sun Aug 13 20:08:18 2023  Build a tower to get the enemy's intel. Take it to your team's tent to win!
Sun Aug 13 20:08:25 2023 azato83 (Blue) [Headshot] bilboswaggins (Red)
Sun Aug 13 20:08:28 2023 azato83 dropped Red's Intel
Sun Aug 13 20:08:28 2023 Richard Le Noir (Red) [Rifle] azato83 (Blue)
Sun Aug 13 20:08:32 2023 bilboswaggins (Red) [SMG] Yuriy (Blue)
Sun Aug 13 20:08:34 2023 Richard Le Noir (Red) [Rifle] Harry (Blue)
Sun Aug 13 20:08:48 2023  Type /HELP for info & commands
Sun Aug 13 20:08:51 2023 HqZon (Blue) [Headshot] Jake (Red)
Sun Aug 13 20:08:54 2023 Richard Le Noir (Red) [Rifle] HqZon (Blue)
Sun Aug 13 20:09:02 2023 Harry (Blue) [Headshot] bilboswaggins (Red)
Sun Aug 13 20:09:05 2023 Axel1 joined Spectator team
Sun Aug 13 20:09:09 2023 beer-me (Red) [Rifle] EMART (Blue)
Sun Aug 13 20:09:12 2023 Harry (Blue) [Headshot] Jake (Red)
Sun Aug 13 20:09:18 2023  Visit our community forums at https://aloha.pk/
Sun Aug 13 20:09:19 2023 bilboswaggins (Red) [Headshot] Harry (Blue)
Sun Aug 13 20:09:26 2023 azato83 (Blue) [SMG] Richard Le Noir (Red)
Sun Aug 13 20:09:27 2023 Jake (Red) [Rifle] Yuriy (Blue)
Sun Aug 13 20:09:32 2023 [Global] SMG noob (Blue): i completely fucked up reds
Sun Aug 13 20:09:42 2023 Harry (Blue) [Headshot] bilboswaggins (Red)
Sun Aug 13 20:09:46 2023 Harry (Blue) [Headshot] Richard Le Noir (Red)
Sun Aug 13 20:09:48 2023  Come chat with us at https://discord.aloha.pk/
Sun Aug 13 20:09:50 2023 Player bilboswaggins has left
Sun Aug 13 20:09:51 2023 Harry (Blue) [Headshot] Jake (Red)
Sun Aug 13 20:09:56 2023 Richard Le Noir (Red) [Fall]
Sun Aug 13 20:09:57 2023 [Global] SMG noob (Blue): maybe i should join them for balance
Sun Aug 13 20:09:58 2023 Yuriy picked up Red's Intel.
Sun Aug 13 20:10:01 2023 Harry (Blue) [Headshot] Axel (Red)
Sun Aug 13 20:10:09 2023 Richard Le Noir (Red) [Rifle] Harry (Blue)
Sun Aug 13 20:10:16 2023 Yuriy captured Red's Intel.
Sun Aug 13 20:10:18 2023  If you believe a player is breaking the rules, please let us know with /ADMIN
Sun Aug 13 20:10:24 2023 Richard Le Noir (Red) [Grenade] azato83 (Blue)
Sun Aug 13 20:10:27 2023 [Global] Richard Le Noir (Red): get out
Sun Aug 13 20:10:31 2023 Yuriy picked up Red's Intel.
Sun Aug 13 20:10:33 2023 azato83 (Blue) [Fall]
Sun Aug 13 20:10:39 2023 Jake (Red) [Rifle] SMG noob (Blue)
Sun Aug 13 20:10:43 2023 Harry (Blue) [Headshot] Axel (Red)
Sun Aug 13 20:10:43 2023 beer-me (Red) [Headshot] HqZon (Blue)
Sun Aug 13 20:10:46 2023 Yuriy captured Red's Intel.
Sun Aug 13 20:10:47 2023 azato83 (Blue) [Headshot] beer-me (Red)
Sun Aug 13 20:10:48 2023 [Global] SMG noob (Blue): joined red
Sun Aug 13 20:10:48 2023  Mahalo for playing aloha.pk tower of babel
Sun Aug 13 20:10:50 2023 SMG noob joined Red team
Sun Aug 13 20:10:55 2023 SMG noob (Red) [Headshot] Harry (Blue)
Sun Aug 13 20:11:01 2023 Yuriy picked up Red's Intel.
Sun Aug 13 20:11:02 2023 Yuriy dropped Red's Intel
Sun Aug 13 20:11:02 2023 SMG noob (Red) [Headshot] Yuriy (Blue)
Sun Aug 13 20:11:17 2023 azato83 (Blue) [SMG] Richard Le Noir (Red)
Sun Aug 13 20:11:18 2023  Build a tower to get the enemy's intel. Take it to your team's tent to win!
Sun Aug 13 20:11:21 2023 Yuriy picked up Red's Intel.
Sun Aug 13 20:11:21 2023 Yuriy dropped Red's Intel
Sun Aug 13 20:11:21 2023 SMG noob (Red) [Headshot] Yuriy (Blue)
Sun Aug 13 20:11:23 2023 HqZon (Blue) [Headshot] beer-me (Red)
Sun Aug 13 20:11:26 2023 Jake (Red) [Headshot] HqZon (Blue)
Sun Aug 13 20:11:32 2023 Richard Le Noir (Red) [Fall]
Sun Aug 13 20:11:43 2023 SMG noob (Red) [Headshot] Yuriy (Blue)
Sun Aug 13 20:11:48 2023  Type /HELP for info & commands
Sun Aug 13 20:12:06 2023 SMG noob (Red) [Headshot] Yuriy (Blue)
Sun Aug 13 20:12:10 2023 HqZon (Blue) [SMG] Jake (Red)
Sun Aug 13 20:12:17 2023 Richard Le Noir (Red) [Fall]
Sun Aug 13 20:12:18 2023  Visit our community forums at https://aloha.pk/
Sun Aug 13 20:12:23 2023 X3M joined Red team
Sun Aug 13 20:12:25 2023 Jake (Red) [Headshot] HqZon (Blue)
Sun Aug 13 20:12:27 2023 Richard Le Noir (Red) [Weapon Change]
Sun Aug 13 20:12:31 2023 beer-me (Red) [Fall]
Sun Aug 13 20:12:34 2023 SMG noob (Red) [SMG] azato83 (Blue)
Sun Aug 13 20:12:35 2023 [Global] Richard Le Noir (Red): suck dick
Sun Aug 13 20:12:35 2023 [Global] Vagabond (Blue): thx
Sun Aug 13 20:12:35 2023 HqZon (Blue) [Fall]
Sun Aug 13 20:12:38 2023 Richard Le Noir joined Spectator team
Sun Aug 13 20:12:45 2023 HqZon (Blue) [Fall]
Sun Aug 13 20:12:48 2023  Come chat with us at https://discord.aloha.pk/
Sun Aug 13 20:12:51 2023 [Global] X3M (Red): nice map
Sun Aug 13 20:12:53 2023 Jake (Red) [Fall]
Sun Aug 13 20:13:07 2023 [Global] Richard Le Noir (): ok yeah red suck dick
Sun Aug 13 20:13:07 2023 [Global] SMG noob (Red): buld reds build
Sun Aug 13 20:13:08 2023 HqZon (Blue) [Fall]
Sun Aug 13 20:13:09 2023 [Global] SMG noob (Red): go go
Sun Aug 13 20:13:18 2023  If you believe a player is breaking the rules, please let us know with /ADMIN
Sun Aug 13 20:13:19 2023 Vagabond picked up Red's Intel.
Sun Aug 13 20:13:20 2023 Vagabond dropped Red's Intel
Sun Aug 13 20:13:20 2023 SMG noob (Red) [SMG] Vagabond (Blue)
Sun Aug 13 20:13:22 2023 Jake (Red) [Headshot] azato83 (Blue)
Sun Aug 13 20:13:25 2023 [Team] Vagabond (Blue): gg
Sun Aug 13 20:13:28 2023 beer-me (Red) [Fall]
Sun Aug 13 20:13:34 2023 Richard Le Noir joined Red team
Sun Aug 13 20:13:40 2023 [Global] Richard Le Noir (Red): red team STOP SUCK DICK
Sun Aug 13 20:13:41 2023 Vagabond (Blue) [Headshot] Jake (Red)
Sun Aug 13 20:13:45 2023 Harry (Blue) [Rifle] X3M (Red)
Sun Aug 13 20:13:45 2023 SMG noob (Red) [Headshot] Vagabond (Blue)
Sun Aug 13 20:13:47 2023 Harry (Blue) [Headshot] Richard Le Noir (Red)
Sun Aug 13 20:13:48 2023  Mahalo for playing aloha.pk tower of babel
Sun Aug 13 20:13:50 2023 Player Axel has left
Sun Aug 13 20:13:50 2023 Player Axel1 has left
Sun Aug 13 20:13:52 2023 Harry (Blue) [Headshot] SMG noob (Red)
Sun Aug 13 20:13:55 2023 Jake (Red) [Headshot] Yuriy (Blue)
Sun Aug 13 20:13:57 2023 Jake (Red) [Headshot] Harry (Blue)
Sun Aug 13 20:13:58 2023 azato83 (Blue) [Fall]
Sun Aug 13 20:13:58 2023 HqZon (Blue) [SMG] beer-me (Red)
Sun Aug 13 20:14:04 2023 Jake (Red) [Headshot] HqZon (Blue)
Sun Aug 13 20:14:17 2023 Harry (Blue) [Headshot] Jake (Red)
Sun Aug 13 20:14:18 2023  Build a tower to get the enemy's intel. Take it to your team's tent to win!
Sun Aug 13 20:14:21 2023 Harry (Blue) [Headshot] X3M (Red)
Sun Aug 13 20:14:21 2023 SMG noob (Red) [Fall]
Sun Aug 13 20:14:33 2023 Harry picked up Red's Intel.
Sun Aug 13 20:14:33 2023 Harry dropped Red's Intel
Sun Aug 13 20:14:33 2023 SMG noob (Red) [Headshot] Harry (Blue)
Sun Aug 13 20:14:35 2023 Jake (Red) [Headshot] HqZon (Blue)
Sun Aug 13 20:14:40 2023 SMG noob (Red) [SMG] Vagabond (Blue)
Sun Aug 13 20:14:48 2023  Type /HELP for info & commands
Sun Aug 13 20:14:54 2023 Harry (Blue) [Rifle] Jake (Red)
Sun Aug 13 20:14:55 2023 Harry (Blue) [Rifle] X3M (Red)
Sun Aug 13 20:14:55 2023 SMG noob (Red) [SMG] Harry (Blue)
Sun Aug 13 20:15:06 2023 SMG noob (Red) [Fall]
Sun Aug 13 20:15:09 2023 Gupfus joined Red team
Sun Aug 13 20:15:18 2023  Visit our community forums at https://aloha.pk/
Sun Aug 13 20:15:18 2023 Harry (Blue) [Headshot] Jake (Red)
Sun Aug 13 20:15:20 2023 HqZon (Blue) [Headshot] X3M (Red)
Sun Aug 13 20:15:24 2023 HqZon (Blue) [Headshot] Richard Le Noir (Red)
Sun Aug 13 20:15:28 2023 Drewbski joined Blue team
Sun Aug 13 20:15:28 2023 HqZon (Blue) [Headshot] beer-me (Red)
Sun Aug 13 20:15:29 2023 SMG noob (Red) [SMG] Harry (Blue)
Sun Aug 13 20:15:30 2023 X3M (Red) [Headshot] HqZon (Blue)
Sun Aug 13 20:15:39 2023 [Global] Vagabond (Blue): You must be closer to the enemy's body to suck cocks!
Sun Aug 13 20:15:48 2023  Come chat with us at https://discord.aloha.pk/
Sun Aug 13 20:15:49 2023 ItsLeopoldo96 joined Blue team
Sun Aug 13 20:15:50 2023 SMG noob (Red) [Headshot] Vagabond (Blue)
Sun Aug 13 20:15:54 2023 You must be closer to the enemy's base to shoot blocks!
Sun Aug 13 20:15:55 2023 azato83 (Blue) [Headshot] Jake (Red)
Sun Aug 13 20:15:59 2023 ItsLeopoldo96 (Blue) [Fall]
Sun Aug 13 20:16:00 2023 EMART (Blue) [SMG] SMG noob (Red)
Sun Aug 13 20:16:04 2023 Gupfus (Red) [Headshot] Drewbski (Blue)
Sun Aug 13 20:16:05 2023 Harry (Blue) [Headshot] Gupfus (Red)
Sun Aug 13 20:16:12 2023 Harry (Blue) [Headshot] Jake (Red)
Sun Aug 13 20:16:13 2023 Harry (Blue) [Rifle] beer-me (Red)
Sun Aug 13 20:16:15 2023 [Global] SMG noob (Red): next time dont use reds blocks for fucks sake
Sun Aug 13 20:16:18 2023  If you believe a player is breaking the rules, please let us know with /ADMIN
Sun Aug 13 20:16:19 2023 [Global] SMG noob (Red): eyes are hurting
Sun Aug 13 20:16:21 2023 ItsLeopoldo96 (Blue) [Fall]
Sun Aug 13 20:16:24 2023 [Global] ItsLeopoldo96 (Blue): your mom
Sun Aug 13 20:16:24 2023 Jake (Red) [Headshot] Harry (Blue)
Sun Aug 13 20:16:31 2023 SMG noob (Red) [SMG] Vagabond (Blue)
Sun Aug 13 20:16:32 2023 Playerr joined Red team
Sun Aug 13 20:16:33 2023 EMART (Blue) [SMG] SMG noob (Red)
Sun Aug 13 20:16:33 2023 EMART (Blue) [SMG] beer-me (Red)
Sun Aug 13 20:16:35 2023 EMART (Blue) [Headshot] Jake (Red)
Sun Aug 13 20:16:35 2023 Gupfus (Red) [Rifle] EMART (Blue)
Sun Aug 13 20:16:41 2023 You must be closer to the enemy's base to shoot blocks!
Sun Aug 13 20:16:41 2023 EMART (Blue) [Fall]
Sun Aug 13 20:16:42 2023 You must be closer to the enemy's base to shoot blocks!
Sun Aug 13 20:16:42 2023 You must be closer to the enemy's base to shoot blocks!
Sun Aug 13 20:16:44 2023 ItsLeopoldo96 (Blue) [Fall]
Sun Aug 13 20:16:46 2023 Harry (Blue) [Headshot] X3M (Red)
Sun Aug 13 20:16:47 2023 Harry (Blue) [Headshot] Jake (Red)
Sun Aug 13 20:16:48 2023  Mahalo for playing aloha.pk tower of babel
Sun Aug 13 20:16:50 2023 Gupfus (Red) [Rifle] Harry (Blue)
Sun Aug 13 20:16:53 2023 Vagabond (Blue) [Headshot] Gupfus (Red)
Sun Aug 13 20:16:54 2023 SMG noob (Red) [SMG] Vagabond (Blue)
Sun Aug 13 20:17:07 2023 X3M (Red) [Headshot] ItsLeopoldo96 (Blue)
Sun Aug 13 20:17:08 2023 Harry (Blue) [Headshot] Playerr (Red)
Sun Aug 13 20:17:09 2023 Harry (Blue) [Headshot] SMG noob (Red)
Sun Aug 13 20:17:12 2023 Player Playerr has left
Sun Aug 13 20:17:17 2023 Harry (Blue) [Headshot] X3M (Red)
Sun Aug 13 20:17:18 2023  Build a tower to get the enemy's intel. Take it to your team's tent to win!
Sun Aug 13 20:17:20 2023 Richard Le Noir (Red) [Headshot] Harry (Blue)
Sun Aug 13 20:17:24 2023 Axel joined Red team
Sun Aug 13 20:17:27 2023 Yuriy (Blue) [Fall]
Sun Aug 13 20:17:31 2023 Vagabond (Blue) [Rifle] SMG noob (Red)
Sun Aug 13 20:17:35 2023 EMART (Blue) [Headshot] Richard Le Noir (Red)
Sun Aug 13 20:17:41 2023 EMART (Blue) [Headshot] X3M (Red)
Sun Aug 13 20:17:45 2023 You must be closer to the enemy's base to shoot blocks!
Sun Aug 13 20:17:46 2023 Harry (Blue) [Rifle] Gupfus (Red)
Sun Aug 13 20:17:48 2023  Type /HELP for info & commands
Sun Aug 13 20:17:48 2023 You must be closer to the enemy's base to shoot blocks!
Sun Aug 13 20:17:51 2023 You must be closer to the enemy's base to shoot blocks!
Sun Aug 13 20:17:53 2023 Richard Le Noir (Red) [Rifle] HqZon (Blue)
Sun Aug 13 20:17:53 2023 SMG noob (Red) [Headshot] Harry (Blue)
Sun Aug 13 20:17:56 2023 Richard Le Noir (Red) [Headshot] Vagabond (Blue)
Sun Aug 13 20:17:58 2023 EMART (Blue) [Headshot] X3M (Red)
Sun Aug 13 20:17:58 2023 EMART (Blue) [Headshot] SMG noob (Red)
Sun Aug 13 20:18:00 2023 [Global] Vagabond (Blue): ouch kurwa
Sun Aug 13 20:18:02 2023 Gupfus (Red) [SMG] ItsLeopoldo96 (Blue)
Sun Aug 13 20:18:08 2023 [Global] Richard Le Noir (Red): KURWA JA PIERDOLE
Sun Aug 13 20:18:11 2023 [Global] Vagabond (Blue): ah!
Sun Aug 13 20:18:17 2023 [Global] ItsLeopoldo96 (Blue): *le twerkea a vagabond*
Sun Aug 13 20:18:18 2023  Visit our community forums at https://aloha.pk/
Sun Aug 13 20:18:18 2023 Harry (Blue) [Rifle] Axel (Red)
Sun Aug 13 20:18:20 2023 [Global] Richard Le Noir (Red): ok nvm
Sun Aug 13 20:18:21 2023 Gupfus (Red) [Headshot] HqZon (Blue)
Sun Aug 13 20:18:23 2023 Vagabond (Blue) [Rifle] Gupfus (Red)
Sun Aug 13 20:18:25 2023 You must be closer to the enemy's base to shoot blocks!
Sun Aug 13 20:18:27 2023 Vagabond picked up Red's Intel.
Sun Aug 13 20:18:31 2023 Richard Le Noir (Red) [Headshot] Drewbski (Blue)
Sun Aug 13 20:18:31 2023 Harry (Blue) [Headshot] Richard Le Noir (Red)
Sun Aug 13 20:18:38 2023 Harry (Blue) [Headshot] Jake (Red)
Sun Aug 13 20:18:43 2023 Harry (Blue) [Headshot] Gupfus (Red)
Sun Aug 13 20:18:43 2023 Vagabond captured Red's Intel.
Sun Aug 13 20:18:48 2023  Come chat with us at https://discord.aloha.pk/
Sun Aug 13 20:18:49 2023 ItsLeopoldo96 picked up Red's Intel.
Sun Aug 13 20:18:49 2023 ItsLeopoldo96 dropped Red's Intel
Sun Aug 13 20:18:49 2023 Richard Le Noir (Red) [Headshot] ItsLeopoldo96 (Blue)
Sun Aug 13 20:18:54 2023 HqZon picked up Red's Intel.
Sun Aug 13 20:18:54 2023 Axel (Red) [Team Change]
Sun Aug 13 20:18:56 2023 Harry (Blue) [Headshot] Richard Le Noir (Red)
Sun Aug 13 20:18:58 2023 Gupfus (Red) [SMG] Harry (Blue)
Sun Aug 13 20:18:58 2023 HqZon (Blue) [SMG] beer-me (Red)
Sun Aug 13 20:18:58 2023 HqZon dropped Red's Intel
Sun Aug 13 20:18:58 2023  The intel has returned to the heavens
Sun Aug 13 20:18:58 2023 HqZon (Blue) [Fall]
Sun Aug 13 20:18:59 2023 fard joined Red team
Sun Aug 13 20:19:00 2023 Vagabond (Blue) [Headshot] Gupfus (Red)
Sun Aug 13 20:19:01 2023  No proxy allowed
Sun Aug 13 20:19:01 2023  fard was banned.
Sun Aug 13 20:19:01 2023 Player fard has left
Sun Aug 13 20:19:02 2023 Axel joined Spectator team
Sun Aug 13 20:19:07 2023 Vagabond picked up Red's Intel.
Sun Aug 13 20:19:12 2023 Richard Le Noir (Red) [Headshot] ItsLeopoldo96 (Blue)
Sun Aug 13 20:19:15 2023 [Global] Vagabond (Blue): gg
Sun Aug 13 20:19:15 2023 You must be closer to the enemy's base to shoot blocks!
Sun Aug 13 20:19:18 2023 Gupfus (Red) [Headshot] Harry (Blue)
Sun Aug 13 20:19:18 2023  If you believe a player is breaking the rules, please let us know with /ADMIN
Sun Aug 13 20:19:22 2023 azato83 (Blue) [Grenade]
Sun Aug 13 20:19:23 2023 Player azato83 has left
Sun Aug 13 20:19:25 2023 Drewbski (Blue) [Rifle] beer-me (Red)
Sun Aug 13 20:19:25 2023 Vagabond captured Red's Intel.
Sun Aug 13 20:19:36 2023 Playerr joined Blue team
Sun Aug 13 20:19:42 2023 You must be closer to the enemy's base to shoot blocks!
Sun Aug 13 20:19:42 2023 Axel joined Red team
Sun Aug 13 20:19:43 2023 Vagabond (Blue) [Headshot] Gupfus (Red)
Sun Aug 13 20:19:47 2023 Richard Le Noir (Red) [Rifle] ItsLeopoldo96 (Blue)
Sun Aug 13 20:19:48 2023  Mahalo for playing aloha.pk tower of babel
Sun Aug 13 20:19:50 2023 Jake (Red) [Headshot] Yuriy (Blue)
Sun Aug 13 20:19:50 2023 Drewbski (Blue) [Headshot] Richard Le Noir (Red)
Sun Aug 13 20:19:53 2023 X3M (Red) [Fall]
Sun Aug 13 20:19:53 2023 Vagabond picked up Red's Intel.
Sun Aug 13 20:19:54 2023 Player ItsLeopoldo96 has left
Sun Aug 13 20:19:56 2023 Vagabond dropped Red's Intel
Sun Aug 13 20:19:56 2023 Gupfus (Red) [SMG] Vagabond (Blue)
Sun Aug 13 20:19:57 2023 Axel (Red) [Team Change]
Sun Aug 13 20:19:57 2023 Harry (Blue) [Headshot] Gupfus (Red)
Sun Aug 13 20:19:59 2023 Player Gupfus has left
Sun Aug 13 20:20:01 2023 Drewbski (Blue) [Headshot] Richard Le Noir (Red)
Sun Aug 13 20:20:02 2023 Axel joined Blue team
Sun Aug 13 20:20:04 2023 Harry (Blue) [Headshot] X3M (Red)
Sun Aug 13 20:20:06 2023 Richard Le Noir (Red) [Headshot] Drewbski (Blue)
Sun Aug 13 20:20:06 2023 Harry (Blue) [Headshot] Richard Le Noir (Red)
Sun Aug 13 20:20:10 2023 Harry (Blue) [Headshot] SMG noob (Red)
Sun Aug 13 20:20:12 2023 Playerr picked up Red's Intel.
Sun Aug 13 20:20:17 2023 Harry (Blue) [Headshot] X3M (Red)
Sun Aug 13 20:20:17 2023 SMG noob (Red) [SMG] Harry (Blue)
Sun Aug 13 20:20:18 2023  Build a tower to get the enemy's intel. Take it to your team's tent to win!
Sun Aug 13 20:20:21 2023 Jake (Red) [Headshot] Yuriy (Blue)
Sun Aug 13 20:20:26 2023 Playerr captured Red's Intel.
Sun Aug 13 20:20:26 2023  With 752 blocks placed, Yuriy is granted the right to unleash the apocalypse.
Sun Aug 13 20:20:26 2023 Vagabond (Blue) [Headshot] SMG noob (Red)
Sun Aug 13 20:20:30 2023 Richard Le Noir (Red) [Rifle] Vagabond (Blue)
Sun Aug 13 20:20:31 2023 Richard Le Noir (Red) [Headshot] Axel (Blue)
Sun Aug 13 20:20:37 2023 Richard Le Noir (Red) [Headshot] Drewbski (Blue)
Sun Aug 13 20:20:39 2023 Jake (Red) [Grenade] HqZon (Blue)
Sun Aug 13 20:20:42 2023 Playerr picked up Red's Intel.
Sun Aug 13 20:20:42 2023 Playerr dropped Red's Intel
Sun Aug 13 20:20:42 2023 Richard Le Noir (Red) [Headshot] Playerr (Blue)
Sun Aug 13 20:20:48 2023  Type /HELP for info & commands
Sun Aug 13 20:20:50 2023 SMG noob (Red) [Team Change]
Sun Aug 13 20:20:50 2023 SMG noob joined Spectator team
Sun Aug 13 20:20:51 2023 Harry (Blue) [Headshot] Richard Le Noir (Red)
Sun Aug 13 20:20:52 2023 Harry picked up Red's Intel.
Sun Aug 13 20:20:53 2023 Jake (Red) [Headshot] Yuriy (Blue)
Sun Aug 13 20:20:54 2023 SMG noob joined Red team
Sun Aug 13 20:21:02 2023 Player Playerr has left
Sun Aug 13 20:21:04 2023 CocoThunder joined Red team
Sun Aug 13 20:21:07 2023 SMG noob (Red) [SMG] Axel (Blue)
Sun Aug 13 20:21:07 2023 Harry captured Red's Intel.
Sun Aug 13 20:21:09 2023 beer-me (Red) [Fall]
Sun Aug 13 20:21:10 2023 Richard Le Noir (Red) [Headshot] Vagabond (Blue)
Sun Aug 13 20:21:18 2023  Visit our community forums at https://aloha.pk/
Sun Aug 13 20:21:19 2023 CocoThunder (Red) [Headshot] Drewbski (Blue)
Sun Aug 13 20:21:23 2023 Player Drewbski has left
Sun Aug 13 20:21:23 2023 Harry (Blue) [Headshot] SMG noob (Red)
Sun Aug 13 20:21:25 2023 Harry (Blue) [Headshot] CocoThunder (Red)
Sun Aug 13 20:21:28 2023 Harry picked up Red's Intel.
Sun Aug 13 20:21:33 2023 [Global] Vagabond (Blue): KURWA SUPER BAD SMELL ASS DISGUSTING
Sun Aug 13 20:21:37 2023 [Global] SMG noob (Red): i said dont use red blocks and someone keeps using red blocks
Sun Aug 13 20:21:37 2023 Harry dropped Red's Intel
Sun Aug 13 20:21:37 2023 Richard Le Noir (Red) [Headshot] Harry (Blue)
Sun Aug 13 20:21:40 2023 SMG noob (Red) [Team Change]
Sun Aug 13 20:21:40 2023 Jake (Red) [Headshot] HqZon (Blue)
Sun Aug 13 20:21:45 2023 [Global] SMG noob (Red): im back to blue team
Sun Aug 13 20:21:45 2023 Jake (Red) [Headshot] EMART (Blue)
Sun Aug 13 20:21:46 2023 Drewbski joined Red team
Sun Aug 13 20:21:48 2023  Come chat with us at https://discord.aloha.pk/
Sun Aug 13 20:21:50 2023 [Global] Richard Le Noir (Red): red team suck dick
Sun Aug 13 20:21:50 2023 SMG noob joined Blue team
Sun Aug 13 20:21:52 2023 Vagabond picked up Red's Intel.
Sun Aug 13 20:21:52 2023 Richard Le Noir (Red) [Team Change]
Sun Aug 13 20:22:02 2023 Drewbski (Red) [Fall]
Sun Aug 13 20:22:02 2023 Richard Le Noir joined Blue team
Sun Aug 13 20:22:02 2023 Player Drewbski has left
Sun Aug 13 20:22:03 2023 [Global] Vagabond (Blue): ITS THE VAGINABOND EFFECT DONT CRY
Sun Aug 13 20:22:07 2023 SMG noob (Blue) [Headshot] CocoThunder (Red)
Sun Aug 13 20:22:10 2023 Vagabond captured Red's Intel.
Sun Aug 13 20:22:11 2023 SMG noob picked up Red's Intel.
Sun Aug 13 20:22:16 2023 beer-me (Red) [Headshot] Harry (Blue)
Sun Aug 13 20:22:18 2023  If you believe a player is breaking the rules, please let us know with /ADMIN
Sun Aug 13 20:22:23 2023 CocoThunder (Red) [Headshot] Yuriy (Blue)
Sun Aug 13 20:22:24 2023 [Global] Richard Le Noir (Blue): what the fuck are you doing
Sun Aug 13 20:22:26 2023 Drewbski joined Red team
Sun Aug 13 20:22:26 2023 SMG noob captured Red's Intel.
Sun Aug 13 20:22:26 2023 HqZon (Blue) [SMG] Jake (Red)
Sun Aug 13 20:22:28 2023 Vagabond (Blue) [Headshot] CocoThunder (Red)
Sun Aug 13 20:22:31 2023  Yuriy has unleashed an apocalypse from God.
Sun Aug 13 20:22:32 2023 Vagabond picked up Red's Intel.
Sun Aug 13 20:22:33 2023  The apocalypse begins in 5
Sun Aug 13 20:22:34 2023  The apocalypse begins in 4
Sun Aug 13 20:22:35 2023  The apocalypse begins in 3
Sun Aug 13 20:22:36 2023  The apocalypse begins in 2
Sun Aug 13 20:22:36 2023 Vagabond dropped Red's Intel
Sun Aug 13 20:22:36 2023 Jake (Red) [Rifle] Vagabond (Blue)
Sun Aug 13 20:22:37 2023  The apocalypse begins in 1
Sun Aug 13 20:22:38 2023 SMG noob picked up Red's Intel.
Sun Aug 13 20:22:40 2023 Yuriy (Blue) [Grenade] Drewbski (Red)
Sun Aug 13 20:22:43 2023 Player Drewbski has left
Sun Aug 13 20:22:48 2023 Axel (Blue) [Fall]
Sun Aug 13 20:22:48 2023  Mahalo for playing aloha.pk tower of babel
Sun Aug 13 20:22:50 2023 SMG noob captured Red's Intel.
Sun Aug 13 20:22:50 2023 CocoThunder (Red) [Headshot] Yuriy (Blue)
Sun Aug 13 20:22:51 2023  The apocalypse has ended.
Sun Aug 13 20:22:57 2023 CocoThunder (Red) [Rifle] Vagabond (Blue)
Sun Aug 13 20:23:04 2023 Harry (Blue) [Headshot] X3M (Red)
Sun Aug 13 20:23:05 2023 CocoThunder (Red) [Headshot] SMG noob (Blue)
Sun Aug 13 20:23:07 2023 CocoThunder (Red) [Headshot] Harry (Blue)
Sun Aug 13 20:23:11 2023 Jake (Red) [Fall]
Sun Aug 13 20:23:11 2023 CocoThunder (Red) [Headshot] Richard Le Noir (Blue)
Sun Aug 13 20:23:17 2023 [Global] CocoThunder (Red): k1
Sun Aug 13 20:23:18 2023  Build a tower to get the enemy's intel. Take it to your team's tent to win!
Sun Aug 13 20:23:21 2023 Drewbski joined Red team
Sun Aug 13 20:23:26 2023 Vagabond (Blue) [Rifle] CocoThunder (Red)
Sun Aug 13 20:23:30 2023 Drewbski (Red) [Headshot] Harry (Blue)
Sun Aug 13 20:23:30 2023 Vagabond picked up Red's Intel.
Sun Aug 13 20:23:30 2023 Vagabond (Blue) [Headshot] Drewbski (Red)
Sun Aug 13 20:23:32 2023 SMG noob (Blue) [SMG] CocoThunder (Red)
Sun Aug 13 20:23:37 2023 [Global] Vagabond (Blue): GG
Sun Aug 13 20:23:42 2023 Jake (Red) [Headshot] EMART (Blue)
Sun Aug 13 20:23:43 2023 CocoThunder (Red) [Headshot] SMG noob (Blue)
Sun Aug 13 20:23:45 2023 r3algood joined Red team
Sun Aug 13 20:23:45 2023 CocoThunder (Red) [Headshot] Yuriy (Blue)
Sun Aug 13 20:23:46 2023 X3M (Red) [Headshot] Richard Le Noir (Blue)
Sun Aug 13 20:23:48 2023  Type /HELP for info & commands
Sun Aug 13 20:23:53 2023 Vagabond captured Red's Intel.
Sun Aug 13 20:23:53 2023 Blue Wins!
Sun Aug 13 20:23:53 2023  Game finished! Next map: stadium.
Sun Aug 13 20:23:54 2023 [Global] SMG noob (Blue): bad game
Sun Aug 13 20:23:55 2023 Richard Le Noir (Blue) [Headshot] Jake (Red)
Sun Aug 13 20:23:55 2023 Richard Le Noir (Blue) [Headshot] CocoThunder (Red)
Sun Aug 13 20:23:56 2023 Harry (Blue) [Headshot] X3M (Red)
Sun Aug 13 20:23:56 2023 HqZon (Blue) [SMG] X3M (Red)
Sun Aug 13 20:23:56 2023 HqZon (Blue) [Headshot] Drewbski (Red)
Sun Aug 13 20:23:56 2023 Richard Le Noir (Blue) [Rifle] Drewbski (Red)
Sun Aug 13 20:23:57 2023 HqZon (Blue) [Headshot] beer-me (Red)
Sun Aug 13 20:23:57 2023 SMG noob (Blue) [Headshot] r3algood (Red)
Sun Aug 13 20:23:57 2023 HqZon (Blue) [Headshot] beer-me (Red)
Sun Aug 13 20:23:57 2023 SMG noob (Blue) [Headshot] r3algood (Red)
Sun Aug 13 20:23:58 2023 [Global] CocoThunder (Red): gg
Sun Aug 13 20:23:59 2023 [Global] Richard Le Noir (Blue): suck dick
Sun Aug 13 20:24:01 2023 SMG noob picked up Red's Intel.
Sun Aug 13 20:24:01 2023 [Global] Richard Le Noir (Blue): penis cock ass
Sun Aug 13 20:24:05 2023 ------ World Unloaded ------
Sun Aug 13 20:24:32 2023 ------ World Loaded ------
Sun Aug 13 20:24:32 2023 r3algood joined Blue team
Sun Aug 13 20:24:32 2023 CocoThunder joined Blue team
Sun Aug 13 20:24:32 2023 HqZon joined Red team
Sun Aug 13 20:24:32 2023 Jake joined Red team
Sun Aug 13 20:24:32 2023 Ricky Spanish joined Blue team
Sun Aug 13 20:24:32 2023 HqZon (Red) [Team Change]
Sun Aug 13 20:24:32 2023 SMG noob joined Red team
Sun Aug 13 20:24:32 2023 Welcome to aloha.pk tower of babel
Sun Aug 13 20:24:32 2023 Richard Le Noir joined Red team
Sun Aug 13 20:24:34 2023 Map: stadium by Dany0
Sun Aug 13 20:24:36 2023 Game mode: Tower of Babel by Yourself, modified by izzy
Sun Aug 13 20:24:37 2023 X3M joined Blue team
Sun Aug 13 20:24:38 2023 Build a tower to get the enemy's intel. Take it to your team's tent to win!
Sun Aug 13 20:24:38 2023 Vagabond joined Red team
Sun Aug 13 20:24:39 2023 HqZon joined Blue team
Sun Aug 13 20:24:40 2023 Visit our community forums at https://aloha.pk/
Sun Aug 13 20:24:40 2023 Player CocoThunder has left
Sun Aug 13 20:24:42 2023 Come chat with us at https://discord.aloha.pk/
Sun Aug 13 20:24:43 2023 Axel joined Spectator team
Sun Aug 13 20:24:45 2023 [Global] Vagabond (Red): RQ
Sun Aug 13 20:24:46 2023 SMG noob (Red) [SMG] Ricky Spanish (Blue)
Sun Aug 13 20:24:47 2023 [Global] Richard Le Noir (Red): I'M GOING TO USE THE FUCKING RED BLOCKS AND YOU'RE GOING TO FUCKING LIKE IT
Sun Aug 13 20:24:49 2023 Player Ricky Spanish has left
Sun Aug 13 20:24:53 2023 EMART joined Red team
Sun Aug 13 20:24:53 2023 [Global] Vagabond (Red): ME TOO
Sun Aug 13 20:24:58 2023 Axel joined Red team
Sun Aug 13 20:25:02 2023 CocoThunder joined Blue team
Sun Aug 13 20:25:10 2023 You must be closer to the enemy's base to shoot blocks!
Sun Aug 13 20:25:13 2023 Harry (Blue) [Headshot] SMG noob (Red)
Sun Aug 13 20:25:19 2023  If you believe a player is breaking the rules, please let us know with /ADMIN
Sun Aug 13 20:25:24 2023 Harry (Blue) [Headshot] SMG noob (Red)
Sun Aug 13 20:25:31 2023 You must be closer to the enemy's base to shoot blocks!
Sun Aug 13 20:25:34 2023 Harry (Blue) [Headshot] Jake (Red)
Sun Aug 13 20:25:37 2023 Harry (Blue) [Headshot] Axel (Red)
Sun Aug 13 20:25:42 2023 Player CocoThunder has left
Sun Aug 13 20:25:43 2023 Harry (Blue) [Headshot] SMG noob (Red)
Sun Aug 13 20:25:48 2023  Mahalo for playing aloha.pk tower of babel
Sun Aug 13 20:25:51 2023 Jake (Red) [SMG] HqZon (Blue)
Sun Aug 13 20:25:52 2023 Harry (Blue) [Headshot] EMART (Red)
Sun Aug 13 20:25:55 2023 Harry (Blue) [Headshot] Jake (Red)
Sun Aug 13 20:26:00 2023 CocoThunder joined Blue team
Sun Aug 13 20:26:16 2023 CocoThunder (Blue) [Headshot] Richard Le Noir (Red)
Sun Aug 13 20:26:18 2023  Build a tower to get the enemy's intel. Take it to your team's tent to win!
Sun Aug 13 20:26:21 2023 Harry (Blue) [Headshot] SMG noob (Red)
Sun Aug 13 20:26:25 2023 Harry (Blue) [Headshot] Axel (Red)
Sun Aug 13 20:26:28 2023 You must be closer to the enemy's base to shoot blocks!
Sun Aug 13 20:26:29 2023 Jake (Red) [SMG] CocoThunder (Blue)
Sun Aug 13 20:26:30 2023 You must be closer to the enemy's base to shoot blocks!
Sun Aug 13 20:26:33 2023 Only 10 more kills in your killstreak until you unlock the apocalypse!
Sun Aug 13 20:26:33 2023 You need 1 intel capture(s) to unlock the apocalypse!
Sun Aug 13 20:26:33 2023 Harry (Blue) [Headshot] Jake (Red)
Sun Aug 13 20:26:40 2023 Axel (Red) [Headshot] Harry (Blue)
Sun Aug 13 20:26:48 2023  Type /HELP for info & commands
Sun Aug 13 20:26:50 2023 CocoThunder (Blue) [Headshot] Axel (Red)
Sun Aug 13 20:26:51 2023 r3algood (Blue) [Rifle] SMG noob (Red)
Sun Aug 13 20:27:05 2023 CocoThunder (Blue) [Headshot] EMART (Red)
Sun Aug 13 20:27:06 2023 CocoThunder (Blue) [Headshot] Jake (Red)
Sun Aug 13 20:27:13 2023 SMG noob (Red) [SMG] CocoThunder (Blue)
Sun Aug 13 20:27:14 2023 Harry (Blue) [Headshot] Richard Le Noir (Red)
Sun Aug 13 20:27:15 2023 Axel (Red) [Fall]
Sun Aug 13 20:27:18 2023  Visit our community forums at https://aloha.pk/
Sun Aug 13 20:27:21 2023 SMG noob (Red) [Headshot] Harry (Blue)
Sun Aug 13 20:27:26 2023 SMG noob (Red) [SMG] CocoThunder (Blue)
Sun Aug 13 20:27:27 2023 HqZon (Blue) [Headshot] Vagabond (Red)
Sun Aug 13 20:27:31 2023 HqZon (Blue) [SMG] Axel (Red)
Sun Aug 13 20:27:32 2023 HqZon (Blue) [Headshot] Richard Le Noir (Red)
Sun Aug 13 20:27:32 2023 SMG noob (Red) [Headshot] X3M (Blue)
Sun Aug 13 20:27:36 2023 Harry (Blue) [Headshot] SMG noob (Red)
Sun Aug 13 20:27:41 2023 Richard Le Noir (Red) [Headshot] HqZon (Blue)
Sun Aug 13 20:27:45 2023 Harry (Blue) [Headshot] Jake (Red)
Sun Aug 13 20:27:48 2023  Come chat with us at https://discord.aloha.pk/
Sun Aug 13 20:27:53 2023 EMART (Red) [SMG] Harry (Blue)
Sun Aug 13 20:27:56 2023 EMART (Red) [SMG] r3algood (Blue)
Sun Aug 13 20:28:00 2023 [Global] Vagabond (Red): You must be closer to the enemy's body to suck cocks!
Sun Aug 13 20:28:04 2023 CocoThunder (Blue) [Headshot] SMG noob (Red)
Sun Aug 13 20:28:17 2023 Harry (Blue) [Rifle] EMART (Red)
Sun Aug 13 20:28:18 2023  If you believe a player is breaking the rules, please let us know with /ADMIN
Sun Aug 13 20:28:19 2023 CocoThunder (Blue) [Rifle] Vagabond (Red)
Sun Aug 13 20:28:21 2023 SMG noob (Red) [Headshot] CocoThunder (Blue)
Sun Aug 13 20:28:25 2023 You must be closer to the enemy's base to shoot blocks!
Sun Aug 13 20:28:32 2023 HqZon (Blue) [Headshot] SMG noob (Red)
Sun Aug 13 20:28:32 2023 Harry (Blue) [Headshot] Jake (Red)
Sun Aug 13 20:28:34 2023 Gabrielvecks joined Red team
Sun Aug 13 20:28:41 2023 EMART (Red) [Headshot] Harry (Blue)
Sun Aug 13 20:28:49 2023  Mahalo for playing aloha.pk tower of babel
Sun Aug 13 20:28:59 2023 HqZon (Blue) [Headshot] Vagabond (Red)
Sun Aug 13 20:29:02 2023 Harry (Blue) [Headshot] Jake (Red)
Sun Aug 13 20:29:07 2023 SMG noob (Red) [SMG] Harry (Blue)
Sun Aug 13 20:29:07 2023 Jake (Red) [Weapon Change]
Sun Aug 13 20:29:11 2023 azato83 joined Blue team
Sun Aug 13 20:29:19 2023  Build a tower to get the enemy's intel. Take it to your team's tent to win!
Sun Aug 13 20:29:20 2023 CocoThunder (Blue) [Headshot] Vagabond (Red)
Sun Aug 13 20:29:29 2023 Gabrielvecks (Red) [SMG] HqZon (Blue)
Sun Aug 13 20:29:39 2023 SMG noob (Red) [Headshot] Harry (Blue)
Sun Aug 13 20:29:39 2023 CocoThunder (Blue) [Headshot] Vagabond (Red)
Sun Aug 13 20:29:45 2023 Gabrielvecks (Red) [Headshot] CocoThunder (Blue)
Sun Aug 13 20:29:48 2023 SMG noob (Red) [Headshot] X3M (Blue)
Sun Aug 13 20:29:49 2023  Type /HELP for info & commands
Sun Aug 13 20:29:54 2023 DAGA joined Blue team
Sun Aug 13 20:29:55 2023 r3algood (Blue) [Rifle] SMG noob (Red)
Sun Aug 13 20:29:56 2023 GOMIC joined Blue team
Sun Aug 13 20:30:06 2023 azato83 (Blue) [Team Change]
Sun Aug 13 20:30:08 2023 Harry (Blue) [Headshot] Gabrielvecks (Red)
Sun Aug 13 20:30:10 2023 You must be closer to the enemy's base to shoot blocks!
Sun Aug 13 20:30:11 2023 Harry (Blue) [Headshot] EMART (Red)
Sun Aug 13 20:30:11 2023 Jake (Red) [Rifle] HqZon (Blue)
Sun Aug 13 20:30:14 2023 azato83 joined Red team
Sun Aug 13 20:30:15 2023 SMG noob (Red) [Headshot] CocoThunder (Blue)
Sun Aug 13 20:30:19 2023  Visit our community forums at https://aloha.pk/
Sun Aug 13 20:30:19 2023 HqZon (Blue) [Headshot] Jake (Red)
Sun Aug 13 20:30:25 2023 EMART (Red) [SMG] Harry (Blue)
Sun Aug 13 20:30:30 2023 EMART (Red) [Headshot] HqZon (Blue)
Sun Aug 13 20:30:34 2023 SMG noob (Red) [Headshot] DAGA (Blue)
Sun Aug 13 20:30:38 2023 EMART (Red) [SMG] GOMIC (Blue)
Sun Aug 13 20:30:40 2023 CocoThunder (Blue) [Headshot] SMG noob (Red)
Sun Aug 13 20:30:45 2023 Harry (Blue) [Headshot] EMART (Red)
Sun Aug 13 20:30:46 2023 EMART (Red) [Grenade] Harry (Blue)
Sun Aug 13 20:30:49 2023  Come chat with us at https://discord.aloha.pk/
Sun Aug 13 20:30:51 2023 azato83 (Red) [Headshot] r3algood (Blue)
Sun Aug 13 20:30:51 2023 azato83 (Red) [Fall]
Sun Aug 13 20:31:00 2023 Richard Le Noir (Red) [Rifle] DAGA (Blue)
Sun Aug 13 20:31:07 2023 r3algood (Blue) [Headshot] Jake (Red)
Sun Aug 13 20:31:07 2023 Richard Le Noir (Red) [Headshot] HqZon (Blue)
Sun Aug 13 20:31:10 2023 Harry (Blue) [Headshot] Vagabond (Red)
Sun Aug 13 20:31:11 2023 Harry (Blue) [Headshot] Gabrielvecks (Red)
Sun Aug 13 20:31:12 2023 CocoThunder (Blue) [Headshot] SMG noob (Red)
Sun Aug 13 20:31:14 2023 HqZon joined Red team
Sun Aug 13 20:31:17 2023 Harry (Blue) [Headshot] azato83 (Red)
Sun Aug 13 20:31:18 2023 Richard Le Noir (Red) [Headshot] Harry (Blue)
Sun Aug 13 20:31:19 2023  If you believe a player is breaking the rules, please let us know with /ADMIN
Sun Aug 13 20:31:31 2023 EMART (Red) [SMG] GOMIC (Blue)
Sun Aug 13 20:31:41 2023 Richard Le Noir (Red) [Fall]
Sun Aug 13 20:31:45 2023 azato83 (Red) [Fall]
Sun Aug 13 20:31:49 2023  Mahalo for playing aloha.pk tower of babel
Sun Aug 13 20:31:50 2023 SMG noob (Red) [Headshot] CocoThunder (Blue)
Sun Aug 13 20:31:51 2023 HqZon picked up Blue's Intel.
Sun Aug 13 20:31:52 2023 Harry (Blue) [Rifle] Vagabond (Red)
Sun Aug 13 20:31:59 2023 Harry (Blue) [Headshot] Gabrielvecks (Red)
Sun Aug 13 20:32:01 2023 Harry (Blue) [Headshot] Axel (Red)
Sun Aug 13 20:32:02 2023 EMART (Red) [Headshot] X3M (Blue)
Sun Aug 13 20:32:08 2023 HqZon dropped Blue's Intel
Sun Aug 13 20:32:08 2023 CocoThunder (Blue) [Headshot] HqZon (Red)
Sun Aug 13 20:32:12 2023 CocoThunder (Blue) [Headshot] Jake (Red)
Sun Aug 13 20:32:19 2023  Build a tower to get the enemy's intel. Take it to your team's tent to win!
Sun Aug 13 20:32:20 2023 DAGA (Blue) [Grenade]
Sun Aug 13 20:32:24 2023 GOMIC (Blue) [SMG] EMART (Red)
Sun Aug 13 20:32:25 2023 Axel (Red) [Fall]
Sun Aug 13 20:32:28 2023 Harry (Blue) [Headshot] HqZon (Red)
Sun Aug 13 20:32:29 2023 Harry (Blue) [Headshot] Jake (Red)
Sun Aug 13 20:32:34 2023 r3algood (Blue) [Rifle] Richard Le Noir (Red)
Sun Aug 13 20:32:42 2023 Harry (Blue) [Headshot] azato83 (Red)
Sun Aug 13 20:32:45 2023 EMART (Red) [SMG] GOMIC (Blue)
Sun Aug 13 20:32:49 2023 Harry (Blue) [Headshot] Gabrielvecks (Red)
Sun Aug 13 20:32:49 2023  Type /HELP for info & commands
Sun Aug 13 20:32:49 2023 EMART (Red) [Headshot] X3M (Blue)
Sun Aug 13 20:32:50 2023 DAGA (Blue) [Fall]
Sun Aug 13 20:32:54 2023 EMART (Red) [Headshot] Harry (Blue)
Sun Aug 13 20:32:54 2023 Richard Le Noir (Red) [Rifle] r3algood (Blue)
Sun Aug 13 20:33:07 2023 Jake (Red) [Headshot] X3M (Blue)
Sun Aug 13 20:33:10 2023 Axel (Red) [Fall]
Sun Aug 13 20:33:11 2023 Harry (Blue) [Headshot] EMART (Red)
Sun Aug 13 20:33:19 2023  Visit our community forums at https://aloha.pk/
Sun Aug 13 20:33:23 2023 Jake (Red) [Headshot] Harry (Blue)
Sun Aug 13 20:33:31 2023 CocoThunder (Blue) [Headshot] Vagabond (Red)
Sun Aug 13 20:33:31 2023 HqZon (Red) [Fall]
Sun Aug 13 20:33:33 2023 Harry (Blue) [Headshot] EMART (Red)
Sun Aug 13 20:33:37 2023 Axel (Red) [Fall]
Sun Aug 13 20:33:39 2023 GOMIC picked up Red's Intel.
Sun Aug 13 20:33:40 2023 Gabrielvecks (Red) [Fall]
Sun Aug 13 20:33:43 2023 GOMIC dropped Red's Intel
Sun Aug 13 20:33:43 2023  The intel has returned to the heavens
Sun Aug 13 20:33:43 2023 GOMIC (Blue) [Fall]
Sun Aug 13 20:33:43 2023 You must be closer to the enemy's base to shoot blocks!
Sun Aug 13 20:33:44 2023 EMART (Red) [SMG] r3algood (Blue)
Sun Aug 13 20:33:45 2023 You must be closer to the enemy's base to shoot blocks!
Sun Aug 13 20:33:46 2023 Jake (Red) [Headshot] CocoThunder (Blue)
Sun Aug 13 20:33:49 2023  Come chat with us at https://discord.aloha.pk/
Sun Aug 13 20:33:50 2023 Jakkz_ joined Blue team
Sun Aug 13 20:33:53 2023 Richard Le Noir (Red) [Fall]
Sun Aug 13 20:33:53 2023 SMG noob (Red) [SMG] r3algood (Blue)
Sun Aug 13 20:33:55 2023 SMG noob (Red) [SMG] GOMIC (Blue)
Sun Aug 13 20:33:59 2023 SMG noob (Red) [SMG] Jakkz_ (Blue)
Sun Aug 13 20:34:00 2023 You must be closer to the enemy's base to shoot blocks!
Sun Aug 13 20:34:00 2023 You must be closer to the enemy's base to shoot blocks!
Sun Aug 13 20:34:02 2023 SMG noob (Red) [Headshot] CocoThunder (Blue)
Sun Aug 13 20:34:09 2023 Harry (Blue) [Rifle] Axel (Red)
Sun Aug 13 20:34:11 2023 Harry (Blue) [Headshot] Jake (Red)
Sun Aug 13 20:34:13 2023 azato83 (Red) [SMG] X3M (Blue)
Sun Aug 13 20:34:15 2023 Player Jake has left
Sun Aug 13 20:34:16 2023 You must be closer to the enemy's base to shoot blocks!
Sun Aug 13 20:34:17 2023 HqZon (Red) [Headshot] Harry (Blue)
Sun Aug 13 20:34:19 2023  If you believe a player is breaking the rules, please let us know with /ADMIN
Sun Aug 13 20:34:23 2023 HqZon (Red) [Fall]
Sun Aug 13 20:34:29 2023 [Global] SMG noob (Red): k5
Sun Aug 13 20:34:32 2023 HqZon (Red) [Weapon Change]
Sun Aug 13 20:34:49 2023  Mahalo for playing aloha.pk tower of babel
Sun Aug 13 20:34:54 2023 azato83 (Red) [SMG] Harry (Blue)
Sun Aug 13 20:35:08 2023 GOMIC picked up Red's Intel.
Sun Aug 13 20:35:09 2023 azato83 (Red) [Headshot] DAGA (Blue)
Sun Aug 13 20:35:14 2023 GOMIC dropped Red's Intel
Sun Aug 13 20:35:14 2023 Vagabond (Red) [Headshot] GOMIC (Blue)
Sun Aug 13 20:35:16 2023 DAGA (Blue) [Weapon Change]
Sun Aug 13 20:35:19 2023  Build a tower to get the enemy's intel. Take it to your team's tent to win!
Sun Aug 13 20:35:26 2023 r3algood (Blue) [Headshot] Gabrielvecks (Red)
Sun Aug 13 20:35:30 2023 Harry (Blue) [Rifle] Axel (Red)
Sun Aug 13 20:35:39 2023  X3M has reached 1000 blocks placed! /heaven unlocked.
Sun Aug 13 20:35:49 2023 Harry (Blue) [Rifle] Richard Le Noir (Red)
Sun Aug 13 20:35:49 2023  Type /HELP for info & commands
Sun Aug 13 20:35:51 2023 Vagabond (Red) [SMG] GOMIC (Blue)
Sun Aug 13 20:35:54 2023 Harry (Blue) [Headshot] Vagabond (Red)
Sun Aug 13 20:36:06 2023 Jakkz_ (Blue) [Headshot] azato83 (Red)
Sun Aug 13 20:36:19 2023  Visit our community forums at https://aloha.pk/
Sun Aug 13 20:36:35 2023 DAGA (Blue) [Rifle] HqZon (Red)
Sun Aug 13 20:36:39 2023 Richard Le Noir picked up Blue's Intel.
Sun Aug 13 20:36:49 2023  Come chat with us at https://discord.aloha.pk/
Sun Aug 13 20:36:51 2023 azato83 (Red) [Headshot] Jakkz_ (Blue)
Sun Aug 13 20:37:12 2023 Vagabond (Red) [Fall]
Sun Aug 13 20:37:12 2023 [Global] Vagabond (Red): omg
Sun Aug 13 20:37:14 2023 [Global] Vagabond (Red): LOL
Sun Aug 13 20:37:14 2023 Richard Le Noir captured Blue's Intel.
Sun Aug 13 20:37:19 2023  If you believe a player is breaking the rules, please let us know with /ADMIN
Sun Aug 13 20:37:21 2023 Richard Le Noir (Red) [Rifle] GOMIC (Blue)
Sun Aug 13 20:37:23 2023 SMG noob (Red) [SMG] CocoThunder (Blue)
Sun Aug 13 20:37:24 2023 Harry (Blue) [Headshot] EMART (Red)
Sun Aug 13 20:37:28 2023 Harry (Blue) [Headshot] Vagabond (Red)
Sun Aug 13 20:37:31 2023 EMART (Red) [SMG] DAGA (Blue)
Sun Aug 13 20:37:32 2023 SMG noob (Red) [Headshot] CocoThunder (Blue)
Sun Aug 13 20:37:39 2023 GOMIC (Blue) [Headshot] azato83 (Red)
Sun Aug 13 20:37:41 2023 SMG noob (Red) [Headshot] DAGA (Blue)
Sun Aug 13 20:37:42 2023 [Global] azato83 (Red): oooo por blue
Sun Aug 13 20:37:43 2023 SMG noob (Red) [Headshot] CocoThunder (Blue)
Sun Aug 13 20:37:47 2023 [Global] SMG noob (Red): k9
Sun Aug 13 20:37:49 2023  Mahalo for playing aloha.pk tower of babel
Sun Aug 13 20:37:52 2023 SMG noob (Red) [SMG] GOMIC (Blue)
Sun Aug 13 20:37:54 2023 EMART (Red) [Headshot] Harry (Blue)
Sun Aug 13 20:37:59 2023 [Global] azato83 (Red): UwU
Sun Aug 13 20:37:59 2023 EMART (Red) [SMG] Jakkz_ (Blue)
Sun Aug 13 20:38:16 2023 Harry (Blue) [Headshot] EMART (Red)
Sun Aug 13 20:38:17 2023 [Global] SMG noob (Red): k10
Sun Aug 13 20:38:19 2023  Build a tower to get the enemy's intel. Take it to your team's tent to win!
Sun Aug 13 20:38:38 2023 Harry (Blue) [Headshot] azato83 (Red)
Sun Aug 13 20:38:44 2023 EMART (Red) [SMG] Harry (Blue)
Sun Aug 13 20:38:49 2023  Type /HELP for info & commands
Sun Aug 13 20:39:03 2023 Harry (Blue) [Headshot] EMART (Red)
Sun Aug 13 20:39:05 2023 [Global] SMG noob (Red): keep looking you may find me....in 100 years
Sun Aug 13 20:39:14 2023 azato83 (Red) [SMG] Harry (Blue)
Sun Aug 13 20:39:19 2023  Visit our community forums at https://aloha.pk/
Sun Aug 13 20:39:19 2023 [Global] Richard Le Noir (Red): wait that long and ur dick rot
Sun Aug 13 20:39:20 2023 r3algood (Blue) [Headshot] HqZon (Red)
Sun Aug 13 20:39:41 2023 [Global] CocoThunder (Blue): okay i'm back
Sun Aug 13 20:39:41 2023 azato83 (Red) [Fall]
Sun Aug 13 20:39:44 2023 You must be closer to the enemy's base to shoot blocks!
Sun Aug 13 20:39:49 2023  Come chat with us at https://discord.aloha.pk/
Sun Aug 13 20:39:52 2023 ExitsHarrmonica joined Blue team
Sun Aug 13 20:39:55 2023 [Global] SMG noob (Red): keep digging i hea you getting closer
Sun Aug 13 20:39:55 2023 r3algood (Blue) [Headshot] HqZon (Red)
Sun Aug 13 20:39:59 2023 CocoThunder (Blue) [Rifle] Vagabond (Red)
Sun Aug 13 20:40:04 2023 [Global] SMG noob (Red): keep digging i clearly hear you getting closer
Sun Aug 13 20:40:10 2023 [Global] Richard Le Noir (Red): you can almost feel my tongue already in ur butthole
Sun Aug 13 20:40:10 2023 [Global] SMG noob (Red): i will spade you to death
Sun Aug 13 20:40:19 2023  If you believe a player is breaking the rules, please let us know with /ADMIN
Sun Aug 13 20:40:20 2023 [Global] Vagabond (Red): keep sucking soon i will cum
Sun Aug 13 20:40:23 2023 Gabrielvecks (Red) [Headshot] ExitsHarrmonica (Blue)
Sun Aug 13 20:40:23 2023 [Global] Vagabond (Red): keep sucking soon i will cum
Sun Aug 13 20:40:23 2023 Gabrielvecks (Red) [SMG] X3M (Blue)
Sun Aug 13 20:40:29 2023 You must be closer to the enemy's base to grenade blocks!
Sun Aug 13 20:40:37 2023 [Global] SMG noob (Red): k10 blues....k10....embarassing
Sun Aug 13 20:40:39 2023 Harry (Blue) [Headshot] Vagabond (Red)
Sun Aug 13 20:40:43 2023 DAGA (Blue) [Headshot] azato83 (Red)
Sun Aug 13 20:40:44 2023 r3algood (Blue) [Headshot] HqZon (Red)
Sun Aug 13 20:40:49 2023  Mahalo for playing aloha.pk tower of babel
Sun Aug 13 20:40:50 2023 [Global] azato83 (Red): blue at the left
Sun Aug 13 20:40:54 2023 azato83 (Red) [SMG] DAGA (Blue)
Sun Aug 13 20:40:54 2023 You must be closer to the enemy's base to shoot blocks!
Sun Aug 13 20:40:55 2023 r3algood (Blue) [Headshot] azato83 (Red)
Sun Aug 13 20:40:55 2023 You must be closer to the enemy's base to shoot blocks!
Sun Aug 13 20:40:56 2023 You must be closer to the enemy's base to shoot blocks!
Sun Aug 13 20:40:57 2023 You must be closer to the enemy's base to shoot blocks!
Sun Aug 13 20:40:57 2023 You must be closer to the enemy's base to shoot blocks!
Sun Aug 13 20:40:58 2023 CocoThunder (Blue) [Headshot] HqZon (Red)
Sun Aug 13 20:41:05 2023 Harry (Blue) [Headshot] azato83 (Red)
Sun Aug 13 20:41:07 2023 SMG noob (Red) [Headshot] GOMIC (Blue)
Sun Aug 13 20:41:08 2023 Harry (Blue) [Headshot] HqZon (Red)
Sun Aug 13 20:41:13 2023 [Global] SMG noob (Red): kileld another one
Sun Aug 13 20:41:14 2023 [Global] SMG noob (Red): k11
Sun Aug 13 20:41:16 2023 Harry (Blue) [Headshot] azato83 (Red)
Sun Aug 13 20:41:17 2023 DAGA (Blue) [Rifle] Axel (Red)
Sun Aug 13 20:41:19 2023  Build a tower to get the enemy's intel. Take it to your team's tent to win!
Sun Aug 13 20:41:19 2023 Harry (Blue) [Headshot] HqZon (Red)
Sun Aug 13 20:41:21 2023 [Global] GOMIC (Blue): 
Sun Aug 13 20:41:22 2023  Vagabond has reached 1000 blocks placed! /heaven unlocked.
Sun Aug 13 20:41:26 2023 [Global] Richard Le Noir (Red): k0ck
Sun Aug 13 20:41:28 2023 azato83 (Red) [Headshot] Harry (Blue)
Sun Aug 13 20:41:32 2023 Jakkz_ (Blue) [Fall]
Sun Aug 13 20:41:35 2023 r3algood (Blue) [Headshot] Axel (Red)
Sun Aug 13 20:41:40 2023 r3algood (Blue) [Headshot] HqZon (Red)
Sun Aug 13 20:41:44 2023 r3algood (Blue) [Headshot] Axel (Red)
Sun Aug 13 20:41:49 2023  Type /HELP for info & commands
Sun Aug 13 20:42:01 2023 SMG noob (Red) [SMG]
Sun Aug 13 20:42:05 2023 Vagabond (Red) [Headshot] CocoThunder (Blue)
Sun Aug 13 20:42:09 2023 You must be closer to the enemy's base to shoot blocks!
Sun Aug 13 20:42:09 2023 DAGA (Blue) [Headshot] EMART (Red)
Sun Aug 13 20:42:10 2023 Harry (Blue) [Headshot] Vagabond (Red)
Sun Aug 13 20:42:19 2023  Visit our community forums at https://aloha.pk/
Sun Aug 13 20:42:23 2023 r3algood (Blue) [Headshot] HqZon (Red)
Sun Aug 13 20:42:26 2023 DadsBud11 joined Blue team
Sun Aug 13 20:42:34 2023 Richard Le Noir (Red) [Headshot] Harry (Blue)
Sun Aug 13 20:42:39 2023 r3algood (Blue) [Grenade] HqZon (Red)
Sun Aug 13 20:42:40 2023 Gabrielvecks (Red) [Headshot] ExitsHarrmonica (Blue)
Sun Aug 13 20:42:41 2023 Gabrielvecks (Red) [SMG] CocoThunder (Blue)
Sun Aug 13 20:42:49 2023  Come chat with us at https://discord.aloha.pk/
Sun Aug 13 20:42:50 2023 Richard Le Noir (Red) [Headshot] Harry (Blue)
Sun Aug 13 20:43:01 2023 Deuce20 joined Red team
Sun Aug 13 20:43:09 2023 azato83 (Red) [Grenade] r3algood (Blue)
Sun Aug 13 20:43:15 2023 [Global] azato83 (Red): die mdf
Sun Aug 13 20:43:18 2023 [Global] azato83 (Red): surpriseee
Sun Aug 13 20:43:19 2023  If you believe a player is breaking the rules, please let us know with /ADMIN
Sun Aug 13 20:43:21 2023 EMART (Red) [Grenade] ExitsHarrmonica (Blue)
Sun Aug 13 20:43:21 2023 CocoThunder (Blue) [Fall]
Sun Aug 13 20:43:22 2023 SMG noob (Red) [Headshot] GOMIC (Blue)
Sun Aug 13 20:43:23 2023 EMART (Red) [SMG] DadsBud11 (Blue)
Sun Aug 13 20:43:23 2023 EMART (Red) [Headshot] X3M (Blue)
Sun Aug 13 20:43:24 2023 r3algood (Blue) [Headshot] EMART (Red)
Sun Aug 13 20:43:29 2023 Gabrielvecks (Red) [Headshot] Jakkz_ (Blue)
Sun Aug 13 20:43:31 2023 Harry (Blue) [Headshot] Richard Le Noir (Red)
Sun Aug 13 20:43:39 2023 Axel picked up Blue's Intel.
Sun Aug 13 20:43:40 2023 CocoThunder (Blue) [Grenade] Gabrielvecks (Red)
Sun Aug 13 20:43:41 2023 Player Deuce20 has left
Sun Aug 13 20:43:44 2023 Richard Le Noir (Red) [Rifle] Harry (Blue)
Sun Aug 13 20:43:49 2023  Mahalo for playing aloha.pk tower of babel
Sun Aug 13 20:43:49 2023 Axel dropped Blue's Intel
Sun Aug 13 20:43:49 2023 r3algood (Blue) [Headshot] Axel (Red)
Sun Aug 13 20:43:49 2023 [Global] SMG noob (Red): killed another one
Sun Aug 13 20:43:50 2023 [Global] Vagabond (Red): GG
Sun Aug 13 20:43:52 2023 [Global] SMG noob (Red): k12
Sun Aug 13 20:43:59 2023  Jakkz_ has reached 1000 blocks placed! /heaven unlocked.
Sun Aug 13 20:44:01 2023 Vagabond picked up Blue's Intel.
Sun Aug 13 20:44:03 2023 r3algood (Blue) [Grenade] EMART (Red)
Sun Aug 13 20:44:06 2023 Vagabond (Red) [SMG] r3algood (Blue)
Sun Aug 13 20:44:10 2023 Vagabond dropped Blue's Intel
Sun Aug 13 20:44:12 2023 Vagabond picked up Blue's Intel.
Sun Aug 13 20:44:19 2023  Build a tower to get the enemy's intel. Take it to your team's tent to win!
Sun Aug 13 20:44:26 2023 Vagabond dropped Blue's Intel
Sun Aug 13 20:44:26 2023 Harry (Blue) [Headshot] EMART (Red)
Sun Aug 13 20:44:33 2023 Harry (Blue) [Headshot] HqZon (Red)
Sun Aug 13 20:44:35 2023 CocoThunder (Blue) [Headshot] Axel (Red)
Sun Aug 13 20:44:36 2023 Vagabond (Red) [Headshot] CocoThunder (Blue)
Sun Aug 13 20:44:40 2023 Harry (Blue) [Headshot] HqZon (Red)
Sun Aug 13 20:44:41 2023 Harry (Blue) [Headshot] Axel (Red)
Sun Aug 13 20:44:42 2023 Harry (Blue) [Headshot] EMART (Red)
Sun Aug 13 20:44:44 2023 r3algood (Blue) [Headshot] Richard Le Noir (Red)
Sun Aug 13 20:44:49 2023  Type /HELP for info & commands
Sun Aug 13 20:44:55 2023 ExitsHarrmonica (Blue) [Headshot] Vagabond (Red)
Sun Aug 13 20:44:57 2023 [Global] Vagabond (Red): XD
Sun Aug 13 20:45:00 2023 Harry (Blue) [Headshot] EMART (Red)
Sun Aug 13 20:45:00 2023 Harry (Blue) [Headshot] Axel (Red)
Sun Aug 13 20:45:00 2023 [Global] ExitsHarrmonica (Blue): xd
Sun Aug 13 20:45:01 2023 Harry (Blue) [Headshot] HqZon (Red)
Sun Aug 13 20:45:02 2023 [Global] Vagabond (Red): ahaha
Sun Aug 13 20:45:04 2023 Harry (Blue) [Headshot] Vagabond (Red)
Sun Aug 13 20:45:08 2023 azato83 (Red) [Headshot] DadsBud11 (Blue)
Sun Aug 13 20:45:09 2023 [Global] Vagabond (Red): omg 
Sun Aug 13 20:45:09 2023 Only 10 more kills in your killstreak until you unlock the apocalypse!
Sun Aug 13 20:45:09 2023 You need 1 intel capture(s) to unlock the apocalypse!
Sun Aug 13 20:45:09 2023 Harry (Blue) [Headshot] Axel (Red)
Sun Aug 13 20:45:10 2023 Deuce10 joined Red team
Sun Aug 13 20:45:14 2023 [Global] Vagabond (Red): hackissimo!
Sun Aug 13 20:45:17 2023 [Global] azato83 (Red): sorpresa joto
Sun Aug 13 20:45:17 2023 Harry (Blue) [Headshot] Axel (Red)
Sun Aug 13 20:45:18 2023 Harry (Blue) [Headshot] HqZon (Red)
Sun Aug 13 20:45:19 2023  Visit our community forums at https://aloha.pk/
Sun Aug 13 20:45:20 2023 DadsBud11 (Blue) [Weapon Change]
Sun Aug 13 20:45:32 2023 EMART picked up Blue's Intel.
Sun Aug 13 20:45:32 2023 Harry (Blue) [Headshot] HqZon (Red)
Sun Aug 13 20:45:34 2023 [Global] Deuce10 (Red): I'm your slut, Vagabond
Sun Aug 13 20:45:35 2023 Harry (Blue) [Headshot] Axel (Red)
Sun Aug 13 20:45:38 2023 Gabrielvecks (Red) [Headshot] X3M (Blue)
Sun Aug 13 20:45:39 2023 Gabrielvecks (Red) [Headshot] CocoThunder (Blue)
Sun Aug 13 20:45:39 2023 Harry (Blue) [Headshot] Axel (Red)
Sun Aug 13 20:45:40 2023 Harry (Blue) [Headshot] HqZon (Red)
Sun Aug 13 20:45:41 2023 [Global] Vagabond (Red): xddd
Sun Aug 13 20:45:43 2023 DadsBud11 (Blue) [Headshot] Gabrielvecks (Red)
Sun Aug 13 20:45:47 2023 ExitsHarrmonica (Blue) [Fall]
Sun Aug 13 20:45:49 2023  Come chat with us at https://discord.aloha.pk/
Sun Aug 13 20:45:52 2023 EMART dropped Blue's Intel
Sun Aug 13 20:45:52 2023  The intel has returned to the heavens
Sun Aug 13 20:45:52 2023 Harry (Blue) [Headshot] EMART (Red)
Sun Aug 13 20:45:53 2023 Harry (Blue) [Headshot] Gabrielvecks (Red)
Sun Aug 13 20:45:55 2023 Harry (Blue) [Headshot] HqZon (Red)
Sun Aug 13 20:45:56 2023 unko joined Red team
Sun Aug 13 20:45:56 2023 You need 1 intel capture(s) to unlock the apocalypse!
Sun Aug 13 20:45:56 2023 Harry (Blue) [Headshot] Axel (Red)
Sun Aug 13 20:45:57 2023 Deuce10 (Red) [Headshot] r3algood (Blue)
Sun Aug 13 20:45:58 2023 ExitsHarrmonica (Blue) [Headshot] Vagabond (Red)
Sun Aug 13 20:45:59 2023 Player unko has left
Sun Aug 13 20:46:02 2023 Player CocoThunder has left
Sun Aug 13 20:46:02 2023 Richard Le Noir (Red) [Headshot] DadsBud11 (Blue)
Sun Aug 13 20:46:05 2023 Gabrielvecks (Red) [Headshot] Harry (Blue)
Sun Aug 13 20:46:05 2023 Deuce10 picked up Blue's Intel.
Sun Aug 13 20:46:11 2023 [Global] Vagabond (Red): finally negro down
Sun Aug 13 20:46:13 2023  EMART has reached 1000 blocks placed! /heaven unlocked.
Sun Aug 13 20:46:19 2023  If you believe a player is breaking the rules, please let us know with /ADMIN
Sun Aug 13 20:46:21 2023 unko joined Spectator team
Sun Aug 13 20:46:27 2023 DadsBud11 (Blue) [Headshot] HqZon (Red)
Sun Aug 13 20:46:30 2023 r3algood (Blue) [Headshot] Axel (Red)
Sun Aug 13 20:46:31 2023 Harry (Blue) [Headshot] EMART (Red)
Sun Aug 13 20:46:32 2023 Vagabond (Red) [SMG] r3algood (Blue)
Sun Aug 13 20:46:33 2023 Deuce10 captured Blue's Intel.
Sun Aug 13 20:46:38 2023  HqZon was kicked: Inactive for 10 minutes
Sun Aug 13 20:46:38 2023 Player HqZon has left
Sun Aug 13 20:46:39 2023 Richard Le Noir (Red) [Headshot] DadsBud11 (Blue)
Sun Aug 13 20:46:40 2023 Harry (Blue) [Headshot] Axel (Red)
Sun Aug 13 20:46:42 2023 unko joined Blue team
Sun Aug 13 20:46:43 2023 ExitsHarrmonica (Blue) [Fall]
Sun Aug 13 20:46:49 2023  Mahalo for playing aloha.pk tower of babel
Sun Aug 13 20:46:50 2023 EMART (Red) [SMG] Harry (Blue)
Sun Aug 13 20:46:57 2023 Vagabond (Red) [Headshot] r3algood (Blue)
Sun Aug 13 20:47:00 2023 CocoThunder joined Blue team
Sun Aug 13 20:47:06 2023 Vagabond (Red) [Headshot] Harry (Blue)
Sun Aug 13 20:47:07 2023 Vagabond (Red) [Headshot] ExitsHarrmonica (Blue)
Sun Aug 13 20:47:07 2023 r3algood (Blue) [Headshot] Vagabond (Red)
Sun Aug 13 20:47:09 2023 [Global] Deuce10 (Red): War & Peace?
Sun Aug 13 20:47:13 2023 [Global] Deuce10 (Red): Whore and Piss
Sun Aug 13 20:47:13 2023 GOMIC (Blue) [Fall]
Sun Aug 13 20:47:14 2023 [Global] Richard Le Noir (Red): cock and balls
Sun Aug 13 20:47:18 2023 DadsBud11 (Blue) [SMG] Richard Le Noir (Red)
Sun Aug 13 20:47:18 2023 koshihikari joined Red team
Sun Aug 13 20:47:19 2023  Build a tower to get the enemy's intel. Take it to your team's tent to win!
Sun Aug 13 20:47:21 2023 [Global] Vagabond (Red): xd
Sun Aug 13 20:47:23 2023 Deuce10 picked up Blue's Intel.
Sun Aug 13 20:47:24 2023 ExitsHarrmonica (Blue) [Fall]
Sun Aug 13 20:47:26 2023 Deuce10 (Red) [Grenade] r3algood (Blue)
Sun Aug 13 20:47:26 2023 Deuce10 (Red) [Grenade] unko (Blue)
Sun Aug 13 20:47:26 2023 Vagabond (Red) [SMG] DadsBud11 (Blue)
Sun Aug 13 20:47:35 2023 Axel (Red) [Fall]
Sun Aug 13 20:47:40 2023 azato83 (Red) [Fall]
Sun Aug 13 20:47:41 2023 [Team] DadsBud11 (Blue): Call them the N word
Sun Aug 13 20:47:47 2023 Deuce10 captured Blue's Intel.
Sun Aug 13 20:47:49 2023  Type /HELP for info & commands
Sun Aug 13 20:47:51 2023 koshihikari (Red) [Rifle] DadsBud11 (Blue)
Sun Aug 13 20:47:51 2023 Gabrielvecks (Red) [Rifle] unko (Blue)
Sun Aug 13 20:47:54 2023 ExitsHarrmonica (Blue) [Headshot] koshihikari (Red)
Sun Aug 13 20:47:56 2023 Vagabond (Red) [Headshot] r3algood (Blue)
Sun Aug 13 20:47:56 2023 CocoThunder (Blue) [Headshot] Vagabond (Red)
Sun Aug 13 20:48:00 2023 [Global] Deuce10 (Red): ru okay? Vagabond
Sun Aug 13 20:48:01 2023 Harry (Blue) [Headshot] Axel (Red)
Sun Aug 13 20:48:04 2023 Harry (Blue) [Headshot] EMART (Red)
Sun Aug 13 20:48:05 2023 koshihikari (Red) [Headshot] Harry (Blue)
Sun Aug 13 20:48:06 2023 [Global] Vagabond (Red): IM OKAY
Sun Aug 13 20:48:11 2023 azato83 (Red) [SMG] CocoThunder (Blue)
Sun Aug 13 20:48:11 2023 [Global] Deuce10 (Red): Nice -w-
Sun Aug 13 20:48:13 2023 azato83 (Red) [Headshot] ExitsHarrmonica (Blue)
Sun Aug 13 20:48:16 2023 cirilio joined Blue team
Sun Aug 13 20:48:19 2023  Visit our community forums at https://aloha.pk/
Sun Aug 13 20:48:23 2023 r3algood (Blue) [Headshot] Deuce10 (Red)
Sun Aug 13 20:48:24 2023 Harry (Blue) [Headshot] koshihikari (Red)
Sun Aug 13 20:48:25 2023 cirilio (Blue) [Headshot] Axel (Red)
Sun Aug 13 20:48:27 2023 azato83 (Red) [Grenade] r3algood (Blue)
Sun Aug 13 20:48:31 2023 DadsBud11 (Blue) [Headshot] Richard Le Noir (Red)
Sun Aug 13 20:48:32 2023 unko (Blue) [Headshot] azato83 (Red)
Sun Aug 13 20:48:38 2023 SMG noob (Red) [Headshot] DAGA (Blue)
Sun Aug 13 20:48:38 2023 Vagabond (Red) [SMG] ExitsHarrmonica (Blue)
Sun Aug 13 20:48:41 2023 koshihikari (Red) [Headshot] Harry (Blue)
Sun Aug 13 20:48:43 2023 cirilio (Blue) [Headshot] koshihikari (Red)
Sun Aug 13 20:48:45 2023 Vagabond (Red) [Headshot] CocoThunder (Blue)
Sun Aug 13 20:48:48 2023 Vagabond (Red) [Headshot] unko (Blue)
Sun Aug 13 20:48:48 2023 cirilio (Blue) [Headshot] Deuce10 (Red)
Sun Aug 13 20:48:49 2023  Come chat with us at https://discord.aloha.pk/
Sun Aug 13 20:48:58 2023 [Global] SMG noob (Red): killed another one
Sun Aug 13 20:49:00 2023 Vagabond (Red) [SMG] r3algood (Blue)
Sun Aug 13 20:49:00 2023 [Global] SMG noob (Red): k13
Sun Aug 13 20:49:08 2023 Vagabond (Red) [Fall]
Sun Aug 13 20:49:09 2023 Deuce10 (Red) [Headshot] DadsBud11 (Blue)
Sun Aug 13 20:49:10 2023 Deuce10 (Red) [Headshot] DAGA (Blue)
Sun Aug 13 20:49:10 2023 [Global] Vagabond (Red): shit
Sun Aug 13 20:49:10 2023 koshihikari (Red) [Rifle] Harry (Blue)
Sun Aug 13 20:49:11 2023 ExitsHarrmonica (Blue) [Headshot] azato83 (Red)
Sun Aug 13 20:49:11 2023 Gabrielvecks (Red) [Headshot] unko (Blue)
Sun Aug 13 20:49:13 2023 ExitsHarrmonica (Blue) [Headshot] Axel (Red)
Sun Aug 13 20:49:17 2023 Deuce10 (Red) [Rifle] ExitsHarrmonica (Blue)
Sun Aug 13 20:49:19 2023  If you believe a player is breaking the rules, please let us know with /ADMIN
Sun Aug 13 20:49:22 2023 X3M (Blue) [Rifle]
Sun Aug 13 20:49:24 2023 [Global] DadsBud11 (Blue): Are you really calling out individual kills?
Sun Aug 13 20:49:26 2023 Deuce10 picked up Blue's Intel.
Sun Aug 13 20:49:26 2023 Deuce10 (Red) [Grenade] Jakkz_ (Blue)
Sun Aug 13 20:49:26 2023 Deuce10 (Red) [Rifle] cirilio (Blue)
Sun Aug 13 20:49:27 2023 Deuce10 (Red) [Grenade] CocoThunder (Blue)
Sun Aug 13 20:49:27 2023 Gabrielvecks (Red) [Rifle] r3algood (Blue)
Sun Aug 13 20:49:27 2023 Harry (Blue) [Headshot] koshihikari (Red)
Sun Aug 13 20:49:36 2023 Gabrielvecks (Red) [Rifle] GOMIC (Blue)
Sun Aug 13 20:49:36 2023 [Global] SMG noob (Red): yes my dear
Sun Aug 13 20:49:37 2023 SCHIAVON joined Red team
Sun Aug 13 20:49:40 2023 Harry (Blue) [Headshot] EMART (Red)
Sun Aug 13 20:49:43 2023 Vagabond (Red) [Grenade] ExitsHarrmonica (Blue)
Sun Aug 13 20:49:45 2023 Gabrielvecks (Red) [Rifle] Jakkz_ (Blue)
Sun Aug 13 20:49:46 2023 unko (Blue) [Headshot] azato83 (Red)
Sun Aug 13 20:49:48 2023 Vagabond (Red) [Headshot] unko (Blue)
Sun Aug 13 20:49:49 2023 DAGA (Blue) [Grenade]
Sun Aug 13 20:49:49 2023  Mahalo for playing aloha.pk tower of babel
Sun Aug 13 20:49:52 2023 Deuce10 captured Blue's Intel.
Sun Aug 13 20:49:53 2023 Vagabond (Red) [Headshot] CocoThunder (Blue)
Sun Aug 13 20:49:53 2023 GOMIC (Blue) [Headshot] Vagabond (Red)
Sun Aug 13 20:49:53 2023 r3algood (Blue) [Headshot] koshihikari (Red)
Sun Aug 13 20:49:54 2023 Richard Le Noir (Red) [Melee] Harry (Blue)
Sun Aug 13 20:49:56 2023 Player koshihikari has left
Sun Aug 13 20:49:59 2023 Gabrielvecks (Red) [Rifle] GOMIC (Blue)
Sun Aug 13 20:50:02 2023 Gabrielvecks (Red) [Headshot] cirilio (Blue)
Sun Aug 13 20:50:12 2023 ExitsHarrmonica (Blue) [SMG] SCHIAVON (Red)
Sun Aug 13 20:50:13 2023 r3algood (Blue) [Headshot] Richard Le Noir (Red)
Sun Aug 13 20:50:14 2023 SCHIAVON (Red) [Weapon Change]
Sun Aug 13 20:50:19 2023  Build a tower to get the enemy's intel. Take it to your team's tent to win!
Sun Aug 13 20:50:20 2023 Gabrielvecks (Red) [Headshot] cirilio (Blue)
Sun Aug 13 20:50:21 2023 Gabrielvecks (Red) [Headshot] Harry (Blue)
Sun Aug 13 20:50:23 2023 [Global] cirilio (Blue): wtf
Sun Aug 13 20:50:23 2023 You must be closer to the enemy's base to grenade blocks!
Sun Aug 13 20:50:26 2023 r3algood (Blue) [Headshot] Richard Le Noir (Red)
Sun Aug 13 20:50:31 2023 Gabrielvecks (Red) [Rifle] unko (Blue)
Sun Aug 13 20:50:34 2023 Deuce10 picked up Blue's Intel.
Sun Aug 13 20:50:34 2023 SMG noob (Red) [Headshot] cirilio (Blue)
Sun Aug 13 20:50:34 2023 Deuce10 (Red) [Grenade] GOMIC (Blue)
Sun Aug 13 20:50:34 2023 Deuce10 (Red) [Grenade] ExitsHarrmonica (Blue)
Sun Aug 13 20:50:34 2023 Deuce10 (Red) [Grenade] CocoThunder (Blue)
Sun Aug 13 20:50:35 2023 DadsBud11 (Blue) [SMG] Richard Le Noir (Red)
Sun Aug 13 20:50:35 2023 Deuce10 (Red) [Grenade] DAGA (Blue)
Sun Aug 13 20:50:39 2023 r3algood (Blue) [Headshot] EMART (Red)
Sun Aug 13 20:50:44 2023 r3algood (Blue) [Headshot] Richard Le Noir (Red)
Sun Aug 13 20:50:48 2023 Deuce10 (Red) [Headshot] r3algood (Blue)
Sun Aug 13 20:50:49 2023 [Global] SMG noob (Red): killed another one
Sun Aug 13 20:50:49 2023  Type /HELP for info & commands
Sun Aug 13 20:50:53 2023 azato83 (Red) [Fall]
Sun Aug 13 20:50:54 2023 [Global] SMG noob (Red): k14
Sun Aug 13 20:51:00 2023 Vagabond (Red) [Grenade] ExitsHarrmonica (Blue)
Sun Aug 13 20:51:00 2023 Deuce10 captured Blue's Intel.
Sun Aug 13 20:51:00 2023  With 2996 blocks placed, Richard Le Noir is granted the right to unleash the apocalypse.
Sun Aug 13 20:51:00 2023 Gabrielvecks (Red) [Rifle] CocoThunder (Blue)
Sun Aug 13 20:51:01 2023 Harry (Blue) [Headshot] EMART (Red)
Sun Aug 13 20:51:01 2023 DadsBud11 (Blue) [SMG] Richard Le Noir (Red)
Sun Aug 13 20:51:03 2023 Vagabond (Red) [Fall]
Sun Aug 13 20:51:03 2023 SCHIAVON (Red) [Headshot] unko (Blue)
Sun Aug 13 20:51:07 2023 SCHIAVON (Red) [Fall]
Sun Aug 13 20:51:07 2023 [Global] Richard Le Noir (Red): im gonna cum
Sun Aug 13 20:51:08 2023 Gabrielvecks (Red) [Headshot] r3algood (Blue)
Sun Aug 13 20:51:08 2023  Richard Le Noir has unleashed an apocalypse from God.
Sun Aug 13 20:51:09 2023 Harry (Blue) [Headshot] EMART (Red)
Sun Aug 13 20:51:09 2023 Deuce10 (Red) [Rifle] Harry (Blue)
Sun Aug 13 20:51:10 2023 Gabrielvecks (Red) [Headshot] cirilio (Blue)
Sun Aug 13 20:51:10 2023 TheBigSquidKid joined Red team
Sun Aug 13 20:51:10 2023  The apocalypse begins in 5
Sun Aug 13 20:51:12 2023  The apocalypse begins in 4
Sun Aug 13 20:51:13 2023  The apocalypse begins in 3
Sun Aug 13 20:51:13 2023 DadsBud11 (Blue) [Headshot] TheBigSquidKid (Red)
Sun Aug 13 20:51:14 2023  The apocalypse begins in 2
Sun Aug 13 20:51:14 2023 [Global] Richard Le Noir (Red): OoOoOoOOoOoOoOooOoOoOOOOOOOOOOOOOOOOOOOOOOOOOOOOOOOOOOOO
Sun Aug 13 20:51:15 2023 DadsBud11 (Blue) [Headshot] Richard Le Noir (Red)
Sun Aug 13 20:51:15 2023  The apocalypse begins in 1
Sun Aug 13 20:51:16 2023 DadsBud11 (Blue) [SMG] Deuce10 (Red)
Sun Aug 13 20:51:17 2023 Richard Le Noir (Red) [Grenade] CocoThunder (Blue)
Sun Aug 13 20:51:17 2023 Richard Le Noir (Red) [Grenade] ExitsHarrmonica (Blue)
Sun Aug 13 20:51:17 2023 Richard Le Noir (Red) [Grenade] DAGA (Blue)
Sun Aug 13 20:51:18 2023 Richard Le Noir (Red) [Grenade] r3algood (Blue)
Sun Aug 13 20:51:18 2023 Richard Le Noir (Red) [Grenade] unko (Blue)
Sun Aug 13 20:51:19 2023  Visit our community forums at https://aloha.pk/
Sun Aug 13 20:51:19 2023 DadsBud11 (Blue) [Headshot] Axel (Red)
Sun Aug 13 20:51:21 2023 [Global] Richard Le Noir (Red): SEujau9sjnedegunasuedniouansoeiyudfnaouiyhengoaiyuenfpaiunepuaineg[auhne[aweg
Sun Aug 13 20:51:21 2023 Richard Le Noir (Red) [Grenade] GOMIC (Blue)
Sun Aug 13 20:51:23 2023 Richard Le Noir (Red) [Grenade] Harry (Blue)
Sun Aug 13 20:51:26 2023 [Global] SCHIAVON (Red): lol
Sun Aug 13 20:51:26 2023 Richard Le Noir (Red) [Grenade] r3algood (Blue)
Sun Aug 13 20:51:26 2023 Richard Le Noir (Red) [Grenade] Harry (Blue)
Sun Aug 13 20:51:27 2023 Disconnecting
