Fri Apr 28 18:40:10 2023 ------ World Loaded ------
Fri Apr 28 18:40:10 2023 Women are superior to men
Fri Apr 28 18:40:11 2023 Women are better at everything
Fri Apr 28 18:40:13 2023 Women are Goddesses, worship them
Fri Apr 28 18:40:14 2023 DUA|Changiiii (Yellow) [Headshot] Loveforplanes (Purple)
Fri Apr 28 18:40:15 2023 Loveforplanes (Purple) [Fall]
Fri Apr 28 18:40:15 2023 MosteracRP (Yellow) [Shotgun] Pingo Baller (Purple)
Fri Apr 28 18:40:19 2023 Player Pingo Baller has left
Fri Apr 28 18:40:21 2023 Loveforplanes (Purple) [Grenade] Robin Van Persi (Yellow)
Fri Apr 28 18:40:21 2023 Loveforplanes (Purple) [Grenade] DUA|Changiiii (Yellow)
Fri Apr 28 18:40:27 2023 blaine (Purple) [Headshot] MosteracRP (Yellow)
Fri Apr 28 18:40:30 2023 blaine (Purple) [Headshot] kennanX (Yellow)
Fri Apr 28 18:40:31 2023 [Global] MosteracRP (Yellow): ?
Fri Apr 28 18:40:39 2023 [Global] MosteracRP (Yellow): blaine no muere wtf
Fri Apr 28 18:40:39 2023 [Global] DUA|Changiiii (Yellow): i love it when my teammates kill me by triggering mines :D
Fri Apr 28 18:40:40 2023 [Global] kennanX (Yellow): man como asi
Fri Apr 28 18:40:42 2023 blaine (Purple) [Headshot] Squirrel! (Yellow)
Fri Apr 28 18:40:45 2023 [Global] Squirrel! (Yellow): bro why tf
Fri Apr 28 18:40:45 2023 rishi sunak (Yellow) [SMG] Olaudo (Purple)
Fri Apr 28 18:40:52 2023 Buda (Purple) [Headshot] Harry (Yellow)
Fri Apr 28 18:40:55 2023 Buda (Purple) [Headshot] Robin Van Persi (Yellow)
Fri Apr 28 18:40:55 2023 [Global] Squirrel! (Yellow): on some servers my aim is godlike but here it's often shit
Fri Apr 28 18:41:03 2023 Buda (Purple) [Grenade] kennanX (Yellow)
Fri Apr 28 18:41:04 2023 rishi sunak (Yellow) [Headshot] blaine (Purple)
Fri Apr 28 18:41:05 2023 rishi sunak (Yellow) [Headshot] Olaudo (Purple)
Fri Apr 28 18:41:07 2023 Player Olaudo has left
Fri Apr 28 18:41:13 2023 [Global] Squirrel! (Yellow): is it ping?
Fri Apr 28 18:41:18 2023 MosteracRP (Yellow) [Headshot] Loveforplanes (Purple)
Fri Apr 28 18:41:21 2023 Loveforplanes (Purple) [Grenade] MosteracRP (Yellow)
Fri Apr 28 18:41:26 2023 [Global] MosteracRP (Yellow): hdp
Fri Apr 28 18:41:27 2023 [Global] DUA|Changiiii (Yellow): hoiw shit do we talk? like as shit as mine rn? or casual shitty
Fri Apr 28 18:41:29 2023 EmiEmi joined Purple team
Fri Apr 28 18:41:29 2023 Squirrel! (Yellow) [Headshot] blaine (Purple)
Fri Apr 28 18:41:38 2023 Loveforplanes (Purple) [Grenade] DUA|Changiiii (Yellow)
Fri Apr 28 18:41:40 2023 ruankkk joined Purple team
Fri Apr 28 18:41:42 2023 Loveforplanes (Purple) [Headshot] Harry (Yellow)
Fri Apr 28 18:41:45 2023 Buda (Purple) [Headshot] Robin Van Persi (Yellow)
Fri Apr 28 18:41:46 2023 Buda (Purple) [Headshot] kennanX (Yellow)
Fri Apr 28 18:41:56 2023 [Global] kennanX (Yellow): que dispare primmero
Fri Apr 28 18:42:02 2023 [Global] Squirrel! (Yellow): it's like... crosshairs square on head, and then i shoot 5m to the left
Fri Apr 28 18:42:04 2023 DUA|Changiiii (Yellow) [Grenade] Buda (Purple)
Fri Apr 28 18:42:07 2023 Squirrel! (Yellow) [Headshot] EmiEmi (Purple)
Fri Apr 28 18:42:08 2023 Loveforplanes (Purple) [Headshot] Squirrel! (Yellow)
Fri Apr 28 18:42:12 2023 DUA|Changiiii (Yellow) [Headshot] Loveforplanes (Purple)
Fri Apr 28 18:42:21 2023 kennanX (Yellow) [Shotgun] Buda (Purple)
Fri Apr 28 18:42:21 2023 blaine (Purple) [Headshot] rishi sunak (Yellow)
Fri Apr 28 18:42:27 2023 [Global] kennanX (Yellow): muere 
Fri Apr 28 18:42:28 2023 [Global] Squirrel! (Yellow): also dying in cover is a fun one
Fri Apr 28 18:42:33 2023 DUA|Changiiii (Yellow) [Rifle] Loveforplanes (Purple)
Fri Apr 28 18:42:33 2023 kennanX (Yellow) [Headshot] DUA|Changiiii (Yellow)
Fri Apr 28 18:42:37 2023 [Global] kennanX (Yellow): pero
Fri Apr 28 18:42:39 2023 blaine (Purple) [Headshot] Harry (Yellow)
Fri Apr 28 18:42:44 2023 Buda (Purple) [Rifle] Robin Van Persi (Yellow)
Fri Apr 28 18:42:50 2023 jaroslav joined Spectator team
Fri Apr 28 18:42:51 2023 DUA|Changiiii (Yellow) [Rifle] blaine (Purple)
Fri Apr 28 18:42:55 2023 rishi sunak (Yellow) [SMG] ruankkk (Purple)
Fri Apr 28 18:43:07 2023 Player jaroslav has left
Fri Apr 28 18:43:08 2023 Player Robin Van Persi has left
Fri Apr 28 18:43:11 2023 rishi sunak (Yellow) [SMG] Loveforplanes (Purple)
Fri Apr 28 18:43:18 2023 Buda (Purple) [Headshot] DUA|Changiiii (Yellow)
Fri Apr 28 18:43:19 2023 rishi sunak (Yellow) [Headshot] Buda (Purple)
Fri Apr 28 18:43:31 2023 [Global] Loveforplanes (Purple): see ya
Fri Apr 28 18:43:32 2023 jaroslav joined Yellow team
Fri Apr 28 18:43:40 2023 Player Loveforplanes has left
Fri Apr 28 18:43:45 2023 Loveforplanes killed you with a mine!
Fri Apr 28 18:43:45 2023 Harry (Yellow) [Grenade]
Fri Apr 28 18:43:45 2023 Buda (Purple) [Rifle] rishi sunak (Yellow)
Fri Apr 28 18:43:51 2023 valendmg00 joined Spectator team
Fri Apr 28 18:44:01 2023 DUA|Changiiii (Yellow) [Grenade] Buda (Purple)
Fri Apr 28 18:44:05 2023 kennanX (Yellow) [Shotgun] DUA|Changiiii (Yellow)
Fri Apr 28 18:44:13 2023 [Global] DUA|Changiiii (Yellow): ...
Fri Apr 28 18:44:14 2023 kennanX (Yellow) [Grenade]
Fri Apr 28 18:44:15 2023 Buda (Purple) [Headshot] rishi sunak (Yellow)
Fri Apr 28 18:44:15 2023 Buda (Purple) [Headshot] Squirrel! (Yellow)
Fri Apr 28 18:44:36 2023 Buda (Purple) [Headshot] Harry (Yellow)
Fri Apr 28 18:44:42 2023 ahilaox joined Purple team
Fri Apr 28 18:44:48 2023 [Global] Squirrel! (Yellow): kennan are you a little drunk or are you TRYING to teamkill with that shotgun
Fri Apr 28 18:44:48 2023 rishi sunak (Yellow) [Grenade]
Fri Apr 28 18:44:53 2023 DUA|Changiiii (Yellow) [Headshot] ahilaox (Purple)
Fri Apr 28 18:44:56 2023 jaroslav (Yellow) [Grenade]
Fri Apr 28 18:44:58 2023 [Global] kennanX (Yellow): que?
Fri Apr 28 18:44:58 2023 Player jaroslav has left
Fri Apr 28 18:45:00 2023 blaine (Purple) [Headshot] DUA|Changiiii (Yellow)
Fri Apr 28 18:45:02 2023 [Global] MosteracRP (Yellow): so?
Fri Apr 28 18:45:04 2023 danielito joined Purple team
Fri Apr 28 18:45:16 2023 ruankkk (Purple) [Headshot] rishi sunak (Yellow)
Fri Apr 28 18:45:17 2023 [Global] kennanX (Yellow): nose que dijo
Fri Apr 28 18:45:19 2023 [Global] Squirrel! (Yellow): no mata los yellows
Fri Apr 28 18:45:24 2023 rishi sunak (Yellow) [SMG] ruankkk (Purple)
Fri Apr 28 18:45:27 2023 Player valendmg00 has left
Fri Apr 28 18:45:29 2023 blaine (Purple) [Headshot] kennanX (Yellow)
Fri Apr 28 18:45:32 2023 DUA|Changiiii (Yellow) [Rifle] blaine (Purple)
Fri Apr 28 18:45:32 2023 [Global] Squirrel! (Yellow): no se que dijo
Fri Apr 28 18:45:37 2023 [Global] Squirrel! (Yellow): you do understand que dijo mf
Fri Apr 28 18:45:37 2023 [Global] kennanX (Yellow): ni yo
Fri Apr 28 18:45:41 2023 DUA|Changiiii (Yellow) [Headshot] EmiEmi (Purple)
Fri Apr 28 18:45:47 2023 DUA|Changiiii (Yellow) [Headshot] danielito (Purple)
Fri Apr 28 18:45:54 2023 Buda (Purple) [Headshot] DUA|Changiiii (Yellow)
Fri Apr 28 18:46:03 2023 rishi sunak (Yellow) [SMG] Buda (Purple)
Fri Apr 28 18:46:16 2023  SSercome. joined Yellow team
Fri Apr 28 18:46:17 2023 blaine (Purple) [Headshot] Squirrel! (Yellow)
Fri Apr 28 18:46:23 2023 Harry (Yellow) [Headshot] ahilaox (Purple)
Fri Apr 28 18:46:25 2023 [Global] MosteracRP (Yellow): q onda selacome
Fri Apr 28 18:46:25 2023 blaine (Purple) [Headshot] kennanX (Yellow)
Fri Apr 28 18:46:26 2023 valendmg00 joined Spectator team
Fri Apr 28 18:46:31 2023 [Global]  SSercome. (Yellow): hola
Fri Apr 28 18:46:35 2023 DUA|Changiiii (Yellow) [Grenade] Buda (Purple)
Fri Apr 28 18:46:35 2023 blaine (Purple) [Headshot] DUA|Changiiii (Yellow)
Fri Apr 28 18:46:36 2023 blaine (Purple) [Headshot] Harry (Yellow)
Fri Apr 28 18:46:39 2023 [Global] MosteracRP (Yellow): y masterlag?
Fri Apr 28 18:46:43 2023 MosteracRP (Yellow) [Grenade] danielito (Purple)
Fri Apr 28 18:46:46 2023 Player ahilaox has left
Fri Apr 28 18:46:48 2023 [Global]  SSercome. (Yellow): ni idea
Fri Apr 28 18:46:50 2023 [Global] MosteracRP (Yellow): xd
Fri Apr 28 18:46:53 2023 blaine (Purple) [Headshot] Harry (Yellow)
Fri Apr 28 18:46:54 2023 DUA|Changiiii (Yellow) [Headshot] blaine (Purple)
Fri Apr 28 18:46:57 2023 [Global] Squirrel! (Yellow): probablemente
Fri Apr 28 18:47:02 2023 [Global] MosteracRP (Yellow): xd
Fri Apr 28 18:47:02 2023 kennanX (Yellow) [Headshot] EmiEmi (Purple)
Fri Apr 28 18:47:08 2023 ahilaox joined Yellow team
Fri Apr 28 18:47:10 2023 DUA|Changiiii (Yellow) [Headshot] danielito (Purple)
Fri Apr 28 18:47:21 2023 Player valendmg00 has left
Fri Apr 28 18:47:22 2023 Buda (Purple) [Headshot] Squirrel! (Yellow)
Fri Apr 28 18:47:27 2023 Buda (Purple) [Headshot] DUA|Changiiii (Yellow)
Fri Apr 28 18:47:32 2023 [Global] DUA|Changiiii (Yellow): ...
Fri Apr 28 18:47:35 2023 rishi sunak (Yellow) [Headshot] ruankkk (Purple)
Fri Apr 28 18:47:36 2023 Buda (Purple) [Headshot] ahilaox (Yellow)
Fri Apr 28 18:47:39 2023  SSercome. (Yellow) [Headshot] EmiEmi (Purple)
Fri Apr 28 18:47:41 2023 Buda (Purple) [Headshot] Harry (Yellow)
Fri Apr 28 18:47:44 2023 Buda (Purple) [Grenade] MosteracRP (Yellow)
Fri Apr 28 18:47:49 2023 rishi sunak (Yellow) [Headshot] Buda (Purple)
Fri Apr 28 18:47:51 2023 valendmg00 joined Purple team
Fri Apr 28 18:47:55 2023 NeDNoRuS joined Yellow team
Fri Apr 28 18:48:12 2023 Buda (Purple) [Headshot] rishi sunak (Yellow)
Fri Apr 28 18:48:16 2023 DUA|Changiiii (Yellow) [Grenade] blaine (Purple)
Fri Apr 28 18:48:19 2023 MosteracRP (Yellow) [Shotgun] danielito (Purple)
Fri Apr 28 18:48:20 2023 MosteracRP (Yellow) [Shotgun] EmiEmi (Purple)
Fri Apr 28 18:48:20 2023 Buda (Purple) [Headshot] NeDNoRuS (Yellow)
Fri Apr 28 18:48:29 2023 DUA|Changiiii (Yellow) [Rifle] Buda (Purple)
Fri Apr 28 18:48:32 2023 blaine (Purple) [Headshot] Harry (Yellow)
Fri Apr 28 18:48:34 2023 blaine (Purple) [Grenade] DUA|Changiiii (Yellow)
Fri Apr 28 18:48:43 2023 [Global] Squirrel! (Yellow): hey monster
Fri Apr 28 18:48:49 2023 [Global] Squirrel! (Yellow): can i call the yellow team los amarillos
Fri Apr 28 18:48:49 2023 blaine (Purple) [Headshot] rishi sunak (Yellow)
Fri Apr 28 18:48:57 2023 [Global]  SSercome. (Yellow): wtf
Fri Apr 28 18:48:58 2023  SSercome. (Yellow) [Fall]
Fri Apr 28 18:49:00 2023 DUA|Changiiii (Yellow) [Rifle] blaine (Purple)
Fri Apr 28 18:49:00 2023 MosteracRP (Yellow) [Headshot] valendmg00 (Purple)
Fri Apr 28 18:49:01 2023 [Global]  SSercome. (Yellow): XD
Fri Apr 28 18:49:05 2023 Buda (Purple) [Headshot] DUA|Changiiii (Yellow)
Fri Apr 28 18:49:05 2023 Player blaine has left
Fri Apr 28 18:49:08 2023 Buda (Purple) [Headshot] rishi sunak (Yellow)
Fri Apr 28 18:49:12 2023 Buda (Purple) [Headshot] Squirrel! (Yellow)
Fri Apr 28 18:49:12 2023 danielito (Purple) [Melee] MosteracRP (Yellow)
Fri Apr 28 18:49:13 2023 Buda (Purple) [Headshot] Harry (Yellow)
Fri Apr 28 18:49:13 2023 [Global] rishi sunak (Yellow): aimbot
Fri Apr 28 18:49:14 2023 Buda (Purple) [Headshot] ahilaox (Yellow)
Fri Apr 28 18:49:14 2023 NeDNoRuS (Yellow) [SMG] ruankkk (Purple)
Fri Apr 28 18:49:17 2023 [Global] Squirrel! (Yellow): haaaaaaaaax
Fri Apr 28 18:49:18 2023 [Global] DUA|Changiiii (Yellow): ...
Fri Apr 28 18:49:18 2023 kennanX (Yellow) [Headshot] valendmg00 (Purple)
Fri Apr 28 18:49:18 2023 ruankkk (Purple) [Weapon Change]
Fri Apr 28 18:49:21 2023 [Global]  SSercome. (Yellow): haha
Fri Apr 28 18:49:24 2023 [Team] MosteracRP (Yellow): 1 : siganme todos
Fri Apr 28 18:49:33 2023 Player ahilaox has left
Fri Apr 28 18:49:33 2023 [Global]  SSercome. (Yellow): ya es normal que te digan eso, supongo
Fri Apr 28 18:49:37 2023 danielito (Purple) [Grenade] NeDNoRuS (Yellow)
Fri Apr 28 18:49:39 2023 [Team] Squirrel! (Yellow): 1 : si papi
Fri Apr 28 18:49:53 2023 [Global] Buda (Purple): supongo que estoy jugando bien
Fri Apr 28 18:49:55 2023 MosteracRP (Yellow) [Shotgun] EmiEmi (Purple)
Fri Apr 28 18:49:57 2023 ahilaox joined Purple team
Fri Apr 28 18:50:01 2023 rishi sunak (Yellow) [Headshot] Buda (Purple)
Fri Apr 28 18:50:01 2023 [Global] cheeasy (Purple): where is my love
Fri Apr 28 18:50:03 2023 Player EmiEmi has left
Fri Apr 28 18:50:04 2023 [Global] MosteracRP (Yellow): que comentaba
Fri Apr 28 18:50:10 2023 rishi sunak (Yellow) [SMG] ruankkk (Purple)
Fri Apr 28 18:50:14 2023 cheeasy (Purple) [Headshot] kennanX (Yellow)
Fri Apr 28 18:50:22 2023 MosteracRP (Yellow) [Shotgun] danielito (Purple)
Fri Apr 28 18:50:23 2023 cheeasy (Purple) [Headshot] rishi sunak (Yellow)
Fri Apr 28 18:50:25 2023 Buda (Purple) [Grenade] DUA|Changiiii (Yellow)
Fri Apr 28 18:50:26 2023 DUA|Changiiii (Yellow) [Grenade] valendmg00 (Purple)
Fri Apr 28 18:50:26 2023 DUA|Changiiii (Yellow) [Grenade] ahilaox (Purple)
Fri Apr 28 18:50:36 2023 cheeasy (Purple) [Headshot] kennanX (Yellow)
Fri Apr 28 18:50:39 2023 ruankkk (Purple) [Melee]  SSercome. (Yellow)
Fri Apr 28 18:50:44 2023 [Global] kennanX (Yellow): que carajo le di
Fri Apr 28 18:50:44 2023 [Global]  SSercome. (Yellow): . . .
Fri Apr 28 18:50:46 2023 [Global] cheeasy (Purple): d or c
Fri Apr 28 18:50:49 2023 Buda (Purple) [Headshot] DUA|Changiiii (Yellow)
Fri Apr 28 18:50:54 2023 [Global] DUA|Changiiii (Yellow): ...
Fri Apr 28 18:50:54 2023 ruankkk (Purple) [Melee] MosteracRP (Yellow)
Fri Apr 28 18:50:57 2023 DUA|Changiiii (Yellow) [Grenade] Buda (Purple)
Fri Apr 28 18:51:00 2023 [Global] cheeasy (Purple): ...
Fri Apr 28 18:51:04 2023 [Global] Buda (Purple): jaja
Fri Apr 28 18:51:05 2023 rishi sunak (Yellow) [SMG] cheeasy (Purple)
Fri Apr 28 18:51:08 2023  SSercome. (Yellow) [Rifle] ruankkk (Purple)
Fri Apr 28 18:51:14 2023 kennanX (Yellow) [Shotgun] DUA|Changiiii (Yellow)
Fri Apr 28 18:51:18 2023 [Global] DUA|Changiiii (Yellow): ...
Fri Apr 28 18:51:23 2023 Deuhh joined Purple team
Fri Apr 28 18:51:23 2023 [Global] DUA|Changiiii (Yellow): last warning
Fri Apr 28 18:51:23 2023 Buda (Purple) [Rifle] Harry (Yellow)
Fri Apr 28 18:51:26 2023  SSercome. (Yellow) [Headshot] danielito (Purple)
Fri Apr 28 18:51:26 2023 Disconnecting
