Sat Jun 24 20:43:39 2023 ------ World Loaded ------
Sat Jun 24 20:43:39 2023 bee (Blue) [Headshot] Chaja (Red)
Sat Jun 24 20:43:39 2023 Caruso (Red) [Headshot] bee (Blue)
Sat Jun 24 20:43:39 2023 Aristote picked up Red's Intel.
Sat Jun 24 20:43:39 2023 Welcome to aloha.pk tower of babel
Sat Jun 24 20:43:40 2023 Map: TOAST by JoJoe-Stinky AKA Jason Bonham
Sat Jun 24 20:43:42 2023 Game mode: Tower of Babel by Yourself, modified by izzy
Sat Jun 24 20:43:44 2023 Build a tower to get the enemy's intel. Take it to your team's tent to win!
Sat Jun 24 20:43:46 2023 Visit our community forums at https://aloha.pk/
Sat Jun 24 20:43:48 2023 Come chat with us at https://discord.aloha.pk/
Sat Jun 24 20:43:51 2023 Pedro joined Red team
Sat Jun 24 20:43:54 2023 bee (Blue) [SMG] Caruso (Red)
Sat Jun 24 20:44:01 2023 bee (Blue) [Headshot] Chaja (Red)
Sat Jun 24 20:44:02 2023  Type /HELP for info & commands
Sat Jun 24 20:44:04 2023 Player Chaja has left
Sat Jun 24 20:44:11 2023 Pedro (Red) [Headshot] bee (Blue)
Sat Jun 24 20:44:19 2023 Pedro (Red) [Headshot] Harry (Blue)
Sat Jun 24 20:44:23 2023 bee (Blue) [Headshot] Pedro (Red)
Sat Jun 24 20:44:25 2023 Aristote captured Red's Intel.
Sat Jun 24 20:44:32 2023  Visit our community forums at https://aloha.pk/
Sat Jun 24 20:44:37 2023 Pedro (Red) [Headshot] bee (Blue)
Sat Jun 24 20:44:48 2023 Caruso (Red) [Headshot] Harry (Blue)
Sat Jun 24 20:44:48 2023 Chaja joined Red team
Sat Jun 24 20:45:02 2023 Harry (Blue) [Headshot] Caruso (Red)
Sat Jun 24 20:45:02 2023  Come chat with us at https://discord.aloha.pk/
Sat Jun 24 20:45:13 2023 Harry (Blue) [Headshot] Kronnos (Red)
Sat Jun 24 20:45:14 2023 Pedro (Red) [SMG] bee (Blue)
Sat Jun 24 20:45:23 2023 Chaja (Red) [Rifle] Aristote (Blue)
Sat Jun 24 20:45:29 2023 Chaja (Red) [Headshot] Golden Simple (Blue)
Sat Jun 24 20:45:31 2023 Harry (Blue) [Headshot] Pedro (Red)
Sat Jun 24 20:45:32 2023  If you believe a player is breaking the rules, please let us know with /ADMIN
Sat Jun 24 20:45:33 2023 bee (Blue) [SMG] Chaja (Red)
Sat Jun 24 20:45:38 2023 bee (Blue) [Headshot] Caruso (Red)
Sat Jun 24 20:45:44 2023 Harry (Blue) [Rifle] Kronnos (Red)
Sat Jun 24 20:45:58 2023 bee (Blue) [Headshot] Caruso (Red)
Sat Jun 24 20:46:01 2023 Player Caruso has left
Sat Jun 24 20:46:02 2023  Mahalo for playing aloha.pk tower of babel
Sat Jun 24 20:46:10 2023 Chaja (Red) [Headshot] bee (Blue)
Sat Jun 24 20:46:14 2023 sudokant joined Red team
Sat Jun 24 20:46:14 2023 [Team] bee (Blue): one left
Sat Jun 24 20:46:14 2023 Harry (Blue) [Headshot] Pedro (Red)
Sat Jun 24 20:46:15 2023 Kronnos (Red) [Headshot] Aristote (Blue)
Sat Jun 24 20:46:18 2023 Harry (Blue) [Headshot] Kronnos (Red)
Sat Jun 24 20:46:18 2023 Player Kronnos has left
Sat Jun 24 20:46:32 2023  Build a tower to get the enemy's intel. Take it to your team's tent to win!
Sat Jun 24 20:46:48 2023 bee (Blue) [Headshot] Pedro (Red)
Sat Jun 24 20:46:52 2023 bee (Blue) [SMG] Pedro (Red)
Sat Jun 24 20:47:02 2023  Type /HELP for info & commands
Sat Jun 24 20:47:06 2023 Pedro (Red) [Rifle] bee (Blue)
Sat Jun 24 20:47:30 2023 bee (Blue) [SMG] sudokant (Red)
Sat Jun 24 20:47:32 2023  Visit our community forums at https://aloha.pk/
Sat Jun 24 20:47:37 2023 Pedro (Red) [Headshot] bee (Blue)
Sat Jun 24 20:47:40 2023 Chaja (Red) [Headshot] Aristote (Blue)
Sat Jun 24 20:47:52 2023 bee (Blue) [SMG] Pedro (Red)
Sat Jun 24 20:48:00 2023 sudokant (Red) [Rifle] bee (Blue)
Sat Jun 24 20:48:02 2023  Come chat with us at https://discord.aloha.pk/
Sat Jun 24 20:48:04 2023 Player Golden Simple has left
Sat Jun 24 20:48:06 2023 sudokant (Red) [Headshot] Aristote (Blue)
Sat Jun 24 20:48:18 2023 bee (Blue) [Headshot] sudokant (Red)
Sat Jun 24 20:48:22 2023 Chaja (Red) [Headshot] bee (Blue)
Sat Jun 24 20:48:32 2023  If you believe a player is breaking the rules, please let us know with /ADMIN
Sat Jun 24 20:48:38 2023 sudokant (Red) [Headshot] Aristote (Blue)
Sat Jun 24 20:49:00 2023 Chaja (Red) [Fall]
Sat Jun 24 20:49:02 2023  Mahalo for playing aloha.pk tower of babel
Sat Jun 24 20:49:05 2023 bee (Blue) [SMG] Pedro (Red)
Sat Jun 24 20:49:08 2023 bee (Blue) [Headshot] sudokant (Red)
Sat Jun 24 20:49:11 2023 NovaS joined Blue team
Sat Jun 24 20:49:12 2023 NovaS (Blue) [Weapon Change]
Sat Jun 24 20:49:16 2023 Chaja (Red) [Rifle] bee (Blue)
Sat Jun 24 20:49:32 2023  Build a tower to get the enemy's intel. Take it to your team's tent to win!
Sat Jun 24 20:49:42 2023 Pedro (Red) [Headshot] NovaS (Blue)
Sat Jun 24 20:49:50 2023 sudokant (Red) [Headshot] Aristote (Blue)
Sat Jun 24 20:49:56 2023 Drumdero joined Red team
Sat Jun 24 20:50:02 2023  Type /HELP for info & commands
Sat Jun 24 20:50:07 2023 bee (Blue) [Headshot] Pedro (Red)
Sat Jun 24 20:50:29 2023 bee (Blue) [Headshot] Pedro (Red)
Sat Jun 24 20:50:32 2023  Visit our community forums at https://aloha.pk/
Sat Jun 24 20:50:33 2023 NovaS (Blue) [Headshot] sudokant (Red)
Sat Jun 24 20:50:37 2023 NovaS (Blue) [Headshot] Drumdero (Red)
Sat Jun 24 20:50:40 2023 Pedro (Red) [Headshot] bee (Blue)
Sat Jun 24 20:50:50 2023 Aristote (Blue) [Headshot] sudokant (Red)
Sat Jun 24 20:50:58 2023 Lovely Lori joined Red team
Sat Jun 24 20:51:02 2023  Come chat with us at https://discord.aloha.pk/
Sat Jun 24 20:51:10 2023 Pedro (Red) [SMG] NovaS (Blue)
Sat Jun 24 20:51:12 2023 Aristote (Blue) [Fall]
Sat Jun 24 20:51:15 2023 NovaS (Blue) [Weapon Change]
Sat Jun 24 20:51:23 2023 Aristote (Blue) [Rifle] Drumdero (Red)
Sat Jun 24 20:51:27 2023 Lovely Lori (Red) [Rifle] bee (Blue)
Sat Jun 24 20:51:30 2023 Aristote (Blue) [Headshot] sudokant (Red)
Sat Jun 24 20:51:32 2023 Lovely Lori (Red) [Headshot] Aristote (Blue)
Sat Jun 24 20:51:32 2023  If you believe a player is breaking the rules, please let us know with /ADMIN
Sat Jun 24 20:51:37 2023 [Team] Aristote (Blue): crap
Sat Jun 24 20:51:43 2023 Aristote (Blue) [SMG] Lovely Lori (Red)
Sat Jun 24 20:51:46 2023 Pedro (Red) [Headshot] Aristote (Blue)
Sat Jun 24 20:51:58 2023 Chaja (Red) [Headshot] NovaS (Blue)
Sat Jun 24 20:52:02 2023  Mahalo for playing aloha.pk tower of babel
Sat Jun 24 20:52:04 2023 Aristote (Blue) [Grenade] Drumdero (Red)
Sat Jun 24 20:52:06 2023 sudokant (Red) [Headshot] Harry (Blue)
Sat Jun 24 20:52:09 2023 Aristote (Blue) [SMG] sudokant (Red)
Sat Jun 24 20:52:12 2023 Player bee has left
Sat Jun 24 20:52:21 2023 Harry (Blue) [Headshot] Pedro (Red)
Sat Jun 24 20:52:21 2023 Chaja (Red) [Headshot] Aristote (Blue)
Sat Jun 24 20:52:32 2023  Build a tower to get the enemy's intel. Take it to your team's tent to win!
Sat Jun 24 20:52:36 2023 [Global] Lovely Lori (Red): anyone else love HRT
Sat Jun 24 20:52:41 2023 sudokant (Red) [Rifle] NovaS (Blue)
Sat Jun 24 20:52:47 2023 Chaja (Red) [Headshot] Aristote (Blue)
Sat Jun 24 20:53:02 2023 [Global] Lovely Lori (Red): if u don't know it's not for u
Sat Jun 24 20:53:02 2023  Type /HELP for info & commands
Sat Jun 24 20:53:10 2023 Lovely Lori (Red) [Headshot] Harry (Blue)
Sat Jun 24 20:53:13 2023 [Global] Drumdero (Red): I guess not lol
Sat Jun 24 20:53:23 2023 Chaja (Red) [Headshot] Aristote (Blue)
Sat Jun 24 20:53:32 2023  Visit our community forums at https://aloha.pk/
Sat Jun 24 20:53:42 2023 Harry (Blue) [Headshot] Lovely Lori (Red)
Sat Jun 24 20:53:50 2023 Pedro (Red) [Rifle] Harry (Blue)
Sat Jun 24 20:53:58 2023 Chaja (Red) [Headshot] Aristote (Blue)
Sat Jun 24 20:54:02 2023  Come chat with us at https://discord.aloha.pk/
Sat Jun 24 20:54:08 2023 Chaja (Red) [Headshot] NovaS (Blue)
Sat Jun 24 20:54:17 2023 You must be closer to the enemy's base to shoot blocks!
Sat Jun 24 20:54:19 2023 You must be closer to the enemy's base to shoot blocks!
Sat Jun 24 20:54:19 2023 Drumdero (Red) [Headshot] NovaS (Blue)
Sat Jun 24 20:54:29 2023 NovaS (Blue) [Headshot] Drumdero (Red)
Sat Jun 24 20:54:31 2023 Aristote (Blue) [SMG] Pedro (Red)
Sat Jun 24 20:54:32 2023  If you believe a player is breaking the rules, please let us know with /ADMIN
Sat Jun 24 20:54:34 2023 Lovely Lori (Red) [Headshot] Aristote (Blue)
Sat Jun 24 20:54:43 2023 NovaS (Blue) [Headshot] sudokant (Red)
Sat Jun 24 20:54:54 2023 Lovely Lori (Red) [Headshot] Harry (Blue)
Sat Jun 24 20:55:02 2023  Mahalo for playing aloha.pk tower of babel
Sat Jun 24 20:55:06 2023 Pedro (Red) [Rifle] Aristote (Blue)
Sat Jun 24 20:55:07 2023 NovaS (Blue) [Melee] Pedro (Red)
Sat Jun 24 20:55:11 2023 sudokant (Red) [Rifle] NovaS (Blue)
Sat Jun 24 20:55:15 2023 Lovely Lori (Red) [Headshot] Harry (Blue)
Sat Jun 24 20:55:21 2023 Aristote (Blue) [SMG] Lovely Lori (Red)
Sat Jun 24 20:55:32 2023  Build a tower to get the enemy's intel. Take it to your team's tent to win!
Sat Jun 24 20:55:38 2023 NovaS (Blue) [Headshot] Pedro (Red)
Sat Jun 24 20:55:41 2023 NovaS (Blue) [Headshot] Drumdero (Red)
Sat Jun 24 20:55:45 2023 Player Drumdero has left
Sat Jun 24 20:55:59 2023 [Karma]boi joined Red team
Sat Jun 24 20:56:02 2023  Type /HELP for info & commands
Sat Jun 24 20:56:12 2023 Lovely Lori (Red) [Rifle] Aristote (Blue)
Sat Jun 24 20:56:13 2023 NovaS (Blue) [Headshot] Lovely Lori (Red)
Sat Jun 24 20:56:13 2023 Chaja (Red) [Headshot] NovaS (Blue)
Sat Jun 24 20:56:24 2023 Chaja (Red) [Headshot] Aristote (Blue)
Sat Jun 24 20:56:26 2023 Lovely Lori (Red) [Team Change]
Sat Jun 24 20:56:26 2023 Lovely Lori joined Blue team
Sat Jun 24 20:56:32 2023  Visit our community forums at https://aloha.pk/
Sat Jun 24 20:56:35 2023 NovaS (Blue) [Headshot] Chaja (Red)
Sat Jun 24 20:56:36 2023 [Karma]boi (Red) [Headshot] Lovely Lori (Blue)
Sat Jun 24 20:56:37 2023 Aristote (Blue) [SMG] [Karma]boi (Red)
Sat Jun 24 20:56:44 2023 [Global] [Karma]boi (Red): les
Sat Jun 24 20:56:45 2023 Ragnar joined Red team
Sat Jun 24 20:56:47 2023 Pedro (Red) [Headshot] Aristote (Blue)
Sat Jun 24 20:56:52 2023 [Global] Lovely Lori (Blue): laura les
Sat Jun 24 20:56:54 2023 NovaS (Blue) [Rifle] Pedro (Red)
Sat Jun 24 20:56:58 2023 [Global] [Karma]boi (Red): Aristoteles
Sat Jun 24 20:57:02 2023  Come chat with us at https://discord.aloha.pk/
Sat Jun 24 20:57:07 2023 [Global] Chaja (Red): mmmmmmmmmmm laura
Sat Jun 24 20:57:09 2023 [Global] Aristote (Blue): hello
Sat Jun 24 20:57:19 2023 [Global] Lovely Lori (Blue): love 100 gecs
Sat Jun 24 20:57:23 2023 NovaS (Blue) [Headshot] Pedro (Red)
Sat Jun 24 20:57:25 2023 Lovely Lori (Blue) [Headshot] Ragnar (Red)
Sat Jun 24 20:57:30 2023 [Karma]boi (Red) [SMG] Aristote (Blue)
Sat Jun 24 20:57:32 2023 NovaS (Blue) [Rifle] [Karma]boi (Red)
Sat Jun 24 20:57:32 2023  If you believe a player is breaking the rules, please let us know with /ADMIN
Sat Jun 24 20:57:38 2023 [Global] [Karma]boi (Red): ay mamahuevo
Sat Jun 24 20:57:41 2023 [Global] [Karma]boi (Red): me asusta
Sat Jun 24 20:57:48 2023 Ragnar (Red) [Rifle] Lovely Lori (Blue)
Sat Jun 24 20:57:51 2023 Player Lovely Lori has left
Sat Jun 24 20:57:54 2023 Pedro (Red) [Rifle] NovaS (Blue)
Sat Jun 24 20:58:02 2023  Mahalo for playing aloha.pk tower of babel
Sat Jun 24 20:58:19 2023 [Karma]boi (Red) [SMG] Aristote (Blue)
Sat Jun 24 20:58:25 2023 [Karma]boi (Red) [SMG] NovaS (Blue)
Sat Jun 24 20:58:32 2023  Build a tower to get the enemy's intel. Take it to your team's tent to win!
Sat Jun 24 20:58:36 2023 Aristote (Blue) [SMG] Chaja (Red)
Sat Jun 24 20:58:52 2023 [Global] Aristote (Blue): hey guys could we even it out a bit?
Sat Jun 24 20:58:57 2023 [Global] Aristote (Blue): harry is just making pixel art
Sat Jun 24 20:59:02 2023  Type /HELP for info & commands
Sat Jun 24 20:59:05 2023 [Global] Aristote (Blue): nothing against him but... not helping
Sat Jun 24 20:59:06 2023 NovaS (Blue) [Headshot] [Karma]boi (Red)
Sat Jun 24 20:59:09 2023 [Global] [Karma]boi (Red): nya
Sat Jun 24 20:59:10 2023 [Global] [Karma]boi (Red): uwu
Sat Jun 24 20:59:12 2023 Ragnar (Red) [Headshot] NovaS (Blue)
Sat Jun 24 20:59:17 2023 Aristote (Blue) [SMG] Chaja (Red)
Sat Jun 24 20:59:22 2023 [Global] [Karma]boi (Red): shit, im not a femboy, sorry
Sat Jun 24 20:59:23 2023 [Global] NovaS (Blue): ?
Sat Jun 24 20:59:26 2023 [Global] Chaja (Red): matenlo
Sat Jun 24 20:59:27 2023 [Global] Harry (Blue): do you want me to help?
Sat Jun 24 20:59:32 2023  Visit our community forums at https://aloha.pk/
Sat Jun 24 20:59:36 2023 [Global] Harry (Blue): no ningun matenlo
Sat Jun 24 20:59:40 2023 [Global] Harry (Blue): dejeme quieto
Sat Jun 24 20:59:41 2023 [Global] Aristote (Blue): you dont have to. I didn't mean to make you feel bad about it
Sat Jun 24 20:59:42 2023 Ragnar (Red) [Headshot] Aristote (Blue)
Sat Jun 24 20:59:45 2023 [Global] Aristote (Blue): but if you want
Sat Jun 24 20:59:46 2023 Pedro (Red) [Headshot] NovaS (Blue)
Sat Jun 24 20:59:50 2023 [Global] [Karma]boi (Red): harry stiles
Sat Jun 24 20:59:50 2023 [Global] NovaS (Blue): pascal
Sat Jun 24 20:59:52 2023 Pedro (Red) [Headshot] Aristote (Blue)
Sat Jun 24 21:00:02 2023 [Global] Aristote (Blue): it's 2 against 5 right now
Sat Jun 24 21:00:02 2023  Come chat with us at https://discord.aloha.pk/
Sat Jun 24 21:00:04 2023 Harry (Blue) [Headshot] Pedro (Red)
Sat Jun 24 21:00:16 2023 NovaS (Blue) [Headshot] Ragnar (Red)
Sat Jun 24 21:00:16 2023 [Global] Harry (Blue): if they invade i defend
Sat Jun 24 21:00:17 2023 [Global] Aristote (Blue): can't really defend a tower with that number
Sat Jun 24 21:00:17 2023 Ragnar (Red) [Grenade] NovaS (Blue)
Sat Jun 24 21:00:25 2023 [Global] Chaja (Red): on
Sat Jun 24 21:00:26 2023 [Global] Aristote (Blue): they just took the tower down
Sat Jun 24 21:00:32 2023  If you believe a player is breaking the rules, please let us know with /ADMIN
Sat Jun 24 21:00:34 2023 [Karma]boi (Red) [SMG] Harry (Blue)
Sat Jun 24 21:00:38 2023 [Karma]boi (Red) [Headshot] NovaS (Blue)
Sat Jun 24 21:00:40 2023 Harry (Blue) [Headshot] [Karma]boi (Red)
Sat Jun 24 21:00:46 2023 [Global] Harry (Blue): ok i will help
Sat Jun 24 21:00:48 2023 Pedro (Red) [Rifle] Harry (Blue)
Sat Jun 24 21:00:52 2023 [Team] Aristote (Blue): thx
Sat Jun 24 21:00:55 2023 Chaja (Red) [Headshot] NovaS (Blue)
Sat Jun 24 21:01:00 2023 Aristote (Blue) [Headshot] sudokant (Red)
Sat Jun 24 21:01:02 2023 Harry (Blue) [Headshot] Pedro (Red)
Sat Jun 24 21:01:02 2023  Mahalo for playing aloha.pk tower of babel
Sat Jun 24 21:01:06 2023 Harry (Blue) [Headshot] Chaja (Red)
Sat Jun 24 21:01:13 2023 Aristote (Blue) [SMG] sudokant (Red)
Sat Jun 24 21:01:15 2023 [Karma]boi (Red) [Grenade] Aristote (Blue)
Sat Jun 24 21:01:17 2023 Ragnar (Red) [Rifle] Harry (Blue)
Sat Jun 24 21:01:23 2023 [Global] Chaja (Red): pasese  uno no sean wwaeones
Sat Jun 24 21:01:32 2023  Build a tower to get the enemy's intel. Take it to your team's tent to win!
Sat Jun 24 21:01:32 2023 NovaS (Blue) [Headshot] Ragnar (Red)
Sat Jun 24 21:01:40 2023 Aristote (Blue) [Headshot] Pedro (Red)
Sat Jun 24 21:01:53 2023 Ragnar (Red) [Headshot] Aristote (Blue)
Sat Jun 24 21:01:54 2023 BRO joined Blue team
Sat Jun 24 21:01:55 2023 You can't destroy your team's blocks in this area. Attack the enemy's tower!
Sat Jun 24 21:01:56 2023 You can't destroy your team's blocks in this area. Attack the enemy's tower!
Sat Jun 24 21:02:02 2023  Type /HELP for info & commands
Sat Jun 24 21:02:04 2023 NovaS (Blue) [Shotgun] sudokant (Red)
Sat Jun 24 21:02:05 2023 Ragnar (Red) [Rifle] Harry (Blue)
Sat Jun 24 21:02:05 2023 Pedro (Red) [SMG] NovaS (Blue)
Sat Jun 24 21:02:17 2023 BRO (Blue) [Headshot] Ragnar (Red)
Sat Jun 24 21:02:22 2023 BRO (Blue) [SMG] [Karma]boi (Red)
Sat Jun 24 21:02:26 2023 Pedro (Red) [Headshot] Aristote (Blue)
Sat Jun 24 21:02:32 2023 Harry (Blue) [Headshot] Pedro (Red)
Sat Jun 24 21:02:32 2023  Visit our community forums at https://aloha.pk/
Sat Jun 24 21:02:44 2023 [Karma]boi (Red) [SMG] BRO (Blue)
Sat Jun 24 21:02:53 2023 NovaS (Blue) [Headshot] Ragnar (Red)
Sat Jun 24 21:02:55 2023 Harry (Blue) [Headshot] Chaja (Red)
Sat Jun 24 21:02:57 2023 Aristote (Blue) [SMG] sudokant (Red)
Sat Jun 24 21:03:02 2023 NovaS (Blue) [Shotgun] Pedro (Red)
Sat Jun 24 21:03:02 2023  Come chat with us at https://discord.aloha.pk/
Sat Jun 24 21:03:02 2023 [Karma]boi (Red) [SMG] NovaS (Blue)
Sat Jun 24 21:03:05 2023 [Global] NovaS (Blue): wow
Sat Jun 24 21:03:18 2023 Chaja (Red) [SMG] Aristote (Blue)
Sat Jun 24 21:03:24 2023 [Karma]boi (Red) [Headshot] BRO (Blue)
Sat Jun 24 21:03:25 2023 NovaS (Blue) [Headshot] [Karma]boi (Red)
Sat Jun 24 21:03:26 2023 Chaja (Red) [SMG] Harry (Blue)
Sat Jun 24 21:03:30 2023 [Global] [Karma]boi (Red): World or warcraft
Sat Jun 24 21:03:32 2023  If you believe a player is breaking the rules, please let us know with /ADMIN
Sat Jun 24 21:03:32 2023 [Global] [Karma]boi (Red): wow
Sat Jun 24 21:03:39 2023 [Global] [Karma]boi (Red): off?
Sat Jun 24 21:03:41 2023 Harry (Blue) [Rifle] Pedro (Red)
Sat Jun 24 21:03:43 2023 Aristote (Blue) [Grenade] Chaja (Red)
Sat Jun 24 21:03:46 2023 sudokant (Red) [Headshot] NovaS (Blue)
Sat Jun 24 21:03:50 2023 BRO (Blue) [Headshot] Ragnar (Red)
Sat Jun 24 21:03:51 2023 [Global] [Karma]boi (Red): not remember
Sat Jun 24 21:03:55 2023 [Global] NovaS (Blue): red   hot 
Sat Jun 24 21:04:01 2023 [Global] [Karma]boi (Red): im hot.
Sat Jun 24 21:04:02 2023  Mahalo for playing aloha.pk tower of babel
Sat Jun 24 21:04:04 2023 Player NovaS has left
Sat Jun 24 21:04:05 2023 Chaja (Red) [Melee] Aristote (Blue)
Sat Jun 24 21:04:07 2023 Harry (Blue) [Headshot] [Karma]boi (Red)
Sat Jun 24 21:04:13 2023 [Global] [Karma]boi (Red): xd...
Sat Jun 24 21:04:14 2023 Harry (Blue) [Headshot] Chaja (Red)
Sat Jun 24 21:04:24 2023 Harry (Blue) [Headshot] Pedro (Red)
Sat Jun 24 21:04:24 2023 sudokant (Red) [Headshot] BRO (Blue)
Sat Jun 24 21:04:30 2023 Harry (Blue) [Rifle] Chaja (Red)
Sat Jun 24 21:04:32 2023  Build a tower to get the enemy's intel. Take it to your team's tent to win!
Sat Jun 24 21:04:36 2023 Ragnar (Red) [Headshot] Aristote (Blue)
Sat Jun 24 21:04:41 2023 Ragnar (Red) [Rifle] Harry (Blue)
Sat Jun 24 21:04:48 2023 Ragnar (Red) [Rifle] BRO (Blue)
Sat Jun 24 21:04:58 2023 Harry (Blue) [Rifle] Ragnar (Red)
Sat Jun 24 21:04:59 2023 Zapster joined Blue team
Sat Jun 24 21:05:00 2023 [Karma]boi (Red) [SMG] Aristote (Blue)
Sat Jun 24 21:05:03 2023  Type /HELP for info & commands
Sat Jun 24 21:05:11 2023 Harry (Blue) [Headshot] [Karma]boi (Red)
Sat Jun 24 21:05:16 2023 Harry (Blue) [Headshot] Chaja (Red)
Sat Jun 24 21:05:22 2023 Harry (Blue) [Headshot] Pedro (Red)
Sat Jun 24 21:05:23 2023 Squirrel! joined Blue team
Sat Jun 24 21:05:24 2023 Harry (Blue) [Headshot] Ragnar (Red)
Sat Jun 24 21:05:33 2023  Visit our community forums at https://aloha.pk/
Sat Jun 24 21:05:35 2023 [Karma]boi (Red) [Headshot] Zapster (Blue)
Sat Jun 24 21:05:41 2023 [Global] Harry (Blue): some progress in the stair?
Sat Jun 24 21:05:49 2023 [Karma]boi (Red) [Grenade] Harry (Blue)
Sat Jun 24 21:05:50 2023 [Team] Squirrel! (Blue): We need stairs?
Sat Jun 24 21:05:52 2023 [Team] Aristote (Blue): I will start building again. we have enough players
Sat Jun 24 21:06:00 2023 [Global] Harry (Blue): to heaven
Sat Jun 24 21:06:03 2023  Come chat with us at https://discord.aloha.pk/
Sat Jun 24 21:06:07 2023 Harry (Blue) [Headshot] Chaja (Red)
Sat Jun 24 21:06:08 2023 BRO (Blue) [Headshot] sudokant (Red)
Sat Jun 24 21:06:10 2023 Player Chaja has left
Sat Jun 24 21:06:24 2023 Harry (Blue) [Headshot] Pedro (Red)
Sat Jun 24 21:06:31 2023 [Karma]boi (Red) [Headshot] Squirrel! (Blue)
Sat Jun 24 21:06:33 2023  If you believe a player is breaking the rules, please let us know with /ADMIN
Sat Jun 24 21:06:35 2023 Ragnar (Red) [Headshot] Harry (Blue)
Sat Jun 24 21:06:35 2023 [Team] Squirrel! (Blue): Behind spawn
Sat Jun 24 21:06:41 2023 Ragnar (Red) [Rifle] Aristote (Blue)
Sat Jun 24 21:06:45 2023 sudokant (Red) [Rifle] Zapster (Blue)
Sat Jun 24 21:06:50 2023 Squirrel! (Blue) [Headshot] [Karma]boi (Red)
Sat Jun 24 21:06:52 2023 BRO (Blue) [SMG] [Karma]boi (Red)
Sat Jun 24 21:06:59 2023 Harry (Blue) [Headshot] Pedro (Red)
Sat Jun 24 21:07:03 2023  Mahalo for playing aloha.pk tower of babel
Sat Jun 24 21:07:07 2023 leparaguayo joined Blue team
Sat Jun 24 21:07:09 2023 BRO (Blue) [Headshot] [Karma]boi (Red)
Sat Jun 24 21:07:14 2023 Ragnar (Red) [Headshot] Aristote (Blue)
Sat Jun 24 21:07:20 2023 Harry (Blue) [Headshot] Ragnar (Red)
Sat Jun 24 21:07:23 2023 [Karma]boi (Red) [Grenade] BRO (Blue)
Sat Jun 24 21:07:32 2023 Pedro (Red) [Rifle] Harry (Blue)
Sat Jun 24 21:07:33 2023  Build a tower to get the enemy's intel. Take it to your team's tent to win!
Sat Jun 24 21:07:44 2023 [Global] [Karma]boi (Red): tia paola
Sat Jun 24 21:07:47 2023 Ragnar (Red) [Rifle] leparaguayo (Blue)
Sat Jun 24 21:08:02 2023 sudokant (Red) [Rifle] BRO (Blue)
Sat Jun 24 21:08:03 2023  Type /HELP for info & commands
Sat Jun 24 21:08:08 2023 Harry (Blue) [Headshot] Ragnar (Red)
Sat Jun 24 21:08:09 2023 [Team] Squirrel! (Blue): STAIRS
Sat Jun 24 21:08:10 2023 sudokant (Red) [Rifle] leparaguayo (Blue)
Sat Jun 24 21:08:14 2023 Player leparaguayo has left
Sat Jun 24 21:08:28 2023 Pedro (Red) [Headshot] BRO (Blue)
Sat Jun 24 21:08:32 2023 You must be closer to the enemy's base to shoot blocks!
Sat Jun 24 21:08:33 2023  Visit our community forums at https://aloha.pk/
Sat Jun 24 21:08:34 2023 Harry (Blue) [Rifle] Pedro (Red)
Sat Jun 24 21:08:44 2023 Ragnar (Red) [Headshot] Aristote (Blue)
Sat Jun 24 21:08:48 2023 [Karma]boi (Red) [Shotgun] Squirrel! (Blue)
Sat Jun 24 21:08:50 2023 [Team] Squirrel! (Blue): STAIRS
Sat Jun 24 21:08:55 2023 leparaguayo joined Blue team
Sat Jun 24 21:09:03 2023  Come chat with us at https://discord.aloha.pk/
Sat Jun 24 21:09:03 2023 Harry (Blue) [Headshot] Pedro (Red)
Sat Jun 24 21:09:07 2023 [Karma]boi (Red) [Shotgun] Squirrel! (Blue)
Sat Jun 24 21:09:09 2023 leparaguayo (Blue) [Headshot] Ragnar (Red)
Sat Jun 24 21:09:10 2023 [Karma]boi (Red) [Shotgun] Zapster (Blue)
Sat Jun 24 21:09:11 2023 Player leparaguayo has left
Sat Jun 24 21:09:14 2023 sudokant (Red) [Headshot] BRO (Blue)
Sat Jun 24 21:09:29 2023 [Team] Squirrel! (Blue): Well done
Sat Jun 24 21:09:33 2023  If you believe a player is breaking the rules, please let us know with /ADMIN
Sat Jun 24 21:09:38 2023 Zapster (Blue) [Headshot] [Karma]boi (Red)
Sat Jun 24 21:09:41 2023 Harry (Blue) [Headshot] Ragnar (Red)
Sat Jun 24 21:09:49 2023 Player Ragnar has left
Sat Jun 24 21:09:52 2023 [Team] Squirrel! (Blue): Let's try again
Sat Jun 24 21:09:57 2023 BRO (Blue) [Team Change]
Sat Jun 24 21:10:02 2023 BRO joined Red team
Sat Jun 24 21:10:03 2023  Mahalo for playing aloha.pk tower of babel
Sat Jun 24 21:10:06 2023 Pedro (Red) [Rifle] Zapster (Blue)
Sat Jun 24 21:10:11 2023 Pedro (Red) [Headshot] Harry (Blue)
Sat Jun 24 21:10:16 2023 Amedrontadooo joined Blue team
Sat Jun 24 21:10:23 2023 [Karma]boi (Red) [Headshot] Squirrel! (Blue)
Sat Jun 24 21:10:24 2023 [Team] Squirrel! (Blue): Support the stairs ffs
Sat Jun 24 21:10:26 2023 Aristote (Blue) [SMG] [Karma]boi (Red)
Sat Jun 24 21:10:30 2023 Aristote (Blue) [Fall]
Sat Jun 24 21:10:32 2023 [Team] Squirrel! (Blue): You can't leave them
Sat Jun 24 21:10:33 2023  Build a tower to get the enemy's intel. Take it to your team's tent to win!
Sat Jun 24 21:10:38 2023 Harry (Blue) [Rifle] Pedro (Red)
Sat Jun 24 21:10:46 2023 BRO (Red) [SMG] Harry (Blue)
Sat Jun 24 21:10:53 2023 Zapster (Blue) [Headshot] BRO (Red)
Sat Jun 24 21:11:00 2023 Pedro (Red) [Rifle] Squirrel! (Blue)
Sat Jun 24 21:11:00 2023 Zapster (Blue) [Headshot] [Karma]boi (Red)
Sat Jun 24 21:11:00 2023 PENEAMOROSO joined Blue team
Sat Jun 24 21:11:03 2023  Type /HELP for info & commands
Sat Jun 24 21:11:06 2023 Amedrontadooo (Blue) [Headshot] Pedro (Red)
Sat Jun 24 21:11:28 2023 Harry (Blue) [Headshot] BRO (Red)
Sat Jun 24 21:11:33 2023  Visit our community forums at https://aloha.pk/
Sat Jun 24 21:11:38 2023 sudokant (Red) [Headshot] PENEAMOROSO (Blue)
Sat Jun 24 21:11:52 2023 Harry (Blue) [Headshot] [Karma]boi (Red)
Sat Jun 24 21:11:56 2023 sudokant (Red) [Headshot] Zapster (Blue)
Sat Jun 24 21:12:02 2023 Harry (Blue) [Headshot] BRO (Red)
Sat Jun 24 21:12:03 2023  Come chat with us at https://discord.aloha.pk/
Sat Jun 24 21:12:14 2023 PENEAMOROSO (Blue) [Weapon Change]
Sat Jun 24 21:12:24 2023 PENEAMOROSO (Blue) [Headshot] Pedro (Red)
Sat Jun 24 21:12:28 2023 PENEAMOROSO (Blue) [Headshot] BRO (Red)
Sat Jun 24 21:12:33 2023  If you believe a player is breaking the rules, please let us know with /ADMIN
Sat Jun 24 21:12:34 2023 Pedro (Red) [Rifle] Harry (Blue)
Sat Jun 24 21:12:38 2023 Harry (Blue) [Team Change]
Sat Jun 24 21:12:46 2023 PENEAMOROSO (Blue) [Headshot] [Karma]boi (Red)
Sat Jun 24 21:12:50 2023 Zapster (Blue) [Headshot] sudokant (Red)
Sat Jun 24 21:12:52 2023 titicaca joined Blue team
Sat Jun 24 21:13:03 2023  Mahalo for playing aloha.pk tower of babel
Sat Jun 24 21:13:03 2023 PENEAMOROSO (Blue) [Headshot] Pedro (Red)
Sat Jun 24 21:13:05 2023 PENEAMOROSO (Blue) [Headshot] BRO (Red)
Sat Jun 24 21:13:07 2023 Zapster (Blue) [Headshot] sudokant (Red)
Sat Jun 24 21:13:12 2023 Harry (Red) [Headshot] Zapster (Blue)
Sat Jun 24 21:13:33 2023  Build a tower to get the enemy's intel. Take it to your team's tent to win!
Sat Jun 24 21:13:34 2023 Player BRO has left
Sat Jun 24 21:13:34 2023 PENEAMOROSO (Blue) [Headshot] Harry (Red)
Sat Jun 24 21:13:37 2023 PENEAMOROSO (Blue) [Shotgun] [Karma]boi (Red)
Sat Jun 24 21:14:03 2023  Type /HELP for info & commands
Sat Jun 24 21:14:03 2023 Pedro (Red) [Headshot] titicaca (Blue)
Sat Jun 24 21:14:10 2023 PENEAMOROSO (Blue) [Shotgun] Harry (Red)
Sat Jun 24 21:14:15 2023 Pedro (Red) [Rifle] PENEAMOROSO (Blue)
Sat Jun 24 21:14:20 2023 Zapster (Blue) [Headshot] sudokant (Red)
Sat Jun 24 21:14:25 2023 Zapster (Blue) [Headshot] Pedro (Red)
Sat Jun 24 21:14:33 2023  Visit our community forums at https://aloha.pk/
Sat Jun 24 21:14:33 2023 Harry (Red) [Headshot] Zapster (Blue)
Sat Jun 24 21:14:53 2023 Saito joined Red team
Sat Jun 24 21:14:55 2023 IronildoJr joined Red team
Sat Jun 24 21:14:57 2023 titicaca (Blue) [Headshot] sudokant (Red)
Sat Jun 24 21:14:59 2023 Amedrontadooo (Blue) [Headshot] [Karma]boi (Red)
Sat Jun 24 21:15:01 2023 Harry (Red) [Headshot] PENEAMOROSO (Blue)
Sat Jun 24 21:15:03 2023  Come chat with us at https://discord.aloha.pk/
Sat Jun 24 21:15:21 2023 Pedro (Red) [Rifle] Squirrel! (Blue)
Sat Jun 24 21:15:22 2023 titicaca (Blue) [Headshot] Harry (Red)
Sat Jun 24 21:15:27 2023 Zapster (Blue) [Headshot] Pedro (Red)
Sat Jun 24 21:15:32 2023 PENEAMOROSO (Blue) [Shotgun] IronildoJr (Red)
Sat Jun 24 21:15:33 2023  If you believe a player is breaking the rules, please let us know with /ADMIN
Sat Jun 24 21:15:37 2023 sudokant (Red) [Headshot] Zapster (Blue)
Sat Jun 24 21:15:44 2023 titicaca (Blue) [Headshot] Harry (Red)
Sat Jun 24 21:15:47 2023 [Karma]boi (Red) [Headshot] Amedrontadooo (Blue)
Sat Jun 24 21:15:53 2023 sudokant (Red) [Headshot] PENEAMOROSO (Blue)
Sat Jun 24 21:15:54 2023 titicaca (Blue) [Fall]
Sat Jun 24 21:16:03 2023  Mahalo for playing aloha.pk tower of babel
Sat Jun 24 21:16:13 2023 Gustavo joined Blue team
Sat Jun 24 21:16:17 2023 Harry (Red) [Headshot] Squirrel! (Blue)
Sat Jun 24 21:16:18 2023 titicaca (Blue) [Headshot] [Karma]boi (Red)
Sat Jun 24 21:16:22 2023 Saito (Red) [Headshot] Aristote (Blue)
Sat Jun 24 21:16:24 2023 titicaca (Blue) [Rifle] Saito (Red)
Sat Jun 24 21:16:25 2023 PENEAMOROSO (Blue) [Shotgun] Pedro (Red)
Sat Jun 24 21:16:29 2023 PENEAMOROSO (Blue) [Shotgun] Harry (Red)
Sat Jun 24 21:16:32 2023 PENEAMOROSO (Blue) [Shotgun] IronildoJr (Red)
Sat Jun 24 21:16:33 2023  Build a tower to get the enemy's intel. Take it to your team's tent to win!
Sat Jun 24 21:16:35 2023 Luisitocumunica joined Blue team
Sat Jun 24 21:16:48 2023  Squirrel! has reached 1000 blocks placed! /heaven unlocked.
Sat Jun 24 21:16:49 2023 Amedrontadooo (Blue) [Headshot] Pedro (Red)
Sat Jun 24 21:17:01 2023 PENEAMOROSO (Blue) [Headshot] Harry (Red)
Sat Jun 24 21:17:02 2023 titicaca (Blue) [Headshot] Pedro (Red)
Sat Jun 24 21:17:03 2023  Type /HELP for info & commands
Sat Jun 24 21:17:05 2023 Amedrontadooo (Blue) [Headshot] IronildoJr (Red)
Sat Jun 24 21:17:13 2023 Harry (Red) [Headshot] PENEAMOROSO (Blue)
Sat Jun 24 21:17:30 2023 Zapster picked up Red's Intel.
Sat Jun 24 21:17:33 2023  Visit our community forums at https://aloha.pk/
Sat Jun 24 21:17:36 2023 Squirrel! (Blue) [SMG] Harry (Red)
Sat Jun 24 21:17:39 2023 PENEAMOROSO (Blue) [Shotgun] IronildoJr (Red)
Sat Jun 24 21:17:41 2023 Pedro (Red) [Headshot] Squirrel! (Blue)
Sat Jun 24 21:17:43 2023 PCRouter joined Red team
Sat Jun 24 21:17:46 2023 Luisitocumunica (Blue) [Headshot] Saito (Red)
Sat Jun 24 21:17:47 2023 Pedro (Red) [Headshot] Amedrontadooo (Blue)
Sat Jun 24 21:17:49 2023 titicaca (Blue) [Melee] [Karma]boi (Red)
Sat Jun 24 21:17:49 2023 [Global] Squirrel! (Blue): I am playing ace of blazed
Sat Jun 24 21:17:54 2023 Zapster captured Red's Intel.
Sat Jun 24 21:17:54 2023 Harry (Red) [Headshot] PENEAMOROSO (Blue)
Sat Jun 24 21:17:55 2023 Luisitocumunica (Blue) [Fall]
Sat Jun 24 21:18:02 2023 titicaca (Blue) [Headshot] sudokant (Red)
Sat Jun 24 21:18:03 2023  Come chat with us at https://discord.aloha.pk/
Sat Jun 24 21:18:03 2023 Harry (Red) [Headshot] Gustavo (Blue)
Sat Jun 24 21:18:05 2023 [Global] PCRouter (Red): helllooo
Sat Jun 24 21:18:11 2023 [Global] Aristote (Blue): howdy
Sat Jun 24 21:18:17 2023 Zapster picked up Red's Intel.
Sat Jun 24 21:18:18 2023 Pedro (Red) [Headshot] Luisitocumunica (Blue)
Sat Jun 24 21:18:22 2023 [Global] Squirrel! (Blue): Hallo mein schatz
Sat Jun 24 21:18:25 2023 Harry (Red) [Headshot] Amedrontadooo (Blue)
Sat Jun 24 21:18:29 2023 Player Amedrontadooo has left
Sat Jun 24 21:18:31 2023 You must be closer to the enemy's base to shoot blocks!
Sat Jun 24 21:18:33 2023  If you believe a player is breaking the rules, please let us know with /ADMIN
Sat Jun 24 21:18:35 2023 [Karma]boi (Red) [Shotgun] titicaca (Blue)
Sat Jun 24 21:18:35 2023 Pedro (Red) [Headshot] PENEAMOROSO (Blue)
Sat Jun 24 21:18:35 2023 Saito (Red) [Fall]
Sat Jun 24 21:18:36 2023 Harry (Red) [Headshot] Squirrel! (Blue)
Sat Jun 24 21:18:39 2023 Pedro (Red) [Rifle] Aristote (Blue)
Sat Jun 24 21:18:40 2023 Zapster captured Red's Intel.
Sat Jun 24 21:18:42 2023 [Karma]boi (Red) [Team Change]
Sat Jun 24 21:18:42 2023 IronildoJr (Red) [Headshot] Gustavo (Blue)
Sat Jun 24 21:18:47 2023 Player [Karma]boi has left
Sat Jun 24 21:18:53 2023 PENEAMOROSO (Blue) [Shotgun] Pedro (Red)
Sat Jun 24 21:18:55 2023 Harry (Red) [Headshot] Aristote (Blue)
Sat Jun 24 21:18:57 2023 Harry (Red) [Headshot] titicaca (Blue)
Sat Jun 24 21:18:59 2023 PENEAMOROSO (Blue) [Headshot] IronildoJr (Red)
Sat Jun 24 21:18:59 2023 Squirrel! (Blue) [Rifle] Harry (Red)
Sat Jun 24 21:19:02 2023 PENEAMOROSO (Blue) [Headshot] PCRouter (Red)
Sat Jun 24 21:19:02 2023  PENEAMOROSO was banned.
Sat Jun 24 21:19:02 2023 Player PENEAMOROSO has left
Sat Jun 24 21:19:03 2023  Mahalo for playing aloha.pk tower of babel
Sat Jun 24 21:19:08 2023 Zapster picked up Red's Intel.
Sat Jun 24 21:19:11 2023 [Global] PCRouter (Red): wait what happened to him?
Sat Jun 24 21:19:14 2023 PCRouter joined Blue team
Sat Jun 24 21:19:20 2023 [Global] titicaca (Blue): idk but they were a lil sus earlier imo
Sat Jun 24 21:19:22 2023 Luisitocumunica (Blue) [Headshot] sudokant (Red)
Sat Jun 24 21:19:29 2023 [Global] PCRouter (Blue): ahhh
Sat Jun 24 21:19:33 2023  Build a tower to get the enemy's intel. Take it to your team's tent to win!
Sat Jun 24 21:19:33 2023 Zapster captured Red's Intel.
Sat Jun 24 21:19:33 2023 Harry (Red) [Rifle] Squirrel! (Blue)
Sat Jun 24 21:19:33 2023 Pedro (Red) [Rifle] titicaca (Blue)
Sat Jun 24 21:19:36 2023 Luisitocumunica (Blue) [Headshot] sudokant (Red)
Sat Jun 24 21:19:38 2023 [Global] Squirrel! (Blue): Aaa
Sat Jun 24 21:19:45 2023 Pedro (Red) [Rifle] Aristote (Blue)
Sat Jun 24 21:19:47 2023 titicaca (Blue) [Headshot] Harry (Red)
Sat Jun 24 21:19:52 2023 IronildoJr (Red) [Headshot] PCRouter (Blue)
Sat Jun 24 21:19:56 2023 titicaca (Blue) [Headshot] IronildoJr (Red)
Sat Jun 24 21:19:57 2023 Saito (Red) [Rifle] Luisitocumunica (Blue)
Sat Jun 24 21:20:00 2023 Zapster picked up Red's Intel.
Sat Jun 24 21:20:00 2023 titicaca (Blue) [Headshot] Pedro (Red)
Sat Jun 24 21:20:03 2023  Type /HELP for info & commands
Sat Jun 24 21:20:09 2023 titicaca (Blue) [Headshot] Harry (Red)
Sat Jun 24 21:20:18 2023 titicaca (Blue) [Headshot] Pedro (Red)
Sat Jun 24 21:20:22 2023 Harry (Red) [Headshot] titicaca (Blue)
Sat Jun 24 21:20:23 2023 Zapster captured Red's Intel.
Sat Jun 24 21:20:23 2023  With 2804 blocks placed, Aristote is granted the right to unleash the apocalypse.
Sat Jun 24 21:20:23 2023 Isayah joined Red team
Sat Jun 24 21:20:25 2023 Squirrel! (Blue) [Headshot] Saito (Red)
Sat Jun 24 21:20:27 2023  Aristote has unleashed an apocalypse from God.
Sat Jun 24 21:20:29 2023  The apocalypse begins in 5
Sat Jun 24 21:20:29 2023 IronildoJr (Red) [Headshot] Aristote (Blue)
Sat Jun 24 21:20:30 2023  The apocalypse begins in 4
Sat Jun 24 21:20:31 2023  The apocalypse begins in 3
Sat Jun 24 21:20:32 2023  The apocalypse begins in 2
Sat Jun 24 21:20:33 2023  Visit our community forums at https://aloha.pk/
Sat Jun 24 21:20:33 2023 [Global] Squirrel! (Blue): SUc
Sat Jun 24 21:20:33 2023  The apocalypse begins in 1
Sat Jun 24 21:20:36 2023 Aristote (Blue) [Grenade] sudokant (Red)
Sat Jun 24 21:20:36 2023 Aristote (Blue) [Grenade] Isayah (Red)
Sat Jun 24 21:20:37 2023 titicaca (Blue) [Headshot] IronildoJr (Red)
Sat Jun 24 21:20:38 2023 Aristote (Blue) [Grenade] Saito (Red)
Sat Jun 24 21:20:39 2023 Aristote (Blue) [Grenade] sudokant (Red)
Sat Jun 24 21:20:39 2023 Aristote (Blue) [Grenade] Saito (Red)
Sat Jun 24 21:20:39 2023 Aristote (Blue) [Grenade] IronildoJr (Red)
Sat Jun 24 21:20:41 2023 Aristote (Blue) [Grenade] Harry (Red)
Sat Jun 24 21:20:43 2023 [Global] titicaca (Blue): iron dildo jr
Sat Jun 24 21:20:44 2023  The apocalypse has ended.
Sat Jun 24 21:20:44 2023 Player Aristote has left
Sat Jun 24 21:20:46 2023 [Global] titicaca (Blue): damn
Sat Jun 24 21:20:47 2023  The apocalypse has ended.
Sat Jun 24 21:20:50 2023 Luisitocumunica (Blue) [Grenade]
Sat Jun 24 21:20:53 2023 [Global] titicaca (Blue): bruh he rly left after he apoc'd
Sat Jun 24 21:20:58 2023 Pedro (Red) [Headshot] titicaca (Blue)
Sat Jun 24 21:21:02 2023 Zapster picked up Red's Intel.
Sat Jun 24 21:21:03 2023  Come chat with us at https://discord.aloha.pk/
Sat Jun 24 21:21:04 2023 Gustavo (Blue) [Rifle] Pedro (Red)
Sat Jun 24 21:21:06 2023 Squirrel! (Blue) [Fall]
Sat Jun 24 21:21:12 2023 Harry (Red) [Headshot] PCRouter (Blue)
Sat Jun 24 21:21:13 2023 [Global] Squirrel! (Blue): lmao
Sat Jun 24 21:21:17 2023 Gustavo (Blue) [Fall]
Sat Jun 24 21:21:26 2023 Zapster captured Red's Intel.
Sat Jun 24 21:21:29 2023 Player Isayah has left
Sat Jun 24 21:21:30 2023 titicaca (Blue) [Rifle] Harry (Red)
Sat Jun 24 21:21:33 2023  If you believe a player is breaking the rules, please let us know with /ADMIN
Sat Jun 24 21:21:35 2023 Aristote joined Blue team
Sat Jun 24 21:21:42 2023 Luisitocumunica (Blue) [Rifle] sudokant (Red)
Sat Jun 24 21:21:42 2023 Harry (Red) [Headshot] Luisitocumunica (Blue)
Sat Jun 24 21:21:49 2023 IronildoJr (Red) [Rifle] titicaca (Blue)
Sat Jun 24 21:21:59 2023 Aristote (Blue) [Headshot] Pedro (Red)
Sat Jun 24 21:22:00 2023 Gustavo (Blue) [Fall]
Sat Jun 24 21:22:01 2023 titicaca (Blue) [Headshot] IronildoJr (Red)
Sat Jun 24 21:22:03 2023  Mahalo for playing aloha.pk tower of babel
Sat Jun 24 21:22:14 2023 Isayah joined Red team
Sat Jun 24 21:22:15 2023 titicaca (Blue) [Rifle] sudokant (Red)
Sat Jun 24 21:22:19 2023 Saito (Red) [Fall]
Sat Jun 24 21:22:20 2023 titicaca (Blue) [Headshot] Pedro (Red)
Sat Jun 24 21:22:22 2023 Harry (Red) [Rifle] Aristote (Blue)
Sat Jun 24 21:22:23 2023 Zapster picked up Red's Intel.
Sat Jun 24 21:22:28 2023 IronildoJr (Red) [Headshot] titicaca (Blue)
Sat Jun 24 21:22:29 2023 Isayah (Red) [Headshot] Luisitocumunica (Blue)
Sat Jun 24 21:22:33 2023  Build a tower to get the enemy's intel. Take it to your team's tent to win!
Sat Jun 24 21:22:36 2023 Aristote (Blue) [Headshot] Harry (Red)
Sat Jun 24 21:22:47 2023 Zapster captured Red's Intel.
Sat Jun 24 21:22:47 2023 titicaca (Blue) [Headshot] IronildoJr (Red)
Sat Jun 24 21:22:51 2023 Pedro (Red) [Headshot] Gustavo (Blue)
Sat Jun 24 21:22:51 2023 titicaca (Blue) [Headshot] sudokant (Red)
Sat Jun 24 21:22:57 2023 Harry (Red) [Headshot] Aristote (Blue)
Sat Jun 24 21:22:58 2023 titicaca (Blue) [Headshot] Pedro (Red)
Sat Jun 24 21:23:03 2023  Type /HELP for info & commands
Sat Jun 24 21:23:03 2023 titicaca (Blue) [Rifle] Saito (Red)
Sat Jun 24 21:23:07 2023 Zapster (Blue) [Headshot] Isayah (Red)
Sat Jun 24 21:23:13 2023 IronildoJr (Red) [Headshot] titicaca (Blue)
Sat Jun 24 21:23:19 2023 sudokant (Red) [Rifle] PCRouter (Blue)
Sat Jun 24 21:23:19 2023 Vagabond joined Red team
Sat Jun 24 21:23:20 2023 Zapster (Blue) [Headshot] IronildoJr (Red)
Sat Jun 24 21:23:23 2023 Harry (Red) [Headshot] Gustavo (Blue)
Sat Jun 24 21:23:24 2023 [Global] PCRouter (Blue): hi vagaaa
Sat Jun 24 21:23:26 2023 [Global] Vagabond (Red): HEY EVERYONE - HOLA AMIGOS
Sat Jun 24 21:23:27 2023 [Global] titicaca (Blue): vaga!
Sat Jun 24 21:23:27 2023 [Global] Aristote (Blue): heyoo
Sat Jun 24 21:23:27 2023 Pedro (Red) [Headshot] Zapster (Blue)
Sat Jun 24 21:23:29 2023 [Global] Vagabond (Red): hiiiiiiiii
Sat Jun 24 21:23:33 2023 IronildoJr (Red) [Headshot] Luisitocumunica (Blue)
Sat Jun 24 21:23:33 2023 Squirrel! (Blue) [Headshot] IronildoJr (Red)
Sat Jun 24 21:23:33 2023  Visit our community forums at https://aloha.pk/
Sat Jun 24 21:23:35 2023 Squirrel! (Blue) [Headshot] Saito (Red)
Sat Jun 24 21:23:40 2023 titicaca (Blue) [Headshot] sudokant (Red)
Sat Jun 24 21:23:41 2023 Saito (Red) [Rifle] Squirrel! (Blue)
Sat Jun 24 21:23:46 2023 [Global] Squirrel! (Blue): hiiiiiiii
Sat Jun 24 21:23:53 2023 Pedro (Red) [Headshot] titicaca (Blue)
Sat Jun 24 21:23:57 2023 PCRouter (Blue) [Headshot] Pedro (Red)
Sat Jun 24 21:23:58 2023 [Global] Vagabond (Red): hi my friends
Sat Jun 24 21:24:00 2023 PCRouter (Blue) [Rifle] Vagabond (Red)
Sat Jun 24 21:24:03 2023  Come chat with us at https://discord.aloha.pk/
Sat Jun 24 21:24:08 2023 Luisitocumunica (Blue) [Headshot] Harry (Red)
Sat Jun 24 21:24:15 2023 PCRouter (Blue) [Headshot] IronildoJr (Red)
Sat Jun 24 21:24:17 2023 titicaca (Blue) [Headshot] Saito (Red)
Sat Jun 24 21:24:17 2023 Zapster (Blue) [Headshot] Pedro (Red)
Sat Jun 24 21:24:17 2023 Aristote (Blue) [SMG] sudokant (Red)
Sat Jun 24 21:24:20 2023 [Global] Luisitocumunica (Blue): hello
Sat Jun 24 21:24:25 2023 Aristote (Blue) [SMG] Isayah (Red)
Sat Jun 24 21:24:31 2023 IronildoJr (Red) [Weapon Change]
Sat Jun 24 21:24:33 2023  If you believe a player is breaking the rules, please let us know with /ADMIN
Sat Jun 24 21:24:34 2023 Harry (Red) [Headshot] Aristote (Blue)
Sat Jun 24 21:24:36 2023 sudokant (Red) [Headshot] Luisitocumunica (Blue)
Sat Jun 24 21:24:36 2023 Zapster (Blue) [Headshot] Vagabond (Red)
Sat Jun 24 21:24:37 2023 [Global] Squirrel! (Blue): I have to see red base before we win lol
Sat Jun 24 21:24:40 2023 [Global] titicaca (Blue): xD
Sat Jun 24 21:24:42 2023 Player Isayah has left
Sat Jun 24 21:24:46 2023 titicaca (Blue) [Headshot] Harry (Red)
Sat Jun 24 21:24:48 2023 titicaca (Blue) [Headshot] Pedro (Red)
Sat Jun 24 21:24:49 2023 titicaca (Blue) [Headshot] IronildoJr (Red)
Sat Jun 24 21:24:49 2023 sudokant (Red) [Rifle] titicaca (Blue)
Sat Jun 24 21:24:55 2023 Squirrel! (Blue) [Weapon Change]
Sat Jun 24 21:25:03 2023  Mahalo for playing aloha.pk tower of babel
Sat Jun 24 21:25:07 2023 titicaca (Blue) [Headshot] sudokant (Red)
Sat Jun 24 21:25:10 2023 titicaca (Blue) [Headshot] Pedro (Red)
Sat Jun 24 21:25:13 2023 IronildoJr (Red) [Headshot] PCRouter (Blue)
Sat Jun 24 21:25:16 2023 Luisitocumunica (Blue) [Fall]
Sat Jun 24 21:25:17 2023 Vagabond (Red) [Headshot] Zapster (Blue)
Sat Jun 24 21:25:18 2023 [Global] titicaca (Blue): blues have a whole ass firing squad down here
Sat Jun 24 21:25:26 2023 Squirrel! (Blue) [Headshot] Vagabond (Red)
Sat Jun 24 21:25:27 2023 Pedro (Red) [Rifle] titicaca (Blue)
Sat Jun 24 21:25:28 2023 [Global] PCRouter (Blue): why arent we capturing shit again?
Sat Jun 24 21:25:31 2023 [Global] titicaca (Blue): idk
Sat Jun 24 21:25:33 2023  Build a tower to get the enemy's intel. Take it to your team's tent to win!
Sat Jun 24 21:25:34 2023 Pedro (Red) [Headshot] Gustavo (Blue)
Sat Jun 24 21:25:34 2023 Luisitocumunica (Blue) [Grenade]
Sat Jun 24 21:25:35 2023 Squirrel! (Blue) [SMG] Pedro (Red)
Sat Jun 24 21:25:36 2023 PCRouter (Blue) [Headshot] Harry (Red)
Sat Jun 24 21:25:37 2023 Aristote (Blue) [Headshot] Saito (Red)
Sat Jun 24 21:25:39 2023 sudokant (Red) [Headshot] Aristote (Blue)
Sat Jun 24 21:25:40 2023 IronildoJr (Red) [SMG] PCRouter (Blue)
Sat Jun 24 21:25:47 2023 [Global] titicaca (Blue): tru
Sat Jun 24 21:25:56 2023 Pedro (Red) [Headshot] Squirrel! (Blue)
Sat Jun 24 21:25:59 2023 [Global] Squirrel! (Blue): fuk
Sat Jun 24 21:26:00 2023 sudokant (Red) [Headshot] PCRouter (Blue)
Sat Jun 24 21:26:03 2023  Type /HELP for info & commands
Sat Jun 24 21:26:04 2023 titicaca picked up Red's Intel.
Sat Jun 24 21:26:11 2023 titicaca (Blue) [Headshot] IronildoJr (Red)
Sat Jun 24 21:26:13 2023 PCRouter (Blue) [Rifle] sudokant (Red)
Sat Jun 24 21:26:17 2023 Luisitocumunica (Blue) [Headshot] Vagabond (Red)
Sat Jun 24 21:26:17 2023 Gustavo (Blue) [Headshot] Pedro (Red)
Sat Jun 24 21:26:21 2023 Zapster (Blue) [Headshot] Harry (Red)
Sat Jun 24 21:26:23 2023 Saito (Red) [Headshot] Gustavo (Blue)
Sat Jun 24 21:26:27 2023 PCRouter (Blue) [Headshot] Saito (Red)
Sat Jun 24 21:26:28 2023 Isayah joined Red team
Sat Jun 24 21:26:29 2023 Aristote (Blue) [SMG] IronildoJr (Red)
Sat Jun 24 21:26:31 2023 Vagabond (Red) [Headshot] Luisitocumunica (Blue)
Sat Jun 24 21:26:33 2023  Visit our community forums at https://aloha.pk/
Sat Jun 24 21:26:33 2023 titicaca captured Red's Intel.
Sat Jun 24 21:26:36 2023 sudokant (Red) [Headshot] Zapster (Blue)
Sat Jun 24 21:26:37 2023 W4R71N joined Blue team
Sat Jun 24 21:26:41 2023 Aristote picked up Red's Intel.
Sat Jun 24 21:26:43 2023 Squirrel! (Blue) [Headshot] Harry (Red)
Sat Jun 24 21:26:46 2023 sudokant (Red) [Headshot] titicaca (Blue)
Sat Jun 24 21:26:49 2023 PCRouter (Blue) [Headshot] sudokant (Red)
Sat Jun 24 21:26:50 2023 Squirrel! (Blue) [Headshot] Saito (Red)
Sat Jun 24 21:26:50 2023 IronildoJr (Red) [Headshot] Squirrel! (Blue)
Sat Jun 24 21:26:53 2023 Saito (Red) [Weapon Change]
Sat Jun 24 21:27:03 2023  Come chat with us at https://discord.aloha.pk/
Sat Jun 24 21:27:05 2023 titicaca (Blue) [Headshot] Vagabond (Red)
Sat Jun 24 21:27:09 2023 [Global] titicaca (Blue): hehe
Sat Jun 24 21:27:09 2023 Aristote captured Red's Intel.
Sat Jun 24 21:27:11 2023 Harry (Red) [Headshot] PCRouter (Blue)
Sat Jun 24 21:27:12 2023 [Global] titicaca (Blue): wow who made the circle
Sat Jun 24 21:27:15 2023 IronildoJr (Red) [Headshot] Luisitocumunica (Blue)
Sat Jun 24 21:27:16 2023 Squirrel! picked up Red's Intel.
Sat Jun 24 21:27:26 2023 You must be closer to the enemy's base to shoot blocks!
Sat Jun 24 21:27:26 2023 [Global] Aristote (Blue): harry did. i'ts a pretty nice spawn centerpiece
Sat Jun 24 21:27:26 2023 titicaca (Blue) [Headshot] Isayah (Red)
Sat Jun 24 21:27:31 2023 [Global] titicaca (Blue): nie
Sat Jun 24 21:27:31 2023 Gustavo (Blue) [Headshot] sudokant (Red)
Sat Jun 24 21:27:32 2023 [Global] titicaca (Blue): nice
Sat Jun 24 21:27:33 2023  If you believe a player is breaking the rules, please let us know with /ADMIN
Sat Jun 24 21:27:38 2023 PCRouter (Blue) [Headshot] IronildoJr (Red)
Sat Jun 24 21:27:41 2023 Pedro (Red) [Rifle] Aristote (Blue)
Sat Jun 24 21:27:42 2023 Gustavo (Blue) [Headshot] Pedro (Red)
Sat Jun 24 21:27:43 2023 [Global] PCRouter (Blue): gg?
Sat Jun 24 21:27:46 2023 [Global] Squirrel! (Blue): gg
Sat Jun 24 21:27:47 2023 [Global] Aristote (Blue): aww yeah
Sat Jun 24 21:27:49 2023 Luisitocumunica (Blue) [Headshot] Saito (Red)
Sat Jun 24 21:27:52 2023 Harry (Red) [Headshot] titicaca (Blue)
Sat Jun 24 21:27:54 2023 Harry (Red) [Headshot] Luisitocumunica (Blue)
Sat Jun 24 21:27:55 2023 [Global] titicaca (Blue): damn lmfaooo
Sat Jun 24 21:28:01 2023 [Global] Squirrel! (Blue): no gg
Sat Jun 24 21:28:01 2023 Squirrel! dropped Red's Intel
Sat Jun 24 21:28:01 2023  The intel has returned to the heavens
Sat Jun 24 21:28:01 2023 Squirrel! (Blue) [Fall]
Sat Jun 24 21:28:01 2023 Zapster picked up Red's Intel.
Sat Jun 24 21:28:03 2023  Mahalo for playing aloha.pk tower of babel
Sat Jun 24 21:28:03 2023 [Global] Vagabond (Red): xd
Sat Jun 24 21:28:04 2023 PCRouter (Blue) [Headshot] Harry (Red)
Sat Jun 24 21:28:08 2023 [Global] Luisitocumunica (Blue): jajajja
Sat Jun 24 21:28:16 2023 PCRouter (Blue) [Headshot] Pedro (Red)
Sat Jun 24 21:28:17 2023 Zapster dropped Red's Intel
Sat Jun 24 21:28:17 2023  The intel has returned to the heavens
Sat Jun 24 21:28:17 2023 Vagabond (Red) [Headshot] Zapster (Blue)
Sat Jun 24 21:28:21 2023 [Global] PCRouter (Blue): whats happening lmao
Sat Jun 24 21:28:21 2023 [Global] Vagabond (Red): xd
Sat Jun 24 21:28:23 2023 PCRouter picked up Red's Intel.
Sat Jun 24 21:28:26 2023 [Global] titicaca (Blue): vaga is coming for us
Sat Jun 24 21:28:30 2023 Squirrel! (Blue) [Headshot] Saito (Red)
Sat Jun 24 21:28:30 2023 [Global] titicaca (Blue): that's whats happening
Sat Jun 24 21:28:31 2023 Gustavo (Blue) [Rifle] IronildoJr (Red)
Sat Jun 24 21:28:33 2023  Build a tower to get the enemy's intel. Take it to your team's tent to win!
Sat Jun 24 21:28:33 2023 Aristote (Blue) [SMG] sudokant (Red)
Sat Jun 24 21:28:34 2023 Luisitocumunica (Blue) [Headshot] Harry (Red)
Sat Jun 24 21:28:39 2023 [Global] Squirrel! (Blue): fugg
Sat Jun 24 21:28:40 2023 PCRouter dropped Red's Intel
Sat Jun 24 21:28:40 2023  The intel has returned to the heavens
Sat Jun 24 21:28:40 2023 Vagabond (Red) [Headshot] PCRouter (Blue)
Sat Jun 24 21:28:42 2023 Luisitocumunica (Blue) [Headshot] Pedro (Red)
Sat Jun 24 21:28:43 2023 [Global] PCRouter (Blue): VAGAAAAA
Sat Jun 24 21:28:43 2023 [Global] titicaca (Blue): lmfaoooo
Sat Jun 24 21:28:45 2023 [Global] Squirrel! (Blue): LMAO
Sat Jun 24 21:28:47 2023 -= SeanVS =- joined Blue team
Sat Jun 24 21:28:47 2023 titicaca picked up Red's Intel.
Sat Jun 24 21:28:50 2023 [Global] Vagabond (Red): xdddddd
Sat Jun 24 21:28:59 2023 titicaca (Blue) [Headshot] Vagabond (Red)
Sat Jun 24 21:29:01 2023 [Global] Vagabond (Red): NOOO
Sat Jun 24 21:29:02 2023 [Global] Vagabond (Red): XD
Sat Jun 24 21:29:03 2023  Type /HELP for info & commands
Sat Jun 24 21:29:03 2023 Isayah (Red) [Headshot] W4R71N (Blue)
Sat Jun 24 21:29:04 2023 [Global] titicaca (Blue): hehehe
Sat Jun 24 21:29:04 2023 [Global] Squirrel! (Blue): HAHAH
Sat Jun 24 21:29:04 2023 [Global] -= SeanVS =- (Blue): well gg lmao
Sat Jun 24 21:29:06 2023 [Global] PCRouter (Blue): TAKE THATTT
Sat Jun 24 21:29:07 2023 [Global] PCRouter (Blue): VAMOSSSS
Sat Jun 24 21:29:10 2023 Luisitocumunica (Blue) [Rifle] Saito (Red)
Sat Jun 24 21:29:10 2023 Harry (Red) [Rifle] Luisitocumunica (Blue)
Sat Jun 24 21:29:11 2023 Gustavo (Blue) [Headshot] IronildoJr (Red)
Sat Jun 24 21:29:13 2023 [Global] titicaca (Blue): gg
Sat Jun 24 21:29:15 2023 titicaca captured Red's Intel.
Sat Jun 24 21:29:15 2023 Blue Wins!
Sat Jun 24 21:29:15 2023  Game finished! Next map: GoonassaultJapan.
Sat Jun 24 21:29:17 2023 sudokant (Red) [Headshot] Zapster (Blue)
Sat Jun 24 21:29:17 2023 -= SeanVS =- (Blue) [Headshot] Pedro (Red)
Sat Jun 24 21:29:18 2023 sudokant (Red) [Headshot] Aristote (Blue)
Sat Jun 24 21:29:19 2023 -= SeanVS =- (Blue) [Headshot] Saito (Red)
Sat Jun 24 21:29:19 2023 W4R71N (Blue) [Rifle] IronildoJr (Red)
Sat Jun 24 21:29:20 2023 Isayah (Red) [Headshot] titicaca (Blue)
Sat Jun 24 21:29:20 2023 titicaca (Blue) [Grenade] Vagabond (Red)
Sat Jun 24 21:29:20 2023 [Global] Aristote (Blue): gg
Sat Jun 24 21:29:20 2023 Harry (Red) [Headshot] Squirrel! (Blue)
Sat Jun 24 21:29:20 2023 titicaca (Blue) [Grenade] Isayah (Red)
Sat Jun 24 21:29:22 2023 W4R71N (Blue) [Headshot] Harry (Red)
Sat Jun 24 21:29:22 2023 Player Aristote has left
Sat Jun 24 21:29:23 2023 Player titicaca has left
Sat Jun 24 21:29:23 2023 [Global] Squirrel! (Blue): gg
Sat Jun 24 21:29:27 2023 ------ World Unloaded ------
Sat Jun 24 21:29:46 2023 ------ World Loaded ------
Sat Jun 24 21:29:46 2023 -= SeanVS =- joined Blue team
Sat Jun 24 21:29:46 2023 Luisitocumunica joined Red team
Sat Jun 24 21:29:46 2023 Welcome to aloha.pk tower of babel
Sat Jun 24 21:29:47 2023 Map: Goonassault Japan by Lostmotel
Sat Jun 24 21:29:49 2023 Game mode: Tower of Babel by Yourself, modified by izzy
Sat Jun 24 21:29:51 2023 Build a tower to get the enemy's intel. Take it to your team's tent to win!
Sat Jun 24 21:29:51 2023 Zapster joined Red team
Sat Jun 24 21:29:53 2023 Visit our community forums at https://aloha.pk/
Sat Jun 24 21:29:54 2023 Vagabond joined Blue team
Sat Jun 24 21:29:54 2023 W4R71N joined Red team
Sat Jun 24 21:29:55 2023 Come chat with us at https://discord.aloha.pk/
Sat Jun 24 21:29:57 2023 Saito joined Red team
Sat Jun 24 21:29:58 2023 PCRouter joined Blue team
Sat Jun 24 21:30:00 2023 Squirrel! joined Blue team
Sat Jun 24 21:30:01 2023 [Global] PCRouter (Blue): VAMOSSS
Sat Jun 24 21:30:03 2023  Come chat with us at https://discord.aloha.pk/
Sat Jun 24 21:30:05 2023 [Global] Squirrel! (Blue): VAAAAAAAAMOOOOOOOOOSSSSSSSSSSS
Sat Jun 24 21:30:11 2023 [Global] PCRouter (Blue): ah man not this map
Sat Jun 24 21:30:13 2023 IronildoJr joined Red team
Sat Jun 24 21:30:30 2023 Squirrel! (Blue) [Headshot] IronildoJr (Red)
Sat Jun 24 21:30:32 2023 -= SeanVS =- (Blue) [SMG] Saito (Red)
Sat Jun 24 21:30:33 2023  If you believe a player is breaking the rules, please let us know with /ADMIN
Sat Jun 24 21:30:35 2023 W4R71N (Red) [Team Change]
Sat Jun 24 21:30:38 2023 W4R71N joined Blue team
Sat Jun 24 21:30:45 2023 Zapster (Red) [SMG] W4R71N (Blue)
Sat Jun 24 21:30:46 2023 Zapster (Red) [Headshot] Vagabond (Blue)
Sat Jun 24 21:30:51 2023 [Team] Vagabond (Blue): nmy gaw
Sat Jun 24 21:30:53 2023 Harry (Blue) [Headshot] Zapster (Red)
Sat Jun 24 21:30:58 2023 IronildoJr (Red) [Headshot] Squirrel! (Blue)
Sat Jun 24 21:31:00 2023 [Global] Squirrel! (Blue): wtf
Sat Jun 24 21:31:03 2023  Mahalo for playing aloha.pk tower of babel
Sat Jun 24 21:31:04 2023 [Global] Squirrel! (Blue): Dildon't
Sat Jun 24 21:31:04 2023 -= SeanVS =- (Blue) [Headshot] Saito (Red)
Sat Jun 24 21:31:26 2023 IronildoJr (Red) [Rifle] Squirrel! (Blue)
Sat Jun 24 21:31:30 2023 C.A.D.L.A joined Red team
Sat Jun 24 21:31:32 2023 -= SeanVS =- (Blue) [SMG] Saito (Red)
Sat Jun 24 21:31:33 2023  Build a tower to get the enemy's intel. Take it to your team's tent to win!
Sat Jun 24 21:31:36 2023 [Team] Squirrel! (Blue): left side
Sat Jun 24 21:31:38 2023 [Global] Vagabond (Blue): e ela vem de mini bucetinha sentar no meu pauzo!!!
Sat Jun 24 21:31:41 2023 -= SeanVS =- (Blue) [Headshot] C.A.D.L.A (Red)
Sat Jun 24 21:31:43 2023 Saito (Red) [Headshot] -= SeanVS =- (Blue)
Sat Jun 24 21:31:45 2023 Squirrel! (Blue) [Headshot] Zapster (Red)
Sat Jun 24 21:31:47 2023 Squirrel! (Blue) [Headshot] IronildoJr (Red)
Sat Jun 24 21:31:48 2023 Saito (Red) [Headshot] Vagabond (Blue)
Sat Jun 24 21:31:58 2023 [Team] PCRouter (Blue): middle is clear from the looks of it
Sat Jun 24 21:32:03 2023  Type /HELP for info & commands
Sat Jun 24 21:32:08 2023 /_SH1ft!.kv6 joined Blue team
Sat Jun 24 21:32:16 2023 [Global] /_SH1ft!.kv6 (Blue): HEYOOO EVERYONE!
Sat Jun 24 21:32:17 2023 PCRouter (Blue) [Headshot] Saito (Red)
Sat Jun 24 21:32:19 2023 [Global] Vagabond (Blue): HEY
Sat Jun 24 21:32:26 2023 [Global] Squirrel! (Blue): hi!!!
Sat Jun 24 21:32:28 2023 [Global] PCRouter (Blue): heyyy
Sat Jun 24 21:32:31 2023 [Global] -= SeanVS =- (Blue): HELLO!!!!!!!!!
Sat Jun 24 21:32:33 2023  Visit our community forums at https://aloha.pk/
Sat Jun 24 21:32:33 2023 [Global] /_SH1ft!.kv6 (Blue): EY BOIS!!!
Sat Jun 24 21:32:34 2023 PCRouter (Blue) [Headshot] IronildoJr (Red)
Sat Jun 24 21:32:35 2023 C.A.D.L.A (Red) [Headshot] PCRouter (Blue)
Sat Jun 24 21:32:39 2023 Vagabond (Blue) [Fall]
Sat Jun 24 21:32:39 2023 Squirrel! (Blue) [Headshot] Zapster (Red)
Sat Jun 24 21:32:39 2023 [Team] PCRouter (Blue): right top
Sat Jun 24 21:32:44 2023 -= SeanVS =- (Blue) [Headshot] C.A.D.L.A (Red)
Sat Jun 24 21:32:46 2023 [Team] Squirrel! (Blue): covering left
Sat Jun 24 21:32:50 2023 -= SeanVS =- (Blue) [Headshot] Saito (Red)
Sat Jun 24 21:32:52 2023 [Global] /_SH1ft!.kv6 (Blue): What a epik day in AoS B)
Sat Jun 24 21:32:57 2023 PCRouter (Blue) [Headshot] Luisitocumunica (Red)
Sat Jun 24 21:33:03 2023  Come chat with us at https://discord.aloha.pk/
Sat Jun 24 21:33:07 2023 [Global] Squirrel! (Blue): Absoludely :)
Sat Jun 24 21:33:19 2023 -= SeanVS =- (Blue) [Melee] C.A.D.L.A (Red)
Sat Jun 24 21:33:29 2023 [Global] /_SH1ft!.kv6 (Blue): Yo never seen this map before
Sat Jun 24 21:33:33 2023  If you believe a player is breaking the rules, please let us know with /ADMIN
Sat Jun 24 21:33:35 2023 Saito (Red) [Headshot] PCRouter (Blue)
Sat Jun 24 21:33:37 2023 -= SeanVS =- (Blue) [Headshot] C.A.D.L.A (Red)
Sat Jun 24 21:33:43 2023 Squirrel! (Blue) [Headshot] Zapster (Red)
Sat Jun 24 21:33:43 2023 Luisitocumunica (Red) [Headshot] Vagabond (Blue)
Sat Jun 24 21:33:47 2023 [Global] Squirrel! (Blue): Hmmm
Sat Jun 24 21:33:54 2023 W4R71N (Blue) [Grenade] Luisitocumunica (Red)
Sat Jun 24 21:33:55 2023 W4R71N (Blue) [Fall]
Sat Jun 24 21:33:57 2023 Saito (Red) [Headshot] /_SH1ft!.kv6 (Blue)
Sat Jun 24 21:34:03 2023  Mahalo for playing aloha.pk tower of babel
Sat Jun 24 21:34:03 2023 [Global] /_SH1ft!.kv6 (Blue): Fuck he got me
Sat Jun 24 21:34:09 2023 PCRouter (Blue) [Headshot] Saito (Red)
Sat Jun 24 21:34:11 2023 Squirrel! (Blue) [Headshot] IronildoJr (Red)
Sat Jun 24 21:34:12 2023 [Global] PCRouter (Blue): got him
Sat Jun 24 21:34:20 2023 -= SeanVS =- (Blue) [Headshot] C.A.D.L.A (Red)
Sat Jun 24 21:34:21 2023 Squirrel! (Blue) [Headshot] Zapster (Red)
Sat Jun 24 21:34:27 2023 Player Zapster has left
Sat Jun 24 21:34:29 2023 -= SeanVS =- (Blue) [Headshot] Saito (Red)
Sat Jun 24 21:34:33 2023  Build a tower to get the enemy's intel. Take it to your team's tent to win!
Sat Jun 24 21:34:34 2023 PCRouter (Blue) [Headshot] IronildoJr (Red)
Sat Jun 24 21:34:41 2023 [Global] Squirrel! (Blue): Permakill
Sat Jun 24 21:34:48 2023 -= SeanVS =- (Blue) [Headshot] C.A.D.L.A (Red)
Sat Jun 24 21:34:57 2023 IronildoJr (Red) [Headshot] PCRouter (Blue)
Sat Jun 24 21:35:00 2023 Saito (Red) [Headshot] /_SH1ft!.kv6 (Blue)
Sat Jun 24 21:35:03 2023  Type /HELP for info & commands
Sat Jun 24 21:35:09 2023 C.A.D.L.A (Red) [SMG] -= SeanVS =- (Blue)
Sat Jun 24 21:35:29 2023 [Global] /_SH1ft!.kv6 (Blue): Bro whas goin on with me today, i dont get a single one kill
Sat Jun 24 21:35:33 2023  Visit our community forums at https://aloha.pk/
Sat Jun 24 21:35:38 2023 [Global] Squirrel! (Blue): Rusty
Sat Jun 24 21:35:41 2023 PCRouter (Blue) [Headshot] Luisitocumunica (Red)
Sat Jun 24 21:35:42 2023 IronildoJr (Red) [Headshot] Vagabond (Blue)
Sat Jun 24 21:35:45 2023 [Global] Vagabond (Blue): MY GOOO
Sat Jun 24 21:35:45 2023 -= SeanVS =- (Blue) [Headshot] IronildoJr (Red)
Sat Jun 24 21:35:52 2023 IronildoJr (Red) [Headshot] Squirrel! (Blue)
Sat Jun 24 21:35:53 2023 Saito (Red) [Rifle] W4R71N (Blue)
Sat Jun 24 21:35:59 2023 [Global] /_SH1ft!.kv6 (Blue): What does you refer by Rusty?
Sat Jun 24 21:36:03 2023  Come chat with us at https://discord.aloha.pk/
Sat Jun 24 21:36:09 2023 [Global] /_SH1ft!.kv6 (Blue): Ohh yeah
Sat Jun 24 21:36:11 2023 PCRouter (Blue) [Rifle] Saito (Red)
Sat Jun 24 21:36:12 2023 IronildoJr (Red) [Headshot] Squirrel! (Blue)
Sat Jun 24 21:36:15 2023 C.A.D.L.A (Red) [Headshot] Vagabond (Blue)
Sat Jun 24 21:36:15 2023 [Global] /_SH1ft!.kv6 (Blue): Gotta unrust
Sat Jun 24 21:36:17 2023 [Global] Squirrel! (Blue): Mhm :)
Sat Jun 24 21:36:18 2023 PCRouter (Blue) [Headshot] C.A.D.L.A (Red)
Sat Jun 24 21:36:20 2023 -= SeanVS =- (Blue) [Headshot] Saito (Red)
Sat Jun 24 21:36:25 2023 Squirrel! (Blue) [Headshot] IronildoJr (Red)
Sat Jun 24 21:36:33 2023  If you believe a player is breaking the rules, please let us know with /ADMIN
Sat Jun 24 21:36:34 2023 [Global] /_SH1ft!.kv6 (Blue): Sorry i didnt understanded at first coz im spanish
Sat Jun 24 21:36:42 2023 PCRouter (Blue) [Headshot] IronildoJr (Red)
Sat Jun 24 21:36:44 2023 /_SH1ft!.kv6 (Blue) [Headshot] C.A.D.L.A (Red)
Sat Jun 24 21:36:53 2023 Saito (Red) [Headshot] -= SeanVS =- (Blue)
Sat Jun 24 21:36:55 2023 PCRouter (Blue) [Rifle] Saito (Red)
Sat Jun 24 21:37:00 2023 [Global] /_SH1ft!.kv6 (Blue): Wait Squirry
Sat Jun 24 21:37:03 2023  Mahalo for playing aloha.pk tower of babel
Sat Jun 24 21:37:06 2023 [Global] /_SH1ft!.kv6 (Blue): I forgot to told ya
Sat Jun 24 21:37:13 2023 [Global] /_SH1ft!.kv6 (Blue): ITS ME SYNTH!
Sat Jun 24 21:37:14 2023 C.A.D.L.A (Red) [Headshot] PCRouter (Blue)
Sat Jun 24 21:37:16 2023 [Global] Squirrel! (Blue): AAAAAAAAAA
Sat Jun 24 21:37:27 2023 [Global] Squirrel! (Blue): SynthX
Sat Jun 24 21:37:33 2023  Build a tower to get the enemy's intel. Take it to your team's tent to win!
Sat Jun 24 21:37:33 2023 [Global] /_SH1ft!.kv6 (Blue): :skull:
Sat Jun 24 21:37:38 2023 Chronos joined Red team
Sat Jun 24 21:37:38 2023 C.A.D.L.A (Red) [Headshot] PCRouter (Blue)
Sat Jun 24 21:37:40 2023 [Global] Squirrel! (Blue): yes
Sat Jun 24 21:37:40 2023 -= SeanVS =- (Blue) [Headshot] Chronos (Red)
Sat Jun 24 21:37:41 2023 [Team] PCRouter (Blue): two right
Sat Jun 24 21:37:42 2023 Player Chronos has left
Sat Jun 24 21:37:43 2023 W4R71N picked up Red's Intel.
Sat Jun 24 21:37:56 2023 W4R71N dropped Red's Intel
Sat Jun 24 21:37:56 2023  The intel has returned to the heavens
Sat Jun 24 21:37:56 2023 C.A.D.L.A (Red) [Headshot] W4R71N (Blue)
Sat Jun 24 21:37:57 2023 [Global] /_SH1ft!.kv6 (Blue): but yeh its me synthwaver
Sat Jun 24 21:38:01 2023 Vagabond (Blue) [SMG] Saito (Red)
Sat Jun 24 21:38:03 2023  Type /HELP for info & commands
Sat Jun 24 21:38:05 2023 /_SH1ft!.kv6 (Blue) [Headshot] Saito (Red)
Sat Jun 24 21:38:07 2023 PCRouter (Blue) [Headshot] C.A.D.L.A (Red)
Sat Jun 24 21:38:12 2023 Player C.A.D.L.A has left
Sat Jun 24 21:38:18 2023 PCRouter (Blue) [Rifle] IronildoJr (Red)
Sat Jun 24 21:38:20 2023 /_SH1ft!.kv6 (Blue) [Rifle] Saito (Red)
Sat Jun 24 21:38:22 2023 Vagabond (Blue) [Fall]
Sat Jun 24 21:38:28 2023 Saito (Red) [Headshot] /_SH1ft!.kv6 (Blue)
Sat Jun 24 21:38:28 2023 PCRouter picked up Red's Intel.
Sat Jun 24 21:38:31 2023 PCRouter (Blue) [Headshot] Luisitocumunica (Red)
Sat Jun 24 21:38:32 2023 IronildoJr (Red) [Rifle] Squirrel! (Blue)
Sat Jun 24 21:38:33 2023  Visit our community forums at https://aloha.pk/
Sat Jun 24 21:38:35 2023 Saito (Red) [SMG] -= SeanVS =- (Blue)
Sat Jun 24 21:38:38 2023 [Global] Squirrel! (Blue): Fuck it
Sat Jun 24 21:38:39 2023 Alejandro joined Red team
Sat Jun 24 21:38:42 2023 [Global] Squirrel! (Blue): DOOM TIME
Sat Jun 24 21:38:43 2023 [Global] /_SH1ft!.kv6 (Blue): bro got da spid aim
Sat Jun 24 21:38:47 2023 Chronos joined Red team
Sat Jun 24 21:38:54 2023 PCRouter captured Red's Intel.
Sat Jun 24 21:39:03 2023  Come chat with us at https://discord.aloha.pk/
Sat Jun 24 21:39:05 2023 [Global] Luisitocumunica (Red): bich
Sat Jun 24 21:39:15 2023 -= SeanVS =- (Blue) [Headshot] IronildoJr (Red)
Sat Jun 24 21:39:24 2023 PCRouter (Blue) [Grenade] Saito (Red)
Sat Jun 24 21:39:25 2023 -= SeanVS =- (Blue) [Headshot] Chronos (Red)
Sat Jun 24 21:39:26 2023 Player Chronos has left
Sat Jun 24 21:39:27 2023 Squirrel! (Blue) [Shotgun] Luisitocumunica (Red)
Sat Jun 24 21:39:33 2023  If you believe a player is breaking the rules, please let us know with /ADMIN
Sat Jun 24 21:39:34 2023 [Global] /_SH1ft!.kv6 (Blue): So basically youre telling that you will run so fast u will dont get a single shot coz yor speed
Sat Jun 24 21:39:42 2023 IronildoJr (Red) [Headshot] PCRouter (Blue)
Sat Jun 24 21:39:45 2023 Squirrel! (Blue) [Shotgun] Saito (Red)
Sat Jun 24 21:39:48 2023 Luisitocumunica (Red) [Melee] Squirrel! (Blue)
Sat Jun 24 21:39:49 2023 Vagabond (Blue) [SMG] Luisitocumunica (Red)
Sat Jun 24 21:39:52 2023 /_SH1ft!.kv6 picked up Red's Intel.
Sat Jun 24 21:39:53 2023 [Global] Squirrel! (Blue): AAAAA
Sat Jun 24 21:40:01 2023 PCRouter (Blue) [Rifle] Alejandro (Red)
Sat Jun 24 21:40:03 2023  Mahalo for playing aloha.pk tower of babel
Sat Jun 24 21:40:04 2023 [Global] /_SH1ft!.kv6 (Blue): Or you will get the world epiest skin
Sat Jun 24 21:40:20 2023 IronildoJr (Red) [Headshot] Vagabond (Blue)
Sat Jun 24 21:40:21 2023 [Global] /_SH1ft!.kv6 (Blue): And get those shits outta everyone heads
Sat Jun 24 21:40:22 2023 [Global] Vagabond (Blue): xd
Sat Jun 24 21:40:24 2023 -= SeanVS =- (Blue) [Headshot] IronildoJr (Red)
Sat Jun 24 21:40:26 2023 -= SeanVS =- (Blue) [Headshot] Saito (Red)
Sat Jun 24 21:40:31 2023 -= SeanVS =- (Blue) [Headshot] IronildoJr (Red)
Sat Jun 24 21:40:33 2023  Build a tower to get the enemy's intel. Take it to your team's tent to win!
Sat Jun 24 21:40:34 2023 [Global] /_SH1ft!.kv6 (Blue): Ohhh yeah boi, DOOM TIME!
Sat Jun 24 21:40:39 2023 [Global] Vagabond (Blue): harry u are a wizard harry
Sat Jun 24 21:40:42 2023 [Global] Vagabond (Blue): im a what
Sat Jun 24 21:40:42 2023 /_SH1ft!.kv6 (Blue) [Headshot] IronildoJr (Red)
Sat Jun 24 21:40:44 2023 Luisitocumunica (Red) [Shotgun] -= SeanVS =- (Blue)
Sat Jun 24 21:40:47 2023 [Global] Vagabond (Blue):  a wizard harry
Sat Jun 24 21:40:49 2023 PCRouter (Blue) [Headshot] Saito (Red)
Sat Jun 24 21:40:49 2023 [Global] Vagabond (Blue): wwhat
Sat Jun 24 21:40:53 2023 [Global] Squirrel! (Blue): DOOM TIME
Sat Jun 24 21:40:55 2023 [Global] Vagabond (Blue): xd
Sat Jun 24 21:40:56 2023 [Global] Harry (Blue): ?
Sat Jun 24 21:40:59 2023 Saito (Red) [Headshot] PCRouter (Blue)
Sat Jun 24 21:41:01 2023 [Global] Squirrel! (Blue): RAAAAAAAAH
Sat Jun 24 21:41:02 2023 /_SH1ft!.kv6 dropped Red's Intel
Sat Jun 24 21:41:02 2023  The intel has returned to the heavens
Sat Jun 24 21:41:03 2023  Type /HELP for info & commands
Sat Jun 24 21:41:04 2023 [Global] /_SH1ft!.kv6 (Blue): Bro got multiple personalities :skull:
Sat Jun 24 21:41:09 2023 Squirrel! picked up Red's Intel.
Sat Jun 24 21:41:12 2023 [Global] -= SeanVS =- (Blue): And you are a hairy wizard
Sat Jun 24 21:41:13 2023 /_SH1ft!.kv6 (Blue) [Headshot] Luisitocumunica (Red)
Sat Jun 24 21:41:13 2023 mezilga joined Red team
Sat Jun 24 21:41:13 2023 [Global] PCRouter (Blue): he got dat mpd dawg in him
Sat Jun 24 21:41:15 2023 Squirrel! dropped Red's Intel
Sat Jun 24 21:41:15 2023 IronildoJr (Red) [Headshot] Squirrel! (Blue)
Sat Jun 24 21:41:18 2023 [Global] Vagabond (Blue): they dont get it, shit
Sat Jun 24 21:41:18 2023 [Global] Squirrel! (Blue): AAAAA
Sat Jun 24 21:41:22 2023 IronildoJr (Red) [Headshot] /_SH1ft!.kv6 (Blue)
Sat Jun 24 21:41:24 2023 Harry (Blue) [Headshot] Alejandro (Red)
Sat Jun 24 21:41:26 2023 [Global] Squirrel! (Blue): we got who
Sat Jun 24 21:41:29 2023 Vagabond picked up Red's Intel.
Sat Jun 24 21:41:33 2023  Visit our community forums at https://aloha.pk/
Sat Jun 24 21:41:38 2023 [Global] /_SH1ft!.kv6 (Blue): wut?
Sat Jun 24 21:41:44 2023 mezilga (Red) [Headshot] Squirrel! (Blue)
Sat Jun 24 21:41:46 2023 [Global] Squirrel! (Blue): wtf
Sat Jun 24 21:41:47 2023 [Global] Squirrel! (Blue): hp
Sat Jun 24 21:41:49 2023 -= SeanVS =- (Blue) [SMG] Alejandro (Red)
Sat Jun 24 21:41:49 2023 PCRouter (Blue) [Headshot] IronildoJr (Red)
Sat Jun 24 21:41:50 2023 [Global] /_SH1ft!.kv6 (Blue): ???
Sat Jun 24 21:41:51 2023 [Global] Squirrel! (Blue): lag aimbot
Sat Jun 24 21:41:54 2023 [Global] /_SH1ft!.kv6 (Blue): Uh?
Sat Jun 24 21:41:58 2023 [Global] Squirrel! (Blue): carpal tunnel
Sat Jun 24 21:41:59 2023 PCRouter (Blue) [Rifle] Luisitocumunica (Red)
Sat Jun 24 21:42:00 2023 mezilga (Red) [Headshot] Squirrel! (Blue)
Sat Jun 24 21:42:01 2023 [Global] /_SH1ft!.kv6 (Blue): eyyy1
Sat Jun 24 21:42:01 2023 Player Luisitocumunica has left
Sat Jun 24 21:42:03 2023  Come chat with us at https://discord.aloha.pk/
Sat Jun 24 21:42:04 2023 Squirrel! (Blue) [Headshot] mezilga (Red)
Sat Jun 24 21:42:08 2023 -= SeanVS =- (Blue) [Headshot] IronildoJr (Red)
Sat Jun 24 21:42:10 2023 Vagabond captured Red's Intel.
Sat Jun 24 21:42:12 2023 [Global] PCRouter (Blue): red keeps leaving just because they losing
Sat Jun 24 21:42:14 2023 [Global] /_SH1ft!.kv6 (Blue): Gotta do a smart move
Sat Jun 24 21:42:18 2023 PCRouter picked up Red's Intel.
Sat Jun 24 21:42:25 2023 [Global] Squirrel! (Blue): I can balance
Sat Jun 24 21:42:28 2023 mezilga (Red) [SMG] Squirrel! (Blue)
Sat Jun 24 21:42:31 2023 [Global] /_SH1ft!.kv6 (Blue): No pls
Sat Jun 24 21:42:33 2023  If you believe a player is breaking the rules, please let us know with /ADMIN
Sat Jun 24 21:42:33 2023 [Global] Saito (Red): thais carla
Sat Jun 24 21:42:40 2023 PCRouter captured Red's Intel.
Sat Jun 24 21:42:42 2023 IronildoJr (Red) [Rifle] -= SeanVS =- (Blue)
Sat Jun 24 21:42:43 2023 [Global] Vagabond (Blue): y vamos, CULO LINDISSIMO DE ISA RAMIREZ SUPER GIGA ANAL DE COLOMBIA, NALGAS DE ELEFANTE Y CONA DE EGUA
Sat Jun 24 21:42:50 2023 [Global] PCRouter (Blue): giga anal
Sat Jun 24 21:42:53 2023 mezilga (Red) [Headshot] -= SeanVS =- (Blue)
Sat Jun 24 21:42:53 2023 Squirrel! (Blue) [Shotgun] mezilga (Red)
Sat Jun 24 21:42:53 2023 Saito (Red) [Headshot] Harry (Blue)
Sat Jun 24 21:42:54 2023 [Global] Vagabond (Blue): SI
Sat Jun 24 21:42:55 2023 [Global] /_SH1ft!.kv6 (Blue): Ohh me vengo!
Sat Jun 24 21:43:00 2023 PCRouter (Blue) [Headshot] Saito (Red)
Sat Jun 24 21:43:01 2023 Player mezilga has left
Sat Jun 24 21:43:02 2023 IronildoJr (Red) [Fall]
Sat Jun 24 21:43:03 2023  Mahalo for playing aloha.pk tower of babel
Sat Jun 24 21:43:08 2023 PCRouter picked up Red's Intel.
Sat Jun 24 21:43:11 2023 [Global] /_SH1ft!.kv6 (Blue): *se blsfemia en todas partes*
Sat Jun 24 21:43:19 2023  Vagabond has reached 1000 blocks placed! /heaven unlocked.
Sat Jun 24 21:43:22 2023 Squirrel! (Blue) [Shotgun] Alejandro (Red)
Sat Jun 24 21:43:24 2023 Squirrel! (Blue) [Headshot] IronildoJr (Red)
Sat Jun 24 21:43:27 2023 [Global] Squirrel! (Blue): DOOM
Sat Jun 24 21:43:28 2023 -= SeanVS =- (Blue) [SMG] Saito (Red)
Sat Jun 24 21:43:31 2023 PCRouter captured Red's Intel.
Sat Jun 24 21:43:31 2023 /_SH1ft!.kv6 (Blue) [Rifle] Alejandro (Red)
Sat Jun 24 21:43:33 2023  Build a tower to get the enemy's intel. Take it to your team's tent to win!
Sat Jun 24 21:43:33 2023 IronildoJr (Red) [Rifle] Squirrel! (Blue)
Sat Jun 24 21:43:34 2023 [Global] Vagabond (Blue): como dijo "female horse" in spanish guys
Sat Jun 24 21:43:38 2023 [Global] Squirrel! (Blue): perra
Sat Jun 24 21:43:39 2023 W4R71N picked up Red's Intel.
Sat Jun 24 21:43:42 2023 [Global] /_SH1ft!.kv6 (Blue): XD
Sat Jun 24 21:43:45 2023 /_SH1ft!.kv6 (Blue) [Headshot] Saito (Red)
Sat Jun 24 21:43:50 2023 [Global] Saito (Red): cacos
Sat Jun 24 21:43:52 2023 -= SeanVS =- (Blue) [Headshot] IronildoJr (Red)
Sat Jun 24 21:43:54 2023 [Global] Vagabond (Blue): perra es female dog
Sat Jun 24 21:43:56 2023 [Global] /_SH1ft!.kv6 (Blue): Ma ca ko
Sat Jun 24 21:43:58 2023 -= SeanVS =- (Blue) [Headshot] Saito (Red)
Sat Jun 24 21:44:01 2023 [Global] Vagabond (Blue): KKKKKKKKKKKK
Sat Jun 24 21:44:02 2023 /_SH1ft!.kv6 (Blue) [Rifle] Alejandro (Red)
Sat Jun 24 21:44:02 2023 PCRouter (Blue) [Fall]
Sat Jun 24 21:44:03 2023  Type /HELP for info & commands
Sat Jun 24 21:44:04 2023 [Global] Saito (Red): tinha q ser um pedro
Sat Jun 24 21:44:05 2023 [Global] Squirrel! (Blue): esposa
Sat Jun 24 21:44:05 2023 [Global] Vagabond (Blue): bostileiro fodido
Sat Jun 24 21:44:06 2023 W4R71N captured Red's Intel.
Sat Jun 24 21:44:06 2023  With 1034 blocks placed, Vagabond is granted the right to unleash the apocalypse.
Sat Jun 24 21:44:10 2023 [Global] IronildoJr (Red): CAVALO
Sat Jun 24 21:44:15 2023  Vagabond has unleashed an apocalypse from God.
Sat Jun 24 21:44:16 2023 [Global] Vagabond (Blue): CUM
Sat Jun 24 21:44:16 2023 [Global] /_SH1ft!.kv6 (Blue): filho da puta kkkkkk deltaveire hack
Sat Jun 24 21:44:17 2023 [Global] PCRouter (Blue): apoc apoc apoc
Sat Jun 24 21:44:17 2023  The apocalypse begins in 5
Sat Jun 24 21:44:18 2023  The apocalypse begins in 4
Sat Jun 24 21:44:18 2023 -= SeanVS =- (Blue) [Headshot] Saito (Red)
Sat Jun 24 21:44:18 2023 [Global] Squirrel! (Blue): Cavalha?
Sat Jun 24 21:44:19 2023  The apocalypse begins in 3
Sat Jun 24 21:44:20 2023  The apocalypse begins in 2
Sat Jun 24 21:44:21 2023  The apocalypse begins in 1
Sat Jun 24 21:44:33 2023  Visit our community forums at https://aloha.pk/
Sat Jun 24 21:44:34 2023 W4R71N picked up Red's Intel.
Sat Jun 24 21:44:35 2023  The apocalypse has ended.
Sat Jun 24 21:44:37 2023 PCRouter (Blue) [Team Change]
Sat Jun 24 21:44:38 2023 PCRouter joined Red team
Sat Jun 24 21:44:39 2023 -= SeanVS =- (Blue) [Headshot] IronildoJr (Red)
Sat Jun 24 21:44:40 2023 [Global] PCRouter (Red): im sorry bros
Sat Jun 24 21:44:42 2023 [Global] /_SH1ft!.kv6 (Blue): tcalla do boca otaku
Sat Jun 24 21:44:42 2023 [Global] Squirrel! (Blue): I have to balance
Sat Jun 24 21:44:44 2023 [Global] PCRouter (Red): i gotta balance the team
Sat Jun 24 21:44:45 2023 [Global] Vagabond (Blue): TRU
Sat Jun 24 21:44:48 2023 Squirrel! (Blue) [Team Change]
Sat Jun 24 21:44:50 2023 Squirrel! joined Red team
Sat Jun 24 21:44:54 2023 PCRouter (Red) [Headshot] Vagabond (Blue)
Sat Jun 24 21:44:54 2023 [Global] /_SH1ft!.kv6 (Blue): CALLA DO BOCA OTAKU KKKK
Sat Jun 24 21:44:56 2023 [Global] Vagabond (Blue): OMG
Sat Jun 24 21:45:03 2023  Come chat with us at https://discord.aloha.pk/
Sat Jun 24 21:45:03 2023 -= SeanVS =- (Blue) [Headshot] Squirrel! (Red)
Sat Jun 24 21:45:05 2023 [Global] Squirrel! (Red): wtf
Sat Jun 24 21:45:09 2023 IronildoJr (Red) [Rifle] -= SeanVS =- (Blue)
Sat Jun 24 21:45:10 2023 [Global] Vagabond (Blue): caralho mais um MERDILEIRO espalhando MERDA POSTAGEM no chat
Sat Jun 24 21:45:12 2023 [Global] Vagabond (Blue): fudeu
Sat Jun 24 21:45:12 2023 [Global] Squirrel! (Red): smurf team hacking
Sat Jun 24 21:45:14 2023 /_SH1ft!.kv6 (Blue) [Headshot] Alejandro (Red)
Sat Jun 24 21:45:16 2023 W4R71N captured Red's Intel.
Sat Jun 24 21:45:18 2023 Squirrel! (Red) [Headshot] /_SH1ft!.kv6 (Blue)
Sat Jun 24 21:45:23 2023 [Global] -= SeanVS =- (Blue): I'm not hacking lol
Sat Jun 24 21:45:26 2023 PCRouter (Red) [Headshot] Harry (Blue)
Sat Jun 24 21:45:30 2023 [Global] /_SH1ft!.kv6 (Blue): Guys i yitiyi
Sat Jun 24 21:45:33 2023  If you believe a player is breaking the rules, please let us know with /ADMIN
Sat Jun 24 21:45:35 2023 PCRouter (Red) [Headshot] -= SeanVS =- (Blue)
Sat Jun 24 21:45:39 2023 PCRouter (Red) [Headshot] /_SH1ft!.kv6 (Blue)
Sat Jun 24 21:45:41 2023 PCRouter (Red) [Headshot] -= SeanVS =- (Blue)
Sat Jun 24 21:45:42 2023 PCRouter (Red) [Headshot] Harry (Blue)
Sat Jun 24 21:45:45 2023 [Global] -= SeanVS =- (Blue): Skill = Hacking I guess lol
Sat Jun 24 21:45:48 2023 [Global] /_SH1ft!.kv6 (Blue): I gtg*
Sat Jun 24 21:45:48 2023 Vagabond (Blue) [SMG] Alejandro (Red)
Sat Jun 24 21:45:52 2023 Harry (Blue) [Headshot] Saito (Red)
Sat Jun 24 21:45:52 2023 [Global] /_SH1ft!.kv6 (Blue): SEE YA LATER
Sat Jun 24 21:45:53 2023 PCRouter (Red) [Headshot] /_SH1ft!.kv6 (Blue)
Sat Jun 24 21:45:54 2023 PCRouter (Red) [Headshot] -= SeanVS =- (Blue)
Sat Jun 24 21:45:55 2023 Harry (Blue) [Headshot] PCRouter (Red)
Sat Jun 24 21:45:57 2023 [Global] PCRouter (Red): gbyee
Sat Jun 24 21:46:00 2023 Vagabond (Blue) [Headshot] Alejandro (Red)
Sat Jun 24 21:46:03 2023  Mahalo for playing aloha.pk tower of babel
Sat Jun 24 21:46:04 2023 [Global] Vagabond (Blue): seeya
Sat Jun 24 21:46:11 2023 [Global] -= SeanVS =- (Blue): bye
Sat Jun 24 21:46:11 2023 Harry (Blue) [Headshot] IronildoJr (Red)
Sat Jun 24 21:46:17 2023 Harry (Blue) [Headshot] Squirrel! (Red)
Sat Jun 24 21:46:19 2023 Vagabond (Blue) [Headshot] IronildoJr (Red)
Sat Jun 24 21:46:20 2023 [Global] Squirrel! (Red): Jesus
Sat Jun 24 21:46:24 2023 Vagabond (Blue) [Headshot] Alejandro (Red)
Sat Jun 24 21:46:24 2023 [Global] /_SH1ft!.kv6 (Blue): gudvay!
Sat Jun 24 21:46:25 2023 Player /_SH1ft!.kv6 has left
Sat Jun 24 21:46:26 2023 [Global] Squirrel! (Red): I leave for one minute and you guys
Sat Jun 24 21:46:33 2023  Build a tower to get the enemy's intel. Take it to your team's tent to win!
Sat Jun 24 21:46:35 2023 PCRouter (Red) [Headshot] Vagabond (Blue)
Sat Jun 24 21:46:35 2023 -= SeanVS =- (Blue) [SMG] Saito (Red)
Sat Jun 24 21:46:36 2023 [Global] Squirrel! (Red): Also Sean I was kidding don't get so defensive
Sat Jun 24 21:46:39 2023 [Global] Squirrel! (Red): Aimbutter
Sat Jun 24 21:46:41 2023 [Global] PCRouter (Red): hah you suck vaga
Sat Jun 24 21:46:49 2023 [Global] Vagabond (Blue): pipipi
Sat Jun 24 21:46:53 2023 yeremijuegos12 joined Spectator team
Sat Jun 24 21:46:55 2023 yeremijuegos12 joined Blue team
Sat Jun 24 21:46:55 2023 PCRouter (Red) [Headshot] W4R71N (Blue)
Sat Jun 24 21:47:00 2023 [Global] -= SeanVS =- (Blue): No problem. :D
Sat Jun 24 21:47:01 2023 [Global] PCRouter (Red): el pupa vaga
Sat Jun 24 21:47:02 2023 Vagabond (Blue) [Headshot] PCRouter (Red)
Sat Jun 24 21:47:03 2023  Type /HELP for info & commands
Sat Jun 24 21:47:06 2023 [Global] Vagabond (Blue): pipipi
Sat Jun 24 21:47:07 2023 [Global] Vagabond (Blue): ded
Sat Jun 24 21:47:10 2023 [Global] Squirrel! (Red): pipi
Sat Jun 24 21:47:11 2023 [Global] Vagabond (Blue): HEY YERE
Sat Jun 24 21:47:19 2023 [Global] yeremijuegos12 (Blue): HEY VEGAN
Sat Jun 24 21:47:20 2023 PCRouter (Red) [Rifle] -= SeanVS =- (Blue)
Sat Jun 24 21:47:22 2023 W4R71N (Blue) [Grenade] Squirrel! (Red)
Sat Jun 24 21:47:24 2023 [Global] Squirrel! (Red): wtf
Sat Jun 24 21:47:25 2023 [Global] Squirrel! (Red): hp
Sat Jun 24 21:47:30 2023 Saito (Red) [Headshot] -= SeanVS =- (Blue)
Sat Jun 24 21:47:30 2023 [Global] Vagabond (Blue): yere VAMOS DE ANAL
Sat Jun 24 21:47:31 2023 PCRouter (Red) [Headshot] Harry (Blue)
Sat Jun 24 21:47:33 2023  Visit our community forums at https://aloha.pk/
Sat Jun 24 21:47:37 2023 [Global] yeremijuegos12 (Blue): AMAL
Sat Jun 24 21:47:40 2023 -= SeanVS =- (Blue) [Shotgun] IronildoJr (Red)
Sat Jun 24 21:47:40 2023 [Global] yeremijuegos12 (Blue): ANAL
Sat Jun 24 21:47:41 2023 Saito (Red) [Headshot] Harry (Blue)
Sat Jun 24 21:47:41 2023 Vagabond (Blue) [Fall]
Sat Jun 24 21:47:44 2023 [Global] yeremijuegos12 (Blue): CUAN ES 
Sat Jun 24 21:47:45 2023 PCRouter (Red) [Rifle] W4R71N (Blue)
Sat Jun 24 21:47:46 2023 -= SeanVS =- (Blue) [Shotgun] Saito (Red)
Sat Jun 24 21:47:47 2023 PCRouter (Red) [Headshot] yeremijuegos12 (Blue)
Sat Jun 24 21:47:50 2023 [Global] Vagabond (Blue): ANAL CON PC ROUTER
Sat Jun 24 21:47:50 2023 Saito (Red) [Weapon Change]
Sat Jun 24 21:47:56 2023 [Global] PCRouter (Red): PUPA VAGA
Sat Jun 24 21:47:58 2023 [Global] Vagabond (Blue): XD
Sat Jun 24 21:48:03 2023 -= SeanVS =- (Blue) [Shotgun] Squirrel! (Red)
Sat Jun 24 21:48:03 2023  Come chat with us at https://discord.aloha.pk/
Sat Jun 24 21:48:05 2023 [Global] Squirrel! (Red): AAAAAAAAa
Sat Jun 24 21:48:09 2023 [Global] Squirrel! (Red): AIMBOT
Sat Jun 24 21:48:13 2023 Vagabond (Blue) [Headshot] PCRouter (Red)
Sat Jun 24 21:48:16 2023 [Global] Vagabond (Blue): xd
Sat Jun 24 21:48:18 2023 [Global] yeremijuegos12 (Blue): XD
Sat Jun 24 21:48:19 2023 [Global] Squirrel! (Red): >:(
Sat Jun 24 21:48:20 2023 IronildoJr (Red) [Rifle] -= SeanVS =- (Blue)
Sat Jun 24 21:48:21 2023 Saito (Red) [Shotgun] W4R71N (Blue)
Sat Jun 24 21:48:30 2023 IronildoJr (Red) [Headshot] Vagabond (Blue)
Sat Jun 24 21:48:31 2023 [Global] Squirrel! (Red): (he shot me point blank)
Sat Jun 24 21:48:33 2023  If you believe a player is breaking the rules, please let us know with /ADMIN
Sat Jun 24 21:48:33 2023 Harry (Blue) [Headshot] Saito (Red)
Sat Jun 24 21:48:34 2023 [Global] -= SeanVS =- (Blue): :D
Sat Jun 24 21:48:38 2023 PCRouter (Red) [Rifle] Harry (Blue)
Sat Jun 24 21:48:38 2023 [Global] Vagabond (Blue): ah ironildo mais um bostileiro
Sat Jun 24 21:48:47 2023 [Global] -= SeanVS =- (Blue): It's a shotgun lol
Sat Jun 24 21:48:55 2023 [Global] -= SeanVS =- (Blue): It's supposed to that XD
Sat Jun 24 21:48:56 2023 Squirrel! (Red) [Headshot] Harry (Blue)
Sat Jun 24 21:49:02 2023 Squirrel! (Red) [Headshot] W4R71N (Blue)
Sat Jun 24 21:49:02 2023 PCRouter (Red) [Rifle] Vagabond (Blue)
Sat Jun 24 21:49:03 2023  Mahalo for playing aloha.pk tower of babel
Sat Jun 24 21:49:04 2023 Harry (Blue) [Rifle] Squirrel! (Red)
Sat Jun 24 21:49:10 2023 Vladimirus joined Blue team
Sat Jun 24 21:49:13 2023 [Global] Squirrel! (Red): Oh I forgot
Sat Jun 24 21:49:15 2023 [Global] Squirrel! (Red): DOOM TIME
Sat Jun 24 21:49:17 2023 Vagabond (Blue) [SMG] Saito (Red)
Sat Jun 24 21:49:22 2023 -= SeanVS =- (Blue) [Headshot] PCRouter (Red)
Sat Jun 24 21:49:25 2023 [Global] PCRouter (Red): MY GOD I AM LAGGING
Sat Jun 24 21:49:28 2023 Vagabond (Blue) [SMG] IronildoJr (Red)
Sat Jun 24 21:49:28 2023 You must be closer to the enemy's base to shoot blocks!
Sat Jun 24 21:49:30 2023 Grizzly joined Red team
Sat Jun 24 21:49:30 2023 PCRouter (Red) [Headshot] -= SeanVS =- (Blue)
Sat Jun 24 21:49:33 2023  Build a tower to get the enemy's intel. Take it to your team's tent to win!
Sat Jun 24 21:49:36 2023 Player Saito has left
Sat Jun 24 21:49:47 2023 PCRouter (Red) [Headshot] Vagabond (Blue)
Sat Jun 24 21:49:51 2023 Player IronildoJr has left
Sat Jun 24 21:49:57 2023 PCRouter (Red) [Rifle] Harry (Blue)
Sat Jun 24 21:50:03 2023  Type /HELP for info & commands
Sat Jun 24 21:50:04 2023 Vagabond (Blue) [SMG] PCRouter (Red)
Sat Jun 24 21:50:23 2023 Vladimirus (Blue) [Rifle]
Sat Jun 24 21:50:31 2023 Squirrel! (Red) [Fall]
Sat Jun 24 21:50:33 2023  Visit our community forums at https://aloha.pk/
Sat Jun 24 21:50:34 2023 Grizzly (Red) [Rifle]
Sat Jun 24 21:50:35 2023 [Global] Squirrel! (Red): Motherfucker
Sat Jun 24 21:50:42 2023 [Global] yeremijuegos12 (Blue): XD
Sat Jun 24 21:50:43 2023 [Global] Squirrel! (Red): DOOM TIME
Sat Jun 24 21:50:50 2023 TON_TH1 joined Red team
Sat Jun 24 21:50:54 2023 TON_TH1 (Red) [Headshot] Vagabond (Blue)
Sat Jun 24 21:50:54 2023 [Global] -= SeanVS =- (Blue): DOOM SLAYER!!!!
Sat Jun 24 21:50:57 2023 [Global] Vladimirus (Blue): ahoj
Sat Jun 24 21:51:00 2023 TON_TH1 (Red) [Rifle] yeremijuegos12 (Blue)
Sat Jun 24 21:51:01 2023 Squirrel! (Red) [Shotgun] Vladimirus (Blue)
Sat Jun 24 21:51:03 2023  Come chat with us at https://discord.aloha.pk/
Sat Jun 24 21:51:04 2023 [Global] Vagabond (Blue): DOOM BFG DIVISION HUMM
Sat Jun 24 21:51:08 2023 [Global] Squirrel! (Red): tjenare
Sat Jun 24 21:51:08 2023 [Global] yeremijuegos12 (Blue): IDIOTA
Sat Jun 24 21:51:13 2023 [Global] -= SeanVS =- (Blue): RIP AND TEAR!!!!!
Sat Jun 24 21:51:17 2023 Vladimirus (Blue) [Headshot] Squirrel! (Red)
Sat Jun 24 21:51:18 2023 [Global] Vagabond (Blue): tru
Sat Jun 24 21:51:19 2023 PCRouter (Red) [Headshot] Harry (Blue)
Sat Jun 24 21:51:21 2023 PCRouter (Red) [Headshot] W4R71N (Blue)
Sat Jun 24 21:51:23 2023 [Global] Vladimirus (Blue): fck u
Sat Jun 24 21:51:24 2023 RE:SSercome joined Spectator team
Sat Jun 24 21:51:27 2023 TON_TH1 (Red) [Headshot] Vladimirus (Blue)
Sat Jun 24 21:51:29 2023 PCRouter (Red) [Headshot] yeremijuegos12 (Blue)
Sat Jun 24 21:51:29 2023 [Global] Squirrel! (Red): Tear up thicc booty <:)
Sat Jun 24 21:51:29 2023 Player RE:SSercome has left
Sat Jun 24 21:51:32 2023 PCRouter (Red) [Headshot] Vagabond (Blue)
Sat Jun 24 21:51:32 2023 [Global] yeremijuegos12 (Blue): ABAJO
Sat Jun 24 21:51:33 2023  If you believe a player is breaking the rules, please let us know with /ADMIN
Sat Jun 24 21:51:33 2023 [Global] Vladimirus (Blue): eh ama soryr
Sat Jun 24 21:51:36 2023 PCRouter (Red) [Headshot] W4R71N (Blue)
Sat Jun 24 21:51:39 2023 PCRouter (Red) [Headshot] Harry (Blue)
Sat Jun 24 21:51:40 2023 yeremijuegos12 (Blue) [SMG] PCRouter (Red)
Sat Jun 24 21:51:42 2023 [Global] Vladimirus (Blue): it was incorrect behaviour
Sat Jun 24 21:51:48 2023 TON_TH1 (Red) [Headshot] Vladimirus (Blue)
Sat Jun 24 21:51:48 2023 [Global] PCRouter (Red): VAMOSSSSSSSS
Sat Jun 24 21:51:50 2023  Alejandro was kicked: Inactive for 10 minutes
Sat Jun 24 21:51:50 2023 Player Alejandro has left
Sat Jun 24 21:51:51 2023 [Global] PCRouter (Red): goodbye everyone
Sat Jun 24 21:51:51 2023 [Global] yeremijuegos12 (Blue): VEGABON DILE POR MI ENGLES 
Sat Jun 24 21:51:55 2023 TON_TH1 (Red) [Headshot] W4R71N (Blue)
Sat Jun 24 21:51:56 2023 [Global] Vagabond (Blue): XD
Sat Jun 24 21:51:56 2023 [Global] yeremijuegos12 (Blue): QUE ROJO ME LA PELA
Sat Jun 24 21:51:56 2023 TON_TH1 (Red) [Headshot] Vladimirus (Blue)
Sat Jun 24 21:51:56 2023 [Global] PCRouter (Red): VAGA PUPAAAA
Sat Jun 24 21:51:57 2023 Squirrel! (Red) [Headshot] -= SeanVS =- (Blue)
Sat Jun 24 21:51:58 2023 Player PCRouter has left
Sat Jun 24 21:52:03 2023  Mahalo for playing aloha.pk tower of babel
Sat Jun 24 21:52:10 2023 Grizzly (Red) [Headshot] yeremijuegos12 (Blue)
Sat Jun 24 21:52:14 2023 [Global] Vagabond (Blue): que es " la pela"
Sat Jun 24 21:52:17 2023 a mosquito joined Red team
Sat Jun 24 21:52:19 2023 [Global] Vagabond (Blue): soy brasileno XD
Sat Jun 24 21:52:21 2023 -= SeanVS =- (Blue) [Headshot] Squirrel! (Red)
Sat Jun 24 21:52:22 2023 [Global] Squirrel! (Red): wtf
Sat Jun 24 21:52:25 2023 [Global] yeremijuegos12 (Blue): QUE ME LA CHUPA
Sat Jun 24 21:52:25 2023 [Global] Squirrel! (Red): Man the lag
Sat Jun 24 21:52:28 2023 Vladimirus (Blue) [SMG] Grizzly (Red)
Sat Jun 24 21:52:29 2023 [Global] Squirrel! (Red): Sean stop teleporting
Sat Jun 24 21:52:32 2023 [Global] TON_TH1 (Red): sape gato con ese men
Sat Jun 24 21:52:33 2023  Build a tower to get the enemy's intel. Take it to your team's tent to win!
Sat Jun 24 21:52:36 2023  Harry has reached 1000 blocks placed! /heaven unlocked.
Sat Jun 24 21:52:36 2023 Type /heavenlist to view available images. /heaven <name> to confirm.
Sat Jun 24 21:52:36 2023 Want your country's flag instead? Type /heaven country (or any alpha-2 code)
Sat Jun 24 21:52:39 2023 [Global] -= SeanVS =- (Blue): What's your Ping?
Sat Jun 24 21:52:43 2023 [Global] Squirrel! (Red): 175
Sat Jun 24 21:52:45 2023 31231123 joined Red team
Sat Jun 24 21:52:50 2023 TON_TH1 (Red) [Headshot] W4R71N (Blue)
Sat Jun 24 21:53:00 2023 Squirrel! (Red) [Shotgun] Vladimirus (Blue)
Sat Jun 24 21:53:03 2023  Type /HELP for info & commands
Sat Jun 24 21:53:03 2023 [Global] Vladimirus (Blue): HAHHAHAHAH
Sat Jun 24 21:53:05 2023 TON_TH1 (Red) [Headshot] yeremijuegos12 (Blue)
Sat Jun 24 21:53:10 2023 [Global] -= SeanVS =- (Blue): That'll explain the lag. Mine is 72-98
Sat Jun 24 21:53:12 2023 [Global] yeremijuegos12 (Blue): AAAAAAAAAAAAAAAAAAAAaaaaaaaaaaa
Sat Jun 24 21:53:13 2023 a mosquito (Red) [Headshot] W4R71N (Blue)
Sat Jun 24 21:53:16 2023 a mosquito (Red) [Headshot] yeremijuegos12 (Blue)
Sat Jun 24 21:53:16 2023 a mosquito (Red) [Headshot] W4R71N (Blue)
Sat Jun 24 21:53:17 2023 Vagabond (Blue) [Headshot] a mosquito (Red)
Sat Jun 24 21:53:19 2023 TON_TH1 (Red) [Headshot] Vladimirus (Blue)
Sat Jun 24 21:53:20 2023 TON_TH1 (Red) [Headshot] Vagabond (Blue)
Sat Jun 24 21:53:23 2023 [Global] Vagabond (Blue): PORRA[
Sat Jun 24 21:53:27 2023 -= SeanVS =- (Blue) [Headshot] a mosquito (Red)
Sat Jun 24 21:53:28 2023 W4R71N (Blue) [SMG] TON_TH1 (Red)
Sat Jun 24 21:53:32 2023 W4R71N (Blue) [SMG] Grizzly (Red)
Sat Jun 24 21:53:33 2023  Visit our community forums at https://aloha.pk/
Sat Jun 24 21:53:38 2023 31231123 (Red) [SMG] Vagabond (Blue)
Sat Jun 24 21:53:40 2023 [Global] Vagabond (Blue): XD
Sat Jun 24 21:53:40 2023 a mosquito (Red) [Rifle] -= SeanVS =- (Blue)
Sat Jun 24 21:53:43 2023 Grizzly (Red) [Weapon Change]
Sat Jun 24 21:53:50 2023 yeremijuegos12 (Blue) [Headshot] 31231123 (Red)
Sat Jun 24 21:53:51 2023 [Global] -= SeanVS =- (Blue): XD
Sat Jun 24 21:53:52 2023 Vladimirus (Blue) [SMG] Squirrel! (Red)
Sat Jun 24 21:53:52 2023 [Global] Vagabond (Blue): Y AHORA VAMOS DE ANAL AMIGOS
Sat Jun 24 21:53:54 2023 [Global] Squirrel! (Red): AAAA
Sat Jun 24 21:54:03 2023  Come chat with us at https://discord.aloha.pk/
Sat Jun 24 21:54:24 2023 -= SeanVS =- (Blue) [Headshot] Squirrel! (Red)
Sat Jun 24 21:54:25 2023 -= SeanVS =- (Blue) [Headshot] 31231123 (Red)
Sat Jun 24 21:54:31 2023 Harry (Blue) [Headshot] Grizzly (Red)
Sat Jun 24 21:54:32 2023 RE:SSercome joined Spectator team
Sat Jun 24 21:54:33 2023  If you believe a player is breaking the rules, please let us know with /ADMIN
Sat Jun 24 21:54:34 2023 W4R71N picked up Red's Intel.
Sat Jun 24 21:54:42 2023 -= SeanVS =- (Blue) [Shotgun] a mosquito (Red)
Sat Jun 24 21:54:59 2023 W4R71N captured Red's Intel.
Sat Jun 24 21:55:03 2023  Mahalo for playing aloha.pk tower of babel
Sat Jun 24 21:55:04 2023 a mosquito (Red) [Rifle] -= SeanVS =- (Blue)
Sat Jun 24 21:55:05 2023 Rakitic joined Red team
Sat Jun 24 21:55:06 2023 Vladimirus (Blue) [SMG] a mosquito (Red)
Sat Jun 24 21:55:08 2023 [Global] -= SeanVS =- (Blue): lol
Sat Jun 24 21:55:08 2023 yeremijuegos12 picked up Red's Intel.
Sat Jun 24 21:55:13 2023 [Global] a mosquito (Red): damn
Sat Jun 24 21:55:17 2023 yeremijuegos12 dropped Red's Intel
Sat Jun 24 21:55:17 2023 Rakitic (Red) [Headshot] yeremijuegos12 (Blue)
Sat Jun 24 21:55:18 2023 Grizzly (Red) [Rifle] Harry (Blue)
Sat Jun 24 21:55:19 2023 [Global] yeremijuegos12 (Blue): puta
Sat Jun 24 21:55:28 2023 W4R71N picked up Red's Intel.
Sat Jun 24 21:55:32 2023 yeremijuegos12 (Blue) [Headshot] TON_TH1 (Red)
Sat Jun 24 21:55:33 2023  Build a tower to get the enemy's intel. Take it to your team's tent to win!
Sat Jun 24 21:55:35 2023 a mosquito (Red) [Headshot] Vladimirus (Blue)
Sat Jun 24 21:55:35 2023 -= SeanVS =- (Blue) [Headshot] Grizzly (Red)
Sat Jun 24 21:55:36 2023 [Global] Vladimirus (Blue): intel it's a processor
Sat Jun 24 21:55:37 2023 [Global] yeremijuegos12 (Blue): aqui
Sat Jun 24 21:55:42 2023 [Global] Vladimirus (Blue): ama genious
Sat Jun 24 21:55:56 2023 TON_TH1 (Red) [Headshot] -= SeanVS =- (Blue)
Sat Jun 24 21:55:58 2023 31231123 (Red) [SMG] Vladimirus (Blue)
Sat Jun 24 21:55:59 2023 [Global] -= SeanVS =- (Blue): XD
Sat Jun 24 21:55:59 2023 W4R71N captured Red's Intel.
Sat Jun 24 21:56:03 2023  Type /HELP for info & commands
Sat Jun 24 21:56:05 2023 Vladimirus (Blue) [Weapon Change]
Sat Jun 24 21:56:11 2023 TON_TH1 (Red) [Headshot] Harry (Blue)
Sat Jun 24 21:56:11 2023 a mosquito (Red) [Headshot] -= SeanVS =- (Blue)
Sat Jun 24 21:56:13 2023 [Global] Vagabond (Blue): SUPER GG PCROUTER TOTAAAALMENTE JODIDO!!!
Sat Jun 24 21:56:15 2023 a mosquito (Red) [Headshot] Vladimirus (Blue)
Sat Jun 24 21:56:16 2023 a mosquito (Red) [Headshot] Harry (Blue)
Sat Jun 24 21:56:21 2023 [Global] Vladimirus (Blue): nice aim
Sat Jun 24 21:56:22 2023 Squirrel! (Red) [Headshot] W4R71N (Blue)
Sat Jun 24 21:56:22 2023 Squirrel! picked up Blue's Intel.
Sat Jun 24 21:56:24 2023 Squirrel! dropped Blue's Intel
Sat Jun 24 21:56:24 2023 Vagabond (Blue) [Headshot] Squirrel! (Red)
Sat Jun 24 21:56:26 2023 [Global] Squirrel! (Red): SUCC
Sat Jun 24 21:56:33 2023  Visit our community forums at https://aloha.pk/
Sat Jun 24 21:56:36 2023 Vagabond picked up Red's Intel.
Sat Jun 24 21:56:37 2023 Harry (Blue) [Headshot] TON_TH1 (Red)
Sat Jun 24 21:56:40 2023 a mosquito (Red) [Headshot] Vladimirus (Blue)
Sat Jun 24 21:56:41 2023 [Global] yeremijuegos12 (Blue): ssercome
Sat Jun 24 21:56:45 2023 W4R71N (Blue) [SMG] a mosquito (Red)
Sat Jun 24 21:56:51 2023 Vagabond (Blue) [Headshot] Rakitic (Red)
Sat Jun 24 21:56:54 2023 a mosquito (Red) [Headshot] yeremijuegos12 (Blue)
Sat Jun 24 21:56:56 2023 Grizzly (Red) [Headshot] -= SeanVS =- (Blue)
Sat Jun 24 21:57:00 2023 Vagabond captured Red's Intel.
Sat Jun 24 21:57:02 2023 Vladimirus (Blue) [Headshot] Squirrel! (Red)
Sat Jun 24 21:57:03 2023  Come chat with us at https://discord.aloha.pk/
Sat Jun 24 21:57:10 2023 [Global] yeremijuegos12 (Blue): vegabond
Sat Jun 24 21:57:10 2023 [Global] Squirrel! (Red): ja pierdole
Sat Jun 24 21:57:11 2023 [Global] yeremijuegos12 (Blue): espea
Sat Jun 24 21:57:13 2023 [Global] yeremijuegos12 (Blue): ra
Sat Jun 24 21:57:15 2023 Grizzly (Red) [Headshot] Harry (Blue)
Sat Jun 24 21:57:21 2023 Squirrel! (Red) [SMG] Vladimirus (Blue)
Sat Jun 24 21:57:24 2023 [Global] Vladimirus (Blue): lol
Sat Jun 24 21:57:25 2023 -= SeanVS =- (Blue) [Shotgun] Grizzly (Red)
Sat Jun 24 21:57:31 2023 [Global] Vagabond (Blue): cap yere
Sat Jun 24 21:57:33 2023  If you believe a player is breaking the rules, please let us know with /ADMIN
Sat Jun 24 21:57:33 2023 [Global] Vagabond (Blue): last one
Sat Jun 24 21:57:36 2023 [Global] Vladimirus (Blue): is there people from Czech rep?
Sat Jun 24 21:57:36 2023 a mosquito (Red) [Headshot] Harry (Blue)
Sat Jun 24 21:57:36 2023 [Global] Squirrel! (Red): NO
Sat Jun 24 21:57:37 2023 -= SeanVS =- (Blue) [Headshot] Rakitic (Red)
Sat Jun 24 21:57:38 2023 [Team] yeremijuegos12 (Blue): yes
Sat Jun 24 21:57:40 2023 yeremijuegos12 picked up Red's Intel.
Sat Jun 24 21:57:41 2023 Vagabond (Blue) [Headshot] 31231123 (Red)
Sat Jun 24 21:57:45 2023 [Global] Squirrel! (Red): No cap
Sat Jun 24 21:57:45 2023 yeremijuegos12 dropped Red's Intel
Sat Jun 24 21:57:45 2023 Grizzly (Red) [Headshot] yeremijuegos12 (Blue)
Sat Jun 24 21:57:49 2023 [Global] yeremijuegos12 (Blue): no
Sat Jun 24 21:57:49 2023 [Global] Squirrel! (Red): thx
Sat Jun 24 21:57:51 2023 31231123 (Red) [Weapon Change]
Sat Jun 24 21:57:51 2023 [Global] yeremijuegos12 (Blue): noo
Sat Jun 24 21:57:51 2023 Vagabond picked up Red's Intel.
Sat Jun 24 21:57:54 2023 Squirrel! (Red) [SMG] yeremijuegos12 (Blue)
Sat Jun 24 21:57:56 2023 -= SeanVS =- (Blue) [Headshot] Grizzly (Red)
Sat Jun 24 21:58:00 2023 a mosquito (Red) [Headshot] Harry (Blue)
Sat Jun 24 21:58:00 2023 [Global] yeremijuegos12 (Blue): cuidado abajo
Sat Jun 24 21:58:01 2023 Vagabond dropped Red's Intel
Sat Jun 24 21:58:03 2023  Mahalo for playing aloha.pk tower of babel
Sat Jun 24 21:58:03 2023 Squirrel! (Red) [Headshot] Harry (Blue)
Sat Jun 24 21:58:03 2023 Vagabond picked up Red's Intel.
Sat Jun 24 21:58:04 2023 [Global] Vagabond (Blue): came here yere
Sat Jun 24 21:58:05 2023 [Global] Vagabond (Blue): ake it
Sat Jun 24 21:58:05 2023 Vladimirus (Blue) [Headshot] a mosquito (Red)
Sat Jun 24 21:58:06 2023 Squirrel! (Red) [SMG] yeremijuegos12 (Blue)
Sat Jun 24 21:58:09 2023 [Global] Vladimirus (Blue): HAHHAHA
Sat Jun 24 21:58:11 2023 Vagabond dropped Red's Intel
Sat Jun 24 21:58:11 2023 [Global] a mosquito (Red): damn
Sat Jun 24 21:58:15 2023 -= SeanVS =- (Blue) [Headshot] Grizzly (Red)
Sat Jun 24 21:58:16 2023 yeremijuegos12 (Blue) [Headshot] Squirrel! (Red)
Sat Jun 24 21:58:18 2023 Rakitic (Red) [Headshot] Harry (Blue)
Sat Jun 24 21:58:18 2023 W4R71N (Blue) [Fall]
Sat Jun 24 21:58:23 2023 yeremijuegos12 (Blue) [Melee] Rakitic (Red)
Sat Jun 24 21:58:27 2023 [Global] Vagabond (Blue): hjum ok
Sat Jun 24 21:58:28 2023 Vagabond picked up Red's Intel.
Sat Jun 24 21:58:32 2023 a mosquito (Red) [Headshot] Vladimirus (Blue)
Sat Jun 24 21:58:33 2023  Build a tower to get the enemy's intel. Take it to your team's tent to win!
Sat Jun 24 21:58:38 2023 [Global] Vladimirus (Blue): yep
Sat Jun 24 21:58:41 2023 [Global] Squirrel! (Red): Crazy strat for this map
Sat Jun 24 21:58:41 2023 [Global] -= SeanVS =- (Blue): gg guys
Sat Jun 24 21:58:45 2023 yeremijuegos12 (Blue) [Headshot] 31231123 (Red)
Sat Jun 24 21:58:47 2023 Vagabond captured Red's Intel.
Sat Jun 24 21:58:47 2023 Blue Wins!
Sat Jun 24 21:58:47 2023  Game finished! Next map: skullfort.
Sat Jun 24 21:58:49 2023 Harry (Blue) [Headshot] Squirrel! (Red)
Sat Jun 24 21:58:49 2023 [Global] Squirrel! (Red): Build a bridge on the side going aaaall the way back
Sat Jun 24 21:58:49 2023 Vladimirus (Blue) [Headshot] a mosquito (Red)
Sat Jun 24 21:58:49 2023 Rakitic (Red) [Headshot] Harry (Blue)
Sat Jun 24 21:58:50 2023 Rakitic (Red) [Headshot] W4R71N (Blue)
Sat Jun 24 21:58:52 2023 Rakitic (Red) [Headshot] Vladimirus (Blue)
Sat Jun 24 21:58:53 2023 Vagabond (Blue) [Grenade] TON_TH1 (Red)
Sat Jun 24 21:58:53 2023 Vagabond (Blue) [Grenade] 31231123 (Red)
Sat Jun 24 21:58:53 2023 Vagabond (Blue) [Grenade] Grizzly (Red)
Sat Jun 24 21:58:56 2023 [Global] yeremijuegos12 (Blue): gg
Sat Jun 24 21:58:59 2023 ------ World Unloaded ------
Sat Jun 24 21:59:24 2023 ------ World Loaded ------
Sat Jun 24 21:59:24 2023 a mosquito joined Blue team
Sat Jun 24 21:59:24 2023 -= SeanVS =- joined Blue team
Sat Jun 24 21:59:24 2023 yeremijuegos12 joined Spectator team
Sat Jun 24 21:59:24 2023 Welcome to aloha.pk tower of babel
Sat Jun 24 21:59:25 2023 Map: SkullFort by JoJoe Stinky CC 2013
Sat Jun 24 21:59:26 2023 Squirrel! joined Red team
Sat Jun 24 21:59:27 2023 Game mode: Tower of Babel by Yourself, modified by izzy
Sat Jun 24 21:59:29 2023 Build a tower to get the enemy's intel. Take it to your team's tent to win!
Sat Jun 24 21:59:29 2023 TON_TH1 joined Blue team
Sat Jun 24 21:59:32 2023 Visit our community forums at https://aloha.pk/
Sat Jun 24 21:59:33 2023 Come chat with us at https://discord.aloha.pk/
Sat Jun 24 21:59:33 2023 W4R71N joined Red team
Sat Jun 24 21:59:36 2023 31231123 joined Blue team
Sat Jun 24 21:59:37 2023 TON_TH1 (Blue) [Team Change]
Sat Jun 24 21:59:38 2023 TON_TH1 joined Red team
Sat Jun 24 21:59:49 2023 a mosquito (Blue) [Headshot] W4R71N (Red)
Sat Jun 24 21:59:50 2023 a mosquito (Blue) [Headshot] Squirrel! (Red)
Sat Jun 24 21:59:54 2023 a mosquito (Blue) [Headshot] W4R71N (Red)
Sat Jun 24 21:59:55 2023 RE:SSercome joined Spectator team
Sat Jun 24 21:59:57 2023 TON_TH1 (Red) [Headshot] a mosquito (Blue)
Sat Jun 24 22:00:01 2023 Player RE:SSercome has left
Sat Jun 24 22:00:03 2023  Come chat with us at https://discord.aloha.pk/
Sat Jun 24 22:00:09 2023 a mosquito (Blue) [Headshot] Squirrel! (Red)
Sat Jun 24 22:00:10 2023 Grizzly joined Red team
Sat Jun 24 22:00:17 2023 [Global] Squirrel! (Red): Mosquito imma swat you
Sat Jun 24 22:00:24 2023 RE:SSercome joined Spectator team
Sat Jun 24 22:00:27 2023 [Global] a mosquito (Blue): but i am cute mosquito}
Sat Jun 24 22:00:30 2023 [Global] a mosquito (Blue): :(
Sat Jun 24 22:00:33 2023  If you believe a player is breaking the rules, please let us know with /ADMIN
Sat Jun 24 22:00:38 2023 [Global] Squirrel! (Red): ok you convinced me
Sat Jun 24 22:00:43 2023 [Global] a mosquito (Blue): :3
Sat Jun 24 22:00:52 2023 ElHarry joined Blue team
Sat Jun 24 22:00:53 2023 Vagabond joined Blue team
Sat Jun 24 22:00:56 2023 [Global] Vagabond (Blue): LESGO
Sat Jun 24 22:01:02 2023 TON_TH1 (Red) [Headshot] a mosquito (Blue)
Sat Jun 24 22:01:03 2023  Mahalo for playing aloha.pk tower of babel
Sat Jun 24 22:01:05 2023 yeremijuegos12 joined Blue team
Sat Jun 24 22:01:10 2023 yeremijuegos12 (Blue) [SMG] Squirrel! (Red)
Sat Jun 24 22:01:11 2023 -= SeanVS =- (Blue) [Shotgun] TON_TH1 (Red)
Sat Jun 24 22:01:12 2023 [Global] Squirrel! (Red): AAAAAAAAa
Sat Jun 24 22:01:25 2023 W4R71N picked up Blue's Intel.
Sat Jun 24 22:01:27 2023 Grizzly (Red) [Headshot] 31231123 (Blue)
Sat Jun 24 22:01:30 2023 TON_TH1 (Red) [Headshot] Vagabond (Blue)
Sat Jun 24 22:01:32 2023 Rakitic joined Red team
Sat Jun 24 22:01:33 2023  Build a tower to get the enemy's intel. Take it to your team's tent to win!
Sat Jun 24 22:01:44 2023 W4R71N (Red) [Rifle] -= SeanVS =- (Blue)
Sat Jun 24 22:01:51 2023 yeremijuegos12 (Blue) [Headshot] Squirrel! (Red)
Sat Jun 24 22:01:54 2023 [Global] Squirrel! (Red): wtf
Sat Jun 24 22:01:54 2023 Rakitic (Red) [Headshot] a mosquito (Blue)
Sat Jun 24 22:01:55 2023 TON_TH1 (Red) [Headshot] 31231123 (Blue)
Sat Jun 24 22:01:58 2023 [Global] Squirrel! (Red): You got hit?
Sat Jun 24 22:01:59 2023 -= SeanVS =- (Blue) [Shotgun] TON_TH1 (Red)
Sat Jun 24 22:02:03 2023  Type /HELP for info & commands
Sat Jun 24 22:02:13 2023 TON_TH1 (Red) [Grenade] yeremijuegos12 (Blue)
Sat Jun 24 22:02:19 2023 [Global] TON_TH1 (Red): :v
Sat Jun 24 22:02:20 2023 -= SeanVS =- (Blue) [Shotgun] Rakitic (Red)
Sat Jun 24 22:02:23 2023 W4R71N (Red) [Headshot] Vagabond (Blue)
Sat Jun 24 22:02:27 2023 Squirrel! (Red) [Headshot] yeremijuegos12 (Blue)
Sat Jun 24 22:02:29 2023 TON_TH1 (Red) [Rifle] -= SeanVS =- (Blue)
Sat Jun 24 22:02:33 2023  Visit our community forums at https://aloha.pk/
Sat Jun 24 22:02:35 2023 W4R71N dropped Blue's Intel
Sat Jun 24 22:02:35 2023  The intel has returned to the heavens
Sat Jun 24 22:02:35 2023 TON_TH1 (Red) [Headshot] a mosquito (Blue)
Sat Jun 24 22:02:40 2023 W4R71N picked up Blue's Intel.
Sat Jun 24 22:02:43 2023 [Global] Vagabond (Blue): GUYS, someone knows if theres a way to change keyboard layout here on OpenSpades, icannot type interrogation symbol..
Sat Jun 24 22:02:45 2023 Genaa_mey (l.p) joined Blue team
Sat Jun 24 22:02:48 2023 W4R71N (Red) [Headshot] 31231123 (Blue)
Sat Jun 24 22:02:50 2023 TON_TH1 (Red) [Fall]
Sat Jun 24 22:02:57 2023 [Global] Squirrel! (Red): What do you mean?
Sat Jun 24 22:03:00 2023 W4R71N (Red) [Rifle] ElHarry (Blue)
Sat Jun 24 22:03:03 2023  Come chat with us at https://discord.aloha.pk/
Sat Jun 24 22:03:03 2023 yeremijuegos12 (Blue) [SMG] Rakitic (Red)
Sat Jun 24 22:03:05 2023 [Global] Vagabond (Blue): my layout is ABNT2 from BRASIL
Sat Jun 24 22:03:05 2023 Grizzly (Red) [Headshot] ElHarry (Blue)
Sat Jun 24 22:03:08 2023 Vagabond (Blue) [SMG] Squirrel! (Red)
Sat Jun 24 22:03:17 2023 [Global] Vagabond (Blue): and no "US-keyboard"
Sat Jun 24 22:03:18 2023 TON_TH1 (Red) [Headshot] Genaa_mey (l.p) (Blue)
Sat Jun 24 22:03:18 2023 [Global] Squirrel! (Red): Hmm
Sat Jun 24 22:03:20 2023 [Global] Vagabond (Blue): not*
Sat Jun 24 22:03:24 2023 Grizzly (Red) [Headshot] ElHarry (Blue)
Sat Jun 24 22:03:26 2023 Rakitic (Red) [Headshot] yeremijuegos12 (Blue)
Sat Jun 24 22:03:26 2023 [Global] Squirrel! (Red): Download US layout
Sat Jun 24 22:03:27 2023 Player ElHarry has left
Sat Jun 24 22:03:28 2023 -= SeanVS =- (Blue) [Headshot] TON_TH1 (Red)
Sat Jun 24 22:03:33 2023  If you believe a player is breaking the rules, please let us know with /ADMIN
Sat Jun 24 22:03:33 2023 a mosquito (Blue) [Headshot] Harry (Red)
Sat Jun 24 22:03:43 2023 Rakitic (Red) [Headshot] Vagabond (Blue)
Sat Jun 24 22:03:46 2023 W4R71N (Red) [Rifle] a mosquito (Blue)
Sat Jun 24 22:03:55 2023 a mosquito (Blue) [Rifle] Grizzly (Red)
Sat Jun 24 22:03:55 2023 [Global] Vagabond (Blue): xd, but this is the problem, my keyboard had symbols in diferent places than a us keyboard
Sat Jun 24 22:04:03 2023  Mahalo for playing aloha.pk tower of babel
Sat Jun 24 22:04:09 2023 Rakitic (Red) [Headshot] Vagabond (Blue)
Sat Jun 24 22:04:10 2023 W4R71N (Red) [Rifle] 31231123 (Blue)
Sat Jun 24 22:04:10 2023 yeremijuegos12 (Blue) [Headshot] Grizzly (Red)
Sat Jun 24 22:04:13 2023 TON_TH1 (Red) [Headshot] yeremijuegos12 (Blue)
Sat Jun 24 22:04:14 2023 Mike joined Spectator team
Sat Jun 24 22:04:25 2023 W4R71N dropped Blue's Intel
Sat Jun 24 22:04:25 2023  The intel has returned to the heavens
Sat Jun 24 22:04:25 2023 [Global] yeremijuegos12 (Blue): arriba
Sat Jun 24 22:04:27 2023 Harry (Red) [Rifle] Genaa_mey (l.p) (Blue)
Sat Jun 24 22:04:32 2023 ElHarry joined Blue team
Sat Jun 24 22:04:33 2023 [Global] Vagabond (Blue): I DONT KNOW WHAT TO DO BRO I WILL JUST LICK SOME ASSES SUPER CULO DE ISA
Sat Jun 24 22:04:33 2023  Build a tower to get the enemy's intel. Take it to your team's tent to win!
Sat Jun 24 22:04:42 2023 Harry (Red) [Headshot] Genaa_mey (l.p) (Blue)
Sat Jun 24 22:04:48 2023 Rakitic (Red) [Rifle] 31231123 (Blue)
Sat Jun 24 22:04:53 2023 ElHarry (Blue) [Headshot] W4R71N (Red)
Sat Jun 24 22:04:55 2023 -= SeanVS =- (Blue) [Shotgun] TON_TH1 (Red)
Sat Jun 24 22:04:56 2023 Rakitic (Red) [Headshot] Genaa_mey (l.p) (Blue)
Sat Jun 24 22:04:57 2023 TON_TH1 (Red) [Grenade] -= SeanVS =- (Blue)
Sat Jun 24 22:04:58 2023 Rakitic (Red) [Headshot] 31231123 (Blue)
Sat Jun 24 22:05:03 2023  Type /HELP for info & commands
Sat Jun 24 22:05:03 2023 [Global] -= SeanVS =- (Blue): LMAO
Sat Jun 24 22:05:11 2023 TON_TH1 (Red) [Headshot] a mosquito (Blue)
Sat Jun 24 22:05:14 2023 TON_TH1 (Red) [Headshot] yeremijuegos12 (Blue)
Sat Jun 24 22:05:16 2023 Rakitic (Red) [Headshot] yeremijuegos12 (Blue)
Sat Jun 24 22:05:18 2023 Rakitic (Red) [Headshot] a mosquito (Blue)
Sat Jun 24 22:05:18 2023 [Global] yeremijuegos12 (Blue): wtf
Sat Jun 24 22:05:20 2023 rdood2 joined Blue team
Sat Jun 24 22:05:22 2023 Disconnecting
