Sun Jul 30 15:04:41 2023 ------ World Loaded ------
Sun Jul 30 15:04:41 2023 Deuce8 joined Blue team
Sun Jul 30 15:04:41 2023 microwave (Red) [Headshot] Yuriy (Blue)
Sun Jul 30 15:04:41 2023 microwave (Red) [Headshot] Jamal (Blue)
Sun Jul 30 15:04:41 2023 Sitael (Blue) [Rifle] Test (Red)
Sun Jul 30 15:04:41 2023 microwave (Red) [Headshot] f (Blue)
Sun Jul 30 15:04:41 2023 Welcome to aloha.pk tower of babel
Sun Jul 30 15:04:41 2023 microwave (Red) [Headshot] Tygrain (Blue)
Sun Jul 30 15:04:42 2023 Map: 1river2forts by Technomancer88
Sun Jul 30 15:04:43 2023 Sonuc (Red) [Weapon Change]
Sun Jul 30 15:04:44 2023 Game mode: Tower of Babel by Yourself, modified by izzy
Sun Jul 30 15:04:46 2023 Build a tower to get the enemy's intel. Take it to your team's tent to win!
Sun Jul 30 15:04:47 2023 microwave (Red) [Headshot] Yuriy (Blue)
Sun Jul 30 15:04:48 2023 Visit our community forums at https://aloha.pk/
Sun Jul 30 15:04:49 2023 microwave (Red) [Headshot] Jamal (Blue)
Sun Jul 30 15:04:50 2023 microwave (Red) [Headshot] Ezilei (Blue)
Sun Jul 30 15:04:50 2023 Come chat with us at https://discord.aloha.pk/
Sun Jul 30 15:05:02 2023 Sitael (Blue) [Headshot] microwave (Red)
Sun Jul 30 15:05:03 2023  SUPERMNK has reached 1000 blocks placed! /heaven unlocked.
Sun Jul 30 15:05:04 2023 Sitael (Blue) [Headshot] Bielespart (Red)
Sun Jul 30 15:05:05 2023 Sonuc (Red) [SMG] Sitael (Blue)
Sun Jul 30 15:05:11 2023  If you believe a player is breaking the rules, please let us know with /ADMIN
Sun Jul 30 15:05:14 2023 Sonuc (Red) [SMG] Yuriy (Blue)
Sun Jul 30 15:05:16 2023 CΘsar (Red) [SMG] Sitael (Blue)
Sun Jul 30 15:05:16 2023 riddick (Red) [Headshot] Jamal (Blue)
Sun Jul 30 15:05:23 2023 riddick (Red) [Rifle] Ezilei (Blue)
Sun Jul 30 15:05:25 2023 CΘsar (Red) [Headshot] Jamal (Blue)
Sun Jul 30 15:05:25 2023 CΘsar (Red) [Grenade] Yuriy (Blue)
Sun Jul 30 15:05:28 2023 CΘsar (Red) [SMG] Sitael (Blue)
Sun Jul 30 15:05:28 2023 riddick (Red) [Headshot] Harry (Blue)
Sun Jul 30 15:05:29 2023 Tygrain (Blue) [Headshot] SUPERMNK (Red)
Sun Jul 30 15:05:29 2023 microwave (Red) [Headshot] Tygrain (Blue)
Sun Jul 30 15:05:36 2023 CΘsar (Red) [Headshot] Ezilei (Blue)
Sun Jul 30 15:05:37 2023 CΘsar (Red) [Headshot] Tygrain (Blue)
Sun Jul 30 15:05:39 2023 Yuriy (Blue) [SMG] CΘsar (Red)
Sun Jul 30 15:05:41 2023  Mahalo for playing aloha.pk tower of babel
Sun Jul 30 15:05:44 2023 microwave (Red) [SMG] Harry (Blue)
Sun Jul 30 15:05:48 2023 Jamal (Blue) [Headshot] microwave (Red)
Sun Jul 30 15:05:54 2023 [Global] Bielespart (Red): jgf 
Sun Jul 30 15:05:57 2023 Jamal (Blue) [Headshot] Sonuc (Red)
Sun Jul 30 15:05:58 2023 You must be closer to the enemy's base to shoot blocks!
Sun Jul 30 15:06:03 2023 Player Yuriy has left
Sun Jul 30 15:06:03 2023 You must be closer to the enemy's base to shoot blocks!
Sun Jul 30 15:06:05 2023 You must be closer to the enemy's base to shoot blocks!
Sun Jul 30 15:06:07 2023 Sitael (Blue) [Headshot] Bielespart (Red)
Sun Jul 30 15:06:08 2023 Jamal (Blue) [SMG] CΘsar (Red)
Sun Jul 30 15:06:11 2023  Build a tower to get the enemy's intel. Take it to your team's tent to win!
Sun Jul 30 15:06:16 2023 Sitael (Blue) [Headshot] microwave (Red)
Sun Jul 30 15:06:20 2023 CΘsar (Red) [SMG] Sitael (Blue)
Sun Jul 30 15:06:22 2023 [Global] Bielespart (Red): ttuuyiuuuuu
Sun Jul 30 15:06:24 2023 Player Sonuc has left
Sun Jul 30 15:06:27 2023 riddick (Red) [Rifle] Ezilei (Blue)
Sun Jul 30 15:06:29 2023 Harry (Blue) [Headshot] CΘsar (Red)
Sun Jul 30 15:06:30 2023 Test (Red) [Shotgun] Tygrain (Blue)
Sun Jul 30 15:06:30 2023 microwave (Red) [Grenade] Jamal (Blue)
Sun Jul 30 15:06:34 2023 Deuce8 (Blue) [Headshot] SUPERMNK (Red)
Sun Jul 30 15:06:34 2023 riddick (Red) [Headshot] Harry (Blue)
Sun Jul 30 15:06:39 2023 microwave (Red) [Headshot] GrapeSoda (Blue)
Sun Jul 30 15:06:41 2023  Type /HELP for info & commands
Sun Jul 30 15:06:44 2023 microwave (Red) [Headshot] Sitael (Blue)
Sun Jul 30 15:06:46 2023 Player GrapeSoda has left
Sun Jul 30 15:06:47 2023 Harry (Blue) [Headshot] riddick (Red)
Sun Jul 30 15:06:48 2023 microwave (Red) [Headshot] Jamal (Blue)
Sun Jul 30 15:06:49 2023 Test (Red) [Melee] Tygrain (Blue)
Sun Jul 30 15:06:53 2023 You must be closer to the enemy's base to shoot blocks!
Sun Jul 30 15:06:55 2023 microwave (Red) [Headshot] Ezilei (Blue)
Sun Jul 30 15:06:59 2023 microwave (Red) [Headshot] Harry (Blue)
Sun Jul 30 15:07:00 2023 microwave (Red) [Headshot] Sitael (Blue)
Sun Jul 30 15:07:11 2023 eg4040 joined Blue team
Sun Jul 30 15:07:11 2023  Visit our community forums at https://aloha.pk/
Sun Jul 30 15:07:13 2023 Jamal (Blue) [Headshot] microwave (Red)
Sun Jul 30 15:07:20 2023 Jakkz_ joined Spectator team
Sun Jul 30 15:07:22 2023 Tygrain (Blue) [Headshot] Test (Red)
Sun Jul 30 15:07:36 2023 riddick (Red) [Headshot] eg4040 (Blue)
Sun Jul 30 15:07:41 2023  Come chat with us at https://discord.aloha.pk/
Sun Jul 30 15:07:43 2023 Player eg4040 has left
Sun Jul 30 15:07:51 2023 Bielespart (Red) [Fall]
Sun Jul 30 15:07:52 2023 riddick (Red) [Rifle] Ezilei (Blue)
Sun Jul 30 15:07:53 2023 Deuce8 (Blue) [Headshot] SUPERMNK (Red)
Sun Jul 30 15:07:54 2023 Sitael (Blue) [Headshot] blaine (Red)
Sun Jul 30 15:07:56 2023 microwave (Red) [Headshot] Jamal (Blue)
Sun Jul 30 15:07:58 2023 riddick (Red) [Headshot] Harry (Blue)
Sun Jul 30 15:07:59 2023 Jakkz_ joined Red team
Sun Jul 30 15:08:03 2023 Deuce8 (Blue) [Headshot] bilboswaggins (Red)
Sun Jul 30 15:08:04 2023 riddick (Red) [Rifle] Sitael (Blue)
Sun Jul 30 15:08:05 2023 Deuce8 (Blue) [Headshot] Jakkz_ (Red)
Sun Jul 30 15:08:06 2023 Deuce8 (Blue) [Headshot] SUPERMNK (Red)
Sun Jul 30 15:08:08 2023 Player Sitael has left
Sun Jul 30 15:08:08 2023 Yuriy joined Blue team
Sun Jul 30 15:08:10 2023 eg4040 joined Blue team
Sun Jul 30 15:08:11 2023  If you believe a player is breaking the rules, please let us know with /ADMIN
Sun Jul 30 15:08:12 2023 microwave (Red) [Headshot] Jamal (Blue)
Sun Jul 30 15:08:17 2023 CΘsar (Red) [SMG] eg4040 (Blue)
Sun Jul 30 15:08:17 2023 Deuce8 (Blue) [Headshot] blaine (Red)
Sun Jul 30 15:08:19 2023 Jakkz_ (Red) [Headshot] Deuce8 (Blue)
Sun Jul 30 15:08:19 2023 microwave (Red) [Headshot] Yuriy (Blue)
Sun Jul 30 15:08:25 2023 CΘsar (Red) [SMG] Deuce8 (Blue)
Sun Jul 30 15:08:30 2023 CΘsar (Red) [SMG] eg4040 (Blue)
Sun Jul 30 15:08:32 2023 microwave (Red) [Headshot] Jamal (Blue)
Sun Jul 30 15:08:33 2023 riddick (Red) [Rifle] Ezilei (Blue)
Sun Jul 30 15:08:36 2023 microwave (Red) [Headshot] Harry (Blue)
Sun Jul 30 15:08:37 2023 Pop_OS joined Blue team
Sun Jul 30 15:08:38 2023 Tygrain (Blue) [Headshot] microwave (Red)
Sun Jul 30 15:08:39 2023 Deuce8 (Blue) [SMG] CΘsar (Red)
Sun Jul 30 15:08:41 2023  Mahalo for playing aloha.pk tower of babel
Sun Jul 30 15:08:44 2023 Jamal (Blue) [Headshot] Test (Red)
Sun Jul 30 15:08:47 2023 [Team] Pop_OS (Blue): where do we send recording of cheating?
Sun Jul 30 15:08:50 2023 blaine (Red) [Headshot] Tygrain (Blue)
Sun Jul 30 15:09:07 2023 emilio joined Blue team
Sun Jul 30 15:09:07 2023 Pop_OS (Blue) [Rifle] Bielespart (Red)
Sun Jul 30 15:09:08 2023 riddick (Red) [Headshot] Jamal (Blue)
Sun Jul 30 15:09:11 2023  Build a tower to get the enemy's intel. Take it to your team's tent to win!
Sun Jul 30 15:09:12 2023 microwave (Red) [Headshot] Deuce8 (Blue)
Sun Jul 30 15:09:14 2023 eg4040 (Blue) [Rifle] Test (Red)
Sun Jul 30 15:09:20 2023 riddick (Red) [Headshot] Tygrain (Blue)
Sun Jul 30 15:09:26 2023 microwave (Red) [SMG] Jamal (Blue)
Sun Jul 30 15:09:28 2023 Harry (Blue) [Headshot] microwave (Red)
Sun Jul 30 15:09:41 2023  Type /HELP for info & commands
Sun Jul 30 15:09:43 2023 You must be closer to the enemy's base to shoot blocks!
Sun Jul 30 15:09:45 2023 Deuce8 (Blue) [Headshot] blaine (Red)
Sun Jul 30 15:09:50 2023 CΘsar (Red) [SMG] Yuriy (Blue)
Sun Jul 30 15:09:52 2023 Deuce8 (Blue) [Headshot] microwave (Red)
Sun Jul 30 15:09:54 2023 Deuce8 (Blue) [SMG] Jakkz_ (Red)
Sun Jul 30 15:09:58 2023 Deuce8 (Blue) [Headshot] SUPERMNK (Red)
Sun Jul 30 15:10:00 2023 Jamal (Blue) [Headshot] Bielespart (Red)
Sun Jul 30 15:10:04 2023 CΘsar (Red) [Headshot] Yuriy (Blue)
Sun Jul 30 15:10:05 2023 Deuce8 (Blue) [Headshot] blaine (Red)
Sun Jul 30 15:10:07 2023 riddick (Red) [Rifle] emilio (Blue)
Sun Jul 30 15:10:08 2023 riddick (Red) [Headshot] eg4040 (Blue)
Sun Jul 30 15:10:09 2023 Deuce8 (Blue) [SMG] Test (Red)
Sun Jul 30 15:10:11 2023  Visit our community forums at https://aloha.pk/
Sun Jul 30 15:10:12 2023 SUPERMNK (Red) [Headshot] Ezilei (Blue)
Sun Jul 30 15:10:13 2023 Yuriy (Blue) [SMG] CΘsar (Red)
Sun Jul 30 15:10:15 2023 microwave (Red) [Headshot] Deuce8 (Blue)
Sun Jul 30 15:10:22 2023 [Global] Harry (Blue): jamal what are you doing?
Sun Jul 30 15:10:28 2023 Jamal (Blue) [Headshot] Bielespart (Red)
Sun Jul 30 15:10:30 2023 Player Yuriy has left
Sun Jul 30 15:10:31 2023 blaine (Red) [Headshot] Tygrain (Blue)
Sun Jul 30 15:10:31 2023 riddick (Red) [Headshot] eg4040 (Blue)
Sun Jul 30 15:10:36 2023 f (Blue) [SMG] microwave (Red)
Sun Jul 30 15:10:36 2023 f (Blue) [Headshot] SUPERMNK (Red)
Sun Jul 30 15:10:36 2023 Pop_OS (Blue) [Headshot] Test (Red)
Sun Jul 30 15:10:41 2023  Come chat with us at https://discord.aloha.pk/
Sun Jul 30 15:10:44 2023 riddick (Red) [Headshot] emilio (Blue)
Sun Jul 30 15:10:51 2023 Yuriy joined Blue team
Sun Jul 30 15:10:53 2023 Tygrain (Blue) [SMG] blaine (Red)
Sun Jul 30 15:10:58 2023 Bielespart (Red) [Headshot] Jamal (Blue)
Sun Jul 30 15:11:03 2023 Jakkz_ (Red) [Headshot] Yuriy (Blue)
Sun Jul 30 15:11:04 2023 Harry (Blue) [Headshot] Jakkz_ (Red)
Sun Jul 30 15:11:05 2023 riddick (Red) [Headshot] eg4040 (Blue)
Sun Jul 30 15:11:10 2023 emilio (Blue) [Headshot] Test (Red)
Sun Jul 30 15:11:11 2023  If you believe a player is breaking the rules, please let us know with /ADMIN
Sun Jul 30 15:11:14 2023 SUPERMNK (Red) [Headshot] Jamal (Blue)
Sun Jul 30 15:11:15 2023 blaine (Red) [Headshot] Tygrain (Blue)
Sun Jul 30 15:11:18 2023 microwave (Red) [Headshot] Harry (Blue)
Sun Jul 30 15:11:22 2023 SUPERMNK (Red) [Headshot] emilio (Blue)
Sun Jul 30 15:11:35 2023 Jamal (Blue) [Headshot] Bielespart (Red)
Sun Jul 30 15:11:35 2023 microwave (Red) [Grenade] Ezilei (Blue)
Sun Jul 30 15:11:36 2023 Harry (Blue) [Headshot] blaine (Red)
Sun Jul 30 15:11:37 2023 Tygrain (Blue) [SMG] SUPERMNK (Red)
Sun Jul 30 15:11:39 2023 microwave (Red) [Headshot] Ezilei (Blue)
Sun Jul 30 15:11:41 2023  Mahalo for playing aloha.pk tower of babel
Sun Jul 30 15:11:41 2023 microwave (Red) [Headshot] Yuriy (Blue)
Sun Jul 30 15:11:43 2023 You must be closer to the enemy's base to shoot blocks!
Sun Jul 30 15:11:48 2023 microwave (Red) [Headshot] Yuriy (Blue)
Sun Jul 30 15:11:50 2023 microwave (Red) [Headshot] Ezilei (Blue)
Sun Jul 30 15:11:53 2023 Test (Red) [Headshot] Deuce8 (Blue)
Sun Jul 30 15:11:57 2023 blaine (Red) [Headshot] Jamal (Blue)
Sun Jul 30 15:11:59 2023 SUPERMNK (Red) [Headshot] f (Blue)
Sun Jul 30 15:12:03 2023 microwave (Red) [Headshot] Yuriy (Blue)
Sun Jul 30 15:12:05 2023 microwave (Red) [Headshot] f (Blue)
Sun Jul 30 15:12:06 2023 riddick (Red) [Rifle] Harry (Blue)
Sun Jul 30 15:12:07 2023 Pop_OS (Blue) [Headshot] Test (Red)
Sun Jul 30 15:12:10 2023 blaine (Red) [Rifle] emilio (Blue)
Sun Jul 30 15:12:11 2023  Build a tower to get the enemy's intel. Take it to your team's tent to win!
Sun Jul 30 15:12:12 2023 f (Blue) [Team Change]
Sun Jul 30 15:12:12 2023 microwave (Red) [Headshot] Harry (Blue)
Sun Jul 30 15:12:14 2023 blaine (Red) [Headshot] eg4040 (Blue)
Sun Jul 30 15:12:14 2023 Disconnecting
