Sun Jul 30 14:44:24 2023 ------ World Loaded ------
Sun Jul 30 14:44:25 2023 Entenbrot (Red) [Shotgun] YOUNES..YT (Blue)
Sun Jul 30 14:44:25 2023 Beeboy dropped Red's Intel
Sun Jul 30 14:44:25 2023 CΘsar (Red) [Headshot] Beeboy (Blue)
Sun Jul 30 14:44:25 2023 YOUNES..YT (Blue) [Team Change]
Sun Jul 30 14:44:25 2023 YOUNES..YT joined Red team
Sun Jul 30 14:44:25 2023 Welcome to aloha.pk tower of babel
Sun Jul 30 14:44:26 2023 Map: Tower Dive by ei8htx
Sun Jul 30 14:44:27 2023 YOUNES..YT (Red) [Fall]
Sun Jul 30 14:44:28 2023 Game mode: Tower of Babel by Yourself, modified by izzy
Sun Jul 30 14:44:30 2023 Build a tower to get the enemy's intel. Take it to your team's tent to win!
Sun Jul 30 14:44:32 2023 Visit our community forums at https://aloha.pk/
Sun Jul 30 14:44:34 2023 Come chat with us at https://discord.aloha.pk/
Sun Jul 30 14:44:38 2023 f joined Blue team
Sun Jul 30 14:44:43 2023 Mikele joined Blue team
Sun Jul 30 14:44:55 2023 Beeboy (Blue) [Headshot] CΘsar (Red)
Sun Jul 30 14:45:05 2023 CΘsar (Red) [Rifle] BreadEatingOrc (Blue)
Sun Jul 30 14:45:08 2023 Harry (Blue) [Headshot] YOUNES..YT (Red)
Sun Jul 30 14:45:11 2023  Build a tower to get the enemy's intel. Take it to your team's tent to win!
Sun Jul 30 14:45:11 2023 You must be closer to the enemy's base to shoot blocks!
Sun Jul 30 14:45:12 2023 Harry (Blue) [Rifle] CΘsar (Red)
Sun Jul 30 14:45:18 2023 Beeboy (Blue) [Headshot] Entenbrot (Red)
Sun Jul 30 14:45:19 2023 Ezilei joined Blue team
Sun Jul 30 14:45:25 2023 Harry (Blue) [Headshot] CΘsar (Red)
Sun Jul 30 14:45:32 2023 Mikele (Blue) [Rifle] YOUNES..YT (Red)
Sun Jul 30 14:45:37 2023 Harry (Blue) [Headshot] YOUNES..YT (Red)
Sun Jul 30 14:45:41 2023  Type /HELP for info & commands
Sun Jul 30 14:45:43 2023 Entenbrot (Red) [Shotgun] Mikele (Blue)
Sun Jul 30 14:45:46 2023 CΘsar (Red) [Headshot] Beeboy (Blue)
Sun Jul 30 14:45:46 2023 Harry (Blue) [Headshot] CΘsar (Red)
Sun Jul 30 14:45:47 2023 YOUNES..YT joined Blue team
Sun Jul 30 14:45:52 2023 Harry (Blue) [Headshot] CΘsar (Red)
Sun Jul 30 14:46:02 2023 Beeboy (Blue) [Headshot] CΘsar (Red)
Sun Jul 30 14:46:04 2023 Entenbrot (Red) [Fall]
Sun Jul 30 14:46:06 2023 Sitael (Red) [Rifle] Beeboy (Blue)
Sun Jul 30 14:46:09 2023 SUPERMNK joined Red team
Sun Jul 30 14:46:10 2023  BreadEatingOrc has reached 1000 blocks placed! /heaven unlocked.
Sun Jul 30 14:46:11 2023  Visit our community forums at https://aloha.pk/
Sun Jul 30 14:46:16 2023 Harry (Blue) [Headshot] Entenbrot (Red)
Sun Jul 30 14:46:21 2023 CΘsar (Red) [Headshot] YOUNES..YT (Blue)
Sun Jul 30 14:46:27 2023 Harry (Blue) [Headshot] CΘsar (Red)
Sun Jul 30 14:46:27 2023 SUPERMNK (Red) [Grenade] BreadEatingOrc (Blue)
Sun Jul 30 14:46:29 2023 Harry (Blue) [Rifle] Entenbrot (Red)
Sun Jul 30 14:46:37 2023 CΘsar (Red) [Rifle] Mikele (Blue)
Sun Jul 30 14:46:38 2023 Entenbrot (Red) [Headshot] f (Blue)
Sun Jul 30 14:46:39 2023 Only 10 more kills in your killstreak until you unlock the apocalypse!
Sun Jul 30 14:46:39 2023 You need 1 intel capture(s) to unlock the apocalypse!
Sun Jul 30 14:46:39 2023 Harry (Blue) [Headshot] Entenbrot (Red)
Sun Jul 30 14:46:41 2023  Come chat with us at https://discord.aloha.pk/
Sun Jul 30 14:46:42 2023 BreadEatingOrc (Blue) [Team Change]
Sun Jul 30 14:46:43 2023 CΘsar (Red) [Rifle] Beeboy (Blue)
Sun Jul 30 14:46:47 2023 BreadEatingOrc joined Red team
Sun Jul 30 14:46:49 2023 SUPERMNK (Red) [Headshot] Ezilei (Blue)
Sun Jul 30 14:46:52 2023 SUPERMNK (Red) [SMG] YOUNES..YT (Blue)
Sun Jul 30 14:46:53 2023 Harry (Blue) [Headshot] BreadEatingOrc (Red)
Sun Jul 30 14:46:57 2023 CΘsar (Red) [Headshot] Beeboy (Blue)
Sun Jul 30 14:47:00 2023 CΘsar (Red) [Rifle] Harry (Blue)
Sun Jul 30 14:47:02 2023 Beeboy (Blue) [Fall]
Sun Jul 30 14:47:08 2023 SUPERMNK (Red) [Headshot] Ezilei (Blue)
Sun Jul 30 14:47:10 2023 CΘsar (Red) [Headshot] Mikele (Blue)
Sun Jul 30 14:47:11 2023  If you believe a player is breaking the rules, please let us know with /ADMIN
Sun Jul 30 14:47:14 2023 Entenbrot (Red) [Headshot] f (Blue)
Sun Jul 30 14:47:14 2023 SUPERMNK (Red) [Headshot] Beeboy (Blue)
Sun Jul 30 14:47:18 2023 Harry (Blue) [Headshot] Entenbrot (Red)
Sun Jul 30 14:47:21 2023 Harry (Blue) [Headshot] BreadEatingOrc (Red)
Sun Jul 30 14:47:21 2023 PROGAMER joined Blue team
Sun Jul 30 14:47:24 2023 Harry (Blue) [Headshot] BreadEatingOrc (Red)
Sun Jul 30 14:47:25 2023 [Global] Mikele (Blue): man
Sun Jul 30 14:47:27 2023 f (Blue) [Fall]
Sun Jul 30 14:47:28 2023 CΘsar (Red) [Headshot] Harry (Blue)
Sun Jul 30 14:47:30 2023 SUPERMNK (Red) [Headshot] Ezilei (Blue)
Sun Jul 30 14:47:31 2023 [Team] Mikele (Blue): queres jugar una arena
Sun Jul 30 14:47:33 2023 [Team] Mikele (Blue): '
Sun Jul 30 14:47:33 2023 SUPERMNK (Red) [Headshot] Mikele (Blue)
Sun Jul 30 14:47:36 2023 [Team] Mikele (Blue): ?
Sun Jul 30 14:47:39 2023 [Global] PROGAMER (Blue): no
Sun Jul 30 14:47:41 2023  Mahalo for playing aloha.pk tower of babel
Sun Jul 30 14:47:41 2023 SUPERMNK (Red) [Headshot] Beeboy (Blue)
Sun Jul 30 14:47:47 2023 [Team] Mikele (Blue): pork
Sun Jul 30 14:47:51 2023 SUPERMNK (Red) [SMG] f (Blue)
Sun Jul 30 14:48:03 2023 SUPERMNK (Red) [SMG] Beeboy (Blue)
Sun Jul 30 14:48:05 2023 Mikele (Blue) [Headshot] CΘsar (Red)
Sun Jul 30 14:48:05 2023 SUPERMNK (Red) [Headshot] Mikele (Blue)
Sun Jul 30 14:48:10 2023 SUPERMNK (Red) [Headshot] PROGAMER (Blue)
Sun Jul 30 14:48:11 2023  Build a tower to get the enemy's intel. Take it to your team's tent to win!
Sun Jul 30 14:48:13 2023 Harry (Blue) [Headshot] Entenbrot (Red)
Sun Jul 30 14:48:15 2023 [Team] Mikele (Blue): campero arriba
Sun Jul 30 14:48:17 2023 Sitael picked up Blue's Intel.
Sun Jul 30 14:48:21 2023 SUPERMNK (Red) [Headshot] f (Blue)
Sun Jul 30 14:48:25 2023 You must be closer to the enemy's base to shoot blocks!
Sun Jul 30 14:48:26 2023 Harry (Blue) [Headshot] CΘsar (Red)
Sun Jul 30 14:48:37 2023 SUPERMNK (Red) [SMG] Mikele (Blue)
Sun Jul 30 14:48:41 2023  Type /HELP for info & commands
Sun Jul 30 14:48:44 2023 Harry (Blue) [Headshot] CΘsar (Red)
Sun Jul 30 14:48:49 2023 [Team] Mikele (Blue): arena juguemos
Sun Jul 30 14:48:53 2023 [Team] Mikele (Blue): me dejo matar
Sun Jul 30 14:48:54 2023 Sitael captured Blue's Intel.
Sun Jul 30 14:48:54 2023 [Global] PROGAMER (Blue): no
Sun Jul 30 14:48:55 2023 SUPERMNK (Red) [Headshot] f (Blue)
Sun Jul 30 14:48:58 2023 Harry (Blue) [Headshot] CΘsar (Red)
Sun Jul 30 14:49:00 2023 [Team] Mikele (Blue): porque
Sun Jul 30 14:49:01 2023 CΘsar (Red) [Headshot] Mikele (Blue)
Sun Jul 30 14:49:04 2023 YOUNES..YT (Blue) [Headshot] CΘsar (Red)
Sun Jul 30 14:49:07 2023 Y.O.B.A. joined Red team
Sun Jul 30 14:49:10 2023 You must be closer to the enemy's base to shoot blocks!
Sun Jul 30 14:49:11 2023  Visit our community forums at https://aloha.pk/
Sun Jul 30 14:49:15 2023 BreadEatingOrc (Red) [Headshot] Harry (Blue)
Sun Jul 30 14:49:15 2023 [Team] PROGAMER (Blue): veni al agua
Sun Jul 30 14:49:17 2023 [Team] Mikele (Blue): porque we
Sun Jul 30 14:49:17 2023 bilboswaggins (Red) [Fall]
Sun Jul 30 14:49:18 2023 SUPERMNK (Red) [SMG] Ezilei (Blue)
Sun Jul 30 14:49:21 2023 [Global] PROGAMER (Blue): izquierda
Sun Jul 30 14:49:22 2023 SUPERMNK (Red) [Headshot] YOUNES..YT (Blue)
Sun Jul 30 14:49:24 2023 Mikele (Blue) [Fall]
Sun Jul 30 14:49:25 2023 [Global] PROGAMER (Blue): donde ahi un puente
Sun Jul 30 14:49:26 2023 Harry (Blue) [Headshot] bilboswaggins (Red)
Sun Jul 30 14:49:27 2023 BKACKE joined Blue team
Sun Jul 30 14:49:31 2023 [Team] Mikele (Blue): ok
Sun Jul 30 14:49:33 2023 SUPERMNK (Red) [Headshot] PROGAMER (Blue)
Sun Jul 30 14:49:36 2023 [Team] Mikele (Blue): habia
Sun Jul 30 14:49:39 2023 Harry (Blue) [Headshot] Y.O.B.A. (Red)
Sun Jul 30 14:49:41 2023 [Global] PROGAMER (Blue): NO
Sun Jul 30 14:49:41 2023  Come chat with us at https://discord.aloha.pk/
Sun Jul 30 14:49:42 2023 Harry (Blue) [Headshot] bilboswaggins (Red)
Sun Jul 30 14:49:42 2023 [Global] PROGAMER (Blue): MANCO
Sun Jul 30 14:49:45 2023 SUPERMNK (Red) [SMG] YOUNES..YT (Blue)
Sun Jul 30 14:49:46 2023 [Global] PROGAMER (Blue): mira
Sun Jul 30 14:49:49 2023 Mikele (Blue) [Rifle] BreadEatingOrc (Red)
Sun Jul 30 14:49:52 2023 Entenbrot (Red) [Headshot] f (Blue)
Sun Jul 30 14:49:54 2023 Mikele (Blue) [Headshot] Entenbrot (Red)
Sun Jul 30 14:49:57 2023 [Global] Mikele (Blue): pal lobby
Sun Jul 30 14:49:58 2023 [Global] PROGAMER (Blue): ven
Sun Jul 30 14:50:01 2023 SUPERMNK (Red) [SMG] YOUNES..YT (Blue)
Sun Jul 30 14:50:07 2023 SUPERMNK picked up Blue's Intel.
Sun Jul 30 14:50:11 2023  If you believe a player is breaking the rules, please let us know with /ADMIN
Sun Jul 30 14:50:11 2023 YOUNES..YT joined Red team
Sun Jul 30 14:50:22 2023 [Global] PROGAMER (Blue): veni mamawebo
Sun Jul 30 14:50:24 2023 [Team] Mikele (Blue): ok
Sun Jul 30 14:50:35 2023 bilboswaggins (Red) [Fall]
Sun Jul 30 14:50:41 2023  Mahalo for playing aloha.pk tower of babel
Sun Jul 30 14:50:45 2023 Harry (Blue) [Headshot] Entenbrot (Red)
Sun Jul 30 14:50:46 2023 SUPERMNK captured Blue's Intel.
Sun Jul 30 14:50:48 2023 Entenbrot (Red) [Weapon Change]
Sun Jul 30 14:50:48 2023 Y.O.B.A. (Red) [SMG] Harry (Blue)
Sun Jul 30 14:50:54 2023  SUPERMNK has unleashed an apocalypse from God.
Sun Jul 30 14:50:55 2023 Player BKACKE has left
Sun Jul 30 14:50:56 2023  The apocalypse begins in 5
Sun Jul 30 14:50:57 2023  The apocalypse begins in 4
Sun Jul 30 14:50:57 2023 [Team] PROGAMER (Blue): veni
Sun Jul 30 14:50:58 2023  The apocalypse begins in 3
Sun Jul 30 14:50:59 2023  The apocalypse begins in 2
Sun Jul 30 14:51:00 2023  The apocalypse begins in 1
Sun Jul 30 14:51:02 2023 Y.O.B.A. (Red) [Headshot] Ezilei (Blue)
Sun Jul 30 14:51:05 2023 [Team] Mikele (Blue): uf
Sun Jul 30 14:51:06 2023 bilboswaggins (Red) [SMG] PROGAMER (Blue)
Sun Jul 30 14:51:06 2023 Beeboy (Blue) [SMG] Sitael (Red)
Sun Jul 30 14:51:08 2023 Beeboy (Blue) [Headshot] bilboswaggins (Red)
Sun Jul 30 14:51:08 2023 [Global] PROGAMER (Blue): a
Sun Jul 30 14:51:10 2023 CΘsar (Red) [Fall]
Sun Jul 30 14:51:11 2023  Build a tower to get the enemy's intel. Take it to your team's tent to win!
Sun Jul 30 14:51:12 2023 SUPERMNK (Red) [Grenade] Ezilei (Blue)
Sun Jul 30 14:51:14 2023 SUPERMNK (Red) [Grenade] PROGAMER (Blue)
Sun Jul 30 14:51:14 2023  The apocalypse has ended.
Sun Jul 30 14:51:15 2023 BreadEatingOrc (Red) [Fall]
Sun Jul 30 14:51:16 2023 [Global] PROGAMER (Blue): ajaja
Sun Jul 30 14:51:18 2023 [Global] PROGAMER (Blue): XD
Sun Jul 30 14:51:20 2023 Beeboy (Blue) [Grenade] Sitael (Red)
Sun Jul 30 14:51:20 2023 You can't destroy your team's blocks in this area. Attack the enemy's tower!
Sun Jul 30 14:51:20 2023 You can't destroy your team's blocks in this area. Attack the enemy's tower!
Sun Jul 30 14:51:21 2023 You can't destroy your team's blocks in this area. Attack the enemy's tower!
Sun Jul 30 14:51:21 2023 You can't destroy your team's blocks in this area. Attack the enemy's tower!
Sun Jul 30 14:51:21 2023 You can't destroy your team's blocks in this area. Attack the enemy's tower!
Sun Jul 30 14:51:22 2023 scpwarner joined Blue team
Sun Jul 30 14:51:26 2023 You must be closer to the enemy's base to grenade blocks!
Sun Jul 30 14:51:27 2023 [Team] Mikele (Blue): aca estoy con 14 hp
Sun Jul 30 14:51:28 2023 Harry (Blue) [Rifle]
Sun Jul 30 14:51:31 2023 Entenbrot (Red) [SMG] Ezilei (Blue)
Sun Jul 30 14:51:31 2023 Entenbrot (Red) [Headshot] PROGAMER (Blue)
Sun Jul 30 14:51:36 2023 bilboswaggins (Red) [SMG] Beeboy (Blue)
Sun Jul 30 14:51:41 2023  Type /HELP for info & commands
Sun Jul 30 14:51:42 2023 CΘsar (Red) [Grenade] Ezilei (Blue)
Sun Jul 30 14:51:42 2023 scpwarner (Blue) [Rifle] Y.O.B.A. (Red)
Sun Jul 30 14:51:43 2023 Harry (Blue) [Headshot] bilboswaggins (Red)
Sun Jul 30 14:51:49 2023 CΘsar (Red) [Fall]
Sun Jul 30 14:51:53 2023 Entenbrot (Red) [Headshot] Ezilei (Blue)
Sun Jul 30 14:51:56 2023 You must be closer to the enemy's base to shoot blocks!
Sun Jul 30 14:51:56 2023 You must be closer to the enemy's base to shoot blocks!
Sun Jul 30 14:52:01 2023 Harry (Blue) [Headshot] CΘsar (Red)
Sun Jul 30 14:52:02 2023 SUPERMNK (Red) [Headshot] Ezilei (Blue)
Sun Jul 30 14:52:04 2023 Sitael (Red) [Headshot] Mikele (Blue)
Sun Jul 30 14:52:05 2023 You must be closer to the enemy's base to shoot blocks!
Sun Jul 30 14:52:10 2023 scpwarner (Blue) [Headshot] SUPERMNK (Red)
Sun Jul 30 14:52:10 2023 [Team] Mikele (Blue): na man
Sun Jul 30 14:52:11 2023  Visit our community forums at https://aloha.pk/
Sun Jul 30 14:52:15 2023 Beeboy (Blue) [Grenade] CΘsar (Red)
Sun Jul 30 14:52:18 2023 Entenbrot (Red) [SMG] Mikele (Blue)
Sun Jul 30 14:52:20 2023 Entenbrot (Red) [Headshot] PROGAMER (Blue)
Sun Jul 30 14:52:21 2023 BreadEatingOrc (Red) [Shotgun] Beeboy (Blue)
Sun Jul 30 14:52:25 2023 Harry (Blue) [Headshot] BreadEatingOrc (Red)
Sun Jul 30 14:52:26 2023 [Team] Mikele (Blue): juguemo arena no se porque no queres jugar arena
Sun Jul 30 14:52:29 2023 CΘsar (Red) [Headshot] scpwarner (Blue)
Sun Jul 30 14:52:31 2023 CΘsar (Red) [SMG] Harry (Blue)
Sun Jul 30 14:52:33 2023 Player scpwarner has left
Sun Jul 30 14:52:36 2023 SUPERMNK (Red) [Headshot] PROGAMER (Blue)
Sun Jul 30 14:52:37 2023 SUPERMNK (Red) [SMG] Ezilei (Blue)
Sun Jul 30 14:52:39 2023 CΘsar (Red) [Headshot] Beeboy (Blue)
Sun Jul 30 14:52:39 2023 Entenbrot picked up Blue's Intel.
Sun Jul 30 14:52:40 2023 [Global] PROGAMER (Blue): ok
Sun Jul 30 14:52:41 2023  Come chat with us at https://discord.aloha.pk/
Sun Jul 30 14:52:42 2023 Player PROGAMER has left
Sun Jul 30 14:52:45 2023 CΘsar (Red) [Headshot] Harry (Blue)
Sun Jul 30 14:52:46 2023 Player Mikele has left
Sun Jul 30 14:52:50 2023 Harry (Blue) [Headshot] CΘsar (Red)
Sun Jul 30 14:53:01 2023 Harry (Blue) [Rifle] SUPERMNK (Red)
Sun Jul 30 14:53:09 2023 Entenbrot captured Blue's Intel.
Sun Jul 30 14:53:11 2023  If you believe a player is breaking the rules, please let us know with /ADMIN
Sun Jul 30 14:53:18 2023 bilboswaggins (Red) [Headshot] Ezilei (Blue)
Sun Jul 30 14:53:18 2023 SUPERMNK (Red) [SMG] Harry (Blue)
Sun Jul 30 14:53:24 2023 BreadEatingOrc (Red) [Shotgun] Beeboy (Blue)
Sun Jul 30 14:53:28 2023 YOUNES..YT (Red) [Shotgun] Harry (Blue)
Sun Jul 30 14:53:30 2023 CΘsar (Red) [Fall]
Sun Jul 30 14:53:34 2023 Sitael picked up Blue's Intel.
Sun Jul 30 14:53:38 2023 Harry (Blue) [Headshot] bilboswaggins (Red)
Sun Jul 30 14:53:39 2023 Harry (Blue) [Headshot] YOUNES..YT (Red)
Sun Jul 30 14:53:41 2023  Mahalo for playing aloha.pk tower of babel
Sun Jul 30 14:53:42 2023 Player YOUNES..YT has left
Sun Jul 30 14:53:44 2023 Gabell joined Blue team
Sun Jul 30 14:53:47 2023 Entenbrot (Red) [Fall]
Sun Jul 30 14:53:56 2023 SUPERMNK (Red) [SMG] Harry (Blue)
Sun Jul 30 14:54:00 2023 Sitael captured Blue's Intel.
Sun Jul 30 14:54:00 2023  With 549 blocks placed, Entenbrot is granted the right to unleash the apocalypse.
Sun Jul 30 14:54:02 2023 f (Blue) [Headshot] Entenbrot (Red)
Sun Jul 30 14:54:07 2023 CΘsar (Red) [Fall]
Sun Jul 30 14:54:08 2023 BreadEatingOrc (Red) [Shotgun] Beeboy (Blue)
Sun Jul 30 14:54:11 2023  Build a tower to get the enemy's intel. Take it to your team's tent to win!
Sun Jul 30 14:54:14 2023 Harry (Blue) [Headshot] Entenbrot (Red)
Sun Jul 30 14:54:20 2023 Sitael (Red) [Fall]
Sun Jul 30 14:54:27 2023 BreadEatingOrc (Red) [Shotgun] Beeboy (Blue)
Sun Jul 30 14:54:29 2023 Entenbrot (Red) [SMG] Ezilei (Blue)
Sun Jul 30 14:54:29 2023 Harry (Blue) [Headshot] Sitael (Red)
Sun Jul 30 14:54:34 2023 BreadEatingOrc (Red) [Headshot] Harry (Blue)
Sun Jul 30 14:54:35 2023 CΘsar (Red) [Grenade] Gabell (Blue)
Sun Jul 30 14:54:35 2023 CΘsar (Red) [Grenade] Ezilei (Blue)
Sun Jul 30 14:54:35 2023 CΘsar (Red) [Grenade] Harry (Blue)
Sun Jul 30 14:54:41 2023  Type /HELP for info & commands
Sun Jul 30 14:54:42 2023 Beeboy (Blue) [Headshot] BreadEatingOrc (Red)
Sun Jul 30 14:54:44 2023 SUPERMNK (Red) [Headshot] Beeboy (Blue)
Sun Jul 30 14:54:55 2023 BreadEatingOrc picked up Blue's Intel.
Sun Jul 30 14:54:58 2023 CΘsar (Red) [Fall]
Sun Jul 30 14:54:58 2023 Sitael (Red) [Headshot] Beeboy (Blue)
Sun Jul 30 14:54:59 2023 You must be closer to the enemy's base to shoot blocks!
Sun Jul 30 14:54:59 2023 Sitael (Red) [Headshot] Harry (Blue)
Sun Jul 30 14:55:03 2023 CΘsar (Red) [SMG] Ezilei (Blue)
Sun Jul 30 14:55:04 2023 CΘsar (Red) [SMG] Beeboy (Blue)
Sun Jul 30 14:55:04 2023 BreadEatingOrc captured Blue's Intel.
Sun Jul 30 14:55:05 2023 Entenbrot picked up Blue's Intel.
Sun Jul 30 14:55:05 2023 Harry (Blue) [Headshot] CΘsar (Red)
Sun Jul 30 14:55:05 2023 ArdaF joined Spectator team
Sun Jul 30 14:55:08 2023 Harry (Blue) [Headshot] Sitael (Red)
Sun Jul 30 14:55:11 2023  Visit our community forums at https://aloha.pk/
Sun Jul 30 14:55:18 2023 Entenbrot captured Blue's Intel.
Sun Jul 30 14:55:25 2023 You must be closer to the enemy's base to shoot blocks!
Sun Jul 30 14:55:26 2023 CΘsar (Red) [SMG] Beeboy (Blue)
Sun Jul 30 14:55:27 2023 Harry (Blue) [Rifle] CΘsar (Red)
Sun Jul 30 14:55:31 2023 Y.O.B.A. (Red) [Headshot] f (Blue)
Sun Jul 30 14:55:34 2023 Harry (Blue) [Headshot] Sitael (Red)
Sun Jul 30 14:55:38 2023 Harry (Blue) [Rifle] SUPERMNK (Red)
Sun Jul 30 14:55:41 2023  Come chat with us at https://discord.aloha.pk/
Sun Jul 30 14:55:44 2023 Sitael picked up Blue's Intel.
Sun Jul 30 14:55:45 2023 Beeboy (Blue) [Headshot] BreadEatingOrc (Red)
Sun Jul 30 14:55:47 2023 CΘsar (Red) [Fall]
Sun Jul 30 14:55:51 2023 Harry (Blue) [Headshot] bilboswaggins (Red)
Sun Jul 30 14:55:51 2023 SUPERMNK (Red) [SMG] f (Blue)
Sun Jul 30 14:55:54 2023 Sitael captured Blue's Intel.
Sun Jul 30 14:55:57 2023 Harry (Blue) [Headshot] SUPERMNK (Red)
Sun Jul 30 14:56:00 2023 Entenbrot (Red) [Headshot] Ezilei (Blue)
Sun Jul 30 14:56:01 2023 CΘsar (Red) [Grenade]
Sun Jul 30 14:56:02 2023 Entenbrot (Red) [Headshot] f (Blue)
Sun Jul 30 14:56:03 2023 Sitael picked up Blue's Intel.
Sun Jul 30 14:56:08 2023 [Global] bilboswaggins (Red): GG
Sun Jul 30 14:56:09 2023 SUPERMNK (Red) [Fall]
Sun Jul 30 14:56:10 2023 Entenbrot (Red) [Grenade] Gabell (Blue)
Sun Jul 30 14:56:11 2023  If you believe a player is breaking the rules, please let us know with /ADMIN
Sun Jul 30 14:56:13 2023 Sitael captured Blue's Intel.
Sun Jul 30 14:56:15 2023 Entenbrot (Red) [SMG] Gabell (Blue)
Sun Jul 30 14:56:17 2023 Harry (Blue) [Headshot] BreadEatingOrc (Red)
Sun Jul 30 14:56:18 2023 Beeboy (Blue) [Melee] CΘsar (Red)
Sun Jul 30 14:56:21 2023 SUPERMNK (Red) [Headshot] Harry (Blue)
Sun Jul 30 14:56:22 2023 Sitael picked up Blue's Intel.
Sun Jul 30 14:56:22 2023 f (Blue) [Headshot] Entenbrot (Red)
Sun Jul 30 14:56:22 2023 bilboswaggins (Red) [Grenade] Ezilei (Blue)
Sun Jul 30 14:56:23 2023 bilboswaggins (Red) [Grenade] f (Blue)
Sun Jul 30 14:56:25 2023 Y.O.B.A. (Red) [Headshot] f (Blue)
Sun Jul 30 14:56:25 2023 bilboswaggins (Red) [Headshot] Ezilei (Blue)
Sun Jul 30 14:56:26 2023 Player Gabell has left
Sun Jul 30 14:56:26 2023 CΘsar (Red) [Headshot] Beeboy (Blue)
Sun Jul 30 14:56:27 2023 You must be closer to the enemy's base to shoot blocks!
Sun Jul 30 14:56:28 2023 Harry (Blue) [Headshot] Y.O.B.A. (Red)
Sun Jul 30 14:56:31 2023 Sitael captured Blue's Intel.
Sun Jul 30 14:56:31 2023 Red Wins!
Sun Jul 30 14:56:31 2023  Game finished! Next map: 1river2forts.
Sun Jul 30 14:56:33 2023 CΘsar (Red) [SMG] f (Blue)
Sun Jul 30 14:56:33 2023 CΘsar (Red) [SMG] f (Blue)
Sun Jul 30 14:56:33 2023 Sitael (Red) [Rifle] f (Blue)
Sun Jul 30 14:56:35 2023 CΘsar (Red) [Headshot] Ezilei (Blue)
Sun Jul 30 14:56:35 2023 CΘsar (Red) [SMG] Ezilei (Blue)
Sun Jul 30 14:56:35 2023 Harry (Blue) [Headshot] BreadEatingOrc (Red)
Sun Jul 30 14:56:37 2023 Entenbrot (Red) [SMG] Beeboy (Blue)
Sun Jul 30 14:56:37 2023 Sitael (Red) [Rifle] Beeboy (Blue)
Sun Jul 30 14:56:37 2023 Player BreadEatingOrc has left
Sun Jul 30 14:56:37 2023 Harry (Blue) [Headshot] Y.O.B.A. (Red)
Sun Jul 30 14:56:38 2023 Entenbrot (Red) [Headshot] Harry (Blue)
Sun Jul 30 14:56:38 2023 Sitael (Red) [Rifle] Harry (Blue)
Sun Jul 30 14:56:41 2023  Mahalo for playing aloha.pk tower of babel
Sun Jul 30 14:56:43 2023 ------ World Unloaded ------
Sun Jul 30 14:56:55 2023 ------ World Loaded ------
Sun Jul 30 14:56:55 2023 bilboswaggins joined Red team
Sun Jul 30 14:56:55 2023 Welcome to aloha.pk tower of babel
Sun Jul 30 14:56:57 2023 Map: 1river2forts by Technomancer88
Sun Jul 30 14:56:59 2023 Game mode: Tower of Babel by Yourself, modified by izzy
Sun Jul 30 14:57:00 2023 SUPERMNK joined Red team
Sun Jul 30 14:57:01 2023 ArdaF joined Blue team
Sun Jul 30 14:57:01 2023 Build a tower to get the enemy's intel. Take it to your team's tent to win!
Sun Jul 30 14:57:02 2023 Ezilei joined Blue team
Sun Jul 30 14:57:03 2023 Visit our community forums at https://aloha.pk/
Sun Jul 30 14:57:05 2023 Come chat with us at https://discord.aloha.pk/
Sun Jul 30 14:57:05 2023 Sitael joined Blue team
Sun Jul 30 14:57:11 2023  Build a tower to get the enemy's intel. Take it to your team's tent to win!
Sun Jul 30 14:57:14 2023 riddick joined Red team
Sun Jul 30 14:57:26 2023 f joined Red team
Sun Jul 30 14:57:30 2023 Pop_OS joined Blue team
Sun Jul 30 14:57:35 2023 Harry (Blue) [Headshot] riddick (Red)
Sun Jul 30 14:57:38 2023 microwave joined Red team
Sun Jul 30 14:57:41 2023  Type /HELP for info & commands
Sun Jul 30 14:57:46 2023 f (Red) [Team Change]
Sun Jul 30 14:57:47 2023 f joined Blue team
Sun Jul 30 14:57:55 2023 bilboswaggins (Red) [SMG] Harry (Blue)
Sun Jul 30 14:57:55 2023 microwave (Red) [Headshot] Ezilei (Blue)
Sun Jul 30 14:58:07 2023 f (Blue) [Headshot] microwave (Red)
Sun Jul 30 14:58:09 2023 microwave (Red) [Grenade] ArdaF (Blue)
Sun Jul 30 14:58:11 2023  Visit our community forums at https://aloha.pk/
Sun Jul 30 14:58:16 2023 riddick (Red) [Headshot] Sitael (Blue)
Sun Jul 30 14:58:26 2023 microwave (Red) [Headshot] Ezilei (Blue)
Sun Jul 30 14:58:36 2023 microwave (Red) [Headshot] Harry (Blue)
Sun Jul 30 14:58:41 2023  Come chat with us at https://discord.aloha.pk/
Sun Jul 30 14:58:43 2023 {AS}Pheonix joined Red team
Sun Jul 30 14:58:44 2023 CΘsar joined Red team
Sun Jul 30 14:58:44 2023 microwave (Red) [SMG] Sitael (Blue)
Sun Jul 30 14:58:45 2023 riddick (Red) [Rifle] ArdaF (Blue)
Sun Jul 30 14:58:55 2023 Player ArdaF has left
Sun Jul 30 14:58:57 2023 microwave (Red) [Headshot] Ezilei (Blue)
Sun Jul 30 14:58:57 2023 GrapeSoda joined Blue team
Sun Jul 30 14:58:59 2023 microwave (Red) [Headshot] Sitael (Blue)
Sun Jul 30 14:59:00 2023 CΘsar (Red) [Headshot] Pop_OS (Blue)
Sun Jul 30 14:59:04 2023 riddick (Red) [Rifle] f (Blue)
Sun Jul 30 14:59:04 2023 microwave (Red) [Headshot] Sitael (Blue)
Sun Jul 30 14:59:06 2023 microwave (Red) [SMG] Ezilei (Blue)
Sun Jul 30 14:59:11 2023  If you believe a player is breaking the rules, please let us know with /ADMIN
Sun Jul 30 14:59:13 2023 {AS}Pheonix (Red) [Headshot] Harry (Blue)
Sun Jul 30 14:59:14 2023 microwave (Red) [SMG] GrapeSoda (Blue)
Sun Jul 30 14:59:15 2023 CΘsar (Red) [Grenade]
Sun Jul 30 14:59:17 2023 microwave (Red) [Headshot] Sitael (Blue)
Sun Jul 30 14:59:20 2023 blaine joined Red team
Sun Jul 30 14:59:25 2023 microwave (Red) [Headshot] Ezilei (Blue)
Sun Jul 30 14:59:25 2023 riddick (Red) [Headshot] Pop_OS (Blue)
Sun Jul 30 14:59:29 2023 Harry (Blue) [Headshot] {AS}Pheonix (Red)
Sun Jul 30 14:59:30 2023 microwave (Red) [SMG] Sitael (Blue)
Sun Jul 30 14:59:32 2023 Harry (Blue) [Headshot] microwave (Red)
Sun Jul 30 14:59:41 2023  Mahalo for playing aloha.pk tower of babel
Sun Jul 30 14:59:49 2023 Ezilei (Blue) [Headshot] SUPERMNK (Red)
Sun Jul 30 14:59:53 2023 You can't destroy your team's blocks in this area. Attack the enemy's tower!
Sun Jul 30 14:59:53 2023 You can't destroy your team's blocks in this area. Attack the enemy's tower!
Sun Jul 30 14:59:53 2023 You can't destroy your team's blocks in this area. Attack the enemy's tower!
Sun Jul 30 14:59:54 2023 microwave (Red) [Headshot] Ezilei (Blue)
Sun Jul 30 14:59:54 2023 You can't destroy your team's blocks in this area. Attack the enemy's tower!
Sun Jul 30 14:59:54 2023 You can't destroy your team's blocks in this area. Attack the enemy's tower!
Sun Jul 30 14:59:54 2023 You can't destroy your team's blocks in this area. Attack the enemy's tower!
Sun Jul 30 14:59:55 2023 You can't destroy your team's blocks in this area. Attack the enemy's tower!
Sun Jul 30 14:59:55 2023 CΘsar (Red) [Headshot] f (Blue)
Sun Jul 30 14:59:56 2023 microwave (Red) [Headshot] Sitael (Blue)
Sun Jul 30 14:59:58 2023 microwave (Red) [Headshot] GrapeSoda (Blue)
Sun Jul 30 15:00:01 2023 riddick (Red) [Headshot] f (Blue)
Sun Jul 30 15:00:04 2023 riddick (Red) [Headshot] GrapeSoda (Blue)
Sun Jul 30 15:00:04 2023 Test joined Red team
Sun Jul 30 15:00:06 2023 Jamal joined Blue team
Sun Jul 30 15:00:07 2023 Harry (Blue) [Headshot] blaine (Red)
Sun Jul 30 15:00:11 2023  Build a tower to get the enemy's intel. Take it to your team's tent to win!
Sun Jul 30 15:00:15 2023 {AS}Pheonix (Red) [Headshot] Harry (Blue)
Sun Jul 30 15:00:15 2023 Sitael (Blue) [Headshot] {AS}Pheonix (Red)
Sun Jul 30 15:00:16 2023 Tygrain joined Blue team
Sun Jul 30 15:00:18 2023 microwave (Red) [Headshot] Sitael (Blue)
Sun Jul 30 15:00:21 2023 microwave (Red) [Headshot] Jamal (Blue)
Sun Jul 30 15:00:25 2023 riddick (Red) [Headshot] Jamal (Blue)
Sun Jul 30 15:00:25 2023 Yuriy joined Blue team
Sun Jul 30 15:00:26 2023 microwave (Red) [Headshot] Tygrain (Blue)
Sun Jul 30 15:00:30 2023 microwave (Red) [Headshot] Ezilei (Blue)
Sun Jul 30 15:00:31 2023 You must be closer to the enemy's base to shoot blocks!
Sun Jul 30 15:00:34 2023 Player {AS}Pheonix has left
Sun Jul 30 15:00:37 2023 microwave (Red) [Headshot] Harry (Blue)
Sun Jul 30 15:00:37 2023 microwave (Red) [SMG] GrapeSoda (Blue)
Sun Jul 30 15:00:39 2023 microwave (Red) [Headshot] Yuriy (Blue)
Sun Jul 30 15:00:40 2023 Sitael (Blue) [Rifle] microwave (Red)
Sun Jul 30 15:00:41 2023  Type /HELP for info & commands
Sun Jul 30 15:00:54 2023 Sitael (Blue) [Headshot] blaine (Red)
Sun Jul 30 15:00:54 2023 bilboswaggins (Red) [SMG] Sitael (Blue)
Sun Jul 30 15:00:55 2023 bilboswaggins (Red) [SMG] Jamal (Blue)
Sun Jul 30 15:01:00 2023 microwave (Red) [Headshot] Ezilei (Blue)
Sun Jul 30 15:01:01 2023 microwave (Red) [Headshot] Harry (Blue)
Sun Jul 30 15:01:06 2023 microwave (Red) [SMG] GrapeSoda (Blue)
Sun Jul 30 15:01:09 2023 Jamal (Blue) [Headshot] microwave (Red)
Sun Jul 30 15:01:11 2023  Visit our community forums at https://aloha.pk/
Sun Jul 30 15:01:20 2023 GrapeSoda (Blue) [Weapon Change]
Sun Jul 30 15:01:20 2023 Tygrain (Blue) [SMG] microwave (Red)
Sun Jul 30 15:01:22 2023 Yuriy (Blue) [Rifle] blaine (Red)
Sun Jul 30 15:01:24 2023 Test (Red) [Headshot] GrapeSoda (Blue)
Sun Jul 30 15:01:26 2023 CΘsar (Red) [Headshot] Sitael (Blue)
Sun Jul 30 15:01:29 2023 microwave (Red) [Headshot] Tygrain (Blue)
Sun Jul 30 15:01:34 2023 microwave (Red) [Headshot] Yuriy (Blue)
Sun Jul 30 15:01:35 2023 Sonuc joined Red team
Sun Jul 30 15:01:36 2023 microwave (Red) [SMG] Jamal (Blue)
Sun Jul 30 15:01:38 2023 riddick (Red) [Headshot] GrapeSoda (Blue)
Sun Jul 30 15:01:39 2023 Sitael (Blue) [Headshot] Test (Red)
Sun Jul 30 15:01:41 2023  Come chat with us at https://discord.aloha.pk/
Sun Jul 30 15:01:44 2023 Tygrain (Blue) [Headshot] riddick (Red)
Sun Jul 30 15:01:55 2023 microwave (Red) [SMG] Harry (Blue)
Sun Jul 30 15:01:57 2023 blaine (Red) [SMG] Yuriy (Blue)
Sun Jul 30 15:01:58 2023 microwave (Red) [SMG] f (Blue)
Sun Jul 30 15:02:06 2023 Jamal (Blue) [Headshot] blaine (Red)
Sun Jul 30 15:02:08 2023 CΘsar (Red) [Headshot] Yuriy (Blue)
Sun Jul 30 15:02:11 2023  If you believe a player is breaking the rules, please let us know with /ADMIN
Sun Jul 30 15:02:21 2023 Jamal (Blue) [Headshot] blaine (Red)
Sun Jul 30 15:02:25 2023 SUPERMNK (Red) [Headshot] f (Blue)
Sun Jul 30 15:02:30 2023 bilboswaggins (Red) [SMG] Jamal (Blue)
Sun Jul 30 15:02:31 2023 Yuriy (Blue) [Headshot] Test (Red)
Sun Jul 30 15:02:34 2023 microwave (Red) [Headshot] Tygrain (Blue)
Sun Jul 30 15:02:36 2023 microwave (Red) [Headshot] Harry (Blue)
Sun Jul 30 15:02:40 2023 microwave (Red) [Headshot] Yuriy (Blue)
Sun Jul 30 15:02:41 2023  Mahalo for playing aloha.pk tower of babel
Sun Jul 30 15:02:44 2023 blaine (Red) [Headshot] Ezilei (Blue)
Sun Jul 30 15:02:47 2023 riddick (Red) [Headshot] Sitael (Blue)
Sun Jul 30 15:02:47 2023 Tygrain (Blue) [Headshot] riddick (Red)
Sun Jul 30 15:02:53 2023 microwave (Red) [SMG] f (Blue)
Sun Jul 30 15:02:58 2023 microwave (Red) [Headshot] Yuriy (Blue)
Sun Jul 30 15:03:01 2023 Ezilei (Blue) [Headshot] SUPERMNK (Red)
Sun Jul 30 15:03:01 2023 Harry (Blue) [Rifle] microwave (Red)
Sun Jul 30 15:03:02 2023 Sonuc (Red) [Headshot] Ezilei (Blue)
Sun Jul 30 15:03:07 2023 Jamal (Blue) [SMG] Sonuc (Red)
Sun Jul 30 15:03:11 2023  Build a tower to get the enemy's intel. Take it to your team's tent to win!
Sun Jul 30 15:03:22 2023 CΘsar (Red) [Headshot] Sitael (Blue)
Sun Jul 30 15:03:25 2023 CΘsar (Red) [Headshot] GrapeSoda (Blue)
Sun Jul 30 15:03:25 2023 microwave (Red) [Headshot] Jamal (Blue)
Sun Jul 30 15:03:35 2023 Sitael (Blue) [Melee] CΘsar (Red)
Sun Jul 30 15:03:37 2023 Harry (Blue) [Headshot] microwave (Red)
Sun Jul 30 15:03:37 2023 Pop_OS (Blue) [Team Change]
Sun Jul 30 15:03:37 2023 [Team] Sitael (Blue): team bad
Sun Jul 30 15:03:42 2023  Type /HELP for info & commands
Sun Jul 30 15:03:45 2023 microwave (Red) [Headshot] f (Blue)
Sun Jul 30 15:03:51 2023 Jamal (Blue) [Headshot] Sonuc (Red)
Sun Jul 30 15:03:51 2023 microwave (Red) [Headshot] Jamal (Blue)
Sun Jul 30 15:03:51 2023 Pop_OS joined Spectator team
Sun Jul 30 15:04:17 2023 Disconnecting
