Thu Jun 22 18:30:30 2023 ------ World Loaded ------
Thu Jun 22 18:30:30 2023 Quark (Red) [SMG] Jiggle-o (Blue)
Thu Jun 22 18:30:30 2023 Welcome to aloha.pk tower of babel
Thu Jun 22 18:30:31 2023 Map: pinpoint2 by TheGrandmaster
Thu Jun 22 18:30:33 2023 Jamal (Blue) [Grenade] Niko (Red)
Thu Jun 22 18:30:33 2023 Jamal (Blue) [Headshot] petar (Red)
Thu Jun 22 18:30:33 2023 Game mode: Tower of Babel by Yourself, modified by izzy
Thu Jun 22 18:30:35 2023 Build a tower to get the enemy's intel. Take it to your team's tent to win!
Thu Jun 22 18:30:35 2023 Surprise (Blue) [SMG] Quark (Red)
Thu Jun 22 18:30:37 2023 Goldorak (Red) [SMG] cuntgumper (Blue)
Thu Jun 22 18:30:37 2023 Visit our community forums at https://aloha.pk/
Thu Jun 22 18:30:38 2023 cratchet9868 (Blue) [Headshot] Goldorak (Red)
Thu Jun 22 18:30:39 2023 Come chat with us at https://discord.aloha.pk/
Thu Jun 22 18:30:40 2023 Lupus joined Blue team
Thu Jun 22 18:30:41 2023 Surprise (Blue) [Headshot] Kemal Kilicdar (Red)
Thu Jun 22 18:30:44 2023  Build a tower to get the enemy's intel. Take it to your team's tent to win!
Thu Jun 22 18:30:44 2023 !TITAN - ADAR48 (Blue) [Headshot] petar (Red)
Thu Jun 22 18:30:47 2023 Jamal (Blue) [Fall]
Thu Jun 22 18:30:49 2023 supervisordepaz joined Blue team
Thu Jun 22 18:30:53 2023 !TITAN - ADAR48 (Blue) [Grenade] Quark (Red)
Thu Jun 22 18:30:57 2023 !TITAN - ADAR48 (Blue) [Rifle] petar (Red)
Thu Jun 22 18:30:58 2023 supervisordepaz (Blue) [Weapon Change]
Thu Jun 22 18:30:59 2023 Harry (Red) [Headshot] cratchet9868 (Blue)
Thu Jun 22 18:31:02 2023 !TITAN - ADAR48 (Blue) [Headshot] Goldorak (Red)
Thu Jun 22 18:31:03 2023 !TITAN - ADAR48 (Blue) [Headshot] petar (Red)
Thu Jun 22 18:31:04 2023 !TITAN - ADAR48 (Blue) [Headshot] Quark (Red)
Thu Jun 22 18:31:05 2023 XxGhostALONExX (Red) [Headshot] Lupus (Blue)
Thu Jun 22 18:31:06 2023 Killua (Red) [Headshot] cuntgumper (Blue)
Thu Jun 22 18:31:06 2023 Player Lupus has left
Thu Jun 22 18:31:13 2023 Jiggle-o (Blue) [Rifle] Killua (Red)
Thu Jun 22 18:31:14 2023  Type /HELP for info & commands
Thu Jun 22 18:31:17 2023 Surprise (Blue) [Headshot] XxGhostALONExX (Red)
Thu Jun 22 18:31:25 2023 Surprise (Blue) [Headshot] Harry (Red)
Thu Jun 22 18:31:25 2023 supervisordepaz (Blue) [Fall]
Thu Jun 22 18:31:28 2023 !TITAN - ADAR48 (Blue) [Headshot] Harry (Red)
Thu Jun 22 18:31:31 2023 !TITAN - ADAR48 (Blue) [Headshot] Killua (Red)
Thu Jun 22 18:31:33 2023 a bullet joined Red team
Thu Jun 22 18:31:39 2023 Jamal (Blue) [Grenade] Goldorak (Red)
Thu Jun 22 18:31:39 2023 Quark (Red) [Headshot] Jamal (Blue)
Thu Jun 22 18:31:39 2023 Surprise (Blue) [Headshot] Quark (Red)
Thu Jun 22 18:31:44 2023  Visit our community forums at https://aloha.pk/
Thu Jun 22 18:31:46 2023 Harry (Red) [Headshot] !TITAN - ADAR48 (Blue)
Thu Jun 22 18:31:46 2023 renngoku joined Blue team
Thu Jun 22 18:31:49 2023 cuntgumper (Blue) [Headshot] XxGhostALONExX (Red)
Thu Jun 22 18:31:50 2023 !TITAN - ADAR48 (Blue) [Weapon Change]
Thu Jun 22 18:31:50 2023 Niko (Red) [SMG] Surprise (Blue)
Thu Jun 22 18:31:53 2023 Player XxGhostALONExX has left
Thu Jun 22 18:31:55 2023 petar (Red) [Team Change]
Thu Jun 22 18:32:01 2023 petar joined Blue team
Thu Jun 22 18:32:02 2023 cratchet9868 (Blue) [Headshot] Quark (Red)
Thu Jun 22 18:32:03 2023 [Team] a bullet (Red): BUILD BUILD BUILD
Thu Jun 22 18:32:08 2023 supervisordepaz (Blue) [Headshot] Killua (Red)
Thu Jun 22 18:32:09 2023 petar (Blue) [Team Change]
Thu Jun 22 18:32:13 2023 petar joined Red team
Thu Jun 22 18:32:14 2023 cratchet9868 (Blue) [Headshot] Goldorak (Red)
Thu Jun 22 18:32:14 2023  Come chat with us at https://discord.aloha.pk/
Thu Jun 22 18:32:18 2023 Killua (Red) [Headshot] cratchet9868 (Blue)
Thu Jun 22 18:32:23 2023 Surprise (Blue) [SMG] a bullet (Red)
Thu Jun 22 18:32:25 2023 [Team] Quark (Red): come on team, either build or shoot
Thu Jun 22 18:32:25 2023 Surprise (Blue) [Headshot] Harry (Red)
Thu Jun 22 18:32:38 2023 a bullet (Red) [SMG] renngoku (Blue)
Thu Jun 22 18:32:40 2023 supervisordepaz (Blue) [Headshot] Niko (Red)
Thu Jun 22 18:32:41 2023 Harry (Red) [Headshot] cuntgumper (Blue)
Thu Jun 22 18:32:41 2023 renngoku (Blue) [Grenade] Goldorak (Red)
Thu Jun 22 18:32:44 2023  If you believe a player is breaking the rules, please let us know with /ADMIN
Thu Jun 22 18:32:45 2023 Surprise (Blue) [Headshot] a bullet (Red)
Thu Jun 22 18:32:45 2023 supervisordepaz (Blue) [Headshot] Kemal Kilicdar (Red)
Thu Jun 22 18:32:51 2023 Quark (Red) [SMG] supervisordepaz (Blue)
Thu Jun 22 18:32:51 2023 XxGhostALONExX joined Red team
Thu Jun 22 18:32:52 2023 !TITAN - ADAR48 (Blue) [Headshot] petar (Red)
Thu Jun 22 18:32:59 2023 [Team] a bullet (Red): HELP TO BUILD
Thu Jun 22 18:32:59 2023 Quark (Red) [Headshot] mrw (Blue)
Thu Jun 22 18:33:02 2023 cratchet9868 (Blue) [Rifle] Quark (Red)
Thu Jun 22 18:33:02 2023 Surprise (Blue) [Grenade] Killua (Red)
Thu Jun 22 18:33:03 2023 !TITAN - ADAR48 (Blue) [SMG] Harry (Red)
Thu Jun 22 18:33:06 2023 Kemal Kilicdar (Red) [Headshot] !TITAN - ADAR48 (Blue)
Thu Jun 22 18:33:14 2023  Mahalo for playing aloha.pk tower of babel
Thu Jun 22 18:33:18 2023 Niko (Red) [SMG] cratchet9868 (Blue)
Thu Jun 22 18:33:18 2023 cratchet9868 (Blue) [Grenade] Kemal Kilicdar (Red)
Thu Jun 22 18:33:18 2023 cratchet9868 (Blue) [Grenade] XxGhostALONExX (Red)
Thu Jun 22 18:33:18 2023 Surprise (Blue) [SMG] Niko (Red)
Thu Jun 22 18:33:30 2023 petar (Red) [Grenade] Surprise (Blue)
Thu Jun 22 18:33:30 2023 petar (Red) [Grenade] cuntgumper (Blue)
Thu Jun 22 18:33:35 2023 petar (Red) [Fall]
Thu Jun 22 18:33:36 2023 renngoku picked up Red's Intel.
Thu Jun 22 18:33:36 2023 Harry (Red) [Headshot] Jamal (Blue)
Thu Jun 22 18:33:41 2023 Harry (Red) [Headshot] !TITAN - ADAR48 (Blue)
Thu Jun 22 18:33:44 2023  Build a tower to get the enemy's intel. Take it to your team's tent to win!
Thu Jun 22 18:33:44 2023 [Global] !TITAN - ADAR48 (Blue): hp?
Thu Jun 22 18:33:46 2023 Quark (Red) [Headshot] cratchet9868 (Blue)
Thu Jun 22 18:33:51 2023 mrw (Blue) [Headshot] Quark (Red)
Thu Jun 22 18:33:51 2023 [Global] Harry (Red): 7
Thu Jun 22 18:33:56 2023 Surprise (Blue) [Headshot] Goldorak (Red)
Thu Jun 22 18:34:03 2023 cuntgumper (Blue) [SMG] Niko (Red)
Thu Jun 22 18:34:04 2023 renngoku captured Red's Intel.
Thu Jun 22 18:34:05 2023 cuntgumper (Blue) [SMG] Harry (Red)
Thu Jun 22 18:34:09 2023 petar (Red) [SMG] cuntgumper (Blue)
Thu Jun 22 18:34:10 2023 petar (Red) [Headshot] supervisordepaz (Blue)
Thu Jun 22 18:34:14 2023  Type /HELP for info & commands
Thu Jun 22 18:34:16 2023 Surprise (Blue) [Headshot] Quark (Red)
Thu Jun 22 18:34:19 2023 !TITAN - ADAR48 (Blue) [Grenade] Kemal Kilicdar (Red)
Thu Jun 22 18:34:20 2023 Surprise (Blue) [Headshot] petar (Red)
Thu Jun 22 18:34:22 2023 cratchet9868 (Blue) [Headshot] XxGhostALONExX (Red)
Thu Jun 22 18:34:30 2023 !TITAN - ADAR48 (Blue) [Headshot] Niko (Red)
Thu Jun 22 18:34:31 2023 !TITAN - ADAR48 (Blue) [SMG] Kemal Kilicdar (Red)
Thu Jun 22 18:34:32 2023 Surprise (Blue) [Headshot] Harry (Red)
Thu Jun 22 18:34:37 2023 mrw (Blue) [Headshot] Goldorak (Red)
Thu Jun 22 18:34:40 2023 !TITAN - ADAR48 (Blue) [Headshot] Quark (Red)
Thu Jun 22 18:34:40 2023 !TITAN - ADAR48 (Blue) [Headshot] XxGhostALONExX (Red)
Thu Jun 22 18:34:42 2023 Surprise (Blue) [SMG] petar (Red)
Thu Jun 22 18:34:43 2023 a bullet (Red) [Grenade] cuntgumper (Blue)
Thu Jun 22 18:34:43 2023 Jamal (Blue) [Headshot] Killua (Red)
Thu Jun 22 18:34:44 2023  Visit our community forums at https://aloha.pk/
Thu Jun 22 18:34:47 2023 Surprise (Blue) [Headshot] Harry (Red)
Thu Jun 22 18:34:47 2023 a bullet (Red) [Fall]
Thu Jun 22 18:34:49 2023 [Global] Jamal (Blue): YEAH!
Thu Jun 22 18:34:52 2023 Player a bullet has left
Thu Jun 22 18:34:52 2023 mrw (Blue) [SMG] Kemal Kilicdar (Red)
Thu Jun 22 18:34:55 2023 Niko (Red) [SMG] renngoku (Blue)
Thu Jun 22 18:34:55 2023 petar (Red) [Headshot] !TITAN - ADAR48 (Blue)
Thu Jun 22 18:34:57 2023 Quark (Red) [Headshot] Jamal (Blue)
Thu Jun 22 18:35:05 2023 Harry (Red) [Headshot] Surprise (Blue)
Thu Jun 22 18:35:08 2023 Player supervisordepaz has left
Thu Jun 22 18:35:14 2023  Come chat with us at https://discord.aloha.pk/
Thu Jun 22 18:35:14 2023 Harry (Red) [Headshot] cuntgumper (Blue)
Thu Jun 22 18:35:15 2023 Goldorak (Red) [Fall]
Thu Jun 22 18:35:17 2023 Killua (Red) [Headshot] mrw (Blue)
Thu Jun 22 18:35:19 2023  Goldorak changed next map to tradeoff
Thu Jun 22 18:35:24 2023 Surprise (Blue) [Headshot] Harry (Red)
Thu Jun 22 18:35:29 2023 renngoku picked up Red's Intel.
Thu Jun 22 18:35:30 2023 Killua (Red) [Headshot] Surprise (Blue)
Thu Jun 22 18:35:30 2023  Goldorak changed next map to mazemountain
Thu Jun 22 18:35:36 2023 mrw (Blue) [Headshot] Killua (Red)
Thu Jun 22 18:35:39 2023 [Global] XxGhostALONExX (Red): a
Thu Jun 22 18:35:39 2023 Pepe joined Red team
Thu Jun 22 18:35:44 2023  If you believe a player is breaking the rules, please let us know with /ADMIN
Thu Jun 22 18:35:50 2023 Quark (Red) [Headshot] cuntgumper (Blue)
Thu Jun 22 18:35:53 2023 Surprise (Blue) [Headshot] Harry (Red)
Thu Jun 22 18:35:56 2023 petar (Red) [Headshot] Surprise (Blue)
Thu Jun 22 18:36:00 2023 MetalPizzaBox joined Blue team
Thu Jun 22 18:36:00 2023 !TITAN - ADAR48 (Blue) [Fall]
Thu Jun 22 18:36:02 2023 renngoku captured Red's Intel.
Thu Jun 22 18:36:02 2023 [Global] !TITAN - ADAR48 (Blue): DUDE
Thu Jun 22 18:36:04 2023 Jamal (Blue) [Headshot] Goldorak (Red)
Thu Jun 22 18:36:05 2023 Harry (Red) [Headshot] Jamal (Blue)
Thu Jun 22 18:36:09 2023 mrw picked up Red's Intel.
Thu Jun 22 18:36:12 2023 Player sexo has left
Thu Jun 22 18:36:13 2023 [Global] Jamal (Blue): Bruh
Thu Jun 22 18:36:14 2023  Mahalo for playing aloha.pk tower of babel
Thu Jun 22 18:36:18 2023 mrw (Blue) [SMG] Quark (Red)
Thu Jun 22 18:36:19 2023 You must be closer to the enemy's base to shoot blocks!
Thu Jun 22 18:36:20 2023 Pepe (Red) [Rifle] MetalPizzaBox (Blue)
Thu Jun 22 18:36:21 2023 cratchet9868 (Blue) [Headshot] Goldorak (Red)
Thu Jun 22 18:36:23 2023 Jamal (Blue) [Headshot] Killua (Red)
Thu Jun 22 18:36:27 2023 [Team] Goldorak (Red): 2 right side
Thu Jun 22 18:36:27 2023 Quark (Red) [Headshot] Jiggle-o (Blue)
Thu Jun 22 18:36:28 2023 Surprise (Blue) [Grenade] XxGhostALONExX (Red)
Thu Jun 22 18:36:31 2023 Jamal (Blue) [Headshot] Pepe (Red)
Thu Jun 22 18:36:31 2023 cratchet9868 (Blue) [Headshot] Quark (Red)
Thu Jun 22 18:36:33 2023 Goldorak (Red) [Headshot] cratchet9868 (Blue)
Thu Jun 22 18:36:35 2023 Surprise (Blue) [Headshot] Niko (Red)
Thu Jun 22 18:36:41 2023 petar (Red) [Headshot] Jamal (Blue)
Thu Jun 22 18:36:41 2023 You must be closer to the enemy's base to shoot blocks!
Thu Jun 22 18:36:42 2023 cratchet9868 (Blue) [Weapon Change]
Thu Jun 22 18:36:44 2023  Build a tower to get the enemy's intel. Take it to your team's tent to win!
Thu Jun 22 18:36:45 2023 mrw captured Red's Intel.
Thu Jun 22 18:36:47 2023 !TITAN - ADAR48 (Blue) [Fall]
Thu Jun 22 18:36:47 2023 Surprise (Blue) [Headshot] Harry (Red)
Thu Jun 22 18:36:48 2023 renngoku (Blue) [Grenade]
Thu Jun 22 18:36:49 2023 [Global] !TITAN - ADAR48 (Blue): DUDE
Thu Jun 22 18:36:53 2023 Surprise (Blue) [Headshot] Goldorak (Red)
Thu Jun 22 18:36:56 2023 [Global] Jamal (Blue): bruh!
Thu Jun 22 18:36:58 2023 [Global] !TITAN - ADAR48 (Blue): who is the stupid griefing?
Thu Jun 22 18:36:59 2023 [Global] mrw (Blue): bro
Thu Jun 22 18:37:00 2023 MetalPizzaBox picked up Red's Intel.
Thu Jun 22 18:37:03 2023 You must be closer to the enemy's base to shoot blocks!
Thu Jun 22 18:37:04 2023 You must be closer to the enemy's base to shoot blocks!
Thu Jun 22 18:37:05 2023 [Global] Jamal (Blue): Ayo Brah!
Thu Jun 22 18:37:05 2023 You must be closer to the enemy's base to shoot blocks!
Thu Jun 22 18:37:07 2023 You must be closer to the enemy's base to shoot blocks!
Thu Jun 22 18:37:08 2023 [Global] Jamal (Blue): BRAH!
Thu Jun 22 18:37:08 2023 [Global] mrw (Blue): the one trying to score the intel
Thu Jun 22 18:37:09 2023 cratchet9868 (Blue) [Headshot] XxGhostALONExX (Red)
Thu Jun 22 18:37:12 2023 petar (Red) [Headshot] cratchet9868 (Blue)
Thu Jun 22 18:37:12 2023 Surprise (Blue) [Headshot] Pepe (Red)
Thu Jun 22 18:37:14 2023  Type /HELP for info & commands
Thu Jun 22 18:37:16 2023 Niko (Red) [Grenade] Jiggle-o (Blue)
Thu Jun 22 18:37:18 2023 [Global] !TITAN - ADAR48 (Blue): i will connect it to the top
Thu Jun 22 18:37:23 2023 [Global] !TITAN - ADAR48 (Blue): so you walk straight
Thu Jun 22 18:37:23 2023 petar (Red) [Headshot] Surprise (Blue)
Thu Jun 22 18:37:25 2023 cratchet9868 (Blue) [Headshot] petar (Red)
Thu Jun 22 18:37:28 2023 Harry (Red) [Headshot] cratchet9868 (Blue)
Thu Jun 22 18:37:29 2023 renngoku (Blue) [SMG] Quark (Red)
Thu Jun 22 18:37:30 2023 [Global] !TITAN - ADAR48 (Blue): instead go up and down
Thu Jun 22 18:37:31 2023 [Global] XxGhostALONExX (Red): gi gigigi+
Thu Jun 22 18:37:34 2023 [Global] XxGhostALONExX (Red): go g o go
Thu Jun 22 18:37:35 2023 mrw (Blue) [Grenade] Goldorak (Red)
Thu Jun 22 18:37:36 2023 [Global] MetalPizzaBox (Blue): MAYBE MAKE ACTUAL STAIRS INSTEAD OF A POLE
Thu Jun 22 18:37:37 2023 Surprise (Blue) [Headshot] Harry (Red)
Thu Jun 22 18:37:43 2023 mrw (Blue) [Headshot] XxGhostALONExX (Red)
Thu Jun 22 18:37:44 2023  Visit our community forums at https://aloha.pk/
Thu Jun 22 18:37:54 2023 Pepe (Red) [Rifle] Jiggle-o (Blue)
Thu Jun 22 18:37:58 2023 Killua (Red) [SMG] renngoku (Blue)
Thu Jun 22 18:38:01 2023 Surprise (Blue) [Headshot] Harry (Red)
Thu Jun 22 18:38:02 2023 [Global] MetalPizzaBox (Blue): what the fuck are you doing with tower dumbass
Thu Jun 22 18:38:05 2023 Pepe (Red) [Headshot] cratchet9868 (Blue)
Thu Jun 22 18:38:06 2023 Surprise (Blue) [Headshot] Quark (Red)
Thu Jun 22 18:38:12 2023 MetalPizzaBox captured Red's Intel.
Thu Jun 22 18:38:12 2023  With 1713 blocks placed, Jamal is granted the right to unleash the apocalypse.
Thu Jun 22 18:38:14 2023  Come chat with us at https://discord.aloha.pk/
Thu Jun 22 18:38:14 2023 !TITAN - ADAR48 (Blue) [Fall]
Thu Jun 22 18:38:14 2023 [Global] !TITAN - ADAR48 (Blue): dude!
Thu Jun 22 18:38:15 2023 Jamal (Blue) [Headshot] petar (Red)
Thu Jun 22 18:38:24 2023 [Global] Jamal (Blue): Bruh!
Thu Jun 22 18:38:27 2023 mrw (Blue) [Grenade] Niko (Red)
Thu Jun 22 18:38:29 2023 [Global] Jamal (Blue): Ayo Brah!
Thu Jun 22 18:38:30 2023 cratchet9868 (Blue) [SMG] Pepe (Red)
Thu Jun 22 18:38:32 2023 [Global] Jamal (Blue): BRAH!!!!
Thu Jun 22 18:38:42 2023 [Global] MetalPizzaBox (Blue): shut the fuck up jamal
Thu Jun 22 18:38:42 2023 mrw (Blue) [Headshot] XxGhostALONExX (Red)
Thu Jun 22 18:38:42 2023 Harry (Red) [Headshot] Jiggle-o (Blue)
Thu Jun 22 18:38:43 2023 Killua (Red) [Headshot] Jamal (Blue)
Thu Jun 22 18:38:44 2023  If you believe a player is breaking the rules, please let us know with /ADMIN
Thu Jun 22 18:38:45 2023 Surprise (Blue) [Headshot] Harry (Red)
Thu Jun 22 18:38:47 2023 Surprise (Blue) [Fall]
Thu Jun 22 18:38:52 2023 renngoku picked up Red's Intel.
Thu Jun 22 18:38:55 2023 Pepe (Red) [Rifle] cratchet9868 (Blue)
Thu Jun 22 18:39:00 2023 mrw (Blue) [Headshot] Goldorak (Red)
Thu Jun 22 18:39:05 2023 MetalPizzaBox (Blue) [Headshot] Killua (Red)
Thu Jun 22 18:39:06 2023 You must be closer to the enemy's base to grenade blocks!
Thu Jun 22 18:39:08 2023 MetalPizzaBox (Blue) [Headshot] petar (Red)
Thu Jun 22 18:39:08 2023 You must be closer to the enemy's base to shoot blocks!
Thu Jun 22 18:39:11 2023 Surprise (Blue) [Headshot] Niko (Red)
Thu Jun 22 18:39:12 2023 Surprise (Blue) [Headshot] Pepe (Red)
Thu Jun 22 18:39:14 2023 Surprise (Blue) [Headshot] Kemal Kilicdar (Red)
Thu Jun 22 18:39:14 2023  Mahalo for playing aloha.pk tower of babel
Thu Jun 22 18:39:14 2023 You must be closer to the enemy's base to shoot blocks!
Thu Jun 22 18:39:17 2023 renngoku captured Red's Intel.
Thu Jun 22 18:39:17 2023 mrw (Blue) [Headshot] Harry (Red)
Thu Jun 22 18:39:25 2023 mrw (Blue) [SMG] Quark (Red)
Thu Jun 22 18:39:25 2023 MetalPizzaBox picked up Red's Intel.
Thu Jun 22 18:39:28 2023 Surprise (Blue) [Grenade] XxGhostALONExX (Red)
Thu Jun 22 18:39:34 2023 Surprise (Blue) [Headshot] Goldorak (Red)
Thu Jun 22 18:39:34 2023 [Global] XxGhostALONExX (Red): f
Thu Jun 22 18:39:35 2023 [Global] XxGhostALONExX (Red): gg
Thu Jun 22 18:39:38 2023 Killua (Red) [Headshot] mrw (Blue)
Thu Jun 22 18:39:39 2023 Surprise (Blue) [Headshot] Killua (Red)
Thu Jun 22 18:39:40 2023 Surprise (Blue) [Headshot] Pepe (Red)
Thu Jun 22 18:39:44 2023  Build a tower to get the enemy's intel. Take it to your team's tent to win!
Thu Jun 22 18:39:45 2023 cratchet9868 (Blue) [Headshot] Harry (Red)
Thu Jun 22 18:39:51 2023 Surprise (Blue) [Rifle] Quark (Red)
Thu Jun 22 18:39:53 2023 Harry (Red) [Headshot] renngoku (Blue)
Thu Jun 22 18:39:54 2023 MetalPizzaBox captured Red's Intel.
Thu Jun 22 18:39:58 2023 [Global] Goldorak (Red): end the game before all red olayers leave
Thu Jun 22 18:39:59 2023 Jiggle-o (Blue) [Headshot] petar (Red)
Thu Jun 22 18:40:02 2023 Surprise (Blue) [Headshot] Harry (Red)
Thu Jun 22 18:40:13 2023 cratchet9868 (Blue) [Headshot] Kemal Kilicdar (Red)
Thu Jun 22 18:40:14 2023  Type /HELP for info & commands
Thu Jun 22 18:40:15 2023 Pepe (Red) [Headshot] Jiggle-o (Blue)
Thu Jun 22 18:40:18 2023 Harry (Red) [Headshot] cratchet9868 (Blue)
Thu Jun 22 18:40:20 2023 Surprise (Blue) [Headshot] XxGhostALONExX (Red)
Thu Jun 22 18:40:21 2023 !TITAN - ADAR48 (Blue) [Fall]
Thu Jun 22 18:40:22 2023 [Global] Quark (Red): they already left,,mentally
Thu Jun 22 18:40:23 2023 Goldorak (Red) [SMG] Jamal (Blue)
Thu Jun 22 18:40:23 2023 cuntgumper (Blue) [Headshot] Goldorak (Red)
Thu Jun 22 18:40:26 2023 [Global] !TITAN - ADAR48 (Blue): xD
Thu Jun 22 18:40:31 2023 mrw (Blue) [Headshot] Pepe (Red)
Thu Jun 22 18:40:31 2023 renngoku picked up Red's Intel.
Thu Jun 22 18:40:39 2023 [Global] !TITAN - ADAR48 (Blue): go to the bridge rengoku
Thu Jun 22 18:40:40 2023 Quark (Red) [Headshot] cratchet9868 (Blue)
Thu Jun 22 18:40:41 2023 Harry (Red) [Rifle] cuntgumper (Blue)
Thu Jun 22 18:40:44 2023  Visit our community forums at https://aloha.pk/
Thu Jun 22 18:40:47 2023 petar (Red) [Headshot] mrw (Blue)
Thu Jun 22 18:40:56 2023 Quark (Red) [Headshot] Jamal (Blue)
Thu Jun 22 18:41:04 2023 Harry (Red) [Rifle] Jiggle-o (Blue)
Thu Jun 22 18:41:05 2023 cratchet9868 (Blue) [Headshot] Quark (Red)
Thu Jun 22 18:41:06 2023 renngoku captured Red's Intel.
Thu Jun 22 18:41:08 2023 !TITAN - ADAR48 (Blue) [Fall]
Thu Jun 22 18:41:11 2023 You must be closer to the enemy's base to shoot blocks!
Thu Jun 22 18:41:11 2023 cratchet9868 (Blue) [Headshot] XxGhostALONExX (Red)
Thu Jun 22 18:41:11 2023 Surprise picked up Red's Intel.
Thu Jun 22 18:41:13 2023 petar (Red) [Fall]
Thu Jun 22 18:41:14 2023  Come chat with us at https://discord.aloha.pk/
Thu Jun 22 18:41:14 2023 [Global] !TITAN - ADAR48 (Blue): dude..
Thu Jun 22 18:41:15 2023 Harry (Red) [Headshot] cratchet9868 (Blue)
Thu Jun 22 18:41:20 2023 Pepe (Red) [Fall]
Thu Jun 22 18:41:24 2023 Jamal (Blue) [Fall]
Thu Jun 22 18:41:25 2023 You must be closer to the enemy's base to shoot blocks!
Thu Jun 22 18:41:25 2023 Killua (Red) [Headshot] Jiggle-o (Blue)
Thu Jun 22 18:41:25 2023 killerdoom joined Red team
Thu Jun 22 18:41:26 2023 You must be closer to the enemy's base to shoot blocks!
Thu Jun 22 18:41:28 2023 [Global] Jamal (Blue): Bruh
Thu Jun 22 18:41:34 2023 MetalPizzaBox (Blue) [Headshot] petar (Red)
Thu Jun 22 18:41:35 2023 Killua (Red) [Headshot] mrw (Blue)
Thu Jun 22 18:41:37 2023 You must be closer to the enemy's base to shoot blocks!
Thu Jun 22 18:41:38 2023 Quark (Red) [Headshot] MetalPizzaBox (Blue)
Thu Jun 22 18:41:39 2023 [Global] !TITAN - ADAR48 (Blue): . . .
Thu Jun 22 18:41:39 2023 cratchet9868 (Blue) [Grenade] Goldorak (Red)
Thu Jun 22 18:41:40 2023 Killua (Red) [SMG] cuntgumper (Blue)
Thu Jun 22 18:41:43 2023 Killua (Red) [Headshot] Jiggle-o (Blue)
Thu Jun 22 18:41:43 2023 cratchet9868 (Blue) [Shotgun] Killua (Red)
Thu Jun 22 18:41:44 2023  If you believe a player is breaking the rules, please let us know with /ADMIN
Thu Jun 22 18:41:47 2023 Harry (Red) [Headshot] Jamal (Blue)
Thu Jun 22 18:41:51 2023 [Global] MetalPizzaBox (Blue): someones at our base
Thu Jun 22 18:41:51 2023 cratchet9868 (Blue) [Headshot] Harry (Red)
Thu Jun 22 18:41:59 2023 Quark (Red) [SMG] cratchet9868 (Blue)
Thu Jun 22 18:41:59 2023 !TITAN - ADAR48 (Blue) [Headshot] Pepe (Red)
Thu Jun 22 18:42:00 2023 [Global] Jiggle-o (Blue): nah
Thu Jun 22 18:42:01 2023 XxGhostALONExX (Red) [Fall]
Thu Jun 22 18:42:03 2023 !TITAN - ADAR48 (Blue) [Grenade] Quark (Red)
Thu Jun 22 18:42:04 2023 Surprise dropped Red's Intel
Thu Jun 22 18:42:04 2023  The intel has returned to the heavens
Thu Jun 22 18:42:04 2023 Surprise (Blue) [Fall]
Thu Jun 22 18:42:08 2023 !TITAN - ADAR48 (Blue) [Headshot] Niko (Red)
Thu Jun 22 18:42:08 2023 [Global] mrw (Blue): nbo they are just hacking
Thu Jun 22 18:42:09 2023 renngoku picked up Red's Intel.
Thu Jun 22 18:42:14 2023  Mahalo for playing aloha.pk tower of babel
Thu Jun 22 18:42:14 2023 Harry (Red) [Headshot] Jiggle-o (Blue)
Thu Jun 22 18:42:14 2023 !TITAN - ADAR48 (Blue) [SMG] Harry (Red)
Thu Jun 22 18:42:16 2023 !TITAN - ADAR48 (Blue) [SMG] XxGhostALONExX (Red)
Thu Jun 22 18:42:16 2023 mrw (Blue) [Headshot] Goldorak (Red)
Thu Jun 22 18:42:23 2023 Killua (Red) [SMG] !TITAN - ADAR48 (Blue)
Thu Jun 22 18:42:24 2023 mrw (Blue) [SMG] Pepe (Red)
Thu Jun 22 18:42:30 2023 mrw (Blue) [SMG] petar (Red)
Thu Jun 22 18:42:33 2023 renngoku captured Red's Intel.
Thu Jun 22 18:42:36 2023 Surprise (Blue) [Headshot] Quark (Red)
Thu Jun 22 18:42:38 2023 Harry (Red) [Headshot] MetalPizzaBox (Blue)
Thu Jun 22 18:42:39 2023 cuntgumper (Blue) [Headshot] killerdoom (Red)
Thu Jun 22 18:42:39 2023 cratchet9868 (Blue) [Shotgun] Kemal Kilicdar (Red)
Thu Jun 22 18:42:41 2023 cratchet9868 (Blue) [Headshot] Killua (Red)
Thu Jun 22 18:42:44 2023  Build a tower to get the enemy's intel. Take it to your team's tent to win!
Thu Jun 22 18:42:45 2023 mrw (Blue) [Headshot] Pepe (Red)
Thu Jun 22 18:42:47 2023 Goldorak (Red) [Headshot] !TITAN - ADAR48 (Blue)
Thu Jun 22 18:42:53 2023 [Global] XxGhostALONExX (Red): gg
Thu Jun 22 18:42:55 2023 Jiggle-o picked up Red's Intel.
Thu Jun 22 18:42:58 2023 cuntgumper (Blue) [Headshot] Kemal Kilicdar (Red)
Thu Jun 22 18:42:59 2023 Pepe (Red) [Headshot] cuntgumper (Blue)
Thu Jun 22 18:43:00 2023 mrw (Blue) [Headshot] XxGhostALONExX (Red)
Thu Jun 22 18:43:02 2023 Goldorak (Red) [Headshot] mrw (Blue)
Thu Jun 22 18:43:03 2023 !TITAN - ADAR48 (Blue) [Headshot] Harry (Red)
Thu Jun 22 18:43:04 2023 Killua (Red) [SMG] cratchet9868 (Blue)
Thu Jun 22 18:43:05 2023 Quark (Red) [Headshot] !TITAN - ADAR48 (Blue)
Thu Jun 22 18:43:10 2023 Surprise (Blue) [Fall]
Thu Jun 22 18:43:14 2023  Type /HELP for info & commands
Thu Jun 22 18:43:14 2023 renngoku (Blue) [Headshot] petar (Red)
Thu Jun 22 18:43:21 2023 Harry (Red) [Headshot] MetalPizzaBox (Blue)
Thu Jun 22 18:43:22 2023 mrw (Blue) [Headshot] Killua (Red)
Thu Jun 22 18:43:23 2023 mrw (Blue) [Headshot] Niko (Red)
Thu Jun 22 18:43:26 2023 mrw (Blue) [Headshot] Quark (Red)
Thu Jun 22 18:43:28 2023 !TITAN - ADAR48 (Blue) [Headshot] Goldorak (Red)
Thu Jun 22 18:43:30 2023 Pepe (Red) [Headshot] !TITAN - ADAR48 (Blue)
Thu Jun 22 18:43:31 2023 Niko (Red) [Headshot] renngoku (Blue)
Thu Jun 22 18:43:33 2023 cratchet9868 (Blue) [Headshot] Pepe (Red)
Thu Jun 22 18:43:35 2023 Harry (Red) [Headshot] cratchet9868 (Blue)
Thu Jun 22 18:43:36 2023 [Global] MetalPizzaBox (Blue): GI
Thu Jun 22 18:43:38 2023 Surprise (Blue) [Headshot] Kemal Kilicdar (Red)
Thu Jun 22 18:43:44 2023  Visit our community forums at https://aloha.pk/
Thu Jun 22 18:43:44 2023 [Global] MetalPizzaBox (Blue): #GO
Thu Jun 22 18:43:44 2023 cratchet9868 (Blue) [Headshot] killerdoom (Red)
Thu Jun 22 18:43:51 2023 Quark (Red) [Headshot] cratchet9868 (Blue)
Thu Jun 22 18:43:54 2023 !TITAN - ADAR48 (Blue) [Headshot] Harry (Red)
Thu Jun 22 18:43:55 2023 Pepe (Red) [Headshot] !TITAN - ADAR48 (Blue)
Thu Jun 22 18:43:57 2023 [Global] MetalPizzaBox (Blue): GO TO THE TENT RETARD
Thu Jun 22 18:43:57 2023  Jiggle-o has a kill-death ratio of 0.31 (11 kills, 36 deaths, 0.23 kills per minute).
Thu Jun 22 18:43:57 2023  mrw started a VOTEKICK against Jiggle-o. Say /Y to agree
Thu Jun 22 18:43:57 2023  Reason: DELAY
Thu Jun 22 18:43:58 2023 titicaca joined Blue team
Thu Jun 22 18:44:02 2023  !TITAN - ADAR48 voted YES
Thu Jun 22 18:44:04 2023 Jiggle-o captured Red's Intel.
Thu Jun 22 18:44:04 2023 Blue Wins!
Thu Jun 22 18:44:04 2023  Game finished! Next map: mazemountain.
Thu Jun 22 18:44:04 2023  MetalPizzaBox voted YES
Thu Jun 22 18:44:04 2023 [Global] Surprise (Blue): GG
Thu Jun 22 18:44:05 2023 Harry (Red) [Headshot] !TITAN - ADAR48 (Blue)
Thu Jun 22 18:44:06 2023 Surprise (Blue) [Headshot] Niko (Red)
Thu Jun 22 18:44:06 2023 Killua (Red) [SMG] mrw (Blue)
Thu Jun 22 18:44:06 2023 Harry (Red) [Rifle] mrw (Blue)
Thu Jun 22 18:44:06 2023 Killua (Red) [SMG] mrw (Blue)
Thu Jun 22 18:44:06 2023  Votekick for Jiggle-o has ended. Instigator mrw left
Thu Jun 22 18:44:06 2023 Player mrw has left
Thu Jun 22 18:44:07 2023 cratchet9868 (Blue) [Shotgun] killerdoom (Red)
Thu Jun 22 18:44:07 2023 petar (Red) [Headshot] titicaca (Blue)
Thu Jun 22 18:44:07 2023 Quark (Red) [Fall]
Thu Jun 22 18:44:07 2023 renngoku (Blue) [Headshot] Goldorak (Red)
Thu Jun 22 18:44:07 2023 cuntgumper (Blue) [Headshot] Pepe (Red)
Thu Jun 22 18:44:08 2023 titicaca (Blue) [Grenade] Killua (Red)
Thu Jun 22 18:44:08 2023 titicaca (Blue) [Grenade] XxGhostALONExX (Red)
Thu Jun 22 18:44:08 2023 cuntgumper (Blue) [SMG] Killua (Red)
Thu Jun 22 18:44:08 2023 Kemal Kilicdar (Red) [Fall]
Thu Jun 22 18:44:09 2023 cratchet9868 (Blue) [Shotgun] petar (Red)
Thu Jun 22 18:44:11 2023 Harry (Red) [Headshot] MetalPizzaBox (Blue)
Thu Jun 22 18:44:12 2023 Jamal (Blue) [Fall]
Thu Jun 22 18:44:13 2023 renngoku (Blue) [Headshot] Deuce0 (Red)
Thu Jun 22 18:44:15 2023 ------ World Unloaded ------
Thu Jun 22 18:44:18 2023 ------ World Loaded ------
Thu Jun 22 18:44:18 2023 Welcome to aloha.pk tower of babel
Thu Jun 22 18:44:19 2023 Map: MazeMountain by Danke
Thu Jun 22 18:44:21 2023 Quark joined Red team
Thu Jun 22 18:44:21 2023 Niko joined Blue team
Thu Jun 22 18:44:21 2023 Game mode: Tower of Babel by Yourself, modified by izzy
Thu Jun 22 18:44:22 2023 titicaca joined Red team
Thu Jun 22 18:44:23 2023 !TITAN - ADAR48 joined Blue team
Thu Jun 22 18:44:23 2023 MetalPizzaBox joined Red team
Thu Jun 22 18:44:24 2023 Build a tower to get the enemy's intel. Take it to your team's tent to win!
Thu Jun 22 18:44:25 2023 renngoku joined Blue team
Thu Jun 22 18:44:25 2023 Surprise joined Blue team
Thu Jun 22 18:44:25 2023 Visit our community forums at https://aloha.pk/
Thu Jun 22 18:44:28 2023 Come chat with us at https://discord.aloha.pk/
Thu Jun 22 18:44:28 2023 Pepe joined Red team
Thu Jun 22 18:44:29 2023 killerdoom joined Spectator team
Thu Jun 22 18:44:30 2023 XxGhostALONExX joined Red team
Thu Jun 22 18:44:32 2023 petar joined Blue team
Thu Jun 22 18:44:36 2023 cratchet9868 joined Red team
Thu Jun 22 18:44:37 2023 cuntgumper joined Red team
Thu Jun 22 18:44:39 2023 Harry (Blue) [Headshot] MetalPizzaBox (Red)
Thu Jun 22 18:44:42 2023 Surprise (Blue) [Headshot] Quark (Red)
Thu Jun 22 18:44:42 2023 Kemal Kilicdar joined Blue team
Thu Jun 22 18:44:45 2023  If you believe a player is breaking the rules, please let us know with /ADMIN
Thu Jun 22 18:44:48 2023 Jiggle-o joined Blue team
Thu Jun 22 18:44:48 2023 Surprise (Blue) [Headshot] XxGhostALONExX (Red)
Thu Jun 22 18:44:53 2023 Killua joined Blue team
Thu Jun 22 18:44:53 2023 petar (Blue) [Fall]
Thu Jun 22 18:44:56 2023 renngoku (Blue) [Headshot] cuntgumper (Red)
Thu Jun 22 18:45:08 2023 Goldorak joined Red team
Thu Jun 22 18:45:10 2023 Surprise (Blue) [Headshot] XxGhostALONExX (Red)
Thu Jun 22 18:45:13 2023 brb joined Spectator team
Thu Jun 22 18:45:16 2023  Mahalo for playing aloha.pk tower of babel
Thu Jun 22 18:45:19 2023 Quark (Red) [SMG] renngoku (Blue)
Thu Jun 22 18:45:23 2023 You must be closer to the enemy's base to shoot blocks!
Thu Jun 22 18:45:25 2023 !TITAN - ADAR48 (Blue) [Fall]
Thu Jun 22 18:45:26 2023 cratchet9868 (Red) [Shotgun] Surprise (Blue)
Thu Jun 22 18:45:27 2023 Jai joined Blue team
Thu Jun 22 18:45:28 2023 Killua (Blue) [Fall]
Thu Jun 22 18:45:32 2023 Player Surprise has left
Thu Jun 22 18:45:38 2023 killerdoom joined Red team
Thu Jun 22 18:45:39 2023 cuntgumper (Red) [Headshot] Jiggle-o (Blue)
Thu Jun 22 18:45:40 2023 XxGhostALONExX (Red) [Fall]
Thu Jun 22 18:45:46 2023  Build a tower to get the enemy's intel. Take it to your team's tent to win!
Thu Jun 22 18:45:46 2023 You must be closer to the enemy's base to shoot blocks!
Thu Jun 22 18:45:49 2023 Player brb has left
Thu Jun 22 18:45:51 2023 cratchet9868 (Red) [Fall]
Thu Jun 22 18:45:55 2023 Jiggle-o (Blue) [Team Change]
Thu Jun 22 18:46:00 2023 MetalPizzaBox (Red) [Team Change]
Thu Jun 22 18:46:01 2023 Jiggle-o joined Red team
Thu Jun 22 18:46:01 2023 MetalPizzaBox joined Blue team
Thu Jun 22 18:46:04 2023 renngoku (Blue) [Grenade]
Thu Jun 22 18:46:09 2023 cuntgumper (Red) [Headshot] Harry (Blue)
Thu Jun 22 18:46:16 2023  Type /HELP for info & commands
Thu Jun 22 18:46:19 2023 XxGhostALONExX (Red) [Fall]
Thu Jun 22 18:46:28 2023 Jai (Blue) [Headshot] cratchet9868 (Red)
Thu Jun 22 18:46:41 2023 Jai (Blue) [Headshot] XxGhostALONExX (Red)
Thu Jun 22 18:46:41 2023 [Team] petar (Blue): how do you build instantly like that ?
Thu Jun 22 18:46:44 2023 !TITAN - ADAR48 (Blue) [Rifle] cuntgumper (Red)
Thu Jun 22 18:46:46 2023  Visit our community forums at https://aloha.pk/
Thu Jun 22 18:46:53 2023 Quark (Red) [Headshot] Kemal Kilicdar (Blue)
Thu Jun 22 18:46:53 2023 titicaca (Red) [Headshot] !TITAN - ADAR48 (Blue)
Thu Jun 22 18:46:54 2023 [Team] !TITAN - ADAR48 (Blue): minecraft
Thu Jun 22 18:46:59 2023 cratchet9868 (Red) [Fall]
Thu Jun 22 18:47:00 2023 [Team] !TITAN - ADAR48 (Blue): dammit
Thu Jun 22 18:47:15 2023 Jai (Blue) [Headshot] killerdoom (Red)
Thu Jun 22 18:47:16 2023  Come chat with us at https://discord.aloha.pk/
Thu Jun 22 18:47:16 2023 titicaca (Red) [Headshot] !TITAN - ADAR48 (Blue)
Thu Jun 22 18:47:19 2023 renngoku (Blue) [Fall]
Thu Jun 22 18:47:20 2023 [Team] !TITAN - ADAR48 (Blue): down!
Thu Jun 22 18:47:20 2023 cratchet9868 (Red) [Fall]
Thu Jun 22 18:47:21 2023 [Team] !TITAN - ADAR48 (Blue): down!
Thu Jun 22 18:47:39 2023 !TITAN - ADAR48 (Blue) [Headshot] titicaca (Red)
Thu Jun 22 18:47:45 2023 Killua (Blue) [Headshot] Pepe (Red)
Thu Jun 22 18:47:46 2023  If you believe a player is breaking the rules, please let us know with /ADMIN
Thu Jun 22 18:47:54 2023 renngoku (Blue) [Fall]
Thu Jun 22 18:48:08 2023 killerdoom (Red) [Fall]
Thu Jun 22 18:48:09 2023 !TITAN - ADAR48 (Blue) [Headshot] Jiggle-o (Red)
Thu Jun 22 18:48:09 2023 cratchet9868 (Red) [Headshot] Kemal Kilicdar (Blue)
Thu Jun 22 18:48:12 2023 Jai (Blue) [Headshot] XxGhostALONExX (Red)
Thu Jun 22 18:48:15 2023 !TITAN - ADAR48 (Blue) [Headshot] cratchet9868 (Red)
Thu Jun 22 18:48:16 2023  Mahalo for playing aloha.pk tower of babel
Thu Jun 22 18:48:18 2023 [Global] MetalPizzaBox (Blue): HELP IM STUCK IN A BLOCK
Thu Jun 22 18:48:22 2023 [Global] titicaca (Red):  /kill
Thu Jun 22 18:48:31 2023 [Team] MetalPizzaBox (Blue): kill
Thu Jun 22 18:48:37 2023 MetalPizzaBox (Blue) [Weapon Change]
Thu Jun 22 18:48:41 2023 Player killerdoom has left
Thu Jun 22 18:48:45 2023 !TITAN - ADAR48 (Blue) [Grenade] Quark (Red)
Thu Jun 22 18:48:46 2023  Build a tower to get the enemy's intel. Take it to your team's tent to win!
Thu Jun 22 18:48:49 2023 !TITAN - ADAR48 (Blue) [Grenade] Pepe (Red)
Thu Jun 22 18:48:51 2023 !TITAN - ADAR48 (Blue) [Headshot] XxGhostALONExX (Red)
Thu Jun 22 18:48:53 2023 !TITAN - ADAR48 (Blue) [Fall]
Thu Jun 22 18:48:55 2023 titicaca (Red) [Rifle] Kemal Kilicdar (Blue)
Thu Jun 22 18:48:57 2023 [Global] !TITAN - ADAR48 (Blue): lag...
Thu Jun 22 18:49:03 2023 !TITAN - ADAR48 (Blue) [Headshot] titicaca (Red)
Thu Jun 22 18:49:09 2023 !TITAN - ADAR48 (Blue) [Rifle] cuntgumper (Red)
Thu Jun 22 18:49:10 2023 Goldorak (Red) [Headshot] Killua (Blue)
Thu Jun 22 18:49:16 2023  Type /HELP for info & commands
Thu Jun 22 18:49:16 2023 [Global] !TITAN - ADAR48 (Blue): this is a horrible map
Thu Jun 22 18:49:17 2023 Quark (Red) [SMG] Jai (Blue)
Thu Jun 22 18:49:19 2023 [Global] titicaca (Red): xD
Thu Jun 22 18:49:20 2023 renngoku (Blue) [Grenade]
Thu Jun 22 18:49:21 2023 MetalPizzaBox (Blue) [SMG] Goldorak (Red)
Thu Jun 22 18:49:23 2023 [Global] XxGhostALONExX (Red): xd
Thu Jun 22 18:49:30 2023 renngoku (Blue) [Headshot] Jiggle-o (Red)
Thu Jun 22 18:49:37 2023 MetalPizzaBox (Blue) [Headshot] Goldorak (Red)
Thu Jun 22 18:49:38 2023 renngoku (Blue) [Headshot] cratchet9868 (Red)
Thu Jun 22 18:49:39 2023 Player Pepe has left
Thu Jun 22 18:49:46 2023  Visit our community forums at https://aloha.pk/
Thu Jun 22 18:49:48 2023 Goldorak (Red) [Headshot] MetalPizzaBox (Blue)
Thu Jun 22 18:49:51 2023 Player MetalPizzaBox has left
Thu Jun 22 18:50:01 2023 Pepe joined Blue team
Thu Jun 22 18:50:07 2023 Goldorak (Red) [SMG] Kemal Kilicdar (Blue)
Thu Jun 22 18:50:16 2023  Come chat with us at https://discord.aloha.pk/
Thu Jun 22 18:50:16 2023 Killua (Blue) [Fall]
Thu Jun 22 18:50:19 2023 !TITAN - ADAR48 (Blue) [Rifle] cuntgumper (Red)
Thu Jun 22 18:50:21 2023 !TITAN - ADAR48 (Blue) [Rifle] Jiggle-o (Red)
Thu Jun 22 18:50:23 2023 titicaca (Red) [Headshot] Harry (Blue)
Thu Jun 22 18:50:23 2023 titicaca (Red) [Headshot] Kemal Kilicdar (Blue)
Thu Jun 22 18:50:25 2023 titicaca (Red) [Rifle] Jai (Blue)
Thu Jun 22 18:50:27 2023 !TITAN - ADAR48 (Blue) [Headshot] Quark (Red)
Thu Jun 22 18:50:27 2023 Kemal Kilicdar (Blue) [SMG] titicaca (Red)
Thu Jun 22 18:50:31 2023 !TITAN - ADAR48 (Blue) [Headshot] cuntgumper (Red)
Thu Jun 22 18:50:35 2023 cratchet9868 (Red) [Headshot] Pepe (Blue)
Thu Jun 22 18:50:45 2023 Kemal Kilicdar (Blue) [Headshot] Goldorak (Red)
Thu Jun 22 18:50:46 2023  If you believe a player is breaking the rules, please let us know with /ADMIN
Thu Jun 22 18:50:46 2023 !TITAN - ADAR48 picked up Red's Intel.
Thu Jun 22 18:50:49 2023 cratchet9868 (Red) [SMG] Kemal Kilicdar (Blue)
Thu Jun 22 18:50:50 2023 [Global] titicaca (Red): :(
Thu Jun 22 18:50:52 2023 Killua (Blue) [Headshot] cratchet9868 (Red)
Thu Jun 22 18:50:57 2023 [Global] Jiggle-o (Red): can we all play hallway pls
Thu Jun 22 18:51:04 2023  Goldorak changed next map to halfway
Thu Jun 22 18:51:08 2023 Killua (Blue) [Fall]
Thu Jun 22 18:51:16 2023  Mahalo for playing aloha.pk tower of babel
Thu Jun 22 18:51:18 2023 [Global] Goldorak (Red): next map in babel is hall way, but babel type
Thu Jun 22 18:51:19 2023 Jai (Blue) [Grenade] XxGhostALONExX (Red)
Thu Jun 22 18:51:21 2023 [Global] Jiggle-o (Red): lets goooooooooooo
Thu Jun 22 18:51:28 2023 Jai (Blue) [Rifle] cuntgumper (Red)
Thu Jun 22 18:51:32 2023 !TITAN - ADAR48 captured Red's Intel.
Thu Jun 22 18:51:36 2023 You must be closer to the enemy's base to shoot blocks!
Thu Jun 22 18:51:38 2023 Jai (Blue) [Headshot] Quark (Red)
Thu Jun 22 18:51:43 2023 XxGhostALONExX (Red) [Fall]
Thu Jun 22 18:51:46 2023  Build a tower to get the enemy's intel. Take it to your team's tent to win!
Thu Jun 22 18:51:56 2023 Goldorak (Red) [SMG] Kemal Kilicdar (Blue)
Thu Jun 22 18:52:03 2023 Pepe (Blue) [Rifle] Goldorak (Red)
Thu Jun 22 18:52:05 2023 You must be closer to the enemy's base to shoot blocks!
Thu Jun 22 18:52:07 2023 gustavo joined Spectator team
Thu Jun 22 18:52:15 2023 XxGhostALONExX (Red) [Fall]
Thu Jun 22 18:52:16 2023  Type /HELP for info & commands
Thu Jun 22 18:52:17 2023 cratchet9868 picked up Blue's Intel.
Thu Jun 22 18:52:17 2023 Jiggle-o (Red) [Rifle] Harry (Blue)
Thu Jun 22 18:52:19 2023 Jiggle-o (Red) [Fall]
Thu Jun 22 18:52:21 2023 Quark (Red) [Headshot] Pepe (Blue)
Thu Jun 22 18:52:22 2023 Player gustavo has left
Thu Jun 22 18:52:25 2023 titicaca (Red) [Grenade] Kemal Kilicdar (Blue)
Thu Jun 22 18:52:26 2023 titicaca (Red) [Grenade] Killua (Blue)
Thu Jun 22 18:52:41 2023 Kemal Kilicdar (Blue) [Headshot] Quark (Red)
Thu Jun 22 18:52:43 2023 !TITAN - ADAR48 (Blue) [Rifle] titicaca (Red)
Thu Jun 22 18:52:46 2023 cratchet9868 captured Blue's Intel.
Thu Jun 22 18:52:46 2023  Visit our community forums at https://aloha.pk/
Thu Jun 22 18:52:51 2023 Goldorak (Red) [SMG] renngoku (Blue)
Thu Jun 22 18:52:51 2023 Jai (Blue) [Headshot] XxGhostALONExX (Red)
Thu Jun 22 18:52:52 2023 cuntgumper (Red) [Headshot] Harry (Blue)
Thu Jun 22 18:52:57 2023 Goldorak (Red) [Headshot] !TITAN - ADAR48 (Blue)
Thu Jun 22 18:52:57 2023 Pepe (Blue) [Headshot] Goldorak (Red)
Thu Jun 22 18:53:00 2023 cratchet9868 (Red) [Headshot] Jai (Blue)
Thu Jun 22 18:53:06 2023 You must be closer to the enemy's base to shoot blocks!
Thu Jun 22 18:53:06 2023 Kemal Kilicdar (Blue) [Fall]
Thu Jun 22 18:53:07 2023 Harry (Blue) [Headshot] cuntgumper (Red)
Thu Jun 22 18:53:16 2023  Come chat with us at https://discord.aloha.pk/
Thu Jun 22 18:53:23 2023 Pepe (Blue) [Headshot] Quark (Red)
Thu Jun 22 18:53:25 2023 You must be closer to the enemy's base to grenade blocks!
Thu Jun 22 18:53:28 2023 You must be closer to the enemy's base to grenade blocks!
Thu Jun 22 18:53:29 2023 Player Jai has left
Thu Jun 22 18:53:33 2023 cratchet9868 (Red) [Headshot] Pepe (Blue)
Thu Jun 22 18:53:34 2023 !TITAN - ADAR48 (Blue) [Headshot] titicaca (Red)
Thu Jun 22 18:53:43 2023 Gustavo joined Blue team
Thu Jun 22 18:53:46 2023  If you believe a player is breaking the rules, please let us know with /ADMIN
Thu Jun 22 18:53:48 2023 Goldorak (Red) [SMG] renngoku (Blue)
Thu Jun 22 18:53:49 2023 renngoku (Blue) [Grenade] Goldorak (Red)
Thu Jun 22 18:53:53 2023 XxGhostALONExX (Red) [Fall]
Thu Jun 22 18:54:00 2023 !TITAN - ADAR48 (Blue) [Grenade] titicaca (Red)
Thu Jun 22 18:54:06 2023 !TITAN - ADAR48 (Blue) [Grenade] Jiggle-o (Red)
Thu Jun 22 18:54:06 2023 !TITAN - ADAR48 (Blue) [Grenade] titicaca (Red)
Thu Jun 22 18:54:06 2023 !TITAN - ADAR48 (Blue) [Grenade] XxGhostALONExX (Red)
Thu Jun 22 18:54:07 2023 cratchet9868 (Red) [Headshot] Gustavo (Blue)
Thu Jun 22 18:54:09 2023 [Global] titicaca (Red): bruh lmfaooo
Thu Jun 22 18:54:09 2023 !TITAN - ADAR48 (Blue) [Rifle] cuntgumper (Red)
Thu Jun 22 18:54:12 2023 [Global] titicaca (Red): 2 in a row
Thu Jun 22 18:54:15 2023 titicaca (Red) [Headshot] !TITAN - ADAR48 (Blue)
Thu Jun 22 18:54:15 2023 cratchet9868 (Red) [SMG] renngoku (Blue)
Thu Jun 22 18:54:16 2023  Mahalo for playing aloha.pk tower of babel
Thu Jun 22 18:54:23 2023 cratchet9868 (Red) [Headshot] Harry (Blue)
Thu Jun 22 18:54:25 2023 Kemal Kilicdar (Blue) [Fall]
Thu Jun 22 18:54:28 2023 Kemal Kilicdar (Blue) [SMG] cratchet9868 (Red)
Thu Jun 22 18:54:31 2023 Killua (Blue) [SMG] cuntgumper (Red)
Thu Jun 22 18:54:34 2023 Killua (Blue) [Headshot] titicaca (Red)
Thu Jun 22 18:54:41 2023 Killua (Blue) [SMG] cratchet9868 (Red)
Thu Jun 22 18:54:42 2023 Pepe (Blue) [Fall]
Thu Jun 22 18:54:42 2023 titicaca (Red) [Headshot] Killua (Blue)
Thu Jun 22 18:54:46 2023  Build a tower to get the enemy's intel. Take it to your team's tent to win!
Thu Jun 22 18:54:52 2023 !TITAN - ADAR48 (Blue) [Headshot] Jiggle-o (Red)
Thu Jun 22 18:55:16 2023  Type /HELP for info & commands
Thu Jun 22 18:55:17 2023 petar (Blue) [Headshot] Jiggle-o (Red)
Thu Jun 22 18:55:20 2023 Niko (Blue) [Grenade]
Thu Jun 22 18:55:20 2023 Pepe (Blue) [Headshot] XxGhostALONExX (Red)
Thu Jun 22 18:55:28 2023 Goldorak (Red) [Headshot] Harry (Blue)
Thu Jun 22 18:55:29 2023 Goldorak (Red) [Headshot] renngoku (Blue)
Thu Jun 22 18:55:32 2023 !TITAN - ADAR48 (Blue) [Grenade] titicaca (Red)
Thu Jun 22 18:55:34 2023 !TITAN - ADAR48 (Blue) [Rifle] cuntgumper (Red)
Thu Jun 22 18:55:35 2023 [Global] titicaca (Red): bruhhhh
Thu Jun 22 18:55:35 2023 cratchet9868 (Red) [Headshot] Niko (Blue)
Thu Jun 22 18:55:39 2023 titicaca (Red) [Headshot] !TITAN - ADAR48 (Blue)
Thu Jun 22 18:55:43 2023 cratchet9868 (Red) [Headshot] renngoku (Blue)
Thu Jun 22 18:55:44 2023 petar (Blue) [SMG] Jiggle-o (Red)
Thu Jun 22 18:55:46 2023  Visit our community forums at https://aloha.pk/
Thu Jun 22 18:55:46 2023 Pepe (Blue) [Fall]
Thu Jun 22 18:55:52 2023 Niko (Blue) [Fall]
Thu Jun 22 18:55:52 2023 renngoku (Blue) [SMG] cratchet9868 (Red)
Thu Jun 22 18:56:02 2023 Quark (Red) [SMG] !TITAN - ADAR48 (Blue)
Thu Jun 22 18:56:02 2023 Gustavo (Blue) [Grenade]
Thu Jun 22 18:56:02 2023 cratchet9868 (Red) [Weapon Change]
Thu Jun 22 18:56:05 2023 Killua (Blue) [Headshot] Jiggle-o (Red)
Thu Jun 22 18:56:05 2023 Harry (Blue) [Headshot] Quark (Red)
Thu Jun 22 18:56:08 2023 XxGhostALONExX (Red) [Headshot] Pepe (Blue)
Thu Jun 22 18:56:09 2023 Killua (Blue) [SMG] cuntgumper (Red)
Thu Jun 22 18:56:09 2023 Goldorak (Red) [Headshot] Harry (Blue)
Thu Jun 22 18:56:11 2023 renngoku (Blue) [Headshot] Goldorak (Red)
Thu Jun 22 18:56:15 2023 cratchet9868 (Red) [Headshot] Killua (Blue)
Thu Jun 22 18:56:16 2023  Come chat with us at https://discord.aloha.pk/
Thu Jun 22 18:56:16 2023 Harry (Blue) [Weapon Change]
Thu Jun 22 18:56:17 2023 cratchet9868 (Red) [Headshot] petar (Blue)
Thu Jun 22 18:56:20 2023 XxGhostALONExX (Red) [Fall]
Thu Jun 22 18:56:21 2023 Niko (Blue) [Fall]
Thu Jun 22 18:56:24 2023 Jiggle-o (Red) [Weapon Change]
Thu Jun 22 18:56:35 2023 titicaca (Red) [Headshot] Niko (Blue)
Thu Jun 22 18:56:42 2023 titicaca picked up Blue's Intel.
Thu Jun 22 18:56:42 2023 cratchet9868 (Red) [Headshot] Harry (Blue)
Thu Jun 22 18:56:46 2023  If you believe a player is breaking the rules, please let us know with /ADMIN
Thu Jun 22 18:56:46 2023 Goldorak (Red) [Headshot] !TITAN - ADAR48 (Blue)
Thu Jun 22 18:56:50 2023 [Team] !TITAN - ADAR48 (Blue): 2 in the right
Thu Jun 22 18:56:53 2023 cratchet9868 (Red) [Headshot] petar (Blue)
Thu Jun 22 18:57:05 2023 titicaca captured Blue's Intel.
Thu Jun 22 18:57:05 2023 Pepe (Blue) [Headshot] Jiggle-o (Red)
Thu Jun 22 18:57:07 2023 XxGhostALONExX (Red) [Fall]
Thu Jun 22 18:57:08 2023 Harry (Blue) [Headshot] cratchet9868 (Red)
Thu Jun 22 18:57:10 2023 Gustavo (Blue) [Headshot] Goldorak (Red)
Thu Jun 22 18:57:16 2023  Mahalo for playing aloha.pk tower of babel
Thu Jun 22 18:57:26 2023 Quark (Red) [Headshot] Killua (Blue)
Thu Jun 22 18:57:30 2023 titicaca (Red) [Headshot] !TITAN - ADAR48 (Blue)
Thu Jun 22 18:57:45 2023 Harry (Blue) [Headshot] XxGhostALONExX (Red)
Thu Jun 22 18:57:46 2023  Build a tower to get the enemy's intel. Take it to your team's tent to win!
Thu Jun 22 18:57:47 2023 Pepe (Blue) [Rifle] Jiggle-o (Red)
Thu Jun 22 18:57:51 2023 !TITAN - ADAR48 (Blue) [Grenade] Goldorak (Red)
Thu Jun 22 18:57:51 2023 cuntgumper picked up Blue's Intel.
Thu Jun 22 18:57:52 2023 wicky joined Red team
Thu Jun 22 18:57:54 2023 titicaca (Red) [Headshot] Harry (Blue)
Thu Jun 22 18:57:56 2023 [Global] wicky (Red): ewwww
Thu Jun 22 18:57:58 2023 titicaca (Red) [Fall]
Thu Jun 22 18:58:08 2023 !TITAN - ADAR48 (Blue) [Headshot] Quark (Red)
Thu Jun 22 18:58:11 2023 XxGhostALONExX (Red) [Fall]
Thu Jun 22 18:58:16 2023  Type /HELP for info & commands
Thu Jun 22 18:58:26 2023 cuntgumper captured Blue's Intel.
Thu Jun 22 18:58:30 2023 wicky (Red) [Headshot] !TITAN - ADAR48 (Blue)
Thu Jun 22 18:58:33 2023 [Global] !TITAN - ADAR48 (Blue): ?
Thu Jun 22 18:58:35 2023 Gustavo (Blue) [Headshot] Goldorak (Red)
Thu Jun 22 18:58:39 2023  titicaca has reached 1000 blocks placed! /heaven unlocked.
Thu Jun 22 18:58:40 2023 You must be closer to the enemy's base to shoot blocks!
Thu Jun 22 18:58:43 2023 You must be closer to the enemy's base to shoot blocks!
Thu Jun 22 18:58:44 2023 You must be closer to the enemy's base to shoot blocks!
Thu Jun 22 18:58:44 2023 You must be closer to the enemy's base to shoot blocks!
Thu Jun 22 18:58:46 2023 wicky (Red) [Headshot] Harry (Blue)
Thu Jun 22 18:58:46 2023  Visit our community forums at https://aloha.pk/
Thu Jun 22 18:58:52 2023 Quark picked up Blue's Intel.
Thu Jun 22 18:58:55 2023 !TITAN - ADAR48 (Blue) [Headshot] XxGhostALONExX (Red)
Thu Jun 22 18:58:56 2023 Gustavo (Blue) [Headshot] Jiggle-o (Red)
Thu Jun 22 18:59:02 2023 Quark (Red) [SMG] petar (Blue)
Thu Jun 22 18:59:06 2023 Quark dropped Blue's Intel
Thu Jun 22 18:59:06 2023  The intel has returned to the heavens
Thu Jun 22 18:59:06 2023 Killua (Blue) [SMG] Quark (Red)
Thu Jun 22 18:59:10 2023 titicaca (Red) [Headshot] renngoku (Blue)
Thu Jun 22 18:59:11 2023 wicky (Red) [Headshot] Harry (Blue)
Thu Jun 22 18:59:13 2023 Player renngoku has left
Thu Jun 22 18:59:16 2023  Come chat with us at https://discord.aloha.pk/
Thu Jun 22 18:59:21 2023 Jiggle-o (Red) [Rifle] Gustavo (Blue)
Thu Jun 22 18:59:21 2023 [Global] wicky (Red): red up
Thu Jun 22 18:59:22 2023 !TITAN - ADAR48 (Blue) [SMG] titicaca (Red)
Thu Jun 22 18:59:24 2023 gamer joined Blue team
Thu Jun 22 18:59:28 2023 !TITAN - ADAR48 (Blue) [Grenade] cratchet9868 (Red)
Thu Jun 22 18:59:28 2023 !TITAN - ADAR48 (Blue) [Grenade] cuntgumper (Red)
Thu Jun 22 18:59:32 2023 !TITAN - ADAR48 picked up Red's Intel.
Thu Jun 22 18:59:43 2023 You must be closer to the enemy's base to shoot blocks!
Thu Jun 22 18:59:43 2023 You must be closer to the enemy's base to shoot blocks!
Thu Jun 22 18:59:45 2023 Goldorak (Red) [SMG] gamer (Blue)
Thu Jun 22 18:59:46 2023  If you believe a player is breaking the rules, please let us know with /ADMIN
Thu Jun 22 18:59:48 2023 petar (Blue) [Headshot] wicky (Red)
Thu Jun 22 18:59:50 2023 Harry (Blue) [SMG] XxGhostALONExX (Red)
Thu Jun 22 18:59:55 2023 wicky (Red) [SMG] Killua (Blue)
Thu Jun 22 18:59:56 2023 !TITAN - ADAR48 captured Red's Intel.
Thu Jun 22 18:59:58 2023 cuntgumper (Red) [Headshot] Niko (Blue)
Thu Jun 22 19:00:03 2023 Niko (Blue) [Headshot] Goldorak (Red)
Thu Jun 22 19:00:09 2023 titicaca (Red) [Headshot] Harry (Blue)
Thu Jun 22 19:00:13 2023 cuntgumper (Red) [Fall]
Thu Jun 22 19:00:16 2023  Mahalo for playing aloha.pk tower of babel
Thu Jun 22 19:00:30 2023 !TITAN - ADAR48 (Blue) [Grenade] Quark (Red)
Thu Jun 22 19:00:33 2023 !TITAN - ADAR48 (Blue) [Headshot] cratchet9868 (Red)
Thu Jun 22 19:00:34 2023 Jiggle-o (Red) [Headshot] gamer (Blue)
Thu Jun 22 19:00:34 2023 titicaca (Red) [Headshot] Pepe (Blue)
Thu Jun 22 19:00:39 2023 XxGhostALONExX (Red) [Fall]
Thu Jun 22 19:00:44 2023 cuntgumper (Red) [SMG] !TITAN - ADAR48 (Blue)
Thu Jun 22 19:00:46 2023  Build a tower to get the enemy's intel. Take it to your team's tent to win!
Thu Jun 22 19:00:50 2023 Goldorak (Red) [SMG] Harry (Blue)
Thu Jun 22 19:00:51 2023 cuntgumper picked up Blue's Intel.
Thu Jun 22 19:00:59 2023 Goldorak (Red) [SMG] Pepe (Blue)
Thu Jun 22 19:01:01 2023 cratchet9868 (Red) [Headshot] petar (Blue)
Thu Jun 22 19:01:02 2023 Killua (Blue) [SMG] Quark (Red)
Thu Jun 22 19:01:08 2023 gamer (Blue) [Rifle] Jiggle-o (Red)
Thu Jun 22 19:01:09 2023 Killua (Blue) [SMG] cratchet9868 (Red)
Thu Jun 22 19:01:12 2023 titicaca (Red) [Headshot] Killua (Blue)
Thu Jun 22 19:01:14 2023 gamer (Blue) [Rifle] Goldorak (Red)
Thu Jun 22 19:01:16 2023  Type /HELP for info & commands
Thu Jun 22 19:01:16 2023 cuntgumper captured Blue's Intel.
Thu Jun 22 19:01:17 2023 XxGhostALONExX (Red) [Grenade]
Thu Jun 22 19:01:22 2023 System.out joined Blue team
Thu Jun 22 19:01:23 2023 gamer (Blue) [Rifle] wicky (Red)
Thu Jun 22 19:01:31 2023 titicaca (Red) [Headshot] !TITAN - ADAR48 (Blue)
Thu Jun 22 19:01:36 2023 [Global] !TITAN - ADAR48 (Blue): dude
Thu Jun 22 19:01:38 2023 titicaca picked up Blue's Intel.
Thu Jun 22 19:01:39 2023 gamer (Blue) [Headshot] cratchet9868 (Red)
Thu Jun 22 19:01:41 2023 titicaca (Red) [Grenade] System.out (Blue)
Thu Jun 22 19:01:41 2023 [Global] !TITAN - ADAR48 (Blue): my team is like doing nothing
Thu Jun 22 19:01:43 2023 titicaca dropped Blue's Intel
Thu Jun 22 19:01:43 2023 Killua (Blue) [Headshot] titicaca (Red)
Thu Jun 22 19:01:44 2023 gamer (Blue) [Headshot] Quark (Red)
Thu Jun 22 19:01:45 2023 Killua (Blue) [SMG] Jiggle-o (Red)
Thu Jun 22 19:01:46 2023  Visit our community forums at https://aloha.pk/
Thu Jun 22 19:01:49 2023 [Global] titicaca (Red): :(
Thu Jun 22 19:01:51 2023 cuntgumper (Red) [SMG] Killua (Blue)
Thu Jun 22 19:01:57 2023 wicky picked up Blue's Intel.
Thu Jun 22 19:01:57 2023 Goldorak (Red) [SMG] gamer (Blue)
Thu Jun 22 19:02:05 2023 Goldorak (Red) [Headshot] !TITAN - ADAR48 (Blue)
Thu Jun 22 19:02:06 2023 Gustavo (Blue) [Headshot] Goldorak (Red)
Thu Jun 22 19:02:08 2023 [Global] titicaca (Red): idk but they keep showing up in the maze and shooting our bridge >:(
Thu Jun 22 19:02:16 2023  Come chat with us at https://discord.aloha.pk/
Thu Jun 22 19:02:16 2023 cuntgumper (Red) [Grenade] Killua (Blue)
Thu Jun 22 19:02:16 2023 cuntgumper (Red) [Grenade] petar (Blue)
Thu Jun 22 19:02:20 2023 !TITAN - ADAR48 (Blue) [Headshot] cuntgumper (Red)
Thu Jun 22 19:02:23 2023 gamer (Blue) [Grenade]
Thu Jun 22 19:02:24 2023 wicky captured Blue's Intel.
Thu Jun 22 19:02:24 2023  With 1331 blocks placed, titicaca is granted the right to unleash the apocalypse.
Thu Jun 22 19:02:27 2023 cratchet9868 picked up Blue's Intel.
Thu Jun 22 19:02:29 2023 Gustavo (Blue) [Headshot] Jiggle-o (Red)
Thu Jun 22 19:02:38 2023 Goldorak (Red) [SMG] !TITAN - ADAR48 (Blue)
Thu Jun 22 19:02:43 2023 Jiggle-o (Red) [Weapon Change]
Thu Jun 22 19:02:46 2023  If you believe a player is breaking the rules, please let us know with /ADMIN
Thu Jun 22 19:02:47 2023 Goldorak (Red) [Headshot] gamer (Blue)
Thu Jun 22 19:02:47 2023 Goldorak (Red) [Headshot] System.out (Blue)
Thu Jun 22 19:02:48 2023 Gustavo (Blue) [Headshot] XxGhostALONExX (Red)
Thu Jun 22 19:02:52 2023 wicky (Red) [Headshot] Niko (Blue)
Thu Jun 22 19:02:53 2023  titicaca has unleashed an apocalypse from God.
Thu Jun 22 19:02:54 2023 cratchet9868 captured Blue's Intel.
Thu Jun 22 19:02:55 2023  The apocalypse begins in 5
Thu Jun 22 19:02:56 2023  The apocalypse begins in 4
Thu Jun 22 19:02:57 2023  The apocalypse begins in 3
Thu Jun 22 19:02:58 2023  The apocalypse begins in 2
Thu Jun 22 19:02:59 2023 cuntgumper picked up Blue's Intel.
Thu Jun 22 19:02:59 2023  The apocalypse begins in 1
Thu Jun 22 19:02:59 2023 petar (Blue) [SMG] Goldorak (Red)
Thu Jun 22 19:03:04 2023 titicaca (Red) [Grenade] !TITAN - ADAR48 (Blue)
Thu Jun 22 19:03:04 2023 titicaca (Red) [Grenade] petar (Blue)
Thu Jun 22 19:03:04 2023 titicaca (Red) [Grenade] Niko (Blue)
Thu Jun 22 19:03:05 2023 titicaca (Red) [Grenade] gamer (Blue)
Thu Jun 22 19:03:06 2023 titicaca (Red) [Grenade] Gustavo (Blue)
Thu Jun 22 19:03:11 2023 Nick9001 joined Blue team
Thu Jun 22 19:03:11 2023 Pepe (Blue) [Headshot] XxGhostALONExX (Red)
Thu Jun 22 19:03:14 2023  The apocalypse has ended.
Thu Jun 22 19:03:14 2023 !TITAN - ADAR48 joined Red team
Thu Jun 22 19:03:16 2023  Mahalo for playing aloha.pk tower of babel
Thu Jun 22 19:03:17 2023 Killua (Blue) [Headshot] wicky (Red)
Thu Jun 22 19:03:18 2023 Gustavo (Blue) [Weapon Change]
Thu Jun 22 19:03:22 2023 Pepe (Blue) [Fall]
Thu Jun 22 19:03:24 2023 cuntgumper captured Blue's Intel.
Thu Jun 22 19:03:26 2023 [Global] wicky (Red): minors
Thu Jun 22 19:03:32 2023 [Global] wicky (Red): at our towere
Thu Jun 22 19:03:37 2023 MetalPizzaBox joined Red team
Thu Jun 22 19:03:40 2023 petar (Blue) [Fall]
Thu Jun 22 19:03:42 2023 Killua (Blue) [Headshot] XxGhostALONExX (Red)
Thu Jun 22 19:03:46 2023  Build a tower to get the enemy's intel. Take it to your team's tent to win!
Thu Jun 22 19:03:48 2023 !TITAN - ADAR48 (Red) [Headshot] System.out (Blue)
Thu Jun 22 19:03:49 2023 !TITAN - ADAR48 (Red) [Headshot] Harry (Blue)
Thu Jun 22 19:03:50 2023 !TITAN - ADAR48 (Red) [Headshot] Gustavo (Blue)
Thu Jun 22 19:03:52 2023 !TITAN - ADAR48 (Red) [Headshot] Niko (Blue)
Thu Jun 22 19:03:55 2023 Killua (Blue) [Headshot] wicky (Red)
Thu Jun 22 19:03:55 2023 You must be closer to the enemy's base to shoot blocks!
Thu Jun 22 19:03:57 2023 !TITAN - ADAR48 (Red) [Headshot] System.out (Blue)
Thu Jun 22 19:03:57 2023 Killua (Blue) [Headshot] cratchet9868 (Red)
Thu Jun 22 19:04:06 2023 !TITAN - ADAR48 (Red) [Headshot] Harry (Blue)
Thu Jun 22 19:04:06 2023 Pepe (Blue) [Headshot] Quark (Red)
Thu Jun 22 19:04:07 2023 gamer (Blue) [Headshot] wicky (Red)
Thu Jun 22 19:04:08 2023 Disconnecting
