Fri Apr 14 08:01:40 2023 ------ World Loaded ------
Fri Apr 14 08:01:40 2023 ralph31 (Blue) [SMG] FISH (Red)
Fri Apr 14 08:01:40 2023 [Global] Dr. Mailetz III (Blue): yes quick refil - 9 usd but standard refil only 4/99
Fri Apr 14 08:01:40 2023 Player Restituorr has left
Fri Apr 14 08:01:40 2023 HEISENBERG (Red) [Headshot] ralph31 (Blue)
Fri Apr 14 08:01:40 2023 Welcome to aloha.pk tower of babel
Fri Apr 14 08:01:40 2023 [Global] Hompy (Red): xd
Fri Apr 14 08:01:41 2023 HEISENBERG (Red) [Fall]
Fri Apr 14 08:01:42 2023 Map: godstairs2.0 by israelleelll
Fri Apr 14 08:01:44 2023 Game mode: Tower of Babel by Yourself, modified by izzy
Fri Apr 14 08:01:45 2023 [Global] ralph31 (Blue): o_O
Fri Apr 14 08:01:46 2023 Build a tower to get the enemy's intel. Take it to your team's tent to win!
Fri Apr 14 08:01:47 2023 T-2000 (Blue) [Headshot] Wroom Wroom (Red)
Fri Apr 14 08:01:48 2023 Visit our community forums at https://aloha.pk/
Fri Apr 14 08:01:48 2023 [Global] HEISENBERG (Red): xD
Fri Apr 14 08:01:50 2023 Come chat with us at https://discord.aloha.pk/
Fri Apr 14 08:01:53 2023  Mahalo for playing aloha.pk tower of babel
Fri Apr 14 08:01:54 2023 Hompy (Red) [Headshot] Dr. Mailetz III (Blue)
Fri Apr 14 08:01:55 2023 HEISENBERG (Red) [Headshot] T-2000 (Blue)
Fri Apr 14 08:02:00 2023 [Global] Dr. Mailetz III (Blue): i cant hopy
Fri Apr 14 08:02:00 2023 Hompy picked up Blue's Intel.
Fri Apr 14 08:02:04 2023 HEISENBERG (Red) [Headshot] Lame Duck (Blue)
Fri Apr 14 08:02:05 2023 Wroom Wroom (Red) [Fall]
Fri Apr 14 08:02:07 2023 [Global] Dr. Mailetz III (Blue): gg
Fri Apr 14 08:02:08 2023 BenDoover joined Blue team
Fri Apr 14 08:02:09 2023 Player Dr. Mailetz III has left
Fri Apr 14 08:02:14 2023 ralph31 (Blue) [Headshot] FISH (Red)
Fri Apr 14 08:02:20 2023 HEISENBERG (Red) [Rifle] T-2000 (Blue)
Fri Apr 14 08:02:20 2023 [2ch] Suiten joined Blue team
Fri Apr 14 08:02:22 2023 Hompy captured Blue's Intel.
Fri Apr 14 08:02:22 2023 HEISENBERG (Red) [Headshot] ralph31 (Blue)
Fri Apr 14 08:02:23 2023  Build a tower to get the enemy's intel. Take it to your team's tent to win!
Fri Apr 14 08:02:43 2023 Hompy (Red) [Rifle] comedor (Blue)
Fri Apr 14 08:02:44 2023 BenDoover (Blue) [Headshot] Harry (Red)
Fri Apr 14 08:02:46 2023 ralph31 (Blue) [SMG] HEISENBERG (Red)
Fri Apr 14 08:02:51 2023 T-2000 (Blue) [Headshot] Wroom Wroom (Red)
Fri Apr 14 08:02:52 2023 ralph31 (Blue) [SMG] FISH (Red)
Fri Apr 14 08:02:53 2023  Type /HELP for info & commands
Fri Apr 14 08:02:57 2023 HEISENBERG (Red) [Headshot] Lame Duck (Blue)
Fri Apr 14 08:03:00 2023 Hompy (Red) [Rifle] [2ch] Suiten (Blue)
Fri Apr 14 08:03:03 2023 Lame Duck (Blue) [Headshot] Hompy (Red)
Fri Apr 14 08:03:07 2023 HEISENBERG (Red) [Headshot] ralph31 (Blue)
Fri Apr 14 08:03:08 2023 HEISENBERG (Red) [Headshot] BenDoover (Blue)
Fri Apr 14 08:03:11 2023 FilozofJ00r joined Blue team
Fri Apr 14 08:03:23 2023  Visit our community forums at https://aloha.pk/
Fri Apr 14 08:03:23 2023 Lame Duck (Blue) [Headshot] Harry (Red)
Fri Apr 14 08:03:28 2023 Lame Duck (Blue) [SMG] FISH (Red)
Fri Apr 14 08:03:31 2023 ralph31 (Blue) [Headshot] HEISENBERG (Red)
Fri Apr 14 08:03:32 2023 Czifrik joined Red team
Fri Apr 14 08:03:35 2023 Wroom Wroom (Red) [Headshot] ralph31 (Blue)
Fri Apr 14 08:03:36 2023 [Team] HEISENBERG (Red): blue bottom
Fri Apr 14 08:03:43 2023 Wroom Wroom (Red) [Headshot] FilozofJ00r (Blue)
Fri Apr 14 08:03:46 2023 Czifrik (Red) [Grenade] Lame Duck (Blue)
Fri Apr 14 08:03:53 2023  Come chat with us at https://discord.aloha.pk/
Fri Apr 14 08:03:54 2023 Hompy (Red) [Headshot] BenDoover (Blue)
Fri Apr 14 08:03:56 2023 Hompy (Red) [Headshot] FilozofJ00r (Blue)
Fri Apr 14 08:03:57 2023 Player BenDoover has left
Fri Apr 14 08:03:58 2023 ralph31 (Blue) [Headshot] Harry (Red)
Fri Apr 14 08:03:59 2023 ralph31 (Blue) [SMG] FISH (Red)
Fri Apr 14 08:04:03 2023 ralph31 (Blue) [SMG] Czifrik (Red)
Fri Apr 14 08:04:04 2023 ralph31 (Blue) [SMG] HEISENBERG (Red)
Fri Apr 14 08:04:09 2023 mercur1c joined Blue team
Fri Apr 14 08:04:13 2023 ralph31 (Blue) [Headshot] Harry (Red)
Fri Apr 14 08:04:16 2023 Hompy picked up Blue's Intel.
Fri Apr 14 08:04:19 2023 Wroom Wroom (Red) [Headshot] ralph31 (Blue)
Fri Apr 14 08:04:23 2023  If you believe a player is breaking the rules, please let us know with /ADMIN
Fri Apr 14 08:04:23 2023 Player Czifrik has left
Fri Apr 14 08:04:26 2023 mercur1c (Blue) [Rifle] Wroom Wroom (Red)
Fri Apr 14 08:04:29 2023 BenDoover joined Red team
Fri Apr 14 08:04:36 2023 Hompy captured Blue's Intel.
Fri Apr 14 08:04:38 2023 PETN joined Blue team
Fri Apr 14 08:04:44 2023 HEISENBERG (Red) [Grenade] Lame Duck (Blue)
Fri Apr 14 08:04:47 2023 [Global] HEISENBERG (Red): boom
Fri Apr 14 08:04:50 2023 FilozofJ00r (Blue) [Headshot] Harry (Red)
Fri Apr 14 08:04:52 2023 FilozofJ00r (Blue) [Headshot] FISH (Red)
Fri Apr 14 08:04:53 2023  Mahalo for playing aloha.pk tower of babel
Fri Apr 14 08:04:56 2023 [Global] HEISENBERG (Red): blue player under tower?
Fri Apr 14 08:04:59 2023 Wroom Wroom (Red) [Headshot] ralph31 (Blue)
Fri Apr 14 08:05:07 2023 Player PETN has left
Fri Apr 14 08:05:09 2023 Wroom Wroom (Red) [Headshot] T-2000 (Blue)
Fri Apr 14 08:05:14 2023 ralph31 (Blue) [Grenade] BenDoover (Red)
Fri Apr 14 08:05:20 2023 Player FISH has left
Fri Apr 14 08:05:23 2023  Build a tower to get the enemy's intel. Take it to your team's tent to win!
Fri Apr 14 08:05:29 2023 ralph31 (Blue) [SMG] Hompy (Red)
Fri Apr 14 08:05:30 2023 Player Hompy has left
Fri Apr 14 08:05:36 2023 BenDoover (Red) [Shotgun] Lame Duck (Blue)
Fri Apr 14 08:05:42 2023 ralph31 (Blue) [Headshot] Wroom Wroom (Red)
Fri Apr 14 08:05:44 2023 HEISENBERG (Red) [Headshot] ralph31 (Blue)
Fri Apr 14 08:05:53 2023  Type /HELP for info & commands
Fri Apr 14 08:06:03 2023 ralph31 (Blue) [Headshot] Harry (Red)
Fri Apr 14 08:06:07 2023 ralph31 (Blue) [SMG] Wroom Wroom (Red)
Fri Apr 14 08:06:10 2023 [2ch] Suiten (Blue) [SMG] BenDoover (Red)
Fri Apr 14 08:06:12 2023 Player BenDoover has left
Fri Apr 14 08:06:13 2023 HEISENBERG (Red) [Rifle] T-2000 (Blue)
Fri Apr 14 08:06:23 2023  Visit our community forums at https://aloha.pk/
Fri Apr 14 08:06:26 2023 Wroom Wroom (Red) [Headshot] ralph31 (Blue)
Fri Apr 14 08:06:29 2023 Harry (Red) [Headshot] Lame Duck (Blue)
Fri Apr 14 08:06:39 2023 fish joined Red team
Fri Apr 14 08:06:40 2023 FilozofJ00r (Blue) [Headshot] Harry (Red)
Fri Apr 14 08:06:53 2023  Come chat with us at https://discord.aloha.pk/
Fri Apr 14 08:06:55 2023 ETERNITY-MUERTE joined Red team
Fri Apr 14 08:06:56 2023 Wroom Wroom (Red) [Fall]
Fri Apr 14 08:07:01 2023 ralph31 (Blue) [SMG] Harry (Red)
Fri Apr 14 08:07:10 2023 Lame Duck (Blue) [Headshot] fish (Red)
Fri Apr 14 08:07:14 2023 ralph31 (Blue) [Headshot] ETERNITY-MUERTE (Red)
Fri Apr 14 08:07:19 2023 Wroom Wroom (Red) [Headshot] ralph31 (Blue)
Fri Apr 14 08:07:23 2023  If you believe a player is breaking the rules, please let us know with /ADMIN
Fri Apr 14 08:07:25 2023 [2ch] Suiten (Blue) [Headshot] Wroom Wroom (Red)
Fri Apr 14 08:07:27 2023 [Global] ETERNITY-MUERTE (Red): alguien q hable español
Fri Apr 14 08:07:28 2023 HEISENBERG (Red) [Headshot] T-2000 (Blue)
Fri Apr 14 08:07:29 2023 HEISENBERG (Red) [Headshot] Lame Duck (Blue)
Fri Apr 14 08:07:29 2023 Harry (Red) [Headshot] [2ch] Suiten (Blue)
Fri Apr 14 08:07:30 2023 Player Wroom Wroom has left
Fri Apr 14 08:07:31 2023 Player fish has left
Fri Apr 14 08:07:39 2023 ralph31 (Blue) [Headshot] Harry (Red)
Fri Apr 14 08:07:53 2023  Mahalo for playing aloha.pk tower of babel
Fri Apr 14 08:08:06 2023 T-2000 (Blue) [Headshot] HEISENBERG (Red)
Fri Apr 14 08:08:13 2023 [Team] HEISENBERG (Red): blue under twoer
Fri Apr 14 08:08:13 2023 Harry (Red) [Headshot] ralph31 (Blue)
Fri Apr 14 08:08:23 2023  Build a tower to get the enemy's intel. Take it to your team's tent to win!
Fri Apr 14 08:08:24 2023 [Team] HEISENBERG (Red): we should cut the te
Fri Apr 14 08:08:27 2023 [Team] HEISENBERG (Red): tree
Fri Apr 14 08:08:35 2023 ralph31 (Blue) [Headshot] Harry (Red)
Fri Apr 14 08:08:38 2023 ETERNITY-MUERTE (Red) [SMG] comedor (Blue)
Fri Apr 14 08:08:44 2023 ralph31 (Blue) [SMG] HEISENBERG (Red)
Fri Apr 14 08:08:44 2023 ETERNITY-MUERTE (Red) [Headshot] [2ch] Suiten (Blue)
Fri Apr 14 08:08:46 2023 mercur1c (Blue) [Headshot] ETERNITY-MUERTE (Red)
Fri Apr 14 08:08:47 2023 [Team] HEISENBERG (Red): blue in tower
Fri Apr 14 08:08:48 2023 [Global] ETERNITY-MUERTE (Red): aaaaaa
Fri Apr 14 08:08:51 2023 ralph31 (Blue) [SMG] Harry (Red)
Fri Apr 14 08:08:53 2023  Type /HELP for info & commands
Fri Apr 14 08:09:01 2023 ralph31 (Blue) [SMG] HEISENBERG (Red)
Fri Apr 14 08:09:12 2023 ralph31 (Blue) [SMG] ETERNITY-MUERTE (Red)
Fri Apr 14 08:09:18 2023 ralph31 (Blue) [Headshot] Harry (Red)
Fri Apr 14 08:09:21 2023 [Global] ETERNITY-MUERTE (Red): za
Fri Apr 14 08:09:23 2023 [Global] ETERNITY-MUERTE (Red): a
Fri Apr 14 08:09:23 2023  Visit our community forums at https://aloha.pk/
Fri Apr 14 08:09:25 2023 [Global] ETERNITY-MUERTE (Red): de donde
Fri Apr 14 08:09:27 2023 HEISENBERG (Red) [Rifle] Lame Duck (Blue)
Fri Apr 14 08:09:32 2023 [2ch] Suiten (Blue) [Fall]
Fri Apr 14 08:09:33 2023 HEISENBERG (Red) [Headshot] mercur1c (Blue)
Fri Apr 14 08:09:34 2023 owo joined Red team
Fri Apr 14 08:09:36 2023 HEISENBERG (Red) [Headshot] ralph31 (Blue)
Fri Apr 14 08:09:37 2023 HEISENBERG (Red) [Headshot] comedor (Blue)
Fri Apr 14 08:09:51 2023 HEISENBERG (Red) [Headshot] ralph31 (Blue)
Fri Apr 14 08:09:53 2023  Come chat with us at https://discord.aloha.pk/
Fri Apr 14 08:09:53 2023 [Global] comedor (Blue): blue arvore
Fri Apr 14 08:09:54 2023 HEISENBERG (Red) [Headshot] [2ch] Suiten (Blue)
Fri Apr 14 08:10:03 2023 [2ch] Suiten (Blue) [Headshot] HEISENBERG (Red)
Fri Apr 14 08:10:13 2023 T-2000 (Blue) [Headshot] owo (Red)
Fri Apr 14 08:10:20 2023 praskaton joined Red team
Fri Apr 14 08:10:23 2023  If you believe a player is breaking the rules, please let us know with /ADMIN
Fri Apr 14 08:10:23 2023 ralph31 (Blue) [Headshot] Harry (Red)
Fri Apr 14 08:10:36 2023 HEISENBERG (Red) [Headshot] T-2000 (Blue)
Fri Apr 14 08:10:39 2023 ralph31 (Blue) [Headshot] Harry (Red)
Fri Apr 14 08:10:45 2023 HEISENBERG (Red) [Rifle] comedor (Blue)
Fri Apr 14 08:10:47 2023 praskaton (Red) [Grenade] Lame Duck (Blue)
Fri Apr 14 08:10:51 2023 ralph31 (Blue) [Headshot] owo (Red)
Fri Apr 14 08:10:52 2023 ETERNITY-MUERTE (Red) [Headshot] [2ch] Suiten (Blue)
Fri Apr 14 08:10:53 2023  Mahalo for playing aloha.pk tower of babel
Fri Apr 14 08:11:01 2023 ralph31 (Blue) [Grenade]
Fri Apr 14 08:11:02 2023 ETERNITY-MUERTE (Red) [SMG] comedor (Blue)
Fri Apr 14 08:11:04 2023 ETERNITY-MUERTE (Red) [Headshot] Lame Duck (Blue)
Fri Apr 14 08:11:09 2023 mercur1c (Blue) [Rifle] HEISENBERG (Red)
Fri Apr 14 08:11:12 2023 ETERNITY-MUERTE (Red) [SMG] FilozofJ00r (Blue)
Fri Apr 14 08:11:23 2023  Build a tower to get the enemy's intel. Take it to your team's tent to win!
Fri Apr 14 08:11:31 2023 HEISENBERG (Red) [Headshot] T-2000 (Blue)
Fri Apr 14 08:11:33 2023 ralph31 (Blue) [Headshot] owo (Red)
Fri Apr 14 08:11:37 2023 FilozofJ00r (Blue) [Headshot] praskaton (Red)
Fri Apr 14 08:11:38 2023 HEISENBERG (Red) [Headshot] ralph31 (Blue)
Fri Apr 14 08:11:39 2023 ETERNITY-MUERTE (Red) [SMG] mercur1c (Blue)
Fri Apr 14 08:11:41 2023 FilozofJ00r (Blue) [Headshot] HEISENBERG (Red)
Fri Apr 14 08:11:43 2023 Harry (Red) [Headshot] FilozofJ00r (Blue)
Fri Apr 14 08:11:46 2023 [Team] HEISENBERG (Red): top right window
Fri Apr 14 08:11:53 2023  Type /HELP for info & commands
Fri Apr 14 08:11:53 2023 [2ch] Suiten (Blue) [Melee] ETERNITY-MUERTE (Red)
Fri Apr 14 08:11:55 2023 mercur1c (Blue) [Headshot] Harry (Red)
Fri Apr 14 08:11:55 2023 [Global] ETERNITY-MUERTE (Red): aaaaaaaa
Fri Apr 14 08:11:57 2023 [Global] ETERNITY-MUERTE (Red): buena
Fri Apr 14 08:12:01 2023 praskaton (Red) [SMG] T-2000 (Blue)
Fri Apr 14 08:12:06 2023 [Global] ETERNITY-MUERTE (Red): ahora sal q voy por ti
Fri Apr 14 08:12:14 2023 [2ch] Suiten (Blue) [Headshot] ETERNITY-MUERTE (Red)
Fri Apr 14 08:12:16 2023 [Global] ETERNITY-MUERTE (Red): aaaaaaaaa
Fri Apr 14 08:12:16 2023 [2ch] Suiten (Blue) [Headshot] owo (Red)
Fri Apr 14 08:12:18 2023 lord_imrahil joined Spectator team
Fri Apr 14 08:12:20 2023 ralph31 (Blue) [Headshot] praskaton (Red)
Fri Apr 14 08:12:22 2023 Harry (Red) [Headshot] ralph31 (Blue)
Fri Apr 14 08:12:23 2023 [2ch] Suiten (Blue) [SMG] Harry (Red)
Fri Apr 14 08:12:23 2023 HEISENBERG (Red) [Headshot] [2ch] Suiten (Blue)
Fri Apr 14 08:12:23 2023  Visit our community forums at https://aloha.pk/
Fri Apr 14 08:12:24 2023 HEISENBERG (Red) [Headshot] comedor (Blue)
Fri Apr 14 08:12:33 2023 [Global] ETERNITY-MUERTE (Red): uffffffffffffffff q pro el heisen
Fri Apr 14 08:12:34 2023 Lame Duck (Blue) [Melee] HEISENBERG (Red)
Fri Apr 14 08:12:40 2023 You must be closer to the enemy's base to shoot blocks!
Fri Apr 14 08:12:50 2023 Harry (Red) [Headshot] ralph31 (Blue)
Fri Apr 14 08:12:50 2023 [Global] HEISENBERG (Red): blue meth make you pro
Fri Apr 14 08:12:51 2023 FilozofJ00r picked up Red's Intel.
Fri Apr 14 08:12:53 2023  Come chat with us at https://discord.aloha.pk/
Fri Apr 14 08:13:01 2023 Harry (Red) [Grenade] Lame Duck (Blue)
Fri Apr 14 08:13:01 2023 You must be closer to the enemy's base to grenade blocks!
Fri Apr 14 08:13:02 2023 FilozofJ00r dropped Red's Intel
Fri Apr 14 08:13:02 2023  The intel has returned to the heavens
Fri Apr 14 08:13:02 2023 FilozofJ00r (Blue) [Fall]
Fri Apr 14 08:13:04 2023 lord_imrahil joined Red team
Fri Apr 14 08:13:04 2023 ETERNITY-MUERTE (Red) [SMG] comedor (Blue)
Fri Apr 14 08:13:08 2023 mercur1c (Blue) [Headshot] praskaton (Red)
Fri Apr 14 08:13:10 2023 Player praskaton has left
Fri Apr 14 08:13:17 2023 ETERNITY-MUERTE (Red) [Headshot] [2ch] Suiten (Blue)
Fri Apr 14 08:13:21 2023 Lame Duck (Blue) [SMG] HEISENBERG (Red)
Fri Apr 14 08:13:23 2023 ETERNITY-MUERTE (Red) [SMG] mercur1c (Blue)
Fri Apr 14 08:13:23 2023  If you believe a player is breaking the rules, please let us know with /ADMIN
Fri Apr 14 08:13:23 2023 T-2000 (Blue) [SMG] Harry (Red)
Fri Apr 14 08:13:28 2023 PETN joined Red team
Fri Apr 14 08:13:36 2023 owo (Red) [Headshot] Lame Duck (Blue)
Fri Apr 14 08:13:36 2023 FilozofJ00r (Blue) [Headshot] owo (Red)
Fri Apr 14 08:13:38 2023 mercur1c (Blue) [Headshot] ETERNITY-MUERTE (Red)
Fri Apr 14 08:13:39 2023 Harry (Red) [Headshot] T-2000 (Blue)
Fri Apr 14 08:13:40 2023 [Global] ETERNITY-MUERTE (Red): a
Fri Apr 14 08:13:40 2023 owo (Red) [Weapon Change]
Fri Apr 14 08:13:42 2023 Player owo has left
Fri Apr 14 08:13:42 2023 Harry (Red) [Headshot] ralph31 (Blue)
Fri Apr 14 08:13:47 2023 neroh joined Red team
Fri Apr 14 08:13:53 2023  Mahalo for playing aloha.pk tower of babel
Fri Apr 14 08:13:58 2023 HEISENBERG (Red) [Headshot] [2ch] Suiten (Blue)
Fri Apr 14 08:14:02 2023 HEISENBERG (Red) [Headshot] ralph31 (Blue)
Fri Apr 14 08:14:03 2023 neroh (Red) [Rifle] comedor (Blue)
Fri Apr 14 08:14:06 2023 lord_imrahil (Red) [SMG] FilozofJ00r (Blue)
Fri Apr 14 08:14:12 2023 T-2000 (Blue) [Headshot] lord_imrahil (Red)
Fri Apr 14 08:14:13 2023 Lame Duck (Blue) [Headshot] HEISENBERG (Red)
Fri Apr 14 08:14:21 2023 T-2000 (Blue) [SMG] neroh (Red)
Fri Apr 14 08:14:23 2023  Build a tower to get the enemy's intel. Take it to your team's tent to win!
Fri Apr 14 08:14:25 2023 neroh (Red) [Weapon Change]
Fri Apr 14 08:14:26 2023 lord_imrahil (Red) [SMG] T-2000 (Blue)
Fri Apr 14 08:14:27 2023 [2ch] Suiten (Blue) [SMG] ETERNITY-MUERTE (Red)
Fri Apr 14 08:14:34 2023 PETN (Red) [SMG] [2ch] Suiten (Blue)
Fri Apr 14 08:14:37 2023 ralph31 (Blue) [SMG] HEISENBERG (Red)
Fri Apr 14 08:14:39 2023 [Global] ETERNITY-MUERTE (Red): buena petn
Fri Apr 14 08:14:40 2023 lord_imrahil (Red) [Headshot] ralph31 (Blue)
Fri Apr 14 08:14:45 2023 [Global] PETN (Red): :)
Fri Apr 14 08:14:45 2023 neroh (Red) [SMG] FilozofJ00r (Blue)
Fri Apr 14 08:14:48 2023 [Team] ETERNITY-MUERTE (Red): sube y perame alla
Fri Apr 14 08:14:52 2023 HEISENBERG (Red) [Headshot] Lame Duck (Blue)
Fri Apr 14 08:14:53 2023  Type /HELP for info & commands
Fri Apr 14 08:14:56 2023 mercur1c (Blue) [Headshot] lord_imrahil (Red)
Fri Apr 14 08:15:07 2023 T-2000 (Blue) [SMG] HEISENBERG (Red)
Fri Apr 14 08:15:11 2023 [Team] HEISENBERG (Red): blue right side
Fri Apr 14 08:15:14 2023 neroh (Red) [Headshot] T-2000 (Blue)
Fri Apr 14 08:15:17 2023 ralph31 (Blue) [Headshot] neroh (Red)
Fri Apr 14 08:15:21 2023 mercur1c (Blue) [Melee] Harry (Red)
Fri Apr 14 08:15:23 2023  Visit our community forums at https://aloha.pk/
Fri Apr 14 08:15:27 2023 HEISENBERG (Red) [Headshot] ralph31 (Blue)
Fri Apr 14 08:15:33 2023 [2ch] Suiten (Blue) [Headshot] ETERNITY-MUERTE (Red)
Fri Apr 14 08:15:34 2023 [Global] ETERNITY-MUERTE (Red): aaaaaa
Fri Apr 14 08:15:36 2023 Lame Duck (Blue) [Grenade] lord_imrahil (Red)
Fri Apr 14 08:15:37 2023 HEISENBERG (Red) [Fall]
Fri Apr 14 08:15:37 2023 neroh (Red) [Headshot] Lame Duck (Blue)
Fri Apr 14 08:15:39 2023 PETN (Red) [SMG] [2ch] Suiten (Blue)
Fri Apr 14 08:15:40 2023 comedor (Blue) [Headshot] PETN (Red)
Fri Apr 14 08:15:40 2023 [Global] HEISENBERG (Red): top center
Fri Apr 14 08:15:52 2023 Harry (Red) [Headshot] FilozofJ00r (Blue)
Fri Apr 14 08:15:53 2023 ralph31 (Blue) [Headshot] neroh (Red)
Fri Apr 14 08:15:53 2023  Come chat with us at https://discord.aloha.pk/
Fri Apr 14 08:15:55 2023 ralph31 (Blue) [Headshot] Harry (Red)
Fri Apr 14 08:16:04 2023 mercur1c (Blue) [Rifle]
Fri Apr 14 08:16:06 2023 HEISENBERG (Red) [Melee] T-2000 (Blue)
Fri Apr 14 08:16:14 2023 lord_imrahil (Red) [Headshot] ralph31 (Blue)
Fri Apr 14 08:16:15 2023 Player ralph31 has left
Fri Apr 14 08:16:23 2023  If you believe a player is breaking the rules, please let us know with /ADMIN
Fri Apr 14 08:16:23 2023 [2ch] Suiten (Blue) [Melee] ETERNITY-MUERTE (Red)
Fri Apr 14 08:16:24 2023 [Global] ETERNITY-MUERTE (Red): a
Fri Apr 14 08:16:31 2023 HEISENBERG (Red) [Headshot] T-2000 (Blue)
Fri Apr 14 08:16:34 2023 PETN (Red) [Headshot] FilozofJ00r (Blue)
Fri Apr 14 08:16:38 2023 PETN (Red) [Headshot] Lame Duck (Blue)
Fri Apr 14 08:16:44 2023 neroh (Red) [SMG] mercur1c (Blue)
Fri Apr 14 08:16:51 2023 [2ch] Suiten (Blue) [Headshot] Harry (Red)
Fri Apr 14 08:16:53 2023  Mahalo for playing aloha.pk tower of babel
Fri Apr 14 08:16:54 2023 neroh (Red) [SMG] [2ch] Suiten (Blue)
Fri Apr 14 08:16:57 2023 mercur1c (Blue) [Rifle] PETN (Red)
Fri Apr 14 08:17:00 2023 neroh (Red) [Headshot] Lame Duck (Blue)
Fri Apr 14 08:17:01 2023 FilozofJ00r (Blue) [Headshot] neroh (Red)
Fri Apr 14 08:17:02 2023 HEISENBERG (Red) [Headshot] Lame Duck (Blue)
Fri Apr 14 08:17:08 2023 lord_imrahil (Red) [Headshot] T-2000 (Blue)
Fri Apr 14 08:17:14 2023 neroh (Red) [Team Change]
Fri Apr 14 08:17:19 2023 Harry (Red) [Rifle] FilozofJ00r (Blue)
Fri Apr 14 08:17:21 2023 Lame Duck (Blue) [Headshot] HEISENBERG (Red)
Fri Apr 14 08:17:21 2023 ETERNITY-MUERTE (Red) [SMG] comedor (Blue)
Fri Apr 14 08:17:23 2023  Build a tower to get the enemy's intel. Take it to your team's tent to win!
Fri Apr 14 08:17:24 2023 T-2000 (Blue) [Headshot] lord_imrahil (Red)
Fri Apr 14 08:17:24 2023 neroh joined Blue team
Fri Apr 14 08:17:36 2023 Harry (Red) [Headshot] mercur1c (Blue)
Fri Apr 14 08:17:39 2023 Harry (Red) [Headshot] FilozofJ00r (Blue)
Fri Apr 14 08:17:40 2023 neroh (Blue) [SMG] Harry (Red)
Fri Apr 14 08:17:45 2023 lord_imrahil (Red) [SMG] T-2000 (Blue)
Fri Apr 14 08:17:53 2023  Type /HELP for info & commands
Fri Apr 14 08:18:00 2023 HEISENBERG (Red) [Headshot] Lame Duck (Blue)
Fri Apr 14 08:18:05 2023 HEISENBERG picked up Blue's Intel.
Fri Apr 14 08:18:13 2023 HEISENBERG dropped Blue's Intel
Fri Apr 14 08:18:16 2023 Harry (Red) [Headshot] FilozofJ00r (Blue)
Fri Apr 14 08:18:16 2023 HEISENBERG (Red) [Headshot] T-2000 (Blue)
Fri Apr 14 08:18:17 2023 Deuce(God) joined Red team
Fri Apr 14 08:18:23 2023  Visit our community forums at https://aloha.pk/
Fri Apr 14 08:18:28 2023 Lame Duck (Blue) [Headshot] lord_imrahil (Red)
Fri Apr 14 08:18:29 2023 HEISENBERG (Red) [Headshot] comedor (Blue)
Fri Apr 14 08:18:30 2023 HEISENBERG (Red) [Headshot] neroh (Blue)
Fri Apr 14 08:18:30 2023 Harry (Red) [Headshot] mercur1c (Blue)
Fri Apr 14 08:18:33 2023 ETERNITY-MUERTE (Red) [Headshot] [2ch] Suiten (Blue)
Fri Apr 14 08:18:36 2023 Lame Duck (Blue) [Headshot] PETN (Red)
Fri Apr 14 08:18:38 2023 mercur1c (Blue) [Headshot] HEISENBERG (Red)
Fri Apr 14 08:18:40 2023 [Global] HEISENBERG (Red): xD
Fri Apr 14 08:18:53 2023  Come chat with us at https://discord.aloha.pk/
Fri Apr 14 08:18:54 2023 ETERNITY-MUERTE (Red) [SMG] mercur1c (Blue)
Fri Apr 14 08:18:55 2023 [2ch] Suiten (Blue) [Headshot] Deuce(God) (Red)
Fri Apr 14 08:18:57 2023 PETN picked up Blue's Intel.
Fri Apr 14 08:19:07 2023 HEISENBERG (Red) [Headshot] FilozofJ00r (Blue)
Fri Apr 14 08:19:11 2023 HEISENBERG (Red) [Headshot] Lame Duck (Blue)
Fri Apr 14 08:19:11 2023 neroh (Blue) [SMG] HEISENBERG (Red)
Fri Apr 14 08:19:20 2023 matehalmi7 joined Blue team
Fri Apr 14 08:19:22 2023 PETN captured Blue's Intel.
Fri Apr 14 08:19:23 2023  If you believe a player is breaking the rules, please let us know with /ADMIN
Fri Apr 14 08:19:23 2023 HEISENBERG (Red) [Rifle] neroh (Blue)
Fri Apr 14 08:19:24 2023 mercur1c (Blue) [Headshot] Deuce(God) (Red)
Fri Apr 14 08:19:27 2023 [2ch] Suiten (Blue) [Headshot] ETERNITY-MUERTE (Red)
Fri Apr 14 08:19:30 2023 [Global] ETERNITY-MUERTE (Red): AAAAAAAAAAAAA
Fri Apr 14 08:19:38 2023 Newage joined Red team
Fri Apr 14 08:19:39 2023 HEISENBERG (Red) [Headshot] Lame Duck (Blue)
Fri Apr 14 08:19:42 2023 owo joined Red team
Fri Apr 14 08:19:42 2023 [Global] ETERNITY-MUERTE (Red): MODO FRANCOTIRADOR
Fri Apr 14 08:19:44 2023 HEISENBERG (Red) [Headshot] FilozofJ00r (Blue)
Fri Apr 14 08:19:50 2023 HEISENBERG (Red) [Headshot] [2ch] Suiten (Blue)
Fri Apr 14 08:19:53 2023  Mahalo for playing aloha.pk tower of babel
Fri Apr 14 08:19:55 2023 Player [2ch] Suiten has left
Fri Apr 14 08:19:56 2023 HEISENBERG picked up Blue's Intel.
Fri Apr 14 08:19:57 2023 SUPERMNK joined Blue team
Fri Apr 14 08:20:03 2023 HEISENBERG dropped Blue's Intel
Fri Apr 14 08:20:04 2023 ETERNITY-MUERTE (Red) [Headshot] matehalmi7 (Blue)
Fri Apr 14 08:20:07 2023 ETERNITY-MUERTE picked up Blue's Intel.
Fri Apr 14 08:20:09 2023 [Global] HEISENBERG (Red): xD
Fri Apr 14 08:20:11 2023 Player lord_imrahil has left
Fri Apr 14 08:20:13 2023 HEISENBERG (Red) [Headshot] Lame Duck (Blue)
Fri Apr 14 08:20:13 2023 FilozofJ00r (Blue) [Rifle] owo (Red)
Fri Apr 14 08:20:23 2023  Build a tower to get the enemy's intel. Take it to your team's tent to win!
Fri Apr 14 08:20:24 2023 ETERNITY-MUERTE (Red) [Headshot] mercur1c (Blue)
Fri Apr 14 08:20:24 2023 owo joined Blue team
Fri Apr 14 08:20:26 2023 HEISENBERG (Red) [Melee] comedor (Blue)
Fri Apr 14 08:20:34 2023 mercur1c (Blue) [Headshot] HEISENBERG (Red)
Fri Apr 14 08:20:37 2023 BenDoover joined Red team
Fri Apr 14 08:20:40 2023 FilozofJ00r (Blue) [Headshot] Newage (Red)
Fri Apr 14 08:20:42 2023 ETERNITY-MUERTE dropped Blue's Intel
Fri Apr 14 08:20:42 2023  The intel has returned to the heavens
Fri Apr 14 08:20:42 2023 neroh (Blue) [Headshot] ETERNITY-MUERTE (Red)
Fri Apr 14 08:20:43 2023 HEISENBERG (Red) [Headshot] FilozofJ00r (Blue)
Fri Apr 14 08:20:44 2023 [Global] ETERNITY-MUERTE (Red): a
Fri Apr 14 08:20:48 2023 mercur1c (Blue) [Melee] Harry (Red)
Fri Apr 14 08:20:49 2023 Deuce(God) (Red) [Headshot] matehalmi7 (Blue)
Fri Apr 14 08:20:53 2023  Type /HELP for info & commands
Fri Apr 14 08:20:56 2023 HEISENBERG (Red) [Headshot] neroh (Blue)
Fri Apr 14 08:20:56 2023 T-2000 (Blue) [SMG] HEISENBERG (Red)
Fri Apr 14 08:20:56 2023  ETERNITY-MUERTE was banned.
Fri Apr 14 08:20:56 2023 Player ETERNITY-MUERTE has left
Fri Apr 14 08:20:59 2023 BenDoover (Red) [SMG] T-2000 (Blue)
Fri Apr 14 08:21:16 2023 Harry (Red) [Headshot] owo (Blue)
Fri Apr 14 08:21:21 2023 FilozofJ00r (Blue) [Headshot] Harry (Red)
Fri Apr 14 08:21:23 2023  Visit our community forums at https://aloha.pk/
Fri Apr 14 08:21:25 2023 BenDoover (Red) [Headshot] FilozofJ00r (Blue)
Fri Apr 14 08:21:27 2023 Lame Duck picked up Red's Intel.
Fri Apr 14 08:21:37 2023 Deuce(God) (Red) [SMG] matehalmi7 (Blue)
Fri Apr 14 08:21:40 2023 HEISENBERG (Red) [Headshot] neroh (Blue)
Fri Apr 14 08:21:40 2023 BenDoover (Red) [SMG] comedor (Blue)
Fri Apr 14 08:21:44 2023 Lame Duck (Blue) [SMG] BenDoover (Red)
Fri Apr 14 08:21:52 2023 PETN (Red) [SMG] owo (Blue)
Fri Apr 14 08:21:53 2023  Come chat with us at https://discord.aloha.pk/
Fri Apr 14 08:21:57 2023 Player matehalmi7 has left
Fri Apr 14 08:21:59 2023 HEISENBERG (Red) [Headshot] comedor (Blue)
Fri Apr 14 08:22:00 2023 Lame Duck dropped Red's Intel
Fri Apr 14 08:22:00 2023  The intel has returned to the heavens
Fri Apr 14 08:22:00 2023 HEISENBERG (Red) [Headshot] Lame Duck (Blue)
Fri Apr 14 08:22:01 2023 Harry (Red) [Rifle] FilozofJ00r (Blue)
Fri Apr 14 08:22:02 2023 [Global] HEISENBERG (Red): xD
Fri Apr 14 08:22:06 2023 PETN (Red) [SMG] mercur1c (Blue)
Fri Apr 14 08:22:08 2023 neroh (Blue) [Headshot] PETN (Red)
Fri Apr 14 08:22:08 2023 Lame Duck (Blue) [Headshot] HEISENBERG (Red)
Fri Apr 14 08:22:18 2023 [Team] HEISENBERG (Red): we have to cut the blue tower from the top
Fri Apr 14 08:22:19 2023 neroh (Blue) [Headshot] BenDoover (Red)
Fri Apr 14 08:22:22 2023 Player FilozofJ00r has left
Fri Apr 14 08:22:23 2023  If you believe a player is breaking the rules, please let us know with /ADMIN
Fri Apr 14 08:22:24 2023 Player BenDoover has left
Fri Apr 14 08:22:33 2023 HEISENBERG (Red) [Headshot] neroh (Blue)
Fri Apr 14 08:22:36 2023 comedor (Blue) [Fall]
Fri Apr 14 08:22:37 2023 PETN (Red) [SMG] SUPERMNK (Blue)
Fri Apr 14 08:22:38 2023 mercur1c (Blue) [Melee] Harry (Red)
Fri Apr 14 08:22:39 2023 HEISENBERG (Red) [Grenade] T-2000 (Blue)
Fri Apr 14 08:22:40 2023 [Global] HEISENBERG (Red): boom
Fri Apr 14 08:22:45 2023 Lame Duck picked up Red's Intel.
Fri Apr 14 08:22:48 2023 BenDoover joined Red team
Fri Apr 14 08:22:53 2023 Lame Duck (Blue) [Headshot] HEISENBERG (Red)
Fri Apr 14 08:22:53 2023  Mahalo for playing aloha.pk tower of babel
Fri Apr 14 08:23:03 2023 neroh (Blue) [Headshot] Harry (Red)
Fri Apr 14 08:23:10 2023 neroh (Blue) [Headshot] BenDoover (Red)
Fri Apr 14 08:23:18 2023 neroh (Blue) [Headshot] HEISENBERG (Red)
Fri Apr 14 08:23:19 2023 Lame Duck captured Red's Intel.
Fri Apr 14 08:23:23 2023  Build a tower to get the enemy's intel. Take it to your team's tent to win!
Fri Apr 14 08:23:34 2023 Lame Duck (Blue) [SMG] Deuce(God) (Red)
Fri Apr 14 08:23:38 2023 HEISENBERG (Red) [Headshot] SUPERMNK (Blue)
Fri Apr 14 08:23:46 2023 Harry (Red) [Headshot] mercur1c (Blue)
Fri Apr 14 08:23:50 2023 T-2000 (Blue) [Headshot] HEISENBERG (Red)
Fri Apr 14 08:23:53 2023  Type /HELP for info & commands
Fri Apr 14 08:23:56 2023 [Global] HEISENBERG (Red): my team is afk right?
Fri Apr 14 08:23:57 2023 Harry (Red) [Headshot] SUPERMNK (Blue)
Fri Apr 14 08:24:05 2023 [Global] neroh (Blue): probably
Fri Apr 14 08:24:09 2023 [Global] HEISENBERG (Red): hmm
Fri Apr 14 08:24:14 2023 neroh (Blue) [Headshot] Newage (Red)
Fri Apr 14 08:24:14 2023 SUPERMNK (Blue) [Headshot] BenDoover (Red)
Fri Apr 14 08:24:16 2023 Deuce(God) (Red) [Headshot] owo (Blue)
Fri Apr 14 08:24:16 2023 neroh (Blue) [Headshot] HEISENBERG (Red)
Fri Apr 14 08:24:17 2023 neroh (Blue) [SMG] Deuce(God) (Red)
Fri Apr 14 08:24:20 2023 Lame Duck picked up Red's Intel.
Fri Apr 14 08:24:21 2023 [Global] BenDoover (Red): how do i change weps lads
Fri Apr 14 08:24:23 2023  Visit our community forums at https://aloha.pk/
Fri Apr 14 08:24:24 2023 Joel joined Blue team
Fri Apr 14 08:24:28 2023 HEISENBERG (Red) [Headshot] neroh (Blue)
Fri Apr 14 08:24:28 2023 Lame Duck (Blue) [Headshot] Harry (Red)
Fri Apr 14 08:24:33 2023 [Global] HEISENBERG (Red): what client?
Fri Apr 14 08:24:35 2023 Hompy joined Red team
Fri Apr 14 08:24:45 2023 Lame Duck captured Red's Intel.
Fri Apr 14 08:24:46 2023 SUPERMNK (Blue) [Melee] PETN (Red)
Fri Apr 14 08:24:53 2023  Come chat with us at https://discord.aloha.pk/
Fri Apr 14 08:24:54 2023 Hompy (Red) [SMG] SUPERMNK (Blue)
Fri Apr 14 08:24:57 2023 T-2000 (Blue) [SMG] HEISENBERG (Red)
Fri Apr 14 08:24:58 2023 BenDoover (Red) [Weapon Change]
Fri Apr 14 08:25:01 2023 neroh (Blue) [Headshot] Harry (Red)
Fri Apr 14 08:25:03 2023 [Global] BenDoover (Red): nvm got it workin :D
Fri Apr 14 08:25:09 2023 Lame Duck picked up Red's Intel.
Fri Apr 14 08:25:10 2023 neroh (Blue) [SMG] PETN (Red)
Fri Apr 14 08:25:17 2023 Player mercur1c has left
Fri Apr 14 08:25:20 2023 BenDoover (Red) [Headshot] Joel (Blue)
Fri Apr 14 08:25:23 2023  If you believe a player is breaking the rules, please let us know with /ADMIN
Fri Apr 14 08:25:28 2023 neroh (Blue) [SMG] BenDoover (Red)
Fri Apr 14 08:25:31 2023 owo (Blue) [Headshot] HEISENBERG (Red)
Fri Apr 14 08:25:33 2023 mercur1c joined Blue team
Fri Apr 14 08:25:39 2023 [Team] BenDoover (Red): .,,,MM.
Fri Apr 14 08:25:41 2023 Lame Duck captured Red's Intel.
Fri Apr 14 08:25:44 2023 Deuce(God) (Red) [Headshot] mercur1c (Blue)
Fri Apr 14 08:25:46 2023 BenDoover (Red) [Weapon Change]
Fri Apr 14 08:25:47 2023 Harry (Red) [Headshot] neroh (Blue)
Fri Apr 14 08:25:50 2023 Joel picked up Red's Intel.
Fri Apr 14 08:25:52 2023 Deuce(God) (Red) [Headshot] Lame Duck (Blue)
Fri Apr 14 08:25:53 2023 owo (Blue) [Melee] HEISENBERG (Red)
Fri Apr 14 08:25:53 2023  Mahalo for playing aloha.pk tower of babel
Fri Apr 14 08:25:54 2023 mercur1c (Blue) [Melee] Deuce(God) (Red)
Fri Apr 14 08:25:57 2023 Player Deuce(God) has left
Fri Apr 14 08:26:00 2023 SUPERMNK (Blue) [Fall]
Fri Apr 14 08:26:11 2023 neroh (Blue) [SMG] Hompy (Red)
Fri Apr 14 08:26:12 2023 PETN (Red) [SMG] owo (Blue)
Fri Apr 14 08:26:17 2023 builder joined Red team
Fri Apr 14 08:26:18 2023 Joel captured Red's Intel.
Fri Apr 14 08:26:19 2023 Harry (Red) [Headshot] SUPERMNK (Blue)
Fri Apr 14 08:26:23 2023  Build a tower to get the enemy's intel. Take it to your team's tent to win!
Fri Apr 14 08:26:29 2023 Harry (Red) [Headshot] neroh (Blue)
Fri Apr 14 08:26:30 2023 Lame Duck (Blue) [Headshot] HEISENBERG (Red)
Fri Apr 14 08:26:32 2023 Joel (Blue) [Rifle] Harry (Red)
Fri Apr 14 08:26:34 2023 owo (Blue) [Grenade] BenDoover (Red)
Fri Apr 14 08:26:35 2023 owo (Blue) [Grenade]
Fri Apr 14 08:26:37 2023 Lame Duck picked up Red's Intel.
Fri Apr 14 08:26:38 2023 [Global] HEISENBERG (Red): my team is a f joke haha
Fri Apr 14 08:26:41 2023 BenDoover (Red) [Weapon Change]
Fri Apr 14 08:26:44 2023 Lame Duck (Blue) [Grenade] Harry (Red)
Fri Apr 14 08:26:50 2023 [Global] Hompy (Red): ☺
Fri Apr 14 08:26:53 2023  Type /HELP for info & commands
Fri Apr 14 08:26:54 2023 builder (Red) [Headshot] Joel (Blue)
Fri Apr 14 08:27:00 2023 [Global] owo (Blue): horny
Fri Apr 14 08:27:09 2023 HEISENBERG (Red) [Headshot] owo (Blue)
Fri Apr 14 08:27:13 2023 owo (Blue) [Weapon Change]
Fri Apr 14 08:27:18 2023 HEISENBERG (Red) [Headshot] mercur1c (Blue)
Fri Apr 14 08:27:18 2023 Lame Duck captured Red's Intel.
Fri Apr 14 08:27:18 2023  With 122 blocks placed, mercur1c is granted the right to unleash the apocalypse.
Fri Apr 14 08:27:20 2023 Hompy (Red) [SMG] Lame Duck (Blue)
Fri Apr 14 08:27:20 2023 You must be closer to the enemy's base to grenade blocks!
Fri Apr 14 08:27:21 2023  mercur1c has unleashed an apocalypse from God.
Fri Apr 14 08:27:22 2023 SUPERMNK picked up Red's Intel.
Fri Apr 14 08:27:23 2023  The apocalypse begins in 5
Fri Apr 14 08:27:23 2023 You must be closer to the enemy's base to shoot blocks!
Fri Apr 14 08:27:23 2023  Visit our community forums at https://aloha.pk/
Fri Apr 14 08:27:24 2023  The apocalypse begins in 4
Fri Apr 14 08:27:25 2023  The apocalypse begins in 3
Fri Apr 14 08:27:26 2023  The apocalypse begins in 2
Fri Apr 14 08:27:27 2023  The apocalypse begins in 1
Fri Apr 14 08:27:27 2023 Harry (Red) [Headshot] neroh (Blue)
Fri Apr 14 08:27:27 2023 Hompy (Red) [Headshot] Lame Duck (Blue)
Fri Apr 14 08:27:28 2023 Hompy (Red) [Headshot] owo (Blue)
Fri Apr 14 08:27:29 2023 mercur1c (Blue) [Grenade] Harry (Red)
Fri Apr 14 08:27:30 2023 mercur1c (Blue) [Rifle] Hompy (Red)
Fri Apr 14 08:27:30 2023 BenDoover (Red) [SMG] Joel (Blue)
Fri Apr 14 08:27:31 2023 mercur1c (Blue) [Grenade] builder (Red)
Fri Apr 14 08:27:35 2023 mercur1c (Blue) [Grenade] HEISENBERG (Red)
Fri Apr 14 08:27:36 2023 Player Newage has left
Fri Apr 14 08:27:40 2023 [Global] Hompy (Red): ALARM
Fri Apr 14 08:27:41 2023  The apocalypse has ended.
Fri Apr 14 08:27:42 2023 BenDoover (Red) [SMG] neroh (Blue)
Fri Apr 14 08:27:47 2023 BenDoover (Red) [Headshot] Joel (Blue)
Fri Apr 14 08:27:48 2023 SUPERMNK dropped Red's Intel
Fri Apr 14 08:27:48 2023  The intel has returned to the heavens
Fri Apr 14 08:27:48 2023 SUPERMNK (Blue) [Fall]
Fri Apr 14 08:27:53 2023  Come chat with us at https://discord.aloha.pk/
Fri Apr 14 08:27:55 2023 neroh (Blue) [Headshot] BenDoover (Red)
Fri Apr 14 08:27:57 2023 T-2000 (Blue) [Headshot] HEISENBERG (Red)
Fri Apr 14 08:28:01 2023 Player owo has left
Fri Apr 14 08:28:04 2023 Lame Duck picked up Red's Intel.
Fri Apr 14 08:28:07 2023 Hompy (Red) [SMG] T-2000 (Blue)
Fri Apr 14 08:28:08 2023 mercur1c (Blue) [Headshot] Harry (Red)
Fri Apr 14 08:28:10 2023 Lame Duck (Blue) [Grenade] Hompy (Red)
Fri Apr 14 08:28:11 2023 builder (Red) [SMG] neroh (Blue)
Fri Apr 14 08:28:13 2023 Player Hompy has left
Fri Apr 14 08:28:23 2023  If you believe a player is breaking the rules, please let us know with /ADMIN
Fri Apr 14 08:28:24 2023 neroh (Blue) [Headshot] builder (Red)
Fri Apr 14 08:28:29 2023 SUPERMNK (Blue) [Fall]
Fri Apr 14 08:28:34 2023 HEISENBERG (Red) [Headshot] neroh (Blue)
Fri Apr 14 08:28:37 2023 BenDoover (Red) [Headshot] T-2000 (Blue)
Fri Apr 14 08:28:38 2023 builder (Red) [SMG] Joel (Blue)
Fri Apr 14 08:28:38 2023 Lame Duck captured Red's Intel.
Fri Apr 14 08:28:50 2023 SUPERMNK (Blue) [Headshot] BenDoover (Red)
Fri Apr 14 08:28:53 2023  Mahalo for playing aloha.pk tower of babel
Fri Apr 14 08:28:57 2023 SUPERMNK (Blue) [Headshot] builder (Red)
Fri Apr 14 08:29:05 2023 Harry (Red) [Headshot] Lame Duck (Blue)
Fri Apr 14 08:29:08 2023 neroh (Blue) [Headshot] Harry (Red)
Fri Apr 14 08:29:11 2023 Joel picked up Red's Intel.
Fri Apr 14 08:29:19 2023 Lame Duck (Blue) [Headshot] HEISENBERG (Red)
Fri Apr 14 08:29:23 2023  Build a tower to get the enemy's intel. Take it to your team's tent to win!
Fri Apr 14 08:29:35 2023 HEISENBERG (Red) [Rifle] mercur1c (Blue)
Fri Apr 14 08:29:35 2023 Joel captured Red's Intel.
Fri Apr 14 08:29:42 2023 neroh (Blue) [Headshot] Harry (Red)
Fri Apr 14 08:29:43 2023 HEISENBERG (Red) [Headshot] Lame Duck (Blue)
Fri Apr 14 08:29:47 2023 neroh (Blue) [SMG] HEISENBERG (Red)
Fri Apr 14 08:29:52 2023 [Global] neroh (Blue): lol 1 hp
Fri Apr 14 08:29:53 2023  Type /HELP for info & commands
Fri Apr 14 08:29:55 2023 [Global] HEISENBERG (Red): nice
Fri Apr 14 08:29:56 2023 PETN (Red) [SMG] Lame Duck (Blue)
Fri Apr 14 08:30:00 2023 PETN (Red) [Headshot] mercur1c (Blue)
Fri Apr 14 08:30:03 2023 mercur1c (Blue) [Headshot] PETN (Red)
Fri Apr 14 08:30:16 2023 mercur1c (Blue) [Melee] builder (Red)
Fri Apr 14 08:30:18 2023 Harry (Red) [Headshot] neroh (Blue)
Fri Apr 14 08:30:18 2023 T-2000 (Blue) [SMG] HEISENBERG (Red)
Fri Apr 14 08:30:23 2023  Visit our community forums at https://aloha.pk/
Fri Apr 14 08:30:27 2023 PETN (Red) [Headshot] SUPERMNK (Blue)
Fri Apr 14 08:30:28 2023 Lame Duck picked up Red's Intel.
Fri Apr 14 08:30:31 2023 neroh (Blue) [Headshot] Harry (Red)
Fri Apr 14 08:30:42 2023 SUPERMNK (Blue) [Headshot] BenDoover (Red)
Fri Apr 14 08:30:44 2023 Player BenDoover has left
Fri Apr 14 08:30:44 2023 HEISENBERG (Red) [Rifle] T-2000 (Blue)
Fri Apr 14 08:30:49 2023 HEISENBERG (Red) [Headshot] Joel (Blue)
Fri Apr 14 08:30:53 2023  Come chat with us at https://discord.aloha.pk/
Fri Apr 14 08:30:56 2023 Lame Duck captured Red's Intel.
Fri Apr 14 08:30:59 2023 SUPERMNK (Blue) [Headshot] HEISENBERG (Red)
Fri Apr 14 08:31:04 2023 PETN (Red) [Headshot] T-2000 (Blue)
Fri Apr 14 08:31:06 2023 PETN (Red) [Headshot] SUPERMNK (Blue)
Fri Apr 14 08:31:08 2023 SUPERMNK (Blue) [Grenade] PETN (Red)
Fri Apr 14 08:31:10 2023 Player HEISENBERG has left
Fri Apr 14 08:31:23 2023  If you believe a player is breaking the rules, please let us know with /ADMIN
Fri Apr 14 08:31:26 2023 builder (Red) [SMG] neroh (Blue)
Fri Apr 14 08:31:26 2023 Lame Duck (Blue) [Headshot] PETN (Red)
Fri Apr 14 08:31:38 2023 Lame Duck (Blue) [Headshot] Harry (Red)
Fri Apr 14 08:31:42 2023 [Global] neroh (Blue): lol why's there only 3 people on your team...
Fri Apr 14 08:31:51 2023 mercur1c picked up Red's Intel.
Fri Apr 14 08:31:53 2023  Mahalo for playing aloha.pk tower of babel
Fri Apr 14 08:31:55 2023 Harry (Red) [Headshot] Lame Duck (Blue)
Fri Apr 14 08:32:04 2023 PETN (Red) [Headshot] SUPERMNK (Blue)
Fri Apr 14 08:32:10 2023 FilozofJ00r joined Red team
Fri Apr 14 08:32:16 2023 mercur1c dropped Red's Intel
Fri Apr 14 08:32:16 2023  The intel has returned to the heavens
Fri Apr 14 08:32:16 2023 Harry (Red) [Headshot] mercur1c (Blue)
Fri Apr 14 08:32:22 2023 Harry (Red) [Headshot] neroh (Blue)
Fri Apr 14 08:32:23 2023  Build a tower to get the enemy's intel. Take it to your team's tent to win!
Fri Apr 14 08:32:26 2023 Harry (Red) [Headshot] Lame Duck (Blue)
Fri Apr 14 08:32:29 2023 Player neroh has left
Fri Apr 14 08:32:35 2023 Harry (Red) [Headshot] Joel (Blue)
Fri Apr 14 08:32:36 2023 PETN (Red) [SMG] comedor (Blue)
Fri Apr 14 08:32:50 2023 builder (Red) [SMG] SUPERMNK (Blue)
Fri Apr 14 08:32:53 2023  Type /HELP for info & commands
Fri Apr 14 08:32:58 2023 Lame Duck picked up Red's Intel.
Fri Apr 14 08:33:05 2023 builder (Red) [SMG] SUPERMNK (Blue)
Fri Apr 14 08:33:13 2023 mercur1c (Blue) [Headshot] Harry (Red)
Fri Apr 14 08:33:16 2023 builder (Red) [Headshot] SUPERMNK (Blue)
Fri Apr 14 08:33:23 2023  Visit our community forums at https://aloha.pk/
Fri Apr 14 08:33:25 2023 mercur1c (Blue) [Headshot] PETN (Red)
Fri Apr 14 08:33:26 2023 Lame Duck captured Red's Intel.
Fri Apr 14 08:33:26 2023 FilozofJ00r (Red) [Headshot] mercur1c (Blue)
Fri Apr 14 08:33:27 2023 Harry (Red) [Headshot] comedor (Blue)
Fri Apr 14 08:33:32 2023 Lame Duck (Blue) [SMG] builder (Red)
Fri Apr 14 08:33:53 2023  Come chat with us at https://discord.aloha.pk/
Fri Apr 14 08:33:54 2023 Player builder has left
Fri Apr 14 08:33:54 2023 Lame Duck picked up Red's Intel.
Fri Apr 14 08:33:57 2023 SPA joined Red team
Fri Apr 14 08:34:08 2023 mercur1c (Blue) [Headshot] Harry (Red)
Fri Apr 14 08:34:14 2023 T-2000 (Blue) [SMG] FilozofJ00r (Red)
Fri Apr 14 08:34:23 2023 Harry (Red) [Headshot] mercur1c (Blue)
Fri Apr 14 08:34:23 2023  If you believe a player is breaking the rules, please let us know with /ADMIN
Fri Apr 14 08:34:24 2023 SPA (Red) [Headshot] comedor (Blue)
Fri Apr 14 08:34:26 2023 Lame Duck dropped Red's Intel
Fri Apr 14 08:34:26 2023  The intel has returned to the heavens
Fri Apr 14 08:34:26 2023 SPA (Red) [Rifle] Lame Duck (Blue)
Fri Apr 14 08:34:46 2023 Joel (Blue) [Headshot] SPA (Red)
Fri Apr 14 08:34:50 2023 mercur1c (Blue) [Headshot] Harry (Red)
Fri Apr 14 08:34:53 2023  Mahalo for playing aloha.pk tower of babel
Fri Apr 14 08:35:01 2023 Kabbuya joined Red team
Fri Apr 14 08:35:05 2023 mercur1c (Blue) [Grenade] Harry (Red)
Fri Apr 14 08:35:05 2023 SPA (Red) [Team Change]
Fri Apr 14 08:35:06 2023 Kabbuya (Red) [Headshot] Lame Duck (Blue)
Fri Apr 14 08:35:08 2023 Kabbuya (Red) [Headshot] mercur1c (Blue)
Fri Apr 14 08:35:12 2023 SPA joined Blue team
Fri Apr 14 08:35:23 2023  Build a tower to get the enemy's intel. Take it to your team's tent to win!
Fri Apr 14 08:35:38 2023 mercur1c (Blue) [Headshot] Kabbuya (Red)
Fri Apr 14 08:35:38 2023 Harry (Red) [Headshot] mercur1c (Blue)
Fri Apr 14 08:35:47 2023 SPA picked up Red's Intel.
Fri Apr 14 08:35:49 2023 Lame Duck (Blue) [Grenade] Harry (Red)
Fri Apr 14 08:35:50 2023 FilozofJ00r (Red) [Rifle] T-2000 (Blue)
Fri Apr 14 08:35:53 2023  Type /HELP for info & commands
Fri Apr 14 08:35:59 2023 Kabbuya (Red) [SMG] Lame Duck (Blue)
Fri Apr 14 08:36:19 2023 SPA captured Red's Intel.
Fri Apr 14 08:36:19 2023 Blue Wins!
Fri Apr 14 08:36:20 2023  Game finished! Next map: yubacore.
Fri Apr 14 08:36:21 2023 Kabbuya (Red) [Headshot] mercur1c (Blue)
Fri Apr 14 08:36:22 2023 Harry (Red) [Headshot] T-2000 (Blue)
Fri Apr 14 08:36:23 2023 Lame Duck (Blue) [Headshot] Kabbuya (Red)
Fri Apr 14 08:36:23 2023 Harry (Red) [Headshot] SPA (Blue)
Fri Apr 14 08:36:23 2023 SUPERMNK (Blue) [Fall]
Fri Apr 14 08:36:23 2023 Lame Duck (Blue) [SMG] Kabbuya (Red)
Fri Apr 14 08:36:23 2023 Player mercur1c has left
Fri Apr 14 08:36:23 2023 Lame Duck (Blue) [Headshot] PETN (Red)
Fri Apr 14 08:36:23 2023  Visit our community forums at https://aloha.pk/
Fri Apr 14 08:36:23 2023 Lame Duck (Blue) [SMG] Harry (Red)
Fri Apr 14 08:36:23 2023 FilozofJ00r (Red) [Headshot] Joel (Blue)
Fri Apr 14 08:36:31 2023 ------ World Unloaded ------
Fri Apr 14 08:36:50 2023 ------ World Loaded ------
Fri Apr 14 08:36:50 2023 Welcome to aloha.pk tower of babel
Fri Apr 14 08:36:52 2023 Map: Yubacore by Lostmotel, mill by SIMOX
Fri Apr 14 08:36:52 2023 Kabbuya joined Blue team
Fri Apr 14 08:36:53 2023  Come chat with us at https://discord.aloha.pk/
Fri Apr 14 08:36:54 2023 Game mode: Tower of Babel by Yourself, modified by izzy
Fri Apr 14 08:36:56 2023 Build a tower to get the enemy's intel. Take it to your team's tent to win!
Fri Apr 14 08:36:58 2023 Visit our community forums at https://aloha.pk/
Fri Apr 14 08:37:00 2023 Come chat with us at https://discord.aloha.pk/
Fri Apr 14 08:37:02 2023 SUPERMNK joined Red team
Fri Apr 14 08:37:07 2023 Disconnecting
