Sun Oct  1 11:08:38 2023 ------ World Loaded ------
Sun Oct  1 11:08:38 2023 Cheburek dropped Blue's Intel
Sun Oct  1 11:08:38 2023 mile (Blue) [Headshot] Cheburek (Red)
Sun Oct  1 11:08:38 2023 [Global] Cornballs (Red): ok fine $9
Sun Oct  1 11:08:38 2023 gigi (Red) [Headshot] mile (Blue)
Sun Oct  1 11:08:38 2023 1SHK-Gu1ll3rmo (Blue) [Headshot] Wroom Wroom (Red)
Sun Oct  1 11:08:38 2023 [Global] nuts :) (Red): 5$ deal
Sun Oct  1 11:08:38 2023 Rem (Blue) [Rifle] PhysX (Red)
Sun Oct  1 11:08:38 2023 [Global] Cornballs (Red): ok
Sun Oct  1 11:08:38 2023 Mikrobixd (Blue) [Melee] WoodPecker (Red)
Sun Oct  1 11:08:38 2023 [Global] Cornballs (Red): deal
Sun Oct  1 11:08:38 2023 [Global] nuts :) (Red): first to kill mile wins
Sun Oct  1 11:08:38 2023 Wroom Wroom (Red) [Headshot] 1SHK-Gu1ll3rmo (Blue)
Sun Oct  1 11:08:38 2023 [Global] mile (Blue): im not getting blue out of this one fr
Sun Oct  1 11:08:38 2023 Welcome to aloha.pk tower of babel
Sun Oct  1 11:08:38 2023 Rem (Blue) [Headshot] 3X3=18 (Red)
Sun Oct  1 11:08:39 2023 Map: holes by izzy
Sun Oct  1 11:08:40 2023 olivex10 (Blue) [Headshot] Deuce0 (Red)
Sun Oct  1 11:08:41 2023 Game mode: Tower of Babel by Yourself, modified by izzy
Sun Oct  1 11:08:41 2023 Rem (Blue) [Headshot] Wroom Wroom (Red)
Sun Oct  1 11:08:42 2023  Type /HELP for info & commands
Sun Oct  1 11:08:42 2023 PhysX (Red) [Headshot] Mikrobixd (Blue)
Sun Oct  1 11:08:43 2023 Goldorak (Red) [SMG] HodWar (Blue)
Sun Oct  1 11:08:44 2023 Build a tower to get the enemy's intel. Take it to your team's tent to win!
Sun Oct  1 11:08:44 2023 nuts :) (Red) [Headshot] Rem (Blue)
Sun Oct  1 11:08:45 2023 Visit our community forums at https://aloha.pk/
Sun Oct  1 11:08:47 2023 Come chat with us at https://discord.aloha.pk/
Sun Oct  1 11:08:51 2023 gigi (Red) [Headshot] wicky (Blue)
Sun Oct  1 11:08:54 2023 [Global] Goldorak (Red): first to kill mile will be our heor for the day
Sun Oct  1 11:08:55 2023 nuts :) (Red) [Rifle] 1SHK-Gu1ll3rmo (Blue)
Sun Oct  1 11:08:55 2023 Harry (Blue) [Headshot] nuts :) (Red)
Sun Oct  1 11:08:57 2023 LUKERZERA (Blue) [Headshot] gigi (Red)
Sun Oct  1 11:09:00 2023 Cornballs (Red) [Grenade] Mikrobixd (Blue)
Sun Oct  1 11:09:00 2023 [Global] mile (Blue): first to kill me gets 10$ from goldorak
Sun Oct  1 11:09:02 2023 Cornballs picked up Blue's Intel.
Sun Oct  1 11:09:03 2023 LUKERZERA (Blue) [Headshot] PhysX (Red)
Sun Oct  1 11:09:04 2023 [Global] nuts :) (Red): deal
Sun Oct  1 11:09:05 2023 mile (Blue) [Headshot] Deuce0 (Red)
Sun Oct  1 11:09:05 2023 [Global] Cornballs (Red): first to seduce mile wins
Sun Oct  1 11:09:05 2023 3X3=18 (Red) [Headshot] mile (Blue)
Sun Oct  1 11:09:08 2023 [Global] nuts :) (Red): lol
Sun Oct  1 11:09:09 2023 LUKERZERA (Blue) [Headshot] Wroom Wroom (Red)
Sun Oct  1 11:09:11 2023 [Global] mile (Blue): :flushed:
Sun Oct  1 11:09:12 2023  Visit our community forums at https://aloha.pk/
Sun Oct  1 11:09:14 2023 [Global] Goldorak (Red): 10$ canadian is not worth much, forget the idea
Sun Oct  1 11:09:17 2023 3X3=18 (Red) [Headshot] LUKERZERA (Blue)
Sun Oct  1 11:09:17 2023 [Global] mile (Blue): 3X3=18 wins
Sun Oct  1 11:09:18 2023 gigi (Red) [Fall]
Sun Oct  1 11:09:19 2023 Benek joined Blue team
Sun Oct  1 11:09:19 2023 Mikos joined Blue team
Sun Oct  1 11:09:22 2023 Goldorak (Red) [Headshot] Harry (Blue)
Sun Oct  1 11:09:23 2023 HodWar (Blue) [Headshot] Goldorak (Red)
Sun Oct  1 11:09:29 2023 Cornballs captured Blue's Intel.
Sun Oct  1 11:09:30 2023 wicky (Blue) [Headshot] 3X3=18 (Red)
Sun Oct  1 11:09:31 2023 nuts :) (Red) [Headshot] wicky (Blue)
Sun Oct  1 11:09:35 2023 Harry (Blue) [Headshot] nuts :) (Red)
Sun Oct  1 11:09:39 2023 mile (Blue) [Headshot] PhysX (Red)
Sun Oct  1 11:09:42 2023  Come chat with us at https://discord.aloha.pk/
Sun Oct  1 11:09:43 2023 mile (Blue) [Headshot] Cheburek (Red)
Sun Oct  1 11:09:45 2023 [Global] nuts :) (Red): i forgot how to aim man
Sun Oct  1 11:09:46 2023 [Global] Goldorak (Red): 3*3=18, you might be bad at maths, but i love youw
Sun Oct  1 11:09:49 2023 mile (Blue) [Headshot] Wroom Wroom (Red)
Sun Oct  1 11:09:51 2023 mile (Blue) [Headshot] Cornballs (Red)
Sun Oct  1 11:09:53 2023 [Global] Cornballs (Red): FOK U
Sun Oct  1 11:09:55 2023 nuts :) (Red) [Rifle] mile (Blue)
Sun Oct  1 11:09:56 2023 [Team] 1SHK-Gu1ll3rmo (Blue): ayudenme hacer la escalera porfa
Sun Oct  1 11:09:56 2023 3X3=18 (Red) [Headshot] Benek (Blue)
Sun Oct  1 11:10:00 2023 [Global] nuts :) (Red): I KILLED HIM
Sun Oct  1 11:10:01 2023 Deuce0 (Red) [Grenade] 1SHK-Gu1ll3rmo (Blue)
Sun Oct  1 11:10:01 2023 Rem (Blue) [Headshot] Cheburek (Red)
Sun Oct  1 11:10:01 2023 Deuce0 (Red) [Grenade] HodWar (Blue)
Sun Oct  1 11:10:02 2023 Wroom Wroom (Red) [Rifle] Mikrobixd (Blue)
Sun Oct  1 11:10:03 2023 Rem (Blue) [Headshot] Cornballs (Red)
Sun Oct  1 11:10:03 2023 Harry (Blue) [Headshot] 3X3=18 (Red)
Sun Oct  1 11:10:04 2023 [Global] nuts :) (Red): GIVE ME THE 10$
Sun Oct  1 11:10:05 2023 [Global] Cornballs (Red): shet
Sun Oct  1 11:10:10 2023 [Global] Cornballs (Red): $5
Sun Oct  1 11:10:10 2023 [Global] mile (Blue): no, 3X3=18 killed me first
Sun Oct  1 11:10:12 2023 nuts :) (Red) [Headshot] Harry (Blue)
Sun Oct  1 11:10:12 2023  If you believe a player is breaking the rules, please let us know with /ADMIN
Sun Oct  1 11:10:12 2023 Wroom Wroom (Red) [Headshot] Rem (Blue)
Sun Oct  1 11:10:13 2023 Deuce0 picked up Blue's Intel.
Sun Oct  1 11:10:15 2023 [Global] Goldorak (Red): no, nuts, it was 3*3=18
Sun Oct  1 11:10:16 2023 [Global] nuts :) (Red): :(
Sun Oct  1 11:10:21 2023 Player Benek has left
Sun Oct  1 11:10:23 2023 Rem (Blue) [Headshot] Goldorak (Red)
Sun Oct  1 11:10:25 2023 mile (Blue) [Headshot] nuts :) (Red)
Sun Oct  1 11:10:27 2023 [Global] nuts :) (Red): bruh
Sun Oct  1 11:10:30 2023 mile (Blue) [Headshot] PhysX (Red)
Sun Oct  1 11:10:32 2023 wicky (Blue) [Headshot] Lionel Messi (Red)
Sun Oct  1 11:10:35 2023 3X3=18 (Red) [SMG] wicky (Blue)
Sun Oct  1 11:10:39 2023 Deuce0 captured Blue's Intel.
Sun Oct  1 11:10:40 2023 Rem (Blue) [Headshot] gigi (Red)
Sun Oct  1 11:10:40 2023 mile (Blue) [Headshot] Cornballs (Red)
Sun Oct  1 11:10:42 2023  Mahalo for playing aloha.pk tower of babel
Sun Oct  1 11:10:45 2023 Wroom Wroom (Red) [Headshot] Rem (Blue)
Sun Oct  1 11:10:46 2023 [Global] nuts :) (Red): brb fixing my hax
Sun Oct  1 11:10:47 2023 Player nuts :) has left
Sun Oct  1 11:10:48 2023 [Global] Cornballs (Red): first to spade kill miles $100
Sun Oct  1 11:10:54 2023 [Global] mile (Blue): oh SNAP
Sun Oct  1 11:10:56 2023 3X3=18 (Red) [Headshot] Mikrobixd (Blue)
Sun Oct  1 11:10:56 2023 LUKERZERA (Blue) [Headshot] Wroom Wroom (Red)
Sun Oct  1 11:10:57 2023 Harry (Blue) [Headshot] gigi (Red)
Sun Oct  1 11:10:59 2023 Player Mikrobixd has left
Sun Oct  1 11:11:00 2023 mile (Blue) [Headshot] Lionel Messi (Red)
Sun Oct  1 11:11:08 2023 mile (Blue) [Headshot] gigi (Red)
Sun Oct  1 11:11:08 2023 Rem (Blue) [Headshot] 3X3=18 (Red)
Sun Oct  1 11:11:09 2023 Wroom Wroom (Red) [Headshot] mile (Blue)
Sun Oct  1 11:11:12 2023  Build a tower to get the enemy's intel. Take it to your team's tent to win!
Sun Oct  1 11:11:14 2023 wicky (Blue) [Headshot] PhysX (Red)
Sun Oct  1 11:11:18 2023 Player Mikos has left
Sun Oct  1 11:11:18 2023 Deuce0 picked up Blue's Intel.
Sun Oct  1 11:11:21 2023 [AVG] John Cena joined Blue team
Sun Oct  1 11:11:24 2023 3X3=18 (Red) [SMG] wicky (Blue)
Sun Oct  1 11:11:27 2023 [AVG] John Cena (Blue) [Team Change]
Sun Oct  1 11:11:28 2023 [Global] Cornballs (Red): miles i WILL humiliate you with spade
Sun Oct  1 11:11:30 2023 Rem (Blue) [Headshot] 3X3=18 (Red)
Sun Oct  1 11:11:35 2023 [Global] olivex10 (Blue): help, I got stuck jaja
Sun Oct  1 11:11:37 2023 Cornballs (Red) [Headshot] mile (Blue)
Sun Oct  1 11:11:37 2023 [AVG] John Cena joined Red team
Sun Oct  1 11:11:41 2023 Rem (Blue) [Rifle] Cheburek (Red)
Sun Oct  1 11:11:41 2023 [Global] Cornballs (Red): but first gun
Sun Oct  1 11:11:41 2023 [Global] mile (Blue): not if i can do a ragequit about it
Sun Oct  1 11:11:42 2023  Type /HELP for info & commands
Sun Oct  1 11:11:44 2023 Deuce0 captured Blue's Intel.
Sun Oct  1 11:11:45 2023 [Global] Cornballs (Red): loool
Sun Oct  1 11:11:48 2023 Wroom Wroom (Red) [Headshot] LUKERZERA (Blue)
Sun Oct  1 11:11:49 2023 Cornballs picked up Blue's Intel.
Sun Oct  1 11:11:52 2023 3X3=18 (Red) [Headshot] Rem (Blue)
Sun Oct  1 11:11:54 2023 [Global] olivex10 (Blue): ayuda porfa jaja
Sun Oct  1 11:11:58 2023 PhysX (Red) [Headshot] LUKERZERA (Blue)
Sun Oct  1 11:11:59 2023 PhysX (Red) [Headshot] 1SHK-Gu1ll3rmo (Blue)
Sun Oct  1 11:11:59 2023 [AVG] John Cena (Red) [Shotgun] Harry (Blue)
Sun Oct  1 11:12:00 2023 mile (Blue) [Headshot] [AVG] John Cena (Red)
Sun Oct  1 11:12:01 2023 PhysX (Red) [Headshot] HodWar (Blue)
Sun Oct  1 11:12:03 2023 PhysX (Red) [Headshot] 1SHK-Gu1ll3rmo (Blue)
Sun Oct  1 11:12:04 2023 PhysX (Red) [Headshot] Harry (Blue)
Sun Oct  1 11:12:05 2023 Rem (Blue) [Rifle] PhysX (Red)
Sun Oct  1 11:12:05 2023 [Global] olivex10 (Blue): help me jaja
Sun Oct  1 11:12:08 2023 WoodPecker (Red) [Rifle] wicky (Blue)
Sun Oct  1 11:12:08 2023 gigi (Red) [Headshot] mile (Blue)
Sun Oct  1 11:12:09 2023 [Global] PhysX (Red): Blue team building castles 
Sun Oct  1 11:12:12 2023  Visit our community forums at https://aloha.pk/
Sun Oct  1 11:12:14 2023 [Global] Cornballs (Red): i will sneak up behind you, ticle your balls and then spade u
Sun Oct  1 11:12:15 2023 [Global] mile (Blue): olivex k pasa
Sun Oct  1 11:12:21 2023 [Global] [AVG] John Cena (Red): hey corny
Sun Oct  1 11:12:22 2023 [Global] olivex10 (Blue): me quede atrapadow e
Sun Oct  1 11:12:22 2023 Harry (Blue) [Rifle] WoodPecker (Red)
Sun Oct  1 11:12:24 2023 Cornballs captured Blue's Intel.
Sun Oct  1 11:12:25 2023 [Global] Cornballs (Red): hey cena
Sun Oct  1 11:12:26 2023 Harry (Blue) [Headshot] Wroom Wroom (Red)
Sun Oct  1 11:12:28 2023 Rem (Blue) [Headshot] 3X3=18 (Red)
Sun Oct  1 11:12:29 2023 [AVG] John Cena (Red) [Shotgun] Harry (Blue)
Sun Oct  1 11:12:30 2023 Player WoodPecker has left
Sun Oct  1 11:12:31 2023 [Global] 1SHK-Gu1ll3rmo (Blue): a
Sun Oct  1 11:12:32 2023 [Global] olivex10 (Blue): me quede atrapado we jaja
Sun Oct  1 11:12:34 2023 PhysX (Red) [Headshot] olivex10 (Blue)
Sun Oct  1 11:12:34 2023 Rem (Blue) [Headshot] PhysX (Red)
Sun Oct  1 11:12:34 2023 nuts :) joined Blue team
Sun Oct  1 11:12:40 2023 [Global] olivex10 (Blue): a
Sun Oct  1 11:12:40 2023 LUKERZERA (Blue) [Headshot] Deuce0 (Red)
Sun Oct  1 11:12:42 2023  Come chat with us at https://discord.aloha.pk/
Sun Oct  1 11:12:49 2023 wicky (Blue) [Headshot] Goldorak (Red)
Sun Oct  1 11:12:51 2023 [Global] mile (Blue): siempre y cuando estes atrapado podes escribir /kill pa matarte
Sun Oct  1 11:12:51 2023 3X3=18 (Red) [Headshot] Rem (Blue)
Sun Oct  1 11:12:54 2023 nuts :) (Blue) [Headshot] gigi (Red)
Sun Oct  1 11:12:56 2023 Cornballs (Red) [Fall]
Sun Oct  1 11:12:56 2023 [Global] Cornballs (Red): oh shit
Sun Oct  1 11:12:57 2023 [AVG] John Cena (Red) [Headshot] 1SHK-Gu1ll3rmo (Blue)
Sun Oct  1 11:12:59 2023 Picklez, Pan joined Red team
Sun Oct  1 11:12:59 2023 Harry (Blue) [Rifle] PhysX (Red)
Sun Oct  1 11:13:02 2023 mile (Blue) [Headshot] 3X3=18 (Red)
Sun Oct  1 11:13:02 2023 [Global] Picklez, Pan (Red): BAAAAALLLLLZZZZZ
Sun Oct  1 11:13:04 2023 Harry (Blue) [Headshot] [AVG] John Cena (Red)
Sun Oct  1 11:13:05 2023 [Global] Picklez, Pan (Red): GGGGGGGGGGGGGGG
Sun Oct  1 11:13:05 2023 nuts :) (Blue) [Headshot] Wroom Wroom (Red)
Sun Oct  1 11:13:06 2023 [Global] Cornballs (Red): hey pan
Sun Oct  1 11:13:07 2023 [Global] olivex10 (Blue): aaa smn we, gracias
Sun Oct  1 11:13:12 2023  If you believe a player is breaking the rules, please let us know with /ADMIN
Sun Oct  1 11:13:12 2023 [Global] Picklez, Pan (Red): BESTGOLDYYYYYYZOMMMMMMGGGGGG
Sun Oct  1 11:13:12 2023 [Global] mile (Blue): dnadawe
Sun Oct  1 11:13:13 2023 LUKERZERA (Blue) [Headshot] Picklez, Pan (Red)
Sun Oct  1 11:13:16 2023 LUKERZERA (Blue) [Rifle] [AVG] John Cena (Red)
Sun Oct  1 11:13:16 2023 nuts :) (Blue) [Headshot] PhysX (Red)
Sun Oct  1 11:13:17 2023 Player [AVG] John Cena has left
Sun Oct  1 11:13:19 2023 nuts :) (Blue) [Headshot] Deuce0 (Red)
Sun Oct  1 11:13:19 2023 mile (Blue) [Rifle] Cheburek (Red)
Sun Oct  1 11:13:22 2023 nuts :) (Blue) [Headshot] Wroom Wroom (Red)
Sun Oct  1 11:13:24 2023 mile (Blue) [Headshot] 3X3=18 (Red)
Sun Oct  1 11:13:25 2023 Harry (Blue) [Rifle] Cornballs (Red)
Sun Oct  1 11:13:29 2023 Rem (Blue) [Headshot] Deuce0 (Red)
Sun Oct  1 11:13:32 2023 3X3=18 (Red) [Headshot] LUKERZERA (Blue)
Sun Oct  1 11:13:36 2023 Rem (Blue) [Headshot] 3X3=18 (Red)
Sun Oct  1 11:13:37 2023 wicky (Blue) [Headshot] Picklez, Pan (Red)
Sun Oct  1 11:13:37 2023 mile (Blue) [Headshot] Lionel Messi (Red)
Sun Oct  1 11:13:38 2023 Harry (Blue) [Headshot] Deuce0 (Red)
Sun Oct  1 11:13:39 2023 Goldorak (Red) [Fall]
Sun Oct  1 11:13:40 2023 Rem (Blue) [Headshot] Picklez, Pan (Red)
Sun Oct  1 11:13:41 2023 Rem (Blue) [Headshot] 3X3=18 (Red)
Sun Oct  1 11:13:41 2023 Wroom Wroom (Red) [Headshot] nuts :) (Blue)
Sun Oct  1 11:13:42 2023 GUESEB joined Blue team
Sun Oct  1 11:13:42 2023  Mahalo for playing aloha.pk tower of babel
Sun Oct  1 11:13:43 2023 Rem (Blue) [Headshot] Cheburek (Red)
Sun Oct  1 11:13:45 2023 [Global] nuts :) (Blue): no
Sun Oct  1 11:13:45 2023 Player nuts :) has left
Sun Oct  1 11:13:48 2023 Rem (Blue) [Headshot] Cornballs (Red)
Sun Oct  1 11:13:48 2023 Wroom Wroom (Red) [SMG] Harry (Blue)
Sun Oct  1 11:13:50 2023 [Global] Cornballs (Red): fok
Sun Oct  1 11:13:51 2023 [Global] Picklez, Pan (Red): SNIPERS ALL SIDES
Sun Oct  1 11:13:52 2023 Wroom Wroom (Red) [SMG] 1SHK-Gu1ll3rmo (Blue)
Sun Oct  1 11:13:52 2023 mile (Blue) [Headshot] Lionel Messi (Red)
Sun Oct  1 11:13:52 2023 wicky (Blue) [Rifle] Wroom Wroom (Red)
Sun Oct  1 11:13:53 2023 Rem (Blue) [Grenade] Deuce0 (Red)
Sun Oct  1 11:13:53 2023 Goldorak (Red) [Headshot] Rem (Blue)
Sun Oct  1 11:13:53 2023 PhysX (Red) [Headshot] wicky (Blue)
Sun Oct  1 11:13:55 2023 mile (Blue) [Headshot] Cheburek (Red)
Sun Oct  1 11:14:00 2023 Cornballs (Red) [Rifle] mile (Blue)
Sun Oct  1 11:14:01 2023 olivex10 (Blue) [Headshot] PhysX (Red)
Sun Oct  1 11:14:01 2023 Player GUESEB has left
Sun Oct  1 11:14:02 2023 [Global] mile (Blue): SHIT
Sun Oct  1 11:14:05 2023 [Global] mile (Blue): on your LAST bullet
Sun Oct  1 11:14:12 2023  Build a tower to get the enemy's intel. Take it to your team's tent to win!
Sun Oct  1 11:14:12 2023 [Global] Cornballs (Red): first
Sun Oct  1 11:14:15 2023 Rem (Blue) [Rifle] Cornballs (Red)
Sun Oct  1 11:14:15 2023 Harry (Blue) [Headshot] PhysX (Red)
Sun Oct  1 11:14:16 2023 Picklez, Pan (Red) [Headshot] Rem (Blue)
Sun Oct  1 11:14:18 2023 Picklez, Pan (Red) [Headshot] Harry (Blue)
Sun Oct  1 11:14:19 2023 wicky (Blue) [Rifle] Picklez, Pan (Red)
Sun Oct  1 11:14:28 2023 [Global] Picklez, Pan (Red): RIGHT SIDE TWO BLEE
Sun Oct  1 11:14:34 2023 mile (Blue) [Headshot] Cheburek (Red)
Sun Oct  1 11:14:34 2023 wicky (Blue) [Headshot] Goldorak (Red)
Sun Oct  1 11:14:34 2023 [Global] Cornballs (Red): blee
Sun Oct  1 11:14:40 2023 Deuce0 (Red) [Headshot] wicky (Blue)
Sun Oct  1 11:14:40 2023 Harry (Blue) [Headshot] Picklez, Pan (Red)
Sun Oct  1 11:14:41 2023 LUKERZERA (Blue) [Headshot] Lionel Messi (Red)
Sun Oct  1 11:14:42 2023  Type /HELP for info & commands
Sun Oct  1 11:14:45 2023 Deuce0 (Red) [Headshot] Rem (Blue)
Sun Oct  1 11:14:45 2023 You must be closer to the enemy's base to shoot blocks!
Sun Oct  1 11:14:46 2023 PhysX (Red) [Headshot] Harry (Blue)
Sun Oct  1 11:14:48 2023 [Global] Cornballs (Red): left side two ree
Sun Oct  1 11:14:48 2023 PhysX (Red) [Headshot] olivex10 (Blue)
Sun Oct  1 11:14:50 2023 mile (Blue) [Headshot] 3X3=18 (Red)
Sun Oct  1 11:14:51 2023 [Global] Cornballs (Red): and 3 blee
Sun Oct  1 11:14:53 2023 Wroom Wroom (Red) [SMG] mile (Blue)
Sun Oct  1 11:15:01 2023 Rem (Blue) [Headshot] Deuce0 (Red)
Sun Oct  1 11:15:02 2023 [Global] Picklez, Pan (Red): CLEE THE BLEE
Sun Oct  1 11:15:05 2023 Cornballs picked up Blue's Intel.
Sun Oct  1 11:15:11 2023 LUKERZERA (Blue) [Rifle] 3X3=18 (Red)
Sun Oct  1 11:15:12 2023 [Global] Cornballs (Red): eradicee the ree
Sun Oct  1 11:15:12 2023  Visit our community forums at https://aloha.pk/
Sun Oct  1 11:15:13 2023 Wroom Wroom (Red) [Headshot] LUKERZERA (Blue)
Sun Oct  1 11:15:19 2023 Picklez, Pan (Red) [Headshot] Rem (Blue)
Sun Oct  1 11:15:27 2023 PhysX (Red) [Headshot] wicky (Blue)
Sun Oct  1 11:15:28 2023 PhysX (Red) [Headshot] HodWar (Blue)
Sun Oct  1 11:15:29 2023 Harry (Blue) [Rifle] Picklez, Pan (Red)
Sun Oct  1 11:15:30 2023 mile (Blue) [Headshot] Wroom Wroom (Red)
Sun Oct  1 11:15:31 2023 Harry (Blue) [Headshot] Deuce0 (Red)
Sun Oct  1 11:15:31 2023 GUESEB joined Blue team
Sun Oct  1 11:15:32 2023 mile (Blue) [Rifle] gigi (Red)
Sun Oct  1 11:15:34 2023 Cornballs captured Blue's Intel.
Sun Oct  1 11:15:34 2023  With 1571 blocks placed, PhysX is granted the right to unleash the apocalypse.
Sun Oct  1 11:15:35 2023 [Global] Picklez, Pan (Red): IT IS OVER FOR BLEE
Sun Oct  1 11:15:35 2023 3X3=18 (Red) [Headshot] olivex10 (Blue)
Sun Oct  1 11:15:36 2023 Rem (Blue) [Headshot] PhysX (Red)
Sun Oct  1 11:15:36 2023 Harry (Blue) [Headshot] 3X3=18 (Red)
Sun Oct  1 11:15:42 2023  Come chat with us at https://discord.aloha.pk/
Sun Oct  1 11:15:42 2023 Goldorak (Red) [Fall]
Sun Oct  1 11:15:43 2023 Wroom Wroom (Red) [Headshot] mile (Blue)
Sun Oct  1 11:15:43 2023 [Global] Cornballs (Red): fok
Sun Oct  1 11:15:46 2023 Harry (Blue) [Headshot] Picklez, Pan (Red)
Sun Oct  1 11:15:46 2023 GUESEB (Blue) [Team Change]
Sun Oct  1 11:15:46 2023 Rem (Blue) [Headshot] 3X3=18 (Red)
Sun Oct  1 11:15:49 2023 Harry (Blue) [Headshot] Deuce0 (Red)
Sun Oct  1 11:15:49 2023 GUESEB joined Red team
Sun Oct  1 11:15:53 2023 [Global] Picklez, Pan (Red): DONT SUPPORT BLEE IS YOU REE
Sun Oct  1 11:15:53 2023 [Global] mile (Blue): PhysX do NOT type /apoc
Sun Oct  1 11:15:58 2023 [Global] Cornballs (Red): soebody apoc
Sun Oct  1 11:16:00 2023 Cornballs picked up Blue's Intel.
Sun Oct  1 11:16:02 2023 Harry (Blue) [Headshot] Picklez, Pan (Red)
Sun Oct  1 11:16:02 2023 Deuce0 (Red) [Headshot] Harry (Blue)
Sun Oct  1 11:16:04 2023 Jourdonnais joined Blue team
Sun Oct  1 11:16:07 2023 [Global] PhysX (Red): Who got the apoc c c
Sun Oct  1 11:16:11 2023 [Global] mile (Blue): you did
Sun Oct  1 11:16:12 2023  If you believe a player is breaking the rules, please let us know with /ADMIN
Sun Oct  1 11:16:12 2023 [Global] Picklez, Pan (Red): ALL TYPE /APOC
Sun Oct  1 11:16:13 2023 [Global] Picklez, Pan (Red): ALL TYPE /APOC
Sun Oct  1 11:16:13 2023 Rem (Blue) [Headshot] Goldorak (Red)
Sun Oct  1 11:16:14 2023 [Global] Cornballs (Red):                                                                                                                                                                                                                                                     /apoc my gu
Sun Oct  1 11:16:14 2023 wicky (Blue) [Headshot] Cheburek (Red)
Sun Oct  1 11:16:14 2023 [Global] Picklez, Pan (Red): ALL TYPE /APOC
Sun Oct  1 11:16:15 2023 [Global] mile (Blue): but do NOT use it! :D
Sun Oct  1 11:16:15 2023 [Global] Picklez, Pan (Red): ALL TYPE /APOC
Sun Oct  1 11:16:16 2023 Rem (Blue) [Headshot] 3X3=18 (Red)
Sun Oct  1 11:16:17 2023 [Global] Picklez, Pan (Red): ALL TYPE /APOC
Sun Oct  1 11:16:21 2023 Rem (Blue) [Headshot] GUESEB (Red)
Sun Oct  1 11:16:21 2023 [Global] wicky (Blue): NO
Sun Oct  1 11:16:23 2023 [Global] HodWar (Blue): picklez SPAM
Sun Oct  1 11:16:24 2023 Wroom Wroom (Red) [Headshot] Rem (Blue)
Sun Oct  1 11:16:25 2023 Harry (Blue) [Headshot] Deuce0 (Red)
Sun Oct  1 11:16:29 2023 LUKERZERA (Blue) [Headshot] Picklez, Pan (Red)
Sun Oct  1 11:16:29 2023 3X3=18 (Red) [Headshot] 1SHK-Gu1ll3rmo (Blue)
Sun Oct  1 11:16:30 2023 [Global] wicky (Blue): IT DESTROYS your BRIDGE
Sun Oct  1 11:16:33 2023 Cornballs captured Blue's Intel.
Sun Oct  1 11:16:35 2023 [Global] Picklez, Pan (Red): IF YOU KEEP APOC FOR 1 YEAR YOU GOT 1 APOC FREE
Sun Oct  1 11:16:36 2023 3X3=18 (Red) [Headshot] LUKERZERA (Blue)
Sun Oct  1 11:16:39 2023 Wroom Wroom (Red) [Headshot] wicky (Blue)
Sun Oct  1 11:16:40 2023 mile (Blue) [Headshot] Cheburek (Red)
Sun Oct  1 11:16:42 2023  Mahalo for playing aloha.pk tower of babel
Sun Oct  1 11:16:45 2023 olivex10 (Blue) [Rifle] PhysX (Red)
Sun Oct  1 11:16:47 2023 [Global] Cornballs (Red): if you die in the game you die for real!
Sun Oct  1 11:16:49 2023 Rem (Blue) [Headshot] 3X3=18 (Red)
Sun Oct  1 11:16:50 2023 [Global] PhysX (Red): I dont wanna ruin your sand castles
Sun Oct  1 11:16:53 2023 mile (Blue) [Headshot] Lionel Messi (Red)
Sun Oct  1 11:16:53 2023 Harry (Blue) [Headshot] Deuce0 (Red)
Sun Oct  1 11:16:55 2023 Wroom Wroom (Red) [SMG] Rem (Blue)
Sun Oct  1 11:16:57 2023 Goldorak (Red) [Grenade] Jourdonnais (Blue)
Sun Oct  1 11:16:58 2023 [Global] Picklez, Pan (Red): I AM ALREADY DEAD INSIDE
Sun Oct  1 11:17:02 2023 Player olivex10 has left
Sun Oct  1 11:17:02 2023 wicky (Blue) [Headshot] Goldorak (Red)
Sun Oct  1 11:17:02 2023 GUESEB (Red) [Grenade] 1SHK-Gu1ll3rmo (Blue)
Sun Oct  1 11:17:03 2023 Rem (Blue) [Headshot] GUESEB (Red)
Sun Oct  1 11:17:04 2023 Harry (Blue) [Headshot] Lionel Messi (Red)
Sun Oct  1 11:17:06 2023 Deuce0 (Red) [Headshot] Harry (Blue)
Sun Oct  1 11:17:07 2023 Cornballs picked up Blue's Intel.
Sun Oct  1 11:17:12 2023  Build a tower to get the enemy's intel. Take it to your team's tent to win!
Sun Oct  1 11:17:15 2023 mile (Blue) [Headshot] Cheburek (Red)
Sun Oct  1 11:17:17 2023 Cornballs dropped Blue's Intel
Sun Oct  1 11:17:17 2023  The intel has returned to the heavens
Sun Oct  1 11:17:17 2023 mile (Blue) [Headshot] Cornballs (Red)
Sun Oct  1 11:17:17 2023 wicky (Blue) [Headshot] Picklez, Pan (Red)
Sun Oct  1 11:17:36 2023 Harry (Blue) [Headshot] 3X3=18 (Red)
Sun Oct  1 11:17:36 2023 Picklez, Pan (Red) [Headshot] LUKERZERA (Blue)
Sun Oct  1 11:17:38 2023 PhysX (Red) [Headshot] 1SHK-Gu1ll3rmo (Blue)
Sun Oct  1 11:17:38 2023 wicky (Blue) [Headshot] PhysX (Red)
Sun Oct  1 11:17:40 2023 [Global] Cornballs (Red): if you die in the game a robotic arm will unzip your pants and reveal you to a child, making you a pedo
Sun Oct  1 11:17:42 2023  Type /HELP for info & commands
Sun Oct  1 11:17:43 2023 Lionel Messi picked up Blue's Intel.
Sun Oct  1 11:17:46 2023 Deuce0 (Red) [Grenade] LUKERZERA (Blue)
Sun Oct  1 11:17:51 2023 [Global] mile (Blue): wut
Sun Oct  1 11:17:52 2023 Picklez, Pan (Red) [Headshot] wicky (Blue)
Sun Oct  1 11:17:54 2023 [Global] Cornballs (Red): wut
Sun Oct  1 11:17:57 2023 [Global] PhysX (Red): wut
Sun Oct  1 11:18:00 2023 [Global] Goldorak (Red): wut
Sun Oct  1 11:18:06 2023 Manhezito joined Blue team
Sun Oct  1 11:18:09 2023 Goldorak (Red) [SMG] wicky (Blue)
Sun Oct  1 11:18:12 2023  Visit our community forums at https://aloha.pk/
Sun Oct  1 11:18:12 2023 3X3=18 (Red) [SMG] HodWar (Blue)
Sun Oct  1 11:18:12 2023 [Global] Lionel Messi (Red): 23HP
Sun Oct  1 11:18:14 2023 GUESEB (Red) [Headshot] 1SHK-Gu1ll3rmo (Blue)
Sun Oct  1 11:18:14 2023 Goldorak (Red) [Headshot] HodWar (Blue)
Sun Oct  1 11:18:14 2023 LUKERZERA (Blue) [Headshot] GUESEB (Red)
Sun Oct  1 11:18:16 2023 wicky (Blue) [Headshot] Goldorak (Red)
Sun Oct  1 11:18:18 2023 Deuce0 (Red) [SMG] LUKERZERA (Blue)
Sun Oct  1 11:18:22 2023 [Global] mile (Blue): im on a mission
Sun Oct  1 11:18:24 2023 Lionel Messi captured Blue's Intel.
Sun Oct  1 11:18:24 2023 Cornballs picked up Blue's Intel.
Sun Oct  1 11:18:25 2023 3X3=18 (Red) [Headshot] Jourdonnais (Blue)
Sun Oct  1 11:18:29 2023 Rem (Blue) [Headshot] Goldorak (Red)
Sun Oct  1 11:18:33 2023 Wroom Wroom (Red) [SMG] Rem (Blue)
Sun Oct  1 11:18:34 2023 [Global] Goldorak (Red): kill mile and destroy his mission
Sun Oct  1 11:18:35 2023 PhysX (Red) [Headshot] HodWar (Blue)
Sun Oct  1 11:18:36 2023 3X3=18 (Red) [Grenade] LUKERZERA (Blue)
Sun Oct  1 11:18:36 2023 Player Manhezito has left
Sun Oct  1 11:18:37 2023 [Global] HodWar (Blue): goldorak lo tendras q pagar por haber roto mi construccion
Sun Oct  1 11:18:38 2023 Cornballs dropped Blue's Intel
Sun Oct  1 11:18:38 2023  The intel has returned to the heavens
Sun Oct  1 11:18:38 2023 mile (Blue) [Rifle] Cornballs (Red)
Sun Oct  1 11:18:38 2023 Wroom Wroom (Red) [Headshot] mile (Blue)
Sun Oct  1 11:18:38 2023 Picklez, Pan (Red) [Headshot] LUKERZERA (Blue)
Sun Oct  1 11:18:41 2023 Rem (Blue) [Headshot] Deuce0 (Red)
Sun Oct  1 11:18:41 2023 [Global] GUESEB (Red): que onda messi
Sun Oct  1 11:18:42 2023  Come chat with us at https://discord.aloha.pk/
Sun Oct  1 11:18:42 2023 Harry (Blue) [Headshot] Goldorak (Red)
Sun Oct  1 11:18:44 2023 [Global] mile (Blue): to ONLY kill cornballs carrying intel
Sun Oct  1 11:18:44 2023 [Global] Cornballs (Red): BITCH BEHIND OUR SPAWN
Sun Oct  1 11:18:44 2023 Picklez, Pan (Red) [Headshot] HodWar (Blue)
Sun Oct  1 11:18:45 2023 Harry (Blue) [Headshot] Lionel Messi (Red)
Sun Oct  1 11:18:49 2023 gigi (Red) [Grenade] HodWar (Blue)
Sun Oct  1 11:18:49 2023 [Global] Picklez, Pan (Red): SIIIII
Sun Oct  1 11:18:51 2023 LUKERZERA (Blue) [Headshot] PhysX (Red)
Sun Oct  1 11:18:53 2023 Picklez, Pan (Red) [Headshot] LUKERZERA (Blue)
Sun Oct  1 11:18:53 2023 gigi picked up Blue's Intel.
Sun Oct  1 11:18:57 2023 [Global] HodWar (Blue): maldito goldorak
Sun Oct  1 11:18:58 2023 [Global] PhysX (Red): Is it mile
Sun Oct  1 11:19:03 2023 [Global] Cornballs (Red): yes
Sun Oct  1 11:19:05 2023 [Global] Cornballs (Red): he ded
Sun Oct  1 11:19:06 2023 3X3=18 (Red) [SMG] wicky (Blue)
Sun Oct  1 11:19:08 2023 [Global] Goldorak (Red): hodwar, me gusta tu ♥♥♥
Sun Oct  1 11:19:10 2023 Player Jourdonnais has left
Sun Oct  1 11:19:11 2023 PhysX (Red) [Headshot] Harry (Blue)
Sun Oct  1 11:19:12 2023  If you believe a player is breaking the rules, please let us know with /ADMIN
Sun Oct  1 11:19:16 2023 Picklez, Pan (Red) [Headshot] wicky (Blue)
Sun Oct  1 11:19:16 2023 Picklez, Pan (Red) [Headshot] HodWar (Blue)
Sun Oct  1 11:19:17 2023 LUKERZERA (Blue) [Rifle] Picklez, Pan (Red)
Sun Oct  1 11:19:19 2023 gigi captured Blue's Intel.
Sun Oct  1 11:19:21 2023 xdacc joined Blue team
Sun Oct  1 11:19:23 2023  PhysX has unleashed an apocalypse from God.
Sun Oct  1 11:19:25 2023  The apocalypse begins in 5
Sun Oct  1 11:19:26 2023  The apocalypse begins in 4
Sun Oct  1 11:19:26 2023  The apocalypse begins in 3
Sun Oct  1 11:19:28 2023  The apocalypse begins in 2
Sun Oct  1 11:19:28 2023 [Global] Picklez, Pan (Red): IT IS END
Sun Oct  1 11:19:29 2023  The apocalypse begins in 1
Sun Oct  1 11:19:31 2023 PhysX (Red) [Grenade] xdacc (Blue)
Sun Oct  1 11:19:31 2023 Goldorak (Red) [SMG] Rem (Blue)
Sun Oct  1 11:19:31 2023 PhysX (Red) [Grenade] Harry (Blue)
Sun Oct  1 11:19:32 2023 PhysX (Red) [Grenade] HodWar (Blue)
Sun Oct  1 11:19:33 2023 Disconnecting
