Sun Aug  6 18:57:13 2023 ------ World Loaded ------
Sun Aug  6 18:57:13 2023 Name captured Blue's Intel.
Sun Aug  6 18:57:13 2023 zekebird (Red) [Headshot] ama (Blue)
Sun Aug  6 18:57:13 2023 [Global] ama (Blue): dayunm
Sun Aug  6 18:57:13 2023 pogger joined Blue team
Sun Aug  6 18:57:13 2023 xIX2bYoRHaXIx (Blue) [Rifle] Putin (Red)
Sun Aug  6 18:57:13 2023 [Global] azato83 (Red): die
Sun Aug  6 18:57:13 2023 zekebird (Red) [Headshot] ama (Blue)
Sun Aug  6 18:57:13 2023 Name (Red) [Grenade] xIX2bYoRHaXIx (Blue)
Sun Aug  6 18:57:13 2023 Name (Red) [Grenade] pogger (Blue)
Sun Aug  6 18:57:13 2023 Name (Red) [Grenade] FabainoGremista (Blue)
Sun Aug  6 18:57:13 2023 [Global] ama (Blue): f
Sun Aug  6 18:57:13 2023 [Global] | KKK | Moonman (Red): F
Sun Aug  6 18:57:13 2023 Name (Red) [Grenade] xIX2bYoRHaXIx (Blue)
Sun Aug  6 18:57:13 2023 azato83 (Red) [Headshot] ama (Blue)
Sun Aug  6 18:57:13 2023 Name picked up Blue's Intel.
Sun Aug  6 18:57:13 2023 pogger (Blue) [Headshot] zekebird (Red)
Sun Aug  6 18:57:13 2023 Welcome to aloha.pk tower of babel
Sun Aug  6 18:57:14 2023 Map: holes nonflat by izzy, modified by Danke
Sun Aug  6 18:57:16 2023 Game mode: Tower of Babel by Yourself, modified by izzy
Sun Aug  6 18:57:16 2023 | KKK | Moonman (Red) [Fall]
Sun Aug  6 18:57:17 2023 [Global] ZerkingDeepwo (Blue): WhatsUp bois!
Sun Aug  6 18:57:18 2023 Build a tower to get the enemy's intel. Take it to your team's tent to win!
Sun Aug  6 18:57:20 2023 Name captured Blue's Intel.
Sun Aug  6 18:57:20 2023 Visit our community forums at https://aloha.pk/
Sun Aug  6 18:57:22 2023 Come chat with us at https://discord.aloha.pk/
Sun Aug  6 18:57:26 2023  Visit our community forums at https://aloha.pk/
Sun Aug  6 18:57:26 2023 bilboswaggins (Red) [Headshot] ama (Blue)
Sun Aug  6 18:57:28 2023 [Global] ama (Blue): and girls &_&
Sun Aug  6 18:57:28 2023 [Global] azato83 (Red): hello here just killing blues\
Sun Aug  6 18:57:34 2023 bilboswaggins (Red) [Headshot] pogger (Blue)
Sun Aug  6 18:57:36 2023 [Global] | KKK | Moonman (Red): i feel offended
Sun Aug  6 18:57:37 2023 Putin (Red) [Headshot] vinicius JR (Blue)
Sun Aug  6 18:57:37 2023 [Global] ZerkingDeepwo (Blue): Nice
Sun Aug  6 18:57:46 2023 Name picked up Blue's Intel.
Sun Aug  6 18:57:47 2023 You must be closer to the enemy's base to shoot blocks!
Sun Aug  6 18:57:49 2023 You must be closer to the enemy's base to shoot blocks!
Sun Aug  6 18:57:51 2023 [Global] | KKK | Moonman (Red): i identify as an email
Sun Aug  6 18:57:51 2023 You must be closer to the enemy's base to shoot blocks!
Sun Aug  6 18:57:54 2023 zekebird (Red) [Headshot] pogger (Blue)
Sun Aug  6 18:57:55 2023 zekebird (Red) [Headshot] ZerkingDeepwo (Blue)
Sun Aug  6 18:57:56 2023  Come chat with us at https://discord.aloha.pk/
Sun Aug  6 18:57:59 2023 [Global] ZerkingDeepwo (Blue): :skull:
Sun Aug  6 18:58:04 2023 [Global] ama (Blue): what 
Sun Aug  6 18:58:05 2023 Harry (Blue) [Headshot] zekebird (Red)
Sun Aug  6 18:58:06 2023 Player pogger has left
Sun Aug  6 18:58:08 2023 [Global] | KKK | Moonman (Red): yes, you heard me
Sun Aug  6 18:58:10 2023 Name captured Blue's Intel.
Sun Aug  6 18:58:13 2023 vinicius JR (Blue) [Headshot] azato83 (Red)
Sun Aug  6 18:58:14 2023 | KKK | Moonman picked up Blue's Intel.
Sun Aug  6 18:58:17 2023 | KKK | Moonman dropped Blue's Intel
Sun Aug  6 18:58:19 2023 | KKK | Moonman picked up Blue's Intel.
Sun Aug  6 18:58:20 2023 | KKK | Moonman dropped Blue's Intel
Sun Aug  6 18:58:22 2023 vinicius JR (Blue) [Headshot] Putin (Red)
Sun Aug  6 18:58:23 2023 | KKK | Moonman picked up Blue's Intel.
Sun Aug  6 18:58:23 2023 | KKK | Moonman dropped Blue's Intel
Sun Aug  6 18:58:26 2023 | KKK | Moonman picked up Blue's Intel.
Sun Aug  6 18:58:26 2023  If you believe a player is breaking the rules, please let us know with /ADMIN
Sun Aug  6 18:58:29 2023 Harry (Blue) [Headshot] zekebird (Red)
Sun Aug  6 18:58:32 2023 Player zekebird has left
Sun Aug  6 18:58:34 2023  | KKK | Moonman has a kill-death ratio of 0.00 (0 kills, 1 deaths, 0.00 kills per
Sun Aug  6 18:58:34 2023  minute).
Sun Aug  6 18:58:34 2023  Name started a VOTEKICK against | KKK | Moonman. Say /Y to agree
Sun Aug  6 18:58:34 2023  Reason: for racist and spamming intel
Sun Aug  6 18:58:37 2023 [Global] | KKK | Moonman (Red): what
Sun Aug  6 18:58:41 2023 [Global] | KKK | Moonman (Red): how am i racist
Sun Aug  6 18:58:41 2023 vinicius JR (Blue) [Fall]
Sun Aug  6 18:58:45 2023 [Global] | KKK | Moonman (Red): i'm black myself lmao
Sun Aug  6 18:58:45 2023 bilboswaggins (Red) [Headshot] ZerkingDeepwo (Blue)
Sun Aug  6 18:58:45 2023  ZerkingDeepwo voted YES
Sun Aug  6 18:58:46 2023 [Global] ama (Blue): lol
Sun Aug  6 18:58:49 2023 [Global] Putin (Red): morram ***s
Sun Aug  6 18:58:56 2023  Mahalo for playing aloha.pk tower of babel
Sun Aug  6 18:58:56 2023 [Global] Putin (Red): monos
Sun Aug  6 18:58:57 2023 | KKK | Moonman captured Blue's Intel.
Sun Aug  6 18:58:57 2023 Name picked up Blue's Intel.
Sun Aug  6 18:58:58 2023 [Global] azato83 (Red): i identy as a panda black and white so no racist
Sun Aug  6 18:59:04 2023  Name is votekicking | KKK | Moonman. /Y to vote (4 left)
Sun Aug  6 18:59:04 2023  Reason: for racist and spamming intel
Sun Aug  6 18:59:05 2023 [Global] | KKK | Moonman (Red): i'm vanta black
Sun Aug  6 18:59:07 2023 Putin (Red) [Headshot] vinicius JR (Blue)
Sun Aug  6 18:59:16 2023 | KKK | Moonman (Red) [Headshot] FabainoGremista (Blue)
Sun Aug  6 18:59:18 2023 [Global] | KKK | Moonman (Red): lol
Sun Aug  6 18:59:20 2023 [Global] ama (Blue): i iwsh i had a vagina
Sun Aug  6 18:59:25 2023 [Global] | KKK | Moonman (Red): grow one
Sun Aug  6 18:59:26 2023  Build a tower to get the enemy's intel. Take it to your team's tent to win!
Sun Aug  6 18:59:29 2023 Name (Red) [SMG] Harry (Blue)
Sun Aug  6 18:59:31 2023 Name captured Blue's Intel.
Sun Aug  6 18:59:33 2023 | KKK | Moonman picked up Blue's Intel.
Sun Aug  6 18:59:33 2023 [Global] ama (Blue): im in the process
Sun Aug  6 18:59:34 2023  Name is votekicking | KKK | Moonman. /Y to vote (4 left)
Sun Aug  6 18:59:34 2023  Reason: for racist and spamming intel
Sun Aug  6 18:59:34 2023 azato83 (Red) [Headshot] vinicius JR (Blue)
Sun Aug  6 18:59:35 2023 bilboswaggins (Red) [Fall]
Sun Aug  6 18:59:44 2023 pepelotomer joined Red team
Sun Aug  6 18:59:44 2023 Putin (Red) [Headshot] vinicius JR (Blue)
Sun Aug  6 18:59:52 2023 xIX2bYoRHaXIx (Blue) [Headshot] azato83 (Red)
Sun Aug  6 18:59:56 2023  Type /HELP for info & commands
Sun Aug  6 18:59:59 2023 | KKK | Moonman captured Blue's Intel.
Sun Aug  6 18:59:59 2023 Red Wins!
Sun Aug  6 18:59:59 2023  Game finished! Next map: abridgetoodark.
Sun Aug  6 18:59:59 2023 [Global] | KKK | Moonman (Red): gg
Sun Aug  6 19:00:01 2023 pepelotomer (Red) [Rifle] vinicius JR (Blue)
Sun Aug  6 19:00:03 2023 Harry (Blue) [Headshot] bilboswaggins (Red)
Sun Aug  6 19:00:03 2023 azato83 (Red) [Rifle] xIX2bYoRHaXIx (Blue)
Sun Aug  6 19:00:04 2023 pepelotomer (Red) [Headshot] ama (Blue)
Sun Aug  6 19:00:04 2023  Name is votekicking | KKK | Moonman. /Y to vote (5 left)
Sun Aug  6 19:00:04 2023  Reason: for racist and spamming intel
Sun Aug  6 19:00:05 2023 azato83 (Red) [Rifle] ZerkingDeepwo (Blue)
Sun Aug  6 19:00:05 2023 A stupid Furry (Blue) [Headshot] Name (Red)
Sun Aug  6 19:00:05 2023 A stupid Furry (Blue) [Headshot] Name (Red)
Sun Aug  6 19:00:05 2023 Putin (Red) [Fall]
Sun Aug  6 19:00:05 2023 pepelotomer (Red) [Rifle] A stupid Furry (Blue)
Sun Aug  6 19:00:05 2023 [Global] Name (Red): shut up
Sun Aug  6 19:00:05 2023 | KKK | Moonman (Red) [Fall]
Sun Aug  6 19:00:06 2023 azato83 (Red) [Headshot] FabainoGremista (Blue)
Sun Aug  6 19:00:07 2023 Harry (Blue) [Headshot] azato83 (Red)
Sun Aug  6 19:00:08 2023 [Global] | KKK | Moonman (Red): bruh
Sun Aug  6 19:00:08 2023 Harry (Blue) [Headshot] pepelotomer (Red)
Sun Aug  6 19:00:10 2023 ------ World Unloaded ------
Sun Aug  6 19:00:29 2023 ------ World Loaded ------
Sun Aug  6 19:00:29 2023 azato83 joined Red team
Sun Aug  6 19:00:29 2023 Name joined Blue team
Sun Aug  6 19:00:29 2023 A stupid Furry joined Blue team
Sun Aug  6 19:00:29 2023 | KKK | Moonman joined Red team
Sun Aug  6 19:00:29 2023 ZerkingDeepwo joined Blue team
Sun Aug  6 19:00:29 2023 Welcome to aloha.pk tower of babel
Sun Aug  6 19:00:29 2023 pepelotomer joined Blue team
Sun Aug  6 19:00:31 2023 Map: A Bridge Too Dark by ei8htx & Mile
Sun Aug  6 19:00:31 2023 ZerkingDeepwo (Blue) [Weapon Change]
Sun Aug  6 19:00:31 2023 Game mode: Tower of Babel by Yourself, modified by izzy
Sun Aug  6 19:00:33 2023 Build a tower to get the enemy's intel. Take it to your team's tent to win!
Sun Aug  6 19:00:35 2023 Visit our community forums at https://aloha.pk/
Sun Aug  6 19:00:37 2023 Come chat with us at https://discord.aloha.pk/
Sun Aug  6 19:00:39 2023 ama joined Red team
Sun Aug  6 19:00:43 2023 xIX2bYoRHaXIx joined Red team
Sun Aug  6 19:00:44 2023 [Global] ZerkingDeepwo (Blue): Worst map ever
Sun Aug  6 19:00:50 2023 vinicius JR joined Blue team
Sun Aug  6 19:00:55 2023  Name has a kill-death ratio of 0.41 (9 kills, 22 deaths, 0.26 kills per minute).
Sun Aug  6 19:00:55 2023  | KKK | Moonman started a VOTEKICK against Name. Say /Y to agree
Sun Aug  6 19:00:55 2023  Reason: for intel and spamming racist
Sun Aug  6 19:00:56 2023 A stupid Furry (Blue) [Fall]
Sun Aug  6 19:00:56 2023  Come chat with us at https://discord.aloha.pk/
Sun Aug  6 19:00:57 2023 [Global] A stupid Furry (Blue): damn
Sun Aug  6 19:01:11 2023 FabainoGremista joined Red team
Sun Aug  6 19:01:11 2023 ama (Red) [Weapon Change]
Sun Aug  6 19:01:11 2023 [Global] ZerkingDeepwo (Blue): Heya are you actually a furry
Sun Aug  6 19:01:14 2023 ama (Red) [Team Change]
Sun Aug  6 19:01:24 2023 [Global] ama (Red): im  a brownie actually
Sun Aug  6 19:01:25 2023  | KKK | Moonman is votekicking Name. /Y to vote (5 left)
Sun Aug  6 19:01:25 2023  Reason: for intel and spamming racist
Sun Aug  6 19:01:25 2023 ama joined Blue team
Sun Aug  6 19:01:26 2023  If you believe a player is breaking the rules, please let us know with /ADMIN
Sun Aug  6 19:01:36 2023 You can't destroy your team's blocks in this area. Attack the enemy's tower!
Sun Aug  6 19:01:38 2023 xIX2bYoRHaXIx (Red) [Fall]
Sun Aug  6 19:01:38 2023 | KKK | Moonman (Red) [Fall]
Sun Aug  6 19:01:38 2023 You can't destroy your team's blocks in this area. Attack the enemy's tower!
Sun Aug  6 19:01:38 2023 You can't destroy your team's blocks in this area. Attack the enemy's tower!
Sun Aug  6 19:01:38 2023 You can't destroy your team's blocks in this area. Attack the enemy's tower!
Sun Aug  6 19:01:39 2023 You can't destroy your team's blocks in this area. Attack the enemy's tower!
Sun Aug  6 19:01:39 2023 You can't destroy your team's blocks in this area. Attack the enemy's tower!
Sun Aug  6 19:01:44 2023 ZerkingDeepwo (Blue) [SMG]
Sun Aug  6 19:01:46 2023  Votekick for Name has ended. Instigator | KKK | Moonman left
Sun Aug  6 19:01:46 2023 Player | KKK | Moonman has left
Sun Aug  6 19:01:52 2023 FabainoGremista (Red) [Fall]
Sun Aug  6 19:01:56 2023  Mahalo for playing aloha.pk tower of babel
Sun Aug  6 19:02:26 2023  Build a tower to get the enemy's intel. Take it to your team's tent to win!
Sun Aug  6 19:02:31 2023 ZerkingDeepwo picked up Red's Intel.
Sun Aug  6 19:02:32 2023 xIX2bYoRHaXIx (Red) [Fall]
Sun Aug  6 19:02:34 2023 ZerkingDeepwo (Blue) [Headshot] Harry (Red)
Sun Aug  6 19:02:35 2023 ZerkingDeepwo dropped Red's Intel
Sun Aug  6 19:02:35 2023 azato83 (Red) [Headshot] ZerkingDeepwo (Blue)
Sun Aug  6 19:02:38 2023 [Global] ZerkingDeepwo (Blue): FUCK
Sun Aug  6 19:02:51 2023 [Global] azato83 (Red): so obvious men
Sun Aug  6 19:02:55 2023 FabainoGremista (Red) [Rifle] ama (Blue)
Sun Aug  6 19:02:56 2023  Type /HELP for info & commands
Sun Aug  6 19:03:11 2023 FabainoGremista (Red) [Fall]
Sun Aug  6 19:03:16 2023 ZerkingDeepwo (Blue) [SMG] Harry (Red)
Sun Aug  6 19:03:16 2023 ZerkingDeepwo picked up Red's Intel.
Sun Aug  6 19:03:26 2023  Visit our community forums at https://aloha.pk/
Sun Aug  6 19:03:31 2023 POP_OS joined Red team
Sun Aug  6 19:03:33 2023 [Global] ZerkingDeepwo (Blue): 4 hp
Sun Aug  6 19:03:36 2023 [Global] ZerkingDeepwo (Blue): Almost
Sun Aug  6 19:03:53 2023 FabainoGremista (Red) [Fall]
Sun Aug  6 19:03:56 2023  Come chat with us at https://discord.aloha.pk/
Sun Aug  6 19:04:04 2023 xIX2bYoRHaXIx (Red) [Fall]
Sun Aug  6 19:04:04 2023 ZerkingDeepwo captured Red's Intel.
Sun Aug  6 19:04:18 2023 ZerkingDeepwo (Blue) [Fall]
Sun Aug  6 19:04:19 2023 axe    j vnny   joined Blue team
Sun Aug  6 19:04:26 2023  If you believe a player is breaking the rules, please let us know with /ADMIN
Sun Aug  6 19:04:34 2023 xIX2bYoRHaXIx (Red) [Headshot] ama (Blue)
Sun Aug  6 19:04:41 2023 FabainoGremista (Red) [Rifle] vinicius JR (Blue)
Sun Aug  6 19:04:56 2023 xIX2bYoRHaXIx (Red) [Rifle] ZerkingDeepwo (Blue)
Sun Aug  6 19:04:56 2023  Mahalo for playing aloha.pk tower of babel
Sun Aug  6 19:05:09 2023 FabainoGremista (Red) [Headshot] ZerkingDeepwo (Blue)
Sun Aug  6 19:05:24 2023 Harry (Red) [Headshot] axe    j vnny   (Blue)
Sun Aug  6 19:05:26 2023  Build a tower to get the enemy's intel. Take it to your team's tent to win!
Sun Aug  6 19:05:27 2023 ZerkingDeepwo (Blue) [Headshot] FabainoGremista (Red)
Sun Aug  6 19:05:29 2023 axe    j vnny   (Blue) [Weapon Change]
Sun Aug  6 19:05:31 2023 [Global] ZerkingDeepwo (Blue): puto
Sun Aug  6 19:05:42 2023 A stupid Furry picked up Red's Intel.
Sun Aug  6 19:05:43 2023 A stupid Furry dropped Red's Intel
Sun Aug  6 19:05:43 2023 azato83 (Red) [Headshot] A stupid Furry (Blue)
Sun Aug  6 19:05:56 2023  Type /HELP for info & commands
Sun Aug  6 19:06:05 2023 xIX2bYoRHaXIx (Red) [Headshot] A stupid Furry (Blue)
Sun Aug  6 19:06:06 2023 axe    j vnny   (Blue) [Rifle] Harry (Red)
Sun Aug  6 19:06:12 2023 Black Ooze joined Red team
Sun Aug  6 19:06:14 2023 Name (Blue) [Headshot] xIX2bYoRHaXIx (Red)
Sun Aug  6 19:06:15 2023 [Global] ZerkingDeepwo (Blue): WHO DAMAGED MY STAIRS
Sun Aug  6 19:06:17 2023 Name (Blue) [Headshot] FabainoGremista (Red)
Sun Aug  6 19:06:23 2023 azato83 (Red) [Headshot] Name (Blue)
Sun Aug  6 19:06:26 2023  Visit our community forums at https://aloha.pk/
Sun Aug  6 19:06:30 2023 FabainoGremista (Red) [Fall]
Sun Aug  6 19:06:33 2023 Player ama has left
Sun Aug  6 19:06:34 2023 Stryju joined Red team
Sun Aug  6 19:06:38 2023 xIX2bYoRHaXIx (Red) [Headshot] Name (Blue)
Sun Aug  6 19:06:38 2023 xIX2bYoRHaXIx (Red) [Headshot] A stupid Furry (Blue)
Sun Aug  6 19:06:43 2023 ZerkingDeepwo (Blue) [Headshot] Black Ooze (Red)
Sun Aug  6 19:06:43 2023 azato83 (Red) [Headshot] ZerkingDeepwo (Blue)
Sun Aug  6 19:06:45 2023 [Global] Name (Blue): ALL ATTAC
Sun Aug  6 19:06:56 2023  Come chat with us at https://discord.aloha.pk/
Sun Aug  6 19:06:59 2023 azato83 (Red) [Headshot] axe    j vnny   (Blue)
Sun Aug  6 19:06:59 2023 FabainoGremista picked up Blue's Intel.
Sun Aug  6 19:07:00 2023 FabainoGremista dropped Blue's Intel
Sun Aug  6 19:07:00 2023 ZerkingDeepwo (Blue) [Headshot] FabainoGremista (Red)
Sun Aug  6 19:07:02 2023 Stryju (Red) [Headshot] vinicius JR (Blue)
Sun Aug  6 19:07:07 2023 ZerkingDeepwo (Blue) [SMG] azato83 (Red)
Sun Aug  6 19:07:08 2023 ZerkingDeepwo (Blue) [SMG] Stryju (Red)
Sun Aug  6 19:07:17 2023 Black Ooze (Red) [Fall]
Sun Aug  6 19:07:17 2023 FabainoGremista (Red) [Headshot] axe    j vnny   (Blue)
Sun Aug  6 19:07:20 2023 ZerkingDeepwo (Blue) [Headshot] FabainoGremista (Red)
Sun Aug  6 19:07:22 2023 Stryju (Red) [Team Change]
Sun Aug  6 19:07:25 2023 Stryju joined Blue team
Sun Aug  6 19:07:25 2023 Harry (Red) [Fall]
Sun Aug  6 19:07:26 2023  If you believe a player is breaking the rules, please let us know with /ADMIN
Sun Aug  6 19:07:27 2023 piotr333 joined Blue team
Sun Aug  6 19:07:32 2023 xIX2bYoRHaXIx (Red) [Fall]
Sun Aug  6 19:07:41 2023 [Global] piotr333 (Blue): hello
Sun Aug  6 19:07:45 2023 A stupid Furry (Blue) [Headshot] FabainoGremista (Red)
Sun Aug  6 19:07:53 2023 xIX2bYoRHaXIx (Red) [Rifle] piotr333 (Blue)
Sun Aug  6 19:07:54 2023 You must be closer to the enemy's base to shoot blocks!
Sun Aug  6 19:07:54 2023 xIX2bYoRHaXIx (Red) [Headshot] A stupid Furry (Blue)
Sun Aug  6 19:07:56 2023  Mahalo for playing aloha.pk tower of babel
Sun Aug  6 19:07:57 2023 ZerkingDeepwo (Blue) [Headshot] Harry (Red)
Sun Aug  6 19:08:00 2023 azato83 (Red) [Rifle] Stryju (Blue)
Sun Aug  6 19:08:04 2023 ZerkingDeepwo (Blue) [SMG] FabainoGremista (Red)
Sun Aug  6 19:08:10 2023 azato83 (Red) [Headshot] Name (Blue)
Sun Aug  6 19:08:12 2023 Harry (Red) [Headshot] ZerkingDeepwo (Blue)
Sun Aug  6 19:08:14 2023 [Global] Name (Blue): ALL ATTAC
Sun Aug  6 19:08:18 2023 [Global] ZerkingDeepwo (Blue): NO ONE WILL GRAB INTEL
Sun Aug  6 19:08:19 2023 Harry picked up Blue's Intel.
Sun Aug  6 19:08:22 2023 [Global] ZerkingDeepwo (Blue): IN OUR GUARD
Sun Aug  6 19:08:26 2023  Build a tower to get the enemy's intel. Take it to your team's tent to win!
Sun Aug  6 19:08:30 2023 piotr333 (Blue) [SMG] FabainoGremista (Red)
Sun Aug  6 19:08:30 2023 xIX2bYoRHaXIx (Red) [Rifle] piotr333 (Blue)
Sun Aug  6 19:08:33 2023 azato83 (Red) [Headshot] Stryju (Blue)
Sun Aug  6 19:08:33 2023 ZerkingDeepwo (Blue) [Headshot] xIX2bYoRHaXIx (Red)
Sun Aug  6 19:08:36 2023 Harry captured Blue's Intel.
Sun Aug  6 19:08:37 2023 [Global] piotr333 (Blue): USSR
Sun Aug  6 19:08:40 2023 FabainoGremista (Red) [Weapon Change]
Sun Aug  6 19:08:40 2023 [Global] ZerkingDeepwo (Blue): NAh man seriosuly
Sun Aug  6 19:08:46 2023 vinicius JR (Blue) [Headshot] POP_OS (Red)
Sun Aug  6 19:08:47 2023 [Global] ZerkingDeepwo (Blue): Pair of idiots
Sun Aug  6 19:08:47 2023 vinicius JR (Blue) [Headshot] xIX2bYoRHaXIx (Red)
Sun Aug  6 19:08:49 2023 Harry (Red) [Headshot] vinicius JR (Blue)
Sun Aug  6 19:08:56 2023 You must be closer to the enemy's base to shoot blocks!
Sun Aug  6 19:08:56 2023  Type /HELP for info & commands
Sun Aug  6 19:08:57 2023 ZerkingDeepwo (Blue) [Headshot] Harry (Red)
Sun Aug  6 19:09:01 2023 azato83 (Red) [Rifle] Name (Blue)
Sun Aug  6 19:09:04 2023 azato83 (Red) [Rifle] Stryju (Blue)
Sun Aug  6 19:09:08 2023 xIX2bYoRHaXIx (Red) [Headshot] vinicius JR (Blue)
Sun Aug  6 19:09:08 2023 xIX2bYoRHaXIx (Red) [Headshot] ZerkingDeepwo (Blue)
Sun Aug  6 19:09:14 2023 You must be closer to the enemy's base to shoot blocks!
Sun Aug  6 19:09:16 2023 You must be closer to the enemy's base to shoot blocks!
Sun Aug  6 19:09:18 2023 Name (Blue) [Headshot] azato83 (Red)
Sun Aug  6 19:09:22 2023 Harry (Red) [Headshot] pepelotomer (Blue)
Sun Aug  6 19:09:23 2023 Black Ooze (Red) [Rifle] Name (Blue)
Sun Aug  6 19:09:23 2023 You must be closer to the enemy's base to shoot blocks!
Sun Aug  6 19:09:24 2023 ZerkingDeepwo (Blue) [Headshot] FabainoGremista (Red)
Sun Aug  6 19:09:26 2023 Harry (Red) [Headshot] axe    j vnny   (Blue)
Sun Aug  6 19:09:26 2023 [Global] Name (Blue): ALL ATTAC
Sun Aug  6 19:09:26 2023  Visit our community forums at https://aloha.pk/
Sun Aug  6 19:09:27 2023 Harry (Red) [Headshot] ZerkingDeepwo (Blue)
Sun Aug  6 19:09:29 2023 POP_OS (Red) [Headshot] A stupid Furry (Blue)
Sun Aug  6 19:09:31 2023 Harry picked up Blue's Intel.
Sun Aug  6 19:09:33 2023 [Global] azato83 (Red): no dont listen to him
Sun Aug  6 19:09:36 2023 Stryju (Blue) [Headshot] Black Ooze (Red)
Sun Aug  6 19:09:39 2023 [Global] ZerkingDeepwo (Blue): GUYS SERIOSULYw
Sun Aug  6 19:09:40 2023 POP_OS (Red) [Headshot] pepelotomer (Blue)
Sun Aug  6 19:09:43 2023 [Global] ZerkingDeepwo (Blue): w
Sun Aug  6 19:09:47 2023 Harry captured Blue's Intel.
Sun Aug  6 19:09:49 2023 POP_OS (Red) [Headshot] A stupid Furry (Blue)
Sun Aug  6 19:09:56 2023 azato83 (Red) [Headshot] Name (Blue)
Sun Aug  6 19:09:56 2023 Stryju (Blue) [SMG] FabainoGremista (Red)
Sun Aug  6 19:09:56 2023  Come chat with us at https://discord.aloha.pk/
Sun Aug  6 19:09:57 2023 POP_OS (Red) [Headshot] ZerkingDeepwo (Blue)
Sun Aug  6 19:10:00 2023 [Global] Name (Blue): ALL ATTACK
Sun Aug  6 19:10:00 2023 [Global] ZerkingDeepwo (Blue): GUYS
Sun Aug  6 19:10:01 2023 Harry (Red) [Headshot] A stupid Furry (Blue)
Sun Aug  6 19:10:01 2023 POP_OS picked up Blue's Intel.
Sun Aug  6 19:10:01 2023 POP_OS dropped Blue's Intel
Sun Aug  6 19:10:01 2023 pepelotomer (Blue) [Headshot] POP_OS (Red)
Sun Aug  6 19:10:03 2023 [Global] azato83 (Red): he dont care about you
Sun Aug  6 19:10:04 2023 pepelotomer (Blue) [Headshot] Black Ooze (Red)
Sun Aug  6 19:10:07 2023 [Global] ZerkingDeepwo (Blue): ALL ATTACK
Sun Aug  6 19:10:08 2023 [Global] azato83 (Red): come to the red side
Sun Aug  6 19:10:11 2023 [Global] ZerkingDeepwo (Blue): ALL ATTACK
Sun Aug  6 19:10:14 2023 Harry (Red) [Rifle] pepelotomer (Blue)
Sun Aug  6 19:10:15 2023 Player vinicius JR has left
Sun Aug  6 19:10:17 2023 Name (Blue) [Headshot] FabainoGremista (Red)
Sun Aug  6 19:10:20 2023 Harry (Red) [Headshot] A stupid Furry (Blue)
Sun Aug  6 19:10:21 2023 xIX2bYoRHaXIx (Red) [Headshot] Stryju (Blue)
Sun Aug  6 19:10:26 2023  If you believe a player is breaking the rules, please let us know with /ADMIN
Sun Aug  6 19:10:26 2023 Harry (Red) [Headshot] ZerkingDeepwo (Blue)
Sun Aug  6 19:10:31 2023 [Global] ZerkingDeepwo (Blue): GUYS
Sun Aug  6 19:10:32 2023 Harry picked up Blue's Intel.
Sun Aug  6 19:10:33 2023 Harry (Red) [Headshot] Name (Blue)
Sun Aug  6 19:10:35 2023 POP_OS (Red) [Headshot] A stupid Furry (Blue)
Sun Aug  6 19:10:35 2023 [Global] ZerkingDeepwo (Blue): KILL EM
Sun Aug  6 19:10:36 2023 azato83 (Red) [Headshot] piotr333 (Blue)
Sun Aug  6 19:10:37 2023 [Global] Name (Blue): ALL ATTACK IDIOTS
Sun Aug  6 19:10:39 2023 [Global] ZerkingDeepwo (Blue): ALL ATTACK
Sun Aug  6 19:10:43 2023 Name (Blue) [SMG] FabainoGremista (Red)
Sun Aug  6 19:10:45 2023 [Global] azato83 (Red): dont listen to him
Sun Aug  6 19:10:47 2023 [Global] ZerkingDeepwo (Blue): ALL ATTACK MOTHERFUCKERS
Sun Aug  6 19:10:47 2023 Harry captured Blue's Intel.
Sun Aug  6 19:10:49 2023 Name (Blue) [SMG] POP_OS (Red)
Sun Aug  6 19:10:50 2023 Black Ooze (Red) [Headshot] Name (Blue)
Sun Aug  6 19:10:51 2023 [Global] ZerkingDeepwo (Blue): IS NO TIME FOR BUILDING
Sun Aug  6 19:10:54 2023 [Global] azato83 (Red): come to the red side
Sun Aug  6 19:10:56 2023  Mahalo for playing aloha.pk tower of babel
Sun Aug  6 19:10:57 2023 [Global] Name (Blue): ALL ATTACK IDIOTS
Sun Aug  6 19:10:59 2023 xIX2bYoRHaXIx (Red) [Fall]
Sun Aug  6 19:10:59 2023 azato83 (Red) [SMG] Stryju (Blue)
Sun Aug  6 19:11:00 2023 Harry (Red) [Headshot] ZerkingDeepwo (Blue)
Sun Aug  6 19:11:02 2023 POP_OS (Red) [Headshot] A stupid Furry (Blue)
Sun Aug  6 19:11:06 2023 POP_OS (Red) [Headshot] piotr333 (Blue)
Sun Aug  6 19:11:09 2023 FabainoGremista (Red) [Headshot] pepelotomer (Blue)
Sun Aug  6 19:11:12 2023 Only 10 more kills in your killstreak until you unlock the apocalypse!
Sun Aug  6 19:11:12 2023 Harry (Red) [Headshot] ZerkingDeepwo (Blue)
Sun Aug  6 19:11:13 2023 Name (Blue) [Headshot] FabainoGremista (Red)
Sun Aug  6 19:11:14 2023 [Global] piotr333 (Blue): Name for leader
Sun Aug  6 19:11:14 2023 [Global] ZerkingDeepwo (Blue): STOP LOOSING UR TIME
Sun Aug  6 19:11:17 2023 Stryju (Blue) [Fall]
Sun Aug  6 19:11:20 2023 Name (Blue) [Headshot] POP_OS (Red)
Sun Aug  6 19:11:21 2023 You must be closer to the enemy's base to shoot blocks!
Sun Aug  6 19:11:24 2023 pepelotomer (Blue) [SMG] Black Ooze (Red)
Sun Aug  6 19:11:26 2023  Build a tower to get the enemy's intel. Take it to your team's tent to win!
Sun Aug  6 19:11:26 2023 [Global] azato83 (Red): he es also a furry lover
Sun Aug  6 19:11:27 2023 A stupid Furry (Blue) [SMG] Harry (Red)
Sun Aug  6 19:11:31 2023 azato83 (Red) [Fall]
Sun Aug  6 19:11:31 2023 xIX2bYoRHaXIx (Red) [Fall]
Sun Aug  6 19:11:32 2023 Name (Blue) [Headshot] FabainoGremista (Red)
Sun Aug  6 19:11:39 2023 A stupid Furry (Blue) [Headshot] POP_OS (Red)
Sun Aug  6 19:11:43 2023 azato83 (Red) [Fall]
Sun Aug  6 19:11:45 2023 ZerkingDeepwo (Blue) [Headshot] Black Ooze (Red)
Sun Aug  6 19:11:48 2023 Harry (Red) [Headshot] A stupid Furry (Blue)
Sun Aug  6 19:11:50 2023 xIX2bYoRHaXIx (Red) [Rifle] piotr333 (Blue)
Sun Aug  6 19:11:56 2023  Type /HELP for info & commands
Sun Aug  6 19:11:56 2023 ZerkingDeepwo (Blue) [Headshot] Harry (Red)
Sun Aug  6 19:11:56 2023 ZerkingDeepwo (Blue) [Headshot] FabainoGremista (Red)
Sun Aug  6 19:11:59 2023 xIX2bYoRHaXIx (Red) [Rifle] Name (Blue)
Sun Aug  6 19:12:16 2023 Black Ooze (Red) [Rifle] ZerkingDeepwo (Blue)
Sun Aug  6 19:12:17 2023 pepelotomer (Blue) [Headshot] FabainoGremista (Red)
Sun Aug  6 19:12:18 2023 Harry (Red) [Headshot] A stupid Furry (Blue)
Sun Aug  6 19:12:19 2023 xIX2bYoRHaXIx (Red) [Rifle] pepelotomer (Blue)
Sun Aug  6 19:12:21 2023 azato83 (Red) [Headshot] Stryju (Blue)
Sun Aug  6 19:12:26 2023  Visit our community forums at https://aloha.pk/
Sun Aug  6 19:12:27 2023 Black Ooze (Red) [Headshot] piotr333 (Blue)
Sun Aug  6 19:12:30 2023 [Global] ZerkingDeepwo (Blue): DAMN GUYS LISTEN OUR TEAM
Sun Aug  6 19:12:35 2023 Name (Blue) [SMG] azato83 (Red)
Sun Aug  6 19:12:36 2023 Harry picked up Blue's Intel.
Sun Aug  6 19:12:36 2023 A stupid Furry (Blue) [SMG] Black Ooze (Red)
Sun Aug  6 19:12:37 2023 [Global] ZerkingDeepwo (Blue): TEAMWORK IS GOLD
Sun Aug  6 19:12:44 2023 Name (Blue) [Headshot] POP_OS (Red)
Sun Aug  6 19:12:47 2023 xIX2bYoRHaXIx (Red) [Headshot] Stryju (Blue)
Sun Aug  6 19:12:49 2023 [Global] azato83 (Red): dont listen he is just a dab person
Sun Aug  6 19:12:51 2023 Harry captured Blue's Intel.
Sun Aug  6 19:12:53 2023 piotr333 (Blue) [Headshot] Black Ooze (Red)
Sun Aug  6 19:12:56 2023 xIX2bYoRHaXIx (Red) [Headshot] A stupid Furry (Blue)
Sun Aug  6 19:12:56 2023  Come chat with us at https://discord.aloha.pk/
Sun Aug  6 19:12:59 2023 xIX2bYoRHaXIx (Red) [Headshot] piotr333 (Blue)
Sun Aug  6 19:13:00 2023 [Global] azato83 (Red): come to red side everything is love here
Sun Aug  6 19:13:04 2023 A stupid Furry (Blue) [Fall]
Sun Aug  6 19:13:08 2023 xIX2bYoRHaXIx (Red) [Headshot] Stryju (Blue)
Sun Aug  6 19:13:10 2023 xIX2bYoRHaXIx (Red) [Fall]
Sun Aug  6 19:13:11 2023 [Global] A stupid Furry (Blue): nah
Sun Aug  6 19:13:11 2023 POP_OS (Red) [Headshot] pepelotomer (Blue)
Sun Aug  6 19:13:15 2023 [Global] ZerkingDeepwo (Blue): Can you please shut up your stupid mouth and say that on team chat
Sun Aug  6 19:13:17 2023 Black Ooze (Red) [Headshot] ZerkingDeepwo (Blue)
Sun Aug  6 19:13:18 2023 POP_OS picked up Blue's Intel.
Sun Aug  6 19:13:20 2023 Harry (Red) [Headshot] Stryju (Blue)
Sun Aug  6 19:13:26 2023  If you believe a player is breaking the rules, please let us know with /ADMIN
Sun Aug  6 19:13:27 2023 Harry (Red) [Headshot] piotr333 (Blue)
Sun Aug  6 19:13:28 2023 pepelotomer (Blue) [Headshot] Harry (Red)
Sun Aug  6 19:13:29 2023 [Global] ZerkingDeepwo (Blue): RUSH THEM
Sun Aug  6 19:13:32 2023 [Global] ZerkingDeepwo (Blue): RUSH THEM
Sun Aug  6 19:13:34 2023 POP_OS captured Blue's Intel.
Sun Aug  6 19:13:34 2023  With 563 blocks placed, Harry is granted the right to unleash the apocalypse.
Sun Aug  6 19:13:34 2023 God has given you the right to unleash the apocalypse.
Sun Aug  6 19:13:34 2023 Use /apoc to unleash the apocalypse.
Sun Aug  6 19:13:35 2023 pepelotomer (Blue) [SMG] Black Ooze (Red)
Sun Aug  6 19:13:36 2023 azato83 (Red) [Fall]
Sun Aug  6 19:13:36 2023 [Global] ZerkingDeepwo (Blue): RUSH THEM
Sun Aug  6 19:13:39 2023 [Global] POP_OS (Red): lol
Sun Aug  6 19:13:45 2023 [Global] POP_OS (Red): they dont speak english
Sun Aug  6 19:13:48 2023 piotr333 (Blue) [Headshot] Harry (Red)
Sun Aug  6 19:13:49 2023 [Global] azato83 (Red): yes we do
Sun Aug  6 19:13:49 2023 ZerkingDeepwo (Blue) [Headshot] azato83 (Red)
Sun Aug  6 19:13:51 2023 xIX2bYoRHaXIx (Red) [Headshot] Stryju (Blue)
Sun Aug  6 19:13:56 2023 xIX2bYoRHaXIx (Red) [Headshot] Name (Blue)
Sun Aug  6 19:13:56 2023  Mahalo for playing aloha.pk tower of babel
Sun Aug  6 19:13:57 2023 [Global] azato83 (Red): dont listen to putin 
Sun Aug  6 19:13:58 2023 [Global] Name (Blue): ALL ATTACK IDIOTS
Sun Aug  6 19:13:58 2023 ZerkingDeepwo (Blue) [Headshot] FabainoGremista (Red)
Sun Aug  6 19:13:59 2023 [Global] Name (Blue): ALL ATTACK IDIOTS
Sun Aug  6 19:14:01 2023 Black Ooze (Red) [Fall]
Sun Aug  6 19:14:03 2023 [Global] azato83 (Red):  he es puto and putin
Sun Aug  6 19:14:09 2023 [Global] A stupid Furry (Blue): hey
Sun Aug  6 19:14:09 2023 xIX2bYoRHaXIx (Red) [Rifle] ZerkingDeepwo (Blue)
Sun Aug  6 19:14:10 2023 piotr333 (Blue) [Headshot] POP_OS (Red)
Sun Aug  6 19:14:13 2023 piotr333 (Blue) [Rifle] Harry (Red)
Sun Aug  6 19:14:14 2023 [Global] A stupid Furry (Blue): that's not nice
Sun Aug  6 19:14:17 2023 Stryju (Blue) [Headshot] FabainoGremista (Red)
Sun Aug  6 19:14:17 2023 xIX2bYoRHaXIx (Red) [Headshot] Stryju (Blue)
Sun Aug  6 19:14:21 2023 [Global] ZerkingDeepwo (Blue): ANYONE ACTUALLY CARES FOR TEAMWORK??
Sun Aug  6 19:14:22 2023 azato83 (Red) [SMG] Name (Blue)
Sun Aug  6 19:14:24 2023 xIX2bYoRHaXIx (Red) [Headshot] piotr333 (Blue)
Sun Aug  6 19:14:26 2023  Build a tower to get the enemy's intel. Take it to your team's tent to win!
Sun Aug  6 19:14:29 2023 azato83 (Red) [SMG] A stupid Furry (Blue)
Sun Aug  6 19:14:40 2023 xIX2bYoRHaXIx (Red) [Headshot] ZerkingDeepwo (Blue)
Sun Aug  6 19:14:42 2023 POP_OS (Red) [SMG] pepelotomer (Blue)
Sun Aug  6 19:14:45 2023 Stryju (Blue) [SMG] FabainoGremista (Red)
Sun Aug  6 19:14:46 2023 Use /apoc to unleash the apocalypse.
Sun Aug  6 19:14:46 2023 Harry (Red) [Headshot] Stryju (Blue)
Sun Aug  6 19:14:47 2023 POP_OS (Red) [Headshot] piotr333 (Blue)
Sun Aug  6 19:14:51 2023 POP_OS picked up Blue's Intel.
Sun Aug  6 19:14:52 2023 [Global] ZerkingDeepwo (Blue): STP DAMN BUILDING MOTHERFUCKERS
Sun Aug  6 19:14:52 2023 POP_OS dropped Blue's Intel
Sun Aug  6 19:14:52 2023 Name (Blue) [Headshot] POP_OS (Red)
Sun Aug  6 19:14:52 2023 Use /apoc to unleash the apocalypse.
Sun Aug  6 19:14:52 2023 Harry (Red) [Headshot] Name (Blue)
Sun Aug  6 19:14:55 2023 [Global] Name (Blue): ALL ATTACK IDIOTS
Sun Aug  6 19:14:56 2023  Type /HELP for info & commands
Sun Aug  6 19:14:57 2023 [Global] ZerkingDeepwo (Blue): IM TALKING SERIOUSLUY
Sun Aug  6 19:14:57 2023 You must be closer to the enemy's base to shoot blocks!
Sun Aug  6 19:15:00 2023 Harry picked up Blue's Intel.
Sun Aug  6 19:15:01 2023 Harry dropped Blue's Intel
Sun Aug  6 19:15:01 2023 piotr333 (Blue) [Rifle] Harry (Red)
Sun Aug  6 19:15:07 2023 [Global] azato83 (Red): dont listen
Sun Aug  6 19:15:08 2023 xIX2bYoRHaXIx (Red) [Headshot] piotr333 (Blue)
Sun Aug  6 19:15:08 2023 azato83 (Red) [Fall]
Sun Aug  6 19:15:10 2023 ZerkingDeepwo (Blue) [Headshot] POP_OS (Red)
Sun Aug  6 19:15:11 2023 ZerkingDeepwo (Blue) [Headshot] xIX2bYoRHaXIx (Red)
Sun Aug  6 19:15:13 2023 You must be closer to the enemy's base to shoot blocks!
Sun Aug  6 19:15:14 2023 Name (Blue) [Headshot] Black Ooze (Red)
Sun Aug  6 19:15:15 2023 [Global] azato83 (Red): dont believe in blue
Sun Aug  6 19:15:23 2023 You must be closer to the enemy's base to shoot blocks!
Sun Aug  6 19:15:23 2023 Name (Blue) [Headshot] FabainoGremista (Red)
Sun Aug  6 19:15:24 2023 azato83 (Red) [Headshot] Name (Blue)
Sun Aug  6 19:15:26 2023  Visit our community forums at https://aloha.pk/
Sun Aug  6 19:15:30 2023 xIX2bYoRHaXIx (Red) [Headshot] piotr333 (Blue)
Sun Aug  6 19:15:31 2023 [Global] Name (Blue): ALL ATTACK IDIOTSw
Sun Aug  6 19:15:34 2023 azato83 (Red) [Headshot] Stryju (Blue)
Sun Aug  6 19:15:35 2023 Use /apoc to unleash the apocalypse.
Sun Aug  6 19:15:35 2023 Harry (Red) [Headshot] pepelotomer (Blue)
Sun Aug  6 19:15:35 2023 POP_OS picked up Blue's Intel.
Sun Aug  6 19:15:37 2023  azato83 has a kill-death ratio of 1.18 (45 kills, 38 deaths, 0.81 kills per minute).
Sun Aug  6 19:15:37 2023  ZerkingDeepwo started a VOTEKICK against azato83. Say /Y to agree
Sun Aug  6 19:15:37 2023  Reason: say that to your team not to us idiot
Sun Aug  6 19:15:41 2023 Stryju (Blue) [Headshot] Harry (Red)
Sun Aug  6 19:15:43 2023 [Global] azato83 (Red): run forest runnnn
Sun Aug  6 19:15:47 2023 xIX2bYoRHaXIx (Red) [Headshot] A stupid Furry (Blue)
Sun Aug  6 19:15:47 2023 Name (Blue) [SMG] Black Ooze (Red)
Sun Aug  6 19:15:49 2023 POP_OS captured Blue's Intel.
Sun Aug  6 19:15:53 2023 piotr333 (Blue) [Headshot] FabainoGremista (Red)
Sun Aug  6 19:15:54 2023 azato83 (Red) [Fall]
Sun Aug  6 19:15:56 2023  Come chat with us at https://discord.aloha.pk/
Sun Aug  6 19:15:57 2023 ZerkingDeepwo (Blue) [Headshot] xIX2bYoRHaXIx (Red)
Sun Aug  6 19:15:58 2023 POP_OS (Red) [Headshot] ZerkingDeepwo (Blue)
Sun Aug  6 19:16:04 2023 [Global] ZerkingDeepwo (Blue): DAMN GUYS DONT BUILD
Sun Aug  6 19:16:06 2023 [Global] azato83 (Red):  apoc apocc
Sun Aug  6 19:16:07 2023  ZerkingDeepwo is votekicking azato83. /Y to vote (6 left)
Sun Aug  6 19:16:07 2023  Reason: say that to your team not to us idiot
Sun Aug  6 19:16:07 2023 [Global] ZerkingDeepwo (Blue): KILL THEM
Sun Aug  6 19:16:08 2023 Use /apoc to unleash the apocalypse.
Sun Aug  6 19:16:08 2023 Harry (Red) [Headshot] A stupid Furry (Blue)
Sun Aug  6 19:16:12 2023 piotr333 (Blue) [Headshot] POP_OS (Red)
Sun Aug  6 19:16:12 2023 [Global] ZerkingDeepwo (Blue): PLEASE PLEASE
Sun Aug  6 19:16:16 2023 piotr333 (Blue) [Headshot] Black Ooze (Red)
Sun Aug  6 19:16:17 2023 Use /apoc to unleash the apocalypse.
Sun Aug  6 19:16:17 2023 Harry (Red) [Headshot] piotr333 (Blue)
Sun Aug  6 19:16:21 2023 [Global] ZerkingDeepwo (Blue): STOP FUCKING BUILDING
Sun Aug  6 19:16:22 2023 Stryju (Blue) [Headshot] Harry (Red)
Sun Aug  6 19:16:26 2023  If you believe a player is breaking the rules, please let us know with /ADMIN
Sun Aug  6 19:16:27 2023 [Global] ZerkingDeepwo (Blue): GET THE INTEL
Sun Aug  6 19:16:31 2023 Stryju (Blue) [Headshot] POP_OS (Red)
Sun Aug  6 19:16:33 2023 xIX2bYoRHaXIx (Red) [Headshot] A stupid Furry (Blue)
Sun Aug  6 19:16:34 2023 [Global] ZerkingDeepwo (Blue): STOP BUILDING! IS THAT HARD?
Sun Aug  6 19:16:37 2023  ZerkingDeepwo is votekicking azato83. /Y to vote (6 left)
Sun Aug  6 19:16:37 2023  Reason: say that to your team not to us idiot
Sun Aug  6 19:16:43 2023 [Global] POP_OS (Red): omg this is so funny
Sun Aug  6 19:16:49 2023 pepelotomer (Blue) [Headshot] FabainoGremista (Red)
Sun Aug  6 19:16:52 2023 pepelotomer (Blue) [Headshot] Harry (Red)
Sun Aug  6 19:16:53 2023 POP_OS (Red) [Headshot] pepelotomer (Blue)
Sun Aug  6 19:16:56 2023  Mahalo for playing aloha.pk tower of babel
Sun Aug  6 19:16:58 2023 POP_OS (Red) [Headshot] piotr333 (Blue)
Sun Aug  6 19:17:01 2023 ZerkingDeepwo (Blue) [Headshot] POP_OS (Red)
Sun Aug  6 19:17:06 2023 Yuriy joined Red team
Sun Aug  6 19:17:07 2023  ZerkingDeepwo is votekicking azato83. /Y to vote (6 left)
Sun Aug  6 19:17:07 2023  Reason: say that to your team not to us idiot
Sun Aug  6 19:17:09 2023 [Global] azato83 (Red): dont believe bluee
Sun Aug  6 19:17:09 2023 ZerkingDeepwo (Blue) [Headshot] azato83 (Red)
Sun Aug  6 19:17:10 2023 Name (Blue) [Headshot] Black Ooze (Red)
Sun Aug  6 19:17:10 2023 xIX2bYoRHaXIx (Red) [Headshot] A stupid Furry (Blue)
Sun Aug  6 19:17:11 2023 xIX2bYoRHaXIx (Red) [Headshot] ZerkingDeepwo (Blue)
Sun Aug  6 19:17:11 2023 Stryju (Blue) [Fall]
Sun Aug  6 19:17:13 2023 [Global] azato83 (Red):  come to red side
Sun Aug  6 19:17:13 2023 FabainoGremista (Red) [Fall]
Sun Aug  6 19:17:17 2023 [Global] A stupid Furry (Blue): alr
Sun Aug  6 19:17:18 2023 Use /apoc to unleash the apocalypse.
Sun Aug  6 19:17:18 2023 Harry (Red) [Headshot] piotr333 (Blue)
Sun Aug  6 19:17:20 2023 [Global] A stupid Furry (Blue): just stop
Sun Aug  6 19:17:21 2023 [Global] ZerkingDeepwo (Blue): DUDE SERIOSULY SHUT UP
Sun Aug  6 19:17:26 2023  Build a tower to get the enemy's intel. Take it to your team's tent to win!
Sun Aug  6 19:17:29 2023 [Global] azato83 (Red):  dont let him shut up
Sun Aug  6 19:17:30 2023 Stryju (Blue) [SMG] Yuriy (Red)
Sun Aug  6 19:17:31 2023 Stryju (Blue) [SMG] Harry (Red)
Sun Aug  6 19:17:32 2023 ZerkingDeepwo (Blue) [Headshot] Black Ooze (Red)
Sun Aug  6 19:17:35 2023 [Global] azato83 (Red):  free spechhh free spechhh
Sun Aug  6 19:17:37 2023  Votekick for azato83 has ended. Votekick timed out
Sun Aug  6 19:17:39 2023 [Global] A stupid Furry (Blue): I don't even talk that much
Sun Aug  6 19:17:40 2023 ZerkingDeepwo (Blue) [Headshot] POP_OS (Red)
Sun Aug  6 19:17:43 2023 xIX2bYoRHaXIx (Red) [Rifle] ZerkingDeepwo (Blue)
Sun Aug  6 19:17:51 2023 Use /apoc to unleash the apocalypse.
Sun Aug  6 19:17:51 2023 Harry (Red) [Headshot] piotr333 (Blue)
Sun Aug  6 19:17:54 2023 Black Ooze (Red) [Fall]
Sun Aug  6 19:17:56 2023  Type /HELP for info & commands
Sun Aug  6 19:17:57 2023 Use /apoc to unleash the apocalypse.
Sun Aug  6 19:17:57 2023 Harry (Red) [Headshot] pepelotomer (Blue)
Sun Aug  6 19:17:57 2023 [Global] ZerkingDeepwo (Blue): We need someone to grab intel, well protect his back
Sun Aug  6 19:18:08 2023 Stryju (Blue) [SMG] Yuriy (Red)
Sun Aug  6 19:18:10 2023 Use /apoc to unleash the apocalypse.
Sun Aug  6 19:18:10 2023 Harry (Red) [Headshot] Stryju (Blue)
Sun Aug  6 19:18:12 2023 pepelotomer (Blue) [Headshot] Harry (Red)
Sun Aug  6 19:18:16 2023 piotr333 (Blue) [Rifle] POP_OS (Red)
Sun Aug  6 19:18:22 2023 FabainoGremista (Red) [Headshot] Name (Blue)
Sun Aug  6 19:18:23 2023 xIX2bYoRHaXIx (Red) [Headshot] A stupid Furry (Blue)
Sun Aug  6 19:18:24 2023 [Global] Name (Blue): ALL ATTACK IDIOTSw
Sun Aug  6 19:18:26 2023 ZerkingDeepwo (Blue) [SMG] Yuriy (Red)
Sun Aug  6 19:18:26 2023  Visit our community forums at https://aloha.pk/
Sun Aug  6 19:18:28 2023 xIX2bYoRHaXIx (Red) [Headshot] piotr333 (Blue)
Sun Aug  6 19:18:29 2023 [Global] A stupid Furry (Blue): look
Sun Aug  6 19:18:32 2023 [Global] A stupid Furry (Blue): we are trying
Sun Aug  6 19:18:35 2023 Stryju (Blue) [SMG] Harry (Red)
Sun Aug  6 19:18:39 2023 ZerkingDeepwo (Blue) [Headshot] xIX2bYoRHaXIx (Red)
Sun Aug  6 19:18:40 2023 FabainoGremista (Red) [Fall]
Sun Aug  6 19:18:51 2023 POP_OS (Red) [Headshot] A stupid Furry (Blue)
Sun Aug  6 19:18:52 2023 pepelotomer (Blue) [SMG] Yuriy (Red)
Sun Aug  6 19:18:54 2023 You must be closer to the enemy's base to shoot blocks!
Sun Aug  6 19:18:56 2023  Come chat with us at https://discord.aloha.pk/
Sun Aug  6 19:18:56 2023 You must be closer to the enemy's base to shoot blocks!
Sun Aug  6 19:18:57 2023 ZerkingDeepwo (Blue) [Headshot] Harry (Red)
Sun Aug  6 19:19:01 2023 xIX2bYoRHaXIx (Red) [Headshot] piotr333 (Blue)
Sun Aug  6 19:19:02 2023 Name (Blue) [SMG] FabainoGremista (Red)
Sun Aug  6 19:19:07 2023 Black Ooze (Red) [Headshot] Name (Blue)
Sun Aug  6 19:19:10 2023 ZerkingDeepwo (Blue) [Headshot] POP_OS (Red)
Sun Aug  6 19:19:10 2023 xIX2bYoRHaXIx (Red) [Rifle] ZerkingDeepwo (Blue)
Sun Aug  6 19:19:17 2023 Black Ooze (Red) [Headshot] pepelotomer (Blue)
Sun Aug  6 19:19:18 2023 You must be closer to the enemy's base to shoot blocks!
Sun Aug  6 19:19:26 2023  If you believe a player is breaking the rules, please let us know with /ADMIN
Sun Aug  6 19:19:26 2023 Use /apoc to unleash the apocalypse.
Sun Aug  6 19:19:26 2023 Harry (Red) [Headshot] Stryju (Blue)
Sun Aug  6 19:19:31 2023 Player Stryju has left
Sun Aug  6 19:19:31 2023 Yuriy picked up Blue's Intel.
Sun Aug  6 19:19:32 2023 azato83 (Red) [Grenade]
Sun Aug  6 19:19:33 2023 R CONSERVADORA joined Blue team
Sun Aug  6 19:19:34 2023 Use /apoc to unleash the apocalypse.
Sun Aug  6 19:19:34 2023 Harry (Red) [Headshot] A stupid Furry (Blue)
Sun Aug  6 19:19:37 2023  axe    j vnny   was kicked: Inactive for 10 minutes
Sun Aug  6 19:19:37 2023 Player axe    j vnny   has left
Sun Aug  6 19:19:38 2023 POP_OS (Red) [Headshot] ZerkingDeepwo (Blue)
Sun Aug  6 19:19:39 2023 Name (Blue) [Headshot] POP_OS (Red)
Sun Aug  6 19:19:39 2023 You must be closer to the enemy's base to shoot blocks!
Sun Aug  6 19:19:40 2023 Black Ooze (Red) [Rifle] piotr333 (Blue)
Sun Aug  6 19:19:41 2023 xIX2bYoRHaXIx (Red) [Headshot] Name (Blue)
Sun Aug  6 19:19:43 2023 pepelotomer (Blue) [Fall]
Sun Aug  6 19:19:43 2023 [Global] Name (Blue): ALL ATTACK IDIOTSw
Sun Aug  6 19:19:45 2023 Use /apoc to unleash the apocalypse.
Sun Aug  6 19:19:45 2023 Harry (Red) [Headshot] A stupid Furry (Blue)
Sun Aug  6 19:19:45 2023 Yuriy captured Blue's Intel.
Sun Aug  6 19:19:48 2023 [Global] azato83 (Red): dont do it
Sun Aug  6 19:19:49 2023 Harry picked up Blue's Intel.
Sun Aug  6 19:19:49 2023 Use /apoc to unleash the apocalypse.
Sun Aug  6 19:19:49 2023 Harry (Red) [Headshot] R CONSERVADORA (Blue)
Sun Aug  6 19:19:52 2023 [Global] azato83 (Red):  you will die
Sun Aug  6 19:19:56 2023  Mahalo for playing aloha.pk tower of babel
Sun Aug  6 19:20:06 2023 [Global] ZerkingDeepwo (Blue): We are damn dead, thanks trash team!
Sun Aug  6 19:20:07 2023 Use /apoc to unleash the apocalypse.
Sun Aug  6 19:20:07 2023 Harry captured Blue's Intel.
Sun Aug  6 19:20:09 2023 POP_OS picked up Blue's Intel.
Sun Aug  6 19:20:10 2023 POP_OS dropped Blue's Intel
Sun Aug  6 19:20:10 2023 Name (Blue) [SMG] POP_OS (Red)
Sun Aug  6 19:20:11 2023 ZerkingDeepwo (Blue) [SMG] Yuriy (Red)
Sun Aug  6 19:20:13 2023 xIX2bYoRHaXIx (Red) [Rifle] pepelotomer (Blue)
Sun Aug  6 19:20:17 2023 azato83 (Red) [Headshot] piotr333 (Blue)
Sun Aug  6 19:20:22 2023 xIX2bYoRHaXIx (Red) [Headshot] ZerkingDeepwo (Blue)
Sun Aug  6 19:20:23 2023 A stupid Furry (Blue) [Fall]
Sun Aug  6 19:20:24 2023 pepelotomer (Blue) [Headshot] Harry (Red)
Sun Aug  6 19:20:26 2023  Build a tower to get the enemy's intel. Take it to your team's tent to win!
Sun Aug  6 19:20:32 2023 Name (Blue) [Headshot] Yuriy (Red)
Sun Aug  6 19:20:38 2023 You must be closer to the enemy's base to shoot blocks!
Sun Aug  6 19:20:39 2023 ZerkingDeepwo (Blue) [SMG] POP_OS (Red)
Sun Aug  6 19:20:43 2023 azato83 (Red) [Weapon Change]
Sun Aug  6 19:20:44 2023 pepelotomer (Blue) [Headshot] Harry (Red)
Sun Aug  6 19:20:46 2023 xIX2bYoRHaXIx (Red) [Headshot] A stupid Furry (Blue)
Sun Aug  6 19:20:53 2023 ZerkingDeepwo (Blue) [SMG] Yuriy (Red)
Sun Aug  6 19:20:54 2023 dragolds joined Spectator team
Sun Aug  6 19:20:56 2023  Type /HELP for info & commands
Sun Aug  6 19:20:57 2023 xIX2bYoRHaXIx (Red) [Headshot] piotr333 (Blue)
Sun Aug  6 19:21:05 2023 xIX2bYoRHaXIx (Red) [Rifle] A stupid Furry (Blue)
Sun Aug  6 19:21:06 2023 xIX2bYoRHaXIx (Red) [Rifle] ZerkingDeepwo (Blue)
Sun Aug  6 19:21:15 2023 [Global] ZerkingDeepwo (Blue): Will someone really hear us?
Sun Aug  6 19:21:19 2023 Yuriy picked up Blue's Intel.
Sun Aug  6 19:21:20 2023 Yuriy dropped Blue's Intel
Sun Aug  6 19:21:20 2023 Name (Blue) [SMG] Yuriy (Red)
Sun Aug  6 19:21:22 2023 dragolds joined Red team
Sun Aug  6 19:21:22 2023 pepelotomer (Blue) [Headshot] POP_OS (Red)
Sun Aug  6 19:21:26 2023 piotr333 (Blue) [Rifle] Black Ooze (Red)
Sun Aug  6 19:21:26 2023  Visit our community forums at https://aloha.pk/
Sun Aug  6 19:21:28 2023 ZerkingDeepwo (Blue) [Headshot] azato83 (Red)
Sun Aug  6 19:21:34 2023 [Global] azato83 (Red): go red go xD
Sun Aug  6 19:21:36 2023 You must be closer to the enemy's base to shoot blocks!
Sun Aug  6 19:21:38 2023 [Global] azato83 (Red): apoc apoc
Sun Aug  6 19:21:41 2023 xIX2bYoRHaXIx (Red) [Headshot] ZerkingDeepwo (Blue)
Sun Aug  6 19:21:47 2023 piotr333 (Blue) [Rifle] xIX2bYoRHaXIx (Red)
Sun Aug  6 19:21:47 2023 dragolds (Red) [Grenade] pepelotomer (Blue)
Sun Aug  6 19:21:48 2023 POP_OS picked up Blue's Intel.
Sun Aug  6 19:21:49 2023 POP_OS dropped Blue's Intel
Sun Aug  6 19:21:49 2023 Name (Blue) [SMG] POP_OS (Red)
Sun Aug  6 19:21:51 2023 Use /apoc to unleash the apocalypse.
Sun Aug  6 19:21:51 2023 Harry (Red) [Headshot] Name (Blue)
Sun Aug  6 19:21:54 2023 MESSIAS 8096745 joined Blue team
Sun Aug  6 19:21:56 2023 [Global] ZerkingDeepwo (Blue): Hey azato how aold are you
Sun Aug  6 19:21:56 2023 Yuriy (Red) [Rifle] ZerkingDeepwo (Blue)
Sun Aug  6 19:21:56 2023  Come chat with us at https://discord.aloha.pk/
Sun Aug  6 19:21:57 2023 [Global] Name (Blue): ALL ATTACK IDIOTSw
Sun Aug  6 19:21:57 2023 pepelotomer (Blue) [Headshot] Yuriy (Red)
Sun Aug  6 19:22:00 2023 Use /apoc to unleash the apocalypse.
Sun Aug  6 19:22:00 2023 Harry (Red) [Headshot] pepelotomer (Blue)
Sun Aug  6 19:22:01 2023 R CONSERVADORA (Blue) [SMG] dragolds (Red)
Sun Aug  6 19:22:01 2023 FabainoGremista (Red) [Fall]
Sun Aug  6 19:22:02 2023 [Global] azato83 (Red):  very old men
Sun Aug  6 19:22:03 2023 xIX2bYoRHaXIx (Red) [Headshot] piotr333 (Blue)
Sun Aug  6 19:22:05 2023 Use /apoc to unleash the apocalypse.
Sun Aug  6 19:22:05 2023 Harry (Red) [Headshot] R CONSERVADORA (Blue)
Sun Aug  6 19:22:06 2023 pepelotomer (Blue) [SMG] Harry (Red)
Sun Aug  6 19:22:06 2023 [Global] ZerkingDeepwo (Blue): How?
Sun Aug  6 19:22:07 2023 Yuriy (Red) [Fall]
Sun Aug  6 19:22:08 2023 [Global] azato83 (Red):  just enjoy the game
Sun Aug  6 19:22:08 2023 POP_OS picked up Blue's Intel.
Sun Aug  6 19:22:12 2023 MESSIAS 8096745 (Blue) [Team Change]
Sun Aug  6 19:22:13 2023 MESSIAS 8096745 joined Red team
Sun Aug  6 19:22:18 2023 Black Ooze (Red) [Headshot] A stupid Furry (Blue)
Sun Aug  6 19:22:19 2023 Yuriy (Red) [Fall]
Sun Aug  6 19:22:23 2023 POP_OS captured Blue's Intel.
Sun Aug  6 19:22:26 2023  If you believe a player is breaking the rules, please let us know with /ADMIN
Sun Aug  6 19:22:29 2023 [Global] POP_OS (Red): one more fuckers!
Sun Aug  6 19:22:29 2023 [Global] azato83 (Red): almost 65
Sun Aug  6 19:22:34 2023 Name (Blue) [Headshot] FabainoGremista (Red)
Sun Aug  6 19:22:34 2023 A stupid Furry (Blue) [Fall]
Sun Aug  6 19:22:36 2023 pepelotomer (Blue) [SMG] dragolds (Red)
Sun Aug  6 19:22:37 2023 JC Denton joined Spectator team
Sun Aug  6 19:22:39 2023 Black Ooze (Red) [Headshot] piotr333 (Blue)
Sun Aug  6 19:22:42 2023 [Global] ZerkingDeepwo (Blue): That already explains everything, youre just a annoying kid
Sun Aug  6 19:22:43 2023 Name (Blue) [SMG] Yuriy (Red)
Sun Aug  6 19:22:46 2023 pepelotomer (Blue) [Headshot] Harry (Red)
Sun Aug  6 19:22:49 2023 [Global] piotr333 (Blue): gg
Sun Aug  6 19:22:50 2023 ZerkingDeepwo (Blue) [Headshot] dragolds (Red)
Sun Aug  6 19:22:50 2023 Name (Blue) [Headshot] POP_OS (Red)
Sun Aug  6 19:22:52 2023 ZerkingDeepwo (Blue) [Headshot] MESSIAS 8096745 (Red)
Sun Aug  6 19:22:52 2023 [Global] azato83 (Red): dont care xD
Sun Aug  6 19:22:56 2023  Mahalo for playing aloha.pk tower of babel
Sun Aug  6 19:22:57 2023 xIX2bYoRHaXIx (Red) [Headshot] A stupid Furry (Blue)
Sun Aug  6 19:22:58 2023 [Global] azato83 (Red): just enjoy being beaten
Sun Aug  6 19:22:58 2023 Black Ooze (Red) [Headshot] piotr333 (Blue)
Sun Aug  6 19:22:59 2023 [Team] POP_OS (Red): name is shooting from below
Sun Aug  6 19:23:03 2023 [Team] POP_OS (Red): have to get him first
Sun Aug  6 19:23:05 2023 Use /apoc to unleash the apocalypse.
Sun Aug  6 19:23:05 2023 Harry (Red) [Headshot] ZerkingDeepwo (Blue)
Sun Aug  6 19:23:07 2023 R CONSERVADORA (Blue) [Fall]
Sun Aug  6 19:23:08 2023 You must be closer to the enemy's base to shoot blocks!
Sun Aug  6 19:23:11 2023 azato83 (Red) [Headshot] A stupid Furry (Blue)
Sun Aug  6 19:23:12 2023 [Global] ZerkingDeepwo (Blue): Yeah loser
Sun Aug  6 19:23:13 2023 piotr333 (Blue) [Fall]
Sun Aug  6 19:23:14 2023 pepelotomer (Blue) [SMG] Yuriy (Red)
Sun Aug  6 19:23:17 2023 Use /apoc to unleash the apocalypse.
Sun Aug  6 19:23:17 2023 Harry (Red) [Headshot] pepelotomer (Blue)
Sun Aug  6 19:23:21 2023 You must be closer to the enemy's base to shoot blocks!
Sun Aug  6 19:23:21 2023 Name (Blue) [Headshot] Harry (Red)
Sun Aug  6 19:23:22 2023 ZerkingDeepwo (Blue) [SMG] dragolds (Red)
Sun Aug  6 19:23:25 2023 [Global] azato83 (Red): yeaa yeas sure
Sun Aug  6 19:23:25 2023 [Global] pepelotomer (Blue): gg
Sun Aug  6 19:23:25 2023 Black Ooze (Red) [Headshot] piotr333 (Blue)
Sun Aug  6 19:23:26 2023  Build a tower to get the enemy's intel. Take it to your team's tent to win!
Sun Aug  6 19:23:27 2023 FabainoGremista (Red) [Fall]
Sun Aug  6 19:23:28 2023 Player MESSIAS 8096745 has left
Sun Aug  6 19:23:30 2023 A stupid Furry (Blue) [Headshot] POP_OS (Red)
Sun Aug  6 19:23:32 2023 [Global] azato83 (Red): enjor the rape blue
Sun Aug  6 19:23:35 2023 dragolds (Red) [Headshot] A stupid Furry (Blue)
Sun Aug  6 19:23:40 2023 [Global] A stupid Furry (Blue): alr
Sun Aug  6 19:23:43 2023 R CONSERVADORA (Blue) [Fall]
Sun Aug  6 19:23:43 2023 ZerkingDeepwo (Blue) [Headshot] Yuriy (Red)
Sun Aug  6 19:23:44 2023 You must be closer to the enemy's base to shoot blocks!
Sun Aug  6 19:23:44 2023 [Global] A stupid Furry (Blue): that's just nasty
Sun Aug  6 19:23:49 2023 dragolds (Red) [Grenade] ZerkingDeepwo (Blue)
Sun Aug  6 19:23:52 2023 Name (Blue) [SMG] dragolds (Red)
Sun Aug  6 19:23:53 2023 Player R CONSERVADORA has left
Sun Aug  6 19:23:56 2023  Type /HELP for info & commands
Sun Aug  6 19:23:59 2023 piotr333 (Blue) [Headshot] Black Ooze (Red)
Sun Aug  6 19:24:05 2023 Name (Blue) [Headshot] Yuriy (Red)
Sun Aug  6 19:24:09 2023 FabainoGremista (Red) [SMG] piotr333 (Blue)
Sun Aug  6 19:24:13 2023 [Global] piotr333 (Blue): balance fuck
Sun Aug  6 19:24:14 2023 azato83 (Red) [Headshot] ZerkingDeepwo (Blue)
Sun Aug  6 19:24:14 2023 You must be closer to the enemy's base to shoot blocks!
Sun Aug  6 19:24:15 2023 Black Ooze (Red) [Fall]
Sun Aug  6 19:24:21 2023 You must be closer to the enemy's base to shoot blocks!
Sun Aug  6 19:24:22 2023 pepelotomer (Blue) [Headshot] dragolds (Red)
Sun Aug  6 19:24:24 2023 Name (Blue) [Headshot] xIX2bYoRHaXIx (Red)
Sun Aug  6 19:24:26 2023  Visit our community forums at https://aloha.pk/
Sun Aug  6 19:24:27 2023 You must be closer to the enemy's base to shoot blocks!
Sun Aug  6 19:24:28 2023 piotr333 (Blue) [Headshot] FabainoGremista (Red)
Sun Aug  6 19:24:28 2023 POP_OS (Red) [Headshot] Name (Blue)
Sun Aug  6 19:24:29 2023 [Global] ZerkingDeepwo (Blue): Well guys, thanks for nothing trash team!
Sun Aug  6 19:24:29 2023 You must be closer to the enemy's base to shoot blocks!
Sun Aug  6 19:24:31 2023 You must be closer to the enemy's base to shoot blocks!
Sun Aug  6 19:24:32 2023 A stupid Furry (Blue) [Headshot] Yuriy (Red)
Sun Aug  6 19:24:33 2023 [Global] Name (Blue): ALL ATTACK IDIOTSw
Sun Aug  6 19:24:39 2023 [Global] azato83 (Red): balance my balls
Sun Aug  6 19:24:42 2023 [Global] ZerkingDeepwo (Blue): Next i will join a team withour us
Sun Aug  6 19:24:46 2023 Black Ooze (Red) [Fall]
Sun Aug  6 19:24:47 2023 xIX2bYoRHaXIx (Red) [Headshot] A stupid Furry (Blue)
Sun Aug  6 19:24:47 2023 Use /apoc to unleash the apocalypse.
Sun Aug  6 19:24:47 2023 Harry (Red) [Headshot] pepelotomer (Blue)
Sun Aug  6 19:24:51 2023 xIX2bYoRHaXIx (Red) [Headshot] Name (Blue)
Sun Aug  6 19:24:51 2023 Harry picked up Blue's Intel.
Sun Aug  6 19:24:52 2023 pepelotomer (Blue) [SMG] dragolds (Red)
Sun Aug  6 19:24:55 2023 pepelotomer (Blue) [Headshot] Yuriy (Red)
Sun Aug  6 19:24:56 2023  Come chat with us at https://discord.aloha.pk/
Sun Aug  6 19:25:00 2023 xIX2bYoRHaXIx (Red) [Headshot] pepelotomer (Blue)
Sun Aug  6 19:25:00 2023 azato83 (Red) [Fall]
Sun Aug  6 19:25:02 2023 pepelotomer (Blue) [Weapon Change]
Sun Aug  6 19:25:06 2023 A stupid Furry (Blue) [Headshot] xIX2bYoRHaXIx (Red)
Sun Aug  6 19:25:06 2023 [Global] ZerkingDeepwo (Blue): GG?
Sun Aug  6 19:25:06 2023 [Global] Name (Blue): nice try idiots we win
Sun Aug  6 19:25:12 2023 [Global] Yuriy (Red): GG
Sun Aug  6 19:25:13 2023 A stupid Furry (Blue) [Headshot] dragolds (Red)
Sun Aug  6 19:25:16 2023 azato83 (Red) [Rifle] A stupid Furry (Blue)
Sun Aug  6 19:25:17 2023 [Global] JC Denton (): Name you are literally the only one on your team attempting to build
Sun Aug  6 19:25:19 2023 ZerkingDeepwo (Blue) [Headshot] azato83 (Red)
Sun Aug  6 19:25:24 2023 Use /apoc to unleash the apocalypse.
Sun Aug  6 19:25:24 2023 Harry captured Blue's Intel.
Sun Aug  6 19:25:24 2023 Red Wins!
Sun Aug  6 19:25:24 2023  Game finished! Next map: stadium.
Sun Aug  6 19:25:24 2023 [Global] azato83 (Red): patetic blue team
Sun Aug  6 19:25:26 2023 [Global] Name (Blue): yes
Sun Aug  6 19:25:26 2023 Yuriy (Red) [Headshot] piotr333 (Blue)
Sun Aug  6 19:25:26 2023 Use /apoc to unleash the apocalypse.
Sun Aug  6 19:25:26 2023 Harry (Red) [Headshot] Name (Blue)
Sun Aug  6 19:25:26 2023  If you believe a player is breaking the rules, please let us know with /ADMIN
Sun Aug  6 19:25:26 2023 xIX2bYoRHaXIx (Red) [Headshot] ZerkingDeepwo (Blue)
Sun Aug  6 19:25:27 2023 POP_OS (Red) [SMG] pepelotomer (Blue)
Sun Aug  6 19:25:27 2023 FabainoGremista (Red) [Headshot] pepelotomer (Blue)
Sun Aug  6 19:25:28 2023 [Global] piotr333 (Blue): gg
Sun Aug  6 19:25:28 2023 POP_OS (Red) [SMG] A stupid Furry (Blue)
Sun Aug  6 19:25:28 2023 xIX2bYoRHaXIx (Red) [Rifle] A stupid Furry (Blue)
Sun Aug  6 19:25:29 2023 Yuriy (Red) [Fall]
Sun Aug  6 19:25:30 2023 [Global] ZerkingDeepwo (Blue): Not gg
Sun Aug  6 19:25:31 2023 [Global] azato83 (Red): rapedddd
Sun Aug  6 19:25:33 2023 [Global] azato83 (Red): .i.
Sun Aug  6 19:25:33 2023 FabainoGremista picked up Blue's Intel.
Sun Aug  6 19:25:33 2023 [Global] JC Denton (): not gg
Sun Aug  6 19:25:36 2023 ------ World Unloaded ------
Sun Aug  6 19:25:56 2023 ------ World Loaded ------
Sun Aug  6 19:25:56 2023 azato83 joined Red team
Sun Aug  6 19:25:56 2023 JC Denton joined Red team
Sun Aug  6 19:25:56 2023 dragolds joined Spectator team
Sun Aug  6 19:25:56 2023 A stupid Furry joined Blue team
Sun Aug  6 19:25:56 2023 Welcome to aloha.pk tower of babel
Sun Aug  6 19:25:58 2023 Map: stadium by Dany0
Sun Aug  6 19:26:00 2023 Game mode: Tower of Babel by Yourself, modified by izzy
Sun Aug  6 19:26:00 2023 piotr333 joined Blue team
Sun Aug  6 19:26:02 2023 Build a tower to get the enemy's intel. Take it to your team's tent to win!
Sun Aug  6 19:26:03 2023 Name joined Blue team
Sun Aug  6 19:26:03 2023 Yuriy joined Red team
Sun Aug  6 19:26:04 2023 Visit our community forums at https://aloha.pk/
Sun Aug  6 19:26:06 2023 Come chat with us at https://discord.aloha.pk/
Sun Aug  6 19:26:06 2023 [Global] Name (Blue): im blue for life
Sun Aug  6 19:26:07 2023 Black Ooze joined Red team
Sun Aug  6 19:26:13 2023 Yuriy (Red) [Headshot] A stupid Furry (Blue)
Sun Aug  6 19:26:13 2023 Harry (Blue) [Headshot] Yuriy (Red)
Sun Aug  6 19:26:15 2023 xIX2bYoRHaXIx joined Red team
Sun Aug  6 19:26:16 2023 [Global] azato83 (Red): that life willbe short
Sun Aug  6 19:26:19 2023 Harry (Blue) [Headshot] JC Denton (Red)
Sun Aug  6 19:26:26 2023 FabainoGremista joined Red team
Sun Aug  6 19:26:26 2023  Build a tower to get the enemy's intel. Take it to your team's tent to win!
Sun Aug  6 19:26:27 2023 You must be closer to the enemy's base to shoot blocks!
Sun Aug  6 19:26:27 2023 Harry (Blue) [Headshot] Yuriy (Red)
Sun Aug  6 19:26:32 2023 Harry (Blue) [Headshot] JC Denton (Red)
Sun Aug  6 19:26:36 2023 You must be closer to the enemy's base to shoot blocks!
Sun Aug  6 19:26:37 2023 Yuriy joined Blue team
Sun Aug  6 19:26:42 2023 You must be closer to the enemy's base to shoot blocks!
Sun Aug  6 19:26:51 2023 azato83 (Red) [Rifle] Harry (Blue)
Sun Aug  6 19:26:53 2023 azato83 (Red) [Rifle] Yuriy (Blue)
Sun Aug  6 19:26:56 2023  Type /HELP for info & commands
Sun Aug  6 19:26:58 2023 [Global] azato83 (Red): ry mdf
Sun Aug  6 19:27:14 2023 Yuriy (Blue) [Headshot] xIX2bYoRHaXIx (Red)
Sun Aug  6 19:27:15 2023 Harry (Blue) [Headshot] FabainoGremista (Red)
Sun Aug  6 19:27:22 2023 azato83 (Red) [Headshot] Harry (Blue)
Sun Aug  6 19:27:23 2023 dragolds joined Blue team
Sun Aug  6 19:27:26 2023  Visit our community forums at https://aloha.pk/
Sun Aug  6 19:27:29 2023 wicky joined Red team
Sun Aug  6 19:27:30 2023 azato83 (Red) [Rifle] Yuriy (Blue)
Sun Aug  6 19:27:35 2023 [Global] azato83 (Red): bad try mdf
Sun Aug  6 19:27:40 2023 FabainoGremista (Red) [SMG] Harry (Blue)
Sun Aug  6 19:27:41 2023 piotr333 (Blue) [Headshot] FabainoGremista (Red)
Sun Aug  6 19:27:52 2023 [Global] Yuriy (Blue): My dear friend?
Sun Aug  6 19:27:56 2023  Come chat with us at https://discord.aloha.pk/
Sun Aug  6 19:27:58 2023 Harry (Blue) [Headshot] wicky (Red)
Sun Aug  6 19:27:58 2023 xIX2bYoRHaXIx (Red) [Rifle] Yuriy (Blue)
Sun Aug  6 19:28:08 2023 ZerkingDeepwo joined Blue team
Sun Aug  6 19:28:08 2023 Harry (Blue) [Headshot] JC Denton (Red)
Sun Aug  6 19:28:12 2023 xIX2bYoRHaXIx (Red) [Rifle] Harry (Blue)
Sun Aug  6 19:28:12 2023 pepelotomer joined Blue team
Sun Aug  6 19:28:15 2023 wicky (Red) [Headshot] A stupid Furry (Blue)
Sun Aug  6 19:28:16 2023 Yuriy (Blue) [Headshot] xIX2bYoRHaXIx (Red)
Sun Aug  6 19:28:26 2023  If you believe a player is breaking the rules, please let us know with /ADMIN
Sun Aug  6 19:28:35 2023 xIX2bYoRHaXIx (Red) [Rifle] pepelotomer (Blue)
Sun Aug  6 19:28:41 2023 xIX2bYoRHaXIx (Red) [Headshot] Yuriy (Blue)
Sun Aug  6 19:28:56 2023 pepelotomer (Blue) [Headshot] FabainoGremista (Red)
Sun Aug  6 19:28:56 2023  Mahalo for playing aloha.pk tower of babel
Sun Aug  6 19:28:58 2023 xIX2bYoRHaXIx (Red) [Rifle] pepelotomer (Blue)
Sun Aug  6 19:29:01 2023 xIX2bYoRHaXIx (Red) [Headshot] Yuriy (Blue)
Sun Aug  6 19:29:02 2023 xIX2bYoRHaXIx (Red) [Headshot] dragolds (Blue)
Sun Aug  6 19:29:03 2023 xIX2bYoRHaXIx (Red) [Rifle] Harry (Blue)
Sun Aug  6 19:29:16 2023 xIX2bYoRHaXIx (Red) [Headshot] Name (Blue)
Sun Aug  6 19:29:18 2023 pepelotomer (Blue) [SMG] FabainoGremista (Red)
Sun Aug  6 19:29:18 2023 azato83 (Red) [Headshot] A stupid Furry (Blue)
Sun Aug  6 19:29:26 2023  Build a tower to get the enemy's intel. Take it to your team's tent to win!
Sun Aug  6 19:29:27 2023 Yuriy (Blue) [Headshot] xIX2bYoRHaXIx (Red)
Sun Aug  6 19:29:33 2023 Yuriy (Blue) [Headshot] wicky (Red)
Sun Aug  6 19:29:37 2023 [Global] ZerkingDeepwo (Blue): Can someone use my support to build a stair?
Sun Aug  6 19:29:40 2023 Harry (Blue) [Headshot] FabainoGremista (Red)
Sun Aug  6 19:29:49 2023 [Global] azato83 (Red): no no dont do it
Sun Aug  6 19:29:54 2023 ZerkingDeepwo picked up Red's Intel.
Sun Aug  6 19:29:55 2023 wicky (Red) [Headshot] pepelotomer (Blue)
Sun Aug  6 19:29:56 2023  Type /HELP for info & commands
Sun Aug  6 19:30:00 2023 [Global] ZerkingDeepwo (Blue): Ugh, whatever
Sun Aug  6 19:30:02 2023 Harry (Blue) [Headshot] xIX2bYoRHaXIx (Red)
Sun Aug  6 19:30:06 2023 [Global] Name (Blue): just wait
Sun Aug  6 19:30:09 2023 Noah joined Red team
Sun Aug  6 19:30:10 2023 Yuriy (Blue) [Headshot] FabainoGremista (Red)
Sun Aug  6 19:30:11 2023 [Global] wicky (Red): furry
Sun Aug  6 19:30:11 2023 pepelotomer (Blue) [SMG] wicky (Red)
Sun Aug  6 19:30:13 2023 ZerkingDeepwo dropped Red's Intel
Sun Aug  6 19:30:13 2023  The intel has returned to the heavens
Sun Aug  6 19:30:13 2023 ZerkingDeepwo (Blue) [Fall]
Sun Aug  6 19:30:16 2023 Harry (Blue) [Headshot] JC Denton (Red)
Sun Aug  6 19:30:19 2023 wicky (Red) [Headshot] Harry (Blue)
Sun Aug  6 19:30:19 2023 [Global] azato83 (Red): im hairy no furyy
Sun Aug  6 19:30:22 2023 xIX2bYoRHaXIx (Red) [Headshot] Yuriy (Blue)
Sun Aug  6 19:30:22 2023 [Global] ZerkingDeepwo (Blue): Ill make it myself
Sun Aug  6 19:30:23 2023 tommyturner joined Red team
Sun Aug  6 19:30:26 2023  Visit our community forums at https://aloha.pk/
Sun Aug  6 19:30:35 2023 Noah (Red) [Headshot] Yuriy (Blue)
Sun Aug  6 19:30:36 2023 Name (Blue) [Headshot] FabainoGremista (Red)
Sun Aug  6 19:30:39 2023 Noah (Red) [Headshot] dragolds (Blue)
Sun Aug  6 19:30:42 2023 tommyturner (Red) [Headshot] Harry (Blue)
Sun Aug  6 19:30:43 2023 Noah (Red) [Rifle] Name (Blue)
Sun Aug  6 19:30:47 2023 A stupid Furry (Blue) [Headshot] Noah (Red)
Sun Aug  6 19:30:49 2023 Yuriy (Blue) [Grenade] tommyturner (Red)
Sun Aug  6 19:30:56 2023  Come chat with us at https://discord.aloha.pk/
Sun Aug  6 19:31:02 2023 Noah (Red) [Headshot] Harry (Blue)
Sun Aug  6 19:31:05 2023 Noah (Red) [Headshot] Yuriy (Blue)
Sun Aug  6 19:31:10 2023 pepelotomer (Blue) [Headshot] Noah (Red)
Sun Aug  6 19:31:17 2023 wicky (Red) [Headshot] pepelotomer (Blue)
Sun Aug  6 19:31:25 2023 wicky (Red) [Headshot] Yuriy (Blue)
Sun Aug  6 19:31:26 2023  If you believe a player is breaking the rules, please let us know with /ADMIN
Sun Aug  6 19:31:30 2023 Harry (Blue) [Headshot] wicky (Red)
Sun Aug  6 19:31:36 2023 azato83 (Red) [Headshot] pepelotomer (Blue)
Sun Aug  6 19:31:41 2023 Player wicky has left
Sun Aug  6 19:31:41 2023 [Global] ZerkingDeepwo (Blue): MAN WTF
Sun Aug  6 19:31:46 2023 Noah (Red) [Headshot] piotr333 (Blue)
Sun Aug  6 19:31:46 2023 Harry (Blue) [Headshot] tommyturner (Red)
Sun Aug  6 19:31:48 2023 Noah (Red) [Headshot] Yuriy (Blue)
Sun Aug  6 19:31:49 2023 [Global] piotr333 (Blue): sirry
Sun Aug  6 19:31:50 2023 Yuriy (Blue) [Weapon Change]
Sun Aug  6 19:31:50 2023 Noah (Red) [Headshot] Harry (Blue)
Sun Aug  6 19:31:52 2023 Noah (Red) [Headshot] pepelotomer (Blue)
Sun Aug  6 19:31:54 2023 ZerkingDeepwo (Blue) [Rifle]
Sun Aug  6 19:31:56 2023  Mahalo for playing aloha.pk tower of babel
Sun Aug  6 19:31:58 2023 Noah (Red) [Headshot] piotr333 (Blue)
Sun Aug  6 19:32:02 2023 [Team] piotr333 (Blue): ATTACKING TOWER
Sun Aug  6 19:32:04 2023 Noah (Red) [Headshot] pepelotomer (Blue)
Sun Aug  6 19:32:05 2023 [Global] ZerkingDeepwo (Blue): Good you got killed, you were ruining everything
Sun Aug  6 19:32:12 2023 Noah (Red) [Headshot] Yuriy (Blue)
Sun Aug  6 19:32:14 2023 piotr333 (Blue) [Grenade] Noah (Red)
Sun Aug  6 19:32:16 2023 Harry (Blue) [Headshot] FabainoGremista (Red)
Sun Aug  6 19:32:21 2023 Name (Blue) [SMG]
Sun Aug  6 19:32:26 2023  Build a tower to get the enemy's intel. Take it to your team's tent to win!
Sun Aug  6 19:32:33 2023 Noah (Red) [Headshot] Harry (Blue)
Sun Aug  6 19:32:35 2023 Noah (Red) [Headshot] piotr333 (Blue)
Sun Aug  6 19:32:43 2023 Noah (Red) [Headshot] Harry (Blue)
Sun Aug  6 19:32:44 2023 Yuriy (Blue) [Rifle] FabainoGremista (Red)
Sun Aug  6 19:32:48 2023 No votekick in progress
Sun Aug  6 19:32:48 2023 ZerkingDeepwo (Blue) [Fall]
Sun Aug  6 19:32:51 2023 Noah (Red) [Headshot] pepelotomer (Blue)
Sun Aug  6 19:32:52 2023 Noah (Red) [Headshot] Yuriy (Blue)
Sun Aug  6 19:32:53 2023 [Global] ZerkingDeepwo (Blue): Got an idea
Sun Aug  6 19:32:53 2023 Noah (Red) [Headshot] piotr333 (Blue)
Sun Aug  6 19:32:56 2023  Type /HELP for info & commands
Sun Aug  6 19:33:02 2023 [Team] piotr333 (Blue): going to tower!
Sun Aug  6 19:33:03 2023 Noah (Red) [Headshot] Harry (Blue)
Sun Aug  6 19:33:09 2023 No votekick in progress
Sun Aug  6 19:33:09 2023 Noah (Red) [Headshot] Yuriy (Blue)
Sun Aug  6 19:33:13 2023 azato83 (Red) [Headshot] piotr333 (Blue)
Sun Aug  6 19:33:14 2023 Noah (Red) [Headshot] Yuriy (Blue)
Sun Aug  6 19:33:18 2023 Harry (Blue) [Headshot] Noah (Red)
Sun Aug  6 19:33:26 2023  Visit our community forums at https://aloha.pk/
Sun Aug  6 19:33:32 2023 Harry (Blue) [Headshot] tommyturner (Red)
Sun Aug  6 19:33:33 2023 Name (Blue) [Fall]
Sun Aug  6 19:33:41 2023 Noah (Red) [Headshot] Yuriy (Blue)
Sun Aug  6 19:33:44 2023 piotr333 (Blue) [Headshot] FabainoGremista (Red)
Sun Aug  6 19:33:47 2023 Noah (Red) [Headshot] piotr333 (Blue)
Sun Aug  6 19:33:52 2023 Player FabainoGremista has left
Sun Aug  6 19:33:55 2023 Noah (Red) [Headshot] Harry (Blue)
Sun Aug  6 19:33:56 2023  Come chat with us at https://discord.aloha.pk/
Sun Aug  6 19:33:59 2023 piotr333 (Blue) [Shotgun] Noah (Red)
Sun Aug  6 19:34:10 2023 azato83 (Red) [Headshot] pepelotomer (Blue)
Sun Aug  6 19:34:13 2023 piotr333 (Blue) [Shotgun] tommyturner (Red)
Sun Aug  6 19:34:20 2023 Black Ooze (Red) [Grenade] Yuriy (Blue)
Sun Aug  6 19:34:23 2023 xIX2bYoRHaXIx (Red) [Headshot] piotr333 (Blue)
Sun Aug  6 19:34:23 2023 Harry (Blue) [Headshot] Black Ooze (Red)
Sun Aug  6 19:34:26 2023  If you believe a player is breaking the rules, please let us know with /ADMIN
Sun Aug  6 19:34:39 2023 Harry (Blue) [Headshot] tommyturner (Red)
Sun Aug  6 19:34:43 2023 piotr333 (Blue) [Shotgun] Black Ooze (Red)
Sun Aug  6 19:34:43 2023 [Global] ZerkingDeepwo (Blue): Bst idea i had ever
Sun Aug  6 19:34:44 2023 xIX2bYoRHaXIx (Red) [Headshot] Yuriy (Blue)
Sun Aug  6 19:34:47 2023 ... joined Red team
Sun Aug  6 19:34:47 2023 xIX2bYoRHaXIx (Red) [Rifle] Harry (Blue)
Sun Aug  6 19:34:48 2023 azato83 (Red) [Rifle] piotr333 (Blue)
Sun Aug  6 19:34:48 2023 [Global] ZerkingDeepwo (Blue): best*
Sun Aug  6 19:34:52 2023 ZerkingDeepwo picked up Red's Intel.
Sun Aug  6 19:34:56 2023  Mahalo for playing aloha.pk tower of babel
Sun Aug  6 19:35:03 2023 ... (Red) [Weapon Change]
Sun Aug  6 19:35:06 2023 Yuriy (Blue) [Rifle] tommyturner (Red)
Sun Aug  6 19:35:15 2023 dragolds (Blue) [Fall]
Sun Aug  6 19:35:19 2023 Harry (Blue) [Rifle] JC Denton (Red)
Sun Aug  6 19:35:23 2023 xIX2bYoRHaXIx (Red) [Rifle] piotr333 (Blue)
Sun Aug  6 19:35:24 2023 Harry (Blue) [Headshot] tommyturner (Red)
Sun Aug  6 19:35:24 2023 [Global] ZerkingDeepwo (Blue): Yuriy being a total pusy and cahnged team
Sun Aug  6 19:35:26 2023  Build a tower to get the enemy's intel. Take it to your team's tent to win!
Sun Aug  6 19:35:29 2023 Black Ooze (Red) [Grenade] Harry (Blue)
Sun Aug  6 19:35:29 2023 ZerkingDeepwo captured Red's Intel.
Sun Aug  6 19:35:30 2023 Black Ooze (Red) [Grenade] Yuriy (Blue)
Sun Aug  6 19:35:40 2023 [Global] Yuriy (Blue): Wtf?
Sun Aug  6 19:35:47 2023 [Global] Yuriy (Blue): Just balance
Sun Aug  6 19:35:48 2023 [Global] ZerkingDeepwo (Blue): Nah im kidding
Sun Aug  6 19:35:52 2023 A stupid Furry picked up Red's Intel.
Sun Aug  6 19:35:55 2023 [Global] ZerkingDeepwo (Blue): Oh balance?
Sun Aug  6 19:35:56 2023  Type /HELP for info & commands
Sun Aug  6 19:36:00 2023 Harry (Blue) [Headshot] xIX2bYoRHaXIx (Red)
Sun Aug  6 19:36:04 2023 [Global] ZerkingDeepwo (Blue): Worst excuse ever
Sun Aug  6 19:36:09 2023 tommyturner (Red) [Grenade] Harry (Blue)
Sun Aug  6 19:36:10 2023 xIX2bYoRHaXIx (Red) [Headshot] piotr333 (Blue)
Sun Aug  6 19:36:11 2023 [Global] Yuriy (Blue): I am always playing as blue
Sun Aug  6 19:36:13 2023 [Global] ZerkingDeepwo (Blue): Seriously why ppl are so pussy in this game
Sun Aug  6 19:36:13 2023 Player pepelotomer has left
Sun Aug  6 19:36:22 2023 A stupid Furry captured Red's Intel.
Sun Aug  6 19:36:26 2023  Visit our community forums at https://aloha.pk/
Sun Aug  6 19:36:27 2023 Harry (Blue) [Rifle] tommyturner (Red)
Sun Aug  6 19:36:43 2023 ZerkingDeepwo (Blue) [Grenade] Black Ooze (Red)
Sun Aug  6 19:36:43 2023 ZerkingDeepwo (Blue) [Headshot] xIX2bYoRHaXIx (Red)
Sun Aug  6 19:36:45 2023 Harry (Blue) [Headshot] tommyturner (Red)
Sun Aug  6 19:36:46 2023 ... (Red) [Rifle] Harry (Blue)
Sun Aug  6 19:36:49 2023 ZerkingDeepwo picked up Red's Intel.
Sun Aug  6 19:36:53 2023 [Global] tommyturner (Red): red buch of idiots
Sun Aug  6 19:36:56 2023  Come chat with us at https://discord.aloha.pk/
Sun Aug  6 19:36:57 2023 [Global] ZerkingDeepwo (Blue): Yep
Sun Aug  6 19:37:02 2023 if i die i quit joined Blue team
Sun Aug  6 19:37:03 2023 xIX2bYoRHaXIx (Red) [Headshot] Yuriy (Blue)
Sun Aug  6 19:37:12 2023 [Global] ZerkingDeepwo (Blue): Never seen a red so right
Sun Aug  6 19:37:15 2023 Harry (Blue) [Headshot] tommyturner (Red)
Sun Aug  6 19:37:20 2023 xIX2bYoRHaXIx (Red) [Headshot] Harry (Blue)
Sun Aug  6 19:37:25 2023 Noah (Red) [Headshot] piotr333 (Blue)
Sun Aug  6 19:37:26 2023 Noah (Red) [Headshot] if i die i quit (Blue)
Sun Aug  6 19:37:26 2023  If you believe a player is breaking the rules, please let us know with /ADMIN
Sun Aug  6 19:37:27 2023 ZerkingDeepwo captured Red's Intel.
Sun Aug  6 19:37:27 2023 Yuriy (Blue) [Headshot] ... (Red)
Sun Aug  6 19:37:28 2023 Noah (Red) [Headshot] Yuriy (Blue)
Sun Aug  6 19:37:28 2023 [Global] if i die i quit (Blue): hey
Sun Aug  6 19:37:32 2023 [Global] if i die i quit (Blue): don't shoot me motherfucker
Sun Aug  6 19:37:34 2023 [Global] if i die i quit (Blue): i don't want to quit
Sun Aug  6 19:37:34 2023 Noah (Red) [Rifle] piotr333 (Blue)
Sun Aug  6 19:37:36 2023 [Global] Noah (Red): quit
Sun Aug  6 19:37:39 2023 [Team] piotr333 (Blue): ATTACKING TOWER
Sun Aug  6 19:37:39 2023 [Global] if i die i quit (Blue): i'm just a builder man
Sun Aug  6 19:37:40 2023 Noah (Red) [Headshot] Harry (Blue)
Sun Aug  6 19:37:41 2023 [Global] if i die i quit (Blue): don't shoot
Sun Aug  6 19:37:45 2023 [Global] if i die i quit (Blue): i'm not a soldier
Sun Aug  6 19:37:46 2023 Noah (Red) [Headshot] piotr333 (Blue)
Sun Aug  6 19:37:47 2023 azato83 (Red) [Rifle] if i die i quit (Blue)
Sun Aug  6 19:37:47 2023 Noah (Red) [Headshot] Yuriy (Blue)
Sun Aug  6 19:37:51 2023 [Global] if i die i quit (Blue): wtfff
Sun Aug  6 19:37:53 2023 dragolds picked up Red's Intel.
Sun Aug  6 19:37:53 2023 Noah (Red) [Headshot] Yuriy (Blue)
Sun Aug  6 19:37:56 2023  Mahalo for playing aloha.pk tower of babel
Sun Aug  6 19:37:58 2023 Noah (Red) [Headshot] piotr333 (Blue)
Sun Aug  6 19:38:04 2023 [Global] if i die i quit (Blue): fuck u azat93
Sun Aug  6 19:38:04 2023 [Team] piotr333 (Blue): DESTROIYNG TOWER
Sun Aug  6 19:38:07 2023 Noah (Red) [Headshot] Yuriy (Blue)
Sun Aug  6 19:38:08 2023 ZerkingDeepwo (Blue) [Headshot] azato83 (Red)
Sun Aug  6 19:38:11 2023 Noah (Red) [Headshot] Harry (Blue)
Sun Aug  6 19:38:12 2023 bilboswaggins joined Red team
Sun Aug  6 19:38:13 2023 Noah (Red) [Headshot] if i die i quit (Blue)
Sun Aug  6 19:38:14 2023 [Global] azato83 (Red): ejjejeje
Sun Aug  6 19:38:15 2023 [Global] ZerkingDeepwo (Blue): 1pixel shot
Sun Aug  6 19:38:16 2023 [Global] Name (Blue): better dead than red
Sun Aug  6 19:38:17 2023 [Global] if i die i quit (Blue): fuck u noeah
Sun Aug  6 19:38:17 2023 Noah (Red) [Headshot] piotr333 (Blue)
Sun Aug  6 19:38:18 2023 ... (Red) [SMG] Yuriy (Blue)
Sun Aug  6 19:38:18 2023 Harry (Blue) [Headshot] ... (Red)
Sun Aug  6 19:38:19 2023 dragolds captured Red's Intel.
Sun Aug  6 19:38:21 2023 Player if i die i quit has left
Sun Aug  6 19:38:21 2023 Noah (Red) [Headshot] Harry (Blue)
Sun Aug  6 19:38:25 2023 Name picked up Red's Intel.
Sun Aug  6 19:38:26 2023  Build a tower to get the enemy's intel. Take it to your team's tent to win!
Sun Aug  6 19:38:34 2023 piotr333 (Blue) [Grenade] Noah (Red)
Sun Aug  6 19:38:41 2023 Harry (Blue) [Rifle] ... (Red)
Sun Aug  6 19:38:42 2023 [Global] bilboswaggins (Red): better black than blue
Sun Aug  6 19:38:45 2023 Black Ooze (Red) [Rifle] piotr333 (Blue)
Sun Aug  6 19:38:47 2023 xIX2bYoRHaXIx (Red) [Headshot] Yuriy (Blue)
Sun Aug  6 19:38:50 2023 [Global] ZerkingDeepwo (Blue): Hey ont intel cap
Sun Aug  6 19:38:50 2023 Harry (Blue) [Headshot] JC Denton (Red)
Sun Aug  6 19:38:55 2023 Noah (Red) [Headshot] Harry (Blue)
Sun Aug  6 19:38:56 2023  Type /HELP for info & commands
Sun Aug  6 19:38:58 2023 [Global] ZerkingDeepwo (Blue): dont*
Sun Aug  6 19:39:00 2023 Noah (Red) [Headshot] Yuriy (Blue)
Sun Aug  6 19:39:04 2023 Name captured Red's Intel.
Sun Aug  6 19:39:04 2023  With 2220 blocks placed, Name is granted the right to unleash the apocalypse.
Sun Aug  6 19:39:06 2023 Noah (Red) [Headshot] Yuriy (Blue)
Sun Aug  6 19:39:06 2023 ZerkingDeepwo picked up Red's Intel.
Sun Aug  6 19:39:07 2023  Name has unleashed an apocalypse from God.
Sun Aug  6 19:39:08 2023 You must be closer to the enemy's base to shoot blocks!
Sun Aug  6 19:39:08 2023 Player JC Denton has left
Sun Aug  6 19:39:09 2023  The apocalypse begins in 5
Sun Aug  6 19:39:10 2023  The apocalypse begins in 4
Sun Aug  6 19:39:11 2023  The apocalypse begins in 3
Sun Aug  6 19:39:12 2023  The apocalypse begins in 2
Sun Aug  6 19:39:13 2023  The apocalypse begins in 1
Sun Aug  6 19:39:15 2023 ZerkingDeepwo (Blue) [Grenade] bilboswaggins (Red)
Sun Aug  6 19:39:15 2023 ZerkingDeepwo (Blue) [Grenade] Black Ooze (Red)
Sun Aug  6 19:39:16 2023 Name (Blue) [Grenade] ... (Red)
Sun Aug  6 19:39:21 2023 Name (Blue) [Grenade] tommyturner (Red)
Sun Aug  6 19:39:21 2023 Name (Blue) [Grenade] xIX2bYoRHaXIx (Red)
Sun Aug  6 19:39:25 2023 Name (Blue) [Grenade] Black Ooze (Red)
Sun Aug  6 19:39:26 2023 Name (Blue) [Grenade] xIX2bYoRHaXIx (Red)
Sun Aug  6 19:39:26 2023 Name (Blue) [Grenade] bilboswaggins (Red)
Sun Aug  6 19:39:26 2023 Name (Blue) [Grenade] ... (Red)
Sun Aug  6 19:39:26 2023  Visit our community forums at https://aloha.pk/
Sun Aug  6 19:39:27 2023  The apocalypse has ended.
Sun Aug  6 19:39:29 2023 [Global] Name (Blue): get some
Sun Aug  6 19:39:33 2023 [Global] ZerkingDeepwo (Blue): Im alive
Sun Aug  6 19:39:36 2023 Yuriy (Blue) [Headshot] tommyturner (Red)
Sun Aug  6 19:39:44 2023 xIX2bYoRHaXIx (Red) [Headshot] dragolds (Blue)
Sun Aug  6 19:39:47 2023 Noah (Red) [Headshot] Name (Blue)
Sun Aug  6 19:39:49 2023 A stupid Furry (Blue) [Fall]
Sun Aug  6 19:39:50 2023 [Global] Name (Blue): red on stiars
Sun Aug  6 19:39:51 2023 ZerkingDeepwo dropped Red's Intel
Sun Aug  6 19:39:51 2023  The intel has returned to the heavens
Sun Aug  6 19:39:51 2023 Noah (Red) [Headshot] ZerkingDeepwo (Blue)
Sun Aug  6 19:39:52 2023 Noah (Red) [Headshot] dragolds (Blue)
Sun Aug  6 19:39:52 2023 ... (Red) [SMG] Yuriy (Blue)
Sun Aug  6 19:39:52 2023 Deuce 10 joined Spectator team
Sun Aug  6 19:39:54 2023 Noah (Red) [Headshot] Name (Blue)
Sun Aug  6 19:39:55 2023 [Global] ZerkingDeepwo (Blue): Ah okay
Sun Aug  6 19:39:55 2023 Noah (Red) [Headshot] piotr333 (Blue)
Sun Aug  6 19:39:56 2023 [Global] Name (Blue): red on stiars
Sun Aug  6 19:39:56 2023  Come chat with us at https://discord.aloha.pk/
Sun Aug  6 19:40:00 2023 [Global] Name (Blue): red on stiars
Sun Aug  6 19:40:01 2023 Noah (Red) [Headshot] A stupid Furry (Blue)
Sun Aug  6 19:40:02 2023 [Global] Name (Blue): red on stiars
Sun Aug  6 19:40:07 2023 Noah (Red) [Grenade] Yuriy (Blue)
Sun Aug  6 19:40:07 2023 Harry (Blue) [Headshot] ... (Red)
Sun Aug  6 19:40:08 2023 Noah (Red) [Rifle] ZerkingDeepwo (Blue)
Sun Aug  6 19:40:10 2023 Name (Blue) [Headshot] Noah (Red)
Sun Aug  6 19:40:14 2023 [Global] ZerkingDeepwo (Blue): Stuard*
Sun Aug  6 19:40:16 2023 Harry (Blue) [Headshot] tommyturner (Red)
Sun Aug  6 19:40:17 2023 xIX2bYoRHaXIx (Red) [Headshot] Harry (Blue)
Sun Aug  6 19:40:22 2023 Srmostaza joined Red team
Sun Aug  6 19:40:22 2023 [Global] ZerkingDeepwo (Blue): XD
Sun Aug  6 19:40:25 2023 Noah (Red) [Headshot] Yuriy (Blue)
Sun Aug  6 19:40:26 2023  If you believe a player is breaking the rules, please let us know with /ADMIN
Sun Aug  6 19:40:30 2023 Player Deuce 10 has left
Sun Aug  6 19:40:31 2023 Noah (Red) [Headshot] piotr333 (Blue)
Sun Aug  6 19:40:33 2023 Noah (Red) [Headshot] Yuriy (Blue)
Sun Aug  6 19:40:33 2023 Name picked up Red's Intel.
Sun Aug  6 19:40:36 2023 [Team] piotr333 (Blue): NOAH GOING TO OUR TOWER
Sun Aug  6 19:40:37 2023 Noah (Red) [Headshot] Harry (Blue)
Sun Aug  6 19:40:39 2023 Noah (Red) [Headshot] piotr333 (Blue)
Sun Aug  6 19:40:42 2023 Noah (Red) [Headshot] Yuriy (Blue)
Sun Aug  6 19:40:46 2023 No votekick in progress
Sun Aug  6 19:40:51 2023 Noah (Red) [Headshot] piotr333 (Blue)
Sun Aug  6 19:40:52 2023 Noah (Red) [Headshot] Harry (Blue)
Sun Aug  6 19:40:55 2023 Noah (Red) [Headshot] Yuriy (Blue)
Sun Aug  6 19:40:56 2023 xIX2bYoRHaXIx (Red) [Headshot] ZerkingDeepwo (Blue)
Sun Aug  6 19:40:56 2023  Mahalo for playing aloha.pk tower of babel
Sun Aug  6 19:41:01 2023 [Global] Name (Blue): right side
Sun Aug  6 19:41:07 2023 xIX2bYoRHaXIx (Red) [Fall]
Sun Aug  6 19:41:08 2023 azato83 (Red) [Fall]
Sun Aug  6 19:41:09 2023 Srmostaza (Red) [Rifle] piotr333 (Blue)
Sun Aug  6 19:41:09 2023 Harry (Blue) [Headshot] Srmostaza (Red)
Sun Aug  6 19:41:22 2023 Name dropped Red's Intel
Sun Aug  6 19:41:22 2023  The intel has returned to the heavens
Sun Aug  6 19:41:22 2023 Noah (Red) [Rifle] Name (Blue)
Sun Aug  6 19:41:25 2023 Noah (Red) [Headshot] ZerkingDeepwo (Blue)
Sun Aug  6 19:41:26 2023  Build a tower to get the enemy's intel. Take it to your team's tent to win!
Sun Aug  6 19:41:27 2023 Harry (Blue) [Headshot] azato83 (Red)
Sun Aug  6 19:41:28 2023 dragolds picked up Red's Intel.
Sun Aug  6 19:41:31 2023 Srmostaza (Red) [Fall]
Sun Aug  6 19:41:31 2023 Noah (Red) [Headshot] Name (Blue)
Sun Aug  6 19:41:33 2023 [Global] Name (Blue): red on stiars
Sun Aug  6 19:41:34 2023 piotr333 (Blue) [Headshot] ... (Red)
Sun Aug  6 19:41:34 2023 A stupid Furry (Blue) [Headshot] Noah (Red)
Sun Aug  6 19:41:36 2023 [Global] Name (Blue): red on stiars
Sun Aug  6 19:41:40 2023 Player ... has left
Sun Aug  6 19:41:44 2023 [Global] ZerkingDeepwo (Blue): Stuard*
Sun Aug  6 19:41:46 2023 Srmostaza (Red) [Headshot] Harry (Blue)
Sun Aug  6 19:41:48 2023 Noah (Red) [Headshot] piotr333 (Blue)
Sun Aug  6 19:41:56 2023 Noah (Red) [Headshot] piotr333 (Blue)
Sun Aug  6 19:41:56 2023 dragolds captured Red's Intel.
Sun Aug  6 19:41:56 2023  Type /HELP for info & commands
Sun Aug  6 19:41:57 2023 Noah (Red) [Headshot] Name (Blue)
Sun Aug  6 19:42:01 2023 azato83 (Red) [Headshot] Harry (Blue)
Sun Aug  6 19:42:02 2023 Noah (Red) [Headshot] Yuriy (Blue)
Sun Aug  6 19:42:04 2023 A stupid Furry picked up Red's Intel.
Sun Aug  6 19:42:06 2023 Noah (Red) [Headshot] piotr333 (Blue)
Sun Aug  6 19:42:10 2023 [Global] piotr333 (Blue): always headshot lol
Sun Aug  6 19:42:12 2023 A stupid Furry dropped Red's Intel
Sun Aug  6 19:42:12 2023  The intel has returned to the heavens
Sun Aug  6 19:42:12 2023 A stupid Furry (Blue) [Fall]
Sun Aug  6 19:42:14 2023 axe    j vnny   joined Red team
Sun Aug  6 19:42:16 2023 Noah (Red) [Headshot] A stupid Furry (Blue)
Sun Aug  6 19:42:17 2023 Player xIX2bYoRHaXIx has left
Sun Aug  6 19:42:17 2023 Noah (Red) [Headshot] Yuriy (Blue)
Sun Aug  6 19:42:24 2023 Noah (Red) [Headshot] piotr333 (Blue)
Sun Aug  6 19:42:24 2023 axe    j vnny   (Red) [Team Change]
Sun Aug  6 19:42:25 2023 axe    j vnny   joined Blue team
Sun Aug  6 19:42:26 2023 Noah (Red) [Headshot] Yuriy (Blue)
Sun Aug  6 19:42:26 2023 ZerkingDeepwo (Blue) [Headshot] bilboswaggins (Red)
Sun Aug  6 19:42:26 2023  Visit our community forums at https://aloha.pk/
Sun Aug  6 19:42:30 2023 Noah (Red) [Headshot] piotr333 (Blue)
Sun Aug  6 19:42:31 2023 dragolds picked up Red's Intel.
Sun Aug  6 19:42:35 2023 ZerkingDeepwo (Blue) [Headshot] Black Ooze (Red)
Sun Aug  6 19:42:38 2023 [Global] piotr333 (Blue): aimbot
Sun Aug  6 19:42:41 2023 JOSE GUERRERO joined Red team
Sun Aug  6 19:42:41 2023 Noah (Red) [Headshot] piotr333 (Blue)
Sun Aug  6 19:42:42 2023 [Global] ZerkingDeepwo (Blue): Wwll guys gotta eat
Sun Aug  6 19:42:43 2023 azato83 (Red) [Melee] Harry (Blue)
Sun Aug  6 19:42:47 2023 [Global] ZerkingDeepwo (Blue): Well*
Sun Aug  6 19:42:48 2023 Yuriy (Blue) [Headshot] azato83 (Red)
Sun Aug  6 19:42:48 2023 Noah (Red) [Headshot] Yuriy (Blue)
Sun Aug  6 19:42:53 2023 azato83 (Red) [Weapon Change]
Sun Aug  6 19:42:54 2023 Noah (Red) [Headshot] Yuriy (Blue)
Sun Aug  6 19:42:55 2023 [Global] ZerkingDeepwo (Blue): See ya in 30 minutes
Sun Aug  6 19:42:56 2023  Come chat with us at https://discord.aloha.pk/
Sun Aug  6 19:42:57 2023 Harry (Blue) [Headshot] Noah (Red)
Sun Aug  6 19:42:57 2023 Player ZerkingDeepwo has left
Sun Aug  6 19:43:07 2023 Harry (Blue) [Grenade] Srmostaza (Red)
Sun Aug  6 19:43:07 2023 You can't destroy your team's blocks in this area. Attack the enemy's tower!
Sun Aug  6 19:43:09 2023 dragolds captured Red's Intel.
Sun Aug  6 19:43:10 2023 Name picked up Red's Intel.
Sun Aug  6 19:43:12 2023 Noah (Red) [Headshot] Harry (Blue)
Sun Aug  6 19:43:19 2023 piotr333 (Blue) [Headshot] Noah (Red)
Sun Aug  6 19:43:20 2023 azato83 (Red) [Headshot] piotr333 (Blue)
Sun Aug  6 19:43:22 2023 You must be closer to the enemy's base to grenade blocks!
Sun Aug  6 19:43:24 2023 [Team] piotr333 (Blue): I KILLED NOAH
Sun Aug  6 19:43:26 2023  If you believe a player is breaking the rules, please let us know with /ADMIN
Sun Aug  6 19:43:27 2023 You must be closer to the enemy's base to shoot blocks!
Sun Aug  6 19:43:27 2023 ... joined Red team
Sun Aug  6 19:43:28 2023 Harry (Blue) [Headshot] Srmostaza (Red)
Sun Aug  6 19:43:31 2023 dragolds (Blue) [SMG] JOSE GUERRERO (Red)
Sun Aug  6 19:43:37 2023 Name captured Red's Intel.
Sun Aug  6 19:43:38 2023 Harry (Blue) [Headshot] Noah (Red)
Sun Aug  6 19:43:39 2023 Harry (Blue) [Headshot] ... (Red)
Sun Aug  6 19:43:40 2023 axe    j vnny   picked up Red's Intel.
Sun Aug  6 19:43:47 2023 You must be closer to the enemy's base to shoot blocks!
Sun Aug  6 19:43:48 2023 JOSE GUERRERO (Red) [Headshot] Harry (Blue)
Sun Aug  6 19:43:56 2023 Srmostaza (Red) [Headshot] dragolds (Blue)
Sun Aug  6 19:43:56 2023  Mahalo for playing aloha.pk tower of babel
Sun Aug  6 19:44:02 2023 xIX2bYoRHaXIx joined Red team
Sun Aug  6 19:44:02 2023 Noah (Red) [Headshot] Harry (Blue)
Sun Aug  6 19:44:04 2023 piotr333 (Blue) [Shotgun] JOSE GUERRERO (Red)
Sun Aug  6 19:44:07 2023 axe    j vnny   dropped Red's Intel
Sun Aug  6 19:44:07 2023  The intel has returned to the heavens
Sun Aug  6 19:44:07 2023 Noah (Red) [Headshot] axe    j vnny   (Blue)
Sun Aug  6 19:44:11 2023 Name (Blue) [SMG] tommyturner (Red)
Sun Aug  6 19:44:14 2023 Noah (Red) [Headshot] dragolds (Blue)
Sun Aug  6 19:44:15 2023 Name picked up Red's Intel.
Sun Aug  6 19:44:17 2023 Noah (Red) [Headshot] Harry (Blue)
Sun Aug  6 19:44:18 2023 azato83 (Red) [SMG] piotr333 (Blue)
Sun Aug  6 19:44:26 2023  Build a tower to get the enemy's intel. Take it to your team's tent to win!
Sun Aug  6 19:44:27 2023 Noah (Red) [Headshot] piotr333 (Blue)
Sun Aug  6 19:44:28 2023 azato83 (Red) [Headshot] A stupid Furry (Blue)
Sun Aug  6 19:44:35 2023 You must be closer to the enemy's base to grenade blocks!
Sun Aug  6 19:44:37 2023 Noah (Red) [Headshot] dragolds (Blue)
Sun Aug  6 19:44:38 2023 You must be closer to the enemy's base to grenade blocks!
Sun Aug  6 19:44:39 2023 Noah (Red) [Headshot] A stupid Furry (Blue)
Sun Aug  6 19:44:44 2023 dragolds (Blue) [Headshot] ... (Red)
Sun Aug  6 19:44:44 2023 xIX2bYoRHaXIx (Red) [Fall]
Sun Aug  6 19:44:46 2023 Yuriy (Blue) [Grenade] Noah (Red)
Sun Aug  6 19:44:47 2023 Name captured Red's Intel.
Sun Aug  6 19:44:48 2023 You must be closer to the enemy's base to grenade blocks!
Sun Aug  6 19:44:52 2023 Harry (Blue) [Melee] azato83 (Red)
Sun Aug  6 19:44:54 2023 tommyturner picked up Blue's Intel.
Sun Aug  6 19:44:56 2023  Type /HELP for info & commands
Sun Aug  6 19:44:59 2023 JOSE GUERRERO (Red) [Fall]
Sun Aug  6 19:45:05 2023 Noah (Red) [Headshot] Name (Blue)
Sun Aug  6 19:45:05 2023 Harry (Blue) [Headshot] Noah (Red)
Sun Aug  6 19:45:12 2023 xIX2bYoRHaXIx (Red) [Rifle] Harry (Blue)
Sun Aug  6 19:45:24 2023 Harry (Blue) [Headshot] Noah (Red)
Sun Aug  6 19:45:25 2023 xIX2bYoRHaXIx (Red) [Headshot] Harry (Blue)
Sun Aug  6 19:45:25 2023 tommyturner captured Blue's Intel.
Sun Aug  6 19:45:27 2023  Visit our community forums at https://aloha.pk/
Sun Aug  6 19:45:29 2023 azato83 (Red) [SMG] piotr333 (Blue)
Sun Aug  6 19:45:31 2023 Name (Blue) [Headshot] Srmostaza (Red)
Sun Aug  6 19:45:32 2023 A stupid Furry picked up Red's Intel.
Sun Aug  6 19:45:36 2023 [Team] piotr333 (Blue): GET INTEL
Sun Aug  6 19:45:36 2023 Noah (Red) [Headshot] dragolds (Blue)
Sun Aug  6 19:45:37 2023 You must be closer to the enemy's base to shoot blocks!
Sun Aug  6 19:45:38 2023 Harry (Blue) [Headshot] ... (Red)
Sun Aug  6 19:45:44 2023 Noah (Red) [Headshot] Yuriy (Blue)
Sun Aug  6 19:45:46 2023 Noah (Red) [Headshot] Harry (Blue)
Sun Aug  6 19:45:51 2023 azato83 (Red) [Headshot] axe    j vnny   (Blue)
Sun Aug  6 19:45:57 2023  Come chat with us at https://discord.aloha.pk/
Sun Aug  6 19:45:57 2023 A stupid Furry (Blue) [Headshot] azato83 (Red)
Sun Aug  6 19:45:59 2023 Harry (Blue) [Headshot] tommyturner (Red)
Sun Aug  6 19:46:10 2023 JOSE GUERRERO (Red) [Headshot] Name (Blue)
Sun Aug  6 19:46:13 2023 Noah (Red) [Headshot] Yuriy (Blue)
Sun Aug  6 19:46:13 2023  Black Ooze has reached 1000 blocks placed! /heaven unlocked.
Sun Aug  6 19:46:18 2023 [Global] Name (Blue): gg
Sun Aug  6 19:46:20 2023 MINI MAICOL PRO joined Blue team
Sun Aug  6 19:46:23 2023 A stupid Furry captured Red's Intel.
Sun Aug  6 19:46:23 2023 Blue Wins!
Sun Aug  6 19:46:23 2023  Game finished! Next map: capitol.
Sun Aug  6 19:46:25 2023 Harry (Blue) [Rifle] bilboswaggins (Red)
Sun Aug  6 19:46:26 2023 xIX2bYoRHaXIx (Red) [Headshot] MINI MAICOL PRO (Blue)
Sun Aug  6 19:46:27 2023  If you believe a player is breaking the rules, please let us know with /ADMIN
Sun Aug  6 19:46:27 2023 Noah (Red) [Headshot] piotr333 (Blue)
Sun Aug  6 19:46:27 2023 tommyturner (Red) [Headshot] dragolds (Blue)
Sun Aug  6 19:46:28 2023 Noah (Red) [Headshot] Yuriy (Blue)
Sun Aug  6 19:46:28 2023 JOSE GUERRERO (Red) [SMG] Yuriy (Blue)
Sun Aug  6 19:46:28 2023 Harry (Blue) [Rifle] Noah (Red)
Sun Aug  6 19:46:29 2023 A stupid Furry (Blue) [Headshot] JOSE GUERRERO (Red)
Sun Aug  6 19:46:30 2023 azato83 (Red) [Fall]
Sun Aug  6 19:46:30 2023 Name (Blue) [Headshot] ... (Red)
Sun Aug  6 19:46:30 2023 A stupid Furry (Blue) [SMG] ... (Red)
Sun Aug  6 19:46:31 2023 xIX2bYoRHaXIx (Red) [Rifle] A stupid Furry (Blue)
Sun Aug  6 19:46:31 2023 [Global] azato83 (Red): .i.
Sun Aug  6 19:46:32 2023 Harry (Blue) [Rifle] xIX2bYoRHaXIx (Red)
Sun Aug  6 19:46:33 2023 Black Ooze (Red) [Fall]
Sun Aug  6 19:46:33 2023 tommyturner (Red) [Headshot] Harry (Blue)
Sun Aug  6 19:46:36 2023 ------ World Unloaded ------
Sun Aug  6 19:46:45 2023 ------ World Loaded ------
Sun Aug  6 19:46:45 2023 dragolds joined Spectator team
Sun Aug  6 19:46:45 2023 Welcome to aloha.pk tower of babel
Sun Aug  6 19:46:46 2023 bilboswaggins joined Red team
Sun Aug  6 19:46:47 2023 azato83 joined Red team
Sun Aug  6 19:46:47 2023 Noah joined Blue team
Sun Aug  6 19:46:47 2023 A stupid Furry joined Blue team
Sun Aug  6 19:46:47 2023 MINI MAICOL PRO joined Red team
Sun Aug  6 19:46:47 2023 Map: Capitol by Ki11aWi11
Sun Aug  6 19:46:49 2023 Game mode: Tower of Babel by Yourself, modified by izzy
Sun Aug  6 19:46:51 2023 Build a tower to get the enemy's intel. Take it to your team's tent to win!
Sun Aug  6 19:46:53 2023 Srmostaza joined Red team
Sun Aug  6 19:46:53 2023 Visit our community forums at https://aloha.pk/
Sun Aug  6 19:46:53 2023 Disconnecting
