Tue Apr 11 13:34:26 2023 ------ World Loaded ------
Tue Apr 11 13:34:26 2023 schpinavets (Blue) [SMG] X Techno Pro (Red)
Tue Apr 11 13:34:26 2023 Dr. Mailetz II (Red) [Headshot] schpinavets (Blue)
Tue Apr 11 13:34:26 2023 lord_imrahil (Blue) [Headshot] Dr. Mailetz II (Red)
Tue Apr 11 13:34:26 2023 [Global] Dr. Mailetz II (Red): PUTA
Tue Apr 11 13:34:26 2023 Welcome to aloha.pk tower of babel
Tue Apr 11 13:34:28 2023 Map: holes nonflat by izzy, modified by Danke
Tue Apr 11 13:34:30 2023 Game mode: Tower of Babel by Yourself, modified by izzy
Tue Apr 11 13:34:32 2023 Build a tower to get the enemy's intel. Take it to your team's tent to win!
Tue Apr 11 13:34:34 2023 Visit our community forums at https://aloha.pk/
Tue Apr 11 13:34:36 2023 Come chat with us at https://discord.aloha.pk/
Tue Apr 11 13:34:43 2023 I2I (Red) [Headshot] lord_imrahil (Blue)
Tue Apr 11 13:34:51 2023  Build a tower to get the enemy's intel. Take it to your team's tent to win!
Tue Apr 11 13:34:58 2023 Dr. Mailetz II (Red) [Headshot] Itschi (Blue)
Tue Apr 11 13:35:03 2023 lord_imrahil (Blue) [SMG] I2I (Red)
Tue Apr 11 13:35:21 2023  Type /HELP for info & commands
Tue Apr 11 13:35:23 2023 Harry (Red) [Headshot] Host20 (Blue)
Tue Apr 11 13:35:24 2023 Dr. Mailetz II (Red) [Headshot] Itschi (Blue)
Tue Apr 11 13:35:25 2023 Dr. Mailetz II (Red) [Headshot] EDDDDDDD (Blue)
Tue Apr 11 13:35:38 2023 Player Host20 has left
Tue Apr 11 13:35:38 2023 crxsch joined Red team
Tue Apr 11 13:35:38 2023 Harry (Red) [Headshot] Itschi (Blue)
Tue Apr 11 13:35:41 2023 Dr. Mailetz II (Red) [Headshot] EDDDDDDD (Blue)
Tue Apr 11 13:35:45 2023 Player Itschi has left
Tue Apr 11 13:35:51 2023  Visit our community forums at https://aloha.pk/
Tue Apr 11 13:36:01 2023 Harry (Red) [Headshot] EDDDDDDD (Blue)
Tue Apr 11 13:36:02 2023 lord_imrahil (Blue) [Headshot] I2I (Red)
Tue Apr 11 13:36:07 2023 schpinavets (Blue) [SMG] crxsch (Red)
Tue Apr 11 13:36:12 2023 schpinavets (Blue) [SMG] X Techno Pro (Red)
Tue Apr 11 13:36:13 2023 Stepan (Blue) [Headshot] crxsch (Red)
Tue Apr 11 13:36:15 2023 Stepan (Blue) [SMG] I2I (Red)
Tue Apr 11 13:36:18 2023 EDDDDDDD (Blue) [Shotgun] Harry (Red)
Tue Apr 11 13:36:20 2023 schpinavets (Blue) [SMG] Groszek (Red)
Tue Apr 11 13:36:21 2023 [Team] X Techno Pro (Red): from the back
Tue Apr 11 13:36:21 2023  Come chat with us at https://discord.aloha.pk/
Tue Apr 11 13:36:23 2023 [Team] Groszek (Red): resp
Tue Apr 11 13:36:26 2023 I2I (Red) [Headshot] schpinavets (Blue)
Tue Apr 11 13:36:26 2023 EL PROPIO (Blue) [Headshot] Harry (Red)
Tue Apr 11 13:36:27 2023 crxsch (Red) [Headshot] Stepan (Blue)
Tue Apr 11 13:36:31 2023 Dr. Mailetz II (Red) [Headshot] EL PROPIO (Blue)
Tue Apr 11 13:36:46 2023 capibara joined Blue team
Tue Apr 11 13:36:52 2023  If you believe a player is breaking the rules, please let us know with /ADMIN
Tue Apr 11 13:36:52 2023 lord_imrahil (Blue) [Weapon Change]
Tue Apr 11 13:36:52 2023 schpinavets (Blue) [Headshot] Harry (Red)
Tue Apr 11 13:36:57 2023 Disconnecting
