Thu Apr 13 17:07:30 2023 ------ World Loaded ------
Thu Apr 13 17:07:30 2023 Sam Spade captured Blue's Intel.
Thu Apr 13 17:07:30 2023 wiuwiu1 picked up Blue's Intel.
Thu Apr 13 17:07:30 2023 wick (Blue) [SMG] LAZY C4 CHARGE (Red)
Thu Apr 13 17:07:30 2023 LAZY C4 CHARGE (Red) [Grenade] sonick 410 man5 (Blue)
Thu Apr 13 17:07:30 2023 Mkay joined Blue team
Thu Apr 13 17:07:30 2023 Kilo (Red) [Rifle] wick (Blue)
Thu Apr 13 17:07:30 2023 Welcome to aloha.pk tower of babel
Thu Apr 13 17:07:30 2023 Kilo (Red) [Rifle] apywll (Blue)
Thu Apr 13 17:07:30 2023 Player apywll has left
Thu Apr 13 17:07:31 2023 sloweelz (Red) [SMG] BASQUEAS (Blue)
Thu Apr 13 17:07:32 2023 Map: Hallpoint by izzy & Danke
Thu Apr 13 17:07:34 2023 Game mode: Tower of Babel by Yourself, modified by izzy
Thu Apr 13 17:07:36 2023 Build a tower to get the enemy's intel. Take it to your team's tent to win!
Thu Apr 13 17:07:38 2023 Visit our community forums at https://aloha.pk/
Thu Apr 13 17:07:39 2023 Player sss has left
Thu Apr 13 17:07:40 2023 Come chat with us at https://discord.aloha.pk/
Thu Apr 13 17:07:48 2023  Mahalo for playing aloha.pk tower of babel
Thu Apr 13 17:07:50 2023 wick (Blue) [Headshot] Serkor (Red)
Thu Apr 13 17:07:50 2023 [Global] Sam Spade (Red): Robin Van Persi, I havent seen that name in a long time
Thu Apr 13 17:07:58 2023 [Global] Robin Van Persi (Blue): Persie*
Thu Apr 13 17:08:02 2023 BASQUEAS (Blue) [Headshot] sloweelz (Red)
Thu Apr 13 17:08:05 2023 [Global] Robin Van Persi (Blue): yeah long time 
Thu Apr 13 17:08:05 2023 sss joined Red team
Thu Apr 13 17:08:07 2023 Player sloweelz has left
Thu Apr 13 17:08:09 2023 wiuwiu1 dropped Blue's Intel
Thu Apr 13 17:08:09 2023  The intel has returned to the heavens
Thu Apr 13 17:08:09 2023 BASQUEAS (Blue) [Headshot] wiuwiu1 (Red)
Thu Apr 13 17:08:09 2023 Robin Van Persi (Blue) [Headshot] LAZY C4 CHARGE (Red)
Thu Apr 13 17:08:13 2023 BASQUEAS (Blue) [Headshot] Kilo (Red)
Thu Apr 13 17:08:15 2023 wick (Blue) [Headshot] wiuwiu1 (Red)
Thu Apr 13 17:08:18 2023  Build a tower to get the enemy's intel. Take it to your team's tent to win!
Thu Apr 13 17:08:19 2023 LAZY C4 CHARGE (Red) [Headshot] wick (Blue)
Thu Apr 13 17:08:25 2023 BASQUEAS (Blue) [Headshot] Serkor (Red)
Thu Apr 13 17:08:28 2023 Sam Spade picked up Blue's Intel.
Thu Apr 13 17:08:31 2023 BASQUEAS (Blue) [Headshot] losxi (Red)
Thu Apr 13 17:08:46 2023 losxi (Red) [Weapon Change]
Thu Apr 13 17:08:48 2023  Type /HELP for info & commands
Thu Apr 13 17:08:55 2023 Sam Spade captured Blue's Intel.
Thu Apr 13 17:08:56 2023 sss picked up Blue's Intel.
Thu Apr 13 17:08:56 2023 BASQUEAS (Blue) [Headshot] wiuwiu1 (Red)
Thu Apr 13 17:08:57 2023  BASQUEAS was banned.
Thu Apr 13 17:08:57 2023 Player BASQUEAS has left
Thu Apr 13 17:08:59 2023 stonked joined Red team
Thu Apr 13 17:09:04 2023 stonked (Red) [Fall]
Thu Apr 13 17:09:15 2023 wick (Blue) [Headshot] LAZY C4 CHARGE (Red)
Thu Apr 13 17:09:18 2023  Visit our community forums at https://aloha.pk/
Thu Apr 13 17:09:21 2023 sss captured Blue's Intel.
Thu Apr 13 17:09:24 2023 wick (Blue) [SMG] Kilo (Red)
Thu Apr 13 17:09:24 2023 losxi (Red) [Headshot] wick (Blue)
Thu Apr 13 17:09:27 2023 Robin Van Persi picked up Red's Intel.
Thu Apr 13 17:09:28 2023 Robin Van Persi dropped Red's Intel
Thu Apr 13 17:09:28 2023  The intel has returned to the heavens
Thu Apr 13 17:09:28 2023 Sam Spade (Red) [Headshot] Robin Van Persi (Blue)
Thu Apr 13 17:09:33 2023 Sam Spade picked up Blue's Intel.
Thu Apr 13 17:09:48 2023  Come chat with us at https://discord.aloha.pk/
Thu Apr 13 17:09:58 2023 losxi (Red) [Headshot] wick (Blue)
Thu Apr 13 17:10:04 2023 Sam Spade captured Blue's Intel.
Thu Apr 13 17:10:04 2023  With 407 blocks placed, Sam Spade is granted the right to unleash the apocalypse.
Thu Apr 13 17:10:09 2023 Disconnecting
