Sun Aug 13 19:21:12 2023 ------ World Loaded ------
Sun Aug 13 19:21:12 2023 [Global] Test (Blue): server is farting
Sun Aug 13 19:21:12 2023 yeah
Sun Aug 13 19:21:12 2023 ApolloOwO (Red) [Headshot] smock (Blue)
Sun Aug 13 19:21:12 2023 Jakkz_ joined Red team
Sun Aug 13 19:21:12 2023 not just me then
Sun Aug 13 19:21:12 2023 Test (Blue) [Headshot] ApolloOwO (Red)
Sun Aug 13 19:21:12 2023 Test (Blue) [Headshot] zekebird (Red)
Sun Aug 13 19:21:12 2023 Welcome to aloha.pk tower of babel
Sun Aug 13 19:21:14 2023 Map: SkullFort by JoJoe Stinky CC 2013
Sun Aug 13 19:21:15 2023 Deuce13 (Blue) [Rifle] HqZon (Red)
Sun Aug 13 19:21:16 2023 Game mode: Tower of Babel by Yourself, modified by izzy
Sun Aug 13 19:21:17 2023  Visit our community forums at https://aloha.pk/
Sun Aug 13 19:21:18 2023 Build a tower to get the enemy's intel. Take it to your team's tent to win!
Sun Aug 13 19:21:20 2023 Visit our community forums at https://aloha.pk/
Sun Aug 13 19:21:22 2023 Come chat with us at https://discord.aloha.pk/
Sun Aug 13 19:21:25 2023 Deuce13 (Blue) [Headshot] ApolloOwO (Red)
Sun Aug 13 19:21:28 2023 ExitsHarrmonica (Blue) [Headshot] JC Denton (Red)
Sun Aug 13 19:21:30 2023 you (Red) [Headshot] novelpen (Blue)
Sun Aug 13 19:21:35 2023 you (Red) [Headshot] Deuce13 (Blue)
Sun Aug 13 19:21:35 2023 ExitsHarrmonica (Blue) [Headshot] you (Red)
Sun Aug 13 19:21:36 2023 Harry (Blue) [Headshot] beer-me (Red)
Sun Aug 13 19:21:38 2023 Harry (Blue) [Headshot] HqZon (Red)
Sun Aug 13 19:21:40 2023 zekebird (Red) [Headshot] Drewbski (Blue)
Sun Aug 13 19:21:40 2023 HqZon (Red) [Weapon Change]
Sun Aug 13 19:21:40 2023 Schmopi (Red) [SMG] bilboswaggins (Blue)
Sun Aug 13 19:21:43 2023 Harry (Blue) [Rifle] zekebird (Red)
Sun Aug 13 19:21:44 2023 Schmopi (Red) [Headshot] smock (Blue)
Sun Aug 13 19:21:44 2023 Test (Blue) [Headshot] ApolloOwO (Red)
Sun Aug 13 19:21:44 2023 Deuce13 (Blue) [Headshot] Schmopi (Red)
Sun Aug 13 19:21:47 2023  Come chat with us at https://discord.aloha.pk/
Sun Aug 13 19:21:48 2023 Test (Blue) [Headshot] beer-me (Red)
Sun Aug 13 19:21:49 2023 novelpen (Blue) [Headshot] juanitaPKXD (Red)
Sun Aug 13 19:21:51 2023 Test (Blue) [Headshot] JC Denton (Red)
Sun Aug 13 19:21:51 2023 Jakkz_ (Red) [Weapon Change]
Sun Aug 13 19:21:53 2023 Harry (Blue) [Headshot] you (Red)
Sun Aug 13 19:21:53 2023 Squidman (Blue) [Weapon Change]
Sun Aug 13 19:21:59 2023 Harry (Blue) [Headshot] ApolloOwO (Red)
Sun Aug 13 19:22:01 2023 Harry (Blue) [Headshot] HqZon (Red)
Sun Aug 13 19:22:03 2023 Test (Blue) [Headshot] beer-me (Red)
Sun Aug 13 19:22:04 2023 Test (Blue) [Headshot] Schmopi (Red)
Sun Aug 13 19:22:11 2023 Player Jakkz_ has left
Sun Aug 13 19:22:11 2023 zekebird (Red) [Rifle] Deuce13 (Blue)
Sun Aug 13 19:22:14 2023 zekebird (Red) [Headshot] Harry (Blue)
Sun Aug 13 19:22:15 2023 Deuce13 (Blue) [Weapon Change]
Sun Aug 13 19:22:15 2023 novelpen (Blue) [SMG] HqZon (Red)
Sun Aug 13 19:22:17 2023  If you believe a player is breaking the rules, please let us know with /ADMIN
Sun Aug 13 19:22:17 2023 zekebird (Red) [Headshot] ExitsHarrmonica (Blue)
Sun Aug 13 19:22:19 2023 Test (Blue) [Headshot] zekebird (Red)
Sun Aug 13 19:22:23 2023 Drewbski (Blue) [Headshot] beer-me (Red)
Sun Aug 13 19:22:25 2023 you (Red) [Headshot] novelpen (Blue)
Sun Aug 13 19:22:26 2023 Richard Le Noir joined Red team
Sun Aug 13 19:22:29 2023 HqZon (Red) [SMG] smock (Blue)
Sun Aug 13 19:22:30 2023 [Global] Richard Le Noir (Red): wet penis farts
Sun Aug 13 19:22:33 2023 Drewbski (Blue) [Headshot] HqZon (Red)
Sun Aug 13 19:22:34 2023 Richard Le Noir (Red) [Headshot] Nesirky (Blue)
Sun Aug 13 19:22:35 2023 Test (Blue) [Headshot] zekebird (Red)
Sun Aug 13 19:22:38 2023 [Global] novelpen (Blue): stfu
Sun Aug 13 19:22:38 2023 Fodanator joined Red team
Sun Aug 13 19:22:38 2023 [Global] Fodanator (Red): wtf this stair
Sun Aug 13 19:22:39 2023 Schmopi (Red) [Headshot] Test (Blue)
Sun Aug 13 19:22:39 2023 Drewbski (Blue) [Headshot] Schmopi (Red)
Sun Aug 13 19:22:42 2023 Drewbski (Blue) [Headshot] ApolloOwO (Red)
Sun Aug 13 19:22:44 2023 [Global] Richard Le Noir (Red): eat my dick
Sun Aug 13 19:22:45 2023 Drewbski (Blue) [Headshot] beer-me (Red)
Sun Aug 13 19:22:47 2023 messi joined Blue team
Sun Aug 13 19:22:47 2023  Mahalo for playing aloha.pk tower of babel
Sun Aug 13 19:22:50 2023 [Global] Test (Blue): server is farting, cumming and shitting at the same time
Sun Aug 13 19:22:50 2023 Sitael joined Red team
Sun Aug 13 19:22:53 2023 Harry (Blue) [Headshot] JC Denton (Red)
Sun Aug 13 19:22:55 2023 Drewbski (Blue) [Headshot] zekebird (Red)
Sun Aug 13 19:22:56 2023 [Global] Richard Le Noir (Red): oh is it still shitting itself
Sun Aug 13 19:22:57 2023 Squidman (Blue) [Headshot] you (Red)
Sun Aug 13 19:22:58 2023 Drewbski (Blue) [Headshot] juanitaPKXD (Red)
Sun Aug 13 19:23:06 2023 [Global] Test (Blue): yeah and also farting and cumming
Sun Aug 13 19:23:10 2023 Harry (Blue) [Headshot] JC Denton (Red)
Sun Aug 13 19:23:12 2023 messi (Blue) [Headshot] Schmopi (Red)
Sun Aug 13 19:23:13 2023 ApolloOwO (Red) [Rifle] messi (Blue)
Sun Aug 13 19:23:14 2023 Richard Le Noir (Red) [Headshot] ExitsHarrmonica (Blue)
Sun Aug 13 19:23:14 2023 Player juanitaPKXD has left
Sun Aug 13 19:23:16 2023 novelpen (Blue) [SMG] Richard Le Noir (Red)
Sun Aug 13 19:23:16 2023 you (Red) [Headshot] Harry (Blue)
Sun Aug 13 19:23:17 2023 Deuce13 picked up Red's Intel.
Sun Aug 13 19:23:17 2023  Build a tower to get the enemy's intel. Take it to your team's tent to win!
Sun Aug 13 19:23:18 2023 Drewbski (Blue) [Headshot] zekebird (Red)
Sun Aug 13 19:23:24 2023 novelpen (Blue) [Headshot] HqZon (Red)
Sun Aug 13 19:23:28 2023 Player Schmopi has left
Sun Aug 13 19:23:29 2023 Test (Blue) [Headshot] you (Red)
Sun Aug 13 19:23:29 2023 beer-me (Red) [Headshot] Drewbski (Blue)
Sun Aug 13 19:23:32 2023 messi (Blue) [Headshot] ApolloOwO (Red)
Sun Aug 13 19:23:33 2023 Test (Blue) [Headshot] Sitael (Red)
Sun Aug 13 19:23:35 2023 Player smock has left
Sun Aug 13 19:23:47 2023  Type /HELP for info & commands
Sun Aug 13 19:23:50 2023 Test (Blue) [Headshot] ApolloOwO (Red)
Sun Aug 13 19:23:52 2023 you (Red) [Headshot] Test (Blue)
Sun Aug 13 19:23:53 2023 messi (Blue) [Grenade] beer-me (Red)
Sun Aug 13 19:23:53 2023 Player ApolloOwO has left
Sun Aug 13 19:23:56 2023 Sitael (Red) [Rifle] messi (Blue)
Sun Aug 13 19:24:05 2023 Harry (Blue) [Headshot] Sitael (Red)
Sun Aug 13 19:24:10 2023 novelpen (Blue) [Headshot] beer-me (Red)
Sun Aug 13 19:24:11 2023 Richard Le Noir (Red) [Headshot] novelpen (Blue)
Sun Aug 13 19:24:16 2023 Harry (Blue) [Headshot] Richard Le Noir (Red)
Sun Aug 13 19:24:17 2023  Visit our community forums at https://aloha.pk/
Sun Aug 13 19:24:17 2023 Drewbski (Blue) [Headshot] you (Red)
Sun Aug 13 19:24:21 2023 Harry (Blue) [Headshot] Sitael (Red)
Sun Aug 13 19:24:26 2023 Deuce13 dropped Red's Intel
Sun Aug 13 19:24:26 2023  The intel has returned to the heavens
Sun Aug 13 19:24:26 2023 Deuce13 (Blue) [Fall]
Sun Aug 13 19:24:26 2023 Nesirky (Blue) [Fall]
Sun Aug 13 19:24:31 2023 Harry (Blue) [Headshot] zekebird (Red)
Sun Aug 13 19:24:31 2023 Test (Blue) [Headshot] JC Denton (Red)
Sun Aug 13 19:24:38 2023  axe    j vnny   was kicked: Inactive for 10 minutes
Sun Aug 13 19:24:39 2023 Sitael (Red) [Headshot] Drewbski (Blue)
Sun Aug 13 19:24:40 2023 Test (Blue) [Rifle] Richard Le Noir (Red)
Sun Aug 13 19:24:40 2023 Harry (Blue) [Headshot] Sitael (Red)
Sun Aug 13 19:24:41 2023 Test (Blue) [Headshot] beer-me (Red)
Sun Aug 13 19:24:47 2023  Come chat with us at https://discord.aloha.pk/
Sun Aug 13 19:24:49 2023 Test (Blue) [Headshot] zekebird (Red)
Sun Aug 13 19:24:49 2023 Test (Blue) [Headshot] JC Denton (Red)
Sun Aug 13 19:24:50 2023 Harry (Blue) [Headshot] you (Red)
Sun Aug 13 19:24:55 2023 zekebird (Red) [Headshot] novelpen (Blue)
Sun Aug 13 19:24:56 2023 messi (Blue) [Headshot] zekebird (Red)
Sun Aug 13 19:24:59 2023 Test (Blue) [Headshot] Richard Le Noir (Red)
Sun Aug 13 19:25:05 2023 Richard Le Noir (Red) [Headshot] Test (Blue)
Sun Aug 13 19:25:06 2023 [Global] ExitsHarrmonica (Blue): I'm in Sway on Artix Lnux [runit].
Sun Aug 13 19:25:07 2023 Harry (Blue) [Headshot] Sitael (Red)
Sun Aug 13 19:25:08 2023 [Global] Richard Le Noir (Red): get out
Sun Aug 13 19:25:08 2023 you (Red) [Headshot] Deuce13 (Blue)
Sun Aug 13 19:25:11 2023 zekebird (Red) [Headshot] Harry (Blue)
Sun Aug 13 19:25:13 2023 [Global] Test (Blue): take a shower
Sun Aug 13 19:25:17 2023 [Global] Richard Le Noir (Red): eat my dick
Sun Aug 13 19:25:17 2023  If you believe a player is breaking the rules, please let us know with /ADMIN
Sun Aug 13 19:25:17 2023 zekebird (Red) [Headshot] messi (Blue)
Sun Aug 13 19:25:20 2023 Fodanator (Red) [Weapon Change]
Sun Aug 13 19:25:22 2023 [Global] Harry (Blue): neat!
Sun Aug 13 19:25:23 2023 [Global] novelpen (Blue): imbouttokummmmm
Sun Aug 13 19:25:28 2023 Drewbski (Blue) [Headshot] zekebird (Red)
Sun Aug 13 19:25:30 2023 Drewbski (Blue) [Headshot] Sitael (Red)
Sun Aug 13 19:25:31 2023 [Global] Harry (Blue): im in arch with Hyprland
Sun Aug 13 19:25:33 2023 beer-me1 joined Red team
Sun Aug 13 19:25:34 2023 [Global] Nesirky (Blue): someone messed up our tower top...
Sun Aug 13 19:25:38 2023 enzo joined Red team
Sun Aug 13 19:25:41 2023 Player zekebird has left
Sun Aug 13 19:25:42 2023 Harry (Blue) [Headshot] you (Red)
Sun Aug 13 19:25:46 2023 Sitael (Red) [Headshot] Deuce13 (Blue)
Sun Aug 13 19:25:47 2023  Mahalo for playing aloha.pk tower of babel
Sun Aug 13 19:25:50 2023 Deuce13 (Blue) [Weapon Change]
Sun Aug 13 19:25:51 2023 messi (Blue) [Headshot] Sitael (Red)
Sun Aug 13 19:25:52 2023 Player Deuce13 has left
Sun Aug 13 19:25:56 2023 Harry (Blue) [Headshot] beer-me1 (Red)
Sun Aug 13 19:25:57 2023 you (Red) [Headshot] ExitsHarrmonica (Blue)
Sun Aug 13 19:25:58 2023 Test (Blue) [Headshot] Richard Le Noir (Red)
Sun Aug 13 19:26:02 2023 Test (Blue) [Headshot] you (Red)
Sun Aug 13 19:26:03 2023 novelpen (Blue) [SMG] HqZon (Red)
Sun Aug 13 19:26:10 2023 Drewbski (Blue) [Headshot] beer-me1 (Red)
Sun Aug 13 19:26:10 2023 Test (Blue) [Headshot] Richard Le Noir (Red)
Sun Aug 13 19:26:14 2023 Sitael (Red) [Headshot] Harry (Blue)
Sun Aug 13 19:26:17 2023  Build a tower to get the enemy's intel. Take it to your team's tent to win!
Sun Aug 13 19:26:17 2023 beer-me1 (Red) [Fall]
Sun Aug 13 19:26:20 2023 Test (Blue) [Headshot] Sitael (Red)
Sun Aug 13 19:26:24 2023 Test (Blue) [Headshot] you (Red)
Sun Aug 13 19:26:30 2023 Fodanator (Red) [Team Change]
Sun Aug 13 19:26:32 2023 Squidman (Blue) [Headshot] beer-me1 (Red)
Sun Aug 13 19:26:35 2023 Drewbski (Blue) [Rifle] HqZon (Red)
Sun Aug 13 19:26:35 2023 Squidman (Blue) [SMG] Richard Le Noir (Red)
Sun Aug 13 19:26:36 2023 JC Denton (Red) [Grenade] Drewbski (Blue)
Sun Aug 13 19:26:36 2023 you (Red) [Headshot] Test (Blue)
Sun Aug 13 19:26:38 2023 Fodanator joined Spectator team
Sun Aug 13 19:26:38 2023 JC Denton (Red) [Headshot] messi (Blue)
Sun Aug 13 19:26:40 2023 Squidman (Blue) [Headshot] HqZon (Red)
Sun Aug 13 19:26:40 2023 Richard Le Noir (Red) [Headshot] Nesirky (Blue)
Sun Aug 13 19:26:41 2023 Squidman (Blue) [Headshot] Richard Le Noir (Red)
Sun Aug 13 19:26:42 2023 Player enzo has left
Sun Aug 13 19:26:42 2023 Fodanator joined Red team
Sun Aug 13 19:26:44 2023 Sitael (Red) [Rifle] Squidman (Blue)
Sun Aug 13 19:26:47 2023 Player HqZon has left
Sun Aug 13 19:26:47 2023  Type /HELP for info & commands
Sun Aug 13 19:26:47 2023 Player Fodanator has left
Sun Aug 13 19:26:52 2023 JC Denton (Red) [Headshot] Harry (Blue)
Sun Aug 13 19:26:57 2023 novelpen (Blue) [Headshot] beer-me1 (Red)
Sun Aug 13 19:26:58 2023 JC Denton (Red) [Headshot] novelpen (Blue)
Sun Aug 13 19:27:01 2023 Ewaldo joined Red team
Sun Aug 13 19:27:01 2023 Ewaldo (Red) [Team Change]
Sun Aug 13 19:27:01 2023 Test (Blue) [Headshot] JC Denton (Red)
Sun Aug 13 19:27:02 2023 Ewaldo joined Spectator team
Sun Aug 13 19:27:04 2023 Test (Blue) [Headshot] Richard Le Noir (Red)
Sun Aug 13 19:27:07 2023  The native language of Ewaldo is most likely English.
Sun Aug 13 19:27:07 2023  Ewaldo is trying to join with an obsolete client! Help them update!
Sun Aug 13 19:27:09 2023 Harry (Blue) [Team Change]
Sun Aug 13 19:27:14 2023 Ewaldo joined Blue team
Sun Aug 13 19:27:14 2023 Ewaldo (Blue) [Team Change]
Sun Aug 13 19:27:15 2023 ExitsHarrmonica (Blue) [Headshot] you (Red)
Sun Aug 13 19:27:17 2023  Visit our community forums at https://aloha.pk/
Sun Aug 13 19:27:20 2023 Richard Le Noir (Red) [Headshot] messi (Blue)
Sun Aug 13 19:27:22 2023 Drewbski (Blue) [Headshot] Sitael (Red)
Sun Aug 13 19:27:24 2023 Player Ewaldo has left
Sun Aug 13 19:27:27 2023 Richard Le Noir (Red) [Headshot] ExitsHarrmonica (Blue)
Sun Aug 13 19:27:30 2023 enzo joined Blue team
Sun Aug 13 19:27:30 2023 Squidman (Blue) [Headshot] beer-me1 (Red)
Sun Aug 13 19:27:30 2023 Captain Manio joined Red team
Sun Aug 13 19:27:32 2023 Sitael (Red) [Rifle] Squidman (Blue)
Sun Aug 13 19:27:39 2023 Harry (Red) [Headshot] Test (Blue)
Sun Aug 13 19:27:45 2023 Nesirky (Blue) [Grenade] Harry (Red)
Sun Aug 13 19:27:45 2023 Drewbski (Blue) [Headshot] you (Red)
Sun Aug 13 19:27:47 2023 novelpen (Blue) [Headshot] Captain Manio (Red)
Sun Aug 13 19:27:47 2023  Come chat with us at https://discord.aloha.pk/
Sun Aug 13 19:27:49 2023 Sitael (Red) [Rifle] Nesirky (Blue)
Sun Aug 13 19:27:49 2023 Richard Le Noir (Red) [Headshot] messi (Blue)
Sun Aug 13 19:27:52 2023 novelpen (Blue) [SMG] beer-me1 (Red)
Sun Aug 13 19:27:55 2023 Fodanator joined Red team
Sun Aug 13 19:27:58 2023 you (Red) [SMG] novelpen (Blue)
Sun Aug 13 19:28:02 2023 iloveyasmins joined Blue team
Sun Aug 13 19:28:04 2023 Player enzo has left
Sun Aug 13 19:28:07 2023 Captain Manio (Red) [Headshot] ExitsHarrmonica (Blue)
Sun Aug 13 19:28:11 2023 Squidman (Blue) [SMG] Sitael (Red)
Sun Aug 13 19:28:12 2023 Captain Manio (Red) [Headshot] Drewbski (Blue)
Sun Aug 13 19:28:15 2023 Richard Le Noir (Red) [Headshot] Squidman (Blue)
Sun Aug 13 19:28:17 2023 Richard Le Noir (Red) [Headshot] messi (Blue)
Sun Aug 13 19:28:17 2023  If you believe a player is breaking the rules, please let us know with /ADMIN
Sun Aug 13 19:28:17 2023 Captain Manio (Red) [SMG] Test (Blue)
Sun Aug 13 19:28:19 2023 Player messi has left
Sun Aug 13 19:28:29 2023 Harry (Red) [Headshot] novelpen (Blue)
Sun Aug 13 19:28:32 2023 [Global] Captain Manio (Red): Test, are you different from "test"?
Sun Aug 13 19:28:33 2023 Sitael (Red) [Headshot] iloveyasmins (Blue)
Sun Aug 13 19:28:36 2023 ExitsHarrmonica (Blue) [Headshot] JC Denton (Red)
Sun Aug 13 19:28:37 2023 Nesirky (Blue) [SMG] Richard Le Noir (Red)
Sun Aug 13 19:28:39 2023 Sitael (Red) [Headshot] Squidman (Blue)
Sun Aug 13 19:28:42 2023 Player Squidman has left
Sun Aug 13 19:28:44 2023 [Global] Test (Blue): yeah?
Sun Aug 13 19:28:44 2023 Richard Le Noir (Red) [Headshot] ExitsHarrmonica (Blue)
Sun Aug 13 19:28:47 2023  Mahalo for playing aloha.pk tower of babel
Sun Aug 13 19:28:49 2023 Sitael (Red) [Headshot] bilboswaggins (Blue)
Sun Aug 13 19:28:53 2023 [Global] Captain Manio (Red): I mean are you a different person
Sun Aug 13 19:28:54 2023 You must be closer to the enemy's base to shoot blocks!
Sun Aug 13 19:28:55 2023 Drewbski (Blue) [Headshot] Sitael (Red)
Sun Aug 13 19:28:57 2023 Nesirky (Blue) [Fall]
Sun Aug 13 19:28:58 2023 [Global] iloveyasmins (Blue): how to open options
Sun Aug 13 19:29:00 2023 [Global] Captain Manio (Red): There's a player here named test
Sun Aug 13 19:29:00 2023 Player Sitael has left
Sun Aug 13 19:29:04 2023 Test (Blue) [Headshot] Captain Manio (Red)
Sun Aug 13 19:29:17 2023  Build a tower to get the enemy's intel. Take it to your team's tent to win!
Sun Aug 13 19:29:18 2023 Test (Blue) [Headshot] you (Red)
Sun Aug 13 19:29:18 2023 Drewbski (Blue) [Headshot] Harry (Red)
Sun Aug 13 19:29:21 2023 Test (Blue) [Headshot] Richard Le Noir (Red)
Sun Aug 13 19:29:21 2023 beer-me1 (Red) [Shotgun] Test (Blue)
Sun Aug 13 19:29:37 2023 Player iloveyasmins has left
Sun Aug 13 19:29:37 2023 Harry (Red) [Headshot] Drewbski (Blue)
Sun Aug 13 19:29:40 2023 beer-me1 (Red) [Shotgun] ExitsHarrmonica (Blue)
Sun Aug 13 19:29:40 2023 Ewaldo joined Blue team
Sun Aug 13 19:29:40 2023 Ewaldo (Blue) [Team Change]
Sun Aug 13 19:29:46 2023  The native language of Ewaldo is most likely English.
Sun Aug 13 19:29:46 2023  Ewaldo is trying to join with an obsolete client! Help them update!
Sun Aug 13 19:29:47 2023  Type /HELP for info & commands
Sun Aug 13 19:29:47 2023 Harry (Red) [Headshot] bilboswaggins (Blue)
Sun Aug 13 19:29:48 2023 Test (Blue) [Headshot] Harry (Red)
Sun Aug 13 19:29:49 2023 Test (Blue) [Headshot] JC Denton (Red)
Sun Aug 13 19:29:50 2023 Ewaldo joined Spectator team
Sun Aug 13 19:29:50 2023 Jake joined Blue team
Sun Aug 13 19:29:57 2023 Test (Blue) [Headshot] you (Red)
Sun Aug 13 19:29:58 2023 Harry (Red) [Headshot] Test (Blue)
Sun Aug 13 19:29:59 2023 Fodanator (Red) [Headshot] bilboswaggins (Blue)
Sun Aug 13 19:30:02 2023 Ewaldo joined Red team
Sun Aug 13 19:30:02 2023 Ewaldo (Red) [Team Change]
Sun Aug 13 19:30:04 2023 bilboswaggins (Blue) [Headshot] Fodanator (Red)
Sun Aug 13 19:30:12 2023 you (Red) [Headshot] ExitsHarrmonica (Blue)
Sun Aug 13 19:30:12 2023 Harry (Red) [Headshot] Nesirky (Blue)
Sun Aug 13 19:30:13 2023 novelpen picked up Red's Intel.
Sun Aug 13 19:30:14 2023 Ewaldo joined Blue team
Sun Aug 13 19:30:14 2023 Ewaldo (Blue) [Team Change]
Sun Aug 13 19:30:14 2023 Player Ewaldo has left
Sun Aug 13 19:30:14 2023 Harry (Red) [Headshot] Drewbski (Blue)
Sun Aug 13 19:30:15 2023 Test (Blue) [Headshot] Captain Manio (Red)
Sun Aug 13 19:30:17 2023  Visit our community forums at https://aloha.pk/
Sun Aug 13 19:30:21 2023 Harry (Red) [Headshot] Jake (Blue)
Sun Aug 13 19:30:24 2023 novelpen dropped Red's Intel
Sun Aug 13 19:30:24 2023  The intel has returned to the heavens
Sun Aug 13 19:30:24 2023 beer-me1 (Red) [Shotgun] novelpen (Blue)
Sun Aug 13 19:30:32 2023 Harry (Red) [Headshot] bilboswaggins (Blue)
Sun Aug 13 19:30:34 2023 Test (Blue) [Headshot] beer-me1 (Red)
Sun Aug 13 19:30:38 2023 Harry (Red) [Headshot] Jake (Blue)
Sun Aug 13 19:30:43 2023 Harry (Red) [Headshot] Test (Blue)
Sun Aug 13 19:30:47 2023  Come chat with us at https://discord.aloha.pk/
Sun Aug 13 19:30:50 2023 You must be closer to the enemy's base to shoot blocks!
Sun Aug 13 19:30:51 2023 Captain Manio (Red) [SMG] ExitsHarrmonica (Blue)
Sun Aug 13 19:30:51 2023 You must be closer to the enemy's base to shoot blocks!
Sun Aug 13 19:30:52 2023 JC Denton (Red) [Grenade]
Sun Aug 13 19:30:57 2023 Drewbski (Blue) [Rifle] Captain Manio (Red)
Sun Aug 13 19:30:59 2023 novelpen picked up Red's Intel.
Sun Aug 13 19:31:04 2023 [Global] Richard Le Noir (Red): man fuck this
Sun Aug 13 19:31:04 2023 Nesirky (Blue) [Headshot] Richard Le Noir (Red)
Sun Aug 13 19:31:06 2023 Nesirky (Blue) [Fall]
Sun Aug 13 19:31:07 2023 Harry (Red) [Headshot] Test (Blue)
Sun Aug 13 19:31:08 2023 [Global] Richard Le Noir (Red): wtf is red team even doing
Sun Aug 13 19:31:10 2023 Captain Manio (Red) [Team Change]
Sun Aug 13 19:31:14 2023 Captain Manio joined Blue team
Sun Aug 13 19:31:14 2023 Richard Le Noir joined Blue team
Sun Aug 13 19:31:17 2023 Drewbski (Blue) [Headshot] Harry (Red)
Sun Aug 13 19:31:17 2023  If you believe a player is breaking the rules, please let us know with /ADMIN
Sun Aug 13 19:31:17 2023 [Global] Captain Manio (Blue): Gomu Gomu defecto
Sun Aug 13 19:31:29 2023 Jake (Blue) [Headshot] beer-me1 (Red)
Sun Aug 13 19:31:32 2023 [Global] Richard Le Noir (Blue): slurp slurp testicles
Sun Aug 13 19:31:32 2023 Test (Blue) [Headshot] you (Red)
Sun Aug 13 19:31:42 2023 novelpen captured Red's Intel.
Sun Aug 13 19:31:46 2023 Fodanator (Red) [Shotgun] Richard Le Noir (Blue)
Sun Aug 13 19:31:46 2023 bilboswaggins (Blue) [Headshot] Fodanator (Red)
Sun Aug 13 19:31:47 2023  Mahalo for playing aloha.pk tower of babel
Sun Aug 13 19:31:47 2023 Captain Manio (Blue) [Headshot] JC Denton (Red)
Sun Aug 13 19:31:50 2023 You must be closer to the enemy's base to shoot blocks!
Sun Aug 13 19:31:51 2023 Test (Blue) [Headshot] you (Red)
Sun Aug 13 19:31:51 2023 You must be closer to the enemy's base to shoot blocks!
Sun Aug 13 19:31:53 2023 You must be closer to the enemy's base to shoot blocks!
Sun Aug 13 19:31:54 2023 You must be closer to the enemy's base to shoot blocks!
Sun Aug 13 19:31:55 2023 You must be closer to the enemy's base to shoot blocks!
Sun Aug 13 19:31:55 2023 Harry (Red) [Headshot] Drewbski (Blue)
Sun Aug 13 19:31:56 2023 Nesirky (Blue) [Grenade] JC Denton (Red)
Sun Aug 13 19:32:02 2023 Nesirky (Blue) [SMG] beer-me1 (Red)
Sun Aug 13 19:32:03 2023 Nesirky (Blue) [Fall]
Sun Aug 13 19:32:05 2023 Harry (Red) [Headshot] Test (Blue)
Sun Aug 13 19:32:10 2023 Player JC Denton has left
Sun Aug 13 19:32:12 2023 Harry (Red) [Headshot] Richard Le Noir (Blue)
Sun Aug 13 19:32:13 2023 Captain Manio (Blue) [SMG] Fodanator (Red)
Sun Aug 13 19:32:15 2023 Pirollo joined Red team
Sun Aug 13 19:32:17 2023  Build a tower to get the enemy's intel. Take it to your team's tent to win!
Sun Aug 13 19:32:30 2023 novelpen (Blue) [Headshot] Pirollo (Red)
Sun Aug 13 19:32:31 2023 Harry (Red) [Headshot] Drewbski (Blue)
Sun Aug 13 19:32:39 2023 Player novelpen has left
Sun Aug 13 19:32:47 2023  Type /HELP for info & commands
Sun Aug 13 19:32:51 2023 Captain Manio (Blue) [Headshot] Harry (Red)
Sun Aug 13 19:32:53 2023 Captain Manio (Blue) [SMG] Pirollo (Red)
Sun Aug 13 19:32:54 2023 you (Red) [Headshot] Captain Manio (Blue)
Sun Aug 13 19:32:55 2023 Drewbski (Blue) [Rifle] beer-me1 (Red)
Sun Aug 13 19:33:06 2023 smock joined Red team
Sun Aug 13 19:33:08 2023 Test (Blue) [Headshot] smock (Red)
Sun Aug 13 19:33:11 2023 novelpen joined Blue team
Sun Aug 13 19:33:11 2023 Anomymus519 joined Red team
Sun Aug 13 19:33:13 2023 Test (Blue) [Headshot] Harry (Red)
Sun Aug 13 19:33:17 2023  Visit our community forums at https://aloha.pk/
Sun Aug 13 19:33:18 2023 Test (Blue) [Headshot] smock (Red)
Sun Aug 13 19:33:19 2023 Captain Manio (Blue) [SMG] Fodanator (Red)
Sun Aug 13 19:33:25 2023 Test (Blue) [Headshot] Harry (Red)
Sun Aug 13 19:33:26 2023 Pirollo (Red) [Headshot] Jake (Blue)
Sun Aug 13 19:33:27 2023 Nesirky (Blue) [SMG] Anomymus519 (Red)
Sun Aug 13 19:33:28 2023 Test (Blue) [Headshot] smock (Red)
Sun Aug 13 19:33:29 2023 Test (Blue) [Headshot] Fodanator (Red)
Sun Aug 13 19:33:30 2023 Harry (Red) [Rifle] Test (Blue)
Sun Aug 13 19:33:31 2023 ExitsHarrmonica (Blue) [Headshot] Pirollo (Red)
Sun Aug 13 19:33:35 2023 novelpen (Blue) [Fall]
Sun Aug 13 19:33:36 2023 Nesirky (Blue) [Fall]
Sun Aug 13 19:33:44 2023 Drewbski (Blue) [Rifle] beer-me1 (Red)
Sun Aug 13 19:33:47 2023  Come chat with us at https://discord.aloha.pk/
Sun Aug 13 19:33:50 2023 Harry (Red) [Headshot] bilboswaggins (Blue)
Sun Aug 13 19:33:51 2023 Captain Manio (Blue) [Grenade] smock (Red)
Sun Aug 13 19:33:53 2023 Harry (Red) [Headshot] Drewbski (Blue)
Sun Aug 13 19:33:54 2023 Pirollo (Red) [Headshot] Captain Manio (Blue)
Sun Aug 13 19:33:57 2023 beer-me1 (Red) [Shotgun] ExitsHarrmonica (Blue)
Sun Aug 13 19:33:57 2023 you (Red) [Headshot] novelpen (Blue)
Sun Aug 13 19:34:04 2023 Anomymus519 (Red) [Weapon Change]
Sun Aug 13 19:34:07 2023 you (Red) [SMG] Test (Blue)
Sun Aug 13 19:34:13 2023 Harry (Red) [Headshot] Jake (Blue)
Sun Aug 13 19:34:17 2023  If you believe a player is breaking the rules, please let us know with /ADMIN
Sun Aug 13 19:34:21 2023 Captain Manio (Blue) [Headshot] Pirollo (Red)
Sun Aug 13 19:34:23 2023 ExitsHarrmonica (Blue) [Headshot] smock (Red)
Sun Aug 13 19:34:24 2023 Harry (Red) [Headshot] Captain Manio (Blue)
Sun Aug 13 19:34:25 2023 ExitsHarrmonica (Blue) [Headshot] Harry (Red)
Sun Aug 13 19:34:31 2023 R34prZ joined Blue team
Sun Aug 13 19:34:36 2023 novelpen (Blue) [Fall]
Sun Aug 13 19:34:38 2023 Drewbski (Blue) [Grenade] beer-me1 (Red)
Sun Aug 13 19:34:39 2023 you (Red) [Headshot] Drewbski (Blue)
Sun Aug 13 19:34:45 2023 ExitsHarrmonica (Blue) [SMG] you (Red)
Sun Aug 13 19:34:46 2023 Test (Blue) [Rifle] smock (Red)
Sun Aug 13 19:34:47 2023  Mahalo for playing aloha.pk tower of babel
Sun Aug 13 19:34:49 2023 Harry (Red) [Headshot] R34prZ (Blue)
Sun Aug 13 19:34:51 2023 bilboswaggins (Blue) [Fall]
Sun Aug 13 19:34:53 2023 Harry (Red) [Headshot] Captain Manio (Blue)
Sun Aug 13 19:34:54 2023 Pirollo (Red) [Headshot] ExitsHarrmonica (Blue)
Sun Aug 13 19:34:55 2023 Test (Blue) [Headshot] Harry (Red)
Sun Aug 13 19:34:55 2023 Test (Blue) [Headshot] Anomymus519 (Red)
Sun Aug 13 19:34:59 2023 Test (Blue) [Headshot] Pirollo (Red)
Sun Aug 13 19:35:00 2023  beer-me was kicked: Inactive for 10 minutes
Sun Aug 13 19:35:00 2023 Player beer-me has left
Sun Aug 13 19:35:02 2023 [Global] bilboswaggins (Blue): lol the lag
Sun Aug 13 19:35:06 2023 you (Red) [Headshot] Test (Blue)
Sun Aug 13 19:35:12 2023 R34prZ (Blue) [Headshot] beer-me1 (Red)
Sun Aug 13 19:35:16 2023 You must be closer to the enemy's base to grenade blocks!
Sun Aug 13 19:35:17 2023  Build a tower to get the enemy's intel. Take it to your team's tent to win!
Sun Aug 13 19:35:19 2023 Captain Manio (Blue) [Headshot] Pirollo (Red)
Sun Aug 13 19:36:00 2023 ------ World Unloaded ------
Sun Aug 13 19:36:00 2023 Disconnected because of error:
Disconnected: Unknown Reason
at /tmp/openspades-1902958381911645150/openspades/src/openspades-0.1.3/Sources/Client/NetClient.cpp:498
void spades::client::NetClient::DoEvents(int) at NetClient.cpp:477
virtual void spades::client::Client::RunFrame(float) at Client.cpp:380
virtual void spades::gui::MainScreen::RunFrame(float) at MainScreen.cpp:232
void spades::gui::SDLRunner::Run(int, int) at SDLRunner.cpp:427
void spades::gui::Runner::Run() at Runner.cpp:70
void spades::gui::Runner::RunProtected() at Runner.cpp:42
int main(int, char**) at Main.cpp:312

Sun Aug 13 19:36:00 2023 Disconnecting
