Mon Aug 14 18:06:33 2023 ------ World Loaded ------
Mon Aug 14 18:06:34 2023 Sacrilege (Blue) [Headshot] Zapster (Green)
Mon Aug 14 18:06:34 2023 Deuce69 (Blue) [Headshot] vEGETA (Green)
Mon Aug 14 18:06:34 2023 To apply for staff, contact me on Discord @brzidragan
Mon Aug 14 18:06:35 2023 Discord server: discord.gg/TEGXDMvz3
Mon Aug 14 18:06:38 2023 buster (Blue) [Headshot] gilberto (Green)
Mon Aug 14 18:06:41 2023 vEGETA (Green) [Fall]
Mon Aug 14 18:06:41 2023 gilberto (Green) [Fall]
Mon Aug 14 18:06:41 2023 Zapster (Green) [Fall]
Mon Aug 14 18:06:41 2023 You have 1 medkit!
Mon Aug 14 18:06:47 2023 gilberto (Green) [Headshot] Sacrilege (Blue)
Mon Aug 14 18:06:48 2023 [Global] titicaca (Green): im in your balls
Mon Aug 14 18:06:49 2023 joolz (Green) [Headshot] JLMP (Blue)
Mon Aug 14 18:06:52 2023 KingBit72 (Green) [Headshot] mrsavirus (Blue)
Mon Aug 14 18:06:56 2023 Brzi (Green) [Melee] buster (Blue)
Mon Aug 14 18:06:57 2023 Player mrsavirus has left
Mon Aug 14 18:06:58 2023 gilberto (Green) [Headshot] pancake (Blue)
Mon Aug 14 18:06:58 2023 Jester (Blue) [Headshot] vEGETA (Green)
Mon Aug 14 18:06:59 2023 Warning: titicaca got a rocket!!!
Mon Aug 14 18:06:59 2023 titicaca captured Blue's Intel.
Mon Aug 14 18:07:00 2023 Harry (Green) [Headshot] Deuce69 (Blue)
Mon Aug 14 18:07:01 2023 Alice_AI_V3.2 (Green) [Shotgun] JLMP (Blue)
Mon Aug 14 18:07:01 2023 Sacrilege (Blue) [Headshot] joolz (Green)
Mon Aug 14 18:07:03 2023 Alice_AI_V3.2 (Green) [Headshot] pancake (Blue)
Mon Aug 14 18:07:04 2023 KingBit72 (Green) [Melee] Sacrilege (Blue)
Mon Aug 14 18:07:06 2023 titicaca (Green) [Rifle]
Mon Aug 14 18:07:17 2023 titicaca (Green) [Headshot] JLMP (Blue)
Mon Aug 14 18:07:18 2023 Sacrilege (Blue) [Headshot] smock (Green)
Mon Aug 14 18:07:19 2023 KingBit72 (Green) [Melee] Deuce69 (Blue)
Mon Aug 14 18:07:22 2023 [Global] Deuce69 (Blue): oooof
Mon Aug 14 18:07:22 2023 buster (Blue) [Grenade] Brzi (Green)
Mon Aug 14 18:07:22 2023 Zapster (Green) [SMG] buster (Blue)
Mon Aug 14 18:07:23 2023 Alice_AI_V3.2 picked up Blue's Intel.
Mon Aug 14 18:07:24 2023 KingBit72 (Green) [Melee] pancake (Blue)
Mon Aug 14 18:07:32 2023 KingBit72 (Green) [SMG] pancake (Blue)
Mon Aug 14 18:07:34 2023 KingBit72 (Green) [SMG] Deuce69 (Blue)
Mon Aug 14 18:07:35 2023 Alice_AI_V3.2 (Green) [Headshot] Sacrilege (Blue)
Mon Aug 14 18:07:35 2023 [Global] Deuce69 (Blue): omg
Mon Aug 14 18:07:37 2023 Type /squad 1 to join a squad
Mon Aug 14 18:07:38 2023 [Global] Deuce69 (Blue): embarrasing
Mon Aug 14 18:07:45 2023 Jester (Blue) [Headshot] gilberto (Green)
Mon Aug 14 18:07:51 2023 buster (Blue) [Team Change]
Mon Aug 14 18:07:54 2023 [Global] buster (Blue): blue idiots
Mon Aug 14 18:07:56 2023 Warning: Alice_AI_V3.2 got a rocket!!!
Mon Aug 14 18:07:56 2023 Alice_AI_V3.2 captured Blue's Intel.
Mon Aug 14 18:07:57 2023 Deuce69 (Blue) [Grenade] KingBit72 (Green)
Mon Aug 14 18:07:58 2023 [Global] Brzi (Green): yes
Mon Aug 14 18:08:00 2023 Player Sacrilege has left
Mon Aug 14 18:08:01 2023 Deuce69 (Blue) [Headshot] joolz (Green)
Mon Aug 14 18:08:01 2023 vEGETA picked up Blue's Intel.
Mon Aug 14 18:08:01 2023 titicaca (Green) [Grenade] pancake (Blue)
Mon Aug 14 18:08:01 2023 titicaca (Green) [Grenade] Deuce69 (Blue)
Mon Aug 14 18:08:03 2023 buster joined Spectator team
Mon Aug 14 18:08:05 2023 pancake (Blue) [Headshot] titicaca (Green)
Mon Aug 14 18:08:09 2023 [Global] titicaca (Green): xD
Mon Aug 14 18:08:09 2023 Deuce69 (Blue) [Headshot] Harry (Green)
Mon Aug 14 18:08:09 2023 srpika joined Blue team
Mon Aug 14 18:08:10 2023 Alice_AI_V3.2 (Green) [Shotgun] ^_____^ (Blue)
Mon Aug 14 18:08:19 2023 You have 1 medkit!
Mon Aug 14 18:08:19 2023 The Thing joined Blue team
Mon Aug 14 18:08:21 2023 Alice_AI_V3.2 (Green) [Grenade] Deuce69 (Blue)
Mon Aug 14 18:08:26 2023 [Global] Brzi (Green): tho we are having a great fight
Mon Aug 14 18:08:30 2023 vEGETA dropped Blue's Intel
Mon Aug 14 18:08:30 2023 pancake (Blue) [Melee] vEGETA (Green)
Mon Aug 14 18:08:30 2023 gilberto (Green) [Headshot] Jester (Blue)
Mon Aug 14 18:08:33 2023 Warning: Alice_AI_V3.2 got a rocket!!!
Mon Aug 14 18:08:33 2023 Alice_AI_V3.2 (Green) [Grenade] The Thing (Blue)
Mon Aug 14 18:08:34 2023 [Global] Brzi (Green): barely defended intel
Mon Aug 14 18:08:38 2023 [Global] Jester (Blue): fuuuuck
Mon Aug 14 18:08:41 2023 Deuce69 (Blue) [SMG] Alice_AI_V3.2 (Green)
Mon Aug 14 18:08:45 2023 Zapster (Green) [SMG] srpika (Blue)
Mon Aug 14 18:08:46 2023 Deuce69 (Blue) [Grenade] smock (Green)
Mon Aug 14 18:08:46 2023 Abaddon joined Blue team
Mon Aug 14 18:08:52 2023 Player srpika has left
Mon Aug 14 18:08:53 2023 buster joined Blue team
Mon Aug 14 18:08:57 2023 gilberto (Green) [Headshot] ^_____^ (Blue)
Mon Aug 14 18:08:57 2023 buster (Blue) [Team Change]
Mon Aug 14 18:08:58 2023 Harry (Green) [Headshot] Jester (Blue)
Mon Aug 14 18:09:03 2023 The Thing (Blue) [Headshot] vEGETA (Green)
Mon Aug 14 18:09:04 2023 Deuce69 (Blue) [SMG] Harry (Green)
Mon Aug 14 18:09:07 2023 You have 1 medkit!
Mon Aug 14 18:09:07 2023 buster joined Green team
Mon Aug 14 18:09:08 2023 Deuce69 (Blue) [Headshot] Zapster (Green)
Mon Aug 14 18:09:11 2023 titicaca (Green) [Headshot] pancake (Blue)
Mon Aug 14 18:09:11 2023 Alice_AI_V3.2 (Green) [Shotgun] ^_____^ (Blue)
Mon Aug 14 18:09:13 2023 titicaca picked up Blue's Intel.
Mon Aug 14 18:09:13 2023 Alice_AI_V3.2 (Green) [Shotgun] Abaddon (Blue)
Mon Aug 14 18:09:19 2023 [Global] Deuce69 (Blue): srsly
Mon Aug 14 18:09:22 2023 Deuce69 (Blue) [Headshot] smock (Green)
Mon Aug 14 18:09:23 2023 Deuce69 (Blue) [Headshot] Alice_AI_V3.2 (Green)
Mon Aug 14 18:09:29 2023 pancake (Blue) [Headshot] gilberto (Green)
Mon Aug 14 18:09:29 2023 Brzi (Green) [Headshot] owo (Blue)
Mon Aug 14 18:09:33 2023 joolz (Green) [Headshot] pancake (Blue)
Mon Aug 14 18:09:40 2023 [Global] owo (Blue): BRZI ARE U FUCKING SERIUOS
Mon Aug 14 18:09:40 2023 [Global] pancake (Blue): what is this underground maze
Mon Aug 14 18:09:40 2023 KingBit72 (Green) [SMG] Jester (Blue)
Mon Aug 14 18:09:41 2023 joolz (Green) [SMG] owo (Blue)
Mon Aug 14 18:09:43 2023 pancake (Blue) [Headshot] KingBit72 (Green)
Mon Aug 14 18:09:43 2023 joolz (Green) [Headshot] JLMP (Blue)
Mon Aug 14 18:09:44 2023 pancake (Blue) [Headshot] joolz (Green)
Mon Aug 14 18:09:45 2023 [Global] owo (Blue): FUCK U
Mon Aug 14 18:09:45 2023 Abaddon (Blue) [Headshot] Harry (Green)
Mon Aug 14 18:09:46 2023 [Global] Brzi (Green): what
Mon Aug 14 18:09:46 2023 Warning: Deuce69 got a rocket!!!
Mon Aug 14 18:09:46 2023 Deuce69 (Blue) [Headshot] smock (Green)
Mon Aug 14 18:09:47 2023 Player owo has left
Mon Aug 14 18:09:48 2023 [Global] titicaca (Green): xD
Mon Aug 14 18:09:55 2023 You have 1 medkit!
Mon Aug 14 18:10:05 2023 Zapster (Green) [Headshot] Abaddon (Blue)
Mon Aug 14 18:10:05 2023 buster (Green) [SMG] pancake (Blue)
Mon Aug 14 18:10:05 2023 Deuce69 (Blue) [SMG] smock (Green)
Mon Aug 14 18:10:05 2023 KingBit72 (Green) [Headshot] Deuce69 (Blue)
Mon Aug 14 18:10:08 2023 buster (Green) [SMG] Jester (Blue)
Mon Aug 14 18:10:10 2023 vEGETA (Green) [Fall]
Mon Aug 14 18:10:12 2023 [Global] Brzi (Green): I got em 999 dolla ear phones I can hear u fart on other side of map
Mon Aug 14 18:10:15 2023 Jester (Blue) [Headshot] buster (Green)
Mon Aug 14 18:10:19 2023 gilberto (Green) [Headshot] ^_____^ (Blue)
Mon Aug 14 18:10:20 2023 owo joined Blue team
Mon Aug 14 18:10:22 2023 SPRINKOOL joined Blue team
Mon Aug 14 18:10:23 2023 Deuce69 (Blue) [Headshot] joolz (Green)
Mon Aug 14 18:10:24 2023 [Global] Brzi (Green): let alone where u dig
Mon Aug 14 18:10:24 2023 Zapster (Green) [Headshot] The Thing (Blue)
Mon Aug 14 18:10:24 2023 Ralanjacu joined Blue team
Mon Aug 14 18:10:25 2023 Warning: titicaca got a rocket!!!
Mon Aug 14 18:10:25 2023 titicaca captured Blue's Intel.
Mon Aug 14 18:10:26 2023 Alice_AI_V3.2 (Green) [Headshot] Deuce69 (Blue)
Mon Aug 14 18:10:26 2023 Brzi (Green) [SMG] Jester (Blue)
Mon Aug 14 18:10:27 2023 Abaddon (Blue) [Headshot] gilberto (Green)
Mon Aug 14 18:10:28 2023 [Global] Deuce69 (Blue): hardware hax
Mon Aug 14 18:10:33 2023 Harry (Green) [Headshot] SPRINKOOL (Blue)
Mon Aug 14 18:10:34 2023 [Global] gilberto (Green): noob
Mon Aug 14 18:10:36 2023 Harry (Green) [Headshot] Deuce69 (Blue)
Mon Aug 14 18:10:37 2023 Type /m to use a medkit
Mon Aug 14 18:10:45 2023 [Global] gilberto (Green): hardware noob
Mon Aug 14 18:10:47 2023 Harry (Green) [Headshot] pancake (Blue)
Mon Aug 14 18:10:53 2023 buster (Green) [Headshot] Jester (Blue)
Mon Aug 14 18:10:53 2023 buster (Green) [Headshot] The Thing (Blue)
Mon Aug 14 18:10:53 2023 Brzi (Green) [Headshot] SPRINKOOL (Blue)
Mon Aug 14 18:10:54 2023 Abaddon (Blue) [Headshot] KingBit72 (Green)
Mon Aug 14 18:10:55 2023 Player pancake has left
Mon Aug 14 18:10:55 2023 ^_____^ (Blue) [Headshot] Alice_AI_V3.2 (Green)
Mon Aug 14 18:11:01 2023 Brzi (Green) [SMG] Deuce69 (Blue)
Mon Aug 14 18:11:03 2023 owo (Blue) [Headshot] joolz (Green)
Mon Aug 14 18:11:04 2023 [Global] Deuce69 (Blue): bruh
Mon Aug 14 18:11:05 2023 ^_____^ (Blue) [Headshot] titicaca (Green)
Mon Aug 14 18:11:07 2023 vEGETA (Green) [Headshot] Abaddon (Blue)
Mon Aug 14 18:11:07 2023 srpika joined Spectator team
Mon Aug 14 18:11:09 2023 [Global] vEGETA (Green): ez
Mon Aug 14 18:11:11 2023 Brzi (Green) [Headshot] owo (Blue)
Mon Aug 14 18:11:11 2023 Brzi (Green) [SMG] Jester (Blue)
Mon Aug 14 18:11:15 2023 The Thing (Blue) [Headshot] Brzi (Green)
Mon Aug 14 18:11:15 2023 buster (Green) [Grenade] Jester (Blue)
Mon Aug 14 18:11:21 2023 Player srpika has left
Mon Aug 14 18:11:23 2023 Harry (Green) [Headshot] SPRINKOOL (Blue)
Mon Aug 14 18:11:25 2023 [Global] Jester (Blue): too lag, ciao guys
Mon Aug 14 18:11:26 2023 Player Jester has left
Mon Aug 14 18:11:26 2023 Zapster (Green) [Headshot] ^_____^ (Blue)
Mon Aug 14 18:11:30 2023 Zapster (Green) [Headshot] Ralanjacu (Blue)
Mon Aug 14 18:11:31 2023 Abaddon (Blue) [Headshot] Harry (Green)
Mon Aug 14 18:11:33 2023 [Global] titicaca (Green): imagine babel but the apoc is made up of rockets
Mon Aug 14 18:11:34 2023 Deuce69 (Blue) [Headshot] vEGETA (Green)
Mon Aug 14 18:11:36 2023 Alice_AI_V3.2 (Green) [Grenade] Deuce69 (Blue)
Mon Aug 14 18:11:37 2023 Alice_AI_V3.2 (Green) [Headshot] SPRINKOOL (Blue)
Mon Aug 14 18:11:38 2023 srpika joined Blue team
Mon Aug 14 18:11:40 2023 buster (Green) [Melee] The Thing (Blue)
Mon Aug 14 18:11:41 2023 [Global] titicaca (Green): that could be april fools
Mon Aug 14 18:11:44 2023 ^_____^ (Blue) [SMG] Alice_AI_V3.2 (Green)
Mon Aug 14 18:11:47 2023 You have 1 medkit!
Mon Aug 14 18:11:51 2023 Brzi (Green) [Headshot] owo (Blue)
Mon Aug 14 18:11:54 2023 ^_____^ (Blue) [Headshot] joolz (Green)
Mon Aug 14 18:11:54 2023 The Thing (Blue) [Headshot] buster (Green)
Mon Aug 14 18:11:55 2023 Zapster (Green) [Headshot] Ralanjacu (Blue)
Mon Aug 14 18:12:04 2023 Zapster (Green) [Headshot] Deuce69 (Blue)
Mon Aug 14 18:12:10 2023 Abaddon (Blue) [Headshot] vEGETA (Green)
Mon Aug 14 18:12:11 2023 gilberto (Green) [Rifle] The Thing (Blue)
Mon Aug 14 18:12:14 2023 SPRINKOOL (Blue) [Headshot] smock (Green)
Mon Aug 14 18:12:16 2023 gilberto picked up Blue's Intel.
Mon Aug 14 18:12:18 2023 Alice_AI_V3.2 (Green) [Headshot] SPRINKOOL (Blue)
Mon Aug 14 18:12:21 2023 The Thing (Blue) [SMG] KingBit72 (Green)
Mon Aug 14 18:12:27 2023 joolz (Green) [SMG] ^_____^ (Blue)
Mon Aug 14 18:12:30 2023 Player smock has left
Mon Aug 14 18:12:31 2023 Harry (Green) [Headshot] SPRINKOOL (Blue)
Mon Aug 14 18:12:31 2023 Abaddon (Blue) [Headshot] Alice_AI_V3.2 (Green)
Mon Aug 14 18:12:31 2023 [Global] Brzi (Green): ggogogogo
Mon Aug 14 18:12:33 2023 Abaddon (Blue) [Headshot] Harry (Green)
Mon Aug 14 18:12:35 2023 You have 1 medkit!
Mon Aug 14 18:12:37 2023 The Thing (Blue) [Headshot] Brzi (Green)
Mon Aug 14 18:12:40 2023 [Global] Brzi (Green): goOGOGOGOG
Mon Aug 14 18:12:40 2023 Warning: Zapster got a rocket!!!
Mon Aug 14 18:12:40 2023 Zapster (Green) [Headshot] srpika (Blue)
Mon Aug 14 18:12:44 2023 [Global] owo (Blue): the cmd window shows the chat on openspades lol
Mon Aug 14 18:12:46 2023 gilberto dropped Blue's Intel
Mon Aug 14 18:12:46 2023 The Thing (Blue) [SMG] gilberto (Green)
Mon Aug 14 18:12:48 2023 SPRINKOOL (Blue) [SMG] joolz (Green)
Mon Aug 14 18:12:48 2023 [Team] gilberto (Green): laaaag
Mon Aug 14 18:12:49 2023 KingBit72 (Green) [SMG] Abaddon (Blue)
Mon Aug 14 18:12:54 2023 KingBit72 (Green) [SMG] srpika (Blue)
Mon Aug 14 18:12:56 2023 Alice_AI_V3.2 (Green) [Headshot] owo (Blue)
Mon Aug 14 18:12:57 2023 buster picked up Blue's Intel.
Mon Aug 14 18:13:03 2023 tony joined Green team
Mon Aug 14 18:13:07 2023 KingBit72 (Green) [SMG] Abaddon (Blue)
Mon Aug 14 18:13:09 2023 Harry (Green) [Headshot] SPRINKOOL (Blue)
Mon Aug 14 18:13:12 2023 Deuce69 (Blue) [Headshot] Zapster (Green)
Mon Aug 14 18:13:13 2023 Brzi (Green) [Team Change]
Mon Aug 14 18:13:14 2023 KingBit72 (Green) [Headshot] Deuce69 (Blue)
Mon Aug 14 18:13:17 2023 Alice_AI_V3.2 (Green) [Grenade] Ralanjacu (Blue)
Mon Aug 14 18:13:23 2023 [Global] Deuce69 (Blue): tony mf join blue
Mon Aug 14 18:13:23 2023 Brzi joined Blue team
Mon Aug 14 18:13:24 2023 buster dropped Blue's Intel
Mon Aug 14 18:13:24 2023 vEGETA (Green) [SMG] buster (Green)
Mon Aug 14 18:13:25 2023 Alice_AI_V3.2 (Green) [Rifle] owo (Blue)
Mon Aug 14 18:13:26 2023 vEGETA picked up Blue's Intel.
Mon Aug 14 18:13:28 2023 srpika (Blue) [Headshot] KingBit72 (Green)
Mon Aug 14 18:13:32 2023 srpika (Blue) [Headshot] Alice_AI_V3.2 (Green)
Mon Aug 14 18:13:37 2023 Type /squad 1 to join a squad
Mon Aug 14 18:13:38 2023 [Global] owo (Blue): i think playing with headphos is a good idea
Mon Aug 14 18:13:39 2023 Darius joined Spectator team
Mon Aug 14 18:13:40 2023 vEGETA has a kill-death ratio of 0.67 (12 kills, 18 deaths).
Mon Aug 14 18:13:40 2023 vEGETA removed 13 blocks in the last 2.0 minutes. All of them were map blocks. Last one
Mon Aug 14 18:13:40 2023 was destroyed 7 seconds ago. vEGETA killed 1 teammates in the last 2.0 minutes.
Mon Aug 14 18:13:40 2023 buster (#5) started a VOTEKICK against vEGETA (#16). Say /Y to agree
Mon Aug 14 18:13:40 2023 Reason: for team kill to take intel from me
Mon Aug 14 18:13:43 2023 titicaca (#9) voted YES
Mon Aug 14 18:13:46 2023 Alice_AI_V3.2 (#8) voted YES
Mon Aug 14 18:13:48 2023 Abaddon (Blue) [Headshot] Harry (Green)
Mon Aug 14 18:13:48 2023 [Global] buster (Green): greifer
Mon Aug 14 18:13:50 2023 The Thing (#19) voted YES
Mon Aug 14 18:13:51 2023 [Global] titicaca (Green): he tried it on me too but where tf is he going
Mon Aug 14 18:13:52 2023 Brzi (#3) voted YES
Mon Aug 14 18:13:53 2023 [Global] buster (Green): hes bring it to water
Mon Aug 14 18:13:54 2023 [Global] titicaca (Green): out to sea
Mon Aug 14 18:13:54 2023 Abaddon (Blue) [Headshot] tony (Green)
Mon Aug 14 18:13:55 2023 You have 1 medkit!
Mon Aug 14 18:13:55 2023 [Global] titicaca (Green): lmfao
Mon Aug 14 18:13:56 2023 Deuce69 (Blue) [SMG] Zapster (Green)
Mon Aug 14 18:13:56 2023 [Global] buster (Green): all /y
Mon Aug 14 18:13:59 2023 coco joined Blue team
Mon Aug 14 18:14:01 2023 KingBit72 (Green) [SMG] coco (Blue)
Mon Aug 14 18:14:02 2023 Berteline joined Blue team
Mon Aug 14 18:14:04 2023 [Global] owo (Blue):  /n
Mon Aug 14 18:14:05 2023 KingBit72 (Green) [Melee] Berteline (Blue)
Mon Aug 14 18:14:06 2023 SPRINKOOL (Blue) [SMG] gilberto (Green)
Mon Aug 14 18:14:09 2023 Darius joined Green team
Mon Aug 14 18:14:09 2023 KingBit72 (Green) [Melee] JLMP (Blue)
Mon Aug 14 18:14:10 2023 buster (#5) is votekicking vEGETA (#16). /Y to vote (7 left)
Mon Aug 14 18:14:10 2023 Reason: for team kill to take intel from me
Mon Aug 14 18:14:12 2023 coco (Blue) [SMG] joolz (Green)
Mon Aug 14 18:14:13 2023 Ralanjacu (Blue) [SMG] KingBit72 (Green)
Mon Aug 14 18:14:13 2023 Deuce69 (Blue) [Headshot] gilberto (Green)
Mon Aug 14 18:14:13 2023 Brzi (Blue) [Team Change]
Mon Aug 14 18:14:19 2023 tony (Green) [Rifle] owo (Blue)
Mon Aug 14 18:14:24 2023 Alice_AI_V3.2 (Green) [Headshot] Deuce69 (Blue)
Mon Aug 14 18:14:25 2023 [Global] gilberto (Green): brzi the maletin?
Mon Aug 14 18:14:27 2023 Brzi joined Spectator team
Mon Aug 14 18:14:27 2023 Votekick for vEGETA (#16) has ended. vEGETA (#16) left during votekick
Mon Aug 14 18:14:27 2023 vEGETA banned for 30 minutes: for team kill to take intel from me
Mon Aug 14 18:14:27 2023 vEGETA dropped Blue's Intel
Mon Aug 14 18:14:27 2023 Player vEGETA has left
Mon Aug 14 18:14:28 2023 Abaddon (Blue) [Headshot] Zapster (Green)
Mon Aug 14 18:14:28 2023 Harry (Green) [Headshot] srpika (Blue)
Mon Aug 14 18:14:30 2023 [Global] titicaca (Green): isnt it like 3 hp a second?
Mon Aug 14 18:14:33 2023 Harry (Green) [Headshot] Ralanjacu (Blue)
Mon Aug 14 18:14:33 2023 [Global] titicaca (Green): how did they run so far
Mon Aug 14 18:14:34 2023 The Thing (Blue) [SMG] gilberto (Green)
Mon Aug 14 18:14:36 2023 Abaddon (Blue) [Headshot] joolz (Green)
Mon Aug 14 18:14:38 2023 The Thing (Blue) [Headshot] Darius (Green)
Mon Aug 14 18:14:38 2023 Deuce69 (Blue) [SMG] tony (Green)
Mon Aug 14 18:14:42 2023 SPRINKOOL (Blue) [Headshot] Harry (Green)
Mon Aug 14 18:14:43 2023 You have 1 medkit!
Mon Aug 14 18:14:45 2023 The Thing (Blue) [Headshot] joolz (Green)
Mon Aug 14 18:14:46 2023 gilberto (Green) [Rifle] The Thing (Blue)
Mon Aug 14 18:14:49 2023 Alice_AI_V3.2 (Green) [Headshot] Abaddon (Blue)
Mon Aug 14 18:14:50 2023 titicaca (Green) [Melee] Berteline (Blue)
Mon Aug 14 18:14:51 2023 [Global] titicaca (Green): xD
Mon Aug 14 18:14:59 2023 JLMP was kicked: Inactive for 8 minutes
Mon Aug 14 18:14:59 2023 Player JLMP has left
Mon Aug 14 18:14:59 2023 Deuce69 (Blue) [Headshot] gilberto (Green)
Mon Aug 14 18:15:00 2023 ^_____^ (Blue) [Grenade]
Mon Aug 14 18:15:04 2023 [Global] buster (Green): makeing bridge to get it
Mon Aug 14 18:15:04 2023 Abaddon (Blue) [Headshot] Alice_AI_V3.2 (Green)
Mon Aug 14 18:15:07 2023 KingBit72 (Green) [Headshot] ^_____^ (Blue)
Mon Aug 14 18:15:08 2023 KingBit72 (Green) [Headshot] srpika (Blue)
Mon Aug 14 18:15:10 2023 Player ^_____^ has left
Mon Aug 14 18:15:13 2023 Deuce69 (Blue) [Headshot] Zapster (Green)
Mon Aug 14 18:15:13 2023 SPRINKOOL (Blue) [Headshot] Harry (Green)
Mon Aug 14 18:15:15 2023 You have 1 medkit!
Mon Aug 14 18:15:20 2023 KingBit72 (Green) [Headshot] srpika (Blue)
Mon Aug 14 18:15:26 2023 Alice_AI_V3.2 (Green) [Headshot] Deuce69 (Blue)
Mon Aug 14 18:15:29 2023 Brzi joined Blue team
Mon Aug 14 18:15:29 2023 Alice_AI_V3.2 (Green) [Headshot] Abaddon (Blue)
Mon Aug 14 18:15:31 2023 SPRINKOOL (Blue) [SMG] Alice_AI_V3.2 (Green)
Mon Aug 14 18:15:31 2023 vEGETA joined Green team
Mon Aug 14 18:15:37 2023 KingBit72 (Green) [SMG] Abaddon (Blue)
Mon Aug 14 18:15:42 2023 coco (Blue) [SMG] vEGETA (Green)
Mon Aug 14 18:15:42 2023 [Global] titicaca (Green): he broke it LMFAO
Mon Aug 14 18:15:43 2023 Player Darius has left
Mon Aug 14 18:15:43 2023 [Global] owo (Blue): brzi rename blue to meth
Mon Aug 14 18:15:44 2023 KingBit72 (Green) [Headshot] srpika (Blue)
Mon Aug 14 18:15:49 2023 [Global] owo (Blue): pwease
Mon Aug 14 18:15:49 2023 Deuce69 (Blue) [Headshot] KingBit72 (Green)
Mon Aug 14 18:15:52 2023 coco (Blue) [SMG] Alice_AI_V3.2 (Green)
Mon Aug 14 18:15:52 2023 Harry (Green) [Headshot] SPRINKOOL (Blue)
Mon Aug 14 18:15:59 2023 buster picked up Blue's Intel.
Mon Aug 14 18:16:00 2023 buster dropped Blue's Intel
Mon Aug 14 18:16:00 2023 buster (Green) [SMG]
Mon Aug 14 18:16:06 2023 Abaddon (Blue) [Headshot] Harry (Green)
Mon Aug 14 18:16:06 2023 [Global] Brzi (Blue): bluetard
Mon Aug 14 18:16:11 2023 Player vEGETA has left
Mon Aug 14 18:16:13 2023 KingBit72 (Green) [Shotgun] Berteline (Blue)
Mon Aug 14 18:16:16 2023 [Global] Deuce69 (Blue): stfu
Mon Aug 14 18:16:19 2023 You have 1 medkit!
Mon Aug 14 18:16:22 2023 KingBit72 (Green) [Headshot] Berteline (Blue)
Mon Aug 14 18:16:25 2023 Harry (Green) [Headshot] owo (Blue)
Mon Aug 14 18:16:26 2023 Abaddon (Blue) [Headshot] Alice_AI_V3.2 (Green)
Mon Aug 14 18:16:28 2023 [Global] owo (Blue): l
Mon Aug 14 18:16:29 2023 Abaddon (Blue) [Headshot] Harry (Green)
Mon Aug 14 18:16:35 2023 You have 1 medkit!
Mon Aug 14 18:16:35 2023 Zapster (Green) [Headshot] SPRINKOOL (Blue)
Mon Aug 14 18:16:37 2023 vEGETA joined Green team
Mon Aug 14 18:16:37 2023 Type /squad 1 to join a squad
Mon Aug 14 18:16:38 2023 Deuce69 (Blue) [Headshot] Zapster (Green)
Mon Aug 14 18:16:38 2023 KingBit72 (Green) [Headshot] Berteline (Blue)
Mon Aug 14 18:16:39 2023 KingBit72 (Green) [Headshot] owo (Blue)
Mon Aug 14 18:16:40 2023 Alice_AI_V3.2 (Green) [Headshot] Brzi (Blue)
Mon Aug 14 18:16:41 2023 [Global] owo (Blue): is fist fuck a thing
Mon Aug 14 18:16:42 2023 Alice_AI_V3.2 (Green) [Headshot] Deuce69 (Blue)
Mon Aug 14 18:16:45 2023 vEGETA (Green) [SMG] tony (Green)
Mon Aug 14 18:16:48 2023 Player Berteline has left
Mon Aug 14 18:16:52 2023 joolz (Green) [Headshot] owo (Blue)
Mon Aug 14 18:16:52 2023 joolz (Green) [SMG] Brzi (Blue)
Mon Aug 14 18:16:55 2023 KingBit72 (Green) [Shotgun] SPRINKOOL (Blue)
Mon Aug 14 18:16:56 2023 Abaddon (Blue) [Rifle] Alice_AI_V3.2 (Green)
Mon Aug 14 18:16:57 2023 Deuce69 (Blue) [Headshot] KingBit72 (Green)
Mon Aug 14 18:16:58 2023 joolz (Green) [SMG] Deuce69 (Blue)
Mon Aug 14 18:17:00 2023 [Global] Deuce69 (Blue): omg 2 of u
Mon Aug 14 18:17:01 2023 [Global] owo (Blue): mhm spawnkilling
Mon Aug 14 18:17:03 2023 [Global] Deuce69 (Blue): green squadding
Mon Aug 14 18:17:06 2023 vEGETA has a kill-death ratio of 0.00 (0 kills, 0 deaths).
Mon Aug 14 18:17:06 2023 vEGETA removed 1 block in the last 2.0 minutes. Some of them were placed by buster. Last
Mon Aug 14 18:17:06 2023 one was destroyed 16 seconds ago, and belonged to buster. vEGETA joined Green team 28
Mon Aug 14 18:17:06 2023 seconds ago, and killed 1 teammates in the last 2.0 minutes.
Mon Aug 14 18:17:06 2023 buster (#5) started a VOTEKICK against vEGETA (#11). Say /Y to agree
Mon Aug 14 18:17:06 2023 Reason: for greifing
Mon Aug 14 18:17:06 2023 Abaddon (Blue) [Headshot] Harry (Green)
Mon Aug 14 18:17:07 2023 You have 1 medkit!
Mon Aug 14 18:17:08 2023 titicaca (#9) voted YES
Mon Aug 14 18:17:09 2023 SPRINKOOL (Blue) [Headshot] joolz (Green)
Mon Aug 14 18:17:11 2023 Alice_AI_V3.2 (#8) voted YES
Mon Aug 14 18:17:13 2023 Brzi (Blue) [Team Change]
Mon Aug 14 18:17:18 2023 Harry (Green) [Headshot] srpika (Blue)
Mon Aug 14 18:17:22 2023 Drazzar_1793 joined Blue team
Mon Aug 14 18:17:23 2023 Brzi joined Spectator team
Mon Aug 14 18:17:30 2023 Abaddon (Blue) [Rifle] Harry (Green)
Mon Aug 14 18:17:32 2023 [Global] buster (Green): all /y
Mon Aug 14 18:17:34 2023 UnluckY Aim joined Blue team
Mon Aug 14 18:17:35 2023 KingBit72 (Green) [Headshot] owo (Blue)
Mon Aug 14 18:17:36 2023 buster (#5) is votekicking vEGETA (#11). /Y to vote (8 left)
Mon Aug 14 18:17:36 2023 Reason: for greifing
Mon Aug 14 18:17:36 2023 [Global] Brzi (): whats he griefing
Mon Aug 14 18:17:39 2023 You have 1 medkit!
Mon Aug 14 18:17:39 2023 joolz (Green) [SMG] coco (Blue)
Mon Aug 14 18:17:40 2023 KingBit72 (Green) [Headshot] UnluckY Aim (Blue)
Mon Aug 14 18:17:42 2023 KingBit72 (Green) [Melee] owo (Blue)
Mon Aug 14 18:17:43 2023 AltF4 joined Blue team
Mon Aug 14 18:17:46 2023 [Global] titicaca (Green): the path they're making to retrieve the intel
Mon Aug 14 18:17:47 2023 [Global] titicaca (Green): lmao
Mon Aug 14 18:17:47 2023 KingBit72 (Green) [Headshot] AltF4 (Blue)
Mon Aug 14 18:17:50 2023 SPRINKOOL (Blue) [Headshot] Zapster (Green)
Mon Aug 14 18:17:51 2023 [Global] titicaca (Green): keeps snapping it
Mon Aug 14 18:17:51 2023 gilberto (Green) [Headshot] SPRINKOOL (Blue)
Mon Aug 14 18:17:55 2023 owo joined Green team
Mon Aug 14 18:17:55 2023 [Global] buster (Green): he broght intel to water and keeps breaking bridge 
Mon Aug 14 18:17:58 2023 Deuce69 (#17) voted YES
Mon Aug 14 18:17:59 2023 KingBit72 (Green) [Shotgun] AltF4 (Blue)
Mon Aug 14 18:18:02 2023 [Global] vEGETA (Green): lie
Mon Aug 14 18:18:02 2023 gilberto (Green) [Headshot] srpika (Blue)
Mon Aug 14 18:18:03 2023 [Team] Zapster (Green): how do i use medkit
Mon Aug 14 18:18:05 2023 [Global] titicaca (Green): x
Mon Aug 14 18:18:06 2023 buster (#5) is votekicking vEGETA (#11). /Y to vote (7 left)
Mon Aug 14 18:18:06 2023 Reason: for greifing
Mon Aug 14 18:18:07 2023 [Global] titicaca (Green):  /m
Mon Aug 14 18:18:07 2023 Alice_AI_V3.2 (Green) [Headshot] Abaddon (Blue)
Mon Aug 14 18:18:08 2023 Harry (Green) [Headshot] coco (Blue)
Mon Aug 14 18:18:09 2023 Harry (Green) [Headshot] SPRINKOOL (Blue)
Mon Aug 14 18:18:11 2023 Alice_AI_V3.2 (Green) [Headshot] Ralanjacu (Blue)
Mon Aug 14 18:18:12 2023 [Global] titicaca (Green): xD
Mon Aug 14 18:18:13 2023 KingBit72 (Green) [Shotgun] AltF4 (Blue)
Mon Aug 14 18:18:14 2023 Harry (Green) [Headshot] Drazzar_1793 (Blue)
Mon Aug 14 18:18:17 2023 Alice_AI_V3.2 (Green) [Headshot] The Thing (Blue)
Mon Aug 14 18:18:19 2023 Warning: KingBit72 got a rocket!!!
Mon Aug 14 18:18:19 2023 KingBit72 (Green) [Shotgun] srpika (Blue)
Mon Aug 14 18:18:20 2023 [Team] titicaca (Green): 1 : @zapster /m
Mon Aug 14 18:18:23 2023 KingBit72 (Green) [Grenade] UnluckY Aim (Blue)
Mon Aug 14 18:18:23 2023 KingBit72 (Green) [Grenade]
Mon Aug 14 18:18:24 2023 Berteline joined Green team
Mon Aug 14 18:18:27 2023 [Global] owo (Green): why there is hard cum everywhere
Mon Aug 14 18:18:30 2023 Ralanjacu (Blue) [SMG] joolz (Green)
Mon Aug 14 18:18:32 2023 Abaddon (Blue) [Headshot] Alice_AI_V3.2 (Green)
Mon Aug 14 18:18:34 2023 Abaddon (Blue) [Headshot] Harry (Green)
Mon Aug 14 18:18:36 2023 buster (#5) is votekicking vEGETA (#11). /Y to vote (8 left)
Mon Aug 14 18:18:36 2023 Reason: for greifing
Mon Aug 14 18:18:43 2023 You have 1 medkit!
Mon Aug 14 18:18:44 2023 Worst Gamer Eve joined Blue team
Mon Aug 14 18:18:47 2023 gilberto (Green) [Headshot] coco (Blue)
Mon Aug 14 18:18:48 2023 [Global] Worst Gamer Eve (Blue): yay
Mon Aug 14 18:18:52 2023 [Global] Worst Gamer Eve (Blue): I an Titan
Mon Aug 14 18:18:55 2023 [Global] Worst Gamer Eve (Blue): gonza
Mon Aug 14 18:18:55 2023 The Thing (Blue) [Headshot] owo (Green)
Mon Aug 14 18:18:59 2023 [Team] KingBit72 (Green): 1 : titicaca thx for spawning me
Mon Aug 14 18:19:00 2023 vEGETA picked up Blue's Intel.
Mon Aug 14 18:19:01 2023 [Global] titicaca (Green): o/
Mon Aug 14 18:19:02 2023 [Team] titicaca (Green): 1 : np
Mon Aug 14 18:19:03 2023 Zapster (Green) [Headshot] UnluckY Aim (Blue)
Mon Aug 14 18:19:03 2023 [Team] gilberto (Green): xddd
Mon Aug 14 18:19:05 2023 Abaddon (Blue) [Headshot] Alice_AI_V3.2 (Green)
Mon Aug 14 18:19:06 2023 Zapster (Green) [Shotgun] Worst Gamer Eve (Blue)
Mon Aug 14 18:19:06 2023 Votekick for vEGETA (#11) has ended. Votekick timed out
Mon Aug 14 18:19:09 2023 gilberto (Green) [Headshot] SPRINKOOL (Blue)
Mon Aug 14 18:19:10 2023 Deuce69 (Blue) [Headshot] owo (Green)
Mon Aug 14 18:19:11 2023 [Team] titicaca (Green): 1 : lmk if you want to move spots
Mon Aug 14 18:19:12 2023 vEGETA dropped Blue's Intel
Mon Aug 14 18:19:12 2023 vEGETA (Green) [SMG]
Mon Aug 14 18:19:14 2023 Abaddon (Blue) [Rifle] Berteline (Green)
Mon Aug 14 18:19:14 2023 Zapster (Green) [Headshot] Ralanjacu (Blue)
Mon Aug 14 18:19:15 2023 owo joined Blue team
Mon Aug 14 18:19:15 2023 tony (Green) [Rifle] Deuce69 (Blue)
Mon Aug 14 18:19:16 2023 [Global] Worst Gamer Eve (Blue): what are you vitekicking him for
Mon Aug 14 18:19:17 2023 [Global] Deuce69 (Blue): bruh
Mon Aug 14 18:19:19 2023 KingBit72 (Green) [Shotgun] SPRINKOOL (Blue)
Mon Aug 14 18:19:21 2023 [Global] titicaca (Green): he's trolling lol
Mon Aug 14 18:19:22 2023 KingBit72 (Green) [Shotgun] UnluckY Aim (Blue)
Mon Aug 14 18:19:24 2023 Harry (Green) [Headshot] AltF4 (Blue)
Mon Aug 14 18:19:28 2023 Harry (Green) [Headshot] Worst Gamer Eve (Blue)
Mon Aug 14 18:19:28 2023 Abaddon (Blue) [Headshot] Berteline (Green)
Mon Aug 14 18:19:28 2023 [Global] titicaca (Green): brought the intel out to sea and keeps snapping the bridge
Mon Aug 14 18:19:31 2023 Alice_AI_V3.2 (Green) [Headshot] Abaddon (Blue)
Mon Aug 14 18:19:31 2023 Player Berteline has left
Mon Aug 14 18:19:32 2023 Harry (Green) [Headshot] owo (Blue)
Mon Aug 14 18:19:32 2023 coco (Blue) [Headshot] Harry (Green)
Mon Aug 14 18:19:32 2023 joolz (Green) [Headshot] AltF4 (Blue)
Mon Aug 14 18:19:33 2023 [Global] Worst Gamer Eve (Blue): oh
Mon Aug 14 18:19:33 2023 UnluckY Aim (Blue) [Headshot] joolz (Green)
Mon Aug 14 18:19:35 2023 coco (Blue) [SMG] Alice_AI_V3.2 (Green)
Mon Aug 14 18:19:36 2023 Deuce69 (Blue) [Headshot] KingBit72 (Green)
Mon Aug 14 18:19:36 2023 KingBit72 (Green) [Grenade] Worst Gamer Eve (Blue)
Mon Aug 14 18:19:37 2023 Type /squad 1 to join a squad
Mon Aug 14 18:19:39 2023 [Global] Worst Gamer Eve (Blue): griefing?
Mon Aug 14 18:19:40 2023 [Global] owo (Blue): this is jı
Mon Aug 14 18:19:46 2023 [Global] owo (Blue): this is just like real war
Mon Aug 14 18:19:46 2023 [Global] Worst Gamer Eve (Blue): who is it
Mon Aug 14 18:19:47 2023 You have 1 medkit!
Mon Aug 14 18:19:47 2023 Zapster (Green) [Grenade] Ralanjacu (Blue)
Mon Aug 14 18:19:49 2023 Player vEGETA has left
Mon Aug 14 18:19:50 2023 coco (Blue) [SMG] Harry (Green)
Mon Aug 14 18:19:51 2023 Zapster (Green) [Shotgun] owo (Blue)
Mon Aug 14 18:19:51 2023 The Thing (Blue) [SMG] buster (Green)
Mon Aug 14 18:19:52 2023 coco (Blue) [Headshot] Alice_AI_V3.2 (Green)
Mon Aug 14 18:19:53 2023 [Global] titicaca (Green): it's vegeta who just left
Mon Aug 14 18:19:55 2023 [Global] titicaca (Green): and keeps rejoining
Mon Aug 14 18:20:03 2023 You have 1 medkit!
Mon Aug 14 18:20:03 2023 tony (Green) [Headshot] UnluckY Aim (Blue)
Mon Aug 14 18:20:05 2023 [Global] Worst Gamer Eve (Blue): ill votekick
Mon Aug 14 18:20:07 2023 Brzi joined Green team
Mon Aug 14 18:20:08 2023 [Global] Worst Gamer Eve (Blue): if he joins
Mon Aug 14 18:20:12 2023 [Global] Worst Gamer Eve (Blue): brzi
Mon Aug 14 18:20:15 2023 Brzi entered GOD MODE!
Mon Aug 14 18:20:16 2023 [Global] Worst Gamer Eve (Blue): ban vegeta
Mon Aug 14 18:20:17 2023 Alice_AI_V3.2 (Green) [Headshot] coco (Blue)
Mon Aug 14 18:20:20 2023 srpika (Blue) [Melee] tony (Green)
Mon Aug 14 18:20:23 2023 KingBit72 (Green) [Headshot] coco (Blue)
Mon Aug 14 18:20:23 2023 UnluckY Aim (Blue) [SMG] KingBit72 (Green)
Mon Aug 14 18:20:23 2023 [Global] Worst Gamer Eve (Blue): for griefing and intel holdign
Mon Aug 14 18:20:25 2023 gilberto (Green) [Rifle] srpika (Blue)
Mon Aug 14 18:20:25 2023 lmao joined Green team
Mon Aug 14 18:20:28 2023 [Global] Brzi (Green): ah shit 
Mon Aug 14 18:20:30 2023 Abaddon (Blue) [Headshot] Alice_AI_V3.2 (Green)
Mon Aug 14 18:20:30 2023 [Global] Brzi (Green): well
Mon Aug 14 18:20:33 2023 joolz (Green) [Headshot] UnluckY Aim (Blue)
Mon Aug 14 18:20:35 2023 [Team] buster (Green): 2 greens join /squad intel    help me get intel in water
Mon Aug 14 18:20:38 2023 [Global] coco (Blue): blue team has like authenthuic newbies
Mon Aug 14 18:20:38 2023 Zapster (Green) [Shotgun] Worst Gamer Eve (Blue)
Mon Aug 14 18:20:40 2023 lmao (Green) [Grenade]
Mon Aug 14 18:20:42 2023 gilberto (Green) [Rifle] Drazzar_1793 (Blue)
Mon Aug 14 18:20:43 2023 AltF4 (Blue) [Headshot] KingBit72 (Green)
Mon Aug 14 18:20:45 2023 [Global] coco (Blue): i wonder where they heard it from
Mon Aug 14 18:20:46 2023 UnluckY Aim (Blue) [Headshot] joolz (Green)
Mon Aug 14 18:20:48 2023 Deuce69 (Blue) [SMG] Alice_AI_V3.2 (Green)
Mon Aug 14 18:20:49 2023 [Global] Worst Gamer Eve (Blue): what time is this server is active
Mon Aug 14 18:20:52 2023 Deuce69 picked up Green's Intel.
Mon Aug 14 18:20:52 2023 [Team] buster (Green): intel : when i go  u kll urself to respawn when im half way
Mon Aug 14 18:20:53 2023 The Thing (Blue) [SMG] tony (Green)
Mon Aug 14 18:20:54 2023 The Thing (Blue) [SMG] buster (Green)
Mon Aug 14 18:20:54 2023 lmao (Green) [Headshot] The Thing (Blue)
Mon Aug 14 18:20:56 2023 Deuce69 (Blue) [Grenade] lmao (Green)
Mon Aug 14 18:20:59 2023 [Global] buster (Green): when i go  u kll urself to respawn when im half way
Mon Aug 14 18:21:02 2023 Warning: Zapster got a rocket!!!
Mon Aug 14 18:21:02 2023 Zapster (Green) [Shotgun] owo (Blue)
Mon Aug 14 18:21:02 2023 SPRINKOOL (Blue) [SMG] Harry (Green)
Mon Aug 14 18:21:03 2023 Alice_AI_V3.2 (Green) [Headshot] SPRINKOOL (Blue)
Mon Aug 14 18:21:06 2023 UnluckY Aim (Blue) [Headshot] KingBit72 (Green)
Mon Aug 14 18:21:07 2023 You have 1 medkit!
Mon Aug 14 18:21:07 2023 coco (Blue) [Headshot] Zapster (Green)
Mon Aug 14 18:21:12 2023 Berteline joined Green team
Mon Aug 14 18:21:12 2023 [Team] buster (Green): intel : join /squad intel.
Mon Aug 14 18:21:14 2023 [Global] buster (Green): when i go  u kll urself to respawn when im half way
Mon Aug 14 18:21:15 2023 [Global] owo (Blue): trench warfare?
Mon Aug 14 18:21:16 2023 Warning: gilberto got a rocket!!!
Mon Aug 14 18:21:16 2023 gilberto (Green) [Rifle] srpika (Blue)
Mon Aug 14 18:21:19 2023 [Team] titicaca (Green): 1 : king should i move spot or still good?
Mon Aug 14 18:21:22 2023 Abaddon (Blue) [Rifle] Alice_AI_V3.2 (Green)
Mon Aug 14 18:21:22 2023 UnluckY Aim (Blue) [SMG] KingBit72 (Green)
Mon Aug 14 18:21:26 2023 Player srpika has left
Mon Aug 14 18:21:32 2023 Abaddon (Blue) [Headshot] Alice_AI_V3.2 (Green)
Mon Aug 14 18:21:37 2023 Brzi teleported Brzi to buster
Mon Aug 14 18:21:39 2023 tony (Green) [Headshot] coco (Blue)
Mon Aug 14 18:21:41 2023 gilberto (Green) [Headshot] owo (Blue)
Mon Aug 14 18:21:45 2023 buster (Green) [SMG]
Mon Aug 14 18:21:45 2023 [Global] coco (Blue): just a decoy
Mon Aug 14 18:21:47 2023 Deuce69 dropped Green's Intel
Mon Aug 14 18:21:47 2023 gilberto (Green) [Headshot] Deuce69 (Blue)
Mon Aug 14 18:21:49 2023 Abaddon (Blue) [Headshot] Alice_AI_V3.2 (Green)
Mon Aug 14 18:21:49 2023 Zapster (Green) [Shotgun] SPRINKOOL (Blue)
Mon Aug 14 18:21:51 2023 UnluckY Aim picked up Green's Intel.
Mon Aug 14 18:21:54 2023 Player SPRINKOOL has left
Mon Aug 14 18:21:55 2023 joolz (Green) [Headshot] AltF4 (Blue)
Mon Aug 14 18:21:55 2023 Abaddon (Blue) [Headshot] Zapster (Green)
Mon Aug 14 18:21:57 2023 [Global] Worst Gamer Eve (Blue): does vegeta rejoin with different names
Mon Aug 14 18:21:58 2023 Brzi picked up Blue's Intel.
Mon Aug 14 18:21:59 2023 KingBit72 (Green) [Shotgun] owo (Blue)
Mon Aug 14 18:22:00 2023 buster (Green) [SMG]
Mon Aug 14 18:22:00 2023 Brzi teleported Brzi to gilberto
Mon Aug 14 18:22:01 2023 tony (Green) [Headshot] Deuce69 (Blue)
Mon Aug 14 18:22:02 2023 [Global] titicaca (Green): not so far
Mon Aug 14 18:22:04 2023 Brzi dropped Blue's Intel
Mon Aug 14 18:22:04 2023 Brzi (Green) [Rifle]
Mon Aug 14 18:22:06 2023 Brzi returned to being a mere human
Mon Aug 14 18:22:06 2023 gilberto (Green) [Headshot] Ralanjacu (Blue)
Mon Aug 14 18:22:07 2023 Abaddon (Blue) [Headshot] Alice_AI_V3.2 (Green)
Mon Aug 14 18:22:07 2023 Worst Gamer Eve (Blue) [Headshot] lmao (Green)
Mon Aug 14 18:22:09 2023 [Global] owo (Blue): mhm totaly fair game
Mon Aug 14 18:22:10 2023 [Global] Brzi (Green): there
Mon Aug 14 18:22:12 2023 coco (Blue) [SMG] tony (Green)
Mon Aug 14 18:22:12 2023 The Thing (Blue) [SMG] Zapster (Green)
Mon Aug 14 18:22:12 2023 Alice_AI_V3.2 (Green) [Headshot] Worst Gamer Eve (Blue)
Mon Aug 14 18:22:13 2023 Player Ralanjacu has left
Mon Aug 14 18:22:14 2023 Alice_AI_V3.2 (Green) [Headshot] The Thing (Blue)
Mon Aug 14 18:22:14 2023 coco (Blue) [SMG] gilberto (Green)
Mon Aug 14 18:22:17 2023 joolz (Green) [Headshot] owo (Blue)
Mon Aug 14 18:22:18 2023 joolz (Green) [SMG] AltF4 (Blue)
Mon Aug 14 18:22:19 2023 [Global] gilberto (Green): brzi?
Mon Aug 14 18:22:19 2023 Warning: UnluckY Aim got a rocket!!!
Mon Aug 14 18:22:19 2023 UnluckY Aim captured Green's Intel.
Mon Aug 14 18:22:23 2023 UnluckY Aim (Blue) [Headshot] joolz (Green)
Mon Aug 14 18:22:24 2023 Warning: Abaddon got a rocket!!!
Mon Aug 14 18:22:24 2023 Abaddon (Blue) [Headshot] Berteline (Green)
Mon Aug 14 18:22:24 2023 [Global] titicaca (Green): xD
Mon Aug 14 18:22:32 2023 Abaddon (Blue) [Grenade] buster (Green)
Mon Aug 14 18:22:37 2023 Type /m to use a medkit
Mon Aug 14 18:22:37 2023 Alice_AI_V3.2 (Green) [Headshot] Abaddon (Blue)
Mon Aug 14 18:22:39 2023 [Global] Deuce69 (Blue): did brzi just make himself god and killed someone?
Mon Aug 14 18:22:42 2023 tony (Green) [Headshot] Worst Gamer Eve (Blue)
Mon Aug 14 18:22:44 2023 riddick joined Blue team
Mon Aug 14 18:22:45 2023 tony (Green) [Headshot] AltF4 (Blue)
Mon Aug 14 18:22:46 2023 KingBit72 (Green) [Headshot] Worst Gamer Eve (Blue)
Mon Aug 14 18:22:48 2023 KingBit72 (Green) [Headshot] riddick (Blue)
Mon Aug 14 18:22:51 2023 [Global] Worst Gamer Eve (Blue): idk
Mon Aug 14 18:22:52 2023 gilberto (Green) [Rifle] Drazzar_1793 (Blue)
Mon Aug 14 18:22:55 2023 Disconnecting
