Thu Apr 27 22:44:12 2023 ------ World Loaded ------
Thu Apr 27 22:44:12 2023 Women are superior to men
Thu Apr 27 22:44:14 2023 Women are better at everything
Thu Apr 27 22:44:16 2023 Women are Goddesses, worship them
Thu Apr 27 22:44:27 2023 Harry (Yellow) [Headshot] supervisordepaz (Purple)
Thu Apr 27 22:44:37 2023 Harry (Yellow) [Headshot] dj baby benz (Purple)
Thu Apr 27 22:44:43 2023 supervisordepaz (Purple) [Headshot] Harry (Yellow)
Thu Apr 27 22:45:06 2023 supervisordepaz (Purple) [Headshot] Harry (Yellow)
Thu Apr 27 22:45:29 2023 Harry (Yellow) [Headshot] supervisordepaz (Purple)
Thu Apr 27 22:45:41 2023 Harry (Yellow) [Headshot] dj baby benz (Purple)
Thu Apr 27 22:46:01 2023 Harry (Yellow) [Headshot] supervisordepaz (Purple)
Thu Apr 27 22:46:12 2023 Harry (Yellow) [Headshot] dj baby benz (Purple)
Thu Apr 27 22:46:15 2023 dj baby benz killed you with a mine!
Thu Apr 27 22:46:15 2023 dj baby benz (Purple) [Grenade] Harry (Yellow)
Thu Apr 27 22:46:31 2023 Harry (Yellow) [Headshot] dj baby benz (Purple)
Thu Apr 27 22:46:41 2023 Harry (Yellow) [Headshot] supervisordepaz (Purple)
Thu Apr 27 22:46:57 2023 Harry (Yellow) [Headshot] dj baby benz (Purple)
Thu Apr 27 22:47:16 2023 supervisordepaz (Purple) [Headshot] Harry (Yellow)
Thu Apr 27 22:47:19 2023 Mines are already full! 3 mines available.
Thu Apr 27 22:47:32 2023 Harry (Yellow) [Rifle] supervisordepaz (Purple)
Thu Apr 27 22:47:38 2023 Harry (Yellow) [Headshot] dj baby benz (Purple)
Thu Apr 27 22:47:54 2023 dj baby benz killed you with a mine!
Thu Apr 27 22:47:54 2023 dj baby benz (Purple) [Grenade] Harry (Yellow)
Thu Apr 27 22:48:14 2023 Harry (Yellow) [Headshot] supervisordepaz (Purple)
Thu Apr 27 22:48:43 2023 dj baby benz (Purple) [Headshot] Harry (Yellow)
Thu Apr 27 22:49:12 2023 supervisordepaz (Purple) [Headshot] Harry (Yellow)
Thu Apr 27 22:49:25 2023 Harry (Yellow) [Headshot] supervisordepaz (Purple)
Thu Apr 27 22:49:39 2023 dj baby benz (Purple) [Rifle] Harry (Yellow)
Thu Apr 27 22:49:57 2023 supervisordepaz (Purple) [Headshot] Harry (Yellow)
Thu Apr 27 22:50:12 2023 Harry (Yellow) [Headshot] supervisordepaz (Purple)
Thu Apr 27 22:50:21 2023 supervisordepaz (Purple) [Weapon Change]
Thu Apr 27 22:50:26 2023 Harry (Yellow) [Headshot] dj baby benz (Purple)
Thu Apr 27 22:50:38 2023 supervisordepaz (Purple) [Headshot] Harry (Yellow)
Thu Apr 27 22:50:51 2023 Pionel Pessi  joined Spectator team
Thu Apr 27 22:50:54 2023 supervisordepaz (Purple) [Headshot] Harry (Yellow)
Thu Apr 27 22:50:55 2023 Player Pionel Pessi  has left
Thu Apr 27 22:51:11 2023 Harry (Yellow) [Headshot] supervisordepaz (Purple)
Thu Apr 27 22:51:22 2023 dj baby benz (Purple) [Headshot] Harry (Yellow)
Thu Apr 27 22:51:39 2023 Harry (Yellow) [Headshot] dj baby benz (Purple)
Thu Apr 27 22:51:51 2023 supervisordepaz (Purple) [Headshot] Harry (Yellow)
Thu Apr 27 22:52:00 2023 MercadoPago joined Yellow team
Thu Apr 27 22:52:13 2023 Harry (Yellow) [Headshot] supervisordepaz (Purple)
Thu Apr 27 22:52:21 2023 Harry (Yellow) [Headshot] dj baby benz (Purple)
Thu Apr 27 22:52:37 2023 supervisordepaz (Purple) [SMG] Harry (Yellow)
Thu Apr 27 22:53:02 2023 MercadoPago (Yellow) [Headshot] supervisordepaz (Purple)
Thu Apr 27 22:53:09 2023 Harry (Yellow) [Headshot] dj baby benz (Purple)
Thu Apr 27 22:53:16 2023 dj baby benz killed you with a mine!
Thu Apr 27 22:53:16 2023 dj baby benz (Purple) [Grenade] Harry (Yellow)
Thu Apr 27 22:53:35 2023 Duckling joined Yellow team
Thu Apr 27 22:53:47 2023 dj baby benz (Purple) [Rifle] Harry (Yellow)
Thu Apr 27 22:54:11 2023 Harry (Yellow) [Headshot] dj baby benz (Purple)
Thu Apr 27 22:54:20 2023 Harry (Yellow) [Headshot] supervisordepaz (Purple)
Thu Apr 27 22:54:26 2023 dj baby benz killed you with a mine!
Thu Apr 27 22:54:26 2023 dj baby benz (Purple) [Grenade] Harry (Yellow)
Thu Apr 27 22:54:37 2023 xd joined Purple team
Thu Apr 27 22:54:43 2023 dj baby benz (Purple) [Headshot] MercadoPago (Yellow)
Thu Apr 27 22:54:46 2023 Harry (Yellow) [Headshot] dj baby benz (Purple)
Thu Apr 27 22:54:48 2023 Harry (Yellow) [Headshot] supervisordepaz (Purple)
Thu Apr 27 22:54:58 2023 You have destroyed dj baby benz's mine!
Thu Apr 27 22:54:59 2023 You have destroyed dj baby benz's mine!
Thu Apr 27 22:55:06 2023 You have destroyed dj baby benz's mine!
Thu Apr 27 22:55:07 2023 You have destroyed dj baby benz's mine!
Thu Apr 27 22:55:08 2023 MerryGold joined Yellow team
Thu Apr 27 22:55:13 2023 supervisordepaz (Purple) [SMG] Harry (Yellow)
Thu Apr 27 22:55:34 2023 dj baby benz (Purple) [Rifle] Harry (Yellow)
Thu Apr 27 22:55:48 2023 SaltedCyka joined Purple team
Thu Apr 27 22:55:50 2023 [Global] SaltedCyka (Purple): hi
Thu Apr 27 22:55:56 2023 [Global] dj baby benz (Purple): sup
Thu Apr 27 22:55:57 2023 Harry (Yellow) [Headshot] supervisordepaz (Purple)
Thu Apr 27 22:55:58 2023 dj baby benz (Purple) [Headshot] MercadoPago (Yellow)
Thu Apr 27 22:56:00 2023 Harry (Yellow) [Headshot] dj baby benz (Purple)
Thu Apr 27 22:56:02 2023 MerryGold (Yellow) [Headshot] xd (Purple)
Thu Apr 27 22:56:12 2023 dj baby benz killed you with a mine!
Thu Apr 27 22:56:12 2023 dj baby benz (Purple) [Grenade] Harry (Yellow)
Thu Apr 27 22:56:16 2023 You killed SaltedCyka with a mine!
Thu Apr 27 22:56:16 2023 Harry (Yellow) [Grenade] SaltedCyka (Purple)
Thu Apr 27 22:56:19 2023 MerryGold (Yellow) [Headshot] dj baby benz (Purple)
Thu Apr 27 22:56:22 2023 supervisordepaz (Purple) [Headshot] MerryGold (Yellow)
Thu Apr 27 22:56:27 2023 supervisordepaz (Purple) [Headshot] MercadoPago (Yellow)
Thu Apr 27 22:56:32 2023 Harry (Yellow) [Rifle] supervisordepaz (Purple)
Thu Apr 27 22:56:53 2023 SaltedCyka (Purple) [Rifle] Harry (Yellow)
Thu Apr 27 22:56:58 2023 MerryGold (Yellow) [SMG] SaltedCyka (Purple)
Thu Apr 27 22:57:06 2023 supervisordepaz (Purple) [Headshot] MerryGold (Yellow)
Thu Apr 27 22:57:07 2023  Women are perfection
Thu Apr 27 22:57:18 2023 dj baby benz (Purple) [Headshot] Harry (Yellow)
Thu Apr 27 22:57:21 2023 xd (Purple) [Fall]
Thu Apr 27 22:57:58 2023 Harry (Yellow) [Headshot] supervisordepaz (Purple)
Thu Apr 27 22:57:59 2023 Harry (Yellow) [Headshot] SaltedCyka (Purple)
Thu Apr 27 22:58:02 2023 dj baby benz (Purple) [Rifle] Harry (Yellow)
Thu Apr 27 22:58:05 2023 Erick :v joined Yellow team
Thu Apr 27 22:58:11 2023 MercadoPago (Yellow) [Headshot] SaltedCyka (Purple)
Thu Apr 27 22:58:17 2023 dj baby benz (Purple) [Grenade] MercadoPago (Yellow)
Thu Apr 27 22:58:22 2023 Harry (Yellow) [Headshot] dj baby benz (Purple)
Thu Apr 27 22:58:24 2023 supervisordepaz (Purple) [Headshot] Harry (Yellow)
Thu Apr 27 22:58:26 2023 MerryGold (Yellow) [Headshot] supervisordepaz (Purple)
Thu Apr 27 22:58:47 2023 Harry (Yellow) [Headshot] supervisordepaz (Purple)
Thu Apr 27 22:58:56 2023 dj baby benz (Purple) [Headshot] Harry (Yellow)
Thu Apr 27 22:58:56 2023 Erick :v (Yellow) [SMG] xd (Purple)
Thu Apr 27 22:59:08 2023 xd (Purple) [Weapon Change]
Thu Apr 27 22:59:11 2023 MerryGold (Yellow) [Headshot] supervisordepaz (Purple)
Thu Apr 27 22:59:19 2023 dj baby benz (Purple) [Grenade]
Thu Apr 27 22:59:29 2023 Harry (Yellow) [Headshot] SaltedCyka (Purple)
Thu Apr 27 22:59:35 2023 Erick :v (Yellow) [Headshot] supervisordepaz (Purple)
Thu Apr 27 22:59:36 2023 Erick :v (Yellow) [Headshot] xd (Purple)
Thu Apr 27 22:59:41 2023 dj baby benz (Purple) [Rifle] Harry (Yellow)
Thu Apr 27 22:59:47 2023 MercadoPago (Yellow) [Headshot] dj baby benz (Purple)
Thu Apr 27 23:00:10 2023 dj baby benz (Purple) [Fall]
Thu Apr 27 23:00:16 2023 supervisordepaz (Purple) [Headshot] Harry (Yellow)
Thu Apr 27 23:00:29 2023 MerryGold (Yellow) [Headshot] supervisordepaz (Purple)
Thu Apr 27 23:00:35 2023 MercadoPago (Yellow) [Headshot] dj baby benz (Purple)
Thu Apr 27 23:00:45 2023 Harry (Yellow) [Headshot] dj baby benz (Purple)
Thu Apr 27 23:00:46 2023 Harry (Yellow) [Headshot] SaltedCyka (Purple)
Thu Apr 27 23:00:52 2023 Harry (Yellow) [Headshot] supervisordepaz (Purple)
Thu Apr 27 23:00:54 2023 xd (Purple) [Fall]
Thu Apr 27 23:00:55 2023 dj baby benz (Purple) [Grenade] MerryGold (Yellow)
Thu Apr 27 23:00:56 2023 dj baby benz (Purple) [Headshot] MercadoPago (Yellow)
Thu Apr 27 23:01:15 2023 Harry (Yellow) [Headshot] supervisordepaz (Purple)
Thu Apr 27 23:01:15 2023 dj baby benz (Purple) [Headshot] Harry (Yellow)
Thu Apr 27 23:01:34 2023 dj baby benz (Purple) [Headshot] Harry (Yellow)
Thu Apr 27 23:01:48 2023 dj baby benz (Purple) [Headshot] Duckling (Yellow)
Thu Apr 27 23:01:53 2023 supervisordepaz (Purple) [Headshot] Harry (Yellow)
Thu Apr 27 23:02:02 2023 MercadoPago (Yellow) [Grenade] dj baby benz (Purple)
Thu Apr 27 23:02:02 2023 MercadoPago (Yellow) [Grenade] SaltedCyka (Purple)
Thu Apr 27 23:02:08 2023 BigBrian joined Purple team
Thu Apr 27 23:02:13 2023 supervisordepaz (Purple) [Headshot] Duckling (Yellow)
Thu Apr 27 23:02:15 2023 Erick :v (Yellow) [Grenade] xd (Purple)
Thu Apr 27 23:02:21 2023 supervisordepaz (Purple) [Headshot] Harry (Yellow)
Thu Apr 27 23:02:29 2023 MercadoPago (Yellow) [Headshot] BigBrian (Purple)
Thu Apr 27 23:02:31 2023 dj baby benz (Purple) [Rifle] MercadoPago (Yellow)
Thu Apr 27 23:02:32 2023 Harry (Yellow) [Fall]
Thu Apr 27 23:02:40 2023 dj baby benz (Purple) [Rifle] Erick :v (Yellow)
Thu Apr 27 23:02:59 2023 supervisordepaz (Purple) [Headshot] Harry (Yellow)
Thu Apr 27 23:03:08 2023 supervisordepaz (Purple) [Headshot] Duckling (Yellow)
Thu Apr 27 23:03:19 2023 Harry (Yellow) [Headshot] supervisordepaz (Purple)
Thu Apr 27 23:03:26 2023 Harry (Yellow) [Headshot] xd (Purple)
Thu Apr 27 23:03:28 2023 MercadoPago (Yellow) [Headshot] dj baby benz (Purple)
Thu Apr 27 23:03:31 2023 MerryGold (Yellow) [Headshot] BigBrian (Purple)
Thu Apr 27 23:03:33 2023 Player BigBrian has left
Thu Apr 27 23:03:41 2023 dj baby benz (Purple) [Grenade] MercadoPago (Yellow)
Thu Apr 27 23:03:56 2023 Harry (Yellow) [Headshot] xd (Purple)
Thu Apr 27 23:03:57 2023 dj baby benz (Purple) [Headshot] Harry (Yellow)
Thu Apr 27 23:04:21 2023 dj baby benz (Purple) [Grenade] Erick :v (Yellow)
Thu Apr 27 23:04:23 2023 supervisordepaz (Purple) [Headshot] Harry (Yellow)
Thu Apr 27 23:04:28 2023 dj baby benz (Purple) [Headshot] MercadoPago (Yellow)
Thu Apr 27 23:04:30 2023 supervisordepaz (Purple) [Headshot] Duckling (Yellow)
Thu Apr 27 23:04:34 2023 Player dj baby benz has left
Thu Apr 27 23:04:43 2023 supervisordepaz (Purple) [Headshot] Harry (Yellow)
Thu Apr 27 23:04:47 2023 Erick :v (Yellow) [Headshot] supervisordepaz (Purple)
Thu Apr 27 23:04:49 2023 Erick :v (Yellow) [Headshot] xd (Purple)
Thu Apr 27 23:05:02 2023 Erick :v (Yellow) [Grenade]
Thu Apr 27 23:05:09 2023 Harry (Yellow) [Headshot] supervisordepaz (Purple)
Thu Apr 27 23:05:18 2023 Harry (Yellow) [Headshot] xd (Purple)
Thu Apr 27 23:05:24 2023 SaltedCyka (Purple) [Headshot] Harry (Yellow)
Thu Apr 27 23:05:46 2023 supervisordepaz (Purple) [Rifle] Harry (Yellow)
Thu Apr 27 23:05:47 2023 Erick :v (Yellow) [Headshot] xd (Purple)
Thu Apr 27 23:05:51 2023 supervisordepaz (Purple) [Headshot] Erick :v (Yellow)
Thu Apr 27 23:05:53 2023 Player xd has left
Thu Apr 27 23:06:01 2023 MercadoPago (Yellow) [Grenade] SaltedCyka (Purple)
Thu Apr 27 23:06:21 2023 supervisordepaz (Purple) [Headshot] Erick :v (Yellow)
Thu Apr 27 23:06:24 2023 Duckling (Yellow) [Headshot] supervisordepaz (Purple)
Thu Apr 27 23:06:28 2023 MerryGold picked up Purple's Intel.
Thu Apr 27 23:06:41 2023 MerryGold dropped Purple's Intel
Thu Apr 27 23:06:41 2023 supervisordepaz (Purple) [Headshot] MerryGold (Yellow)
Thu Apr 27 23:06:51 2023 Harry (Yellow) [Headshot] SaltedCyka (Purple)
Thu Apr 27 23:07:01 2023 Harry (Yellow) [Headshot] SaltedCyka (Purple)
Thu Apr 27 23:07:06 2023 SaltedCyka (Purple) [Weapon Change]
Thu Apr 27 23:07:09 2023 Duckling (Yellow) [SMG] supervisordepaz (Purple)
Thu Apr 27 23:07:23 2023 supervisordepaz (Purple) [Headshot] Erick :v (Yellow)
Thu Apr 27 23:07:24 2023 SaltedCyka (Purple) [Headshot] Harry (Yellow)
Thu Apr 27 23:07:25 2023 MercadoPago (Yellow) [Headshot] supervisordepaz (Purple)
Thu Apr 27 23:07:28 2023 MercadoPago (Yellow) [Rifle] SaltedCyka (Purple)
Thu Apr 27 23:07:42 2023 MercadoPago (Yellow) [Headshot] SaltedCyka (Purple)
Thu Apr 27 23:07:45 2023 Duckling (Yellow) [SMG] supervisordepaz (Purple)
Thu Apr 27 23:07:48 2023 Duckling (Yellow) [Grenade]
Thu Apr 27 23:07:53 2023 MerryGold (Yellow) [Grenade]
Thu Apr 27 23:08:00 2023 Harry (Yellow) [Headshot] SaltedCyka (Purple)
Thu Apr 27 23:08:04 2023 supervisordepaz (Purple) [Headshot] Harry (Yellow)
Thu Apr 27 23:08:06 2023 MercadoPago (Yellow) [Headshot] supervisordepaz (Purple)
Thu Apr 27 23:08:22 2023 supervisordepaz (Purple) [Headshot] MercadoPago (Yellow)
Thu Apr 27 23:08:23 2023 Erick :v (Yellow) [Grenade]
Thu Apr 27 23:08:30 2023 supervisordepaz (Purple) [Headshot] Harry (Yellow)
Thu Apr 27 23:08:37 2023 MercadoPago (Yellow) [Team Change]
Thu Apr 27 23:08:41 2023 MercadoPago joined Purple team
Thu Apr 27 23:08:41 2023 Duckling (Yellow) [Grenade] supervisordepaz (Purple)
Thu Apr 27 23:08:41 2023 Duckling (Yellow) [Grenade] SaltedCyka (Purple)
Thu Apr 27 23:08:50 2023 MercadoPago (Purple) [Headshot] Duckling (Yellow)
Thu Apr 27 23:08:54 2023 Sean joined Spectator team
Thu Apr 27 23:08:58 2023 supervisordepaz (Purple) [Headshot] MerryGold (Yellow)
Thu Apr 27 23:09:07 2023 supervisordepaz (Purple) [Headshot] Harry (Yellow)
Thu Apr 27 23:09:14 2023 Erick :v (Yellow) [Grenade] supervisordepaz (Purple)
Thu Apr 27 23:09:39 2023 Harry (Yellow) [Headshot] supervisordepaz (Purple)
Thu Apr 27 23:09:41 2023 Duckling (Yellow) [Headshot] SaltedCyka (Purple)
Thu Apr 27 23:09:42 2023 MercadoPago (Purple) [Grenade] Harry (Yellow)
Thu Apr 27 23:09:50 2023 Duckling (Yellow) [Headshot] supervisordepaz (Purple)
Thu Apr 27 23:09:56 2023 supervisordepaz (Purple) [Headshot] Duckling (Yellow)
Thu Apr 27 23:10:07 2023 supervisordepaz (Purple) [Headshot] MerryGold (Yellow)
Thu Apr 27 23:10:08 2023 MercadoPago (Purple) [Headshot] Harry (Yellow)
Thu Apr 27 23:10:20 2023 Erick :v (Yellow) [Headshot] supervisordepaz (Purple)
Thu Apr 27 23:10:21 2023 Erick :v (Yellow) [SMG] SaltedCyka (Purple)
Thu Apr 27 23:10:22 2023 Player Sean has left
Thu Apr 27 23:10:40 2023 Harry (Yellow) [Headshot] MercadoPago (Purple)
Thu Apr 27 23:10:56 2023 Player supervisordepaz has left
Thu Apr 27 23:11:04 2023 SaltedCyka (Purple) [Rifle] Harry (Yellow)
Thu Apr 27 23:11:06 2023 You killed MercadoPago with a mine!
Thu Apr 27 23:11:06 2023 Harry (Yellow) [Grenade] MercadoPago (Purple)
Thu Apr 27 23:11:14 2023 Erick :v (Yellow) [Grenade] SaltedCyka (Purple)
Thu Apr 27 23:11:17 2023 supervisordepaz joined Purple team
Thu Apr 27 23:11:19 2023 Duckling (Yellow) [Headshot] SaltedCyka (Purple)
Thu Apr 27 23:11:20 2023 Duckling (Yellow) [Headshot] MercadoPago (Purple)
Thu Apr 27 23:11:22 2023 supervisordepaz (Purple) [Weapon Change]
Thu Apr 27 23:11:30 2023 Duckling (Yellow) [Headshot] MercadoPago (Purple)
Thu Apr 27 23:11:31 2023 SaltedCyka (Purple) [Headshot] Duckling (Yellow)
Thu Apr 27 23:11:32 2023 MerryGold (Yellow) [Grenade]
Thu Apr 27 23:11:39 2023 You have placed a mine! 2 mines available
Thu Apr 27 23:11:48 2023 Harry (Yellow) [Headshot] supervisordepaz (Purple)
Thu Apr 27 23:11:49 2023 Harry (Yellow) [Headshot] SaltedCyka (Purple)
Thu Apr 27 23:12:00 2023 supervisordepaz (Purple) [SMG] Harry (Yellow)
Thu Apr 27 23:12:03 2023 soba joined Purple team
Thu Apr 27 23:12:08 2023 supervisordepaz (Purple) [Headshot] MerryGold (Yellow)
Thu Apr 27 23:12:12 2023 Erick :v (Yellow) [Headshot] supervisordepaz (Purple)
Thu Apr 27 23:12:12 2023 SaltedCyka (Purple) [Rifle] Duckling (Yellow)
Thu Apr 27 23:12:16 2023 Erick :v (Yellow) [Headshot] SaltedCyka (Purple)
Thu Apr 27 23:12:26 2023 Harry (Yellow) [Headshot] SaltedCyka (Purple)
Thu Apr 27 23:12:26 2023 supervisordepaz (Purple) [Headshot] Harry (Yellow)
Thu Apr 27 23:12:29 2023 SaltedCyka (Purple) [Weapon Change]
Thu Apr 27 23:12:43 2023 MercadoPago (Purple) [Grenade] Harry (Yellow)
Thu Apr 27 23:12:50 2023 supervisordepaz (Purple) [Headshot] Duckling (Yellow)
Thu Apr 27 23:12:56 2023 MercadoPago (Purple) [Headshot] MerryGold (Yellow)
Thu Apr 27 23:13:12 2023 MercadoPago (Purple) [Fall]
Thu Apr 27 23:13:21 2023 Duckling (Yellow) [Grenade] SaltedCyka (Purple)
Thu Apr 27 23:13:24 2023 Erick :v (Yellow) [Headshot] supervisordepaz (Purple)
Thu Apr 27 23:13:32 2023 soba (Purple) [Headshot] Duckling (Yellow)
Thu Apr 27 23:13:33 2023 MerryGold (Yellow) [Headshot] soba (Purple)
Thu Apr 27 23:13:35 2023 Harry (Yellow) [Headshot] supervisordepaz (Purple)
Thu Apr 27 23:13:36 2023 Player soba has left
Thu Apr 27 23:13:37 2023 Harry (Yellow) [Rifle] SaltedCyka (Purple)
Thu Apr 27 23:14:35 2023 MerryGold picked up Purple's Intel.
Thu Apr 27 23:14:42 2023 supervisordepaz (Purple) [Headshot] Harry (Yellow)
Thu Apr 27 23:14:47 2023 Erick :v (Yellow) [Melee] SaltedCyka (Purple)
Thu Apr 27 23:14:55 2023 Erick :v (Yellow) [Grenade] supervisordepaz (Purple)
Thu Apr 27 23:14:57 2023 Wessex joined Purple team
Thu Apr 27 23:15:14 2023 MerryGold dropped Purple's Intel
Thu Apr 27 23:15:14 2023 MercadoPago (Purple) [Melee] MerryGold (Yellow)
Thu Apr 27 23:15:16 2023 Harry (Yellow) [Headshot] supervisordepaz (Purple)
Thu Apr 27 23:15:23 2023 Harry (Yellow) [Headshot] Wessex (Purple)
Thu Apr 27 23:15:42 2023 MercadoPago (Purple) [Headshot] Duckling (Yellow)
Thu Apr 27 23:15:46 2023 MerryGold (Yellow) [Headshot] MercadoPago (Purple)
Thu Apr 27 23:16:03 2023 MerryGold picked up Purple's Intel.
Thu Apr 27 23:16:09 2023 supervisordepaz (Purple) [SMG] Duckling (Yellow)
Thu Apr 27 23:16:12 2023 Player Duckling has left
Thu Apr 27 23:16:17 2023 MerryGold dropped Purple's Intel
Thu Apr 27 23:16:17 2023 SaltedCyka (Purple) [Headshot] MerryGold (Yellow)
Thu Apr 27 23:16:20 2023 SaltedCyka (Purple) [Fall]
Thu Apr 27 23:16:24 2023 supervisordepaz (Purple) [Grenade]
Thu Apr 27 23:16:55 2023 MercadoPago (Purple) [Headshot] MerryGold (Yellow)
Thu Apr 27 23:17:02 2023 MercadoPago (Purple) [Rifle] Harry (Yellow)
Thu Apr 27 23:17:19 2023 Player MercadoPago has left
Thu Apr 27 23:17:30 2023 Harry (Yellow) [Fall]
Thu Apr 27 23:17:47 2023 Erick :v (Yellow) [SMG] Wessex (Purple)
Thu Apr 27 23:17:51 2023 Wessex (Purple) [Grenade] Erick :v (Yellow)
Thu Apr 27 23:17:53 2023 [Global] Wessex (Purple): jajajaja
Thu Apr 27 23:18:05 2023 MerryGold picked up Purple's Intel.
Thu Apr 27 23:18:11 2023 MerryGold dropped Purple's Intel
Thu Apr 27 23:18:11 2023 SaltedCyka (Purple) [Headshot] MerryGold (Yellow)
Thu Apr 27 23:18:11 2023 Harry (Yellow) [Headshot] supervisordepaz (Purple)
Thu Apr 27 23:18:25 2023 SaltedCyka (Purple) [Shotgun] MerryGold (Yellow)
Thu Apr 27 23:18:33 2023 SaltedCyka (Purple) [Fall]
Thu Apr 27 23:18:50 2023 Player SaltedCyka has left
Thu Apr 27 23:18:53 2023 supervisordepaz (Purple) [Headshot] Harry (Yellow)
Thu Apr 27 23:19:05 2023 supervisordepaz (Purple) [Grenade]
Thu Apr 27 23:19:12 2023 MerryGold picked up Purple's Intel.
Thu Apr 27 23:19:17 2023 SaltedCyka joined Purple team
Thu Apr 27 23:19:26 2023 [Global] SaltedCyka (Purple): when are servers usually most active
Thu Apr 27 23:19:27 2023 supervisordepaz (Purple) [SMG] Harry (Yellow)
Thu Apr 27 23:19:44 2023 Harry (Yellow) [Headshot] supervisordepaz (Purple)
Thu Apr 27 23:19:48 2023 Harry (Yellow) [Headshot] SaltedCyka (Purple)
Thu Apr 27 23:19:54 2023 MerryGold captured Purple's Intel.
Thu Apr 27 23:20:02 2023 Harry (Yellow) [Headshot] supervisordepaz (Purple)
Thu Apr 27 23:20:07 2023 Harry (Yellow) [Headshot] SaltedCyka (Purple)
Thu Apr 27 23:20:14 2023 supervisordepaz (Purple) [SMG] Harry (Yellow)
Thu Apr 27 23:20:20 2023 supervisordepaz (Purple) [Headshot] MerryGold (Yellow)
Thu Apr 27 23:20:24 2023 Harry (Yellow) [Weapon Change]
Thu Apr 27 23:20:42 2023 supervisordepaz (Purple) [Headshot] Harry (Yellow)
Thu Apr 27 23:20:53 2023 Erick :v (Yellow) [Grenade] SaltedCyka (Purple)
Thu Apr 27 23:21:13 2023 Harry (Yellow) [Headshot] supervisordepaz (Purple)
Thu Apr 27 23:21:25 2023 supervisordepaz (Purple) [Headshot] Harry (Yellow)
Thu Apr 27 23:21:28 2023 supervisordepaz (Purple) [Headshot] MerryGold (Yellow)
Thu Apr 27 23:21:40 2023 supervisordepaz (Purple) [SMG] MerryGold (Yellow)
Thu Apr 27 23:21:47 2023 Wessex (Purple) [Headshot] Erick :v (Yellow)
Thu Apr 27 23:21:48 2023 Harry (Yellow) [Headshot] supervisordepaz (Purple)
Thu Apr 27 23:21:52 2023 Wessex (Purple) [Fall]
Thu Apr 27 23:22:02 2023 Wessex (Purple) [Headshot] Harry (Yellow)
Thu Apr 27 23:22:05 2023 Wessex (Purple) [Headshot] MerryGold (Yellow)
Thu Apr 27 23:22:07 2023  The future is female
Thu Apr 27 23:22:17 2023 BrainFrizz joined Purple team
Thu Apr 27 23:22:32 2023 Harry (Yellow) [Headshot] supervisordepaz (Purple)
Thu Apr 27 23:22:55 2023 supervisordepaz (Purple) [Headshot] Harry (Yellow)
Thu Apr 27 23:22:58 2023 MerryGold (Yellow) [SMG] supervisordepaz (Purple)
Thu Apr 27 23:23:23 2023 supervisordepaz (Purple) [Headshot] Harry (Yellow)
Thu Apr 27 23:23:32 2023 MerryGold (Yellow) [SMG] supervisordepaz (Purple)
Thu Apr 27 23:23:36 2023 Wessex (Purple) [Headshot] Erick :v (Yellow)
Thu Apr 27 23:23:46 2023 Wessex (Purple) [Headshot] Erick :v (Yellow)
Thu Apr 27 23:23:53 2023 Harry (Yellow) [Headshot] supervisordepaz (Purple)
Thu Apr 27 23:24:03 2023 BrainFrizz (Purple) [Fall]
Thu Apr 27 23:24:08 2023 Wessex (Purple) [Headshot] Erick :v (Yellow)
Thu Apr 27 23:24:16 2023 supervisordepaz (Purple) [SMG] Harry (Yellow)
Thu Apr 27 23:24:17 2023 Wessex (Purple) [Grenade] MerryGold (Yellow)
Thu Apr 27 23:24:19 2023 Wessex (Purple) [Headshot] Harry (Yellow)
Thu Apr 27 23:24:19 2023 Wessex (Purple) [Headshot] MerryGold (Yellow)
Thu Apr 27 23:24:43 2023 Harry (Yellow) [Headshot] BrainFrizz (Purple)
Thu Apr 27 23:24:52 2023 Harry (Yellow) [Rifle] supervisordepaz (Purple)
Thu Apr 27 23:25:03 2023 Harry (Yellow) [Headshot] supervisordepaz (Purple)
Thu Apr 27 23:25:03 2023 Player Erick :v has left
Thu Apr 27 23:25:12 2023 supervisordepaz (Purple) [SMG] Harry (Yellow)
Thu Apr 27 23:25:22 2023 supervisordepaz (Purple) [Grenade] MerryGold (Yellow)
Thu Apr 27 23:25:37 2023 supervisordepaz (Purple) [Headshot] Harry (Yellow)
Thu Apr 27 23:25:51 2023 supervisordepaz (Purple) [SMG] MerryGold (Yellow)
Thu Apr 27 23:26:00 2023 Harry (Yellow) [Rifle] supervisordepaz (Purple)
Thu Apr 27 23:26:06 2023 Wessex (Purple) [Headshot] Harry (Yellow)
Thu Apr 27 23:26:22 2023 Player Wessex has left
Thu Apr 27 23:26:33 2023 Harry (Yellow) [Headshot] supervisordepaz (Purple)
Thu Apr 27 23:26:55 2023 supervisordepaz (Purple) [Headshot] Harry (Yellow)
Thu Apr 27 23:27:09 2023 BrainFrizz picked up Yellow's Intel.
Thu Apr 27 23:27:10 2023 BrainFrizz (Purple) [Headshot] Harry (Yellow)
Thu Apr 27 23:27:24 2023 Harry (Yellow) [Rifle] supervisordepaz (Purple)
Thu Apr 27 23:27:38 2023 Harry (Yellow) [Headshot] SaltedCyka (Purple)
Thu Apr 27 23:27:46 2023 supervisordepaz (Purple) [Headshot] Harry (Yellow)
Thu Apr 27 23:28:00 2023 BrainFrizz captured Yellow's Intel.
Thu Apr 27 23:28:04 2023 Harry (Yellow) [Headshot] SaltedCyka (Purple)
Thu Apr 27 23:28:10 2023 Harry (Yellow) [Rifle] supervisordepaz (Purple)
Thu Apr 27 23:28:13 2023 MerryGold (Yellow) [Fall]
Thu Apr 27 23:28:28 2023 Harry (Yellow) [Headshot] supervisordepaz (Purple)
Thu Apr 27 23:28:41 2023 Harry (Yellow) [Headshot] supervisordepaz (Purple)
Thu Apr 27 23:28:47 2023 donny0 joined Yellow team
Thu Apr 27 23:28:54 2023 SaltedCyka (Purple) [Fall]
Thu Apr 27 23:28:55 2023 Player SaltedCyka has left
Thu Apr 27 23:29:01 2023 supervisordepaz (Purple) [Headshot] Harry (Yellow)
Thu Apr 27 23:29:06 2023 TITTYWOO joined Purple team
Thu Apr 27 23:29:11 2023 supervisordepaz (Purple) [Headshot] donny0 (Yellow)
Thu Apr 27 23:29:19 2023 Harry (Yellow) [Rifle] supervisordepaz (Purple)
Thu Apr 27 23:29:33 2023 Harry (Yellow) [Headshot] supervisordepaz (Purple)
Thu Apr 27 23:29:34 2023 BrainFrizz (Purple) [Fall]
Thu Apr 27 23:29:34 2023 eryeryer joined Purple team
Thu Apr 27 23:29:36 2023 You killed TITTYWOO with a mine!
Thu Apr 27 23:29:36 2023 Harry (Yellow) [Grenade] TITTYWOO (Purple)
Thu Apr 27 23:29:42 2023 Harry (Yellow) [Headshot] BrainFrizz (Purple)
Thu Apr 27 23:29:47 2023 supervisordepaz (Purple) [Rifle] Harry (Yellow)
Thu Apr 27 23:29:54 2023 supervisordepaz (Purple) [Headshot] donny0 (Yellow)
Thu Apr 27 23:30:09 2023 supervisordepaz (Purple) [Headshot] Harry (Yellow)
Thu Apr 27 23:30:43 2023 MerryGold picked up Purple's Intel.
Thu Apr 27 23:30:55 2023 donny0 (Yellow) [Headshot] eryeryer (Purple)
Thu Apr 27 23:31:03 2023 supervisordepaz (Purple) [Headshot] Harry (Yellow)
Thu Apr 27 23:31:17 2023 donny0 (Yellow) [Headshot] supervisordepaz (Purple)
Thu Apr 27 23:31:19 2023 donny0 (Yellow) [Headshot] eryeryer (Purple)
Thu Apr 27 23:31:19 2023 MerryGold (Yellow) [Headshot] supervisordepaz (Purple)
Thu Apr 27 23:31:21 2023 MerryGold (Yellow) [Headshot] BrainFrizz (Purple)
Thu Apr 27 23:31:25 2023 MerryGold dropped Purple's Intel
Thu Apr 27 23:31:25 2023 MerryGold (Yellow) [Grenade]
Thu Apr 27 23:31:46 2023 donny0 (Yellow) [Headshot] supervisordepaz (Purple)
Thu Apr 27 23:31:53 2023 donny0 (Yellow) [Headshot] BrainFrizz (Purple)
Thu Apr 27 23:31:54 2023 eryeryer (Purple) [Headshot] donny0 (Yellow)
Thu Apr 27 23:31:56 2023 Player BrainFrizz has left
Thu Apr 27 23:32:03 2023 supervisordepaz (Purple) [Headshot] Harry (Yellow)
Thu Apr 27 23:32:13 2023 eryeryer (Purple) [Headshot] Harry (Yellow)
Thu Apr 27 23:32:17 2023 donny0 (Yellow) [Headshot] TITTYWOO (Purple)
Thu Apr 27 23:32:23 2023 You killed MerryGold with a mine!
Thu Apr 27 23:32:23 2023 MerryGold (Yellow) [Grenade]
Thu Apr 27 23:32:26 2023 eryeryer (Purple) [Headshot] Harry (Yellow)
Thu Apr 27 23:32:33 2023 Harry (Yellow) [Headshot] eryeryer (Purple)
Thu Apr 27 23:32:49 2023 Harry (Yellow) [Headshot] supervisordepaz (Purple)
Thu Apr 27 23:33:06 2023 eryeryer (Purple) [Headshot] Harry (Yellow)
Thu Apr 27 23:33:20 2023 MerryGold (Yellow) [SMG] TITTYWOO (Purple)
Thu Apr 27 23:33:20 2023 eryeryer (Purple) [Headshot] MerryGold (Yellow)
Thu Apr 27 23:33:22 2023 donny0 (Yellow) [Headshot] eryeryer (Purple)
Thu Apr 27 23:33:37 2023 Harry (Yellow) [Headshot] supervisordepaz (Purple)
Thu Apr 27 23:33:50 2023 Harry (Yellow) [Grenade] TITTYWOO (Purple)
Thu Apr 27 23:33:53 2023 eryeryer (Purple) [Headshot] Harry (Yellow)
Thu Apr 27 23:34:09 2023 donny0 (Yellow) [Fall]
Thu Apr 27 23:34:20 2023 Harry (Yellow) [Headshot] eryeryer (Purple)
Thu Apr 27 23:34:23 2023 supervisordepaz (Purple) [Headshot] Harry (Yellow)
Thu Apr 27 23:34:49 2023 Harry (Yellow) [Headshot] supervisordepaz (Purple)
Thu Apr 27 23:34:54 2023 Harry (Yellow) [Headshot] TITTYWOO (Purple)
Thu Apr 27 23:34:56 2023 Harry (Yellow) [Headshot] eryeryer (Purple)
Thu Apr 27 23:35:03 2023 Harry (Yellow) [Headshot] supervisordepaz (Purple)
Thu Apr 27 23:35:06 2023 Harry (Yellow) [Headshot] eryeryer (Purple)
Thu Apr 27 23:35:12 2023 supervisordepaz (Purple) [Headshot] Harry (Yellow)
Thu Apr 27 23:35:13 2023 supervisordepaz (Purple) [Headshot] donny0 (Yellow)
Thu Apr 27 23:35:36 2023 supervisordepaz (Purple) [Headshot] Harry (Yellow)
Thu Apr 27 23:35:49 2023 donny0 (Yellow) [Grenade] supervisordepaz (Purple)
Thu Apr 27 23:35:49 2023 donny0 (Yellow) [Grenade] TITTYWOO (Purple)
Thu Apr 27 23:35:57 2023 eryeryer (Purple) [Headshot] Harry (Yellow)
Thu Apr 27 23:36:07 2023 donny0 (Yellow) [Headshot] supervisordepaz (Purple)
Thu Apr 27 23:36:10 2023 TITTYWOO (Purple) [Grenade] donny0 (Yellow)
Thu Apr 27 23:36:30 2023 eryeryer (Purple) [Grenade]
Thu Apr 27 23:37:04 2023 supervisordepaz (Purple) [Headshot] Harry (Yellow)
Thu Apr 27 23:37:08 2023 donny0 (Yellow) [Headshot] TITTYWOO (Purple)
Thu Apr 27 23:37:13 2023 donny0 (Yellow) [Headshot] eryeryer (Purple)
Thu Apr 27 23:37:14 2023 donny0 (Yellow) [Headshot] supervisordepaz (Purple)
Thu Apr 27 23:37:33 2023 TITTYWOO (Purple) [Headshot] donny0 (Yellow)
Thu Apr 27 23:37:35 2023 Harry (Yellow) [Grenade] eryeryer (Purple)
Thu Apr 27 23:37:40 2023 MerryGold (Yellow) [Melee] supervisordepaz (Purple)
Thu Apr 27 23:37:46 2023 supervisordepaz (Purple) [Headshot] Harry (Yellow)
Thu Apr 27 23:37:56 2023 supervisordepaz (Purple) [Headshot] MerryGold (Yellow)
Thu Apr 27 23:38:11 2023 supervisordepaz (Purple) [Headshot] Harry (Yellow)
Thu Apr 27 23:38:13 2023 donny0 (Yellow) [Rifle] TITTYWOO (Purple)
Thu Apr 27 23:38:32 2023 eryeryer (Purple) [Melee] donny0 (Yellow)
Thu Apr 27 23:38:32 2023 Harry (Yellow) [Headshot] supervisordepaz (Purple)
Thu Apr 27 23:38:51 2023 Pionel Pessi  joined Purple team
Thu Apr 27 23:38:55 2023 Harry (Yellow) [Grenade] supervisordepaz (Purple)
Thu Apr 27 23:39:02 2023 TITTYWOO (Purple) [SMG] Harry (Yellow)
Thu Apr 27 23:39:11 2023 You killed Pionel Pessi  with a mine!
Thu Apr 27 23:39:11 2023 Harry (Yellow) [Grenade] Pionel Pessi  (Purple)
Thu Apr 27 23:39:24 2023 Harry (Yellow) [Headshot] supervisordepaz (Purple)
Thu Apr 27 23:39:25 2023 Harry (Yellow) [Headshot] TITTYWOO (Purple)
Thu Apr 27 23:39:29 2023 Harry (Yellow) [Headshot] eryeryer (Purple)
Thu Apr 27 23:39:36 2023 Harry (Yellow) [Headshot] TITTYWOO (Purple)
Thu Apr 27 23:39:37 2023 Harry (Yellow) [Headshot] supervisordepaz (Purple)
Thu Apr 27 23:39:47 2023 supervisordepaz (Purple) [Headshot] Harry (Yellow)
Thu Apr 27 23:39:50 2023 supervisordepaz (Purple) [Headshot] donny0 (Yellow)
Thu Apr 27 23:40:07 2023 Player Pionel Pessi  has left
Thu Apr 27 23:40:13 2023 supervisordepaz (Purple) [Rifle] Harry (Yellow)
Thu Apr 27 23:40:49 2023 donny0 (Yellow) [Headshot] eryeryer (Purple)
Thu Apr 27 23:40:52 2023 donny0 (Yellow) [Headshot] supervisordepaz (Purple)
Thu Apr 27 23:40:54 2023 TITTYWOO (Purple) [SMG] donny0 (Yellow)
Thu Apr 27 23:41:05 2023 Player donny0 has left
Thu Apr 27 23:41:14 2023 supervisordepaz (Purple) [Headshot] Harry (Yellow)
Thu Apr 27 23:41:16 2023 TITTYWOO (Purple) [SMG] MerryGold (Yellow)
Thu Apr 27 23:41:29 2023 Harry (Yellow) [Headshot] TITTYWOO (Purple)
Thu Apr 27 23:41:33 2023 Harry (Yellow) [Headshot] eryeryer (Purple)
Thu Apr 27 23:41:46 2023 donny0 joined Yellow team
Thu Apr 27 23:41:48 2023 supervisordepaz (Purple) [Headshot] Harry (Yellow)
Thu Apr 27 23:41:50 2023 donny0 (Yellow) [Weapon Change]
Thu Apr 27 23:41:52 2023 MerryGold (Yellow) [Headshot] supervisordepaz (Purple)
Thu Apr 27 23:41:56 2023 eryeryer (Purple) [Headshot] MerryGold (Yellow)
Thu Apr 27 23:42:00 2023 donny0 (Yellow) [Fall]
Thu Apr 27 23:42:09 2023 Harry (Yellow) [Headshot] supervisordepaz (Purple)
Thu Apr 27 23:42:22 2023 eryeryer (Purple) [Headshot] Harry (Yellow)
Thu Apr 27 23:42:31 2023 donny0 (Yellow) [Headshot] TITTYWOO (Purple)
Thu Apr 27 23:42:33 2023 donny0 (Yellow) [Headshot] supervisordepaz (Purple)
Thu Apr 27 23:42:33 2023 eryeryer (Purple) [Headshot] donny0 (Yellow)
Thu Apr 27 23:42:42 2023 supervisordepaz (Purple) [Weapon Change]
Thu Apr 27 23:42:49 2023 MerryGold (Yellow) [SMG] eryeryer (Purple)
Thu Apr 27 23:42:52 2023 TITTYWOO (Purple) [SMG] MerryGold (Yellow)
Thu Apr 27 23:43:03 2023 TITTYWOO (Purple) [Headshot] Harry (Yellow)
Thu Apr 27 23:43:18 2023 eryeryer (Purple) [Headshot] MerryGold (Yellow)
Thu Apr 27 23:43:22 2023 eryeryer (Purple) [Headshot] Harry (Yellow)
Thu Apr 27 23:43:55 2023 Harry (Yellow) [Headshot] supervisordepaz (Purple)
Thu Apr 27 23:44:06 2023 Harry (Yellow) [Grenade] TITTYWOO (Purple)
Thu Apr 27 23:44:13 2023 You have placed a mine! 2 mines available
Thu Apr 27 23:44:13 2023 A mine already exists there!
Thu Apr 27 23:44:13 2023 A mine already exists there!
Thu Apr 27 23:44:13 2023 supervisordepaz (Purple) [Headshot] Harry (Yellow)
Thu Apr 27 23:44:18 2023 supervisordepaz (Purple) destroyed your mine!
Thu Apr 27 23:44:31 2023 supervisordepaz (Purple) [Headshot] MerryGold (Yellow)
Thu Apr 27 23:44:35 2023 KomradeAtreyu joined Yellow team
Thu Apr 27 23:44:57 2023 [Team] KomradeAtreyu (Yellow): 1 :                                                    type /squad 1 to join!
Thu Apr 27 23:45:06 2023 Unassigned: Harry, MerryGold, donny0
Thu Apr 27 23:45:08 2023 You are now in squad 1.
Thu Apr 27 23:45:08 2023 Squad 1: KomradeAtreyu
Thu Apr 27 23:45:10 2023 To join squads: /squad <squad name>. /squad none to spawn normally.
Thu Apr 27 23:45:11 2023 Squadmate MerryGold was killed by supervisordepaz
Thu Apr 27 23:45:11 2023 supervisordepaz (Purple) [SMG] MerryGold (Yellow)
Thu Apr 27 23:45:13 2023 Harry (Yellow) [Headshot] TITTYWOO (Purple)
Thu Apr 27 23:45:16 2023 Harry (Yellow) [Headshot] supervisordepaz (Purple)
Thu Apr 27 23:45:28 2023 You have placed a mine! 2 mines available
Thu Apr 27 23:45:29 2023 KomradeAtreyu (Yellow) [Headshot] supervisordepaz (Purple)
Thu Apr 27 23:45:32 2023 You have placed a mine! 1 mines available
Thu Apr 27 23:45:33 2023 You have placed a mine! 0 mines available
Thu Apr 27 23:45:34 2023 KomradeAtreyu (Yellow) [Headshot] supervisordepaz (Purple)
Thu Apr 27 23:45:35 2023 You don't have any mines! Go to the tent to refill.
Thu Apr 27 23:45:36 2023 You don't have any mines! Go to the tent to refill.
Thu Apr 27 23:45:44 2023 Squadmate KomradeAtreyu was killed by supervisordepaz
Thu Apr 27 23:45:44 2023 supervisordepaz (Purple) [SMG] KomradeAtreyu (Yellow)
Thu Apr 27 23:45:46 2023 Harry (Yellow) [Headshot] TITTYWOO (Purple)
Thu Apr 27 23:45:49 2023 KomradeAtreyu (Yellow) [Headshot] supervisordepaz (Purple)
Thu Apr 27 23:45:54 2023 Harry (Yellow) [Headshot] supervisordepaz (Purple)
Thu Apr 27 23:45:56 2023 dj baby benz killed you with a mine!
Thu Apr 27 23:45:56 2023 Harry (Yellow) [Grenade]
Thu Apr 27 23:46:05 2023 You are in squad 1 with MerryGold (82 hp) and KomradeAtreyu (100 hp).
Thu Apr 27 23:46:06 2023 Squadmate KomradeAtreyu was killed by TITTYWOO
Thu Apr 27 23:46:06 2023 TITTYWOO (Purple) [Headshot] KomradeAtreyu (Yellow)
Thu Apr 27 23:46:07 2023 Harry (Yellow) [Headshot] TITTYWOO (Purple)
Thu Apr 27 23:46:10 2023 [Team] KomradeAtreyu (Yellow): 1 :                                                     type /squad 1 to join!
Thu Apr 27 23:46:11 2023 Harry (Yellow) [Headshot] supervisordepaz (Purple)
Thu Apr 27 23:46:14 2023 [Team] KomradeAtreyu (Yellow): 1 : dont die
Thu Apr 27 23:46:18 2023 [Team] KomradeAtreyu (Yellow): 1 : stay hidden lol
Thu Apr 27 23:46:21 2023 DerikNK killed you with a mine!
Thu Apr 27 23:46:21 2023 Harry (Yellow) [Grenade]
Thu Apr 27 23:46:25 2023 You are in squad 1 with MerryGold (82 hp) and KomradeAtreyu (DEAD).
Thu Apr 27 23:46:26 2023 supervisordepaz (Purple) [SMG] Harry (Yellow)
Thu Apr 27 23:46:28 2023 supervisordepaz (Purple) [Headshot] donny0 (Yellow)
Thu Apr 27 23:46:31 2023 Squadmate KomradeAtreyu was killed by eryeryer
Thu Apr 27 23:46:31 2023 eryeryer (Purple) [Headshot] KomradeAtreyu (Yellow)
Thu Apr 27 23:46:32 2023 Squadmate MerryGold was killed by eryeryer
Thu Apr 27 23:46:32 2023 eryeryer (Purple) [Headshot] MerryGold (Yellow)
Thu Apr 27 23:46:37 2023 [Team] KomradeAtreyu (Yellow): 1 : behind us
Thu Apr 27 23:46:45 2023 You are in squad 1 with MerryGold (100 hp) and KomradeAtreyu (DEAD).
Thu Apr 27 23:46:46 2023 You killed supervisordepaz with a mine!
Thu Apr 27 23:46:46 2023 Harry (Yellow) [Grenade] supervisordepaz (Purple)
Thu Apr 27 23:47:00 2023 eryeryer (Purple) [Headshot] Harry (Yellow)
Thu Apr 27 23:47:05 2023 You are in squad 1 with MerryGold (100 hp) and KomradeAtreyu (100 hp).
Thu Apr 27 23:47:07 2023  Submit to women
Thu Apr 27 23:47:14 2023 khoislayer joined Purple team
Thu Apr 27 23:47:14 2023 Squadmate MerryGold was killed by supervisordepaz
Thu Apr 27 23:47:14 2023 supervisordepaz (Purple) [Headshot] MerryGold (Yellow)
Thu Apr 27 23:47:14 2023 Harry (Yellow) [Headshot] TITTYWOO (Purple)
Thu Apr 27 23:47:17 2023 supervisordepaz (Purple) [Headshot] Harry (Yellow)
Thu Apr 27 23:47:19 2023 KomradeAtreyu (Yellow) [Headshot] eryeryer (Purple)
Thu Apr 27 23:47:23 2023 donny0 (Yellow) [Grenade]
Thu Apr 27 23:47:23 2023 Squadmate KomradeAtreyu was killed by supervisordepaz
Thu Apr 27 23:47:23 2023 supervisordepaz (Purple) [Headshot] KomradeAtreyu (Yellow)
Thu Apr 27 23:47:25 2023 You are in squad 1 with MerryGold (100 hp) and KomradeAtreyu (DEAD).
Thu Apr 27 23:47:40 2023 Harry (Yellow) [Headshot] khoislayer (Purple)
Thu Apr 27 23:47:44 2023 KomradeAtreyu (Yellow) [Headshot] eryeryer (Purple)
Thu Apr 27 23:47:48 2023 supervisordepaz (Purple) [SMG] Harry (Yellow)
Thu Apr 27 23:47:54 2023 Squadmate MerryGold was killed by supervisordepaz
Thu Apr 27 23:47:54 2023 supervisordepaz (Purple) [Headshot] MerryGold (Yellow)
Thu Apr 27 23:48:05 2023 You are in squad 1 with MerryGold (DEAD) and KomradeAtreyu (100 hp).
Thu Apr 27 23:48:06 2023 supervisordepaz (Purple) [SMG] Harry (Yellow)
Thu Apr 27 23:48:06 2023 Squadmate MerryGold was killed by supervisordepaz
Thu Apr 27 23:48:06 2023 supervisordepaz (Purple) [Headshot] MerryGold (Yellow)
Thu Apr 27 23:48:07 2023 KomradeAtreyu (Yellow) [Headshot] supervisordepaz (Purple)
Thu Apr 27 23:48:10 2023 KomradeAtreyu (Yellow) [Headshot] khoislayer (Purple)
Thu Apr 27 23:48:22 2023 donny0 (Yellow) [Grenade]
Thu Apr 27 23:48:23 2023 KomradeAtreyu (Yellow) [Headshot] TITTYWOO (Purple)
Thu Apr 27 23:48:25 2023 You are in squad 1 with MerryGold (DEAD) and KomradeAtreyu (100 hp).
Thu Apr 27 23:48:28 2023 KomradeAtreyu (Yellow) [Headshot] eryeryer (Purple)
Thu Apr 27 23:48:32 2023 Harry (Yellow) [Headshot] supervisordepaz (Purple)
Thu Apr 27 23:48:43 2023 You have placed a mine! 2 mines available
Thu Apr 27 23:48:47 2023 MerryGold (Yellow) [SMG] eryeryer (Purple)
Thu Apr 27 23:48:49 2023 Squadmate MerryGold was killed by supervisordepaz
Thu Apr 27 23:48:49 2023 supervisordepaz (Purple) [SMG] MerryGold (Yellow)
Thu Apr 27 23:48:51 2023 You have placed a mine! 1 mines available
Thu Apr 27 23:48:58 2023 You have placed a mine! 0 mines available
Thu Apr 27 23:49:00 2023 Squadmate KomradeAtreyu was killed by supervisordepaz
Thu Apr 27 23:49:01 2023 supervisordepaz (Purple) [Headshot] KomradeAtreyu (Yellow)
Thu Apr 27 23:49:06 2023 Harry (Yellow) [Headshot] supervisordepaz (Purple)
Thu Apr 27 23:49:07 2023 eryeryer (Purple) [Rifle] Harry (Yellow)
Thu Apr 27 23:49:09 2023 Squadmate MerryGold was killed by eryeryer
Thu Apr 27 23:49:09 2023 eryeryer (Purple) [Headshot] MerryGold (Yellow)
Thu Apr 27 23:49:09 2023 Squadmate KomradeAtreyu was killed by khoislayer
Thu Apr 27 23:49:09 2023 khoislayer (Purple) [Grenade] KomradeAtreyu (Yellow)
Thu Apr 27 23:49:20 2023 You killed khoislayer with a mine!
Thu Apr 27 23:49:20 2023 Harry (Yellow) [Grenade] khoislayer (Purple)
Thu Apr 27 23:49:25 2023 You are in squad 1 with MerryGold (DEAD) and KomradeAtreyu (100 hp).
Thu Apr 27 23:49:39 2023 You killed TITTYWOO with a mine!
Thu Apr 27 23:49:39 2023 Harry (Yellow) [Grenade] TITTYWOO (Purple)
Thu Apr 27 23:49:44 2023 KomradeAtreyu (Yellow) [Grenade] supervisordepaz (Purple)
Thu Apr 27 23:50:08 2023 [Team] KomradeAtreyu (Yellow): 1 :                                                    type /squad 1 to join!
Thu Apr 27 23:50:11 2023 Harry (Yellow) [Headshot] TITTYWOO (Purple)
Thu Apr 27 23:50:16 2023 Harry (Yellow) [Headshot] khoislayer (Purple)
Thu Apr 27 23:50:20 2023 Harry (Yellow) [Headshot] supervisordepaz (Purple)
Thu Apr 27 23:50:28 2023 You have placed a mine! 2 mines available
Thu Apr 27 23:50:30 2023 KomradeAtreyu (Yellow) [Rifle] khoislayer (Purple)
Thu Apr 27 23:50:31 2023 You have placed a mine! 1 mines available
Thu Apr 27 23:50:32 2023 You have placed a mine! 0 mines available
Thu Apr 27 23:50:34 2023 KomradeAtreyu (Yellow) [Headshot] supervisordepaz (Purple)
Thu Apr 27 23:50:35 2023 You don't have any mines! Go to the tent to refill.
Thu Apr 27 23:50:44 2023 supervisordepaz (Purple) [Headshot] donny0 (Yellow)
Thu Apr 27 23:50:47 2023 Harry (Yellow) [SMG] khoislayer (Purple)
Thu Apr 27 23:50:50 2023 Player khoislayer has left
Thu Apr 27 23:50:51 2023 Squadmate KomradeAtreyu was killed by eryeryer
Thu Apr 27 23:50:51 2023 eryeryer (Purple) [Headshot] KomradeAtreyu (Yellow)
Thu Apr 27 23:50:52 2023 eryeryer (Purple) [Headshot] Harry (Yellow)
Thu Apr 27 23:50:53 2023 donny0 (Yellow) [Weapon Change]
Thu Apr 27 23:50:55 2023 [Team] KomradeAtreyu (Yellow): 1 : behind us
Thu Apr 27 23:51:00 2023 [Team] KomradeAtreyu (Yellow): 1 : on platform
Thu Apr 27 23:51:05 2023 You are in squad 1 with MerryGold (100 hp) and KomradeAtreyu (DEAD).
Thu Apr 27 23:51:18 2023 khoislayer joined Purple team
Thu Apr 27 23:51:27 2023 Harry (Yellow) [Headshot] TITTYWOO (Purple)
Thu Apr 27 23:51:29 2023 Squadmate KomradeAtreyu was killed by supervisordepaz
Thu Apr 27 23:51:29 2023 supervisordepaz (Purple) [SMG] KomradeAtreyu (Yellow)
Thu Apr 27 23:51:33 2023 supervisordepaz (Purple) destroyed your mine!
Thu Apr 27 23:51:33 2023 You killed supervisordepaz with a mine!
Thu Apr 27 23:51:33 2023 Harry (Yellow) [Grenade] supervisordepaz (Purple)
Thu Apr 27 23:51:41 2023 supervisordepaz (Purple) [Grenade] donny0 (Yellow)
Thu Apr 27 23:51:46 2023 Harry (Yellow) [Headshot] TITTYWOO (Purple)
Thu Apr 27 23:51:47 2023 eryeryer (Purple) [Headshot] Harry (Yellow)
Thu Apr 27 23:51:49 2023 Squadmate MerryGold was killed by khoislayer
Thu Apr 27 23:51:49 2023 khoislayer (Purple) [Headshot] MerryGold (Yellow)
Thu Apr 27 23:51:51 2023 KomradeAtreyu (Yellow) [Headshot] khoislayer (Purple)
Thu Apr 27 23:52:04 2023 [Global] TITTYWOO (Purple): nigga got auto head on
Thu Apr 27 23:52:05 2023 You are in squad 1 with MerryGold (100 hp) and KomradeAtreyu (6 hp).
Thu Apr 27 23:52:09 2023 KomradeAtreyu (Yellow) [Rifle] supervisordepaz (Purple)
Thu Apr 27 23:52:15 2023 Harry (Yellow) [Headshot] eryeryer (Purple)
Thu Apr 27 23:52:22 2023 Harry (Yellow) [Headshot] khoislayer (Purple)
Thu Apr 27 23:52:23 2023 You killed TITTYWOO with a mine!
Thu Apr 27 23:52:23 2023 Harry (Yellow) [Grenade] TITTYWOO (Purple)
Thu Apr 27 23:52:36 2023 eryeryer (Purple) [Headshot] Harry (Yellow)
Thu Apr 27 23:52:39 2023 MerryGold (Yellow) [SMG] eryeryer (Purple)
Thu Apr 27 23:52:45 2023 You are in squad 1 with MerryGold (82 hp) and KomradeAtreyu (6 hp).
Thu Apr 27 23:52:47 2023 supervisordepaz (Purple) [SMG] Harry (Yellow)
Thu Apr 27 23:52:48 2023 Squadmate KomradeAtreyu was killed by supervisordepaz
Thu Apr 27 23:52:48 2023 supervisordepaz (Purple) [Headshot] KomradeAtreyu (Yellow)
Thu Apr 27 23:52:48 2023 Squadmate MerryGold was killed by TITTYWOO
Thu Apr 27 23:52:48 2023 TITTYWOO (Purple) [SMG] MerryGold (Yellow)
Thu Apr 27 23:52:51 2023 khoislayer (Purple) [Grenade]
Thu Apr 27 23:52:55 2023 KomradeAtreyu (Yellow) [Grenade] supervisordepaz (Purple)
Thu Apr 27 23:53:01 2023 TITTYWOO (Purple) [SMG] donny0 (Yellow)
Thu Apr 27 23:53:02 2023 RIDER joined Purple team
Thu Apr 27 23:53:05 2023 You are in squad 1 with MerryGold (100 hp) and KomradeAtreyu (100 hp).
Thu Apr 27 23:53:10 2023 Squadmate MerryGold suicided
Thu Apr 27 23:53:10 2023 MerryGold (Yellow) [Weapon Change]
Thu Apr 27 23:53:12 2023 Harry (Yellow) [SMG] TITTYWOO (Purple)
Thu Apr 27 23:53:24 2023 KomradeAtreyu (Yellow) [Headshot] khoislayer (Purple)
Thu Apr 27 23:53:25 2023 [Global] TITTYWOO (Purple): yeah turned that off
Thu Apr 27 23:53:30 2023 Squadmate MerryGold was killed by supervisordepaz
Thu Apr 27 23:53:30 2023 supervisordepaz (Purple) [SMG] MerryGold (Yellow)
Thu Apr 27 23:53:31 2023 KomradeAtreyu (Yellow) [Rifle] supervisordepaz (Purple)
Thu Apr 27 23:53:31 2023 donny0 (Yellow) [Headshot] eryeryer (Purple)
Thu Apr 27 23:53:34 2023 Player khoislayer has left
Thu Apr 27 23:53:52 2023 donny0 (Yellow) [Headshot] RIDER (Purple)
Thu Apr 27 23:53:52 2023 Harry (Yellow) [SMG] TITTYWOO (Purple)
Thu Apr 27 23:53:57 2023 donny0 (Yellow) [Headshot] supervisordepaz (Purple)
Thu Apr 27 23:54:02 2023 donny0 (Yellow) [Headshot] eryeryer (Purple)
Thu Apr 27 23:54:10 2023 donny0 (Yellow) [Headshot] RIDER (Purple)
Thu Apr 27 23:54:16 2023 donny0 (Yellow) [Headshot] TITTYWOO (Purple)
Thu Apr 27 23:54:22 2023 Squadmate MerryGold was killed by supervisordepaz
Thu Apr 27 23:54:22 2023 supervisordepaz (Purple) [Headshot] MerryGold (Yellow)
Thu Apr 27 23:54:24 2023 KomradeAtreyu (Yellow) [Headshot] TITTYWOO (Purple)
Thu Apr 27 23:54:28 2023 supervisordepaz (Purple) [Grenade] donny0 (Yellow)
Thu Apr 27 23:54:31 2023 Squadmate MerryGold was killed by supervisordepaz
Thu Apr 27 23:54:31 2023 supervisordepaz (Purple) [Grenade] MerryGold (Yellow)
Thu Apr 27 23:54:33 2023 donny0 (Yellow) [Weapon Change]
Thu Apr 27 23:54:35 2023 Squadmate KomradeAtreyu was killed by supervisordepaz
Thu Apr 27 23:54:35 2023 supervisordepaz (Purple) [Headshot] KomradeAtreyu (Yellow)
Thu Apr 27 23:54:36 2023 Harry (Yellow) [Headshot] supervisordepaz (Purple)
Thu Apr 27 23:54:44 2023 You killed eryeryer with a mine!
Thu Apr 27 23:54:44 2023 Harry (Yellow) [Grenade] eryeryer (Purple)
Thu Apr 27 23:54:44 2023 [Team] KomradeAtreyu (Yellow): 1 : behind
Thu Apr 27 23:54:47 2023 You have placed a mine! 2 mines available
Thu Apr 27 23:54:47 2023 Squadmate MerryGold was killed by supervisordepaz
Thu Apr 27 23:54:47 2023 supervisordepaz (Purple) [Headshot] MerryGold (Yellow)
Thu Apr 27 23:54:48 2023 You have placed a mine! 1 mines available
Thu Apr 27 23:55:02 2023 supervisordepaz (Purple) [Headshot] Harry (Yellow)
Thu Apr 27 23:55:05 2023 You are in squad 1 with MerryGold (DEAD) and KomradeAtreyu (53 hp).
Thu Apr 27 23:55:07 2023 KomradeAtreyu (Yellow) [Grenade] TITTYWOO (Purple)
Thu Apr 27 23:55:08 2023 Squadmate KomradeAtreyu was killed by supervisordepaz
Thu Apr 27 23:55:08 2023 supervisordepaz (Purple) [SMG] KomradeAtreyu (Yellow)
Thu Apr 27 23:55:12 2023 MerryGold (Yellow) [SMG] supervisordepaz (Purple)
Thu Apr 27 23:55:14 2023 Squadmate MerryGold was killed by RIDER
Thu Apr 27 23:55:14 2023 RIDER (Purple) [Shotgun] MerryGold (Yellow)
Thu Apr 27 23:55:14 2023 Harry (Yellow) [SMG] RIDER (Purple)
Thu Apr 27 23:55:23 2023 Harry (Yellow) [Headshot] RIDER (Purple)
Thu Apr 27 23:55:23 2023 supervisordepaz (Purple) [SMG] Harry (Yellow)
Thu Apr 27 23:55:25 2023 You are in squad 1 with MerryGold (DEAD) and KomradeAtreyu (DEAD).
Thu Apr 27 23:55:32 2023 donny0 (Yellow) [Shotgun] supervisordepaz (Purple)
Thu Apr 27 23:55:34 2023 donny0 (Yellow) [Headshot] TITTYWOO (Purple)
Thu Apr 27 23:55:41 2023 donny0 (Yellow) [Shotgun] RIDER (Purple)
Thu Apr 27 23:55:46 2023 supervisordepaz (Purple) [SMG] donny0 (Yellow)
Thu Apr 27 23:55:55 2023 Squadmate KomradeAtreyu was killed by supervisordepaz
Thu Apr 27 23:55:55 2023 supervisordepaz (Purple) [Headshot] KomradeAtreyu (Yellow)
Thu Apr 27 23:55:55 2023 Harry (Yellow) [SMG] supervisordepaz (Purple)
Thu Apr 27 23:56:00 2023 Harry (Yellow) [Headshot] TITTYWOO (Purple)
Thu Apr 27 23:56:08 2023 KomradeAtreyu (Yellow) [Headshot] supervisordepaz (Purple)
Thu Apr 27 23:56:10 2023 donny0 (Yellow) [Headshot] eryeryer (Purple)
Thu Apr 27 23:56:18 2023 Squadmate MerryGold was killed by RIDER
Thu Apr 27 23:56:18 2023 RIDER (Purple) [Grenade] MerryGold (Yellow)
Thu Apr 27 23:56:29 2023 donny0 (Yellow) [Headshot] RIDER (Purple)
Thu Apr 27 23:56:30 2023 Harry (Yellow) [Headshot] eryeryer (Purple)
Thu Apr 27 23:56:32 2023 donny0 (Yellow) [Headshot] TITTYWOO (Purple)
Thu Apr 27 23:56:41 2023 donny0 (Yellow) [Headshot] supervisordepaz (Purple)
Thu Apr 27 23:56:45 2023 donny0 (Yellow) [Headshot] TITTYWOO (Purple)
Thu Apr 27 23:56:48 2023 donny0 (Yellow) [Headshot] RIDER (Purple)
Thu Apr 27 23:56:58 2023 Squadmate KomradeAtreyu was killed by supervisordepaz
Thu Apr 27 23:56:58 2023 supervisordepaz (Purple) [Headshot] KomradeAtreyu (Yellow)
Thu Apr 27 23:56:59 2023 supervisordepaz (Purple) [Headshot] Harry (Yellow)
Thu Apr 27 23:57:05 2023 You are in squad 1 with MerryGold (100 hp) and KomradeAtreyu (100 hp).
Thu Apr 27 23:57:05 2023 donny0 (Yellow) [Headshot] eryeryer (Purple)
