Thu Jun 22 15:24:47 2023 ------ World Loaded ------
Thu Jun 22 15:24:47 2023 renngoku (Hobbits) [SMG] sup_10 (Trolls)
Thu Jun 22 15:24:47 2023 renngoku (Hobbits) [Headshot] sup_10 (Trolls)
Thu Jun 22 15:24:47 2023 WELCOME TO COUNTER-STRIKE SOPA SERVER!
Thu Jun 22 15:24:49 2023 FEELS FREE TO PLAY AND BE A TROLL !
Thu Jun 22 15:24:51 2023 BRHUS !, i lobes YOURE`s !
Thu Jun 22 15:24:53 2023 MAP's modified by ME, the KING of TROLL`S
Thu Jun 22 15:24:54 2023 renngoku (Hobbits) [Headshot] sup_10 (Trolls)
Thu Jun 22 15:24:55 2023 MAP: THE KINGDOM OF TROLL`S
Thu Jun 22 15:24:56 2023 renngoku (Hobbits) [Headshot] sup_11 (Trolls)
Thu Jun 22 15:24:57 2023 U HAVE 100 NADES AND ROCKETS!
Thu Jun 22 15:24:59 2023 TO GET ROCKETS, JUST MAKE 3 KILL`S
Thu Jun 22 15:25:00 2023 You got the charge ability. Press V (sneak)
Thu Jun 22 15:25:01 2023 BLOCKS AND PRANK TROLL`S ARE INFINITY .. !
Thu Jun 22 15:25:02 2023 SOPA ! -  Warning: renngoku got a ROCKET!!!
Thu Jun 22 15:25:02 2023 renngoku (Hobbits) [Headshot] sup_11 (Trolls)
Thu Jun 22 15:25:03 2023 BIEN VENIDOS A COUNTER-STRIKE SOPA SERVER!
Thu Jun 22 15:25:03 2023 Harry (Trolls) [Headshot] renngoku (Hobbits)
Thu Jun 22 15:25:05 2023 ¡SIÉNTETE LIBRE DE JUGAR Y SER UN TROLL!
Thu Jun 22 15:25:06 2023 N% Grenades refilled
Thu Jun 22 15:25:07 2023 HERMANOS, YO LOS AMOS!
Thu Jun 22 15:25:09 2023 MAPA modificado por YO, el REY de los TROLLoS
Thu Jun 22 15:25:11 2023 MAPA: THE KINGDOM OF TROLL`S
Thu Jun 22 15:25:13 2023 TIENES 100 GRANADAS Y COHETES
Thu Jun 22 15:25:15 2023 TIENES 1 COHETE A CADA 3 VECES QUE MATAR EL ENEMIGOS
Thu Jun 22 15:25:17 2023 LOS BLOCOS, LOS TROLLS Y LAS BROMAS SON INFINITOS..!
Thu Jun 22 15:25:20 2023 Deuce joined Trolls team
Thu Jun 22 15:26:30 2023 renngoku (Hobbits) [Headshot] sup_11 (Trolls)
Thu Jun 22 15:26:33 2023 Player Deuce has left
Thu Jun 22 15:26:35 2023 Disconnecting
