Tue Aug  8 00:13:59 2023 ------ World Loaded ------
Tue Aug  8 00:14:00 2023 Welcome to Futa Lovers server
Tue Aug  8 00:14:01 2023 Server powered by 30Gb of Hentai and https://nhentai.com
Tue Aug  8 00:14:03 2023 Harry (Blue) [Headshot] Bot (Green)
Tue Aug  8 00:14:03 2023 Map: CENTER by sByte
Tue Aug  8 00:14:04 2023 Harry (Blue) [Headshot] Bot (Green)
Tue Aug  8 00:14:04 2023 [Futa Love] Want to train jump shots? Break the colored blocks using the Right Click!
Tue Aug  8 00:14:05 2023 Game mode: Trainer
Tue Aug  8 00:14:07 2023 Harry (Blue) [Headshot] Bot (Green)
Tue Aug  8 00:14:07 2023 Discord: https://discord.gg/BJkMA49UQt
Tue Aug  8 00:14:08 2023 Harry (Blue) [Headshot] Bot (Green)
Tue Aug  8 00:14:08 2023 Harry (Blue) [Headshot] Bot (Green)
Tue Aug  8 00:14:09 2023 Harry (Blue) [Headshot] Bot (Green)
Tue Aug  8 00:14:10 2023 Harry (Blue) [Headshot] Bot (Green)
Tue Aug  8 00:14:11 2023 Harry (Blue) [Headshot] Bot (Green)
Tue Aug  8 00:14:12 2023 Harry (Blue) [Headshot] Bot (Green)
Tue Aug  8 00:14:15 2023 [Global] XxLuisxX (Blue): te he visto
Tue Aug  8 00:14:18 2023 Harry (Blue) [Headshot] Bot (Green)
Tue Aug  8 00:14:19 2023 Harry (Blue) [Headshot] Bot (Green)
Tue Aug  8 00:14:20 2023 Harry (Blue) [Headshot] Bot (Green)
Tue Aug  8 00:14:21 2023 Harry (Blue) [Headshot] Bot (Green)
Tue Aug  8 00:14:22 2023 Harry (Blue) [Headshot] Bot (Green)
Tue Aug  8 00:14:23 2023 Shooted at Bot (67/100 HP)
Tue Aug  8 00:14:24 2023 Harry (Blue) [Headshot] Bot (Green)
Tue Aug  8 00:14:25 2023 Harry (Blue) [Headshot] Bot (Green)
Tue Aug  8 00:14:27 2023 Harry (Blue) [Headshot] Bot (Green)
Tue Aug  8 00:14:30 2023 Harry (Blue) [Headshot] Bot (Green)
Tue Aug  8 00:14:31 2023 Shooted at Bot (67/100 HP)
Tue Aug  8 00:14:33 2023 Harry (Blue) [Headshot] Bot (Green)
Tue Aug  8 00:14:34 2023 Shooted at Bot (51/100 HP)
Tue Aug  8 00:14:35 2023 Harry (Blue) [Headshot] Bot (Green)
Tue Aug  8 00:14:37 2023 Harry (Blue) [Headshot] Bot (Green)
Tue Aug  8 00:14:38 2023 Harry (Blue) [Headshot] Bot (Green)
Tue Aug  8 00:14:40 2023 Shooted at Bot (67/100 HP)
Tue Aug  8 00:14:41 2023 Harry (Blue) [Headshot] Bot (Green)
Tue Aug  8 00:14:43 2023 Harry (Blue) [Headshot] Bot (Green)
Tue Aug  8 00:14:44 2023 Harry (Blue) [Headshot] Bot (Green)
Tue Aug  8 00:14:45 2023 Harry (Blue) [Headshot] Bot (Green)
Tue Aug  8 00:14:47 2023 XxLuisxX (Blue) [Rifle]
Tue Aug  8 00:14:51 2023 Shooted at Bot (67/100 HP)
Tue Aug  8 00:14:53 2023 Harry (Blue) [Headshot] Bot (Green)
Tue Aug  8 00:14:55 2023 Harry (Blue) [Headshot] Bot (Green)
Tue Aug  8 00:14:57 2023 Harry (Blue) [Headshot] Bot (Green)
Tue Aug  8 00:14:57 2023 Harry (Blue) [Headshot] Bot (Green)
Tue Aug  8 00:14:58 2023 Shooted at Bot (67/100 HP)
Tue Aug  8 00:14:59 2023 Harry (Blue) [Headshot] Bot (Green)
Tue Aug  8 00:15:00 2023 Harry (Blue) [Headshot] Bot (Green)
Tue Aug  8 00:15:01 2023 Harry (Blue) [Headshot] Bot (Green)
Tue Aug  8 00:15:02 2023 Harry (Blue) [Headshot] Bot (Green)
Tue Aug  8 00:15:04 2023 [Futa Love] Type /help for info & commands
Tue Aug  8 00:15:04 2023 Harry (Blue) [Headshot] Bot (Green)
Tue Aug  8 00:15:05 2023 Harry (Blue) [Headshot] Bot (Green)
Tue Aug  8 00:15:07 2023 Harry (Blue) [Headshot] Bot (Green)
Tue Aug  8 00:15:08 2023 Harry (Blue) [Headshot] Bot (Green)
Tue Aug  8 00:15:10 2023 Harry (Blue) [Headshot] Bot (Green)
Tue Aug  8 00:15:11 2023 Harry (Blue) [Headshot] Bot (Green)
Tue Aug  8 00:15:12 2023 Shooted at Bot (67/100 HP)
Tue Aug  8 00:15:13 2023 Harry (Blue) [Headshot] Bot (Green)
Tue Aug  8 00:15:16 2023 Harry (Blue) [Headshot] Bot (Green)
Tue Aug  8 00:15:18 2023 Harry (Blue) [Headshot] Bot (Green)
Tue Aug  8 00:15:20 2023 Harry (Blue) [Headshot] Bot (Green)
Tue Aug  8 00:15:21 2023 Harry (Blue) [Headshot] Bot (Green)
Tue Aug  8 00:15:23 2023 Harry (Blue) [Headshot] Bot (Green)
Tue Aug  8 00:15:25 2023 Harry (Blue) [Headshot] Bot (Green)
Tue Aug  8 00:15:27 2023 Harry (Blue) [Melee] Bot (Green)
Tue Aug  8 00:15:29 2023 Shooted at Bot (51/100 HP)
Tue Aug  8 00:15:29 2023 Harry (Blue) [Headshot] Bot (Green)
Tue Aug  8 00:15:30 2023 Harry (Blue) [Headshot] Bot (Green)
Tue Aug  8 00:15:32 2023 Harry (Blue) [Headshot] Bot (Green)
Tue Aug  8 00:15:34 2023 Harry (Blue) [Headshot] Bot (Green)
Tue Aug  8 00:15:35 2023 Harry (Blue) [Headshot] Bot (Green)
Tue Aug  8 00:15:37 2023 Harry (Blue) [Headshot] Bot (Green)
Tue Aug  8 00:15:39 2023 Harry (Blue) [Headshot] Bot (Green)
Tue Aug  8 00:15:41 2023 Harry (Blue) [Headshot] Bot (Green)
Tue Aug  8 00:15:42 2023 Harry (Blue) [Headshot] Bot (Green)
Tue Aug  8 00:15:43 2023 Shooted at Bot (51/100 HP)
Tue Aug  8 00:15:45 2023 Shooted at Bot (2/100 HP)
Tue Aug  8 00:15:46 2023 Harry (Blue) [Headshot] Bot (Green)
Tue Aug  8 00:15:47 2023 Harry (Blue) [Headshot] Bot (Green)
Tue Aug  8 00:15:49 2023 Harry (Blue) [Headshot] Bot (Green)
Tue Aug  8 00:15:52 2023 Harry (Blue) [Headshot] Bot (Green)
Tue Aug  8 00:15:53 2023 XxLuisxX (Blue) [Rifle]
Tue Aug  8 00:15:56 2023 Harry (Blue) [Headshot] Bot (Green)
Tue Aug  8 00:16:01 2023 Harry (Blue) [Headshot] Bot (Green)
Tue Aug  8 00:16:02 2023 Harry (Blue) [Headshot] Bot (Green)
Tue Aug  8 00:16:03 2023 Harry (Blue) [Headshot] Bot (Green)
Tue Aug  8 00:16:04 2023 [Futa Love] Do /hsonly to only kill when you hit an headshot!
Tue Aug  8 00:16:05 2023 Harry (Blue) [Headshot] Bot (Green)
Tue Aug  8 00:16:06 2023 Shooted at Bot (51/100 HP)
Tue Aug  8 00:16:07 2023 Harry (Blue) [Headshot] Bot (Green)
Tue Aug  8 00:16:08 2023 Harry (Blue) [Headshot] Bot (Green)
Tue Aug  8 00:16:10 2023 Harry (Blue) [Headshot] Bot (Green)
Tue Aug  8 00:16:15 2023 Harry (Blue) [Headshot] Bot (Green)
Tue Aug  8 00:16:15 2023 Harry (Blue) [Headshot] Bot (Green)
Tue Aug  8 00:16:17 2023 Harry (Blue) [Headshot] Bot (Green)
Tue Aug  8 00:16:21 2023 Harry (Blue) [Headshot] Bot (Green)
Tue Aug  8 00:16:22 2023 Harry (Blue) [Headshot] Bot (Green)
Tue Aug  8 00:16:24 2023 Harry (Blue) [Headshot] Bot (Green)
Tue Aug  8 00:16:27 2023 Harry (Blue) [Headshot] Bot (Green)
Tue Aug  8 00:16:30 2023 Harry (Blue) [Headshot] Bot (Green)
Tue Aug  8 00:16:31 2023 Harry (Blue) [Headshot] Bot (Green)
Tue Aug  8 00:16:32 2023 Shooted at Bot (51/100 HP)
Tue Aug  8 00:16:36 2023 Harry (Blue) [Headshot] Bot (Green)
Tue Aug  8 00:16:39 2023 Harry (Blue) [Headshot] Bot (Green)
Tue Aug  8 00:16:46 2023 [Global] Harry (Blue): me aburri
Tue Aug  8 00:16:54 2023 [Global] XxLuisxX (Blue): bai bro
Tue Aug  8 00:16:56 2023 [Team] Harry (Blue): habia uno de laberinto pero no recuerdo
Tue Aug  8 00:17:04 2023 [Futa Love] You are playing Trainer on FL | Aim Training
Tue Aug  8 00:17:04 2023 [Team] XxLuisxX (Blue): si?
Tue Aug  8 00:17:06 2023 XxLuisxX (Blue) [Rifle]
Tue Aug  8 00:17:12 2023 [Global] Harry (Blue): si, los bots con sus palas
Tue Aug  8 00:17:20 2023 [Global] XxLuisxX (Blue): ese ya no esta 
Tue Aug  8 00:17:25 2023 [Global] Harry (Blue): oh
Tue Aug  8 00:17:27 2023 Harry (Blue) [Headshot] Bot (Green)
Tue Aug  8 00:17:30 2023 Harry (Blue) [Headshot] Bot (Green)
Tue Aug  8 00:17:31 2023 Shooted at Bot (67/100 HP)
Tue Aug  8 00:17:33 2023 Harry (Blue) [Headshot] Bot (Green)
Tue Aug  8 00:17:34 2023 Harry (Blue) [Headshot] Bot (Green)
Tue Aug  8 00:17:40 2023 [Global] XxLuisxX (Blue): ese era el original
Tue Aug  8 00:17:40 2023 Harry (Blue) [Headshot] Bot (Green)
Tue Aug  8 00:17:41 2023 Harry (Blue) [Headshot] Bot (Green)
Tue Aug  8 00:17:43 2023 Harry (Blue) [Headshot] Bot (Green)
Tue Aug  8 00:17:45 2023 Shooted at Bot (18/100 HP)
Tue Aug  8 00:17:46 2023 Harry (Blue) [Headshot] Bot (Green)
Tue Aug  8 00:17:46 2023 Shooted at Bot (67/100 HP)
Tue Aug  8 00:17:47 2023 Harry (Blue) [Rifle] Bot (Green)
Tue Aug  8 00:17:50 2023 [Global] Harry (Blue): claro
Tue Aug  8 00:17:53 2023 Disconnecting
