Fri Jul 14 16:14:47 2023 ------ World Loaded ------
Fri Jul 14 16:14:47 2023 BOQUITA PASION (Red) [SMG] Bielespart (Blue)
Fri Jul 14 16:14:47 2023 Nightmare (Blue) [Headshot] ^^Carlos_Duty^^ (Red)
Fri Jul 14 16:14:47 2023 Shazem (Red) [Headshot] Zaaman (Blue)
Fri Jul 14 16:14:47 2023 JaaJ034 (Blue) [Headshot] Shazem (Red)
Fri Jul 14 16:14:48 2023 JaaJ034 (Blue) [Headshot] [KTZ] iza (Red)
Fri Jul 14 16:14:48 2023 [KTZ] smb (Red) [SMG] JaaJ034 (Blue)
Fri Jul 14 16:14:48 2023 Zaaman (Blue) [Headshot] DebianUser (Red)
Fri Jul 14 16:14:48 2023 BOQUITA PASION (Red) [Headshot] Bielespart (Blue)
Fri Jul 14 16:14:48 2023 Nightmare (Blue) [Headshot] EmotioD2 (Red)
Fri Jul 14 16:14:48 2023 Welcome to aloha.pk tower of babel
Fri Jul 14 16:14:49 2023 Map: stadium by Dany0
Fri Jul 14 16:14:51 2023 Game mode: Tower of Babel by Yourself, modified by izzy
Fri Jul 14 16:14:52 2023 [Global] DebianUser (Red): Nah, just kidding, I use Gnome like a normal person
Fri Jul 14 16:14:53 2023 Build a tower to get the enemy's intel. Take it to your team's tent to win!
Fri Jul 14 16:14:54 2023 Yashik_Dickih (Blue) [Headshot] Shazem (Red)
Fri Jul 14 16:14:55 2023 Visit our community forums at https://aloha.pk/
Fri Jul 14 16:14:57 2023 Come chat with us at https://discord.aloha.pk/
Fri Jul 14 16:14:58 2023 Yashik_Dickih (Blue) [Headshot] Ding (Red)
Fri Jul 14 16:15:01 2023 BOQUITA PASION (Red) [SMG] JaaJ034 (Blue)
Fri Jul 14 16:15:01 2023 Nightmare (Blue) [Headshot] ^^Carlos_Duty^^ (Red)
Fri Jul 14 16:15:02 2023 Player Shazem has left
Fri Jul 14 16:15:08 2023  EmotioD2 is disabled from building
Fri Jul 14 16:15:11 2023 [Global] Nightmare (Blue): hows ram usage?
Fri Jul 14 16:15:16 2023 Sr.Vera (Blue) [Fall]
Fri Jul 14 16:15:18 2023 [KTZ] smb (Red) [Headshot] Harry (Blue)
Fri Jul 14 16:15:20 2023 [Global] Nightmare (Blue): i remember in the past it was bad, like so many memory leaks
Fri Jul 14 16:15:20 2023 BOQUITA PASION (Red) [Headshot] JaaJ034 (Blue)
Fri Jul 14 16:15:27 2023 [KTZ] iza (Red) [Rifle] Agarrett (Blue)
Fri Jul 14 16:15:28 2023 BOQUITA PASION (Red) [Headshot] JaaJ034 (Blue)
Fri Jul 14 16:15:28 2023 BOQUITA PASION (Red) [SMG] Harry (Blue)
Fri Jul 14 16:15:29 2023 ^^Carlos_Duty^^ (Red) [Headshot] Nightmare (Blue)
Fri Jul 14 16:15:30 2023  Come chat with us at https://discord.aloha.pk/
Fri Jul 14 16:15:31 2023 Zaaman (Blue) [Headshot] [KTZ] iza (Red)
Fri Jul 14 16:15:34 2023 Sr.Vera (Blue) [Headshot] BOQUITA PASION (Red)
Fri Jul 14 16:15:34 2023 ^^Carlos_Duty^^ (Red) [Headshot] Yashik_Dickih (Blue)
Fri Jul 14 16:15:50 2023 BOQUITA PASION (Red) [Headshot] minazavr (Blue)
Fri Jul 14 16:15:52 2023 [KTZ] smb (Red) [Headshot] Harry (Blue)
Fri Jul 14 16:15:56 2023 [Team] minazavr (Blue): right 2
Fri Jul 14 16:15:59 2023 Nightmare (Blue) [Melee] ^^Carlos_Duty^^ (Red)
Fri Jul 14 16:16:00 2023  If you believe a player is breaking the rules, please let us know with /ADMIN
Fri Jul 14 16:16:02 2023 Blockhead joined Spectator team
Fri Jul 14 16:16:02 2023 Bielespart (Blue) [Headshot] [KTZ] smb (Red)
Fri Jul 14 16:16:09 2023 JaaJ034 (Blue) [Headshot] [KTZ] iza (Red)
Fri Jul 14 16:16:09 2023 R0tc1v (Red) [SMG] JaaJ034 (Blue)
Fri Jul 14 16:16:12 2023 EmotioD2 (Red) [Headshot] minazavr (Blue)
Fri Jul 14 16:16:14 2023 [Team] minazavr (Blue): right 2
Fri Jul 14 16:16:17 2023 EmotioD2 (Red) [SMG] Zaaman (Blue)
Fri Jul 14 16:16:17 2023 Nightmare (Blue) [Headshot] ^^Carlos_Duty^^ (Red)
Fri Jul 14 16:16:19 2023 EmotioD2 (Red) [Headshot] JaaJ034 (Blue)
Fri Jul 14 16:16:20 2023 EmotioD2 (Red) [SMG] Bielespart (Blue)
Fri Jul 14 16:16:21 2023 Blockhead joined Blue team
Fri Jul 14 16:16:22 2023 BOQUITA PASION (Red) [SMG] Harry (Blue)
Fri Jul 14 16:16:23 2023 Agarrett (Blue) [Headshot] EmotioD2 (Red)
Fri Jul 14 16:16:23 2023 Nightmare (Blue) [Headshot] Ding (Red)
Fri Jul 14 16:16:24 2023 [Team] minazavr (Blue): right 2
Fri Jul 14 16:16:24 2023 Agarrett (Blue) [Headshot] DebianUser (Red)
Fri Jul 14 16:16:26 2023 EmotioD2 (Red) [Team Change]
Fri Jul 14 16:16:26 2023 [Global] Ding (Red): :<
Fri Jul 14 16:16:26 2023 Player ^^Carlos_Duty^^ has left
Fri Jul 14 16:16:28 2023 [Global] Nightmare (Blue): sorry :(
Fri Jul 14 16:16:30 2023  Mahalo for playing aloha.pk tower of babel
Fri Jul 14 16:16:34 2023 You must be closer to the enemy's base to shoot blocks!
Fri Jul 14 16:16:36 2023 EmotioD2 joined Blue team
Fri Jul 14 16:16:37 2023 [Global] DebianUser (Red): Memory usage is fine on my system
Fri Jul 14 16:16:38 2023 BOQUITA PASION (Red) [SMG] Bielespart (Blue)
Fri Jul 14 16:16:38 2023 Blockhead (Blue) [Headshot] BOQUITA PASION (Red)
Fri Jul 14 16:16:38 2023 Nightmare (Blue) [Headshot] [KTZ] iza (Red)
Fri Jul 14 16:16:39 2023 R0tc1v (Red) [Headshot] Blockhead (Blue)
Fri Jul 14 16:16:39 2023 Bielespart (Blue) [Grenade] R0tc1v (Red)
Fri Jul 14 16:16:42 2023 Player Yashik_Dickih has left
Fri Jul 14 16:16:45 2023 Zaaman (Blue) [Headshot] S (Red)
Fri Jul 14 16:16:53 2023 Nightmare (Blue) [Headshot] [KTZ] iza (Red)
Fri Jul 14 16:17:00 2023  Build a tower to get the enemy's intel. Take it to your team's tent to win!
Fri Jul 14 16:17:04 2023 minazavr (Blue) [SMG] BOQUITA PASION (Red)
Fri Jul 14 16:17:08 2023 DebianUser (Red) [Headshot] Blockhead (Blue)
Fri Jul 14 16:17:09 2023 DebianUser (Red) [Headshot] EmotioD2 (Blue)
Fri Jul 14 16:17:10 2023 TuGFaWe joined Red team
Fri Jul 14 16:17:10 2023 [KTZ] smb (Red) [SMG] Agarrett (Blue)
Fri Jul 14 16:17:11 2023 R0tc1v (Red) [Headshot] Bielespart (Blue)
Fri Jul 14 16:17:12 2023 minazavr (Blue) [Headshot] Ding (Red)
Fri Jul 14 16:17:17 2023 R0tc1v (Red) [Headshot] minazavr (Blue)
Fri Jul 14 16:17:20 2023 [KTZ] smb (Red) [Headshot] Bielespart (Blue)
Fri Jul 14 16:17:20 2023 JaaJ034 (Blue) [Headshot] R0tc1v (Red)
Fri Jul 14 16:17:22 2023 Agarrett (Blue) [Headshot] [KTZ] smb (Red)
Fri Jul 14 16:17:26 2023 DebianUser (Red) [Headshot] Agarrett (Blue)
Fri Jul 14 16:17:28 2023 Harry (Blue) [Headshot] BOQUITA PASION (Red)
Fri Jul 14 16:17:29 2023 S picked up Blue's Intel.
Fri Jul 14 16:17:30 2023  Type /HELP for info & commands
Fri Jul 14 16:17:39 2023 Zaaman (Blue) [Rifle] DebianUser (Red)
Fri Jul 14 16:17:46 2023 JaaJ034 (Blue) [Rifle] TuGFaWe (Red)
Fri Jul 14 16:17:53 2023 S dropped Blue's Intel
Fri Jul 14 16:17:53 2023  The intel has returned to the heavens
Fri Jul 14 16:17:53 2023 Nightmare (Blue) [Headshot] S (Red)
Fri Jul 14 16:17:54 2023 DebianUser (Red) [Headshot] Blockhead (Blue)
Fri Jul 14 16:18:00 2023  Visit our community forums at https://aloha.pk/
Fri Jul 14 16:18:02 2023 Harry (Blue) [Headshot] TuGFaWe (Red)
Fri Jul 14 16:18:03 2023 EmotioD2 (Blue) [Headshot] [KTZ] smb (Red)
Fri Jul 14 16:18:04 2023 EmotioD2 (Blue) [Headshot] [KTZ] iza (Red)
Fri Jul 14 16:18:10 2023 Zaaman picked up Red's Intel.
Fri Jul 14 16:18:13 2023 JaaJ034 (Blue) [Headshot] R0tc1v (Red)
Fri Jul 14 16:18:16 2023 S (Red) [Headshot] Nightmare (Blue)
Fri Jul 14 16:18:16 2023 BOQUITA PASION (Red) [Headshot] JaaJ034 (Blue)
Fri Jul 14 16:18:23 2023 EmotioD2 (Blue) [SMG] DebianUser (Red)
Fri Jul 14 16:18:26 2023 Harry (Blue) [Headshot] BOQUITA PASION (Red)
Fri Jul 14 16:18:26 2023 Peblo joined Red team
Fri Jul 14 16:18:30 2023  Come chat with us at https://discord.aloha.pk/
Fri Jul 14 16:18:34 2023 JaaJ034 (Blue) [Fall]
Fri Jul 14 16:18:40 2023 Nightmare (Blue) [Headshot] DebianUser (Red)
Fri Jul 14 16:18:41 2023 JaZZ (Red) [Fall]
Fri Jul 14 16:18:44 2023 EmotioD2 (Blue) [SMG] TuGFaWe (Red)
Fri Jul 14 16:18:51 2023 Nightmare (Blue) [Headshot] BOQUITA PASION (Red)
Fri Jul 14 16:18:52 2023 [KTZ] smb (Red) [Grenade] Agarrett (Blue)
Fri Jul 14 16:18:55 2023 EmotioD2 (Blue) [Headshot] [KTZ] iza (Red)
Fri Jul 14 16:18:57 2023 Nightmare (Blue) [Headshot] DebianUser (Red)
Fri Jul 14 16:19:00 2023 Peblo (Red) [SMG] JaaJ034 (Blue)
Fri Jul 14 16:19:00 2023  If you believe a player is breaking the rules, please let us know with /ADMIN
Fri Jul 14 16:19:01 2023 Harry (Blue) [Headshot] Peblo (Red)
Fri Jul 14 16:19:01 2023 R0tc1v (Red) [Grenade] Agarrett (Blue)
Fri Jul 14 16:19:01 2023 [KTZ] smb (Red) [Headshot] Bielespart (Blue)
Fri Jul 14 16:19:03 2023 [KTZ] smb (Red) [Headshot] EmotioD2 (Blue)
Fri Jul 14 16:19:03 2023 Nightmare (Blue) [Headshot] TuGFaWe (Red)
Fri Jul 14 16:19:11 2023 SunshineSuperma joined Blue team
Fri Jul 14 16:19:14 2023 Nightmare (Blue) [Rifle] DebianUser (Red)
Fri Jul 14 16:19:15 2023 Bielespart (Blue) [Headshot] [KTZ] smb (Red)
Fri Jul 14 16:19:15 2023 Agarrett (Blue) [Headshot] R0tc1v (Red)
Fri Jul 14 16:19:16 2023 Nightmare (Blue) [Headshot] BOQUITA PASION (Red)
Fri Jul 14 16:19:22 2023 [Global] SunshineSuperma (Blue): oh jazz is still playin
Fri Jul 14 16:19:27 2023 [Global] minazavr (Blue): why dont balance? red is not heavy
Fri Jul 14 16:19:30 2023  Mahalo for playing aloha.pk tower of babel
Fri Jul 14 16:19:33 2023 Peblo (Red) [Headshot] Harry (Blue)
Fri Jul 14 16:19:33 2023 [Global] JaZZ (Red): i come and i go
Fri Jul 14 16:19:35 2023 Nightmare (Blue) [Rifle] TuGFaWe (Red)
Fri Jul 14 16:19:35 2023 Blockhead (Blue) [Headshot] Peblo (Red)
Fri Jul 14 16:19:42 2023 BOQUITA PASION (Red) [Headshot] Blockhead (Blue)
Fri Jul 14 16:19:43 2023 DebianUser (Red) [Headshot] Nightmare (Blue)
Fri Jul 14 16:19:45 2023 S (Red) [Headshot] EmotioD2 (Blue)
Fri Jul 14 16:19:46 2023 minazavr (Blue) [Headshot] BOQUITA PASION (Red)
Fri Jul 14 16:19:48 2023 Nightmare joined Red team
Fri Jul 14 16:19:49 2023 JaaJ034 (Blue) [Grenade] S (Red)
Fri Jul 14 16:19:50 2023 [Global] Nightmare (Red): oh yeah red is outnumbered now
Fri Jul 14 16:19:51 2023 [Global] Ding (Red): :DDD
Fri Jul 14 16:19:53 2023 [Global] Nightmare (Red): il switchw
Fri Jul 14 16:19:54 2023 R0tc1v (Red) [SMG] JaaJ034 (Blue)
Fri Jul 14 16:19:59 2023 Harry (Blue) [Headshot] TuGFaWe (Red)
Fri Jul 14 16:20:00 2023 Bielespart (Blue) [Headshot] [KTZ] smb (Red)
Fri Jul 14 16:20:00 2023  Build a tower to get the enemy's intel. Take it to your team's tent to win!
Fri Jul 14 16:20:01 2023 R0tc1v (Red) [SMG] Agarrett (Blue)
Fri Jul 14 16:20:09 2023 Harry (Blue) [Headshot] R0tc1v (Red)
Fri Jul 14 16:20:10 2023 BOQUITA PASION (Red) [SMG] Blockhead (Blue)
Fri Jul 14 16:20:14 2023  Ding has reached 1000 blocks placed! /heaven unlocked.
Fri Jul 14 16:20:18 2023 EmotioD2 (Blue) [Headshot] [KTZ] iza (Red)
Fri Jul 14 16:20:23 2023 [KTZ] smb (Red) [Headshot] SunshineSuperma (Blue)
Fri Jul 14 16:20:25 2023 JaaJ034 (Blue) [Rifle] Ding (Red)
Fri Jul 14 16:20:25 2023 [Global] Nightmare (Red): i dont always check the score-board to see number of players sorry
Fri Jul 14 16:20:27 2023 Sr.Vera (Blue) [Headshot] DebianUser (Red)
Fri Jul 14 16:20:27 2023 [KTZ] iza (Red) [Weapon Change]
Fri Jul 14 16:20:30 2023 TuGFaWe (Red) [Headshot] SunshineSuperma (Blue)
Fri Jul 14 16:20:30 2023 Sr.Vera (Blue) [Headshot] TuGFaWe (Red)
Fri Jul 14 16:20:30 2023  Type /HELP for info & commands
Fri Jul 14 16:20:32 2023 Player DebianUser has left
Fri Jul 14 16:20:32 2023 [KTZ] smb (Red) [Headshot] Harry (Blue)
Fri Jul 14 16:20:33 2023 EmotioD2 (Blue) [Headshot] [KTZ] smb (Red)
Fri Jul 14 16:20:40 2023 Zaaman dropped Red's Intel
Fri Jul 14 16:20:40 2023  The intel has returned to the heavens
Fri Jul 14 16:20:40 2023 Zaaman (Blue) [Rifle]
Fri Jul 14 16:20:40 2023  God punished Zaaman for holding the intel too long
Fri Jul 14 16:20:44 2023 JaZZ (Red) [Rifle] JaaJ034 (Blue)
Fri Jul 14 16:20:57 2023 Blockhead (Blue) [SMG] TuGFaWe (Red)
Fri Jul 14 16:21:00 2023  Visit our community forums at https://aloha.pk/
Fri Jul 14 16:21:01 2023 SunshineSuperma (Blue) [Fall]
Fri Jul 14 16:21:02 2023 Player TuGFaWe has left
Fri Jul 14 16:21:02 2023 [KTZ] iza picked up Blue's Intel.
Fri Jul 14 16:21:07 2023 Nightmare (Red) [Headshot] Harry (Blue)
Fri Jul 14 16:21:07 2023 JaaJ034 (Blue) [Headshot] S (Red)
Fri Jul 14 16:21:11 2023 [Global] SunshineSuperma (Blue): laaaagz
Fri Jul 14 16:21:14 2023 Player S has left
Fri Jul 14 16:21:15 2023 [Global] Ding (Red): big lag
Fri Jul 14 16:21:15 2023 Zaaman (Blue) [Headshot] [KTZ] smb (Red)
Fri Jul 14 16:21:17 2023 R0tc1v (Red) [SMG] Zaaman (Blue)
Fri Jul 14 16:21:19 2023 Nightmare (Red) [Headshot] JaaJ034 (Blue)
Fri Jul 14 16:21:25 2023 EmotioD2 (Blue) [SMG] JaZZ (Red)
Fri Jul 14 16:21:28 2023 R0tc1v (Red) [Headshot] Bielespart (Blue)
Fri Jul 14 16:21:30 2023 EmotioD2 (Blue) [Headshot] R0tc1v (Red)
Fri Jul 14 16:21:30 2023  Come chat with us at https://discord.aloha.pk/
Fri Jul 14 16:21:31 2023 [KTZ] iza captured Blue's Intel.
Fri Jul 14 16:21:32 2023 Zaaman (Blue) [Headshot] Peblo (Red)
Fri Jul 14 16:21:33 2023 Nightmare (Red) [Headshot] Harry (Blue)
Fri Jul 14 16:21:33 2023 Sr.Vera (Blue) [Headshot] Nightmare (Red)
Fri Jul 14 16:21:40 2023 [KTZ] iza (Red) [Weapon Change]
Fri Jul 14 16:21:41 2023 Agarrett picked up Red's Intel.
Fri Jul 14 16:21:46 2023 minazavr (Blue) [Headshot] Nightmare (Red)
Fri Jul 14 16:21:46 2023 BOQUITA PASION (Red) [Headshot] Zaaman (Blue)
Fri Jul 14 16:21:52 2023 Zaaman (Blue) [Headshot] BOQUITA PASION (Red)
Fri Jul 14 16:21:54 2023 Harry (Blue) [Rifle] Ding (Red)
Fri Jul 14 16:21:55 2023 SunshineSuperma (Blue) [Headshot] [KTZ] smb (Red)
Fri Jul 14 16:22:00 2023 SunshineSuperma (Blue) [Headshot] Peblo (Red)
Fri Jul 14 16:22:00 2023  If you believe a player is breaking the rules, please let us know with /ADMIN
Fri Jul 14 16:22:11 2023 Nightmare (Red) [Headshot] minazavr (Blue)
Fri Jul 14 16:22:13 2023 R0tc1v (Red) [SMG] SunshineSuperma (Blue)
Fri Jul 14 16:22:14 2023 Harry (Blue) [Rifle] [KTZ] iza (Red)
Fri Jul 14 16:22:17 2023 [Global] minazavr (Blue): nice
Fri Jul 14 16:22:18 2023 [Team] SunshineSuperma (Blue): go up!!!!
Fri Jul 14 16:22:19 2023 EmotioD2 (Blue) [Headshot] JaZZ (Red)
Fri Jul 14 16:22:19 2023 Nightmare (Red) [Grenade] Harry (Blue)
Fri Jul 14 16:22:20 2023 [Team] SunshineSuperma (Blue): go up
Fri Jul 14 16:22:20 2023 [Team] minazavr (Blue): 1 right
Fri Jul 14 16:22:21 2023 [Team] SunshineSuperma (Blue): go up
Fri Jul 14 16:22:21 2023 Sr.Vera (Blue) [Headshot] BOQUITA PASION (Red)
Fri Jul 14 16:22:21 2023 Agarrett captured Red's Intel.
Fri Jul 14 16:22:22 2023 [Team] SunshineSuperma (Blue): go up
Fri Jul 14 16:22:27 2023 [KTZ] smb (Red) [Shotgun] EmotioD2 (Blue)
Fri Jul 14 16:22:29 2023 Nightmare (Red) [Headshot] minazavr (Blue)
Fri Jul 14 16:22:30 2023  Mahalo for playing aloha.pk tower of babel
Fri Jul 14 16:22:31 2023 [Team] minazavr (Blue): 1 right
Fri Jul 14 16:22:35 2023 Nightmare (Red) [Headshot] Blockhead (Blue)
Fri Jul 14 16:22:35 2023 BOQUITA PASION (Red) [Melee] JaaJ034 (Blue)
Fri Jul 14 16:22:38 2023 Nightmare (Red) [Headshot] Zaaman (Blue)
Fri Jul 14 16:22:38 2023 Peblo picked up Blue's Intel.
Fri Jul 14 16:22:42 2023 EmotioD2 (Blue) [Headshot] [KTZ] smb (Red)
Fri Jul 14 16:22:44 2023  conda was kicked: Inactive for 10 minutes
Fri Jul 14 16:22:44 2023 Player conda has left
Fri Jul 14 16:22:48 2023 Harry (Blue) [Headshot] Nightmare (Red)
Fri Jul 14 16:22:52 2023 Agarrett (Blue) [Headshot] [KTZ] iza (Red)
Fri Jul 14 16:22:54 2023 Ding (Red) [Headshot] Agarrett (Blue)
Fri Jul 14 16:22:54 2023 SunshineSuperma (Blue) [Fall]
Fri Jul 14 16:22:56 2023 [Global] SunshineSuperma (Blue): bruh
Fri Jul 14 16:22:56 2023 Ding (Red) [Headshot] EmotioD2 (Blue)
Fri Jul 14 16:22:57 2023 Ding (Red) [SMG] JaaJ034 (Blue)
Fri Jul 14 16:23:00 2023  Build a tower to get the enemy's intel. Take it to your team's tent to win!
Fri Jul 14 16:23:01 2023 Yanitos_salame joined Spectator team
Fri Jul 14 16:23:04 2023 Harry (Blue) [Headshot] Ding (Red)
Fri Jul 14 16:23:06 2023 Peblo captured Blue's Intel.
Fri Jul 14 16:23:09 2023 Harry (Blue) [Headshot] [KTZ] smb (Red)
Fri Jul 14 16:23:11 2023 Nightmare (Red) [Headshot] Blockhead (Blue)
Fri Jul 14 16:23:18 2023 Peblo (Red) [SMG] EmotioD2 (Blue)
Fri Jul 14 16:23:19 2023 Harry picked up Red's Intel.
Fri Jul 14 16:23:20 2023 Player EmotioD2 has left
Fri Jul 14 16:23:28 2023 minazavr (Blue) [Headshot] R0tc1v (Red)
Fri Jul 14 16:23:28 2023 minazavr (Blue) [Headshot] [KTZ] iza (Red)
Fri Jul 14 16:23:29 2023 Player Yanitos_salame has left
Fri Jul 14 16:23:30 2023  Type /HELP for info & commands
Fri Jul 14 16:23:31 2023 Zaaman (Blue) [Rifle] Nightmare (Red)
Fri Jul 14 16:23:31 2023 SunshineSuperma (Blue) [Headshot] BOQUITA PASION (Red)
Fri Jul 14 16:23:32 2023 [Global] R0tc1v (Red): HBv#HRIJEK
Fri Jul 14 16:23:32 2023 SunshineSuperma (Blue) [Headshot] [KTZ] smb (Red)
Fri Jul 14 16:23:33 2023 SunshineSuperma (Blue) [SMG] Ding (Red)
Fri Jul 14 16:23:43 2023 DooM joined Red team
Fri Jul 14 16:23:46 2023 Blockhead (Blue) [Headshot] Peblo (Red)
Fri Jul 14 16:23:54 2023 R0tc1v (Red) [Grenade] minazavr (Blue)
Fri Jul 14 16:23:55 2023 tutamu11 joined Blue team
Fri Jul 14 16:23:58 2023 [Team] minazavr (Blue): up!
Fri Jul 14 16:23:58 2023 Cheese joined Red team
Fri Jul 14 16:24:00 2023 Nightmare (Red) [Rifle] Blockhead (Blue)
Fri Jul 14 16:24:01 2023  Visit our community forums at https://aloha.pk/
Fri Jul 14 16:24:03 2023 Player tutamu11 has left
Fri Jul 14 16:24:04 2023 Harry captured Red's Intel.
Fri Jul 14 16:24:04 2023 JaaJ034 (Blue) [Fall]
Fri Jul 14 16:24:08 2023 [KTZ] smb picked up Blue's Intel.
Fri Jul 14 16:24:12 2023 [Team] minazavr (Blue): up!
Fri Jul 14 16:24:15 2023 Agarrett (Blue) [SMG] [KTZ] iza (Red)
Fri Jul 14 16:24:15 2023 [Team] minazavr (Blue): left
Fri Jul 14 16:24:15 2023 DooM (Red) [Headshot] Agarrett (Blue)
Fri Jul 14 16:24:23 2023 Ding (Red) [SMG] SunshineSuperma (Blue)
Fri Jul 14 16:24:24 2023 Blockhead (Blue) [Headshot] Nightmare (Red)
Fri Jul 14 16:24:26 2023 [Global] SunshineSuperma (Blue): bruh
Fri Jul 14 16:24:28 2023 [Global] Ding (Red): got em
Fri Jul 14 16:24:28 2023 DooM (Red) [Grenade] Bielespart (Blue)
Fri Jul 14 16:24:29 2023 minazavr (Blue) [Headshot] DooM (Red)
Fri Jul 14 16:24:30 2023 Zaaman (Blue) [Grenade] Peblo (Red)
Fri Jul 14 16:24:30 2023 minazavr (Blue) [Headshot] BOQUITA PASION (Red)
Fri Jul 14 16:24:30 2023  Come chat with us at https://discord.aloha.pk/
Fri Jul 14 16:24:32 2023 Yanitos_salame joined Blue team
Fri Jul 14 16:24:37 2023 minazavr (Blue) [Headshot] Ding (Red)
Fri Jul 14 16:24:37 2023 Sr.Vera (Blue) [Headshot] Cheese (Red)
Fri Jul 14 16:24:42 2023 JaZZ (Red) [Headshot] minazavr (Blue)
Fri Jul 14 16:24:45 2023 Harry (Blue) [Headshot] [KTZ] iza (Red)
Fri Jul 14 16:24:45 2023 Sr.Vera (Blue) [Headshot] R0tc1v (Red)
Fri Jul 14 16:24:46 2023 √αΓα√Γα joined Blue team
Fri Jul 14 16:24:46 2023 [Team] minazavr (Blue): left
Fri Jul 14 16:24:48 2023 [Team] minazavr (Blue): up!
Fri Jul 14 16:24:53 2023 [KTZ] smb captured Blue's Intel.
Fri Jul 14 16:24:55 2023 JaZZ (Red) [Rifle] Zaaman (Blue)
Fri Jul 14 16:24:58 2023 Agarrett (Blue) [Headshot] JaZZ (Red)
Fri Jul 14 16:25:00 2023  If you believe a player is breaking the rules, please let us know with /ADMIN
Fri Jul 14 16:25:00 2023 Agarrett picked up Red's Intel.
Fri Jul 14 16:25:01 2023 Peblo (Red) [Headshot] Blockhead (Blue)
Fri Jul 14 16:25:01 2023 DooM (Red) [Headshot] Sr.Vera (Blue)
Fri Jul 14 16:25:02 2023 JaaJ034 (Blue) [Headshot] BOQUITA PASION (Red)
Fri Jul 14 16:25:07 2023 Nightmare (Red) [Headshot] minazavr (Blue)
Fri Jul 14 16:25:10 2023 [Team] minazavr (Blue): up!
Fri Jul 14 16:25:12 2023 You must be closer to the enemy's base to shoot blocks!
Fri Jul 14 16:25:12 2023 You must be closer to the enemy's base to shoot blocks!
Fri Jul 14 16:25:13 2023 Nightmare (Red) [Headshot] Harry (Blue)
Fri Jul 14 16:25:13 2023 SunshineSuperma (Blue) [Headshot] [KTZ] smb (Red)
Fri Jul 14 16:25:16 2023 Yanitos_salame (Blue) [Headshot] [KTZ] iza (Red)
Fri Jul 14 16:25:16 2023 DooM (Red) [Headshot] Blockhead (Blue)
Fri Jul 14 16:25:17 2023 [Global] R0tc1v (Red): OH SHIT ITS TOO MANY
Fri Jul 14 16:25:17 2023 DooM (Red) [Headshot] minazavr (Blue)
Fri Jul 14 16:25:18 2023 Ding (Red) [Headshot] Yanitos_salame (Blue)
Fri Jul 14 16:25:18 2023 R0tc1v (Red) [Headshot] SunshineSuperma (Blue)
Fri Jul 14 16:25:20 2023 [Team] minazavr (Blue): down!
Fri Jul 14 16:25:21 2023 [Global] SunshineSuperma (Blue): rlly
Fri Jul 14 16:25:21 2023 Sr.Vera (Blue) [Headshot] DooM (Red)
Fri Jul 14 16:25:25 2023 Ding (Red) [SMG] JaaJ034 (Blue)
Fri Jul 14 16:25:30 2023  Mahalo for playing aloha.pk tower of babel
Fri Jul 14 16:25:36 2023 minazavr (Blue) [SMG] Peblo (Red)
Fri Jul 14 16:25:38 2023 SunshineSuperma (Blue) [SMG] JaZZ (Red)
Fri Jul 14 16:25:39 2023 R0tc1v (Red) [Headshot] SunshineSuperma (Blue)
Fri Jul 14 16:25:39 2023 Nightmare (Red) [Headshot] Blockhead (Blue)
Fri Jul 14 16:25:40 2023 Bielespart (Blue) [Grenade] Ding (Red)
Fri Jul 14 16:25:40 2023 Bielespart (Blue) [Grenade] R0tc1v (Red)
Fri Jul 14 16:25:41 2023 Player Yanitos_salame has left
Fri Jul 14 16:25:41 2023 Bielespart (Blue) [Grenade] BOQUITA PASION (Red)
Fri Jul 14 16:25:41 2023 [Global] SunshineSuperma (Blue): lol
Fri Jul 14 16:25:41 2023 minazavr (Blue) [SMG] [KTZ] smb (Red)
Fri Jul 14 16:25:42 2023 Zaaman (Blue) [Fall]
Fri Jul 14 16:25:42 2023 minazavr (Blue) [Headshot] [KTZ] iza (Red)
Fri Jul 14 16:25:46 2023 Remo joined Red team
Fri Jul 14 16:25:49 2023 Harry (Blue) [Headshot] Nightmare (Red)
Fri Jul 14 16:25:49 2023 [Global] Zaaman (Blue): SALAM
Fri Jul 14 16:25:50 2023 DooM (Red) [Rifle] √αΓα√Γα (Blue)
Fri Jul 14 16:25:52 2023 Agarrett captured Red's Intel.
Fri Jul 14 16:25:55 2023 DooM (Red) [Rifle] Harry (Blue)
Fri Jul 14 16:26:00 2023 Bielespart (Blue) [Headshot] DooM (Red)
Fri Jul 14 16:26:00 2023  Build a tower to get the enemy's intel. Take it to your team's tent to win!
Fri Jul 14 16:26:05 2023 JaZZ (Red) [SMG] Bielespart (Blue)
Fri Jul 14 16:26:05 2023 Blockhead (Blue) [Headshot] [KTZ] smb (Red)
Fri Jul 14 16:26:07 2023 Sr.Vera (Blue) [Headshot] Peblo (Red)
Fri Jul 14 16:26:10 2023 BOQUITA PASION (Red) [SMG] Blockhead (Blue)
Fri Jul 14 16:26:11 2023 minazavr (Blue) [SMG] [KTZ] iza (Red)
Fri Jul 14 16:26:12 2023 JaaJ034 picked up Red's Intel.
Fri Jul 14 16:26:12 2023 Harry (Blue) [Headshot] BOQUITA PASION (Red)
Fri Jul 14 16:26:15 2023 Yanitos_salame joined Blue team
Fri Jul 14 16:26:16 2023 JaaJ034 dropped Red's Intel
Fri Jul 14 16:26:16 2023 R0tc1v (Red) [Headshot] JaaJ034 (Blue)
Fri Jul 14 16:26:18 2023 Agarrett picked up Red's Intel.
Fri Jul 14 16:26:19 2023 Agarrett dropped Red's Intel
Fri Jul 14 16:26:19 2023 JaZZ (Red) [SMG] Agarrett (Blue)
Fri Jul 14 16:26:19 2023 You must be closer to the enemy's base to shoot blocks!
Fri Jul 14 16:26:20 2023 Remo (Red) [Fall]
Fri Jul 14 16:26:21 2023 SunshineSuperma (Blue) [Headshot] R0tc1v (Red)
Fri Jul 14 16:26:22 2023 Harry (Blue) [Headshot] Ding (Red)
Fri Jul 14 16:26:23 2023 JaZZ (Red) [SMG] SunshineSuperma (Blue)
Fri Jul 14 16:26:26 2023 [Global] SunshineSuperma (Blue): oh
Fri Jul 14 16:26:30 2023 Harry (Blue) [Headshot] Nightmare (Red)
Fri Jul 14 16:26:30 2023  Type /HELP for info & commands
Fri Jul 14 16:26:34 2023 JaZZ picked up Blue's Intel.
Fri Jul 14 16:26:35 2023 JaZZ (Red) [Grenade] Bielespart (Blue)
Fri Jul 14 16:26:37 2023 JaZZ dropped Blue's Intel
Fri Jul 14 16:26:37 2023 SunshineSuperma (Blue) [SMG] JaZZ (Red)
Fri Jul 14 16:26:38 2023 Peblo (Red) [Rifle] √αΓα√Γα (Blue)
Fri Jul 14 16:26:39 2023 SunshineSuperma (Blue) [Headshot] DooM (Red)
Fri Jul 14 16:26:43 2023 SunshineSuperma (Blue) [Headshot] [KTZ] smb (Red)
Fri Jul 14 16:26:45 2023 R0tc1v (Red) [Headshot] Zaaman (Blue)
Fri Jul 14 16:26:45 2023 Harry (Blue) [Headshot] [KTZ] iza (Red)
Fri Jul 14 16:26:46 2023 minazavr (Blue) [Headshot] Peblo (Red)
Fri Jul 14 16:26:48 2023 SunshineSuperma (Blue) [SMG] R0tc1v (Red)
Fri Jul 14 16:26:49 2023 BOQUITA PASION (Red) [SMG] Agarrett (Blue)
Fri Jul 14 16:26:50 2023 Harry (Blue) [Headshot] BOQUITA PASION (Red)
Fri Jul 14 16:26:53 2023 DooM (Red) [Rifle] Blockhead (Blue)
Fri Jul 14 16:26:55 2023 Harry (Blue) [Rifle] Ding (Red)
Fri Jul 14 16:26:56 2023 JaaJ034 picked up Red's Intel.
Fri Jul 14 16:26:57 2023 Harry (Blue) [Headshot] Nightmare (Red)
Fri Jul 14 16:26:59 2023 Cheese (Red) [Rifle] SunshineSuperma (Blue)
Fri Jul 14 16:27:00 2023  Visit our community forums at https://aloha.pk/
Fri Jul 14 16:27:03 2023 Yanitos_salame (Blue) [Fall]
Fri Jul 14 16:27:07 2023 [Global] SunshineSuperma (Blue): bro but those lags what is it
Fri Jul 14 16:27:09 2023 √αΓα√Γα (Blue) [Fall]
Fri Jul 14 16:27:12 2023 JaZZ (Red) [Headshot] Agarrett (Blue)
Fri Jul 14 16:27:20 2023 Bielespart (Blue) [SMG] JaZZ (Red)
Fri Jul 14 16:27:20 2023 DooM (Red) [Headshot] Bielespart (Blue)
Fri Jul 14 16:27:22 2023 Harry (Blue) [Headshot] Peblo (Red)
Fri Jul 14 16:27:22 2023 minazavr (Blue) [SMG] Remo (Red)
Fri Jul 14 16:27:26 2023 You must be closer to the enemy's base to shoot blocks!
Fri Jul 14 16:27:27 2023 BOQUITA PASION (Red) [Headshot] Harry (Blue)
Fri Jul 14 16:27:30 2023  Come chat with us at https://discord.aloha.pk/
Fri Jul 14 16:27:32 2023 DooM (Red) [Grenade] SunshineSuperma (Blue)
Fri Jul 14 16:27:35 2023 DooM (Red) [Headshot] Bielespart (Blue)
Fri Jul 14 16:27:38 2023 Cheese (Red) [Grenade] Agarrett (Blue)
Fri Jul 14 16:27:38 2023 Zaaman (Blue) [Headshot] R0tc1v (Red)
Fri Jul 14 16:27:41 2023 Zaaman (Blue) [Headshot] Cheese (Red)
Fri Jul 14 16:27:43 2023 Bielespart (Blue) [Weapon Change]
Fri Jul 14 16:27:43 2023 Nightmare (Red) [Headshot] √αΓα√Γα (Blue)
Fri Jul 14 16:27:46 2023 JaZZ (Red) [Headshot] Yanitos_salame (Blue)
Fri Jul 14 16:27:46 2023 SunshineSuperma (Blue) [Headshot] BOQUITA PASION (Red)
Fri Jul 14 16:27:47 2023 Sr.Vera (Blue) [Headshot] JaZZ (Red)
Fri Jul 14 16:27:48 2023 [KTZ] smb (Red) [SMG] SunshineSuperma (Blue)
Fri Jul 14 16:27:50 2023 Nightmare (Red) [Headshot] Harry (Blue)
Fri Jul 14 16:27:51 2023 minazavr (Blue) [Headshot] Cheese (Red)
Fri Jul 14 16:27:52 2023 Bielespart (Blue) [Weapon Change]
Fri Jul 14 16:27:56 2023 Zaaman (Blue) [Headshot] [KTZ] iza (Red)
Fri Jul 14 16:27:59 2023 DooM (Red) [Headshot] Zaaman (Blue)
Fri Jul 14 16:27:59 2023 [KTZ] smb (Red) [Headshot] Agarrett (Blue)
Fri Jul 14 16:27:59 2023 minazavr (Blue) [Headshot] JaZZ (Red)
Fri Jul 14 16:28:00 2023  If you believe a player is breaking the rules, please let us know with /ADMIN
Fri Jul 14 16:28:01 2023 JaZZ (Red) [Headshot] minazavr (Blue)
Fri Jul 14 16:28:03 2023 JaaJ034 captured Red's Intel.
Fri Jul 14 16:28:03 2023 Bielespart (Blue) [Headshot] DooM (Red)
Fri Jul 14 16:28:07 2023 [KTZ] smb (Red) [Headshot] JaaJ034 (Blue)
Fri Jul 14 16:28:07 2023 [Team] minazavr (Blue): go go go
Fri Jul 14 16:28:09 2023 Peblo picked up Blue's Intel.
Fri Jul 14 16:28:09 2023 Ding (Red) [Melee] Yanitos_salame (Blue)
Fri Jul 14 16:28:12 2023 [KTZ] smb (Red) [Headshot] Bielespart (Blue)
Fri Jul 14 16:28:14 2023  Sr.Vera has reached 1000 blocks placed! /heaven unlocked.
Fri Jul 14 16:28:15 2023 SunshineSuperma (Blue) [Headshot] JaZZ (Red)
Fri Jul 14 16:28:15 2023 [KTZ] smb (Red) [Headshot] Harry (Blue)
Fri Jul 14 16:28:19 2023 Sr.Vera (Blue) [Rifle] Ding (Red)
Fri Jul 14 16:28:19 2023 monowavy joined Blue team
Fri Jul 14 16:28:22 2023 [Global] SunshineSuperma (Blue): hmm jazz changed to smg xd
Fri Jul 14 16:28:24 2023 Zaaman (Blue) [Headshot] [KTZ] smb (Red)
Fri Jul 14 16:28:26 2023 Harry (Blue) [Headshot] R0tc1v (Red)
Fri Jul 14 16:28:30 2023  Mahalo for playing aloha.pk tower of babel
Fri Jul 14 16:28:31 2023 minazavr (Blue) [SMG] DooM (Red)
Fri Jul 14 16:28:33 2023 [Global] JaZZ (Red): cant fight the cancer
Fri Jul 14 16:28:33 2023 Yanitos_salame (Blue) [Fall]
Fri Jul 14 16:28:34 2023 Peblo captured Blue's Intel.
Fri Jul 14 16:28:34 2023  With 3098 blocks placed, JaZZ is granted the right to unleash the apocalypse.
Fri Jul 14 16:28:35 2023 TRUMP ON VPN joined Blue team
Fri Jul 14 16:28:35 2023 BOQUITA PASION (Red) [Grenade] Bielespart (Blue)
Fri Jul 14 16:28:35 2023 BOQUITA PASION (Red) [Grenade] Zaaman (Blue)
Fri Jul 14 16:28:37 2023  JaZZ has unleashed an apocalypse from God.
Fri Jul 14 16:28:39 2023  The apocalypse begins in 5
Fri Jul 14 16:28:39 2023 BOQUITA PASION picked up Blue's Intel.
Fri Jul 14 16:28:40 2023 JaaJ034 (Blue) [Grenade]
Fri Jul 14 16:28:40 2023  The apocalypse begins in 4
Fri Jul 14 16:28:40 2023 [KTZ] iza (Red) [Grenade] Harry (Blue)
Fri Jul 14 16:28:41 2023  The apocalypse begins in 3
Fri Jul 14 16:28:41 2023 [Global] SunshineSuperma (Blue): ?
Fri Jul 14 16:28:41 2023 JaaJ034 (Blue) [Grenade] [KTZ] iza (Red)
Fri Jul 14 16:28:41 2023 JaaJ034 (Blue) [Grenade] Cheese (Red)
Fri Jul 14 16:28:42 2023  The apocalypse begins in 2
Fri Jul 14 16:28:42 2023 Cheese (Red) [Grenade] Yanitos_salame (Blue)
Fri Jul 14 16:28:42 2023 Cheese (Red) [Grenade] Bielespart (Blue)
Fri Jul 14 16:28:42 2023 Cheese (Red) [Grenade] TRUMP ON VPN (Blue)
Fri Jul 14 16:28:43 2023  The apocalypse begins in 1
Fri Jul 14 16:28:43 2023 monowavy (Blue) [Weapon Change]
Fri Jul 14 16:28:45 2023 [Global] Nightmare (Red): TRUMP ON VPNNNNNNNN LETS GOO
Fri Jul 14 16:28:50 2023 JaZZ (Red) [Grenade] Bielespart (Blue)
Fri Jul 14 16:28:51 2023 JaZZ (Red) [Grenade] Harry (Blue)
Fri Jul 14 16:28:52 2023 JaZZ (Red) [Grenade] Yanitos_salame (Blue)
Fri Jul 14 16:28:53 2023 JaZZ (Red) [Grenade] Agarrett (Blue)
Fri Jul 14 16:28:54 2023 Player monowavy has left
Fri Jul 14 16:28:57 2023  The apocalypse has ended.
Fri Jul 14 16:28:58 2023 JaaJ034 (Blue) [Fall]
Fri Jul 14 16:29:01 2023  Build a tower to get the enemy's intel. Take it to your team's tent to win!
Fri Jul 14 16:29:01 2023 Sr.Vera (Blue) [Headshot] Ding (Red)
Fri Jul 14 16:29:03 2023 [Global] R0tc1v (Red): TOTAL DIGGER DEATH
Fri Jul 14 16:29:04 2023 Nightmare (Red) [Rifle] √αΓα√Γα (Blue)
Fri Jul 14 16:29:04 2023 BOQUITA PASION captured Blue's Intel.
Fri Jul 14 16:29:05 2023 JaZZ picked up Blue's Intel.
Fri Jul 14 16:29:12 2023 Nightmare (Red) [Headshot] minazavr (Blue)
Fri Jul 14 16:29:14 2023 supermonkey48 joined Red team
Fri Jul 14 16:29:14 2023 [Team] minazavr (Blue): go go go
Fri Jul 14 16:29:15 2023 [Global] R0tc1v (Red): TDD
Fri Jul 14 16:29:17 2023 [Team] minazavr (Blue): go go go up!
Fri Jul 14 16:29:17 2023 Nightmare (Red) [Headshot] Harry (Blue)
Fri Jul 14 16:29:25 2023 Zaaman (Blue) [Headshot] R0tc1v (Red)
Fri Jul 14 16:29:28 2023 [KTZ] smb (Red) [Headshot] √αΓα√Γα (Blue)
Fri Jul 14 16:29:31 2023  Type /HELP for info & commands
Fri Jul 14 16:29:31 2023 Aennish joined Blue team
Fri Jul 14 16:29:34 2023 JaZZ captured Blue's Intel.
Fri Jul 14 16:29:36 2023 Harry (Blue) [Headshot] [KTZ] smb (Red)
Fri Jul 14 16:29:38 2023 supermonkey48 (Red) [Headshot] Yanitos_salame (Blue)
Fri Jul 14 16:29:40 2023 Zaaman (Blue) [Headshot] [KTZ] iza (Red)
Fri Jul 14 16:29:41 2023 Nightmare (Red) [Headshot] Harry (Blue)
Fri Jul 14 16:29:41 2023 Bielespart (Blue) [Fall]
Fri Jul 14 16:29:42 2023 Zaaman (Blue) [Headshot] BOQUITA PASION (Red)
Fri Jul 14 16:29:46 2023 [Global] JaZZ (Red): smg is necessary in heaven rn
Fri Jul 14 16:29:47 2023 DooM (Red) [Headshot] Agarrett (Blue)
Fri Jul 14 16:29:49 2023 [Global] JaZZ (Red): its pretty close quarters
Fri Jul 14 16:29:51 2023 Deuce12 joined Red team
Fri Jul 14 16:29:51 2023 DooM (Red) [Headshot] TRUMP ON VPN (Blue)
Fri Jul 14 16:29:51 2023 Agarrett (Blue) [Fall]
Fri Jul 14 16:29:55 2023 √αΓα√Γα (Blue) [Headshot] supermonkey48 (Red)
Fri Jul 14 16:30:00 2023 Zaaman (Blue) [Headshot] DooM (Red)
Fri Jul 14 16:30:01 2023  Visit our community forums at https://aloha.pk/
Fri Jul 14 16:30:03 2023 Aennish (Blue) [Fall]
Fri Jul 14 16:30:05 2023 Cheese picked up Blue's Intel.
Fri Jul 14 16:30:06 2023 Player TRUMP ON VPN has left
Fri Jul 14 16:30:06 2023 Nightmare (Red) [Headshot] minazavr (Blue)
Fri Jul 14 16:30:08 2023 Peblo (Red) [Rifle] √αΓα√Γα (Blue)
Fri Jul 14 16:30:09 2023 [Team] minazavr (Blue): go go go up!
Fri Jul 14 16:30:11 2023 Zaaman (Blue) [Fall]
Fri Jul 14 16:30:13 2023 Ding (Red) [SMG] Zaaman (Blue)
Fri Jul 14 16:30:15 2023 [Global] Deuce12 (Red): yo petri
Fri Jul 14 16:30:16 2023 Player √αΓα√Γα has left
Fri Jul 14 16:30:17 2023 R0tc1v (Red) [Headshot] JaaJ034 (Blue)
Fri Jul 14 16:30:25 2023 [KTZ] smb (Red) [Headshot] Harry (Blue)
Fri Jul 14 16:30:29 2023 Ding (Red) [Fall]
Fri Jul 14 16:30:31 2023  Come chat with us at https://discord.aloha.pk/
Fri Jul 14 16:30:32 2023 Zaaman (Blue) [Headshot] R0tc1v (Red)
Fri Jul 14 16:30:34 2023 Peblo (Red) [Headshot] Bielespart (Blue)
Fri Jul 14 16:30:36 2023 BOQUITA PASION (Red) [Headshot] Agarrett (Blue)
Fri Jul 14 16:30:41 2023  Remo has reached 1000 blocks placed! /heaven unlocked.
Fri Jul 14 16:30:42 2023 Bielespart (Blue) [Weapon Change]
Fri Jul 14 16:30:43 2023 Zaaman (Blue) [Headshot] Deuce12 (Red)
Fri Jul 14 16:30:44 2023 minazavr (Blue) [SMG] supermonkey48 (Red)
Fri Jul 14 16:30:44 2023 Zaaman (Blue) [Headshot] BOQUITA PASION (Red)
Fri Jul 14 16:30:44 2023 DooM (Red) [Headshot] minazavr (Blue)
Fri Jul 14 16:30:45 2023 supermonkey48 (Red) [Grenade] Aennish (Blue)
Fri Jul 14 16:30:45 2023 Yanitos_salame (Blue) [Fall]
Fri Jul 14 16:30:46 2023 Sr.Vera (Blue) [Grenade]
Fri Jul 14 16:30:47 2023 Agarrett (Blue) [Melee] JaZZ (Red)
Fri Jul 14 16:30:48 2023 Cheese captured Blue's Intel.
Fri Jul 14 16:30:48 2023 [Team] minazavr (Blue): 3 up
Fri Jul 14 16:30:49 2023 SunshineSuperma (Blue) [SMG] Nightmare (Red)
Fri Jul 14 16:30:50 2023 [KTZ] smb (Red) [SMG] Yanitos_salame (Blue)
Fri Jul 14 16:30:51 2023 Harry (Blue) [Headshot] [KTZ] iza (Red)
Fri Jul 14 16:30:52 2023 minazavr (Blue) [Headshot] DooM (Red)
Fri Jul 14 16:30:54 2023 sreman joined Blue team
Fri Jul 14 16:31:00 2023 SunshineSuperma (Blue) [Headshot] Ding (Red)
Fri Jul 14 16:31:00 2023 [KTZ] smb (Red) [Grenade] minazavr (Blue)
Fri Jul 14 16:31:01 2023  If you believe a player is breaking the rules, please let us know with /ADMIN
Fri Jul 14 16:31:02 2023 Agarrett (Blue) [Grenade] [KTZ] smb (Red)
Fri Jul 14 16:31:02 2023 JaZZ (Red) [Headshot] SunshineSuperma (Blue)
Fri Jul 14 16:31:03 2023 [Team] minazavr (Blue): 3 up
Fri Jul 14 16:31:05 2023 [Team] SunshineSuperma (Blue): almost down
Fri Jul 14 16:31:08 2023 [Team] SunshineSuperma (Blue): their tower
Fri Jul 14 16:31:09 2023 Agarrett picked up Red's Intel.
Fri Jul 14 16:31:09 2023 [Team] SunshineSuperma (Blue): dig it
Fri Jul 14 16:31:11 2023 [Team] SunshineSuperma (Blue): now
Fri Jul 14 16:31:11 2023 [Team] SunshineSuperma (Blue): now
Fri Jul 14 16:31:13 2023 [Team] SunshineSuperma (Blue): fuckin now
Fri Jul 14 16:31:13 2023 Harry (Blue) [Headshot] R0tc1v (Red)
Fri Jul 14 16:31:14 2023 [Team] minazavr (Blue): ok!
Fri Jul 14 16:31:17 2023 Bielespart (Blue) [Fall]
Fri Jul 14 16:31:18 2023 BOQUITA PASION (Red) [SMG] JaaJ034 (Blue)
Fri Jul 14 16:31:19 2023 [Team] minazavr (Blue): go diggin
Fri Jul 14 16:31:22 2023 Blockhead (Blue) [Grenade]
Fri Jul 14 16:31:26 2023 TRUMP ON VPN joined Red team
Fri Jul 14 16:31:27 2023 SunshineSuperma (Blue) [SMG] Cheese (Red)
Fri Jul 14 16:31:28 2023 DooM (Red) [Headshot] SunshineSuperma (Blue)
Fri Jul 14 16:31:29 2023 Agarrett captured Red's Intel.
Fri Jul 14 16:31:29 2023  With 1391 blocks placed, Agarrett is granted the right to unleash the apocalypse.
Fri Jul 14 16:31:31 2023  Mahalo for playing aloha.pk tower of babel
Fri Jul 14 16:31:32 2023 DooM picked up Blue's Intel.
Fri Jul 14 16:31:36 2023 Agarrett (Blue) [Fall]
Fri Jul 14 16:31:38 2023 Harry (Blue) [Headshot] Nightmare (Red)
Fri Jul 14 16:31:39 2023 Aennish (Blue) [Rifle] Peblo (Red)
Fri Jul 14 16:31:40 2023 [Global] Agarrett (Blue): the lag is unreal
Fri Jul 14 16:31:41 2023  Agarrett has unleashed an apocalypse from God.
Fri Jul 14 16:31:41 2023 BOQUITA PASION (Red) [Headshot] Zaaman (Blue)
Fri Jul 14 16:31:43 2023  The apocalypse begins in 5
Fri Jul 14 16:31:44 2023  The apocalypse begins in 4
Fri Jul 14 16:31:44 2023 [Global] Nightmare (Red): but its real!
Fri Jul 14 16:31:45 2023  The apocalypse begins in 3
Fri Jul 14 16:31:46 2023 Blockhead (Blue) [Headshot] supermonkey48 (Red)
Fri Jul 14 16:31:46 2023  No proxy allowed
Fri Jul 14 16:31:46 2023 [Global] JaZZ (Red): oh its very real
Fri Jul 14 16:31:46 2023  The apocalypse begins in 2
Fri Jul 14 16:31:46 2023  TRUMP ON VPN was banned.
Fri Jul 14 16:31:46 2023 Player TRUMP ON VPN has left
Fri Jul 14 16:31:47 2023  The apocalypse begins in 1
Fri Jul 14 16:31:47 2023 BOQUITA PASION (Red) [Headshot] sreman (Blue)
Fri Jul 14 16:31:48 2023 Harry (Blue) [Headshot] R0tc1v (Red)
Fri Jul 14 16:31:50 2023 Agarrett (Blue) [Grenade] [KTZ] iza (Red)
Fri Jul 14 16:31:50 2023 Agarrett (Blue) [Grenade] Nightmare (Red)
Fri Jul 14 16:31:50 2023 Agarrett (Blue) [Grenade] supermonkey48 (Red)
Fri Jul 14 16:31:51 2023 Agarrett (Blue) [Grenade] Peblo (Red)
Fri Jul 14 16:31:52 2023 DooM dropped Blue's Intel
Fri Jul 14 16:31:52 2023  The intel has returned to the heavens
Fri Jul 14 16:31:52 2023 Agarrett (Blue) [Grenade] DooM (Red)
Fri Jul 14 16:31:52 2023 BOQUITA PASION (Red) [Headshot] Blockhead (Blue)
Fri Jul 14 16:31:52 2023 [Global] Nightmare (Red): its so unreal that its real
Fri Jul 14 16:31:53 2023 Blockhead (Blue) [Grenade] Deuce12 (Red)
Fri Jul 14 16:31:59 2023 BOQUITA PASION (Red) [Headshot] JaaJ034 (Blue)
Fri Jul 14 16:32:00 2023 [KTZ] smb picked up Blue's Intel.
Fri Jul 14 16:32:01 2023  Build a tower to get the enemy's intel. Take it to your team's tent to win!
Fri Jul 14 16:32:01 2023 Agarrett (Blue) [Grenade] R0tc1v (Red)
Fri Jul 14 16:32:01 2023  The apocalypse has ended.
Fri Jul 14 16:32:03 2023 BOQUITA PASION (Red) [SMG] Blockhead (Blue)
Fri Jul 14 16:32:11 2023 Aennish (Blue) [Headshot] BOQUITA PASION (Red)
Fri Jul 14 16:32:12 2023 [KTZ] smb dropped Blue's Intel
Fri Jul 14 16:32:12 2023 Aennish (Blue) [Headshot] [KTZ] smb (Red)
Fri Jul 14 16:32:14 2023 Nightmare (Red) [Grenade] Bielespart (Blue)
Fri Jul 14 16:32:14 2023 Agarrett picked up Red's Intel.
Fri Jul 14 16:32:15 2023 SunshineSuperma (Blue) [Headshot] JaZZ (Red)
Fri Jul 14 16:32:15 2023 minazavr (Blue) [Headshot] R0tc1v (Red)
Fri Jul 14 16:32:15 2023 Nightmare (Red) [Headshot] minazavr (Blue)
Fri Jul 14 16:32:18 2023 kefyyr joined Blue team
Fri Jul 14 16:32:18 2023 [Team] minazavr (Blue): go diggin
Fri Jul 14 16:32:21 2023 SunshineSuperma (Blue) [Headshot] Nightmare (Red)
Fri Jul 14 16:32:26 2023 [Global] R0tc1v (Red): this is pure chaos
Fri Jul 14 16:32:29 2023 mementomarie joined Red team
Fri Jul 14 16:32:30 2023 Agarrett captured Red's Intel.
Fri Jul 14 16:32:31 2023  Type /HELP for info & commands
Fri Jul 14 16:32:32 2023 SunshineSuperma (Blue) [Headshot] JaZZ (Red)
Fri Jul 14 16:32:33 2023 [Global] Nightmare (Red): ENTROPY RAISES
Fri Jul 14 16:32:36 2023 SunshineSuperma (Blue) [Headshot] R0tc1v (Red)
Fri Jul 14 16:32:36 2023 mementomarie (Red) [Headshot] SunshineSuperma (Blue)
Fri Jul 14 16:32:36 2023 sreman (Blue) [Fall]
Fri Jul 14 16:32:38 2023 supermonkey48 picked up Blue's Intel.
Fri Jul 14 16:32:39 2023 minazavr (Blue) [SMG] Cheese (Red)
Fri Jul 14 16:32:40 2023 DooM (Red) [Headshot] Yanitos_salame (Blue)
Fri Jul 14 16:32:40 2023 supermonkey48 dropped Blue's Intel
Fri Jul 14 16:32:40 2023 minazavr (Blue) [Headshot] supermonkey48 (Red)
Fri Jul 14 16:32:41 2023 [KTZ] smb (Red) [Headshot] Harry (Blue)
Fri Jul 14 16:32:42 2023 minazavr (Blue) [SMG] DooM (Red)
Fri Jul 14 16:32:43 2023 Nightmare (Red) [Melee] Blockhead (Blue)
Fri Jul 14 16:32:48 2023 minazavr (Blue) [Headshot] BOQUITA PASION (Red)
Fri Jul 14 16:32:51 2023 DooM (Red) [Fall]
Fri Jul 14 16:32:51 2023 Agarrett picked up Red's Intel.
Fri Jul 14 16:32:51 2023 ^^Carlos_Duty^^ joined Red team
Fri Jul 14 16:32:55 2023 minazavr (Blue) [Headshot] Peblo (Red)
Fri Jul 14 16:32:58 2023 [Team] SunshineSuperma (Blue): lol 3 mins ago their tower was like on two blocks
Fri Jul 14 16:33:01 2023  Visit our community forums at https://aloha.pk/
Fri Jul 14 16:33:02 2023 minazavr (Blue) [Headshot] Deuce12 (Red)
Fri Jul 14 16:33:03 2023 [Team] SunshineSuperma (Blue): now its failed
Fri Jul 14 16:33:04 2023 Nightmare (Red) [Headshot] Blockhead (Blue)
Fri Jul 14 16:33:05 2023 minazavr (Blue) [Headshot] Remo (Red)
Fri Jul 14 16:33:08 2023 Nightmare (Red) [Headshot] Harry (Blue)
Fri Jul 14 16:33:08 2023 Sr.Vera (Blue) [Headshot] supermonkey48 (Red)
Fri Jul 14 16:33:08 2023 BOQUITA PASION (Red) [Headshot] Zaaman (Blue)
Fri Jul 14 16:33:09 2023 SunshineSuperma (Blue) [SMG] Nightmare (Red)
Fri Jul 14 16:33:10 2023 mementomarie (Red) [Headshot] JaaJ034 (Blue)
Fri Jul 14 16:33:12 2023 Agarrett captured Red's Intel.
Fri Jul 14 16:33:14 2023 ^^Carlos_Duty^^ (Red) [Fall]
Fri Jul 14 16:33:14 2023 mementomarie (Red) [Headshot] kefyyr (Blue)
Fri Jul 14 16:33:15 2023 Cheese (Red) [Headshot] Sr.Vera (Blue)
Fri Jul 14 16:33:17 2023 Yanitos_salame picked up Red's Intel.
Fri Jul 14 16:33:19 2023 Player kefyyr has left
Fri Jul 14 16:33:20 2023 Yanitos_salame dropped Red's Intel
Fri Jul 14 16:33:20 2023 Ding (Red) [Headshot] Yanitos_salame (Blue)
Fri Jul 14 16:33:20 2023 minazavr (Blue) [SMG] Ding (Red)
Fri Jul 14 16:33:22 2023 DooM (Red) [Grenade] sreman (Blue)
Fri Jul 14 16:33:24 2023 minazavr (Blue) [Headshot] Peblo (Red)
Fri Jul 14 16:33:24 2023 sreman (Blue) [Grenade] DooM (Red)
Fri Jul 14 16:33:31 2023 JaaJ034 (Blue) [Headshot] Nightmare (Red)
Fri Jul 14 16:33:31 2023  Come chat with us at https://discord.aloha.pk/
Fri Jul 14 16:33:32 2023 minazavr (Blue) [Headshot] BOQUITA PASION (Red)
Fri Jul 14 16:33:33 2023 Cheese (Red) [Headshot] Blockhead (Blue)
Fri Jul 14 16:33:35 2023 Agarrett picked up Red's Intel.
Fri Jul 14 16:33:38 2023 Deuce12 (Red) [Headshot] minazavr (Blue)
Fri Jul 14 16:33:38 2023 SunshineSuperma (Blue) [Grenade] Ding (Red)
Fri Jul 14 16:33:38 2023 [KTZ] smb (Red) [Headshot] Yanitos_salame (Blue)
Fri Jul 14 16:33:39 2023 Sr.Vera (Blue) [Headshot] supermonkey48 (Red)
Fri Jul 14 16:33:44 2023 Player supermonkey48 has left
Fri Jul 14 16:33:45 2023 JaZZ (Red) [Headshot] SunshineSuperma (Blue)
Fri Jul 14 16:33:45 2023 JaaJ034 (Blue) [Headshot] [KTZ] iza (Red)
Fri Jul 14 16:33:47 2023 Cheese (Red) [Headshot] Sr.Vera (Blue)
Fri Jul 14 16:33:47 2023 [Global] SunshineSuperma (Blue): hmm
Fri Jul 14 16:33:48 2023 Deuce12 (Red) [Headshot] Harry (Blue)
Fri Jul 14 16:33:48 2023 Sr.Vera (Blue) [Grenade] Cheese (Red)
Fri Jul 14 16:33:50 2023 mementomarie (Red) [Headshot] sreman (Blue)
Fri Jul 14 16:33:50 2023 JaZZ (Red) [Fall]
Fri Jul 14 16:33:53 2023 Player sreman has left
Fri Jul 14 16:33:54 2023 Deuce12 (Red) [Headshot] Bielespart (Blue)
Fri Jul 14 16:33:54 2023 Zaaman (Blue) [Headshot] Deuce12 (Red)
Fri Jul 14 16:33:56 2023 Agarrett captured Red's Intel.
Fri Jul 14 16:33:58 2023 Peblo (Red) [Headshot] JaaJ034 (Blue)
Fri Jul 14 16:33:59 2023 Nightmare (Red) [Rifle] Zaaman (Blue)
Fri Jul 14 16:33:59 2023 [KTZ] smb (Red) [SMG] Blockhead (Blue)
Fri Jul 14 16:34:00 2023 BOQUITA PASION (Red) [Fall]
Fri Jul 14 16:34:01 2023  If you believe a player is breaking the rules, please let us know with /ADMIN
Fri Jul 14 16:34:02 2023 SunshineSuperma (Blue) [SMG] Nightmare (Red)
Fri Jul 14 16:34:06 2023 Harry (Blue) [Headshot] DooM (Red)
Fri Jul 14 16:34:06 2023 R0tc1v (Red) [Shotgun] SunshineSuperma (Blue)
Fri Jul 14 16:34:06 2023 Peblo (Red) [SMG] Bielespart (Blue)
Fri Jul 14 16:34:08 2023 R0tc1v (Red) [Headshot] Yanitos_salame (Blue)
Fri Jul 14 16:34:09 2023 Harry (Blue) [Rifle] R0tc1v (Red)
Fri Jul 14 16:34:10 2023 [Global] SunshineSuperma (Blue): hmmmmm
Fri Jul 14 16:34:11 2023 Player DooM has left
Fri Jul 14 16:34:12 2023 minazavr (Blue) [SMG] Peblo (Red)
Fri Jul 14 16:34:14 2023 Blockhead (Blue) [SMG] [KTZ] smb (Red)
Fri Jul 14 16:34:16 2023 Agarrett picked up Red's Intel.
Fri Jul 14 16:34:19 2023 Agarrett dropped Red's Intel
Fri Jul 14 16:34:19 2023 Ding (Red) [SMG] Agarrett (Blue)
Fri Jul 14 16:34:19 2023 BOQUITA PASION (Red) [Team Change]
Fri Jul 14 16:34:21 2023 JaaJ034 (Blue) [Fall]
Fri Jul 14 16:34:24 2023 BOQUITA PASION joined Blue team
Fri Jul 14 16:34:25 2023 minazavr (Blue) [Headshot] Ding (Red)
Fri Jul 14 16:34:28 2023 minazavr (Blue) [Headshot] Deuce12 (Red)
Fri Jul 14 16:34:30 2023 ^^Carlos_Duty^^ (Red) [SMG] Blockhead (Blue)
Fri Jul 14 16:34:31 2023  Mahalo for playing aloha.pk tower of babel
Fri Jul 14 16:34:31 2023 Cheese (Red) [Headshot] Yanitos_salame (Blue)
Fri Jul 14 16:34:32 2023 [KTZ] iza (Red) [Weapon Change]
Fri Jul 14 16:34:33 2023 Nightmare (Red) [Rifle] minazavr (Blue)
Fri Jul 14 16:34:33 2023 sreman joined Blue team
Fri Jul 14 16:34:34 2023 mementomarie (Red) [Headshot] SunshineSuperma (Blue)
Fri Jul 14 16:34:36 2023 Zaaman (Blue) [Headshot] R0tc1v (Red)
Fri Jul 14 16:34:36 2023 [Global] SunshineSuperma (Blue): ??
Fri Jul 14 16:34:37 2023 [Team] minazavr (Blue): GO GO UP WE CAN
Fri Jul 14 16:34:38 2023 mementomarie (Red) [Headshot] Agarrett (Blue)
Fri Jul 14 16:34:40 2023 supermonkey48 joined Blue team
Fri Jul 14 16:34:44 2023 Sr.Vera (Blue) [Headshot] Cheese (Red)
Fri Jul 14 16:34:45 2023 Deuce2 joined Red team
Fri Jul 14 16:34:49 2023 ^^Carlos_Duty^^ (Red) [Headshot] Yanitos_salame (Blue)
Fri Jul 14 16:34:50 2023 Player BOQUITA PASION has left
Fri Jul 14 16:34:51 2023 Zaaman picked up Red's Intel.
Fri Jul 14 16:34:51 2023 Zaaman dropped Red's Intel
Fri Jul 14 16:34:51 2023 Peblo (Red) [Rifle] Zaaman (Blue)
Fri Jul 14 16:34:52 2023 SunshineSuperma (Blue) [Headshot] Peblo (Red)
Fri Jul 14 16:34:55 2023 SunshineSuperma (Blue) [Headshot] JaZZ (Red)
Fri Jul 14 16:34:56 2023 Nightmare (Red) [Headshot] SunshineSuperma (Blue)
Fri Jul 14 16:35:00 2023 [KTZ] smb (Red) [Headshot] Aennish (Blue)
Fri Jul 14 16:35:01 2023  Build a tower to get the enemy's intel. Take it to your team's tent to win!
Fri Jul 14 16:35:05 2023 sborrax joined Blue team
Fri Jul 14 16:35:06 2023 Harry (Blue) [Headshot] Deuce2 (Red)
Fri Jul 14 16:35:10 2023 Blockhead (Blue) [Headshot] ^^Carlos_Duty^^ (Red)
Fri Jul 14 16:35:10 2023 sreman (Blue) [Rifle] Deuce12 (Red)
Fri Jul 14 16:35:12 2023 Cheese (Red) [Headshot] Bielespart (Blue)
Fri Jul 14 16:35:12 2023 Deuce12 joined Blue team
Fri Jul 14 16:35:19 2023 mementomarie (Red) [Rifle] minazavr (Blue)
Fri Jul 14 16:35:19 2023 Zaaman (Blue) [Headshot] R0tc1v (Red)
Fri Jul 14 16:35:20 2023 [KTZ] smb (Red) [Headshot] Harry (Blue)
Fri Jul 14 16:35:20 2023 [KTZ] smb (Red) [Headshot] JaaJ034 (Blue)
Fri Jul 14 16:35:22 2023 Blockhead (Blue) [SMG] Ding (Red)
Fri Jul 14 16:35:22 2023 Cheese (Red) [Headshot] Zaaman (Blue)
Fri Jul 14 16:35:24 2023 Cheese (Red) [Rifle] Yanitos_salame (Blue)
Fri Jul 14 16:35:24 2023 supermonkey48 (Blue) [Headshot] [KTZ] smb (Red)
Fri Jul 14 16:35:25 2023 Nightmare (Red) [Headshot] supermonkey48 (Blue)
Fri Jul 14 16:35:26 2023 [Team] minazavr (Blue): builn normal stairs!
Fri Jul 14 16:35:28 2023 Polob joined Spectator team
Fri Jul 14 16:35:29 2023 [Team] minazavr (Blue): retarsd?
Fri Jul 14 16:35:31 2023  Type /HELP for info & commands
Fri Jul 14 16:35:33 2023 Cheese picked up Blue's Intel.
Fri Jul 14 16:35:36 2023 Cheese dropped Blue's Intel
Fri Jul 14 16:35:36 2023 Bielespart (Blue) [SMG] Cheese (Red)
Fri Jul 14 16:35:36 2023 Nightmare (Red) [Headshot] Bielespart (Blue)
Fri Jul 14 16:35:37 2023 Peblo (Red) [Headshot] SunshineSuperma (Blue)
Fri Jul 14 16:35:39 2023 mementomarie (Red) [Rifle] sreman (Blue)
Fri Jul 14 16:35:39 2023 Peblo picked up Blue's Intel.
Fri Jul 14 16:35:39 2023 sborrax (Blue) [Fall]
Fri Jul 14 16:35:45 2023 [Global] SunshineSuperma (Blue): hm
Fri Jul 14 16:35:46 2023 Harry (Blue) [Rifle] [KTZ] iza (Red)
Fri Jul 14 16:35:49 2023 minazavr (Blue) [SMG] mementomarie (Red)
Fri Jul 14 16:35:51 2023 [Global] SunshineSuperma (Blue): strange
Fri Jul 14 16:35:51 2023 Player Cheese has left
Fri Jul 14 16:35:52 2023 supermonkey48 (Blue) [Headshot] JaZZ (Red)
Fri Jul 14 16:35:52 2023 Deuce2 (Red) [Headshot] supermonkey48 (Blue)
Fri Jul 14 16:35:53 2023 Deuce2 (Red) [Grenade] sreman (Blue)
Fri Jul 14 16:35:54 2023 Deuce2 (Red) [Headshot] Agarrett (Blue)
Fri Jul 14 16:35:55 2023 minazavr (Blue) [Headshot] Remo (Red)
Fri Jul 14 16:35:55 2023 Deuce2 (Red) [Headshot] Aennish (Blue)
Fri Jul 14 16:35:59 2023 [Global] Agarrett (Blue): so close
Fri Jul 14 16:35:59 2023 raptor joined Red team
Fri Jul 14 16:36:01 2023  Visit our community forums at https://aloha.pk/
Fri Jul 14 16:36:01 2023 SunshineSuperma (Blue) [SMG] Ding (Red)
Fri Jul 14 16:36:04 2023 Peblo captured Blue's Intel.
Fri Jul 14 16:36:06 2023 Bielespart (Blue) [Fall]
Fri Jul 14 16:36:07 2023 minazavr (Blue) [Headshot] Remo (Red)
Fri Jul 14 16:36:08 2023 JaaJ034 (Blue) [Headshot] [KTZ] smb (Red)
Fri Jul 14 16:36:09 2023 Deuce2 (Red) [Headshot] JaaJ034 (Blue)
Fri Jul 14 16:36:11 2023 Yanitos_salame (Blue) [Rifle] [KTZ] iza (Red)
Fri Jul 14 16:36:13 2023 Zaaman (Blue) [Headshot] R0tc1v (Red)
Fri Jul 14 16:36:14 2023 minazavr (Blue) [SMG] Ding (Red)
Fri Jul 14 16:36:14 2023 minazavr (Blue) [Headshot] [KTZ] smb (Red)
Fri Jul 14 16:36:15 2023 monowavy joined Red team
Fri Jul 14 16:36:19 2023 Zaaman (Blue) [Rifle] Deuce2 (Red)
Fri Jul 14 16:36:22 2023 SunshineSuperma (Blue) [SMG] mementomarie (Red)
Fri Jul 14 16:36:25 2023 Nightmare (Red) [Headshot] Agarrett (Blue)
Fri Jul 14 16:36:25 2023 minazavr (Blue) [SMG] Deuce2 (Red)
Fri Jul 14 16:36:27 2023 Zaaman (Blue) [Headshot] Peblo (Red)
Fri Jul 14 16:36:28 2023 minazavr (Blue) [Headshot] [KTZ] smb (Red)
Fri Jul 14 16:36:30 2023 Zaaman (Blue) [Headshot] raptor (Red)
Fri Jul 14 16:36:31 2023 TRUMP ON VPN joined Red team
Fri Jul 14 16:36:31 2023  Come chat with us at https://discord.aloha.pk/
Fri Jul 14 16:36:32 2023 Nightmare (Red) [Headshot] JaaJ034 (Blue)
Fri Jul 14 16:36:32 2023  No proxy allowed
Fri Jul 14 16:36:33 2023  TRUMP ON VPN was banned.
Fri Jul 14 16:36:33 2023 Player TRUMP ON VPN has left
Fri Jul 14 16:36:39 2023 Nightmare (Red) [Headshot] Aennish (Blue)
Fri Jul 14 16:36:39 2023 SunshineSuperma (Blue) [SMG] [KTZ] iza (Red)
Fri Jul 14 16:36:40 2023 minazavr (Blue) [SMG] Ding (Red)
Fri Jul 14 16:36:41 2023 monowavy (Red) [Headshot] minazavr (Blue)
Fri Jul 14 16:36:43 2023 Yanitos_salame (Blue) [Headshot] JaZZ (Red)
Fri Jul 14 16:36:45 2023 SunshineSuperma (Blue) [SMG] monowavy (Red)
Fri Jul 14 16:36:47 2023 Sr.Vera (Blue) [Headshot] ^^Carlos_Duty^^ (Red)
Fri Jul 14 16:36:48 2023 R0tc1v (Red) [Grenade]
Fri Jul 14 16:36:48 2023 R0tc1v (Red) [Grenade] Yanitos_salame (Blue)
Fri Jul 14 16:36:52 2023 mementomarie (Red) [Melee] Blockhead (Blue)
Fri Jul 14 16:36:55 2023 Peblo (Red) [Headshot] sreman (Blue)
Fri Jul 14 16:36:57 2023 Deuce2 (Red) [Rifle] sborrax (Blue)
Fri Jul 14 16:36:58 2023 Harry (Blue) [Headshot] Peblo (Red)
Fri Jul 14 16:37:01 2023 SunshineSuperma (Blue) [Melee] raptor (Red)
Fri Jul 14 16:37:01 2023 Player Yanitos_salame has left
Fri Jul 14 16:37:01 2023 [KTZ] smb (Red) [Headshot] supermonkey48 (Blue)
Fri Jul 14 16:37:01 2023  If you believe a player is breaking the rules, please let us know with /ADMIN
Fri Jul 14 16:37:03 2023 Deuce12 (Blue) [Fall]
Fri Jul 14 16:37:05 2023 Zaaman (Blue) [Headshot] [KTZ] smb (Red)
Fri Jul 14 16:37:05 2023 SunshineSuperma (Blue) [SMG] monowavy (Red)
Fri Jul 14 16:37:05 2023 Deuce2 (Red) [Headshot] Zaaman (Blue)
Fri Jul 14 16:37:09 2023 [Global] Zaaman (Blue): UPPPPPO
Fri Jul 14 16:37:09 2023 SunshineSuperma (Blue) [Headshot] mementomarie (Red)
Fri Jul 14 16:37:13 2023 minazavr (Blue) [Fall]
Fri Jul 14 16:37:15 2023 SunshineSuperma (Blue) [Headshot] raptor (Red)
Fri Jul 14 16:37:15 2023 [Team] minazavr (Blue): WTF!
Fri Jul 14 16:37:16 2023 Blockhead (Blue) [Headshot] [KTZ] iza (Red)
Fri Jul 14 16:37:16 2023 Ding picked up Blue's Intel.
Fri Jul 14 16:37:17 2023 SunshineSuperma (Blue) [Headshot] ^^Carlos_Duty^^ (Red)
Fri Jul 14 16:37:17 2023 JaZZ (Red) [Headshot] sreman (Blue)
Fri Jul 14 16:37:18 2023 Bielespart (Blue) [Fall]
Fri Jul 14 16:37:20 2023 [Team] minazavr (Blue): build normal staier!!!!
Fri Jul 14 16:37:21 2023 SunshineSuperma (Blue) [Headshot] mementomarie (Red)
Fri Jul 14 16:37:22 2023 [Team] minazavr (Blue): build normal staier!!!!
Fri Jul 14 16:37:23 2023 riddick joined Red team
Fri Jul 14 16:37:27 2023 Zaaman (Blue) [Rifle] JaZZ (Red)
Fri Jul 14 16:37:29 2023 Zaaman (Blue) [Headshot] Deuce2 (Red)
Fri Jul 14 16:37:30 2023 R0tc1v (Red) [Headshot] Zaaman (Blue)
Fri Jul 14 16:37:31 2023 SunshineSuperma (Blue) [Headshot] [KTZ] iza (Red)
Fri Jul 14 16:37:31 2023  Mahalo for playing aloha.pk tower of babel
Fri Jul 14 16:37:34 2023 [Global] Zaaman (Blue): GG
Fri Jul 14 16:37:35 2023 Harry (Blue) [Rifle] monowavy (Red)
Fri Jul 14 16:37:35 2023 [Global] JaZZ (Red): GEE GEE 
Fri Jul 14 16:37:37 2023 Nightmare (Red) [Headshot] Deuce12 (Blue)
Fri Jul 14 16:37:37 2023 [Global] JaZZ (Red): DAMN
Fri Jul 14 16:37:41 2023 SunshineSuperma (Blue) [SMG] riddick (Red)
Fri Jul 14 16:37:41 2023 Harry (Blue) [Headshot] ^^Carlos_Duty^^ (Red)
Fri Jul 14 16:37:42 2023 [Global] Nightmare (Red): GG
Fri Jul 14 16:37:42 2023 minazavr (Blue) [Headshot] Remo (Red)
Fri Jul 14 16:37:45 2023 Ding captured Blue's Intel.
Fri Jul 14 16:37:45 2023 Red Wins!
Fri Jul 14 16:37:45 2023  Game finished! Next map: capitol.
Fri Jul 14 16:37:46 2023 Harry (Blue) [Headshot] ^^Carlos_Duty^^ (Red)
Fri Jul 14 16:37:46 2023 JaZZ (Red) [SMG] Blockhead (Blue)
Fri Jul 14 16:37:46 2023 JaZZ (Red) [SMG] Blockhead (Blue)
Fri Jul 14 16:37:47 2023 [Global] Zaaman (Blue): CLOSE GAME
Fri Jul 14 16:37:47 2023 Deuce2 (Red) [Headshot] minazavr (Blue)
Fri Jul 14 16:37:48 2023 riddick (Red) [Rifle] sreman (Blue)
Fri Jul 14 16:37:48 2023 monowavy (Red) [SMG] sreman (Blue)
Fri Jul 14 16:37:48 2023 JaZZ (Red) [Headshot] sborrax (Blue)
Fri Jul 14 16:37:48 2023 Deuce2 (Red) [Rifle] Agarrett (Blue)
Fri Jul 14 16:37:48 2023 Sr.Vera (Blue) [Headshot] JaZZ (Red)
Fri Jul 14 16:37:49 2023 Deuce12 (Blue) [SMG] [KTZ] iza (Red)
Fri Jul 14 16:37:49 2023 Peblo (Red) [Headshot] supermonkey48 (Blue)
Fri Jul 14 16:37:49 2023 Harry (Blue) [Headshot] Deuce2 (Red)
Fri Jul 14 16:37:49 2023 Ding (Red) [Fall]
Fri Jul 14 16:37:50 2023 Player Agarrett has left
Fri Jul 14 16:37:50 2023 [KTZ] smb (Red) [SMG] SunshineSuperma (Blue)
Fri Jul 14 16:37:50 2023 [KTZ] smb (Red) [SMG] SunshineSuperma (Blue)
Fri Jul 14 16:37:50 2023 Nightmare (Red) [Fall]
Fri Jul 14 16:37:50 2023 [KTZ] smb (Red) [SMG] Bielespart (Blue)
Fri Jul 14 16:37:50 2023 [KTZ] smb (Red) [SMG] Bielespart (Blue)
Fri Jul 14 16:37:50 2023 Harry (Blue) [Rifle] Peblo (Red)
Fri Jul 14 16:37:51 2023 Zaaman (Blue) [Headshot] Remo (Red)
Fri Jul 14 16:37:51 2023 [Global] SunshineSuperma (Blue): jazzes dream is tru
Fri Jul 14 16:37:51 2023 [KTZ] smb (Red) [SMG] JaaJ034 (Blue)
Fri Jul 14 16:37:52 2023 Zaaman (Blue) [Grenade] raptor (Red)
Fri Jul 14 16:37:52 2023 Zaaman (Blue) [Grenade] [KTZ] smb (Red)
Fri Jul 14 16:37:52 2023 Zaaman (Blue) [Headshot] raptor (Red)
Fri Jul 14 16:37:52 2023 [Global] Ding (Red): goood game
Fri Jul 14 16:37:52 2023 R0tc1v (Red) [SMG] Zaaman (Blue)
Fri Jul 14 16:37:52 2023 Sr.Vera (Blue) [Grenade] mementomarie (Red)
Fri Jul 14 16:37:52 2023 Zaaman (Blue) [Grenade] R0tc1v (Red)
Fri Jul 14 16:37:52 2023 Harry (Blue) [Rifle] R0tc1v (Red)
Fri Jul 14 16:37:53 2023 Sr.Vera (Blue) [Grenade] riddick (Red)
Fri Jul 14 16:37:54 2023 Sr.Vera (Blue) [Rifle] monowavy (Red)
Fri Jul 14 16:37:57 2023 ------ World Unloaded ------
Fri Jul 14 16:38:09 2023 ------ World Loaded ------
Fri Jul 14 16:38:09 2023 riddick joined Red team
Fri Jul 14 16:38:09 2023 mementomarie joined Blue team
Fri Jul 14 16:38:09 2023 Welcome to aloha.pk tower of babel
Fri Jul 14 16:38:10 2023 Map: Capitol by Ki11aWi11
Fri Jul 14 16:38:12 2023 ^^Carlos_Duty^^ joined Red team
Fri Jul 14 16:38:12 2023 Aennish joined Blue team
Fri Jul 14 16:38:12 2023 Deuce2 joined Blue team
Fri Jul 14 16:38:12 2023 Game mode: Tower of Babel by Yourself, modified by izzy
Fri Jul 14 16:38:14 2023 sreman joined Red team
Fri Jul 14 16:38:15 2023 Bielespart joined Blue team
Fri Jul 14 16:38:15 2023 JaZZ joined Blue team
Fri Jul 14 16:38:16 2023 Build a tower to get the enemy's intel. Take it to your team's tent to win!
Fri Jul 14 16:38:16 2023 Remo joined Red team
Fri Jul 14 16:38:16 2023 raptor joined Blue team
Fri Jul 14 16:38:16 2023 Visit our community forums at https://aloha.pk/
Fri Jul 14 16:38:17 2023 minazavr joined Blue team
Fri Jul 14 16:38:18 2023 R0tc1v joined Red team
Fri Jul 14 16:38:18 2023 Come chat with us at https://discord.aloha.pk/
Fri Jul 14 16:38:19 2023 Zaaman joined Blue team
Fri Jul 14 16:38:21 2023 Ding joined Red team
Fri Jul 14 16:38:21 2023 sborrax joined Red team
Fri Jul 14 16:38:22 2023 Blockhead joined Blue team
Fri Jul 14 16:38:27 2023 monowavy joined Blue team
Fri Jul 14 16:38:31 2023  Type /HELP for info & commands
Fri Jul 14 16:38:32 2023 Player Aennish has left
Fri Jul 14 16:38:32 2023 Nightmare joined Red team
Fri Jul 14 16:38:36 2023 Polob joined Blue team
Fri Jul 14 16:38:43 2023 riddick (Red) [Headshot] mementomarie (Blue)
Fri Jul 14 16:38:45 2023 [Global] R0tc1v (Red): Hmmmmmm
Fri Jul 14 16:38:45 2023 Sr.Vera joined Red team
Fri Jul 14 16:38:47 2023 Deuce12 joined Red team
Fri Jul 14 16:38:50 2023 supermonkey48 joined Red team
Fri Jul 14 16:38:51 2023 sreman (Red) [Headshot] Zaaman (Blue)
Fri Jul 14 16:38:53 2023 [Global] R0tc1v (Red): LAAAAGG
Fri Jul 14 16:38:57 2023 [Global] Zaaman (Blue): LAGGGGGGGGGGGGGG
Fri Jul 14 16:38:59 2023 sreman (Red) [Headshot] Deuce2 (Blue)
Fri Jul 14 16:39:00 2023 Harry (Red) [Rifle] mementomarie (Blue)
Fri Jul 14 16:39:01 2023 [Global] minazavr (Blue): WAIT MINUTE
Fri Jul 14 16:39:01 2023  Visit our community forums at https://aloha.pk/
Fri Jul 14 16:39:02 2023 minazavr (Blue) [Headshot] sreman (Red)
Fri Jul 14 16:39:13 2023 Nightmare (Red) [Headshot] minazavr (Blue)
Fri Jul 14 16:39:15 2023 Polob (Blue) [Headshot] Harry (Red)
Fri Jul 14 16:39:18 2023 [Global] minazavr (Blue): WTF? LAGS
Fri Jul 14 16:39:26 2023 Nightmare (Red) [Headshot] Polob (Blue)
Fri Jul 14 16:39:29 2023 fuck ..... 2.0 joined Blue team
Fri Jul 14 16:39:31 2023 Deuce2 (Blue) [Headshot] Sr.Vera (Red)
Fri Jul 14 16:39:31 2023  Come chat with us at https://discord.aloha.pk/
Fri Jul 14 16:39:32 2023 sborrax (Red) [Fall]
Fri Jul 14 16:39:39 2023 mementomarie (Blue) [Headshot] sreman (Red)
Fri Jul 14 16:39:40 2023 You must be closer to the enemy's base to shoot blocks!
Fri Jul 14 16:39:43 2023 You must be closer to the enemy's base to shoot blocks!
Fri Jul 14 16:39:45 2023 Vander joined Blue team
Fri Jul 14 16:39:45 2023 Deuce2 (Blue) [Headshot] Deuce12 (Red)
Fri Jul 14 16:39:49 2023 Deuce2 (Blue) [Headshot] supermonkey48 (Red)
Fri Jul 14 16:39:54 2023 minazavr (Blue) [SMG] R0tc1v (Red)
Fri Jul 14 16:39:56 2023 fuck ..... 2.0 (Blue) [SMG] Nightmare (Red)
Fri Jul 14 16:39:59 2023 riddick (Red) [Headshot] Vander (Blue)
Fri Jul 14 16:40:01 2023 [Global] Nightmare (Red): well... fuck....
Fri Jul 14 16:40:01 2023  If you believe a player is breaking the rules, please let us know with /ADMIN
Fri Jul 14 16:40:08 2023 Harry (Red) [Headshot] Bielespart (Blue)
Fri Jul 14 16:40:11 2023 ^^Carlos_Duty^^ (Red) [Rifle] Deuce2 (Blue)
Fri Jul 14 16:40:13 2023 Harry (Red) [Headshot] Zaaman (Blue)
Fri Jul 14 16:40:16 2023 minazavr (Blue) [SMG] Ding (Red)
Fri Jul 14 16:40:18 2023 sborrax (Red) [Fall]
Fri Jul 14 16:40:18 2023 [Team] Ding (Red): <<<<<
Fri Jul 14 16:40:18 2023 ^^Carlos_Duty^^ (Red) [Headshot] Vander (Blue)
Fri Jul 14 16:40:18 2023 minazavr (Blue) [Headshot] Remo (Red)
Fri Jul 14 16:40:20 2023 mementomarie (Blue) [Headshot] supermonkey48 (Red)
Fri Jul 14 16:40:20 2023 [Global] Remo (Red): a
Fri Jul 14 16:40:21 2023 Nightmare (Red) [Headshot] minazavr (Blue)
Fri Jul 14 16:40:24 2023 [Team] Ding (Red): in red house
Fri Jul 14 16:40:25 2023 [Global] minazavr (Blue): LOL
Fri Jul 14 16:40:26 2023 riddick (Red) [Rifle] monowavy (Blue)
Fri Jul 14 16:40:26 2023 Deuce2 (Blue) [Rifle] Sr.Vera (Red)
Fri Jul 14 16:40:28 2023 riddick (Red) [Rifle] Polob (Blue)
Fri Jul 14 16:40:31 2023  Mahalo for playing aloha.pk tower of babel
Fri Jul 14 16:40:32 2023 Deuce2 (Blue) [Headshot] Harry (Red)
Fri Jul 14 16:40:44 2023 [Global] Nightmare (Red): jump scare xD?
Fri Jul 14 16:40:52 2023 riddick (Red) [Headshot] JaZZ (Blue)
Fri Jul 14 16:40:53 2023 [Team] Nightmare (Red): took care of it, respect+
Fri Jul 14 16:40:54 2023 Bielespart (Blue) [Rifle] sreman (Red)
Fri Jul 14 16:41:01 2023 minazavr (Blue) [SMG] Harry (Red)
Fri Jul 14 16:41:01 2023  Build a tower to get the enemy's intel. Take it to your team's tent to win!
Fri Jul 14 16:41:10 2023 sborrax (Red) [Shotgun] Vander (Blue)
Fri Jul 14 16:41:10 2023 sreman (Red) [Fall]
Fri Jul 14 16:41:24 2023 Deuce2 (Blue) [Rifle] sborrax (Red)
Fri Jul 14 16:41:31 2023  Type /HELP for info & commands
Fri Jul 14 16:41:41 2023 Bizonho joined Blue team
Fri Jul 14 16:41:47 2023 mementomarie (Blue) [Headshot] Ding (Red)
Fri Jul 14 16:41:51 2023 Deuce2 (Blue) [Headshot] Harry (Red)
Fri Jul 14 16:41:53 2023 [Global] monowavy (Blue): I'm totally gonna snipe with a shotgun
Fri Jul 14 16:41:55 2023 Nightmare (Red) [Grenade] Bielespart (Blue)
Fri Jul 14 16:41:56 2023 Sr.Vera (Red) [Headshot] minazavr (Blue)
Fri Jul 14 16:41:59 2023 Polob (Blue) [Headshot] riddick (Red)
Fri Jul 14 16:41:59 2023 mementomarie (Blue) [Headshot] supermonkey48 (Red)
Fri Jul 14 16:42:01 2023 [Global] Nightmare (Red): go ahead :D
Fri Jul 14 16:42:01 2023  Visit our community forums at https://aloha.pk/
Fri Jul 14 16:42:03 2023 Bizonho (Blue) [Fall]
Fri Jul 14 16:42:05 2023 Ding (Red) [Fall]
Fri Jul 14 16:42:07 2023 Deuce2 (Blue) [Headshot] Remo (Red)
Fri Jul 14 16:42:09 2023 [Global] riddick (Red): totally 
Fri Jul 14 16:42:11 2023 [Global] monowavy (Blue): actually that's kinda possible
Fri Jul 14 16:42:15 2023 Deuce2 (Blue) [Headshot] Harry (Red)
Fri Jul 14 16:42:16 2023 Bielespart (Blue) [Headshot] Deuce12 (Red)
Fri Jul 14 16:42:21 2023 Polob (Blue) [Headshot] sborrax (Red)
Fri Jul 14 16:42:29 2023 Vander (Blue) [Headshot] R0tc1v (Red)
Fri Jul 14 16:42:31 2023  Come chat with us at https://discord.aloha.pk/
Fri Jul 14 16:42:35 2023 Nightmare (Red) [Headshot] Zaaman (Blue)
Fri Jul 14 16:42:36 2023 Nightmare (Red) [Headshot] Polob (Blue)
Fri Jul 14 16:42:39 2023 minazavr (Blue) [Headshot] riddick (Red)
Fri Jul 14 16:42:41 2023 Sr.Vera (Red) [Headshot] monowavy (Blue)
Fri Jul 14 16:42:44 2023 Ding (Red) [Headshot] mementomarie (Blue)
Fri Jul 14 16:42:45 2023 Deuce2 (Blue) [Headshot] Remo (Red)
Fri Jul 14 16:42:49 2023 Deuce2 (Blue) [Rifle] sborrax (Red)
Fri Jul 14 16:42:49 2023 Nightmare (Red) [Melee] Bielespart (Blue)
Fri Jul 14 16:42:51 2023 Sr.Vera (Red) [Grenade] Bizonho (Blue)
Fri Jul 14 16:42:54 2023 Deuce2 (Blue) [Headshot] Deuce12 (Red)
Fri Jul 14 16:42:56 2023 Sr.Vera (Red) [Headshot] Zaaman (Blue)
Fri Jul 14 16:42:59 2023 Harry (Red) [Rifle] raptor (Blue)
Fri Jul 14 16:43:01 2023  If you believe a player is breaking the rules, please let us know with /ADMIN
Fri Jul 14 16:43:02 2023 Vander (Blue) [Headshot] Harry (Red)
Fri Jul 14 16:43:04 2023 monowavy (Blue) [Headshot] Sr.Vera (Red)
Fri Jul 14 16:43:10 2023 Deuce2 (Blue) [Headshot] supermonkey48 (Red)
Fri Jul 14 16:43:17 2023 Zaaman (Blue) [Headshot] Nightmare (Red)
Fri Jul 14 16:43:19 2023 Deuce2 (Blue) [Headshot] sreman (Red)
Fri Jul 14 16:43:24 2023 minazavr (Blue) [Headshot] sborrax (Red)
Fri Jul 14 16:43:25 2023 [Global] Nightmare (Red): on openspades especially
Fri Jul 14 16:43:30 2023 Deuce2 (Blue) [Headshot] Remo (Red)
Fri Jul 14 16:43:30 2023 Vander (Blue) [Headshot] R0tc1v (Red)
Fri Jul 14 16:43:31 2023  Mahalo for playing aloha.pk tower of babel
Fri Jul 14 16:43:32 2023 Sr.Vera (Red) [Grenade] Vander (Blue)
Fri Jul 14 16:43:34 2023 Deuce2 (Blue) [Headshot] Ding (Red)
Fri Jul 14 16:43:41 2023 minazavr (Blue) [SMG] Deuce12 (Red)
Fri Jul 14 16:43:42 2023 riddick (Red) [Headshot] Bielespart (Blue)
Fri Jul 14 16:43:43 2023 Zaaman (Blue) [Headshot] supermonkey48 (Red)
Fri Jul 14 16:43:49 2023 sborrax (Red) [Shotgun] Deuce2 (Blue)
Fri Jul 14 16:43:55 2023 Zaaman (Blue) [Headshot] Remo (Red)
Fri Jul 14 16:43:57 2023 [Global] Remo (Red): a
Fri Jul 14 16:43:59 2023 sreman (Red) [Headshot] Polob (Blue)
Fri Jul 14 16:43:59 2023 [Team] Remo (Red): go up
Fri Jul 14 16:44:00 2023 Nightmare (Red) [Headshot] fuck ..... 2.0 (Blue)
Fri Jul 14 16:44:01 2023  Build a tower to get the enemy's intel. Take it to your team's tent to win!
Fri Jul 14 16:44:02 2023 Harry (Red) [Headshot] JaZZ (Blue)
Fri Jul 14 16:44:02 2023 [Team] Remo (Red): pls
Fri Jul 14 16:44:03 2023 minazavr (Blue) [Headshot] Deuce12 (Red)
Fri Jul 14 16:44:04 2023 Zaaman (Blue) [Grenade] Sr.Vera (Red)
Fri Jul 14 16:44:05 2023 S joined Red team
Fri Jul 14 16:44:08 2023 raptor (Blue) [Rifle] Nightmare (Red)
Fri Jul 14 16:44:10 2023 Zaaman picked up Red's Intel.
Fri Jul 14 16:44:12 2023 Deuce12 (Red) [Weapon Change]
Fri Jul 14 16:44:12 2023 Player ^^Carlos_Duty^^ has left
Fri Jul 14 16:44:13 2023 Polob (Blue) [Headshot] sreman (Red)
Fri Jul 14 16:44:19 2023 You must be closer to the enemy's base to shoot blocks!
Fri Jul 14 16:44:23 2023 mementomarie (Blue) [Headshot] Ding (Red)
Fri Jul 14 16:44:24 2023 minazavr (Blue) [Headshot] Nightmare (Red)
Fri Jul 14 16:44:25 2023 [Team] Ding (Red): <<<<
Fri Jul 14 16:44:26 2023 Harry (Red) [Rifle] Vander (Blue)
Fri Jul 14 16:44:28 2023 Blockhead (Blue) [Headshot] supermonkey48 (Red)
Fri Jul 14 16:44:30 2023 Polob (Blue) [Headshot] sborrax (Red)
Fri Jul 14 16:44:30 2023 minazavr (Blue) [Headshot] R0tc1v (Red)
Fri Jul 14 16:44:31 2023  Type /HELP for info & commands
Fri Jul 14 16:44:33 2023 Bielespart (Blue) [Rifle] Harry (Red)
Fri Jul 14 16:44:35 2023 gafos joined Red team
Fri Jul 14 16:44:36 2023 Nightmare (Red) [Headshot] Bielespart (Blue)
Fri Jul 14 16:44:39 2023 Zaaman captured Red's Intel.
Fri Jul 14 16:44:41 2023 minazavr (Blue) [SMG] sreman (Red)
Fri Jul 14 16:44:42 2023 Ding (Red) [SMG]
Fri Jul 14 16:44:45 2023 monowavy picked up Red's Intel.
Fri Jul 14 16:44:52 2023 Player Bielespart has left
Fri Jul 14 16:44:53 2023 minazavr (Blue) [SMG] Remo (Red)
Fri Jul 14 16:44:56 2023 Nightmare (Red) [Headshot] Bizonho (Blue)
Fri Jul 14 16:44:59 2023 [Team] Remo (Red): go up pls
Fri Jul 14 16:45:01 2023 S (Red) [Grenade] mementomarie (Blue)
Fri Jul 14 16:45:01 2023 [Team] sborrax (Red): l76lpowwwwwwwwwwwwsa dwo
Fri Jul 14 16:45:01 2023  Visit our community forums at https://aloha.pk/
Fri Jul 14 16:45:02 2023 Polob (Blue) [Headshot] Nightmare (Red)
Fri Jul 14 16:45:09 2023 Deuce2 (Blue) [Headshot] Harry (Red)
Fri Jul 14 16:45:09 2023 Vander (Blue) [Rifle] S (Red)
Fri Jul 14 16:45:12 2023 riddick (Red) [Headshot] Bizonho (Blue)
Fri Jul 14 16:45:12 2023 monowavy captured Red's Intel.
Fri Jul 14 16:45:12 2023 supermonkey48 (Red) [Fall]
Fri Jul 14 16:45:14 2023 sreman (Red) [Headshot] minazavr (Blue)
Fri Jul 14 16:45:23 2023 Zaaman picked up Red's Intel.
Fri Jul 14 16:45:23 2023 Deuce2 (Blue) [Headshot] Harry (Red)
Fri Jul 14 16:45:25 2023 riddick (Red) [Headshot] mementomarie (Blue)
Fri Jul 14 16:45:26 2023 raptor (Blue) [Headshot] Sr.Vera (Red)
Fri Jul 14 16:45:31 2023 riddick (Red) [Headshot] monowavy (Blue)
Fri Jul 14 16:45:31 2023  Come chat with us at https://discord.aloha.pk/
Fri Jul 14 16:45:35 2023 Deuce2 (Blue) [Rifle] Remo (Red)
Fri Jul 14 16:45:37 2023 Deuce2 (Blue) [Headshot] S (Red)
Fri Jul 14 16:45:38 2023 Player sborrax has left
Fri Jul 14 16:45:42 2023 Zaaman (Blue) [Headshot] riddick (Red)
Fri Jul 14 16:45:46 2023 gafos (Red) [Fall]
Fri Jul 14 16:45:48 2023 Deuce2 (Blue) [Headshot] Ding (Red)
Fri Jul 14 16:45:49 2023 Player Deuce12 has left
Fri Jul 14 16:45:50 2023 Harry (Red) [Headshot] Bizonho (Blue)
Fri Jul 14 16:45:51 2023 Deuce2 (Blue) [Headshot] Remo (Red)
Fri Jul 14 16:45:52 2023 [Team] Ding (Red): <<<<<<<
Fri Jul 14 16:45:53 2023 [Team] Ding (Red): #2
Fri Jul 14 16:45:55 2023 Deuce2 (Blue) [Headshot] Harry (Red)
Fri Jul 14 16:45:55 2023 S (Red) [SMG] Vander (Blue)
Fri Jul 14 16:45:56 2023 Zaaman captured Red's Intel.
Fri Jul 14 16:45:58 2023 gafos (Red) [Headshot] raptor (Blue)
Fri Jul 14 16:45:59 2023 sreman (Red) [SMG] Deuce2 (Blue)
Fri Jul 14 16:46:00 2023 Vander (Blue) [Weapon Change]
Fri Jul 14 16:46:01 2023  If you believe a player is breaking the rules, please let us know with /ADMIN
Fri Jul 14 16:46:19 2023 monowavy picked up Red's Intel.
Fri Jul 14 16:46:20 2023 mementomarie (Blue) [Headshot] sreman (Red)
Fri Jul 14 16:46:21 2023 jiss joined Red team
Fri Jul 14 16:46:24 2023 Ding (Red) [SMG] mementomarie (Blue)
Fri Jul 14 16:46:25 2023 Deuce2 (Blue) [Rifle] Ding (Red)
Fri Jul 14 16:46:27 2023 [Team] Ding (Red): 2 up
Fri Jul 14 16:46:27 2023 Harry (Red) [Headshot] Deuce2 (Blue)
Fri Jul 14 16:46:29 2023 monowavy (Blue) [Grenade] Remo (Red)
Fri Jul 14 16:46:30 2023 sborrax joined Red team
Fri Jul 14 16:46:30 2023 [Team] Ding (Red): up men upppp
Fri Jul 14 16:46:30 2023 Harry (Red) [Headshot] Vander (Blue)
Fri Jul 14 16:46:30 2023 monowavy (Blue) [Grenade] supermonkey48 (Red)
Fri Jul 14 16:46:31 2023  Mahalo for playing aloha.pk tower of babel
Fri Jul 14 16:46:33 2023 [Team] Ding (Red): 2 up!!!!!!
Fri Jul 14 16:46:43 2023 monowavy dropped Red's Intel
Fri Jul 14 16:46:43 2023  The intel has returned to the heavens
Fri Jul 14 16:46:43 2023 Nightmare (Red) [Headshot] monowavy (Blue)
Fri Jul 14 16:46:43 2023 Polob (Blue) [Headshot] Nightmare (Red)
Fri Jul 14 16:46:45 2023 Blockhead (Blue) [Headshot] sreman (Red)
Fri Jul 14 16:46:46 2023 Devv_ joined Red team
Fri Jul 14 16:46:46 2023 Deuce2 (Blue) [Headshot] Harry (Red)
Fri Jul 14 16:46:48 2023 monowavy (Blue) [Weapon Change]
Fri Jul 14 16:46:50 2023 Zaaman (Blue) [Headshot] Nightmare (Red)
Fri Jul 14 16:46:51 2023 Zaaman (Blue) [Headshot] sreman (Red)
Fri Jul 14 16:46:56 2023 Zaaman (Blue) [Headshot] Remo (Red)
Fri Jul 14 16:47:00 2023 sborrax (Red) [Rifle] Deuce2 (Blue)
Fri Jul 14 16:47:01 2023  Build a tower to get the enemy's intel. Take it to your team's tent to win!
Fri Jul 14 16:47:03 2023 supermonkey48 (Red) [Headshot] Zaaman (Blue)
Fri Jul 14 16:47:03 2023 minazavr (Blue) [Headshot] supermonkey48 (Red)
Fri Jul 14 16:47:04 2023 sborrax (Red) [Fall]
Fri Jul 14 16:47:10 2023 Polob (Blue) [Headshot] Devv_ (Red)
Fri Jul 14 16:47:10 2023 riddick (Red) [Headshot] raptor (Blue)
Fri Jul 14 16:47:17 2023 Nightmare (Red) [Headshot] Bizonho (Blue)
Fri Jul 14 16:47:18 2023 Polob (Blue) [Headshot] jiss (Red)
Fri Jul 14 16:47:23 2023 Blockhead (Blue) [Headshot] Remo (Red)
Fri Jul 14 16:47:25 2023 S (Red) [Headshot] Bizonho (Blue)
Fri Jul 14 16:47:25 2023 S (Red) [SMG] raptor (Blue)
Fri Jul 14 16:47:31 2023 Nightmare (Red) [Headshot] Zaaman (Blue)
Fri Jul 14 16:47:31 2023  Type /HELP for info & commands
Fri Jul 14 16:47:32 2023 Nightmare (Red) [Headshot] Deuce2 (Blue)
Fri Jul 14 16:47:39 2023 Bizonho (Blue) [Headshot] gafos (Red)
Fri Jul 14 16:47:41 2023 Polob (Blue) [Headshot] R0tc1v (Red)
Fri Jul 14 16:47:41 2023 monowavy (Blue) [Headshot] S (Red)
Fri Jul 14 16:47:42 2023 Blockhead (Blue) [Headshot] sborrax (Red)
Fri Jul 14 16:47:47 2023 Polob (Blue) [Headshot] Harry (Red)
Fri Jul 14 16:47:47 2023 Nightmare picked up Blue's Intel.
Fri Jul 14 16:47:50 2023 Disconnecting
