Mon Aug  7 14:37:35 2023 ------ World Loaded ------
Mon Aug  7 14:37:35 2023 nw mo i th (Red) [Headshot] graphing calc (Blue)
Mon Aug  7 14:37:35 2023 Player Isobi has left
Mon Aug  7 14:37:35 2023 Welcome to aloha.pk tower of babel
Mon Aug  7 14:37:35 2023 SAAS (Blue) [SMG] BALABOL (Red)
Mon Aug  7 14:37:36 2023 Isabela (Blue) [Headshot] roquefort (Red)
Mon Aug  7 14:37:36 2023 Map: pinpoint2 by TheGrandmaster
Mon Aug  7 14:37:38 2023 POP_OS (Red) [Headshot] Isabela (Blue)
Mon Aug  7 14:37:38 2023 Game mode: Tower of Babel by Yourself, modified by izzy
Mon Aug  7 14:37:40 2023 Build a tower to get the enemy's intel. Take it to your team's tent to win!
Mon Aug  7 14:37:42 2023  If you believe a player is breaking the rules, please let us know with /ADMIN
Mon Aug  7 14:37:42 2023 Visit our community forums at https://aloha.pk/
Mon Aug  7 14:37:44 2023 Hostik (Blue) [Headshot] POP_OS (Red)
Mon Aug  7 14:37:44 2023 Come chat with us at https://discord.aloha.pk/
Mon Aug  7 14:37:49 2023 FAT FATTY FAT   (Blue) [Fall]
Mon Aug  7 14:37:56 2023 Isobi joined Blue team
Mon Aug  7 14:38:00 2023 Erick :v joined Spectator team
Mon Aug  7 14:38:02 2023 Harry (Blue) [Headshot] PIZDA (Red)
Mon Aug  7 14:38:02 2023 nw mo i th (Red) [Headshot] SAAS (Blue)
Mon Aug  7 14:38:12 2023  Mahalo for playing aloha.pk tower of babel
Mon Aug  7 14:38:14 2023 Erick :v joined Blue team
Mon Aug  7 14:38:19 2023 roquefort (Red) [Rifle] Harry (Blue)
Mon Aug  7 14:38:27 2023 [Global] nw mo i th (Red): hola erick god
Mon Aug  7 14:38:28 2023 POP_OS (Red) [Headshot] SAAS (Blue)
Mon Aug  7 14:38:29 2023 roquefort (Red) [Grenade] graphing calc (Blue)
Mon Aug  7 14:38:29 2023 roquefort (Red) [Grenade] Hostik (Blue)
Mon Aug  7 14:38:42 2023 Y.O.B.A. joined Red team
Mon Aug  7 14:38:42 2023  Build a tower to get the enemy's intel. Take it to your team's tent to win!
Mon Aug  7 14:38:43 2023 Harry (Blue) [Headshot] roquefort (Red)
Mon Aug  7 14:38:44 2023 PIZDA (Red) [SMG] Isabela (Blue)
Mon Aug  7 14:38:45 2023 Harry (Blue) [Headshot] PIZDA (Red)
Mon Aug  7 14:38:45 2023 w joined Blue team
Mon Aug  7 14:38:47 2023 [Global] Erick :v (Blue): Hola nw  goat dios
Mon Aug  7 14:38:50 2023 [Global] Erick :v (Blue): ♥
Mon Aug  7 14:38:51 2023 FAT FATTY FAT   (Blue) [Fall]
Mon Aug  7 14:38:52 2023 stromz joined Red team
Mon Aug  7 14:38:54 2023 SAAS (Blue) [Headshot] BALABOL (Red)
Mon Aug  7 14:38:58 2023 [Global] nw mo i th (Red): como estas pana?
Mon Aug  7 14:39:00 2023 Harry (Blue) [Headshot] PIZDA (Red)
Mon Aug  7 14:39:01 2023 Harry (Blue) [Headshot] nw mo i th (Red)
Mon Aug  7 14:39:01 2023 SAAS (Blue) [Headshot] Remo (Red)
Mon Aug  7 14:39:10 2023 w (Blue) [Headshot] roquefort (Red)
Mon Aug  7 14:39:11 2023 SAAS (Blue) [SMG] POP_OS (Red)
Mon Aug  7 14:39:12 2023 w (Blue) [Headshot] nw mo i th (Red)
Mon Aug  7 14:39:12 2023  Type /HELP for info & commands
Mon Aug  7 14:39:17 2023 PIZDA (Red) [SMG] SAAS (Blue)
Mon Aug  7 14:39:20 2023  SUPERMNK has reached 1000 blocks placed! /heaven unlocked.
Mon Aug  7 14:39:20 2023 [Global] Erick :v (Blue): bien  y vos ?
Mon Aug  7 14:39:21 2023 SunshineSuperma joined Red team
Mon Aug  7 14:39:24 2023 AAAAA joined Red team
Mon Aug  7 14:39:29 2023 w (Blue) [Headshot] roquefort (Red)
Mon Aug  7 14:39:31 2023 w (Blue) [Headshot] PIZDA (Red)
Mon Aug  7 14:39:32 2023 [Global] Remo (Red): hay que ser retrasado
Mon Aug  7 14:39:32 2023 w (Blue) [Headshot] stromz (Red)
Mon Aug  7 14:39:33 2023 w (Blue) [Headshot] SunshineSuperma (Red)
Mon Aug  7 14:39:33 2023 5 gramiv shmeku joined Blue team
Mon Aug  7 14:39:34 2023 [Global] nw mo i th (Red): me alegro bruh, yo bien jaja
Mon Aug  7 14:39:35 2023 Player stromz has left
Mon Aug  7 14:39:36 2023 [Global] SunshineSuperma (Red): not sus
Mon Aug  7 14:39:37 2023 AAAAA (Red) [Shotgun] graphing calc (Blue)
Mon Aug  7 14:39:39 2023 Harry (Blue) [Headshot] BALABOL (Red)
Mon Aug  7 14:39:42 2023  Visit our community forums at https://aloha.pk/
Mon Aug  7 14:39:44 2023 [Global] Erick :v (Blue): ♥
Mon Aug  7 14:39:44 2023 You can't destroy your team's blocks in this area. Attack the enemy's tower!
Mon Aug  7 14:39:44 2023 You can't destroy your team's blocks in this area. Attack the enemy's tower!
Mon Aug  7 14:39:45 2023 You can't destroy your team's blocks in this area. Attack the enemy's tower!
Mon Aug  7 14:39:45 2023 You can't destroy your team's blocks in this area. Attack the enemy's tower!
Mon Aug  7 14:39:46 2023 You can't destroy your team's blocks in this area. Attack the enemy's tower!
Mon Aug  7 14:39:46 2023 You can't destroy your team's blocks in this area. Attack the enemy's tower!
Mon Aug  7 14:39:46 2023 You can't destroy your team's blocks in this area. Attack the enemy's tower!
Mon Aug  7 14:39:47 2023 You can't destroy your team's blocks in this area. Attack the enemy's tower!
Mon Aug  7 14:39:47 2023 You can't destroy your team's blocks in this area. Attack the enemy's tower!
Mon Aug  7 14:39:47 2023 roquefort (Red) [Fall]
Mon Aug  7 14:39:47 2023 You can't destroy your team's blocks in this area. Attack the enemy's tower!
Mon Aug  7 14:39:48 2023 You can't destroy your team's blocks in this area. Attack the enemy's tower!
Mon Aug  7 14:39:52 2023 AAAAA (Red) [Shotgun] w (Blue)
Mon Aug  7 14:39:53 2023 SunshineSuperma (Red) [SMG] SAAS (Blue)
Mon Aug  7 14:39:58 2023 nw mo i th (Red) [Headshot] Isobi (Blue)
Mon Aug  7 14:40:00 2023 SunshineSuperma (Red) [SMG] graphing calc (Blue)
Mon Aug  7 14:40:00 2023 You must be closer to the enemy's base to shoot blocks!
Mon Aug  7 14:40:06 2023 nw mo i th (Red) [Headshot] Harry (Blue)
Mon Aug  7 14:40:11 2023 Erick :v (Blue) [SMG]
Mon Aug  7 14:40:12 2023  Come chat with us at https://discord.aloha.pk/
Mon Aug  7 14:40:13 2023 5 gramiv shmeku (Blue) [Headshot] PIZDA (Red)
Mon Aug  7 14:40:18 2023 Pouteen joined Spectator team
Mon Aug  7 14:40:25 2023 w (Blue) [Rifle] nw mo i th (Red)
Mon Aug  7 14:40:27 2023 graphing calc (Blue) [Headshot] a bullet (Red)
Mon Aug  7 14:40:38 2023 w (Blue) [Headshot] nw mo i th (Red)
Mon Aug  7 14:40:39 2023 Player roquefort has left
Mon Aug  7 14:40:40 2023 PIZDA (Red) [Headshot] Isobi (Blue)
Mon Aug  7 14:40:42 2023  If you believe a player is breaking the rules, please let us know with /ADMIN
Mon Aug  7 14:40:44 2023 POP_OS (Red) [Headshot] Hostik (Blue)
Mon Aug  7 14:40:45 2023 Erick :v (Blue) [Fall]
Mon Aug  7 14:40:46 2023 graphing calc (Blue) [SMG] PIZDA (Red)
Mon Aug  7 14:40:47 2023 w (Blue) [Rifle] POP_OS (Red)
Mon Aug  7 14:40:49 2023 SUPERMNK (Blue) [Headshot] SunshineSuperma (Red)
Mon Aug  7 14:40:52 2023 [Global] nw mo i th (Red): headmarkers moment?
Mon Aug  7 14:40:53 2023 [Global] nw mo i th (Red): dude
Mon Aug  7 14:40:53 2023 w (Blue) [Grenade] Y.O.B.A. (Red)
Mon Aug  7 14:40:55 2023 FAT FATTY FAT   picked up Red's Intel.
Mon Aug  7 14:40:59 2023 w (Blue) [Headshot] AAAAA (Red)
Mon Aug  7 14:41:03 2023 w (Blue) [Headshot] BALABOL (Red)
Mon Aug  7 14:41:06 2023 Player AAAAA has left
Mon Aug  7 14:41:08 2023 w (Blue) [Headshot] Y.O.B.A. (Red)
Mon Aug  7 14:41:10 2023 roquefort joined Red team
Mon Aug  7 14:41:10 2023 FAT FATTY FAT   dropped Red's Intel
Mon Aug  7 14:41:10 2023  The intel has returned to the heavens
Mon Aug  7 14:41:10 2023 a bullet (Red) [Headshot] FAT FATTY FAT   (Blue)
Mon Aug  7 14:41:10 2023 pogger joined Red team
Mon Aug  7 14:41:11 2023 SAAS (Blue) [SMG] Remo (Red)
Mon Aug  7 14:41:12 2023 a bullet (Red) [Headshot] SAAS (Blue)
Mon Aug  7 14:41:12 2023  Mahalo for playing aloha.pk tower of babel
Mon Aug  7 14:41:13 2023 Deuce6 joined Red team
Mon Aug  7 14:41:13 2023 Deuce6 (Red) [Team Change]
Mon Aug  7 14:41:13 2023 Deuce6 joined Spectator team
Mon Aug  7 14:41:14 2023 POP_OS (Red) [Rifle] w (Blue)
Mon Aug  7 14:41:15 2023 5 gramiv shmeku (Blue) [Headshot] SunshineSuperma (Red)
Mon Aug  7 14:41:16 2023  The native language of Deuce6 is most likely Spanish.
Mon Aug  7 14:41:16 2023  Deuce6 is trying to join with an obsolete client! Help them update!
Mon Aug  7 14:41:17 2023 a bullet (Red) [Headshot] Hostik (Blue)
Mon Aug  7 14:41:20 2023 5 gramiv shmeku (Blue) [Headshot] roquefort (Red)
Mon Aug  7 14:41:22 2023 nw mo i th (Red) [Headshot] Erick :v (Blue)
Mon Aug  7 14:41:24 2023 SUPERMNK (Blue) [Melee] a bullet (Red)
Mon Aug  7 14:41:24 2023 SAAS (Blue) [Team Change]
Mon Aug  7 14:41:24 2023 SUPERMNK (Blue) [Melee] nw mo i th (Red)
Mon Aug  7 14:41:25 2023 ←tommyturner joined Red team
Mon Aug  7 14:41:25 2023 SAAS joined Spectator team
Mon Aug  7 14:41:26 2023 [Global] Erick :v (Blue): ♥4
Mon Aug  7 14:41:26 2023 SUPERMNK (Blue) [Melee] PIZDA (Red)
Mon Aug  7 14:41:29 2023 [Global] Deuce6 (): ÑO Q DIFICIL
Mon Aug  7 14:41:29 2023 Player a bullet has left
Mon Aug  7 14:41:31 2023 BALABOL (Red) [Headshot] 5 gramiv shmeku (Blue)
Mon Aug  7 14:41:32 2023 Y.O.B.A. (Red) [SMG] graphing calc (Blue)
Mon Aug  7 14:41:32 2023 Isobi (Blue) [Headshot] pogger (Red)
Mon Aug  7 14:41:33 2023 SAAS joined Blue team
Mon Aug  7 14:41:38 2023 5 gramiv shmeku (Blue) [Weapon Change]
Mon Aug  7 14:41:42 2023  Build a tower to get the enemy's intel. Take it to your team's tent to win!
Mon Aug  7 14:41:47 2023 FAT FATTY FAT   picked up Red's Intel.
Mon Aug  7 14:41:47 2023 SunshineSuperma (Red) [SMG] SUPERMNK (Blue)
Mon Aug  7 14:41:48 2023 Harry (Blue) [Rifle] Y.O.B.A. (Red)
Mon Aug  7 14:41:53 2023 nw mo i th (Red) [Headshot] Harry (Blue)
Mon Aug  7 14:41:55 2023 Isobi (Blue) [Headshot] Remo (Red)
Mon Aug  7 14:41:55 2023 FAT FATTY FAT   dropped Red's Intel
Mon Aug  7 14:41:55 2023 Y.O.B.A. (Red) [Headshot] FAT FATTY FAT   (Blue)
Mon Aug  7 14:41:57 2023 nw mo i th (Red) [Headshot] graphing calc (Blue)
Mon Aug  7 14:41:59 2023 w (Blue) [Headshot] BALABOL (Red)
Mon Aug  7 14:42:00 2023 roquefort (Red) [Fall]
Mon Aug  7 14:42:04 2023 w (Blue) [Headshot] nw mo i th (Red)
Mon Aug  7 14:42:05 2023 [Global] Deuce6 (): HHHH
Mon Aug  7 14:42:06 2023 SAAS picked up Red's Intel.
Mon Aug  7 14:42:07 2023 SunshineSuperma (Red) [Headshot] Isobi (Blue)
Mon Aug  7 14:42:12 2023  Type /HELP for info & commands
Mon Aug  7 14:42:13 2023 Erick :v (Blue) [SMG]
Mon Aug  7 14:42:13 2023 [Global] nw mo i th (Red): queso
Mon Aug  7 14:42:16 2023 Hostik (Blue) [Rifle] ←tommyturner (Red)
Mon Aug  7 14:42:17 2023 w (Blue) [Headshot] SunshineSuperma (Red)
Mon Aug  7 14:42:19 2023 w (Blue) [Headshot] roquefort (Red)
Mon Aug  7 14:42:25 2023 Deuce6 joined Blue team
Mon Aug  7 14:42:25 2023 Deuce6 (Blue) [Team Change]
Mon Aug  7 14:42:26 2023 [Global] SunshineSuperma (Red): hmmmm #14 what a sussy mf
Mon Aug  7 14:42:29 2023 Harry (Blue) [Headshot] pogger (Red)
Mon Aug  7 14:42:30 2023 Player Deuce6 has left
Mon Aug  7 14:42:31 2023 graphing calc (Blue) [Headshot] Remo (Red)
Mon Aug  7 14:42:34 2023 Prout joined Blue team
Mon Aug  7 14:42:41 2023 SAAS captured Red's Intel.
Mon Aug  7 14:42:41 2023 w (Blue) [Headshot] SunshineSuperma (Red)
Mon Aug  7 14:42:42 2023 POP_OS (Red) [Headshot] Hostik (Blue)
Mon Aug  7 14:42:42 2023  Visit our community forums at https://aloha.pk/
Mon Aug  7 14:42:44 2023 Erick :v (Blue) [Headshot] PIZDA (Red)
Mon Aug  7 14:42:45 2023 Erick :v (Blue) [Headshot] ←tommyturner (Red)
Mon Aug  7 14:42:45 2023 pogger (Red) [Headshot] FAT FATTY FAT   (Blue)
Mon Aug  7 14:42:45 2023 Harry (Blue) [Headshot] roquefort (Red)
Mon Aug  7 14:42:47 2023 Deuce12 joined Red team
Mon Aug  7 14:42:47 2023 Deuce12 (Red) [Team Change]
Mon Aug  7 14:42:47 2023 Greek_Vodka joined Red team
Mon Aug  7 14:42:47 2023 BALABOL (Red) [Headshot] graphing calc (Blue)
Mon Aug  7 14:42:49 2023 nw mo i th (Red) [Rifle] w (Blue)
Mon Aug  7 14:42:50 2023 Deuce12 joined Spectator team
Mon Aug  7 14:42:50 2023  The native language of Deuce12 is most likely Spanish.
Mon Aug  7 14:42:50 2023  Deuce12 is trying to join with an obsolete client! Help them update!
Mon Aug  7 14:42:50 2023 Harry (Blue) [Headshot] BALABOL (Red)
Mon Aug  7 14:42:54 2023 Erick :v (Blue) [Fall]
Mon Aug  7 14:42:56 2023  w has a kill-death ratio of 6.00 (18 kills, 3 deaths, 4.30 kills per minute).
Mon Aug  7 14:42:56 2023  SunshineSuperma started a VOTEKICK against w. Say /Y to agree
Mon Aug  7 14:42:56 2023  Reason: fuck off furry hacker
Mon Aug  7 14:42:57 2023 Player Deuce12 has left
Mon Aug  7 14:42:59 2023 jd joined Red team
Mon Aug  7 14:43:03 2023 StillNoHawkbird joined Spectator team
Mon Aug  7 14:43:04 2023 Harry (Blue) [Headshot] ←tommyturner (Red)
Mon Aug  7 14:43:05 2023 SAAS picked up Red's Intel.
Mon Aug  7 14:43:07 2023 Harry (Blue) [Rifle] PIZDA (Red)
Mon Aug  7 14:43:09 2023 [Global] SunshineSuperma (Red): w is furry and hacker so type /y
Mon Aug  7 14:43:12 2023  Come chat with us at https://discord.aloha.pk/
Mon Aug  7 14:43:17 2023 Harry (Blue) [Rifle] BALABOL (Red)
Mon Aug  7 14:43:20 2023 SunshineSuperma (Red) [Headshot] Harry (Blue)
Mon Aug  7 14:43:21 2023 lev joined Red team
Mon Aug  7 14:43:21 2023 Isobi (Blue) [Headshot] POP_OS (Red)
Mon Aug  7 14:43:23 2023 Isabela (Blue) [Shotgun] Remo (Red)
Mon Aug  7 14:43:24 2023 Player PIZDA has left
Mon Aug  7 14:43:24 2023 w (Blue) [Headshot] Greek_Vodka (Red)
Mon Aug  7 14:43:26 2023  SunshineSuperma is votekicking w. /Y to vote (12 left)
Mon Aug  7 14:43:26 2023  Reason: fuck off furry hacker
Mon Aug  7 14:43:32 2023 roquefort (Red) [Headshot] FAT FATTY FAT   (Blue)
Mon Aug  7 14:43:32 2023 w (Blue) [Headshot] roquefort (Red)
Mon Aug  7 14:43:35 2023 Hostik (Blue) [Rifle] SunshineSuperma (Red)
Mon Aug  7 14:43:35 2023 SAAS captured Red's Intel.
Mon Aug  7 14:43:37 2023 w (Blue) [Grenade] Greek_Vodka (Red)
Mon Aug  7 14:43:40 2023 BALABOL (Red) [Headshot] Hostik (Blue)
Mon Aug  7 14:43:41 2023 graphing calc (Blue) [Headshot] ←tommyturner (Red)
Mon Aug  7 14:43:41 2023 graphing calc (Blue) [SMG] lev (Red)
Mon Aug  7 14:43:41 2023 You must be closer to the enemy's base to shoot blocks!
Mon Aug  7 14:43:41 2023 POP_OS (Red) [Headshot] graphing calc (Blue)
Mon Aug  7 14:43:42 2023 Erick :v (Blue) [SMG] pogger (Red)
Mon Aug  7 14:43:42 2023 w (Blue) [Rifle] BALABOL (Red)
Mon Aug  7 14:43:42 2023  If you believe a player is breaking the rules, please let us know with /ADMIN
Mon Aug  7 14:43:46 2023 w (Blue) [Headshot] Remo (Red)
Mon Aug  7 14:43:49 2023 Player Hostik has left
Mon Aug  7 14:43:55 2023 Isobi picked up Red's Intel.
Mon Aug  7 14:43:56 2023  SunshineSuperma is votekicking w. /Y to vote (12 left)
Mon Aug  7 14:43:56 2023  Reason: fuck off furry hacker
Mon Aug  7 14:44:00 2023 Isabela (Blue) [Shotgun] pogger (Red)
Mon Aug  7 14:44:01 2023 w (Blue) [Rifle] lev (Red)
Mon Aug  7 14:44:02 2023 SunshineSuperma (Red) [SMG] Isabela (Blue)
Mon Aug  7 14:44:07 2023 SunshineSuperma (Red) [Headshot] Harry (Blue)
Mon Aug  7 14:44:08 2023 BALABOL (Red) [Headshot] graphing calc (Blue)
Mon Aug  7 14:44:11 2023 StillNoHawkbird joined Blue team
Mon Aug  7 14:44:12 2023 w (Blue) [Rifle] POP_OS (Red)
Mon Aug  7 14:44:12 2023  Mahalo for playing aloha.pk tower of babel
Mon Aug  7 14:44:15 2023 nw mo i th (Red) [Grenade] SAAS (Blue)
Mon Aug  7 14:44:16 2023 BALABOL (Red) [Headshot] w (Blue)
Mon Aug  7 14:44:19 2023 Darktopi joined Blue team
Mon Aug  7 14:44:21 2023 5 gramiv shmeku (Blue) [Headshot] Remo (Red)
Mon Aug  7 14:44:22 2023 roquefort (Red) [Fall]
Mon Aug  7 14:44:23 2023 Isobi captured Red's Intel.
Mon Aug  7 14:44:25 2023 Harry (Blue) [Headshot] BALABOL (Red)
Mon Aug  7 14:44:26 2023  SunshineSuperma is votekicking w. /Y to vote (12 left)
Mon Aug  7 14:44:26 2023  Reason: fuck off furry hacker
Mon Aug  7 14:44:27 2023 5 gramiv shmeku (Blue) [Headshot] Greek_Vodka (Red)
Mon Aug  7 14:44:30 2023 graphing calc (Blue) [Headshot] lev (Red)
Mon Aug  7 14:44:31 2023 SunshineSuperma (Red) [Headshot] Harry (Blue)
Mon Aug  7 14:44:32 2023 You must be closer to the enemy's base to grenade blocks!
Mon Aug  7 14:44:32 2023 Player Greek_Vodka has left
Mon Aug  7 14:44:33 2023 Player lev has left
Mon Aug  7 14:44:36 2023 jd (Red) [Fall]
Mon Aug  7 14:44:40 2023 w (Blue) [Headshot] SunshineSuperma (Red)
Mon Aug  7 14:44:41 2023 jd (Red) [Weapon Change]
Mon Aug  7 14:44:42 2023  Build a tower to get the enemy's intel. Take it to your team's tent to win!
Mon Aug  7 14:44:44 2023 POP_OS (Red) [Headshot] 5 gramiv shmeku (Blue)
Mon Aug  7 14:44:50 2023 [Global] SunshineSuperma (Red): and also that w mf has infinite hp or wtf
Mon Aug  7 14:44:51 2023 Harry (Blue) [Rifle] pogger (Red)
Mon Aug  7 14:44:52 2023 SUPERMNK (Blue) [Fall]
Mon Aug  7 14:44:55 2023 ElHarry joined Red team
Mon Aug  7 14:44:56 2023  Votekick for w has ended. Votekick timed out
Mon Aug  7 14:44:56 2023 graphing calc (Blue) [Headshot] Remo (Red)
Mon Aug  7 14:44:56 2023 Isobi (Blue) [Grenade] BALABOL (Red)
Mon Aug  7 14:45:01 2023 SAAS picked up Red's Intel.
Mon Aug  7 14:45:04 2023 [Global] pogger (Red): glitch or a bug
Mon Aug  7 14:45:07 2023 Harry (Blue) [Headshot] roquefort (Red)
Mon Aug  7 14:45:12 2023 [Global] roquefort (Red): or neither 
Mon Aug  7 14:45:12 2023  Type /HELP for info & commands
Mon Aug  7 14:45:14 2023 BALABOL (Red) [Headshot] Darktopi (Blue)
Mon Aug  7 14:45:14 2023 nw mo i th (Red) [Rifle] Harry (Blue)
Mon Aug  7 14:45:18 2023 nw mo i th (Red) [Rifle] graphing calc (Blue)
Mon Aug  7 14:45:20 2023 jd (Red) [SMG] 5 gramiv shmeku (Blue)
Mon Aug  7 14:45:23 2023 Isobi (Blue) [Headshot] Remo (Red)
Mon Aug  7 14:45:23 2023 roquefort (Red) [Rifle] Isobi (Blue)
Mon Aug  7 14:45:25 2023 lev joined Red team
Mon Aug  7 14:45:26 2023 cmd joined Red team
Mon Aug  7 14:45:31 2023 w (Blue) [Headshot] nw mo i th (Red)
Mon Aug  7 14:45:34 2023 graphing calc (Blue) [Headshot] SunshineSuperma (Red)
Mon Aug  7 14:45:35 2023 BALABOL (Red) [Headshot] w (Blue)
Mon Aug  7 14:45:35 2023 StillNoHawkbird (Blue) [Fall]
Mon Aug  7 14:45:35 2023 [Global] pogger (Red): theres no hack that gives u infinite hp we got rid off that 3 years ago
Mon Aug  7 14:45:36 2023 SUPERMNK (Blue) [Fall]
Mon Aug  7 14:45:37 2023 [Global] SunshineSuperma (Red): haha
Mon Aug  7 14:45:41 2023 Harry (Blue) [Headshot] BALABOL (Red)
Mon Aug  7 14:45:42 2023  Visit our community forums at https://aloha.pk/
Mon Aug  7 14:45:43 2023 SAAS captured Red's Intel.
Mon Aug  7 14:45:50 2023 Harry (Blue) [Headshot] roquefort (Red)
Mon Aug  7 14:45:57 2023 5 gramiv shmeku (Blue) [SMG] pogger (Red)
Mon Aug  7 14:45:57 2023 nw mo i th (Red) [Headshot] w (Blue)
Mon Aug  7 14:46:02 2023 Y.O.B.A. (Red) [Fall]
Mon Aug  7 14:46:04 2023 nw mo i th (Red) [Rifle] Darktopi (Blue)
Mon Aug  7 14:46:07 2023 POP_OS (Red) [Headshot] graphing calc (Blue)
Mon Aug  7 14:46:09 2023 nw mo i th (Red) [Headshot] Harry (Blue)
Mon Aug  7 14:46:09 2023 Isobi (Blue) [Fall]
Mon Aug  7 14:46:12 2023  Come chat with us at https://discord.aloha.pk/
Mon Aug  7 14:46:16 2023 BALABOL (Red) [Headshot] SUPERMNK (Blue)
Mon Aug  7 14:46:19 2023 roquefort (Red) [Headshot] SAAS (Blue)
Mon Aug  7 14:46:20 2023 roquefort (Red) [Headshot] 5 gramiv shmeku (Blue)
Mon Aug  7 14:46:27 2023 lev (Red) [Headshot] w (Blue)
Mon Aug  7 14:46:30 2023 jd (Red) [Fall]
Mon Aug  7 14:46:30 2023 nw mo i th (Red) [Headshot] Darktopi (Blue)
Mon Aug  7 14:46:38 2023 SunshineSuperma (Red) [Fall]
Mon Aug  7 14:46:42 2023  If you believe a player is breaking the rules, please let us know with /ADMIN
Mon Aug  7 14:46:45 2023 SUPERMNK (Blue) [SMG] ElHarry (Red)
Mon Aug  7 14:46:47 2023 Isobi (Blue) [Headshot] pogger (Red)
Mon Aug  7 14:46:48 2023 lev (Red) [Headshot] FAT FATTY FAT   (Blue)
Mon Aug  7 14:46:52 2023 w (Blue) [Headshot] lev (Red)
Mon Aug  7 14:46:53 2023 You must be closer to the enemy's base to shoot blocks!
Mon Aug  7 14:46:53 2023 BALABOL (Red) [SMG] SUPERMNK (Blue)
Mon Aug  7 14:47:00 2023 Isobi (Blue) [Headshot] roquefort (Red)
Mon Aug  7 14:47:01 2023 POP_OS (Red) [Headshot] SAAS (Blue)
Mon Aug  7 14:47:03 2023 aleksander joined Blue team
Mon Aug  7 14:47:04 2023  No proxy allowed
Mon Aug  7 14:47:04 2023  aleksander was banned.
Mon Aug  7 14:47:04 2023 Player aleksander has left
Mon Aug  7 14:47:06 2023 POP_OS (Red) [Headshot] 5 gramiv shmeku (Blue)
Mon Aug  7 14:47:08 2023 POP_OS picked up Blue's Intel.
Mon Aug  7 14:47:11 2023 w (Blue) [Headshot] Y.O.B.A. (Red)
Mon Aug  7 14:47:12 2023  Mahalo for playing aloha.pk tower of babel
Mon Aug  7 14:47:16 2023 Pouteen joined Blue team
Mon Aug  7 14:47:16 2023 [Global] nw mo i th (Red): xd
Mon Aug  7 14:47:17 2023 SUPERMNK (Blue) [SMG] pogger (Red)
Mon Aug  7 14:47:18 2023 cmd (Red) [SMG] SUPERMNK (Blue)
Mon Aug  7 14:47:20 2023 Harry (Blue) [Headshot] jd (Red)
Mon Aug  7 14:47:21 2023 . joined Blue team
Mon Aug  7 14:47:23 2023 BALABOL (Red) [SMG] Darktopi (Blue)
Mon Aug  7 14:47:24 2023 cmd (Red) [Headshot] SAAS (Blue)
Mon Aug  7 14:47:25 2023 w (Blue) [Headshot] BALABOL (Red)
Mon Aug  7 14:47:27 2023 w (Blue) [Rifle] roquefort (Red)
Mon Aug  7 14:47:31 2023 POP_OS captured Blue's Intel.
Mon Aug  7 14:47:31 2023 ←tommyturner picked up Blue's Intel.
Mon Aug  7 14:47:31 2023 w (Blue) [Headshot] Remo (Red)
Mon Aug  7 14:47:33 2023 Darktopi (Blue) [Weapon Change]
Mon Aug  7 14:47:33 2023 w (Blue) [Headshot] Y.O.B.A. (Red)
Mon Aug  7 14:47:34 2023 5 gramiv shmeku (Blue) [Headshot] SunshineSuperma (Red)
Mon Aug  7 14:47:36 2023 w (Blue) [Headshot] pogger (Red)
Mon Aug  7 14:47:36 2023 SAAS (Blue) [Headshot] lev (Red)
Mon Aug  7 14:47:38 2023 5 gramiv shmeku (Blue) [SMG] cmd (Red)
Mon Aug  7 14:47:40 2023 Player Y.O.B.A. has left
Mon Aug  7 14:47:42 2023 nw mo i th (Red) [Headshot] FAT FATTY FAT   (Blue)
Mon Aug  7 14:47:42 2023  Build a tower to get the enemy's intel. Take it to your team's tent to win!
Mon Aug  7 14:47:43 2023 Player cmd has left
Mon Aug  7 14:47:43 2023 ElHarry (Red) [Headshot] graphing calc (Blue)
Mon Aug  7 14:47:44 2023 JED07 joined Red team
Mon Aug  7 14:47:45 2023 Harry (Blue) [Rifle] nw mo i th (Red)
Mon Aug  7 14:47:52 2023 aleksander joined Red team
Mon Aug  7 14:47:52 2023 w (Blue) [Headshot] lev (Red)
Mon Aug  7 14:47:54 2023 POP_OS (Red) [Headshot] SUPERMNK (Blue)
Mon Aug  7 14:47:57 2023 Harry (Blue) [Headshot] roquefort (Red)
Mon Aug  7 14:47:58 2023 SAAS (Blue) [SMG] POP_OS (Red)
Mon Aug  7 14:47:58 2023 ←tommyturner captured Blue's Intel.
Mon Aug  7 14:48:00 2023 pogger (Red) [Rifle] 5 gramiv shmeku (Blue)
Mon Aug  7 14:48:00 2023 jd (Red) [Fall]
Mon Aug  7 14:48:01 2023 Pouteen (Blue) [Headshot] JED07 (Red)
Mon Aug  7 14:48:02 2023 w (Blue) [Headshot] BALABOL (Red)
Mon Aug  7 14:48:06 2023 SAAS (Blue) [SMG] pogger (Red)
Mon Aug  7 14:48:07 2023 ElHarry (Red) [Rifle] graphing calc (Blue)
Mon Aug  7 14:48:07 2023 Player BALABOL has left
Mon Aug  7 14:48:07 2023 [Global] StillNoHawkbird (Blue): ok
Mon Aug  7 14:48:10 2023 [Global] StillNoHawkbird (Blue): I say cheese
Mon Aug  7 14:48:12 2023  Type /HELP for info & commands
Mon Aug  7 14:48:13 2023 nw mo i th (Red) [Headshot] Isobi (Blue)
Mon Aug  7 14:48:13 2023 [Global] StillNoHawkbird (Blue): you say???
Mon Aug  7 14:48:16 2023 SunshineSuperma (Red) [Headshot] SAAS (Blue)
Mon Aug  7 14:48:16 2023 JED07 (Red) [Headshot] Isabela (Blue)
Mon Aug  7 14:48:17 2023 [Global] roquefort (Red): roquefort
Mon Aug  7 14:48:17 2023 Harry (Blue) [Headshot] nw mo i th (Red)
Mon Aug  7 14:48:18 2023 SUPERMNK (Blue) [Headshot] SunshineSuperma (Red)
Mon Aug  7 14:48:18 2023 POP_OS (Red) [Headshot] FAT FATTY FAT   (Blue)
Mon Aug  7 14:48:20 2023 You must be closer to the enemy's base to shoot blocks!
Mon Aug  7 14:48:20 2023 ElHarry (Red) [Fall]
Mon Aug  7 14:48:23 2023 Darktopi (Blue) [Headshot] POP_OS (Red)
Mon Aug  7 14:48:23 2023 sov1 joined Red team
Mon Aug  7 14:48:24 2023 aleksander (Red) [Headshot] Darktopi (Blue)
Mon Aug  7 14:48:29 2023 Pouteen (Blue) [Rifle] lev (Red)
Mon Aug  7 14:48:32 2023 jd (Red) [Headshot] Harry (Blue)
Mon Aug  7 14:48:33 2023 pogger (Red) [Rifle] SUPERMNK (Blue)
Mon Aug  7 14:48:35 2023 Player POP_OS has left
Mon Aug  7 14:48:36 2023 graphing calc (Blue) [Rifle] pogger (Red)
Mon Aug  7 14:48:36 2023 roquefort (Red) [Headshot] 5 gramiv shmeku (Blue)
Mon Aug  7 14:48:37 2023 [Global] StillNoHawkbird (Blue): wish for a map guys
Mon Aug  7 14:48:38 2023 [Global] SUPERMNK (Blue): up
Mon Aug  7 14:48:39 2023 w (Blue) [Rifle] aleksander (Red)
Mon Aug  7 14:48:41 2023 Isobi (Blue) [Headshot] sov1 (Red)
Mon Aug  7 14:48:42 2023 [Global] StillNoHawkbird (Blue): first map gets it
Mon Aug  7 14:48:42 2023  Visit our community forums at https://aloha.pk/
Mon Aug  7 14:48:45 2023 FAT FATTY FAT   (Blue) [Fall]
Mon Aug  7 14:48:45 2023 roquefort (Red) [Headshot] graphing calc (Blue)
Mon Aug  7 14:48:47 2023 [Global] pogger (Red): no mands land
Mon Aug  7 14:48:52 2023 [Global] sov1 (Red): shit lemme switch to 0.1.5
Mon Aug  7 14:48:52 2023 roquefort (Red) [Rifle] SAAS (Blue)
Mon Aug  7 14:48:52 2023 [Global] Remo (Red): elipsis
Mon Aug  7 14:48:52 2023  StillNoHawkbird changed next map to nomansland
Mon Aug  7 14:48:53 2023 JED07 (Red) [Headshot] Harry (Blue)
Mon Aug  7 14:48:53 2023 Player sov1 has left
Mon Aug  7 14:48:55 2023 nw mo i th (Red) [Headshot] Pouteen (Blue)
Mon Aug  7 14:48:56 2023 [Global] . (Blue): good that you didnt say pinline
Mon Aug  7 14:48:57 2023 [Global] pogger (Red): ty
Mon Aug  7 14:48:59 2023 SunshineSuperma (Red) [Headshot] SUPERMNK (Blue)
Mon Aug  7 14:49:00 2023 [Global] StillNoHawkbird (Blue): <3'
Mon Aug  7 14:49:03 2023 Pouteen (Blue) [Team Change]
Mon Aug  7 14:49:04 2023 w (Blue) [Headshot] aleksander (Red)
Mon Aug  7 14:49:07 2023 SunshineSuperma picked up Blue's Intel.
Mon Aug  7 14:49:07 2023 graphing calc (Blue) [Rifle] lev (Red)
Mon Aug  7 14:49:07 2023 roquefort (Red) [Headshot] 5 gramiv shmeku (Blue)
Mon Aug  7 14:49:09 2023 Player SAAS has left
Mon Aug  7 14:49:09 2023 Player aleksander has left
Mon Aug  7 14:49:11 2023 Darktopi (Blue) [Headshot] JED07 (Red)
Mon Aug  7 14:49:11 2023 [Team] . (Blue): .
Mon Aug  7 14:49:11 2023 [Global] pogger (Red): no mands land feels so nice to play on ngl
Mon Aug  7 14:49:12 2023  Come chat with us at https://discord.aloha.pk/
Mon Aug  7 14:49:13 2023 Pouteen joined Spectator team
Mon Aug  7 14:49:13 2023 jd (Red) [Headshot] Isabela (Blue)
Mon Aug  7 14:49:14 2023 graphing calc (Blue) [Headshot] Remo (Red)
Mon Aug  7 14:49:17 2023 graphing calc (Blue) [Headshot] roquefort (Red)
Mon Aug  7 14:49:18 2023 Ohrizzyx joined Red team
Mon Aug  7 14:49:21 2023 sov1 joined Red team
Mon Aug  7 14:49:21 2023 jd (Red) [Headshot] w (Blue)
Mon Aug  7 14:49:23 2023 Harry (Blue) [Headshot] jd (Red)
Mon Aug  7 14:49:25 2023 BENJA(= joined Red team
Mon Aug  7 14:49:26 2023 [Global] Isabela (Blue): yeah
Mon Aug  7 14:49:26 2023 pogger (Red) [Rifle] graphing calc (Blue)
Mon Aug  7 14:49:28 2023 lev (Red) [Headshot] Darktopi (Blue)
Mon Aug  7 14:49:31 2023 Harry (Blue) [Headshot] sov1 (Red)
Mon Aug  7 14:49:32 2023 pogger (Red) [Headshot] SUPERMNK (Blue)
Mon Aug  7 14:49:33 2023 SunshineSuperma captured Blue's Intel.
Mon Aug  7 14:49:35 2023 Player Ohrizzyx has left
Mon Aug  7 14:49:36 2023 JED07 (Red) [Headshot] Harry (Blue)
Mon Aug  7 14:49:37 2023 5 gramiv shmeku (Blue) [Headshot] pogger (Red)
Mon Aug  7 14:49:37 2023 lev (Red) [Rifle] FAT FATTY FAT   (Blue)
Mon Aug  7 14:49:42 2023 Player FAT FATTY FAT   has left
Mon Aug  7 14:49:42 2023  If you believe a player is breaking the rules, please let us know with /ADMIN
Mon Aug  7 14:49:46 2023 5 gramiv shmeku (Blue) [Headshot] BENJA(= (Red)
Mon Aug  7 14:49:47 2023 5 gramiv shmeku (Blue) [Headshot] jd (Red)
Mon Aug  7 14:49:49 2023 Darktopi (Blue) [Headshot] lev (Red)
Mon Aug  7 14:49:52 2023 w (Blue) [Headshot] roquefort (Red)
Mon Aug  7 14:49:53 2023 nw mo i th (Red) [Headshot] Isobi (Blue)
Mon Aug  7 14:49:57 2023 Isabela picked up Red's Intel.
Mon Aug  7 14:50:00 2023 Isabela dropped Red's Intel
Mon Aug  7 14:50:00 2023 pogger (Red) [Headshot] Isabela (Blue)
Mon Aug  7 14:50:01 2023 SUPERMNK (Blue) [SMG] pogger (Red)
Mon Aug  7 14:50:02 2023 w (Blue) [Headshot] ElHarry (Red)
Mon Aug  7 14:50:05 2023 SUPERMNK picked up Red's Intel.
Mon Aug  7 14:50:10 2023 w (Blue) [Headshot] BENJA(= (Red)
Mon Aug  7 14:50:12 2023 graphing calc (Blue) [Grenade] jd (Red)
Mon Aug  7 14:50:12 2023  Mahalo for playing aloha.pk tower of babel
Mon Aug  7 14:50:12 2023 StillNoHawkbird (Blue) [Rifle] nw mo i th (Red)
Mon Aug  7 14:50:15 2023 JED07 (Red) [Headshot] StillNoHawkbird (Blue)
Mon Aug  7 14:50:17 2023 pogger (Red) [Headshot] w (Blue)
Mon Aug  7 14:50:19 2023 graphing calc (Blue) [Headshot] pogger (Red)
Mon Aug  7 14:50:19 2023 . (Blue) [Headshot] JED07 (Red)
Mon Aug  7 14:50:21 2023 nw mo i th (Red) [Rifle] Darktopi (Blue)
Mon Aug  7 14:50:23 2023 [Global] pogger (Red): sup w
Mon Aug  7 14:50:24 2023 Harry (Blue) [Headshot] sov1 (Red)
Mon Aug  7 14:50:28 2023 SUPERMNK captured Red's Intel.
Mon Aug  7 14:50:28 2023  With 1846 blocks placed, SUPERMNK is granted the right to unleash the apocalypse.
Mon Aug  7 14:50:30 2023 graphing calc (Blue) [Melee] ←tommyturner (Red)
Mon Aug  7 14:50:30 2023 Isobi (Blue) [Headshot] SunshineSuperma (Red)
Mon Aug  7 14:50:31 2023 pogger (Red) [Headshot] graphing calc (Blue)
Mon Aug  7 14:50:31 2023  SUPERMNK has unleashed an apocalypse from God.
Mon Aug  7 14:50:32 2023 nw mo i th (Red) [Headshot] . (Blue)
Mon Aug  7 14:50:33 2023  The apocalypse begins in 5
Mon Aug  7 14:50:34 2023 Isabela picked up Red's Intel.
Mon Aug  7 14:50:34 2023  The apocalypse begins in 4
Mon Aug  7 14:50:35 2023  The apocalypse begins in 3
Mon Aug  7 14:50:36 2023  The apocalypse begins in 2
Mon Aug  7 14:50:37 2023  The apocalypse begins in 1
Mon Aug  7 14:50:38 2023 JED07 (Red) [Headshot] Harry (Blue)
Mon Aug  7 14:50:39 2023 SUPERMNK (Blue) [Grenade] BENJA(= (Red)
Mon Aug  7 14:50:39 2023 SUPERMNK (Blue) [Grenade] jd (Red)
Mon Aug  7 14:50:39 2023 SUPERMNK (Blue) [Grenade] ElHarry (Red)
Mon Aug  7 14:50:40 2023 SUPERMNK (Blue) [Grenade] lev (Red)
Mon Aug  7 14:50:40 2023 SUPERMNK (Blue) [Grenade] SunshineSuperma (Red)
Mon Aug  7 14:50:41 2023 SUPERMNK (Blue) [Grenade] nw mo i th (Red)
Mon Aug  7 14:50:42 2023  Build a tower to get the enemy's intel. Take it to your team's tent to win!
Mon Aug  7 14:50:45 2023 [Global] SunshineSuperma (Red): hm
Mon Aug  7 14:50:45 2023 SUPERMNK (Blue) [Grenade] ←tommyturner (Red)
Mon Aug  7 14:50:46 2023 SUPERMNK (Blue) [Grenade] Remo (Red)
Mon Aug  7 14:50:46 2023 JED07 (Red) [Rifle] Darktopi (Blue)
Mon Aug  7 14:50:49 2023 [Global] w (Blue): oops
Mon Aug  7 14:50:49 2023 [Global] Remo (Red): wtf
Mon Aug  7 14:50:50 2023 SUPERMNK (Blue) [Grenade] jd (Red)
Mon Aug  7 14:50:50 2023 SUPERMNK (Blue) [Grenade] SunshineSuperma (Red)
Mon Aug  7 14:50:50 2023 SUPERMNK (Blue) [Grenade] ElHarry (Red)
Mon Aug  7 14:50:51 2023 SUPERMNK (Blue) [Grenade] BENJA(= (Red)
Mon Aug  7 14:50:51 2023  The apocalypse has ended.
Mon Aug  7 14:50:57 2023 [Global] Isabela (Blue): SO CLOSE
Mon Aug  7 14:50:59 2023 w (Blue) [Grenade] ←tommyturner (Red)
Mon Aug  7 14:51:00 2023 w (Blue) [Headshot] pogger (Red)
Mon Aug  7 14:51:00 2023 [Global] SunshineSuperma (Red): w suck my ass better
Mon Aug  7 14:51:01 2023 BENJA(= joined Blue team
Mon Aug  7 14:51:03 2023 sov1 (Red) [Headshot] w (Blue)
Mon Aug  7 14:51:04 2023 conda joined Spectator team
Mon Aug  7 14:51:04 2023 Isabela captured Red's Intel.
Mon Aug  7 14:51:07 2023 . picked up Red's Intel.
Mon Aug  7 14:51:08 2023 sov1 (Red) [Headshot] graphing calc (Blue)
Mon Aug  7 14:51:09 2023 JED07 (Red) [Headshot] Darktopi (Blue)
Mon Aug  7 14:51:09 2023 . dropped Red's Intel
Mon Aug  7 14:51:09 2023 sov1 (Red) [Headshot] . (Blue)
Mon Aug  7 14:51:09 2023 graphing calc (Blue) [Grenade] sov1 (Red)
Mon Aug  7 14:51:10 2023 SUPERMNK (Blue) [Fall]
Mon Aug  7 14:51:12 2023  Type /HELP for info & commands
Mon Aug  7 14:51:16 2023 roquefort (Red) [Headshot] 5 gramiv shmeku (Blue)
Mon Aug  7 14:51:16 2023 [Global] pogger (Red): nah w pretty cracked
Mon Aug  7 14:51:21 2023 You must be closer to the enemy's base to shoot blocks!
Mon Aug  7 14:51:26 2023 . (Blue) [Rifle] Remo (Red)
Mon Aug  7 14:51:27 2023 [Global] pogger (Red): i played against him yesterday in ffa
Mon Aug  7 14:51:27 2023 You must be closer to the enemy's base to shoot blocks!
Mon Aug  7 14:51:28 2023 You must be closer to the enemy's base to shoot blocks!
Mon Aug  7 14:51:28 2023 . (Blue) [Headshot] roquefort (Red)
Mon Aug  7 14:51:29 2023 You must be closer to the enemy's base to shoot blocks!
Mon Aug  7 14:51:29 2023 nw mo i th (Red) [Headshot] Harry (Blue)
Mon Aug  7 14:51:30 2023 [Global] sov1 (Red): is he a fitgirl repack
Mon Aug  7 14:51:31 2023 SunshineSuperma (Red) [Headshot] graphing calc (Blue)
Mon Aug  7 14:51:32 2023 . (Blue) [Headshot] SunshineSuperma (Red)
Mon Aug  7 14:51:37 2023 [Global] pogger (Red): xd
Mon Aug  7 14:51:39 2023 . picked up Red's Intel.
Mon Aug  7 14:51:40 2023 . dropped Red's Intel
Mon Aug  7 14:51:40 2023 sov1 (Red) [Headshot] . (Blue)
Mon Aug  7 14:51:41 2023 Darktopi (Blue) [Headshot] sov1 (Red)
Mon Aug  7 14:51:42 2023  Visit our community forums at https://aloha.pk/
Mon Aug  7 14:51:44 2023 [Global] SunshineSuperma (Red): ununderstandable
Mon Aug  7 14:51:45 2023 [Global] . (Blue): sov1
Mon Aug  7 14:51:46 2023 BENJA(= (Blue) [Rifle] ElHarry (Red)
Mon Aug  7 14:51:48 2023 conda joined Red team
Mon Aug  7 14:51:48 2023 [Global] sov1 (Red): .
Mon Aug  7 14:51:49 2023 [Global] pogger (Red): nah hes a DODI repack xd
Mon Aug  7 14:51:49 2023 [Global] . (Blue): you aagain
Mon Aug  7 14:51:50 2023 Darktopi (Blue) [Headshot] pogger (Red)
Mon Aug  7 14:51:51 2023 BENJA(= picked up Red's Intel.
Mon Aug  7 14:51:52 2023 [Global] sov1 (Red): me again!
Mon Aug  7 14:51:58 2023 jd (Red) [SMG] w (Blue)
Mon Aug  7 14:51:58 2023 BENJA(= dropped Red's Intel
Mon Aug  7 14:51:58 2023  The intel has returned to the heavens
Mon Aug  7 14:51:58 2023 BENJA(= (Blue) [Fall]
Mon Aug  7 14:52:01 2023 nw mo i th (Red) [Headshot] Harry (Blue)
Mon Aug  7 14:52:03 2023 Darktopi (Blue) [Headshot] SunshineSuperma (Red)
Mon Aug  7 14:52:04 2023 [Global] SunshineSuperma (Red): good job jd
Mon Aug  7 14:52:04 2023 roquefort (Red) [Rifle] Darktopi (Blue)
Mon Aug  7 14:52:08 2023 graphing calc (Blue) [Headshot] nw mo i th (Red)
Mon Aug  7 14:52:10 2023 [Global] pogger (Red): sov's da man 
Mon Aug  7 14:52:10 2023 SUPERMNK picked up Red's Intel.
Mon Aug  7 14:52:12 2023  Come chat with us at https://discord.aloha.pk/
Mon Aug  7 14:52:14 2023 SUPERMNK dropped Red's Intel
Mon Aug  7 14:52:14 2023 conda (Red) [Headshot] SUPERMNK (Blue)
Mon Aug  7 14:52:14 2023 Isabela picked up Red's Intel.
Mon Aug  7 14:52:15 2023 Isabela dropped Red's Intel
Mon Aug  7 14:52:15 2023 roquefort (Red) [Rifle] Isabela (Blue)
Mon Aug  7 14:52:16 2023 Isobi (Blue) [Headshot] jd (Red)
Mon Aug  7 14:52:19 2023 . (Blue) [Headshot] sov1 (Red)
Mon Aug  7 14:52:23 2023 w (Blue) [Headshot] Remo (Red)
Mon Aug  7 14:52:23 2023 Harry (Blue) [Headshot] JED07 (Red)
Mon Aug  7 14:52:23 2023 graphing calc (Blue) [Headshot] roquefort (Red)
Mon Aug  7 14:52:25 2023 [Global] sov1 (Red): god my aim is ass rn
Mon Aug  7 14:52:27 2023 . picked up Red's Intel.
Mon Aug  7 14:52:30 2023 graphing calc (Blue) [Headshot] conda (Red)
Mon Aug  7 14:52:30 2023 ElHarry (Red) [Headshot] graphing calc (Blue)
Mon Aug  7 14:52:32 2023 BENJA(= (Blue) [Headshot] pogger (Red)
Mon Aug  7 14:52:32 2023 [Global] roquefort (Red): god my ass is aim rn
Mon Aug  7 14:52:34 2023 [Global] pogger (Red): same
Mon Aug  7 14:52:34 2023  Prout was kicked: Inactive for 10 minutes
Mon Aug  7 14:52:34 2023 Player Prout has left
Mon Aug  7 14:52:37 2023 SunshineSuperma (Red) [SMG] w (Blue)
Mon Aug  7 14:52:37 2023 ElHarry (Red) [Fall]
Mon Aug  7 14:52:38 2023 nw mo i th (Red) [Headshot] BENJA(= (Blue)
Mon Aug  7 14:52:40 2023 [Global] w (Blue): oops
Mon Aug  7 14:52:41 2023 [Global] SunshineSuperma (Red): haaaa f u
Mon Aug  7 14:52:41 2023 nw mo i th (Red) [Headshot] Darktopi (Blue)
Mon Aug  7 14:52:42 2023  If you believe a player is breaking the rules, please let us know with /ADMIN
Mon Aug  7 14:52:43 2023 nw mo i th (Red) [Headshot] 5 gramiv shmeku (Blue)
Mon Aug  7 14:52:47 2023 Harry (Blue) [Headshot] JED07 (Red)
Mon Aug  7 14:52:48 2023 w (Blue) [Rifle] nw mo i th (Red)
Mon Aug  7 14:52:52 2023 1234567890 joined Red team
Mon Aug  7 14:52:53 2023 Player Darktopi has left
Mon Aug  7 14:52:57 2023 . captured Red's Intel.
Mon Aug  7 14:52:59 2023 SunshineSuperma (Red) [SMG] graphing calc (Blue)
Mon Aug  7 14:52:59 2023 w (Blue) [Rifle] SunshineSuperma (Red)
Mon Aug  7 14:53:00 2023 [Global] pogger (Red): u used smg against w xd
Mon Aug  7 14:53:01 2023 [Global] roquefort (Red): can we get more aimbots in red (for balance)
Mon Aug  7 14:53:05 2023 [Global] SunshineSuperma (Red): so he is here again
Mon Aug  7 14:53:05 2023 [Global] . (Blue): no
Mon Aug  7 14:53:06 2023 Player Pouteen has left
Mon Aug  7 14:53:08 2023 w (Blue) [Rifle] conda (Red)
Mon Aug  7 14:53:09 2023 sov1 (Red) [Headshot] BENJA(= (Blue)
Mon Aug  7 14:53:10 2023 JED07 (Red) [Rifle] Harry (Blue)
Mon Aug  7 14:53:11 2023 Disconnecting
