Sun Jun 25 18:34:46 2023 ------ World Loaded ------
Sun Jun 25 18:34:47 2023 Dskay (Red) [Rifle] ←tommyturner (Blue)
Sun Jun 25 18:34:47 2023 Dskay (Red) [Headshot] zekebird (Blue)
Sun Jun 25 18:34:47 2023 Cadet Nosegay (Blue) [SMG] Dskay (Red)
Sun Jun 25 18:34:47 2023 Player zekebird has left
Sun Jun 25 18:34:47 2023 HEISENBERG (Red) [Headshot] Stein (Blue)
Sun Jun 25 18:34:47 2023 Welcome to aloha.pk tower of babel
Sun Jun 25 18:34:48 2023 Map: newfort by JoJoe Stinky
Sun Jun 25 18:34:50 2023 Game mode: Tower of Babel by Yourself, modified by izzy
Sun Jun 25 18:34:52 2023 Build a tower to get the enemy's intel. Take it to your team's tent to win!
Sun Jun 25 18:34:54 2023 Visit our community forums at https://aloha.pk/
Sun Jun 25 18:34:56 2023 Come chat with us at https://discord.aloha.pk/
Sun Jun 25 18:35:05 2023 Pedro (Red) [Headshot] mezilga (Blue)
Sun Jun 25 18:35:07 2023 Pedro (Red) [Rifle] ←tommyturner (Blue)
Sun Jun 25 18:35:10 2023 Stein (Blue) [Headshot] magiclava (Red)
Sun Jun 25 18:35:19 2023 Dskay (Red) [Headshot] BullShark12 (Blue)
Sun Jun 25 18:35:21 2023 Dskay (Red) [Headshot] Stein (Blue)
Sun Jun 25 18:35:25 2023 Pedro (Red) [Headshot] ←tommyturner (Blue)
Sun Jun 25 18:35:26 2023  Type /HELP for info & commands
Sun Jun 25 18:35:28 2023 Dskay (Red) [Headshot] Rezon (Blue)
Sun Jun 25 18:35:32 2023 mezilga (Blue) [SMG] Dskay (Red)
Sun Jun 25 18:35:34 2023 Stein (Blue) [Headshot] Pedro (Red)
Sun Jun 25 18:35:37 2023 [HOA] Scrat joined Blue team
Sun Jun 25 18:35:41 2023 Stein (Blue) [Headshot] roter_soldat (Red)
Sun Jun 25 18:35:44 2023 mezilga (Blue) [Headshot] HEISENBERG (Red)
Sun Jun 25 18:35:46 2023 mezilga (Blue) [SMG] magiclava (Red)
Sun Jun 25 18:35:46 2023 Player roter_soldat has left
Sun Jun 25 18:35:48 2023 The_Verex_Plex joined Blue team
Sun Jun 25 18:35:56 2023  Visit our community forums at https://aloha.pk/
Sun Jun 25 18:36:05 2023 Ram1ro (Red) [SMG] [HOA] Scrat (Blue)
Sun Jun 25 18:36:13 2023 Stein (Blue) [SMG] Ram1ro (Red)
Sun Jun 25 18:36:15 2023 HEISENBERG (Red) [Headshot] The_Verex_Plex (Blue)
Sun Jun 25 18:36:16 2023 HEISENBERG (Red) [Headshot] BullShark12 (Blue)
Sun Jun 25 18:36:17 2023 HEISENBERG (Red) [Headshot] ←tommyturner (Blue)
Sun Jun 25 18:36:18 2023 HEISENBERG (Red) [Headshot] Stein (Blue)
Sun Jun 25 18:36:22 2023 HEISENBERG (Red) [Headshot] mezilga (Blue)
Sun Jun 25 18:36:26 2023  Come chat with us at https://discord.aloha.pk/
Sun Jun 25 18:36:33 2023 Dskay (Red) [Grenade]
Sun Jun 25 18:36:34 2023 You can't destroy your team's blocks in this area. Attack the enemy's tower!
Sun Jun 25 18:36:37 2023 magiclava (Red) [Headshot] ←tommyturner (Blue)
Sun Jun 25 18:36:38 2023 Dskay joined Spectator team
Sun Jun 25 18:36:38 2023 mezilga (Blue) [Headshot] magiclava (Red)
Sun Jun 25 18:36:47 2023 Pedro (Red) [Grenade] Rezon (Blue)
Sun Jun 25 18:36:48 2023 Stein (Blue) [Headshot] Pedro (Red)
Sun Jun 25 18:36:50 2023 HEISENBERG (Red) [Headshot] [HOA] Scrat (Blue)
Sun Jun 25 18:36:50 2023 Stein (Blue) [Headshot] HEISENBERG (Red)
Sun Jun 25 18:36:51 2023 The_Verex_Plex (Blue) [Fall]
Sun Jun 25 18:36:53 2023 Dskay joined Red team
Sun Jun 25 18:36:56 2023  If you believe a player is breaking the rules, please let us know with /ADMIN
Sun Jun 25 18:36:57 2023 Space of Aids joined Red team
Sun Jun 25 18:36:57 2023 Ram1ro (Red) [SMG] Cadet Nosegay (Blue)
Sun Jun 25 18:37:04 2023 BullShark12 (Blue) [Rifle] magiclava (Red)
Sun Jun 25 18:37:10 2023 Stein (Blue) [Headshot] Ram1ro (Red)
Sun Jun 25 18:37:19 2023 mezilga (Blue) [SMG] Pedro (Red)
Sun Jun 25 18:37:24 2023 HEISENBERG (Red) [Headshot] ←tommyturner (Blue)
Sun Jun 25 18:37:26 2023  Mahalo for playing aloha.pk tower of babel
Sun Jun 25 18:37:35 2023 magiclava (Red) [Rifle] The_Verex_Plex (Blue)
Sun Jun 25 18:37:37 2023 Stein (Blue) [Headshot] magiclava (Red)
Sun Jun 25 18:37:38 2023 Dskay (Red) [Headshot] Stein (Blue)
Sun Jun 25 18:37:40 2023 The_Verex_Plex (Blue) [Weapon Change]
Sun Jun 25 18:37:41 2023 mezilga (Blue) [Headshot] Space of Aids (Red)
Sun Jun 25 18:37:41 2023 Dskay (Red) [Headshot] ←tommyturner (Blue)
Sun Jun 25 18:37:44 2023 Ram1ro (Red) [Headshot] [HOA] Scrat (Blue)
Sun Jun 25 18:37:51 2023 Pedro (Red) [Grenade] mezilga (Blue)
Sun Jun 25 18:37:56 2023  Build a tower to get the enemy's intel. Take it to your team's tent to win!
Sun Jun 25 18:38:00 2023 Ram1ro (Red) [SMG] BullShark12 (Blue)
Sun Jun 25 18:38:06 2023 Pedro (Red) [Headshot] [HOA] Scrat (Blue)
Sun Jun 25 18:38:06 2023 Stein (Blue) [SMG] Dskay (Red)
Sun Jun 25 18:38:07 2023 HEISENBERG (Red) [Headshot] Cadet Nosegay (Blue)
Sun Jun 25 18:38:08 2023 Lovely Lori joined Red team
Sun Jun 25 18:38:09 2023 Stein (Blue) [Headshot] HEISENBERG (Red)
Sun Jun 25 18:38:14 2023 Pedro (Red) [Headshot] ←tommyturner (Blue)
Sun Jun 25 18:38:21 2023 The_Verex_Plex (Blue) [Headshot] Ram1ro (Red)
Sun Jun 25 18:38:21 2023 Dskay (Red) [Headshot] The_Verex_Plex (Blue)
Sun Jun 25 18:38:26 2023 Pedro (Red) [Headshot] BullShark12 (Blue)
Sun Jun 25 18:38:26 2023  Type /HELP for info & commands
Sun Jun 25 18:38:27 2023 Dskay (Red) [Headshot] mezilga (Blue)
Sun Jun 25 18:38:32 2023 magiclava (Red) [Headshot] [HOA] Scrat (Blue)
Sun Jun 25 18:38:32 2023 [Team] HEISENBERG (Red): right tower
Sun Jun 25 18:38:37 2023 Stein (Blue) [SMG] Dskay (Red)
Sun Jun 25 18:38:39 2023 [Global] mezilga (Blue): GET THE GUy
Sun Jun 25 18:38:40 2023 Rezon (Blue) [Headshot] Space of Aids (Red)
Sun Jun 25 18:38:41 2023 [Global] Stein (Blue): fucking lag
Sun Jun 25 18:38:43 2023 Rezon (Blue) [Headshot] HEISENBERG (Red)
Sun Jun 25 18:38:45 2023 Rezon (Blue) [Headshot] magiclava (Red)
Sun Jun 25 18:38:47 2023 Pedro (Red) [Headshot] BullShark12 (Blue)
Sun Jun 25 18:38:51 2023 Rezon (Blue) [Headshot] Pedro (Red)
Sun Jun 25 18:38:55 2023 Rezon (Blue) [Headshot] Dskay (Red)
Sun Jun 25 18:38:56 2023  Visit our community forums at https://aloha.pk/
Sun Jun 25 18:39:02 2023 The_Verex_Plex (Blue) [Headshot] Ram1ro (Red)
Sun Jun 25 18:39:04 2023 Rezon (Blue) [Headshot] Space of Aids (Red)
Sun Jun 25 18:39:06 2023 Rezon (Blue) [Headshot] HEISENBERG (Red)
Sun Jun 25 18:39:08 2023 Dskay (Red) [Headshot] mezilga (Blue)
Sun Jun 25 18:39:13 2023 Dskay (Red) [Rifle] Rezon (Blue)
Sun Jun 25 18:39:26 2023  Come chat with us at https://discord.aloha.pk/
Sun Jun 25 18:39:30 2023 Rezon (Blue) [Headshot] HEISENBERG (Red)
Sun Jun 25 18:39:33 2023 Pedro (Red) [Headshot] Cadet Nosegay (Blue)
Sun Jun 25 18:39:38 2023 mezilga (Blue) [SMG] Pedro (Red)
Sun Jun 25 18:39:39 2023 magiclava (Red) [Headshot] Rezon (Blue)
Sun Jun 25 18:39:39 2023 Dskay (Red) [Headshot] BullShark12 (Blue)
Sun Jun 25 18:39:40 2023 Space of Aids (Red) [Headshot] mezilga (Blue)
Sun Jun 25 18:39:42 2023 Dskay (Red) [Headshot] The_Verex_Plex (Blue)
Sun Jun 25 18:39:43 2023 [HOA] Scrat (Blue) [Headshot] Dskay (Red)
Sun Jun 25 18:39:46 2023 Player The_Verex_Plex has left
Sun Jun 25 18:39:56 2023  If you believe a player is breaking the rules, please let us know with /ADMIN
Sun Jun 25 18:39:59 2023 Stein (Blue) [SMG] Ram1ro (Red)
Sun Jun 25 18:40:04 2023 Rezon (Blue) [Headshot] magiclava (Red)
Sun Jun 25 18:40:09 2023 mezilga (Blue) [SMG] Space of Aids (Red)
Sun Jun 25 18:40:17 2023 Dskay (Red) [Headshot] [HOA] Scrat (Blue)
Sun Jun 25 18:40:25 2023 Rezon (Blue) [Headshot] magiclava (Red)
Sun Jun 25 18:40:26 2023  Mahalo for playing aloha.pk tower of babel
Sun Jun 25 18:40:27 2023 mezilga (Blue) [Headshot] Ram1ro (Red)
Sun Jun 25 18:40:28 2023 Rezon (Blue) [Headshot] Pedro (Red)
Sun Jun 25 18:40:41 2023 mezilga (Blue) [SMG] magiclava (Red)
Sun Jun 25 18:40:45 2023 Rezon (Blue) [Headshot] Space of Aids (Red)
Sun Jun 25 18:40:45 2023 You can't destroy your team's blocks in this area. Attack the enemy's tower!
Sun Jun 25 18:40:46 2023 You can't destroy your team's blocks in this area. Attack the enemy's tower!
Sun Jun 25 18:40:46 2023 mezilga (Blue) [SMG] Ram1ro (Red)
Sun Jun 25 18:40:51 2023 mezilga (Blue) [SMG]
Sun Jun 25 18:40:55 2023 Rezon (Blue) [Headshot] Harry (Red)
Sun Jun 25 18:40:56 2023  Build a tower to get the enemy's intel. Take it to your team's tent to win!
Sun Jun 25 18:40:57 2023 Cadet Nosegay (Blue) [Fall]
Sun Jun 25 18:40:57 2023 Rezon (Blue) [Headshot] Space of Aids (Red)
Sun Jun 25 18:41:05 2023 Ram1ro (Red) [Headshot] Rezon (Blue)
Sun Jun 25 18:41:07 2023 Stein (Blue) [Headshot] HEISENBERG (Red)
Sun Jun 25 18:41:10 2023 a bomber plane joined Red team
Sun Jun 25 18:41:12 2023 Stein (Blue) [Headshot] Dskay (Red)
Sun Jun 25 18:41:20 2023 Dskay (Red) [Headshot] Stein (Blue)
Sun Jun 25 18:41:25 2023 Dskay (Red) [Headshot] mezilga (Blue)
Sun Jun 25 18:41:26 2023  Type /HELP for info & commands
Sun Jun 25 18:41:28 2023 [HOA] Scrat (Blue) [Headshot] Space of Aids (Red)
Sun Jun 25 18:41:32 2023 [HOA] Scrat (Blue) [SMG] HEISENBERG (Red)
Sun Jun 25 18:41:32 2023 [HOA] Scrat (Blue) [SMG] a bomber plane (Red)
Sun Jun 25 18:41:37 2023 Dskay (Red) [Headshot] Cadet Nosegay (Blue)
Sun Jun 25 18:41:37 2023 Rezon (Blue) [Headshot] Dskay (Red)
Sun Jun 25 18:41:42 2023 Rezon (Blue) [Headshot] Ram1ro (Red)
Sun Jun 25 18:41:45 2023 Rezon (Blue) [Rifle] Pedro (Red)
Sun Jun 25 18:41:47 2023 [Global] a bomber plane (Red): yall wanna play areana?
Sun Jun 25 18:41:50 2023 [Global] a bomber plane (Red): arena*
Sun Jun 25 18:41:52 2023 [Global] Stein (Blue): ok
Sun Jun 25 18:41:55 2023 [Global] a bomber plane (Red): k
Sun Jun 25 18:41:55 2023 [Global] Rezon (Blue): sure
Sun Jun 25 18:41:55 2023 Dskay (Red) [Headshot] Stein (Blue)
Sun Jun 25 18:41:56 2023 [Global] HEISENBERG (Red): afk arena?
Sun Jun 25 18:41:56 2023  Visit our community forums at https://aloha.pk/
Sun Jun 25 18:41:56 2023 Player a bomber plane has left
Sun Jun 25 18:41:58 2023 Player Rezon has left
Sun Jun 25 18:41:59 2023 Player Dskay has left
Sun Jun 25 18:42:03 2023 mezilga (Blue) [Headshot] Space of Aids (Red)
Sun Jun 25 18:42:03 2023 AWOL. joined Blue team
Sun Jun 25 18:42:08 2023 Player Stein has left
Sun Jun 25 18:42:14 2023 ←tommyturner picked up Red's Intel.
Sun Jun 25 18:42:14 2023 [HOA] Scrat (Blue) [Headshot] Ram1ro (Red)
Sun Jun 25 18:42:26 2023  Come chat with us at https://discord.aloha.pk/
Sun Jun 25 18:42:28 2023 [HOA] Scrat (Blue) [Headshot] magiclava (Red)
Sun Jun 25 18:42:30 2023 mezilga (Blue) [Grenade] Harry (Red)
Sun Jun 25 18:42:33 2023 VMP joined Blue team
Sun Jun 25 18:42:34 2023 Space of Aids (Red) [Shotgun] mezilga (Blue)
Sun Jun 25 18:42:43 2023 ←tommyturner captured Red's Intel.
Sun Jun 25 18:42:44 2023 [HOA] Scrat (Blue) [Headshot] Pedro (Red)
Sun Jun 25 18:42:53 2023 AWOL. (Blue) [Headshot] Harry (Red)
Sun Jun 25 18:42:56 2023  If you believe a player is breaking the rules, please let us know with /ADMIN
Sun Jun 25 18:43:03 2023 [HOA] Scrat (Blue) [SMG] magiclava (Red)
Sun Jun 25 18:43:07 2023 You must be closer to the enemy's base to shoot blocks!
Sun Jun 25 18:43:11 2023 AWOL. (Blue) [Headshot] Space of Aids (Red)
Sun Jun 25 18:43:14 2023 zippy joined Red team
Sun Jun 25 18:43:16 2023 ←tommyturner picked up Red's Intel.
Sun Jun 25 18:43:18 2023 You must be closer to the enemy's base to shoot blocks!
Sun Jun 25 18:43:19 2023 HEISENBERG (Red) [Headshot] mezilga (Blue)
Sun Jun 25 18:43:20 2023 [HOA] Scrat (Blue) [Headshot] Ram1ro (Red)
Sun Jun 25 18:43:20 2023 AWOL. (Blue) [Headshot] HEISENBERG (Red)
Sun Jun 25 18:43:26 2023  Mahalo for playing aloha.pk tower of babel
Sun Jun 25 18:43:28 2023 AWOL. (Blue) [Rifle] zippy (Red)
Sun Jun 25 18:43:30 2023 magiclava (Red) [Headshot] [HOA] Scrat (Blue)
Sun Jun 25 18:43:32 2023 AWOL. (Blue) [Headshot] magiclava (Red)
Sun Jun 25 18:43:41 2023 AWOL. (Blue) [Headshot] Harry (Red)
Sun Jun 25 18:43:43 2023 HEISENBERG (Red) [Headshot] VMP (Blue)
Sun Jun 25 18:43:45 2023 ←tommyturner captured Red's Intel.
Sun Jun 25 18:43:46 2023 [Global] HEISENBERG (Red): peng
Sun Jun 25 18:43:48 2023 [Global] HEISENBERG (Red): xD#
Sun Jun 25 18:43:49 2023 AWOL. (Blue) [Rifle] HEISENBERG (Red)
Sun Jun 25 18:43:51 2023 Pedro (Red) [Rifle] BullShark12 (Blue)
Sun Jun 25 18:43:52 2023 AWOL. (Blue) [Headshot] Space of Aids (Red)
Sun Jun 25 18:43:56 2023  Build a tower to get the enemy's intel. Take it to your team's tent to win!
Sun Jun 25 18:44:03 2023 AWOL. (Blue) [Headshot] zippy (Red)
Sun Jun 25 18:44:08 2023 AWOL. (Blue) [Headshot] Harry (Red)
Sun Jun 25 18:44:09 2023 mezilga (Blue) [Headshot] magiclava (Red)
Sun Jun 25 18:44:10 2023 VMP (Blue) [Headshot] Ram1ro (Red)
Sun Jun 25 18:44:15 2023 AWOL. (Blue) [Headshot] magiclava (Red)
Sun Jun 25 18:44:20 2023 mezilga (Blue) [SMG] zippy (Red)
Sun Jun 25 18:44:24 2023 Ram1ro (Red) [Rifle] mezilga (Blue)
Sun Jun 25 18:44:26 2023  Type /HELP for info & commands
Sun Jun 25 18:44:29 2023 AWOL. (Blue) [Headshot] Harry (Red)
Sun Jun 25 18:44:31 2023 VMP (Blue) [Weapon Change]
Sun Jun 25 18:44:32 2023 AWOL. (Blue) [Headshot] HEISENBERG (Red)
Sun Jun 25 18:44:40 2023 AWOL. (Blue) [Headshot] zippy (Red)
Sun Jun 25 18:44:45 2023 Pedro (Red) [Rifle] BullShark12 (Blue)
Sun Jun 25 18:44:46 2023 mezilga (Blue) [SMG] Pedro (Red)
Sun Jun 25 18:44:47 2023 AWOL. (Blue) [Headshot] Ram1ro (Red)
Sun Jun 25 18:44:51 2023 HEISENBERG (Red) [Headshot] AWOL. (Blue)
Sun Jun 25 18:44:56 2023  Visit our community forums at https://aloha.pk/
Sun Jun 25 18:45:02 2023 HEISENBERG (Red) [Headshot] mezilga (Blue)
Sun Jun 25 18:45:06 2023 ←tommyturner picked up Red's Intel.
Sun Jun 25 18:45:17 2023 ←tommyturner dropped Red's Intel
Sun Jun 25 18:45:17 2023  The intel has returned to the heavens
Sun Jun 25 18:45:17 2023 magiclava (Red) [Rifle] ←tommyturner (Blue)
Sun Jun 25 18:45:26 2023  Come chat with us at https://discord.aloha.pk/
Sun Jun 25 18:45:29 2023 AWOL. (Blue) [Rifle] Pedro (Red)
Sun Jun 25 18:45:32 2023 zippy (Red) [Headshot] mezilga (Blue)
Sun Jun 25 18:45:42 2023 Player VMP has left
Sun Jun 25 18:45:55 2023 HEISENBERG (Red) [Headshot] BullShark12 (Blue)
Sun Jun 25 18:45:56 2023 AWOL. (Blue) [Headshot] zippy (Red)
Sun Jun 25 18:45:56 2023  If you believe a player is breaking the rules, please let us know with /ADMIN
Sun Jun 25 18:45:59 2023 [Global] HEISENBERG (Red): xD
Sun Jun 25 18:45:59 2023 AWOL. (Blue) [Headshot] Ram1ro (Red)
Sun Jun 25 18:46:07 2023 [Global] HEISENBERG (Red): Its over I have the highground!
Sun Jun 25 18:46:14 2023 HEISENBERG (Red) [Headshot] AWOL. (Blue)
Sun Jun 25 18:46:20 2023 [Global] HEISENBERG (Red): ;)
Sun Jun 25 18:46:26 2023 BullShark12 (Blue) [Rifle] HEISENBERG (Red)
Sun Jun 25 18:46:26 2023  Mahalo for playing aloha.pk tower of babel
Sun Jun 25 18:46:32 2023 [Global] HEISENBERG (Red): noooooooooooooooooooooooooooooooooooooooooooooooooooooooooooooooooooooooooooooooooooooooo
Sun Jun 25 18:46:38 2023 Space of Aids (Red) [Headshot] BullShark12 (Blue)
Sun Jun 25 18:46:39 2023 zippy (Red) [Rifle] mezilga (Blue)
Sun Jun 25 18:46:40 2023 [Global] HEISENBERG (Red): left side
Sun Jun 25 18:46:43 2023 magiclava (Red) [Headshot] Cadet Nosegay (Blue)
Sun Jun 25 18:46:46 2023 ←tommyturner picked up Red's Intel.
Sun Jun 25 18:46:47 2023 AWOL. (Blue) [Rifle] Space of Aids (Red)
Sun Jun 25 18:46:48 2023 Pedro (Red) [Headshot] AWOL. (Blue)
Sun Jun 25 18:46:56 2023  Build a tower to get the enemy's intel. Take it to your team's tent to win!
Sun Jun 25 18:46:59 2023 BullShark12 (Blue) [Headshot] Pedro (Red)
Sun Jun 25 18:47:11 2023 ←tommyturner captured Red's Intel.
Sun Jun 25 18:47:23 2023 Ram1ro (Red) [Headshot] BullShark12 (Blue)
Sun Jun 25 18:47:23 2023 Space of Aids (Red) [Fall]
Sun Jun 25 18:47:26 2023  Type /HELP for info & commands
Sun Jun 25 18:47:26 2023 Ram1ro (Red) [Headshot] Cadet Nosegay (Blue)
Sun Jun 25 18:47:30 2023 Ram1ro (Red) [Headshot] [HOA] Scrat (Blue)
Sun Jun 25 18:47:33 2023 Michaelike joined Blue team
Sun Jun 25 18:47:35 2023 magiclava (Red) [Rifle] ←tommyturner (Blue)
Sun Jun 25 18:47:37 2023 mezilga (Blue) [SMG] zippy (Red)
Sun Jun 25 18:47:43 2023 HEISENBERG (Red) [Headshot] mezilga (Blue)
Sun Jun 25 18:47:44 2023 AWOL. (Blue) [Headshot] magiclava (Red)
Sun Jun 25 18:47:44 2023 Ram1ro (Red) [Headshot] BullShark12 (Blue)
Sun Jun 25 18:47:52 2023 Ram1ro (Red) [Headshot] ←tommyturner (Blue)
Sun Jun 25 18:47:54 2023 Cadet Nosegay (Blue) [Grenade]
Sun Jun 25 18:47:56 2023 Ram1ro (Red) [Headshot] Michaelike (Blue)
Sun Jun 25 18:47:56 2023  Visit our community forums at https://aloha.pk/
Sun Jun 25 18:48:02 2023 AWOL. (Blue) [Headshot] HEISENBERG (Red)
Sun Jun 25 18:48:08 2023 mezilga (Blue) [SMG] Ram1ro (Red)
Sun Jun 25 18:48:23 2023 Pedro (Red) [Headshot] ←tommyturner (Blue)
Sun Jun 25 18:48:26 2023  Come chat with us at https://discord.aloha.pk/
Sun Jun 25 18:48:30 2023 mezilga (Blue) [Headshot] zippy (Red)
Sun Jun 25 18:48:37 2023 Space of Aids (Red) [Headshot] Cadet Nosegay (Blue)
Sun Jun 25 18:48:39 2023 HEISENBERG (Red) [Headshot] Michaelike (Blue)
Sun Jun 25 18:48:40 2023 HEISENBERG (Red) [Headshot] mezilga (Blue)
Sun Jun 25 18:48:41 2023 Player Michaelike has left
Sun Jun 25 18:48:43 2023 Cadet Nosegay (Blue) [Headshot] Space of Aids (Red)
Sun Jun 25 18:48:47 2023 Pedro (Red) [Headshot] BullShark12 (Blue)
Sun Jun 25 18:48:56 2023  If you believe a player is breaking the rules, please let us know with /ADMIN
Sun Jun 25 18:49:00 2023 AWOL. (Blue) [Headshot] HEISENBERG (Red)
Sun Jun 25 18:49:03 2023 ←tommyturner (Blue) [SMG] magiclava (Red)
Sun Jun 25 18:49:09 2023 AWOL. (Blue) [Headshot] Pedro (Red)
Sun Jun 25 18:49:11 2023 ←tommyturner (Blue) [SMG] zippy (Red)
Sun Jun 25 18:49:14 2023 mezilga (Blue) [Headshot] Ram1ro (Red)
Sun Jun 25 18:49:15 2023 ←tommyturner (Blue) [SMG] Space of Aids (Red)
Sun Jun 25 18:49:17 2023 HEISENBERG (Red) [Rifle] ←tommyturner (Blue)
Sun Jun 25 18:49:18 2023 Player Pedro has left
Sun Jun 25 18:49:26 2023  Mahalo for playing aloha.pk tower of babel
Sun Jun 25 18:49:36 2023 HEISENBERG (Red) [Headshot] Cadet Nosegay (Blue)
Sun Jun 25 18:49:36 2023 mezilga (Blue) [SMG]
Sun Jun 25 18:49:41 2023 Ram1ro (Red) [Team Change]
Sun Jun 25 18:49:42 2023 HEISENBERG picked up Blue's Intel.
Sun Jun 25 18:49:50 2023 Ram1ro joined Blue team
Sun Jun 25 18:49:50 2023 HEISENBERG dropped Blue's Intel
Sun Jun 25 18:49:50 2023  The intel has returned to the heavens
Sun Jun 25 18:49:50 2023 AWOL. (Blue) [Headshot] HEISENBERG (Red)
Sun Jun 25 18:49:56 2023  Build a tower to get the enemy's intel. Take it to your team's tent to win!
Sun Jun 25 18:49:57 2023 ←tommyturner (Blue) [Grenade] magiclava (Red)
Sun Jun 25 18:49:59 2023 ←tommyturner (Blue) [Headshot] zippy (Red)
Sun Jun 25 18:50:08 2023 ←tommyturner (Blue) [Headshot] Space of Aids (Red)
Sun Jun 25 18:50:09 2023 Space of Aids (Red) [Grenade] ←tommyturner (Blue)
Sun Jun 25 18:50:25 2023 mezilga (Blue) [Headshot] Harry (Red)
Sun Jun 25 18:50:26 2023  Type /HELP for info & commands
Sun Jun 25 18:50:31 2023  Cadet Nosegay has reached 1000 blocks placed! /heaven unlocked.
Sun Jun 25 18:50:34 2023 AWOL. (Blue) [Headshot] Space of Aids (Red)
Sun Jun 25 18:50:40 2023 zippy (Red) [Grenade] Cadet Nosegay (Blue)
Sun Jun 25 18:50:42 2023 Ram1ro (Blue) [Headshot] Harry (Red)
Sun Jun 25 18:50:48 2023 Pedro joined Red team
Sun Jun 25 18:50:56 2023  Visit our community forums at https://aloha.pk/
Sun Jun 25 18:51:01 2023 ←tommyturner (Blue) [Grenade] magiclava (Red)
Sun Jun 25 18:51:04 2023 Lovely Lori (Red) [Headshot] mezilga (Blue)
Sun Jun 25 18:51:05 2023 Harry (Red) [Headshot] Ram1ro (Blue)
Sun Jun 25 18:51:07 2023 ←tommyturner (Blue) [Headshot] zippy (Red)
Sun Jun 25 18:51:12 2023 ←tommyturner (Blue) [Headshot] Space of Aids (Red)
Sun Jun 25 18:51:17 2023 AWOL. (Blue) [Headshot] Harry (Red)
Sun Jun 25 18:51:24 2023 ←tommyturner picked up Red's Intel.
Sun Jun 25 18:51:25 2023 ←tommyturner dropped Red's Intel
Sun Jun 25 18:51:25 2023 HEISENBERG (Red) [Headshot] ←tommyturner (Blue)
Sun Jun 25 18:51:26 2023  Come chat with us at https://discord.aloha.pk/
Sun Jun 25 18:51:34 2023 HEISENBERG picked up Blue's Intel.
Sun Jun 25 18:51:45 2023 Cadet Nosegay (Blue) [Headshot] magiclava (Red)
Sun Jun 25 18:51:46 2023 You must be closer to the enemy's base to grenade blocks!
Sun Jun 25 18:51:46 2023 HEISENBERG dropped Blue's Intel
Sun Jun 25 18:51:46 2023 Cadet Nosegay (Blue) [SMG] HEISENBERG (Red)
Sun Jun 25 18:51:48 2023 zippy (Red) [Grenade] Cadet Nosegay (Blue)
Sun Jun 25 18:51:50 2023 Harry (Red) [Grenade]
Sun Jun 25 18:51:50 2023 You must be closer to the enemy's base to grenade blocks!
Sun Jun 25 18:51:53 2023 zippy picked up Blue's Intel.
Sun Jun 25 18:51:56 2023  If you believe a player is breaking the rules, please let us know with /ADMIN
Sun Jun 25 18:52:01 2023 zippy dropped Blue's Intel
Sun Jun 25 18:52:01 2023  The intel has returned to the heavens
Sun Jun 25 18:52:01 2023 zippy (Red) [Fall]
Sun Jun 25 18:52:05 2023 ←tommyturner picked up Red's Intel.
Sun Jun 25 18:52:13 2023 Space of Aids (Red) [Fall]
Sun Jun 25 18:52:15 2023 Harry (Red) [Headshot] AWOL. (Blue)
Sun Jun 25 18:52:18 2023 Player Space of Aids has left
Sun Jun 25 18:52:21 2023 ←tommyturner dropped Red's Intel
Sun Jun 25 18:52:21 2023  The intel has returned to the heavens
Sun Jun 25 18:52:21 2023 HEISENBERG (Red) [Headshot] ←tommyturner (Blue)
Sun Jun 25 18:52:26 2023  Mahalo for playing aloha.pk tower of babel
Sun Jun 25 18:52:27 2023 HEISENBERG (Red) [Headshot] Cadet Nosegay (Blue)
Sun Jun 25 18:52:32 2023 HEISENBERG (Red) [Headshot] BullShark12 (Blue)
Sun Jun 25 18:52:44 2023 HEISENBERG (Red) [Headshot] AWOL. (Blue)
Sun Jun 25 18:52:49 2023 Ram1ro (Blue) [Headshot] magiclava (Red)
Sun Jun 25 18:52:56 2023  Build a tower to get the enemy's intel. Take it to your team's tent to win!
Sun Jun 25 18:52:56 2023 zippy (Red) [Headshot] Ram1ro (Blue)
Sun Jun 25 18:52:57 2023 AWOL. (Blue) [Headshot] HEISENBERG (Red)
Sun Jun 25 18:53:00 2023 ←tommyturner picked up Red's Intel.
Sun Jun 25 18:53:10 2023 AWOL. (Blue) [Headshot] zippy (Red)
Sun Jun 25 18:53:11 2023 [Global] Lovely Lori (Red): cute cat
Sun Jun 25 18:53:12 2023 magiclava (Red) [Headshot] Cadet Nosegay (Blue)
Sun Jun 25 18:53:21 2023 Lovely Lori (Red) [Rifle] mezilga (Blue)
Sun Jun 25 18:53:21 2023 AWOL. (Blue) [Rifle] magiclava (Red)
Sun Jun 25 18:53:26 2023  Type /HELP for info & commands
Sun Jun 25 18:53:26 2023 ←tommyturner captured Red's Intel.
Sun Jun 25 18:53:37 2023 Player mezilga has left
Sun Jun 25 18:53:44 2023 HEISENBERG (Red) [Headshot] Ram1ro (Blue)
Sun Jun 25 18:53:46 2023 zippy (Red) [Headshot] Cadet Nosegay (Blue)
Sun Jun 25 18:53:50 2023 [HOA] Scrat (Blue) [Headshot] Harry (Red)
Sun Jun 25 18:53:55 2023 zippy (Red) [Grenade]
Sun Jun 25 18:53:56 2023  Visit our community forums at https://aloha.pk/
Sun Jun 25 18:54:00 2023 HEISENBERG (Red) [Headshot] BullShark12 (Blue)
Sun Jun 25 18:54:01 2023 ←tommyturner picked up Red's Intel.
Sun Jun 25 18:54:06 2023 [HOA] Scrat (Blue) [Headshot] magiclava (Red)
Sun Jun 25 18:54:08 2023 nuwandita joined Red team
Sun Jun 25 18:54:12 2023 ←tommyturner dropped Red's Intel
Sun Jun 25 18:54:12 2023  The intel has returned to the heavens
Sun Jun 25 18:54:12 2023 HEISENBERG (Red) [Headshot] ←tommyturner (Blue)
Sun Jun 25 18:54:19 2023 HEISENBERG (Red) [Headshot] [HOA] Scrat (Blue)
Sun Jun 25 18:54:23 2023 HEISENBERG (Red) [Headshot] Ram1ro (Blue)
Sun Jun 25 18:54:26 2023  Come chat with us at https://discord.aloha.pk/
Sun Jun 25 18:54:31 2023 AWOL. (Blue) [Headshot] Pedro (Red)
Sun Jun 25 18:54:31 2023 HEISENBERG (Red) [Headshot] ←tommyturner (Blue)
Sun Jun 25 18:54:40 2023 Cadet Nosegay (Blue) [Weapon Change]
Sun Jun 25 18:54:43 2023 HEISENBERG (Red) [Headshot] [HOA] Scrat (Blue)
Sun Jun 25 18:54:47 2023 Ram1ro (Blue) [SMG] zippy (Red)
Sun Jun 25 18:54:51 2023 AWOL. (Blue) [Headshot] nuwandita (Red)
Sun Jun 25 18:54:53 2023 Ram1ro (Blue) [Headshot] magiclava (Red)
Sun Jun 25 18:54:56 2023  If you believe a player is breaking the rules, please let us know with /ADMIN
Sun Jun 25 18:55:01 2023 HEISENBERG (Red) [Headshot] ←tommyturner (Blue)
Sun Jun 25 18:55:03 2023 Player nuwandita has left
Sun Jun 25 18:55:03 2023 AWOL. (Blue) [Headshot] zippy (Red)
Sun Jun 25 18:55:04 2023 [HOA] Scrat (Blue) [SMG] HEISENBERG (Red)
Sun Jun 25 18:55:06 2023 [Global] HEISENBERG (Red): txD
Sun Jun 25 18:55:06 2023 AWOL. (Blue) [Headshot] Pedro (Red)
Sun Jun 25 18:55:08 2023 [Global] [HOA] Scrat (Blue): LOL
Sun Jun 25 18:55:10 2023 [Global] [HOA] Scrat (Blue): FINALLY
Sun Jun 25 18:55:11 2023 [Global] HEISENBERG (Red): I love the water
Sun Jun 25 18:55:16 2023 AWOL. (Blue) [Headshot] HEISENBERG (Red)
Sun Jun 25 18:55:16 2023  Harry has reached 1000 blocks placed! /heaven unlocked.
Sun Jun 25 18:55:16 2023 Type /heavenlist to view available images. /heaven <name> to confirm.
Sun Jun 25 18:55:16 2023 Want your country's flag instead? Type /heaven country (or any alpha-2 code)
Sun Jun 25 18:55:22 2023 [Global] [HOA] Scrat (Blue): how were you not dying?
Sun Jun 25 18:55:26 2023 [HOA] Scrat (Blue) [Headshot] magiclava (Red)
Sun Jun 25 18:55:26 2023  Mahalo for playing aloha.pk tower of babel
Sun Jun 25 18:55:30 2023 Pedro (Red) [Headshot] AWOL. (Blue)
Sun Jun 25 18:55:37 2023 [Global] HEISENBERG (Red): if you stop moving, the damage also stops.
Sun Jun 25 18:55:42 2023 ←tommyturner picked up Red's Intel.
Sun Jun 25 18:55:56 2023  Build a tower to get the enemy's intel. Take it to your team's tent to win!
Sun Jun 25 18:56:03 2023 [HOA] Scrat (Blue) [Headshot] magiclava (Red)
Sun Jun 25 18:56:05 2023 [Global] [HOA] Scrat (Blue): xD
Sun Jun 25 18:56:05 2023 AWOL. (Blue) [Rifle] Pedro (Red)
Sun Jun 25 18:56:06 2023 ←tommyturner captured Red's Intel.
Sun Jun 25 18:56:06 2023  With 1517 blocks placed, ←tommyturner is granted the right to unleash the apocalypse.
Sun Jun 25 18:56:07 2023 zippy (Red) [Headshot] AWOL. (Blue)
Sun Jun 25 18:56:07 2023 [Global] HEISENBERG (Red): somehow most people dont know it xD
Sun Jun 25 18:56:13 2023 BullShark12 picked up Red's Intel.
Sun Jun 25 18:56:16 2023 HEISENBERG (Red) [Headshot] Cadet Nosegay (Blue)
Sun Jun 25 18:56:19 2023 BullShark12 (Blue) [Grenade] Pedro (Red)
Sun Jun 25 18:56:24 2023 AWOL. (Blue) [Headshot] HEISENBERG (Red)
Sun Jun 25 18:56:26 2023 Ram1ro (Blue) [Headshot] Lovely Lori (Red)
Sun Jun 25 18:56:26 2023  Type /HELP for info & commands
Sun Jun 25 18:56:39 2023 AWOL. (Blue) [Headshot] zippy (Red)
Sun Jun 25 18:56:43 2023 Ram1ro (Blue) [Headshot] HEISENBERG (Red)
Sun Jun 25 18:56:50 2023 Player zippy has left
Sun Jun 25 18:56:50 2023 Ram1ro (Blue) [SMG]
Sun Jun 25 18:56:51 2023 BullShark12 captured Red's Intel.
Sun Jun 25 18:56:56 2023  Visit our community forums at https://aloha.pk/
Sun Jun 25 18:57:00 2023 AWOL. (Blue) [Headshot] Pedro (Red)
Sun Jun 25 18:57:07 2023 HEISENBERG (Red) [Headshot] ←tommyturner (Blue)
Sun Jun 25 18:57:08 2023 AWOL. (Blue) [Headshot] HEISENBERG (Red)
Sun Jun 25 18:57:08 2023 Pedro (Red) [Headshot] AWOL. (Blue)
Sun Jun 25 18:57:26 2023  Come chat with us at https://discord.aloha.pk/
Sun Jun 25 18:57:32 2023 BullShark12 picked up Red's Intel.
Sun Jun 25 18:57:36 2023 Pedro (Red) [Headshot] Cadet Nosegay (Blue)
Sun Jun 25 18:57:37 2023 Ram1ro (Blue) [Headshot] HEISENBERG (Red)
Sun Jun 25 18:57:38 2023 ←tommyturner (Blue) [Headshot] magiclava (Red)
Sun Jun 25 18:57:53 2023 Pedro (Red) [Headshot] Ram1ro (Blue)
Sun Jun 25 18:57:56 2023 magiclava (Red) [Headshot] ←tommyturner (Blue)
Sun Jun 25 18:57:56 2023  If you believe a player is breaking the rules, please let us know with /ADMIN
Sun Jun 25 18:57:57 2023 AWOL. (Blue) [Headshot] Pedro (Red)
Sun Jun 25 18:58:05 2023 magiclava (Red) [SMG] AWOL. (Blue)
Sun Jun 25 18:58:08 2023 BullShark12 captured Red's Intel.
Sun Jun 25 18:58:24 2023 AWOL. (Blue) [Rifle] magiclava (Red)
Sun Jun 25 18:58:26 2023  Mahalo for playing aloha.pk tower of babel
Sun Jun 25 18:58:29 2023 AWOL. (Blue) [Headshot] HEISENBERG (Red)
Sun Jun 25 18:58:29 2023 [HOA] Scrat (Blue) [Headshot] Pedro (Red)
Sun Jun 25 18:58:31 2023 [Global] [HOA] Scrat (Blue): xD
Sun Jun 25 18:58:33 2023 Player HEISENBERG has left
Sun Jun 25 18:58:38 2023 4Johns4thRepub joined Red team
Sun Jun 25 18:58:49 2023 AWOL. (Blue) [Headshot] Pedro (Red)
Sun Jun 25 18:58:56 2023 Cadet Nosegay picked up Red's Intel.
Sun Jun 25 18:58:56 2023  Build a tower to get the enemy's intel. Take it to your team's tent to win!
Sun Jun 25 18:59:02 2023 magiclava (Red) [Fall]
Sun Jun 25 18:59:12 2023 Pedro (Red) [SMG] ←tommyturner (Blue)
Sun Jun 25 18:59:15 2023 Ram1ro (Blue) [Headshot] Harry (Red)
Sun Jun 25 18:59:17 2023  ←tommyturner has unleashed an apocalypse from God.
Sun Jun 25 18:59:19 2023  The apocalypse begins in 5
Sun Jun 25 18:59:20 2023  The apocalypse begins in 4
Sun Jun 25 18:59:21 2023  The apocalypse begins in 3
Sun Jun 25 18:59:22 2023 Nerf Miner joined Red team
Sun Jun 25 18:59:22 2023  The apocalypse begins in 2
Sun Jun 25 18:59:23 2023  The apocalypse begins in 1
Sun Jun 25 18:59:24 2023 Pedro (Red) [Headshot] Ram1ro (Blue)
Sun Jun 25 18:59:24 2023 AWOL. (Blue) [Headshot] magiclava (Red)
Sun Jun 25 18:59:26 2023 ←tommyturner (Blue) [Grenade] Nerf Miner (Red)
Sun Jun 25 18:59:26 2023  Type /HELP for info & commands
Sun Jun 25 18:59:28 2023 ←tommyturner (Blue) [Grenade] Pedro (Red)
Sun Jun 25 18:59:28 2023 ←tommyturner (Blue) [Grenade] Harry (Red)
Sun Jun 25 18:59:29 2023 [Global] [HOA] Scrat (Blue): xD
Sun Jun 25 18:59:36 2023 Cadet Nosegay captured Red's Intel.
Sun Jun 25 18:59:37 2023  The apocalypse has ended.
Sun Jun 25 18:59:39 2023 RE:SSercome joined Spectator team
Sun Jun 25 18:59:51 2023 BullShark12 picked up Red's Intel.
Sun Jun 25 18:59:56 2023  Visit our community forums at https://aloha.pk/
Sun Jun 25 18:59:58 2023 Pedro (Red) [Headshot] ←tommyturner (Blue)
Sun Jun 25 18:59:58 2023 Nerf Miner (Red) [Fall]
Sun Jun 25 19:00:07 2023 magiclava (Red) [Headshot] AWOL. (Blue)
Sun Jun 25 19:00:09 2023 Ram1ro (Blue) [SMG] Pedro (Red)
Sun Jun 25 19:00:17 2023 BullShark12 captured Red's Intel.
Sun Jun 25 19:00:22 2023 AWOL. (Blue) [Headshot] Harry (Red)
Sun Jun 25 19:00:22 2023 [HOA] Scrat (Blue) [Headshot] Nerf Miner (Red)
Sun Jun 25 19:00:26 2023  Come chat with us at https://discord.aloha.pk/
Sun Jun 25 19:00:28 2023 AWOL. (Blue) [Headshot] 4Johns4thRepub (Red)
Sun Jun 25 19:00:33 2023 Pedro (Red) [Grenade]
Sun Jun 25 19:00:35 2023 Pedro (Red) [Grenade] [HOA] Scrat (Blue)
Sun Jun 25 19:00:37 2023 ←tommyturner picked up Red's Intel.
Sun Jun 25 19:00:37 2023 [Global] [HOA] Scrat (Blue): wth
Sun Jun 25 19:00:39 2023 Nerf Miner (Red) [Headshot] Ram1ro (Blue)
Sun Jun 25 19:00:43 2023 [Global] [HOA] Scrat (Blue): that wasnt even near me xD
Sun Jun 25 19:00:46 2023 AWOL. (Blue) [Headshot] Nerf Miner (Red)
Sun Jun 25 19:00:49 2023 ←tommyturner (Blue) [SMG] Pedro (Red)
Sun Jun 25 19:00:50 2023 magiclava (Red) [Headshot] AWOL. (Blue)
Sun Jun 25 19:00:56 2023 ←tommyturner (Blue) [Grenade] Nerf Miner (Red)
Sun Jun 25 19:00:56 2023 ←tommyturner (Blue) [Grenade] Lovely Lori (Red)
Sun Jun 25 19:00:56 2023  If you believe a player is breaking the rules, please let us know with /ADMIN
Sun Jun 25 19:01:05 2023 Lovely Lori (Red) [Team Change]
Sun Jun 25 19:01:08 2023 Harry (Red) [Headshot] AWOL. (Blue)
Sun Jun 25 19:01:09 2023 Cadet Nosegay (Blue) [SMG] Pedro (Red)
Sun Jun 25 19:01:14 2023 Lovely Lori joined Blue team
Sun Jun 25 19:01:18 2023 Ram1ro (Blue) [Headshot] 4Johns4thRepub (Red)
Sun Jun 25 19:01:19 2023 Pedro (Red) [Headshot] BullShark12 (Blue)
Sun Jun 25 19:01:21 2023 Ram1ro (Blue) [SMG] Harry (Red)
Sun Jun 25 19:01:26 2023  Mahalo for playing aloha.pk tower of babel
Sun Jun 25 19:01:31 2023 ←tommyturner (Blue) [SMG] Pedro (Red)
Sun Jun 25 19:01:41 2023 4Johns4thRepub (Red) [Headshot] Cadet Nosegay (Blue)
Sun Jun 25 19:01:46 2023 ←tommyturner (Blue) [Headshot] Harry (Red)
Sun Jun 25 19:01:50 2023 [HOA] Scrat (Blue) [Headshot] 4Johns4thRepub (Red)
Sun Jun 25 19:01:56 2023  Build a tower to get the enemy's intel. Take it to your team's tent to win!
Sun Jun 25 19:01:59 2023 Pedro (Red) [Headshot] [HOA] Scrat (Blue)
Sun Jun 25 19:02:01 2023 [Global] AWOL. (Blue): drop
Sun Jun 25 19:02:10 2023 Ram1ro (Blue) [Headshot] Pedro (Red)
Sun Jun 25 19:02:10 2023 Player [HOA] Scrat has left
Sun Jun 25 19:02:16 2023 ←tommyturner dropped Red's Intel
Sun Jun 25 19:02:16 2023 4Johns4thRepub (Red) [Headshot] ←tommyturner (Blue)
Sun Jun 25 19:02:17 2023 AWOL. picked up Red's Intel.
Sun Jun 25 19:02:26 2023  Type /HELP for info & commands
Sun Jun 25 19:02:33 2023 Harry (Red) [Headshot] ←tommyturner (Blue)
Sun Jun 25 19:02:34 2023 AWOL. dropped Red's Intel
Sun Jun 25 19:02:34 2023  The intel has returned to the heavens
Sun Jun 25 19:02:34 2023 magiclava (Red) [SMG] AWOL. (Blue)
Sun Jun 25 19:02:37 2023 BullShark12 (Blue) [Headshot] magiclava (Red)
Sun Jun 25 19:02:40 2023 Cadet Nosegay (Blue) [SMG] Nerf Miner (Red)
Sun Jun 25 19:02:46 2023 AWOL. (Blue) [Headshot] Harry (Red)
Sun Jun 25 19:02:46 2023 4Johns4thRepub (Red) [SMG] Cadet Nosegay (Blue)
Sun Jun 25 19:02:49 2023 Player Nerf Miner has left
Sun Jun 25 19:02:54 2023 BullShark12 picked up Red's Intel.
Sun Jun 25 19:02:56 2023  Visit our community forums at https://aloha.pk/
Sun Jun 25 19:03:08 2023 4Johns4thRepub (Red) [Headshot] Ram1ro (Blue)
Sun Jun 25 19:03:13 2023 Harry (Red) [Headshot] Cadet Nosegay (Blue)
Sun Jun 25 19:03:21 2023 Harry (Red) [Headshot] Ram1ro (Blue)
Sun Jun 25 19:03:22 2023 ←tommyturner (Blue) [Headshot] Pedro (Red)
Sun Jun 25 19:03:22 2023 4Johns4thRepub (Red) [SMG] ←tommyturner (Blue)
Sun Jun 25 19:03:26 2023 BullShark12 captured Red's Intel.
Sun Jun 25 19:03:26 2023 Blue Wins!
Sun Jun 25 19:03:26 2023  Game finished! Next map: TowerDive.
Sun Jun 25 19:03:26 2023  Come chat with us at https://discord.aloha.pk/
Sun Jun 25 19:03:28 2023 ←tommyturner (Blue) [Headshot] 4Johns4thRepub (Red)
Sun Jun 25 19:03:28 2023 AWOL. (Blue) [Headshot] Harry (Red)
Sun Jun 25 19:03:28 2023 ←tommyturner (Blue) [SMG] 4Johns4thRepub (Red)
Sun Jun 25 19:03:29 2023 magiclava (Red) [SMG] BullShark12 (Blue)
Sun Jun 25 19:03:29 2023 Ram1ro (Blue) [Headshot] Pedro (Red)
Sun Jun 25 19:03:29 2023 AWOL. (Blue) [Headshot] magiclava (Red)
Sun Jun 25 19:03:32 2023 [Global] Cadet Nosegay (Blue): yeahy
Sun Jun 25 19:03:33 2023 [Global] Lovely Lori (Blue): gg trans rights
Sun Jun 25 19:03:38 2023 ------ World Unloaded ------
Sun Jun 25 19:03:55 2023 ------ World Loaded ------
Sun Jun 25 19:03:55 2023 4Johns4thRepub joined Blue team
Sun Jun 25 19:03:55 2023 Welcome to aloha.pk tower of babel
Sun Jun 25 19:03:55 2023 magiclava joined Blue team
Sun Jun 25 19:03:57 2023 -= SeanVS =- joined Red team
Sun Jun 25 19:03:57 2023 Map: Tower Dive by ei8htx
Sun Jun 25 19:03:59 2023 Game mode: Tower of Babel by Yourself, modified by izzy
Sun Jun 25 19:04:01 2023 Build a tower to get the enemy's intel. Take it to your team's tent to win!
Sun Jun 25 19:04:03 2023 Visit our community forums at https://aloha.pk/
Sun Jun 25 19:04:03 2023 Cadet Nosegay joined Blue team
Sun Jun 25 19:04:05 2023 Come chat with us at https://discord.aloha.pk/
Sun Jun 25 19:04:06 2023 magiclava (Blue) [Headshot] -= SeanVS =- (Red)
Sun Jun 25 19:04:13 2023 BullShark12 joined Red team
Sun Jun 25 19:04:14 2023 4Johns4thRepub (Blue) [Headshot] BullShark12 (Red)
Sun Jun 25 19:04:16 2023 -= SeanVS =- (Red) [SMG] 4Johns4thRepub (Blue)
Sun Jun 25 19:04:17 2023 Ram1ro joined Red team
Sun Jun 25 19:04:20 2023 Cadet Nosegay (Blue) [SMG] -= SeanVS =- (Red)
Sun Jun 25 19:04:27 2023 [Global] -= SeanVS =- (Red): Team blalnce please
Sun Jun 25 19:04:27 2023  Mahalo for playing aloha.pk tower of babel
Sun Jun 25 19:04:31 2023 Cadet Nosegay (Blue) [SMG] Ram1ro (Red)
Sun Jun 25 19:04:32 2023 -= SeanVS =- (Red) [Headshot] Cadet Nosegay (Blue)
Sun Jun 25 19:04:32 2023 Lovely Lori joined Spectator team
Sun Jun 25 19:04:33 2023 Aledamang157 joined Blue team
Sun Jun 25 19:04:40 2023 Harry (Red) [Headshot] Cadet Nosegay (Blue)
Sun Jun 25 19:04:40 2023 Lovely Lori joined Red team
Sun Jun 25 19:04:57 2023  Build a tower to get the enemy's intel. Take it to your team's tent to win!
Sun Jun 25 19:04:59 2023 BullShark12 (Red) [SMG] Aledamang157 (Blue)
Sun Jun 25 19:05:01 2023 Cadet Nosegay (Blue) [Grenade] -= SeanVS =- (Red)
Sun Jun 25 19:05:12 2023 4Johns4thRepub (Blue) [Headshot] BullShark12 (Red)
Sun Jun 25 19:05:12 2023 Aledamang157 (Blue) [Shotgun] Harry (Red)
Sun Jun 25 19:05:20 2023 Harry (Red) [Headshot] Aledamang157 (Blue)
Sun Jun 25 19:05:23 2023 Pedro joined Red team
Sun Jun 25 19:05:23 2023 Ram1ro (Red) [Headshot] magiclava (Blue)
Sun Jun 25 19:05:25 2023 4Johns4thRepub (Blue) [Headshot] -= SeanVS =- (Red)
Sun Jun 25 19:05:27 2023  Type /HELP for info & commands
Sun Jun 25 19:05:28 2023 Ram1ro (Red) [SMG] 4Johns4thRepub (Blue)
Sun Jun 25 19:05:30 2023 Ram1ro (Red) [SMG] magiclava (Blue)
Sun Jun 25 19:05:40 2023 magiclava (Blue) [Headshot] Ram1ro (Red)
Sun Jun 25 19:05:47 2023 4Johns4thRepub (Blue) [Headshot] Harry (Red)
Sun Jun 25 19:05:49 2023 magiclava (Blue) [SMG] BullShark12 (Red)
Sun Jun 25 19:05:49 2023 Pedro (Red) [Headshot] Aledamang157 (Blue)
Sun Jun 25 19:05:53 2023 4Johns4thRepub (Blue) [SMG] -= SeanVS =- (Red)
Sun Jun 25 19:05:57 2023  Visit our community forums at https://aloha.pk/
Sun Jun 25 19:05:58 2023 magiclava (Blue) [Headshot] Ram1ro (Red)
Sun Jun 25 19:05:59 2023 Harry (Red) [Headshot] magiclava (Blue)
Sun Jun 25 19:06:03 2023 Aledamang157 (Blue) [Headshot] Harry (Red)
Sun Jun 25 19:06:09 2023 Player Pedro has left
Sun Jun 25 19:06:14 2023 4Johns4thRepub (Blue) [Headshot] -= SeanVS =- (Red)
Sun Jun 25 19:06:18 2023 Ram1ro (Red) [Headshot] 4Johns4thRepub (Blue)
Sun Jun 25 19:06:22 2023 Stein joined Blue team
Sun Jun 25 19:06:24 2023 Deuce29 joined Spectator team
Sun Jun 25 19:06:27 2023  Come chat with us at https://discord.aloha.pk/
Sun Jun 25 19:06:30 2023 magiclava (Blue) [SMG] Harry (Red)
Sun Jun 25 19:06:31 2023 4Johns4thRepub (Blue) [Headshot] Ram1ro (Red)
Sun Jun 25 19:06:31 2023 titicaca joined Blue team
Sun Jun 25 19:06:40 2023 Harry (Red) [Headshot] magiclava (Blue)
Sun Jun 25 19:06:40 2023 4Johns4thRepub (Blue) [Headshot] -= SeanVS =- (Red)
Sun Jun 25 19:06:41 2023 Stein (Blue) [Headshot] Ram1ro (Red)
Sun Jun 25 19:06:47 2023 Harry (Red) [Headshot] Stein (Blue)
Sun Jun 25 19:06:51 2023 Ram1ro (Red) [Weapon Change]
Sun Jun 25 19:06:51 2023 Harry (Red) [Headshot] Aledamang157 (Blue)
Sun Jun 25 19:06:57 2023  If you believe a player is breaking the rules, please let us know with /ADMIN
Sun Jun 25 19:06:59 2023 Harry (Red) [Headshot] Stein (Blue)
Sun Jun 25 19:07:01 2023 RE:SSercome joined Spectator team
Sun Jun 25 19:07:05 2023 Stein (Blue) [SMG] -= SeanVS =- (Red)
Sun Jun 25 19:07:05 2023 Harry (Red) [Headshot] Aledamang157 (Blue)
Sun Jun 25 19:07:06 2023 Stein (Blue) [SMG] Harry (Red)
Sun Jun 25 19:07:08 2023 BullShark12 (Red) [Headshot] Stein (Blue)
Sun Jun 25 19:07:08 2023 Player -= SeanVS =- has left
Sun Jun 25 19:07:13 2023 Player RE:SSercome has left
Sun Jun 25 19:07:13 2023 [Global] Stein (Blue): package loss hiting hard
Sun Jun 25 19:07:19 2023 4Johns4thRepub (Blue) [SMG] Harry (Red)
Sun Jun 25 19:07:23 2023 Ram1ro (Red) [Shotgun] 4Johns4thRepub (Blue)
Sun Jun 25 19:07:24 2023 [Global] titicaca (Blue): what kind of package we talking about?
Sun Jun 25 19:07:26 2023 Ram1ro (Red) [Headshot] Stein (Blue)
Sun Jun 25 19:07:27 2023  Mahalo for playing aloha.pk tower of babel
Sun Jun 25 19:07:32 2023 Aledamang157 (Blue) [Headshot] Ram1ro (Red)
Sun Jun 25 19:07:38 2023 magiclava (Blue) [Headshot] Lovely Lori (Red)
Sun Jun 25 19:07:38 2023 Harry (Red) [Headshot] titicaca (Blue)
Sun Jun 25 19:07:43 2023 [Team] Lovely Lori (Red): enemy behind us
Sun Jun 25 19:07:44 2023 Harry (Red) [Headshot] Aledamang157 (Blue)
Sun Jun 25 19:07:48 2023 Stein (Blue) [Headshot] Harry (Red)
Sun Jun 25 19:07:52 2023 Pedro joined Red team
Sun Jun 25 19:07:52 2023 magiclava (Blue) [SMG] Lovely Lori (Red)
Sun Jun 25 19:07:56 2023 Pedro (Red) [Headshot] Cadet Nosegay (Blue)
Sun Jun 25 19:07:57 2023  Build a tower to get the enemy's intel. Take it to your team's tent to win!
Sun Jun 25 19:07:57 2023 Harry (Red) [Headshot] Stein (Blue)
Sun Jun 25 19:08:03 2023 magiclava (Blue) [Headshot] Pedro (Red)
Sun Jun 25 19:08:04 2023 Aledamang157 (Blue) [Shotgun] Ram1ro (Red)
Sun Jun 25 19:08:06 2023 BullShark12 (Red) [Headshot] magiclava (Blue)
Sun Jun 25 19:08:11 2023 Stein (Blue) [Headshot] Harry (Red)
Sun Jun 25 19:08:15 2023 4Johns4thRepub (Blue) [Headshot] Ram1ro (Red)
Sun Jun 25 19:08:16 2023 Harry (Red) [Headshot] Aledamang157 (Blue)
Sun Jun 25 19:08:20 2023 Harry (Red) [Headshot] titicaca (Blue)
Sun Jun 25 19:08:22 2023 Harry (Red) [Headshot] Stein (Blue)
Sun Jun 25 19:08:27 2023  Type /HELP for info & commands
Sun Jun 25 19:08:28 2023 magiclava (Blue) [Headshot] Pedro (Red)
Sun Jun 25 19:08:30 2023 Stein (Blue) [Headshot] Harry (Red)
Sun Jun 25 19:08:34 2023 4Johns4thRepub (Blue) [Headshot] Ram1ro (Red)
Sun Jun 25 19:08:43 2023 Stein (Blue) [Headshot] Harry (Red)
Sun Jun 25 19:08:49 2023 Stein (Blue) [Headshot] Pedro (Red)
Sun Jun 25 19:08:49 2023 Aledamang157 (Blue) [Shotgun] BullShark12 (Red)
Sun Jun 25 19:08:50 2023 4Johns4thRepub (Blue) [Headshot] Ram1ro (Red)
Sun Jun 25 19:08:55 2023 Harry (Red) [Headshot] titicaca (Blue)
Sun Jun 25 19:08:57 2023  Visit our community forums at https://aloha.pk/
Sun Jun 25 19:08:58 2023 Aledamang157 (Blue) [Headshot] Pedro (Red)
Sun Jun 25 19:09:00 2023 4Johns4thRepub (Blue) [SMG] Lovely Lori (Red)
Sun Jun 25 19:09:03 2023 Stein (Blue) [Headshot] Ram1ro (Red)
Sun Jun 25 19:09:10 2023 Harry (Red) [Headshot] Stein (Blue)
Sun Jun 25 19:09:14 2023 Ram1ro joined Blue team
Sun Jun 25 19:09:18 2023 4Johns4thRepub (Blue) [SMG] Harry (Red)
Sun Jun 25 19:09:20 2023 Pedro (Red) [Headshot] 4Johns4thRepub (Blue)
Sun Jun 25 19:09:25 2023 Player Deuce29 has left
Sun Jun 25 19:09:26 2023 Aledamang157 (Blue) [Shotgun] Pedro (Red)
Sun Jun 25 19:09:27 2023  Come chat with us at https://discord.aloha.pk/
Sun Jun 25 19:09:29 2023 Harry (Red) [Headshot] magiclava (Blue)
Sun Jun 25 19:09:35 2023 Ram1ro (Blue) [Headshot] Harry (Red)
Sun Jun 25 19:09:43 2023 4Johns4thRepub (Blue) [Headshot] Pedro (Red)
Sun Jun 25 19:09:48 2023 Harry (Red) [Headshot] titicaca (Blue)
Sun Jun 25 19:09:52 2023 Pedro (Red) [Headshot] 4Johns4thRepub (Blue)
Sun Jun 25 19:09:54 2023 Harry (Red) [Headshot] Stein (Blue)
Sun Jun 25 19:09:55 2023 Aledamang157 (Blue) [Headshot] Harry (Red)
Sun Jun 25 19:09:57 2023  If you believe a player is breaking the rules, please let us know with /ADMIN
Sun Jun 25 19:09:58 2023 Ram1ro (Blue) [Headshot] BullShark12 (Red)
Sun Jun 25 19:10:00 2023 Pedro (Red) [Headshot] Ram1ro (Blue)
Sun Jun 25 19:10:07 2023 Stein (Blue) [Headshot] Pedro (Red)
Sun Jun 25 19:10:07 2023 Aledamang157 (Blue) [Shotgun] Harry (Red)
Sun Jun 25 19:10:18 2023 Pedro (Red) [Headshot] 4Johns4thRepub (Blue)
Sun Jun 25 19:10:18 2023 Aledamang157 (Blue) [Headshot] Harry (Red)
Sun Jun 25 19:10:23 2023 Stein (Blue) [Headshot] Lovely Lori (Red)
Sun Jun 25 19:10:27 2023  Mahalo for playing aloha.pk tower of babel
Sun Jun 25 19:10:27 2023 Harry (Red) [Headshot] Aledamang157 (Blue)
Sun Jun 25 19:10:28 2023 magiclava (Blue) [Headshot] Pedro (Red)
Sun Jun 25 19:10:30 2023 magiclava (Blue) [Headshot] BullShark12 (Red)
Sun Jun 25 19:10:30 2023 Harry (Red) [Headshot] Ram1ro (Blue)
Sun Jun 25 19:10:34 2023 Stein (Blue) [Headshot] Harry (Red)
Sun Jun 25 19:10:38 2023 magiclava (Blue) [Fall]
Sun Jun 25 19:10:38 2023 Player Aledamang157 has left
Sun Jun 25 19:10:39 2023 Stein (Blue) [Headshot] Pedro (Red)
Sun Jun 25 19:10:53 2023 NovaS joined Red team
Sun Jun 25 19:10:57 2023  Build a tower to get the enemy's intel. Take it to your team's tent to win!
Sun Jun 25 19:10:59 2023 Stein (Blue) [SMG] NovaS (Red)
Sun Jun 25 19:11:05 2023 Ram1ro (Blue) [Headshot] Harry (Red)
Sun Jun 25 19:11:08 2023 Pedro (Red) [Headshot] Ram1ro (Blue)
Sun Jun 25 19:11:10 2023 Stein (Blue) [Headshot] BullShark12 (Red)
Sun Jun 25 19:11:15 2023 Pedro (Red) [Headshot] Stein (Blue)
Sun Jun 25 19:11:20 2023 Ram1ro (Blue) [Headshot] Pedro (Red)
Sun Jun 25 19:11:24 2023 4Johns4thRepub (Blue) [SMG] Harry (Red)
Sun Jun 25 19:11:27 2023  Type /HELP for info & commands
Sun Jun 25 19:11:33 2023 Pedro (Red) [Headshot] 4Johns4thRepub (Blue)
Sun Jun 25 19:11:36 2023 Harry (Red) [Headshot] Ram1ro (Blue)
Sun Jun 25 19:11:41 2023 Stein (Blue) [SMG] Harry (Red)
Sun Jun 25 19:11:42 2023 Stein (Blue) [Headshot] Pedro (Red)
Sun Jun 25 19:11:45 2023 Stein (Blue) [SMG] NovaS (Red)
Sun Jun 25 19:11:50 2023 Stein (Blue) [Headshot] Lovely Lori (Red)
Sun Jun 25 19:11:56 2023 magiclava (Blue) [Grenade] NovaS (Red)
Sun Jun 25 19:11:56 2023 magiclava (Blue) [Grenade] BullShark12 (Red)
Sun Jun 25 19:11:56 2023 Ram1ro (Blue) [Headshot] Harry (Red)
Sun Jun 25 19:11:57 2023  Visit our community forums at https://aloha.pk/
Sun Jun 25 19:11:58 2023 Disconnecting
