Fri Apr 28 20:37:53 2023 ------ World Loaded ------
Fri Apr 28 20:37:53 2023 Welcome to FL | stop cheating you noob
Fri Apr 28 20:37:55 2023 Map: classicgen #1715803948 by Tom Dobrowolski
Fri Apr 28 20:37:57 2023 Game mode: WAR
Fri Apr 28 20:37:59 2023 Discord: https://discord.gg/BJkMA49UQt
Fri Apr 28 20:38:01 2023 Server powered by 30Gb of Hentai and https://nhentai.com
Fri Apr 28 20:38:03 2023 Please use /rules to know how to get trusted
Fri Apr 28 20:38:06 2023 hora_de_morir__ (Green) [Grenade]
Fri Apr 28 20:38:19 2023 1223 (Green) [Headshot] not a burner (Blue)
Fri Apr 28 20:38:38 2023 nwe :) (Green) [Headshot] not a burner (Blue)
Fri Apr 28 20:38:45 2023 nwe :) (Green) [Headshot] not a burner (Blue)
Fri Apr 28 20:38:53 2023 nwe :) (Green) [Headshot] not a burner (Blue)
Fri Apr 28 20:38:57 2023 nwe :) (Green) [SMG] not a burner (Blue)
Fri Apr 28 20:39:05 2023 1223 (Green) [Headshot] not a burner (Blue)
Fri Apr 28 20:39:17 2023 hora_de_morir__ (Green) [Headshot] not a burner (Blue)
Fri Apr 28 20:39:19 2023 hora_de_morir__ (Green) [Headshot] not a burner (Blue)
Fri Apr 28 20:39:22 2023 hora_de_morir__ (Green) [Headshot] not a burner (Blue)
Fri Apr 28 20:39:25 2023 hora_de_morir__ (Green) [Headshot] not a burner (Blue)
Fri Apr 28 20:39:28 2023 nwe :) (Green) [Headshot] not a burner (Blue)
Fri Apr 28 20:39:31 2023 nwe :) (Green) [SMG] not a burner (Blue)
Fri Apr 28 20:39:34 2023 hora_de_morir__ (Green) [Headshot] not a burner (Blue)
Fri Apr 28 20:39:36 2023 hora_de_morir__ (Green) [Headshot] not a burner (Blue)
Fri Apr 28 20:39:39 2023 hora_de_morir__ (Green) [Headshot] not a burner (Blue)
Fri Apr 28 20:39:42 2023 hora_de_morir__ (Green) [Headshot] not a burner (Blue)
Fri Apr 28 20:39:47 2023 hora_de_morir__ (Green) [Grenade] not a burner (Blue)
Fri Apr 28 20:40:30 2023 Harry (Blue) [Headshot] 1223 (Green)
Fri Apr 28 20:40:31 2023 Harry (Blue) [Headshot] hora_de_morir__ (Green)
Fri Apr 28 20:40:34 2023 Harry (Blue) [Headshot] nwe :) (Green)
Fri Apr 28 20:40:41 2023 1223 (Green) [Rifle] Harry (Blue)
Fri Apr 28 20:40:46 2023 nwe :) (Green) [Grenade]
Fri Apr 28 20:40:51 2023 [Global] Harry (Blue): que andan haciendo?
Fri Apr 28 20:41:00 2023 [Global] nwe :) (Green): poerta
Fri Apr 28 20:41:06 2023 Player 1223 has left
Fri Apr 28 20:41:07 2023 [Global] hora_de_morir__ (Green): hello 
Fri Apr 28 20:41:11 2023 [Global] hora_de_morir__ (Green): xD
Fri Apr 28 20:41:25 2023 [Global] hora_de_morir__ (Green): hello speak english
Fri Apr 28 20:41:35 2023 [Team] Harry (Blue): si
Fri Apr 28 20:41:38 2023 [Global] hora_de_morir__ (Green): okno
Fri Apr 28 20:41:40 2023 [Global] nwe :) (Green): i cant speak english
Fri Apr 28 20:41:41 2023 [FL] Type /help for info & commands
Fri Apr 28 20:41:54 2023 [Global] Harry (Blue): what language then?
Fri Apr 28 20:41:55 2023 [Global] hora_de_morir__ (Green): no te entiendo
Fri Apr 28 20:41:56 2023 nwe :) (Green) [Team Change]
Fri Apr 28 20:41:59 2023 nwe :) joined Spectator team
Fri Apr 28 20:42:19 2023 [Global] nwe :) (): japan
Fri Apr 28 20:42:29 2023 [Global] Harry (Blue): oni
Fri Apr 28 20:43:02 2023 [Global] nwe :) (): what you make morir
Fri Apr 28 20:43:15 2023 [Global] hora_de_morir__ (Green): speak spanish 
Fri Apr 28 20:43:29 2023 [Global] nwe :) (): i cant
Fri Apr 28 20:43:38 2023 [Global] nwe :) (): harry wrong direction
Fri Apr 28 20:44:23 2023 [Global] nwe :) (): 10 clock direction
Fri Apr 28 20:44:41 2023 [FL] Discord: https://discord.gg/BJkMA49UQt
Fri Apr 28 20:44:41 2023 [Global] nwe :) (): wrong
Fri Apr 28 20:44:48 2023 [Global] nwe :) (): 7 clock
Fri Apr 28 20:45:23 2023 [Global] nwe :) (): now 9 clock
Fri Apr 28 20:45:56 2023 [Global] nwe :) (): keep forward comrade
Fri Apr 28 20:46:18 2023 [Global] nwe :) (): 9 clock
Fri Apr 28 20:46:30 2023 [Global] nwe :) (): wrong
Fri Apr 28 20:46:36 2023 Abagail joined Blue team
Fri Apr 28 20:47:17 2023 [Global] nwe :) (): wrong
Fri Apr 28 20:47:24 2023 [Global] Harry (Blue): coordinates?
Fri Apr 28 20:47:33 2023 [Global] Harry (Blue): 5E, 2B 9D
Fri Apr 28 20:47:38 2023 [Global] nwe :) (): cant tell
Fri Apr 28 20:47:41 2023 [FL] Use /setspawn to set a position to always spawn in.
Fri Apr 28 20:47:49 2023 [Global] nwe :) (): iin this area
Fri Apr 28 20:48:12 2023 [Global] nwe :) (): looks like drone footage
Fri Apr 28 20:48:41 2023 [Global] hora_de_morir__ (Green): alguien habla español puta madre
Fri Apr 28 20:48:51 2023 [Global] Harry (Blue): nadie
Fri Apr 28 20:48:53 2023 [Global] nwe :) (): look that bullet
Fri Apr 28 20:48:57 2023 [Global] hora_de_morir__ (Green): ._.
Fri Apr 28 20:49:01 2023 [Global] Harry (Blue): again
Fri Apr 28 20:49:09 2023 [Global] nwe :) (): he shoot before
Fri Apr 28 20:49:09 2023 [Global] hora_de_morir__ (Green): entonces
Fri Apr 28 20:49:17 2023 [Global] hora_de_morir__ (Green): para que sabes español
Fri Apr 28 20:49:40 2023 [Global] nwe :) (): they can see your fire
Fri Apr 28 20:49:50 2023 [Global] nwe :) (): close combat drone footage
Fri Apr 28 20:50:09 2023 [Global] Harry (Blue): odias brasil?
Fri Apr 28 20:50:16 2023 [Global] hora_de_morir__ (Green): xD
Fri Apr 28 20:50:24 2023 [Global] hora_de_morir__ (Green): n
Fri Apr 28 20:50:27 2023 [Global] hora_de_morir__ (Green): no
Fri Apr 28 20:50:38 2023 hora_de_morir__ (Green) [Headshot] Abagail (Blue)
Fri Apr 28 20:50:41 2023 [FL] Discord: https://discord.gg/BJkMA49UQt
Fri Apr 28 20:50:47 2023 [Global] hora_de_morir__ (Green): a dormir
Fri Apr 28 20:50:51 2023 Player Abagail has left
Fri Apr 28 20:50:54 2023 [Global] hora_de_morir__ (Green): XD
Fri Apr 28 20:50:57 2023 [Global] nwe :) (): 1 ukraina soldier die
Fri Apr 28 20:51:04 2023 [Global] Harry (Blue): acaso openspades ya murio?
Fri Apr 28 20:51:11 2023 [Global] hora_de_morir__ (Green): creo que si
Fri Apr 28 20:51:13 2023 [Global] Harry (Blue): antes habia almenos un server con 15
Fri Apr 28 20:51:24 2023 [Global] hora_de_morir__ (Green): hace un año habia gente
Fri Apr 28 20:51:27 2023 Harry (Blue) [Melee] hora_de_morir__ (Green)
Fri Apr 28 20:51:31 2023 [Global] Harry (Blue): verga
Fri Apr 28 20:51:34 2023 [Global] Harry (Blue): perdon
Fri Apr 28 20:51:40 2023 [Global] hora_de_morir__ (Green): en la tarde  minimo 4 servidores full
Fri Apr 28 20:51:45 2023 [Global] hora_de_morir__ (Green): de gringos
Fri Apr 28 20:51:49 2023 [Global] nwe :) (): peaceful breakup
Fri Apr 28 20:51:50 2023 [Global] Harry (Blue): si
Fri Apr 28 20:51:52 2023 hora_de_morir__ (Green) [Weapon Change]
Fri Apr 28 20:51:52 2023 Player nwe :) has left
Fri Apr 28 20:52:10 2023 [Global] Harry (Blue): voy a jugar con bots
Fri Apr 28 20:52:12 2023 Disconnecting
