Thu Jun  8 20:32:57 2023 ------ World Loaded ------
Thu Jun  8 20:32:57 2023 [Global] Raylon BR (Red): ahhahha
Thu Jun  8 20:32:57 2023 RE.SSercome (Red) [Headshot] yeremijuegos12 (Blue)
Thu Jun  8 20:32:57 2023 Wren (Blue) [Headshot] Raylon BR (Red)
Thu Jun  8 20:32:57 2023 Reimu Hakurei (Red) [Headshot] Airis (Blue)
Thu Jun  8 20:32:57 2023 Reimu Hakurei (Red) [Headshot] Jamal.7197 (Blue)
Thu Jun  8 20:32:57 2023 Welcome to aloha.pk tower of babel
Thu Jun  8 20:32:59 2023 Map: SkullFort by JoJoe Stinky CC 2013
Thu Jun  8 20:33:01 2023 Game mode: Tower of Babel by Yourself, modified by izzy
Thu Jun  8 20:33:03 2023 Build a tower to get the enemy's intel. Take it to your team's tent to win!
Thu Jun  8 20:33:05 2023 Visit our community forums at https://aloha.pk/
Thu Jun  8 20:33:07 2023 Come chat with us at https://discord.aloha.pk/
Thu Jun  8 20:33:14 2023 Player Wren has left
Thu Jun  8 20:33:20 2023  Build a tower to get the enemy's intel. Take it to your team's tent to win!
Thu Jun  8 20:33:21 2023 yeremijuegos12 (Blue) [Headshot] RE.SSercome (Red)
Thu Jun  8 20:33:24 2023 Raylon BR (Red) [Headshot] yeremijuegos12 (Blue)
Thu Jun  8 20:33:25 2023 Reimu Hakurei (Red) [Headshot] Airis (Blue)
Thu Jun  8 20:33:29 2023 [Global] Raylon BR (Red): omg
Thu Jun  8 20:33:32 2023 B3D joined Blue team
Thu Jun  8 20:33:44 2023 Jamal.7197 (Blue) [SMG] Aristote (Red)
Thu Jun  8 20:33:50 2023  Type /HELP for info & commands
Thu Jun  8 20:33:52 2023 Vagabond (Blue) [Headshot] EMART (Red)
Thu Jun  8 20:34:01 2023 Reimu Hakurei (Red) [Rifle] B3D (Blue)
Thu Jun  8 20:34:01 2023 yeremijuegos12 (Blue) [Headshot] boom (Red)
Thu Jun  8 20:34:06 2023 [Global] B3D (Blue): hello  vaga
Thu Jun  8 20:34:09 2023 Jamal.7197 (Blue) [SMG] EMART (Red)
Thu Jun  8 20:34:11 2023 yeremijuegos12 (Blue) [Headshot] boom (Red)
Thu Jun  8 20:34:14 2023 Airis (Blue) [Headshot] Reimu Hakurei (Red)
Thu Jun  8 20:34:17 2023 yeremijuegos12 (Blue) [Headshot] Harry (Red)
Thu Jun  8 20:34:17 2023 Jamal.7197 (Blue) [Headshot] EMART (Red)
Thu Jun  8 20:34:17 2023 [Global] Vagabond (Blue): HEY BRO
Thu Jun  8 20:34:18 2023 Jamal.7197 (Blue) [Headshot] boom (Red)
Thu Jun  8 20:34:18 2023 Noaa (Blue) [Fall]
Thu Jun  8 20:34:20 2023  Visit our community forums at https://aloha.pk/
Thu Jun  8 20:34:29 2023 mrpaper joined Red team
Thu Jun  8 20:34:30 2023 yeremijuegos12 (Blue) [Rifle] mastter  XD LAG (Red)
Thu Jun  8 20:34:36 2023 boom (Red) [Headshot] Jamal.7197 (Blue)
Thu Jun  8 20:34:38 2023 Aristote (Red) [Headshot] Vagabond (Blue)
Thu Jun  8 20:34:41 2023 [Global] Vagabond (Blue): NO ARI
Thu Jun  8 20:34:45 2023 RE.SSercome (Red) [Headshot] yeremijuegos12 (Blue)
Thu Jun  8 20:34:49 2023 [Global] yeremijuegos12 (Blue): RATA
Thu Jun  8 20:34:50 2023  Come chat with us at https://discord.aloha.pk/
Thu Jun  8 20:34:52 2023 Noaa (Blue) [Headshot] Raylon BR (Red)
Thu Jun  8 20:34:55 2023 Aristote (Red) [SMG] Noaa (Blue)
Thu Jun  8 20:34:59 2023 [Global] Raylon BR (Red): lkkkkkkkkk
Thu Jun  8 20:34:59 2023 B3D (Blue) [Headshot] Aristote (Red)
Thu Jun  8 20:35:00 2023 [Global] mastter  XD LAG (Red): no llores
Thu Jun  8 20:35:03 2023 [Global] RE.SSercome (Red): eyey no digas eso
Thu Jun  8 20:35:06 2023 [Team] Aristote (Red): they
Thu Jun  8 20:35:09 2023 [Global] yeremijuegos12 (Blue): PERDON
Thu Jun  8 20:35:11 2023 [Global] yeremijuegos12 (Blue): XD
Thu Jun  8 20:35:15 2023 Harry (Red) [Headshot] B3D (Blue)
Thu Jun  8 20:35:16 2023 [Team] Aristote (Red): their tower is arleady up again
Thu Jun  8 20:35:20 2023  If you believe a player is breaking the rules, please let us know with /ADMIN
Thu Jun  8 20:35:23 2023 yeremijuegos12 (Blue) [Headshot] Harry (Red)
Thu Jun  8 20:35:26 2023 Aristote (Red) [Headshot] Jamal.7197 (Blue)
Thu Jun  8 20:35:31 2023 Aristote (Red) [Headshot] jmsada (Blue)
Thu Jun  8 20:35:37 2023 yeremijuegos12 (Blue) [Rifle] EMART (Red)
Thu Jun  8 20:35:41 2023 B3D (Blue) [Grenade] Reimu Hakurei (Red)
Thu Jun  8 20:35:46 2023 Vagabond picked up Red's Intel.
Thu Jun  8 20:35:50 2023  Mahalo for playing aloha.pk tower of babel
Thu Jun  8 20:35:54 2023 axe    j vnny   joined Blue team
Thu Jun  8 20:35:56 2023 Vagabond (Blue) [Grenade] mrpaper (Red)
Thu Jun  8 20:36:01 2023 [Global] Vagabond (Blue): bang
Thu Jun  8 20:36:05 2023 Airis (Blue) [Rifle] Raylon BR (Red)
Thu Jun  8 20:36:10 2023 You can't build near the enemy's tower!
Thu Jun  8 20:36:12 2023 B3D (Blue) [Headshot] mastter  XD LAG (Red)
Thu Jun  8 20:36:13 2023 [Team] Aristote (Red): do we have any builders?
Thu Jun  8 20:36:16 2023 Aristote (Red) [Headshot] B3D (Blue)
Thu Jun  8 20:36:20 2023  Build a tower to get the enemy's intel. Take it to your team's tent to win!
Thu Jun  8 20:36:22 2023 Aristote (Red) [Headshot] Noaa (Blue)
Thu Jun  8 20:36:25 2023 Vagabond captured Red's Intel.
Thu Jun  8 20:36:28 2023 Airis picked up Red's Intel.
Thu Jun  8 20:36:36 2023 Reimu Hakurei (Red) [Grenade] Jester (Blue)
Thu Jun  8 20:36:38 2023 Jamal.7197 (Blue) [Headshot] Raylon BR (Red)
Thu Jun  8 20:36:38 2023 mrpaper (Red) [Headshot] Jamal.7197 (Blue)
Thu Jun  8 20:36:41 2023 Reimu Hakurei (Red) [Grenade] axe    j vnny   (Blue)
Thu Jun  8 20:36:47 2023 Noaa (Blue) [SMG] Harry (Red)
Thu Jun  8 20:36:50 2023 Aristote (Red) [Headshot] B3D (Blue)
Thu Jun  8 20:36:50 2023  Type /HELP for info & commands
Thu Jun  8 20:36:51 2023 EMART (Red) [Headshot] yeremijuegos12 (Blue)
Thu Jun  8 20:36:52 2023 [Global] yeremijuegos12 (Blue): Q
Thu Jun  8 20:36:53 2023 Airis captured Red's Intel.
Thu Jun  8 20:36:54 2023 [Global] yeremijuegos12 (Blue): COMO
Thu Jun  8 20:36:58 2023 [Global] yeremijuegos12 (Blue): CUANDO 
Thu Jun  8 20:37:04 2023 Noaa (Blue) [Grenade] Aristote (Red)
Thu Jun  8 20:37:04 2023 Vagabond picked up Red's Intel.
Thu Jun  8 20:37:08 2023 Harry (Red) [Headshot] Noaa (Blue)
Thu Jun  8 20:37:14 2023 Vagabond (Blue) [Grenade] Raylon BR (Red)
Thu Jun  8 20:37:19 2023 Reimu Hakurei (Red) [Headshot] Jester (Blue)
Thu Jun  8 20:37:20 2023  Visit our community forums at https://aloha.pk/
Thu Jun  8 20:37:22 2023 yeremijuegos12 (Blue) [Headshot] Harry (Red)
Thu Jun  8 20:37:29 2023 mastter  XD LAG (Red) [Melee] jmsada (Blue)
Thu Jun  8 20:37:34 2023 Vagabond dropped Red's Intel
Thu Jun  8 20:37:34 2023  The intel has returned to the heavens
Thu Jun  8 20:37:34 2023 EMART (Red) [SMG] Vagabond (Blue)
Thu Jun  8 20:37:34 2023 Jester (Blue) [Headshot] Reimu Hakurei (Red)
Thu Jun  8 20:37:36 2023 mastter  XD LAG (Red) [Headshot] Jester (Blue)
Thu Jun  8 20:37:36 2023 [Global] Vagabond (Blue): OMFG
Thu Jun  8 20:37:39 2023 Airis picked up Red's Intel.
Thu Jun  8 20:37:50 2023 B3D (Blue) [SMG] Harry (Red)
Thu Jun  8 20:37:50 2023  Come chat with us at https://discord.aloha.pk/
Thu Jun  8 20:37:57 2023 Airis (Blue) [Melee] EMART (Red)
Thu Jun  8 20:37:57 2023 boom (Red) [Rifle] B3D (Blue)
Thu Jun  8 20:38:05 2023 Jamal.7197 (Blue) [Headshot] Harry (Red)
Thu Jun  8 20:38:07 2023 Jamal.7197 (Blue) [Headshot] EMART (Red)
Thu Jun  8 20:38:09 2023 Jamal.7197 (Blue) [Fall]
Thu Jun  8 20:38:14 2023 Airis captured Red's Intel.
Thu Jun  8 20:38:14 2023  With 2020 blocks placed, Noaa is granted the right to unleash the apocalypse.
Thu Jun  8 20:38:20 2023  If you believe a player is breaking the rules, please let us know with /ADMIN
Thu Jun  8 20:38:23 2023 Vagabond (Blue) [Grenade] mrpaper (Red)
Thu Jun  8 20:38:24 2023 Vagabond (Blue) [Headshot] boom (Red)
Thu Jun  8 20:38:30 2023 Vagabond picked up Red's Intel.
Thu Jun  8 20:38:32 2023 B3D (Blue) [SMG] Raylon BR (Red)
Thu Jun  8 20:38:33 2023 Player Raylon BR has left
Thu Jun  8 20:38:35 2023 jmsada (Blue) [Shotgun] mastter  XD LAG (Red)
Thu Jun  8 20:38:37 2023 B3D (Blue) [Headshot] Aristote (Red)
Thu Jun  8 20:38:37 2023 [Global] mastter  XD LAG (Red): zzzz
Thu Jun  8 20:38:50 2023  Mahalo for playing aloha.pk tower of babel
Thu Jun  8 20:38:52 2023  Noaa has unleashed an apocalypse from God.
Thu Jun  8 20:38:54 2023 Vagabond captured Red's Intel.
Thu Jun  8 20:38:54 2023  The apocalypse begins in 5
Thu Jun  8 20:38:55 2023  The apocalypse begins in 4
Thu Jun  8 20:38:56 2023  The apocalypse begins in 3
Thu Jun  8 20:38:57 2023  The apocalypse begins in 2
Thu Jun  8 20:38:58 2023  The apocalypse begins in 1
Thu Jun  8 20:38:59 2023 Noaa (Blue) [Headshot] Harry (Red)
Thu Jun  8 20:39:01 2023 Airis picked up Red's Intel.
Thu Jun  8 20:39:02 2023 Noaa (Blue) [Grenade] Harry (Red)
Thu Jun  8 20:39:04 2023 Vagabond (Blue) [Headshot] Reimu Hakurei (Red)
Thu Jun  8 20:39:10 2023 Noaa (Blue) [Grenade] boom (Red)
Thu Jun  8 20:39:12 2023  The apocalypse has ended.
Thu Jun  8 20:39:20 2023  Build a tower to get the enemy's intel. Take it to your team's tent to win!
Thu Jun  8 20:39:25 2023 Airis captured Red's Intel.
Thu Jun  8 20:39:26 2023 Aristote (Red) [SMG] Noaa (Blue)
Thu Jun  8 20:39:27 2023 Jamal.7197 (Blue) [Headshot] Aristote (Red)
Thu Jun  8 20:39:34 2023 Harry (Red) [Headshot] B3D (Blue)
Thu Jun  8 20:39:36 2023 Vagabond picked up Red's Intel.
Thu Jun  8 20:39:36 2023 Jamal.7197 (Blue) [SMG] Harry (Red)
Thu Jun  8 20:39:38 2023 EMART (Red) [Melee] yeremijuegos12 (Blue)
Thu Jun  8 20:39:46 2023 Vagabond (Blue) [Headshot] mrpaper (Red)
Thu Jun  8 20:39:50 2023 [Global] yeremijuegos12 (Blue): ARRIBA
Thu Jun  8 20:39:50 2023  Type /HELP for info & commands
Thu Jun  8 20:39:56 2023 Jamal.7197 (Blue) [Headshot] mrpaper (Red)
Thu Jun  8 20:40:00 2023 mastter  XD LAG (Red) [Headshot] yeremijuegos12 (Blue)
Thu Jun  8 20:40:13 2023 yeremijuegos12 (Blue) [Rifle] mastter  XD LAG (Red)
Thu Jun  8 20:40:20 2023  Visit our community forums at https://aloha.pk/
Thu Jun  8 20:40:21 2023 Vagabond captured Red's Intel.
Thu Jun  8 20:40:21 2023 B3D picked up Red's Intel.
Thu Jun  8 20:40:24 2023 Noaa (Blue) [Headshot] Harry (Red)
Thu Jun  8 20:40:24 2023 RE.SSercome (Red) [Headshot] Vagabond (Blue)
Thu Jun  8 20:40:29 2023 yeremijuegos12 (Blue) [Melee] EMART (Red)
Thu Jun  8 20:40:31 2023 Jamal.7197 (Blue) [SMG] Harry (Red)
Thu Jun  8 20:40:31 2023 mastter  XD LAG (Red) [Headshot] Jamal.7197 (Blue)
Thu Jun  8 20:40:32 2023 Aristote (Red) [Headshot] axe    j vnny   (Blue)
Thu Jun  8 20:40:37 2023 Noaa (Blue) [Grenade]
Thu Jun  8 20:40:37 2023 jmsada (Blue) [Grenade]
Thu Jun  8 20:40:40 2023 [Global] Noaa (Blue): oops
Thu Jun  8 20:40:45 2023 Player EMART has left
Thu Jun  8 20:40:47 2023 B3D captured Red's Intel.
Thu Jun  8 20:40:49 2023 Airis picked up Red's Intel.
Thu Jun  8 20:40:50 2023  Come chat with us at https://discord.aloha.pk/
Thu Jun  8 20:40:52 2023 [Global] mastter  XD LAG (Red): Gg's
Thu Jun  8 20:41:01 2023 [Global] yeremijuegos12 (Blue): GG
Thu Jun  8 20:41:01 2023 [Global] RE.SSercome (Red): gg
Thu Jun  8 20:41:09 2023 mastter  XD LAG (Red) [Grenade] jmsada (Blue)
Thu Jun  8 20:41:09 2023 Airis dropped Red's Intel
Thu Jun  8 20:41:09 2023  The intel has returned to the heavens
Thu Jun  8 20:41:09 2023 Reimu Hakurei (Red) [Headshot] Airis (Blue)
Thu Jun  8 20:41:10 2023 jmsada (Blue) [Grenade] mastter  XD LAG (Red)
Thu Jun  8 20:41:11 2023 [Global] Airis (Blue): xddddddddddddd
Thu Jun  8 20:41:13 2023 [Global] Reimu Hakurei (Red): XDDDDD
Thu Jun  8 20:41:13 2023 Noaa (Blue) [Headshot] Harry (Red)
Thu Jun  8 20:41:16 2023 [Global] yeremijuegos12 (Blue): NOW
Thu Jun  8 20:41:20 2023 Noaa (Blue) [SMG] Aristote (Red)
Thu Jun  8 20:41:20 2023 [Global] yeremijuegos12 (Blue): NOOO
Thu Jun  8 20:41:20 2023  If you believe a player is breaking the rules, please let us know with /ADMIN
Thu Jun  8 20:41:21 2023 Vagabond (Blue) [Headshot] boom (Red)
Thu Jun  8 20:41:26 2023 Vagabond picked up Red's Intel.
Thu Jun  8 20:41:32 2023 [Global] yeremijuegos12 (Blue): VAMO
Thu Jun  8 20:41:38 2023 B3D (Blue) [SMG] Reimu Hakurei (Red)
Thu Jun  8 20:41:40 2023 [Global] yeremijuegos12 (Blue): CUBRILO
Thu Jun  8 20:41:41 2023 [Global] Reimu Hakurei (Red): AAAAA
Thu Jun  8 20:41:50 2023 [Global] B3D (Blue): coon fe
Thu Jun  8 20:41:50 2023  Mahalo for playing aloha.pk tower of babel
Thu Jun  8 20:41:52 2023 Vagabond captured Red's Intel.
Thu Jun  8 20:41:52 2023 Blue Wins!
Thu Jun  8 20:41:52 2023  Game finished! Next map: dankholes.
Thu Jun  8 20:41:54 2023 Aristote (Red) [SMG] B3D (Blue)
Thu Jun  8 20:41:54 2023 RE.SSercome (Red) [Headshot] yeremijuegos12 (Blue)
Thu Jun  8 20:41:55 2023 Harry (Red) [Headshot] Noaa (Blue)
Thu Jun  8 20:41:55 2023 [Global] Noaa (Blue): gg!
Thu Jun  8 20:41:55 2023 Jester (Blue) [Headshot] Harry (Red)
Thu Jun  8 20:41:56 2023 Aristote (Red) [SMG] Airis (Blue)
Thu Jun  8 20:41:56 2023 [Global] Airis (Blue): YEAHHHHHHHHHHHHHH
Thu Jun  8 20:41:56 2023 mrpaper (Red) [Headshot] Jester (Blue)
Thu Jun  8 20:41:56 2023 Reimu Hakurei (Red) [Rifle] jmsada (Blue)
Thu Jun  8 20:41:57 2023 mrpaper (Red) [SMG] Jamal.7197 (Blue)
Thu Jun  8 20:41:57 2023 mrpaper (Red) [SMG] Jamal.7197 (Blue)
Thu Jun  8 20:41:58 2023 [Global] Aristote (Red): gg
Thu Jun  8 20:41:58 2023 Aristote (Red) [Fall]
Thu Jun  8 20:41:58 2023 [Global] yeremijuegos12 (Blue): YEASS
Thu Jun  8 20:41:58 2023 mastter  XD LAG (Red) [Grenade] axe    j vnny   (Blue)
Thu Jun  8 20:41:59 2023 [Global] Airis (Blue): ggs
Thu Jun  8 20:41:59 2023 Player Noaa has left
Thu Jun  8 20:42:00 2023 mastter  XD LAG (Red) [Headshot] Vagabond (Blue)
Thu Jun  8 20:42:01 2023 Vagabond (Blue) [Grenade] boom (Red)
Thu Jun  8 20:42:01 2023 Vagabond (Blue) [Grenade] Reimu Hakurei (Red)
Thu Jun  8 20:42:01 2023 [Global] B3D (Blue): xd
Thu Jun  8 20:42:02 2023 Vagabond (Blue) [Grenade] mastter  XD LAG (Red)
Thu Jun  8 20:42:04 2023 ------ World Unloaded ------
Thu Jun  8 20:42:21 2023 ------ World Loaded ------
Thu Jun  8 20:42:21 2023 Aristote joined Red team
Thu Jun  8 20:42:21 2023 Welcome to aloha.pk tower of babel
Thu Jun  8 20:42:22 2023 Map: holes nonflat by izzy, modified by Danke
Thu Jun  8 20:42:24 2023 Game mode: Tower of Babel by Yourself, modified by izzy
Thu Jun  8 20:42:26 2023 Build a tower to get the enemy's intel. Take it to your team's tent to win!
Thu Jun  8 20:42:26 2023 Airis joined Spectator team
Thu Jun  8 20:42:29 2023 jmsada joined Blue team
Thu Jun  8 20:42:29 2023 Visit our community forums at https://aloha.pk/
Thu Jun  8 20:42:29 2023 mrpaper joined Red team
Thu Jun  8 20:42:31 2023 Come chat with us at https://discord.aloha.pk/
Thu Jun  8 20:42:35 2023 B3D joined Spectator team
Thu Jun  8 20:42:42 2023 axe    j vnny   joined Blue team
Thu Jun  8 20:42:46 2023 Vagabond joined Blue team
Thu Jun  8 20:42:54 2023 Captain Manio joined Blue team
Thu Jun  8 20:43:02 2023 Captain Manio (Blue) [Team Change]
Thu Jun  8 20:43:06 2023 Jamal.7197 joined Blue team
Thu Jun  8 20:43:13 2023 Captain Manio joined Red team
Thu Jun  8 20:43:20 2023  Visit our community forums at https://aloha.pk/
Thu Jun  8 20:43:38 2023 Harry (Red) [Headshot] Jamal.7197 (Blue)
Thu Jun  8 20:43:45 2023 Player Airis has left
Thu Jun  8 20:43:50 2023  Come chat with us at https://discord.aloha.pk/
Thu Jun  8 20:44:20 2023  If you believe a player is breaking the rules, please let us know with /ADMIN
Thu Jun  8 20:44:27 2023 Jamal.7197 (Blue) [Headshot] mrpaper (Red)
Thu Jun  8 20:44:32 2023 boom joined Blue team
Thu Jun  8 20:44:50 2023  Mahalo for playing aloha.pk tower of babel
Thu Jun  8 20:45:08 2023 B3D joined Blue team
Thu Jun  8 20:45:10 2023 Captain Manio (Red) [Headshot] jmsada (Blue)
Thu Jun  8 20:45:12 2023 axe    j vnny   (Blue) [Headshot] Captain Manio (Red)
Thu Jun  8 20:45:16 2023 Player Captain Manio has left
Thu Jun  8 20:45:20 2023  Build a tower to get the enemy's intel. Take it to your team's tent to win!
Thu Jun  8 20:45:26 2023 B3D (Blue) [Team Change]
Thu Jun  8 20:45:36 2023 Jamal.7197 (Blue) [Headshot] Harry (Red)
Thu Jun  8 20:45:37 2023 B3D joined Red team
Thu Jun  8 20:45:39 2023 Aristote (Red) [Headshot] Jamal.7197 (Blue)
Thu Jun  8 20:45:50 2023  Type /HELP for info & commands
Thu Jun  8 20:46:20 2023  Visit our community forums at https://aloha.pk/
Thu Jun  8 20:46:29 2023 Harry (Red) [Headshot] Jamal.7197 (Blue)
Thu Jun  8 20:46:48 2023 axe    j vnny   (Blue) [Fall]
Thu Jun  8 20:46:50 2023  Come chat with us at https://discord.aloha.pk/
Thu Jun  8 20:46:56 2023 Jamal.7197 (Blue) [Headshot] mrpaper (Red)
Thu Jun  8 20:47:05 2023 Vagabond (Blue) [Fall]
Thu Jun  8 20:47:20 2023  If you believe a player is breaking the rules, please let us know with /ADMIN
Thu Jun  8 20:47:33 2023 Jamal.7197 (Blue) [Rifle] Aristote (Red)
Thu Jun  8 20:47:36 2023 axe    j vnny   (Blue) [Weapon Change]
Thu Jun  8 20:47:50 2023  Mahalo for playing aloha.pk tower of babel
Thu Jun  8 20:47:52 2023 [Global] B3D (Red): xD
Thu Jun  8 20:47:56 2023 Modifiedgenes joined Red team
Thu Jun  8 20:47:59 2023 B3D (Red) [Headshot] Vagabond (Blue)
Thu Jun  8 20:48:00 2023 axe    j vnny   (Blue) [Headshot] B3D (Red)
Thu Jun  8 20:48:02 2023 [Global] B3D (Red): xD
Thu Jun  8 20:48:06 2023 [Global] Vagabond (Blue): BAD BED
Thu Jun  8 20:48:17 2023 Harry (Red) [Headshot] Jamal.7197 (Blue)
Thu Jun  8 20:48:18 2023 jmsada (Blue) [Headshot] Harry (Red)
Thu Jun  8 20:48:20 2023  Build a tower to get the enemy's intel. Take it to your team's tent to win!
Thu Jun  8 20:48:41 2023 B3D (Red) [Headshot] axe    j vnny   (Blue)
Thu Jun  8 20:48:50 2023  Type /HELP for info & commands
Thu Jun  8 20:48:52 2023 axe    j vnny   (Blue) [Team Change]
Thu Jun  8 20:48:52 2023 Harry (Red) [Headshot] Jamal.7197 (Blue)
Thu Jun  8 20:49:01 2023 axe    j vnny   joined Red team
Thu Jun  8 20:49:05 2023 Harry (Red) [Headshot] jmsada (Blue)
Thu Jun  8 20:49:08 2023 [Global] B3D (Red): im sorry
Thu Jun  8 20:49:15 2023 Vagabond (Blue) [Headshot] B3D (Red)
Thu Jun  8 20:49:18 2023 [Global] B3D (Red): hehehe
Thu Jun  8 20:49:20 2023  Visit our community forums at https://aloha.pk/
Thu Jun  8 20:49:37 2023 B3D (Red) [Headshot] Jamal.7197 (Blue)
Thu Jun  8 20:49:50 2023  Come chat with us at https://discord.aloha.pk/
Thu Jun  8 20:49:52 2023 Aristote (Red) [SMG] Vagabond (Blue)
Thu Jun  8 20:49:55 2023 [Global] Vagabond (Blue): omg
Thu Jun  8 20:49:57 2023 Aristote (Red) [Grenade] boom (Blue)
Thu Jun  8 20:49:58 2023 Deuce6 joined Blue team
Thu Jun  8 20:49:58 2023 Deuce6 (Blue) [Team Change]
Thu Jun  8 20:50:01 2023 Deuce6 joined Spectator team
Thu Jun  8 20:50:07 2023 Aristote picked up Blue's Intel.
Thu Jun  8 20:50:20 2023  If you believe a player is breaking the rules, please let us know with /ADMIN
Thu Jun  8 20:50:20 2023 axe    j vnny   (Red) [SMG] Vagabond (Blue)
Thu Jun  8 20:50:24 2023 Aristote dropped Blue's Intel
Thu Jun  8 20:50:24 2023  The intel has returned to the heavens
Thu Jun  8 20:50:24 2023 Jamal.7197 (Blue) [Headshot] Aristote (Red)
Thu Jun  8 20:50:29 2023 B3D (Red) [Headshot] boom (Blue)
Thu Jun  8 20:50:37 2023 B3D (Red) [Fall]
Thu Jun  8 20:50:48 2023 You must be closer to the enemy's base to grenade blocks!
Thu Jun  8 20:50:50 2023  Mahalo for playing aloha.pk tower of babel
Thu Jun  8 20:50:56 2023 mrpaper (Red) [Headshot] Jamal.7197 (Blue)
Thu Jun  8 20:50:58 2023 Aristote (Red) [SMG] jmsada (Blue)
Thu Jun  8 20:51:00 2023 wicky joined Blue team
Thu Jun  8 20:51:01 2023 Deuce6 joined Blue team
Thu Jun  8 20:51:01 2023 Deuce6 (Blue) [Team Change]
Thu Jun  8 20:51:01 2023 Vagabond (Blue) [Headshot] axe    j vnny   (Red)
Thu Jun  8 20:51:09 2023 Aristote picked up Blue's Intel.
Thu Jun  8 20:51:13 2023 Deuce6 joined Spectator team
Thu Jun  8 20:51:20 2023 Harry (Red) [Rifle] Vagabond (Blue)
Thu Jun  8 20:51:20 2023  Build a tower to get the enemy's intel. Take it to your team's tent to win!
Thu Jun  8 20:51:26 2023 Harry (Red) [Headshot] wicky (Blue)
Thu Jun  8 20:51:33 2023 [Global] Vagabond (Blue): so every red player building
Thu Jun  8 20:51:37 2023 Aristote captured Blue's Intel.
Thu Jun  8 20:51:45 2023 B3D picked up Blue's Intel.
Thu Jun  8 20:51:47 2023 [Global] Aristote (Red): kind of the reverse of last match I guess!
Thu Jun  8 20:51:50 2023  Type /HELP for info & commands
Thu Jun  8 20:51:51 2023 [Global] Vagabond (Blue): xd
Thu Jun  8 20:51:55 2023 Aristote (Red) [Headshot] Jamal.7197 (Blue)
Thu Jun  8 20:51:55 2023 Player Deuce6 has left
Thu Jun  8 20:51:56 2023 B3D dropped Blue's Intel
Thu Jun  8 20:51:56 2023  The intel has returned to the heavens
Thu Jun  8 20:51:56 2023 Vagabond (Blue) [Headshot] B3D (Red)
Thu Jun  8 20:52:00 2023  mrpaper has reached 1000 blocks placed! /heaven unlocked.
Thu Jun  8 20:52:02 2023 [Global] B3D (Red): >:V
Thu Jun  8 20:52:20 2023  Visit our community forums at https://aloha.pk/
Thu Jun  8 20:52:24 2023 Harry (Red) [Headshot] Jamal.7197 (Blue)
Thu Jun  8 20:52:27 2023 Aristote (Red) [SMG] wicky (Blue)
Thu Jun  8 20:52:32 2023 Vagabond (Blue) [SMG] B3D (Red)
Thu Jun  8 20:52:35 2023 Vagabond (Blue) [Headshot] mrpaper (Red)
Thu Jun  8 20:52:36 2023 Aristote (Red) [Fall]
Thu Jun  8 20:52:36 2023 [Global] B3D (Red): xD
Thu Jun  8 20:52:38 2023 Aristote (Red) [Grenade] jmsada (Blue)
Thu Jun  8 20:52:39 2023 [Global] Vagabond (Blue): xd
Thu Jun  8 20:52:50 2023  Come chat with us at https://discord.aloha.pk/
Thu Jun  8 20:53:05 2023 Vagabond (Blue) [SMG] B3D (Red)
Thu Jun  8 20:53:06 2023 [Global] B3D (Red): vaga F3
Thu Jun  8 20:53:07 2023 wicky (Blue) [SMG] Harry (Red)
Thu Jun  8 20:53:11 2023 Vagabond (Blue) [Headshot] mrpaper (Red)
Thu Jun  8 20:53:17 2023 [Global] Vagabond (Blue): ehhe
Thu Jun  8 20:53:17 2023 yahman joined Spectator team
Thu Jun  8 20:53:20 2023  If you believe a player is breaking the rules, please let us know with /ADMIN
Thu Jun  8 20:53:21 2023  Harry has reached 1000 blocks placed! /heaven unlocked.
Thu Jun  8 20:53:21 2023 Type /heavenlist to view available images. /heaven <name> to confirm.
Thu Jun  8 20:53:21 2023 Want your country's flag instead? Type /heaven country (or any alpha-2 code)
Thu Jun  8 20:53:24 2023 B3D (Red) [Headshot] Vagabond (Blue)
Thu Jun  8 20:53:24 2023 boom (Blue) [Fall]
Thu Jun  8 20:53:26 2023 Aristote (Red) [SMG] Jamal.7197 (Blue)
Thu Jun  8 20:53:26 2023 yahman joined Red team
Thu Jun  8 20:53:27 2023 [Global] B3D (Red): xxd
Thu Jun  8 20:53:27 2023 Player wicky has left
Thu Jun  8 20:53:36 2023 Aristote picked up Blue's Intel.
Thu Jun  8 20:53:50 2023  Mahalo for playing aloha.pk tower of babel
Thu Jun  8 20:53:51 2023 B3D (Red) [Grenade] boom (Blue)
Thu Jun  8 20:53:51 2023 yahman (Red) [SMG] jmsada (Blue)
Thu Jun  8 20:53:54 2023 B3D (Red) [Headshot] Jamal.7197 (Blue)
Thu Jun  8 20:54:01 2023 Player boom has left
Thu Jun  8 20:54:04 2023 Vagabond (Blue) [SMG] mrpaper (Red)
Thu Jun  8 20:54:04 2023 Aristote captured Blue's Intel.
Thu Jun  8 20:54:11 2023 B3D picked up Blue's Intel.
Thu Jun  8 20:54:20 2023  Build a tower to get the enemy's intel. Take it to your team's tent to win!
Thu Jun  8 20:54:21 2023 B3D dropped Blue's Intel
Thu Jun  8 20:54:21 2023  The intel has returned to the heavens
Thu Jun  8 20:54:21 2023 B3D (Red) [Fall]
Thu Jun  8 20:54:23 2023 yahman (Red) [SMG] jmsada (Blue)
Thu Jun  8 20:54:23 2023 R CONSERVADORA joined Blue team
Thu Jun  8 20:54:43 2023 Player Jamal.7197 has left
Thu Jun  8 20:54:50 2023 B3D picked up Blue's Intel.
Thu Jun  8 20:54:50 2023  Type /HELP for info & commands
Thu Jun  8 20:54:52 2023 mrpaper (Red) [Headshot] jmsada (Blue)
Thu Jun  8 20:54:52 2023 axe    j vnny   (Red) [Fall]
Thu Jun  8 20:54:52 2023 Harry (Red) [Headshot] Vagabond (Blue)
Thu Jun  8 20:54:54 2023 [Global] Vagabond (Blue): omg
Thu Jun  8 20:54:55 2023 R CONSERVADORA (Blue) [Headshot] Harry (Red)
Thu Jun  8 20:55:13 2023 B3D captured Blue's Intel.
Thu Jun  8 20:55:18 2023 yahman (Red) [SMG] Vagabond (Blue)
Thu Jun  8 20:55:20 2023  Visit our community forums at https://aloha.pk/
Thu Jun  8 20:55:26 2023 jmsada (Blue) [SMG] mrpaper (Red)
Thu Jun  8 20:55:40 2023 B3D picked up Blue's Intel.
Thu Jun  8 20:55:40 2023 Modifiedgenes (Red) [Rifle] R CONSERVADORA (Blue)
Thu Jun  8 20:55:50 2023  Come chat with us at https://discord.aloha.pk/
Thu Jun  8 20:56:02 2023 Modifiedgenes (Red) [Headshot] jmsada (Blue)
Thu Jun  8 20:56:02 2023 boom joined Blue team
Thu Jun  8 20:56:08 2023 Aristote (Red) [Headshot] boom (Blue)
Thu Jun  8 20:56:11 2023 B3D captured Blue's Intel.
Thu Jun  8 20:56:15 2023 yahman (Red) [Fall]
Thu Jun  8 20:56:19 2023 Aristote picked up Blue's Intel.
Thu Jun  8 20:56:20 2023  If you believe a player is breaking the rules, please let us know with /ADMIN
Thu Jun  8 20:56:24 2023 B3D (Red) [Headshot] R CONSERVADORA (Blue)
Thu Jun  8 20:56:30 2023 Aristote dropped Blue's Intel
Thu Jun  8 20:56:30 2023  The intel has returned to the heavens
Thu Jun  8 20:56:30 2023 Vagabond (Blue) [SMG] Aristote (Red)
Thu Jun  8 20:56:36 2023 [Global] Aristote (Red): we seem to have built a candycane tower
Thu Jun  8 20:56:50 2023  Mahalo for playing aloha.pk tower of babel
Thu Jun  8 20:56:54 2023 R CONSERVADORA (Blue) [SMG] axe    j vnny   (Red)
Thu Jun  8 20:56:56 2023 B3D picked up Blue's Intel.
Thu Jun  8 20:56:57 2023 yahman (Red) [Headshot] R CONSERVADORA (Blue)
Thu Jun  8 20:57:06 2023 B3D dropped Blue's Intel
Thu Jun  8 20:57:06 2023  The intel has returned to the heavens
Thu Jun  8 20:57:06 2023 Vagabond (Blue) [SMG] B3D (Red)
Thu Jun  8 20:57:09 2023 [Global] Vagabond (Blue): xd
Thu Jun  8 20:57:09 2023 [Global] B3D (Red): xd
Thu Jun  8 20:57:20 2023  Build a tower to get the enemy's intel. Take it to your team's tent to win!
Thu Jun  8 20:57:29 2023 R CONSERVADORA (Blue) [Grenade] mrpaper (Red)
Thu Jun  8 20:57:35 2023 R CONSERVADORA (Blue) [Headshot] Harry (Red)
Thu Jun  8 20:57:43 2023 B3D picked up Blue's Intel.
Thu Jun  8 20:57:50 2023 R CONSERVADORA (Blue) [Headshot] mrpaper (Red)
Thu Jun  8 20:57:50 2023  Type /HELP for info & commands
Thu Jun  8 20:58:11 2023 boom (Blue) [Fall]
Thu Jun  8 20:58:13 2023 B3D captured Blue's Intel.
Thu Jun  8 20:58:13 2023  With 2143 blocks placed, Aristote is granted the right to unleash the apocalypse.
Thu Jun  8 20:58:13 2023 mrpaper (Red) [SMG] R CONSERVADORA (Blue)
Thu Jun  8 20:58:14 2023 yahman (Red) [Headshot] jmsada (Blue)
Thu Jun  8 20:58:20 2023  Visit our community forums at https://aloha.pk/
Thu Jun  8 20:58:20 2023 [Global] Vagabond (Blue): almost
Thu Jun  8 20:58:27 2023 Aristote (Red) [Fall]
Thu Jun  8 20:58:27 2023 You must be closer to the enemy's base to shoot blocks!
Thu Jun  8 20:58:28 2023 boom (Blue) [Headshot] yahman (Red)
Thu Jun  8 20:58:30 2023 B3D (Red) [Grenade] Vagabond (Blue)
Thu Jun  8 20:58:32 2023 [Global] Vagabond (Blue): xd
Thu Jun  8 20:58:35 2023  Aristote has unleashed an apocalypse from God.
Thu Jun  8 20:58:35 2023 [Global] B3D (Red): xD
Thu Jun  8 20:58:37 2023  The apocalypse begins in 5
Thu Jun  8 20:58:38 2023 Harry (Red) [Fall]
Thu Jun  8 20:58:38 2023  The apocalypse begins in 4
Thu Jun  8 20:58:39 2023  The apocalypse begins in 3
Thu Jun  8 20:58:40 2023  The apocalypse begins in 2
Thu Jun  8 20:58:41 2023  The apocalypse begins in 1
Thu Jun  8 20:58:42 2023 B3D (Red) [Headshot] R CONSERVADORA (Blue)
Thu Jun  8 20:58:43 2023 Aristote (Red) [Grenade] jmsada (Blue)
Thu Jun  8 20:58:44 2023 Aristote (Red) [Grenade] boom (Blue)
Thu Jun  8 20:58:50 2023  Come chat with us at https://discord.aloha.pk/
Thu Jun  8 20:58:50 2023 [Global] Vagabond (Blue): not me
Thu Jun  8 20:58:53 2023 Aristote (Red) [Grenade] R CONSERVADORA (Blue)
Thu Jun  8 20:58:55 2023  The apocalypse has ended.
Thu Jun  8 20:59:11 2023 Neddison joined Blue team
Thu Jun  8 20:59:16 2023 B3D picked up Blue's Intel.
Thu Jun  8 20:59:20 2023  If you believe a player is breaking the rules, please let us know with /ADMIN
Thu Jun  8 20:59:23 2023 Aristote (Red) [Headshot] jmsada (Blue)
Thu Jun  8 20:59:31 2023 Aristote (Red) [Headshot] R CONSERVADORA (Blue)
Thu Jun  8 20:59:38 2023 Aristote (Red) [Headshot] boom (Blue)
Thu Jun  8 20:59:50 2023 B3D captured Blue's Intel.
Thu Jun  8 20:59:50 2023  Mahalo for playing aloha.pk tower of babel
Thu Jun  8 20:59:52 2023 yahman (Red) [Headshot] Neddison (Blue)
Thu Jun  8 20:59:54 2023 mrpaper (Red) [SMG] R CONSERVADORA (Blue)
Thu Jun  8 20:59:54 2023 Vagabond (Blue) [Headshot] B3D (Red)
Thu Jun  8 20:59:57 2023 Player R CONSERVADORA has left
Thu Jun  8 21:00:00 2023 [Global] B3D (Red): xd
Thu Jun  8 21:00:01 2023 yahman (Red) [Headshot] jmsada (Blue)
Thu Jun  8 21:00:15 2023 Captain Manio joined Blue team
Thu Jun  8 21:00:16 2023 Aristote (Red) [SMG] Neddison (Blue)
Thu Jun  8 21:00:16 2023 mrpaper (Red) [Headshot] jmsada (Blue)
Thu Jun  8 21:00:20 2023  Build a tower to get the enemy's intel. Take it to your team's tent to win!
Thu Jun  8 21:00:25 2023 Captain Manio (Blue) [Headshot] mrpaper (Red)
Thu Jun  8 21:00:36 2023 Vagabond (Blue) [SMG] B3D (Red)
Thu Jun  8 21:00:38 2023 Captain Manio (Blue) [Melee] yahman (Red)
Thu Jun  8 21:00:38 2023 [Global] B3D (Red): xd
Thu Jun  8 21:00:39 2023 Aristote (Red) [SMG] jmsada (Blue)
Thu Jun  8 21:00:43 2023 Neddison (Blue) [Shotgun] Aristote (Red)
Thu Jun  8 21:00:44 2023 mrpaper (Red) [Headshot] Neddison (Blue)
Thu Jun  8 21:00:45 2023 Vagabond (Blue) [Headshot] B3D (Red)
Thu Jun  8 21:00:47 2023 [Global] Vagabond (Blue): hehe
Thu Jun  8 21:00:47 2023 Captain Manio (Blue) [SMG] mrpaper (Red)
Thu Jun  8 21:00:49 2023 [Global] B3D (Red): uff
Thu Jun  8 21:00:50 2023  Type /HELP for info & commands
Thu Jun  8 21:00:53 2023 Captain Manio (Blue) [Headshot] Harry (Red)
Thu Jun  8 21:00:58 2023 JuanSand joined Blue team
Thu Jun  8 21:01:02 2023 B3D (Red) [Headshot] Vagabond (Blue)
Thu Jun  8 21:01:04 2023 JuanSand (Blue) [Weapon Change]
Thu Jun  8 21:01:05 2023 [Global] B3D (Red): xD
Thu Jun  8 21:01:05 2023 [Global] Vagabond (Blue): shiii
Thu Jun  8 21:01:11 2023 mrpaper (Red) [Headshot] Captain Manio (Blue)
Thu Jun  8 21:01:17 2023 mrpaper (Red) [SMG] Neddison (Blue)
Thu Jun  8 21:01:17 2023 [Global] Vagabond (Blue): uou uou uou sweet child o mine
Thu Jun  8 21:01:19 2023 JuanSand (Blue) [Weapon Change]
Thu Jun  8 21:01:20 2023  Visit our community forums at https://aloha.pk/
Thu Jun  8 21:01:30 2023 titicaca joined Blue team
Thu Jun  8 21:01:31 2023 [Global] Neddison (Blue): this map is as
Thu Jun  8 21:01:33 2023 [Global] Neddison (Blue): ass
Thu Jun  8 21:01:36 2023 Harry picked up Blue's Intel.
Thu Jun  8 21:01:36 2023 [Global] JuanSand (Blue): che, me estafaron con las texturas
Thu Jun  8 21:01:41 2023 JuanSand (Blue) [Weapon Change]
Thu Jun  8 21:01:43 2023 [Global] B3D (Red): jajaja
Thu Jun  8 21:01:44 2023 Vagabond (Blue) [Melee] Aristote (Red)
Thu Jun  8 21:01:50 2023 B3D (Red) [Headshot] titicaca (Blue)
Thu Jun  8 21:01:50 2023  Come chat with us at https://discord.aloha.pk/
Thu Jun  8 21:01:51 2023 yahman (Red) [Headshot] Vagabond (Blue)
Thu Jun  8 21:01:54 2023 B3D (Red) [Headshot] Neddison (Blue)
Thu Jun  8 21:01:57 2023 B3D (Red) [Headshot] JuanSand (Blue)
Thu Jun  8 21:02:00 2023 Harry captured Blue's Intel.
Thu Jun  8 21:02:03 2023 [Global] titicaca (Blue): so why did we decide to start this bridge 30 blocks back?
Thu Jun  8 21:02:05 2023 Captain Manio (Blue) [Melee] yahman (Red)
Thu Jun  8 21:02:05 2023 B3D (Red) [Headshot] Neddison (Blue)
Thu Jun  8 21:02:07 2023 Vagabond (Blue) [Headshot] B3D (Red)
Thu Jun  8 21:02:07 2023 mrpaper (Red) [SMG] jmsada (Blue)
Thu Jun  8 21:02:11 2023 [Global] B3D (Red): hehehe
Thu Jun  8 21:02:15 2023 Neddison (Blue) [Team Change]
Thu Jun  8 21:02:20 2023  If you believe a player is breaking the rules, please let us know with /ADMIN
Thu Jun  8 21:02:21 2023 [Global] Aristote (Red): did you hear about the movie wehre Harry attacked a castle...
Thu Jun  8 21:02:24 2023 mrpaper (Red) [SMG] Captain Manio (Blue)
Thu Jun  8 21:02:25 2023 Neddison joined Red team
Thu Jun  8 21:02:28 2023 [Global] titicaca (Blue): what happened?
Thu Jun  8 21:02:28 2023 [Global] Aristote (Red): but the knights came out of the castle and attacked him?
Thu Jun  8 21:02:32 2023 [Global] titicaca (Blue): kek
Thu Jun  8 21:02:36 2023 JuanSand (Blue) [Weapon Change]
Thu Jun  8 21:02:37 2023 [Global] Harry (Red): I dont remember attacking a castle
Thu Jun  8 21:02:37 2023 B3D picked up Blue's Intel.
Thu Jun  8 21:02:40 2023 Vagabond (Blue) [Headshot] mrpaper (Red)
Thu Jun  8 21:02:40 2023 [Global] Aristote (Red): it was called: When Harry met Sally
Thu Jun  8 21:02:42 2023 JuanSand (Blue) [Weapon Change]
Thu Jun  8 21:02:44 2023 [Global] Aristote (Red): :D
Thu Jun  8 21:02:47 2023 [Global] Aristote (Red): get it?
Thu Jun  8 21:02:50 2023 [Global] JuanSand (Blue): c fue el internet
Thu Jun  8 21:02:50 2023  Mahalo for playing aloha.pk tower of babel
Thu Jun  8 21:02:51 2023 B3D dropped Blue's Intel
Thu Jun  8 21:02:51 2023  The intel has returned to the heavens
Thu Jun  8 21:02:51 2023 titicaca (Blue) [Headshot] B3D (Red)
Thu Jun  8 21:02:52 2023 Harry (Red) [Headshot] boom (Blue)
Thu Jun  8 21:02:53 2023 titicaca (Blue) [Headshot] Modifiedgenes (Red)
Thu Jun  8 21:02:54 2023 [Global] B3D (Red): :v
Thu Jun  8 21:03:00 2023 Harry (Red) [Grenade] jmsada (Blue)
Thu Jun  8 21:03:01 2023 [Team] Modifiedgenes (Red): right side blue on the deck
Thu Jun  8 21:03:02 2023 titicaca (Blue) [Rifle] Neddison (Red)
Thu Jun  8 21:03:06 2023 [Global] Aristote (Red): cause you sally forth from a castle to harass or break a siege???
Thu Jun  8 21:03:08 2023 Harry (Red) [Headshot] boom (Blue)
Thu Jun  8 21:03:10 2023 [Global] Aristote (Red): so he met the sally?
Thu Jun  8 21:03:12 2023 Harry (Red) [Rifle] jmsada (Blue)
Thu Jun  8 21:03:13 2023 [Global] Aristote (Red): nvm. bad joke
Thu Jun  8 21:03:14 2023 Aristote picked up Blue's Intel.
Thu Jun  8 21:03:15 2023 [Global] titicaca (Blue): xD
Thu Jun  8 21:03:16 2023 Vagabond (Blue) [Headshot] yahman (Red)
Thu Jun  8 21:03:18 2023 jmsada (Blue) [Headshot] Harry (Red)
Thu Jun  8 21:03:20 2023  Build a tower to get the enemy's intel. Take it to your team's tent to win!
Thu Jun  8 21:03:26 2023 B3D (Red) [Headshot] Captain Manio (Blue)
Thu Jun  8 21:03:30 2023 B3D (Red) [Headshot] titicaca (Blue)
Thu Jun  8 21:03:31 2023 Player Captain Manio has left
Thu Jun  8 21:03:32 2023 Player yahman has left
Thu Jun  8 21:03:33 2023 Harry (Red) [Team Change]
Thu Jun  8 21:03:41 2023 Aristote captured Blue's Intel.
Thu Jun  8 21:03:48 2023 B3D picked up Blue's Intel.
Thu Jun  8 21:03:50 2023  Type /HELP for info & commands
Thu Jun  8 21:03:54 2023 [Global] Aristote (Red): Im sorry Harry, your name was necessary for the joke. 
Thu Jun  8 21:03:59 2023 [Global] JuanSand (Blue): wtf me teletransprte
Thu Jun  8 21:04:00 2023 Modifiedgenes (Red) [Headshot] Harry (Blue)
Thu Jun  8 21:04:03 2023 Neddison (Red) [Fall]
Thu Jun  8 21:04:04 2023 [Global] Aristote (Red): although I assume you have besieged castles before in your youth
Thu Jun  8 21:04:12 2023 B3D captured Blue's Intel.
Thu Jun  8 21:04:19 2023 Aristote (Red) [Headshot] boom (Blue)
Thu Jun  8 21:04:20 2023  Visit our community forums at https://aloha.pk/
Thu Jun  8 21:04:24 2023 [Global] JuanSand (Blue): que internet tan pecueca tengo
Thu Jun  8 21:04:25 2023 titicaca (Blue) [Headshot] axe    j vnny   (Red)
Thu Jun  8 21:04:27 2023 titicaca (Blue) [Headshot] B3D (Red)
Thu Jun  8 21:04:29 2023 titicaca (Blue) [Rifle] mrpaper (Red)
Thu Jun  8 21:04:37 2023 [Global] JuanSand (Blue): :c
Thu Jun  8 21:04:42 2023 [Global] B3D (Red): chucha 
Thu Jun  8 21:04:50 2023 [Global] JuanSand (Blue): peluda
Thu Jun  8 21:04:50 2023  Come chat with us at https://discord.aloha.pk/
Thu Jun  8 21:04:53 2023 [Global] B3D (Red): juan tienes 1200 de ping 
Thu Jun  8 21:04:54 2023 Vagabond (Blue) [Fall]
Thu Jun  8 21:04:56 2023 [Team] Vagabond (Blue): tomg
Thu Jun  8 21:04:57 2023 Aristote (Red) [SMG] Harry (Blue)
Thu Jun  8 21:04:58 2023 [Global] Vagabond (Blue): tomg
Thu Jun  8 21:05:00 2023 [Global] B3D (Red): xd
Thu Jun  8 21:05:02 2023 titicaca (Blue) [Headshot] B3D (Red)
Thu Jun  8 21:05:03 2023 Aristote (Red) [SMG] boom (Blue)
Thu Jun  8 21:05:04 2023 Aristote (Red) [Headshot] jmsada (Blue)
Thu Jun  8 21:05:05 2023 titicaca (Blue) [Headshot] mrpaper (Red)
Thu Jun  8 21:05:07 2023 Erick :v joined Red team
Thu Jun  8 21:05:08 2023 [Team] JuanSand (Blue): normal
Thu Jun  8 21:05:09 2023 [Global] Aristote (Red): ah VAga! I'm sorry it was you
Thu Jun  8 21:05:15 2023 JuanSand (Blue) [Fall]
Thu Jun  8 21:05:16 2023 titicaca (Blue) [Headshot] Erick :v (Red)
Thu Jun  8 21:05:16 2023 Vagabond (Blue) [Melee] Aristote (Red)
Thu Jun  8 21:05:19 2023 [Global] Vagabond (Blue): get out
Thu Jun  8 21:05:20 2023  If you believe a player is breaking the rules, please let us know with /ADMIN
Thu Jun  8 21:05:22 2023 B3D (Red) [Headshot] titicaca (Blue)
Thu Jun  8 21:05:25 2023 [Global] titicaca (Blue): xD
Thu Jun  8 21:05:31 2023 Vagabond (Blue) [Headshot] Neddison (Red)
Thu Jun  8 21:05:32 2023 [Global] Aristote (Red): I have entered as a burgelar
Thu Jun  8 21:05:37 2023 a bomber plane joined Red team
Thu Jun  8 21:05:42 2023 titicaca (Blue) [Headshot] Modifiedgenes (Red)
Thu Jun  8 21:05:44 2023 B3D picked up Blue's Intel.
Thu Jun  8 21:05:47 2023 titicaca (Blue) [Headshot] Aristote (Red)
Thu Jun  8 21:05:48 2023 Erick :v (Red) [SMG] titicaca (Blue)
Thu Jun  8 21:05:50 2023  Mahalo for playing aloha.pk tower of babel
Thu Jun  8 21:05:51 2023 [Global] titicaca (Blue): gg
Thu Jun  8 21:05:54 2023 [Global] JuanSand (Blue): fua
Thu Jun  8 21:05:55 2023 [Global] Aristote (Red): gg
Thu Jun  8 21:05:56 2023 Erick :v (Red) [SMG] boom (Blue)
Thu Jun  8 21:06:03 2023 Neddison (Red) [Headshot] titicaca (Blue)
Thu Jun  8 21:06:05 2023 [Global] B3D (Red): 12500 juan, k fue xd
Thu Jun  8 21:06:09 2023 Neddison (Red) [Headshot] Harry (Blue)
Thu Jun  8 21:06:12 2023 Erick :v (Red) [SMG] jmsada (Blue)
Thu Jun  8 21:06:14 2023 Erick :v (Red) [Headshot] JuanSand (Blue)
Thu Jun  8 21:06:16 2023 Neddison (Red) [Headshot] Vagabond (Blue)
Thu Jun  8 21:06:20 2023  Build a tower to get the enemy's intel. Take it to your team's tent to win!
Thu Jun  8 21:06:24 2023 [Global] Vagabond (Blue): pipipipi
Thu Jun  8 21:06:26 2023 Erick :v (Red) [SMG] titicaca (Blue)
Thu Jun  8 21:06:28 2023 Neddison (Red) [Headshot] Harry (Blue)
Thu Jun  8 21:06:30 2023 boom (Blue) [Headshot] Neddison (Red)
Thu Jun  8 21:06:38 2023 [Global] B3D (Red): juan /ping pipipi
Thu Jun  8 21:06:46 2023 [Global] a bomber plane (Red): gg
Thu Jun  8 21:06:48 2023 B3D captured Blue's Intel.
Thu Jun  8 21:06:48 2023 Red Wins!
Thu Jun  8 21:06:48 2023  Game finished! Next map: abridgetoodark.
Thu Jun  8 21:06:49 2023 Harry (Blue) [Headshot] Modifiedgenes (Red)
Thu Jun  8 21:06:50 2023 a bomber plane (Red) [Headshot] jmsada (Blue)
Thu Jun  8 21:06:50 2023 Neddison (Red) [Headshot] jmsada (Blue)
Thu Jun  8 21:06:50 2023 Aristote (Red) [SMG] JuanSand (Blue)
Thu Jun  8 21:06:50 2023 a bomber plane (Red) [Headshot] titicaca (Blue)
Thu Jun  8 21:06:50 2023 Neddison (Red) [Headshot] titicaca (Blue)
Thu Jun  8 21:06:50 2023 Neddison (Red) [SMG] titicaca (Blue)
Thu Jun  8 21:06:50 2023  Type /HELP for info & commands
Thu Jun  8 21:06:51 2023 Vagabond (Blue) [Headshot] a bomber plane (Red)
Thu Jun  8 21:06:51 2023 Vagabond (Blue) [Headshot] Neddison (Red)
Thu Jun  8 21:06:51 2023 Aristote (Red) [SMG] boom (Blue)
Thu Jun  8 21:06:52 2023 titicaca (Blue) [Grenade] Erick :v (Red)
Thu Jun  8 21:06:53 2023 B3D (Red) [Rifle] Harry (Blue)
Thu Jun  8 21:06:53 2023 mrpaper (Red) [Headshot] Harry (Blue)
Thu Jun  8 21:06:53 2023 mrpaper (Red) [Headshot] Vagabond (Blue)
Thu Jun  8 21:06:54 2023 Player Modifiedgenes has left
Thu Jun  8 21:06:54 2023 [Global] titicaca (Blue): xD
Thu Jun  8 21:06:55 2023 Aristote (Red) [Fall]
Thu Jun  8 21:06:56 2023 [Global] Aristote (Red): gg
Thu Jun  8 21:06:59 2023 ------ World Unloaded ------
Thu Jun  8 21:07:14 2023 ------ World Loaded ------
Thu Jun  8 21:07:14 2023 Aristote joined Red team
Thu Jun  8 21:07:14 2023 titicaca joined Red team
Thu Jun  8 21:07:14 2023 mrpaper joined Blue team
Thu Jun  8 21:07:14 2023 Welcome to aloha.pk tower of babel
Thu Jun  8 21:07:14 2023 jmsada joined Blue team
Thu Jun  8 21:07:15 2023 a bomber plane joined Blue team
Thu Jun  8 21:07:15 2023 Map: A Bridge Too Dark by ei8htx & Mile
Thu Jun  8 21:07:17 2023 Game mode: Tower of Babel by Yourself, modified by izzy
Thu Jun  8 21:07:18 2023 Neddison joined Red team
Thu Jun  8 21:07:19 2023 Build a tower to get the enemy's intel. Take it to your team's tent to win!
Thu Jun  8 21:07:21 2023 Vagabond joined Blue team
Thu Jun  8 21:07:21 2023 Visit our community forums at https://aloha.pk/
Thu Jun  8 21:07:23 2023 Come chat with us at https://discord.aloha.pk/
Thu Jun  8 21:07:26 2023 boom joined Blue team
Thu Jun  8 21:07:26 2023 B3D joined Blue team
Thu Jun  8 21:07:31 2023 Neddison (Red) [Fall]
Thu Jun  8 21:07:36 2023 Erick :v joined Spectator team
Thu Jun  8 21:07:37 2023 titicaca (Red) [Fall]
Thu Jun  8 21:07:43 2023 B3D (Blue) [Grenade]
Thu Jun  8 21:07:50 2023  Come chat with us at https://discord.aloha.pk/
Thu Jun  8 21:08:06 2023 B3D (Blue) [Fall]
Thu Jun  8 21:08:20 2023  If you believe a player is breaking the rules, please let us know with /ADMIN
Thu Jun  8 21:08:26 2023 Neddison (Red) [SMG] a bomber plane (Blue)
Thu Jun  8 21:08:29 2023 B3D (Blue) [Headshot] Neddison (Red)
Thu Jun  8 21:08:39 2023 B3D (Blue) [Fall]
Thu Jun  8 21:08:50 2023  Mahalo for playing aloha.pk tower of babel
Thu Jun  8 21:09:05 2023 B3D (Blue) [Fall]
Thu Jun  8 21:09:20 2023  Build a tower to get the enemy's intel. Take it to your team's tent to win!
Thu Jun  8 21:09:22 2023 Neddison (Red) [Headshot] a bomber plane (Blue)
Thu Jun  8 21:09:35 2023 Aristote (Red) [Fall]
Thu Jun  8 21:09:38 2023 titicaca (Red) [Headshot] mrpaper (Blue)
Thu Jun  8 21:09:40 2023 R CONSERVADORA joined Red team
Thu Jun  8 21:09:42 2023 titicaca (Red) [Rifle]
Thu Jun  8 21:09:43 2023 jmsada (Blue) [Fall]
Thu Jun  8 21:09:43 2023 Erick :v joined Blue team
Thu Jun  8 21:09:46 2023 boom (Blue) [Fall]
Thu Jun  8 21:09:46 2023 Neddison (Red) [Rifle] Vagabond (Blue)
Thu Jun  8 21:09:50 2023  Type /HELP for info & commands
Thu Jun  8 21:09:55 2023 R CONSERVADORA (Red) [Fall]
Thu Jun  8 21:10:03 2023 Neddison (Red) [Headshot] Vagabond (Blue)
Thu Jun  8 21:10:04 2023 B3D (Blue) [Headshot] Neddison (Red)
Thu Jun  8 21:10:06 2023 [Global] Vagabond (Blue): my gaw
Thu Jun  8 21:10:19 2023 jmsada (Blue) [Fall]
Thu Jun  8 21:10:20 2023 B3D (Blue) [Fall]
Thu Jun  8 21:10:21 2023  Visit our community forums at https://aloha.pk/
Thu Jun  8 21:10:21 2023 Player a bomber plane has left
Thu Jun  8 21:10:47 2023 B3D (Blue) [Fall]
Thu Jun  8 21:10:48 2023 [Global] Aristote (Red): neddison why are you spamming gray blocks on our platform?
Thu Jun  8 21:10:49 2023 mrpaper (Blue) [SMG] R CONSERVADORA (Red)
Thu Jun  8 21:10:50 2023  Come chat with us at https://discord.aloha.pk/
Thu Jun  8 21:10:53 2023 [Global] Neddison (Red): cover mate
Thu Jun  8 21:10:58 2023 [Global] Aristote (Red): no it is greifing
Thu Jun  8 21:11:05 2023 [Team] Neddison (Red): how its for cover
Thu Jun  8 21:11:09 2023 [Global] Neddison (Red): its for cover
Thu Jun  8 21:11:11 2023 s_____s joined Blue team
Thu Jun  8 21:11:11 2023 R CONSERVADORA (Red) [Headshot] jmsada (Blue)
Thu Jun  8 21:11:12 2023 [Global] Aristote (Red): we need to be able to walk
Thu Jun  8 21:11:14 2023 titicaca (Red) [Headshot] mrpaper (Blue)
Thu Jun  8 21:11:19 2023 [Global] Aristote (Red): seriously that is just random placement
Thu Jun  8 21:11:20 2023  If you believe a player is breaking the rules, please let us know with /ADMIN
Thu Jun  8 21:11:31 2023 B3D (Blue) [SMG] R CONSERVADORA (Red)
Thu Jun  8 21:11:37 2023 [Global] Aristote (Red): please stop it makes building very difficult
Thu Jun  8 21:11:40 2023 B3D picked up Red's Intel.
Thu Jun  8 21:11:40 2023 Vagabond (Blue) [SMG] Neddison (Red)
Thu Jun  8 21:11:42 2023 R CONSERVADORA (Red) [Headshot] Vagabond (Blue)
Thu Jun  8 21:11:47 2023 [Team] Neddison (Red): its cover mate
Thu Jun  8 21:11:50 2023  Mahalo for playing aloha.pk tower of babel
Thu Jun  8 21:11:59 2023 B3D captured Red's Intel.
Thu Jun  8 21:12:07 2023 mrpaper (Blue) [Headshot] Harry (Red)
Thu Jun  8 21:12:09 2023 mrpaper (Blue) [Headshot] Aristote (Red)
Thu Jun  8 21:12:14 2023 B3D picked up Red's Intel.
Thu Jun  8 21:12:14 2023 Vagabond (Blue) [SMG] Neddison (Red)
Thu Jun  8 21:12:17 2023 titicaca (Red) [Headshot] mrpaper (Blue)
Thu Jun  8 21:12:19 2023 Aristote (Red) [Headshot] Vagabond (Blue)
Thu Jun  8 21:12:20 2023  Build a tower to get the enemy's intel. Take it to your team's tent to win!
Thu Jun  8 21:12:29 2023 B3D captured Red's Intel.
Thu Jun  8 21:12:45 2023 Neddison (Red) [Headshot] mrpaper (Blue)
Thu Jun  8 21:12:45 2023 B3D picked up Red's Intel.
Thu Jun  8 21:12:47 2023 B3D dropped Red's Intel
Thu Jun  8 21:12:47 2023 Neddison (Red) [Headshot] B3D (Blue)
Thu Jun  8 21:12:49 2023 [Global] B3D (Blue): xd
Thu Jun  8 21:12:50 2023  Type /HELP for info & commands
Thu Jun  8 21:12:57 2023 Aristote (Red) [SMG]
Thu Jun  8 21:13:01 2023 Vagabond (Blue) [Grenade] titicaca (Red)
Thu Jun  8 21:13:02 2023 Neddison (Red) [Fall]
Thu Jun  8 21:13:03 2023 Vagabond picked up Red's Intel.
Thu Jun  8 21:13:06 2023 [Global] titicaca (Red): wow
Thu Jun  8 21:13:09 2023 [Global] titicaca (Red): by a ndade
Thu Jun  8 21:13:10 2023 B3D (Blue) [SMG] R CONSERVADORA (Red)
Thu Jun  8 21:13:13 2023 mrpaper (Blue) [Headshot] Aristote (Red)
Thu Jun  8 21:13:13 2023 B3D (Blue) [Fall]
Thu Jun  8 21:13:16 2023 Aristote (Red) [Headshot] s_____s (Blue)
Thu Jun  8 21:13:17 2023 Vagabond captured Red's Intel.
Thu Jun  8 21:13:18 2023 yotsen joined Red team
Thu Jun  8 21:13:19 2023 Aristote (Red) [Headshot] mrpaper (Blue)
Thu Jun  8 21:13:20 2023  Visit our community forums at https://aloha.pk/
Thu Jun  8 21:13:23 2023 boom (Blue) [Fall]
Thu Jun  8 21:13:31 2023 Harry (Red) [Fall]
Thu Jun  8 21:13:37 2023 Vagabond (Blue) [Grenade] Aristote (Red)
Thu Jun  8 21:13:39 2023 Vagabond (Blue) [SMG] Neddison (Red)
Thu Jun  8 21:13:40 2023 Aristote (Red) [Headshot] Vagabond (Blue)
Thu Jun  8 21:13:42 2023 B3D picked up Red's Intel.
Thu Jun  8 21:13:43 2023 B3D dropped Red's Intel
Thu Jun  8 21:13:43 2023 yotsen (Red) [Headshot] B3D (Blue)
Thu Jun  8 21:13:46 2023 [Global] B3D (Blue): naa
Thu Jun  8 21:13:50 2023  Come chat with us at https://discord.aloha.pk/
Thu Jun  8 21:13:51 2023 mrpaper picked up Red's Intel.
Thu Jun  8 21:14:09 2023 mrpaper captured Red's Intel.
Thu Jun  8 21:14:11 2023 JuanSand joined Blue team
Thu Jun  8 21:14:14 2023 R CONSERVADORA (Red) [Headshot] boom (Blue)
Thu Jun  8 21:14:20 2023 [Global] JuanSand (Blue): volvi chupapis
Thu Jun  8 21:14:20 2023  If you believe a player is breaking the rules, please let us know with /ADMIN
Thu Jun  8 21:14:23 2023 s_____s (Blue) [Headshot] Neddison (Red)
Thu Jun  8 21:14:31 2023 Neddison (Red) [Headshot] s_____s (Blue)
Thu Jun  8 21:14:32 2023 boom (Blue) [Headshot] R CONSERVADORA (Red)
Thu Jun  8 21:14:32 2023 mrpaper (Blue) [SMG] Aristote (Red)
Thu Jun  8 21:14:34 2023 Neddison (Red) [Rifle] mrpaper (Blue)
Thu Jun  8 21:14:39 2023 [Global] JuanSand (Blue): tube que apagar y prenderlo
Thu Jun  8 21:14:41 2023 Vagabond picked up Red's Intel.
Thu Jun  8 21:14:45 2023 [Global] B3D (Blue): haber
Thu Jun  8 21:14:45 2023 [Global] titicaca (Red): stg wtf is this? every second block placement fails
Thu Jun  8 21:14:46 2023 R CONSERVADORA (Red) [Fall]
Thu Jun  8 21:14:50 2023  Mahalo for playing aloha.pk tower of babel
Thu Jun  8 21:14:52 2023 [Global] JuanSand (Blue): velga sigue saliendo mal
Thu Jun  8 21:14:54 2023 yotsen (Red) [Headshot] jmsada (Blue)
Thu Jun  8 21:14:55 2023 [Global] Aristote (Red): yeah it is pretty bad
Thu Jun  8 21:14:57 2023 Vagabond captured Red's Intel.
Thu Jun  8 21:14:57 2023  With 599 blocks placed, boom is granted the right to unleash the apocalypse.
Thu Jun  8 21:14:59 2023 mrpaper (Blue) [SMG] yotsen (Red)
Thu Jun  8 21:15:00 2023 [Global] B3D (Blue): man estas en 10000 de ping 
Thu Jun  8 21:15:02 2023 JuanSand (Blue) [Fall]
Thu Jun  8 21:15:05 2023 Neddison (Red) [Fall]
Thu Jun  8 21:15:05 2023 Harry (Red) [Headshot] mrpaper (Blue)
Thu Jun  8 21:15:10 2023 Vagabond (Blue) [SMG] Harry (Red)
Thu Jun  8 21:15:11 2023 B3D (Blue) [Fall]
Thu Jun  8 21:15:18 2023  titicaca has reached 1000 blocks placed! /heaven unlocked.
Thu Jun  8 21:15:20 2023 Aristote (Red) [Headshot] Vagabond (Blue)
Thu Jun  8 21:15:20 2023  Build a tower to get the enemy's intel. Take it to your team's tent to win!
Thu Jun  8 21:15:21 2023 Harry (Red) [Headshot] s_____s (Blue)
Thu Jun  8 21:15:28 2023 Harry (Red) [Headshot] mrpaper (Blue)
Thu Jun  8 21:15:33 2023 B3D (Blue) [Headshot] Harry (Red)
Thu Jun  8 21:15:34 2023 B3D (Blue) [Headshot] yotsen (Red)
Thu Jun  8 21:15:38 2023 [Global] JuanSand (Blue): normal
Thu Jun  8 21:15:41 2023 B3D (Blue) [SMG] Neddison (Red)
Thu Jun  8 21:15:45 2023 Vagabond picked up Red's Intel.
Thu Jun  8 21:15:48 2023 Vagabond (Blue) [Headshot] Aristote (Red)
Thu Jun  8 21:15:48 2023 mrpaper (Blue) [Headshot] R CONSERVADORA (Red)
Thu Jun  8 21:15:50 2023  Type /HELP for info & commands
Thu Jun  8 21:15:51 2023 JuanSand (Blue) [Fall]
Thu Jun  8 21:15:51 2023 Vagabond dropped Red's Intel
Thu Jun  8 21:15:51 2023 Harry (Red) [Headshot] Vagabond (Blue)
Thu Jun  8 21:15:54 2023 You must be closer to the enemy's base to shoot blocks!
Thu Jun  8 21:15:56 2023 You must be closer to the enemy's base to shoot blocks!
Thu Jun  8 21:15:56 2023 Neddison (Red) [Fall]
Thu Jun  8 21:15:59 2023 Player Neddison has left
Thu Jun  8 21:16:01 2023 B3D (Blue) [Headshot] Harry (Red)
Thu Jun  8 21:16:07 2023 s_____s (Blue) [Weapon Change]
Thu Jun  8 21:16:12 2023 B3D (Blue) [Headshot] yotsen (Red)
Thu Jun  8 21:16:18 2023 Vagabond (Blue) [SMG] Aristote (Red)
Thu Jun  8 21:16:19 2023 [Global] B3D (Blue): ve vaga
Thu Jun  8 21:16:19 2023 Vagabond (Blue) [Headshot] titicaca (Red)
Thu Jun  8 21:16:20 2023  Visit our community forums at https://aloha.pk/
Thu Jun  8 21:16:21 2023 [Team] titicaca (Red): damn
Thu Jun  8 21:16:22 2023 Vagabond picked up Red's Intel.
Thu Jun  8 21:16:23 2023 Vagabond dropped Red's Intel
Thu Jun  8 21:16:23 2023 Harry (Red) [Headshot] Vagabond (Blue)
Thu Jun  8 21:16:23 2023 awccccccccews joined Red team
Thu Jun  8 21:16:24 2023 [Global] JuanSand (Blue):  no tengo idea de que estoy haciendo
Thu Jun  8 21:16:28 2023 Harry (Red) [Headshot] s_____s (Blue)
Thu Jun  8 21:16:33 2023 B3D (Blue) [Headshot] Harry (Red)
Thu Jun  8 21:16:38 2023 B3D (Blue) [SMG] yotsen (Red)
Thu Jun  8 21:16:41 2023 titicaca (Red) [Rifle] jmsada (Blue)
Thu Jun  8 21:16:43 2023 B3D (Blue) [Headshot] Aristote (Red)
Thu Jun  8 21:16:46 2023 B3D picked up Red's Intel.
Thu Jun  8 21:16:50 2023  Come chat with us at https://discord.aloha.pk/
Thu Jun  8 21:16:54 2023 Vagabond (Blue) [Headshot] titicaca (Red)
Thu Jun  8 21:16:57 2023 Vagabond (Blue) [SMG] R CONSERVADORA (Red)
Thu Jun  8 21:16:59 2023 s_____s (Blue) [SMG] Harry (Red)
Thu Jun  8 21:17:00 2023 B3D captured Red's Intel.
Thu Jun  8 21:17:02 2023 s_____s (Blue) [SMG] awccccccccews (Red)
Thu Jun  8 21:17:08 2023 [Team] titicaca (Red): vaga also pillaring out
Thu Jun  8 21:17:10 2023 Erick :v (Blue) [Headshot] R CONSERVADORA (Red)
Thu Jun  8 21:17:11 2023 yotsen (Red) [Headshot] B3D (Blue)
Thu Jun  8 21:17:13 2023 Aristote (Red) [Headshot] s_____s (Blue)
Thu Jun  8 21:17:15 2023 [Global] JuanSand (Blue): wtf donde estoy
Thu Jun  8 21:17:16 2023 Harry (Red) [Fall]
Thu Jun  8 21:17:20 2023 Vagabond (Blue) [Fall]
Thu Jun  8 21:17:20 2023  If you believe a player is breaking the rules, please let us know with /ADMIN
Thu Jun  8 21:17:21 2023 B3D (Blue) [Fall]
Thu Jun  8 21:17:24 2023 R CONSERVADORA (Red) [Headshot] mrpaper (Blue)
Thu Jun  8 21:17:25 2023 JuanSand (Blue) [Fall]
Thu Jun  8 21:17:29 2023 yotsen (Red) [Headshot] s_____s (Blue)
Thu Jun  8 21:17:31 2023 R CONSERVADORA (Red) [Rifle] Erick :v (Blue)
Thu Jun  8 21:17:33 2023 [Global] B3D (Blue): xd
Thu Jun  8 21:17:33 2023 titicaca picked up Blue's Intel.
Thu Jun  8 21:17:33 2023 Vagabond (Blue) [SMG] yotsen (Red)
Thu Jun  8 21:17:33 2023 titicaca dropped Blue's Intel
Thu Jun  8 21:17:33 2023 Vagabond (Blue) [Headshot] titicaca (Red)
Thu Jun  8 21:17:36 2023 Player JuanSand has left
Thu Jun  8 21:17:45 2023 Vagabond (Blue) [SMG] Harry (Red)
Thu Jun  8 21:17:51 2023  Mahalo for playing aloha.pk tower of babel
Thu Jun  8 21:17:52 2023 Erick :v (Blue) [Headshot] Aristote (Red)
Thu Jun  8 21:17:57 2023 titicaca (Red) [Headshot] mrpaper (Blue)
Thu Jun  8 21:17:59 2023 lopster joined Red team
Thu Jun  8 21:18:02 2023 Erick :v (Blue) [SMG] yotsen (Red)
Thu Jun  8 21:18:08 2023 Harry (Red) [Headshot] jmsada (Blue)
Thu Jun  8 21:18:09 2023 Erick :v (Blue) [SMG] titicaca (Red)
Thu Jun  8 21:18:13 2023 Vagabond (Blue) [Headshot] Harry (Red)
Thu Jun  8 21:18:14 2023 B3D (Blue) [Headshot] lopster (Red)
Thu Jun  8 21:18:18 2023 Disconnecting
