Mon Jul 24 20:28:07 2023 ------ World Loaded ------
Mon Jul 24 20:28:07 2023 [Global] Elver Gacorta07 (Blue): vc e pica o culacio
Mon Jul 24 20:28:07 2023 [Global] Luis17xd (Red): A que equipo debería unirme?
Mon Jul 24 20:28:07 2023 Welcome to aloha.pk arena (top 10)
Mon Jul 24 20:28:09 2023 Map: Shooting Range by Darion
Mon Jul 24 20:28:11 2023 EXOCET (Blue) [SMG] The Thing (Red)
Mon Jul 24 20:28:11 2023 Game mode: Arena by Yourself
Mon Jul 24 20:28:11 2023 [Global] NovaS (Red): espectador
Mon Jul 24 20:28:13 2023 A game of team survival. The last team standing scores a point.
Mon Jul 24 20:28:15 2023 NovaS picked up Blue's Intel.
Mon Jul 24 20:28:15 2023 NovaS captured Blue's Intel.
Mon Jul 24 20:28:15 2023 NovaS (Red) [Headshot] EXOCET (Blue)
Mon Jul 24 20:28:15 2023 Visit our community forums at https://aloha.pk/
Mon Jul 24 20:28:18 2023 Come chat with us at https://discord.aloha.pk/
Mon Jul 24 20:28:19 2023 [Global] NovaS (Red): mentira
Mon Jul 24 20:28:19 2023 [Global] deivid (Red): XD
Mon Jul 24 20:28:20 2023 Trickah (Blue) [Weapon Change]
Mon Jul 24 20:28:20 2023 [Global] NovaS (Red): muak
Mon Jul 24 20:28:21 2023 [Global] Luis17xd (Red): a
Mon Jul 24 20:28:22 2023 [Global] Luis17xd (Red): Xd
Mon Jul 24 20:28:26 2023 [Global] NovaS (Red): es broma hermoso
Mon Jul 24 20:28:37 2023 Trickah (Blue) [Headshot] Luis17xd (Red)
Mon Jul 24 20:28:40 2023 Muska19 (Blue) [Headshot] deivid (Red)
Mon Jul 24 20:28:41 2023 ‼Sailor moon (Red) [Headshot] Trickah (Blue)
Mon Jul 24 20:28:43 2023 Mikele (Blue) [Headshot]              02 (Red)
Mon Jul 24 20:28:43 2023 5 players on Red and 7 players on Blue remain.
Mon Jul 24 20:28:43 2023 Harry (Blue) [Rifle]
Mon Jul 24 20:28:44 2023 4 players on Red and 7 players on Blue remain.
Mon Jul 24 20:28:44 2023 kaiokastrogg99 (Blue) [Headshot] ‼Sailor moon (Red)
Mon Jul 24 20:28:45 2023 3 players on Red and 7 players on Blue remain.
Mon Jul 24 20:28:45 2023 4Johns4thRepubl (Blue) [Shotgun] NovaS (Red)
Mon Jul 24 20:28:46 2023 2 players on Red and 7 players on Blue remain.
Mon Jul 24 20:28:46 2023 4Johns4thRepubl (Blue) [Shotgun] Erick :v (Red)
Mon Jul 24 20:28:47 2023 RE:SSercome joined Red team
Mon Jul 24 20:28:47 2023 2 players on Red and 7 players on Blue remain.
Mon Jul 24 20:28:47 2023 RE:SSercome (Red) [Shotgun]
Mon Jul 24 20:28:49 2023 Deuce0 joined Red team
Mon Jul 24 20:28:49 2023 2 players on Red and 7 players on Blue remain.
Mon Jul 24 20:28:49 2023 Deuce0 (Red) [Rifle]
Mon Jul 24 20:28:51 2023 [Global] Luis17xd (Red): El lag que tengo es magestuoso
Mon Jul 24 20:28:51 2023 1 player on Red and 7 players on Blue remain.
Mon Jul 24 20:28:51 2023 kaiokastrogg99 (Blue) [Headshot] The Thing (Red)
Mon Jul 24 20:28:55 2023 kaiokastrogg99 picked up Red's Intel.
Mon Jul 24 20:28:55 2023 kaiokastrogg99 captured Red's Intel.
Mon Jul 24 20:28:55 2023  Blue team wins the round!
Mon Jul 24 20:28:55 2023  The round will begin in 13 seconds.
Mon Jul 24 20:28:55 2023 kaiokastrogg99 (Blue) [SMG] Logan (Red)
Mon Jul 24 20:28:57 2023  Arena: The last team standing scores a point!
Mon Jul 24 20:29:01 2023 Deuce0 (Red) [Rifle]
Mon Jul 24 20:29:03 2023 5
Mon Jul 24 20:29:04 2023 4
Mon Jul 24 20:29:05 2023 3
Mon Jul 24 20:29:06 2023 2
Mon Jul 24 20:29:07 2023 1
Mon Jul 24 20:29:08 2023 Go!
Mon Jul 24 20:29:08 2023  There is a time limit of 3.50 minutes for this round.
Mon Jul 24 20:29:16 2023 10 players on Red and 8 players on Blue remain.
Mon Jul 24 20:29:16 2023 Luis17xd (Red) [Headshot] 4Johns4thRepubl (Blue)
Mon Jul 24 20:29:17 2023 9 players on Red and 8 players on Blue remain.
Mon Jul 24 20:29:17 2023 THE NICE.... (Blue) [SMG] Luis17xd (Red)
Mon Jul 24 20:29:17 2023 9 players on Red and 7 players on Blue remain.
Mon Jul 24 20:29:17 2023 Deuce0 (Red) [Headshot] Muska19 (Blue)
Mon Jul 24 20:29:17 2023 8 players on Red and 7 players on Blue remain.
Mon Jul 24 20:29:17 2023 THE NICE.... (Blue) [Headshot] Deuce0 (Red)
Mon Jul 24 20:29:18 2023 7 players on Red and 7 players on Blue remain.
Mon Jul 24 20:29:18 2023 Mikele (Blue) [Headshot]              02 (Red)
Mon Jul 24 20:29:19 2023 7 players on Red and 6 players on Blue remain.
Mon Jul 24 20:29:19 2023 deivid (Red) [SMG] Elver Gacorta07 (Blue)
Mon Jul 24 20:29:19 2023 6 players on Red and 6 players on Blue remain.
Mon Jul 24 20:29:19 2023 Trickah (Blue) [Headshot] ‼Sailor moon (Red)
Mon Jul 24 20:29:21 2023 6 players on Red and 5 players on Blue remain.
Mon Jul 24 20:29:21 2023 Erick :v (Red) [Headshot] kaiokastrogg99 (Blue)
Mon Jul 24 20:29:24 2023 6 players on Red and 4 players on Blue remain.
Mon Jul 24 20:29:24 2023 RE:SSercome (Red) [Headshot] Mikele (Blue)
Mon Jul 24 20:29:24 2023 5 players on Red and 4 players on Blue remain.
Mon Jul 24 20:29:24 2023 THE NICE.... (Blue) [Headshot] RE:SSercome (Red)
Mon Jul 24 20:29:24 2023 Player Deuce0 has left
Mon Jul 24 20:29:26 2023 4 players on Red and 4 players on Blue remain.
Mon Jul 24 20:29:26 2023 Trickah (Blue) [Headshot] deivid (Red)
Mon Jul 24 20:29:27 2023  Type /HELP for info & commands
Mon Jul 24 20:29:28 2023 3 players on Red and 4 players on Blue remain.
Mon Jul 24 20:29:28 2023 EXOCET (Blue) [Headshot] NovaS (Red)
Mon Jul 24 20:29:29 2023 [INFO] You were killed by: Erick :v HP: 99
Mon Jul 24 20:29:29 2023 3 players on Red and 3 players on Blue remain.
Mon Jul 24 20:29:29 2023 Erick :v (Red) [SMG] Harry (Blue)
Mon Jul 24 20:29:35 2023 2 players on Red and 3 players on Blue remain.
Mon Jul 24 20:29:35 2023 THE NICE.... (Blue) [SMG] Logan (Red)
Mon Jul 24 20:29:35 2023 Disconnecting
