Thu Apr 13 16:57:22 2023 ------ World Loaded ------
Thu Apr 13 16:57:22 2023 [Global] Noaa (Blue): i imagine it must be boring yeah lol
Thu Apr 13 16:57:22 2023 2pac (Blue) [Headshot] jo (Red)
Thu Apr 13 16:57:22 2023 [Global] Lawesome (Red): back like, damn 2016-17?
Thu Apr 13 16:57:22 2023 Milyano (Blue) [Headshot] jo (Red)
Thu Apr 13 16:57:22 2023 lopster dropped Blue's Intel
Thu Apr 13 16:57:22 2023 2pac (Blue) [Headshot] lopster (Red)
Thu Apr 13 16:57:22 2023 sss picked up Blue's Intel.
Thu Apr 13 16:57:22 2023 Newage joined Red team
Thu Apr 13 16:57:22 2023 Kilo (Red) [Headshot] Noaa (Blue)
Thu Apr 13 16:57:22 2023 LOLO (Blue) [Headshot] RODEL (Red)
Thu Apr 13 16:57:22 2023 [Global] Noaa (Blue): a hack i would actually try is a fast-building one... but not like to win the game just to 
Thu Apr 13 16:57:22 2023 sss (Red) [Headshot] LOLO (Blue)
Thu Apr 13 16:57:22 2023 2pac (Blue) [Headshot] Newage (Red)
Thu Apr 13 16:57:22 2023 Kilo (Red) [Headshot] Noaa (Blue)
Thu Apr 13 16:57:22 2023 jo (Red) [Headshot] 2pac (Blue)
Thu Apr 13 16:57:22 2023 [Global] Noaa (Blue): make fun stuff lol
Thu Apr 13 16:57:22 2023 Milyano (Blue) [SMG] lopster (Red)
Thu Apr 13 16:57:22 2023 Welcome to aloha.pk tower of babel
Thu Apr 13 16:57:22 2023 jo (Red) [Headshot] shadow (Blue)
Thu Apr 13 16:57:23 2023 JHERSONPI777 (Red) [Headshot] K391 (Blue)
Thu Apr 13 16:57:24 2023 Map: caves by nothings
Thu Apr 13 16:57:25 2023 2pac joined Red team
Thu Apr 13 16:57:25 2023 [Global] Lawesome (Red): exactly
Thu Apr 13 16:57:26 2023 Game mode: Tower of Babel by Yourself, modified by izzy
Thu Apr 13 16:57:27 2023 Player shadow has left
Thu Apr 13 16:57:28 2023 Build a tower to get the enemy's intel. Take it to your team's tent to win!
Thu Apr 13 16:57:29 2023 ralph31 joined Blue team
Thu Apr 13 16:57:30 2023 Visit our community forums at https://aloha.pk/
Thu Apr 13 16:57:30 2023 [Global] Lawesome (Red): I don't need them anyway lul
Thu Apr 13 16:57:32 2023 Come chat with us at https://discord.aloha.pk/
Thu Apr 13 16:57:32 2023 Lawesome (Red) [Headshot] Milyano (Blue)
Thu Apr 13 16:57:34 2023 Newage (Red) [Grenade]
Thu Apr 13 16:57:36 2023 PAJAROTAH joined Spectator team
Thu Apr 13 16:57:36 2023 EL PROPIO (Red) [Headshot] Noaa (Blue)
Thu Apr 13 16:57:45 2023 EL PROPIO (Red) [Rifle] K391 (Blue)
Thu Apr 13 16:57:45 2023 [Global] PAJAROTAH (): helow
Thu Apr 13 16:57:46 2023 Lawesome (Red) [Headshot] apywll (Blue)
Thu Apr 13 16:57:48 2023  Come chat with us at https://discord.aloha.pk/
Thu Apr 13 16:57:49 2023 PAJAROTAH joined Blue team
Thu Apr 13 16:57:53 2023 apywll (Blue) [Weapon Change]
Thu Apr 13 16:57:53 2023 sss captured Blue's Intel.
Thu Apr 13 16:57:53 2023  With 1700 blocks placed, jxw is granted the right to unleash the apocalypse.
Thu Apr 13 16:57:53 2023 PAJAROTAH (Blue) [Team Change]
Thu Apr 13 16:57:54 2023 Disconnecting
