Wed Aug  9 17:50:14 2023 ------ World Loaded ------
Wed Aug  9 17:50:14 2023 lagunna ~ (Red) [Headshot] Bizonho (Blue)
Wed Aug  9 17:50:14 2023 lagunna ~ (Red) [Headshot] r consevadora (Blue)
Wed Aug  9 17:50:14 2023 Ur_Partner (Red) [Rifle] Sticky3002 (Blue)
Wed Aug  9 17:50:14 2023 JC Denton joined Spectator team
Wed Aug  9 17:50:14 2023 bundinha (Red) [Headshot] r consevadora (Blue)
Wed Aug  9 17:50:14 2023 Player JC Denton has left
Wed Aug  9 17:50:14 2023 Deuce16 joined Blue team
Wed Aug  9 17:50:14 2023 bundinha (Red) [Headshot] Bizonho (Blue)
Wed Aug  9 17:50:14 2023 bundinha (Red) [Headshot] Sticky3002 (Blue)
Wed Aug  9 17:50:14 2023 Welcome to aloha.pk tower of babel
Wed Aug  9 17:50:16 2023 Map: moskvababel by (unknown)
Wed Aug  9 17:50:18 2023 Game mode: Tower of Babel by Yourself, modified by izzy
Wed Aug  9 17:50:20 2023 Build a tower to get the enemy's intel. Take it to your team's tent to win!
Wed Aug  9 17:50:20 2023 ye joined Blue team
Wed Aug  9 17:50:21 2023 r consevadora (Blue) [Headshot] 4eburek (Red)
Wed Aug  9 17:50:22 2023 Visit our community forums at https://aloha.pk/
Wed Aug  9 17:50:24 2023 Come chat with us at https://discord.aloha.pk/
Wed Aug  9 17:50:28 2023 Bizonho (Blue) [Headshot] PySnip (Red)
Wed Aug  9 17:50:32 2023 lagunna ~ (Red) [SMG] Sticky3002 (Blue)
Wed Aug  9 17:50:32 2023 Deuce29 (Blue) [Headshot] Willem II (Red)
Wed Aug  9 17:50:36 2023 4eburek (Red) [Grenade]
Wed Aug  9 17:50:43 2023 Deuce16 (Blue) [Headshot] pepe (Red)
Wed Aug  9 17:50:50 2023 Bizonho picked up Red's Intel.
Wed Aug  9 17:50:53 2023 bundinha (Red) [Headshot] Deuce29 (Blue)
Wed Aug  9 17:50:55 2023 Deuce16 (Blue) [Headshot] Willem II (Red)
Wed Aug  9 17:50:56 2023 bundinha (Red) [Headshot] Sticky3002 (Blue)
Wed Aug  9 17:50:56 2023  Mahalo for playing aloha.pk tower of babel
Wed Aug  9 17:50:58 2023 Bizonho dropped Red's Intel
Wed Aug  9 17:50:58 2023  The intel has returned to the heavens
Wed Aug  9 17:50:58 2023 Bizonho (Blue) [Fall]
Wed Aug  9 17:50:59 2023 [Global] not a burner (Blue): i found some black sludge in the other square
Wed Aug  9 17:51:00 2023 [Global] Sticky3002 (Blue): fucking hate lag
Wed Aug  9 17:51:03 2023 Player Deuce16 has left
Wed Aug  9 17:51:05 2023 lagunna ~ (Red) [Headshot] Bizonho (Blue)
Wed Aug  9 17:51:11 2023 lagunna ~ (Red) [Headshot] Deuce29 (Blue)
Wed Aug  9 17:51:13 2023 bundinha (Red) [Headshot] Harry (Blue)
Wed Aug  9 17:51:16 2023 lagunna ~ (Red) [Headshot] Sticky3002 (Blue)
Wed Aug  9 17:51:18 2023 r consevadora (Blue) [Headshot] lagunna ~ (Red)
Wed Aug  9 17:51:26 2023 bundinha (Red) [Headshot] r consevadora (Blue)
Wed Aug  9 17:51:26 2023  Build a tower to get the enemy's intel. Take it to your team's tent to win!
Wed Aug  9 17:51:34 2023 bundinha (Red) [Headshot] Bizonho (Blue)
Wed Aug  9 17:51:36 2023 bundinha (Red) [Headshot] Harry (Blue)
Wed Aug  9 17:51:37 2023 bundinha (Red) [Headshot] Deuce29 (Blue)
Wed Aug  9 17:51:38 2023 bundinha (Red) [Headshot] Harry (Blue)
Wed Aug  9 17:51:38 2023 bundinha (Red) [Headshot] r consevadora (Blue)
Wed Aug  9 17:51:39 2023 bundinha (Red) [Headshot] Bizonho (Blue)
Wed Aug  9 17:51:42 2023 Player bundinha has left
Wed Aug  9 17:51:42 2023 [Global] Deuce29 (Blue): hacker
Wed Aug  9 17:51:46 2023 [Global] Sticky3002 (Blue): LOL
Wed Aug  9 17:51:47 2023 [Team] Bizonho (Blue): hackker
Wed Aug  9 17:51:56 2023 Deuce16 joined Blue team
Wed Aug  9 17:51:56 2023  Type /HELP for info & commands
Wed Aug  9 17:52:05 2023 Harry (Blue) [Headshot] lagunna ~ (Red)
Wed Aug  9 17:52:26 2023  Visit our community forums at https://aloha.pk/
Wed Aug  9 17:52:33 2023 lagunna ~ (Red) [Headshot] Sticky3002 (Blue)
Wed Aug  9 17:52:37 2023 Deuce29 (Blue) [Headshot] pepe (Red)
Wed Aug  9 17:52:42 2023 lagunna ~ (Red) [Headshot] Harry (Blue)
Wed Aug  9 17:52:48 2023 Deuce29 (Blue) [Headshot] Ur_Partner (Red)
Wed Aug  9 17:52:51 2023 Ur_Partner (Red) [Headshot] Deuce29 (Blue)
Wed Aug  9 17:52:57 2023  Come chat with us at https://discord.aloha.pk/
Wed Aug  9 17:52:57 2023 pepelotomer joined Blue team
Wed Aug  9 17:52:59 2023 Bizonho picked up Red's Intel.
Wed Aug  9 17:53:04 2023 princesinha joined Red team
Wed Aug  9 17:53:21 2023 Sticky3002 (Blue) [Shotgun] princesinha (Red)
Wed Aug  9 17:53:21 2023 ye (Blue) [Headshot] Willem II (Red)
Wed Aug  9 17:53:23 2023 pepelotomer (Blue) [Headshot] pepe (Red)
Wed Aug  9 17:53:25 2023 Bizonho captured Red's Intel.
Wed Aug  9 17:53:26 2023 lagunna ~ (Red) [Headshot] Sticky3002 (Blue)
Wed Aug  9 17:53:27 2023  If you believe a player is breaking the rules, please let us know with /ADMIN
Wed Aug  9 17:53:28 2023 Deuce29 picked up Red's Intel.
Wed Aug  9 17:53:47 2023 spymein (Red) [Headshot] pepelotomer (Blue)
Wed Aug  9 17:53:53 2023 Deuce29 (Blue) [Headshot] Ur_Partner (Red)
Wed Aug  9 17:53:57 2023 Sticky3002 (Blue) [Shotgun] lagunna ~ (Red)
Wed Aug  9 17:53:57 2023  Mahalo for playing aloha.pk tower of babel
Wed Aug  9 17:54:03 2023 Deuce29 dropped Red's Intel
Wed Aug  9 17:54:03 2023  The intel has returned to the heavens
Wed Aug  9 17:54:03 2023 pepelotomer (Blue) [SMG] 4eburek (Red)
Wed Aug  9 17:54:04 2023 Osmosis joined Red team
Wed Aug  9 17:54:04 2023 lagunna ~ (Red) [Headshot] Deuce29 (Blue)
Wed Aug  9 17:54:11 2023 PySnip (Red) [Melee] pepelotomer (Blue)
Wed Aug  9 17:54:11 2023 ye (Blue) [Fall]
Wed Aug  9 17:54:16 2023 ------ World Unloaded ------
Wed Aug  9 17:54:16 2023 Disconnected because of error:
Disconnected: Unknown Reason
at /tmp/openspades-1902958381911645150/openspades/src/openspades-0.1.3/Sources/Client/NetClient.cpp:498
void spades::client::NetClient::DoEvents(int) at NetClient.cpp:477
virtual void spades::client::Client::RunFrame(float) at Client.cpp:380
virtual void spades::gui::MainScreen::RunFrame(float) at MainScreen.cpp:232
void spades::gui::SDLRunner::Run(int, int) at SDLRunner.cpp:427
void spades::gui::Runner::Run() at Runner.cpp:70
void spades::gui::Runner::RunProtected() at Runner.cpp:42
int main(int, char**) at Main.cpp:312

Wed Aug  9 17:54:16 2023 Disconnecting
