Thu Dec 14 19:34:20 2023 ------ World Loaded ------
Thu Dec 14 19:34:20 2023 Welcome to server de harry
Thu Dec 14 19:34:21 2023 Map: BloodGulch by MissionCo
Thu Dec 14 19:34:23 2023 Game mode: ctf
Thu Dec 14 19:34:25 2023 Server powered by piqueserver and buildandshoot.com
Thu Dec 14 19:34:34 2023 Harry (Green) [Headshot] NELSON (Blue)
Thu Dec 14 19:35:08 2023 Harry (Green) [Headshot] NELSON (Blue)
Thu Dec 14 19:35:14 2023 NELSON (Blue) [Headshot] Harry (Green)
Thu Dec 14 19:36:04 2023 Harry (Green) [Headshot] NELSON (Blue)
Thu Dec 14 19:36:12 2023 [Team] Harry (Green): chechenia 94
Thu Dec 14 19:36:16 2023 . joined Blue team
Thu Dec 14 19:36:38 2023 Harry (Green) [Headshot] NELSON (Blue)
Thu Dec 14 19:37:01 2023 NELSON (Blue) [SMG] Harry (Green)
Thu Dec 14 19:37:18 2023 Harry (Green) [Headshot] NELSON (Blue)
Thu Dec 14 19:37:54 2023  You are playing ctf on server de harry
Thu Dec 14 19:37:55 2023 Harry (Green) [Headshot] NELSON (Blue)
Thu Dec 14 19:38:39 2023 _NisoN joined Spectator team
Thu Dec 14 19:38:51 2023 NELSON (Blue) [Headshot] Harry (Green)
Thu Dec 14 19:38:54 2023 [Global] _NisoN (): y esto q es
Thu Dec 14 19:38:54 2023 Harry (Green) [Weapon Change]
Thu Dec 14 19:38:59 2023 XxchinoxX78 joined Blue team
Thu Dec 14 19:39:17 2023 mclovin joined Green team
Thu Dec 14 19:39:19 2023 NELSON (Blue) [Headshot] mclovin (Green)
Thu Dec 14 19:39:21 2023 Harry (Green) [SMG] NELSON (Blue)
Thu Dec 14 19:39:30 2023 Harry (Green) [Headshot] XxchinoxX78 (Blue)
Thu Dec 14 19:39:33 2023 Player _NisoN has left
Thu Dec 14 19:39:47 2023 Harry (Green) [SMG] NELSON (Blue)
Thu Dec 14 19:39:58 2023 XxchinoxX78 (Blue) [Headshot] Harry (Green)
Thu Dec 14 19:40:26 2023 NELSON (Blue) [Headshot] Harry (Green)
Thu Dec 14 19:40:31 2023 XxchinoxX78 (Blue) [SMG] mclovin (Green)
Thu Dec 14 19:40:35 2023 Harry (Green) [Headshot] XxchinoxX78 (Blue)
Thu Dec 14 19:40:51 2023 Harry (Green) [SMG] NELSON (Blue)
Thu Dec 14 19:41:12 2023 XxchinoxX78 (Blue) [Headshot] Harry (Green)
Thu Dec 14 19:41:29 2023 NELSON (Blue) [Headshot] mclovin (Green)
Thu Dec 14 19:41:35 2023 Harry (Green) [Headshot] NELSON (Blue)
Thu Dec 14 19:41:41 2023 XxchinoxX78 (Blue) [Headshot] Harry (Green)
Thu Dec 14 19:41:46 2023 XxchinoxX78 (Blue) [Headshot] mclovin (Green)
Thu Dec 14 19:41:54 2023 Harry (Green) [Headshot] XxchinoxX78 (Blue)
Thu Dec 14 19:41:55 2023 Player mclovin has left
Thu Dec 14 19:42:16 2023 Harry (Green) [SMG] NELSON (Blue)
Thu Dec 14 19:42:17 2023 XxchinoxX78 (Blue) [Headshot] Harry (Green)
Thu Dec 14 19:42:18 2023 Player . has left
Thu Dec 14 19:42:31 2023 Harry (Green) [Headshot] XxchinoxX78 (Blue)
Thu Dec 14 19:42:33 2023 Player XxchinoxX78 has left
Thu Dec 14 19:42:54 2023  Type /help for info & commands
Thu Dec 14 19:43:07 2023 NELSON (Blue) [Headshot] Harry (Green)
Thu Dec 14 19:43:32 2023 Harry (Green) [Headshot] NELSON (Blue)
Thu Dec 14 19:43:56 2023 Harry (Green) [Headshot] NELSON (Blue)
Thu Dec 14 19:44:07 2023 NELSON (Blue) [Headshot] Harry (Green)
Thu Dec 14 19:44:44 2023 Harry (Green) [Headshot] NELSON (Blue)
Thu Dec 14 19:45:20 2023 Harry (Green) [Headshot] NELSON (Blue)
Thu Dec 14 19:45:50 2023 Player NELSON has left
Thu Dec 14 19:47:30 2023 NELSON joined Blue team
Thu Dec 14 19:47:39 2023 [Global] NELSON (Blue): OOOE
Thu Dec 14 19:47:46 2023 [Team] Harry (Green): que le pasa a su internet
Thu Dec 14 19:47:54 2023  You are playing ctf on server de harry
Thu Dec 14 19:48:04 2023 Harry picked up Blue's Intel.
Thu Dec 14 19:48:18 2023 Harry dropped Blue's Intel
Thu Dec 14 19:48:18 2023 NELSON (Blue) [Headshot] Harry (Green)
Thu Dec 14 19:48:59 2023 NELSON (Blue) [Headshot] Harry (Green)
Thu Dec 14 19:49:09 2023 Harry (Green) [SMG] NELSON (Blue)
Thu Dec 14 19:49:26 2023 Harry (Green) [SMG] NELSON (Blue)
Thu Dec 14 19:50:00 2023 Harry (Green) [Headshot] NELSON (Blue)
Thu Dec 14 19:50:26 2023 NELSON (Blue) [Headshot] Harry (Green)
Thu Dec 14 19:51:02 2023 Harry (Green) [Headshot] NELSON (Blue)
Thu Dec 14 19:51:11 2023 [Global] NELSON (Blue): ES DIFICIL ESTABLECER COMUNICacion
Thu Dec 14 19:51:15 2023 Harry picked up Blue's Intel.
Thu Dec 14 19:51:16 2023 Harry dropped Blue's Intel
Thu Dec 14 19:51:16 2023 NELSON (Blue) [Headshot] Harry (Green)
Thu Dec 14 19:51:21 2023 [Global] Harry (Green): echo bravo
Thu Dec 14 19:51:32 2023 [Global] NELSON (Blue): MI WIFI DE MI TELEFONO NO COJE BIEN
Thu Dec 14 19:51:35 2023 [Team] Harry (Green): si quiere le comparto datos
Thu Dec 14 19:52:00 2023 NELSON (Blue) [Headshot] Harry (Green)
Thu Dec 14 19:52:12 2023 [Global] NELSON (Blue): ENTONCES COMO ME COMNICO CON UD
Thu Dec 14 19:52:25 2023 Harry (Green) [Headshot] NELSON (Blue)
Thu Dec 14 19:52:39 2023 [Team] Harry (Green): con balas es suficiente
Thu Dec 14 19:52:39 2023 [Global] NELSON (Blue): OOE
Thu Dec 14 19:52:45 2023 Harry (Green) [Headshot] NELSON (Blue)
Thu Dec 14 19:52:49 2023 [Team] Harry (Green): SEÑOOR
Thu Dec 14 19:52:54 2023  You are playing ctf on server de harry
Thu Dec 14 19:53:02 2023 Harry (Green) [Headshot] NELSON (Blue)
Thu Dec 14 19:53:09 2023 [Global] NELSON (Blue): PERO ALMENOS ESCRIBE
Thu Dec 14 19:53:12 2023 Harry picked up Blue's Intel.
Thu Dec 14 19:53:25 2023 Harry (Green) [Headshot] NELSON (Blue)
Thu Dec 14 19:53:42 2023 [Global] NELSON (Blue): OOOE
Thu Dec 14 19:53:45 2023 [Team] Harry (Green): señor
Thu Dec 14 19:53:47 2023 Harry captured Blue's Intel.
Thu Dec 14 19:53:49 2023 [Global] NELSON (Blue): OOE
Thu Dec 14 19:54:15 2023 Harry (Green) [Rifle] NELSON (Blue)
Thu Dec 14 19:54:35 2023 Harry (Green) [Headshot] NELSON (Blue)
Thu Dec 14 19:54:44 2023 NELSON (Blue) [Rifle] Harry (Green)
Thu Dec 14 19:55:14 2023 NELSON (Blue) [Headshot] Harry (Green)
Thu Dec 14 19:55:20 2023 [Global] Harry (Green): tango down
Thu Dec 14 19:55:21 2023 [Global] NELSON (Blue): OOE
Thu Dec 14 19:55:28 2023 [Global] Harry (Green): señoooor
Thu Dec 14 19:55:32 2023 NELSON (Blue) [Rifle] Harry (Green)
Thu Dec 14 19:55:40 2023 [Global] NELSON (Blue): ALFIN ESCRIBE
Thu Dec 14 19:55:44 2023 Harry (Green) [Rifle] NELSON (Blue)
Thu Dec 14 19:56:17 2023 [Global] NELSON (Blue): CUAL ES LA APLICACION PARA QUE MI TELEFONO SEA CAMARA WEB?
Thu Dec 14 19:56:27 2023 NELSON (Blue) [Headshot] Harry (Green)
Thu Dec 14 19:56:31 2023 [Global] Harry (Green): se me olvido
Thu Dec 14 19:56:39 2023 NELSON (Blue) [Headshot] Harry (Green)
Thu Dec 14 19:56:47 2023 Harry (Green) [Rifle] NELSON (Blue)
Thu Dec 14 19:56:58 2023 [Global] NELSON (Blue): HALO ROBLOS
Thu Dec 14 19:57:12 2023 NELSON (Blue) [Headshot] Harry (Green)
Thu Dec 14 19:57:20 2023 [Global] NELSON (Blue): halo roblox
Thu Dec 14 19:57:21 2023 [Global] Harry (Green): me toca arreglar mi 360
Thu Dec 14 19:57:32 2023 NELSON (Blue) [Rifle] Harry (Green)
Thu Dec 14 19:57:38 2023 [Global] NELSON (Blue): halo voxel
Thu Dec 14 19:57:54 2023  Type /help for info & commands
Thu Dec 14 19:57:59 2023 [Global] Harry (Green): pq igual asi compremos grafica no podemos echar nada en la casa de cada uno
Thu Dec 14 19:58:13 2023 NELSON (Blue) [Headshot] Harry (Green)
Thu Dec 14 19:58:28 2023 NELSON (Blue) [Headshot] Harry (Green)
Thu Dec 14 19:58:33 2023 NELSON picked up Green's Intel.
Thu Dec 14 19:58:52 2023 NELSON (Blue) [Headshot] Harry (Green)
Thu Dec 14 19:59:04 2023 NELSON dropped Green's Intel
Thu Dec 14 19:59:04 2023 Harry (Green) [Headshot] NELSON (Blue)
Thu Dec 14 19:59:07 2023 [Global] NELSON (Blue): jajajja
Thu Dec 14 19:59:40 2023 NELSON (Blue) [Headshot] Harry (Green)
Thu Dec 14 19:59:48 2023 Harry (Green) [Headshot] NELSON (Blue)
Thu Dec 14 19:59:49 2023 [Global] NELSON (Blue): entonces grafica o xbox 360?
Thu Dec 14 20:00:01 2023 [Global] NELSON (Blue): en mi opinion
Thu Dec 14 20:00:04 2023 [Global] NELSON (Blue): grafica
Thu Dec 14 20:00:09 2023 [Team] Harry (Green): se puede las 2
Thu Dec 14 20:00:22 2023 Harry (Green) [Headshot] NELSON (Blue)
Thu Dec 14 20:00:29 2023 [Global] Harry (Green): tampoco es que valga mucho
Thu Dec 14 20:00:33 2023 [Global] Harry (Green): arreglarla
Thu Dec 14 20:00:44 2023 NELSON (Blue) [Headshot] Harry (Green)
Thu Dec 14 20:00:59 2023 [Global] NELSON (Blue): entonces la grafica no
Thu Dec 14 20:01:04 2023 Harry (Green) [Headshot] NELSON (Blue)
Thu Dec 14 20:01:16 2023 [Team] Harry (Green): que se puede las 2 le digo
Thu Dec 14 20:01:26 2023 Harry (Green) [Headshot] NELSON (Blue)
Thu Dec 14 20:01:47 2023 Harry (Green) [Headshot] NELSON (Blue)
Thu Dec 14 20:01:59 2023 Harry picked up Blue's Intel.
Thu Dec 14 20:02:08 2023 Harry dropped Blue's Intel
Thu Dec 14 20:02:08 2023 NELSON (Blue) [Rifle] Harry (Green)
Thu Dec 14 20:02:27 2023 [Global] NELSON (Blue): entonces grafica no?
Thu Dec 14 20:02:46 2023 [Global] Harry (Green): no me entiende
Thu Dec 14 20:02:54 2023  You are playing ctf on server de harry
Thu Dec 14 20:03:00 2023 [Global] Harry (Green): arreglar el xbox solo va a costar tiempo
Thu Dec 14 20:03:09 2023 [Global] Harry (Green): la grafica igual voy a seguir ahorrando
Thu Dec 14 20:03:14 2023 [Global] NELSON (Blue): aaaah
Thu Dec 14 20:03:21 2023 Harry (Green) [Headshot] NELSON (Blue)
Thu Dec 14 20:03:36 2023 NELSON (Blue) [Headshot] Harry (Green)
Thu Dec 14 20:03:37 2023 Cement-On-a-Sti joined Blue team
Thu Dec 14 20:04:17 2023 Harry (Green) [Rifle] NELSON (Blue)
Thu Dec 14 20:04:25 2023 Harry (Green) [Headshot] Cement-On-a-Sti (Blue)
Thu Dec 14 20:04:26 2023 [Global] NELSON (Blue): dombBASS
Thu Dec 14 20:04:29 2023 Player Cement-On-a-Sti has left
Thu Dec 14 20:04:39 2023 Harry (Green) [Headshot] NELSON (Blue)
Thu Dec 14 20:04:48 2023 [Global] NELSON (Blue): tertulio
Thu Dec 14 20:04:56 2023 NELSON (Blue) [Headshot] Harry (Green)
Thu Dec 14 20:05:01 2023 [Global] NELSON (Blue): casi e mata
Thu Dec 14 20:05:29 2023 Harry (Green) [Headshot] NELSON (Blue)
Thu Dec 14 20:05:51 2023 NELSON (Blue) [Headshot] Harry (Green)
Thu Dec 14 20:06:07 2023 [Global] NELSON (Blue): elige un mapa chiquito
Thu Dec 14 20:06:16 2023 [Global] Harry (Green): chiquitico?
Thu Dec 14 20:06:20 2023 NELSON (Blue) [Headshot] Harry (Green)
Thu Dec 14 20:06:24 2023 [Global] NELSON (Blue): si chiquitico
Thu Dec 14 20:06:32 2023 Harry (Green) [Headshot] NELSON (Blue)
Thu Dec 14 20:06:36 2023 [Team] Harry (Green): mandeme uno aver
Thu Dec 14 20:06:49 2023 NELSON (Blue) [Rifle] Harry (Green)
Thu Dec 14 20:07:53 2023 Harry (Green) [Rifle] NELSON (Blue)
Thu Dec 14 20:07:54 2023  You are playing ctf on server de harry
Thu Dec 14 20:08:40 2023 Harry (Green) [Headshot] NELSON (Blue)
Thu Dec 14 20:09:48 2023 [Global] NELSON (Blue): oee+
Thu Dec 14 20:09:55 2023 [Global] NELSON (Blue): estoy viendo un tutorial
Thu Dec 14 20:10:19 2023 [Global] NELSON (Blue): para aver si puedo conectar de nu celular a pc y que me de internet desde el pc
Thu Dec 14 20:12:54 2023  Type /help for info & commands
Thu Dec 14 20:17:54 2023  You are playing ctf on server de harry
Thu Dec 14 20:19:45 2023 ------ World Unloaded ------
Thu Dec 14 20:19:45 2023 Disconnected because of error:
Disconnected: Unknown Reason
at /tmp/openspades-1902958381911645150/openspades/src/openspades-0.1.3/Sources/Client/NetClient.cpp:498
void spades::client::NetClient::DoEvents(int) at NetClient.cpp:477
virtual void spades::client::Client::RunFrame(float) at Client.cpp:380
virtual void spades::gui::MainScreen::RunFrame(float) at MainScreen.cpp:232
void spades::gui::SDLRunner::Run(int, int) at SDLRunner.cpp:427
void spades::gui::Runner::Run() at Runner.cpp:70
void spades::gui::Runner::RunProtected() at Runner.cpp:42
int main(int, char**) at Main.cpp:312

Thu Dec 14 20:19:45 2023 Disconnecting
