Wed Apr 12 14:08:55 2023 ------ World Loaded ------
Wed Apr 12 14:08:56 2023 ozf (Blue) [Headshot] Lavoid (Red)
Wed Apr 12 14:08:56 2023 Lil Mago joined Blue team
Wed Apr 12 14:08:56 2023 fresh (Red) [Headshot] ozf (Blue)
Wed Apr 12 14:08:56 2023 [Global] Deuce26 (Blue): lmao
Wed Apr 12 14:08:56 2023 yubacoren joined Red team
Wed Apr 12 14:08:56 2023 fuzko (Red) [Headshot] Pioyi (Blue)
Wed Apr 12 14:08:56 2023 Welcome to aloha.pk tower of babel
Wed Apr 12 14:08:56 2023 [Global] Deuce26 (Blue): fortnite
Wed Apr 12 14:08:57 2023 Map: Yubacore by Lostmotel, mill by SIMOX
Wed Apr 12 14:08:59 2023 Game mode: Tower of Babel by Yourself, modified by izzy
Wed Apr 12 14:09:00 2023 3X3=18 (Red) [SMG] Lil Mago (Blue)
Wed Apr 12 14:09:01 2023 Build a tower to get the enemy's intel. Take it to your team's tent to win!
Wed Apr 12 14:09:02 2023 loha45 (Blue) [Headshot] fuzko (Red)
Wed Apr 12 14:09:03 2023 Visit our community forums at https://aloha.pk/
Wed Apr 12 14:09:05 2023 Come chat with us at https://discord.aloha.pk/
Wed Apr 12 14:09:07 2023 fresh (Red) [Headshot] loha45 (Blue)
Wed Apr 12 14:09:10 2023 [Global] Deuce26 (Blue): suck mah arsse
Wed Apr 12 14:09:12 2023 some fuckin guy (Blue) [Headshot] N51 (Red)
Wed Apr 12 14:09:13 2023 yubacoren (Red) [Headshot] AGUACATEDULCE (Blue)
Wed Apr 12 14:09:17 2023 Deuce26 (Blue) [Headshot] yubacoren (Red)
Wed Apr 12 14:09:18 2023 fuzko (Red) [SMG] Deuce26 (Blue)
Wed Apr 12 14:09:19 2023 fresh (Red) [Headshot] ozf (Blue)
Wed Apr 12 14:09:20 2023 You must be closer to the enemy's base to shoot blocks!
Wed Apr 12 14:09:21 2023 Lil Mago (Blue) [Fall]
Wed Apr 12 14:09:22 2023 loha45 (Blue) [Headshot] 3X3=18 (Red)
Wed Apr 12 14:09:24 2023 Harry (Blue) [Weapon Change]
Wed Apr 12 14:09:34 2023 some fuckin guy (Blue) [Headshot] N51 (Red)
Wed Apr 12 14:09:37 2023  Come chat with us at https://discord.aloha.pk/
Wed Apr 12 14:09:39 2023 Harry (Blue) [Headshot] Chvxxx (Red)
Wed Apr 12 14:09:41 2023 Deuce26 (Blue) [Rifle] fuzko (Red)
Wed Apr 12 14:09:43 2023 yubacoren (Red) [Headshot] Lil Mago (Blue)
Wed Apr 12 14:09:47 2023 some fuckin guy (Blue) [Headshot] yubacoren (Red)
Wed Apr 12 14:09:48 2023 [Global] fuzko (Red): wtf
Wed Apr 12 14:09:51 2023 loha45 (Blue) [Headshot] Lavoid (Red)
Wed Apr 12 14:09:53 2023 vlad joined Blue team
Wed Apr 12 14:09:55 2023 some fuckin guy (Blue) [Headshot] N51 (Red)
Wed Apr 12 14:09:58 2023 yubacoren (Red) [Headshot] AGUACATEDULCE (Blue)
Wed Apr 12 14:09:59 2023 fuzko (Red) [SMG] some fuckin guy (Blue)
Wed Apr 12 14:10:02 2023 Deuce26 (Blue) [Rifle] nubly (Red)
Wed Apr 12 14:10:02 2023 [Global] Pioyi (Blue): This game is as if fortnite and minecraft had a son that was sent to a distant relative cause they were broke
Wed Apr 12 14:10:03 2023 some fuckin guy (Blue) [Fall]
Wed Apr 12 14:10:04 2023 yubacoren (Red) [Headshot] Harry (Blue)
Wed Apr 12 14:10:07 2023 ozf (Blue) [Headshot] fuzko (Red)
Wed Apr 12 14:10:07 2023 Octopute (Blue) [Fall]
Wed Apr 12 14:10:07 2023  If you believe a player is breaking the rules, please let us know with /ADMIN
Wed Apr 12 14:10:07 2023 loha45 (Blue) [SMG] yubacoren (Red)
Wed Apr 12 14:10:11 2023 loha45 (Blue) [Headshot] Chvxxx (Red)
Wed Apr 12 14:10:12 2023 [Team] some fuckin guy (Blue): attack their tower
Wed Apr 12 14:10:13 2023 [Team] some fuckin guy (Blue): it's thin
Wed Apr 12 14:10:26 2023 vlad (Blue) [Headshot] yubacoren (Red)
Wed Apr 12 14:10:27 2023 fresh (Red) [Headshot] ozf (Blue)
Wed Apr 12 14:10:27 2023 maticraftgamer (Red) [Headshot] Deuce26 (Blue)
Wed Apr 12 14:10:34 2023 Chvxxx (Red) [Headshot] loha45 (Blue)
Wed Apr 12 14:10:35 2023 vlad (Blue) [Headshot] nubly (Red)
Wed Apr 12 14:10:37 2023  Mahalo for playing aloha.pk tower of babel
Wed Apr 12 14:10:44 2023 N51 (Red) [Headshot] Pioyi (Blue)
Wed Apr 12 14:10:51 2023 Deuce26 (Blue) [Headshot] fuzko (Red)
Wed Apr 12 14:10:55 2023 [Global] fuzko (Red): wtf
Wed Apr 12 14:10:58 2023 fresh (Red) [Headshot] Lil Mago (Blue)
Wed Apr 12 14:10:59 2023 AGUACATEDULCE (Blue) [Shotgun] yubacoren (Red)
Wed Apr 12 14:11:01 2023 some fuckin guy (Blue) [SMG] nubly (Red)
Wed Apr 12 14:11:03 2023 vlad (Blue) [Rifle] Chvxxx (Red)
Wed Apr 12 14:11:05 2023 ozf (Blue) [Headshot] fresh (Red)
Wed Apr 12 14:11:06 2023 3X3=18 (Red) [Grenade] vlad (Blue)
Wed Apr 12 14:11:07 2023  Build a tower to get the enemy's intel. Take it to your team's tent to win!
Wed Apr 12 14:11:09 2023 3X3=18 (Red) [Headshot] Lil Mago (Blue)
Wed Apr 12 14:11:15 2023 yubacoren (Red) [Headshot] some fuckin guy (Blue)
Wed Apr 12 14:11:18 2023 [Global] Deuce26 (Blue): gg
Wed Apr 12 14:11:18 2023 Player Deuce26 has left
Wed Apr 12 14:11:21 2023 3X3=18 picked up Blue's Intel.
Wed Apr 12 14:11:22 2023 N51 (Red) [Headshot] Octopute (Blue)
Wed Apr 12 14:11:25 2023 fore43 joined Blue team
Wed Apr 12 14:11:28 2023 yubacoren (Red) [Headshot] Harry (Blue)
Wed Apr 12 14:11:30 2023 Pioyi (Blue) [Headshot] Chvxxx (Red)
Wed Apr 12 14:11:31 2023 yubacoren (Red) [Headshot] Pioyi (Blue)
Wed Apr 12 14:11:33 2023 3X3=18 (Red) [Headshot] AGUACATEDULCE (Blue)
Wed Apr 12 14:11:34 2023 Octopute (Blue) [Fall]
Wed Apr 12 14:11:35 2023 loha45 (Blue) [Headshot] nubly (Red)
Wed Apr 12 14:11:37 2023  Type /HELP for info & commands
Wed Apr 12 14:11:38 2023 Monsterkiller joined Red team
Wed Apr 12 14:11:38 2023 fuzko (Red) [Headshot] ozf (Blue)
Wed Apr 12 14:11:41 2023 loha45 (Blue) [Headshot] maticraftgamer (Red)
Wed Apr 12 14:11:41 2023 Harry (Blue) [Fall]
Wed Apr 12 14:11:44 2023 Octopute (Blue) [Fall]
Wed Apr 12 14:11:44 2023 loha45 (Blue) [Headshot] fuzko (Red)
Wed Apr 12 14:11:48 2023 3X3=18 dropped Blue's Intel
Wed Apr 12 14:11:48 2023  The intel has returned to the heavens
Wed Apr 12 14:11:48 2023 3X3=18 (Red) [Fall]
Wed Apr 12 14:11:52 2023 Lil Mago (Blue) [Headshot] Monsterkiller (Red)
Wed Apr 12 14:11:53 2023 fore43 (Blue) [Headshot] Lavoid (Red)
Wed Apr 12 14:11:56 2023 N51 (Red) [Headshot] loha45 (Blue)
Wed Apr 12 14:12:05 2023 Harry (Blue) [Fall]
Wed Apr 12 14:12:07 2023 N51 (Red) [Headshot] vlad (Blue)
Wed Apr 12 14:12:07 2023  Visit our community forums at https://aloha.pk/
Wed Apr 12 14:12:07 2023 fore43 (Blue) [Headshot] yubacoren (Red)
Wed Apr 12 14:12:17 2023 Lil Mago (Blue) [Headshot] Monsterkiller (Red)
Wed Apr 12 14:12:17 2023 Octopute (Blue) [Headshot] Lavoid (Red)
Wed Apr 12 14:12:18 2023 Pioyi (Blue) [Rifle] N51 (Red)
Wed Apr 12 14:12:23 2023 ozf (Blue) [Rifle] fresh (Red)
Wed Apr 12 14:12:26 2023 ozf (Blue) [Headshot] Chvxxx (Red)
Wed Apr 12 14:12:30 2023 yubacoren (Red) [Headshot] fore43 (Blue)
Wed Apr 12 14:12:31 2023 Lil Mago (Blue) [Headshot] yubacoren (Red)
Wed Apr 12 14:12:31 2023 Lil Mago (Blue) [Rifle] nubly (Red)
Wed Apr 12 14:12:31 2023 vlad (Blue) [Weapon Change]
Wed Apr 12 14:12:32 2023 maticraftgamer (Red) [Headshot] Pioyi (Blue)
Wed Apr 12 14:12:37 2023  Come chat with us at https://discord.aloha.pk/
Wed Apr 12 14:12:45 2023 Octopute (Blue) [SMG] nubly (Red)
Wed Apr 12 14:12:46 2023 fuzko (Red) [Headshot] Lil Mago (Blue)
Wed Apr 12 14:12:46 2023 fore43 (Blue) [Rifle] 3X3=18 (Red)
Wed Apr 12 14:12:49 2023 Harry (Blue) [Rifle] Lavoid (Red)
Wed Apr 12 14:12:50 2023 ozf (Blue) [Headshot] N51 (Red)
Wed Apr 12 14:12:52 2023 fuzko (Red) [Headshot] loha45 (Blue)
Wed Apr 12 14:12:55 2023 vlad (Blue) [SMG] Monsterkiller (Red)
Wed Apr 12 14:12:56 2023 yubacoren (Red) [Headshot] Harry (Blue)
Wed Apr 12 14:13:04 2023 Pioyi (Blue) [Headshot] 3X3=18 (Red)
Wed Apr 12 14:13:05 2023 maticraftgamer (Red) [Headshot] Octopute (Blue)
Wed Apr 12 14:13:07 2023  If you believe a player is breaking the rules, please let us know with /ADMIN
Wed Apr 12 14:13:09 2023 Pioyi (Blue) [Headshot] N51 (Red)
Wed Apr 12 14:13:10 2023 Chvxxx (Red) [Headshot] ozf (Blue)
Wed Apr 12 14:13:10 2023 Pioyi (Blue) [Headshot] maticraftgamer (Red)
Wed Apr 12 14:13:13 2023 Pioyi (Blue) [Headshot] yubacoren (Red)
Wed Apr 12 14:13:13 2023 >>>The LoraK joined Red team
Wed Apr 12 14:13:13 2023 Monsterkiller (Red) [Headshot] Pioyi (Blue)
Wed Apr 12 14:13:15 2023 fresh (Red) [Rifle] vlad (Blue)
Wed Apr 12 14:13:18 2023 AGUACATEDULCE (Blue) [Headshot] Monsterkiller (Red)
Wed Apr 12 14:13:19 2023 [Global] Pioyi (Blue): FOUR KILLS IN A ROW
Wed Apr 12 14:13:22 2023 3X3=18 (Red) [Headshot] AGUACATEDULCE (Blue)
Wed Apr 12 14:13:22 2023 Player Monsterkiller has left
Wed Apr 12 14:13:23 2023 fore43 (Blue) [Headshot] Chvxxx (Red)
Wed Apr 12 14:13:24 2023 loha45 (Blue) [SMG] nubly (Red)
Wed Apr 12 14:13:27 2023 fore43 (Blue) [Headshot] fresh (Red)
Wed Apr 12 14:13:27 2023 N51 (Red) [Rifle] loha45 (Blue)
Wed Apr 12 14:13:31 2023 Harry (Blue) [Headshot] 3X3=18 (Red)
Wed Apr 12 14:13:37 2023  Mahalo for playing aloha.pk tower of babel
Wed Apr 12 14:13:38 2023 Harry (Blue) [Rifle] maticraftgamer (Red)
Wed Apr 12 14:13:43 2023 [Global] Pioyi (Blue): Headshots, that is
Wed Apr 12 14:13:45 2023 fuzko (Red) [Headshot] fore43 (Blue)
Wed Apr 12 14:13:45 2023 yubacoren (Red) [Headshot] some fuckin guy (Blue)
Wed Apr 12 14:13:48 2023 Harry (Blue) [Rifle] fuzko (Red)
Wed Apr 12 14:13:49 2023 yubacoren (Red) [Headshot] Lil Mago (Blue)
Wed Apr 12 14:13:49 2023 Chvxxx (Red) [Headshot] ozf (Blue)
Wed Apr 12 14:13:50 2023 N51 (Red) [Headshot] Harry (Blue)
Wed Apr 12 14:13:51 2023 yubacoren (Red) [SMG] Octopute (Blue)
Wed Apr 12 14:13:54 2023 fresh (Red) [Headshot] vlad (Blue)
Wed Apr 12 14:13:57 2023 yubacoren (Red) [Headshot] Pioyi (Blue)
Wed Apr 12 14:14:00 2023 >>>The LoraK (Red) [Headshot] AGUACATEDULCE (Blue)
Wed Apr 12 14:14:03 2023 fresh (Red) [Headshot] loha45 (Blue)
Wed Apr 12 14:14:03 2023 yubacoren (Red) [SMG] Pioyi (Blue)
Wed Apr 12 14:14:05 2023 Player vlad has left
Wed Apr 12 14:14:07 2023  some fuckin guy has reached 1000 blocks placed! /heaven unlocked.
Wed Apr 12 14:14:07 2023  Build a tower to get the enemy's intel. Take it to your team's tent to win!
Wed Apr 12 14:14:09 2023 yubacoren (Red) [Headshot] fore43 (Blue)
Wed Apr 12 14:14:11 2023 AGUACATEDULCE (Blue) [Shotgun] maticraftgamer (Red)
Wed Apr 12 14:14:11 2023 yubacoren (Red) [SMG] AGUACATEDULCE (Blue)
Wed Apr 12 14:14:13 2023 yubacoren (Red) [SMG] ozf (Blue)
Wed Apr 12 14:14:14 2023 Harry (Blue) [Headshot] 3X3=18 (Red)
Wed Apr 12 14:14:17 2023 yubacoren (Red) [Headshot] Lil Mago (Blue)
Wed Apr 12 14:14:17 2023 >>>The LoraK (Red) [Rifle] Harry (Blue)
Wed Apr 12 14:14:22 2023 yubacoren (Red) [Headshot] loha45 (Blue)
Wed Apr 12 14:14:23 2023 yubacoren (Red) [SMG] fore43 (Blue)
Wed Apr 12 14:14:24 2023 nubly (Red) [Headshot] Pioyi (Blue)
Wed Apr 12 14:14:27 2023 [Global] nubly (Red): SSSSS
Wed Apr 12 14:14:28 2023 yubacoren (Red) [Headshot] Octopute (Blue)
Wed Apr 12 14:14:30 2023 ozf (Blue) [Fall]
Wed Apr 12 14:14:30 2023 some fuckin guy (Blue) [Headshot] fresh (Red)
Wed Apr 12 14:14:33 2023 yubacoren (Red) [Headshot] Lil Mago (Blue)
Wed Apr 12 14:14:35 2023 yubacoren (Red) [SMG] Pioyi (Blue)
Wed Apr 12 14:14:35 2023 fore43 (Blue) [Headshot] yubacoren (Red)
Wed Apr 12 14:14:37 2023  Type /HELP for info & commands
Wed Apr 12 14:14:38 2023 N51 (Red) [Headshot] AGUACATEDULCE (Blue)
Wed Apr 12 14:14:38 2023 loha45 (Blue) [SMG] nubly (Red)
Wed Apr 12 14:14:38 2023 [Global] Pioyi (Blue): SS
Wed Apr 12 14:14:44 2023 fore43 (Blue) [Headshot] >>>The LoraK (Red)
Wed Apr 12 14:14:49 2023 Harry (Blue) [Headshot] maticraftgamer (Red)
Wed Apr 12 14:14:51 2023 Viruss joined Blue team
Wed Apr 12 14:14:54 2023 N51 (Red) [Headshot] Harry (Blue)
Wed Apr 12 14:14:57 2023 vlad joined Blue team
Wed Apr 12 14:15:05 2023 3X3=18 (Red) [Headshot] loha45 (Blue)
Wed Apr 12 14:15:06 2023 ozf (Blue) [Fall]
Wed Apr 12 14:15:07 2023  Visit our community forums at https://aloha.pk/
Wed Apr 12 14:15:08 2023 N51 (Red) [Rifle] Lil Mago (Blue)
Wed Apr 12 14:15:09 2023 Harry (Blue) [Headshot] 3X3=18 (Red)
Wed Apr 12 14:15:13 2023 yubacoren (Red) [SMG] Harry (Blue)
Wed Apr 12 14:15:14 2023 Octopute (Blue) [SMG] maticraftgamer (Red)
Wed Apr 12 14:15:14 2023 yubacoren (Red) [Headshot] loha45 (Blue)
Wed Apr 12 14:15:15 2023 ozf (Blue) [Weapon Change]
Wed Apr 12 14:15:15 2023 fore43 (Blue) [Headshot] N51 (Red)
Wed Apr 12 14:15:16 2023 Octopute (Blue) [Headshot] Lavoid (Red)
Wed Apr 12 14:15:18 2023 Octopute (Blue) [SMG] nubly (Red)
Wed Apr 12 14:15:18 2023 Player loha45 has left
Wed Apr 12 14:15:19 2023 yubacoren (Red) [Headshot] Octopute (Blue)
Wed Apr 12 14:15:23 2023 yubacoren (Red) [Headshot] fore43 (Blue)
Wed Apr 12 14:15:28 2023 Lil Mago (Blue) [Rifle]
Wed Apr 12 14:15:29 2023 Harry (Blue) [Headshot] yubacoren (Red)
Wed Apr 12 14:15:30 2023 Pioyi (Blue) [Headshot] Lavoid (Red)
Wed Apr 12 14:15:30 2023 N51 (Red) [Headshot] Pioyi (Blue)
Wed Apr 12 14:15:33 2023 fore43 (Blue) [Headshot] >>>The LoraK (Red)
Wed Apr 12 14:15:36 2023 fore43 (Blue) [Headshot] 3X3=18 (Red)
Wed Apr 12 14:15:37 2023  Come chat with us at https://discord.aloha.pk/
Wed Apr 12 14:15:46 2023 maticraftgamer (Red) [Headshot] Viruss (Blue)
Wed Apr 12 14:15:49 2023 Player Viruss has left
Wed Apr 12 14:15:52 2023 vlad (Blue) [Headshot] maticraftgamer (Red)
Wed Apr 12 14:15:58 2023 Player maticraftgamer has left
Wed Apr 12 14:15:59 2023 vlad (Blue) [Headshot] N51 (Red)
Wed Apr 12 14:16:01 2023 fore43 (Blue) [Fall]
Wed Apr 12 14:16:01 2023 yubacoren (Red) [Headshot] vlad (Blue)
Wed Apr 12 14:16:03 2023 Harry (Blue) [Headshot] >>>The LoraK (Red)
Wed Apr 12 14:16:04 2023 yubacoren (Red) [Headshot] ozf (Blue)
Wed Apr 12 14:16:07 2023 fresh (Red) [Headshot] Harry (Blue)
Wed Apr 12 14:16:07 2023  If you believe a player is breaking the rules, please let us know with /ADMIN
Wed Apr 12 14:16:08 2023 [Global] Pioyi (Blue): SLAVA UKRAINA
Wed Apr 12 14:16:11 2023 yubacoren (Red) [Headshot] Octopute (Blue)
Wed Apr 12 14:16:13 2023 Pioyi picked up Red's Intel.
Wed Apr 12 14:16:24 2023 Pioyi dropped Red's Intel
Wed Apr 12 14:16:24 2023  The intel has returned to the heavens
Wed Apr 12 14:16:24 2023 yubacoren (Red) [Headshot] Pioyi (Blue)
Wed Apr 12 14:16:28 2023 butterbrot joined Blue team
Wed Apr 12 14:16:30 2023 Tankista joined Blue team
Wed Apr 12 14:16:31 2023 Harry (Blue) [Headshot] >>>The LoraK (Red)
Wed Apr 12 14:16:31 2023 some fuckin guy (Blue) [Headshot] 3X3=18 (Red)
Wed Apr 12 14:16:32 2023 yubacoren (Red) [Headshot] ozf (Blue)
Wed Apr 12 14:16:35 2023 vlad (Blue) [SMG] yubacoren (Red)
Wed Apr 12 14:16:36 2023 Chvxxx (Red) [Headshot] AGUACATEDULCE (Blue)
Wed Apr 12 14:16:37 2023  Mahalo for playing aloha.pk tower of babel
Wed Apr 12 14:16:45 2023 some fuckin guy picked up Red's Intel.
Wed Apr 12 14:16:47 2023 Harry (Blue) [Headshot] 3X3=18 (Red)
Wed Apr 12 14:16:56 2023 vlad (Blue) [Headshot] >>>The LoraK (Red)
Wed Apr 12 14:16:58 2023 Viruss joined Red team
Wed Apr 12 14:17:03 2023 Harry (Blue) [Headshot] Lavoid (Red)
Wed Apr 12 14:17:07 2023  Build a tower to get the enemy's intel. Take it to your team's tent to win!
Wed Apr 12 14:17:09 2023 some fuckin guy captured Red's Intel.
Wed Apr 12 14:17:10 2023 vlad (Blue) [Headshot] N51 (Red)
Wed Apr 12 14:17:11 2023 Tankista picked up Red's Intel.
Wed Apr 12 14:17:12 2023 yubacoren (Red) [Headshot] Octopute (Blue)
Wed Apr 12 14:17:13 2023 fore43 (Blue) [Headshot] nubly (Red)
Wed Apr 12 14:17:14 2023 AGUACATEDULCE (Blue) [Grenade] fresh (Red)
Wed Apr 12 14:17:16 2023 Tankista dropped Red's Intel
Wed Apr 12 14:17:16 2023 yubacoren (Red) [SMG] Tankista (Blue)
Wed Apr 12 14:17:16 2023 butterbrot (Blue) [Headshot] yubacoren (Red)
Wed Apr 12 14:17:17 2023 fore43 (Blue) [Headshot] Chvxxx (Red)
Wed Apr 12 14:17:22 2023 >>>The LoraK (Red) [Headshot] AGUACATEDULCE (Blue)
Wed Apr 12 14:17:27 2023 fore43 (Blue) [Headshot] 3X3=18 (Red)
Wed Apr 12 14:17:32 2023 Pioyi picked up Red's Intel.
Wed Apr 12 14:17:34 2023 fuzko (Red) [SMG] fore43 (Blue)
Wed Apr 12 14:17:34 2023 Harry (Blue) [Headshot] nubly (Red)
Wed Apr 12 14:17:35 2023 Pioyi dropped Red's Intel
Wed Apr 12 14:17:35 2023 yubacoren (Red) [Headshot] Pioyi (Blue)
Wed Apr 12 14:17:35 2023 Harry (Blue) [Headshot] fuzko (Red)
Wed Apr 12 14:17:37 2023  Type /HELP for info & commands
Wed Apr 12 14:17:39 2023 You must be closer to the enemy's base to shoot blocks!
Wed Apr 12 14:17:41 2023 You must be closer to the enemy's base to shoot blocks!
Wed Apr 12 14:17:41 2023 Lil Mago picked up Red's Intel.
Wed Apr 12 14:17:41 2023 You must be closer to the enemy's base to shoot blocks!
Wed Apr 12 14:17:48 2023 Lil Mago dropped Red's Intel
Wed Apr 12 14:17:48 2023  The intel has returned to the heavens
Wed Apr 12 14:17:48 2023 yubacoren (Red) [Rifle] Lil Mago (Blue)
Wed Apr 12 14:17:50 2023 srg joined Red team
Wed Apr 12 14:17:50 2023 N51 (Red) [Headshot] ozf (Blue)
Wed Apr 12 14:17:51 2023 butterbrot picked up Red's Intel.
Wed Apr 12 14:17:53 2023 Octopute (Blue) [SMG] nubly (Red)
Wed Apr 12 14:17:53 2023 butterbrot dropped Red's Intel
Wed Apr 12 14:17:53 2023 yubacoren (Red) [Rifle] butterbrot (Blue)
Wed Apr 12 14:17:56 2023 fuzko (Red) [Headshot] Tankista (Blue)
Wed Apr 12 14:17:57 2023 fuzko (Red) [SMG] Harry (Blue)
Wed Apr 12 14:17:58 2023 >>>The LoraK (Red) [Headshot] fore43 (Blue)
Wed Apr 12 14:18:00 2023 Octopute (Blue) [Grenade] fuzko (Red)
Wed Apr 12 14:18:02 2023 Octopute (Blue) [Headshot] yubacoren (Red)
Wed Apr 12 14:18:03 2023 Octopute (Blue) [Headshot] srg (Red)
Wed Apr 12 14:18:05 2023 fuzko (Red) [Headshot] Octopute (Blue)
Wed Apr 12 14:18:05 2023 Pioyi picked up Red's Intel.
Wed Apr 12 14:18:05 2023 Disconnecting
