Tue Apr 11 13:31:52 2023 ------ World Loaded ------
Tue Apr 11 13:31:52 2023 jo (Red) [Headshot] Itschi (Blue)
Tue Apr 11 13:31:52 2023 schpinavets (Blue) [SMG] jo (Red)
Tue Apr 11 13:31:52 2023 Player jo has left
Tue Apr 11 13:31:52 2023 lord_imrahil (Blue) [Headshot] Squawk (Red)
Tue Apr 11 13:31:52 2023 Welcome to aloha.pk tower of babel
Tue Apr 11 13:31:53 2023 Map: holes nonflat by izzy, modified by Danke
Tue Apr 11 13:31:55 2023 schpinavets (Blue) [Headshot] Groszek (Red)
Tue Apr 11 13:31:55 2023 Game mode: Tower of Babel by Yourself, modified by izzy
Tue Apr 11 13:31:57 2023 Build a tower to get the enemy's intel. Take it to your team's tent to win!
Tue Apr 11 13:31:59 2023 lord_imrahil (Blue) [SMG] I2I (Red)
Tue Apr 11 13:31:59 2023 [Team] Groszek (Red): lef t
Tue Apr 11 13:31:59 2023 schpinavets (Blue) [SMG] X Techno Pro (Red)
Tue Apr 11 13:31:59 2023 Visit our community forums at https://aloha.pk/
Tue Apr 11 13:32:01 2023 Come chat with us at https://discord.aloha.pk/
Tue Apr 11 13:32:02 2023 schpinavets (Blue) [SMG] DEVIL (Red)
Tue Apr 11 13:32:10 2023 schpinavets (Blue) [Headshot] X Techno Pro (Red)
Tue Apr 11 13:32:21 2023  Type /HELP for info & commands
Tue Apr 11 13:32:22 2023 Groszek (Red) [Headshot] schpinavets (Blue)
Tue Apr 11 13:32:23 2023 Player DEVIL has left
Tue Apr 11 13:32:28 2023 Groszek (Red) [Rifle] Stepan (Blue)
Tue Apr 11 13:32:32 2023 Groszek (Red) [Headshot] Itschi (Blue)
Tue Apr 11 13:32:34 2023 lord_imrahil (Blue) [SMG] I2I (Red)
Tue Apr 11 13:32:40 2023 Squawk (Red) [Headshot] lord_imrahil (Blue)
Tue Apr 11 13:32:49 2023 schpinavets (Blue) [Headshot] Harry (Red)
Tue Apr 11 13:32:50 2023 X Techno Pro (Red) [Rifle] schpinavets (Blue)
Tue Apr 11 13:32:51 2023  Visit our community forums at https://aloha.pk/
Tue Apr 11 13:32:53 2023 Disconnecting
