Mon Aug  7 23:04:09 2023 ------ World Loaded ------
Mon Aug  7 23:04:09 2023 SMG noob (Red) [Headshot] jtute (Blue)
Mon Aug  7 23:04:09 2023 Welcome to aloha.pk tower of babel
Mon Aug  7 23:04:10 2023 Map: bridgeyard by Danke
Mon Aug  7 23:04:10 2023 BijiMustardGas (Red) [Rifle]
Mon Aug  7 23:04:12 2023 Game mode: Tower of Babel by Yourself, modified by izzy
Mon Aug  7 23:04:13 2023 Balde (Blue) [SMG] ophzin (Red)
Mon Aug  7 23:04:14 2023 Build a tower to get the enemy's intel. Take it to your team's tent to win!
Mon Aug  7 23:04:16 2023 elpatagonias (Red) [SMG]
Mon Aug  7 23:04:16 2023 Visit our community forums at https://aloha.pk/
Mon Aug  7 23:04:18 2023 Come chat with us at https://discord.aloha.pk/
Mon Aug  7 23:04:22 2023  Come chat with us at https://discord.aloha.pk/
Mon Aug  7 23:04:22 2023 [Global] elpatagonias (Red): i took down 1 bridge
Mon Aug  7 23:04:23 2023 pogger (Blue) [Headshot] BijiMustardGas (Red)
Mon Aug  7 23:04:24 2023 snoop (Blue) [Headshot] Vagabond (Red)
Mon Aug  7 23:04:30 2023 pogger (Blue) [SMG] The Mole (Red)
Mon Aug  7 23:04:38 2023 [Global] Vagabond (Red): u what
Mon Aug  7 23:04:39 2023 ophzin (Red) [Headshot] snoop (Blue)
Mon Aug  7 23:04:45 2023 elpatagonias (Red) [SMG] jtute (Blue)
Mon Aug  7 23:04:48 2023 Harry (Blue) [Headshot] Vagabond (Red)
Mon Aug  7 23:04:49 2023 Harry (Blue) [Headshot] ophzin (Red)
Mon Aug  7 23:04:50 2023 snoop (Blue) [Team Change]
Mon Aug  7 23:04:50 2023 Chyno (Blue) [Headshot] Vagabond (Red)
Mon Aug  7 23:04:52 2023 [Global] Vagabond (Red): hey harry
Mon Aug  7 23:04:52 2023  If you believe a player is breaking the rules, please let us know with /ADMIN
Mon Aug  7 23:05:00 2023 Harry (Blue) [Headshot] BijiMustardGas (Red)
Mon Aug  7 23:05:00 2023 snoop joined Red team
Mon Aug  7 23:05:03 2023 Balde (Blue) [Fall]
Mon Aug  7 23:05:04 2023 Chyno (Blue) [Headshot] ophzin (Red)
Mon Aug  7 23:05:05 2023 Vagabond (Red) [Headshot] pogger (Blue)
Mon Aug  7 23:05:11 2023 [Global] pogger (Blue): i had half clip xd
Mon Aug  7 23:05:13 2023 jtute (Blue) [Headshot] elpatagonias (Red)
Mon Aug  7 23:05:15 2023 BijiMustardGas (Red) [Weapon Change]
Mon Aug  7 23:05:16 2023 SMG noob (Red) [SMG] jtute (Blue)
Mon Aug  7 23:05:22 2023  Mahalo for playing aloha.pk tower of babel
Mon Aug  7 23:05:23 2023 Harry (Blue) [Rifle] The Mole (Red)
Mon Aug  7 23:05:25 2023 bilboswaggins (Red) [Headshot] pogger (Blue)
Mon Aug  7 23:05:27 2023 [Global] Vagabond (Red): seek n destroy
Mon Aug  7 23:05:31 2023 Harry (Blue) [Headshot] BijiMustardGas (Red)
Mon Aug  7 23:05:33 2023 bilboswaggins picked up Blue's Intel.
Mon Aug  7 23:05:42 2023 ophzin (Red) [Headshot] Harry (Blue)
Mon Aug  7 23:05:44 2023 Gigaman (Blue) [Headshot] ophzin (Red)
Mon Aug  7 23:05:45 2023 snoop (Red) [Rifle] jtute (Blue)
Mon Aug  7 23:05:45 2023 [Global] pogger (Blue): aos feels extra smooth today
Mon Aug  7 23:05:47 2023 BijiMustardGas (Red) [Shotgun] Balde (Blue)
Mon Aug  7 23:05:52 2023  Build a tower to get the enemy's intel. Take it to your team's tent to win!
Mon Aug  7 23:05:57 2023 elpatagonias (Red) [Fall]
Mon Aug  7 23:05:59 2023 Harry (Blue) [Headshot] Vagabond (Red)
Mon Aug  7 23:06:00 2023 bilboswaggins captured Blue's Intel.
Mon Aug  7 23:06:00 2023  With 2077 blocks placed, The Mole is granted the right to unleash the apocalypse.
Mon Aug  7 23:06:04 2023  The Mole has unleashed an apocalypse from God.
Mon Aug  7 23:06:04 2023 SMG noob (Red) [SMG] jtute (Blue)
Mon Aug  7 23:06:06 2023  The apocalypse begins in 5
Mon Aug  7 23:06:07 2023  The apocalypse begins in 4
Mon Aug  7 23:06:08 2023 Gigaman (Blue) [Rifle] BijiMustardGas (Red)
Mon Aug  7 23:06:08 2023  The apocalypse begins in 3
Mon Aug  7 23:06:09 2023  The apocalypse begins in 2
Mon Aug  7 23:06:10 2023  The apocalypse begins in 1
Mon Aug  7 23:06:10 2023 pogger (Blue) [SMG] ophzin (Red)
Mon Aug  7 23:06:15 2023 SMG noob (Red) [Headshot] jtute (Blue)
Mon Aug  7 23:06:22 2023  Type /HELP for info & commands
Mon Aug  7 23:06:23 2023 Player jtute has left
Mon Aug  7 23:06:24 2023  The apocalypse has ended.
Mon Aug  7 23:06:31 2023 BijiMustardGas (Red) [Shotgun] pogger (Blue)
Mon Aug  7 23:06:33 2023 Harry (Blue) [Headshot] ophzin (Red)
Mon Aug  7 23:06:35 2023 Gigaman (Blue) [Headshot] BijiMustardGas (Red)
Mon Aug  7 23:06:37 2023 Player w has left
Mon Aug  7 23:06:41 2023 SMG noob (Red) [Headshot] pogger (Blue)
Mon Aug  7 23:06:46 2023 BijiMustardGas (Red) [Shotgun] Gigaman (Blue)
Mon Aug  7 23:06:51 2023 pogger (Blue) [Headshot] SMG noob (Red)
Mon Aug  7 23:06:52 2023  Visit our community forums at https://aloha.pk/
Mon Aug  7 23:06:57 2023 pogger (Blue) [Headshot] snoop (Red)
Mon Aug  7 23:06:57 2023 Harry (Blue) [Headshot] elpatagonias (Red)
Mon Aug  7 23:07:01 2023 Player SMG noob has left
Mon Aug  7 23:07:02 2023 Harry (Blue) [Headshot] BijiMustardGas (Red)
Mon Aug  7 23:07:04 2023 ophzin (Red) [Headshot] Harry (Blue)
Mon Aug  7 23:07:20 2023 Vagabond (Red) [Rifle] Gigaman (Blue)
Mon Aug  7 23:07:21 2023 snoop picked up Blue's Intel.
Mon Aug  7 23:07:22 2023 pogger (Blue) [Headshot] ophzin (Red)
Mon Aug  7 23:07:22 2023  Come chat with us at https://discord.aloha.pk/
Mon Aug  7 23:07:26 2023 Vagabond (Red) [Fall]
Mon Aug  7 23:07:31 2023 Pala joined Blue team
Mon Aug  7 23:07:32 2023 Player Gigaman has left
Mon Aug  7 23:07:40 2023 Player Pala has left
Mon Aug  7 23:07:45 2023 snoop captured Blue's Intel.
Mon Aug  7 23:07:52 2023  If you believe a player is breaking the rules, please let us know with /ADMIN
Mon Aug  7 23:07:53 2023 Rifle joined Blue team
Mon Aug  7 23:07:56 2023 bilboswaggins picked up Blue's Intel.
Mon Aug  7 23:07:58 2023 pogger (Blue) [Headshot] snoop (Red)
Mon Aug  7 23:08:01 2023 The Mole (Red) [Fall]
Mon Aug  7 23:08:04 2023 snoop (Red) [Headshot] pogger (Blue)
Mon Aug  7 23:08:04 2023 ophzin (Red) [Rifle]
Mon Aug  7 23:08:05 2023 elpatagonias (Red) [SMG]
Mon Aug  7 23:08:11 2023 bilboswaggins dropped Blue's Intel
Mon Aug  7 23:08:11 2023  The intel has returned to the heavens
Mon Aug  7 23:08:11 2023 Harry (Blue) [Headshot] bilboswaggins (Red)
Mon Aug  7 23:08:16 2023 [Team] Balde (Blue): slow red down. im about to break red tower. dont let red cap
Mon Aug  7 23:08:16 2023 Rifle (Blue) [Fall]
Mon Aug  7 23:08:20 2023 Player Rifle has left
Mon Aug  7 23:08:20 2023 Harry (Blue) [Headshot] Vagabond (Red)
Mon Aug  7 23:08:21 2023 [Team] pogger (Blue): ight
Mon Aug  7 23:08:22 2023  Mahalo for playing aloha.pk tower of babel
Mon Aug  7 23:08:28 2023 [Team] Balde (Blue): distract them. im about to break it
Mon Aug  7 23:08:35 2023 pogger (Blue) [SMG] elpatagonias (Red)
Mon Aug  7 23:08:38 2023 Harry (Blue) [Headshot] Vagabond (Red)
Mon Aug  7 23:08:39 2023 bilboswaggins (Red) [Rifle] Harry (Blue)
Mon Aug  7 23:08:40 2023 ophzin (Red) [Headshot] pogger (Blue)
Mon Aug  7 23:08:43 2023 [Global] pogger (Blue): f
Mon Aug  7 23:08:51 2023 bilboswaggins picked up Blue's Intel.
Mon Aug  7 23:08:52 2023  Build a tower to get the enemy's intel. Take it to your team's tent to win!
Mon Aug  7 23:08:56 2023 [Team] pogger (Blue): their breaking the bridge too
Mon Aug  7 23:09:11 2023 pogger (Blue) [SMG] snoop (Red)
Mon Aug  7 23:09:19 2023 BijiMustardGas (Red) [Shotgun]
Mon Aug  7 23:09:20 2023 bilboswaggins captured Blue's Intel.
Mon Aug  7 23:09:22 2023  Type /HELP for info & commands
Mon Aug  7 23:09:25 2023 pogger (Blue) [Headshot] ophzin (Red)
Mon Aug  7 23:09:39 2023 snoop (Red) [Headshot] pogger (Blue)
Mon Aug  7 23:09:45 2023 Harry (Blue) [Headshot] ophzin (Red)
Mon Aug  7 23:09:46 2023 [Global] pogger (Blue): snoop u suck xd
Mon Aug  7 23:09:52 2023  Visit our community forums at https://aloha.pk/
Mon Aug  7 23:09:53 2023 elpatagonias (Red) [SMG] Harry (Blue)
Mon Aug  7 23:09:53 2023 [Global] snoop (Red): lol
Mon Aug  7 23:10:00 2023 pogger (Blue) [Headshot] snoop (Red)
Mon Aug  7 23:10:01 2023 bilboswaggins (Red) [Melee] Balde (Blue)
Mon Aug  7 23:10:07 2023 [Global] Balde (Blue): slow red down. im about to break red tower. dont let red cap
Mon Aug  7 23:10:09 2023 [Global] Balde (Blue): distract them. im about to break it
Mon Aug  7 23:10:10 2023 [Global] snoop (Red): xd
Mon Aug  7 23:10:10 2023 BijiMustardGas (Red) [Shotgun]
Mon Aug  7 23:10:19 2023 elpatagonias (Red) [Headshot] pogger (Blue)
Mon Aug  7 23:10:21 2023 Vagabond (Red) [Rifle]
Mon Aug  7 23:10:22 2023  Come chat with us at https://discord.aloha.pk/
Mon Aug  7 23:10:27 2023 [Global] Vagabond (Red): xd
Mon Aug  7 23:10:32 2023 [Global] Balde (Blue): slow red down. im about to break red tower. dont let red cap
Mon Aug  7 23:10:41 2023 Harry (Blue) [Headshot] ophzin (Red)
Mon Aug  7 23:10:44 2023 snoop (Red) [Grenade] pogger (Blue)
Mon Aug  7 23:10:45 2023 Harry (Blue) [Headshot] snoop (Red)
Mon Aug  7 23:10:49 2023 BijiMustardGas (Red) [Shotgun]
Mon Aug  7 23:10:52 2023  If you believe a player is breaking the rules, please let us know with /ADMIN
Mon Aug  7 23:11:02 2023 Harry (Blue) [Headshot] snoop (Red)
Mon Aug  7 23:11:12 2023 Harry (Blue) [Headshot] ophzin (Red)
Mon Aug  7 23:11:18 2023 BijiMustardGas (Red) [Shotgun] Harry (Blue)
Mon Aug  7 23:11:18 2023 pogger (Blue) [SMG]
Mon Aug  7 23:11:21 2023 Vagabond picked up Blue's Intel.
Mon Aug  7 23:11:22 2023  Mahalo for playing aloha.pk tower of babel
Mon Aug  7 23:11:40 2023 pogger (Blue) [SMG] snoop (Red)
Mon Aug  7 23:11:47 2023 Vagabond captured Blue's Intel.
Mon Aug  7 23:11:49 2023 BijiMustardGas (Red) [Shotgun]
Mon Aug  7 23:11:52 2023  Build a tower to get the enemy's intel. Take it to your team's tent to win!
Mon Aug  7 23:11:54 2023 pogger (Blue) [Headshot] elpatagonias (Red)
Mon Aug  7 23:11:55 2023 Harry (Blue) [Headshot] ophzin (Red)
Mon Aug  7 23:11:57 2023 TangaLoca joined Blue team
Mon Aug  7 23:11:59 2023 [Global] TangaLoca (Blue): Hola
Mon Aug  7 23:12:03 2023 [Global] Vagabond (Red): gg
Mon Aug  7 23:12:04 2023 [Global] elpatagonias (Red): HOLA TANGA
Mon Aug  7 23:12:05 2023 Balde (Blue) [Headshot] BijiMustardGas (Red)
Mon Aug  7 23:12:05 2023 [Global] Vagabond (Red): HOLA
Mon Aug  7 23:12:07 2023 Balde (Blue) [Headshot] ophzin (Red)
Mon Aug  7 23:12:07 2023 snoop (Red) [SMG] Balde (Blue)
Mon Aug  7 23:12:10 2023 Chyno (Blue) [Headshot] elpatagonias (Red)
Mon Aug  7 23:12:11 2023 Harry (Blue) [Headshot] Vagabond (Red)
Mon Aug  7 23:12:13 2023 [Global] Balde (Blue): slow red down. im about to break red tower. dont let red cap
Mon Aug  7 23:12:13 2023 William joined Blue team
Mon Aug  7 23:12:16 2023 [Global] TangaLoca (Blue): que pasa con los pibee
Mon Aug  7 23:12:17 2023 pogger (Blue) [SMG] snoop (Red)
Mon Aug  7 23:12:21 2023 Harry (Blue) [Rifle] ophzin (Red)
Mon Aug  7 23:12:22 2023  Type /HELP for info & commands
Mon Aug  7 23:12:22 2023 The Mole (Red) [Fall]
Mon Aug  7 23:12:23 2023 elpatagonias (Red) [SMG] Harry (Blue)
Mon Aug  7 23:12:23 2023 [Global] Vagabond (Red): harry ja pierdole amigo, get out
Mon Aug  7 23:12:28 2023 elpatagonias (Red) [Headshot] pogger (Blue)
Mon Aug  7 23:12:32 2023 Balde (Blue) [Team Change]
Mon Aug  7 23:12:36 2023 Balde joined Red team
Mon Aug  7 23:12:37 2023 elpatagonias (Red) [Grenade]
Mon Aug  7 23:12:40 2023 Chyno (Blue) [Headshot] Balde (Red)
Mon Aug  7 23:12:43 2023 Vagabond picked up Blue's Intel.
Mon Aug  7 23:12:46 2023 [Global] elpatagonias (Red): triste porque vendieron a Beltran
Mon Aug  7 23:12:52 2023  Visit our community forums at https://aloha.pk/
Mon Aug  7 23:12:53 2023 [Global] TangaLoca (Blue): jajajaj ke
Mon Aug  7 23:12:53 2023 Player pogger has left
Mon Aug  7 23:12:55 2023 BijiMustardGas (Red) [Shotgun]
Mon Aug  7 23:12:56 2023 Vagabond (Red) [Headshot] Harry (Blue)
Mon Aug  7 23:12:58 2023 [Global] elpatagonias (Red): si unos hdps
Mon Aug  7 23:13:03 2023 [Global] elpatagonias (Red): lo vendieron al fiorentina
Mon Aug  7 23:13:04 2023 ophzin (Red) [Rifle] Harry (Blue)
Mon Aug  7 23:13:07 2023 snoop (Red) [SMG] TangaLoca (Blue)
Mon Aug  7 23:13:15 2023 elpatagonias (Red) [Headshot] William (Blue)
Mon Aug  7 23:13:16 2023 [Global] Vagabond (Red): que isso
Mon Aug  7 23:13:21 2023 Vagabond captured Blue's Intel.
Mon Aug  7 23:13:21 2023 Balde picked up Blue's Intel.
Mon Aug  7 23:13:22 2023  Come chat with us at https://discord.aloha.pk/
Mon Aug  7 23:13:23 2023 [Global] TangaLoca (Blue): Naa unos basura
Mon Aug  7 23:13:26 2023 Balde dropped Blue's Intel
Mon Aug  7 23:13:28 2023 ophzin (Red) [Headshot] William (Blue)
Mon Aug  7 23:13:30 2023 BijiMustardGas (Red) [Fall]
Mon Aug  7 23:13:33 2023 Player BijiMustardGas has left
Mon Aug  7 23:13:34 2023 snoop (Red) [SMG] Harry (Blue)
Mon Aug  7 23:13:35 2023 snoop (Red) [Headshot] TangaLoca (Blue)
Mon Aug  7 23:13:45 2023 ophzin (Red) [Headshot] TangaLoca (Blue)
Mon Aug  7 23:13:47 2023 elpatagonias (Red) [SMG]
Mon Aug  7 23:13:47 2023 William (Blue) [Headshot] ophzin (Red)
Mon Aug  7 23:13:48 2023 Balde picked up Blue's Intel.
Mon Aug  7 23:13:51 2023 [Global] TangaLoca (Blue): ehhhh hombre
Mon Aug  7 23:13:52 2023 [Global] Vagabond (Red): why
Mon Aug  7 23:13:52 2023  If you believe a player is breaking the rules, please let us know with /ADMIN
Mon Aug  7 23:13:53 2023 [Global] elpatagonias (Red): 2 bridges destroye
Mon Aug  7 23:13:55 2023 [Global] Balde (Red): slow red down. im about to break red tower. dont let red cap
Mon Aug  7 23:13:59 2023 Balde dropped Blue's Intel
Mon Aug  7 23:14:08 2023 Balde picked up Blue's Intel.
Mon Aug  7 23:14:10 2023 [Global] Vagabond (Red): heheh
Mon Aug  7 23:14:14 2023 [Global] elpatagonias (Red): gg
Mon Aug  7 23:14:17 2023 Balde dropped Blue's Intel
Mon Aug  7 23:14:18 2023 [Global] TangaLoca (Blue): gg
Mon Aug  7 23:14:22 2023 Balde picked up Blue's Intel.
Mon Aug  7 23:14:22 2023  Mahalo for playing aloha.pk tower of babel
Mon Aug  7 23:14:23 2023 snoop (Red) [Headshot] Harry (Blue)
Mon Aug  7 23:14:27 2023 Vagabond (Red) [Headshot] William (Blue)
Mon Aug  7 23:14:28 2023 [Global] elpatagonias (Red): tangaloca vos de que cuadro sos
Mon Aug  7 23:14:37 2023 Balde dropped Blue's Intel
Mon Aug  7 23:14:38 2023 The Mole picked up Blue's Intel.
Mon Aug  7 23:14:40 2023 elpatagonias (Red) [SMG] Harry (Blue)
Mon Aug  7 23:14:40 2023 [Global] Vagabond (Red): xd
Mon Aug  7 23:14:43 2023 [Global] TangaLoca (Blue): Inde B)
Mon Aug  7 23:14:47 2023 [Global] Vagabond (Red): stupid balde player
Mon Aug  7 23:14:47 2023 [Global] TangaLoca (Blue): vos?
Mon Aug  7 23:14:50 2023 The Mole dropped Blue's Intel
Mon Aug  7 23:14:50 2023  The intel has returned to the heavens
Mon Aug  7 23:14:50 2023 Chyno (Blue) [Headshot] The Mole (Red)
Mon Aug  7 23:14:51 2023 [Global] elpatagonias (Red): river
Mon Aug  7 23:14:52 2023  Build a tower to get the enemy's intel. Take it to your team's tent to win!
Mon Aug  7 23:14:54 2023 Player Balde has left
Mon Aug  7 23:15:00 2023 elpatagonias picked up Blue's Intel.
Mon Aug  7 23:15:01 2023 snoop (Red) [Headshot] William (Blue)
Mon Aug  7 23:15:01 2023 [Global] TangaLoca (Blue): aguante el rojoooo
Mon Aug  7 23:15:09 2023 [Global] elpatagonias (Red): tambien banco al rojo igual
Mon Aug  7 23:15:22 2023 [Global] TangaLoca (Blue): algun dia volvera a ser lo que fue
Mon Aug  7 23:15:22 2023  Type /HELP for info & commands
Mon Aug  7 23:15:24 2023 Chyno (Blue) [Headshot] Vagabond (Red)
Mon Aug  7 23:15:28 2023 elpatagonias dropped Blue's Intel
Mon Aug  7 23:15:28 2023  The intel has returned to the heavens
Mon Aug  7 23:15:28 2023 Chyno (Blue) [Rifle] elpatagonias (Red)
Mon Aug  7 23:15:28 2023 Harry (Blue) [Rifle] ophzin (Red)
Mon Aug  7 23:15:33 2023 [Global] elpatagonias (Red): inmenso, 7 libertadores
Mon Aug  7 23:15:34 2023 snoop (Red) [Headshot] TangaLoca (Blue)
Mon Aug  7 23:15:37 2023 The Mole picked up Blue's Intel.
Mon Aug  7 23:15:38 2023 [Global] Vagabond (Red): MATEN EL CHINO LOL
Mon Aug  7 23:15:43 2023 [Global] Chyno (Blue): jamas
Mon Aug  7 23:15:44 2023 [Global] Chyno (Blue): xd
Mon Aug  7 23:15:52 2023  Visit our community forums at https://aloha.pk/
Mon Aug  7 23:15:53 2023 [Global] Chyno (Blue): estan locos o q?
Mon Aug  7 23:15:56 2023 [Global] elpatagonias (Red): che como se colaron los azules si no hay puentes
Mon Aug  7 23:16:03 2023 [Global] Chyno (Blue): no me vieron en toda la partida?
Mon Aug  7 23:16:06 2023 [Global] TangaLoca (Blue): River estaba para ganar mas libertadores
Mon Aug  7 23:16:09 2023 The Mole captured Blue's Intel.
Mon Aug  7 23:16:09 2023 Red Wins!
Mon Aug  7 23:16:09 2023  Game finished! Next map: ellipsis.
Mon Aug  7 23:16:11 2023 elpatagonias (Red) [SMG] William (Blue)
Mon Aug  7 23:16:11 2023 elpatagonias (Red) [SMG] William (Blue)
Mon Aug  7 23:16:11 2023 Chyno (Blue) [Headshot] ophzin (Red)
Mon Aug  7 23:16:12 2023 Harry (Blue) [Headshot] elpatagonias (Red)
Mon Aug  7 23:16:12 2023 bilboswaggins (Red) [Headshot] Harry (Blue)
Mon Aug  7 23:16:12 2023 Vagabond (Red) [Fall]
Mon Aug  7 23:16:17 2023 bilboswaggins (Red) [Rifle] Chyno (Blue)
Mon Aug  7 23:16:17 2023 TangaLoca (Blue) [Headshot] bilboswaggins (Red)
Mon Aug  7 23:16:18 2023 snoop (Red) [Headshot] TangaLoca (Blue)
Mon Aug  7 23:16:20 2023 ------ World Unloaded ------
Mon Aug  7 23:16:33 2023 ------ World Loaded ------
Mon Aug  7 23:16:33 2023 The Mole joined Red team
Mon Aug  7 23:16:33 2023 Welcome to aloha.pk tower of babel
Mon Aug  7 23:16:35 2023 Map: Ellipsis by ei8htx
Mon Aug  7 23:16:37 2023 Game mode: Tower of Babel by Yourself, modified by izzy
Mon Aug  7 23:16:37 2023 elpatagonias joined Red team
Mon Aug  7 23:16:38 2023 William joined Blue team
Mon Aug  7 23:16:39 2023 Build a tower to get the enemy's intel. Take it to your team's tent to win!
Mon Aug  7 23:16:41 2023 Visit our community forums at https://aloha.pk/
Mon Aug  7 23:16:43 2023 Come chat with us at https://discord.aloha.pk/
Mon Aug  7 23:16:45 2023 ophzin joined Blue team
Mon Aug  7 23:16:45 2023 Chyno joined Blue team
Mon Aug  7 23:16:52 2023  If you believe a player is breaking the rules, please let us know with /ADMIN
Mon Aug  7 23:16:53 2023 Harry (Blue) [Headshot] The Mole (Red)
Mon Aug  7 23:16:53 2023 snoop joined Red team
Mon Aug  7 23:17:12 2023 The Mole (Red) [SMG] ophzin (Blue)
Mon Aug  7 23:17:12 2023 TangaLoca joined Red team
Mon Aug  7 23:17:22 2023  Mahalo for playing aloha.pk tower of babel
Mon Aug  7 23:17:23 2023 Harry (Blue) [Rifle] The Mole (Red)
Mon Aug  7 23:17:29 2023 Chyno (Blue) [Fall]
Mon Aug  7 23:17:32 2023 ALetz joined Red team
Mon Aug  7 23:17:36 2023 TangaLoca (Red) [Rifle] William (Blue)
Mon Aug  7 23:17:40 2023 TangaLoca (Red) [Rifle] ophzin (Blue)
Mon Aug  7 23:17:48 2023 Harry (Blue) [Headshot] snoop (Red)
Mon Aug  7 23:17:50 2023 TangaLoca (Red) [Headshot] Harry (Blue)
Mon Aug  7 23:17:52 2023  Build a tower to get the enemy's intel. Take it to your team's tent to win!
Mon Aug  7 23:18:02 2023 -sky-zZzobitozZ joined Blue team
Mon Aug  7 23:18:09 2023 snoop (Red) [Headshot] ophzin (Blue)
Mon Aug  7 23:18:10 2023 Chyno (Blue) [Rifle]
Mon Aug  7 23:18:16 2023 TangaLoca (Red) [Headshot] -sky-zZzobitozZ (Blue)
Mon Aug  7 23:18:18 2023 ALetz (Red) [Headshot] Harry (Blue)
Mon Aug  7 23:18:22 2023  Type /HELP for info & commands
Mon Aug  7 23:18:25 2023 TangaLoca (Red) [Headshot] William (Blue)
Mon Aug  7 23:18:38 2023 ALetz (Red) [Headshot] Harry (Blue)
Mon Aug  7 23:18:38 2023 snoop (Red) [Headshot] Chyno (Blue)
Mon Aug  7 23:18:41 2023 snoop (Red) [Headshot] -sky-zZzobitozZ (Blue)
Mon Aug  7 23:18:52 2023  Visit our community forums at https://aloha.pk/
Mon Aug  7 23:18:57 2023 ophzin (Blue) [SMG]
Mon Aug  7 23:18:57 2023 snoop (Red) [Headshot] Chyno (Blue)
Mon Aug  7 23:19:01 2023 Harry (Blue) [Rifle] ALetz (Red)
Mon Aug  7 23:19:08 2023 [Global] TangaLoca (Red): de que provincia sos patagonias?
Mon Aug  7 23:19:14 2023 [Global] elpatagonias (Red): bsas
Mon Aug  7 23:19:15 2023 [Global] -sky-zZzobitozZ (Blue): ah?
Mon Aug  7 23:19:16 2023 Chyno (Blue) [Headshot] snoop (Red)
Mon Aug  7 23:19:16 2023 [Global] elpatagonias (Red): y vos?
Mon Aug  7 23:19:21 2023 [Global] TangaLoca (Red): Santiago
Mon Aug  7 23:19:22 2023  Come chat with us at https://discord.aloha.pk/
Mon Aug  7 23:19:22 2023 Harry (Blue) [Headshot] The Mole (Red)
Mon Aug  7 23:19:25 2023 [Global] TangaLoca (Red): Sde
Mon Aug  7 23:19:27 2023 ophzin (Blue) [SMG]
Mon Aug  7 23:19:30 2023 The Mole (Red) [Headshot] Harry (Blue)
Mon Aug  7 23:19:33 2023 William (Blue) [Headshot] TangaLoca (Red)
Mon Aug  7 23:19:36 2023 Chyno (Blue) [Rifle]
Mon Aug  7 23:19:37 2023 ALetz (Red) [Headshot] William (Blue)
Mon Aug  7 23:19:41 2023 elpatagonias (Red) [SMG] -sky-zZzobitozZ (Blue)
Mon Aug  7 23:19:52 2023 ophzin (Blue) [Weapon Change]
Mon Aug  7 23:19:52 2023  If you believe a player is breaking the rules, please let us know with /ADMIN
Mon Aug  7 23:19:55 2023 Harry (Blue) [Headshot] elpatagonias (Red)
Mon Aug  7 23:20:04 2023 William (Blue) [Headshot] snoop (Red)
Mon Aug  7 23:20:15 2023 Chyno (Blue) [Headshot] ALetz (Red)
Mon Aug  7 23:20:18 2023 elpatagonias (Red) [SMG] Harry (Blue)
Mon Aug  7 23:20:22 2023  Mahalo for playing aloha.pk tower of babel
Mon Aug  7 23:20:32 2023 ALetz (Red) [Headshot] William (Blue)
Mon Aug  7 23:20:34 2023 snoop (Red) [Headshot] Chyno (Blue)
Mon Aug  7 23:20:43 2023 -sky-zZzobitozZ (Blue) [Headshot] TangaLoca (Red)
Mon Aug  7 23:20:46 2023 -sky-zZzobitozZ (Blue) [Rifle] The Mole (Red)
Mon Aug  7 23:20:49 2023 Harry (Blue) [Rifle] ALetz (Red)
Mon Aug  7 23:20:52 2023  Build a tower to get the enemy's intel. Take it to your team's tent to win!
Mon Aug  7 23:20:53 2023 -sky-zZzobitozZ (Blue) [Headshot] The Mole (Red)
Mon Aug  7 23:20:58 2023 Chyno (Blue) [Headshot] snoop (Red)
Mon Aug  7 23:21:01 2023 TangaLoca (Red) [Headshot] ophzin (Blue)
Mon Aug  7 23:21:06 2023 elpatagonias picked up Blue's Intel.
Mon Aug  7 23:21:06 2023 William (Blue) [Headshot] snoop (Red)
Mon Aug  7 23:21:10 2023 Harry (Blue) [Headshot] TangaLoca (Red)
Mon Aug  7 23:21:14 2023 ALetz (Red) [Headshot] William (Blue)
Mon Aug  7 23:21:16 2023 ophzin (Blue) [Team Change]
Mon Aug  7 23:21:22 2023  Type /HELP for info & commands
Mon Aug  7 23:21:24 2023 ophzin joined Red team
Mon Aug  7 23:21:27 2023 Harry (Blue) [Rifle] snoop (Red)
Mon Aug  7 23:21:29 2023 elpatagonias dropped Blue's Intel
Mon Aug  7 23:21:29 2023 -sky-zZzobitozZ (Blue) [Headshot] elpatagonias (Red)
Mon Aug  7 23:21:30 2023 Harry (Blue) [Headshot] TangaLoca (Red)
Mon Aug  7 23:21:39 2023 -sky-zZzobitozZ (Blue) [Headshot] The Mole (Red)
Mon Aug  7 23:21:41 2023 You must be closer to the enemy's base to grenade blocks!
Mon Aug  7 23:21:42 2023 Chyno (Blue) [Rifle] ALetz (Red)
Mon Aug  7 23:21:44 2023 ophzin (Red) [SMG] Harry (Blue)
Mon Aug  7 23:21:44 2023 You must be closer to the enemy's base to shoot blocks!
Mon Aug  7 23:21:46 2023 You must be closer to the enemy's base to shoot blocks!
Mon Aug  7 23:21:52 2023  Visit our community forums at https://aloha.pk/
Mon Aug  7 23:21:53 2023 Chyno (Blue) [Headshot] snoop (Red)
Mon Aug  7 23:21:53 2023 Harry (Blue) [Headshot] ophzin (Red)
Mon Aug  7 23:21:58 2023 Harry (Blue) [Headshot] elpatagonias (Red)
Mon Aug  7 23:22:22 2023 Harry (Blue) [Headshot] TangaLoca (Red)
Mon Aug  7 23:22:22 2023  Come chat with us at https://discord.aloha.pk/
Mon Aug  7 23:22:32 2023 ophzin (Red) [Headshot] William (Blue)
Mon Aug  7 23:22:35 2023 elpatagonias (Red) [Headshot] Harry (Blue)
Mon Aug  7 23:22:42 2023 snoop (Red) [Headshot] Chyno (Blue)
Mon Aug  7 23:22:48 2023 ALetz (Red) [Rifle]
Mon Aug  7 23:22:49 2023 Pepsi joined Blue team
Mon Aug  7 23:22:50 2023 pogger joined Blue team
Mon Aug  7 23:22:52 2023  If you believe a player is breaking the rules, please let us know with /ADMIN
Mon Aug  7 23:22:53 2023 snoop (Red) [SMG] Harry (Blue)
Mon Aug  7 23:22:56 2023 William (Blue) [Rifle]
Mon Aug  7 23:22:57 2023 ALetz (Red) [Weapon Change]
Mon Aug  7 23:23:02 2023 ophzin (Red) [SMG] pogger (Blue)
Mon Aug  7 23:23:04 2023 -sky-zZzobitozZ (Blue) [Headshot] TangaLoca (Red)
Mon Aug  7 23:23:05 2023 ALetz (Red) [SMG] -sky-zZzobitozZ (Blue)
Mon Aug  7 23:23:06 2023 ophzin (Red) [Headshot] Chyno (Blue)
Mon Aug  7 23:23:07 2023 William (Blue) [Rifle] ophzin (Red)
Mon Aug  7 23:23:07 2023 [Global] -sky-zZzobitozZ (Blue): aaaaaaaaaaa
Mon Aug  7 23:23:11 2023 snoop (Red) [SMG] William (Blue)
Mon Aug  7 23:23:16 2023 bilboswaggins joined Red team
Mon Aug  7 23:23:22 2023 elpatagonias (Red) [Melee] Harry (Blue)
Mon Aug  7 23:23:22 2023  Mahalo for playing aloha.pk tower of babel
Mon Aug  7 23:23:28 2023 pogger (Blue) [SMG] elpatagonias (Red)
Mon Aug  7 23:23:29 2023 William (Blue) [Rifle] snoop (Red)
Mon Aug  7 23:23:36 2023 Chyno (Blue) [Fall]
Mon Aug  7 23:23:36 2023 You can't destroy your team's blocks in this area. Attack the enemy's tower!
Mon Aug  7 23:23:37 2023 You can't destroy your team's blocks in this area. Attack the enemy's tower!
Mon Aug  7 23:23:38 2023 ophzin (Red) [Headshot] William (Blue)
Mon Aug  7 23:23:40 2023 Harry (Blue) [Headshot] ophzin (Red)
Mon Aug  7 23:23:45 2023 elpatagonias (Red) [Rifle] pogger (Blue)
Mon Aug  7 23:23:49 2023 elpatagonias (Red) [Rifle] Harry (Blue)
Mon Aug  7 23:23:52 2023  Build a tower to get the enemy's intel. Take it to your team's tent to win!
Mon Aug  7 23:24:00 2023 -sky-zZzobitozZ (Blue) [Headshot] The Mole (Red)
Mon Aug  7 23:24:02 2023 -sky-zZzobitozZ (Blue) [Headshot] bilboswaggins (Red)
Mon Aug  7 23:24:03 2023 pogger (Blue) [Headshot] TangaLoca (Red)
Mon Aug  7 23:24:06 2023 Chyno (Blue) [Headshot] snoop (Red)
Mon Aug  7 23:24:10 2023 ophzin (Red) [SMG] William (Blue)
Mon Aug  7 23:24:10 2023 pogger (Blue) [SMG] elpatagonias (Red)
Mon Aug  7 23:24:11 2023 ALetz (Red) [Headshot] Chyno (Blue)
Mon Aug  7 23:24:11 2023 ophzin (Red) [SMG] pogger (Blue)
Mon Aug  7 23:24:12 2023 Harry (Blue) [Headshot] ophzin (Red)
Mon Aug  7 23:24:22 2023  Type /HELP for info & commands
Mon Aug  7 23:24:34 2023 You must be closer to the enemy's base to grenade blocks!
Mon Aug  7 23:24:36 2023 pogger (Blue) [Headshot] elpatagonias (Red)
Mon Aug  7 23:24:40 2023 bilboswaggins (Red) [Headshot] -sky-zZzobitozZ (Blue)
Mon Aug  7 23:24:41 2023 Harry (Blue) [Headshot] ophzin (Red)
Mon Aug  7 23:24:42 2023 [Global] -sky-zZzobitozZ (Blue): aaaaaaaaaaaaaaaaaaaaaaa
Mon Aug  7 23:24:44 2023 Chyno (Blue) [Headshot] snoop (Red)
Mon Aug  7 23:24:46 2023 pogger (Blue) [Headshot] TangaLoca (Red)
Mon Aug  7 23:24:49 2023 [Global] -sky-zZzobitozZ (Blue): tmr
Mon Aug  7 23:24:50 2023 Harry (Blue) [Headshot] snoop (Red)
Mon Aug  7 23:24:51 2023 bilboswaggins (Red) [SMG] pogger (Blue)
Mon Aug  7 23:24:52 2023  Visit our community forums at https://aloha.pk/
Mon Aug  7 23:24:56 2023 ALetz (Red) [SMG] William (Blue)
Mon Aug  7 23:24:58 2023 ALetz (Red) [SMG] Chyno (Blue)
Mon Aug  7 23:25:00 2023 Harry (Blue) [Headshot] ophzin (Red)
Mon Aug  7 23:25:09 2023 -sky-zZzobitozZ (Blue) [Fall]
Mon Aug  7 23:25:12 2023 pogger (Blue) [SMG] elpatagonias (Red)
Mon Aug  7 23:25:17 2023 TangaLoca (Red) [SMG] pogger (Blue)
Mon Aug  7 23:25:19 2023 William (Blue) [Rifle] TangaLoca (Red)
Mon Aug  7 23:25:21 2023 Harry (Blue) [Rifle]
Mon Aug  7 23:25:22 2023  Come chat with us at https://discord.aloha.pk/
Mon Aug  7 23:25:25 2023 Chyno (Blue) [Headshot] ALetz (Red)
Mon Aug  7 23:25:35 2023 Harry (Blue) [Headshot] ophzin (Red)
Mon Aug  7 23:25:40 2023 snoop (Red) [SMG]
Mon Aug  7 23:25:41 2023 TangaLoca (Red) [SMG] William (Blue)
Mon Aug  7 23:25:46 2023 Harry (Blue) [Headshot] TangaLoca (Red)
Mon Aug  7 23:25:52 2023 Chyno (Blue) [Headshot] The Mole (Red)
Mon Aug  7 23:25:52 2023 pogger (Blue) [SMG] ophzin (Red)
Mon Aug  7 23:25:52 2023  If you believe a player is breaking the rules, please let us know with /ADMIN
Mon Aug  7 23:25:54 2023 Harry (Blue) [Rifle] bilboswaggins (Red)
Mon Aug  7 23:25:56 2023 Harry (Blue) [Headshot] TangaLoca (Red)
Mon Aug  7 23:26:02 2023 Erick joined Spectator team
Mon Aug  7 23:26:06 2023 bilboswaggins (Red) [SMG] William (Blue)
Mon Aug  7 23:26:08 2023 elpatagonias (Red) [Fall]
Mon Aug  7 23:26:11 2023 pogger (Blue) [Headshot] ophzin (Red)
Mon Aug  7 23:26:12 2023 bilboswaggins (Red) [Headshot] pogger (Blue)
Mon Aug  7 23:26:12 2023 snoop (Red) [SMG] Chyno (Blue)
Mon Aug  7 23:26:12 2023 [Global] elpatagonias (Red): Erick :D
Mon Aug  7 23:26:14 2023 Harry (Blue) [Headshot] ALetz (Red)
Mon Aug  7 23:26:22 2023  Mahalo for playing aloha.pk tower of babel
Mon Aug  7 23:26:24 2023 ophzin (Red) [SMG] Harry (Blue)
Mon Aug  7 23:26:28 2023 snoop (Red) [SMG]
Mon Aug  7 23:26:29 2023 [Global] Erick (): El PataGonias :D ♥
Mon Aug  7 23:26:31 2023 pogger (Blue) [Headshot] ophzin (Red)
Mon Aug  7 23:26:32 2023 elpatagonias (Red) [SMG] William (Blue)
Mon Aug  7 23:26:32 2023 Erick joined Red team
Mon Aug  7 23:26:35 2023 -sky-zZzobitozZ (Blue) [Rifle] TangaLoca (Red)
Mon Aug  7 23:26:38 2023 -sky-zZzobitozZ (Blue) [Headshot] elpatagonias (Red)
Mon Aug  7 23:26:43 2023 ophzin (Red) [SMG] pogger (Blue)
Mon Aug  7 23:26:43 2023 -sky-zZzobitozZ (Blue) [Headshot] bilboswaggins (Red)
Mon Aug  7 23:26:44 2023 Pepsi (Blue) [SMG]
Mon Aug  7 23:26:50 2023 ←tommyturner joined Blue team
Mon Aug  7 23:26:52 2023  Build a tower to get the enemy's intel. Take it to your team's tent to win!
Mon Aug  7 23:26:54 2023 -sky-zZzobitozZ (Blue) [Headshot] ophzin (Red)
Mon Aug  7 23:26:55 2023 snoop (Red) [Headshot] Chyno (Blue)
Mon Aug  7 23:26:59 2023 You must be closer to the enemy's base to grenade blocks!
Mon Aug  7 23:27:02 2023 -sky-zZzobitozZ (Blue) [Headshot] The Mole (Red)
Mon Aug  7 23:27:06 2023 elpatagonias (Red) [SMG] -sky-zZzobitozZ (Blue)
Mon Aug  7 23:27:09 2023 Player Pepsi has left
Mon Aug  7 23:27:10 2023 TangaLoca (Red) [Headshot] Harry (Blue)
Mon Aug  7 23:27:10 2023 [Global] -sky-zZzobitozZ (Blue): asaaaaaaaa
Mon Aug  7 23:27:10 2023 pogger (Blue) [SMG] TangaLoca (Red)
Mon Aug  7 23:27:13 2023 pogger (Blue) [Headshot] ophzin (Red)
Mon Aug  7 23:27:16 2023 snoop (Red) [Headshot] Chyno (Blue)
Mon Aug  7 23:27:22 2023  Type /HELP for info & commands
Mon Aug  7 23:27:26 2023 elpatagonias (Red) [SMG] -sky-zZzobitozZ (Blue)
Mon Aug  7 23:27:28 2023 [Global] -sky-zZzobitozZ (Blue): ssssssssss
Mon Aug  7 23:27:29 2023 Slurm joined Blue team
Mon Aug  7 23:27:29 2023 TangaLoca (Red) [Headshot] pogger (Blue)
Mon Aug  7 23:27:30 2023 William (Blue) [Rifle]
Mon Aug  7 23:27:33 2023 [Global] Erick (Red): naruzz
Mon Aug  7 23:27:34 2023 [Global] -sky-zZzobitozZ (Blue): tamr
Mon Aug  7 23:27:36 2023 [Global] -sky-zZzobitozZ (Blue): qqqqqqqqq
Mon Aug  7 23:27:38 2023 Harry (Blue) [Headshot] TangaLoca (Red)
Mon Aug  7 23:27:42 2023 snoop (Red) [SMG] Slurm (Blue)
Mon Aug  7 23:27:42 2023 Pepsi joined Blue team
Mon Aug  7 23:27:45 2023 elpatagonias (Red) [SMG] -sky-zZzobitozZ (Blue)
Mon Aug  7 23:27:47 2023 elpatagonias (Red) [SMG] William (Blue)
Mon Aug  7 23:27:47 2023 Pepsi (Blue) [Headshot] elpatagonias (Red)
Mon Aug  7 23:27:47 2023 pogger (Blue) [Headshot] ALetz (Red)
Mon Aug  7 23:27:48 2023 Chyno (Blue) [Headshot] snoop (Red)
Mon Aug  7 23:27:49 2023 [Global] -sky-zZzobitozZ (Blue): XDDD
Mon Aug  7 23:27:52 2023 Harry (Blue) [Headshot] ophzin (Red)
Mon Aug  7 23:27:52 2023  Visit our community forums at https://aloha.pk/
Mon Aug  7 23:27:58 2023 Harry (Blue) [Headshot] bilboswaggins (Red)
Mon Aug  7 23:28:02 2023 [Global] -sky-zZzobitozZ (Blue): erikc soy erick :v
Mon Aug  7 23:28:04 2023 pogger (Blue) [Headshot] ALetz (Red)
Mon Aug  7 23:28:07 2023 [Global] Erick (Red): si
Mon Aug  7 23:28:08 2023 [Global] -sky-zZzobitozZ (Blue): sos*
Mon Aug  7 23:28:09 2023 [Global] Erick (Red): :v
Mon Aug  7 23:28:12 2023 The Mole (Red) [SMG] pogger (Blue)
Mon Aug  7 23:28:13 2023 ophzin (Red) [SMG] Harry (Blue)
Mon Aug  7 23:28:14 2023 [Global] Erick (Red): hola
Mon Aug  7 23:28:17 2023 [Global] -sky-zZzobitozZ (Blue): hola
Mon Aug  7 23:28:21 2023 William (Blue) [Rifle]
Mon Aug  7 23:28:22 2023  Come chat with us at https://discord.aloha.pk/
Mon Aug  7 23:28:24 2023 [Global] -sky-zZzobitozZ (Blue): aaaaaaaaa
Mon Aug  7 23:28:30 2023 [Global] -sky-zZzobitozZ (Blue): aoudaaaaaa
Mon Aug  7 23:28:31 2023 snoop (Red) [Melee] Chyno (Blue)
Mon Aug  7 23:28:32 2023 Slurm (Blue) [Headshot] ophzin (Red)
Mon Aug  7 23:28:33 2023 elpatagonias (Red) [Headshot] Slurm (Blue)
Mon Aug  7 23:28:35 2023 -sky-zZzobitozZ (Blue) [Rifle]
Mon Aug  7 23:28:38 2023 [Global] -sky-zZzobitozZ (Blue): f :(
Mon Aug  7 23:28:40 2023 MrKnight3356 joined Blue team
Mon Aug  7 23:28:40 2023 Pepsi (Blue) [SMG]
Mon Aug  7 23:28:41 2023 Erick (Red) [SMG]
Mon Aug  7 23:28:46 2023 [Global] Erick (Red): troste
Mon Aug  7 23:28:49 2023 snoop (Red) [SMG] ←tommyturner (Blue)
Mon Aug  7 23:28:50 2023 pogger (Blue) [SMG] bilboswaggins (Red)
Mon Aug  7 23:28:51 2023 Erick (Red) [SMG] pogger (Blue)
Mon Aug  7 23:28:52 2023  If you believe a player is breaking the rules, please let us know with /ADMIN
Mon Aug  7 23:28:54 2023 Chyno (Blue) [Rifle] snoop (Red)
Mon Aug  7 23:28:55 2023 [Global] pogger (Blue): ...
Mon Aug  7 23:28:57 2023 [Global] -sky-zZzobitozZ (Blue): she erikc vamos arena top 10
Mon Aug  7 23:29:08 2023 ophzin (Red) [SMG] William (Blue)
Mon Aug  7 23:29:12 2023 [Global] Erick (Red): ok
Mon Aug  7 23:29:14 2023 [Global] Erick (Red): vamos
Mon Aug  7 23:29:15 2023 ophzin (Red) [SMG] MrKnight3356 (Blue)
Mon Aug  7 23:29:17 2023 Chyno (Blue) [Headshot] snoop (Red)
Mon Aug  7 23:29:17 2023 Harry (Blue) [Headshot] bilboswaggins (Red)
Mon Aug  7 23:29:18 2023 [Global] -sky-zZzobitozZ (Blue): vamo >:)
Mon Aug  7 23:29:19 2023 Harry (Blue) [Headshot] ophzin (Red)
Mon Aug  7 23:29:20 2023 Player -sky-zZzobitozZ has left
Mon Aug  7 23:29:22 2023 The Mole (Red) [SMG] Pepsi (Blue)
Mon Aug  7 23:29:22 2023  Mahalo for playing aloha.pk tower of babel
Mon Aug  7 23:29:23 2023 Slurm picked up Red's Intel.
Mon Aug  7 23:29:24 2023 Slurm (Blue) [SMG] The Mole (Red)
Mon Aug  7 23:29:28 2023 Erick (Red) [SMG] Harry (Blue)
Mon Aug  7 23:29:30 2023 pogger (Blue) [SMG] ALetz (Red)
Mon Aug  7 23:29:31 2023 Player Erick has left
Mon Aug  7 23:29:35 2023 bilboswaggins (Red) [SMG] Chyno (Blue)
Mon Aug  7 23:29:38 2023 Slurm dropped Red's Intel
Mon Aug  7 23:29:38 2023 TangaLoca (Red) [SMG]
Mon Aug  7 23:29:43 2023 The Mole (Red) [Headshot] pogger (Blue)
Mon Aug  7 23:29:44 2023 [Global] Chyno (Blue): pq te metes xd
Mon Aug  7 23:29:48 2023 ALetz (Red) [Headshot] Harry (Blue)
Mon Aug  7 23:29:51 2023 Pepsi (Blue) [SMG]
Mon Aug  7 23:29:52 2023  Build a tower to get the enemy's intel. Take it to your team's tent to win!
Mon Aug  7 23:29:53 2023 Slurm (Blue) [Headshot] bilboswaggins (Red)
Mon Aug  7 23:29:59 2023 Slurm (Blue) [Headshot] The Mole (Red)
Mon Aug  7 23:30:04 2023 Slurm (Blue) [Headshot] TangaLoca (Red)
Mon Aug  7 23:30:05 2023 bilboswaggins (Red) [Headshot] Slurm (Blue)
Mon Aug  7 23:30:09 2023 MrKnight3356 (Blue) [Headshot] ophzin (Red)
Mon Aug  7 23:30:15 2023 ALetz (Red) [SMG]
Mon Aug  7 23:30:15 2023 pogger (Blue) [Headshot] The Mole (Red)
Mon Aug  7 23:30:16 2023 Chyno (Blue) [Headshot] snoop (Red)
Mon Aug  7 23:30:17 2023 pogger (Blue) [Headshot] bilboswaggins (Red)
Mon Aug  7 23:30:22 2023  Type /HELP for info & commands
Mon Aug  7 23:30:25 2023 pogger (Blue) [SMG] TangaLoca (Red)
Mon Aug  7 23:30:31 2023 pogger (Blue) [Headshot] ophzin (Red)
Mon Aug  7 23:30:34 2023 Chyno (Blue) [Headshot] bilboswaggins (Red)
Mon Aug  7 23:30:38 2023 snoop (Red) [Headshot] pogger (Blue)
Mon Aug  7 23:30:41 2023 snoop (Red) [Headshot] Chyno (Blue)
Mon Aug  7 23:30:51 2023 bilboswaggins (Red) [Headshot] William (Blue)
Mon Aug  7 23:30:52 2023  Visit our community forums at https://aloha.pk/
Mon Aug  7 23:30:53 2023 Harry (Blue) [Headshot] bilboswaggins (Red)
Mon Aug  7 23:30:57 2023 ALetz (Red) [SMG]
Mon Aug  7 23:30:59 2023 Harry (Blue) [Headshot] TangaLoca (Red)
Mon Aug  7 23:31:05 2023 bilboswaggins (Red) [SMG] MrKnight3356 (Blue)
Mon Aug  7 23:31:09 2023 Pepsi picked up Red's Intel.
Mon Aug  7 23:31:10 2023 Harry (Blue) [Rifle] ophzin (Red)
Mon Aug  7 23:31:12 2023 Slurm (Blue) [SMG] TangaLoca (Red)
Mon Aug  7 23:31:13 2023 Harry (Blue) [Headshot] bilboswaggins (Red)
Mon Aug  7 23:31:13 2023 snoop (Red) [SMG] Chyno (Blue)
Mon Aug  7 23:31:17 2023 TangaLoca (Red) [SMG] Slurm (Blue)
Mon Aug  7 23:31:17 2023 Pepsi dropped Red's Intel
Mon Aug  7 23:31:17 2023  The intel has returned to the heavens
Mon Aug  7 23:31:17 2023 Pepsi (Blue) [Fall]
Mon Aug  7 23:31:19 2023 Harry (Blue) [Headshot] ophzin (Red)
Mon Aug  7 23:31:22 2023  Come chat with us at https://discord.aloha.pk/
Mon Aug  7 23:31:23 2023 elpatagonias (Red) [SMG] William (Blue)
Mon Aug  7 23:31:23 2023 elpatagonias (Red) [SMG] MrKnight3356 (Blue)
Mon Aug  7 23:31:31 2023 elpatagonias (Red) [SMG]
Mon Aug  7 23:31:37 2023 Harry (Blue) [Headshot] ophzin (Red)
Mon Aug  7 23:31:39 2023 Harry (Blue) [Headshot] bilboswaggins (Red)
Mon Aug  7 23:31:43 2023 TangaLoca (Red) [Grenade] pogger (Blue)
Mon Aug  7 23:31:43 2023 [Global] elpatagonias (Red): perdieron las dos torres
Mon Aug  7 23:31:52 2023  If you believe a player is breaking the rules, please let us know with /ADMIN
Mon Aug  7 23:31:53 2023 ALetz (Red) [SMG]
Mon Aug  7 23:31:54 2023 ophzin (Red) [Headshot] Harry (Blue)
Mon Aug  7 23:31:56 2023 Pepsi (Blue) [Headshot] ophzin (Red)
Mon Aug  7 23:32:01 2023 TangaLoca (Red) [SMG] ←tommyturner (Blue)
Mon Aug  7 23:32:04 2023 snoop (Red) [Headshot] Chyno (Blue)
Mon Aug  7 23:32:06 2023 The Mole (Red) [SMG] MrKnight3356 (Blue)
Mon Aug  7 23:32:08 2023 pogger (Blue) [Headshot] elpatagonias (Red)
Mon Aug  7 23:32:09 2023 TangaLoca (Red) [Headshot] Slurm (Blue)
Mon Aug  7 23:32:13 2023 Pepsi (Blue) [SMG] ophzin (Red)
Mon Aug  7 23:32:14 2023 Harry (Blue) [Headshot] TangaLoca (Red)
Mon Aug  7 23:32:18 2023 [Team] William (Blue): igual que eeuu xd
Mon Aug  7 23:32:22 2023  Mahalo for playing aloha.pk tower of babel
Mon Aug  7 23:32:26 2023 William (Blue) [Shotgun] elpatagonias (Red)
Mon Aug  7 23:32:29 2023 TangaLoca (Red) [Headshot] William (Blue)
Mon Aug  7 23:32:32 2023 pogger (Blue) [SMG] The Mole (Red)
Mon Aug  7 23:32:37 2023 pogger (Blue) [SMG] elpatagonias (Red)
Mon Aug  7 23:32:38 2023 ophzin (Red) [Headshot] Pepsi (Blue)
Mon Aug  7 23:32:39 2023 pogger (Blue) [SMG] The Mole (Red)
Mon Aug  7 23:32:43 2023 ALetz (Red) [SMG]
Mon Aug  7 23:32:50 2023 pogger (Blue) [Headshot] The Mole (Red)
Mon Aug  7 23:32:51 2023 elpatagonias (Red) [Headshot] pogger (Blue)
Mon Aug  7 23:32:52 2023  Build a tower to get the enemy's intel. Take it to your team's tent to win!
Mon Aug  7 23:32:53 2023 snoop (Red) [Grenade] Harry (Blue)
Mon Aug  7 23:32:54 2023 Slurm (Blue) [Headshot] TangaLoca (Red)
Mon Aug  7 23:32:58 2023 William (Blue) [Shotgun]
Mon Aug  7 23:33:09 2023 Slurm (Blue) [SMG] ALetz (Red)
Mon Aug  7 23:33:11 2023 Harry (Blue) [Headshot] snoop (Red)
Mon Aug  7 23:33:12 2023 The Mole (Red) [SMG] Slurm (Blue)
Mon Aug  7 23:33:12 2023 ophzin (Red) [Headshot] William (Blue)
Mon Aug  7 23:33:16 2023 ophzin (Red) [Headshot] MrKnight3356 (Blue)
Mon Aug  7 23:33:22 2023  Type /HELP for info & commands
Mon Aug  7 23:33:23 2023 Player MrKnight3356 has left
Mon Aug  7 23:33:25 2023 Harry (Blue) [Rifle] The Mole (Red)
Mon Aug  7 23:33:26 2023 Slurm (Blue) [Headshot] TangaLoca (Red)
Mon Aug  7 23:33:31 2023 ALetz (Red) [SMG] pogger (Blue)
Mon Aug  7 23:33:33 2023 Slurm (Blue) [Grenade] ophzin (Red)
Mon Aug  7 23:33:37 2023 bilboswaggins (Red) [SMG] Slurm (Blue)
Mon Aug  7 23:33:52 2023  Visit our community forums at https://aloha.pk/
Mon Aug  7 23:33:55 2023 Harry (Blue) [Melee] snoop (Red)
Mon Aug  7 23:33:57 2023 Slurm (Blue) [SMG] ophzin (Red)
Mon Aug  7 23:33:59 2023 Harry (Blue) [Headshot] The Mole (Red)
Mon Aug  7 23:34:03 2023 TangaLoca (Red) [SMG] Harry (Blue)
Mon Aug  7 23:34:09 2023 TangaLoca (Red) [SMG] ←tommyturner (Blue)
Mon Aug  7 23:34:12 2023 ophzin (Red) [Headshot] William (Blue)
Mon Aug  7 23:34:15 2023 pogger (Blue) [Headshot] TangaLoca (Red)
Mon Aug  7 23:34:22 2023  Come chat with us at https://discord.aloha.pk/
Mon Aug  7 23:34:25 2023 Jakkz_ joined Blue team
Mon Aug  7 23:34:25 2023 pogger (Blue) [Headshot] The Mole (Red)
Mon Aug  7 23:34:26 2023 bilboswaggins (Red) [SMG] William (Blue)
Mon Aug  7 23:34:26 2023 ALetz (Red) [Fall]
Mon Aug  7 23:34:27 2023 bilboswaggins (Red) [Headshot] Slurm (Blue)
Mon Aug  7 23:34:30 2023 You can't destroy your team's blocks in this area. Attack the enemy's tower!
Mon Aug  7 23:34:31 2023 You can't destroy your team's blocks in this area. Attack the enemy's tower!
Mon Aug  7 23:34:31 2023 You can't destroy your team's blocks in this area. Attack the enemy's tower!
Mon Aug  7 23:34:31 2023 You can't destroy your team's blocks in this area. Attack the enemy's tower!
Mon Aug  7 23:34:31 2023 You can't destroy your team's blocks in this area. Attack the enemy's tower!
Mon Aug  7 23:34:31 2023 Player ALetz has left
Mon Aug  7 23:34:31 2023 You can't destroy your team's blocks in this area. Attack the enemy's tower!
Mon Aug  7 23:34:31 2023 You can't destroy your team's blocks in this area. Attack the enemy's tower!
Mon Aug  7 23:34:32 2023 You can't destroy your team's blocks in this area. Attack the enemy's tower!
Mon Aug  7 23:34:32 2023 You can't destroy your team's blocks in this area. Attack the enemy's tower!
Mon Aug  7 23:34:32 2023 You can't destroy your team's blocks in this area. Attack the enemy's tower!
Mon Aug  7 23:34:33 2023 You can't destroy your team's blocks in this area. Attack the enemy's tower!
Mon Aug  7 23:34:34 2023 You can't destroy your team's blocks in this area. Attack the enemy's tower!
Mon Aug  7 23:34:42 2023 pogger (Blue) [SMG] The Mole (Red)
Mon Aug  7 23:34:43 2023 Slurm (Blue) [Headshot] ophzin (Red)
Mon Aug  7 23:34:44 2023 Player The Mole has left
Mon Aug  7 23:34:52 2023  If you believe a player is breaking the rules, please let us know with /ADMIN
Mon Aug  7 23:34:53 2023 pogger (Blue) [Headshot] ophzin (Red)
Mon Aug  7 23:34:59 2023 snoop (Red) [Headshot] Chyno (Blue)
Mon Aug  7 23:35:01 2023 Harry (Blue) [Headshot] snoop (Red)
Mon Aug  7 23:35:03 2023 ophzin (Red) [SMG] pogger (Blue)
Mon Aug  7 23:35:06 2023 [Global] pogger (Blue): lagger 
Mon Aug  7 23:35:06 2023 elpatagonias (Red) [SMG] ←tommyturner (Blue)
Mon Aug  7 23:35:12 2023 [Global] ophzin (Red): bot
Mon Aug  7 23:35:12 2023 William (Blue) [Headshot] ophzin (Red)
Mon Aug  7 23:35:13 2023 [Global] Chyno (Blue): snoop vato xd
Mon Aug  7 23:35:16 2023 Jakkz_ (Blue) [Headshot] snoop (Red)
Mon Aug  7 23:35:19 2023 [Global] pogger (Blue): bro ill 1v1 u any day
Mon Aug  7 23:35:22 2023 [Global] snoop (Red): lol
Mon Aug  7 23:35:22 2023  Mahalo for playing aloha.pk tower of babel
Mon Aug  7 23:35:24 2023 [Global] ophzin (Red): bot
Mon Aug  7 23:35:25 2023 ←tommyturner (Blue) [Grenade] TangaLoca (Red)
Mon Aug  7 23:35:25 2023 Harry (Blue) [Headshot] ophzin (Red)
Mon Aug  7 23:35:26 2023 Aulain joined Red team
Mon Aug  7 23:35:29 2023 Slurm picked up Red's Intel.
Mon Aug  7 23:35:30 2023 [Global] pogger (Blue): u teleportef with ur shit internet
Mon Aug  7 23:35:31 2023 William (Blue) [Headshot] Aulain (Red)
Mon Aug  7 23:35:34 2023 Harry (Blue) [Headshot] snoop (Red)
Mon Aug  7 23:35:35 2023 ←tommyturner (Blue) [Melee] elpatagonias (Red)
Mon Aug  7 23:35:37 2023 [Global] ophzin (Red): bot
Mon Aug  7 23:35:38 2023 elpatagonias (Red) [SMG] William (Blue)
Mon Aug  7 23:35:41 2023 Slurm dropped Red's Intel
Mon Aug  7 23:35:46 2023 Harry (Blue) [Headshot] snoop (Red)
Mon Aug  7 23:35:48 2023 [Global] pogger (Blue): 1v1 me then pussy
Mon Aug  7 23:35:51 2023 Harry (Blue) [Headshot] Aulain (Red)
Mon Aug  7 23:35:52 2023  Build a tower to get the enemy's intel. Take it to your team's tent to win!
Mon Aug  7 23:35:58 2023 Harry (Blue) [Headshot] snoop (Red)
Mon Aug  7 23:36:00 2023 [Global] ophzin (Red): bot
Mon Aug  7 23:36:02 2023 pogger (Blue) [Headshot] TangaLoca (Red)
Mon Aug  7 23:36:03 2023 Aulain (Red) [Rifle] Harry (Blue)
Mon Aug  7 23:36:11 2023 elpatagonias (Red) [SMG] ←tommyturner (Blue)
Mon Aug  7 23:36:14 2023 TangaLoca (Red) [Headshot] pogger (Blue)
Mon Aug  7 23:36:17 2023 TangaLoca (Red) [SMG] William (Blue)
Mon Aug  7 23:36:22 2023 ophzin (Red) [SMG] Harry (Blue)
Mon Aug  7 23:36:22 2023  Type /HELP for info & commands
Mon Aug  7 23:36:24 2023 [Global] pogger (Blue): look at the scoreboard anyway bot
Mon Aug  7 23:36:29 2023 TangaLoca (Red) [Headshot] Jakkz_ (Blue)
Mon Aug  7 23:36:29 2023 ←tommyturner (Blue) [Headshot] ophzin (Red)
Mon Aug  7 23:36:33 2023 Chyno (Blue) [Headshot] snoop (Red)
Mon Aug  7 23:36:39 2023 elpatagonias (Red) [Headshot] ←tommyturner (Blue)
Mon Aug  7 23:36:40 2023 bilboswaggins (Red) [Headshot] William (Blue)
Mon Aug  7 23:36:41 2023 [Global] ophzin (Red): bpt
Mon Aug  7 23:36:46 2023 Chyno (Blue) [Headshot] snoop (Red)
Mon Aug  7 23:36:46 2023 Aulain (Red) [Rifle] Chyno (Blue)
Mon Aug  7 23:36:47 2023 Jakkz_ (Blue) [Rifle] elpatagonias (Red)
Mon Aug  7 23:36:48 2023 pogger (Blue) [Headshot] ophzin (Red)
Mon Aug  7 23:36:52 2023  Visit our community forums at https://aloha.pk/
Mon Aug  7 23:36:53 2023 pogger (Blue) [SMG] elpatagonias (Red)
Mon Aug  7 23:36:55 2023 Player Chyno has left
Mon Aug  7 23:36:59 2023 Aulain (Red) [Rifle]
Mon Aug  7 23:37:03 2023 ophzin (Red) [Headshot] pogger (Blue)
Mon Aug  7 23:37:06 2023 snoop (Red) [Headshot] Harry (Blue)
Mon Aug  7 23:37:07 2023 [Global] ophzin (Red): bot
Mon Aug  7 23:37:17 2023 [Global] pogger (Blue): u suck *** 1v1 me
Mon Aug  7 23:37:22 2023  Come chat with us at https://discord.aloha.pk/
Mon Aug  7 23:37:24 2023 snoop (Red) [SMG] William (Blue)
Mon Aug  7 23:37:25 2023 [Global] ophzin (Red): bot
Mon Aug  7 23:37:29 2023 Jakkz_ (Blue) [Headshot] elpatagonias (Red)
Mon Aug  7 23:37:31 2023 KillingDeath joined Red team
Mon Aug  7 23:37:32 2023 [Global] TangaLoca (Red): xddddd
Mon Aug  7 23:37:37 2023 Harry (Blue) [Headshot] snoop (Red)
Mon Aug  7 23:37:43 2023 elpatagonias (Red) [Headshot] pogger (Blue)
Mon Aug  7 23:37:44 2023 ophzin (Red) [Headshot] ←tommyturner (Blue)
Mon Aug  7 23:37:52 2023  If you believe a player is breaking the rules, please let us know with /ADMIN
Mon Aug  7 23:37:56 2023 Harry (Blue) [Headshot] ophzin (Red)
Mon Aug  7 23:37:56 2023 Aulain (Red) [Headshot] Harry (Blue)
Mon Aug  7 23:37:56 2023 Slurm (Blue) [Headshot] TangaLoca (Red)
Mon Aug  7 23:37:57 2023 pogger (Blue) [SMG] bilboswaggins (Red)
Mon Aug  7 23:38:01 2023 Aulain (Red) [Headshot] pogger (Blue)
Mon Aug  7 23:38:04 2023 snoop (Red) [SMG] Slurm (Blue)
Mon Aug  7 23:38:11 2023 [Global] pogger (Blue): rest in piss
Mon Aug  7 23:38:12 2023 ophzin (Red) [SMG] Jakkz_ (Blue)
Mon Aug  7 23:38:14 2023 Harry (Blue) [Headshot] bilboswaggins (Red)
Mon Aug  7 23:38:16 2023 Pepsi (Blue) [SMG] elpatagonias (Red)
Mon Aug  7 23:38:22 2023 Aulain (Red) [Headshot] Harry (Blue)
Mon Aug  7 23:38:22 2023  Mahalo for playing aloha.pk tower of babel
Mon Aug  7 23:38:27 2023 ←tommyturner (Blue) [SMG]
Mon Aug  7 23:38:30 2023 snoop (Red) [SMG] Jakkz_ (Blue)
Mon Aug  7 23:38:31 2023 Slurm (Blue) [Headshot] snoop (Red)
Mon Aug  7 23:38:35 2023 pogger (Blue) [Headshot] TangaLoca (Red)
Mon Aug  7 23:38:39 2023 Aulain (Red) [Headshot] Slurm (Blue)
Mon Aug  7 23:38:41 2023 pogger (Blue) [Headshot] snoop (Red)
Mon Aug  7 23:38:43 2023 bilboswaggins (Red) [Headshot] Pepsi (Blue)
Mon Aug  7 23:38:44 2023 Aulain (Red) [Headshot] pogger (Blue)
Mon Aug  7 23:38:48 2023 Jakkz_ (Blue) [Headshot] ophzin (Red)
Mon Aug  7 23:38:51 2023 KillingDeath (Red) [Rifle]
Mon Aug  7 23:38:52 2023  Build a tower to get the enemy's intel. Take it to your team's tent to win!
Mon Aug  7 23:38:52 2023 Aulain (Red) [Headshot] Harry (Blue)
Mon Aug  7 23:38:59 2023 Pepsi (Blue) [Headshot] elpatagonias (Red)
Mon Aug  7 23:39:06 2023 Harry (Blue) [Rifle] Aulain (Red)
Mon Aug  7 23:39:08 2023 Jakkz_ (Blue) [Headshot] snoop (Red)
Mon Aug  7 23:39:11 2023 pogger (Blue) [Headshot] elpatagonias (Red)
Mon Aug  7 23:39:17 2023 pogger (Blue) [Headshot] ophzin (Red)
Mon Aug  7 23:39:18 2023 elpatagonias (Red) [SMG] pogger (Blue)
Mon Aug  7 23:39:20 2023 [Global] pogger (Blue): bot
Mon Aug  7 23:39:22 2023  Type /HELP for info & commands
Mon Aug  7 23:39:24 2023 [Global] ophzin (Red): bot
Mon Aug  7 23:39:33 2023 [Global] bilboswaggins (Red): but
Mon Aug  7 23:39:52 2023  Visit our community forums at https://aloha.pk/
Mon Aug  7 23:39:55 2023 ←tommyturner (Blue) [Grenade] TangaLoca (Red)
Mon Aug  7 23:40:02 2023 pogger (Blue) [Headshot] TangaLoca (Red)
Mon Aug  7 23:40:05 2023 ←tommyturner (Blue) [Headshot] ophzin (Red)
Mon Aug  7 23:40:05 2023 [Team] Slurm (Blue): REDS IN FRONT
Mon Aug  7 23:40:09 2023 elpatagonias (Red) [SMG] ←tommyturner (Blue)
Mon Aug  7 23:40:14 2023 pogger (Blue) [Headshot] TangaLoca (Red)
Mon Aug  7 23:40:15 2023 Harry (Blue) [Headshot] KillingDeath (Red)
Mon Aug  7 23:40:15 2023 pogger (Blue) [SMG] ophzin (Red)
Mon Aug  7 23:40:22 2023  Come chat with us at https://discord.aloha.pk/
Mon Aug  7 23:40:24 2023 Slurm (Blue) [SMG] bilboswaggins (Red)
Mon Aug  7 23:40:26 2023 snoop (Red) [Fall]
Mon Aug  7 23:40:27 2023 TangaLoca (Red) [Headshot] pogger (Blue)
Mon Aug  7 23:40:27 2023 ←tommyturner (Blue) [Melee] elpatagonias (Red)
Mon Aug  7 23:40:31 2023 Jakkz_ (Blue) [Headshot] TangaLoca (Red)
Mon Aug  7 23:40:32 2023 Harry (Blue) [Headshot] KillingDeath (Red)
Mon Aug  7 23:40:36 2023 Player pogger has left
Mon Aug  7 23:40:38 2023 Harry (Blue) [Headshot] TangaLoca (Red)
Mon Aug  7 23:40:39 2023 bilboswaggins (Red) [Headshot] Slurm (Blue)
Mon Aug  7 23:40:45 2023 [Global] ophzin (Red): bot
Mon Aug  7 23:40:48 2023 snoop (Red) [SMG] Jakkz_ (Blue)
Mon Aug  7 23:40:49 2023 Harry (Blue) [Headshot] elpatagonias (Red)
Mon Aug  7 23:40:51 2023 Harry (Blue) [Headshot] KillingDeath (Red)
Mon Aug  7 23:40:52 2023  If you believe a player is breaking the rules, please let us know with /ADMIN
Mon Aug  7 23:40:56 2023 Jakkz_ (Blue) [Weapon Change]
Mon Aug  7 23:41:01 2023 Aulain (Red) [Headshot] William (Blue)
Mon Aug  7 23:41:08 2023 snoop (Red) [Headshot] Harry (Blue)
Mon Aug  7 23:41:09 2023 Jakkz_ (Blue) [Headshot] ophzin (Red)
Mon Aug  7 23:41:16 2023 snoop (Red) [SMG] Slurm (Blue)
Mon Aug  7 23:41:18 2023 Aulain (Red) [Headshot] Harry (Blue)
Mon Aug  7 23:41:19 2023 Aulain (Red) [Headshot] William (Blue)
Mon Aug  7 23:41:22 2023  Mahalo for playing aloha.pk tower of babel
Mon Aug  7 23:41:33 2023 elpatagonias (Red) [SMG] ←tommyturner (Blue)
Mon Aug  7 23:41:34 2023 Aulain (Red) [Headshot] William (Blue)
Mon Aug  7 23:41:37 2023 KillingDeath (Red) [Rifle]
Mon Aug  7 23:41:38 2023 Aulain (Red) [Headshot] William (Blue)
Mon Aug  7 23:41:47 2023 ←tommyturner (Blue) [Grenade] ophzin (Red)
Mon Aug  7 23:41:50 2023 Aulain (Red) [Headshot] William (Blue)
Mon Aug  7 23:41:52 2023  Build a tower to get the enemy's intel. Take it to your team's tent to win!
Mon Aug  7 23:41:54 2023 Pepsi (Blue) [Headshot] KillingDeath (Red)
Mon Aug  7 23:42:00 2023 ←tommyturner (Blue) [SMG] elpatagonias (Red)
Mon Aug  7 23:42:00 2023 Pepsi (Blue) [SMG] ophzin (Red)
Mon Aug  7 23:42:01 2023 bilboswaggins (Red) [SMG] ←tommyturner (Blue)
Mon Aug  7 23:42:05 2023 Pepsi (Blue) [Headshot] KillingDeath (Red)
Mon Aug  7 23:42:07 2023 elpatagonias (Red) [Headshot] Jakkz_ (Blue)
Mon Aug  7 23:42:10 2023 Aulain (Red) [Headshot] William (Blue)
Mon Aug  7 23:42:20 2023 ophzin (Red) [Headshot] Pepsi (Blue)
Mon Aug  7 23:42:22 2023  Type /HELP for info & commands
Mon Aug  7 23:42:25 2023 Slurm (Blue) [Fall]
Mon Aug  7 23:42:28 2023 Jakkz_ (Blue) [Headshot] bilboswaggins (Red)
Mon Aug  7 23:42:30 2023 Player Slurm has left
Mon Aug  7 23:42:35 2023 Aulain (Red) [Headshot] ←tommyturner (Blue)
Mon Aug  7 23:42:38 2023 Pepsi (Blue) [Headshot] KillingDeath (Red)
Mon Aug  7 23:42:39 2023 elpatagonias (Red) [Grenade]
Mon Aug  7 23:42:39 2023 Aulain (Red) [Headshot] ←tommyturner (Blue)
Mon Aug  7 23:42:41 2023 Player KillingDeath has left
Mon Aug  7 23:42:42 2023 snoop (Red) [Headshot] Jakkz_ (Blue)
Mon Aug  7 23:42:43 2023 Aulain (Red) [Headshot] Pepsi (Blue)
Mon Aug  7 23:42:52 2023  Visit our community forums at https://aloha.pk/
Mon Aug  7 23:42:54 2023 Jakkz_ (Blue) [Headshot] Aulain (Red)
Mon Aug  7 23:42:54 2023 You must be closer to the enemy's base to grenade blocks!
Mon Aug  7 23:42:56 2023 Player Pepsi has left
Mon Aug  7 23:43:04 2023 L3gerity joined Blue team
Mon Aug  7 23:43:04 2023 Jakkz_ (Blue) [Headshot] elpatagonias (Red)
Mon Aug  7 23:43:22 2023  Come chat with us at https://discord.aloha.pk/
Mon Aug  7 23:43:33 2023 Harry (Blue) [Headshot] Aulain (Red)
Mon Aug  7 23:43:34 2023 snoop (Red) [Headshot] ←tommyturner (Blue)
Mon Aug  7 23:43:37 2023 ophzin (Red) [Headshot] William (Blue)
Mon Aug  7 23:43:37 2023 Harry (Blue) [Headshot] Aulain (Red)
Mon Aug  7 23:43:48 2023 L3gerity (Blue) [Grenade]
Mon Aug  7 23:43:50 2023 Harry (Blue) [Headshot] Aulain (Red)
Mon Aug  7 23:43:50 2023 ophzin (Red) [SMG] William (Blue)
Mon Aug  7 23:43:52 2023  If you believe a player is breaking the rules, please let us know with /ADMIN
Mon Aug  7 23:43:54 2023 Koin539 joined Blue team
Mon Aug  7 23:44:01 2023 [Global] ophzin (Red): w
Mon Aug  7 23:44:01 2023 L3gerity (Blue) [Headshot] ophzin (Red)
Mon Aug  7 23:44:08 2023 snoop (Red) [Headshot] ←tommyturner (Blue)
Mon Aug  7 23:44:18 2023 Jakkz_ (Blue) [Headshot] ophzin (Red)
Mon Aug  7 23:44:20 2023 Aulain (Red) [Headshot] Harry (Blue)
Mon Aug  7 23:44:22 2023  Mahalo for playing aloha.pk tower of babel
Mon Aug  7 23:44:27 2023 L3gerity (Blue) [Headshot] ophzin (Red)
Mon Aug  7 23:44:34 2023 Player William has left
Mon Aug  7 23:44:40 2023 snoop (Red) [SMG] Harry (Blue)
Mon Aug  7 23:44:51 2023 ophzin (Red) [Headshot] Jakkz_ (Blue)
Mon Aug  7 23:44:52 2023 ophzin (Red) [SMG] L3gerity (Blue)
Mon Aug  7 23:44:52 2023  Build a tower to get the enemy's intel. Take it to your team's tent to win!
Mon Aug  7 23:44:59 2023 [Global] ophzin (Red): bots
Mon Aug  7 23:45:01 2023 You must be closer to the enemy's base to shoot blocks!
Mon Aug  7 23:45:05 2023 ←tommyturner picked up Red's Intel.
Mon Aug  7 23:45:09 2023 ←tommyturner dropped Red's Intel
Mon Aug  7 23:45:09 2023  The intel has returned to the heavens
Mon Aug  7 23:45:09 2023 ←tommyturner (Blue) [Fall]
Mon Aug  7 23:45:17 2023 Harry (Blue) [Headshot] Aulain (Red)
Mon Aug  7 23:45:18 2023 ←tommyturner (Blue) [SMG] TangaLoca (Red)
Mon Aug  7 23:45:20 2023 Player Aulain has left
Mon Aug  7 23:45:22 2023  Type /HELP for info & commands
Mon Aug  7 23:45:25 2023 snoop (Red) [Weapon Change]
Mon Aug  7 23:45:29 2023 ophzin (Red) [Headshot] Jakkz_ (Blue)
Mon Aug  7 23:45:29 2023 Harry (Blue) [Grenade]
Mon Aug  7 23:45:29 2023 You must be closer to the enemy's base to grenade blocks!
Mon Aug  7 23:45:34 2023 L3gerity (Blue) [Melee] TangaLoca (Red)
Mon Aug  7 23:45:39 2023 ophzin (Red) [Headshot] Harry (Blue)
Mon Aug  7 23:45:39 2023 Jakkz_ (Blue) [Headshot] ophzin (Red)
Mon Aug  7 23:45:44 2023 TangaLoca (Red) [Headshot] L3gerity (Blue)
Mon Aug  7 23:45:48 2023 ALetz joined Red team
Mon Aug  7 23:45:49 2023 Player L3gerity has left
Mon Aug  7 23:45:52 2023  Visit our community forums at https://aloha.pk/
Mon Aug  7 23:45:54 2023 ←tommyturner picked up Red's Intel.
Mon Aug  7 23:45:59 2023 Player Koin539 has left
Mon Aug  7 23:46:17 2023 Jakkz_ (Blue) [SMG] TangaLoca (Red)
Mon Aug  7 23:46:21 2023 ophzin (Red) [Headshot] Jakkz_ (Blue)
Mon Aug  7 23:46:22 2023  Come chat with us at https://discord.aloha.pk/
Mon Aug  7 23:46:30 2023 Jakkz_ (Blue) [SMG] ALetz (Red)
Mon Aug  7 23:46:30 2023 Jakkz_ (Blue) [SMG] ophzin (Red)
Mon Aug  7 23:46:34 2023 TangaLoca (Red) [Grenade] Harry (Blue)
Mon Aug  7 23:46:34 2023 ←tommyturner captured Red's Intel.
Mon Aug  7 23:46:36 2023 bilboswaggins (Red) [Headshot] ←tommyturner (Blue)
Mon Aug  7 23:46:48 2023 bilboswaggins (Red) [SMG] ←tommyturner (Blue)
Mon Aug  7 23:46:52 2023  If you believe a player is breaking the rules, please let us know with /ADMIN
Mon Aug  7 23:46:54 2023 Jakkz_ (Blue) [SMG] elpatagonias (Red)
Mon Aug  7 23:47:08 2023 Jakkz_ (Blue) [SMG] TangaLoca (Red)
Mon Aug  7 23:47:13 2023 ←tommyturner (Blue) [Melee] bilboswaggins (Red)
Mon Aug  7 23:47:14 2023 Harry (Blue) [Headshot] ophzin (Red)
Mon Aug  7 23:47:22 2023 elpatagonias (Red) [Shotgun] Harry (Blue)
Mon Aug  7 23:47:22 2023  Mahalo for playing aloha.pk tower of babel
Mon Aug  7 23:47:38 2023 You must be closer to the enemy's base to shoot blocks!
Mon Aug  7 23:47:46 2023 elpatagonias (Red) [Shotgun] Harry (Blue)
Mon Aug  7 23:47:51 2023 ALetz (Red) [SMG] ←tommyturner (Blue)
Mon Aug  7 23:47:52 2023  Build a tower to get the enemy's intel. Take it to your team's tent to win!
Mon Aug  7 23:47:56 2023 Jakkz_ (Blue) [SMG] ophzin (Red)
Mon Aug  7 23:47:57 2023 Gubhjaa joined Blue team
Mon Aug  7 23:48:00 2023 elpatagonias (Red) [Headshot] Harry (Blue)
Mon Aug  7 23:48:09 2023 Jakkz_ (Blue) [SMG] TangaLoca (Red)
Mon Aug  7 23:48:10 2023 elpatagonias (Red) [Headshot] ←tommyturner (Blue)
Mon Aug  7 23:48:11 2023 Jakkz_ (Blue) [Headshot] bilboswaggins (Red)
Mon Aug  7 23:48:16 2023 Jakkz_ (Blue) [SMG] elpatagonias (Red)
Mon Aug  7 23:48:17 2023 ALetz (Red) [SMG] ←tommyturner (Blue)
Mon Aug  7 23:48:18 2023 Captain Manio joined Blue team
Mon Aug  7 23:48:21 2023 snoop (Red) [Headshot] Gubhjaa (Blue)
Mon Aug  7 23:48:21 2023 Harry (Blue) [Headshot] snoop (Red)
Mon Aug  7 23:48:22 2023  Type /HELP for info & commands
Mon Aug  7 23:48:28 2023 Harry (Blue) [Headshot] ophzin (Red)
Mon Aug  7 23:48:34 2023 ALetz (Red) [SMG]
Mon Aug  7 23:48:43 2023 elpatagonias (Red) [Team Change]
Mon Aug  7 23:48:46 2023 ophzin (Red) [SMG] Harry (Blue)
Mon Aug  7 23:48:48 2023 elpatagonias joined Blue team
Mon Aug  7 23:48:52 2023  Visit our community forums at https://aloha.pk/
Mon Aug  7 23:48:58 2023 Harry (Blue) [Headshot] TangaLoca (Red)
Mon Aug  7 23:49:00 2023 Harry (Blue) [Headshot] ophzin (Red)
Mon Aug  7 23:49:01 2023 elpatagonias (Blue) [Team Change]
Mon Aug  7 23:49:12 2023 elpatagonias joined Red team
Mon Aug  7 23:49:13 2023 Harry (Blue) [Headshot] TangaLoca (Red)
Mon Aug  7 23:49:21 2023 Harry (Blue) [Headshot] elpatagonias (Red)
Mon Aug  7 23:49:22 2023 Gubhjaa (Blue) [Headshot] bilboswaggins (Red)
Mon Aug  7 23:49:22 2023  Come chat with us at https://discord.aloha.pk/
Mon Aug  7 23:49:27 2023 Gubhjaa (Blue) [Headshot] ophzin (Red)
Mon Aug  7 23:49:36 2023 Harry (Blue) [Rifle] TangaLoca (Red)
Mon Aug  7 23:49:38 2023 Captain Manio (Blue) [SMG] ALetz (Red)
Mon Aug  7 23:49:38 2023 Gubhjaa (Blue) [Headshot] bilboswaggins (Red)
Mon Aug  7 23:49:42 2023 Harry (Blue) [Headshot] ophzin (Red)
Mon Aug  7 23:49:52 2023  If you believe a player is breaking the rules, please let us know with /ADMIN
Mon Aug  7 23:49:55 2023 Harry (Blue) [Headshot] TangaLoca (Red)
Mon Aug  7 23:49:57 2023 Harry (Blue) [Headshot] ophzin (Red)
Mon Aug  7 23:50:04 2023 [Global] TangaLoca (Red): ehhh bueno harryyy
Mon Aug  7 23:50:15 2023 Gubhjaa (Blue) [Headshot] ophzin (Red)
Mon Aug  7 23:50:18 2023 Harry (Blue) [Headshot] TangaLoca (Red)
Mon Aug  7 23:50:22 2023  Mahalo for playing aloha.pk tower of babel
Mon Aug  7 23:50:23 2023 elpatagonias (Red) [SMG] Gubhjaa (Blue)
Mon Aug  7 23:50:26 2023 Only 10 more kills in your killstreak until you unlock the apocalypse!
Mon Aug  7 23:50:26 2023 You need 1 intel capture(s) to unlock the apocalypse!
Mon Aug  7 23:50:26 2023 Harry (Blue) [Headshot] elpatagonias (Red)
Mon Aug  7 23:50:34 2023 Harry (Blue) [Headshot] ophzin (Red)
Mon Aug  7 23:50:37 2023 TangaLoca (Red) [SMG] Harry (Blue)
Mon Aug  7 23:50:37 2023 ophzin (Red) [Weapon Change]
Mon Aug  7 23:50:52 2023  Build a tower to get the enemy's intel. Take it to your team's tent to win!
Mon Aug  7 23:50:59 2023 Harry (Blue) [Headshot] TangaLoca (Red)
Mon Aug  7 23:51:02 2023 You must be closer to the enemy's base to shoot blocks!
Mon Aug  7 23:51:04 2023 Harry (Blue) [Headshot] snoop (Red)
Mon Aug  7 23:51:08 2023 Gubhjaa (Blue) [Headshot] bilboswaggins (Red)
Mon Aug  7 23:51:09 2023 Harry (Blue) [Headshot] ophzin (Red)
Mon Aug  7 23:51:13 2023 elpatagonias (Red) [Headshot] Gubhjaa (Blue)
Mon Aug  7 23:51:14 2023 Jakkz_ (Blue) [Headshot] ALetz (Red)
Mon Aug  7 23:51:22 2023  Type /HELP for info & commands
Mon Aug  7 23:51:24 2023 ophzin (Red) [SMG] Harry (Blue)
Mon Aug  7 23:51:25 2023 TangaLoca (Red) [SMG] Jakkz_ (Blue)
Mon Aug  7 23:51:28 2023 Gubhjaa (Blue) [Headshot] elpatagonias (Red)
Mon Aug  7 23:51:29 2023 Captain Manio (Blue) [Headshot] ophzin (Red)
Mon Aug  7 23:51:32 2023 Harry (Blue) [Rifle] TangaLoca (Red)
Mon Aug  7 23:51:37 2023 Captain Manio (Blue) [SMG] bilboswaggins (Red)
Mon Aug  7 23:51:44 2023 Captain Manio (Blue) [Headshot] ophzin (Red)
Mon Aug  7 23:51:48 2023 Harry (Blue) [Headshot] elpatagonias (Red)
Mon Aug  7 23:51:51 2023 Captain Manio (Blue) [Headshot] bilboswaggins (Red)
Mon Aug  7 23:51:52 2023  Visit our community forums at https://aloha.pk/
Mon Aug  7 23:52:02 2023 Captain Manio (Blue) [Headshot] ophzin (Red)
Mon Aug  7 23:52:05 2023 Harry (Blue) [Rifle] TangaLoca (Red)
Mon Aug  7 23:52:10 2023 Captain Manio (Blue) [SMG] bilboswaggins (Red)
Mon Aug  7 23:52:11 2023 Harry (Blue) [Headshot] elpatagonias (Red)
Mon Aug  7 23:52:14 2023 bilboswaggins (Red) [SMG] Harry (Blue)
Mon Aug  7 23:52:19 2023 ALetz (Red) [SMG] Captain Manio (Blue)
Mon Aug  7 23:52:22 2023  Come chat with us at https://discord.aloha.pk/
Mon Aug  7 23:52:35 2023 Harry (Blue) [Headshot] snoop (Red)
Mon Aug  7 23:52:39 2023 ophzin (Red) [Headshot] Jakkz_ (Blue)
Mon Aug  7 23:52:40 2023 snoop (Red) [Weapon Change]
Mon Aug  7 23:52:45 2023 Captain Manio (Blue) [Fall]
Mon Aug  7 23:52:45 2023 Harry (Blue) [Headshot] bilboswaggins (Red)
Mon Aug  7 23:52:48 2023 Harry (Blue) [Headshot] TangaLoca (Red)
Mon Aug  7 23:52:52 2023  If you believe a player is breaking the rules, please let us know with /ADMIN
Mon Aug  7 23:52:56 2023 Harry (Blue) [Headshot] TangaLoca (Red)
Mon Aug  7 23:53:00 2023 Jakkz_ (Blue) [Headshot] ophzin (Red)
Mon Aug  7 23:53:03 2023 Gubhjaa (Blue) [Headshot] elpatagonias (Red)
Mon Aug  7 23:53:05 2023 Harry (Blue) [Headshot] snoop (Red)
Mon Aug  7 23:53:06 2023 Captain Manio (Blue) [Headshot] ALetz (Red)
Mon Aug  7 23:53:10 2023 Gubhjaa (Blue) [Headshot] bilboswaggins (Red)
Mon Aug  7 23:53:17 2023 ←tommyturner picked up Red's Intel.
Mon Aug  7 23:53:21 2023 Gubhjaa (Blue) [Headshot] elpatagonias (Red)
Mon Aug  7 23:53:22 2023  Mahalo for playing aloha.pk tower of babel
Mon Aug  7 23:53:25 2023 Player elpatagonias has left
Mon Aug  7 23:53:29 2023 Harry (Blue) [Headshot] ALetz (Red)
Mon Aug  7 23:53:30 2023 TangaLoca (Red) [Headshot] Harry (Blue)
Mon Aug  7 23:53:36 2023 Captain Manio (Blue) [Headshot] bilboswaggins (Red)
Mon Aug  7 23:53:38 2023 Jakkz_ (Blue) [Headshot] ophzin (Red)
Mon Aug  7 23:53:43 2023 Jakkz_ (Blue) [Headshot] TangaLoca (Red)
Mon Aug  7 23:53:48 2023 ←tommyturner captured Red's Intel.
Mon Aug  7 23:53:50 2023 Gubhjaa (Blue) [Headshot] snoop (Red)
Mon Aug  7 23:53:51 2023 Gubhjaa (Blue) [Headshot] ophzin (Red)
Mon Aug  7 23:53:52 2023 Jakkz_ (Blue) [Headshot] ALetz (Red)
Mon Aug  7 23:53:52 2023  Build a tower to get the enemy's intel. Take it to your team's tent to win!
Mon Aug  7 23:54:00 2023 Gubhjaa (Blue) [Headshot] TangaLoca (Red)
Mon Aug  7 23:54:08 2023 Harry (Blue) [Headshot] ALetz (Red)
Mon Aug  7 23:54:09 2023 Harry (Blue) [Headshot] ophzin (Red)
Mon Aug  7 23:54:15 2023 ←tommyturner picked up Red's Intel.
Mon Aug  7 23:54:15 2023 Gubhjaa (Blue) [Headshot] snoop (Red)
Mon Aug  7 23:54:20 2023 Captain Manio (Blue) [Headshot] bilboswaggins (Red)
Mon Aug  7 23:54:22 2023  Type /HELP for info & commands
Mon Aug  7 23:54:23 2023 Jakkz_ (Blue) [Headshot] ophzin (Red)
Mon Aug  7 23:54:25 2023 Harry (Blue) [Rifle] TangaLoca (Red)
Mon Aug  7 23:54:26 2023 Jakkz_ (Blue) [SMG] ALetz (Red)
Mon Aug  7 23:54:30 2023 bilboswaggins (Red) [Headshot] Captain Manio (Blue)
Mon Aug  7 23:54:30 2023 Gubhjaa (Blue) [Headshot] snoop (Red)
Mon Aug  7 23:54:39 2023 bilboswaggins (Red) [SMG] Gubhjaa (Blue)
Mon Aug  7 23:54:40 2023 ←tommyturner captured Red's Intel.
Mon Aug  7 23:54:41 2023 Harry (Blue) [Headshot] TangaLoca (Red)
Mon Aug  7 23:54:42 2023 Harry (Blue) [Headshot] ALetz (Red)
Mon Aug  7 23:54:44 2023 ophzin (Red) [Headshot] Harry (Blue)
Mon Aug  7 23:54:52 2023  Visit our community forums at https://aloha.pk/
Mon Aug  7 23:54:55 2023 Captain Manio (Blue) [SMG] ophzin (Red)
Mon Aug  7 23:54:58 2023 Jakkz_ (Blue) [Headshot] snoop (Red)
Mon Aug  7 23:55:04 2023 Captain Manio (Blue) [SMG] bilboswaggins (Red)
Mon Aug  7 23:55:06 2023 ←tommyturner picked up Red's Intel.
Mon Aug  7 23:55:09 2023 Captain Manio (Blue) [SMG] ophzin (Red)
Mon Aug  7 23:55:13 2023 You can't build near the enemy's tower!
Mon Aug  7 23:55:14 2023 You can't build near the enemy's tower!
Mon Aug  7 23:55:15 2023 You can't build near the enemy's tower!
Mon Aug  7 23:55:17 2023 You can't build near the enemy's tower!
Mon Aug  7 23:55:21 2023 snoop (Red) [Headshot] Harry (Blue)
Mon Aug  7 23:55:22 2023 Jakkz_ (Blue) [Headshot] TangaLoca (Red)
Mon Aug  7 23:55:22 2023  Come chat with us at https://discord.aloha.pk/
Mon Aug  7 23:55:24 2023 Captain Manio (Blue) [SMG] ALetz (Red)
Mon Aug  7 23:55:25 2023 Jakkz_ (Blue) [Headshot] ophzin (Red)
Mon Aug  7 23:55:28 2023 Jakkz_ (Blue) [Headshot] snoop (Red)
Mon Aug  7 23:55:28 2023 bilboswaggins (Red) [SMG] Gubhjaa (Blue)
Mon Aug  7 23:55:31 2023 Captain Manio (Blue) [Headshot] bilboswaggins (Red)
Mon Aug  7 23:55:35 2023 ←tommyturner captured Red's Intel.
Mon Aug  7 23:55:38 2023 Jakkz_ (Blue) [Headshot] TangaLoca (Red)
Mon Aug  7 23:55:45 2023 Jakkz_ (Blue) [Headshot] ophzin (Red)
Mon Aug  7 23:55:48 2023 Harry (Blue) [Headshot] ALetz (Red)
Mon Aug  7 23:55:51 2023 Captain Manio (Blue) [SMG] bilboswaggins (Red)
Mon Aug  7 23:55:52 2023  If you believe a player is breaking the rules, please let us know with /ADMIN
Mon Aug  7 23:55:53 2023 Harry (Blue) [Headshot] snoop (Red)
Mon Aug  7 23:55:58 2023 ophzin (Red) [Headshot] Jakkz_ (Blue)
Mon Aug  7 23:55:59 2023 TangaLoca (Red) [Grenade] Harry (Blue)
Mon Aug  7 23:56:09 2023 Gubhjaa (Blue) [Headshot] bilboswaggins (Red)
Mon Aug  7 23:56:13 2023 Captain Manio (Blue) [Headshot] ophzin (Red)
Mon Aug  7 23:56:14 2023 TangaLoca (Red) [Headshot] Gubhjaa (Blue)
Mon Aug  7 23:56:16 2023 Captain Manio (Blue) [Headshot] snoop (Red)
Mon Aug  7 23:56:22 2023  Mahalo for playing aloha.pk tower of babel
Mon Aug  7 23:56:23 2023 Jakkz_ (Blue) [Headshot] bilboswaggins (Red)
Mon Aug  7 23:56:24 2023 Captain Manio (Blue) [Headshot] TangaLoca (Red)
Mon Aug  7 23:56:28 2023 [Global] ophzin (Red): capitan maio aim bot
Mon Aug  7 23:56:31 2023 [Global] Captain Manio (Blue): What
Mon Aug  7 23:56:32 2023 [Global] Captain Manio (Blue): lol
Mon Aug  7 23:56:36 2023 [Global] Captain Manio (Blue): I'm flattered man
Mon Aug  7 23:56:37 2023 TangaLoca (Red) [Grenade] Harry (Blue)
Mon Aug  7 23:56:39 2023 ←tommyturner picked up Red's Intel.
Mon Aug  7 23:56:43 2023 Gubhjaa (Blue) [SMG] bilboswaggins (Red)
Mon Aug  7 23:56:44 2023 ALetz (Red) [SMG] Captain Manio (Blue)
Mon Aug  7 23:56:52 2023  Build a tower to get the enemy's intel. Take it to your team's tent to win!
Mon Aug  7 23:56:55 2023 [Global] Jakkz_ (Blue): whos the bot now? hahahahahahaahah
Mon Aug  7 23:56:57 2023 bilboswaggins (Red) [Headshot] Gubhjaa (Blue)
Mon Aug  7 23:57:00 2023 Jakkz_ (Blue) [Headshot] bilboswaggins (Red)
Mon Aug  7 23:57:05 2023 ←tommyturner captured Red's Intel.
Mon Aug  7 23:57:05 2023  With 1638 blocks placed, ←tommyturner is granted the right to unleash the apocalypse.
Mon Aug  7 23:57:08 2023 Captain Manio (Blue) [SMG] snoop (Red)
Mon Aug  7 23:57:17 2023 [Global] ophzin (Red): kkkkkkkkkkkkkkkkkkkkkkkkkkkkkkkkkkkkkkkkkkkkkkkk
Mon Aug  7 23:57:17 2023 Jakkz_ (Blue) [Headshot] TangaLoca (Red)
Mon Aug  7 23:57:19 2023 ophzin (Red) [SMG]
Mon Aug  7 23:57:22 2023 [Global] Gubhjaa (Blue): lol
Mon Aug  7 23:57:22 2023  Type /HELP for info & commands
Mon Aug  7 23:57:23 2023 bilboswaggins (Red) [SMG] Jakkz_ (Blue)
Mon Aug  7 23:57:24 2023 [Global] Captain Manio (Blue): apoc
Mon Aug  7 23:57:25 2023 Gubhjaa (Blue) [SMG] bilboswaggins (Red)
Mon Aug  7 23:57:34 2023 [Global] ophzin (Red): fuck
Mon Aug  7 23:57:37 2023 ALetz (Red) [Fall]
Mon Aug  7 23:57:40 2023 Harry (Blue) [Headshot] bilboswaggins (Red)
Mon Aug  7 23:57:49 2023 Gubhjaa (Blue) [Headshot] TangaLoca (Red)
Mon Aug  7 23:57:51 2023 bilboswaggins (Red) [Headshot] Harry (Blue)
Mon Aug  7 23:57:52 2023  Visit our community forums at https://aloha.pk/
Mon Aug  7 23:57:59 2023 Gubhjaa (Blue) [Headshot] bilboswaggins (Red)
Mon Aug  7 23:57:59 2023 LGG joined Spectator team
Mon Aug  7 23:58:02 2023 Player snoop has left
Mon Aug  7 23:58:02 2023 ophzin (Red) [SMG]
Mon Aug  7 23:58:06 2023 Player LGG has left
Mon Aug  7 23:58:07 2023 bilboswaggins (Red) [SMG] Gubhjaa (Blue)
Mon Aug  7 23:58:13 2023 ←tommyturner picked up Red's Intel.
Mon Aug  7 23:58:18 2023 bilboswaggins (Red) [Headshot] Jakkz_ (Blue)
Mon Aug  7 23:58:19 2023 bilboswaggins (Red) [SMG]
Mon Aug  7 23:58:21 2023 Captain Manio (Blue) [SMG] TangaLoca (Red)
Mon Aug  7 23:58:22 2023  Come chat with us at https://discord.aloha.pk/
Mon Aug  7 23:58:29 2023 Gubhjaa (Blue) [SMG] ophzin (Red)
Mon Aug  7 23:58:30 2023 Captain Manio (Blue) [Headshot] TangaLoca (Red)
Mon Aug  7 23:58:34 2023 Harry (Blue) [Headshot] bilboswaggins (Red)
Mon Aug  7 23:58:35 2023 LGG joined Blue team
Mon Aug  7 23:58:37 2023 Harry (Blue) [Headshot] TangaLoca (Red)
Mon Aug  7 23:58:39 2023 ALetz (Red) [SMG] Captain Manio (Blue)
Mon Aug  7 23:58:42 2023 ←tommyturner captured Red's Intel.
Mon Aug  7 23:58:50 2023 bilboswaggins (Red) [Headshot] Harry (Blue)
Mon Aug  7 23:58:50 2023 Gubhjaa (Blue) [Headshot] ophzin (Red)
Mon Aug  7 23:58:52 2023  If you believe a player is breaking the rules, please let us know with /ADMIN
Mon Aug  7 23:58:55 2023 Gubhjaa (Blue) [Headshot] TangaLoca (Red)
Mon Aug  7 23:58:56 2023 bilboswaggins (Red) [SMG] Jakkz_ (Blue)
Mon Aug  7 23:58:58 2023 Gubhjaa (Blue) [SMG] bilboswaggins (Red)
Mon Aug  7 23:59:04 2023 bilboswaggins (Red) [Headshot] Gubhjaa (Blue)
Mon Aug  7 23:59:18 2023 Harry (Blue) [Headshot] TangaLoca (Red)
Mon Aug  7 23:59:19 2023 LGG picked up Red's Intel.
Mon Aug  7 23:59:22 2023  Mahalo for playing aloha.pk tower of babel
Mon Aug  7 23:59:29 2023 ALetz (Red) [Headshot] Captain Manio (Blue)
Mon Aug  7 23:59:34 2023 Jakkz_ (Blue) [Headshot] ophzin (Red)
Mon Aug  7 23:59:43 2023 TangaLoca (Red) [Headshot] Jakkz_ (Blue)
Mon Aug  7 23:59:43 2023 -sky-zZzobitozZ joined Red team
Mon Aug  7 23:59:46 2023 Gubhjaa (Blue) [SMG] ophzin (Red)
Mon Aug  7 23:59:52 2023  Build a tower to get the enemy's intel. Take it to your team's tent to win!
Mon Aug  7 23:59:55 2023 LGG captured Red's Intel.
Mon Aug  7 23:59:55 2023 Gubhjaa (Blue) [Headshot] TangaLoca (Red)
Mon Aug  7 23:59:56 2023 Captain Manio (Blue) [SMG] bilboswaggins (Red)
Tue Aug  8 00:00:00 2023 Player -sky-zZzobitozZ has left
Tue Aug  8 00:00:01 2023 ophzin (Red) [Headshot] Gubhjaa (Blue)
Tue Aug  8 00:00:11 2023 Erick joined Spectator team
Tue Aug  8 00:00:12 2023 TangaLoca (Red) [Headshot] Harry (Blue)
Tue Aug  8 00:00:12 2023 Jakkz_ (Blue) [Headshot] ophzin (Red)
Tue Aug  8 00:00:15 2023 bilboswaggins (Red) [Headshot] Captain Manio (Blue)
Tue Aug  8 00:00:18 2023 TangaLoca (Red) [SMG] LGG (Blue)
Tue Aug  8 00:00:22 2023  Type /HELP for info & commands
Tue Aug  8 00:00:27 2023 [Global] Captain Manio (Blue): We must destroy their tower in retaliation
Tue Aug  8 00:00:35 2023 [Global] Captain Manio (Blue): To what they've done to ours
Tue Aug  8 00:00:38 2023 Jakkz_ (Blue) [SMG] ophzin (Red)
Tue Aug  8 00:00:38 2023 Harry (Blue) [Headshot] TangaLoca (Red)
Tue Aug  8 00:00:42 2023 Erick joined Red team
Tue Aug  8 00:00:44 2023 ALetz (Red) [SMG] ←tommyturner (Blue)
Tue Aug  8 00:00:52 2023 Harry (Blue) [Headshot] TangaLoca (Red)
Tue Aug  8 00:00:52 2023  Visit our community forums at https://aloha.pk/
Tue Aug  8 00:00:56 2023 Erick (Red) [SMG] Gubhjaa (Blue)
Tue Aug  8 00:00:56 2023 Captain Manio (Blue) [Headshot] ophzin (Red)
Tue Aug  8 00:00:57 2023 ALetz (Red) [Headshot] Captain Manio (Blue)
Tue Aug  8 00:01:02 2023 Jakkz_ (Blue) [SMG] Erick (Red)
Tue Aug  8 00:01:08 2023 Harry (Blue) [Headshot] TangaLoca (Red)
Tue Aug  8 00:01:11 2023 Gubhjaa (Blue) [Headshot] bilboswaggins (Red)
Tue Aug  8 00:01:11 2023 ophzin (Red) [Headshot] Jakkz_ (Blue)
Tue Aug  8 00:01:13 2023 Harry (Blue) [Headshot] Erick (Red)
Tue Aug  8 00:01:16 2023 bilboswaggins (Red) [SMG] LGG (Blue)
Tue Aug  8 00:01:18 2023 [Global] ophzin (Red): bot
Tue Aug  8 00:01:22 2023  Come chat with us at https://discord.aloha.pk/
Tue Aug  8 00:01:24 2023 bilboswaggins (Red) [Headshot] Harry (Blue)
Tue Aug  8 00:01:28 2023 [Global] Jakkz_ (Blue): cry more
Tue Aug  8 00:01:37 2023 Erick (Red) [Headshot] Captain Manio (Blue)
Tue Aug  8 00:01:40 2023 Jakkz_ (Blue) [Headshot] Erick (Red)
Tue Aug  8 00:01:41 2023 Harry (Blue) [Grenade] TangaLoca (Red)
Tue Aug  8 00:01:41 2023 You must be closer to the enemy's base to shoot blocks!
Tue Aug  8 00:01:42 2023 You must be closer to the enemy's base to shoot blocks!
Tue Aug  8 00:01:46 2023 bilboswaggins (Red) [Headshot] Gubhjaa (Blue)
Tue Aug  8 00:01:52 2023  If you believe a player is breaking the rules, please let us know with /ADMIN
Tue Aug  8 00:01:54 2023 bilboswaggins (Red) [Headshot] ←tommyturner (Blue)
Tue Aug  8 00:01:56 2023 ophzin (Red) [SMG] Jakkz_ (Blue)
Tue Aug  8 00:01:57 2023 Harry (Blue) [Headshot] TangaLoca (Red)
Tue Aug  8 00:02:00 2023  ←tommyturner has unleashed an apocalypse from God.
Tue Aug  8 00:02:02 2023  The apocalypse begins in 5
Tue Aug  8 00:02:03 2023  The apocalypse begins in 4
Tue Aug  8 00:02:04 2023  The apocalypse begins in 3
Tue Aug  8 00:02:04 2023 [Global] Captain Manio (Blue): About time
Tue Aug  8 00:02:05 2023  The apocalypse begins in 2
Tue Aug  8 00:02:06 2023  The apocalypse begins in 1
Tue Aug  8 00:02:08 2023 Gubhjaa (Blue) [SMG] bilboswaggins (Red)
Tue Aug  8 00:02:09 2023 ←tommyturner (Blue) [Grenade] ophzin (Red)
Tue Aug  8 00:02:10 2023 LGG (Blue) [Fall]
Tue Aug  8 00:02:16 2023 ←tommyturner (Blue) [Grenade] bilboswaggins (Red)
Tue Aug  8 00:02:17 2023 Erick (Red) [Headshot] ←tommyturner (Blue)
Tue Aug  8 00:02:18 2023 ←tommyturner (Blue) [Grenade] ophzin (Red)
Tue Aug  8 00:02:18 2023 ALetz (Red) [Headshot] Captain Manio (Blue)
Tue Aug  8 00:02:20 2023  The apocalypse has ended.
Tue Aug  8 00:02:22 2023  Mahalo for playing aloha.pk tower of babel
Tue Aug  8 00:02:30 2023 Gubhjaa (Blue) [SMG] ALetz (Red)
Tue Aug  8 00:02:32 2023 Harry (Blue) [Headshot] TangaLoca (Red)
Tue Aug  8 00:02:35 2023 Harry (Blue) [Headshot] bilboswaggins (Red)
Tue Aug  8 00:02:37 2023 Jakkz_ (Blue) [Headshot] ophzin (Red)
Tue Aug  8 00:02:41 2023 Captain Manio (Blue) [Headshot] Erick (Red)
Tue Aug  8 00:02:47 2023 bilboswaggins (Red) [SMG] Harry (Blue)
Tue Aug  8 00:02:52 2023 Jakkz_ (Blue) [Headshot] bilboswaggins (Red)
Tue Aug  8 00:02:52 2023  Build a tower to get the enemy's intel. Take it to your team's tent to win!
Tue Aug  8 00:02:54 2023 Jakkz_ (Blue) [Headshot] TangaLoca (Red)
Tue Aug  8 00:02:55 2023 Erick (Red) [Headshot] Jakkz_ (Blue)
Tue Aug  8 00:02:58 2023 Captain Manio (Blue) [Headshot] ALetz (Red)
Tue Aug  8 00:03:01 2023 Harry (Blue) [Headshot] Erick (Red)
Tue Aug  8 00:03:12 2023 bilboswaggins (Red) [Headshot] Harry (Blue)
Tue Aug  8 00:03:13 2023 Jakkz_ (Blue) [SMG] bilboswaggins (Red)
Tue Aug  8 00:03:18 2023 Captain Manio (Blue) [Headshot] ALetz (Red)
Tue Aug  8 00:03:22 2023  Type /HELP for info & commands
Tue Aug  8 00:03:23 2023 Erick (Red) [Headshot] LGG (Blue)
Tue Aug  8 00:03:28 2023 Player LGG has left
Tue Aug  8 00:03:32 2023 ←tommyturner picked up Red's Intel.
Tue Aug  8 00:03:34 2023 Jakkz_ (Blue) [Headshot] bilboswaggins (Red)
Tue Aug  8 00:03:35 2023 Captain Manio (Blue) [SMG] ALetz (Red)
Tue Aug  8 00:03:36 2023 Erick (Red) [Headshot] Harry (Blue)
Tue Aug  8 00:03:39 2023 Captain Manio (Blue) [Headshot] bilboswaggins (Red)
Tue Aug  8 00:03:44 2023 Player bilboswaggins has left
Tue Aug  8 00:03:45 2023 Jakkz_ (Blue) [Headshot] TangaLoca (Red)
Tue Aug  8 00:03:47 2023 Captain Manio (Blue) [SMG] ophzin (Red)
Tue Aug  8 00:03:51 2023 Captain Manio (Blue) [Headshot] ALetz (Red)
Tue Aug  8 00:03:52 2023  Visit our community forums at https://aloha.pk/
Tue Aug  8 00:03:54 2023 LGG joined Blue team
Tue Aug  8 00:03:54 2023 Captain Manio (Blue) [Headshot] ophzin (Red)
Tue Aug  8 00:03:57 2023 Jakkz_ (Blue) [Headshot] TangaLoca (Red)
Tue Aug  8 00:03:58 2023 ←tommyturner captured Red's Intel.
Tue Aug  8 00:04:03 2023 Captain Manio (Blue) [Headshot] ALetz (Red)
Tue Aug  8 00:04:05 2023 ophzin (Red) [SMG] Captain Manio (Blue)
Tue Aug  8 00:04:05 2023 Jakkz_ (Blue) [Headshot] TangaLoca (Red)
Tue Aug  8 00:04:11 2023 [Global] ophzin (Red): bot
Tue Aug  8 00:04:14 2023 [Global] Captain Manio (Blue): lol
Tue Aug  8 00:04:16 2023 [Global] Gubhjaa (Blue): kys
Tue Aug  8 00:04:22 2023 Harry (Blue) [Headshot] TangaLoca (Red)
Tue Aug  8 00:04:22 2023  Come chat with us at https://discord.aloha.pk/
Tue Aug  8 00:04:24 2023 ←tommyturner picked up Red's Intel.
Tue Aug  8 00:04:27 2023 Harry (Blue) [Headshot] TangaLoca (Red)
Tue Aug  8 00:04:29 2023 Jakkz_ (Blue) [Headshot] ophzin (Red)
Tue Aug  8 00:04:46 2023 TangaLoca (Red) [Headshot] Harry (Blue)
Tue Aug  8 00:04:52 2023 Jakkz_ (Blue) [Headshot] TangaLoca (Red)
Tue Aug  8 00:04:52 2023 ←tommyturner captured Red's Intel.
Tue Aug  8 00:04:52 2023  If you believe a player is breaking the rules, please let us know with /ADMIN
Tue Aug  8 00:05:17 2023 Captain Manio (Blue) [Headshot] TangaLoca (Red)
Tue Aug  8 00:05:18 2023 ←tommyturner picked up Red's Intel.
Tue Aug  8 00:05:19 2023 You must be closer to the enemy's base to shoot blocks!
Tue Aug  8 00:05:22 2023  Mahalo for playing aloha.pk tower of babel
Tue Aug  8 00:05:30 2023 Jakkz_ (Blue) [Headshot] ophzin (Red)
Tue Aug  8 00:05:30 2023 TangaLoca (Red) [Headshot] LGG (Blue)
Tue Aug  8 00:05:32 2023 Captain Manio (Blue) [Headshot] ALetz (Red)
Tue Aug  8 00:05:33 2023 Player LGG has left
Tue Aug  8 00:05:42 2023 Captain Manio (Blue) [Headshot] TangaLoca (Red)
Tue Aug  8 00:05:46 2023 ←tommyturner captured Red's Intel.
Tue Aug  8 00:05:46 2023 Blue Wins!
Tue Aug  8 00:05:46 2023  Game finished! Next map: newfort.
Tue Aug  8 00:05:47 2023 [Global] Gubhjaa (Blue): gg
Tue Aug  8 00:05:48 2023 Captain Manio (Blue) [SMG] Erick (Red)
Tue Aug  8 00:05:48 2023 ←tommyturner (Blue) [Headshot] ophzin (Red)
Tue Aug  8 00:05:49 2023 Captain Manio (Blue) [SMG] TangaLoca (Red)
Tue Aug  8 00:05:49 2023 Captain Manio (Blue) [SMG] TangaLoca (Red)
Tue Aug  8 00:05:49 2023 [Global] TangaLoca (Red): gg
Tue Aug  8 00:05:50 2023 Gubhjaa (Blue) [Headshot] ALetz (Red)
Tue Aug  8 00:05:52 2023  Build a tower to get the enemy's intel. Take it to your team's tent to win!
Tue Aug  8 00:05:54 2023 Harry picked up Red's Intel.
Tue Aug  8 00:05:58 2023 ------ World Unloaded ------
Tue Aug  8 00:05:59 2023 Disconnecting
