Thu Oct 12 22:16:11 2023 ------ World Loaded ------
Thu Oct 12 22:16:11 2023 [Global] yeremijuegos12 (Blue): de bajo requisito siento
Thu Oct 12 22:16:11 2023 Welcome to aloha.pk tower of babel
Thu Oct 12 22:16:12 2023 Map: BattleFarm by Gibbs3333
Thu Oct 12 22:16:13 2023 longpig (Blue) [Headshot] elpatagonias (Red)
Thu Oct 12 22:16:14 2023 Fishe (Red) [Headshot] longpig (Blue)
Thu Oct 12 22:16:14 2023 Game mode: Tower of Babel by Yourself, modified by izzy
Thu Oct 12 22:16:16 2023 [Global] elpatagonias (Red): es de 2011
Thu Oct 12 22:16:16 2023 Build a tower to get the enemy's intel. Take it to your team's tent to win!
Thu Oct 12 22:16:18 2023 Visit our community forums at https://aloha.pk/
Thu Oct 12 22:16:19 2023 Earthling (Red) [SMG] bilboswaggins (Blue)
Thu Oct 12 22:16:20 2023 Come chat with us at https://discord.aloha.pk/
Thu Oct 12 22:16:22 2023 Earthling (Red) [SMG] DDT (Blue)
Thu Oct 12 22:16:25 2023 [Global] yeremijuegos12 (Blue): a pue lo tomo com si
Thu Oct 12 22:16:29 2023 Venon captured Blue's Intel.
Thu Oct 12 22:16:30 2023 [Global] elpatagonias (Red): puede correr en casi todo
Thu Oct 12 22:16:34 2023 DDT (Blue) [Headshot] Alice (Red)
Thu Oct 12 22:16:36 2023 DDT (Blue) [Headshot] Earthling (Red)
Thu Oct 12 22:16:38 2023 yeremijuegos12 (Blue) [SMG] Alice (Red)
Thu Oct 12 22:16:38 2023 paco 1211 joined Red team
Thu Oct 12 22:16:38 2023 [Global] DDT (Blue): hahah
Thu Oct 12 22:16:38 2023 Fishe picked up Blue's Intel.
Thu Oct 12 22:16:41 2023 yeremijuegos12 (Blue) [SMG] paco 1211 (Red)
Thu Oct 12 22:16:42 2023  Visit our community forums at https://aloha.pk/
Thu Oct 12 22:16:48 2023 Alice (Red) [Headshot] yeremijuegos12 (Blue)
Thu Oct 12 22:16:48 2023 Spadesman (Red) [Headshot] Harry (Blue)
Thu Oct 12 22:16:49 2023 longpig (Blue) [Rifle] Spadesman (Red)
Thu Oct 12 22:16:53 2023 [Global] yeremijuegos12 (Blue): p ta 
Thu Oct 12 22:17:05 2023 Fishe captured Blue's Intel.
Thu Oct 12 22:17:05 2023 Red Wins!
Thu Oct 12 22:17:05 2023  Game finished! Next map: tradeoffdark-volcano.
Thu Oct 12 22:17:07 2023 Fishe (Red) [Headshot] Harry (Blue)
Thu Oct 12 22:17:08 2023 Earthling (Red) [SMG] bilboswaggins (Blue)
Thu Oct 12 22:17:08 2023 DDT (Blue) [SMG] Spadesman (Red)
Thu Oct 12 22:17:08 2023 Earthling (Red) [SMG] EMART (Blue)
Thu Oct 12 22:17:08 2023 Alice (Red) [SMG] EMART (Blue)
Thu Oct 12 22:17:08 2023 elpatagonias (Red) [SMG] EMART (Blue)
Thu Oct 12 22:17:10 2023 Alice (Red) [Headshot] longpig (Blue)
Thu Oct 12 22:17:10 2023 EMART (Blue) [Grenade] Venon (Red)
Thu Oct 12 22:17:10 2023 bilboswaggins (Blue) [Grenade] elpatagonias (Red)
Thu Oct 12 22:17:10 2023 bilboswaggins (Blue) [Grenade] Alice (Red)
Thu Oct 12 22:17:10 2023 yeremijuegos12 (Blue) [SMG] Venon (Red)
Thu Oct 12 22:17:10 2023 Venon (Red) [Grenade] DDT (Blue)
Thu Oct 12 22:17:10 2023 Venon (Red) [Grenade] yeremijuegos12 (Blue)
Thu Oct 12 22:17:11 2023 [Global] elpatagonias (Red): UFFF TREMENDO MAPA
Thu Oct 12 22:17:12 2023  Come chat with us at https://discord.aloha.pk/
Thu Oct 12 22:17:13 2023 [Global] longpig (Blue): gg
Thu Oct 12 22:17:13 2023 Player longpig has left
Thu Oct 12 22:17:13 2023 Player Venon has left
Thu Oct 12 22:17:15 2023 [Global] elpatagonias (Red): que se venga vagaond
Thu Oct 12 22:17:17 2023 ------ World Unloaded ------
Thu Oct 12 22:17:44 2023 ------ World Loaded ------
Thu Oct 12 22:17:44 2023 Earthling joined Red team
Thu Oct 12 22:17:44 2023 Fishe joined Red team
Thu Oct 12 22:17:44 2023 Alice joined Blue team
Thu Oct 12 22:17:44 2023 Player Earthling has left
Thu Oct 12 22:17:44 2023 yeremijuegos12 joined Spectator team
Thu Oct 12 22:17:44 2023 bilboswaggins joined Blue team
Thu Oct 12 22:17:44 2023 Welcome to aloha.pk tower of babel
Thu Oct 12 22:17:45 2023 Map: Tradeoff-vk by Rakete, ei8htx & others
Thu Oct 12 22:17:46 2023 EMART joined Blue team
Thu Oct 12 22:17:48 2023 Game mode: Tower of Babel by Yourself, modified by izzy
Thu Oct 12 22:17:49 2023 Build a tower to get the enemy's intel. Take it to your team's tent to win!
Thu Oct 12 22:17:51 2023 Visit our community forums at https://aloha.pk/
Thu Oct 12 22:17:53 2023 Come chat with us at https://discord.aloha.pk/
Thu Oct 12 22:17:54 2023 elpatagonias joined Red team
Thu Oct 12 22:17:58 2023 yeremijuegos12 joined Red team
Thu Oct 12 22:18:00 2023 [Global] elpatagonias (Red): hey bilbo :D
Thu Oct 12 22:18:02 2023 Spadesman joined Red team
Thu Oct 12 22:18:04 2023 Fishe (Red) [Headshot] EMART (Blue)
Thu Oct 12 22:18:07 2023 [Global] yeremijuegos12 (Red): mapa 10 de 19
Thu Oct 12 22:18:10 2023 Fishe (Red) [Headshot] Harry (Blue)
Thu Oct 12 22:18:12 2023  Mahalo for playing aloha.pk tower of babel
Thu Oct 12 22:18:17 2023 Vagabond joined Blue team
Thu Oct 12 22:18:26 2023 [Global] Vagabond (Blue): hey amigos hola everyone hey Yere
Thu Oct 12 22:18:26 2023 [Global] yeremijuegos12 (Red): es vaga
Thu Oct 12 22:18:32 2023 [Global] elpatagonias (Red): VAGABOND :D
Thu Oct 12 22:18:34 2023 [Global] Vagabond (Blue): vaginajuegos
Thu Oct 12 22:18:38 2023 [Global] Vagabond (Blue): HEY PATA
Thu Oct 12 22:18:42 2023  Build a tower to get the enemy's intel. Take it to your team's tent to win!
Thu Oct 12 22:18:44 2023 [Global] Fishe (Red): nobody gets excited when fishe joins :(
Thu Oct 12 22:18:49 2023 Alice (Blue) [Fall]
Thu Oct 12 22:18:49 2023 [Global] Vagabond (Blue): whaaat
Thu Oct 12 22:18:50 2023 [Global] yeremijuegos12 (Red): HEY FAMILYBONDYERE
Thu Oct 12 22:18:55 2023 [Global] elpatagonias (Red): Fishe the goat 
Thu Oct 12 22:18:58 2023 [Global] elpatagonias (Red): my goat
Thu Oct 12 22:19:00 2023 [Global] Fishe (Red): <3
Thu Oct 12 22:19:04 2023 [Global] Vagabond (Blue): FAMILY FISHE YERE PATAS
Thu Oct 12 22:19:05 2023 [Global] yeremijuegos12 (Red): ES VAGA TE RECUENDA DE EL PATAGONIAS
Thu Oct 12 22:19:09 2023 [Global] Fishe (Red): le fishe au chocolat
Thu Oct 12 22:19:12 2023 Vagabond (Blue) [Fall]
Thu Oct 12 22:19:12 2023  Type /HELP for info & commands
Thu Oct 12 22:19:17 2023 yeremijuegos12 (Red) [Fall]
Thu Oct 12 22:19:17 2023 [Global] yeremijuegos12 (Red): AAA ○ AAAAAAAA
Thu Oct 12 22:19:25 2023 Fishe (Red) [Headshot] Harry (Blue)
Thu Oct 12 22:19:42 2023  Visit our community forums at https://aloha.pk/
Thu Oct 12 22:19:45 2023 Fishe (Red) [Headshot] Harry (Blue)
Thu Oct 12 22:20:00 2023 elpatagonias (Red) [Fall]
Thu Oct 12 22:20:03 2023 Vagabond (Blue) [Headshot] Spadesman (Red)
Thu Oct 12 22:20:03 2023 yeremijuegos12 (Red) [Fall]
Thu Oct 12 22:20:03 2023 [Global] yeremijuegos12 (Red): a +
Thu Oct 12 22:20:05 2023 Harry (Blue) [Headshot] Fishe (Red)
Thu Oct 12 22:20:08 2023 [Global] elpatagonias (Red): pinta paliza al azul
Thu Oct 12 22:20:12 2023  Come chat with us at https://discord.aloha.pk/
Thu Oct 12 22:20:16 2023 [Global] yeremijuegos12 (Red): es vagatraidos
Thu Oct 12 22:20:17 2023 Spadesman (Red) [Headshot] Vagabond (Blue)
Thu Oct 12 22:20:34 2023 Spadesman (Red) [Rifle] EMART (Blue)
Thu Oct 12 22:20:36 2023 Alice (Blue) [SMG] Fishe (Red)
Thu Oct 12 22:20:39 2023 a retard joined Red team
Thu Oct 12 22:20:43 2023  If you believe a player is breaking the rules, please let us know with /ADMIN
Thu Oct 12 22:20:50 2023 Alice (Blue) [Headshot] Spadesman (Red)
Thu Oct 12 22:20:54 2023 elpatagonias (Red) [SMG] Alice (Blue)
Thu Oct 12 22:20:59 2023 yeremijuegos12 (Red) [Headshot] Harry (Blue)
Thu Oct 12 22:21:00 2023 Vagabond (Blue) [Headshot] yeremijuegos12 (Red)
Thu Oct 12 22:21:03 2023 [Global] yeremijuegos12 (Red): vaga 
Thu Oct 12 22:21:05 2023 Spadesman (Red) [Headshot] Vagabond (Blue)
Thu Oct 12 22:21:07 2023 Fishe (Red) [SMG] EMART (Blue)
Thu Oct 12 22:21:07 2023 Harry (Blue) [Fall]
Thu Oct 12 22:21:08 2023 [Global] Vagabond (Blue): hehehehe
Thu Oct 12 22:21:13 2023  Mahalo for playing aloha.pk tower of babel
Thu Oct 12 22:21:13 2023 Sachu joined Blue team
Thu Oct 12 22:21:14 2023 [Global] yeremijuegos12 (Red): putita
Thu Oct 12 22:21:15 2023 elpatagonias (Red) [SMG]
Thu Oct 12 22:21:19 2023 [Global] Vagabond (Blue): ah!!!!!
Thu Oct 12 22:21:20 2023 [Global] elpatagonias (Red): atitup
Thu Oct 12 22:21:28 2023 bilboswaggins (Blue) [SMG] Fishe (Red)
Thu Oct 12 22:21:30 2023 [Global] yeremijuegos12 (Red): xd
Thu Oct 12 22:21:30 2023 Fishe (Red) [Grenade] Vagabond (Blue)
Thu Oct 12 22:21:34 2023 Harry (Blue) [Fall]
Thu Oct 12 22:21:35 2023 Spadesman (Red) [Headshot] bilboswaggins (Blue)
Thu Oct 12 22:21:36 2023 [Global] Vagabond (Blue): fishe au cock!
Thu Oct 12 22:21:40 2023 [Global] Fishe (Red): LE FISHE AU COCK
Thu Oct 12 22:21:42 2023 [Global] yeremijuegos12 (Red): q dijo
Thu Oct 12 22:21:43 2023  Build a tower to get the enemy's intel. Take it to your team's tent to win!
Thu Oct 12 22:21:45 2023 Harry (Blue) [Headshot] a retard (Red)
Thu Oct 12 22:21:48 2023 Alice (Blue) [Headshot] elpatagonias (Red)
Thu Oct 12 22:21:50 2023 Player Sachu has left
Thu Oct 12 22:21:52 2023 Alice (Blue) [SMG] yeremijuegos12 (Red)
Thu Oct 12 22:21:56 2023 [Global] elpatagonias (Red): what is a pain au chocolate
Thu Oct 12 22:21:57 2023 Spadesman (Red) [Headshot] Harry (Blue)
Thu Oct 12 22:22:05 2023 a retard (Red) [SMG] EMART (Blue)
Thu Oct 12 22:22:08 2023 Harry (Blue) [Headshot] Spadesman (Red)
Thu Oct 12 22:22:10 2023 [Global] elpatagonias (Red): sounds like the chocolate is in pain or something
Thu Oct 12 22:22:13 2023  Type /HELP for info & commands
Thu Oct 12 22:22:13 2023 a retard (Red) [Headshot] bilboswaggins (Blue)
Thu Oct 12 22:22:13 2023 [Global] Vagabond (Blue): yeah
Thu Oct 12 22:22:14 2023 [Global] elpatagonias (Red): xD
Thu Oct 12 22:22:17 2023 Vagabond (Blue) [Headshot] Spadesman (Red)
Thu Oct 12 22:22:19 2023 Vagabond (Blue) [Headshot] elpatagonias (Red)
Thu Oct 12 22:22:23 2023 Fishe (Red) [SMG] EMART (Blue)
Thu Oct 12 22:22:23 2023 Harry (Blue) [Fall]
Thu Oct 12 22:22:27 2023 Disconnecting
