Fri Jul 21 20:52:32 2023 ------ World Loaded ------
Fri Jul 21 20:52:32 2023 VestBot (Blue) [SMG] Shiygan (Red)
Fri Jul 21 20:52:32 2023 Frank (Blue) [SMG] ‼Sailor moon (Red)
Fri Jul 21 20:52:32 2023 el pro557888896 (Blue) [Headshot] sass (Red)
Fri Jul 21 20:52:32 2023 Frank (Blue) [SMG] Shiygan (Red)
Fri Jul 21 20:52:32 2023 Welcome to aloha.pk tower of babel
Fri Jul 21 20:52:33 2023 Map: Swag 2 by Lostmotel
Fri Jul 21 20:52:34 2023 William (Red) [Rifle] VestBot (Blue)
Fri Jul 21 20:52:35 2023 Game mode: Tower of Babel by Yourself, modified by izzy
Fri Jul 21 20:52:36 2023 Frank (Blue) [Headshot] William (Red)
Fri Jul 21 20:52:36 2023  Build a tower to get the enemy's intel. Take it to your team's tent to win!
Fri Jul 21 20:52:37 2023 Build a tower to get the enemy's intel. Take it to your team's tent to win!
Fri Jul 21 20:52:39 2023 Visit our community forums at https://aloha.pk/
Fri Jul 21 20:52:39 2023 Pipe3003 joined Red team
Fri Jul 21 20:52:42 2023 Come chat with us at https://discord.aloha.pk/
Fri Jul 21 20:52:45 2023 [Global] VestBot (Blue): well ima go now, so see yall
Fri Jul 21 20:52:45 2023 ‼Sailor moon (Red) [SMG] el pro557888896 (Blue)
Fri Jul 21 20:52:50 2023 ‼Sailor moon (Red) [Grenade] Frank (Blue)
Fri Jul 21 20:52:52 2023 [Global] VestBot (Blue): adios
Fri Jul 21 20:52:59 2023 [Global] hora_de_morir__ (Blue): vete a la mierda
Fri Jul 21 20:53:00 2023 Player VestBot has left
Fri Jul 21 20:53:06 2023  Type /HELP for info & commands
Fri Jul 21 20:53:17 2023 yellow joined Spectator team
Fri Jul 21 20:53:21 2023 Harry (Blue) [Headshot] sass (Red)
Fri Jul 21 20:53:23 2023 el pro557888896 (Blue) [SMG] William (Red)
Fri Jul 21 20:53:29 2023 hora_de_morir__ (Blue) [SMG] ‼Sailor moon (Red)
Fri Jul 21 20:53:36 2023  Visit our community forums at https://aloha.pk/
Fri Jul 21 20:53:40 2023 el pro557888896 (Blue) [SMG] sass (Red)
Fri Jul 21 20:53:43 2023 Frank (Blue) [SMG] Shiygan (Red)
Fri Jul 21 20:53:44 2023 Pipe3003 (Red) [Headshot] Harry (Blue)
Fri Jul 21 20:53:45 2023 ‼Sailor moon (Red) [Grenade] hora_de_morir__ (Blue)
Fri Jul 21 20:54:00 2023 Frank (Blue) [SMG] ‼Sailor moon (Red)
Fri Jul 21 20:54:02 2023 [Global] hora_de_morir__ (Blue): apagaa cheats sailor moon
Fri Jul 21 20:54:04 2023 sass (Red) [Rifle] el pro557888896 (Blue)
Fri Jul 21 20:54:06 2023  Come chat with us at https://discord.aloha.pk/
Fri Jul 21 20:54:10 2023 [Global] hora_de_morir__ (Blue): solo sabe usar puras granadas
Fri Jul 21 20:54:20 2023 sass (Red) [Headshot] Frank (Blue)
Fri Jul 21 20:54:21 2023 Harry (Blue) [Headshot] Pipe3003 (Red)
Fri Jul 21 20:54:21 2023 [Global] yellow (): sail my moon
Fri Jul 21 20:54:28 2023 hora_de_morir__ (Blue) [SMG] Pipe3003 (Red)
Fri Jul 21 20:54:30 2023 ‼Sailor moon (Red) [Headshot] hora_de_morir__ (Blue)
Fri Jul 21 20:54:34 2023 Player hora_de_morir__ has left
Fri Jul 21 20:54:35 2023 Harry (Blue) [Rifle] Shiygan (Red)
Fri Jul 21 20:54:36 2023  If you believe a player is breaking the rules, please let us know with /ADMIN
Fri Jul 21 20:54:39 2023 [Global] yellow (): rq
Fri Jul 21 20:54:48 2023 mile joined Blue team
Fri Jul 21 20:54:48 2023 Frank (Blue) [Headshot] ‼Sailor moon (Red)
Fri Jul 21 20:54:48 2023 William (Red) [Headshot] Frank (Blue)
Fri Jul 21 20:54:53 2023 William (Red) [Headshot] Harry (Blue)
Fri Jul 21 20:54:54 2023 [Global] yellow (): oi mile
Fri Jul 21 20:55:01 2023 [Global] Shiygan (Red): finalmente br nessa porra
Fri Jul 21 20:55:02 2023 William (Red) [Headshot] mile (Blue)
Fri Jul 21 20:55:04 2023 [Global] yellow (): seu cu
Fri Jul 21 20:55:06 2023  Mahalo for playing aloha.pk tower of babel
Fri Jul 21 20:55:06 2023 el pro557888896 (Blue) [SMG] Pipe3003 (Red)
Fri Jul 21 20:55:08 2023 [Global] yellow (): bostao
Fri Jul 21 20:55:09 2023 [Global] mile (Blue): holi yellow :)
Fri Jul 21 20:55:10 2023 William (Red) [Rifle] el pro557888896 (Blue)
Fri Jul 21 20:55:19 2023 [Global] Shiygan (Red): teu pai de calsinha
Fri Jul 21 20:55:20 2023 mile (Blue) [Headshot] William (Red)
Fri Jul 21 20:55:21 2023 [Global] yellow (): que grande milei
Fri Jul 21 20:55:25 2023 [Global] yellow (): kkkkk
Fri Jul 21 20:55:25 2023 [Global] mile (Blue): :D
Fri Jul 21 20:55:26 2023 Frank (Blue) [SMG] ‼Sailor moon (Red)
Fri Jul 21 20:55:31 2023 Frank (Blue) [SMG] Pipe3003 (Red)
Fri Jul 21 20:55:33 2023 Player Pipe3003 has left
Fri Jul 21 20:55:34 2023 [Global] William (Red): you win jejej
Fri Jul 21 20:55:35 2023 [Global] mile (Blue): A ARGENTINA LE HACE FALTA UN BUKKAKE
Fri Jul 21 20:55:36 2023  Build a tower to get the enemy's intel. Take it to your team's tent to win!
Fri Jul 21 20:55:41 2023 Frank (Blue) [Headshot] William (Red)
Fri Jul 21 20:55:42 2023 [Global] yellow (): XD :v
Fri Jul 21 20:55:42 2023 ‼Sailor moon (Red) [Headshot] el pro557888896 (Blue)
Fri Jul 21 20:55:50 2023 ‼Sailor moon (Red) [Headshot] mile (Blue)
Fri Jul 21 20:55:51 2023 Frank (Blue) [SMG] ‼Sailor moon (Red)
Fri Jul 21 20:55:58 2023 Frank (Blue) [Headshot] William (Red)
Fri Jul 21 20:56:00 2023 [Global] yellow (): xd
Fri Jul 21 20:56:01 2023 Player yellow has left
Fri Jul 21 20:56:06 2023 Shiygan (Red) [Headshot] el pro557888896 (Blue)
Fri Jul 21 20:56:06 2023  Type /HELP for info & commands
Fri Jul 21 20:56:19 2023 Frank (Blue) [Headshot] Shiygan (Red)
Fri Jul 21 20:56:22 2023 mile (Blue) [Headshot] William (Red)
Fri Jul 21 20:56:24 2023 [Global] Shiygan (Red): desgra
Fri Jul 21 20:56:31 2023 Frank (Blue) [Headshot] William (Red)
Fri Jul 21 20:56:33 2023 mile (Blue) [Headshot] ‼Sailor moon (Red)
Fri Jul 21 20:56:36 2023  Visit our community forums at https://aloha.pk/
Fri Jul 21 20:56:36 2023 [Global] William (Red): wtf?
Fri Jul 21 20:56:37 2023 Shiygan (Red) [Headshot] el pro557888896 (Blue)
Fri Jul 21 20:56:41 2023 You must be closer to the enemy's base to shoot blocks!
Fri Jul 21 20:56:44 2023 William (Red) [Headshot] mile (Blue)
Fri Jul 21 20:56:46 2023 Harry (Blue) [Headshot] Shiygan (Red)
Fri Jul 21 20:56:51 2023 sass (Red) [Headshot] mile (Blue)
Fri Jul 21 20:56:53 2023 [Global] Shiygan (Red): os cara consegue matar de smg de longe
Fri Jul 21 20:56:56 2023 [Global] Shiygan (Red): como
Fri Jul 21 20:57:00 2023 William (Red) [Headshot] Harry (Blue)
Fri Jul 21 20:57:03 2023 Frank (Blue) [SMG] William (Red)
Fri Jul 21 20:57:05 2023 Frank (Blue) [Headshot] ‼Sailor moon (Red)
Fri Jul 21 20:57:06 2023  Come chat with us at https://discord.aloha.pk/
Fri Jul 21 20:57:14 2023 Frank (Blue) [Headshot] Shiygan (Red)
Fri Jul 21 20:57:36 2023 sass (Red) [Headshot] Harry (Blue)
Fri Jul 21 20:57:36 2023  If you believe a player is breaking the rules, please let us know with /ADMIN
Fri Jul 21 20:57:37 2023 mile (Blue) [Rifle] ‼Sailor moon (Red)
Fri Jul 21 20:57:46 2023 Frank (Blue) [SMG] Shiygan (Red)
Fri Jul 21 20:57:51 2023 Frank (Blue) [Melee] Shiygan (Red)
Fri Jul 21 20:57:51 2023 ‼Sailor moon (Red) [Headshot] Frank (Blue)
Fri Jul 21 20:57:54 2023 mile (Blue) [Headshot] ‼Sailor moon (Red)
Fri Jul 21 20:58:02 2023 ‼Sailor moon (Red) [SMG] el pro557888896 (Blue)
Fri Jul 21 20:58:02 2023 mile (Blue) [Headshot] Shiygan (Red)
Fri Jul 21 20:58:06 2023 mile (Blue) [Headshot] ‼Sailor moon (Red)
Fri Jul 21 20:58:06 2023  Mahalo for playing aloha.pk tower of babel
Fri Jul 21 20:58:10 2023 Player Shiygan has left
Fri Jul 21 20:58:20 2023 conda joined Spectator team
Fri Jul 21 20:58:24 2023 mile (Blue) [Headshot] ‼Sailor moon (Red)
Fri Jul 21 20:58:33 2023 ‼Sailor moon (Red) [SMG] mile (Blue)
Fri Jul 21 20:58:36 2023  Build a tower to get the enemy's intel. Take it to your team's tent to win!
Fri Jul 21 20:58:39 2023 Frank (Blue) [SMG] ‼Sailor moon (Red)
Fri Jul 21 20:58:50 2023 ‼Sailor moon (Red) [SMG] Harry (Blue)
Fri Jul 21 20:58:54 2023 ‼Sailor moon (Red) [Headshot] el pro557888896 (Blue)
Fri Jul 21 20:59:00 2023 Frank (Blue) [SMG] ‼Sailor moon (Red)
Fri Jul 21 20:59:06 2023  Type /HELP for info & commands
Fri Jul 21 20:59:13 2023 William (Red) [Headshot] Harry (Blue)
Fri Jul 21 20:59:15 2023 ‼Sailor moon (Red) [Headshot] Frank (Blue)
Fri Jul 21 20:59:18 2023 el pro557888896 (Blue) [Headshot] William (Red)
Fri Jul 21 20:59:18 2023 mile (Blue) [Headshot] ‼Sailor moon (Red)
Fri Jul 21 20:59:21 2023 sass (Red) [Headshot] el pro557888896 (Blue)
Fri Jul 21 20:59:25 2023 mile (Blue) [Headshot] ‼Sailor moon (Red)
Fri Jul 21 20:59:30 2023 sass (Red) [Headshot] Harry (Blue)
Fri Jul 21 20:59:33 2023 sass (Red) [Headshot] el pro557888896 (Blue)
Fri Jul 21 20:59:36 2023  Visit our community forums at https://aloha.pk/
Fri Jul 21 20:59:41 2023 Harry (Blue) [SMG] sass (Red)
Fri Jul 21 20:59:42 2023 You must be closer to the enemy's base to shoot blocks!
Fri Jul 21 20:59:46 2023 [Global] sass (Red): xd
Fri Jul 21 20:59:48 2023 ‼Sailor moon (Red) [SMG] mile (Blue)
Fri Jul 21 20:59:53 2023 Frank (Blue) [SMG] sass (Red)
Fri Jul 21 20:59:59 2023 Frank (Blue) [SMG] ‼Sailor moon (Red)
Fri Jul 21 21:00:05 2023 Player sass has left
Fri Jul 21 21:00:06 2023  Come chat with us at https://discord.aloha.pk/
Fri Jul 21 21:00:13 2023 ‼Sailor moon (Red) [Grenade] Frank (Blue)
Fri Jul 21 21:00:30 2023 mile (Blue) [Melee] ‼Sailor moon (Red)
Fri Jul 21 21:00:36 2023  If you believe a player is breaking the rules, please let us know with /ADMIN
Fri Jul 21 21:00:44 2023 Harry (Blue) [SMG] ‼Sailor moon (Red)
Fri Jul 21 21:00:52 2023 ‼Sailor moon (Red) [Headshot] Harry (Blue)
Fri Jul 21 21:00:53 2023 CocoThunder joined Red team
Fri Jul 21 21:01:01 2023 Frank (Blue) [Grenade]
Fri Jul 21 21:01:06 2023  Mahalo for playing aloha.pk tower of babel
Fri Jul 21 21:01:19 2023 mile (Blue) [Headshot] CocoThunder (Red)
Fri Jul 21 21:01:28 2023 el pro557888896 (Blue) [SMG] CocoThunder (Red)
Fri Jul 21 21:01:36 2023  Build a tower to get the enemy's intel. Take it to your team's tent to win!
Fri Jul 21 21:01:38 2023 R34prZ joined Red team
Fri Jul 21 21:01:41 2023 CocoThunder (Red) [Headshot] el pro557888896 (Blue)
Fri Jul 21 21:01:58 2023 R34prZ (Red) [Melee] Frank (Blue)
Fri Jul 21 21:01:58 2023 Harry (Blue) [Headshot] ‼Sailor moon (Red)
Fri Jul 21 21:02:00 2023 You must be closer to the enemy's base to shoot blocks!
Fri Jul 21 21:02:01 2023 You must be closer to the enemy's base to shoot blocks!
Fri Jul 21 21:02:06 2023 mile (Blue) [Headshot] R34prZ (Red)
Fri Jul 21 21:02:06 2023  Type /HELP for info & commands
Fri Jul 21 21:02:13 2023 mile (Blue) [Headshot] R34prZ (Red)
Fri Jul 21 21:02:15 2023 mile (Blue) [Melee] CocoThunder (Red)
Fri Jul 21 21:02:17 2023 ‼Sailor moon (Red) [SMG] Harry (Blue)
Fri Jul 21 21:02:20 2023 Disconnecting
