Fri Jul 14 21:55:56 2023 ------ World Loaded ------
Fri Jul 14 21:55:57 2023 Welcome to popeyspades
Fri Jul 14 21:55:58 2023 Map: Hallway by izzy
Fri Jul 14 21:56:00 2023 Game mode: ctf
Fri Jul 14 21:56:00 2023 sass (Evil) [SMG] mrpaper (Good)
Fri Jul 14 21:56:01 2023 mrpaper (Good) [Fall]
Fri Jul 14 21:56:01 2023 You have 1 medkit!
Fri Jul 14 21:56:02 2023 Server powered by piqueserver and buildandshoot.com
Fri Jul 14 21:56:05 2023 Server info: https://popeyspad.es/
Fri Jul 14 21:56:05 2023 sass (Evil) [Headshot] Genaa_mey (l.p) (Good)
Fri Jul 14 21:56:05 2023 Anna (Good) [Headshot] sass (Evil)
Fri Jul 14 21:56:05 2023 Dez (Evil) [Headshot] Caruso (Good)
Fri Jul 14 21:56:06 2023 Discord: https://popeyspad.es/discord
Fri Jul 14 21:56:10 2023 Pipe3003 (Evil) [SMG] Anna (Good)
Fri Jul 14 21:56:11 2023 ElHarry (Evil) [Headshot] aaa (Good)
Fri Jul 14 21:56:13 2023 Ardouin picked up Evil's Intel.
Fri Jul 14 21:56:21 2023 mrpaper (Good) [Headshot] Pipe3003 (Evil)
Fri Jul 14 21:56:22 2023 sass (Evil) [Fall]
Fri Jul 14 21:56:24 2023 Pipe3003 (Evil) [Grenade] aaa (Good)
Fri Jul 14 21:56:36 2023 Genaa_mey (l.p) (Good) [Rifle] Galaxia (Evil)
Fri Jul 14 21:56:46 2023 Pipe3003 (Evil) [Grenade] Genaa_mey (l.p) (Good)
Fri Jul 14 21:56:52 2023 sass (Evil) [Fall]
Fri Jul 14 21:56:52 2023 aaa (Good) [Headshot] i c q (Evil)
Fri Jul 14 21:56:57 2023 Pipe3003 (Evil) [Grenade] Caruso (Good)
Fri Jul 14 21:56:57 2023 CG-50 (Good) [Fall]
Fri Jul 14 21:56:57 2023 Anna (Good) [Headshot] Pipe3003 (Evil)
Fri Jul 14 21:57:00 2023 ElHarry (Evil) [Rifle] Harry (Good)
Fri Jul 14 21:57:01 2023 [Global] CG-50 (Good): ?
Fri Jul 14 21:57:06 2023 You have 1 medkit!
Fri Jul 14 21:57:07 2023 [Global] ElHarry (Evil): harry
Fri Jul 14 21:57:19 2023 Harry (Good) [Headshot] sass (Evil)
Fri Jul 14 21:57:23 2023 [Global] Genaa_mey (l.p) (Good): harrrrrryyyyyyyyyyy
Fri Jul 14 21:57:28 2023 [Global] Harry (Good): señor
Fri Jul 14 21:57:38 2023 Harry (Good) [Headshot] i c q (Evil)
Fri Jul 14 21:57:42 2023 Ardouin captured Evil's Intel.
Fri Jul 14 21:57:43 2023 i c q (Evil) [Weapon Change]
Fri Jul 14 21:57:47 2023 Genaa_mey (l.p) (Good) [Headshot] Pipe3003 (Evil)
Fri Jul 14 21:57:49 2023 ElHarry (Evil) [Headshot] Harry (Good)
Fri Jul 14 21:57:52 2023 Dez (Evil) [Shotgun] Anna (Good)
Fri Jul 14 21:57:54 2023 You have 1 medkit!
Fri Jul 14 21:58:05 2023 Ardouin (Good) [SMG] Dez (Evil)
Fri Jul 14 21:58:05 2023 mrpaper (Good) [Headshot] ElHarry (Evil)
Fri Jul 14 21:58:07 2023 [Global] Genaa_mey (l.p) (Good): harry vs harry
Fri Jul 14 21:58:08 2023 CG-50 (Good) [Headshot] Galaxia (Evil)
Fri Jul 14 21:58:16 2023 [Global] Genaa_mey (l.p) (Good): aguante harry papaaaa
Fri Jul 14 21:58:17 2023 mrpaper (Good) [Grenade] sass (Evil)
Fri Jul 14 21:58:20 2023 ElHarry (Evil) [Headshot] mrpaper (Good)
Fri Jul 14 21:58:22 2023 mrpaper (Good) [Grenade] i c q (Evil)
Fri Jul 14 21:58:23 2023 mrpaper (Good) [Grenade] ElHarry (Evil)
Fri Jul 14 21:58:27 2023 CG-50 (Good) [Headshot] sass (Evil)
Fri Jul 14 21:58:38 2023 ITALIAN (Evil) [Headshot] aaa (Good)
Fri Jul 14 21:58:38 2023 Pipe3003 (Evil) [Headshot] Anna (Good)
Fri Jul 14 21:58:40 2023 Harry (Good) [Headshot] ElHarry (Evil)
Fri Jul 14 21:58:41 2023 Caruso (Good) [SMG] ITALIAN (Evil)
Fri Jul 14 21:58:52 2023 ElHarry (Evil) [Grenade] Ardouin (Good)
Fri Jul 14 21:58:53 2023 ElHarry (Evil) [Grenade]
Fri Jul 14 21:58:55 2023 CG-50 (Good) [Headshot] sass (Evil)
Fri Jul 14 21:58:57 2023 Pipe3003 (Evil) [Headshot] Anna (Good)
Fri Jul 14 21:58:58 2023 Harry (Good) [Headshot] Goida (Evil)
Fri Jul 14 21:58:59 2023 Caruso (Good) [Headshot] ITALIAN (Evil)
Fri Jul 14 21:59:02 2023 Dez (Evil) [Shotgun] aaa (Good)
Fri Jul 14 21:59:04 2023 Galaxia (Evil) [Headshot] Genaa_mey (l.p) (Good)
Fri Jul 14 21:59:07 2023 Galaxia (Evil) [Rifle] mrpaper (Good)
Fri Jul 14 21:59:07 2023 Ardouin (Good) [Headshot] Galaxia (Evil)
Fri Jul 14 21:59:09 2023 Harry (Good) [Headshot] sass (Evil)
Fri Jul 14 21:59:10 2023 Caruso (Good) [Headshot] ITALIAN (Evil)
Fri Jul 14 21:59:12 2023 ElHarry (Evil) [Headshot] CG-50 (Good)
Fri Jul 14 21:59:13 2023 Goida (Evil) [SMG] Harry (Good)
Fri Jul 14 21:59:13 2023 Anna (Good) [Grenade]
Fri Jul 14 21:59:18 2023 You have 1 medkit!
Fri Jul 14 21:59:19 2023 Caruso (Good) [Headshot] ITALIAN (Evil)
Fri Jul 14 21:59:28 2023 CG-50 (Good) [Headshot] Pipe3003 (Evil)
Fri Jul 14 21:59:29 2023 mrpaper (Good) [SMG] Dez (Evil)
Fri Jul 14 21:59:29 2023 Caruso (Good) [SMG] ITALIAN (Evil)
Fri Jul 14 21:59:30 2023 aaa (Good) [Grenade]
Fri Jul 14 21:59:33 2023 ElHarry (Evil) [Headshot] CG-50 (Good)
Fri Jul 14 21:59:35 2023 ElHarry (Evil) [Headshot] Anna (Good)
Fri Jul 14 21:59:38 2023 Caruso (Good) [SMG] ITALIAN (Evil)
Fri Jul 14 21:59:42 2023 Galaxia (Evil) [Headshot] Genaa_mey (l.p) (Good)
Fri Jul 14 21:59:42 2023 Harry (Good) [Headshot] sass (Evil)
Fri Jul 14 21:59:42 2023 ElHarry (Evil) [Headshot] Harry (Good)
Fri Jul 14 21:59:46 2023 Caruso (Good) [Headshot] ITALIAN (Evil)
Fri Jul 14 21:59:48 2023 You have 1 medkit!
Fri Jul 14 21:59:52 2023 ElHarry (Evil) [Headshot] CG-50 (Good)
Fri Jul 14 21:59:52 2023 ElHarry (Evil) [Headshot] aaa (Good)
Fri Jul 14 21:59:54 2023 Caruso (Good) [Headshot] ITALIAN (Evil)
Fri Jul 14 21:59:55 2023 ElHarry (Evil) [Rifle] Ardouin (Good)
Fri Jul 14 22:00:05 2023 CG-50 (Good) [Headshot] Dez (Evil)
Fri Jul 14 22:00:08 2023 mrpaper (Good) [SMG] sass (Evil)
Fri Jul 14 22:00:10 2023 ElHarry (Evil) [Headshot] mrpaper (Good)
Fri Jul 14 22:00:18 2023 Jooep joined Good team
Fri Jul 14 22:00:21 2023 RE:SSercome joined Good team
Fri Jul 14 22:00:26 2023 Pipe3003 (Evil) [Headshot] Anna (Good)
Fri Jul 14 22:00:27 2023 [Global] Jooep (Good): hello
Fri Jul 14 22:00:28 2023 ElHarry (Evil) [Headshot] Harry (Good)
Fri Jul 14 22:00:29 2023 Caruso (Good) [SMG] sass (Evil)
Fri Jul 14 22:00:30 2023 You have 1 medkit!
Fri Jul 14 22:00:30 2023 Ardouin (Good) [SMG] Goida (Evil)
Fri Jul 14 22:00:33 2023 ElHarry (Evil) [Headshot] aaa (Good)
Fri Jul 14 22:00:35 2023 sass (Evil) [Headshot] Caruso (Good)
Fri Jul 14 22:00:35 2023 [Global] Anna (Good): ayyyy pppipeeeeeee
Fri Jul 14 22:00:36 2023 ElHarry (Evil) [Headshot] Ardouin (Good)
Fri Jul 14 22:00:41 2023 ElHarry (Evil) [Headshot] Genaa_mey (l.p) (Good)
Fri Jul 14 22:00:44 2023 CG-50 (Good) [Melee] i c q (Evil)
Fri Jul 14 22:00:52 2023 [Global] Pipe3003 (Evil): perdon
Fri Jul 14 22:00:53 2023 [Global] CG-50 (Good): bang~
Fri Jul 14 22:00:53 2023 Player aaa has left
Fri Jul 14 22:00:54 2023 Anna (Good) [Headshot] Pipe3003 (Evil)
Fri Jul 14 22:00:57 2023  You are playing ctf on popeyspades
Fri Jul 14 22:00:57 2023 Harry (Good) [Headshot] sass (Evil)
Fri Jul 14 22:00:59 2023 RE:SSercome (Good) [Headshot] Dez (Evil)
Fri Jul 14 22:01:01 2023 Harry (Good) [Rifle] ElHarry (Evil)
Fri Jul 14 22:01:10 2023 Harry (Good) [Headshot] sass (Evil)
Fri Jul 14 22:01:16 2023 Pipe3003 (Evil) [Headshot] Genaa_mey (l.p) (Good)
Fri Jul 14 22:01:19 2023 RE:SSercome (Good) [Headshot] Galaxia (Evil)
Fri Jul 14 22:01:20 2023 ElHarry (Evil) [Grenade] Ardouin (Good)
Fri Jul 14 22:01:22 2023 Harry (Good) [Headshot] Pipe3003 (Evil)
Fri Jul 14 22:01:24 2023 ElHarry (Evil) [Headshot] CG-50 (Good)
Fri Jul 14 22:01:27 2023 Goida (Evil) [Headshot] Harry (Good)
Fri Jul 14 22:01:30 2023 You have 1 medkit!
Fri Jul 14 22:01:35 2023 Dez (Evil) [Shotgun] Anna (Good)
Fri Jul 14 22:01:41 2023 RE:SSercome (Good) [Headshot] i c q (Evil)
Fri Jul 14 22:01:45 2023 Harry (Good) [Headshot] sass (Evil)
Fri Jul 14 22:01:49 2023 Galaxia (Evil) [Rifle] RE:SSercome (Good)
Fri Jul 14 22:01:57 2023 CG-50 (Good) [SMG] ElHarry (Evil)
Fri Jul 14 22:01:58 2023 Anna (Good) [Headshot] Pipe3003 (Evil)
Fri Jul 14 22:02:01 2023 Genaa_mey (l.p) (Good) [Headshot] Goida (Evil)
Fri Jul 14 22:02:02 2023 [Global] Pipe3003 (Evil): anna
Fri Jul 14 22:02:13 2023 CG-50 (Good) [SMG] Pipe3003 (Evil)
Fri Jul 14 22:02:18 2023 [Global] Anna (Good): perdon pipe
Fri Jul 14 22:02:21 2023 i c q (Evil) [SMG] RE:SSercome (Good)
Fri Jul 14 22:02:24 2023 mrpaper (Good) [Headshot] Goida (Evil)
Fri Jul 14 22:02:28 2023 Harry (Good) [Headshot] ElHarry (Evil)
Fri Jul 14 22:02:30 2023 Anna (Good) [Headshot] Dez (Evil)
Fri Jul 14 22:02:42 2023 [Global] Harry (Good): a recuperar malvinas
Fri Jul 14 22:02:44 2023 Genaa_mey (l.p) (Good) [Melee] ElHarry (Evil)
Fri Jul 14 22:02:45 2023 Harry (Good) [Headshot] Goida (Evil)
Fri Jul 14 22:02:47 2023 CG-50 (Good) [SMG] Pipe3003 (Evil)
Fri Jul 14 22:02:52 2023 You have been healed
Fri Jul 14 22:02:53 2023 ElHarry (Evil) [Headshot] Ardouin (Good)
Fri Jul 14 22:02:56 2023 Genaa_mey (l.p) (Good) [Melee] Pipe3003 (Evil)
Fri Jul 14 22:02:56 2023 Goida (Evil) [Rifle] Genaa_mey (l.p) (Good)
Fri Jul 14 22:02:58 2023 RE:SSercome (Good) [Rifle] Dez (Evil)
Fri Jul 14 22:02:58 2023 Harry (Good) [Headshot] ElHarry (Evil)
Fri Jul 14 22:02:59 2023 RE:SSercome (Good) [Rifle] Galaxia (Evil)
Fri Jul 14 22:03:00 2023 sass (Evil) [Headshot] Ardouin (Good)
Fri Jul 14 22:03:08 2023 CG-50 (Good) [Fall]
Fri Jul 14 22:03:11 2023 CG-50 (Good) [Grenade] Goida (Evil)
Fri Jul 14 22:03:16 2023 Pipe3003 (Evil) [Grenade] Harry (Good)
Fri Jul 14 22:03:18 2023 You have 1 medkit!
Fri Jul 14 22:03:25 2023 i c q (Evil) [Headshot] Harry (Good)
Fri Jul 14 22:03:30 2023 You have 1 medkit!
Fri Jul 14 22:03:30 2023 RE:SSercome (Good) [Headshot] Galaxia (Evil)
Fri Jul 14 22:03:34 2023 Ardouin (Good) [Headshot] i c q (Evil)
Fri Jul 14 22:03:42 2023 CG-50 (Good) [Team Change]
Fri Jul 14 22:03:44 2023 Pipe3003 (Evil) [SMG] Anna (Good)
Fri Jul 14 22:03:47 2023 RE:SSercome (Good) [Headshot] Dez (Evil)
Fri Jul 14 22:03:48 2023 CG-50 joined Evil team
Fri Jul 14 22:03:50 2023 Ardouin (Good) [Headshot] sass (Evil)
Fri Jul 14 22:03:54 2023 [Global] Anna (Good): pipe malo
Fri Jul 14 22:03:54 2023 ElHarry (Evil) [Headshot] Genaa_mey (l.p) (Good)
Fri Jul 14 22:04:00 2023 ElHarry (Evil) [Headshot] Jooep (Good)
Fri Jul 14 22:04:07 2023 RE:SSercome (Good) [Headshot] Galaxia (Evil)
Fri Jul 14 22:04:10 2023 Pipe3003 (Evil) [Headshot] Anna (Good)
Fri Jul 14 22:04:14 2023 [Global] Pipe3003 (Evil): JAJAJAJA
Fri Jul 14 22:04:17 2023 Harry (Good) [Headshot] ElHarry (Evil)
Fri Jul 14 22:04:21 2023 RE:SSercome (Good) [Headshot] i c q (Evil)
Fri Jul 14 22:04:24 2023 Pipe3003 (Evil) [SMG] Anna (Good)
Fri Jul 14 22:04:25 2023 Genaa_mey (l.p) (Good) [Headshot] Pipe3003 (Evil)
Fri Jul 14 22:04:30 2023 RE:SSercome (Good) [Headshot] Dez (Evil)
Fri Jul 14 22:04:31 2023 Harry (Good) [Headshot] ElHarry (Evil)
Fri Jul 14 22:04:40 2023 Dez (Evil) [Weapon Change]
Fri Jul 14 22:04:41 2023 ElHarry (Evil) [Headshot] mrpaper (Good)
Fri Jul 14 22:04:45 2023 Harry (Good) [Headshot] Pipe3003 (Evil)
Fri Jul 14 22:04:46 2023 [Global] Anna (Good): ya no juego contigo pipe jejejjee
Fri Jul 14 22:04:47 2023 Goida (Evil) [Headshot] Genaa_mey (l.p) (Good)
Fri Jul 14 22:04:51 2023 sass (Evil) [Headshot] Genaa_mey (l.p) (Good)
Fri Jul 14 22:04:52 2023 [Global] Pipe3003 (Evil): bueno
Fri Jul 14 22:04:55 2023 Harry (Good) [Headshot] Goida (Evil)
Fri Jul 14 22:04:58 2023 Jooep (Good) [Headshot] Galaxia (Evil)
Fri Jul 14 22:05:02 2023 Caruso (Good) [Grenade] ElHarry (Evil)
Fri Jul 14 22:05:08 2023 Dez (Evil) [Headshot] Jooep (Good)
Fri Jul 14 22:05:14 2023 Caruso (Good) [SMG] Pipe3003 (Evil)
Fri Jul 14 22:05:16 2023 Ardouin (Good) [Grenade] ElHarry (Evil)
Fri Jul 14 22:05:19 2023 Caruso (Good) [Headshot] Goida (Evil)
Fri Jul 14 22:05:20 2023 ElHarry (Evil) [Headshot] Caruso (Good)
Fri Jul 14 22:05:24 2023 Genaa_mey (l.p) (Good) [Grenade] Pipe3003 (Evil)
Fri Jul 14 22:05:24 2023 sass (Evil) [Headshot] RE:SSercome (Good)
Fri Jul 14 22:05:30 2023 Ardouin (Good) [SMG] ElHarry (Evil)
Fri Jul 14 22:05:31 2023 Goida (Evil) [Team Change]
Fri Jul 14 22:05:32 2023 ElHarry (Evil) [Fall]
Fri Jul 14 22:05:36 2023 Goida joined Good team
Fri Jul 14 22:05:43 2023 Ardouin (Good) [Headshot] Pipe3003 (Evil)
Fri Jul 14 22:05:44 2023 Ardouin (Good) [SMG] ElHarry (Evil)
Fri Jul 14 22:05:44 2023 You have been healed
Fri Jul 14 22:05:46 2023 RE:SSercome (Good) [Headshot] Dez (Evil)
Fri Jul 14 22:05:49 2023 RE:SSercome (Good) [Headshot] Galaxia (Evil)
Fri Jul 14 22:05:54 2023 ElHarry (Evil) [Grenade] Genaa_mey (l.p) (Good)
Fri Jul 14 22:05:55 2023 ElHarry (Evil) [Grenade] Ardouin (Good)
Fri Jul 14 22:05:57 2023  You are playing ctf on popeyspades
Fri Jul 14 22:05:58 2023 Harry (Good) [Headshot] ElHarry (Evil)
Fri Jul 14 22:06:00 2023 Harry (Good) [Headshot] Galaxia (Evil)
Fri Jul 14 22:06:04 2023 Dez (Evil) [Rifle] Harry (Good)
Fri Jul 14 22:06:04 2023 sass (Evil) [Headshot] Genaa_mey (l.p) (Good)
Fri Jul 14 22:06:06 2023 You have 1 medkit!
Fri Jul 14 22:06:10 2023 ElHarry (Evil) [Headshot] mrpaper (Good)
Fri Jul 14 22:06:11 2023 sass (Evil) [Headshot] Goida (Good)
Fri Jul 14 22:06:13 2023 Harry (Good) [Headshot] sass (Evil)
Fri Jul 14 22:06:13 2023 Anna (Good) [Grenade] ElHarry (Evil)
Fri Jul 14 22:06:33 2023 Harry (Good) [Rifle] ElHarry (Evil)
Fri Jul 14 22:06:34 2023 Galaxia (Evil) [Headshot] Harry (Good)
Fri Jul 14 22:06:36 2023 You have 1 medkit!
Fri Jul 14 22:06:37 2023 sass (Evil) [SMG] Jooep (Good)
Fri Jul 14 22:06:45 2023 ElHarry (Evil) [Headshot] Ardouin (Good)
Fri Jul 14 22:06:46 2023 ElHarry (Evil) [Headshot] Genaa_mey (l.p) (Good)
Fri Jul 14 22:06:47 2023 sass (Evil) [Headshot] RE:SSercome (Good)
Fri Jul 14 22:06:50 2023 Anna (Good) [SMG] ElHarry (Evil)
Fri Jul 14 22:06:53 2023 RE:SSercome (Good) [Headshot] sass (Evil)
Fri Jul 14 22:06:56 2023 Pipe3003 (Evil) [Headshot] Anna (Good)
Fri Jul 14 22:07:04 2023 ElHarry (Evil) [Headshot] Harry (Good)
Fri Jul 14 22:07:05 2023 [Global] Anna (Good): ayy no manches jejejeje
Fri Jul 14 22:07:06 2023 You have 1 medkit!
Fri Jul 14 22:07:13 2023 Pipe3003 (Evil) [SMG] Genaa_mey (l.p) (Good)
Fri Jul 14 22:07:14 2023 Pipe3003 (Evil) [Fall]
Fri Jul 14 22:07:21 2023 Genaa_mey (l.p) (Good) [Headshot] i c q (Evil)
Fri Jul 14 22:07:23 2023 ElHarry (Evil) [Headshot] Caruso (Good)
Fri Jul 14 22:07:26 2023 RE:SSercome (Good) [Headshot] Dez (Evil)
Fri Jul 14 22:07:27 2023 Harry (Good) [Headshot] ElHarry (Evil)
Fri Jul 14 22:07:32 2023 Galaxia (Evil) [Headshot] RE:SSercome (Good)
Fri Jul 14 22:07:40 2023 ElHarry (Evil) [Headshot] Harry (Good)
Fri Jul 14 22:07:42 2023 You have 1 medkit!
Fri Jul 14 22:07:42 2023 Anna (Good) [SMG] ElHarry (Evil)
Fri Jul 14 22:07:51 2023 RE:SSercome (Good) [Headshot] Galaxia (Evil)
Fri Jul 14 22:07:56 2023 Ardouin (Good) [SMG] Pipe3003 (Evil)
Fri Jul 14 22:07:58 2023 sass (Evil) [Headshot] mrpaper (Good)
Fri Jul 14 22:08:03 2023 i c q (Evil) [Melee] RE:SSercome (Good)
Fri Jul 14 22:08:03 2023 Ardouin (Good) [SMG] ElHarry (Evil)
Fri Jul 14 22:08:06 2023 mrpaper (Good) [SMG] sass (Evil)
Fri Jul 14 22:08:11 2023 Ardouin (Good) [SMG] Pipe3003 (Evil)
Fri Jul 14 22:08:15 2023 R CONSERVADORA joined Good team
Fri Jul 14 22:08:17 2023 ElHarry (Evil) [Headshot] Harry (Good)
Fri Jul 14 22:08:18 2023 You have 1 medkit!
Fri Jul 14 22:08:19 2023 Dez (Evil) [Headshot] RE:SSercome (Good)
Fri Jul 14 22:08:22 2023 sass (Evil) [SMG] Genaa_mey (l.p) (Good)
Fri Jul 14 22:08:26 2023 Goida (Good) [Headshot] Dez (Evil)
Fri Jul 14 22:08:26 2023 ElHarry (Evil) [Headshot] Caruso (Good)
Fri Jul 14 22:08:26 2023 Caruso (Good) [Grenade] sass (Evil)
Fri Jul 14 22:08:27 2023 Caruso (Good) [Grenade] ElHarry (Evil)
Fri Jul 14 22:08:29 2023 Goida (Good) [Headshot] i c q (Evil)
Fri Jul 14 22:08:35 2023 ElHarry (Evil) [Headshot] Ardouin (Good)
Fri Jul 14 22:08:42 2023 ElHarry (Evil) [Headshot] Harry (Good)
Fri Jul 14 22:08:48 2023 You have 1 medkit!
Fri Jul 14 22:08:48 2023 Anna (Good) [Headshot] i c q (Evil)
Fri Jul 14 22:08:48 2023 Jooep (Good) [Headshot] ITALIAN (Evil)
Fri Jul 14 22:08:50 2023 RE:SSercome (Good) [Headshot] Galaxia (Evil)
Fri Jul 14 22:08:51 2023 Anna (Good) [Headshot] Dez (Evil)
Fri Jul 14 22:08:58 2023 ElHarry (Evil) [Headshot] Genaa_mey (l.p) (Good)
Fri Jul 14 22:09:01 2023 ElHarry (Evil) [Headshot] Caruso (Good)
Fri Jul 14 22:09:08 2023 R CONSERVADORA (Good) [Headshot] Pipe3003 (Evil)
Fri Jul 14 22:09:14 2023 [Global] Pipe3003 (Evil): anna
Fri Jul 14 22:09:15 2023 Harry (Good) [Headshot] ElHarry (Evil)
Fri Jul 14 22:09:27 2023 ElHarry (Evil) [Headshot] Harry (Good)
Fri Jul 14 22:09:30 2023 You have 1 medkit!
Fri Jul 14 22:09:31 2023 R CONSERVADORA (Good) [Headshot] Pipe3003 (Evil)
Fri Jul 14 22:09:31 2023 Genaa_mey (l.p) (Good) [Rifle] ElHarry (Evil)
Fri Jul 14 22:09:49 2023 Genaa_mey (l.p) (Good) [Headshot] sass (Evil)
Fri Jul 14 22:09:58 2023 Dez (Evil) [Headshot] mrpaper (Good)
Fri Jul 14 22:09:59 2023 R CONSERVADORA (Good) [SMG] sass (Evil)
Fri Jul 14 22:10:00 2023 ElHarry (Evil) [Rifle] Genaa_mey (l.p) (Good)
Fri Jul 14 22:10:02 2023 RE:SSercome (Good) [Headshot] Dez (Evil)
Fri Jul 14 22:10:04 2023 RE:SSercome (Good) [Headshot] Galaxia (Evil)
Fri Jul 14 22:10:10 2023 Harry (Good) [Headshot] ElHarry (Evil)
Fri Jul 14 22:10:17 2023 sass (Evil) [Headshot] Harry (Good)
Fri Jul 14 22:10:18 2023 You have 1 medkit!
Fri Jul 14 22:10:29 2023 Genaa_mey (l.p) (Good) [Headshot] sass (Evil)
Fri Jul 14 22:10:35 2023 ElHarry (Evil) [Headshot] Genaa_mey (l.p) (Good)
Fri Jul 14 22:10:38 2023 RE:SSercome (Good) [Headshot] i c q (Evil)
Fri Jul 14 22:10:39 2023 Vitus joined Evil team
Fri Jul 14 22:10:39 2023 Pipe3003 (Evil) [Headshot] R CONSERVADORA (Good)
Fri Jul 14 22:10:45 2023 sass (Evil) [Headshot] Anna (Good)
Fri Jul 14 22:10:47 2023 Harry (Good) [Headshot] sass (Evil)
Fri Jul 14 22:10:49 2023 Harry (Good) [Headshot] ElHarry (Evil)
Fri Jul 14 22:10:49 2023 Genaa_mey (l.p) (Good) [Melee] Dez (Evil)
Fri Jul 14 22:10:50 2023 Genaa_mey (l.p) (Good) [Melee] Galaxia (Evil)
Fri Jul 14 22:10:57 2023  Type /help for info & commands
Fri Jul 14 22:10:59 2023 sass (Evil) [Headshot] Harry (Good)
Fri Jul 14 22:11:00 2023 You have 1 medkit!
Fri Jul 14 22:11:07 2023 sass (Evil) [Headshot] Genaa_mey (l.p) (Good)
Fri Jul 14 22:11:09 2023 sass (Evil) [Headshot] Caruso (Good)
Fri Jul 14 22:11:13 2023 ElHarry (Evil) [Headshot] Anna (Good)
Fri Jul 14 22:11:17 2023 Pipe3003 (Evil) [Headshot] R CONSERVADORA (Good)
Fri Jul 14 22:11:21 2023 ElHarry (Evil) [Rifle] Harry (Good)
Fri Jul 14 22:11:24 2023 You have 1 medkit!
Fri Jul 14 22:11:32 2023 ElHarry (Evil) [Headshot] Goida (Good)
Fri Jul 14 22:11:33 2023 Pipe3003 (Evil) [Fall]
Fri Jul 14 22:11:42 2023 ElHarry (Evil) [Headshot] Genaa_mey (l.p) (Good)
Fri Jul 14 22:11:45 2023 ElHarry (Evil) [Headshot] Anna (Good)
Fri Jul 14 22:11:46 2023 Harry (Good) [Headshot] ElHarry (Evil)
Fri Jul 14 22:11:53 2023 Julito joined Evil team
Fri Jul 14 22:11:55 2023 Harry (Good) [Headshot] Pipe3003 (Evil)
Fri Jul 14 22:12:02 2023 Harry (Good) [Headshot] Julito (Evil)
Fri Jul 14 22:12:06 2023 sass (Evil) [Headshot] Genaa_mey (l.p) (Good)
Fri Jul 14 22:12:08 2023 RE:SSercome (Good) [Headshot] Galaxia (Evil)
Fri Jul 14 22:12:08 2023 ElHarry (Evil) [Headshot] Harry (Good)
Fri Jul 14 22:12:09 2023 RE:SSercome (Good) [Headshot] i c q (Evil)
Fri Jul 14 22:12:12 2023 You have 1 medkit!
Fri Jul 14 22:12:18 2023 Player Julito has left
Fri Jul 14 22:12:31 2023 ElHarry (Evil) [Rifle] mrpaper (Good)
Fri Jul 14 22:12:40 2023 Harry (Good) [Rifle] ElHarry (Evil)
Fri Jul 14 22:12:41 2023 Player CG-50 has left
Fri Jul 14 22:12:43 2023 Pipe3003 (Evil) [Headshot] R CONSERVADORA (Good)
Fri Jul 14 22:12:44 2023 mrpaper (Good) [SMG] Dez (Evil)
Fri Jul 14 22:12:44 2023 You have been healed
Fri Jul 14 22:12:55 2023 mrpaper (Good) [Headshot] Galaxia (Evil)
Fri Jul 14 22:12:56 2023 ElHarry (Evil) [Headshot] Genaa_mey (l.p) (Good)
Fri Jul 14 22:12:56 2023 Harry (Good) [Headshot] ElHarry (Evil)
Fri Jul 14 22:13:10 2023 mrpaper (Good) [Headshot] i c q (Evil)
Fri Jul 14 22:13:11 2023 Caruso (Good) [Headshot] Pipe3003 (Evil)
Fri Jul 14 22:13:11 2023 Harry (Good) [Headshot] ElHarry (Evil)
Fri Jul 14 22:13:12 2023 mrpaper (Good) [SMG] Dez (Evil)
Fri Jul 14 22:13:16 2023 sass (Evil) [SMG] Anna (Good)
Fri Jul 14 22:13:21 2023 sass (Evil) [SMG] Genaa_mey (l.p) (Good)
Fri Jul 14 22:13:23 2023 sass (Evil) [Headshot] RE:SSercome (Good)
Fri Jul 14 22:13:23 2023 Caruso (Good) [SMG] Galaxia (Evil)
Fri Jul 14 22:13:27 2023 Anna (Good) [Headshot] sass (Evil)
Fri Jul 14 22:13:41 2023 Caruso (Good) [SMG] Pipe3003 (Evil)
Fri Jul 14 22:13:43 2023 Caruso (Good) [Headshot] ITALIAN (Evil)
Fri Jul 14 22:13:47 2023 Caruso (Good) [Fall]
Fri Jul 14 22:13:47 2023 mrpaper (Good) [Headshot] i c q (Evil)
Fri Jul 14 22:13:48 2023 Harry (Good) [Headshot] sass (Evil)
Fri Jul 14 22:13:52 2023 Harry (Good) [Headshot] ElHarry (Evil)
Fri Jul 14 22:14:01 2023 Ardouin (Good) [Headshot] i c q (Evil)
Fri Jul 14 22:14:02 2023 Harry (Good) [Headshot] sass (Evil)
Fri Jul 14 22:14:03 2023 Dez (Evil) [Fall]
Fri Jul 14 22:14:05 2023 [Global] Pipe3003 (Evil): CHAO ANNA FUE UN PLACER MATARTE
Fri Jul 14 22:14:06 2023 Harry (Good) [Rifle] ElHarry (Evil)
Fri Jul 14 22:14:08 2023 i c q (Evil) [SMG] Ardouin (Good)
Fri Jul 14 22:14:13 2023 ElHarry (Evil) [Headshot] Harry (Good)
Fri Jul 14 22:14:15 2023 [Global] Anna (Good): chao
Fri Jul 14 22:14:15 2023 [Global] Pipe3003 (Evil): BESOS EN ESA CUCA
Fri Jul 14 22:14:18 2023 You have 1 medkit!
Fri Jul 14 22:14:21 2023 Genaa_mey (l.p) (Good) [Headshot] ElHarry (Evil)
Fri Jul 14 22:14:21 2023 [Global] Anna (Good): jsjsjjs
Fri Jul 14 22:14:22 2023 [Global] Ardouin (Good): wtf
Fri Jul 14 22:14:30 2023 i c q (Evil) [SMG] Genaa_mey (l.p) (Good)
Fri Jul 14 22:14:32 2023 Galaxia (Evil) [Rifle] Caruso (Good)
Fri Jul 14 22:14:39 2023 [Global] Pipe3003 (Evil): AH USTED TAMBIEN
Fri Jul 14 22:14:47 2023 [Global] Pipe3003 (Evil): CHA ANA TE AMO
Fri Jul 14 22:14:49 2023 Player Pipe3003 has left
Fri Jul 14 22:14:50 2023 Harry (Good) [Headshot] ElHarry (Evil)
Fri Jul 14 22:15:04 2023 Galaxia (Evil) [Headshot] Caruso (Good)
Fri Jul 14 22:15:05 2023 sass (Evil) [SMG] Goida (Good)
Fri Jul 14 22:15:09 2023 Harry (Good) [Headshot] ElHarry (Evil)
Fri Jul 14 22:15:16 2023 ElHarry (Evil) [Headshot] R CONSERVADORA (Good)
Fri Jul 14 22:15:19 2023 Goida (Good) [Headshot] Vitus (Evil)
Fri Jul 14 22:15:19 2023 Dez (Evil) [Rifle] Anna (Good)
Fri Jul 14 22:15:25 2023 sass (Evil) [Headshot] R CONSERVADORA (Good)
Fri Jul 14 22:15:26 2023 ElHarry (Evil) [Headshot] Genaa_mey (l.p) (Good)
Fri Jul 14 22:15:29 2023 Harry (Good) [Grenade] ElHarry (Evil)
Fri Jul 14 22:15:33 2023 Caruso (Good) [SMG] sass (Evil)
Fri Jul 14 22:15:36 2023 ElHarry (Evil) [Headshot] Harry (Good)
Fri Jul 14 22:15:42 2023 You have 1 medkit!
Fri Jul 14 22:15:43 2023 Caruso (Good) [SMG] Dez (Evil)
Fri Jul 14 22:15:44 2023 Galaxia (Evil) [Rifle] Caruso (Good)
Fri Jul 14 22:15:56 2023 Anna (Good) [Headshot] Galaxia (Evil)
Fri Jul 14 22:15:56 2023 Genaa_mey (l.p) (Good) [Headshot] sass (Evil)
Fri Jul 14 22:15:57 2023  Type /help for info & commands
Fri Jul 14 22:15:57 2023 Ardouin (Good) [SMG] i c q (Evil)
Fri Jul 14 22:16:01 2023 R CONSERVADORA (Good) [SMG] Vitus (Evil)
Fri Jul 14 22:16:06 2023 Harry (Good) [Headshot] ElHarry (Evil)
Fri Jul 14 22:16:08 2023 Ardouin (Good) [Headshot] Vitus (Evil)
Fri Jul 14 22:16:16 2023 mrpaper (Good) [Grenade] i c q (Evil)
Fri Jul 14 22:16:17 2023 Ardouin (Good) [SMG] Vitus (Evil)
Fri Jul 14 22:16:18 2023 mrpaper picked up Evil's Intel.
Fri Jul 14 22:16:20 2023 Ardouin (Good) [Headshot] i c q (Evil)
Fri Jul 14 22:16:22 2023 Genaa_mey (l.p) (Good) [Headshot] ElHarry (Evil)
Fri Jul 14 22:16:25 2023 mrpaper dropped Evil's Intel
Fri Jul 14 22:16:25 2023 Vitus (Evil) [Headshot] mrpaper (Good)
Fri Jul 14 22:16:29 2023 Ardouin (Good) [Headshot] i c q (Evil)
Fri Jul 14 22:16:32 2023 Ardouin (Good) [Headshot] i c q (Evil)
Fri Jul 14 22:16:33 2023 Genaa_mey (l.p) (Good) [Headshot] ElHarry (Evil)
Fri Jul 14 22:16:33 2023 sass (Evil) [Headshot] Genaa_mey (l.p) (Good)
Fri Jul 14 22:16:34 2023 sass (Evil) [SMG] Harry (Good)
Fri Jul 14 22:16:36 2023 You have 1 medkit!
Fri Jul 14 22:16:41 2023 Dez (Evil) [Fall]
Fri Jul 14 22:16:44 2023 Ardouin (Good) [Melee] i c q (Evil)
Fri Jul 14 22:16:48 2023 R CONSERVADORA (Good) [SMG] Dez (Evil)
Fri Jul 14 22:16:50 2023 Ardouin (Good) [Headshot] i c q (Evil)
Fri Jul 14 22:16:53 2023 Galaxia (Evil) [Rifle] Caruso (Good)
Fri Jul 14 22:16:54 2023 Ardouin (Good) [SMG] Vitus (Evil)
Fri Jul 14 22:16:56 2023 Ardouin (Good) [SMG] i c q (Evil)
Fri Jul 14 22:16:56 2023 Dez (Evil) [Rifle] Ardouin (Good)
Fri Jul 14 22:17:00 2023 sass (Evil) [Headshot] Genaa_mey (l.p) (Good)
Fri Jul 14 22:17:02 2023 ElHarry (Evil) [Headshot] Harry (Good)
Fri Jul 14 22:17:03 2023 Anna (Good) [SMG] sass (Evil)
Fri Jul 14 22:17:04 2023 chaolim matador joined Evil team
Fri Jul 14 22:17:07 2023 You have 1 medkit!
Fri Jul 14 22:17:27 2023 Goida (Good) [Headshot] chaolim matador (Evil)
Fri Jul 14 22:17:29 2023 Galaxia (Evil) [Headshot] Caruso (Good)
Fri Jul 14 22:17:29 2023 Goida (Good) [Headshot] ElHarry (Evil)
Fri Jul 14 22:17:29 2023 Player chaolim matador has left
Fri Jul 14 22:17:34 2023 Anna (Good) [Headshot] sass (Evil)
Fri Jul 14 22:17:40 2023 Galaxia (Evil) [Fall]
Fri Jul 14 22:17:44 2023 R CONSERVADORA (Good) [Headshot] Galaxia (Evil)
Fri Jul 14 22:17:44 2023 ElHarry (Evil) [Headshot] Anna (Good)
Fri Jul 14 22:17:44 2023 chaolim matador joined Evil team
Fri Jul 14 22:17:45 2023 ElHarry (Evil) [Headshot] Genaa_mey (l.p) (Good)
Fri Jul 14 22:17:47 2023 ElHarry (Evil) [Headshot] Harry (Good)
Fri Jul 14 22:17:48 2023 You have 1 medkit!
Fri Jul 14 22:17:50 2023 chaolim matador (Evil) [Fall]
Fri Jul 14 22:18:02 2023 ElHarry (Evil) [Headshot] Harry (Good)
Fri Jul 14 22:18:06 2023 You have 1 medkit!
Fri Jul 14 22:18:07 2023 Genaa_mey (l.p) (Good) [Headshot] ElHarry (Evil)
Fri Jul 14 22:18:12 2023 Player chaolim matador has left
Fri Jul 14 22:18:17 2023 R CONSERVADORA (Good) [SMG] Galaxia (Evil)
Fri Jul 14 22:18:20 2023 [Team] Jooep (Good): go
Fri Jul 14 22:18:22 2023 Caruso (Good) [SMG] Vitus (Evil)
Fri Jul 14 22:18:25 2023 Ian2011 joined Evil team
Fri Jul 14 22:18:27 2023 mrpaper (Good) [Headshot] Galaxia (Evil)
Fri Jul 14 22:18:28 2023 mrpaper (Good) [Headshot] Ian2011 (Evil)
Fri Jul 14 22:18:30 2023 Dez (Evil) [Fall]
Fri Jul 14 22:18:36 2023 Harry (Good) [Headshot] ElHarry (Evil)
Fri Jul 14 22:18:36 2023 Player Ian2011 has left
Fri Jul 14 22:18:37 2023 R CONSERVADORA picked up Evil's Intel.
Fri Jul 14 22:18:38 2023 sass (Evil) [Headshot] Harry (Good)
Fri Jul 14 22:18:39 2023 pink joined Evil team
Fri Jul 14 22:18:42 2023 You have 1 medkit!
Fri Jul 14 22:18:42 2023 sass (Evil) [SMG] Goida (Good)
Fri Jul 14 22:18:45 2023 Galaxia (Evil) [Headshot] mrpaper (Good)
Fri Jul 14 22:18:46 2023 Galaxia (Evil) [Headshot] Ardouin (Good)
Fri Jul 14 22:18:54 2023  ITALIAN was kicked: Inactive for 10 minutes
Fri Jul 14 22:18:54 2023 Player ITALIAN has left
Fri Jul 14 22:18:56 2023 ElHarry (Evil) [Headshot] Genaa_mey (l.p) (Good)
Fri Jul 14 22:19:04 2023 sass (Evil) [Headshot] Harry (Good)
Fri Jul 14 22:19:06 2023 You have 1 medkit!
Fri Jul 14 22:19:06 2023 Player Anna has left
Fri Jul 14 22:19:10 2023 sass (Evil) [Headshot] Genaa_mey (l.p) (Good)
Fri Jul 14 22:19:16 2023 sass (Evil) [SMG] Harry (Good)
Fri Jul 14 22:19:18 2023 You have 1 medkit!
Fri Jul 14 22:19:19 2023 Dez (Evil) [Headshot] Caruso (Good)
Fri Jul 14 22:19:20 2023 Ardouin (Good) [SMG] sass (Evil)
Fri Jul 14 22:19:24 2023 R CONSERVADORA captured Evil's Intel.
Fri Jul 14 22:19:27 2023 Genaa_mey (l.p) (Good) [Headshot] Vitus (Evil)
Fri Jul 14 22:19:32 2023 ElHarry (Evil) [Rifle] Genaa_mey (l.p) (Good)
Fri Jul 14 22:19:34 2023 [Global] R CONSERVADORA (Good): hahaha estaba a uno de vida haaa
Fri Jul 14 22:19:35 2023 Player Caruso has left
Fri Jul 14 22:19:36 2023 Dez (Evil) [Fall]
Fri Jul 14 22:19:37 2023 Harry (Good) [Headshot] ElHarry (Evil)
Fri Jul 14 22:19:38 2023 pink (Evil) [Headshot] Harry (Good)
Fri Jul 14 22:19:42 2023 You have 1 medkit!
Fri Jul 14 22:19:52 2023 Dez (Evil) [Headshot] mrpaper (Good)
Fri Jul 14 22:19:54 2023 pink (Evil) [Headshot] Genaa_mey (l.p) (Good)
Fri Jul 14 22:20:03 2023 ElHarry (Evil) [Headshot] Harry (Good)
Fri Jul 14 22:20:06 2023 You have 1 medkit!
Fri Jul 14 22:20:10 2023 A GIRL! EAT SHI joined Evil team
Fri Jul 14 22:20:14 2023 mrpaper (Good) [SMG] i c q (Evil)
Fri Jul 14 22:20:18 2023 Harry (Good) [Headshot] ElHarry (Evil)
Fri Jul 14 22:20:21 2023 Genaa_mey (l.p) (Good) [Headshot] sass (Evil)
Fri Jul 14 22:20:22 2023 i c q (Evil) [Headshot] mrpaper (Good)
Fri Jul 14 22:20:26 2023 R CONSERVADORA (Good) [Headshot] Vitus (Evil)
Fri Jul 14 22:20:31 2023 pink (Evil) [Headshot] Genaa_mey (l.p) (Good)
Fri Jul 14 22:20:34 2023 Dez (Evil) [Rifle] R CONSERVADORA (Good)
Fri Jul 14 22:20:36 2023 pink (Evil) [Rifle] Harry (Good)
Fri Jul 14 22:20:42 2023 You have 1 medkit!
Fri Jul 14 22:20:47 2023 Ian2011 joined Good team
Fri Jul 14 22:20:50 2023 sass (Evil) [Headshot] Genaa_mey (l.p) (Good)
Fri Jul 14 22:20:52 2023 Harry (Good) [Headshot] sass (Evil)
Fri Jul 14 22:20:57 2023  Type /help for info & commands
Fri Jul 14 22:20:58 2023 Vitus (Evil) [SMG] R CONSERVADORA (Good)
Fri Jul 14 22:21:05 2023 Ardouin picked up Evil's Intel.
Fri Jul 14 22:21:06 2023 Ardouin (Good) [SMG] i c q (Evil)
Fri Jul 14 22:21:08 2023 ElHarry (Evil) [Headshot] Genaa_mey (l.p) (Good)
Fri Jul 14 22:21:14 2023 Ardouin (Good) [SMG] i c q (Evil)
Fri Jul 14 22:21:16 2023 Harry (Good) [Headshot] Vitus (Evil)
Fri Jul 14 22:21:20 2023 Ardouin (Good) [Headshot] Vitus (Evil)
Fri Jul 14 22:21:22 2023 ElHarry (Evil) [Headshot] Harry (Good)
Fri Jul 14 22:21:24 2023 You have 1 medkit!
Fri Jul 14 22:21:25 2023 Ardouin (Good) [SMG] i c q (Evil)
Fri Jul 14 22:21:27 2023 [Team] Jooep (Good): what
Fri Jul 14 22:21:27 2023 Ardouin (Good) [Headshot] Vitus (Evil)
Fri Jul 14 22:21:31 2023 ElHarry (Evil) [Headshot] Genaa_mey (l.p) (Good)
Fri Jul 14 22:21:33 2023 Ardouin (Good) [SMG] i c q (Evil)
Fri Jul 14 22:21:38 2023 Harry (Good) [Headshot] ElHarry (Evil)
Fri Jul 14 22:21:39 2023 Harry (Good) [Headshot] A GIRL! EAT SHI (Evil)
Fri Jul 14 22:21:41 2023 Player A GIRL! EAT SHI has left
Fri Jul 14 22:21:50 2023 sass (Evil) [Headshot] Genaa_mey (l.p) (Good)
Fri Jul 14 22:21:51 2023 sass (Evil) [Headshot] Harry (Good)
Fri Jul 14 22:21:54 2023 You have 1 medkit!
Fri Jul 14 22:21:56 2023 JonyUchiha00 joined Evil team
Fri Jul 14 22:22:00 2023 Anna joined Evil team
Fri Jul 14 22:22:12 2023 sass (Evil) [SMG] Genaa_mey (l.p) (Good)
Fri Jul 14 22:22:13 2023 Harry (Good) [Headshot] sass (Evil)
Fri Jul 14 22:22:24 2023 Harry (Good) [Headshot] pink (Evil)
Fri Jul 14 22:22:28 2023 Harry (Good) [Headshot] ElHarry (Evil)
Fri Jul 14 22:22:35 2023 Harry (Good) [Headshot] Anna (Evil)
Fri Jul 14 22:22:36 2023 sass (Evil) [SMG] Harry (Good)
Fri Jul 14 22:22:38 2023 Genaa_mey (l.p) (Good) [Headshot] sass (Evil)
Fri Jul 14 22:22:39 2023 Genaa_mey (l.p) (Good) [Headshot] JonyUchiha00 (Evil)
Fri Jul 14 22:22:42 2023 You have 1 medkit!
Fri Jul 14 22:22:44 2023 pink (Evil) [Headshot] Genaa_mey (l.p) (Good)
Fri Jul 14 22:22:51 2023 Ardouin captured Evil's Intel.
Fri Jul 14 22:22:51 2023 Galaxia (Evil) [Headshot] mrpaper (Good)
Fri Jul 14 22:22:59 2023 Harry (Good) [Headshot] Anna (Evil)
Fri Jul 14 22:23:04 2023 Harry (Good) [Headshot] ElHarry (Evil)
Fri Jul 14 22:23:09 2023 ElHarry (Evil) [Headshot] R CONSERVADORA (Good)
Fri Jul 14 22:23:12 2023 Harry (Good) [Headshot] JonyUchiha00 (Evil)
Fri Jul 14 22:23:13 2023 RE:SSercome (Good) [Headshot] Dez (Evil)
Fri Jul 14 22:23:15 2023 sass (Evil) [Headshot] Harry (Good)
Fri Jul 14 22:23:18 2023 You have 1 medkit!
Fri Jul 14 22:23:18 2023 sass (Evil) [Headshot] Genaa_mey (l.p) (Good)
Fri Jul 14 22:23:22 2023 Goida (Good) [Rifle] Vitus (Evil)
Fri Jul 14 22:23:24 2023 Player Vitus has left
Fri Jul 14 22:23:25 2023 Harry (Good) [Headshot] sass (Evil)
Fri Jul 14 22:23:27 2023 [Global] Genaa_mey (l.p) (Good): sass camper
Fri Jul 14 22:23:32 2023 ElHarry (Evil) [Headshot] Harry (Good)
Fri Jul 14 22:23:33 2023 Galaxia (Evil) [Rifle] Jooep (Good)
Fri Jul 14 22:23:36 2023 You have 1 medkit!
Fri Jul 14 22:23:39 2023 [Team] RE:SSercome (Good): oh
Fri Jul 14 22:23:49 2023 Player Jooep has left
Fri Jul 14 22:23:50 2023 Harry (Good) [Headshot] sass (Evil)
Fri Jul 14 22:23:57 2023 Harry (Good) [Headshot] Anna (Evil)
Fri Jul 14 22:23:59 2023 Harry (Good) [Rifle] ElHarry (Evil)
Fri Jul 14 22:24:05 2023 Ardouin (Good) [SMG] i c q (Evil)
Fri Jul 14 22:24:09 2023 pink (Evil) [Headshot] Genaa_mey (l.p) (Good)
Fri Jul 14 22:24:12 2023 Harry (Good) [Headshot] pink (Evil)
Fri Jul 14 22:24:15 2023 R CONSERVADORA (Good) [Headshot] i c q (Evil)
Fri Jul 14 22:24:20 2023 Harry (Good) [Headshot] sass (Evil)
Fri Jul 14 22:24:24 2023 i c q (Evil) [Headshot] Ardouin (Good)
Fri Jul 14 22:24:27 2023 Harry (Good) [Headshot] ElHarry (Evil)
Fri Jul 14 22:24:30 2023 JonyUchiha00 (Evil) [Headshot] Harry (Good)
Fri Jul 14 22:24:30 2023 You have 1 medkit!
Fri Jul 14 22:24:43 2023 R CONSERVADORA (Good) [SMG] Anna (Evil)
Fri Jul 14 22:24:49 2023 Harry (Good) [Headshot] JonyUchiha00 (Evil)
Fri Jul 14 22:24:52 2023 Player Ardouin has left
Fri Jul 14 22:25:00 2023 Genaa_mey (l.p) (Good) [Headshot] ElHarry (Evil)
Fri Jul 14 22:25:11 2023 mrpaper (Good) [Headshot] Anna (Evil)
Fri Jul 14 22:25:12 2023 JonyUchiha00 (Evil) [Rifle] mrpaper (Good)
Fri Jul 14 22:25:21 2023 sass (Evil) [SMG] Harry (Good)
Fri Jul 14 22:25:21 2023 Anna (Evil) [Fall]
Fri Jul 14 22:25:24 2023 You have 1 medkit!
Fri Jul 14 22:25:31 2023 RE:SSercome (Good) [Fall]
Fri Jul 14 22:25:32 2023 ElHarry (Evil) [Rifle] Genaa_mey (l.p) (Good)
Fri Jul 14 22:25:47 2023 ElHarry (Evil) [Headshot] Harry (Good)
Fri Jul 14 22:25:48 2023 You have 1 medkit!
Fri Jul 14 22:25:49 2023 Galaxia (Evil) [Headshot] Ian2011 (Good)
Fri Jul 14 22:25:51 2023 Genaa_mey (l.p) (Good) [Headshot] Anna (Evil)
Fri Jul 14 22:25:55 2023 ElHarry (Evil) [Headshot] Genaa_mey (l.p) (Good)
Fri Jul 14 22:25:57 2023  Type /help for info & commands
Fri Jul 14 22:25:58 2023 R CONSERVADORA (Good) [Headshot] Anna (Evil)
Fri Jul 14 22:25:58 2023 sass (Evil) [Headshot] Harry (Good)
Fri Jul 14 22:26:00 2023 You have 1 medkit!
Fri Jul 14 22:26:03 2023 sass (Evil) [Headshot] RE:SSercome (Good)
Fri Jul 14 22:26:04 2023 sass (Evil) [Headshot] Ian2011 (Good)
Fri Jul 14 22:26:04 2023 Genaa_mey (l.p) (Good) [Headshot] sass (Evil)
Fri Jul 14 22:26:09 2023 Harry (Good) [Headshot] ElHarry (Evil)
Fri Jul 14 22:26:12 2023 You have been healed
Fri Jul 14 22:26:14 2023 [Team] Ian2011 (Good): hi
Fri Jul 14 22:26:16 2023 Harry (Good) [Headshot] JonyUchiha00 (Evil)
Fri Jul 14 22:26:29 2023 Harry (Good) [Headshot] sass (Evil)
Fri Jul 14 22:26:29 2023 ElHarry (Evil) [Headshot] Harry (Good)
Fri Jul 14 22:26:30 2023 You have 1 medkit!
Fri Jul 14 22:26:32 2023 mrpaper (Good) [Headshot] pink (Evil)
Fri Jul 14 22:26:33 2023 ElHarry (Evil) [Headshot] Genaa_mey (l.p) (Good)
Fri Jul 14 22:26:34 2023 mrpaper (Good) [Headshot] Anna (Evil)
Fri Jul 14 22:26:37 2023 Player RE:SSercome has left
Fri Jul 14 22:26:39 2023 R CONSERVADORA (Good) [Headshot] Anna (Evil)
Fri Jul 14 22:26:44 2023 Harry (Good) [Headshot] ElHarry (Evil)
Fri Jul 14 22:26:49 2023 Dez (Evil) [Fall]
Fri Jul 14 22:26:55 2023 Harry (Good) [Headshot] sass (Evil)
Fri Jul 14 22:26:55 2023 Galaxia (Evil) [Fall]
Fri Jul 14 22:27:00 2023 R CONSERVADORA (Good) [Headshot] Anna (Evil)
Fri Jul 14 22:27:03 2023 ElHarry (Evil) [Headshot] Genaa_mey (l.p) (Good)
Fri Jul 14 22:27:06 2023 Dez (Evil) [Rifle] R CONSERVADORA (Good)
Fri Jul 14 22:27:09 2023 mrpaper (Good) [SMG] pink (Evil)
Fri Jul 14 22:27:14 2023 mrpaper (Good) [SMG] sass (Evil)
Fri Jul 14 22:27:19 2023 ElHarry (Evil) [Headshot] Harry (Good)
Fri Jul 14 22:27:24 2023 You have 1 medkit!
Fri Jul 14 22:27:33 2023 Dez (Evil) [Headshot] Goida (Good)
Fri Jul 14 22:27:40 2023 Harry (Good) [Headshot] ElHarry (Evil)
Fri Jul 14 22:27:50 2023 Dez (Evil) [Headshot] R CONSERVADORA (Good)
Fri Jul 14 22:27:54 2023 sass (Evil) [Headshot] Harry (Good)
Fri Jul 14 22:27:55 2023 Genaa_mey (l.p) (Good) [Headshot] sass (Evil)
Fri Jul 14 22:27:57 2023 ElHarry (Evil) [Headshot] Genaa_mey (l.p) (Good)
Fri Jul 14 22:28:00 2023 You have 1 medkit!
Fri Jul 14 22:28:07 2023 Goida (Good) [Headshot] Anna (Evil)
Fri Jul 14 22:28:07 2023 Dez (Evil) [Headshot] Goida (Good)
Fri Jul 14 22:28:12 2023 i c q picked up Good's Intel.
Fri Jul 14 22:28:17 2023 Dez (Evil) [Rifle] Ian2011 (Good)
Fri Jul 14 22:28:19 2023 Harry (Good) [Headshot] sass (Evil)
Fri Jul 14 22:28:21 2023 Robleis joined Good team
Fri Jul 14 22:28:31 2023 ElHarry (Evil) [Headshot] Genaa_mey (l.p) (Good)
Fri Jul 14 22:28:33 2023 Harry (Good) [Headshot] ElHarry (Evil)
Fri Jul 14 22:28:37 2023 mrpaper picked up Evil's Intel.
Fri Jul 14 22:28:40 2023 Galaxia (Evil) [Rifle] Ian2011 (Good)
Fri Jul 14 22:28:45 2023 Ian2011 (Good) [Weapon Change]
Fri Jul 14 22:28:47 2023 Galaxia (Evil) [Headshot] Goida (Good)
Fri Jul 14 22:28:52 2023 Goida (Good) [Weapon Change]
Fri Jul 14 22:28:54 2023 i c q captured Good's Intel.
Fri Jul 14 22:28:56 2023 Dez (Evil) [Headshot] Ian2011 (Good)
Fri Jul 14 22:28:56 2023 sass (Evil) [Headshot] Genaa_mey (l.p) (Good)
Fri Jul 14 22:28:56 2023 Harry (Good) [Headshot] sass (Evil)
Fri Jul 14 22:28:59 2023 Goida (Good) [SMG] Dez (Evil)
Fri Jul 14 22:29:00 2023 Robleis (Good) [Headshot] i c q (Evil)
Fri Jul 14 22:29:03 2023 R CONSERVADORA (Good) [Headshot] Dez (Evil)
Fri Jul 14 22:29:06 2023 Galaxia (Evil) [Headshot] Genaa_mey (l.p) (Good)
Fri Jul 14 22:29:06 2023 Goida (Good) [SMG] Galaxia (Evil)
Fri Jul 14 22:29:07 2023 R CONSERVADORA (Good) [SMG] Dez (Evil)
Fri Jul 14 22:29:08 2023 sass (Evil) [Headshot] Robleis (Good)
Fri Jul 14 22:29:14 2023 Harry (Good) [Headshot] ElHarry (Evil)
Fri Jul 14 22:29:14 2023 Dez (Evil) [Headshot] R CONSERVADORA (Good)
Fri Jul 14 22:29:20 2023 pink (Evil) [Headshot] Harry (Good)
Fri Jul 14 22:29:24 2023 You have 1 medkit!
Fri Jul 14 22:29:41 2023 Anna (Evil) [SMG] Genaa_mey (l.p) (Good)
Fri Jul 14 22:29:44 2023 sass (Evil) [Headshot] Ian2011 (Good)
Fri Jul 14 22:29:47 2023 pink (Evil) [Headshot] Harry (Good)
Fri Jul 14 22:29:48 2023 You have 1 medkit!
Fri Jul 14 22:29:49 2023 sass picked up Good's Intel.
Fri Jul 14 22:29:49 2023 i c q (Evil) [Headshot] Ian2011 (Good)
Fri Jul 14 22:29:51 2023 sass dropped Good's Intel
Fri Jul 14 22:29:51 2023 Genaa_mey (l.p) (Good) [Headshot] sass (Evil)
Fri Jul 14 22:29:52 2023 mrpaper dropped Evil's Intel
Fri Jul 14 22:29:52 2023 mrpaper (Good) [Fall]
Fri Jul 14 22:29:53 2023 Harry (Good) [Headshot] i c q (Evil)
Fri Jul 14 22:29:56 2023 R CONSERVADORA (Good) [Headshot] Dez (Evil)
Fri Jul 14 22:29:59 2023 Galaxia (Evil) [Headshot] R CONSERVADORA (Good)
Fri Jul 14 22:30:03 2023 Robleis (Good) [Rifle] Galaxia (Evil)
Fri Jul 14 22:30:13 2023 Genaa_mey (l.p) (Good) [Headshot] ElHarry (Evil)
Fri Jul 14 22:30:15 2023 Genaa_mey (l.p) (Good) [Headshot] JonyUchiha00 (Evil)
Fri Jul 14 22:30:19 2023 mrpaper picked up Evil's Intel.
Fri Jul 14 22:30:25 2023 Genaa_mey (l.p) (Good) [Headshot] Anna (Evil)
Fri Jul 14 22:30:26 2023 pink (Evil) [Headshot] Genaa_mey (l.p) (Good)
Fri Jul 14 22:30:38 2023 Robleis (Good) [Headshot] Dez (Evil)
Fri Jul 14 22:30:41 2023 Robleis (Good) [Headshot] Galaxia (Evil)
Fri Jul 14 22:30:43 2023 Harry (Good) [Headshot] pink (Evil)
Fri Jul 14 22:30:43 2023 mrpaper captured Evil's Intel.
Fri Jul 14 22:30:46 2023 Harry (Good) [Headshot] Anna (Evil)
Fri Jul 14 22:30:46 2023 Genaa_mey (l.p) (Good) [Headshot] i c q (Evil)
Fri Jul 14 22:30:54 2023 R CONSERVADORA (Good) [SMG] pink (Evil)
Fri Jul 14 22:30:56 2023 Genaa_mey (l.p) (Good) [Headshot] ElHarry (Evil)
Fri Jul 14 22:30:57 2023  Type /help for info & commands
Fri Jul 14 22:31:03 2023 R CONSERVADORA (Good) [Headshot] pink (Evil)
Fri Jul 14 22:31:06 2023 Anna (Evil) [SMG] Harry (Good)
Fri Jul 14 22:31:08 2023 R CONSERVADORA (Good) [Headshot] pink (Evil)
Fri Jul 14 22:31:12 2023 You have 1 medkit!
Fri Jul 14 22:31:14 2023 ElHarry (Evil) [Headshot] mrpaper (Good)
Fri Jul 14 22:31:14 2023 Galaxia (Evil) [Fall]
Fri Jul 14 22:31:14 2023 R CONSERVADORA (Good) [Headshot] pink (Evil)
Fri Jul 14 22:31:21 2023 Robleis (Good) [Headshot] pink (Evil)
Fri Jul 14 22:31:22 2023 Genaa_mey (l.p) (Good) [Headshot] sass (Evil)
Fri Jul 14 22:31:24 2023 Galaxia (Evil) [Rifle] Robleis (Good)
Fri Jul 14 22:31:24 2023 mrpaper (Good) [Headshot] i c q (Evil)
Fri Jul 14 22:31:34 2023 ElHarry (Evil) [Rifle] Genaa_mey (l.p) (Good)
Fri Jul 14 22:31:34 2023 Harry (Good) [Headshot] ElHarry (Evil)
Fri Jul 14 22:31:38 2023 mrpaper (Good) [SMG] Anna (Evil)
Fri Jul 14 22:31:39 2023 Dez (Evil) [Headshot] Goida (Good)
Fri Jul 14 22:31:41 2023 R CONSERVADORA (Good) [Headshot] ElHarry (Evil)
Fri Jul 14 22:31:45 2023 R CONSERVADORA (Good) [Headshot] Dez (Evil)
Fri Jul 14 22:31:58 2023 R CONSERVADORA (Good) [Headshot] ElHarry (Evil)
Fri Jul 14 22:32:02 2023 Galaxia (Evil) [Headshot] R CONSERVADORA (Good)
Fri Jul 14 22:32:02 2023 sass picked up Good's Intel.
Fri Jul 14 22:32:06 2023 Harry (Good) [Headshot] Anna (Evil)
Fri Jul 14 22:32:11 2023 Harry (Good) [Headshot] JonyUchiha00 (Evil)
Fri Jul 14 22:32:17 2023 ElHarry (Evil) [Headshot] Harry (Good)
Fri Jul 14 22:32:18 2023 You have 1 medkit!
Fri Jul 14 22:32:21 2023 ElHarry (Evil) [Headshot] Genaa_mey (l.p) (Good)
Fri Jul 14 22:32:21 2023 mrpaper (Good) [SMG] ElHarry (Evil)
Fri Jul 14 22:32:24 2023 pink (Evil) [Headshot] mrpaper (Good)
Fri Jul 14 22:32:27 2023 Budeco joined Good team
Fri Jul 14 22:32:32 2023 Player Budeco has left
Fri Jul 14 22:32:41 2023 pink (Evil) [Headshot] Harry (Good)
Fri Jul 14 22:32:42 2023 You have 1 medkit!
Fri Jul 14 22:32:43 2023 Goida (Good) [Headshot] Galaxia (Evil)
Fri Jul 14 22:32:48 2023 sass dropped Good's Intel
Fri Jul 14 22:32:48 2023 Robleis (Good) [Rifle] sass (Evil)
Fri Jul 14 22:32:56 2023 ElHarry (Evil) [Headshot] Genaa_mey (l.p) (Good)
Fri Jul 14 22:32:59 2023 R CONSERVADORA (Good) [SMG] Dez (Evil)
Fri Jul 14 22:33:02 2023 Harry (Good) [Headshot] pink (Evil)
Fri Jul 14 22:33:03 2023 i c q (Evil) [Headshot] mrpaper (Good)
Fri Jul 14 22:33:11 2023 ElHarry (Evil) [Headshot] Harry (Good)
Fri Jul 14 22:33:12 2023 You have 1 medkit!
Fri Jul 14 22:33:17 2023 Galaxia (Evil) [Rifle] Goida (Good)
Fri Jul 14 22:33:20 2023 ElHarry (Evil) [Headshot] Harry (Good)
Fri Jul 14 22:33:21 2023 pink (Evil) [Headshot] R CONSERVADORA (Good)
Fri Jul 14 22:33:24 2023 You have 1 medkit!
Fri Jul 14 22:33:25 2023 Genaa_mey (l.p) (Good) [Headshot] i c q (Evil)
Fri Jul 14 22:33:34 2023 ElHarry (Evil) [Headshot] Harry (Good)
Fri Jul 14 22:33:36 2023 You have 1 medkit!
Fri Jul 14 22:33:43 2023 Genaa_mey (l.p) (Good) [Headshot] ElHarry (Evil)
Fri Jul 14 22:33:44 2023 mrpaper (Good) [Headshot] i c q (Evil)
Fri Jul 14 22:33:47 2023 Anna (Evil) [Fall]
Fri Jul 14 22:34:01 2023 i c q (Evil) [SMG] Robleis (Good)
Fri Jul 14 22:34:02 2023 i c q (Evil) [Headshot] mrpaper (Good)
Fri Jul 14 22:34:04 2023 Harry (Good) [Headshot] ElHarry (Evil)
Fri Jul 14 22:34:11 2023 Harry (Good) [Rifle] pink (Evil)
Fri Jul 14 22:34:15 2023 JonyUchiha00 (Evil) [Headshot] Harry (Good)
Fri Jul 14 22:34:17 2023 Goida (Good) [SMG] Dez (Evil)
Fri Jul 14 22:34:17 2023 Genaa_mey (l.p) (Good) [Headshot] ElHarry (Evil)
Fri Jul 14 22:34:18 2023 i c q picked up Good's Intel.
Fri Jul 14 22:34:18 2023 You have 1 medkit!
Fri Jul 14 22:34:18 2023 JonyUchiha00 (Evil) [Fall]
Fri Jul 14 22:34:19 2023 R CONSERVADORA (Good) [Headshot] Dez (Evil)
Fri Jul 14 22:34:20 2023 Galaxia (Evil) [Headshot] Goida (Good)
Fri Jul 14 22:34:20 2023 ElHarry (Evil) [Headshot] R CONSERVADORA (Good)
Fri Jul 14 22:34:32 2023 Genaa_mey (l.p) (Good) [Headshot] ElHarry (Evil)
Fri Jul 14 22:34:34 2023 Genaa_mey (l.p) (Good) [Headshot] Anna (Evil)
Fri Jul 14 22:34:36 2023 i c q captured Good's Intel.
Fri Jul 14 22:34:41 2023 Dez (Evil) [Rifle] mrpaper (Good)
Fri Jul 14 22:34:42 2023 ElHarry (Evil) [Headshot] Robleis (Good)
Fri Jul 14 22:34:45 2023 Galaxia (Evil) [Fall]
Fri Jul 14 22:34:49 2023 Anna (Evil) [Grenade] Genaa_mey (l.p) (Good)
Fri Jul 14 22:34:50 2023 Trash joined Evil team
Fri Jul 14 22:34:54 2023 Anna (Evil) [SMG] Harry (Good)
Fri Jul 14 22:35:00 2023 You have 1 medkit!
Fri Jul 14 22:35:08 2023 Robleis (Good) [Headshot] i c q (Evil)
Fri Jul 14 22:35:10 2023 ElHarry (Evil) [Headshot] Genaa_mey (l.p) (Good)
Fri Jul 14 22:35:11 2023 sass (Evil) [Headshot] Robleis (Good)
Fri Jul 14 22:35:12 2023 Harry (Good) [Headshot] ElHarry (Evil)
Fri Jul 14 22:35:21 2023 Galaxia (Evil) [Headshot] R CONSERVADORA (Good)
Fri Jul 14 22:35:21 2023 ElHarry (Evil) [Fall]
Fri Jul 14 22:35:32 2023 [Global] Harry (Good): im tired bye
Fri Jul 14 22:35:32 2023 R CONSERVADORA (Good) [Headshot] sass (Evil)
Fri Jul 14 22:35:34 2023 Disconnecting
