Mon May 29 13:17:31 2023 ------ World Loaded ------
Mon May 29 13:17:31 2023 Batula. (Blue) [Headshot] SaykO (Red)
Mon May 29 13:17:31 2023 [Global] SimplyLeo (Red): yeah im bored
Mon May 29 13:17:31 2023 xyi joined Spectator team
Mon May 29 13:17:31 2023 Welcome to aloha.pk tower of babel
Mon May 29 13:17:31 2023 [Global] SimplyLeo (Red): bye guys
Mon May 29 13:17:32 2023 Map: LARD by Jason Bonham AKA JoJoe Stinky CC 2012
Mon May 29 13:17:34 2023 Game mode: Tower of Babel by Yourself, modified by izzy
Mon May 29 13:17:35 2023 3X3=18 joined Red team
Mon May 29 13:17:36 2023 Build a tower to get the enemy's intel. Take it to your team's tent to win!
Mon May 29 13:17:38 2023 Visit our community forums at https://aloha.pk/
Mon May 29 13:17:40 2023 Come chat with us at https://discord.aloha.pk/
Mon May 29 13:17:42 2023  Type /HELP for info & commands
Mon May 29 13:17:45 2023 Batula. (Blue) [Headshot] 3X3=18 (Red)
Mon May 29 13:17:53 2023 SaykO (Red) [Headshot] Fetticindeznuts (Blue)
Mon May 29 13:17:59 2023 Player Fetticindeznuts has left
Mon May 29 13:18:02 2023 Player SimplyLeo has left
Mon May 29 13:18:03 2023 lad (Blue) [Headshot] Kikas (Red)
Mon May 29 13:18:08 2023 Batula. (Blue) [Headshot] SaykO (Red)
Mon May 29 13:18:12 2023  Visit our community forums at https://aloha.pk/
Mon May 29 13:18:22 2023 Batula. (Blue) [Headshot] SaykO (Red)
Mon May 29 13:18:25 2023 xyi joined Red team
Mon May 29 13:18:28 2023 Newage joined Blue team
Mon May 29 13:18:32 2023 Batula. (Blue) [Headshot] 3X3=18 (Red)
Mon May 29 13:18:42 2023  Come chat with us at https://discord.aloha.pk/
Mon May 29 13:18:42 2023 xyi (Red) [Rifle] Batula. (Blue)
Mon May 29 13:18:43 2023 ismV joined Red team
Mon May 29 13:18:50 2023 Kikas (Red) [Headshot] SUPERMNK (Blue)
Mon May 29 13:18:52 2023 SaykO (Red) [Headshot] Harry (Blue)
Mon May 29 13:18:55 2023 lad (Blue) [Headshot] SaykO (Red)
Mon May 29 13:19:02 2023 Disconnecting
