Fri Apr 28 18:25:17 2023 ------ World Loaded ------
Fri Apr 28 18:25:18 2023 blaine (Purple) [Headshot] MosteracRP (Yellow)
Fri Apr 28 18:25:18 2023 Women are superior to men
Fri Apr 28 18:25:19 2023 Women are better at everything
Fri Apr 28 18:25:20 2023 MosteracRP (Yellow) [Fall]
Fri Apr 28 18:25:21 2023 Women are Goddesses, worship them
Fri Apr 28 18:25:28 2023 [Global] cheeasy (Purple): harry
Fri Apr 28 18:25:29 2023 Harry (Yellow) [Headshot] Playernix (Purple)
Fri Apr 28 18:25:36 2023 Loveforplanes (Purple) destroyed your mine!
Fri Apr 28 18:25:39 2023 blaine (Purple) [Headshot] Pedro (Yellow)
Fri Apr 28 18:25:40 2023 Loveforplanes (Purple) destroyed your mine!
Fri Apr 28 18:25:41 2023 Harry (Yellow) [Headshot] blaine (Purple)
Fri Apr 28 18:25:45 2023 Loveforplanes (Purple) destroyed your mine!
Fri Apr 28 18:25:46 2023 Loveforplanes (Purple) destroyed your mine!
Fri Apr 28 18:25:47 2023 Squirrel! joined Yellow team
Fri Apr 28 18:25:55 2023 Loveforplanes (Purple) [Headshot] MosteracRP (Yellow)
Fri Apr 28 18:25:55 2023 Harry (Yellow) [Headshot] Playernix (Purple)
Fri Apr 28 18:25:58 2023 Player Playernix has left
Fri Apr 28 18:26:07 2023 ahilaox joined Purple team
Fri Apr 28 18:26:07 2023 Loveforplanes (Purple) [Headshot] MosteracRP (Yellow)
Fri Apr 28 18:26:10 2023 [Global] MosteracRP (Yellow): ?
Fri Apr 28 18:26:10 2023 Loveforplanes (Purple) [Shotgun] Squirrel! (Yellow)
Fri Apr 28 18:26:19 2023 Harry (Yellow) [Headshot] ahilaox (Purple)
Fri Apr 28 18:26:22 2023 cheeasy (Purple) [Grenade] Pedro (Yellow)
Fri Apr 28 18:26:25 2023 Squirrel! (Yellow) [Headshot] Loveforplanes (Purple)
Fri Apr 28 18:26:27 2023 DUA|Changiiii (Yellow) [Headshot] cheeasy (Purple)
Fri Apr 28 18:26:31 2023 [Global] Loveforplanes (Purple): lmaooo
Fri Apr 28 18:26:35 2023 cheeasy killed you with a mine!
Fri Apr 28 18:26:35 2023 cheeasy (Purple) [Grenade] Harry (Yellow)
Fri Apr 28 18:26:49 2023 [Global] Squirrel! (Yellow): You managed to blow my face in with a shotgun twice lol
Fri Apr 28 18:26:57 2023 blaine (Purple) [Headshot] MosteracRP (Yellow)
Fri Apr 28 18:27:00 2023 [Global] Loveforplanes (Purple): damn right
Fri Apr 28 18:27:13 2023 blaine (Purple) [Headshot] Harry (Yellow)
Fri Apr 28 18:27:37 2023 Loveforplanes (Purple) [Headshot] Harry (Yellow)
Fri Apr 28 18:27:39 2023 MosteracRP (Yellow) [Headshot] ahilaox (Purple)
Fri Apr 28 18:27:39 2023 Squirrel! (Yellow) [Headshot] Loveforplanes (Purple)
Fri Apr 28 18:27:40 2023 DUA|Changiiii (Yellow) [Rifle] cheeasy (Purple)
Fri Apr 28 18:27:42 2023 blaine (Purple) [Headshot] Squirrel! (Yellow)
Fri Apr 28 18:27:44 2023 blaine (Purple) [Headshot] Harry (Yellow)
Fri Apr 28 18:27:49 2023 MosteracRP (Yellow) [Headshot] cheeasy (Purple)
Fri Apr 28 18:27:58 2023 Loveforplanes (Purple) [Headshot] Pedro (Yellow)
Fri Apr 28 18:27:58 2023 MosteracRP (Yellow) [Headshot] Loveforplanes (Purple)
Fri Apr 28 18:27:58 2023 cheeasy (Purple) [Grenade] MosteracRP (Yellow)
Fri Apr 28 18:28:05 2023 blaine (Purple) [Headshot] Squirrel! (Yellow)
Fri Apr 28 18:28:10 2023 [Global] Squirrel! (Yellow): goddamit
Fri Apr 28 18:28:14 2023 [Global] Squirrel! (Yellow): hitboxes
Fri Apr 28 18:28:15 2023 Player ahilaox has left
Fri Apr 28 18:28:19 2023 blaine (Purple) [Headshot] Squirrel! (Yellow)
Fri Apr 28 18:28:21 2023 [Global] Squirrel! (Yellow): hax
Fri Apr 28 18:28:24 2023 blaine (Purple) [Headshot] Harry (Yellow)
Fri Apr 28 18:28:27 2023 DUA|Changiiii (Yellow) [Grenade] blaine (Purple)
Fri Apr 28 18:28:40 2023 Pedro (Yellow) [Headshot] Loveforplanes (Purple)
Fri Apr 28 18:28:40 2023 cheeasy (Purple) [Melee] DUA|Changiiii (Yellow)
Fri Apr 28 18:28:43 2023 [Global] DUA|Changiiii (Yellow): nice
Fri Apr 28 18:28:53 2023 Loveforplanes (Purple) [Grenade] MosteracRP (Yellow)
Fri Apr 28 18:28:53 2023 [Global] cheeasy (Purple): 13 hp
Fri Apr 28 18:28:55 2023 Loveforplanes (Purple) [Headshot] Pedro (Yellow)
Fri Apr 28 18:28:57 2023 [Global] DUA|Changiiii (Yellow): ik
Fri Apr 28 18:29:01 2023 [Global] MosteracRP (Yellow): wtf loveforplanes?
Fri Apr 28 18:29:02 2023 DUA|Changiiii (Yellow) [Headshot] blaine (Purple)
Fri Apr 28 18:29:04 2023 Player Pedro has left
Fri Apr 28 18:29:20 2023 DUA|Changiiii (Yellow) [Headshot] cheeasy (Purple)
Fri Apr 28 18:29:24 2023 Loveforplanes (Purple) [Headshot] DUA|Changiiii (Yellow)
Fri Apr 28 18:29:31 2023 Loveforplanes (Purple) [Headshot] MosteracRP (Yellow)
Fri Apr 28 18:29:40 2023 DUA|Changiiii (Yellow) [Headshot] Loveforplanes (Purple)
Fri Apr 28 18:29:41 2023 [Global] MosteracRP (Yellow): wtf
Fri Apr 28 18:29:44 2023 cheeasy (Purple) [Headshot] DUA|Changiiii (Yellow)
Fri Apr 28 18:29:48 2023 rick joined Purple team
Fri Apr 28 18:29:57 2023 cheeasy (Purple) [Rifle] MosteracRP (Yellow)
Fri Apr 28 18:30:03 2023 [Global] MosteracRP (Yellow): ???????????????????????????????????????????????????????????????????
Fri Apr 28 18:30:03 2023 [Global] cheeasy (Purple): oky
Fri Apr 28 18:30:08 2023 DUA|Changiiii (Yellow) [Rifle] cheeasy (Purple)
Fri Apr 28 18:30:09 2023 [Global] cheeasy (Purple): ??????????????
Fri Apr 28 18:30:10 2023 [Global] cheeasy (Purple): a
Fri Apr 28 18:30:31 2023 blaine (Purple) [Headshot] Harry (Yellow)
Fri Apr 28 18:30:33 2023 DUA|Changiiii (Yellow) [Headshot] cheeasy (Purple)
Fri Apr 28 18:30:37 2023 DUA|Changiiii (Yellow) [Headshot] Loveforplanes (Purple)
Fri Apr 28 18:30:39 2023 DUA|Changiiii (Yellow) [Headshot] rick (Purple)
Fri Apr 28 18:30:39 2023 Squirrel! (Yellow) [Headshot] blaine (Purple)
Fri Apr 28 18:30:54 2023 cheeasy (Purple) [Rifle] MosteracRP (Yellow)
Fri Apr 28 18:30:58 2023 [Global] MosteracRP (Yellow): wtf 
Fri Apr 28 18:31:04 2023 [Global] Squirrel! (Yellow): ikr
Fri Apr 28 18:31:21 2023 [Global] cheeasy (Purple): u hide very bad
Fri Apr 28 18:31:25 2023 blaine (Purple) [Grenade] MosteracRP (Yellow)
Fri Apr 28 18:31:45 2023 DUA|Changiiii (Yellow) [Rifle] cheeasy (Purple)
Fri Apr 28 18:31:47 2023 rick (Purple) [Headshot] Harry (Yellow)
Fri Apr 28 18:31:47 2023 [Global] Squirrel! (Yellow): don't bully him he hides very good. hide and seek champion 2021 and 2022
Fri Apr 28 18:31:49 2023 rick (Purple) [Headshot] MosteracRP (Yellow)
Fri Apr 28 18:31:51 2023 [Global] cheeasy (Purple): =c
Fri Apr 28 18:31:54 2023 [Global] DUA|Changiiii (Yellow): lol
Fri Apr 28 18:31:54 2023 rick (Purple) [Headshot] Harry (Yellow)
Fri Apr 28 18:31:55 2023 [Global] MosteracRP (Yellow): FUCK SECONDS
Fri Apr 28 18:31:56 2023 rick (Purple) [Headshot] Squirrel! (Yellow)
Fri Apr 28 18:32:00 2023 [Global] cheeasy (Purple): no
Fri Apr 28 18:32:03 2023 [Global] cheeasy (Purple): he hide very bad
Fri Apr 28 18:32:06 2023 rick (Purple) [Headshot] MosteracRP (Yellow)
Fri Apr 28 18:32:07 2023  The future is female
Fri Apr 28 18:32:18 2023 Squirrel! (Yellow) [Headshot] rick (Purple)
Fri Apr 28 18:32:22 2023 Player rick has left
Fri Apr 28 18:32:23 2023 Loveforplanes (Purple) [Headshot] Harry (Yellow)
Fri Apr 28 18:32:29 2023 MosteracRP (Yellow) [Shotgun] Loveforplanes (Purple)
Fri Apr 28 18:32:47 2023 [Global] MosteracRP (Yellow): loveforplanes how do you do that?
Fri Apr 28 18:32:53 2023 [Global] Loveforplanes (Purple): lay mines?
Fri Apr 28 18:32:53 2023 [Global] cheeasy (Purple): what
Fri Apr 28 18:33:11 2023 [Global] MosteracRP (Yellow): those of the mines
Fri Apr 28 18:33:12 2023 [Global] cheeasy (Purple): lul where
Fri Apr 28 18:33:14 2023 [Global] MosteracRP (Yellow): destroy
Fri Apr 28 18:33:21 2023 [Global] Loveforplanes (Purple): idk lol
Fri Apr 28 18:33:28 2023 [Global] Loveforplanes (Purple): gotta figure it out
Fri Apr 28 18:33:33 2023 [Global] DUA|Changiiii (Yellow): you lay mine by clicking RMB wwhile having a nade
Fri Apr 28 18:33:33 2023 [Global] Loveforplanes (Purple): lmaoooo
Fri Apr 28 18:33:37 2023 [Global] MosteracRP (Yellow): without dying
Fri Apr 28 18:33:43 2023 MosteracRP (Yellow) [Shotgun] Loveforplanes (Purple)
Fri Apr 28 18:33:49 2023 cheeasy (Purple) [Headshot] MosteracRP (Yellow)
Fri Apr 28 18:34:15 2023 a joined Purple team
Fri Apr 28 18:34:21 2023 MosteracRP (Yellow) [Shotgun] cheeasy (Purple)
Fri Apr 28 18:34:23 2023 [Global] cheeasy (Purple): u changed block color =c
Fri Apr 28 18:34:24 2023 kennanX joined Yellow team
Fri Apr 28 18:34:33 2023 [Global] MosteracRP (Yellow): :D
Fri Apr 28 18:34:34 2023 [Global] DUA|Changiiii (Yellow): i always do lol
Fri Apr 28 18:34:37 2023 Loveforplanes (Purple) [Shotgun] MosteracRP (Yellow)
Fri Apr 28 18:34:40 2023 cheeasy (Purple) [Rifle] DUA|Changiiii (Yellow)
Fri Apr 28 18:34:42 2023 Robin Van Persi joined Yellow team
Fri Apr 28 18:34:44 2023 [Global] MosteracRP (Yellow): fuck you
Fri Apr 28 18:34:49 2023 kennanX (Yellow) [Headshot] Loveforplanes (Purple)
Fri Apr 28 18:34:49 2023 [Global] DUA|Changiiii (Yellow): ... i forgot that you are in asquad
Fri Apr 28 18:34:50 2023 [Global] cheeasy (Purple): whe u hide u block color is green xd
Fri Apr 28 18:34:57 2023 [Global] DUA|Changiiii (Yellow): nope
Fri Apr 28 18:34:59 2023 MosteracRP (Yellow) [Shotgun] a (Purple)
Fri Apr 28 18:35:00 2023 BigBrian joined Purple team
Fri Apr 28 18:35:01 2023 [Global] cheeasy (Purple): yess
Fri Apr 28 18:35:04 2023 [Global] cheeasy (Purple): is green
Fri Apr 28 18:35:04 2023 [Global] Loveforplanes (Purple): why fuck me?
Fri Apr 28 18:35:06 2023 cheeasy (Purple) [Rifle] Robin Van Persi (Yellow)
Fri Apr 28 18:35:08 2023 cheeasy (Purple) [Headshot] MosteracRP (Yellow)
Fri Apr 28 18:35:12 2023 cheeasy (Purple) [Headshot] kennanX (Yellow)
Fri Apr 28 18:35:13 2023 Olaudo joined Purple team
Fri Apr 28 18:35:15 2023 [Global] Loveforplanes (Purple): if you want to destory them destory them with a shovel
Fri Apr 28 18:35:27 2023 cheeasy (Purple) [Headshot] Squirrel! (Yellow)
Fri Apr 28 18:35:27 2023 cheeasy (Purple) [Headshot] kennanX (Yellow)
Fri Apr 28 18:35:29 2023 [Global] DUA|Changiiii (Yellow): funny thing is i never even equiped green during this session
Fri Apr 28 18:35:30 2023 Robin Van Persi (Yellow) [Headshot] cheeasy (Purple)
Fri Apr 28 18:35:32 2023 [Global] MosteracRP (Yellow): tjust because
Fri Apr 28 18:35:33 2023 Robin Van Persi (Yellow) [Headshot] blaine (Purple)
Fri Apr 28 18:35:41 2023 Loveforplanes (Purple) [Headshot] Robin Van Persi (Yellow)
Fri Apr 28 18:35:43 2023 kennanX (Yellow) [Headshot] MosteracRP (Yellow)
Fri Apr 28 18:35:45 2023 DUA|Changiiii (Yellow) [Grenade] BigBrian (Purple)
Fri Apr 28 18:35:46 2023 Pingo Baller joined Purple team
Fri Apr 28 18:35:46 2023 Loveforplanes (Purple) [Grenade] DUA|Changiiii (Yellow)
Fri Apr 28 18:35:48 2023 [Global] cheeasy (Purple): but i  see green color
Fri Apr 28 18:35:53 2023 [Global] DUA|Changiiii (Yellow): sus
Fri Apr 28 18:35:55 2023 [Global] cheeasy (Purple): when u hide
Fri Apr 28 18:36:02 2023 [Global] DUA|Changiiii (Yellow): very sus
Fri Apr 28 18:36:05 2023 DUA|Changiiii (Yellow) [Headshot] Loveforplanes (Purple)
Fri Apr 28 18:36:08 2023 MosteracRP (Yellow) [Shotgun] Pingo Baller (Purple)
Fri Apr 28 18:36:11 2023 Olaudo (Purple) [Headshot] MosteracRP (Yellow)
Fri Apr 28 18:36:12 2023 Robin Van Persi (Yellow) [Headshot] Olaudo (Purple)
Fri Apr 28 18:36:17 2023 Robin Van Persi (Yellow) [Headshot] cheeasy (Purple)
Fri Apr 28 18:36:28 2023 Loveforplanes (Purple) [Shotgun] Robin Van Persi (Yellow)
Fri Apr 28 18:36:33 2023 MosteracRP (Yellow) [Headshot] blaine (Purple)
Fri Apr 28 18:36:37 2023 MosteracRP (Yellow) [Headshot] a (Purple)
Fri Apr 28 18:36:43 2023 Robin Van Persi (Yellow) [Rifle] Loveforplanes (Purple)
Fri Apr 28 18:36:43 2023 cheeasy (Purple) [Headshot] MosteracRP (Yellow)
Fri Apr 28 18:36:46 2023 DUA|Changiiii (Yellow) [Headshot] cheeasy (Purple)
Fri Apr 28 18:36:51 2023 [Global] cheeasy (Purple): =c
Fri Apr 28 18:36:56 2023 Pingo Baller (Purple) [SMG] Robin Van Persi (Yellow)
Fri Apr 28 18:36:56 2023 DUA|Changiiii (Yellow) [Headshot] Pingo Baller (Purple)
Fri Apr 28 18:37:04 2023 rishi sunak joined Yellow team
Fri Apr 28 18:37:08 2023 Pingo Baller (Purple) [Weapon Change]
Fri Apr 28 18:37:13 2023 [Global] rishi sunak (Yellow): what
Fri Apr 28 18:37:16 2023 blaine (Purple) [Headshot] MosteracRP (Yellow)
Fri Apr 28 18:37:18 2023 DUA|Changiiii (Yellow) [Headshot] blaine (Purple)
Fri Apr 28 18:37:19 2023 Loveforplanes (Purple) [Grenade] DUA|Changiiii (Yellow)
Fri Apr 28 18:37:19 2023 Loveforplanes (Purple) [Grenade] kennanX (Yellow)
Fri Apr 28 18:37:19 2023 Loveforplanes (Purple) [Grenade] Robin Van Persi (Yellow)
Fri Apr 28 18:37:21 2023 [Global] MosteracRP (Yellow): eh?
Fri Apr 28 18:37:29 2023 [Global] Squirrel! (Yellow): que pasa
Fri Apr 28 18:37:31 2023 [Global] rishi sunak (Yellow): all are bots ?
Fri Apr 28 18:37:37 2023 [Global] Squirrel! (Yellow): yes
Fri Apr 28 18:37:37 2023 Loveforplanes (Purple) [Headshot] Harry (Yellow)
Fri Apr 28 18:37:39 2023 Robin Van Persi (Yellow) [Headshot] Loveforplanes (Purple)
Fri Apr 28 18:37:39 2023 [Global] MosteracRP (Yellow): quien poronga me mato xd?
Fri Apr 28 18:37:39 2023 Olaudo (Purple) [Headshot] Robin Van Persi (Yellow)
Fri Apr 28 18:37:42 2023 [Global] Squirrel! (Yellow): squirellbot
Fri Apr 28 18:37:58 2023 DUA|Changiiii (Yellow) [Headshot] Olaudo (Purple)
Fri Apr 28 18:37:58 2023 Robin Van Persi (Yellow) [Headshot] a (Purple)
Fri Apr 28 18:38:02 2023 rishi sunak (Yellow) [SMG] Pingo Baller (Purple)
Fri Apr 28 18:38:05 2023  SSercome. joined Spectator team
Fri Apr 28 18:38:06 2023 Loveforplanes (Purple) [Grenade] kennanX (Yellow)
Fri Apr 28 18:38:11 2023 DUA|Changiiii (Yellow) [Headshot] Loveforplanes (Purple)
Fri Apr 28 18:38:19 2023 DUA|Changiiii (Yellow) [Rifle] Pingo Baller (Purple)
Fri Apr 28 18:38:20 2023 DUA|Changiiii (Yellow) [Headshot] blaine (Purple)
Fri Apr 28 18:38:22 2023 Olaudo (Purple) [Headshot] Harry (Yellow)
Fri Apr 28 18:38:23 2023 DUA|Changiiii (Yellow) [Headshot] Olaudo (Purple)
Fri Apr 28 18:38:30 2023 Loveforplanes (Purple) [Headshot] Robin Van Persi (Yellow)
Fri Apr 28 18:38:41 2023 nasshe joined Purple team
Fri Apr 28 18:38:42 2023 blaine (Purple) [Headshot] kennanX (Yellow)
Fri Apr 28 18:38:47 2023 [Global] MosteracRP (Yellow): nashe
Fri Apr 28 18:38:48 2023 blaine (Purple) [Rifle] Harry (Yellow)
Fri Apr 28 18:38:49 2023 blaine (Purple) [Headshot] rishi sunak (Yellow)
Fri Apr 28 18:38:49 2023 a (Purple) [Headshot] Squirrel! (Yellow)
Fri Apr 28 18:38:58 2023 a (Purple) [Headshot] MosteracRP (Yellow)
Fri Apr 28 18:38:59 2023 [Global] nasshe (Purple): nasshe
Fri Apr 28 18:38:59 2023 Robin Van Persi (Yellow) [Headshot] blaine (Purple)
Fri Apr 28 18:39:01 2023 blaine (Purple) [Grenade] Robin Van Persi (Yellow)
Fri Apr 28 18:39:04 2023 kennanX (Yellow) [Headshot] rishi sunak (Yellow)
Fri Apr 28 18:39:05 2023 DUA|Changiiii (Yellow) [Headshot] BigBrian (Purple)
Fri Apr 28 18:39:10 2023 Player BigBrian has left
Fri Apr 28 18:39:13 2023 [Global] rishi sunak (Yellow): que haces pelotudo
Fri Apr 28 18:39:19 2023 Buda joined Purple team
Fri Apr 28 18:39:19 2023 [Global] MosteracRP (Yellow): tremendo 9 robin van persie
Fri Apr 28 18:39:20 2023 Harry (Yellow) [Headshot] Pingo Baller (Purple)
Fri Apr 28 18:39:20 2023 Olaudo (Purple) [Headshot] Harry (Yellow)
Fri Apr 28 18:39:22 2023 [Global] kennanX (Yellow): te crusaste 
Fri Apr 28 18:39:25 2023 Loveforplanes (Purple) [Shotgun] Robin Van Persi (Yellow)
Fri Apr 28 18:39:26 2023 [Global] MosteracRP (Yellow): xd
Fri Apr 28 18:39:28 2023 DUA|Changiiii (Yellow) [Headshot] Loveforplanes (Purple)
Fri Apr 28 18:39:32 2023 [Global] Robin Van Persi (Yellow): xd thx
Fri Apr 28 18:39:34 2023 kennanX (Yellow) [Headshot] MosteracRP (Yellow)
Fri Apr 28 18:39:37 2023 DUA|Changiiii (Yellow) [Headshot] nasshe (Purple)
Fri Apr 28 18:39:41 2023 Player nasshe has left
Fri Apr 28 18:39:43 2023 Buda (Purple) [Headshot] kennanX (Yellow)
Fri Apr 28 18:39:45 2023 Ally DUA|Changiiii called in an airstrike on location D5
Fri Apr 28 18:39:46 2023 [Global] kennanX (Yellow): au
Fri Apr 28 18:39:46 2023 Disconnecting
