Sun Jul 23 12:26:57 2023 ------ World Loaded ------
Sun Jul 23 12:26:57 2023 Wroom Wroom (Blue) [Headshot] Diego (Green)
Sun Jul 23 12:26:57 2023 HyperHydra2 (Blue) [Headshot] ricksscots98 (Green)
Sun Jul 23 12:26:57 2023 Pothole (Green) [Rifle] HyperHydra2 (Blue)
Sun Jul 23 12:26:57 2023 Player Diego has left
Sun Jul 23 12:26:57 2023 Dambi (Blue) [Headshot] DIMAS (Green)
Sun Jul 23 12:26:57 2023 Server powered by piqueserver and buildandshoot.com
Sun Jul 23 12:26:57 2023 Wroom Wroom (Blue) [Headshot] Pothole (Green)
Sun Jul 23 12:26:58 2023 Discord: discord.gg/v7x3RjzX
Sun Jul 23 12:26:59 2023 Pothole (Green) [Fall]
Sun Jul 23 12:26:59 2023 Dambi (Blue) [Headshot] ale (Green)
Sun Jul 23 12:27:00 2023 You can use medkit by typing /m
Sun Jul 23 12:27:03 2023 Join squad by typing /squad 1
Sun Jul 23 12:27:03 2023 Kamikaze345. (Green) [Headshot] Wroom Wroom (Blue)
Sun Jul 23 12:27:03 2023 Kamikaze345. (Green) [SMG] nubly (Blue)
Sun Jul 23 12:27:05 2023 [Team] Pothole (Green): 1 : build barrier
Sun Jul 23 12:27:06 2023 7te3ep (Green) [Grenade]
Sun Jul 23 12:27:08 2023 Dambi picked up Green's Intel.
Sun Jul 23 12:27:09 2023 Wroom Wroom (Blue) [Headshot] gatopd (Green)
Sun Jul 23 12:27:12 2023 Harry (Green) [Headshot] harrykiri (Blue)
Sun Jul 23 12:27:14 2023 Dambi dropped Green's Intel
Sun Jul 23 12:27:14 2023 DIMAS (Green) [Headshot] Dambi (Blue)
Sun Jul 23 12:27:14 2023 Digger joined Green team
Sun Jul 23 12:27:17 2023 Green intel was returned by DIMAS!
Sun Jul 23 12:27:25 2023 Wroom Wroom (Blue) [Headshot] gatopd (Green)
Sun Jul 23 12:27:25 2023 HyperHydra2 (Blue) [Headshot] ricksscots98 (Green)
Sun Jul 23 12:27:29 2023 mittens (Blue) [Headshot] gatopd (Green)
Sun Jul 23 12:27:30 2023 Wroom Wroom (Blue) [Headshot] ale (Green)
Sun Jul 23 12:27:33 2023 skycladobserver (Blue) [Headshot] Pothole (Green)
Sun Jul 23 12:27:35 2023 Dambi (Blue) [Headshot] ricksscots98 (Green)
Sun Jul 23 12:27:37 2023 PLAYER FAME (Green) [Shotgun] mittens (Blue)
Sun Jul 23 12:27:37 2023 HyperHydra2 (Blue) [Headshot] Harry (Green)
Sun Jul 23 12:27:39 2023 Dambi (Blue) [Headshot] PLAYER FAME (Green)
Sun Jul 23 12:27:40 2023 [Global] Pothole (Green): mob farm
Sun Jul 23 12:27:41 2023 [Global] PLAYER FAME (Green): BR
Sun Jul 23 12:27:42 2023 HyperHydra2 (Blue) [Headshot] Digger (Green)
Sun Jul 23 12:27:44 2023 [Global] PLAYER FAME (Green): BRO
Sun Jul 23 12:27:46 2023 Kamikaze345. (Green) [SMG] HyperHydra2 (Blue)
Sun Jul 23 12:27:47 2023 nubly (Blue) [Headshot] Kamikaze345. (Green)
Sun Jul 23 12:27:47 2023 Pothole (Green) [Headshot] mittens (Blue)
Sun Jul 23 12:27:48 2023 [Global] PLAYER FAME (Green): I SHOT HIM IN THE HEAD
Sun Jul 23 12:27:48 2023 ale (Green) [SMG] Wroom Wroom (Blue)
Sun Jul 23 12:27:49 2023 Dambi (Blue) [Headshot] PLAYER FAME (Green)
Sun Jul 23 12:27:51 2023 Pothole (Green) [Rifle] Dambi (Blue)
Sun Jul 23 12:27:53 2023 [Global] ALANXD (Blue): clasificatria
Sun Jul 23 12:27:55 2023 Cristian2006 (Blue) [Headshot] 7te3ep (Green)
Sun Jul 23 12:28:00 2023 DIMAS (Green) [Headshot] harrykiri (Blue)
Sun Jul 23 12:28:07 2023 nubly (Blue) [Headshot] Digger (Green)
Sun Jul 23 12:28:08 2023 zsebi (Blue) [Headshot] PLAYER FAME (Green)
Sun Jul 23 12:28:09 2023 Harry (Green) [Grenade] nubly (Blue)
Sun Jul 23 12:28:13 2023 ale (Green) [Headshot] zsebi (Blue)
Sun Jul 23 12:28:17 2023 ale (Green) [Headshot] skycladobserver (Blue)
Sun Jul 23 12:28:25 2023 mittens (Blue) [Headshot] Digger (Green)
Sun Jul 23 12:28:25 2023 DIMAS (Green) [SMG] mittens (Blue)
Sun Jul 23 12:28:26 2023 [Global] zsebi (Blue): hack
Sun Jul 23 12:28:29 2023 HyperHydra2 (Blue) [Headshot] DIMAS (Green)
Sun Jul 23 12:28:29 2023 Cristian2006 (Blue) [Headshot] ricksscots98 (Green)
Sun Jul 23 12:28:30 2023 [Global] Wroom Wroom (Blue): haxxor
Sun Jul 23 12:28:35 2023 Cristian2006 (Blue) [SMG] 7te3ep (Green)
Sun Jul 23 12:28:35 2023 [Global] zsebi (Blue): green hack
Sun Jul 23 12:28:38 2023  You can use medkit by typing /m
Sun Jul 23 12:28:40 2023 Kamikaze345. (Green) [SMG] Wroom Wroom (Blue)
Sun Jul 23 12:28:47 2023 HyperHydra2 (Blue) [Headshot] Digger (Green)
Sun Jul 23 12:28:48 2023 Kamikaze345. (Green) [SMG] nubly (Blue)
Sun Jul 23 12:28:49 2023 HyperHydra2 (Blue) [Headshot] DIMAS (Green)
Sun Jul 23 12:28:50 2023 Player Digger has left
Sun Jul 23 12:28:57 2023 mittens (Blue) [Headshot] Kamikaze345. (Green)
Sun Jul 23 12:28:58 2023 Harry (Green) [Rifle] mittens (Blue)
Sun Jul 23 12:29:05 2023 Pothole (Green) [Headshot] Cristian2006 (Blue)
Sun Jul 23 12:29:07 2023 Pothole (Green) [Headshot] skycladobserver (Blue)
Sun Jul 23 12:29:07 2023 HyperHydra2 (Blue) [Headshot] Kamikaze345. (Green)
Sun Jul 23 12:29:15 2023 Player Kamikaze345. has left
Sun Jul 23 12:29:15 2023 You have been healed
Sun Jul 23 12:29:20 2023 Player mittens has left
Sun Jul 23 12:29:21 2023 Wroom Wroom (Blue) [Headshot] DIMAS (Green)
Sun Jul 23 12:29:30 2023 HyperHydra2 picked up Green's Intel.
Sun Jul 23 12:29:40 2023 Harry (Green) [Headshot] nubly (Blue)
Sun Jul 23 12:29:41 2023 Wroom Wroom (Blue) [Melee] Harry (Green)
Sun Jul 23 12:29:45 2023 ale (Green) [Headshot] Cristian2006 (Blue)
Sun Jul 23 12:29:47 2023 Pothole (Green) [Rifle] skycladobserver (Blue)
Sun Jul 23 12:29:48 2023 DIMAS (Green) [Shotgun] Wroom Wroom (Blue)
Sun Jul 23 12:29:49 2023 Harry (Green) [Fall]
Sun Jul 23 12:29:54 2023 HyperHydra2 (Blue) [Headshot] DIMAS (Green)
Sun Jul 23 12:29:58 2023 PLAYER FAME (Green) [Headshot] harrykiri (Blue)
Sun Jul 23 12:30:00 2023 7te3ep (Green) [Headshot] Cristian2006 (Blue)
Sun Jul 23 12:30:02 2023 [Team] Pothole (Green): 1 :  /squad 1 /squad 1
Sun Jul 23 12:30:10 2023 You are now in squad 1.
Sun Jul 23 12:30:16 2023 Wroom Wroom (Blue) [Headshot] DIMAS (Green)
Sun Jul 23 12:30:21 2023 7te3ep (Green) [Headshot] zsebi (Blue)
Sun Jul 23 12:30:22 2023  Warning: Pothole got a rocket!!!
Sun Jul 23 12:30:22 2023 Pothole (Green) [Rifle] Cristian2006 (Blue)
Sun Jul 23 12:30:30 2023 Wroom Wroom (Blue) [Headshot] Harry (Green)
Sun Jul 23 12:30:35 2023  Warning: HyperHydra2 got a rocket!!!
Sun Jul 23 12:30:35 2023 HyperHydra2 captured Green's Intel.
Sun Jul 23 12:30:38 2023  Join squad by typing /squad 1
Sun Jul 23 12:30:40 2023 zsebi (Blue) [Headshot] 7te3ep (Green)
Sun Jul 23 12:30:44 2023 You are in squad 1 with Pothole (100 hp).
Sun Jul 23 12:30:46 2023 ricksscots98 (Green) [Grenade] Cristian2006 (Blue)
Sun Jul 23 12:30:55 2023 Harry (Green) [Headshot] zsebi (Blue)
Sun Jul 23 12:30:56 2023 [Team] Pothole (Green): 1 : GO GET INTEL
Sun Jul 23 12:31:01 2023 Pothole (Green) [Grenade] Cristian2006 (Blue)
Sun Jul 23 12:31:02 2023 Wroom Wroom (Blue) [Grenade] DIMAS (Green)
Sun Jul 23 12:31:03 2023 Pothole (Green) [Grenade] zsebi (Blue)
Sun Jul 23 12:31:12 2023 skycladobserver (Blue) [Shotgun] 7te3ep (Green)
Sun Jul 23 12:31:15 2023 Cristian2006 (Blue) [Headshot] ale (Green)
Sun Jul 23 12:31:16 2023 Wroom Wroom (Blue) [SMG] DIMAS (Green)
Sun Jul 23 12:31:17 2023 PLAYER FAME (Green) [Headshot] Cristian2006 (Blue)
Sun Jul 23 12:31:17 2023 Player 7te3ep has left
Sun Jul 23 12:31:20 2023 Wroom Wroom (Blue) [Headshot] gatopd (Green)
Sun Jul 23 12:31:21 2023 [Global] PLAYER FAME (Green): YO
Sun Jul 23 12:31:25 2023 [Global] PLAYER FAME (Green): I HIT  HEADSHOT
Sun Jul 23 12:31:26 2023 [Global] PLAYER FAME (Green): HOW
Sun Jul 23 12:31:30 2023 ricksscots98 (Green) [Fall]
Sun Jul 23 12:31:34 2023 JEBANIEC joined Green team
Sun Jul 23 12:31:34 2023 ale (Green) [Headshot] HyperHydra2 (Blue)
Sun Jul 23 12:31:38 2023  Warning: Wroom Wroom got a rocket!!!
Sun Jul 23 12:31:38 2023 Wroom Wroom (Blue) [SMG] DIMAS (Green)
Sun Jul 23 12:31:39 2023 !% You have no rockets. Capture flag/tent or do 6 kill streak
Sun Jul 23 12:31:42 2023 PLAYER FAME (Green) [Headshot] Cristian2006 (Blue)
Sun Jul 23 12:31:43 2023 Ally Pothole called in an airstrike on location B5
Sun Jul 23 12:31:45 2023 Wroom Wroom (Blue) [Grenade] ale (Green)
Sun Jul 23 12:31:49 2023 Player ale has left
Sun Jul 23 12:31:52 2023 JEBANIEC (Green) [Shotgun] nubly (Blue)
Sun Jul 23 12:31:53 2023 Pothole (Green) [Grenade] Cristian2006 (Blue)
Sun Jul 23 12:31:58 2023 Squadmate Pothole was killed by zsebi
Sun Jul 23 12:31:58 2023 zsebi (Blue) [Headshot] Pothole (Green)
Sun Jul 23 12:31:58 2023 harrykiri (Blue) [Grenade] ricksscots98 (Green)
Sun Jul 23 12:31:58 2023 Wroom Wroom (Blue) [Headshot] JEBANIEC (Green)
Sun Jul 23 12:32:04 2023 [WARNING] Enemy air support heading to G4!
Sun Jul 23 12:32:07 2023 Wroom Wroom (Blue) [Grenade] JEBANIEC (Green)
Sun Jul 23 12:32:10 2023 Player JEBANIEC has left
Sun Jul 23 12:32:11 2023 DIMAS (Green) [Shotgun] Wroom Wroom (Blue)
Sun Jul 23 12:32:17 2023 Dambi picked up Green's Intel.
Sun Jul 23 12:32:23 2023 harrykiri (Blue) [Headshot] ricksscots98 (Green)
Sun Jul 23 12:32:31 2023 Pothole (Green) [Rifle] zsebi (Blue)
Sun Jul 23 12:32:32 2023 Cristian2006 (Blue) [Headshot] Harry (Green)
Sun Jul 23 12:32:33 2023 Dambi dropped Green's Intel
Sun Jul 23 12:32:33 2023 gatopd (Green) [Headshot] Dambi (Blue)
Sun Jul 23 12:32:34 2023 Green intel was returned by gatopd!
Sun Jul 23 12:32:38 2023  Join squad by typing /squad 1
Sun Jul 23 12:32:39 2023 HyperHydra2 (Blue) [Grenade] ricksscots98 (Green)
Sun Jul 23 12:32:39 2023 HyperHydra2 (Blue) [Grenade]
Sun Jul 23 12:32:50 2023 You are in squad 1 with Pothole (51 hp).
Sun Jul 23 12:32:55 2023 hans joined Green team
Sun Jul 23 12:32:58 2023 HyperHydra2 (Blue) [Headshot] PLAYER FAME (Green)
Sun Jul 23 12:33:05 2023 Harry (Green) [Fall]
Sun Jul 23 12:33:05 2023 [Global] PLAYER FAME (Green): THIS PIECE OF SHIT HYPEr
Sun Jul 23 12:33:07 2023 Dambi picked up Green's Intel.
Sun Jul 23 12:33:08 2023 You are in squad 1 with Pothole (51 hp).
Sun Jul 23 12:33:10 2023 Dambi dropped Green's Intel
Sun Jul 23 12:33:10 2023 PLAYER FAME (Green) [Melee] Dambi (Blue)
Sun Jul 23 12:33:10 2023 Wroom Wroom (Blue) [Headshot] PLAYER FAME (Green)
Sun Jul 23 12:33:12 2023 Harry (Green) [Fall]
Sun Jul 23 12:33:13 2023 [Global] PLAYER FAME (Green): SPANK
Sun Jul 23 12:33:13 2023 Wroom Wroom picked up Green's Intel.
Sun Jul 23 12:33:16 2023 Wroom Wroom (Blue) [Headshot] gatopd (Green)
Sun Jul 23 12:33:17 2023 DIMAS (Green) [Headshot] HyperHydra2 (Blue)
Sun Jul 23 12:33:18 2023 nubly (Blue) [Grenade] ricksscots98 (Green)
Sun Jul 23 12:33:19 2023 nubly (Blue) [Grenade] PLAYER FAME (Green)
Sun Jul 23 12:33:21 2023 You are now in squad 0.
Sun Jul 23 12:33:22 2023 Pothole (Green) [Headshot] zsebi (Blue)
Sun Jul 23 12:33:22 2023 [Global] PLAYER FAME (Green): bro
Sun Jul 23 12:33:23 2023 [Global] PLAYER FAME (Green): really
Sun Jul 23 12:33:24 2023 Cristian2006 (Blue) [Grenade] Pothole (Green)
Sun Jul 23 12:33:26 2023 You are in squad 0, all alone.
Sun Jul 23 12:33:30 2023 [Global] PLAYER FAME (Green): camping like that?
Sun Jul 23 12:33:36 2023 harrykiri (Blue) [Headshot] hans (Green)
Sun Jul 23 12:33:38 2023 Player ALANXD has left
Sun Jul 23 12:33:39 2023 [Global] Wroom Wroom (Blue): camping for victory
Sun Jul 23 12:33:39 2023 Dambi (Blue) [Headshot] Pothole (Green)
Sun Jul 23 12:33:41 2023 Dambi (Blue) [Headshot] gatopd (Green)
Sun Jul 23 12:33:41 2023 Player hans has left
Sun Jul 23 12:33:42 2023 PLAYER FAME (Green) [Melee] Dambi (Blue)
Sun Jul 23 12:33:46 2023 mini maicol pro joined Green team
Sun Jul 23 12:33:49 2023 xIX2bYoRHaXIx joined Green team
Sun Jul 23 12:33:50 2023 HyperHydra2 (Blue) [Headshot] DIMAS (Green)
Sun Jul 23 12:33:52 2023 nubly (Blue) [Rifle] xIX2bYoRHaXIx (Green)
Sun Jul 23 12:34:00 2023 HyperHydra2 (Blue) [Headshot] PLAYER FAME (Green)
Sun Jul 23 12:34:05 2023 [Global] PLAYER FAME (Green): it makes me sick
Sun Jul 23 12:34:11 2023 harrykiri (Blue) [SMG] ricksscots98 (Green)
Sun Jul 23 12:34:13 2023 HyperHydra2 (Blue) [Headshot] Pothole (Green)
Sun Jul 23 12:34:16 2023 skycladobserver (Blue) [Shotgun] xIX2bYoRHaXIx (Green)
Sun Jul 23 12:34:19 2023 HyperHydra2 (Blue) [Headshot] PLAYER FAME (Green)
Sun Jul 23 12:34:23 2023 ale joined Green team
Sun Jul 23 12:34:30 2023 harrykiri (Blue) [Grenade] PLAYER FAME (Green)
Sun Jul 23 12:34:30 2023 gatopd (Green) [SMG] HyperHydra2 (Blue)
Sun Jul 23 12:34:31 2023 Harry (Green) [Headshot] zsebi (Blue)
Sun Jul 23 12:34:33 2023 Harry (Green) [Headshot] Cristian2006 (Blue)
Sun Jul 23 12:34:33 2023 mini maicol pro (Green) [Fall]
Sun Jul 23 12:34:34 2023 [Global] PLAYER FAME (Green): bro
Sun Jul 23 12:34:37 2023  Warning: harrykiri got a rocket!!!
Sun Jul 23 12:34:37 2023 harrykiri (Blue) [SMG] gatopd (Green)
Sun Jul 23 12:34:38 2023  Discord: discord.gg/v7x3RjzX
Sun Jul 23 12:34:39 2023 [Global] PLAYER FAME (Green): targeted on me
Sun Jul 23 12:34:42 2023 DIMAS (Green) [Shotgun] Dambi (Blue)
Sun Jul 23 12:34:51 2023 ale (Green) [Headshot] nubly (Blue)
Sun Jul 23 12:34:57 2023  Warning: Wroom Wroom got a rocket!!!
Sun Jul 23 12:34:57 2023 Wroom Wroom captured Green's Intel.
Sun Jul 23 12:34:58 2023 ale (Green) [Shotgun] harrykiri (Blue)
Sun Jul 23 12:35:00 2023 DIMAS (Green) [Headshot] HyperHydra2 (Blue)
Sun Jul 23 12:35:05 2023 Harry (Green) [Headshot] nubly (Blue)
Sun Jul 23 12:35:31 2023 Wroom Wroom (Blue) [SMG] DIMAS (Green)
Sun Jul 23 12:35:46 2023 Harry (Green) [Headshot] zsebi (Blue)
Sun Jul 23 12:36:01 2023 DIMAS (Green) [Shotgun] nubly (Blue)
Sun Jul 23 12:36:04 2023 ricksscots98 (Green) [Grenade] zsebi (Blue)
Sun Jul 23 12:36:05 2023 harrykiri (Blue) [Melee] ale (Green)
Sun Jul 23 12:36:06 2023 ricksscots98 (Green) [Fall]
Sun Jul 23 12:36:09 2023 HyperHydra2 (Blue) [Headshot] xIX2bYoRHaXIx (Green)
Sun Jul 23 12:36:10 2023 Harry (Green) [Headshot] nubly (Blue)
Sun Jul 23 12:36:10 2023 DIMAS (Green) [Shotgun] Wroom Wroom (Blue)
Sun Jul 23 12:36:12 2023 DIMAS (Green) [Headshot] Dambi (Blue)
Sun Jul 23 12:36:13 2023 You got the rocket. To use Right click with grenade
Sun Jul 23 12:36:13 2023 N% You got the rocket. To use Right click with grenade
Sun Jul 23 12:36:13 2023  Warning: Harry got a rocket!!!
Sun Jul 23 12:36:13 2023 Harry (Green) [Headshot] Cristian2006 (Blue)
Sun Jul 23 12:36:18 2023 harrykiri (Blue) [SMG] mini maicol pro (Green)
Sun Jul 23 12:36:21 2023 gatopd (Green) [SMG] HyperHydra2 (Blue)
Sun Jul 23 12:36:30 2023 Player Cristian2006 has left
Sun Jul 23 12:36:34 2023 Harry (Green) [Headshot] nubly (Blue)
Sun Jul 23 12:36:38 2023  Discord: discord.gg/v7x3RjzX
Sun Jul 23 12:36:41 2023 Airstrike support ready! SCOPE and HOLD <V> (sneak) to launch
Sun Jul 23 12:36:41 2023 Harry (Green) [Grenade] zsebi (Blue)
Sun Jul 23 12:36:42 2023 harrykiri (Blue) [SMG] Pothole (Green)
Sun Jul 23 12:36:44 2023 Wroom Wroom (Blue) [SMG] DIMAS (Green)
Sun Jul 23 12:37:00 2023 Pothole (Green) [Headshot] harrykiri (Blue)
Sun Jul 23 12:37:01 2023 mini maicol pro (Green) [SMG] skycladobserver (Blue)
Sun Jul 23 12:37:07 2023 DIMAS (Green) [Headshot] Wroom Wroom (Blue)
Sun Jul 23 12:37:08 2023 Ally Harry called in an airstrike on location B4
Sun Jul 23 12:37:09 2023 You must be standing up to target the airstrike
Sun Jul 23 12:37:10 2023 Player xIX2bYoRHaXIx has left
Sun Jul 23 12:37:10 2023 DIMAS (Green) [Headshot] Dambi (Blue)
Sun Jul 23 12:37:12 2023 Harry (Green) [Grenade] zsebi (Blue)
Sun Jul 23 12:37:12 2023 HyperHydra2 (Blue) [Headshot] DIMAS (Green)
Sun Jul 23 12:37:14 2023 zsebi is spawn-protected for 2 seconds.
Sun Jul 23 12:37:14 2023 zsebi is spawn-protected for 2 seconds.
Sun Jul 23 12:37:14 2023 Harry (Green) [Grenade] zsebi (Blue)
Sun Jul 23 12:37:25 2023 HyperHydra2 (Blue) [Headshot] gatopd (Green)
Sun Jul 23 12:37:27 2023 HyperHydra2 (Blue) [Headshot] DIMAS (Green)
Sun Jul 23 12:37:29 2023 zsebi (Blue) [Headshot] Harry (Green)
Sun Jul 23 12:37:38 2023 You are in squad 0, all alone.
Sun Jul 23 12:37:45 2023 DIMAS (Green) [Shotgun] Wroom Wroom (Blue)
Sun Jul 23 12:37:45 2023 HyperHydra2 (Blue) [Headshot] gatopd (Green)
Sun Jul 23 12:37:48 2023 ricksscots98 (Green) [Headshot] skycladobserver (Blue)
Sun Jul 23 12:37:56 2023 harrykiri (Blue) [SMG] Pothole (Green)
Sun Jul 23 12:38:01 2023 harrykiri (Blue) [Headshot] ricksscots98 (Green)
Sun Jul 23 12:38:03 2023 Wroom Wroom (Blue) [Melee] DIMAS (Green)
Sun Jul 23 12:38:15 2023 HyperHydra2 picked up Green's Intel.
Sun Jul 23 12:38:17 2023 PLAYER FAME (Green) [Headshot] zsebi (Blue)
Sun Jul 23 12:38:20 2023 xIX2bYoRHaXIx joined Blue team
Sun Jul 23 12:38:20 2023 HyperHydra2 dropped Green's Intel
Sun Jul 23 12:38:20 2023 HyperHydra2 (Blue) [Grenade]
Sun Jul 23 12:38:22 2023 ale (Green) [Headshot] harrykiri (Blue)
Sun Jul 23 12:38:24 2023 Green intel was returned by Pothole!
Sun Jul 23 12:38:25 2023 PLAYER FAME (Green) [Rifle] xIX2bYoRHaXIx (Blue)
Sun Jul 23 12:38:27 2023 harrykiri (Blue) [SMG] PLAYER FAME (Green)
Sun Jul 23 12:38:27 2023 Harry (Green) [Headshot] harrykiri (Blue)
Sun Jul 23 12:38:31 2023 nubly (Blue) [Grenade] ale (Green)
Sun Jul 23 12:38:31 2023 Harry (Green) [Headshot] HyperHydra2 (Blue)
Sun Jul 23 12:38:32 2023 Harry (Green) [Headshot] zsebi (Blue)
Sun Jul 23 12:38:35 2023 [Global] PLAYER FAME (Green): atleast i dont camp
Sun Jul 23 12:38:38 2023  Join squad by typing /squad 1
Sun Jul 23 12:38:48 2023 Pothole (Green) [Team Change]
Sun Jul 23 12:38:48 2023 Wroom Wroom (Blue) [SMG] DIMAS (Green)
Sun Jul 23 12:38:52 2023 Pothole joined Spectator team
Sun Jul 23 12:38:53 2023 ricksscots98 (Green) [Headshot] nubly (Blue)
Sun Jul 23 12:38:56 2023 harrykiri (Blue) [SMG] Harry (Green)
Sun Jul 23 12:39:01 2023 DIMAS (Green) [SMG] Dambi (Blue)
Sun Jul 23 12:39:03 2023 cunhaodoce joined Green team
Sun Jul 23 12:39:08 2023 You are in squad 0, all alone.
Sun Jul 23 12:39:09 2023 skycladobserver (Blue) [Headshot] ricksscots98 (Green)
Sun Jul 23 12:39:25 2023 mini maicol pro (Green) [Headshot] zsebi (Blue)
Sun Jul 23 12:39:32 2023 skycladobserver (Blue) [Headshot] ale (Green)
Sun Jul 23 12:39:32 2023 HyperHydra2 (Blue) [Headshot] DIMAS (Green)
Sun Jul 23 12:39:35 2023 DIMAS (Green) [Weapon Change]
Sun Jul 23 12:39:46 2023 mini maicol pro (Green) [Headshot] xIX2bYoRHaXIx (Blue)
Sun Jul 23 12:39:50 2023 xIX2bYoRHaXIx (Blue) [Headshot] mini maicol pro (Green)
Sun Jul 23 12:39:53 2023 Harry (Green) [Headshot] xIX2bYoRHaXIx (Blue)
Sun Jul 23 12:39:54 2023 Dambi picked up Green's Intel.
Sun Jul 23 12:40:03 2023 HyperHydra2 (Blue) [Headshot] mini maicol pro (Green)
Sun Jul 23 12:40:05 2023 cunhaodoce (Green) [Headshot] xIX2bYoRHaXIx (Blue)
Sun Jul 23 12:40:08 2023 nubly (Blue) [Fall]
Sun Jul 23 12:40:10 2023 Harry (Green) [Rifle] zsebi (Blue)
Sun Jul 23 12:40:14 2023 Pothole joined Green team
Sun Jul 23 12:40:16 2023 Wroom Wroom (Blue) [SMG] ricksscots98 (Green)
Sun Jul 23 12:40:16 2023 Pothole (Green) [Headshot] Wroom Wroom (Blue)
Sun Jul 23 12:40:17 2023 cunhaodoce (Green) [Headshot] xIX2bYoRHaXIx (Blue)
Sun Jul 23 12:40:19 2023 nubly (Blue) [Fall]
Sun Jul 23 12:40:21 2023 skycladobserver (Blue) [Headshot] ricksscots98 (Green)
Sun Jul 23 12:40:22 2023 Pothole (Green) [Headshot] HyperHydra2 (Blue)
Sun Jul 23 12:40:23 2023 cunhaodoce (Green) [Headshot] zsebi (Blue)
Sun Jul 23 12:40:32 2023 mini maicol pro (Green) [SMG] harrykiri (Blue)
Sun Jul 23 12:40:32 2023 cunhaodoce (Green) [Headshot] nubly (Blue)
Sun Jul 23 12:40:33 2023 zsebi (Blue) [Headshot] cunhaodoce (Green)
Sun Jul 23 12:40:34 2023 Harry (Green) [Headshot] xIX2bYoRHaXIx (Blue)
Sun Jul 23 12:40:35 2023 Dambi dropped Green's Intel
Sun Jul 23 12:40:35 2023 mini maicol pro (Green) [SMG] Dambi (Blue)
Sun Jul 23 12:40:35 2023 Green intel was returned by mini maicol pro!
Sun Jul 23 12:40:38 2023  You can use medkit by typing /m
Sun Jul 23 12:40:38 2023 Harry (Green) [Headshot] zsebi (Blue)
Sun Jul 23 12:40:41 2023 Wroom Wroom (Blue) [SMG] mini maicol pro (Green)
Sun Jul 23 12:40:45 2023 DIMAS (Green) [Headshot] xIX2bYoRHaXIx (Blue)
Sun Jul 23 12:40:47 2023 DIMAS (Green) [Headshot] harrykiri (Blue)
Sun Jul 23 12:40:50 2023 DIMAS (Green) [Shotgun] zsebi (Blue)
Sun Jul 23 12:40:50 2023 nubly (Blue) [Headshot] DIMAS (Green)
Sun Jul 23 12:40:52 2023 Harry (Green) [Headshot] nubly (Blue)
Sun Jul 23 12:40:53 2023 skycladobserver (Blue) [Shotgun] mini maicol pro (Green)
Sun Jul 23 12:40:58 2023 skycladobserver (Blue) [Shotgun] cunhaodoce (Green)
Sun Jul 23 12:41:00 2023 Pothole (Green) [Headshot] HyperHydra2 (Blue)
Sun Jul 23 12:41:08 2023 nubly (Blue) [Grenade] Harry (Green)
Sun Jul 23 12:41:13 2023 cunhaodoce (Green) [Headshot] Dambi (Blue)
Sun Jul 23 12:41:14 2023 You are in squad 0, all alone.
Sun Jul 23 12:41:18 2023 ale (Green) [Shotgun] skycladobserver (Blue)
Sun Jul 23 12:41:21 2023 DIMAS (Green) [Headshot] nubly (Blue)
Sun Jul 23 12:41:22 2023 Dambi (Blue) [Headshot] cunhaodoce (Green)
Sun Jul 23 12:41:27 2023 Wroom Wroom (Blue) [Headshot] cunhaodoce (Green)
Sun Jul 23 12:41:28 2023 Dambi picked up Green's Intel.
Sun Jul 23 12:41:38 2023 Pothole (Green) [Headshot] HyperHydra2 (Blue)
Sun Jul 23 12:41:39 2023 nubly (Blue) [Grenade] ricksscots98 (Green)
Sun Jul 23 12:41:39 2023 DIMAS (Green) [Headshot] skycladobserver (Blue)
Sun Jul 23 12:41:39 2023 Dambi dropped Green's Intel
Sun Jul 23 12:41:39 2023 mini maicol pro (Green) [Headshot] Dambi (Blue)
Sun Jul 23 12:41:40 2023 skycladobserver (Blue) [Grenade] DIMAS (Green)
Sun Jul 23 12:41:41 2023 Wroom Wroom (Blue) [Headshot] mini maicol pro (Green)
Sun Jul 23 12:41:43 2023 cunhaodoce (Green) [Headshot] Wroom Wroom (Blue)
Sun Jul 23 12:41:46 2023 Harry (Green) [Headshot] nubly (Blue)
Sun Jul 23 12:41:52 2023 HyperHydra2 (Blue) [Headshot] Pothole (Green)
Sun Jul 23 12:41:54 2023 [Global] Pothole (Green): hehe
Sun Jul 23 12:41:59 2023 Harry (Green) [Headshot] Dambi (Blue)
Sun Jul 23 12:42:05 2023 skycladobserver (Blue) [Shotgun] Harry (Green)
Sun Jul 23 12:42:08 2023 You are in squad 0, all alone.
Sun Jul 23 12:42:10 2023 Green intel was returned by mini maicol pro!
Sun Jul 23 12:42:12 2023 HyperHydra2 (Blue) [Headshot] Pothole (Green)
Sun Jul 23 12:42:18 2023 DIMAS (Green) [SMG] skycladobserver (Blue)
Sun Jul 23 12:42:20 2023 Wroom Wroom (Blue) [SMG] DIMAS (Green)
Sun Jul 23 12:42:23 2023 DIMAS (Green) [Weapon Change]
Sun Jul 23 12:42:27 2023 !% You have no rockets. Capture flag/tent or do 6 kill streak
Sun Jul 23 12:42:31 2023 Harry (Green) [Headshot] Wroom Wroom (Blue)
Sun Jul 23 12:42:32 2023 ricksscots98 (Green) [Headshot] HyperHydra2 (Blue)
Sun Jul 23 12:42:32 2023 cunhaodoce (Green) [Headshot] nubly (Blue)
Sun Jul 23 12:42:36 2023 HyperHydra2 (Blue) [Weapon Change]
Sun Jul 23 12:42:38 2023  You can use medkit by typing /m
Sun Jul 23 12:42:46 2023 Wroom Wroom is spawn-protected for less than a second.
Sun Jul 23 12:42:47 2023 Wroom Wroom is spawn-protected for less than a second.
Sun Jul 23 12:42:47 2023 Harry (Green) [Headshot] Wroom Wroom (Blue)
Sun Jul 23 12:42:53 2023 HyperHydra2 (Blue) [Fall]
Sun Jul 23 12:42:58 2023 skycladobserver (Blue) [Headshot] DIMAS (Green)
Sun Jul 23 12:43:01 2023 mini maicol pro (Green) [Headshot] Dambi (Blue)
Sun Jul 23 12:43:13 2023 cunhaodoce (Green) [SMG] nubly (Blue)
Sun Jul 23 12:43:16 2023 xIX2bYoRHaXIx (Blue) [Headshot] mini maicol pro (Green)
Sun Jul 23 12:43:21 2023 Wroom Wroom (Blue) [Headshot] cunhaodoce (Green)
Sun Jul 23 12:43:23 2023 [Global] nubly (Blue): cuhnaodoce in our base
Sun Jul 23 12:43:29 2023 [Global] Wroom Wroom (Blue): k
Sun Jul 23 12:43:33 2023 zsebi (Blue) [Fall]
Sun Jul 23 12:43:40 2023 Pothole (Green) [Headshot] HyperHydra2 (Blue)
Sun Jul 23 12:43:41 2023 Wroom Wroom (Blue) [Headshot] PLAYER FAME (Green)
Sun Jul 23 12:43:45 2023 [Global] PLAYER FAME (Green): whore
Sun Jul 23 12:43:45 2023 Wroom Wroom (Blue) [Headshot] ale (Green)
Sun Jul 23 12:43:51 2023 [Global] Wroom Wroom (Blue): ^_^
Sun Jul 23 12:43:52 2023 !% You have no rockets. Capture flag/tent or do 6 kill streak
Sun Jul 23 12:43:55 2023 Harry (Green) [Grenade] xIX2bYoRHaXIx (Blue)
Sun Jul 23 12:44:01 2023 Pothole (Green) [Grenade] HyperHydra2 (Blue)
Sun Jul 23 12:44:04 2023 Gabrielvecks joined Blue team
Sun Jul 23 12:44:09 2023 cunhaodoce (Green) [Headshot] Wroom Wroom (Blue)
Sun Jul 23 12:44:12 2023 ricksscots98 (Green) [Headshot] xIX2bYoRHaXIx (Blue)
Sun Jul 23 12:44:14 2023 Gabrielvecks (Blue) [Headshot] ricksscots98 (Green)
Sun Jul 23 12:44:16 2023 Harry (Green) [Headshot] Gabrielvecks (Blue)
Sun Jul 23 12:44:19 2023 Harry (Green) [Headshot] HyperHydra2 (Blue)
Sun Jul 23 12:44:25 2023 cunhaodoce (Green) [Headshot] Wroom Wroom (Blue)
Sun Jul 23 12:44:33 2023 Wroom Wroom (Blue) [Grenade] cunhaodoce (Green)
Sun Jul 23 12:44:35 2023 You got the rocket. To use Right click with grenade
Sun Jul 23 12:44:35 2023 N% You got the rocket. To use Right click with grenade
Sun Jul 23 12:44:35 2023  Warning: Harry got a rocket!!!
Sun Jul 23 12:44:35 2023 Harry (Green) [Rifle] xIX2bYoRHaXIx (Blue)
Sun Jul 23 12:44:37 2023 Wroom Wroom (Blue) [Headshot] ale (Green)
Sun Jul 23 12:44:38 2023  You can use medkit by typing /m
Sun Jul 23 12:44:38 2023 DIMAS (Green) [Headshot] Wroom Wroom (Blue)
Sun Jul 23 12:44:40 2023 HyperHydra2 (Blue) [SMG] DIMAS (Green)
Sun Jul 23 12:44:42 2023 DIMAS (Green) [Weapon Change]
Sun Jul 23 12:44:43 2023 Pothole (Green) [Headshot] Wroom Wroom (Blue)
Sun Jul 23 12:44:44 2023 Pothole (Green) [Headshot] HyperHydra2 (Blue)
Sun Jul 23 12:44:45 2023 Pothole (Green) [SMG] nubly (Blue)
Sun Jul 23 12:44:48 2023 xIX2bYoRHaXIx (Blue) [Headshot] Pothole (Green)
Sun Jul 23 12:44:49 2023 Gabrielvecks (Blue) [Headshot] Harry (Green)
Sun Jul 23 12:44:50 2023 You are in squad 0, all alone.
Sun Jul 23 12:44:54 2023 cunhaodoce (Green) [Headshot] harrykiri (Blue)
Sun Jul 23 12:44:59 2023 bullet joined Green team
Sun Jul 23 12:45:04 2023 cunhaodoce (Green) [SMG] zsebi (Blue)
Sun Jul 23 12:45:07 2023 Gabrielvecks (Blue) [SMG] ale (Green)
Sun Jul 23 12:45:15 2023 Gabrielvecks (Blue) [Headshot] DIMAS (Green)
Sun Jul 23 12:45:22 2023 skycladobserver (Blue) [Headshot] Harry (Green)
Sun Jul 23 12:45:22 2023 harrykiri (Blue) [SMG] cunhaodoce (Green)
Sun Jul 23 12:45:26 2023 You are in squad 0, all alone.
Sun Jul 23 12:45:27 2023 Player ale has left
Sun Jul 23 12:45:27 2023  bullet was kicked: griefing
Sun Jul 23 12:45:27 2023 Player bullet has left
Sun Jul 23 12:45:27 2023 mini maicol pro (Green) [Fall]
Sun Jul 23 12:45:30 2023 HyperHydra2 (Blue) [SMG] ricksscots98 (Green)
Sun Jul 23 12:45:37 2023 DIMAS (Green) [Shotgun] Wroom Wroom (Blue)
Sun Jul 23 12:45:38 2023 PLAYER FAME (Green) [Headshot] skycladobserver (Blue)
Sun Jul 23 12:45:39 2023 DIMAS (Green) [Headshot] nubly (Blue)
Sun Jul 23 12:45:39 2023 bullet joined Green team
Sun Jul 23 12:45:41 2023 harrykiri (Blue) [Headshot] PLAYER FAME (Green)
Sun Jul 23 12:45:45 2023 Dambi (Blue) [Headshot] gatopd (Green)
Sun Jul 23 12:45:45 2023 [Global] PLAYER FAME (Green): BROOOOOOOOOOOOOOO
Sun Jul 23 12:45:51 2023 [Global] PLAYER FAME (Green): if you   are gonna camp
Sun Jul 23 12:45:51 2023 HyperHydra2 (Blue) [Headshot] cunhaodoce (Green)
Sun Jul 23 12:45:57 2023 [Global] PLAYER FAME (Green): then  let us camp too
Sun Jul 23 12:45:58 2023 cunhaodoce (Green) [SMG] HyperHydra2 (Blue)
Sun Jul 23 12:46:00 2023 Wroom Wroom (Blue) [SMG] cunhaodoce (Green)
Sun Jul 23 12:46:05 2023 DIMAS (Green) [Shotgun] nubly (Blue)
Sun Jul 23 12:46:06 2023 [Global] Wroom Wroom (Blue): no
Sun Jul 23 12:46:07 2023 gatopd (Green) [Grenade]
Sun Jul 23 12:46:08 2023 harrykiri (Blue) [Headshot] bullet (Green)
Sun Jul 23 12:46:10 2023 Gabrielvecks (Blue) [SMG] PLAYER FAME (Green)
Sun Jul 23 12:46:13 2023 Pothole (Green) [Headshot] Dambi (Blue)
Sun Jul 23 12:46:14 2023 DIMAS (Green) [Shotgun] HyperHydra2 (Blue)
Sun Jul 23 12:46:16 2023 Gabrielvecks (Blue) [Headshot] Harry (Green)
Sun Jul 23 12:46:16 2023  Warning: Gabrielvecks got a rocket!!!
Sun Jul 23 12:46:16 2023 Gabrielvecks (Blue) [Headshot] ricksscots98 (Green)
Sun Jul 23 12:46:19 2023 DIMAS (Green) [Headshot] skycladobserver (Blue)
Sun Jul 23 12:46:20 2023 You are in squad 0, all alone.
Sun Jul 23 12:46:20 2023 [Global] bullet (Green): admin dont be fag
Sun Jul 23 12:46:21 2023 Harry (Green) [Headshot] Gabrielvecks (Blue)
Sun Jul 23 12:46:22 2023 sumfaggot joined Blue team
Sun Jul 23 12:46:22 2023 Gabrielvecks (Blue) [Grenade] Harry (Green)
Sun Jul 23 12:46:24 2023 [Global] PLAYER FAME (Green): then you are a fag
Sun Jul 23 12:46:24 2023 [Global] Pothole (Green): kill yourself
Sun Jul 23 12:46:26 2023 HyperHydra2 (Blue) [Headshot] DIMAS (Green)
Sun Jul 23 12:46:28 2023 DIMAS (Green) [Grenade] HyperHydra2 (Blue)
Sun Jul 23 12:46:38 2023 You are in squad 0, all alone.
Sun Jul 23 12:46:38 2023  You can use medkit by typing /m
Sun Jul 23 12:46:41 2023 harrykiri (Blue) [Headshot] mini maicol pro (Green)
Sun Jul 23 12:46:41 2023 bullet (Green) [SMG] Dambi (Blue)
Sun Jul 23 12:46:42 2023 cunhaodoce (Green) [Headshot] harrykiri (Blue)
Sun Jul 23 12:46:46 2023 HyperHydra2 (Blue) [Headshot] ricksscots98 (Green)
Sun Jul 23 12:46:47 2023 cunhaodoce (Green) [SMG] zsebi (Blue)
Sun Jul 23 12:46:54 2023 Harry (Green) [Headshot] HyperHydra2 (Blue)
Sun Jul 23 12:47:09 2023 cunhaodoce (Green) [Headshot] harrykiri (Blue)
Sun Jul 23 12:47:15 2023 skycladobserver (Blue) [Shotgun] DIMAS (Green)
Sun Jul 23 12:47:16 2023 skycladobserver (Blue) [Shotgun] ricksscots98 (Green)
Sun Jul 23 12:47:17 2023 Pothole (Green) [Headshot] nubly (Blue)
Sun Jul 23 12:47:17 2023 skycladobserver (Blue) [Shotgun] Harry (Green)
Sun Jul 23 12:47:18 2023 cunhaodoce (Green) [SMG] harrykiri (Blue)
Sun Jul 23 12:47:19 2023 Gabrielvecks (Blue) [Headshot] gatopd (Green)
Sun Jul 23 12:47:24 2023 [Global] zsebi (Blue): fuck you green fuck you
Sun Jul 23 12:47:25 2023 Wroom Wroom (Blue) [SMG] mini maicol pro (Green)
Sun Jul 23 12:47:32 2023 You are in squad 0, all alone.
Sun Jul 23 12:47:32 2023 bullet (Green) [Grenade] nubly (Blue)
Sun Jul 23 12:47:37 2023 Gabrielvecks (Blue) [Headshot] Harry (Green)
Sun Jul 23 12:47:38 2023 bullet (Green) [Headshot] harrykiri (Blue)
Sun Jul 23 12:47:38 2023 [Global] Harry (Green): thats the spirit
Sun Jul 23 12:47:42 2023 xIX2bYoRHaXIx (Blue) [SMG] bullet (Green)
Sun Jul 23 12:47:49 2023 sumfaggot (Blue) [Headshot] DIMAS (Green)
Sun Jul 23 12:47:50 2023 You are in squad 0, all alone.
Sun Jul 23 12:47:53 2023 bullet (Green) [Headshot] Wroom Wroom (Blue)
Sun Jul 23 12:47:54 2023 bullet (Green) [Headshot] Gabrielvecks (Blue)
Sun Jul 23 12:47:59 2023 HyperHydra2 (Blue) [Headshot] mini maicol pro (Green)
Sun Jul 23 12:48:01 2023 HyperHydra2 (Blue) [SMG] ricksscots98 (Green)
Sun Jul 23 12:48:02 2023 HyperHydra2 (Blue) [SMG] Harry (Green)
Sun Jul 23 12:48:03 2023 HyperHydra2 (Blue) [SMG] DIMAS (Green)
Sun Jul 23 12:48:07 2023 bullet (Green) [SMG] HyperHydra2 (Blue)
Sun Jul 23 12:48:08 2023 You are in squad 0, all alone.
Sun Jul 23 12:48:09 2023 Gabrielvecks (Blue) [SMG] PLAYER FAME (Green)
Sun Jul 23 12:48:11 2023 [Global] zsebi (Blue): fuck you green fuck you fuck you green fuck you
Sun Jul 23 12:48:15 2023 [Global] PLAYER FAME (Green): BRO????
Sun Jul 23 12:48:17 2023 [Global] PLAYER FAME (Green): HOWWWWWWWWWWWW
Sun Jul 23 12:48:19 2023 BALABOL joined Green team
Sun Jul 23 12:48:19 2023 [Global] sumfaggot (Blue): seething
Sun Jul 23 12:48:24 2023 CocoThunder joined Green team
Sun Jul 23 12:48:30 2023 4Johns4thRepubl joined Blue team
Sun Jul 23 12:48:37 2023 Dambi (Blue) [Melee] PLAYER FAME (Green)
Sun Jul 23 12:48:38 2023  Join squad by typing /squad 1
Sun Jul 23 12:48:39 2023 [Global] PLAYER FAME (Green): BRO
Sun Jul 23 12:48:40 2023 Dambi (Blue) [Headshot] ricksscots98 (Green)
Sun Jul 23 12:48:40 2023 DIMAS (Green) [SMG] HyperHydra2 (Blue)
Sun Jul 23 12:48:40 2023 [Global] PLAYER FAME (Green): HOW
Sun Jul 23 12:48:40 2023 bullet (Green) [SMG] Dambi (Blue)
Sun Jul 23 12:48:40 2023 Pothole (Green) [Headshot] zsebi (Blue)
Sun Jul 23 12:48:40 2023 harrykiri (Blue) [Headshot] Pothole (Green)
Sun Jul 23 12:48:48 2023 sumfaggot (Blue) [Headshot] DIMAS (Green)
Sun Jul 23 12:48:52 2023 BALABOL (Green) [Grenade] 4Johns4thRepubl (Blue)
Sun Jul 23 12:48:54 2023 skycladobserver (Blue) [Grenade] PLAYER FAME (Green)
Sun Jul 23 12:48:54 2023 harrykiri (Blue) [Headshot] bullet (Green)
Sun Jul 23 12:48:54 2023 Pothole (Green) [SMG] harrykiri (Blue)
Sun Jul 23 12:48:55 2023 sumfaggot (Blue) [Headshot] BALABOL (Green)
Sun Jul 23 12:48:55 2023 CocoThunder (Green) [Headshot] sumfaggot (Blue)
Sun Jul 23 12:49:00 2023 Pothole (Green) [SMG] nubly (Blue)
Sun Jul 23 12:49:01 2023 [Global] zsebi (Blue): no eanglis
Sun Jul 23 12:49:02 2023 Wroom Wroom (Blue) [SMG] Pothole (Green)
Sun Jul 23 12:49:06 2023 Gabrielvecks (Blue) [Headshot] Harry (Green)
Sun Jul 23 12:49:08 2023 Wroom Wroom (Blue) [Headshot] bullet (Green)
Sun Jul 23 12:49:08 2023 Gabrielvecks (Blue) [Headshot] DIMAS (Green)
Sun Jul 23 12:49:09 2023 [Global] sumfaggot (Blue): habilo no englahs
Sun Jul 23 12:49:09 2023 mini maicol pro (Green) [Fall]
Sun Jul 23 12:49:10 2023 [Global] PLAYER FAME (Green): e agora?
Sun Jul 23 12:49:10 2023 [Global] gatopd (Green): esp'a±ol
Sun Jul 23 12:49:11 2023 xIX2bYoRHaXIx (Blue) [Headshot] cunhaodoce (Green)
Sun Jul 23 12:49:14 2023 Gabrielvecks (Blue) [Headshot] DIMAS (Green)
Sun Jul 23 12:49:19 2023 [Global] gatopd (Green): espa±ol
Sun Jul 23 12:49:19 2023 HyperHydra2 (Blue) [SMG] ricksscots98 (Green)
Sun Jul 23 12:49:20 2023 You are in squad 0, all alone.
Sun Jul 23 12:49:20 2023 Gabrielvecks (Blue) [Headshot] PLAYER FAME (Green)
Sun Jul 23 12:49:21 2023 Player DIMAS has left
Sun Jul 23 12:49:23 2023 skycladobserver (Blue) [Headshot] CocoThunder (Green)
Sun Jul 23 12:49:23 2023 Blockhead joined Spectator team
Sun Jul 23 12:49:25 2023 Pothole (Green) [Headshot] Wroom Wroom (Blue)
Sun Jul 23 12:49:27 2023  Warning: Gabrielvecks got a rocket!!!
Sun Jul 23 12:49:27 2023 Gabrielvecks (Blue) [Headshot] PLAYER FAME (Green)
Sun Jul 23 12:49:28 2023 Gabrielvecks (Blue) [SMG] Pothole (Green)
Sun Jul 23 12:49:34 2023 [Global] zsebi (Blue): me spain
Sun Jul 23 12:49:34 2023 HyperHydra2 (Blue) [Headshot] ricksscots98 (Green)
Sun Jul 23 12:49:34 2023 [Global] PLAYER FAME (Green): e*glish
Sun Jul 23 12:49:39 2023 HyperHydra2 (Blue) [Headshot] ricksscots98 (Green)
Sun Jul 23 12:49:40 2023 HyperHydra2 (Blue) [Headshot] CocoThunder (Green)
Sun Jul 23 12:49:41 2023 Harry (Green) [Headshot] HyperHydra2 (Blue)
Sun Jul 23 12:49:49 2023 cunhaodoce (Green) [Headshot] zsebi (Blue)
Sun Jul 23 12:49:51 2023 [Global] 4Johns4thRepubl (Blue): Aku tidak bisa berbahasa spanyol
Sun Jul 23 12:49:56 2023 PLAYER FAME (Green) [Melee] Gabrielvecks (Blue)
Sun Jul 23 12:49:57 2023 Wroom Wroom (Blue) [Headshot] CocoThunder (Green)
Sun Jul 23 12:50:01 2023 Wroom Wroom (Blue) [Headshot] BALABOL (Green)
Sun Jul 23 12:50:06 2023 Player ricksscots98 has left
Sun Jul 23 12:50:10 2023 DIMAS joined Green team
Sun Jul 23 12:50:11 2023 4Johns4thRepubl (Blue) [SMG] gatopd (Green)
Sun Jul 23 12:50:19 2023 [Global] zsebi (Blue): mehiko mehiko
Sun Jul 23 12:50:22 2023 Pothole (Green) [Rifle] nubly (Blue)
Sun Jul 23 12:50:22 2023 4Johns4thRepubl (Blue) [Headshot] Pothole (Green)
Sun Jul 23 12:50:25 2023 DIMAS (Green) [Shotgun] 4Johns4thRepubl (Blue)
Sun Jul 23 12:50:27 2023 DIMAS (Green) [Shotgun] HyperHydra2 (Blue)
Sun Jul 23 12:50:28 2023 ricksscots98 joined Green team
Sun Jul 23 12:50:30 2023 Dambi picked up Green's Intel.
Sun Jul 23 12:50:30 2023 cunhaodoce (Green) [Headshot] xIX2bYoRHaXIx (Blue)
Sun Jul 23 12:50:36 2023 [Global] PLAYER FAME (Green): GUYS
Sun Jul 23 12:50:37 2023 Wroom Wroom (Blue) [Headshot] CocoThunder (Green)
Sun Jul 23 12:50:38 2023  Join squad by typing /squad 1
Sun Jul 23 12:50:39 2023 homo joined Green team
Sun Jul 23 12:50:40 2023 [Global] PLAYER FAME (Green): GATHER AT BASE
Sun Jul 23 12:50:42 2023 cunhaodoce (Green) [SMG] zsebi (Blue)
Sun Jul 23 12:50:46 2023 Pothole (Green) [Headshot] harrykiri (Blue)
Sun Jul 23 12:50:47 2023 Wroom Wroom (Blue) [Headshot] CocoThunder (Green)
Sun Jul 23 12:50:48 2023 DIMAS (Green) [Shotgun] skycladobserver (Blue)
Sun Jul 23 12:50:48 2023 [Global] PLAYER FAME (Green): DONT LET THEM CAMP  NOR GET INTEL
Sun Jul 23 12:50:49 2023 Harry (Green) [Headshot] 4Johns4thRepubl (Blue)
Sun Jul 23 12:50:53 2023 Harry (Green) [Headshot] nubly (Blue)
Sun Jul 23 12:50:54 2023 HyperHydra2 (Blue) [Headshot] gatopd (Green)
Sun Jul 23 12:50:56 2023 Wroom Wroom (Blue) [Headshot] homo (Green)
Sun Jul 23 12:50:57 2023 [Global] zsebi (Blue): kurvßk
Sun Jul 23 12:50:59 2023 HyperHydra2 (Blue) [SMG] DIMAS (Green)
Sun Jul 23 12:50:59 2023 Harry (Green) [Headshot] HyperHydra2 (Blue)
Sun Jul 23 12:51:01 2023 4Johns4thRepubl (Blue) [SMG] homo (Green)
Sun Jul 23 12:51:02 2023 sumfaggot (Blue) [Headshot] Harry (Green)
Sun Jul 23 12:51:02 2023  Warning: Wroom Wroom got a rocket!!!
Sun Jul 23 12:51:02 2023 Wroom Wroom (Blue) [Headshot] DIMAS (Green)
Sun Jul 23 12:51:03 2023 harrykiri (Blue) [SMG] PLAYER FAME (Green)
Sun Jul 23 12:51:05 2023 [Global] PLAYER FAME (Green): bro
Sun Jul 23 12:51:07 2023 CocoThunder (Green) [Headshot] Wroom Wroom (Blue)
Sun Jul 23 12:51:07 2023 [Global] PLAYER FAME (Green): the fuck
Sun Jul 23 12:51:08 2023 You are in squad 0, all alone.
Sun Jul 23 12:51:08 2023 cunhaodoce (Green) [Headshot] xIX2bYoRHaXIx (Blue)
Sun Jul 23 12:51:10 2023 Wroom Wroom (Blue) [Headshot] gatopd (Green)
Sun Jul 23 12:51:14 2023 DIMAS joined Blue team
Sun Jul 23 12:51:15 2023 Wroom Wroom (Blue) [Headshot] CocoThunder (Green)
Sun Jul 23 12:51:15 2023 [Global] bullet (Green): all squad 1
Sun Jul 23 12:51:18 2023 Gabrielvecks (Blue) [SMG] Harry (Green)
Sun Jul 23 12:51:21 2023 homo (Green) [SMG] 4Johns4thRepubl (Blue)
Sun Jul 23 12:51:21 2023 Gabrielvecks (Blue) [SMG] gatopd (Green)
Sun Jul 23 12:51:21 2023 [Global] bullet (Green): niggers
Sun Jul 23 12:51:22 2023 HyperHydra2 (Blue) [SMG] ricksscots98 (Green)
Sun Jul 23 12:51:24 2023 Wroom Wroom (Blue) [Headshot] PLAYER FAME (Green)
Sun Jul 23 12:51:26 2023 You are in squad 0, all alone.
Sun Jul 23 12:51:29 2023 bullet (Green) [SMG] zsebi (Blue)
Sun Jul 23 12:51:29 2023 Wroom Wroom (Blue) [Headshot] Harry (Green)
Sun Jul 23 12:51:31 2023  bullet has been muted by Pothole
Sun Jul 23 12:51:32 2023 Wroom Wroom (Blue) [Headshot] gatopd (Green)
Sun Jul 23 12:51:36 2023 CocoThunder (Green) [Rifle] 4Johns4thRepubl (Blue)
Sun Jul 23 12:51:39 2023 [Global] zsebi (Blue): en magyar vok tesak
Sun Jul 23 12:51:40 2023  Warning: Wroom Wroom got a rocket!!!
Sun Jul 23 12:51:40 2023 Wroom Wroom (Blue) [Headshot] CocoThunder (Green)
Sun Jul 23 12:51:42 2023 ricksscots98 (Green) [Headshot] nubly (Blue)
Sun Jul 23 12:51:44 2023 DIMAS (Blue) [Headshot] ricksscots98 (Green)
Sun Jul 23 12:51:44 2023 You are in squad 0, all alone.
Sun Jul 23 12:51:45 2023 Wroom Wroom (Blue) [Headshot] CocoThunder (Green)
Sun Jul 23 12:51:46 2023 HyperHydra2 (Blue) [Headshot] Harry (Green)
Sun Jul 23 12:51:49 2023 homo (Green) [Headshot] Wroom Wroom (Blue)
Sun Jul 23 12:51:50 2023 Gabrielvecks (Blue) [SMG] homo (Green)
Sun Jul 23 12:51:52 2023 mini maicol pro (Green) [SMG] harrykiri (Blue)
Sun Jul 23 12:51:58 2023 Gabrielvecks (Blue) [Headshot] CocoThunder (Green)
Sun Jul 23 12:52:01 2023 bullet (Green) [Grenade] xIX2bYoRHaXIx (Blue)
Sun Jul 23 12:52:02 2023 You are in squad 0, all alone.
Sun Jul 23 12:52:03 2023 HyperHydra2 (Blue) [Headshot] Harry (Green)
Sun Jul 23 12:52:03 2023 bullet (Green) [SMG] nubly (Blue)
Sun Jul 23 12:52:09 2023 homo (Green) [Headshot] DIMAS (Blue)
Sun Jul 23 12:52:10 2023 homo (Green) [Headshot] skycladobserver (Blue)
Sun Jul 23 12:52:13 2023 HyperHydra2 (Blue) [SMG] gatopd (Green)
Sun Jul 23 12:52:14 2023 4Johns4thRepubl (Blue) [Headshot] CocoThunder (Green)
Sun Jul 23 12:52:15 2023 mini maicol pro (Green) [Headshot] zsebi (Blue)
Sun Jul 23 12:52:18 2023  Warning: Dambi got a rocket!!!
Sun Jul 23 12:52:18 2023 Dambi captured Green's Intel.
Sun Jul 23 12:52:19 2023 homo (Green) [Grenade]
Sun Jul 23 12:52:20 2023 You are in squad 0, all alone.
Sun Jul 23 12:52:21 2023 bullet (Green) [Headshot] Wroom Wroom (Blue)
Sun Jul 23 12:52:21 2023 HyperHydra2 (Blue) [SMG] Harry (Green)
Sun Jul 23 12:52:22 2023 xIX2bYoRHaXIx (Blue) [Headshot] bullet (Green)
Sun Jul 23 12:52:26 2023 Gabrielvecks (Blue) [Headshot] gatopd (Green)
Sun Jul 23 12:52:28 2023 sumfaggot (Blue) [Headshot] ricksscots98 (Green)
Sun Jul 23 12:52:30 2023  Warning: HyperHydra2 got a rocket!!!
Sun Jul 23 12:52:30 2023 HyperHydra2 (Blue) [Headshot] homo (Green)
Sun Jul 23 12:52:31 2023 CocoThunder (Green) [Headshot] 4Johns4thRepubl (Blue)
Sun Jul 23 12:52:34 2023 [Global] zsebi (Blue): ne tudtok magyarul 
Sun Jul 23 12:52:38 2023 You are in squad 0, all alone.
Sun Jul 23 12:52:38 2023  Discord: discord.gg/v7x3RjzX
Sun Jul 23 12:52:40 2023 HyperHydra2 (Blue) [Headshot] CocoThunder (Green)
Sun Jul 23 12:52:41 2023 gatopd (Green) [SMG] HyperHydra2 (Blue)
Sun Jul 23 12:52:41 2023 harrykiri (Blue) [Grenade] mini maicol pro (Green)
Sun Jul 23 12:52:42 2023 Pothole (Green) [Headshot] zsebi (Blue)
Sun Jul 23 12:52:47 2023 Wroom Wroom (Blue) [Grenade] Pothole (Green)
Sun Jul 23 12:52:47 2023 bullet (Green) [Grenade]
Sun Jul 23 12:52:54 2023  Warning: Gabrielvecks got a rocket!!!
Sun Jul 23 12:52:54 2023 Gabrielvecks (Blue) [Headshot] mini maicol pro (Green)
Sun Jul 23 12:52:59 2023 Gabrielvecks (Blue) [Grenade] CocoThunder (Green)
Sun Jul 23 12:53:02 2023 DIMAS (Blue) [Headshot] gatopd (Green)
Sun Jul 23 12:53:07 2023 4Johns4thRepubl (Blue) [Headshot] Harry (Green)
Sun Jul 23 12:53:10 2023 Dambi (Blue) [Headshot] ricksscots98 (Green)
Sun Jul 23 12:53:13 2023 nubly (Blue) [Grenade] CocoThunder (Green)
Sun Jul 23 12:53:13 2023 Wroom Wroom (Blue) [Headshot] cunhaodoce (Green)
Sun Jul 23 12:53:14 2023 You are in squad 0, all alone.
Sun Jul 23 12:53:14 2023 mini maicol pro (Green) [Grenade]
Sun Jul 23 12:53:19 2023 [Global] zsebi (Blue): na mivan nem szoltok be mi
Sun Jul 23 12:53:19 2023 4Johns4thRepubl (Blue) [Grenade] gatopd (Green)
Sun Jul 23 12:53:21 2023 HyperHydra2 (Blue) [Grenade] Harry (Green)
Sun Jul 23 12:53:22 2023 DIMAS (Blue) [Headshot] ricksscots98 (Green)
Sun Jul 23 12:53:22 2023 Wroom Wroom (Blue) [Headshot] Pothole (Green)
Sun Jul 23 12:53:26 2023 4Johns4thRepubl (Blue) [Headshot] gatopd (Green)
Sun Jul 23 12:53:26 2023 [Global] PLAYER FAME (Green): WHAT
Sun Jul 23 12:53:28 2023 [Global] PLAYER FAME (Green): NO
Sun Jul 23 12:53:28 2023  bullet has been unmuted by Pothole
Sun Jul 23 12:53:29 2023 4Johns4thRepubl (Blue) [SMG] CocoThunder (Green)
Sun Jul 23 12:53:30 2023 HyperHydra2 (Blue) [SMG] cunhaodoce (Green)
Sun Jul 23 12:53:32 2023 You are in squad 0, all alone.
Sun Jul 23 12:53:35 2023 [Global] PLAYER FAME (Green): AAAAAAAAAAAAAA
Sun Jul 23 12:53:36 2023 [Global] PLAYER FAME (Green): AAAAAAAAAAAAAA
Sun Jul 23 12:53:38 2023 HyperHydra2 (Blue) [Headshot] CocoThunder (Green)
Sun Jul 23 12:53:38 2023 4Johns4thRepubl (Blue) [Headshot] Harry (Green)
Sun Jul 23 12:53:39 2023 cunhaodoce (Green) [Headshot] 4Johns4thRepubl (Blue)
Sun Jul 23 12:53:40 2023 Gabrielvecks (Blue) [SMG] ricksscots98 (Green)
Sun Jul 23 12:53:41 2023 gatopd (Green) [SMG] Gabrielvecks (Blue)
Sun Jul 23 12:53:43 2023 HyperHydra2 (Blue) [SMG] cunhaodoce (Green)
Sun Jul 23 12:53:44 2023 HyperHydra2 (Blue) [Headshot] gatopd (Green)
Sun Jul 23 12:53:48 2023 xIX2bYoRHaXIx (Blue) [SMG] bullet (Green)
Sun Jul 23 12:53:50 2023 You are in squad 0, all alone.
Sun Jul 23 12:53:51 2023 cunhaodoce (Green) [Headshot] HyperHydra2 (Blue)
Sun Jul 23 12:53:54 2023 DIMAS (Blue) [Headshot] ricksscots98 (Green)
Sun Jul 23 12:53:55 2023 CocoThunder (Green) [Headshot] DIMAS (Blue)
Sun Jul 23 12:53:59 2023 bullet (Green) [SMG] xIX2bYoRHaXIx (Blue)
Sun Jul 23 12:54:03 2023 Wroom Wroom (Blue) [Headshot] bullet (Green)
Sun Jul 23 12:54:04 2023 Pothole (Green) [Headshot] Wroom Wroom (Blue)
Sun Jul 23 12:54:06 2023 Dambi (Blue) [Headshot] CocoThunder (Green)
Sun Jul 23 12:54:08 2023 Pothole (Green) [Headshot] HyperHydra2 (Blue)
Sun Jul 23 12:54:09 2023 xIX2bYoRHaXIx (Blue) [Headshot] Pothole (Green)
Sun Jul 23 12:54:11 2023 Dambi picked up Green's Intel.
Sun Jul 23 12:54:18 2023 Dambi dropped Green's Intel
Sun Jul 23 12:54:18 2023 cunhaodoce (Green) [Headshot] Dambi (Blue)
Sun Jul 23 12:54:21 2023 [Global] zsebi (Blue): me russan bum bum bum 
Sun Jul 23 12:54:27 2023 cunhaodoce (Green) [Headshot] nubly (Blue)
Sun Jul 23 12:54:30 2023 Wroom Wroom (Blue) [Melee] bullet (Green)
Sun Jul 23 12:54:30 2023 Wroom Wroom (Blue) [Melee] Pothole (Green)
Sun Jul 23 12:54:34 2023 HyperHydra2 (Blue) [Headshot] mini maicol pro (Green)
Sun Jul 23 12:54:35 2023 skycladobserver (Blue) [Shotgun] CocoThunder (Green)
Sun Jul 23 12:54:38 2023 cunhaodoce (Green) [Headshot] Dambi (Blue)
Sun Jul 23 12:54:38 2023  Join squad by typing /squad 1
Sun Jul 23 12:54:38 2023 DIMAS (Blue) [SMG] PLAYER FAME (Green)
Sun Jul 23 12:54:41 2023 Player xIX2bYoRHaXIx has left
Sun Jul 23 12:54:41 2023 harrykiri (Blue) [Headshot] cunhaodoce (Green)
Sun Jul 23 12:54:42 2023 Player bullet has left
Sun Jul 23 12:54:45 2023 [Global] zsebi (Blue): me hungary
Sun Jul 23 12:54:48 2023 Harry (Green) [Headshot] sumfaggot (Blue)
Sun Jul 23 12:54:51 2023 skycladobserver (Blue) [Headshot] CocoThunder (Green)
Sun Jul 23 12:54:51 2023 [Global] PLAYER FAME (Green): wwwwwwowwwwwwwwwwwwww i am sooooo  skilled that i  camp all the fucking tiiiiiiiiime
Sun Jul 23 12:54:53 2023 HyperHydra2 (Blue) [Headshot] Pothole (Green)
Sun Jul 23 12:54:54 2023 HyperHydra2 (Blue) [Headshot] homo (Green)
Sun Jul 23 12:54:54 2023 Harry (Green) [Headshot] HyperHydra2 (Blue)
Sun Jul 23 12:54:59 2023 DIMAS (Blue) [Fall]
Sun Jul 23 12:55:00 2023 Gabrielvecks (Blue) [Headshot] Harry (Green)
Sun Jul 23 12:55:02 2023 You are in squad 0, all alone.
Sun Jul 23 12:55:02 2023 harrykiri (Blue) [SMG] CocoThunder (Green)
Sun Jul 23 12:55:03 2023 Player CocoThunder has left
Sun Jul 23 12:55:15 2023 HyperHydra2 (Blue) [SMG] homo (Green)
Sun Jul 23 12:55:15 2023 Dambi (Blue) [Headshot] cunhaodoce (Green)
Sun Jul 23 12:55:16 2023 Pothole (Green) [Grenade] sumfaggot (Blue)
Sun Jul 23 12:55:17 2023 CocoThunder joined Green team
Sun Jul 23 12:55:19 2023 CocoThunder (Green) [Headshot] skycladobserver (Blue)
Sun Jul 23 12:55:21 2023 CocoThunder (Green) [Headshot] harrykiri (Blue)
Sun Jul 23 12:55:21 2023 Dambi picked up Green's Intel.
Sun Jul 23 12:55:23 2023 homo (Green) [Headshot] HyperHydra2 (Blue)
Sun Jul 23 12:55:35 2023 sumfaggot (Blue) [Headshot] homo (Green)
Sun Jul 23 12:55:35 2023 Pothole (Green) [Rifle] HyperHydra2 (Blue)
Sun Jul 23 12:55:41 2023 zsebi (Blue) [Grenade] CocoThunder (Green)
Sun Jul 23 12:55:41 2023 Wroom Wroom (Blue) [Headshot] homo (Green)
Sun Jul 23 12:55:42 2023 Player CocoThunder has left
Sun Jul 23 12:55:48 2023 nubly (Blue) [Fall]
Sun Jul 23 12:55:49 2023 Pothole (Green) [Headshot] Wroom Wroom (Blue)
Sun Jul 23 12:55:50 2023 Gabrielvecks (Blue) [SMG] mini maicol pro (Green)
Sun Jul 23 12:55:51 2023 Pothole (Green) [Rifle] sumfaggot (Blue)
Sun Jul 23 12:55:52 2023 Harry (Green) [Headshot] HyperHydra2 (Blue)
Sun Jul 23 12:55:56 2023 zsebi (Blue) [Headshot] mini maicol pro (Green)
Sun Jul 23 12:55:57 2023 Gabrielvecks (Blue) [Headshot] BALABOL (Green)
Sun Jul 23 12:55:58 2023 Wroom Wroom (Blue) [Headshot] homo (Green)
Sun Jul 23 12:55:59 2023 Wroom Wroom (Blue) [SMG] Pothole (Green)
Sun Jul 23 12:56:08 2023 skycladobserver (Blue) [Grenade] BALABOL (Green)
Sun Jul 23 12:56:09 2023 Harry (Green) [Headshot] HyperHydra2 (Blue)
Sun Jul 23 12:56:09 2023 sumfaggot (Blue) [Headshot] Harry (Green)
Sun Jul 23 12:56:11 2023  Warning: Dambi got a rocket!!!
Sun Jul 23 12:56:11 2023 Dambi captured Green's Intel.
Sun Jul 23 12:56:14 2023 You are in squad 0, all alone.
Sun Jul 23 12:56:15 2023 zsebi (Blue) [Headshot] mini maicol pro (Green)
Sun Jul 23 12:56:17 2023 DIMAS (Blue) [Headshot] Harry (Green)
Sun Jul 23 12:56:23 2023 DIMAS (Blue) [SMG] mini maicol pro (Green)
Sun Jul 23 12:56:25 2023 BALABOL (Green) [Headshot] DIMAS (Blue)
Sun Jul 23 12:56:30 2023 Player mini maicol pro has left
Sun Jul 23 12:56:32 2023 You are in squad 0, all alone.
Sun Jul 23 12:56:38 2023  You can use medkit by typing /m
Sun Jul 23 12:56:41 2023 Wroom Wroom (Blue) [SMG] ricksscots98 (Green)
Sun Jul 23 12:56:41 2023 Harry (Green) [Headshot] skycladobserver (Blue)
Sun Jul 23 12:56:46 2023 Player DIMAS has left
Sun Jul 23 12:56:56 2023 [WARNING] Enemy air support heading to F5!
Sun Jul 23 12:56:57 2023 HyperHydra2 (Blue) [Headshot] gatopd (Green)
Sun Jul 23 12:56:57 2023 zsebi (Blue) [SMG] ricksscots98 (Green)
Sun Jul 23 12:57:00 2023 Gabrielvecks (Blue) [Grenade] Harry (Green)
Sun Jul 23 12:57:01 2023 BALABOL (Green) [SMG] zsebi (Blue)
Sun Jul 23 12:57:05 2023 Jesu :) joined Green team
Sun Jul 23 12:57:07 2023  Blockhead was kicked: Inactive for 8 minutes
Sun Jul 23 12:57:07 2023 Player Blockhead has left
Sun Jul 23 12:57:08 2023 You are in squad 0, all alone.
Sun Jul 23 12:57:09 2023 gatopd (Green) [Headshot] HyperHydra2 (Blue)
Sun Jul 23 12:57:13 2023 Gabrielvecks (Blue) [SMG] BALABOL (Green)
Sun Jul 23 12:57:16 2023 Gabrielvecks (Blue) [Headshot] ricksscots98 (Green)
Sun Jul 23 12:57:18 2023  Warning: Gabrielvecks got a rocket!!!
Sun Jul 23 12:57:18 2023 Gabrielvecks (Blue) [Headshot] Jesu :) (Green)
Sun Jul 23 12:57:22 2023 [Global] gatopd (Green): ese ewwwww w ds
Sun Jul 23 12:57:23 2023 harrykiri (Blue) [Headshot] ricksscots98 (Green)
Sun Jul 23 12:57:30 2023 [Global] zsebi (Blue): mucaco elahandro garcia
Sun Jul 23 12:57:39 2023 Gabrielvecks (Blue) [Grenade] Jesu :) (Green)
Sun Jul 23 12:57:41 2023 [Global] Pothole (Green): SURFACE
Sun Jul 23 12:57:49 2023 [Global] PLAYER FAME (Green): ill stay here
Sun Jul 23 12:57:54 2023 HyperHydra2 (Blue) [Headshot] ricksscots98 (Green)
Sun Jul 23 12:57:57 2023 HyperHydra2 (Blue) [Headshot] Harry (Green)
Sun Jul 23 12:57:58 2023 gatopd (Green) [SMG] HyperHydra2 (Blue)
Sun Jul 23 12:58:00 2023 4Johns4thRepubl (Blue) [Headshot] Jesu :) (Green)
Sun Jul 23 12:58:02 2023 You are in squad 0, all alone.
Sun Jul 23 12:58:02 2023 [Global] zsebi (Blue): peace
Sun Jul 23 12:58:02 2023 Gabrielvecks (Blue) [Headshot] ricksscots98 (Green)
Sun Jul 23 12:58:03 2023 Jesu :) (Green) [Headshot] 4Johns4thRepubl (Blue)
Sun Jul 23 12:58:10 2023 [Global] 4Johns4thRepubl (Blue): fucking lag
Sun Jul 23 12:58:13 2023 Harry (Green) [Headshot] Gabrielvecks (Blue)
Sun Jul 23 12:58:15 2023 Pothole (Green) [Rifle] Wroom Wroom (Blue)
Sun Jul 23 12:58:15 2023 skycladobserver (Blue) [Headshot] Harry (Green)
Sun Jul 23 12:58:20 2023 You are in squad 0, all alone.
Sun Jul 23 12:58:25 2023 [Global] zsebi (Blue): what
Sun Jul 23 12:58:27 2023 4Johns4thRepubl (Blue) [Headshot] ricksscots98 (Green)
Sun Jul 23 12:58:28 2023 Jesu :) (Green) [Headshot] skycladobserver (Blue)
Sun Jul 23 12:58:28 2023 cunhaodoce (Green) [Melee] 4Johns4thRepubl (Blue)
Sun Jul 23 12:58:34 2023 [Global] 4Johns4thRepubl (Blue): watch out
Sun Jul 23 12:58:37 2023 HyperHydra2 (Blue) [Headshot] Harry (Green)
Sun Jul 23 12:58:37 2023 Wroom Wroom (Blue) [Headshot] homo (Green)
Sun Jul 23 12:58:37 2023 [Global] PLAYER FAME (Green): GUYS
Sun Jul 23 12:58:38 2023 You are in squad 0, all alone.
Sun Jul 23 12:58:38 2023  Join squad by typing /squad 1
Sun Jul 23 12:58:40 2023 harrykiri (Blue) [SMG] Jesu :) (Green)
Sun Jul 23 12:58:43 2023 [Global] PLAYER FAME (Green): I FOUND THEIR CMAPING SPOT
Sun Jul 23 12:58:44 2023 HyperHydra2 (Blue) [SMG] Harry (Green)
Sun Jul 23 12:58:46 2023 [Global] zsebi (Blue): peace green
Sun Jul 23 12:58:46 2023 BALABOL (Green) [SMG] sumfaggot (Blue)
Sun Jul 23 12:58:48 2023 Pothole (Green) [Headshot] zsebi (Blue)
Sun Jul 23 12:58:49 2023 HyperHydra2 (Blue) [SMG] Jesu :) (Green)
Sun Jul 23 12:58:50 2023 [Global] Pothole (Green): a
Sun Jul 23 12:58:52 2023 [Global] Pothole (Green): sorry
Sun Jul 23 12:58:56 2023 You are in squad 0, all alone.
Sun Jul 23 12:58:58 2023 Gabrielvecks (Blue) [SMG] Jesu :) (Green)
Sun Jul 23 12:59:01 2023 Gabrielvecks (Blue) [Headshot] Harry (Green)
Sun Jul 23 12:59:03 2023 Disconnecting
