Mon May 29 14:23:06 2023 ------ World Loaded ------
Mon May 29 14:23:06 2023 Deuce6 (Blue) [Headshot] MIkael (Red)
Mon May 29 14:23:06 2023 Welcome to aloha.pk tower of babel
Mon May 29 14:23:07 2023 Deuce6 (Blue) [Rifle] Born (Red)
Mon May 29 14:23:07 2023 Map: holes nonflat by izzy, modified by Danke
Mon May 29 14:23:08 2023 lad captured Blue's Intel.
Mon May 29 14:23:09 2023 Game mode: Tower of Babel by Yourself, modified by izzy
Mon May 29 14:23:11 2023 Deuce6 (Blue) [Headshot] MIkael (Red)
Mon May 29 14:23:12 2023 Build a tower to get the enemy's intel. Take it to your team's tent to win!
Mon May 29 14:23:13 2023 Deuce6 (Blue) [Headshot] lad (Red)
Mon May 29 14:23:14 2023 Visit our community forums at https://aloha.pk/
Mon May 29 14:23:15 2023 Deuce6 (Blue) [Headshot] Grabarz (Red)
Mon May 29 14:23:16 2023 Come chat with us at https://discord.aloha.pk/
Mon May 29 14:23:20 2023 Deuce6 (Blue) [Headshot] MIkael (Red)
Mon May 29 14:23:20 2023 Clark joined Blue team
Mon May 29 14:23:22 2023 Player MIkael has left
Mon May 29 14:23:28 2023  Deuce6 has a kill-death ratio of 7.33 (22 kills, 3 deaths, 5.99 kills per minute).
Mon May 29 14:23:28 2023  Born started a VOTEKICK against Deuce6. Say /Y to agree
Mon May 29 14:23:28 2023  Reason: aimbot all /y
Mon May 29 14:23:33 2023 [Global] Born (Red): All /y
Mon May 29 14:23:36 2023 Grabarz (Red) [SMG] Deuce6 (Blue)
Mon May 29 14:23:37 2023 llloooo (Red) [Fall]
Mon May 29 14:23:39 2023  lad voted YES
Mon May 29 14:23:43 2023  Type /HELP for info & commands
Mon May 29 14:23:44 2023  minazavr voted YES
Mon May 29 14:23:45 2023  User voted YES
Mon May 29 14:23:52 2023  Votekick for Deuce6 has ended. Trusted user
Mon May 29 14:23:56 2023 minazavr (Red) [Headshot] Harry (Blue)
Mon May 29 14:24:01 2023 reagon (Blue) [Headshot] Grabarz (Red)
Mon May 29 14:24:02 2023 lad (Red) [Grenade] Clark (Blue)
Mon May 29 14:24:13 2023  Visit our community forums at https://aloha.pk/
Mon May 29 14:24:13 2023 Grabarz (Red) [Headshot] wicky (Blue)
Mon May 29 14:24:15 2023  Whiskas was kicked: Inactive for 10 minutes
Mon May 29 14:24:15 2023 Player Whiskas has left
Mon May 29 14:24:17 2023 Clark (Blue) [Headshot] lad (Red)
Mon May 29 14:24:24 2023 a bomber plane picked up Blue's Intel.
Mon May 29 14:24:27 2023 You must be closer to the enemy's base to grenade blocks!
Mon May 29 14:24:29 2023 You must be closer to the enemy's base to shoot blocks!
Mon May 29 14:24:30 2023 Born (Red) [Headshot] Harry (Blue)
Mon May 29 14:24:30 2023 You must be closer to the enemy's base to shoot blocks!
Mon May 29 14:24:31 2023 Deuce6 (Blue) [Headshot] lad (Red)
Mon May 29 14:24:31 2023 Born (Red) [Headshot] wicky (Blue)
Mon May 29 14:24:33 2023 a bomber plane dropped Blue's Intel
Mon May 29 14:24:33 2023  The intel has returned to the heavens
Mon May 29 14:24:33 2023 Deuce6 (Blue) [Headshot] a bomber plane (Red)
Mon May 29 14:24:34 2023  User was banned.
Mon May 29 14:24:34 2023 Player User has left
Mon May 29 14:24:38 2023 Born (Red) [SMG] Clark (Blue)
Mon May 29 14:24:40 2023 [Global] a bomber plane (Red): aimbot
Mon May 29 14:24:41 2023 wicky (Blue) [Headshot] Born (Red)
Mon May 29 14:24:41 2023 Deuce6 (Blue) [Headshot] lad (Red)
Mon May 29 14:24:42 2023 llloooo picked up Blue's Intel.
Mon May 29 14:24:43 2023  Come chat with us at https://discord.aloha.pk/
Mon May 29 14:24:46 2023 a bomber plane (Red) [Headshot] Deuce6 (Blue)
Mon May 29 14:25:03 2023 wicky (Blue) [Headshot] minazavr (Red)
Mon May 29 14:25:04 2023 Born (Red) [SMG] reagon (Blue)
Mon May 29 14:25:13 2023  If you believe a player is breaking the rules, please let us know with /ADMIN
Mon May 29 14:25:15 2023 [Global] minazavr (Red): WICKY I love you) you scary me
Mon May 29 14:25:18 2023 llloooo captured Blue's Intel.
Mon May 29 14:25:24 2023 Deuce6 (Blue) [Headshot] minazavr (Red)
Mon May 29 14:25:25 2023 pork joined Red team
Mon May 29 14:25:29 2023 [Global] minazavr (Red): WICKY I love you) you scary me
Mon May 29 14:25:31 2023 Deuce6 (Blue) [Headshot] pork (Red)
Mon May 29 14:25:31 2023 minazavr (Red) [SMG] Deuce6 (Blue)
Mon May 29 14:25:35 2023 a bomber plane picked up Blue's Intel.
Mon May 29 14:25:36 2023 Bot joined Blue team
Mon May 29 14:25:43 2023  Mahalo for playing aloha.pk tower of babel
Mon May 29 14:25:43 2023 [Global] minazavr (Red): WICKY I love you) you scary me
Mon May 29 14:25:55 2023 [Global] wicky (Blue): u sswitched weapoons so i kknew u were pushing out
Mon May 29 14:25:57 2023 [Global] pork (Red): smart stairs <3
Mon May 29 14:25:59 2023 a bomber plane captured Blue's Intel.
Mon May 29 14:25:59 2023  With 2064 blocks placed, Born is granted the right to unleash the apocalypse.
Mon May 29 14:26:03 2023 llloooo picked up Blue's Intel.
Mon May 29 14:26:03 2023 [Global] minazavr (Red): nice
Mon May 29 14:26:03 2023 Born (Red) [SMG] reagon (Blue)
Mon May 29 14:26:11 2023 Deuce6 (Blue) [Headshot] Born (Red)
Mon May 29 14:26:12 2023 llloooo dropped Blue's Intel
Mon May 29 14:26:12 2023  The intel has returned to the heavens
Mon May 29 14:26:12 2023 llloooo (Red) [Fall]
Mon May 29 14:26:13 2023  Build a tower to get the enemy's intel. Take it to your team's tent to win!
Mon May 29 14:26:16 2023 pork (Red) [Headshot] Deuce6 (Blue)
Mon May 29 14:26:18 2023 pork (Red) [Grenade] wicky (Blue)
Mon May 29 14:26:18 2023 pork (Red) [Grenade]
Mon May 29 14:26:21 2023 Born (Red) [Headshot] Bot (Blue)
Mon May 29 14:26:26 2023 Player wicky has left
Mon May 29 14:26:28 2023  Born has unleashed an apocalypse from God.
Mon May 29 14:26:30 2023  The apocalypse begins in 5
Mon May 29 14:26:31 2023  The apocalypse begins in 4
Mon May 29 14:26:32 2023  The apocalypse begins in 3
Mon May 29 14:26:33 2023  The apocalypse begins in 2
Mon May 29 14:26:34 2023  The apocalypse begins in 1
Mon May 29 14:26:37 2023 Born (Red) [Grenade] Bot (Blue)
Mon May 29 14:26:38 2023 Born (Red) [Grenade] Harry (Blue)
Mon May 29 14:26:40 2023 Born (Red) [Grenade] Bot (Blue)
Mon May 29 14:26:42 2023 Born (Red) [Grenade]
Mon May 29 14:26:42 2023 Born (Red) [Grenade] Harry (Blue)
Mon May 29 14:26:43 2023  Type /HELP for info & commands
Mon May 29 14:26:44 2023 Disconnecting
