Sun Aug 13 19:05:52 2023 ------ World Loaded ------
Sun Aug 13 19:05:52 2023 don't shoot :( (Red) [Headshot] juanitaPKXD (Blue)
Sun Aug 13 19:05:52 2023 Kross (Blue) [Headshot] ApolloOwO (Red)
Sun Aug 13 19:05:52 2023 Schmopi (Red) [Headshot] Kross (Blue)
Sun Aug 13 19:05:52 2023 MILF Hunter (Blue) [SMG] AltF4 (Red)
Sun Aug 13 19:05:52 2023 MILF Hunter (Blue) [Headshot] Schmopi (Red)
Sun Aug 13 19:05:52 2023 don't shoot :( (Red) [SMG] smock (Blue)
Sun Aug 13 19:05:52 2023 bilboswaggins (Blue) [SMG] el duque (Red)
Sun Aug 13 19:05:52 2023 HqZon (Red) [Headshot] Deuce 4 (Blue)
Sun Aug 13 19:05:52 2023 Drewbski (Blue) [Headshot] Amatt (Red)
Sun Aug 13 19:05:52 2023 don't shoot :( (Red) [SMG] Kross (Blue)
Sun Aug 13 19:05:52 2023 don't shoot :( (Red) [SMG] axe    j vnny   (Blue)
Sun Aug 13 19:05:52 2023 Drewbski (Blue) [Headshot] nova (Red)
Sun Aug 13 19:05:52 2023 don't shoot :( (Red) [Headshot] juanitaPKXD (Blue)
Sun Aug 13 19:05:52 2023 Northstar (Blue) [Rifle] HqZon (Red)
Sun Aug 13 19:05:52 2023 Welcome to aloha.pk tower of babel
Sun Aug 13 19:05:53 2023 don't shoot :( (Red) [SMG] Northstar (Blue)
Sun Aug 13 19:05:54 2023 Map: SkullFort by JoJoe Stinky CC 2013
Sun Aug 13 19:05:56 2023 Game mode: Tower of Babel by Yourself, modified by izzy
Sun Aug 13 19:05:57 2023 Drewbski (Blue) [Headshot] Amatt (Red)
Sun Aug 13 19:05:58 2023 Build a tower to get the enemy's intel. Take it to your team's tent to win!
Sun Aug 13 19:05:58 2023 FPS eSports (Blue) [Headshot] you (Red)
Sun Aug 13 19:06:00 2023 Visit our community forums at https://aloha.pk/
Sun Aug 13 19:06:02 2023 Come chat with us at https://discord.aloha.pk/
Sun Aug 13 19:06:02 2023 don't shoot :( (Red) [SMG] juanitaPKXD (Blue)
Sun Aug 13 19:06:02 2023 Drewbski (Blue) [Headshot] Fodanator (Red)
Sun Aug 13 19:06:02 2023 Schmopi (Red) [Headshot] Squidman (Blue)
Sun Aug 13 19:06:03 2023 don't shoot :( (Red) [Headshot] juanitaPKXD (Blue)
Sun Aug 13 19:06:03 2023 don't shoot :( (Red) [SMG] smock (Blue)
Sun Aug 13 19:06:03 2023 Harry (Blue) [Rifle] Nesirky (Red)
Sun Aug 13 19:06:05 2023 Schmopi (Red) [Headshot] novelpen (Blue)
Sun Aug 13 19:06:05 2023 MILF Hunter (Blue) [Headshot] el duque (Red)
Sun Aug 13 19:06:06 2023 ApolloOwO (Red) [Headshot] Kross (Blue)
Sun Aug 13 19:06:08 2023 beer-me (Blue) [Shotgun] don't shoot :( (Red)
Sun Aug 13 19:06:13 2023 Drewbski (Blue) [Headshot] Fodanator (Red)
Sun Aug 13 19:06:15 2023 enzo (Red) [Fall]
Sun Aug 13 19:06:16 2023  Visit our community forums at https://aloha.pk/
Sun Aug 13 19:06:16 2023 Fodanator (Red) [Headshot] MILF Hunter (Blue)
Sun Aug 13 19:06:18 2023 JC Denton (Red) [SMG] beer-me (Blue)
Sun Aug 13 19:06:20 2023 JC Denton (Red) [Headshot] axe    j vnny   (Blue)
Sun Aug 13 19:06:21 2023 Stein (Red) [Headshot] Equipo (Blue)
Sun Aug 13 19:06:24 2023 Squidman (Blue) [Headshot] Stein (Red)
Sun Aug 13 19:06:28 2023 HqZon (Red) [Headshot] Deuce 4 (Blue)
Sun Aug 13 19:06:28 2023 Harry (Blue) [Headshot] nova (Red)
Sun Aug 13 19:06:32 2023 Drewbski (Blue) [Headshot] enzo (Red)
Sun Aug 13 19:06:35 2023 Kross (Blue) [Headshot] ApolloOwO (Red)
Sun Aug 13 19:06:38 2023 [Team] FPS eSports (Blue): do we have stairs ready? I'm on the other side of the map
Sun Aug 13 19:06:41 2023 Drewbski (Blue) [Headshot] ApolloOwO (Red)
Sun Aug 13 19:06:42 2023 Jakkz_ (Red) [Headshot] Anomymus519 (Blue)
Sun Aug 13 19:06:46 2023  Come chat with us at https://discord.aloha.pk/
Sun Aug 13 19:06:48 2023 don't shoot :( (Red) [Grenade] beer-me (Blue)
Sun Aug 13 19:06:50 2023 don't shoot :( (Red) [Headshot] Deuce 4 (Blue)
Sun Aug 13 19:06:53 2023 novelpen (Blue) [Headshot] AltF4 (Red)
Sun Aug 13 19:06:54 2023 Drewbski (Blue) [Headshot] ApolloOwO (Red)
Sun Aug 13 19:06:55 2023 don't shoot :( (Red) [Grenade] Northstar (Blue)
Sun Aug 13 19:06:55 2023 Schmopi (Red) [Headshot] Squidman (Blue)
Sun Aug 13 19:06:55 2023 novelpen (Blue) [Headshot] Schmopi (Red)
Sun Aug 13 19:06:56 2023 don't shoot :( (Red) [SMG] beer-me (Blue)
Sun Aug 13 19:07:01 2023 Anomymus519 (Blue) [Headshot] Nesirky (Red)
Sun Aug 13 19:07:04 2023 don't shoot :( (Red) [Headshot] Equipo (Blue)
Sun Aug 13 19:07:04 2023 Harry (Blue) [Headshot] Amatt (Red)
Sun Aug 13 19:07:05 2023 Drewbski (Blue) [Headshot] AltF4 (Red)
Sun Aug 13 19:07:07 2023 Schmopi (Red) [Headshot] Drewbski (Blue)
Sun Aug 13 19:07:09 2023 don't shoot :( (Red) [Headshot] Northstar (Blue)
Sun Aug 13 19:07:11 2023 nova (Red) [Shotgun] novelpen (Blue)
Sun Aug 13 19:07:14 2023 nova (Red) [Headshot] smock (Blue)
Sun Aug 13 19:07:14 2023 Harry (Blue) [Rifle] enzo (Red)
Sun Aug 13 19:07:14 2023 FPS eSports (Blue) [Headshot] Jakkz_ (Red)
Sun Aug 13 19:07:16 2023  If you believe a player is breaking the rules, please let us know with /ADMIN
Sun Aug 13 19:07:16 2023 don't shoot :( (Red) [SMG] Equipo (Blue)
Sun Aug 13 19:07:18 2023 don't shoot :( (Red) [SMG] Drewbski (Blue)
Sun Aug 13 19:07:18 2023 Deuce 4 (Blue) [SMG] el duque (Red)
Sun Aug 13 19:07:20 2023 Kross (Blue) [SMG] nova (Red)
Sun Aug 13 19:07:21 2023 riddick (Red) [Rifle] axe    j vnny   (Blue)
Sun Aug 13 19:07:25 2023 Stein (Red) [Headshot] beer-me (Blue)
Sun Aug 13 19:07:29 2023 don't shoot :( (Red) [SMG] axe    j vnny   (Blue)
Sun Aug 13 19:07:31 2023 Player novelpen has left
Sun Aug 13 19:07:32 2023 Drewbski (Blue) [Headshot] don't shoot :( (Red)
Sun Aug 13 19:07:32 2023 Harry (Blue) [Headshot] el duque (Red)
Sun Aug 13 19:07:34 2023  Fodanator has reached 1000 blocks placed! /heaven unlocked.
Sun Aug 13 19:07:37 2023 Stein (Red) [SMG] Northstar (Blue)
Sun Aug 13 19:07:38 2023 riddick (Red) [Rifle] juanitaPKXD (Blue)
Sun Aug 13 19:07:39 2023 ApolloOwO (Red) [Headshot] Kross (Blue)
Sun Aug 13 19:07:40 2023 Stein (Red) [Headshot] beer-me (Blue)
Sun Aug 13 19:07:40 2023 Squidman (Blue) [Grenade] ApolloOwO (Red)
Sun Aug 13 19:07:43 2023 Schmopi (Red) [Headshot] Squidman (Blue)
Sun Aug 13 19:07:43 2023 Jakkz_ (Red) [Headshot] Anomymus519 (Blue)
Sun Aug 13 19:07:45 2023 Nesirky (Red) [Grenade] axe    j vnny   (Blue)
Sun Aug 13 19:07:46 2023  Mahalo for playing aloha.pk tower of babel
Sun Aug 13 19:07:48 2023 riddick (Red) [Headshot] smock (Blue)
Sun Aug 13 19:07:49 2023 Nesirky (Red) [Grenade] Northstar (Blue)
Sun Aug 13 19:07:49 2023 Nesirky (Red) [Grenade] Equipo (Blue)
Sun Aug 13 19:07:50 2023 Player don't shoot :( has left
Sun Aug 13 19:07:52 2023 Drewbski (Blue) [Rifle] Schmopi (Red)
Sun Aug 13 19:07:54 2023 Drewbski (Blue) [Rifle] riddick (Red)
Sun Aug 13 19:07:54 2023 MILF Hunter (Blue) [Headshot] Jakkz_ (Red)
Sun Aug 13 19:07:56 2023 Drewbski (Blue) [Headshot] AltF4 (Red)
Sun Aug 13 19:07:57 2023 you (Red) [Fall]
Sun Aug 13 19:07:57 2023 HqZon (Red) [Headshot] juanitaPKXD (Blue)
Sun Aug 13 19:08:01 2023 Harry (Blue) [Headshot] ApolloOwO (Red)
Sun Aug 13 19:08:02 2023 HqZon (Red) [Headshot] Anomymus519 (Blue)
Sun Aug 13 19:08:09 2023 novelpen joined Red team
Sun Aug 13 19:08:10 2023 Harry (Blue) [Headshot] el duque (Red)
Sun Aug 13 19:08:12 2023 [Team] juanitaPKXD (Blue): poor q no Mejor T
Sun Aug 13 19:08:15 2023 smock (Blue) [Headshot] Nesirky (Red)
Sun Aug 13 19:08:16 2023 Stein (Red) [Headshot] juanitaPKXD (Blue)
Sun Aug 13 19:08:16 2023  Build a tower to get the enemy's intel. Take it to your team's tent to win!
Sun Aug 13 19:08:17 2023 MILF Hunter (Blue) [SMG] you (Red)
Sun Aug 13 19:08:21 2023 Jakkz_ (Red) [Headshot] Harry (Blue)
Sun Aug 13 19:08:25 2023 ApolloOwO (Red) [Headshot] Drewbski (Blue)
Sun Aug 13 19:08:25 2023 MILF Hunter (Blue) [Headshot] novelpen (Red)
Sun Aug 13 19:08:26 2023 Kross (Blue) [Headshot] ApolloOwO (Red)
Sun Aug 13 19:08:29 2023 MILF Hunter (Blue) [Headshot] Fodanator (Red)
Sun Aug 13 19:08:31 2023 HqZon (Red) [Headshot] juanitaPKXD (Blue)
Sun Aug 13 19:08:32 2023 nova (Red) [Headshot] Deuce 4 (Blue)
Sun Aug 13 19:08:32 2023 novelpen (Red) [Shotgun] MILF Hunter (Blue)
Sun Aug 13 19:08:33 2023 Stein (Red) [SMG] smock (Blue)
Sun Aug 13 19:08:36 2023 Kross (Blue) [Headshot] Schmopi (Red)
Sun Aug 13 19:08:36 2023 axe    j vnny   (Blue) [Grenade]
Sun Aug 13 19:08:36 2023 AltF4 (Red) [Grenade] Kross (Blue)
Sun Aug 13 19:08:36 2023 riddick (Red) [Grenade] bilboswaggins (Blue)
Sun Aug 13 19:08:38 2023 Stein (Red) [Headshot] beer-me (Blue)
Sun Aug 13 19:08:41 2023 Schmopi (Red) [Weapon Change]
Sun Aug 13 19:08:43 2023 Squidman (Blue) [Headshot] AltF4 (Red)
Sun Aug 13 19:08:45 2023 Stein (Red) [Headshot] juanitaPKXD (Blue)
Sun Aug 13 19:08:46 2023  Type /HELP for info & commands
Sun Aug 13 19:08:46 2023 Stein (Red) [Headshot] beer-me (Blue)
Sun Aug 13 19:08:48 2023 You must be closer to the enemy's base to shoot blocks!
Sun Aug 13 19:08:50 2023 Harry (Blue) [Headshot] Nesirky (Red)
Sun Aug 13 19:08:51 2023 nova (Red) [Shotgun] Deuce 4 (Blue)
Sun Aug 13 19:08:53 2023 Amatt (Red) [Weapon Change]
Sun Aug 13 19:08:53 2023 HqZon (Red) [Headshot] juanitaPKXD (Blue)
Sun Aug 13 19:08:55 2023 Stein (Red) [SMG] beer-me (Blue)
Sun Aug 13 19:08:56 2023 ApolloOwO (Red) [Headshot] Drewbski (Blue)
Sun Aug 13 19:08:56 2023 Kross (Blue) [SMG] ApolloOwO (Red)
Sun Aug 13 19:08:56 2023 [Team] juanitaPKXD (Blue): Todos se hacen una base secreta
Sun Aug 13 19:08:58 2023 [Global] Squidman (Blue): yo
Sun Aug 13 19:09:05 2023 HqZon (Red) [Headshot] Drewbski (Blue)
Sun Aug 13 19:09:05 2023 [Team] juanitaPKXD (Blue): si
Sun Aug 13 19:09:06 2023 [Global] Drewbski (Blue): AYE
Sun Aug 13 19:09:08 2023 Harry (Blue) [Headshot] you (Red)
Sun Aug 13 19:09:10 2023 Harry (Blue) [Headshot] Nesirky (Red)
Sun Aug 13 19:09:11 2023 AltF4 (Red) [SMG] smock (Blue)
Sun Aug 13 19:09:11 2023 Kross (Blue) [Headshot] AltF4 (Red)
Sun Aug 13 19:09:15 2023 riddick (Red) [Fall]
Sun Aug 13 19:09:16 2023  Visit our community forums at https://aloha.pk/
Sun Aug 13 19:09:17 2023 Deuce 4 (Blue) [Headshot] HqZon (Red)
Sun Aug 13 19:09:17 2023 Jakkz_ (Red) [SMG] Anomymus519 (Blue)
Sun Aug 13 19:09:18 2023 el duque (Red) [Headshot] Northstar (Blue)
Sun Aug 13 19:09:21 2023 nova (Red) [Headshot] beer-me (Blue)
Sun Aug 13 19:09:22 2023 nova (Red) [Headshot] smock (Blue)
Sun Aug 13 19:09:22 2023 Schmopi (Red) [Headshot] Kross (Blue)
Sun Aug 13 19:09:24 2023 nova (Red) [Headshot] axe    j vnny   (Blue)
Sun Aug 13 19:09:30 2023 nova (Red) [Shotgun] Equipo (Blue)
Sun Aug 13 19:09:32 2023 nova (Red) [Shotgun] Anomymus519 (Blue)
Sun Aug 13 19:09:33 2023 Nesirky (Red) [Headshot] Harry (Blue)
Sun Aug 13 19:09:33 2023 Squidman (Blue) [Headshot] ApolloOwO (Red)
Sun Aug 13 19:09:34 2023 Kross (Blue) [Headshot] nova (Red)
Sun Aug 13 19:09:38 2023 Stein (Red) [SMG] smock (Blue)
Sun Aug 13 19:09:41 2023 Schmopi (Red) [Headshot] Drewbski (Blue)
Sun Aug 13 19:09:42 2023 Stein (Red) [SMG] beer-me (Blue)
Sun Aug 13 19:09:43 2023 Kross (Blue) [SMG] Schmopi (Red)
Sun Aug 13 19:09:46 2023  Come chat with us at https://discord.aloha.pk/
Sun Aug 13 19:09:49 2023 Test joined Blue team
Sun Aug 13 19:09:53 2023 You must be closer to the enemy's base to shoot blocks!
Sun Aug 13 19:09:57 2023 Harry (Blue) [Headshot] Nesirky (Red)
Sun Aug 13 19:10:01 2023 ApolloOwO (Red) [Weapon Change]
Sun Aug 13 19:10:03 2023 bilboswaggins (Blue) [Headshot] Jakkz_ (Red)
Sun Aug 13 19:10:04 2023 Northstar (Blue) [Headshot] HqZon (Red)
Sun Aug 13 19:10:06 2023 nova (Red) [Headshot] Deuce 4 (Blue)
Sun Aug 13 19:10:08 2023 Harry (Blue) [Rifle] el duque (Red)
Sun Aug 13 19:10:12 2023 Test (Blue) [Headshot] JC Denton (Red)
Sun Aug 13 19:10:13 2023 MILF Hunter (Blue) [SMG] you (Red)
Sun Aug 13 19:10:14 2023 Stein (Red) [Headshot] Equipo (Blue)
Sun Aug 13 19:10:14 2023 MILF Hunter (Blue) [Headshot] enzo (Red)
Sun Aug 13 19:10:15 2023 MILF Hunter (Blue) [Headshot] Jakkz_ (Red)
Sun Aug 13 19:10:16 2023  If you believe a player is breaking the rules, please let us know with /ADMIN
Sun Aug 13 19:10:16 2023 el duque (Red) [Headshot] MILF Hunter (Blue)
Sun Aug 13 19:10:17 2023 Test (Blue) [Headshot] Amatt (Red)
Sun Aug 13 19:10:20 2023 novelpen (Red) [Shotgun] Harry (Blue)
Sun Aug 13 19:10:21 2023 Northstar (Blue) [Rifle] novelpen (Red)
Sun Aug 13 19:10:25 2023 Drewbski (Blue) [Headshot] Nesirky (Red)
Sun Aug 13 19:10:26 2023 riddick (Red) [Headshot] Drewbski (Blue)
Sun Aug 13 19:10:26 2023 Schmopi (Red) [Headshot] Kross (Blue)
Sun Aug 13 19:10:27 2023 Amatt (Red) [Weapon Change]
Sun Aug 13 19:10:30 2023 Squidman (Blue) [Headshot] HqZon (Red)
Sun Aug 13 19:10:32 2023  axe    j vnny   has reached 1000 blocks placed! /heaven unlocked.
Sun Aug 13 19:10:35 2023 Stein (Red) [SMG] Deuce 4 (Blue)
Sun Aug 13 19:10:38 2023 Test (Blue) [Headshot] el duque (Red)
Sun Aug 13 19:10:39 2023 Jakkz_ (Red) [Fall]
Sun Aug 13 19:10:40 2023 Test (Blue) [Headshot] Nesirky (Red)
Sun Aug 13 19:10:44 2023 Harry (Blue) [Rifle] riddick (Red)
Sun Aug 13 19:10:46 2023  Mahalo for playing aloha.pk tower of babel
Sun Aug 13 19:10:49 2023 novelpen (Red) [Headshot] MILF Hunter (Blue)
Sun Aug 13 19:10:50 2023 Test (Blue) [Rifle] you (Red)
Sun Aug 13 19:10:51 2023 Drewbski (Blue) [Headshot] Schmopi (Red)
Sun Aug 13 19:10:51 2023 Harry (Blue) [Headshot] novelpen (Red)
Sun Aug 13 19:10:52 2023 Squidman (Blue) [Headshot] Nesirky (Red)
Sun Aug 13 19:10:52 2023 Amatt (Red) [SMG] bilboswaggins (Blue)
Sun Aug 13 19:10:52 2023 Drewbski (Blue) [Headshot] ApolloOwO (Red)
Sun Aug 13 19:10:54 2023 Jakkz_ (Red) [Headshot] Squidman (Blue)
Sun Aug 13 19:10:57 2023 HqZon (Red) [Melee] Anomymus519 (Blue)
Sun Aug 13 19:11:00 2023 Stein (Red) [SMG] Kross (Blue)
Sun Aug 13 19:11:01 2023 Harry (Blue) [Headshot] Amatt (Red)
Sun Aug 13 19:11:03 2023 Kross (Blue) [Weapon Change]
Sun Aug 13 19:11:05 2023 smock (Blue) [Headshot] riddick (Red)
Sun Aug 13 19:11:05 2023 Test (Blue) [Headshot] Fodanator (Red)
Sun Aug 13 19:11:07 2023 Harry (Blue) [Headshot] nova (Red)
Sun Aug 13 19:11:07 2023 AltF4 (Red) [SMG] Drewbski (Blue)
Sun Aug 13 19:11:09 2023 you (Red) [SMG] Test (Blue)
Sun Aug 13 19:11:11 2023 Amatt (Red) [Headshot] juanitaPKXD (Blue)
Sun Aug 13 19:11:12 2023 el duque (Red) [Rifle] smock (Blue)
Sun Aug 13 19:11:16 2023  Build a tower to get the enemy's intel. Take it to your team's tent to win!
Sun Aug 13 19:11:16 2023 [Global] novelpen (Red): why the fuck is there just a ukrain flag
Sun Aug 13 19:11:19 2023 Harry (Blue) [Headshot] Jakkz_ (Red)
Sun Aug 13 19:11:22 2023 JC Denton (Red) [Headshot] Northstar (Blue)
Sun Aug 13 19:11:24 2023 Harry (Blue) [Headshot] Amatt (Red)
Sun Aug 13 19:11:31 2023 JC Denton picked up Blue's Intel.
Sun Aug 13 19:11:37 2023 [Global] Test (Blue): because it's le heckin wholesome
Sun Aug 13 19:11:39 2023 nova (Red) [Shotgun] Harry (Blue)
Sun Aug 13 19:11:40 2023 Schmopi (Red) [Headshot] smock (Blue)
Sun Aug 13 19:11:46 2023  Type /HELP for info & commands
Sun Aug 13 19:11:46 2023 Drewbski (Blue) [Headshot] ApolloOwO (Red)
Sun Aug 13 19:11:48 2023 AltF4 (Red) [Headshot] Drewbski (Blue)
Sun Aug 13 19:11:48 2023 Stein (Red) [SMG] MILF Hunter (Blue)
Sun Aug 13 19:11:49 2023 Test (Blue) [Headshot] riddick (Red)
Sun Aug 13 19:11:49 2023 nova (Red) [Shotgun] Anomymus519 (Blue)
Sun Aug 13 19:11:50 2023 Schmopi (Red) [Headshot] Kross (Blue)
Sun Aug 13 19:11:51 2023 Test (Blue) [Headshot] Jakkz_ (Red)
Sun Aug 13 19:11:58 2023 Test (Blue) [Headshot] novelpen (Red)
Sun Aug 13 19:12:02 2023 Squidman (Blue) [Headshot] ApolloOwO (Red)
Sun Aug 13 19:12:04 2023 bilboswaggins (Blue) [SMG] enzo (Red)
Sun Aug 13 19:12:05 2023 JC Denton captured Blue's Intel.
Sun Aug 13 19:12:05 2023  With 2894 blocks placed, JC Denton is granted the right to unleash the apocalypse.
Sun Aug 13 19:12:06 2023 smock (Blue) [Grenade]
Sun Aug 13 19:12:07 2023 nova (Red) [Shotgun] Anomymus519 (Blue)
Sun Aug 13 19:12:08 2023  JC Denton has unleashed an apocalypse from God.
Sun Aug 13 19:12:10 2023  The apocalypse begins in 5
Sun Aug 13 19:12:10 2023 Stein (Red) [Headshot] MILF Hunter (Blue)
Sun Aug 13 19:12:11 2023  The apocalypse begins in 4
Sun Aug 13 19:12:12 2023  The apocalypse begins in 3
Sun Aug 13 19:12:13 2023  The apocalypse begins in 2
Sun Aug 13 19:12:14 2023  The apocalypse begins in 1
Sun Aug 13 19:12:15 2023 Player Anomymus519 has left
Sun Aug 13 19:12:16 2023  Visit our community forums at https://aloha.pk/
Sun Aug 13 19:12:16 2023 Schmopi (Red) [Headshot] Kross (Blue)
Sun Aug 13 19:12:17 2023 JC Denton (Red) [Grenade] beer-me (Blue)
Sun Aug 13 19:12:17 2023 JC Denton (Red) [Grenade] MILF Hunter (Blue)
Sun Aug 13 19:12:17 2023 JC Denton (Red) [Grenade] smock (Blue)
Sun Aug 13 19:12:18 2023 JC Denton (Red) [Grenade] axe    j vnny   (Blue)
Sun Aug 13 19:12:18 2023 Test (Blue) [Headshot] riddick (Red)
Sun Aug 13 19:12:20 2023 Jakkz_ (Red) [Headshot] Test (Blue)
Sun Aug 13 19:12:23 2023 JC Denton (Red) [Grenade] Northstar (Blue)
Sun Aug 13 19:12:26 2023 JC Denton (Red) [Grenade] Test (Blue)
Sun Aug 13 19:12:26 2023 JC Denton (Red) [Grenade] beer-me (Blue)
Sun Aug 13 19:12:26 2023 JC Denton (Red) [Grenade] Northstar (Blue)
Sun Aug 13 19:12:26 2023 JC Denton (Red) [Grenade] Kross (Blue)
Sun Aug 13 19:12:26 2023 [Global] riddick (Red): test thats pretty sus
Sun Aug 13 19:12:27 2023 Drewbski (Blue) [Headshot] Schmopi (Red)
Sun Aug 13 19:12:28 2023  The apocalypse has ended.
Sun Aug 13 19:12:29 2023 Stein (Red) [SMG] smock (Blue)
Sun Aug 13 19:12:29 2023 ApolloOwO (Red) [SMG] Squidman (Blue)
Sun Aug 13 19:12:35 2023 MILF Hunter (Blue) [Headshot] nova (Red)
Sun Aug 13 19:12:40 2023 MILF Hunter (Blue) [Headshot] Amatt (Red)
Sun Aug 13 19:12:45 2023 Kross (Blue) [SMG] ApolloOwO (Red)
Sun Aug 13 19:12:46 2023  Come chat with us at https://discord.aloha.pk/
Sun Aug 13 19:12:51 2023 novelpen (Red) [Fall]
Sun Aug 13 19:12:52 2023 MILF Hunter (Blue) [SMG] Nesirky (Red)
Sun Aug 13 19:12:54 2023 Jakkz_ picked up Blue's Intel.
Sun Aug 13 19:13:01 2023 smock (Blue) [Headshot] Schmopi (Red)
Sun Aug 13 19:13:06 2023 Harry (Blue) [Headshot] Fodanator (Red)
Sun Aug 13 19:13:09 2023 el duque (Red) [Headshot] Northstar (Blue)
Sun Aug 13 19:13:09 2023 novelpen (Red) [Team Change]
Sun Aug 13 19:13:14 2023 novelpen joined Spectator team
Sun Aug 13 19:13:14 2023 Drewbski (Blue) [Headshot] ApolloOwO (Red)
Sun Aug 13 19:13:16 2023  If you believe a player is breaking the rules, please let us know with /ADMIN
Sun Aug 13 19:13:18 2023 Jakkz_ captured Blue's Intel.
Sun Aug 13 19:13:20 2023 nova picked up Blue's Intel.
Sun Aug 13 19:13:21 2023 Test (Blue) [Rifle] Amatt (Red)
Sun Aug 13 19:13:22 2023 you (Red) [Headshot] Test (Blue)
Sun Aug 13 19:13:24 2023 Harry (Blue) [Headshot] you (Red)
Sun Aug 13 19:13:24 2023 smock (Blue) [Headshot] AltF4 (Red)
Sun Aug 13 19:13:28 2023 Player novelpen has left
Sun Aug 13 19:13:30 2023 JC Denton (Red) [Headshot] Squidman (Blue)
Sun Aug 13 19:13:31 2023 Jakkz_ (Red) [SMG] Harry (Blue)
Sun Aug 13 19:13:32 2023 nova dropped Blue's Intel
Sun Aug 13 19:13:32 2023  The intel has returned to the heavens
Sun Aug 13 19:13:32 2023 bilboswaggins (Blue) [SMG] nova (Red)
Sun Aug 13 19:13:33 2023 JC Denton (Red) [Headshot] Deuce 4 (Blue)
Sun Aug 13 19:13:37 2023 Schmopi (Red) [Headshot] Kross (Blue)
Sun Aug 13 19:13:39 2023 JC Denton picked up Blue's Intel.
Sun Aug 13 19:13:44 2023 Fodanator (Red) [SMG] beer-me (Blue)
Sun Aug 13 19:13:46 2023  Mahalo for playing aloha.pk tower of babel
Sun Aug 13 19:13:54 2023 Test (Blue) [Headshot] nova (Red)
Sun Aug 13 19:13:55 2023 Kross (Blue) [SMG] ApolloOwO (Red)
Sun Aug 13 19:13:57 2023 Drewbski (Blue) [Headshot] AltF4 (Red)
Sun Aug 13 19:14:03 2023 JC Denton captured Blue's Intel.
Sun Aug 13 19:14:06 2023 Drewbski (Blue) [Headshot] ApolloOwO (Red)
Sun Aug 13 19:14:07 2023 Harry (Blue) [Headshot] enzo (Red)
Sun Aug 13 19:14:09 2023 zekebird joined Red team
Sun Aug 13 19:14:10 2023 MILF Hunter (Blue) [Headshot] HqZon (Red)
Sun Aug 13 19:14:13 2023  you has reached 1000 blocks placed! /heaven unlocked.
Sun Aug 13 19:14:16 2023  Build a tower to get the enemy's intel. Take it to your team's tent to win!
Sun Aug 13 19:14:19 2023 You must be closer to the enemy's base to shoot blocks!
Sun Aug 13 19:14:19 2023 Test (Blue) [Headshot] ApolloOwO (Red)
Sun Aug 13 19:14:21 2023 smock (Blue) [Headshot] AltF4 (Red)
Sun Aug 13 19:14:22 2023 Northstar (Blue) [Rifle] Fodanator (Red)
Sun Aug 13 19:14:23 2023 Test (Blue) [Headshot] zekebird (Red)
Sun Aug 13 19:14:24 2023 Amatt (Red) [Headshot] beer-me (Blue)
Sun Aug 13 19:14:26 2023 Amatt (Red) [Headshot] Harry (Blue)
Sun Aug 13 19:14:26 2023 el duque (Red) [Headshot] Equipo (Blue)
Sun Aug 13 19:14:27 2023 bilboswaggins (Blue) [Melee] JC Denton (Red)
Sun Aug 13 19:14:34 2023 el duque (Red) [Headshot] axe    j vnny   (Blue)
Sun Aug 13 19:14:36 2023 Drewbski (Blue) [Headshot] AltF4 (Red)
Sun Aug 13 19:14:37 2023 [Global] JC Denton (Red): bilbo you were high luck
Sun Aug 13 19:14:37 2023 ApolloOwO (Red) [SMG] smock (Blue)
Sun Aug 13 19:14:43 2023 Richard Le Noir joined Red team
Sun Aug 13 19:14:44 2023 Drewbski (Blue) [Headshot] Richard Le Noir (Red)
Sun Aug 13 19:14:45 2023 Stein (Red) [Headshot] Test (Blue)
Sun Aug 13 19:14:45 2023 Fodanator (Red) [SMG] MILF Hunter (Blue)
Sun Aug 13 19:14:45 2023 Kross (Blue) [SMG] ApolloOwO (Red)
Sun Aug 13 19:14:46 2023  Type /HELP for info & commands
Sun Aug 13 19:14:46 2023 Nesirky (Red) [Melee] Deuce 4 (Blue)
Sun Aug 13 19:14:46 2023 Drewbski (Blue) [Headshot] Stein (Red)
Sun Aug 13 19:14:48 2023 Nesirky (Red) [Melee] Equipo (Blue)
Sun Aug 13 19:14:50 2023 Drewbski (Blue) [Headshot] zekebird (Red)
Sun Aug 13 19:14:51 2023 [Global] Richard Le Noir (Red): FULL SERVER MOTHAFUCKA!!!!!!!!!!!!!!!!!!!!!!!!!!!!!!!!!!!!!!!!!!!!!!!!!!!!!!!!!
Sun Aug 13 19:14:52 2023 MILF Hunter (Blue) [Headshot] Nesirky (Red)
Sun Aug 13 19:14:54 2023 Kross (Blue) [SMG] AltF4 (Red)
Sun Aug 13 19:14:55 2023 [Global] Stein (Red): drewbski you a motherfuckers
Sun Aug 13 19:14:57 2023 [Global] zekebird (Red): why is this game poppin rn
Sun Aug 13 19:14:57 2023 JC Denton (Red) [Headshot] Harry (Blue)
Sun Aug 13 19:14:59 2023 Drewbski (Blue) [Headshot] Richard Le Noir (Red)
Sun Aug 13 19:14:59 2023 HqZon (Red) [Shotgun] Kross (Blue)
Sun Aug 13 19:15:01 2023 [Global] Richard Le Noir (Red): u all motherfuckers
Sun Aug 13 19:15:02 2023 el duque (Red) [Headshot] Deuce 4 (Blue)
Sun Aug 13 19:15:02 2023 Fodanator (Red) [Headshot] Northstar (Blue)
Sun Aug 13 19:15:03 2023 Drewbski (Blue) [Headshot] AltF4 (Red)
Sun Aug 13 19:15:04 2023 Test (Blue) [Headshot] JC Denton (Red)
Sun Aug 13 19:15:05 2023 smock (Blue) [Headshot] Schmopi (Red)
Sun Aug 13 19:15:06 2023 Nesirky (Red) [Headshot] Drewbski (Blue)
Sun Aug 13 19:15:07 2023 riddick (Red) [Headshot] axe    j vnny   (Blue)
Sun Aug 13 19:15:08 2023 HqZon (Red) [Headshot] smock (Blue)
Sun Aug 13 19:15:10 2023 Stein (Red) [SMG] Squidman (Blue)
Sun Aug 13 19:15:13 2023 Test (Blue) [Headshot] Fodanator (Red)
Sun Aug 13 19:15:14 2023 Player smock has left
Sun Aug 13 19:15:14 2023 MILF Hunter (Blue) [SMG] HqZon (Red)
Sun Aug 13 19:15:16 2023 JC Denton (Red) [SMG] bilboswaggins (Blue)
Sun Aug 13 19:15:16 2023  Visit our community forums at https://aloha.pk/
Sun Aug 13 19:15:17 2023 Test (Blue) [Headshot] zekebird (Red)
Sun Aug 13 19:15:17 2023 Jakkz_ picked up Blue's Intel.
Sun Aug 13 19:15:21 2023 [Global] Stein (Red): I was one kill to unlock apoc
Sun Aug 13 19:15:24 2023 [Global] Richard Le Noir (Red): suck horse penis
Sun Aug 13 19:15:24 2023 [Global] Stein (Red): by killstreak
Sun Aug 13 19:15:27 2023 Amatt (Red) [SMG] Northstar (Blue)
Sun Aug 13 19:15:28 2023 MILF Hunter (Blue) [Headshot] ApolloOwO (Red)
Sun Aug 13 19:15:29 2023 bilboswaggins (Blue) [Headshot] Amatt (Red)
Sun Aug 13 19:15:30 2023 Test (Blue) [Headshot] Fodanator (Red)
Sun Aug 13 19:15:34 2023 el duque (Red) [Rifle] Deuce 4 (Blue)
Sun Aug 13 19:15:36 2023 Test (Blue) [Headshot] AltF4 (Red)
Sun Aug 13 19:15:36 2023 Kross (Blue) [SMG] Nesirky (Red)
Sun Aug 13 19:15:37 2023 smock joined Blue team
Sun Aug 13 19:15:38 2023 JC Denton (Red) [Headshot] Harry (Blue)
Sun Aug 13 19:15:41 2023 riddick (Red) [Headshot] Deuce 4 (Blue)
Sun Aug 13 19:15:44 2023 Player juanitaPKXD has left
Sun Aug 13 19:15:46 2023  Come chat with us at https://discord.aloha.pk/
Sun Aug 13 19:15:48 2023 Jakkz_ captured Blue's Intel.
Sun Aug 13 19:15:49 2023 JC Denton (Red) [Headshot] Drewbski (Blue)
Sun Aug 13 19:15:51 2023 Squidman (Blue) [SMG] Schmopi (Red)
Sun Aug 13 19:15:51 2023 Test (Blue) [Rifle] Fodanator (Red)
Sun Aug 13 19:15:51 2023 AltF4 (Red) [SMG] Test (Blue)
Sun Aug 13 19:15:56 2023 nova picked up Blue's Intel.
Sun Aug 13 19:15:57 2023 HqZon (Red) [Shotgun] Kross (Blue)
Sun Aug 13 19:16:09 2023 MILF Hunter (Blue) [SMG] Schmopi (Red)
Sun Aug 13 19:16:13 2023 MILF Hunter (Blue) [Headshot] AltF4 (Red)
Sun Aug 13 19:16:14 2023 enzo (Red) [Headshot] Northstar (Blue)
Sun Aug 13 19:16:16 2023  If you believe a player is breaking the rules, please let us know with /ADMIN
Sun Aug 13 19:16:19 2023 enzo (Red) [Headshot] Equipo (Blue)
Sun Aug 13 19:16:21 2023 Jakkz_ (Red) [Headshot] Test (Blue)
Sun Aug 13 19:16:23 2023 nova captured Blue's Intel.
Sun Aug 13 19:16:24 2023 you (Red) [Headshot] MILF Hunter (Blue)
Sun Aug 13 19:16:27 2023 Northstar (Blue) [Headshot] enzo (Red)
Sun Aug 13 19:16:28 2023 Kross (Blue) [Headshot] el duque (Red)
Sun Aug 13 19:16:30 2023 Amatt (Red) [SMG] Harry (Blue)
Sun Aug 13 19:16:31 2023 Test (Blue) [Headshot] Amatt (Red)
Sun Aug 13 19:16:32 2023 smock (Blue) [Headshot] ApolloOwO (Red)
Sun Aug 13 19:16:33 2023 riddick (Red) [Rifle] Deuce 4 (Blue)
Sun Aug 13 19:16:34 2023 Schmopi (Red) [Headshot] smock (Blue)
Sun Aug 13 19:16:34 2023 riddick (Red) [Headshot] MILF Hunter (Blue)
Sun Aug 13 19:16:38 2023 zekebird (Red) [Grenade] Drewbski (Blue)
Sun Aug 13 19:16:40 2023 Squidman (Blue) [SMG] you (Red)
Sun Aug 13 19:16:41 2023 Jakkz_ (Red) [Headshot] beer-me (Blue)
Sun Aug 13 19:16:43 2023 MILF Hunter (Blue) [SMG] Stein (Red)
Sun Aug 13 19:16:45 2023 Player Stein has left
Sun Aug 13 19:16:46 2023  Mahalo for playing aloha.pk tower of babel
Sun Aug 13 19:16:47 2023 zekebird (Red) [Headshot] Deuce 4 (Blue)
Sun Aug 13 19:16:48 2023 zekebird (Red) [Headshot] Equipo (Blue)
Sun Aug 13 19:16:50 2023 zekebird (Red) [Rifle] axe    j vnny   (Blue)
Sun Aug 13 19:16:53 2023 Northstar (Blue) [Headshot] zekebird (Red)
Sun Aug 13 19:16:53 2023 JC Denton (Red) [Grenade] Northstar (Blue)
Sun Aug 13 19:16:57 2023 Schmopi (Red) [Headshot] smock (Blue)
Sun Aug 13 19:16:57 2023 nova (Red) [Shotgun] bilboswaggins (Blue)
Sun Aug 13 19:16:57 2023 juanitaPKXD joined Spectator team
Sun Aug 13 19:16:58 2023 Kross (Blue) [Headshot] Schmopi (Red)
Sun Aug 13 19:17:01 2023 Test (Blue) [Headshot] Amatt (Red)
Sun Aug 13 19:17:02 2023 Fodanator picked up Blue's Intel.
Sun Aug 13 19:17:04 2023 riddick (Red) [Headshot] Equipo (Blue)
Sun Aug 13 19:17:06 2023 zekebird (Red) [Rifle] Squidman (Blue)
Sun Aug 13 19:17:08 2023 riddick (Red) [Headshot] axe    j vnny   (Blue)
Sun Aug 13 19:17:08 2023 ApolloOwO (Red) [SMG] Kross (Blue)
Sun Aug 13 19:17:08 2023 Jakkz_ (Red) [Headshot] Harry (Blue)
Sun Aug 13 19:17:10 2023 Jakkz_ (Red) [Headshot] Test (Blue)
Sun Aug 13 19:17:11 2023 enzo (Red) [Fall]
Sun Aug 13 19:17:15 2023 riddick (Red) [Headshot] Kross (Blue)
Sun Aug 13 19:17:16 2023  Build a tower to get the enemy's intel. Take it to your team's tent to win!
Sun Aug 13 19:17:17 2023 Jakkz_ (Red) [SMG] bilboswaggins (Blue)
Sun Aug 13 19:17:18 2023 riddick (Red) [Headshot] Equipo (Blue)
Sun Aug 13 19:17:18 2023 Player Kross has left
Sun Aug 13 19:17:20 2023 XD joined Blue team
Sun Aug 13 19:17:29 2023 Fodanator captured Blue's Intel.
Sun Aug 13 19:17:29 2023 Red Wins!
Sun Aug 13 19:17:29 2023 XD (Blue) [Team Change]
Sun Aug 13 19:17:29 2023  Game finished! Next map: dankholes.
Sun Aug 13 19:17:30 2023  The native language of XD is most likely Portuguese.
Sun Aug 13 19:17:30 2023  XD is trying to join with an obsolete client! Help them update!
Sun Aug 13 19:17:32 2023 Harry (Blue) [Headshot] zekebird (Red)
Sun Aug 13 19:17:32 2023 Schmopi (Red) [SMG] Test (Blue)
Sun Aug 13 19:17:32 2023 Schmopi (Red) [Headshot] FPS eSports (Blue)
Sun Aug 13 19:17:32 2023 el duque (Red) [Rifle] FPS eSports (Blue)
Sun Aug 13 19:17:33 2023 Nesirky (Red) [Headshot] Drewbski (Blue)
Sun Aug 13 19:17:33 2023 Richard Le Noir (Red) [Rifle] axe    j vnny   (Blue)
Sun Aug 13 19:17:33 2023 el duque (Red) [Headshot] Drewbski (Blue)
Sun Aug 13 19:17:33 2023 Nesirky (Red) [SMG] Drewbski (Blue)
Sun Aug 13 19:17:33 2023 Harry (Blue) [Headshot] Nesirky (Red)
Sun Aug 13 19:17:33 2023 Jakkz_ (Red) [Headshot] bilboswaggins (Blue)
Sun Aug 13 19:17:33 2023 you (Red) [SMG] bilboswaggins (Blue)
Sun Aug 13 19:17:34 2023 Jakkz_ (Red) [Headshot] Harry (Blue)
Sun Aug 13 19:17:34 2023 Squidman (Blue) [Rifle] HqZon (Red)
Sun Aug 13 19:17:34 2023 AltF4 (Red) [Headshot] Squidman (Blue)
Sun Aug 13 19:17:34 2023 enzo (Red) [Rifle] Squidman (Blue)
Sun Aug 13 19:17:34 2023 Richard Le Noir (Red) [Headshot] Deuce 4 (Blue)
Sun Aug 13 19:17:35 2023 Northstar (Blue) [Headshot] you (Red)
Sun Aug 13 19:17:35 2023 Amatt (Red) [Grenade] Northstar (Blue)
Sun Aug 13 19:17:35 2023 Richard Le Noir (Red) [Headshot] smock (Blue)
Sun Aug 13 19:17:36 2023 Player riddick has left
Sun Aug 13 19:17:36 2023 Amatt (Red) [SMG] beer-me (Blue)
Sun Aug 13 19:17:36 2023 HqZon (Red) [Grenade] MILF Hunter (Blue)
Sun Aug 13 19:17:37 2023 enzo (Red) [Headshot] Equipo (Blue)
Sun Aug 13 19:17:38 2023 JC Denton picked up Blue's Intel.
Sun Aug 13 19:17:38 2023 MILF Hunter (Blue) [Grenade] Richard Le Noir (Red)
Sun Aug 13 19:17:38 2023 MILF Hunter (Blue) [Grenade] Schmopi (Red)
Sun Aug 13 19:17:38 2023 MILF Hunter (Blue) [Grenade] ApolloOwO (Red)
Sun Aug 13 19:17:38 2023 MILF Hunter (Blue) [Grenade] AltF4 (Red)
Sun Aug 13 19:17:38 2023 MILF Hunter (Blue) [Grenade] Jakkz_ (Red)
Sun Aug 13 19:17:39 2023 Player smock has left
Sun Aug 13 19:17:41 2023 Player nova has left
Sun Aug 13 19:17:41 2023 [Global] Richard Le Noir (Red): PENIS
Sun Aug 13 19:17:45 2023 Fodanator (Red) [Fall]
Sun Aug 13 19:17:45 2023 [Global] Jakkz_ (Red): NICE
Sun Aug 13 19:17:46 2023 el duque (Red) [Grenade]
Sun Aug 13 19:17:47 2023 Player MILF Hunter has left
Sun Aug 13 19:17:50 2023 [Global] Richard Le Noir (Red): cock
Sun Aug 13 19:17:51 2023 Amatt (Red) [Fall]
Sun Aug 13 19:17:51 2023 [Global] Richard Le Noir (Red): docl
Sun Aug 13 19:17:52 2023 enzo picked up Blue's Intel.
Sun Aug 13 19:17:54 2023 [Global] Richard Le Noir (Red): dick
Sun Aug 13 19:17:55 2023 [Global] Richard Le Noir (Red): ass
Sun Aug 13 19:17:58 2023 [Global] Jakkz_ (Red): pp
Sun Aug 13 19:18:00 2023 Player AltF4 has left
Sun Aug 13 19:18:02 2023 [Global] Richard Le Noir (Red): balls too
Sun Aug 13 19:18:02 2023 [Global] Jakkz_ (Red): tits
Sun Aug 13 19:18:06 2023 [Global] Jakkz_ (Red): butt
Sun Aug 13 19:18:07 2023 Nesirky joined Blue team
Sun Aug 13 19:18:07 2023 [Global] Richard Le Noir (Red): poopdick
Sun Aug 13 19:18:10 2023 smock joined Blue team
Sun Aug 13 19:18:10 2023 Disconnecting
