Mon Aug 14 20:49:55 2023 ------ World Loaded ------
Mon Aug 14 20:49:55 2023 Welcome to aloha.pk arena (top 10)
Mon Aug 14 20:49:56 2023 Map: avstorage by AVuKY
Mon Aug 14 20:49:58 2023 Game mode: Arena by Yourself
Mon Aug 14 20:49:59 2023 3 players on Red and 1 player on Blue remain.
Mon Aug 14 20:49:59 2023 Harry (Red) [Rifle]
Mon Aug 14 20:50:00 2023 A game of team survival. The last team standing scores a point.
Mon Aug 14 20:50:02 2023 Visit our community forums at https://aloha.pk/
Mon Aug 14 20:50:04 2023 Come chat with us at https://discord.aloha.pk/
Mon Aug 14 20:50:11 2023  Arena: The last team standing scores a point!
Mon Aug 14 20:50:14 2023 [Global] EL MANOLO (Red): c esconde
Mon Aug 14 20:50:41 2023  Type /HELP for info & commands
Mon Aug 14 20:51:02 2023 [Global] Deuce1 (Red): ZzZzZz
Mon Aug 14 20:51:05 2023 2 players on Red and 1 player on Blue remain.
Mon Aug 14 20:51:05 2023 Vhaksy (Blue) [SMG] Rifle (Red)
Mon Aug 14 20:51:07 2023 [Global] Rifle (Red): mid
Mon Aug 14 20:51:09 2023 [Global] Vagabond (Blue): dale
Mon Aug 14 20:51:10 2023 [Global] mastter  XD LAG (): a
Mon Aug 14 20:51:11 2023  Visit our community forums at https://aloha.pk/
Mon Aug 14 20:51:15 2023 [Global] Rifle (Red): zzz
Mon Aug 14 20:51:17 2023 1 player on Red and 1 player on Blue remain.
Mon Aug 14 20:51:17 2023 Vhaksy (Blue) [SMG] Anton4002 (Red)
Mon Aug 14 20:51:21 2023 [Global] Vagabond (Blue): mata a todos estos redtards
Mon Aug 14 20:51:22 2023  40 minutes remaining.
Mon Aug 14 20:51:28 2023 [Global] Anton4002 (Red): que gei
Mon Aug 14 20:51:37 2023 [Global] Anton4002 (Red): *** strafe
Mon Aug 14 20:51:41 2023  Come chat with us at https://discord.aloha.pk/
Mon Aug 14 20:51:41 2023 [Global] Vagabond (Blue): ******
Mon Aug 14 20:51:44 2023 [Global] EL MANOLO (Red): #GeiEnProgreso
Mon Aug 14 20:51:46 2023 [Global] mastter  XD LAG (): waos maki
Mon Aug 14 20:51:55 2023 [Global] Anton4002 (Red): haciendo strafe
Mon Aug 14 20:52:07 2023 Vhaksy picked up Red's Intel.
Mon Aug 14 20:52:07 2023 Vhaksy captured Red's Intel.
Mon Aug 14 20:52:07 2023  Blue team wins the round!
Mon Aug 14 20:52:07 2023  The round will begin in 13 seconds.
Mon Aug 14 20:52:07 2023 Vhaksy (Blue) [Headshot] espartan 08 (Red)
Mon Aug 14 20:52:11 2023  If you believe a player is breaking the rules, please let us know with /ADMIN
Mon Aug 14 20:52:13 2023 [Global] Vagabond (Blue): a m e n
Mon Aug 14 20:52:15 2023 [Global] EL MANOLO (Red): q paso carnal 
Mon Aug 14 20:52:15 2023 5
Mon Aug 14 20:52:16 2023 [Global] Anton4002 (Red): espartan eres tremendpo gei
Mon Aug 14 20:52:16 2023 4
Mon Aug 14 20:52:17 2023 3
Mon Aug 14 20:52:18 2023 2
Mon Aug 14 20:52:18 2023 mastter  XD LAG joined Blue team
Mon Aug 14 20:52:19 2023 1
Mon Aug 14 20:52:20 2023 Go!
Mon Aug 14 20:52:20 2023  There is a time limit of 3.50 minutes for this round.
Mon Aug 14 20:52:26 2023 5 players on Red and 6 players on Blue remain.
Mon Aug 14 20:52:26 2023 Astral - Maki (Blue) [Headshot] Rifle (Red)
Mon Aug 14 20:52:26 2023 [INFO] You were killed by: Astral - Maki HP: 100
Mon Aug 14 20:52:26 2023 4 players on Red and 6 players on Blue remain.
Mon Aug 14 20:52:26 2023 Astral - Maki (Blue) [Headshot] Harry (Red)
Mon Aug 14 20:52:30 2023 3 players on Red and 6 players on Blue remain.
Mon Aug 14 20:52:30 2023 Astral - Maki (Blue) [Headshot] Deuce1 (Red)
Mon Aug 14 20:52:37 2023 [Global] Vhaksy (Blue): se te veia la puntita del rifle 
Mon Aug 14 20:52:38 2023 Disconnecting
