Fri Jun 23 20:49:36 2023 ------ World Loaded ------
Fri Jun 23 20:49:36 2023 Welcome to aloha.pk tower of babel
Fri Jun 23 20:49:36 2023 4Johns4thRepub (Blue) [Headshot] wicky (Red)
Fri Jun 23 20:49:37 2023 Map: Capitol by Ki11aWi11
Fri Jun 23 20:49:38 2023 VMP (Blue) [SMG] nariman96 (Red)
Fri Jun 23 20:49:39 2023 Game mode: Tower of Babel by Yourself, modified by izzy
Fri Jun 23 20:49:41 2023 Build a tower to get the enemy's intel. Take it to your team's tent to win!
Fri Jun 23 20:49:43 2023 Visit our community forums at https://aloha.pk/
Fri Jun 23 20:49:45 2023 Come chat with us at https://discord.aloha.pk/
Fri Jun 23 20:49:52 2023 Player nariman96 has left
Fri Jun 23 20:49:53 2023 VMP picked up Red's Intel.
Fri Jun 23 20:50:04 2023 azahel83 (Blue) [SMG] EMART (Red)
Fri Jun 23 20:50:09 2023  Visit our community forums at https://aloha.pk/
Fri Jun 23 20:50:12 2023 4Johns4thRepub (Blue) [SMG] i c q (Red)
Fri Jun 23 20:50:14 2023 VMP captured Red's Intel.
Fri Jun 23 20:50:19 2023 wicky (Red) [Headshot] Harry (Blue)
Fri Jun 23 20:50:19 2023 4Johns4thRepub (Blue) [SMG] EMART (Red)
Fri Jun 23 20:50:27 2023 azahel83 (Blue) [Fall]
Fri Jun 23 20:50:28 2023 EMART (Red) [SMG] 4Johns4thRepub (Blue)
Fri Jun 23 20:50:32 2023 Harry (Blue) [Headshot] nadiee (Red)
Fri Jun 23 20:50:36 2023 Vagabond (Red) [Fall]
Fri Jun 23 20:50:39 2023  Come chat with us at https://discord.aloha.pk/
Fri Jun 23 20:50:42 2023 Obelix picked up Red's Intel.
Fri Jun 23 20:50:51 2023 Harry (Blue) [Rifle] wicky (Red)
Fri Jun 23 20:50:59 2023 VMP (Blue) [Fall]
Fri Jun 23 20:51:05 2023 Obelix captured Red's Intel.
Fri Jun 23 20:51:06 2023 CocoThunder (Blue) [Fall]
Fri Jun 23 20:51:09 2023  If you believe a player is breaking the rules, please let us know with /ADMIN
Fri Jun 23 20:51:12 2023 Player wicky has left
Fri Jun 23 20:51:17 2023 Harry (Blue) [Headshot] nadiee (Red)
Fri Jun 23 20:51:31 2023 Obelix picked up Red's Intel.
Fri Jun 23 20:51:34 2023 4Johns4thRepub (Blue) [Headshot] EMART (Red)
Fri Jun 23 20:51:35 2023 Vagabond (Red) [Fall]
Fri Jun 23 20:51:35 2023 [Global] Vagabond (Red): omg
Fri Jun 23 20:51:37 2023 azahel83 (Blue) [Fall]
Fri Jun 23 20:51:37 2023 Obelix (Blue) [Headshot] ALIS (Red)
Fri Jun 23 20:51:39 2023 [Global] azahel83 (Blue): omggggg
Fri Jun 23 20:51:39 2023  Mahalo for playing aloha.pk tower of babel
Fri Jun 23 20:51:46 2023 [Global] CocoThunder (Blue): oooohhhhhhhh gg
Fri Jun 23 20:51:46 2023 4Johns4thRepub (Blue) [SMG] ALIS (Red)
Fri Jun 23 20:51:48 2023 i c q (Red) [Headshot] Pedro (Blue)
Fri Jun 23 20:51:51 2023 Pedro (Blue) [Weapon Change]
Fri Jun 23 20:51:53 2023 Obelix captured Red's Intel.
Fri Jun 23 20:51:53 2023  With 908 blocks placed, CocoThunder is granted the right to unleash the apocalypse.
Fri Jun 23 20:51:53 2023 Player EMART has left
Fri Jun 23 20:51:54 2023 [Global] Vagabond (Red): OMG!1!!!!!!!!!!!!!
Fri Jun 23 20:52:03 2023 [Global] Pedro (Blue): ahahahahahahahahah
Fri Jun 23 20:52:04 2023 4Johns4thRepub (Blue) [Headshot] ALIS (Red)
Fri Jun 23 20:52:04 2023 4Johns4thRepub (Blue) [SMG] i c q (Red)
Fri Jun 23 20:52:06 2023 [Global] azahel83 (Blue): my heros
Fri Jun 23 20:52:07 2023  CocoThunder has unleashed an apocalypse from God.
Fri Jun 23 20:52:09 2023  The apocalypse begins in 5
Fri Jun 23 20:52:09 2023  Build a tower to get the enemy's intel. Take it to your team's tent to win!
Fri Jun 23 20:52:10 2023  The apocalypse begins in 4
Fri Jun 23 20:52:11 2023  The apocalypse begins in 3
Fri Jun 23 20:52:12 2023  The apocalypse begins in 2
Fri Jun 23 20:52:13 2023  The apocalypse begins in 1
Fri Jun 23 20:52:16 2023 azahel83 (Blue) [SMG] i c q (Red)
Fri Jun 23 20:52:17 2023 Obelix picked up Red's Intel.
Fri Jun 23 20:52:18 2023 CocoThunder (Blue) [Grenade] ALIS (Red)
Fri Jun 23 20:52:26 2023 CocoThunder (Blue) [Grenade] ALIS (Red)
Fri Jun 23 20:52:27 2023  The apocalypse has ended.
Fri Jun 23 20:52:28 2023 azahel83 (Blue) [SMG] i c q (Red)
Fri Jun 23 20:52:39 2023 EAZR - B4L joined Spectator team
Fri Jun 23 20:52:39 2023 Harry (Blue) [Headshot] Vagabond (Red)
Fri Jun 23 20:52:39 2023  Type /HELP for info & commands
Fri Jun 23 20:52:40 2023 Obelix captured Red's Intel.
Fri Jun 23 20:52:42 2023 ALIS (Red) [Fall]
Fri Jun 23 20:52:50 2023 Obelix (Blue) [Headshot] nadiee (Red)
Fri Jun 23 20:52:50 2023 Pedro (Blue) [Fall]
Fri Jun 23 20:52:51 2023 azahel83 (Blue) [SMG] Vagabond (Red)
Fri Jun 23 20:52:57 2023 CocoThunder (Blue) [SMG] ALIS (Red)
Fri Jun 23 20:53:07 2023 CocoThunder picked up Red's Intel.
Fri Jun 23 20:53:07 2023 VMP (Blue) [Headshot] nadiee (Red)
Fri Jun 23 20:53:08 2023 4Johns4thRepub (Blue) [Headshot] ALIS (Red)
Fri Jun 23 20:53:08 2023 Vagabond (Red) [Melee] 4Johns4thRepub (Blue)
Fri Jun 23 20:53:09 2023  Visit our community forums at https://aloha.pk/
Fri Jun 23 20:53:23 2023 azahel83 (Blue) [SMG] nadiee (Red)
Fri Jun 23 20:53:27 2023 Vagabond (Red) [Headshot] VMP (Blue)
Fri Jun 23 20:53:28 2023 CocoThunder captured Red's Intel.
Fri Jun 23 20:53:33 2023 Pedro (Blue) [Headshot] ALIS (Red)
Fri Jun 23 20:53:36 2023 [Global] azahel83 (Blue): banzaiiii
Fri Jun 23 20:53:39 2023  Come chat with us at https://discord.aloha.pk/
Fri Jun 23 20:53:40 2023 azahel83 (Blue) [Fall]
Fri Jun 23 20:53:47 2023 Vagabond (Red) [Headshot] Harry (Blue)
Fri Jun 23 20:53:48 2023 Pedro (Blue) [Headshot] ALIS (Red)
Fri Jun 23 20:53:51 2023 4Johns4thRepub (Blue) [Headshot] Vagabond (Red)
Fri Jun 23 20:53:51 2023 CocoThunder picked up Red's Intel.
Fri Jun 23 20:53:55 2023 Pedro (Blue) [SMG] i c q (Red)
Fri Jun 23 20:53:55 2023 [Team] Obelix (Blue): j
Fri Jun 23 20:53:57 2023 Pedro (Blue) [SMG] ALIS (Red)
Fri Jun 23 20:54:01 2023 4Johns4thRepub (Blue) [SMG] nadiee (Red)
Fri Jun 23 20:54:03 2023 [Global] Obelix (Blue): are there other gamemodes?
Fri Jun 23 20:54:09 2023  If you believe a player is breaking the rules, please let us know with /ADMIN
Fri Jun 23 20:54:12 2023 CocoThunder captured Red's Intel.
Fri Jun 23 20:54:12 2023 Pedro (Blue) [SMG] i c q (Red)
Fri Jun 23 20:54:16 2023 [Global] Obelix (Blue): this one feels snowbally
Fri Jun 23 20:54:18 2023 nadiee (Red) [Weapon Change]
Fri Jun 23 20:54:28 2023 [Global] 4Johns4thRepub (Blue): there other maps that are better
Fri Jun 23 20:54:29 2023 VMP (Blue) [Headshot] Vagabond (Red)
Fri Jun 23 20:54:32 2023 [Global] CocoThunder (Blue): yeah there is on other servers
Fri Jun 23 20:54:38 2023 VMP (Blue) [SMG] ALIS (Red)
Fri Jun 23 20:54:39 2023  Mahalo for playing aloha.pk tower of babel
Fri Jun 23 20:54:46 2023 Player ALIS has left
Fri Jun 23 20:54:49 2023 Player Obelix has left
Fri Jun 23 20:54:52 2023 4Johns4thRepub picked up Red's Intel.
Fri Jun 23 20:54:57 2023 Vagabond (Red) [SMG] Pedro (Blue)
Fri Jun 23 20:55:03 2023 i c q (Red) [Headshot] CocoThunder (Blue)
Fri Jun 23 20:55:04 2023 azahel83 (Blue) [SMG] i c q (Red)
Fri Jun 23 20:55:09 2023  Build a tower to get the enemy's intel. Take it to your team's tent to win!
Fri Jun 23 20:55:16 2023 azahel83 (Blue) [SMG] i c q (Red)
Fri Jun 23 20:55:18 2023 Harry (Blue) [Headshot] Vagabond (Red)
Fri Jun 23 20:55:19 2023 4Johns4thRepub captured Red's Intel.
Fri Jun 23 20:55:22 2023 Player Vagabond has left
Fri Jun 23 20:55:31 2023 VMP (Blue) [Headshot] nadiee (Red)
Fri Jun 23 20:55:35 2023 CocoThunder picked up Red's Intel.
Fri Jun 23 20:55:35 2023 Harry (Blue) [Team Change]
Fri Jun 23 20:55:39 2023  Type /HELP for info & commands
Fri Jun 23 20:55:45 2023 azahel83 (Blue) [SMG] nadiee (Red)
Fri Jun 23 20:55:52 2023 4Johns4thRepub (Blue) [SMG] nadiee (Red)
Fri Jun 23 20:55:56 2023 VMP (Blue) [Grenade]
Fri Jun 23 20:55:58 2023 CocoThunder captured Red's Intel.
Fri Jun 23 20:55:58 2023 Blue Wins!
Fri Jun 23 20:55:58 2023  Game finished! Next map: pinpoint2.
Fri Jun 23 20:56:00 2023 Harry (Red) [Headshot] azahel83 (Blue)
Fri Jun 23 20:56:01 2023 Harry (Red) [Headshot] 4Johns4thRepub (Blue)
Fri Jun 23 20:56:02 2023 VMP (Blue) [SMG] i c q (Red)
Fri Jun 23 20:56:02 2023 VMP (Blue) [SMG] i c q (Red)
Fri Jun 23 20:56:02 2023 Pedro (Blue) [SMG] nadiee (Red)
Fri Jun 23 20:56:02 2023 Pedro (Blue) [SMG] nadiee (Red)
Fri Jun 23 20:56:03 2023 Harry (Red) [Headshot] CocoThunder (Blue)
Fri Jun 23 20:56:03 2023 VMP (Blue) [Headshot] Harry (Red)
Fri Jun 23 20:56:05 2023 [Global] azahel83 (Blue): super win
Fri Jun 23 20:56:06 2023 Player 4Johns4thRepub has left
Fri Jun 23 20:56:10 2023 ------ World Unloaded ------
Fri Jun 23 20:56:17 2023 ------ World Loaded ------
Fri Jun 23 20:56:17 2023 Welcome to aloha.pk tower of babel
Fri Jun 23 20:56:17 2023 azahel83 joined Blue team
Fri Jun 23 20:56:19 2023 Map: pinpoint2 by TheGrandmaster
Fri Jun 23 20:56:20 2023 EAZR - B4L joined Blue team
Fri Jun 23 20:56:21 2023 VMP joined Red team
Fri Jun 23 20:56:21 2023 Game mode: Tower of Babel by Yourself, modified by izzy
Fri Jun 23 20:56:24 2023 Build a tower to get the enemy's intel. Take it to your team's tent to win!
Fri Jun 23 20:56:25 2023 Visit our community forums at https://aloha.pk/
Fri Jun 23 20:56:25 2023 Pedro joined Blue team
Fri Jun 23 20:56:26 2023 nadiee joined Blue team
Fri Jun 23 20:56:27 2023 Come chat with us at https://discord.aloha.pk/
Fri Jun 23 20:56:40 2023  Come chat with us at https://discord.aloha.pk/
Fri Jun 23 20:56:44 2023 Harry (Red) [Headshot] EAZR - B4L (Blue)
Fri Jun 23 20:57:10 2023  If you believe a player is breaking the rules, please let us know with /ADMIN
Fri Jun 23 20:57:14 2023 Harry (Red) [Headshot] EAZR - B4L (Blue)
Fri Jun 23 20:57:26 2023 You must be closer to the enemy's base to shoot blocks!
Fri Jun 23 20:57:34 2023 VMP (Red) [Headshot] Pedro (Blue)
Fri Jun 23 20:57:36 2023 nadiee (Blue) [Headshot] VMP (Red)
Fri Jun 23 20:57:40 2023  Mahalo for playing aloha.pk tower of babel
Fri Jun 23 20:57:45 2023 Harry (Red) [Headshot] EAZR - B4L (Blue)
Fri Jun 23 20:57:49 2023 azahel83 (Blue) [Headshot] Harry (Red)
Fri Jun 23 20:57:52 2023 [Global] EAZR - B4L (Blue): harry i dry fuck your mom in the arse
Fri Jun 23 20:57:54 2023 Pedro (Blue) [Headshot] VMP (Red)
Fri Jun 23 20:57:55 2023 Player EAZR - B4L has left
Fri Jun 23 20:58:04 2023 Pedro (Blue) [Headshot] Harry (Red)
Fri Jun 23 20:58:10 2023  Build a tower to get the enemy's intel. Take it to your team's tent to win!
Fri Jun 23 20:58:28 2023 Pedro (Blue) [Headshot] VMP (Red)
Fri Jun 23 20:58:35 2023 [Team] VMP (Red): my mans are camping
Fri Jun 23 20:58:39 2023 You must be closer to the enemy's base to shoot blocks!
Fri Jun 23 20:58:40 2023  Type /HELP for info & commands
Fri Jun 23 20:58:42 2023 Harry (Red) [Headshot] nadiee (Blue)
Fri Jun 23 20:58:51 2023 i c q joined Red team
Fri Jun 23 20:59:01 2023 azahel83 (Blue) [Headshot] VMP (Red)
Fri Jun 23 20:59:02 2023 Harry (Red) [Headshot] azahel83 (Blue)
Fri Jun 23 20:59:10 2023  Visit our community forums at https://aloha.pk/
Fri Jun 23 20:59:17 2023 Pedro (Blue) [Headshot] VMP (Red)
Fri Jun 23 20:59:17 2023 Pedro (Blue) [Headshot] i c q (Red)
Fri Jun 23 20:59:26 2023 [Global] VMP (Red): my mans are camping
Fri Jun 23 20:59:40 2023  Come chat with us at https://discord.aloha.pk/
Fri Jun 23 20:59:50 2023 Harry (Red) [Headshot] Pedro (Blue)
Fri Jun 23 21:00:07 2023 azahel83 (Blue) [SMG] VMP (Red)
Fri Jun 23 21:00:10 2023  If you believe a player is breaking the rules, please let us know with /ADMIN
Fri Jun 23 21:00:19 2023 Harry (Red) [Headshot] Pedro (Blue)
Fri Jun 23 21:00:39 2023 azahel83 (Blue) [SMG] VMP (Red)
Fri Jun 23 21:00:39 2023 Harry (Red) [Rifle] nadiee (Blue)
Fri Jun 23 21:00:40 2023  Mahalo for playing aloha.pk tower of babel
Fri Jun 23 21:01:02 2023 azahel83 (Blue) [Headshot] VMP (Red)
Fri Jun 23 21:01:03 2023 Pedro (Blue) [Headshot] Harry (Red)
Fri Jun 23 21:01:10 2023  Build a tower to get the enemy's intel. Take it to your team's tent to win!
Fri Jun 23 21:01:11 2023 [Global] VMP (Red): stop camping
Fri Jun 23 21:01:11 2023 Player azahel83 has left
Fri Jun 23 21:01:15 2023 Player VMP has left
Fri Jun 23 21:01:25 2023 Harry (Red) [Headshot] Pedro (Blue)
Fri Jun 23 21:01:40 2023  Type /HELP for info & commands
Fri Jun 23 21:02:08 2023 i c q (Red) [Fall]
Fri Jun 23 21:02:10 2023  Visit our community forums at https://aloha.pk/
Fri Jun 23 21:02:32 2023 Pedro (Blue) [Headshot] Harry (Red)
Fri Jun 23 21:02:40 2023  Come chat with us at https://discord.aloha.pk/
Fri Jun 23 21:03:10 2023  If you believe a player is breaking the rules, please let us know with /ADMIN
Fri Jun 23 21:03:15 2023 4Johns4thRepub joined Blue team
Fri Jun 23 21:03:22 2023 i c q (Red) [Melee] Pedro (Blue)
Fri Jun 23 21:03:32 2023 4Johns4thRepub (Blue) [SMG] i c q (Red)
Fri Jun 23 21:03:40 2023  Mahalo for playing aloha.pk tower of babel
Fri Jun 23 21:03:57 2023 4Johns4thRepub (Blue) [SMG] i c q (Red)
Fri Jun 23 21:03:59 2023 starkillerpanda joined Red team
Fri Jun 23 21:04:04 2023 4Johns4thRepub (Blue) [Headshot] i c q (Red)
Fri Jun 23 21:04:10 2023  Build a tower to get the enemy's intel. Take it to your team's tent to win!
Fri Jun 23 21:04:13 2023 starkillerpanda (Red) [Headshot] Pedro (Blue)
Fri Jun 23 21:04:15 2023 4Johns4thRepub (Blue) [Headshot] starkillerpanda (Red)
Fri Jun 23 21:04:18 2023 4Johns4thRepub (Blue) [SMG] i c q (Red)
Fri Jun 23 21:04:29 2023 4Johns4thRepub (Blue) [Headshot] starkillerpanda (Red)
Fri Jun 23 21:04:34 2023 4Johns4thRepub (Blue) [Headshot] i c q (Red)
Fri Jun 23 21:04:40 2023  Type /HELP for info & commands
Fri Jun 23 21:04:40 2023 4Johns4thRepub (Blue) [Headshot] i c q (Red)
Fri Jun 23 21:04:58 2023 MetalPizzaBox joined Red team
Fri Jun 23 21:05:00 2023 4Johns4thRepub (Blue) [Headshot] MetalPizzaBox (Red)
Fri Jun 23 21:05:04 2023 starkillerpanda (Red) [SMG] 4Johns4thRepub (Blue)
Fri Jun 23 21:05:10 2023  Visit our community forums at https://aloha.pk/
Fri Jun 23 21:05:21 2023 starkillerpanda (Red) [Headshot] Pedro (Blue)
Fri Jun 23 21:05:23 2023 4Johns4thRepub (Blue) [SMG] starkillerpanda (Red)
Fri Jun 23 21:05:34 2023 4Johns4thRepub (Blue) [Headshot] MetalPizzaBox (Red)
Fri Jun 23 21:05:39 2023 azahel83 joined Red team
Fri Jun 23 21:05:40 2023  Come chat with us at https://discord.aloha.pk/
Fri Jun 23 21:05:47 2023 Pedro (Blue) [Headshot] starkillerpanda (Red)
Fri Jun 23 21:05:51 2023 starkillerpanda (Red) [Weapon Change]
Fri Jun 23 21:05:59 2023 You must be closer to the enemy's base to shoot blocks!
Fri Jun 23 21:06:10 2023  If you believe a player is breaking the rules, please let us know with /ADMIN
Fri Jun 23 21:06:13 2023 Harry (Red) [Headshot] 4Johns4thRepub (Blue)
Fri Jun 23 21:06:25 2023 You must be closer to the enemy's base to shoot blocks!
Fri Jun 23 21:06:33 2023 Pedro (Blue) [Headshot] starkillerpanda (Red)
Fri Jun 23 21:06:33 2023 Pedro (Blue) [Headshot] MetalPizzaBox (Red)
Fri Jun 23 21:06:40 2023  Mahalo for playing aloha.pk tower of babel
Fri Jun 23 21:06:46 2023 Harry (Red) [Headshot] Pedro (Blue)
Fri Jun 23 21:07:03 2023 4Johns4thRepub (Blue) [SMG] starkillerpanda (Red)
Fri Jun 23 21:07:03 2023 4Johns4thRepub (Blue) [Headshot] MetalPizzaBox (Red)
Fri Jun 23 21:07:08 2023 azahel83 (Red) [SMG] 4Johns4thRepub (Blue)
Fri Jun 23 21:07:10 2023  Build a tower to get the enemy's intel. Take it to your team's tent to win!
Fri Jun 23 21:07:38 2023 Harry (Red) [Headshot] 4Johns4thRepub (Blue)
Fri Jun 23 21:07:39 2023 Pedro (Blue) [SMG] Harry (Red)
Fri Jun 23 21:07:40 2023  Type /HELP for info & commands
Fri Jun 23 21:07:58 2023 Player azahel83 has left
Fri Jun 23 21:08:00 2023 starkillerpanda (Red) [SMG] Pedro (Blue)
Fri Jun 23 21:08:06 2023 Harry (Red) [Headshot] 4Johns4thRepub (Blue)
Fri Jun 23 21:08:08 2023 Pedro (Blue) [Headshot] starkillerpanda (Red)
Fri Jun 23 21:08:10 2023  Visit our community forums at https://aloha.pk/
Fri Jun 23 21:08:11 2023 MetalPizzaBox (Red) [Headshot] nadiee (Blue)
Fri Jun 23 21:08:13 2023 Kevin joined Spectator team
Fri Jun 23 21:08:17 2023 Player Kevin has left
Fri Jun 23 21:08:27 2023 4Johns4thRepub (Blue) [Headshot] MetalPizzaBox (Red)
Fri Jun 23 21:08:31 2023 Harry (Red) [Headshot] Pedro (Blue)
Fri Jun 23 21:08:38 2023 4Johns4thRepub (Blue) [SMG] starkillerpanda (Red)
Fri Jun 23 21:08:40 2023  Come chat with us at https://discord.aloha.pk/
Fri Jun 23 21:08:46 2023 4Johns4thRepub (Blue) [Headshot] Harry (Red)
Fri Jun 23 21:08:49 2023 zekebird joined Red team
Fri Jun 23 21:08:59 2023 Harry (Red) [Headshot] Pedro (Blue)
Fri Jun 23 21:09:10 2023  If you believe a player is breaking the rules, please let us know with /ADMIN
Fri Jun 23 21:09:12 2023 4Johns4thRepub (Blue) [Headshot] starkillerpanda (Red)
Fri Jun 23 21:09:13 2023 MetalPizzaBox (Red) [Headshot] Pedro (Blue)
Fri Jun 23 21:09:13 2023 Harry (Red) [Headshot] 4Johns4thRepub (Blue)
Fri Jun 23 21:09:15 2023 Player zekebird has left
Fri Jun 23 21:09:22 2023 Player MetalPizzaBox has left
Fri Jun 23 21:09:23 2023 Player starkillerpanda has left
Fri Jun 23 21:09:33 2023 Harry (Red) [Headshot] 4Johns4thRepub (Blue)
Fri Jun 23 21:09:40 2023  Mahalo for playing aloha.pk tower of babel
Fri Jun 23 21:10:04 2023 Harry (Red) [Headshot] Pedro (Blue)
Fri Jun 23 21:10:10 2023  Build a tower to get the enemy's intel. Take it to your team's tent to win!
Fri Jun 23 21:10:15 2023 Harry (Red) [Headshot] nadiee (Blue)
Fri Jun 23 21:10:15 2023 4Johns4thRepub (Blue) [Headshot] Harry (Red)
Fri Jun 23 21:10:20 2023 carlos joined Red team
Fri Jun 23 21:10:39 2023 Player carlos has left
Fri Jun 23 21:10:40 2023  Type /HELP for info & commands
Fri Jun 23 21:11:03 2023 Harry (Red) [Headshot] 4Johns4thRepub (Blue)
Fri Jun 23 21:11:08 2023 Harry (Red) [Headshot] Pedro (Blue)
Fri Jun 23 21:11:10 2023  Visit our community forums at https://aloha.pk/
Fri Jun 23 21:11:28 2023 Pedro (Blue) [Headshot] Harry (Red)
Fri Jun 23 21:11:40 2023  Come chat with us at https://discord.aloha.pk/
Fri Jun 23 21:11:54 2023 Harry (Red) [Headshot] 4Johns4thRepub (Blue)
Fri Jun 23 21:12:08 2023 Pedro (Blue) [Headshot] Harry (Red)
Fri Jun 23 21:12:10 2023  If you believe a player is breaking the rules, please let us know with /ADMIN
Fri Jun 23 21:12:15 2023 Player 4Johns4thRepub has left
Fri Jun 23 21:12:40 2023  Mahalo for playing aloha.pk tower of babel
Fri Jun 23 21:12:42 2023 Harry (Red) [Headshot] Pedro (Blue)
Fri Jun 23 21:12:53 2023 Harry (Red) [Headshot] nadiee (Blue)
Fri Jun 23 21:13:06 2023 You must be closer to the enemy's base to shoot blocks!
Fri Jun 23 21:13:10 2023  Build a tower to get the enemy's intel. Take it to your team's tent to win!
Fri Jun 23 21:13:28 2023 Harry (Red) [Headshot] Pedro (Blue)
Fri Jun 23 21:13:40 2023  Type /HELP for info & commands
Fri Jun 23 21:13:42 2023 Harry (Red) [Headshot] nadiee (Blue)
Fri Jun 23 21:14:03 2023 Harry (Red) [Headshot] nadiee (Blue)
Fri Jun 23 21:14:10 2023  Visit our community forums at https://aloha.pk/
Fri Jun 23 21:14:15 2023 Pedro (Blue) [Headshot] Harry (Red)
Fri Jun 23 21:14:40 2023  Come chat with us at https://discord.aloha.pk/
Fri Jun 23 21:14:53 2023  i c q was kicked: Inactive for 10 minutes
Fri Jun 23 21:14:53 2023 Player i c q has left
Fri Jun 23 21:15:10 2023  If you believe a player is breaking the rules, please let us know with /ADMIN
Fri Jun 23 21:15:31 2023 Harry (Red) [Headshot] Pedro (Blue)
Fri Jun 23 21:15:37 2023 p1edrahita joined Red team
Fri Jun 23 21:15:40 2023  Mahalo for playing aloha.pk tower of babel
Fri Jun 23 21:15:43 2023 Harry (Red) [Headshot] Pedro (Blue)
Fri Jun 23 21:15:50 2023 nadiee (Blue) [Headshot] Harry (Red)
Fri Jun 23 21:16:10 2023  Build a tower to get the enemy's intel. Take it to your team's tent to win!
Fri Jun 23 21:16:40 2023  Type /HELP for info & commands
Fri Jun 23 21:16:42 2023 Harry (Red) [Headshot] nadiee (Blue)
Fri Jun 23 21:17:00 2023 You must be closer to the enemy's base to shoot blocks!
Fri Jun 23 21:17:01 2023 You must be closer to the enemy's base to shoot blocks!
Fri Jun 23 21:17:02 2023 You must be closer to the enemy's base to shoot blocks!
Fri Jun 23 21:17:03 2023 You must be closer to the enemy's base to shoot blocks!
Fri Jun 23 21:17:05 2023 Harry (Red) [Headshot] Pedro (Blue)
Fri Jun 23 21:17:10 2023  Visit our community forums at https://aloha.pk/
Fri Jun 23 21:17:21 2023 Harry (Red) [Headshot] Pedro (Blue)
Fri Jun 23 21:17:29 2023 Harry (Red) [Headshot] nadiee (Blue)
Fri Jun 23 21:17:31 2023 Pedro (Blue) [Rifle] Harry (Red)
Fri Jun 23 21:17:40 2023  Come chat with us at https://discord.aloha.pk/
Fri Jun 23 21:18:10 2023  If you believe a player is breaking the rules, please let us know with /ADMIN
Fri Jun 23 21:18:17 2023 Harry (Red) [Rifle] Pedro (Blue)
Fri Jun 23 21:18:23 2023 Harry (Red) [Headshot] nadiee (Blue)
Fri Jun 23 21:18:28 2023 You can't build near the enemy's tower!
Fri Jun 23 21:18:29 2023 You can't build near the enemy's tower!
Fri Jun 23 21:18:30 2023 You can't build near the enemy's tower!
Fri Jun 23 21:18:31 2023 nadiee (Blue) [Headshot] Harry (Red)
Fri Jun 23 21:18:33 2023 titicaca joined Red team
Fri Jun 23 21:18:40 2023  Mahalo for playing aloha.pk tower of babel
Fri Jun 23 21:18:42 2023 Zerok joined Blue team
Fri Jun 23 21:18:48 2023 [Global] Zerok (Blue): titicaca good
Fri Jun 23 21:18:53 2023 [Global] titicaca (Red): xD
Fri Jun 23 21:18:54 2023 Harry (Red) [Headshot] Pedro (Blue)
Fri Jun 23 21:18:57 2023 [Global] Zerok (Blue): JAJAJAJA
Fri Jun 23 21:19:04 2023 Harry (Red) [Headshot] Zerok (Blue)
Fri Jun 23 21:19:10 2023  Build a tower to get the enemy's intel. Take it to your team's tent to win!
Fri Jun 23 21:19:10 2023  Latte joined Red team
Fri Jun 23 21:19:15 2023 Harry (Red) [Headshot] Pedro (Blue)
Fri Jun 23 21:19:21 2023 You must be closer to the enemy's base to shoot blocks!
Fri Jun 23 21:19:27 2023 Zerok (Blue) [Headshot] Harry (Red)
Fri Jun 23 21:19:30 2023 Zerok (Blue) [Headshot]  Latte (Red)
Fri Jun 23 21:19:33 2023 carlos joined Blue team
Fri Jun 23 21:19:34 2023 azahel83 joined Red team
Fri Jun 23 21:19:40 2023  Type /HELP for info & commands
Fri Jun 23 21:19:42 2023 titicaca (Red) [Headshot] nadiee (Blue)
Fri Jun 23 21:19:43 2023 Player carlos has left
Fri Jun 23 21:19:44 2023 azahel83 (Red) [Headshot] Zerok (Blue)
Fri Jun 23 21:19:59 2023 azahel83 (Red) [SMG] Pedro (Blue)
Fri Jun 23 21:20:01 2023 titicaca (Red) [Headshot] Zerok (Blue)
Fri Jun 23 21:20:04 2023 [Global] azahel83 (Red): die pedro
Fri Jun 23 21:20:06 2023 titicaca (Red) [Headshot] Zerok (Blue)
Fri Jun 23 21:20:08 2023 [Global] Zerok (Blue): XD
Fri Jun 23 21:20:10 2023  Visit our community forums at https://aloha.pk/
Fri Jun 23 21:20:10 2023 titicaca (Red) [Headshot] Pedro (Blue)
Fri Jun 23 21:20:12 2023 titicaca (Red) [Headshot] nadiee (Blue)
Fri Jun 23 21:20:16 2023 titicaca (Red) [Headshot] nadiee (Blue)
Fri Jun 23 21:20:17 2023 Zerok (Blue) [Rifle] titicaca (Red)
Fri Jun 23 21:20:18 2023 [Global] titicaca (Red): xD
Fri Jun 23 21:20:23 2023 Player titicaca has left
Fri Jun 23 21:20:40 2023  Come chat with us at https://discord.aloha.pk/
Fri Jun 23 21:20:49 2023 Zerok (Blue) [Headshot] Harry (Red)
Fri Jun 23 21:20:54 2023 Zerok (Blue) [Headshot]  Latte (Red)
Fri Jun 23 21:21:10 2023 Zerok (Blue) [Rifle] p1edrahita (Red)
Fri Jun 23 21:21:10 2023  If you believe a player is breaking the rules, please let us know with /ADMIN
Fri Jun 23 21:21:12 2023 Zerok (Blue) [Headshot] Harry (Red)
Fri Jun 23 21:21:20 2023 Zerok (Blue) [Headshot]  Latte (Red)
Fri Jun 23 21:21:27 2023 Player  Latte has left
Fri Jun 23 21:21:31 2023 Harry (Red) [Rifle] nadiee (Blue)
Fri Jun 23 21:21:40 2023  Mahalo for playing aloha.pk tower of babel
Fri Jun 23 21:21:40 2023 nadiee (Blue) [Weapon Change]
Fri Jun 23 21:21:51 2023 Pedro (Blue) [SMG] Harry (Red)
Fri Jun 23 21:21:58 2023 Zerok (Blue) [Headshot] p1edrahita (Red)
Fri Jun 23 21:22:04 2023 azahel83 (Red) [Headshot] Pedro (Blue)
Fri Jun 23 21:22:10 2023  Build a tower to get the enemy's intel. Take it to your team's tent to win!
Fri Jun 23 21:22:24 2023 Zerok (Blue) [Headshot] azahel83 (Red)
Fri Jun 23 21:22:29 2023 You must be closer to the enemy's base to shoot blocks!
Fri Jun 23 21:22:30 2023 Harry (Red) [Rifle] Zerok (Blue)
Fri Jun 23 21:22:35 2023 Player Zerok has left
Fri Jun 23 21:22:36 2023 Harry (Red) [Headshot] nadiee (Blue)
Fri Jun 23 21:22:39 2023 DooMGuy joined Blue team
Fri Jun 23 21:22:40 2023  Type /HELP for info & commands
Fri Jun 23 21:22:43 2023 Pedro (Blue) [Rifle] Harry (Red)
Fri Jun 23 21:22:47 2023 Pedro (Blue) [Headshot] p1edrahita (Red)
Fri Jun 23 21:22:53 2023 Jim joined Red team
Fri Jun 23 21:23:00 2023 Harry (Red) [Headshot] nadiee (Blue)
Fri Jun 23 21:23:02 2023 DooMGuy (Blue) [Headshot] Harry (Red)
Fri Jun 23 21:23:09 2023 Pedro (Blue) [Rifle] p1edrahita (Red)
Fri Jun 23 21:23:10 2023  Visit our community forums at https://aloha.pk/
Fri Jun 23 21:23:17 2023 DooMGuy (Blue) [SMG] azahel83 (Red)
Fri Jun 23 21:23:20 2023 Player azahel83 has left
Fri Jun 23 21:23:32 2023 You must be closer to the enemy's base to shoot blocks!
Fri Jun 23 21:23:34 2023 p1edrahita (Red) [SMG] DooMGuy (Blue)
Fri Jun 23 21:23:39 2023 Pedro (Blue) [Headshot] p1edrahita (Red)
Fri Jun 23 21:23:40 2023  Come chat with us at https://discord.aloha.pk/
Fri Jun 23 21:23:43 2023 Harry (Red) [Headshot] Pedro (Blue)
Fri Jun 23 21:23:55 2023 Harry (Red) [Headshot] nadiee (Blue)
Fri Jun 23 21:23:57 2023 Harry (Red) [Headshot] DooMGuy (Blue)
Fri Jun 23 21:24:10 2023  If you believe a player is breaking the rules, please let us know with /ADMIN
Fri Jun 23 21:24:26 2023 p1edrahita (Red) [Headshot] nadiee (Blue)
Fri Jun 23 21:24:31 2023 DooMGuy (Blue) [Headshot] p1edrahita (Red)
Fri Jun 23 21:24:31 2023 You must be closer to the enemy's base to shoot blocks!
Fri Jun 23 21:24:32 2023 Harry (Red) [Headshot] DooMGuy (Blue)
Fri Jun 23 21:24:40 2023  Mahalo for playing aloha.pk tower of babel
Fri Jun 23 21:24:45 2023 Jim (Red) [Headshot] Pedro (Blue)
Fri Jun 23 21:25:00 2023 Player Pedro has left
Fri Jun 23 21:25:06 2023 Harry (Red) [Headshot] DooMGuy (Blue)
Fri Jun 23 21:25:07 2023 Harry (Red) [Headshot] nadiee (Blue)
Fri Jun 23 21:25:10 2023  Build a tower to get the enemy's intel. Take it to your team's tent to win!
Fri Jun 23 21:25:40 2023 Harry (Red) [Headshot] nadiee (Blue)
Fri Jun 23 21:25:40 2023  Type /HELP for info & commands
Fri Jun 23 21:26:01 2023 nadiee (Blue) [Headshot] p1edrahita (Red)
Fri Jun 23 21:26:04 2023 nadiee (Blue) [Headshot] Harry (Red)
Fri Jun 23 21:26:04 2023 [Global] Harry (Red): dont destroy the mans bridge
Fri Jun 23 21:26:10 2023  Visit our community forums at https://aloha.pk/
Fri Jun 23 21:26:14 2023 Player nadiee has left
Fri Jun 23 21:26:15 2023 DooMGuy (Blue) [Shotgun] Harry (Red)
Fri Jun 23 21:26:28 2023 DooMGuy (Blue) [Shotgun] Harry (Red)
Fri Jun 23 21:26:40 2023  Come chat with us at https://discord.aloha.pk/
Fri Jun 23 21:26:40 2023 Harry (Red) [Rifle] DooMGuy (Blue)
Fri Jun 23 21:26:54 2023 DooMGuy (Blue) [Weapon Change]
Fri Jun 23 21:27:10 2023  If you believe a player is breaking the rules, please let us know with /ADMIN
Fri Jun 23 21:27:12 2023 DooMGuy (Blue) [Headshot] Jim (Red)
Fri Jun 23 21:27:17 2023 p1edrahita (Red) [Headshot] DooMGuy (Blue)
Fri Jun 23 21:27:19 2023 Harry (Red) [Team Change]
Fri Jun 23 21:27:28 2023 Harry (Blue) [Headshot] p1edrahita (Red)
Fri Jun 23 21:27:40 2023  Mahalo for playing aloha.pk tower of babel
Fri Jun 23 21:27:54 2023 Jim (Red) [Headshot] Harry (Blue)
Fri Jun 23 21:28:01 2023 Jim (Red) [Headshot] DooMGuy (Blue)
Fri Jun 23 21:28:10 2023  Build a tower to get the enemy's intel. Take it to your team's tent to win!
Fri Jun 23 21:28:20 2023 You must be closer to the enemy's base to shoot blocks!
Fri Jun 23 21:28:20 2023 Harry (Blue) [Headshot] p1edrahita (Red)
Fri Jun 23 21:28:40 2023  Type /HELP for info & commands
Fri Jun 23 21:28:42 2023 You must be closer to the enemy's base to shoot blocks!
Fri Jun 23 21:28:43 2023 Harry (Blue) [Headshot] Jim (Red)
Fri Jun 23 21:28:56 2023 Harry (Blue) [Headshot] p1edrahita (Red)
Fri Jun 23 21:29:03 2023 DooMGuy (Blue) [Shotgun] Jim (Red)
Fri Jun 23 21:29:06 2023 Harry (Blue) [Headshot] p1edrahita (Red)
Fri Jun 23 21:29:10 2023  Visit our community forums at https://aloha.pk/
Fri Jun 23 21:29:15 2023 Jim (Red) [SMG] Harry (Blue)
Fri Jun 23 21:29:16 2023 p1edrahita (Red) [Headshot] DooMGuy (Blue)
Fri Jun 23 21:29:36 2023 Disconnecting
