Fri Apr 28 20:17:08 2023 ------ World Loaded ------
Fri Apr 28 20:17:08 2023 Women are superior to men
Fri Apr 28 20:17:08 2023 -SKY-KILLER (Purple) [Headshot] danielito (Yellow)
Fri Apr 28 20:17:09 2023 Women are better at everything
Fri Apr 28 20:17:10 2023 NeDNoRuS () [Fall]
Fri Apr 28 20:17:10 2023 danielito (Yellow) [Fall]
Fri Apr 28 20:17:11 2023 Women are Goddesses, worship them
Fri Apr 28 20:17:19 2023 BrainFrizz (Yellow) [SMG] Lady Jade (Purple)
Fri Apr 28 20:17:19 2023 BrainFrizz (Yellow) [Headshot] -SKY-KILLER (Purple)
Fri Apr 28 20:17:33 2023 Ryley_Gaming joined Purple team
Fri Apr 28 20:17:40 2023 -SKY-KILLER (Purple) [Rifle] danielito (Yellow)
Fri Apr 28 20:17:40 2023 BrainFrizz (Yellow) [Headshot] Lady Jade (Purple)
Fri Apr 28 20:17:41 2023 -SKY-KILLER (Purple) [Headshot] BrainFrizz (Yellow)
Fri Apr 28 20:17:44 2023 nwe :) (Purple) [Headshot] Harry (Yellow)
Fri Apr 28 20:18:00 2023 -SKY-KILLER (Purple) [Grenade]
Fri Apr 28 20:18:02 2023 Samuel (Yellow) [Headshot] Lady Jade (Purple)
Fri Apr 28 20:18:11 2023 danielito (Yellow) [Fall]
Fri Apr 28 20:18:17 2023 Player danielito has left
Fri Apr 28 20:18:19 2023 BrainFrizz (Yellow) [Headshot] Lady Jade (Purple)
Fri Apr 28 20:18:20 2023 BrainFrizz (Yellow) [SMG] Ryley_Gaming (Purple)
Fri Apr 28 20:18:31 2023 Harry (Yellow) [Headshot] -SKY-KILLER (Purple)
Fri Apr 28 20:18:35 2023 [Global] -SKY-KILLER (Purple): hacks
Fri Apr 28 20:18:42 2023 Harry (Yellow) [Headshot] Lady Jade (Purple)
Fri Apr 28 20:18:50 2023 BrainFrizz (Yellow) [Grenade] Ryley_Gaming (Purple)
Fri Apr 28 20:18:57 2023 [Global] nwe :) (Purple): he left server and join again , sus
Fri Apr 28 20:19:00 2023 Harry (Yellow) [Headshot] -SKY-KILLER (Purple)
Fri Apr 28 20:19:03 2023 [Global] -SKY-KILLER (Purple): hacks
Fri Apr 28 20:19:04 2023 Ryley_Gaming (Purple) [Headshot] BrainFrizz (Yellow)
Fri Apr 28 20:19:05 2023 [Global] -SKY-KILLER (Purple): hacker
Fri Apr 28 20:19:05 2023 Harry (Yellow) [Headshot] Lady Jade (Purple)
Fri Apr 28 20:19:09 2023 BrainFrizz (Yellow) [Grenade] Ryley_Gaming (Purple)
Fri Apr 28 20:19:19 2023 [Global] Harry (Yellow): im trying some skins
Fri Apr 28 20:19:22 2023 [Global] Harry (Yellow): not hacking
Fri Apr 28 20:19:27 2023 Harry (Yellow) [Headshot] Lady Jade (Purple)
Fri Apr 28 20:19:36 2023 BrainFrizz (Yellow) [Grenade] Ryley_Gaming (Purple)
Fri Apr 28 20:19:39 2023 [Global] Harry (Yellow): im here since 2018
Fri Apr 28 20:19:44 2023 Harry (Yellow) [Headshot] nwe :) (Purple)
Fri Apr 28 20:19:54 2023 asd joined Yellow team
Fri Apr 28 20:19:54 2023 Samuel (Yellow) [Headshot] gregery (Purple)
Fri Apr 28 20:19:58 2023 Ryley_Gaming (Purple) [Rifle] Harry (Yellow)
Fri Apr 28 20:19:59 2023 Samuel (Yellow) [Headshot] Ryley_Gaming (Purple)
Fri Apr 28 20:20:00 2023 Samuel (Yellow) [Headshot] nwe :) (Purple)
Fri Apr 28 20:20:02 2023 [Global] NeDNoRuS (): purple guys not so smart as yellow
Fri Apr 28 20:20:15 2023 nwe :) (Purple) [Grenade] Samuel (Yellow)
Fri Apr 28 20:20:24 2023 [Global] Samuel (Yellow): jajajaja
Fri Apr 28 20:20:24 2023 -SKY-KILLER (Purple) [Rifle] asd (Yellow)
Fri Apr 28 20:20:31 2023 Player Samuel has left
Fri Apr 28 20:20:45 2023 Player fabio has left
Fri Apr 28 20:20:48 2023 BrainFrizz (Yellow) [Headshot] gregery (Purple)
Fri Apr 28 20:20:52 2023 Harry (Yellow) [Headshot] Lady Jade (Purple)
Fri Apr 28 20:20:52 2023 Player NeDNoRuS has left
Fri Apr 28 20:20:55 2023 gregery (Purple) [Headshot] BrainFrizz (Yellow)
Fri Apr 28 20:21:17 2023 -SKY-KILLER (Purple) [Rifle] Harry (Yellow)
Fri Apr 28 20:21:19 2023 asd1 joined Yellow team
Fri Apr 28 20:21:26 2023 -SKY-KILLER (Purple) [Headshot] BrainFrizz (Yellow)
Fri Apr 28 20:21:27 2023 Player asd has left
Fri Apr 28 20:21:53 2023 Player asd1 has left
Fri Apr 28 20:22:00 2023 nwe :) (Purple) [Fall]
Fri Apr 28 20:22:04 2023 Harry (Yellow) [Headshot] Lady Jade (Purple)
Fri Apr 28 20:22:13 2023 Harry (Yellow) [Headshot] Ryley_Gaming (Purple)
Fri Apr 28 20:22:18 2023 zDantteSs joined Yellow team
Fri Apr 28 20:22:56 2023 Player zDantteSs has left
Fri Apr 28 20:23:09 2023 -SKY-KILLER (Purple) [Headshot] BrainFrizz (Yellow)
Fri Apr 28 20:23:19 2023 -SKY-KILLER (Purple) [Headshot] BrainFrizz (Yellow)
Fri Apr 28 20:23:26 2023 Harry (Yellow) [Headshot] gregery (Purple)
Fri Apr 28 20:23:29 2023 Briggite killed you with a mine!
Fri Apr 28 20:23:29 2023 nwe :) (Purple) [Grenade] Harry (Yellow)
Fri Apr 28 20:23:32 2023 Lady Jade (Purple) [Headshot] BrainFrizz (Yellow)
Fri Apr 28 20:23:42 2023 Ryley_Gaming (Purple) [Headshot] BrainFrizz (Yellow)
Fri Apr 28 20:23:42 2023 -SKY-KILLER (Purple) [Headshot] Harry (Yellow)
Fri Apr 28 20:23:57 2023 Ryley_Gaming (Purple) [Headshot] Harry (Yellow)
Fri Apr 28 20:23:58 2023 -SKY-KILLER (Purple) [Rifle] BrainFrizz (Yellow)
Fri Apr 28 20:24:05 2023 -SKY-KILLER (Purple) [Fall]
Fri Apr 28 20:24:07 2023 Harry (Yellow) [Headshot] Lady Jade (Purple)
Fri Apr 28 20:24:07 2023 Ryley_Gaming (Purple) [Headshot] BrainFrizz (Yellow)
Fri Apr 28 20:24:12 2023 Harry (Yellow) [Headshot] Ryley_Gaming (Purple)
Fri Apr 28 20:24:13 2023 zDantteSs joined Yellow team
Fri Apr 28 20:24:17 2023 Player Ryley_Gaming has left
Fri Apr 28 20:24:21 2023 -SKY-KILLER (Purple) [Team Change]
Fri Apr 28 20:24:29 2023 -SKY-KILLER joined Yellow team
Fri Apr 28 20:24:31 2023 Ryley_Gaming joined Purple team
Fri Apr 28 20:24:43 2023 Ryley_Gaming (Purple) [SMG] zDantteSs (Yellow)
Fri Apr 28 20:24:49 2023 Harry (Yellow) [Headshot] Ryley_Gaming (Purple)
Fri Apr 28 20:24:56 2023 Harry (Yellow) [Headshot] Lady Jade (Purple)
Fri Apr 28 20:25:05 2023 Harry (Yellow) [Headshot] Lady Jade (Purple)
Fri Apr 28 20:25:08 2023 Harry (Yellow) [Rifle] Ryley_Gaming (Purple)
Fri Apr 28 20:25:10 2023 nwe :) (Purple) [Grenade] -SKY-KILLER (Yellow)
Fri Apr 28 20:25:11 2023 Harry (Yellow) [Headshot] gregery (Purple)
Fri Apr 28 20:25:18 2023 Harry picked up Purple's Intel.
Fri Apr 28 20:25:22 2023 Harry dropped Purple's Intel
Fri Apr 28 20:25:22 2023 gregery (Purple) [Rifle] Harry (Yellow)
Fri Apr 28 20:25:24 2023 Player zDantteSs has left
Fri Apr 28 20:25:43 2023 Ryley_Gaming (Purple) [SMG] -SKY-KILLER (Yellow)
Fri Apr 28 20:25:54 2023 Harry (Yellow) [Headshot] Ryley_Gaming (Purple)
Fri Apr 28 20:25:58 2023 Harry (Yellow) [Rifle] Lady Jade (Purple)
Fri Apr 28 20:26:12 2023 Harry (Yellow) [Headshot] Lady Jade (Purple)
Fri Apr 28 20:27:04 2023 -SKY-KILLER (Yellow) [Headshot] gregery (Purple)
Fri Apr 28 20:27:07 2023 gregery (Purple) [Headshot] -SKY-KILLER (Yellow)
Fri Apr 28 20:27:10 2023 [Global] -SKY-KILLER (Yellow): wtf
Fri Apr 28 20:27:13 2023 [Global] -SKY-KILLER (Yellow): lo mate
Fri Apr 28 20:27:35 2023 Harry picked up Purple's Intel.
Fri Apr 28 20:27:40 2023 nwe :) picked up Yellow's Intel.
Fri Apr 28 20:27:41 2023 Harry dropped Purple's Intel
Fri Apr 28 20:27:41 2023 gregery (Purple) [Rifle] Harry (Yellow)
Fri Apr 28 20:27:43 2023 Player -SKY-KILLER has left
Fri Apr 28 20:27:55 2023 Pedro joined Yellow team
Fri Apr 28 20:28:05 2023 Ryley_Gaming (Purple) [Headshot] Pedro (Yellow)
Fri Apr 28 20:28:19 2023 Pedro (Yellow) [SMG] Ryley_Gaming (Purple)
Fri Apr 28 20:28:20 2023 Lady Jade (Purple) [Grenade] BrainFrizz (Yellow)
Fri Apr 28 20:28:23 2023 Player Ryley_Gaming has left
Fri Apr 28 20:28:25 2023 Lady Jade (Purple) [SMG] Pedro (Yellow)
Fri Apr 28 20:28:31 2023 Pedro (Yellow) [Headshot] Lady Jade (Purple)
Fri Apr 28 20:28:35 2023 Ryley_Gaming joined Purple team
Fri Apr 28 20:28:47 2023 Harry (Yellow) [Headshot] Ryley_Gaming (Purple)
Fri Apr 28 20:28:52 2023 Harry (Yellow) [Headshot] Lady Jade (Purple)
Fri Apr 28 20:28:54 2023 Harry (Yellow) [Headshot] Ryley_Gaming (Purple)
Fri Apr 28 20:28:56 2023 Harry (Yellow) [Headshot] gregery (Purple)
Fri Apr 28 20:28:58 2023 Lady Jade (Purple) [SMG] Harry (Yellow)
Fri Apr 28 20:29:19 2023 Harry (Yellow) [Headshot] Lady Jade (Purple)
Fri Apr 28 20:29:33 2023 Pedro (Yellow) [Grenade] Ryley_Gaming (Purple)
Fri Apr 28 20:29:40 2023 Harry (Yellow) [Headshot] Lady Jade (Purple)
Fri Apr 28 20:30:00 2023 Harry (Yellow) [Headshot] Lady Jade (Purple)
Fri Apr 28 20:30:05 2023 Harry (Yellow) [Headshot] Ryley_Gaming (Purple)
Fri Apr 28 20:30:21 2023 Pedro (Yellow) [SMG] gregery (Purple)
Fri Apr 28 20:30:27 2023 Player Lady Jade has left
Fri Apr 28 20:30:33 2023 Pedro (Yellow) [Headshot] gregery (Purple)
Fri Apr 28 20:30:42 2023 Player Ryley_Gaming has left
Fri Apr 28 20:30:43 2023 Harry (Yellow) [Headshot] gregery (Purple)
Fri Apr 28 20:30:55 2023 nwe :) captured Yellow's Intel.
Fri Apr 28 20:31:01 2023 gregery (Purple) [Rifle] Harry (Yellow)
Fri Apr 28 20:31:02 2023 nwe :) (Purple) [SMG] BrainFrizz (Yellow)
Fri Apr 28 20:31:06 2023 gregery (Purple) [Headshot] Pedro (Yellow)
Fri Apr 28 20:31:42 2023 hora_de_morir__ joined Purple team
Fri Apr 28 20:31:43 2023 gregery (Purple) [Headshot] BrainFrizz (Yellow)
Fri Apr 28 20:31:44 2023 Harry (Yellow) [Headshot] gregery (Purple)
Fri Apr 28 20:31:59 2023 nwe :) (Purple) [Grenade] Pedro (Yellow)
Fri Apr 28 20:32:04 2023 Harry (Yellow) [Headshot] gregery (Purple)
Fri Apr 28 20:32:07 2023 Harry (Yellow) [Headshot] nwe :) (Purple)
Fri Apr 28 20:32:09 2023 Player Pedro has left
Fri Apr 28 20:32:09 2023 gregery (Purple) [Rifle] Harry (Yellow)
Fri Apr 28 20:32:32 2023 Harry (Yellow) [Headshot] hora_de_morir__ (Purple)
Fri Apr 28 20:32:38 2023 Player hora_de_morir__ has left
Fri Apr 28 20:32:45 2023 Harry (Yellow) [Headshot] nwe :) (Purple)
Fri Apr 28 20:32:59 2023 nwe :) (Purple) [Headshot] Harry (Yellow)
Fri Apr 28 20:33:21 2023 Harry (Yellow) [Headshot] nwe :) (Purple)
Fri Apr 28 20:33:39 2023 nwe :) (Purple) [Headshot] Harry (Yellow)
Fri Apr 28 20:34:55 2023 nwe :) killed you with a mine!
Fri Apr 28 20:34:55 2023 nwe :) (Purple) [Grenade] Harry (Yellow)
Fri Apr 28 20:35:22 2023 nwe :) picked up Yellow's Intel.
Fri Apr 28 20:35:36 2023 gregery (Purple) [Headshot] Harry (Yellow)
Fri Apr 28 20:36:21 2023 mag joined Purple team
Fri Apr 28 20:36:44 2023 nwe :) captured Yellow's Intel.
Fri Apr 28 20:36:48 2023 William joined Yellow team
Fri Apr 28 20:37:07 2023  Women are perfection
Fri Apr 28 20:37:15 2023 [Global] nwe :) (Purple): bye
Fri Apr 28 20:37:19 2023 Player nwe :) has left
Fri Apr 28 20:37:28 2023 Disconnecting
