Tue Jul 25 15:05:52 2023 ------ World Loaded ------
Tue Jul 25 15:05:52 2023 Stand up and be counted
Tue Jul 25 15:05:54 2023 Show the world that you're a man
Tue Jul 25 15:05:55 2023 You have 1 medkit!
Tue Jul 25 15:05:56 2023 Stand up and be counted
Tue Jul 25 15:05:58 2023 Go with the Klu Klux Klan
Tue Jul 25 15:06:17 2023 Player Pothole has left
Tue Jul 25 15:07:47 2023 titicaca (Yellow) [Grenade] Osmosis (Purple)
Tue Jul 25 15:08:35 2023 Mines are already full! 3 mines available.
Tue Jul 25 15:09:40 2023 [Global] titicaca (Yellow): wtf is this dude effortlessly making a circle in our base?
Tue Jul 25 15:09:42 2023 ZETA joined Purple team
Tue Jul 25 15:09:48 2023 Player ZETA has left
Tue Jul 25 15:09:58 2023 [Global] Harry (Yellow): not effortlessly
Tue Jul 25 15:10:20 2023 Osmosis (Purple) [Headshot] Harry (Yellow)
Tue Jul 25 15:10:24 2023 You have 1 medkit!
Tue Jul 25 15:10:25 2023 Deuce1 (Yellow) [Headshot] Grenade (Purple)
Tue Jul 25 15:10:26 2023 Osmosis (Purple) [Grenade] Deuce1 (Yellow)
Tue Jul 25 15:11:28 2023 Deuce1 (Yellow) removed your mine!
Tue Jul 25 15:11:43 2023 Grenade (Purple) [Melee] Deuce1 (Yellow)
Tue Jul 25 15:12:29 2023 Mines are already full! 3 mines available.
Tue Jul 25 15:14:38 2023 Osmosis (Purple) [Headshot] Harry (Yellow)
Tue Jul 25 15:14:48 2023 You have 1 medkit!
Tue Jul 25 15:14:55 2023 Deuce1 picked up Purple's Intel.
Tue Jul 25 15:14:59 2023 Mines are already full! 3 mines available.
Tue Jul 25 15:15:45 2023 Player titicaca has left
Tue Jul 25 15:15:51 2023 Deuce1 captured Purple's Intel.
Tue Jul 25 15:15:53 2023 Osmosis (Purple) [Headshot] Deuce1 (Yellow)
Tue Jul 25 15:16:14 2023 Osmosis (Purple) [Grenade] Deuce1 (Yellow)
Tue Jul 25 15:16:22 2023 Osmosis (Purple) [Headshot] Harry (Yellow)
Tue Jul 25 15:16:24 2023 You have 1 medkit!
Tue Jul 25 15:18:29 2023 Mines are already full! 3 mines available.
Tue Jul 25 15:19:14 2023 Grenade (Purple) [Grenade]
Tue Jul 25 15:19:20 2023 [Global] Deuce1 (Yellow): the jews are to blame
Tue Jul 25 15:19:37 2023 Deuce1 (Yellow) [Headshot] Grenade (Purple)
Tue Jul 25 15:20:03 2023 Deuce1 (Yellow) [Headshot] Grenade (Purple)
Tue Jul 25 15:20:14 2023 Mines are already full! 3 mines available.
Tue Jul 25 15:20:15 2023 Deuce1 (Yellow) [Headshot] Grenade (Purple)
Tue Jul 25 15:20:18 2023 Deuce1 picked up Purple's Intel.
Tue Jul 25 15:20:25 2023 Deuce1 dropped Purple's Intel
Tue Jul 25 15:20:25 2023 Grenade (Purple) [Headshot] Deuce1 (Yellow)
Tue Jul 25 15:20:31 2023 [Global] Deuce1 (Yellow): the jews did this
Tue Jul 25 15:20:32 2023 Deuce1 (Yellow) [Grenade] Grenade (Purple)
Tue Jul 25 15:20:48 2023 [Global] Grenade (Purple): edgy
Tue Jul 25 15:20:55 2023 Osmosis (Purple) [Headshot] Harry (Yellow)
Tue Jul 25 15:21:00 2023 You have 1 medkit!
Tue Jul 25 15:21:30 2023 [Global] Osmosis (Purple): XDDDDDDD
Tue Jul 25 15:22:39 2023 Mines are already full! 3 mines available.
Tue Jul 25 15:23:43 2023 Osmosis (Purple) [Shotgun] Harry (Yellow)
Tue Jul 25 15:23:48 2023 You have 1 medkit!
Tue Jul 25 15:24:42 2023 Osmosis killed you with a mine!
Tue Jul 25 15:24:42 2023 Osmosis (Purple) [Grenade] Harry (Yellow)
Tue Jul 25 15:24:48 2023 You have 1 medkit!
Tue Jul 25 15:25:44 2023 Osmosis (Purple) [Headshot] Harry (Yellow)
Tue Jul 25 15:25:48 2023 You have 1 medkit!
Tue Jul 25 15:26:06 2023 Grenade (Purple) [Grenade]
Tue Jul 25 15:26:39 2023 Grenade (Purple) [Grenade]
Tue Jul 25 15:27:08 2023 Osmosis (Purple) [Shotgun] Harry (Yellow)
Tue Jul 25 15:27:12 2023 You have 1 medkit!
Tue Jul 25 15:27:44 2023 Harry (Yellow) [Grenade] Osmosis (Purple)
Tue Jul 25 15:28:11 2023 Harry (Yellow) [Headshot] Grenade (Purple)
Tue Jul 25 15:28:15 2023 [Global] Grenade (Purple): ouch
Tue Jul 25 15:28:48 2023 Player Grenade has left
Tue Jul 25 15:28:57 2023 [Global] Osmosis (Purple): V
Tue Jul 25 15:29:33 2023 [WARNING] Enemy air support heading to G4!
Tue Jul 25 15:29:37 2023 Osmosis (Purple) [Grenade] Harry (Yellow)
Tue Jul 25 15:29:48 2023 You have 1 medkit!
Tue Jul 25 15:29:48 2023 [Global] Harry (Yellow): :I
Tue Jul 25 15:29:52 2023 [Global] Harry (Yellow): Admin?
Tue Jul 25 15:30:04 2023 [Global] Osmosis (Purple): What?
Tue Jul 25 15:30:21 2023 Harry (Yellow) [Headshot] Osmosis (Purple)
Tue Jul 25 15:31:30 2023 Osmosis (Purple) [Grenade]
Tue Jul 25 15:31:43 2023 Grenade joined Purple team
Tue Jul 25 15:32:21 2023 Player Grenade has left
Tue Jul 25 15:32:47 2023 Mines are already full! 3 mines available.
Tue Jul 25 15:33:18 2023 Mines are already full! 3 mines available.
Tue Jul 25 15:33:23 2023 Player Deuce2 has left
Tue Jul 25 15:35:23 2023 Osmosis (Purple) [Shotgun] Harry (Yellow)
Tue Jul 25 15:35:24 2023 You have 1 medkit!
Tue Jul 25 15:35:29 2023 Osmosis (Purple) [Shotgun] Harry (Yellow)
Tue Jul 25 15:35:36 2023 You have 1 medkit!
Tue Jul 25 15:36:14 2023 JoeKah joined Purple team
Tue Jul 25 15:37:29 2023 Player JoeKah has left
Tue Jul 25 15:39:41 2023 Harry (Yellow) [Grenade] Osmosis (Purple)
Tue Jul 25 15:39:54 2023 Disconnecting
