Tue Aug  8 00:12:06 2023 ------ World Loaded ------
Tue Aug  8 00:12:06 2023 Welcome to Futa Lovers server
Tue Aug  8 00:12:07 2023 Server powered by 30Gb of Hentai and https://nhentai.com
Tue Aug  8 00:12:09 2023 Map: CENTER by sByte
Tue Aug  8 00:12:11 2023 Harry (Blue) [Headshot] Bot (Green)
Tue Aug  8 00:12:11 2023 Game mode: Trainer
Tue Aug  8 00:12:12 2023 Harry (Blue) [Headshot] Bot (Green)
Tue Aug  8 00:12:13 2023 Harry (Blue) [Headshot] Bot (Green)
Tue Aug  8 00:12:13 2023 Discord: https://discord.gg/BJkMA49UQt
Tue Aug  8 00:12:14 2023 Harry (Blue) [Headshot] Bot (Green)
Tue Aug  8 00:12:17 2023 Harry (Blue) [Headshot] Bot (Green)
Tue Aug  8 00:12:18 2023 Harry (Blue) [Headshot] Bot (Green)
Tue Aug  8 00:12:21 2023 Harry (Blue) [Rifle]
Tue Aug  8 00:12:23 2023 Harry (Blue) [Headshot] Bot (Green)
Tue Aug  8 00:12:25 2023 Harry (Blue) [Headshot] Bot (Green)
Tue Aug  8 00:12:26 2023 Harry (Blue) [Headshot] Bot (Green)
Tue Aug  8 00:12:28 2023 Harry (Blue) [Headshot] Bot (Green)
Tue Aug  8 00:12:29 2023 Harry (Blue) [Headshot] Bot (Green)
Tue Aug  8 00:12:31 2023 XxLuisxX (Blue) [Rifle]
Tue Aug  8 00:12:32 2023 Harry (Blue) [Headshot] Bot (Green)
Tue Aug  8 00:12:32 2023 Shooted at Bot (67/100 HP)
Tue Aug  8 00:12:35 2023 Harry (Blue) [Headshot] Bot (Green)
Tue Aug  8 00:12:35 2023 Harry (Blue) [Headshot] Bot (Green)
Tue Aug  8 00:12:36 2023 Harry (Blue) [Headshot] Bot (Green)
Tue Aug  8 00:12:37 2023 Harry (Blue) [Headshot] Bot (Green)
Tue Aug  8 00:12:40 2023 Harry (Blue) [Headshot] Bot (Green)
Tue Aug  8 00:12:42 2023 Harry (Blue) [Headshot] Bot (Green)
Tue Aug  8 00:12:45 2023 Harry (Blue) [Headshot] Bot (Green)
Tue Aug  8 00:12:45 2023 Harry (Blue) [Headshot] Bot (Green)
Tue Aug  8 00:12:46 2023 Harry (Blue) [Headshot] Bot (Green)
Tue Aug  8 00:12:48 2023 Harry (Blue) [Headshot] Bot (Green)
Tue Aug  8 00:12:49 2023 Harry (Blue) [Headshot] Bot (Green)
Tue Aug  8 00:12:50 2023 Harry (Blue) [Headshot] Bot (Green)
Tue Aug  8 00:12:50 2023 Harry (Blue) [Headshot] Bot (Green)
Tue Aug  8 00:12:51 2023 Harry (Blue) [Headshot] Bot (Green)
Tue Aug  8 00:12:53 2023 Harry (Blue) [Headshot] Bot (Green)
Tue Aug  8 00:12:54 2023 Harry (Blue) [Rifle] Bot (Green)
Tue Aug  8 00:12:56 2023 Harry (Blue) [Headshot] Bot (Green)
Tue Aug  8 00:12:59 2023 Shooted at Bot (67/100 HP)
Tue Aug  8 00:13:00 2023 Harry (Blue) [Headshot] Bot (Green)
Tue Aug  8 00:13:01 2023 Harry (Blue) [Headshot] Bot (Green)
Tue Aug  8 00:13:02 2023 Harry (Blue) [Headshot] Bot (Green)
Tue Aug  8 00:13:02 2023 Harry (Blue) [Headshot] Bot (Green)
Tue Aug  8 00:13:03 2023 Harry (Blue) [Headshot] Bot (Green)
Tue Aug  8 00:13:04 2023 [Futa Love] Type /help for info & commands
Tue Aug  8 00:13:04 2023 Harry (Blue) [Headshot] Bot (Green)
Tue Aug  8 00:13:05 2023 Shooted at Bot (51/100 HP)
Tue Aug  8 00:13:06 2023 Harry (Blue) [Headshot] Bot (Green)
Tue Aug  8 00:13:09 2023 Harry (Blue) [Headshot] Bot (Green)
Tue Aug  8 00:13:10 2023 Harry (Blue) [Headshot] Bot (Green)
Tue Aug  8 00:13:11 2023 Harry (Blue) [Rifle] Bot (Green)
Tue Aug  8 00:13:12 2023 Harry (Blue) [Headshot] Bot (Green)
Tue Aug  8 00:13:13 2023 Harry (Blue) [Headshot] Bot (Green)
Tue Aug  8 00:13:15 2023 Harry (Blue) [Headshot] Bot (Green)
Tue Aug  8 00:13:16 2023 Harry (Blue) [Headshot] Bot (Green)
Tue Aug  8 00:13:19 2023 Harry (Blue) [Headshot] Bot (Green)
Tue Aug  8 00:13:20 2023 Harry (Blue) [Headshot] Bot (Green)
Tue Aug  8 00:13:21 2023 Harry (Blue) [Headshot] Bot (Green)
Tue Aug  8 00:13:27 2023 [Global] Harry (Blue): hey luis
Tue Aug  8 00:13:30 2023 [Global] XxLuisxX (Blue): dime
Tue Aug  8 00:13:31 2023 [Global] Harry (Blue): me acuerdo de ti
Tue Aug  8 00:13:38 2023 [Global] Harry (Blue): pero no tengo activado el chat
Tue Aug  8 00:13:38 2023 [Global] XxLuisxX (Blue): si?
Tue Aug  8 00:13:40 2023 Disconnecting
