Thu Apr 27 22:29:53 2023 ------ World Loaded ------
Thu Apr 27 22:29:53 2023 Welcome to aloha.pk tower of babel
Thu Apr 27 22:29:55 2023 Map: holes nonflat by izzy, modified by Danke
Thu Apr 27 22:29:57 2023 Game mode: Tower of Babel by Yourself, modified by izzy
Thu Apr 27 22:29:59 2023 Build a tower to get the enemy's intel. Take it to your team's tent to win!
Thu Apr 27 22:30:01 2023 Visit our community forums at https://aloha.pk/
Thu Apr 27 22:30:03 2023 Come chat with us at https://discord.aloha.pk/
Thu Apr 27 22:30:05 2023 manchester city joined Blue team
Thu Apr 27 22:30:05 2023  Type /HELP for info & commands
Thu Apr 27 22:30:06 2023 GRAVES joined Red team
Thu Apr 27 22:30:11 2023 EGRO (Red) [Headshot] Harry (Blue)
Thu Apr 27 22:30:15 2023 [Global] manchester city (Blue): la calle es pa hombre y tu eres basura
Thu Apr 27 22:30:15 2023 EGRO (Red) [SMG] manchester city (Blue)
Thu Apr 27 22:30:18 2023 Harry (Blue) [Rifle] EGRO (Red)
Thu Apr 27 22:30:24 2023 Jooony (Red) [Headshot] supervisordepaz (Blue)
Thu Apr 27 22:30:25 2023 RIDER-PARABELUM (Red) [SMG] manchester city (Blue)
Thu Apr 27 22:30:29 2023 Jooony (Red) [Fall]
Thu Apr 27 22:30:29 2023 Harry (Blue) [Headshot] RIDER-PARABELUM (Red)
Thu Apr 27 22:30:35 2023  Visit our community forums at https://aloha.pk/
Thu Apr 27 22:30:41 2023 bilnx (Blue) [SMG]
Thu Apr 27 22:30:54 2023 EGRO (Red) [SMG] Harry (Blue)
Thu Apr 27 22:30:54 2023 supervisordepaz (Blue) [SMG] EGRO (Red)
Thu Apr 27 22:31:05 2023  Come chat with us at https://discord.aloha.pk/
Thu Apr 27 22:31:07 2023 manchester city (Blue) [Headshot] GRAVES (Red)
Thu Apr 27 22:31:15 2023 EGRO (Red) [Headshot] manchester city (Blue)
Thu Apr 27 22:31:19 2023 Jooony (Red) [Headshot] supervisordepaz (Blue)
Thu Apr 27 22:31:21 2023 Player manchester city has left
Thu Apr 27 22:31:24 2023 EGRO (Red) [Headshot] Vagabond (Blue)
Thu Apr 27 22:31:28 2023 Player GRAVES has left
Thu Apr 27 22:31:35 2023  If you believe a player is breaking the rules, please let us know with /ADMIN
Thu Apr 27 22:31:40 2023 EGRO (Red) [SMG] Harry (Blue)
Thu Apr 27 22:31:52 2023 EGRO (Red) [SMG] bilnx (Blue)
Thu Apr 27 22:31:52 2023 CLUSTER  5FAQ joined Blue team
Thu Apr 27 22:32:05 2023  Mahalo for playing aloha.pk tower of babel
Thu Apr 27 22:32:08 2023 supervisordepaz (Blue) [SMG] EGRO (Red)
Thu Apr 27 22:32:11 2023 RIDER-PARABELUM (Red) [SMG] bilnx (Blue)
Thu Apr 27 22:32:19 2023 Harry (Blue) [Headshot] EGRO (Red)
Thu Apr 27 22:32:19 2023 RIDER-PARABELUM (Red) [SMG] CLUSTER  5FAQ (Blue)
Thu Apr 27 22:32:21 2023 bilnx (Blue) [SMG] RIDER-PARABELUM (Red)
Thu Apr 27 22:32:32 2023 RIDER-PARABELUM (Red) [Headshot] supervisordepaz (Blue)
Thu Apr 27 22:32:36 2023  Build a tower to get the enemy's intel. Take it to your team's tent to win!
Thu Apr 27 22:32:36 2023 bilnx (Blue) [Headshot] mieu (Red)
Thu Apr 27 22:32:37 2023 Harry (Blue) [Headshot] RIDER-PARABELUM (Red)
Thu Apr 27 22:32:40 2023 Harry (Blue) [Headshot] EGRO (Red)
Thu Apr 27 22:32:45 2023 herobrine joined Red team
Thu Apr 27 22:32:45 2023 RIDER-PARABELUM (Red) [Headshot] Harry (Blue)
Thu Apr 27 22:32:52 2023 mieu (Red) [SMG] Vagabond (Blue)
Thu Apr 27 22:33:06 2023  Type /HELP for info & commands
Thu Apr 27 22:33:11 2023 supervisordepaz (Blue) [Headshot] mieu (Red)
Thu Apr 27 22:33:17 2023 Captain Manio joined Blue team
Thu Apr 27 22:33:24 2023 herobrine (Red) [Headshot] CLUSTER  5FAQ (Blue)
Thu Apr 27 22:33:33 2023 herobrine (Red) [Headshot] Captain Manio (Blue)
Thu Apr 27 22:33:36 2023  Visit our community forums at https://aloha.pk/
Thu Apr 27 22:33:38 2023 mieu (Red) [Grenade] Vagabond (Blue)
Thu Apr 27 22:33:41 2023 herobrine (Red) [Headshot] Harry (Blue)
Thu Apr 27 22:33:42 2023 CLUSTER  5FAQ (Blue) [Headshot] RIDER-PARABELUM (Red)
Thu Apr 27 22:33:56 2023 herobrine (Red) [Headshot] Vagabond (Blue)
Thu Apr 27 22:33:57 2023 supervisordepaz (Blue) [Headshot] RIDER-PARABELUM (Red)
Thu Apr 27 22:34:06 2023  Come chat with us at https://discord.aloha.pk/
Thu Apr 27 22:34:06 2023 RIDER-PARABELUM (Red) [SMG] supervisordepaz (Blue)
Thu Apr 27 22:34:09 2023 dj baby benz joined Blue team
Thu Apr 27 22:34:12 2023 Player CLUSTER  5FAQ has left
Thu Apr 27 22:34:26 2023 RIDER-PARABELUM (Red) [Headshot] Captain Manio (Blue)
Thu Apr 27 22:34:36 2023  If you believe a player is breaking the rules, please let us know with /ADMIN
Thu Apr 27 22:34:43 2023 Vagabond (Blue) [Headshot] herobrine (Red)
Thu Apr 27 22:34:49 2023 Captain Manio (Blue) [SMG] RIDER-PARABELUM (Red)
Thu Apr 27 22:35:03 2023 herobrine (Red) [Headshot] supervisordepaz (Blue)
Thu Apr 27 22:35:06 2023  Mahalo for playing aloha.pk tower of babel
Thu Apr 27 22:35:06 2023 supervisordepaz (Blue) [Weapon Change]
Thu Apr 27 22:35:08 2023 Harry (Blue) [Headshot] herobrine (Red)
Thu Apr 27 22:35:23 2023 dj baby benz (Blue) [Headshot] EGRO (Red)
Thu Apr 27 22:35:25 2023 exaltedslug joined Red team
Thu Apr 27 22:35:28 2023 herobrine (Red) [Grenade] Vagabond (Blue)
Thu Apr 27 22:35:34 2023 Jooony picked up Blue's Intel.
Thu Apr 27 22:35:36 2023  Build a tower to get the enemy's intel. Take it to your team's tent to win!
Thu Apr 27 22:35:37 2023 dj baby benz (Blue) [Headshot] herobrine (Red)
Thu Apr 27 22:35:37 2023 bilnx (Blue) [SMG]
Thu Apr 27 22:35:41 2023 dj baby benz (Blue) [Headshot] EGRO (Red)
Thu Apr 27 22:35:46 2023 dj baby benz (Blue) [Headshot] herobrine (Red)
Thu Apr 27 22:35:49 2023 exaltedslug (Red) [Headshot] supervisordepaz (Blue)
Thu Apr 27 22:35:51 2023 Captain Manio (Blue) [SMG]
Thu Apr 27 22:36:01 2023 Player exaltedslug has left
Thu Apr 27 22:36:06 2023  Type /HELP for info & commands
Thu Apr 27 22:36:23 2023 bilnx (Blue) [SMG]
Thu Apr 27 22:36:28 2023 RIDER-PARABELUM (Red) [Grenade] supervisordepaz (Blue)
Thu Apr 27 22:36:32 2023 Captain Manio (Blue) [Headshot] EGRO (Red)
Thu Apr 27 22:36:33 2023 bilnx (Blue) [Headshot] mieu (Red)
Thu Apr 27 22:36:36 2023  Visit our community forums at https://aloha.pk/
Thu Apr 27 22:36:40 2023 Harry (Blue) [Headshot] herobrine (Red)
Thu Apr 27 22:36:42 2023 RIDER-PARABELUM (Red) [Headshot] bilnx (Blue)
Thu Apr 27 22:36:47 2023 RIDER-PARABELUM (Red) [Headshot] supervisordepaz (Blue)
Thu Apr 27 22:36:48 2023 herobrine (Red) [Headshot] Harry (Blue)
Thu Apr 27 22:36:54 2023 dj baby benz (Blue) [Rifle] RIDER-PARABELUM (Red)
Thu Apr 27 22:36:56 2023 herobrine (Red) [Headshot] dj baby benz (Blue)
Thu Apr 27 22:36:59 2023 Captain Manio (Blue) [Headshot] herobrine (Red)
Thu Apr 27 22:37:06 2023  Come chat with us at https://discord.aloha.pk/
Thu Apr 27 22:37:11 2023 Captain Manio (Blue) [SMG]
Thu Apr 27 22:37:11 2023 Harry (Blue) [Headshot] mieu (Red)
Thu Apr 27 22:37:15 2023 Harry (Blue) [Headshot] herobrine (Red)
Thu Apr 27 22:37:27 2023 supervisordepaz (Blue) [Headshot] herobrine (Red)
Thu Apr 27 22:37:29 2023 Vagabond (Blue) [Melee] EGRO (Red)
Thu Apr 27 22:37:29 2023 herobrine (Red) [Weapon Change]
Thu Apr 27 22:37:35 2023 supervisordepaz (Blue) [Headshot] EGRO (Red)
Thu Apr 27 22:37:36 2023  If you believe a player is breaking the rules, please let us know with /ADMIN
Thu Apr 27 22:37:43 2023 supervisordepaz (Blue) [Headshot] herobrine (Red)
Thu Apr 27 22:37:44 2023 Harry (Blue) [Rifle] mieu (Red)
Thu Apr 27 22:37:48 2023 Harry (Blue) [Headshot] EGRO (Red)
Thu Apr 27 22:37:48 2023 Player herobrine has left
Thu Apr 27 22:37:49 2023 [Global] Vagabond (Blue): bueno
Thu Apr 27 22:37:49 2023 Jooony (Red) [SMG] Vagabond (Blue)
Thu Apr 27 22:37:50 2023 [Global] Captain Manio (Blue): DOWN WITH THE SYSTEM
Thu Apr 27 22:37:55 2023 [Global] Captain Manio (Blue): ENOUGH IS ENOUGH
Thu Apr 27 22:37:56 2023 EGRO (Red) [Headshot] Harry (Blue)
Thu Apr 27 22:37:56 2023 dj baby benz (Blue) [Headshot] mieu (Red)
Thu Apr 27 22:37:58 2023 [Global] Vagabond (Blue): xddd
Thu Apr 27 22:38:04 2023 Jooony dropped Blue's Intel
Thu Apr 27 22:38:04 2023 Jooony (Red) [SMG]
Thu Apr 27 22:38:04 2023  God punished Jooony for holding the intel too long
Thu Apr 27 22:38:05 2023 EGRO (Red) [SMG] dj baby benz (Blue)
Thu Apr 27 22:38:06 2023  Mahalo for playing aloha.pk tower of babel
Thu Apr 27 22:38:14 2023 Harry (Blue) [Headshot] RIDER-PARABELUM (Red)
Thu Apr 27 22:38:15 2023 EGRO (Red) [Headshot] supervisordepaz (Blue)
Thu Apr 27 22:38:17 2023 Vagabond (Blue) [Headshot] RIDER-PARABELUM (Red)
Thu Apr 27 22:38:17 2023 EGRO (Red) [Headshot] Vagabond (Blue)
Thu Apr 27 22:38:19 2023 Captain Manio (Blue) [Headshot] mieu (Red)
Thu Apr 27 22:38:20 2023 Captain Manio (Blue) [Headshot] EGRO (Red)
Thu Apr 27 22:38:20 2023 Captain Manio (Blue) [SMG] Jooony (Red)
Thu Apr 27 22:38:23 2023 Player Jooony has left
Thu Apr 27 22:38:27 2023 [Global] Vagabond (Blue): good
Thu Apr 27 22:38:29 2023 [Global] Captain Manio (Blue): WORKERS OF THE WORLD, UNITE
Thu Apr 27 22:38:32 2023 Captain Manio (Blue) [Headshot] mieu (Red)
Thu Apr 27 22:38:32 2023 [Global] Vagabond (Blue): NO
Thu Apr 27 22:38:33 2023 Captain Manio (Blue) [SMG] EGRO (Red)
Thu Apr 27 22:38:33 2023 RIDER-PARABELUM (Red) [Headshot] Captain Manio (Blue)
Thu Apr 27 22:38:34 2023 [Global] Vagabond (Blue): FUCK MARX
Thu Apr 27 22:38:36 2023  Build a tower to get the enemy's intel. Take it to your team's tent to win!
Thu Apr 27 22:38:39 2023 Harry (Blue) [Headshot] RIDER-PARABELUM (Red)
Thu Apr 27 22:38:43 2023 EGRO (Red) [Team Change]
Thu Apr 27 22:38:47 2023 Harry (Blue) [Headshot] RIDER-PARABELUM (Red)
Thu Apr 27 22:38:50 2023 [Global] Captain Manio (Blue): FREEDOOOOOM!
Thu Apr 27 22:38:53 2023 EGRO joined Spectator team
Thu Apr 27 22:38:58 2023 RIDER-PARABELUM (Red) [Headshot] supervisordepaz (Blue)
Thu Apr 27 22:39:06 2023  Type /HELP for info & commands
Thu Apr 27 22:39:09 2023 RIDER-PARABELUM (Red) [Headshot] Vagabond (Blue)
Thu Apr 27 22:39:14 2023 [Global] Captain Manio (Blue): Imagine no stairways
Thu Apr 27 22:39:15 2023 RIDER-PARABELUM (Red) [Headshot] dj baby benz (Blue)
Thu Apr 27 22:39:18 2023 Captain Manio (Blue) [SMG] RIDER-PARABELUM (Red)
Thu Apr 27 22:39:24 2023 [Global] Captain Manio (Blue): It isn't hard to do
Thu Apr 27 22:39:32 2023 [Global] Vagabond (Blue): NEED TO GO FRIENDS, ADIOS AMIGOS TENGO QUE IRE
Thu Apr 27 22:39:33 2023 RIDER-PARABELUM (Red) [Headshot] Captain Manio (Blue)
Thu Apr 27 22:39:34 2023 bilnx (Blue) [Team Change]
Thu Apr 27 22:39:36 2023  Visit our community forums at https://aloha.pk/
Thu Apr 27 22:39:39 2023 RIDER-PARABELUM (Red) [SMG] supervisordepaz (Blue)
Thu Apr 27 22:39:39 2023 Harry (Blue) [Headshot] RIDER-PARABELUM (Red)
Thu Apr 27 22:39:41 2023 bilnx joined Red team
Thu Apr 27 22:39:42 2023 [Global] Captain Manio (Blue): Same. Goodbye guys!
Thu Apr 27 22:39:44 2023 Player Captain Manio has left
Thu Apr 27 22:39:46 2023 Harry (Blue) [Headshot] RIDER-PARABELUM (Red)
Thu Apr 27 22:40:00 2023 RIDER-PARABELUM (Red) [Headshot] Harry (Blue)
Thu Apr 27 22:40:02 2023 Vagabond (Blue) [Headshot] mieu (Red)
Thu Apr 27 22:40:03 2023 RIDER-PARABELUM (Red) [SMG] Vagabond (Blue)
Thu Apr 27 22:40:05 2023 Player Vagabond has left
Thu Apr 27 22:40:06 2023  Come chat with us at https://discord.aloha.pk/
Thu Apr 27 22:40:14 2023 Player dj baby benz has left
Thu Apr 27 22:40:15 2023 supervisordepaz (Blue) [Headshot] mieu (Red)
Thu Apr 27 22:40:22 2023 supervisordepaz (Blue) [Headshot] mieu (Red)
Thu Apr 27 22:40:32 2023 supervisordepaz (Blue) [Headshot] mieu (Red)
Thu Apr 27 22:40:36 2023  If you believe a player is breaking the rules, please let us know with /ADMIN
Thu Apr 27 22:40:37 2023 hotdog_water joined Blue team
Thu Apr 27 22:40:45 2023 supervisordepaz (Blue) [Headshot] mieu (Red)
Thu Apr 27 22:40:45 2023 Erick :v joined Blue team
Thu Apr 27 22:40:54 2023 supervisordepaz (Blue) [Headshot] mieu (Red)
Thu Apr 27 22:41:01 2023 EGRO joined Red team
Thu Apr 27 22:41:02 2023 supervisordepaz (Blue) [Headshot] EGRO (Red)
Thu Apr 27 22:41:06 2023  Mahalo for playing aloha.pk tower of babel
Thu Apr 27 22:41:09 2023 EGRO (Red) [Headshot] supervisordepaz (Blue)
Thu Apr 27 22:41:11 2023 Harry (Blue) [SMG] EGRO (Red)
Thu Apr 27 22:41:11 2023 bilnx (Red) [SMG] Erick :v (Blue)
Thu Apr 27 22:41:18 2023 Harry (Blue) [Headshot] EGRO (Red)
Thu Apr 27 22:41:27 2023 hotdog_water (Blue) [Rifle] bilnx (Red)
Thu Apr 27 22:41:31 2023 Erick :v (Blue) [Headshot] RIDER-PARABELUM (Red)
Thu Apr 27 22:41:32 2023 RIDER-PARABELUM (Red) [Grenade] Erick :v (Blue)
Thu Apr 27 22:41:34 2023 Harry (Blue) [Headshot] bilnx (Red)
Thu Apr 27 22:41:36 2023  Build a tower to get the enemy's intel. Take it to your team's tent to win!
Thu Apr 27 22:41:59 2023 supervisordepaz (Blue) [Headshot] EGRO (Red)
Thu Apr 27 22:42:05 2023 supervisordepaz (Blue) [Fall]
Thu Apr 27 22:42:06 2023  Type /HELP for info & commands
Thu Apr 27 22:42:08 2023 EGRO (Red) [Team Change]
Thu Apr 27 22:42:17 2023 EGRO joined Spectator team
Thu Apr 27 22:42:36 2023  Visit our community forums at https://aloha.pk/
Thu Apr 27 22:43:06 2023  Come chat with us at https://discord.aloha.pk/
Thu Apr 27 22:43:16 2023 RIDER-PARABELUM (Red) [SMG] hotdog_water (Blue)
Thu Apr 27 22:43:18 2023 Player EGRO has left
Thu Apr 27 22:43:35 2023 Player supervisordepaz has left
Thu Apr 27 22:43:36 2023  If you believe a player is breaking the rules, please let us know with /ADMIN
Thu Apr 27 22:43:58 2023 hotdog_water (Blue) [Rifle] RIDER-PARABELUM (Red)
Thu Apr 27 22:44:05 2023 Disconnecting
