Wed Apr 12 15:05:24 2023 ------ World Loaded ------
Wed Apr 12 15:05:24 2023 3X3=18 (Red) [Headshot] yat_i (Blue)
Wed Apr 12 15:05:24 2023 Welcome to aloha.pk tower of babel
Wed Apr 12 15:05:25 2023 Map: Ruins by ONIGIRI
Wed Apr 12 15:05:27 2023 Game mode: Tower of Babel by Yourself, modified by izzy
Wed Apr 12 15:05:29 2023 Build a tower to get the enemy's intel. Take it to your team's tent to win!
Wed Apr 12 15:05:30 2023 parawhore (Red) [SMG] bongo (Blue)
Wed Apr 12 15:05:31 2023 Visit our community forums at https://aloha.pk/
Wed Apr 12 15:05:33 2023 parawhore (Red) [Headshot] BreadEatingOrc (Blue)
Wed Apr 12 15:05:33 2023 Come chat with us at https://discord.aloha.pk/
Wed Apr 12 15:05:34 2023 You must be closer to the enemy's base to shoot blocks!
Wed Apr 12 15:05:37 2023 You must be closer to the enemy's base to shoot blocks!
Wed Apr 12 15:05:38 2023  Type /HELP for info & commands
Wed Apr 12 15:05:38 2023 You must be closer to the enemy's base to shoot blocks!
Wed Apr 12 15:05:38 2023 You must be closer to the enemy's base to shoot blocks!
Wed Apr 12 15:05:39 2023 You must be closer to the enemy's base to shoot blocks!
Wed Apr 12 15:05:40 2023 Kackwurstesser  (Blue) [Shotgun] parawhore (Red)
Wed Apr 12 15:05:41 2023 You can't destroy your team's blocks in this area. Attack the enemy's tower!
Wed Apr 12 15:05:41 2023 You can't destroy your team's blocks in this area. Attack the enemy's tower!
Wed Apr 12 15:05:41 2023 Kurzon picked up Blue's Intel.
Wed Apr 12 15:05:41 2023 You can't destroy your team's blocks in this area. Attack the enemy's tower!
Wed Apr 12 15:05:42 2023 You can't destroy your team's blocks in this area. Attack the enemy's tower!
Wed Apr 12 15:05:43 2023 Kurzon (Red) [SMG] Kackwurstesser  (Blue)
Wed Apr 12 15:05:44 2023 POCOYO (Red) [Fall]
Wed Apr 12 15:05:45 2023 ghost (Red) [Fall]
Wed Apr 12 15:05:46 2023 bongo (Blue) [Headshot] solide (Red)
Wed Apr 12 15:05:51 2023 [Team] Kackwurstesser  (Blue): GO GO GO
Wed Apr 12 15:05:53 2023 [Team] Kackwurstesser  (Blue): GO UP
Wed Apr 12 15:05:57 2023 3X3=18 (Red) [Headshot] ozf (Blue)
Wed Apr 12 15:06:08 2023  Visit our community forums at https://aloha.pk/
Wed Apr 12 15:06:11 2023 Disconnecting
