Fri Jun 23 21:47:34 2023 ------ World Loaded ------
Fri Jun 23 21:47:34 2023 Gabrielvecks (Red) [Headshot] yanz (Blue)
Fri Jun 23 21:47:34 2023 Gabrielvecks (Red) [SMG] OHIOPRO (Blue)
Fri Jun 23 21:47:34 2023 Welcome to aloha.pk tower of babel
Fri Jun 23 21:47:35 2023 Gabrielvecks (Red) [SMG] Robin Van Persi (Blue)
Fri Jun 23 21:47:35 2023 Map: pinpoint2 by TheGrandmaster
Fri Jun 23 21:47:37 2023 Player Robin Van Persi has left
Fri Jun 23 21:47:37 2023 Game mode: Tower of Babel by Yourself, modified by izzy
Fri Jun 23 21:47:39 2023 Build a tower to get the enemy's intel. Take it to your team's tent to win!
Fri Jun 23 21:47:40 2023  Come chat with us at https://discord.aloha.pk/
Fri Jun 23 21:47:41 2023 Gabrielvecks (Red) [Headshot] luigimenpro (Blue)
Fri Jun 23 21:47:41 2023 Visit our community forums at https://aloha.pk/
Fri Jun 23 21:47:43 2023 Come chat with us at https://discord.aloha.pk/
Fri Jun 23 21:47:48 2023 Player yanz has left
Fri Jun 23 21:47:57 2023 Deuce20 (Red) [Rifle] mezilga (Blue)
Fri Jun 23 21:48:01 2023 Player mezilga has left
Fri Jun 23 21:48:02 2023 Deuce20 (Red) [Headshot] OHIOPRO (Blue)
Fri Jun 23 21:48:10 2023  If you believe a player is breaking the rules, please let us know with /ADMIN
Fri Jun 23 21:48:12 2023 Deuce20 (Red) [Headshot] gatifito (Blue)
Fri Jun 23 21:48:22 2023 Harry (Red) [Headshot] luigimenpro (Blue)
Fri Jun 23 21:48:35 2023 Gabrielvecks (Red) [Headshot] OHIOPRO (Blue)
Fri Jun 23 21:48:35 2023 Gabrielvecks (Red) [SMG] gatifito (Blue)
Fri Jun 23 21:48:39 2023 Gabrielvecks (Red) [Headshot] OHIOPRO (Blue)
Fri Jun 23 21:48:40 2023  Mahalo for playing aloha.pk tower of babel
Fri Jun 23 21:48:44 2023 Gabrielvecks (Red) [SMG] gatifito (Blue)
Fri Jun 23 21:48:45 2023 saep picked up Blue's Intel.
Fri Jun 23 21:48:47 2023 Deuce20 (Red) [Headshot] luigimenpro (Blue)
Fri Jun 23 21:48:51 2023 Deuce20 (Red) [Headshot] gatifito (Blue)
Fri Jun 23 21:48:51 2023 You can't build near the enemy's tower!
Fri Jun 23 21:48:56 2023 Gabrielvecks (Red) [Headshot] luigimenpro (Blue)
Fri Jun 23 21:48:59 2023 supervisordepaz joined Blue team
Fri Jun 23 21:49:00 2023 saep dropped Blue's Intel
Fri Jun 23 21:49:00 2023  The intel has returned to the heavens
Fri Jun 23 21:49:00 2023  The intel has returned to the heavens
Fri Jun 23 21:49:05 2023 Gabrielvecks (Red) [Headshot] gatifito (Blue)
Fri Jun 23 21:49:06 2023 Deuce20 (Red) [Rifle]
Fri Jun 23 21:49:06 2023 Gabrielvecks (Red) [SMG] supervisordepaz (Blue)
Fri Jun 23 21:49:10 2023  Build a tower to get the enemy's intel. Take it to your team's tent to win!
Fri Jun 23 21:49:11 2023 Gabrielvecks (Red) [Headshot] luigimenpro (Blue)
Fri Jun 23 21:49:14 2023 Harry (Red) [Headshot] OHIOPRO (Blue)
Fri Jun 23 21:49:18 2023 Gabrielvecks (Red) [SMG] luigimenpro (Blue)
Fri Jun 23 21:49:18 2023 supervisordepaz (Blue) [Headshot] Harry (Red)
Fri Jun 23 21:49:25 2023 Gabrielvecks (Red) [Grenade] gatifito (Blue)
Fri Jun 23 21:49:27 2023 supervisordepaz (Blue) [Rifle] Gabrielvecks (Red)
Fri Jun 23 21:49:29 2023 Gabrielvecks (Red) [Grenade] supervisordepaz (Blue)
Fri Jun 23 21:49:37 2023 Deuce20 (Red) [Rifle]
Fri Jun 23 21:49:37 2023 saep picked up Blue's Intel.
Fri Jun 23 21:49:40 2023  Type /HELP for info & commands
Fri Jun 23 21:49:41 2023 Deuce20 (Red) [Team Change]
Fri Jun 23 21:49:49 2023 Deuce20 joined Blue team
Fri Jun 23 21:49:50 2023 You must be closer to the enemy's base to shoot blocks!
Fri Jun 23 21:49:53 2023 You must be closer to the enemy's base to shoot blocks!
Fri Jun 23 21:50:00 2023 saep captured Blue's Intel.
Fri Jun 23 21:50:10 2023  Visit our community forums at https://aloha.pk/
Fri Jun 23 21:50:12 2023 titicaca joined Red team
Fri Jun 23 21:50:15 2023 Deuce20 (Blue) [Headshot] Harry (Red)
Fri Jun 23 21:50:16 2023 Gabrielvecks (Red) [SMG] gatifito (Blue)
Fri Jun 23 21:50:16 2023 saep (Red) [Team Change]
Fri Jun 23 21:50:18 2023 Gabrielvecks (Red) [SMG] Deuce20 (Blue)
Fri Jun 23 21:50:20 2023 Player gatifito has left
Fri Jun 23 21:50:25 2023 saep joined Blue team
Fri Jun 23 21:50:29 2023 saep (Blue) [Headshot] Gabrielvecks (Red)
Fri Jun 23 21:50:40 2023  Come chat with us at https://discord.aloha.pk/
Fri Jun 23 21:50:41 2023 supervisordepaz (Blue) [Headshot] Harry (Red)
Fri Jun 23 21:50:48 2023 Deuce20 (Blue) [Headshot] Gabrielvecks (Red)
Fri Jun 23 21:50:57 2023 Deuce20 (Blue) [Headshot] Gabrielvecks (Red)
Fri Jun 23 21:50:59 2023 Harry (Red) [Headshot] luigimenpro (Blue)
Fri Jun 23 21:51:03 2023 Deuce20 (Blue) [Rifle] Harry (Red)
Fri Jun 23 21:51:10 2023  If you believe a player is breaking the rules, please let us know with /ADMIN
Fri Jun 23 21:51:14 2023 Deuce20 (Blue) [Headshot] Gabrielvecks (Red)
Fri Jun 23 21:51:17 2023 [Team] Gabrielvecks (Red): aimbot
Fri Jun 23 21:51:23 2023 Deuce20 (Blue) [Headshot] titicaca (Red)
Fri Jun 23 21:51:28 2023 [Team] titicaca (Red): 3 in front of the bridgr
Fri Jun 23 21:51:32 2023 titicaca (Red) [Rifle] supervisordepaz (Blue)
Fri Jun 23 21:51:33 2023 titicaca (Red) [Headshot] Deuce20 (Blue)
Fri Jun 23 21:51:35 2023 Gabrielvecks (Red) [Headshot] luigimenpro (Blue)
Fri Jun 23 21:51:36 2023 saep (Blue) [Headshot] Harry (Red)
Fri Jun 23 21:51:40 2023  Mahalo for playing aloha.pk tower of babel
Fri Jun 23 21:51:40 2023 Gabrielvecks (Red) [Headshot] saep (Blue)
Fri Jun 23 21:51:53 2023 titicaca (Red) [Headshot] luigimenpro (Blue)
Fri Jun 23 21:51:58 2023 OHIOPRO (Blue) [Headshot] remo_2 (Red)
Fri Jun 23 21:51:59 2023 [Global] remo_2 (Red): a
Fri Jun 23 21:52:01 2023 titicaca (Red) [Headshot] Deuce20 (Blue)
Fri Jun 23 21:52:02 2023 You must be closer to the enemy's base to shoot blocks!
Fri Jun 23 21:52:06 2023 remo_2 (Red) [SMG] OHIOPRO (Blue)
Fri Jun 23 21:52:09 2023 Deuce20 (Blue) [Headshot] titicaca (Red)
Fri Jun 23 21:52:10 2023  Build a tower to get the enemy's intel. Take it to your team's tent to win!
Fri Jun 23 21:52:12 2023 Gabrielvecks (Red) [Headshot] saep (Blue)
Fri Jun 23 21:52:21 2023 Gabrielvecks (Red) [SMG] luigimenpro (Blue)
Fri Jun 23 21:52:27 2023 Jim (Red) [SMG] supervisordepaz (Blue)
Fri Jun 23 21:52:29 2023 Gabrielvecks (Red) [Headshot] OHIOPRO (Blue)
Fri Jun 23 21:52:36 2023 Player supervisordepaz has left
Fri Jun 23 21:52:38 2023 saep (Blue) [Fall]
Fri Jun 23 21:52:40 2023  Type /HELP for info & commands
Fri Jun 23 21:52:42 2023 titicaca (Red) [Rifle] luigimenpro (Blue)
Fri Jun 23 21:52:47 2023 You must be closer to the enemy's base to shoot blocks!
Fri Jun 23 21:52:51 2023 Gabrielvecks (Red) [SMG] Deuce20 (Blue)
Fri Jun 23 21:52:52 2023 supervisordepaz joined Blue team
Fri Jun 23 21:52:52 2023 OHIOPRO (Blue) [SMG] Gabrielvecks (Red)
Fri Jun 23 21:52:53 2023 You must be closer to the enemy's base to shoot blocks!
Fri Jun 23 21:52:59 2023 Harry (Red) [Headshot] OHIOPRO (Blue)
Fri Jun 23 21:53:01 2023 saep (Blue) [Headshot] titicaca (Red)
Fri Jun 23 21:53:04 2023 Harry (Red) [Headshot] luigimenpro (Blue)
Fri Jun 23 21:53:10 2023  Visit our community forums at https://aloha.pk/
Fri Jun 23 21:53:11 2023 Jim (Red) [SMG] saep (Blue)
Fri Jun 23 21:53:15 2023  remo_2 has reached 1000 blocks placed! /heaven unlocked.
Fri Jun 23 21:53:20 2023 You must be closer to the enemy's base to shoot blocks!
Fri Jun 23 21:53:21 2023 Jim (Red) [SMG] supervisordepaz (Blue)
Fri Jun 23 21:53:28 2023 saep (Blue) [Headshot] Jim (Red)
Fri Jun 23 21:53:33 2023 Player Jim has left
Fri Jun 23 21:53:35 2023 Deuce20 (Blue) [Headshot] Gabrielvecks (Red)
Fri Jun 23 21:53:39 2023 Harry (Red) [Headshot] OHIOPRO (Blue)
Fri Jun 23 21:53:40 2023  Come chat with us at https://discord.aloha.pk/
Fri Jun 23 21:53:41 2023 Harry (Red) [Headshot] supervisordepaz (Blue)
Fri Jun 23 21:53:51 2023 Harry (Red) [Headshot] saep (Blue)
Fri Jun 23 21:53:56 2023 Harry (Red) [Rifle] luigimenpro (Blue)
Fri Jun 23 21:53:58 2023 titicaca (Red) [Headshot] supervisordepaz (Blue)
Fri Jun 23 21:54:06 2023 Deuce20 (Blue) [Rifle] titicaca (Red)
Fri Jun 23 21:54:09 2023 Deuce20 (Blue) [Rifle] Harry (Red)
Fri Jun 23 21:54:10 2023  If you believe a player is breaking the rules, please let us know with /ADMIN
Fri Jun 23 21:54:15 2023 Deuce20 (Blue) [Headshot] remo_2 (Red)
Fri Jun 23 21:54:17 2023 Gabrielvecks (Red) [Headshot] Deuce20 (Blue)
Fri Jun 23 21:54:21 2023 Gabrielvecks (Red) [Headshot] saep (Blue)
Fri Jun 23 21:54:23 2023 Gabrielvecks (Red) [SMG] supervisordepaz (Blue)
Fri Jun 23 21:54:26 2023 Gabrielvecks (Red) [SMG] supervisordepaz (Blue)
Fri Jun 23 21:54:28 2023 luigimenpro (Blue) [Fall]
Fri Jun 23 21:54:30 2023 Gabrielvecks (Red) [Headshot] Deuce20 (Blue)
Fri Jun 23 21:54:34 2023 saep (Blue) [Headshot] Gabrielvecks (Red)
Fri Jun 23 21:54:40 2023  Mahalo for playing aloha.pk tower of babel
Fri Jun 23 21:54:40 2023 Harry (Red) [Headshot] OHIOPRO (Blue)
Fri Jun 23 21:54:50 2023 Harry (Red) [Headshot] luigimenpro (Blue)
Fri Jun 23 21:54:54 2023 Deuce20 (Blue) [Rifle] Harry (Red)
Fri Jun 23 21:55:00 2023 titicaca (Red) [Headshot] saep (Blue)
Fri Jun 23 21:55:00 2023 Deuce20 (Blue) [Headshot] Gabrielvecks (Red)
Fri Jun 23 21:55:06 2023 Deuce20 (Blue) [Headshot] titicaca (Red)
Fri Jun 23 21:55:10 2023  Build a tower to get the enemy's intel. Take it to your team's tent to win!
Fri Jun 23 21:55:13 2023 Deuce20 (Blue) [Headshot] Harry (Red)
Fri Jun 23 21:55:16 2023 gonrios321 joined Blue team
Fri Jun 23 21:55:24 2023 Gabrielvecks (Red) [SMG] supervisordepaz (Blue)
Fri Jun 23 21:55:28 2023 Deuce20 (Blue) [Headshot] Gabrielvecks (Red)
Fri Jun 23 21:55:34 2023 Harry (Red) [Headshot] gonrios321 (Blue)
Fri Jun 23 21:55:34 2023 Deuce20 (Blue) [Headshot] Harry (Red)
Fri Jun 23 21:55:40 2023 CocoThunder joined Red team
Fri Jun 23 21:55:40 2023  Type /HELP for info & commands
Fri Jun 23 21:55:43 2023 titicaca (Red) [Headshot] OHIOPRO (Blue)
Fri Jun 23 21:55:52 2023 titicaca (Red) [Headshot] luigimenpro (Blue)
Fri Jun 23 21:55:59 2023 titicaca (Red) [Rifle] Deuce20 (Blue)
Fri Jun 23 21:56:03 2023 titicaca (Red) [Headshot] saep (Blue)
Fri Jun 23 21:56:05 2023 titicaca (Red) [Headshot] OHIOPRO (Blue)
Fri Jun 23 21:56:07 2023 supervisordepaz (Blue) [Headshot] Harry (Red)
Fri Jun 23 21:56:08 2023 titicaca (Red) [Headshot] supervisordepaz (Blue)
Fri Jun 23 21:56:10 2023  Visit our community forums at https://aloha.pk/
Fri Jun 23 21:56:13 2023 titicaca (Red) [Rifle] gonrios321 (Blue)
Fri Jun 23 21:56:15 2023 Deuce20 (Blue) [Rifle] titicaca (Red)
Fri Jun 23 21:56:21 2023 luigimenpro (Blue) [Fall]
Fri Jun 23 21:56:25 2023 saep (Blue) [Fall]
Fri Jun 23 21:56:27 2023 Gabrielvecks (Red) [SMG] OHIOPRO (Blue)
Fri Jun 23 21:56:27 2023 Deuce20 (Blue) [Headshot] Gabrielvecks (Red)
Fri Jun 23 21:56:40 2023  Come chat with us at https://discord.aloha.pk/
Fri Jun 23 21:56:40 2023 You can't destroy your team's blocks in this area. Attack the enemy's tower!
Fri Jun 23 21:56:41 2023 You can't destroy your team's blocks in this area. Attack the enemy's tower!
Fri Jun 23 21:56:42 2023 Deuce20 (Blue) [Headshot] remo_2 (Red)
Fri Jun 23 21:56:43 2023 luigimenpro (Blue) [Fall]
Fri Jun 23 21:56:44 2023 Deuce20 (Blue) [Rifle] CocoThunder (Red)
Fri Jun 23 21:56:45 2023 [Global] remo_2 (Red): xD
Fri Jun 23 21:56:47 2023 supervisordepaz (Blue) [Headshot] Harry (Red)
Fri Jun 23 21:56:50 2023 supervisordepaz (Blue) [Rifle] Gabrielvecks (Red)
Fri Jun 23 21:56:53 2023 OHIOPRO (Blue) [Fall]
Fri Jun 23 21:56:57 2023 titicaca (Red) [Headshot] Deuce20 (Blue)
Fri Jun 23 21:57:03 2023 supervisordepaz (Blue) [Headshot] Harry (Red)
Fri Jun 23 21:57:05 2023 titicaca (Red) [Headshot] supervisordepaz (Blue)
Fri Jun 23 21:57:06 2023 saep (Blue) [Headshot] titicaca (Red)
Fri Jun 23 21:57:10 2023  If you believe a player is breaking the rules, please let us know with /ADMIN
Fri Jun 23 21:57:19 2023 gonrios321 (Blue) [Headshot] Gabrielvecks (Red)
Fri Jun 23 21:57:21 2023 Deuce20 (Blue) [Headshot] CocoThunder (Red)
Fri Jun 23 21:57:30 2023 gonrios321 (Blue) [Headshot] remo_2 (Red)
Fri Jun 23 21:57:40 2023 supervisordepaz (Blue) [Headshot] Harry (Red)
Fri Jun 23 21:57:40 2023  Mahalo for playing aloha.pk tower of babel
Fri Jun 23 21:57:51 2023 CocoThunder (Red) [Headshot] gonrios321 (Blue)
Fri Jun 23 21:57:52 2023 Deuce20 (Blue) [Headshot] CocoThunder (Red)
Fri Jun 23 21:57:53 2023 Gabrielvecks (Red) [Headshot] OHIOPRO (Blue)
Fri Jun 23 21:57:55 2023 Deuce20 (Blue) [Headshot] titicaca (Red)
Fri Jun 23 21:57:59 2023 Gabrielvecks (Red) [SMG] Deuce20 (Blue)
Fri Jun 23 21:58:01 2023 Harry (Red) [Rifle] supervisordepaz (Blue)
Fri Jun 23 21:58:04 2023 OHIOPRO (Blue) [Weapon Change]
Fri Jun 23 21:58:10 2023  Build a tower to get the enemy's intel. Take it to your team's tent to win!
Fri Jun 23 21:58:21 2023 Harry (Red) [Headshot] gonrios321 (Blue)
Fri Jun 23 21:58:22 2023 Gabrielvecks (Red) [SMG] saep (Blue)
Fri Jun 23 21:58:26 2023 Deuce20 (Blue) [Rifle] Harry (Red)
Fri Jun 23 21:58:29 2023 Deuce20 (Blue) [Headshot] CocoThunder (Red)
Fri Jun 23 21:58:40 2023  Type /HELP for info & commands
Fri Jun 23 21:58:46 2023 Gabrielvecks (Red) [Headshot] saep (Blue)
Fri Jun 23 21:58:48 2023 Gabrielvecks (Red) [SMG] gonrios321 (Blue)
Fri Jun 23 21:58:49 2023 Harry (Red) [Headshot] OHIOPRO (Blue)
Fri Jun 23 21:58:54 2023 Deuce20 (Blue) [Headshot] Gabrielvecks (Red)
Fri Jun 23 21:58:55 2023 Deuce20 (Blue) [Headshot] Harry (Red)
Fri Jun 23 21:59:03 2023 Deuce20 (Blue) [Headshot] CocoThunder (Red)
Fri Jun 23 21:59:10 2023  Visit our community forums at https://aloha.pk/
Fri Jun 23 21:59:12 2023 supervisordepaz (Blue) [Headshot] Harry (Red)
Fri Jun 23 21:59:14 2023 saep (Blue) [Headshot] Gabrielvecks (Red)
Fri Jun 23 21:59:19 2023 Deuce20 (Blue) [Headshot] remo_2 (Red)
Fri Jun 23 21:59:25 2023 Harry (Red) [Headshot] luigimenpro (Blue)
Fri Jun 23 21:59:28 2023 Deuce20 (Blue) [Headshot] Harry (Red)
Fri Jun 23 21:59:30 2023 CocoThunder (Red) [SMG] gonrios321 (Blue)
Fri Jun 23 21:59:31 2023 Deuce20 (Blue) [Headshot] CocoThunder (Red)
Fri Jun 23 21:59:40 2023  Come chat with us at https://discord.aloha.pk/
Fri Jun 23 21:59:40 2023 Gabrielvecks (Red) [SMG] Deuce20 (Blue)
Fri Jun 23 21:59:44 2023 Harry (Red) [Headshot] OHIOPRO (Blue)
Fri Jun 23 21:59:44 2023 Harry (Red) [Headshot] luigimenpro (Blue)
Fri Jun 23 21:59:47 2023 supervisordepaz (Blue) [Headshot] Harry (Red)
Fri Jun 23 21:59:51 2023 Gabrielvecks (Red) [Headshot] saep (Blue)
Fri Jun 23 21:59:58 2023 Deuce20 (Blue) [SMG] CocoThunder (Red)
Fri Jun 23 21:59:59 2023 Deuce20 (Blue) [Headshot] Gabrielvecks (Red)
Fri Jun 23 22:00:07 2023 titicaca (Red) [Headshot] saep (Blue)
Fri Jun 23 22:00:10 2023  If you believe a player is breaking the rules, please let us know with /ADMIN
Fri Jun 23 22:00:16 2023 supervisordepaz (Blue) [Headshot] Gabrielvecks (Red)
Fri Jun 23 22:00:21 2023 titicaca picked up Blue's Intel.
Fri Jun 23 22:00:28 2023 Deuce20 (Blue) [Headshot] Harry (Red)
Fri Jun 23 22:00:36 2023 supervisordepaz (Blue) [Headshot] remo_2 (Red)
Fri Jun 23 22:00:37 2023 saep (Blue) [Headshot] Gabrielvecks (Red)
Fri Jun 23 22:00:38 2023 [Global] remo_2 (Red): aaaa
Fri Jun 23 22:00:40 2023  Mahalo for playing aloha.pk tower of babel
Fri Jun 23 22:00:44 2023 titicaca captured Blue's Intel.
Fri Jun 23 22:00:46 2023 yanz joined Blue team
Fri Jun 23 22:00:49 2023 Deuce20 (Blue) [SMG] remo_2 (Red)
Fri Jun 23 22:00:50 2023 [Global] remo_2 (Red): a
Fri Jun 23 22:00:50 2023 Deuce20 (Blue) [Headshot] Harry (Red)
Fri Jun 23 22:00:58 2023 CocoThunder picked up Blue's Intel.
Fri Jun 23 22:01:00 2023 remo_2 (Red) [SMG] saep (Blue)
Fri Jun 23 22:01:01 2023 titicaca (Red) [Rifle] Deuce20 (Blue)
Fri Jun 23 22:01:02 2023 titicaca (Red) [Headshot] OHIOPRO (Blue)
Fri Jun 23 22:01:03 2023 gonrios321 (Blue) [SMG] titicaca (Red)
Fri Jun 23 22:01:06 2023 [Team] titicaca (Red): 2 in front
Fri Jun 23 22:01:07 2023 Gabrielvecks (Red) [SMG] gonrios321 (Blue)
Fri Jun 23 22:01:08 2023 [Team] titicaca (Red): >>. water
Fri Jun 23 22:01:10 2023  Build a tower to get the enemy's intel. Take it to your team's tent to win!
Fri Jun 23 22:01:10 2023 remo_2 (Red) [Headshot] supervisordepaz (Blue)
Fri Jun 23 22:01:12 2023 yanz (Blue) [SMG] remo_2 (Red)
Fri Jun 23 22:01:13 2023 [Team] titicaca (Red): ok ded
Fri Jun 23 22:01:13 2023 [Global] remo_2 (Red): aa
Fri Jun 23 22:01:18 2023 Deuce20 (Blue) [SMG] Harry (Red)
Fri Jun 23 22:01:19 2023 Gabrielvecks (Red) [SMG] Deuce20 (Blue)
Fri Jun 23 22:01:19 2023 [HoHo] Maj Hard joined Red team
Fri Jun 23 22:01:22 2023 Gabrielvecks (Red) [SMG] saep (Blue)
Fri Jun 23 22:01:29 2023 CocoThunder captured Blue's Intel.
Fri Jun 23 22:01:31 2023 Gabrielvecks (Red) [SMG] OHIOPRO (Blue)
Fri Jun 23 22:01:32 2023 yanz (Blue) [SMG] Gabrielvecks (Red)
Fri Jun 23 22:01:37 2023 remo_2 (Red) [Headshot] yanz (Blue)
Fri Jun 23 22:01:38 2023 Deuce20 (Blue) [Headshot] remo_2 (Red)
Fri Jun 23 22:01:39 2023 [Global] remo_2 (Red): a
Fri Jun 23 22:01:40 2023  Type /HELP for info & commands
Fri Jun 23 22:01:47 2023 Deuce20 (Blue) [Headshot] Harry (Red)
Fri Jun 23 22:01:49 2023 titicaca (Red) [Rifle] Deuce20 (Blue)
Fri Jun 23 22:01:51 2023 [Team] remo_2 (Red): 3 mid
Fri Jun 23 22:01:51 2023 Gabrielvecks (Red) [Headshot] supervisordepaz (Blue)
Fri Jun 23 22:01:52 2023 titicaca (Red) [Headshot] luigimenpro (Blue)
Fri Jun 23 22:01:53 2023 CocoThunder picked up Blue's Intel.
Fri Jun 23 22:01:53 2023 titicaca (Red) [Headshot] OHIOPRO (Blue)
Fri Jun 23 22:01:57 2023 Gabrielvecks (Red) [Headshot] gonrios321 (Blue)
Fri Jun 23 22:02:01 2023 Gabrielvecks (Red) [SMG] yanz (Blue)
Fri Jun 23 22:02:10 2023  Visit our community forums at https://aloha.pk/
Fri Jun 23 22:02:20 2023 Gabrielvecks (Red) [SMG] supervisordepaz (Blue)
Fri Jun 23 22:02:21 2023 Deuce20 (Blue) [Headshot] Gabrielvecks (Red)
Fri Jun 23 22:02:23 2023 Harry (Red) [Headshot] Deuce20 (Blue)
Fri Jun 23 22:02:24 2023 CocoThunder captured Blue's Intel.
Fri Jun 23 22:02:31 2023 remo_2 (Red) [Headshot] saep (Blue)
Fri Jun 23 22:02:33 2023 Deuce20 (Blue) [Rifle] remo_2 (Red)
Fri Jun 23 22:02:37 2023 Deuce20 (Blue) [Headshot] Harry (Red)
Fri Jun 23 22:02:40 2023  Come chat with us at https://discord.aloha.pk/
Fri Jun 23 22:02:42 2023 [HoHo] Red Cray joined Red team
Fri Jun 23 22:02:54 2023 supervisordepaz (Blue) [Headshot] Harry (Red)
Fri Jun 23 22:02:55 2023 Deuce20 (Blue) [Headshot] [HoHo] Maj Hard (Red)
Fri Jun 23 22:02:56 2023 Gabrielvecks (Red) [Headshot] saep (Blue)
Fri Jun 23 22:02:58 2023 CocoThunder picked up Blue's Intel.
Fri Jun 23 22:03:01 2023 Gabrielvecks (Red) [SMG] gonrios321 (Blue)
Fri Jun 23 22:03:07 2023 yanz (Blue) [Headshot] titicaca (Red)
Fri Jun 23 22:03:10 2023  If you believe a player is breaking the rules, please let us know with /ADMIN
Fri Jun 23 22:03:16 2023 Harry (Red) [Rifle] supervisordepaz (Blue)
Fri Jun 23 22:03:24 2023 CocoThunder captured Blue's Intel.
Fri Jun 23 22:03:24 2023  With 2308 blocks placed, remo_2 is granted the right to unleash the apocalypse.
Fri Jun 23 22:03:24 2023 Gabrielvecks (Red) [Headshot] gonrios321 (Blue)
Fri Jun 23 22:03:24 2023 yanz (Blue) [Headshot] titicaca (Red)
Fri Jun 23 22:03:26 2023 Gabrielvecks (Red) [Headshot] saep (Blue)
Fri Jun 23 22:03:26 2023 yanz (Blue) [Headshot] [HoHo] Maj Hard (Red)
Fri Jun 23 22:03:26 2023 Deuce20 (Blue) [Rifle] Harry (Red)
Fri Jun 23 22:03:28 2023  remo_2 has unleashed an apocalypse from God.
Fri Jun 23 22:03:30 2023  The apocalypse begins in 5
Fri Jun 23 22:03:31 2023  The apocalypse begins in 4
Fri Jun 23 22:03:31 2023 Deuce20 (Blue) [Grenade] [HoHo] Red Cray (Red)
Fri Jun 23 22:03:31 2023 [Global] remo_2 (Red): HEHEHEHA
Fri Jun 23 22:03:32 2023  The apocalypse begins in 3
Fri Jun 23 22:03:33 2023  The apocalypse begins in 2
Fri Jun 23 22:03:33 2023 titicaca (Red) [Headshot] OHIOPRO (Blue)
Fri Jun 23 22:03:34 2023  The apocalypse begins in 1
Fri Jun 23 22:03:36 2023 remo_2 (Red) [Grenade] gonrios321 (Blue)
Fri Jun 23 22:03:36 2023 remo_2 (Red) [Grenade] supervisordepaz (Blue)
Fri Jun 23 22:03:38 2023 remo_2 (Red) [Grenade] OHIOPRO (Blue)
Fri Jun 23 22:03:39 2023 Deuce20 (Blue) [Headshot] titicaca (Red)
Fri Jun 23 22:03:40 2023 remo_2 (Red) [Grenade] gonrios321 (Blue)
Fri Jun 23 22:03:40 2023 god joined Red team
Fri Jun 23 22:03:40 2023  Mahalo for playing aloha.pk tower of babel
Fri Jun 23 22:03:42 2023 saep (Blue) [Headshot] remo_2 (Red)
Fri Jun 23 22:03:43 2023 remo_2 (Red) [Grenade] saep (Blue)
Fri Jun 23 22:03:43 2023 [Team] titicaca (Red): front of brige
Fri Jun 23 22:03:43 2023 titicaca (Red) [Grenade] yanz (Blue)
Fri Jun 23 22:03:43 2023 titicaca (Red) [Grenade] Deuce20 (Blue)
Fri Jun 23 22:03:45 2023 [Team] titicaca (Red): nvm dead
Fri Jun 23 22:03:48 2023  The apocalypse has ended.
Fri Jun 23 22:03:52 2023 [Global] yanz (Blue): wtf
Fri Jun 23 22:03:53 2023  saep has reached 1000 blocks placed! /heaven unlocked.
Fri Jun 23 22:04:02 2023 CocoThunder (Red) [Headshot] Deuce20 (Blue)
Fri Jun 23 22:04:05 2023 Harry (Red) [Headshot] OHIOPRO (Blue)
Fri Jun 23 22:04:07 2023 Harry (Red) [Headshot] supervisordepaz (Blue)
Fri Jun 23 22:04:10 2023  Build a tower to get the enemy's intel. Take it to your team's tent to win!
Fri Jun 23 22:04:11 2023 god picked up Blue's Intel.
Fri Jun 23 22:04:11 2023 You can't destroy your team's blocks in this area. Attack the enemy's tower!
Fri Jun 23 22:04:12 2023 You can't destroy your team's blocks in this area. Attack the enemy's tower!
Fri Jun 23 22:04:13 2023 You can't destroy your team's blocks in this area. Attack the enemy's tower!
Fri Jun 23 22:04:13 2023 [Team] titicaca (Red): theyre almost up
Fri Jun 23 22:04:13 2023 You can't destroy your team's blocks in this area. Attack the enemy's tower!
Fri Jun 23 22:04:16 2023 Deuce20 (Blue) [Rifle] CocoThunder (Red)
Fri Jun 23 22:04:17 2023 Gabrielvecks (Red) [SMG] saep (Blue)
Fri Jun 23 22:04:17 2023 [Team] titicaca (Red): shoot it down if youre up top
Fri Jun 23 22:04:21 2023 titicaca (Red) [Headshot] gonrios321 (Blue)
Fri Jun 23 22:04:22 2023 You must be closer to the enemy's base to shoot blocks!
Fri Jun 23 22:04:36 2023 titicaca (Red) [Grenade] supervisordepaz (Blue)
Fri Jun 23 22:04:38 2023 OHIOPRO (Blue) [Headshot] titicaca (Red)
Fri Jun 23 22:04:39 2023 remo_2 (Red) [Grenade] saep (Blue)
Fri Jun 23 22:04:39 2023 remo_2 (Red) [Fall]
Fri Jun 23 22:04:39 2023 god captured Blue's Intel.
Fri Jun 23 22:04:40 2023 Harry (Red) [Headshot] OHIOPRO (Blue)
Fri Jun 23 22:04:40 2023  Type /HELP for info & commands
Fri Jun 23 22:04:41 2023 Player god has left
Fri Jun 23 22:04:45 2023 [HoHo] Maj Hard (Red) [Fall]
Fri Jun 23 22:04:48 2023 gonrios321 (Blue) [Headshot] Harry (Red)
Fri Jun 23 22:04:59 2023 Harry (Red) [Rifle] yanz (Blue)
Fri Jun 23 22:05:00 2023 CocoThunder (Red) [Grenade] saep (Blue)
Fri Jun 23 22:05:03 2023 saep (Blue) [Headshot] CocoThunder (Red)
Fri Jun 23 22:05:03 2023 supervisordepaz (Blue) [Rifle] Harry (Red)
Fri Jun 23 22:05:04 2023 [HoHo] Red Cray (Red) [Headshot] supervisordepaz (Blue)
Fri Jun 23 22:05:10 2023  Visit our community forums at https://aloha.pk/
Fri Jun 23 22:05:20 2023 Deuce20 (Blue) [Headshot] Harry (Red)
Fri Jun 23 22:05:20 2023 titicaca (Red) [Headshot] luigimenpro (Blue)
Fri Jun 23 22:05:21 2023 Gabrielvecks (Red) [SMG] saep (Blue)
Fri Jun 23 22:05:22 2023 yanz (Blue) [Headshot] Gabrielvecks (Red)
Fri Jun 23 22:05:23 2023 titicaca (Red) [Headshot] gonrios321 (Blue)
Fri Jun 23 22:05:31 2023 Deuce20 (Blue) [Headshot] CocoThunder (Red)
Fri Jun 23 22:05:32 2023 remo_2 (Red) [Headshot] yanz (Blue)
Fri Jun 23 22:05:35 2023 titicaca (Red) [Headshot] OHIOPRO (Blue)
Fri Jun 23 22:05:38 2023 titicaca (Red) [Headshot] supervisordepaz (Blue)
Fri Jun 23 22:05:40 2023  Come chat with us at https://discord.aloha.pk/
Fri Jun 23 22:05:41 2023 remo_2 picked up Blue's Intel.
Fri Jun 23 22:05:41 2023 titicaca (Red) [Rifle] Deuce20 (Blue)
Fri Jun 23 22:05:47 2023 titicaca (Red) [Headshot] luigimenpro (Blue)
Fri Jun 23 22:05:51 2023 Harry (Red) [Headshot] OHIOPRO (Blue)
Fri Jun 23 22:06:01 2023 titicaca (Red) [Headshot] saep (Blue)
Fri Jun 23 22:06:04 2023 supervisordepaz (Blue) [Headshot] titicaca (Red)
Fri Jun 23 22:06:09 2023 remo_2 captured Blue's Intel.
Fri Jun 23 22:06:10 2023  If you believe a player is breaking the rules, please let us know with /ADMIN
Fri Jun 23 22:06:11 2023 CocoThunder (Red) [SMG] saep (Blue)
Fri Jun 23 22:06:12 2023 Harry (Red) [Headshot] Deuce20 (Blue)
Fri Jun 23 22:06:12 2023 gonrios321 (Blue) [Headshot] CocoThunder (Red)
Fri Jun 23 22:06:17 2023 [HoHo] Maj Hard (Red) [Grenade] Deuce20 (Blue)
Fri Jun 23 22:06:18 2023 [HoHo] Maj Hard (Red) [Fall]
Fri Jun 23 22:06:18 2023 Gabrielvecks (Red) [Headshot] luigimenpro (Blue)
Fri Jun 23 22:06:20 2023 gonrios321 (Blue) [Headshot] Gabrielvecks (Red)
Fri Jun 23 22:06:25 2023 yanz (Blue) [Headshot] Harry (Red)
Fri Jun 23 22:06:27 2023 God joined Red team
Fri Jun 23 22:06:34 2023 luigimenpro (Blue) [Weapon Change]
Fri Jun 23 22:06:38 2023 supervisordepaz (Blue) [Headshot] CocoThunder (Red)
Fri Jun 23 22:06:38 2023 [Global] titicaca (Red): bro did you leave just to capitalize your name?
Fri Jun 23 22:06:39 2023 [Global] titicaca (Red): LMAO
Fri Jun 23 22:06:40 2023  Mahalo for playing aloha.pk tower of babel
Fri Jun 23 22:06:47 2023 Deuce20 (Blue) [Headshot] Gabrielvecks (Red)
Fri Jun 23 22:06:48 2023 [HoHo] Red Cray (Red) [Fall]
Fri Jun 23 22:06:50 2023 titicaca (Red) [Rifle] saep (Blue)
Fri Jun 23 22:06:53 2023 supervisordepaz (Blue) [Headshot] Harry (Red)
Fri Jun 23 22:06:53 2023 God picked up Blue's Intel.
Fri Jun 23 22:06:55 2023 titicaca (Red) [Headshot] supervisordepaz (Blue)
Fri Jun 23 22:06:56 2023 [Global] saep (Blue): leave the man alone
Fri Jun 23 22:07:02 2023 [HoHo] Maj Hard (Red) [Fall]
Fri Jun 23 22:07:08 2023 [Global] titicaca (Red): im not grilling him /shrug i thought it was funny
Fri Jun 23 22:07:10 2023  Build a tower to get the enemy's intel. Take it to your team's tent to win!
Fri Jun 23 22:07:12 2023 titicaca (Red) [Headshot] Deuce20 (Blue)
Fri Jun 23 22:07:16 2023 titicaca (Red) [Headshot] gonrios321 (Blue)
Fri Jun 23 22:07:19 2023 God captured Blue's Intel.
Fri Jun 23 22:07:19 2023 Harry (Red) [Headshot] yanz (Blue)
Fri Jun 23 22:07:22 2023 [Global] Gabrielvecks (Red): gg
Fri Jun 23 22:07:24 2023 CocoThunder (Red) [Grenade] saep (Blue)
Fri Jun 23 22:07:25 2023 [Global] titicaca (Red): gg
Fri Jun 23 22:07:27 2023 OHIOPRO (Blue) [Headshot] titicaca (Red)
Fri Jun 23 22:07:30 2023 Harry (Red) [Headshot] Deuce20 (Blue)
Fri Jun 23 22:07:30 2023 Gabrielvecks (Red) [Headshot] OHIOPRO (Blue)
Fri Jun 23 22:07:33 2023 [Global] CocoThunder (Red): gg
Fri Jun 23 22:07:35 2023 supervisordepaz (Blue) [Headshot] Harry (Red)
Fri Jun 23 22:07:36 2023 mezilga joined Blue team
Fri Jun 23 22:07:37 2023 CocoThunder picked up Blue's Intel.
Fri Jun 23 22:07:38 2023 [HoHo] Red Cray (Red) [Headshot] luigimenpro (Blue)
Fri Jun 23 22:07:40 2023  Type /HELP for info & commands
Fri Jun 23 22:07:40 2023 Gabrielvecks (Red) [Headshot] gonrios321 (Blue)
Fri Jun 23 22:07:56 2023 Deuce20 (Blue) [Headshot] Harry (Red)
Fri Jun 23 22:07:58 2023 [HoHo] Red Cray (Red) [Headshot] yanz (Blue)
Fri Jun 23 22:08:01 2023 CocoThunder captured Blue's Intel.
Fri Jun 23 22:08:01 2023 God picked up Blue's Intel.
Fri Jun 23 22:08:03 2023 mezilga (Blue) [SMG] Gabrielvecks (Red)
Fri Jun 23 22:08:10 2023  Visit our community forums at https://aloha.pk/
Fri Jun 23 22:08:18 2023 Harry (Red) [Headshot] gonrios321 (Blue)
Fri Jun 23 22:08:19 2023 titicaca (Red) [Headshot] mezilga (Blue)
Fri Jun 23 22:08:20 2023 [HoHo] Red Cray (Red) [Headshot] supervisordepaz (Blue)
Fri Jun 23 22:08:21 2023 titicaca (Red) [Headshot] saep (Blue)
Fri Jun 23 22:08:25 2023 [HoHo] Maj Hard (Red) [Fall]
Fri Jun 23 22:08:29 2023 [HoHo] Red Cray (Red) [Headshot] luigimenpro (Blue)
Fri Jun 23 22:08:32 2023 God captured Blue's Intel.
Fri Jun 23 22:08:32 2023 Red Wins!
Fri Jun 23 22:08:32 2023  Game finished! Next map: swag2.
Fri Jun 23 22:08:33 2023 mezilga (Blue) [Headshot] remo_2 (Red)
Fri Jun 23 22:08:34 2023 CocoThunder (Red) [Grenade] Deuce20 (Blue)
Fri Jun 23 22:08:34 2023 CocoThunder (Red) [Grenade] luigimenpro (Blue)
Fri Jun 23 22:08:34 2023 CocoThunder (Red) [Grenade] saep (Blue)
Fri Jun 23 22:08:34 2023 mezilga (Blue) [Headshot] titicaca (Red)
Fri Jun 23 22:08:34 2023 Harry (Red) [Rifle] yanz (Blue)
Fri Jun 23 22:08:34 2023 titicaca (Red) [Grenade] OHIOPRO (Blue)
Fri Jun 23 22:08:34 2023 titicaca (Red) [Grenade] supervisordepaz (Blue)
Fri Jun 23 22:08:35 2023 Harry (Red) [Headshot] mezilga (Blue)
Fri Jun 23 22:08:35 2023 gonrios321 (Blue) [SMG] CocoThunder (Red)
Fri Jun 23 22:08:35 2023 Gabrielvecks (Red) [Fall]
Fri Jun 23 22:08:36 2023 [Global] titicaca (Red): gg
Fri Jun 23 22:08:36 2023 Player Gabrielvecks has left
Fri Jun 23 22:08:36 2023 [HoHo] Red Cray (Red) [Fall]
Fri Jun 23 22:08:36 2023 gonrios321 (Blue) [SMG] Harry (Red)
Fri Jun 23 22:08:37 2023 [HoHo] Maj Hard (Red) [Headshot] gonrios321 (Blue)
Fri Jun 23 22:08:38 2023 Player titicaca has left
Fri Jun 23 22:08:40 2023  Come chat with us at https://discord.aloha.pk/
Fri Jun 23 22:08:43 2023 ------ World Unloaded ------
Fri Jun 23 22:08:52 2023 ------ World Loaded ------
Fri Jun 23 22:08:52 2023 Welcome to aloha.pk tower of babel
Fri Jun 23 22:08:52 2023 CocoThunder joined Blue team
Fri Jun 23 22:08:53 2023 Map: Swag 2 by Lostmotel
Fri Jun 23 22:08:55 2023 gonrios321 joined Blue team
Fri Jun 23 22:08:55 2023 Game mode: Tower of Babel by Yourself, modified by izzy
Fri Jun 23 22:08:56 2023 saep joined Red team
Fri Jun 23 22:08:56 2023 supervisordepaz joined Spectator team
Fri Jun 23 22:08:58 2023 Build a tower to get the enemy's intel. Take it to your team's tent to win!
Fri Jun 23 22:08:58 2023 Deuce20 joined Red team
Fri Jun 23 22:08:59 2023 Visit our community forums at https://aloha.pk/
Fri Jun 23 22:09:01 2023 supervisordepaz joined Red team
Fri Jun 23 22:09:01 2023 Come chat with us at https://discord.aloha.pk/
Fri Jun 23 22:09:03 2023 mezilga joined Blue team
Fri Jun 23 22:09:10 2023  If you believe a player is breaking the rules, please let us know with /ADMIN
Fri Jun 23 22:09:12 2023 OHIOPRO joined Blue team
Fri Jun 23 22:09:12 2023 Harry (Red) [Headshot] CocoThunder (Blue)
Fri Jun 23 22:09:14 2023 luigimenpro joined Blue team
Fri Jun 23 22:09:16 2023 [HoHo]ColQuabby joined Blue team
Fri Jun 23 22:09:19 2023 remo_2 joined Red team
Fri Jun 23 22:09:19 2023 [HoHo] Maj Hard joined Blue team
Fri Jun 23 22:09:21 2023 Harry (Red) [Headshot] mezilga (Blue)
Fri Jun 23 22:09:30 2023 God joined Red team
Fri Jun 23 22:09:30 2023 Harry (Red) [Headshot] gonrios321 (Blue)
Fri Jun 23 22:09:32 2023 mezilga (Blue) [SMG] supervisordepaz (Red)
Fri Jun 23 22:09:33 2023 You must be closer to the enemy's base to shoot blocks!
Fri Jun 23 22:09:36 2023 [HoHo] Red Cray joined Blue team
Fri Jun 23 22:09:37 2023 Deuce20 (Red) [Headshot] [HoHo] Maj Hard (Blue)
Fri Jun 23 22:09:37 2023 supervisordepaz (Red) [Weapon Change]
Fri Jun 23 22:09:39 2023 Charlie joined Red team
Fri Jun 23 22:09:40 2023 Harry (Red) [Headshot] CocoThunder (Blue)
Fri Jun 23 22:09:40 2023  Mahalo for playing aloha.pk tower of babel
Fri Jun 23 22:09:43 2023 Harry (Red) [Headshot] luigimenpro (Blue)
Fri Jun 23 22:09:43 2023 Harry (Red) [Rifle] mezilga (Blue)
Fri Jun 23 22:09:47 2023 Deuce20 (Red) [Headshot] [HoHo]ColQuabby (Blue)
Fri Jun 23 22:09:51 2023 Harry (Red) [Headshot] OHIOPRO (Blue)
Fri Jun 23 22:09:51 2023 Player luigimenpro has left
Fri Jun 23 22:09:51 2023 gonrios321 (Blue) [Headshot] God (Red)
Fri Jun 23 22:09:55 2023 Deuce20 (Red) [Rifle] [HoHo] Maj Hard (Blue)
Fri Jun 23 22:09:57 2023 Player OHIOPRO has left
Fri Jun 23 22:09:58 2023 yeremijuegos12 joined Spectator team
Fri Jun 23 22:10:01 2023 mezilga (Blue) [SMG] Harry (Red)
Fri Jun 23 22:10:04 2023 gonrios321 (Blue) [Grenade] Deuce20 (Red)
Fri Jun 23 22:10:05 2023 gonrios321 (Blue) [Rifle]
Fri Jun 23 22:10:08 2023 yanz joined Red team
Fri Jun 23 22:10:10 2023  Build a tower to get the enemy's intel. Take it to your team's tent to win!
Fri Jun 23 22:10:12 2023 yeremijuegos12 joined Blue team
Fri Jun 23 22:10:13 2023 supervisordepaz (Red) [Headshot] [HoHo]ColQuabby (Blue)
Fri Jun 23 22:10:20 2023 mezilga (Blue) [SMG] supervisordepaz (Red)
Fri Jun 23 22:10:26 2023 Harry (Red) [Headshot] gonrios321 (Blue)
Fri Jun 23 22:10:32 2023 yanz (Red) [SMG]
Fri Jun 23 22:10:33 2023 mezilga (Blue) [SMG] Harry (Red)
Fri Jun 23 22:10:35 2023 Deuce20 (Red) [Headshot] yeremijuegos12 (Blue)
Fri Jun 23 22:10:40 2023  Type /HELP for info & commands
Fri Jun 23 22:10:42 2023 Deuce20 (Red) [Grenade] mezilga (Blue)
Fri Jun 23 22:10:43 2023 supervisordepaz (Red) [Headshot] [HoHo] Maj Hard (Blue)
Fri Jun 23 22:10:45 2023 [HoHo]ColQuabby (Blue) [Headshot] Deuce20 (Red)
Fri Jun 23 22:10:50 2023 [HoHo]ColQuabby (Blue) [Headshot] supervisordepaz (Red)
Fri Jun 23 22:10:53 2023 yanz (Red) [SMG]
Fri Jun 23 22:10:54 2023 Player yeremijuegos12 has left
Fri Jun 23 22:10:57 2023 God (Red) [Headshot] [HoHo] Red Cray (Blue)
Fri Jun 23 22:11:05 2023 Harry (Red) [Headshot] mezilga (Blue)
Fri Jun 23 22:11:06 2023 [HoHo]ColQuabby (Blue) [SMG] saep (Red)
Fri Jun 23 22:11:07 2023 God (Red) [Headshot] CocoThunder (Blue)
Fri Jun 23 22:11:10 2023 [HoHo]ColQuabby (Blue) [SMG] Harry (Red)
Fri Jun 23 22:11:10 2023 God (Red) [Headshot] [HoHo] Maj Hard (Blue)
Fri Jun 23 22:11:10 2023  Visit our community forums at https://aloha.pk/
Fri Jun 23 22:11:15 2023 [HoHo]ColQuabby (Blue) [SMG] Deuce20 (Red)
Fri Jun 23 22:11:21 2023 God (Red) [Headshot] [HoHo] Red Cray (Blue)
Fri Jun 23 22:11:21 2023 yanz (Red) [Headshot] [HoHo]ColQuabby (Blue)
Fri Jun 23 22:11:27 2023 mezilga (Blue) [Headshot] yanz (Red)
Fri Jun 23 22:11:28 2023 [HoHo] Red Cray (Blue) [Fall]
Fri Jun 23 22:11:40 2023  Come chat with us at https://discord.aloha.pk/
Fri Jun 23 22:11:40 2023 mezilga (Blue) [SMG] God (Red)
Fri Jun 23 22:11:52 2023 Player [HoHo] Maj Hard has left
Fri Jun 23 22:11:53 2023 mezilga (Blue) [SMG] yanz (Red)
Fri Jun 23 22:11:57 2023 Deuce20 (Red) [Grenade] mezilga (Blue)
Fri Jun 23 22:11:57 2023 Deuce20 (Red) [Headshot] CocoThunder (Blue)
Fri Jun 23 22:12:08 2023 Deuce20 (Red) [Headshot] [HoHo] Red Cray (Blue)
Fri Jun 23 22:12:10 2023  If you believe a player is breaking the rules, please let us know with /ADMIN
Fri Jun 23 22:12:11 2023 Deuce20 (Red) [Rifle] mezilga (Blue)
Fri Jun 23 22:12:12 2023 saep picked up Blue's Intel.
Fri Jun 23 22:12:13 2023 supervisordepaz (Red) [Headshot] [HoHo]ColQuabby (Blue)
Fri Jun 23 22:12:18 2023 Deuce20 (Red) [Headshot] [HoHo]ColQuabby (Blue)
Fri Jun 23 22:12:31 2023 You must be closer to the enemy's base to shoot blocks!
Fri Jun 23 22:12:31 2023 yanz (Red) [SMG] [HoHo] Red Cray (Blue)
Fri Jun 23 22:12:32 2023 You must be closer to the enemy's base to shoot blocks!
Fri Jun 23 22:12:32 2023 Deuce20 (Red) [Headshot] CocoThunder (Blue)
Fri Jun 23 22:12:36 2023 saep captured Blue's Intel.
Fri Jun 23 22:12:37 2023 Harry (Red) [Headshot] mezilga (Blue)
Fri Jun 23 22:12:39 2023 supervisordepaz (Red) [Headshot] mezilga (Blue)
Fri Jun 23 22:12:40 2023  Mahalo for playing aloha.pk tower of babel
Fri Jun 23 22:12:43 2023 Player mezilga has left
Fri Jun 23 22:12:44 2023 Deuce20 (Red) [Rifle] [HoHo] Red Cray (Blue)
Fri Jun 23 22:12:45 2023 remo_2 picked up Blue's Intel.
Fri Jun 23 22:12:45 2023 supervisordepaz (Red) [Headshot] CocoThunder (Blue)
Fri Jun 23 22:12:51 2023 Deuce20 (Red) [Headshot] CocoThunder (Blue)
Fri Jun 23 22:12:55 2023 Harry (Red) [Team Change]
Fri Jun 23 22:12:57 2023 [HoHo]ColQuabby (Blue) [Headshot] supervisordepaz (Red)
Fri Jun 23 22:13:01 2023 supervisordepaz joined Blue team
Fri Jun 23 22:13:02 2023 [HoHo] Red Cray (Blue) [Headshot] yanz (Red)
Fri Jun 23 22:13:09 2023 Deuce20 (Red) [Headshot] [HoHo]ColQuabby (Blue)
Fri Jun 23 22:13:09 2023 saep (Red) [Headshot] CocoThunder (Blue)
Fri Jun 23 22:13:10 2023  Build a tower to get the enemy's intel. Take it to your team's tent to win!
Fri Jun 23 22:13:11 2023 [HoHo] Red Cray (Blue) [Rifle] Deuce20 (Red)
Fri Jun 23 22:13:11 2023 saep (Red) [Headshot] Harry (Blue)
Fri Jun 23 22:13:18 2023 [HoHo] Maj Hard joined Blue team
Fri Jun 23 22:13:25 2023 [HoHo]ColQuabby (Blue) [Headshot] God (Red)
Fri Jun 23 22:13:26 2023 Deuce20 (Red) [Headshot] gonrios321 (Blue)
Fri Jun 23 22:13:32 2023 [HoHo] Red Cray (Blue) [Headshot] yanz (Red)
Fri Jun 23 22:13:34 2023 supervisordepaz (Blue) [Headshot] Deuce20 (Red)
Fri Jun 23 22:13:37 2023 remo_2 captured Blue's Intel.
Fri Jun 23 22:13:39 2023 [HoHo] Red Cray (Blue) [Rifle]
Fri Jun 23 22:13:40 2023  Type /HELP for info & commands
Fri Jun 23 22:13:41 2023 CaptainLemon joined Red team
Fri Jun 23 22:13:42 2023 Deuce20 (Red) [Headshot] supervisordepaz (Blue)
Fri Jun 23 22:13:44 2023 saep picked up Blue's Intel.
Fri Jun 23 22:13:52 2023 Deuce20 (Red) [Headshot] [HoHo] Maj Hard (Blue)
Fri Jun 23 22:13:53 2023 Deuce20 (Red) [Headshot] [HoHo]ColQuabby (Blue)
Fri Jun 23 22:14:00 2023 God (Red) [Headshot] [HoHo] Red Cray (Blue)
Fri Jun 23 22:14:02 2023 Deuce20 (Red) [Headshot] gonrios321 (Blue)
Fri Jun 23 22:14:06 2023 God (Red) [Headshot] [HoHo] Red Cray (Blue)
Fri Jun 23 22:14:07 2023 saep captured Blue's Intel.
Fri Jun 23 22:14:09 2023 Deuce20 (Red) [Headshot] CocoThunder (Blue)
Fri Jun 23 22:14:10 2023  Visit our community forums at https://aloha.pk/
Fri Jun 23 22:14:16 2023 Deuce20 (Red) [Headshot] supervisordepaz (Blue)
Fri Jun 23 22:14:18 2023 [HoHo] Red Cray (Blue) [Headshot] God (Red)
Fri Jun 23 22:14:25 2023 CΘsar joined Blue team
Fri Jun 23 22:14:26 2023 Deuce20 (Red) [Headshot] Harry (Blue)
Fri Jun 23 22:14:34 2023 [HoHo] Maj Hard (Blue) [Rifle] yanz (Red)
Fri Jun 23 22:14:36 2023 p1edrahita joined Red team
Fri Jun 23 22:14:40 2023  Come chat with us at https://discord.aloha.pk/
Fri Jun 23 22:14:43 2023 CaptainLemon (Red) [Fall]
Fri Jun 23 22:14:43 2023 Player CaptainLemon has left
Fri Jun 23 22:14:52 2023 Deuce20 (Red) [Headshot] [HoHo] Maj Hard (Blue)
Fri Jun 23 22:14:54 2023 Deuce20 (Red) [Rifle] supervisordepaz (Blue)
Fri Jun 23 22:14:58 2023 Deuce20 (Red) [Headshot] [HoHo]ColQuabby (Blue)
Fri Jun 23 22:15:01 2023 [HoHo] Red Cray (Blue) [Rifle] Deuce20 (Red)
Fri Jun 23 22:15:02 2023 p1edrahita picked up Blue's Intel.
Fri Jun 23 22:15:04 2023 yanz (Red) [SMG]
Fri Jun 23 22:15:04 2023 CΘsar (Blue) [Rifle]
Fri Jun 23 22:15:10 2023  If you believe a player is breaking the rules, please let us know with /ADMIN
Fri Jun 23 22:15:12 2023 Deuce20 (Red) [Headshot] [HoHo] Red Cray (Blue)
Fri Jun 23 22:15:21 2023 God (Red) [Headshot] Harry (Blue)
Fri Jun 23 22:15:24 2023 yanz (Red) [Headshot] CocoThunder (Blue)
Fri Jun 23 22:15:27 2023 p1edrahita captured Blue's Intel.
Fri Jun 23 22:15:28 2023 Deuce20 (Red) [Headshot] supervisordepaz (Blue)
Fri Jun 23 22:15:33 2023 Deuce20 (Red) [Headshot] [HoHo]ColQuabby (Blue)
Fri Jun 23 22:15:39 2023 gonrios321 (Blue) [Headshot] saep (Red)
Fri Jun 23 22:15:40 2023 [HoHo] Maj Hard (Blue) [Headshot] God (Red)
Fri Jun 23 22:15:40 2023  Mahalo for playing aloha.pk tower of babel
Fri Jun 23 22:15:49 2023 supervisordepaz (Blue) [Headshot] yanz (Red)
Fri Jun 23 22:15:50 2023 p1edrahita picked up Blue's Intel.
Fri Jun 23 22:15:57 2023 [HoHo]ColQuabby (Blue) [SMG]
Fri Jun 23 22:15:57 2023 supervisordepaz (Blue) [Headshot] Deuce20 (Red)
Fri Jun 23 22:16:05 2023 supervisordepaz (Blue) [Headshot] God (Red)
Fri Jun 23 22:16:05 2023 CΘsar (Blue) [Rifle]
Fri Jun 23 22:16:06 2023 [HoHo] Red Cray (Blue) [Headshot] yanz (Red)
Fri Jun 23 22:16:07 2023 Deuce20 (Red) [Headshot] supervisordepaz (Blue)
Fri Jun 23 22:16:07 2023 Charlie (Red) [SMG] gonrios321 (Blue)
Fri Jun 23 22:16:08 2023 Charlie (Red) [Headshot] Harry (Blue)
Fri Jun 23 22:16:11 2023  Build a tower to get the enemy's intel. Take it to your team's tent to win!
Fri Jun 23 22:16:12 2023 [HoHo] Maj Hard (Blue) [Headshot] Charlie (Red)
Fri Jun 23 22:16:15 2023 p1edrahita captured Blue's Intel.
Fri Jun 23 22:16:15 2023  With 1070 blocks placed, saep is granted the right to unleash the apocalypse.
Fri Jun 23 22:16:19 2023 hernanlolMC joined Spectator team
Fri Jun 23 22:16:21 2023 remo_2 (Red) [Fall]
Fri Jun 23 22:16:24 2023 hernanlolMC joined Red team
Fri Jun 23 22:16:29 2023 yanz (Red) [Headshot] [HoHo] Maj Hard (Blue)
Fri Jun 23 22:16:30 2023 Deuce20 (Red) [Headshot] Harry (Blue)
Fri Jun 23 22:16:36 2023 saep (Red) [Headshot] CocoThunder (Blue)
Fri Jun 23 22:16:36 2023 Deuce20 (Red) [Headshot] CΘsar (Blue)
Fri Jun 23 22:16:39 2023  saep has unleashed an apocalypse from God.
Fri Jun 23 22:16:41 2023  Type /HELP for info & commands
Fri Jun 23 22:16:41 2023 Deuce20 (Red) [Rifle] [HoHo]ColQuabby (Blue)
Fri Jun 23 22:16:41 2023  The apocalypse begins in 5
Fri Jun 23 22:16:41 2023 p1edrahita picked up Blue's Intel.
Fri Jun 23 22:16:42 2023  The apocalypse begins in 4
Fri Jun 23 22:16:43 2023  The apocalypse begins in 3
Fri Jun 23 22:16:43 2023 Deuce20 (Red) [Headshot] gonrios321 (Blue)
Fri Jun 23 22:16:44 2023  The apocalypse begins in 2
Fri Jun 23 22:16:45 2023  The apocalypse begins in 1
Fri Jun 23 22:16:48 2023 saep (Red) [Grenade] Harry (Blue)
Fri Jun 23 22:16:48 2023 saep (Red) [Grenade] supervisordepaz (Blue)
Fri Jun 23 22:16:49 2023 saep (Red) [Grenade] [HoHo] Red Cray (Blue)
Fri Jun 23 22:16:49 2023 saep (Red) [Grenade] CΘsar (Blue)
Fri Jun 23 22:16:49 2023 saep (Red) [Grenade] supervisordepaz (Blue)
Fri Jun 23 22:16:50 2023 saep (Red) [Grenade] [HoHo] Maj Hard (Blue)
Fri Jun 23 22:16:50 2023 saep (Red) [Grenade] CΘsar (Blue)
Fri Jun 23 22:16:50 2023 saep (Red) [Grenade] gonrios321 (Blue)
Fri Jun 23 22:16:51 2023 saep (Red) [Grenade] [HoHo]ColQuabby (Blue)
Fri Jun 23 22:16:52 2023 saep (Red) [Grenade] Harry (Blue)
Fri Jun 23 22:16:58 2023 You are playing aloha.pk tower of babel
Fri Jun 23 22:16:59 2023  The apocalypse has ended.
Fri Jun 23 22:17:00 2023 Map: Swag 2 by Lostmotel
Fri Jun 23 22:17:02 2023 Game mode: Tower of Babel by Yourself, modified by izzy
Fri Jun 23 22:17:04 2023 supervisordepaz (Blue) [Headshot] hernanlolMC (Red)
Fri Jun 23 22:17:04 2023 Build a tower to get the enemy's intel. Take it to your team's tent to win!
Fri Jun 23 22:17:06 2023 Team destruction is disabled in some areas.
Fri Jun 23 22:17:07 2023 p1edrahita captured Blue's Intel.
Fri Jun 23 22:17:08 2023 Deuce20 (Red) [Headshot] supervisordepaz (Blue)
Fri Jun 23 22:17:08 2023 God (Red) [Headshot] CocoThunder (Blue)
Fri Jun 23 22:17:08 2023 /STREAK    Shows how many kills in a row you got without dying
Fri Jun 23 22:17:10 2023 /INTEL     Tells you who has the enemy intel
Fri Jun 23 22:17:11 2023  Visit our community forums at https://aloha.pk/
Fri Jun 23 22:17:12 2023 /VOTEKICK  Start a vote to temporarily ban a disruptive player
Fri Jun 23 22:17:14 2023 /ADMIN     Send a message to the aloha.pk staff
Fri Jun 23 22:17:16 2023 Visit our community forums at https://aloha.pk/
Fri Jun 23 22:17:18 2023 Come chat with us at https://discord.aloha.pk/
Fri Jun 23 22:17:23 2023 yanz (Red) [SMG] gonrios321 (Blue)
Fri Jun 23 22:17:24 2023 yanz (Red) [Headshot] [HoHo]ColQuabby (Blue)
Fri Jun 23 22:17:25 2023 CΘsar (Blue) [Rifle] God (Red)
Fri Jun 23 22:17:29 2023 CocoThunder (Blue) [SMG] yanz (Red)
Fri Jun 23 22:17:31 2023 p1edrahita picked up Blue's Intel.
Fri Jun 23 22:17:34 2023 [HoHo] Red Cray (Blue) [Headshot] Deuce20 (Red)
Fri Jun 23 22:17:35 2023 JHERSONPI777 joined Blue team
Fri Jun 23 22:17:36 2023 [HoHo]ColQuabby (Blue) [Grenade]
Fri Jun 23 22:17:41 2023  Come chat with us at https://discord.aloha.pk/
Fri Jun 23 22:17:46 2023 Deuce20 (Red) [Headshot] CocoThunder (Blue)
Fri Jun 23 22:17:47 2023 saep (Red) [Headshot] CΘsar (Blue)
Fri Jun 23 22:17:51 2023 hernanlolMC (Red) [Headshot] [HoHo]ColQuabby (Blue)
Fri Jun 23 22:17:52 2023 yanz (Red) [SMG] supervisordepaz (Blue)
Fri Jun 23 22:17:56 2023 p1edrahita captured Blue's Intel.
Fri Jun 23 22:17:58 2023 saep picked up Blue's Intel.
Fri Jun 23 22:17:59 2023 God (Red) [Headshot] JHERSONPI777 (Blue)
Fri Jun 23 22:18:08 2023 Deuce20 (Red) [Rifle] gonrios321 (Blue)
Fri Jun 23 22:18:08 2023 Harry (Blue) [Headshot] Deuce20 (Red)
Fri Jun 23 22:18:11 2023  If you believe a player is breaking the rules, please let us know with /ADMIN
Fri Jun 23 22:18:15 2023 yanz (Red) [Headshot] [HoHo] Maj Hard (Blue)
Fri Jun 23 22:18:20 2023 [HoHo] Red Cray (Blue) [Headshot] Deuce20 (Red)
Fri Jun 23 22:18:21 2023 God (Red) [Rifle] supervisordepaz (Blue)
Fri Jun 23 22:18:21 2023 saep captured Blue's Intel.
Fri Jun 23 22:18:22 2023 hernanlolMC (Red) [Fall]
Fri Jun 23 22:18:23 2023 yanz (Red) [SMG] CocoThunder (Blue)
Fri Jun 23 22:18:25 2023 p1edrahita picked up Blue's Intel.
Fri Jun 23 22:18:26 2023 yanz (Red) [Headshot] CΘsar (Blue)
Fri Jun 23 22:18:28 2023 ShelobxWrath joined Blue team
Fri Jun 23 22:18:31 2023 yanz (Red) [Headshot] Harry (Blue)
Fri Jun 23 22:18:31 2023 BigUltraFunny joined Red team
Fri Jun 23 22:18:34 2023 JHERSONPI777 (Blue) [SMG]
Fri Jun 23 22:18:35 2023 God (Red) [Fall]
Fri Jun 23 22:18:36 2023 yanz (Red) [Headshot] [HoHo] Red Cray (Blue)
Fri Jun 23 22:18:38 2023 [HoHo] Maj Hard (Blue) [Headshot] yanz (Red)
Fri Jun 23 22:18:40 2023  Mahalo for playing aloha.pk tower of babel
Fri Jun 23 22:18:48 2023 p1edrahita captured Blue's Intel.
Fri Jun 23 22:18:49 2023 gonrios321 (Blue) [Headshot] hernanlolMC (Red)
Fri Jun 23 22:18:50 2023 saep picked up Blue's Intel.
Fri Jun 23 22:18:51 2023 Charlie (Red) [SMG] gonrios321 (Blue)
Fri Jun 23 22:18:52 2023 Player hernanlolMC has left
Fri Jun 23 22:18:52 2023 Charlie (Red) [Headshot] CocoThunder (Blue)
Fri Jun 23 22:18:55 2023 JHERSONPI777 (Blue) [SMG]
Fri Jun 23 22:18:55 2023 Deuce20 (Red) [Headshot] [HoHo]ColQuabby (Blue)
Fri Jun 23 22:18:55 2023 [HoHo] Maj Hard (Blue) [Headshot] Charlie (Red)
Fri Jun 23 22:19:05 2023 Deuce20 (Red) [Headshot] [HoHo] Maj Hard (Blue)
Fri Jun 23 22:19:08 2023 Deuce20 (Red) [Headshot] supervisordepaz (Blue)
Fri Jun 23 22:19:11 2023  Build a tower to get the enemy's intel. Take it to your team's tent to win!
Fri Jun 23 22:19:16 2023 saep captured Blue's Intel.
Fri Jun 23 22:19:16 2023 Red Wins!
Fri Jun 23 22:19:16 2023  Game finished! Next map: moskvababel.
Fri Jun 23 22:19:18 2023 saep (Red) [Headshot] [HoHo] Red Cray (Blue)
Fri Jun 23 22:19:18 2023 Charlie (Red) [SMG] [HoHo] Red Cray (Blue)
Fri Jun 23 22:19:19 2023 saep (Red) [Headshot] [HoHo]ColQuabby (Blue)
Fri Jun 23 22:19:19 2023 Charlie (Red) [Headshot] ShelobxWrath (Blue)
Fri Jun 23 22:19:19 2023 remo_2 (Red) [SMG] ShelobxWrath (Blue)
Fri Jun 23 22:19:19 2023 Charlie (Red) [SMG] [HoHo] Maj Hard (Blue)
Fri Jun 23 22:19:19 2023 saep (Red) [SMG] ShelobxWrath (Blue)
Fri Jun 23 22:19:19 2023 remo_2 (Red) [SMG] [HoHo] Maj Hard (Blue)
Fri Jun 23 22:19:19 2023 Charlie (Red) [SMG] [HoHo] Maj Hard (Blue)
Fri Jun 23 22:19:19 2023 Charlie (Red) [SMG] [HoHo] Maj Hard (Blue)
Fri Jun 23 22:19:20 2023 JHERSONPI777 (Blue) [SMG] saep (Red)
Fri Jun 23 22:19:20 2023 remo_2 (Red) [Headshot] CΘsar (Blue)
Fri Jun 23 22:19:20 2023 p1edrahita (Red) [SMG] supervisordepaz (Blue)
Fri Jun 23 22:19:21 2023 Harry (Blue) [Fall]
Fri Jun 23 22:19:22 2023 God (Red) [Rifle] JHERSONPI777 (Blue)
Fri Jun 23 22:19:22 2023 BigUltraFunny (Red) [Rifle] CocoThunder (Blue)
Fri Jun 23 22:19:23 2023 p1edrahita (Red) [SMG] gonrios321 (Blue)
Fri Jun 23 22:19:23 2023 gonrios321 (Blue) [Grenade] p1edrahita (Red)
Fri Jun 23 22:19:28 2023 ------ World Unloaded ------
Fri Jun 23 22:19:51 2023 ------ World Loaded ------
Fri Jun 23 22:19:51 2023 Welcome to aloha.pk tower of babel
Fri Jun 23 22:19:52 2023 Map: moskvababel by (unknown)
Fri Jun 23 22:19:54 2023 Game mode: Tower of Babel by Yourself, modified by izzy
Fri Jun 23 22:19:55 2023 BigUltraFunny joined Blue team
Fri Jun 23 22:19:56 2023 CΘsar joined Blue team
Fri Jun 23 22:19:56 2023 Build a tower to get the enemy's intel. Take it to your team's tent to win!
Fri Jun 23 22:19:57 2023 ShelobxWrath joined Red team
Fri Jun 23 22:19:58 2023 Deuce20 joined Red team
Fri Jun 23 22:19:58 2023 supervisordepaz joined Blue team
Fri Jun 23 22:19:58 2023 saep joined Red team
Fri Jun 23 22:19:58 2023 Visit our community forums at https://aloha.pk/
Fri Jun 23 22:20:00 2023 Come chat with us at https://discord.aloha.pk/
Fri Jun 23 22:20:02 2023 [HoHo]ColQuabby joined Red team
Fri Jun 23 22:20:06 2023 gonrios321 joined Blue team
Fri Jun 23 22:20:09 2023 p1edrahita joined Blue team
Fri Jun 23 22:20:11 2023 yanz joined Red team
Fri Jun 23 22:20:15 2023 remo_2 joined Red team
Fri Jun 23 22:20:26 2023 [HoHo] Maj Hard joined Blue team
Fri Jun 23 22:20:28 2023 [HoHo]ColQuabby (Red) [Headshot] BigUltraFunny (Blue)
Fri Jun 23 22:20:28 2023 CΘsar (Blue) [Rifle] [HoHo]ColQuabby (Red)
Fri Jun 23 22:20:31 2023 p1edrahita (Blue) [Headshot] ShelobxWrath (Red)
Fri Jun 23 22:20:34 2023 Deuce20 (Red) [Headshot] p1edrahita (Blue)
Fri Jun 23 22:20:34 2023 Player BigUltraFunny has left
Fri Jun 23 22:20:35 2023 God joined Blue team
Fri Jun 23 22:20:41 2023  Come chat with us at https://discord.aloha.pk/
Fri Jun 23 22:20:50 2023 God (Blue) [Headshot] Deuce20 (Red)
Fri Jun 23 22:20:59 2023 Harry (Red) [Headshot] [HoHo] Maj Hard (Blue)
Fri Jun 23 22:21:01 2023 remo_2 (Red) [Fall]
Fri Jun 23 22:21:01 2023 Harry (Red) [Headshot] p1edrahita (Blue)
Fri Jun 23 22:21:02 2023 [Global] remo_2 (Red): a
Fri Jun 23 22:21:03 2023 saep (Red) [Fall]
Fri Jun 23 22:21:05 2023 God (Blue) [Rifle] [HoHo]ColQuabby (Red)
Fri Jun 23 22:21:06 2023 BigUltraFunny joined Red team
Fri Jun 23 22:21:10 2023 supervisordepaz (Blue) [Headshot] Harry (Red)
Fri Jun 23 22:21:11 2023  If you believe a player is breaking the rules, please let us know with /ADMIN
Fri Jun 23 22:21:13 2023 [HoHo]ColQuabby joined Blue team
Fri Jun 23 22:21:26 2023 Deuce20 (Red) [Headshot] [HoHo] Maj Hard (Blue)
Fri Jun 23 22:21:29 2023 Deuce20 (Red) [Headshot] supervisordepaz (Blue)
Fri Jun 23 22:21:32 2023 God (Blue) [Headshot] Harry (Red)
Fri Jun 23 22:21:35 2023 God (Blue) [Headshot] Deuce20 (Red)
Fri Jun 23 22:21:38 2023 BigUltraFunny picked up Blue's Intel.
Fri Jun 23 22:21:41 2023  Mahalo for playing aloha.pk tower of babel
Fri Jun 23 22:21:46 2023 BigUltraFunny dropped Blue's Intel
Fri Jun 23 22:21:46 2023  The intel has returned to the heavens
Fri Jun 23 22:21:46 2023 BigUltraFunny (Red) [Fall]
Fri Jun 23 22:21:47 2023 [HoHo] Red Cray joined Blue team
Fri Jun 23 22:21:53 2023 p1edrahita (Blue) [Headshot] yanz (Red)
Fri Jun 23 22:21:59 2023 Harry (Red) [Headshot] p1edrahita (Blue)
Fri Jun 23 22:22:01 2023 Deuce20 (Red) [Grenade] [HoHo] Maj Hard (Blue)
Fri Jun 23 22:22:03 2023 Deuce20 (Red) [Headshot] p1edrahita (Blue)
Fri Jun 23 22:22:05 2023 Deuce20 (Red) [Headshot] [HoHo] Red Cray (Blue)
Fri Jun 23 22:22:11 2023  Build a tower to get the enemy's intel. Take it to your team's tent to win!
Fri Jun 23 22:22:12 2023 Deuce20 (Red) [Rifle] God (Blue)
Fri Jun 23 22:22:20 2023 Harry (Red) [Headshot] supervisordepaz (Blue)
Fri Jun 23 22:22:23 2023 yanz picked up Blue's Intel.
Fri Jun 23 22:22:24 2023 Deuce20 (Red) [Headshot] [HoHo]ColQuabby (Blue)
Fri Jun 23 22:22:33 2023 God (Blue) [Headshot] ShelobxWrath (Red)
Fri Jun 23 22:22:34 2023 Harry (Red) [Headshot] God (Blue)
Fri Jun 23 22:22:38 2023 You must be closer to the enemy's base to shoot blocks!
Fri Jun 23 22:22:39 2023 You must be closer to the enemy's base to shoot blocks!
Fri Jun 23 22:22:39 2023 You must be closer to the enemy's base to shoot blocks!
Fri Jun 23 22:22:41 2023 supervisordepaz (Blue) [Headshot] Harry (Red)
Fri Jun 23 22:22:41 2023  Type /HELP for info & commands
Fri Jun 23 22:22:42 2023 CΘsar (Blue) [Headshot] ShelobxWrath (Red)
Fri Jun 23 22:22:47 2023 Deuce20 (Red) [Headshot] [HoHo] Red Cray (Blue)
Fri Jun 23 22:22:51 2023 yanz captured Blue's Intel.
Fri Jun 23 22:22:54 2023 CΘsar (Blue) [Headshot] ShelobxWrath (Red)
Fri Jun 23 22:22:56 2023 Deuce20 (Red) [Headshot] [HoHo] Red Cray (Blue)
Fri Jun 23 22:22:59 2023 saep (Red) [Headshot] p1edrahita (Blue)
Fri Jun 23 22:23:01 2023 Deuce20 (Red) [Headshot] God (Blue)
Fri Jun 23 22:23:04 2023 CΘsar (Blue) [Headshot] ShelobxWrath (Red)
Fri Jun 23 22:23:05 2023 supervisordepaz (Blue) [Headshot] Harry (Red)
Fri Jun 23 22:23:07 2023 CΘsar (Blue) [Headshot] yanz (Red)
Fri Jun 23 22:23:11 2023  Visit our community forums at https://aloha.pk/
Fri Jun 23 22:23:13 2023 [Team] yanz (Red): behind
Fri Jun 23 22:23:14 2023 saep (Red) [Rifle] [HoHo] Red Cray (Blue)
Fri Jun 23 22:23:15 2023 CΘsar (Blue) [Headshot] ShelobxWrath (Red)
Fri Jun 23 22:23:20 2023 saep (Red) [Headshot] [HoHo] Maj Hard (Blue)
Fri Jun 23 22:23:21 2023 Deuce20 (Red) [Headshot] [HoHo]ColQuabby (Blue)
Fri Jun 23 22:23:21 2023 supervisordepaz (Blue) [Headshot] BigUltraFunny (Red)
Fri Jun 23 22:23:26 2023 supervisordepaz (Blue) [Headshot] Harry (Red)
Fri Jun 23 22:23:27 2023 CΘsar (Blue) [Rifle] yanz (Red)
Fri Jun 23 22:23:27 2023 saep picked up Blue's Intel.
Fri Jun 23 22:23:29 2023 CΘsar (Blue) [Headshot] BigUltraFunny (Red)
Fri Jun 23 22:23:32 2023 CΘsar (Blue) [Headshot] ShelobxWrath (Red)
Fri Jun 23 22:23:34 2023 God (Blue) [Fall]
Fri Jun 23 22:23:36 2023 supervisordepaz (Blue) [Headshot] remo_2 (Red)
Fri Jun 23 22:23:39 2023 Player ShelobxWrath has left
Fri Jun 23 22:23:41 2023  Come chat with us at https://discord.aloha.pk/
Fri Jun 23 22:23:41 2023 yanz (Red) [SMG] CΘsar (Blue)
Fri Jun 23 22:23:44 2023 Deuce20 (Red) [Headshot] [HoHo] Red Cray (Blue)
Fri Jun 23 22:23:47 2023 Harry (Red) [Headshot] p1edrahita (Blue)
Fri Jun 23 22:23:48 2023 Deuce20 (Red) [Headshot] God (Blue)
Fri Jun 23 22:23:49 2023 supervisordepaz (Blue) [Headshot] Harry (Red)
Fri Jun 23 22:23:54 2023 saep captured Blue's Intel.
Fri Jun 23 22:23:59 2023 supervisordepaz (Blue) [Headshot] Harry (Red)
Fri Jun 23 22:24:03 2023 [HoHo] Red Cray (Blue) [Rifle] Deuce20 (Red)
Fri Jun 23 22:24:11 2023  If you believe a player is breaking the rules, please let us know with /ADMIN
Fri Jun 23 22:24:18 2023 CΘsar (Blue) [Rifle] yanz (Red)
Fri Jun 23 22:24:21 2023 Harry (Red) [Rifle] p1edrahita (Blue)
Fri Jun 23 22:24:26 2023 You can't destroy your team's blocks in this area. Attack the enemy's tower!
Fri Jun 23 22:24:28 2023 BigUltraFunny (Red) [Grenade]
Fri Jun 23 22:24:32 2023 Harry (Red) [Headshot] God (Blue)
Fri Jun 23 22:24:34 2023 remo_2 (Red) [Headshot] [HoHo]ColQuabby (Blue)
Fri Jun 23 22:24:36 2023 [HoHo] Red Cray (Blue) [Headshot] remo_2 (Red)
Fri Jun 23 22:24:38 2023 [Global] remo_2 (Red): aa
Fri Jun 23 22:24:40 2023 supervisordepaz (Blue) [Headshot] BigUltraFunny (Red)
Fri Jun 23 22:24:40 2023 [Team] remo_2 (Red): go up
Fri Jun 23 22:24:41 2023  Mahalo for playing aloha.pk tower of babel
Fri Jun 23 22:24:43 2023 Player BigUltraFunny has left
Fri Jun 23 22:24:46 2023 CΘsar (Blue) [Headshot] yanz (Red)
Fri Jun 23 22:24:49 2023 remo_2 (Red) [SMG] supervisordepaz (Blue)
Fri Jun 23 22:25:02 2023 Harry (Red) [Headshot] God (Blue)
Fri Jun 23 22:25:07 2023 [HoHo] Red Cray (Blue) [Rifle] saep (Red)
Fri Jun 23 22:25:07 2023 CΘsar (Blue) [Headshot] yanz (Red)
Fri Jun 23 22:25:07 2023 Harry (Red) [Headshot] p1edrahita (Blue)
Fri Jun 23 22:25:11 2023  Build a tower to get the enemy's intel. Take it to your team's tent to win!
Fri Jun 23 22:25:13 2023 Harry (Red) [Headshot] [HoHo]ColQuabby (Blue)
Fri Jun 23 22:25:22 2023 gonrios321 (Blue) [Headshot] yanz (Red)
Fri Jun 23 22:25:24 2023 Deuce20 (Red) [Headshot] God (Blue)
Fri Jun 23 22:25:30 2023 Deuce20 (Red) [Rifle] p1edrahita (Blue)
Fri Jun 23 22:25:35 2023 Harry (Red) [Headshot] God (Blue)
Fri Jun 23 22:25:37 2023 supervisordepaz (Blue) [Headshot] Harry (Red)
Fri Jun 23 22:25:38 2023 Deuce20 (Red) [Headshot] supervisordepaz (Blue)
Fri Jun 23 22:25:39 2023 saep picked up Blue's Intel.
Fri Jun 23 22:25:41 2023  Type /HELP for info & commands
Fri Jun 23 22:25:50 2023 yanz (Red) [Headshot] gonrios321 (Blue)
Fri Jun 23 22:25:54 2023 Deuce20 (Red) [Rifle] [HoHo]ColQuabby (Blue)
Fri Jun 23 22:25:55 2023 Harry (Red) [Rifle] [HoHo] Maj Hard (Blue)
Fri Jun 23 22:25:55 2023 Player God has left
Fri Jun 23 22:26:02 2023 saep captured Blue's Intel.
Fri Jun 23 22:26:05 2023 Harry (Red) [Headshot] supervisordepaz (Blue)
Fri Jun 23 22:26:11 2023  Visit our community forums at https://aloha.pk/
Fri Jun 23 22:26:11 2023 Harry (Red) [Headshot] [HoHo]ColQuabby (Blue)
Fri Jun 23 22:26:12 2023 Deuce20 (Red) [Headshot] [HoHo] Maj Hard (Blue)
Fri Jun 23 22:26:12 2023 Harry (Red) [Headshot] gonrios321 (Blue)
Fri Jun 23 22:26:20 2023 Deuce20 (Red) [Headshot] supervisordepaz (Blue)
Fri Jun 23 22:26:21 2023 saep picked up Blue's Intel.
Fri Jun 23 22:26:22 2023 Deuce20 (Red) [Headshot] [HoHo] Red Cray (Blue)
Fri Jun 23 22:26:26 2023 Deuce20 (Red) [Headshot] [HoHo] Maj Hard (Blue)
Fri Jun 23 22:26:28 2023 [HoHo] Red Cray (Blue) [Headshot] Deuce20 (Red)
Fri Jun 23 22:26:28 2023 yanz (Red) [Headshot] CΘsar (Blue)
Fri Jun 23 22:26:38 2023 Harry (Red) [Rifle] p1edrahita (Blue)
Fri Jun 23 22:26:40 2023 saep captured Blue's Intel.
Fri Jun 23 22:26:41 2023  Come chat with us at https://discord.aloha.pk/
Fri Jun 23 22:26:41 2023 [HoHo] Red Cray (Blue) [Headshot] Harry (Red)
Fri Jun 23 22:26:48 2023 gonrios321 (Blue) [Headshot] remo_2 (Red)
Fri Jun 23 22:26:55 2023 Deuce20 (Red) [Headshot] gonrios321 (Blue)
Fri Jun 23 22:27:04 2023 Deuce20 (Red) [Headshot] CΘsar (Blue)
Fri Jun 23 22:27:05 2023 saep (Red) [Headshot] [HoHo]ColQuabby (Blue)
Fri Jun 23 22:27:07 2023 gonrios321 (Blue) [Headshot] saep (Red)
Fri Jun 23 22:27:07 2023 Deuce20 (Red) [Headshot] supervisordepaz (Blue)
Fri Jun 23 22:27:11 2023  If you believe a player is breaking the rules, please let us know with /ADMIN
Fri Jun 23 22:27:21 2023 supervisordepaz (Blue) [Headshot] yanz (Red)
Fri Jun 23 22:27:22 2023 Deuce20 (Red) [Headshot] gonrios321 (Blue)
Fri Jun 23 22:27:26 2023 supervisordepaz (Blue) [Headshot] Harry (Red)
Fri Jun 23 22:27:26 2023 [Team] saep (Red): remo wtf
Fri Jun 23 22:27:41 2023  Mahalo for playing aloha.pk tower of babel
Fri Jun 23 22:27:42 2023 Deuce20 (Red) [Headshot] [HoHo] Maj Hard (Blue)
Fri Jun 23 22:27:45 2023 Deuce20 (Red) [Headshot] gonrios321 (Blue)
Fri Jun 23 22:27:46 2023 supervisordepaz (Blue) [Headshot] yanz (Red)
Fri Jun 23 22:27:53 2023 Deuce20 (Red) [Headshot] CΘsar (Blue)
Fri Jun 23 22:27:54 2023 saep picked up Blue's Intel.
Fri Jun 23 22:28:03 2023 supervisordepaz (Blue) [Rifle] Deuce20 (Red)
Fri Jun 23 22:28:04 2023 yanz (Red) [Weapon Change]
Fri Jun 23 22:28:05 2023 [HoHo] Maj Hard (Blue) [Weapon Change]
Fri Jun 23 22:28:11 2023  Build a tower to get the enemy's intel. Take it to your team's tent to win!
Fri Jun 23 22:28:12 2023 saep captured Blue's Intel.
Fri Jun 23 22:28:12 2023  With 1090 blocks placed, remo_2 is granted the right to unleash the apocalypse.
Fri Jun 23 22:28:14 2023 Harry (Red) [Headshot] supervisordepaz (Blue)
Fri Jun 23 22:28:14 2023 [Global] Deuce20 (Red): right side smg
Fri Jun 23 22:28:18 2023  remo_2 has unleashed an apocalypse from God.
Fri Jun 23 22:28:20 2023  The apocalypse begins in 5
Fri Jun 23 22:28:21 2023  The apocalypse begins in 4
Fri Jun 23 22:28:22 2023  The apocalypse begins in 3
Fri Jun 23 22:28:23 2023  The apocalypse begins in 2
Fri Jun 23 22:28:24 2023  The apocalypse begins in 1
Fri Jun 23 22:28:24 2023 gonrios321 (Blue) [Fall]
Fri Jun 23 22:28:26 2023 remo_2 (Red) [Grenade] [HoHo] Red Cray (Blue)
Fri Jun 23 22:28:28 2023 remo_2 (Red) [Grenade] p1edrahita (Blue)
Fri Jun 23 22:28:28 2023 Deuce20 (Red) [Headshot] [HoHo]ColQuabby (Blue)
Fri Jun 23 22:28:29 2023 remo_2 (Red) [Grenade] gonrios321 (Blue)
Fri Jun 23 22:28:31 2023 [Team] Deuce20 (Red): dead
Fri Jun 23 22:28:38 2023  The apocalypse has ended.
Fri Jun 23 22:28:39 2023 saep (Red) [Fall]
Fri Jun 23 22:28:41 2023  Type /HELP for info & commands
Fri Jun 23 22:28:51 2023 Harry (Red) [Headshot] supervisordepaz (Blue)
Fri Jun 23 22:28:51 2023 Deuce20 (Red) [Headshot] CΘsar (Blue)
Fri Jun 23 22:28:51 2023 yanz (Red) [Headshot] gonrios321 (Blue)
Fri Jun 23 22:28:53 2023 Harry (Red) [Headshot] [HoHo] Red Cray (Blue)
Fri Jun 23 22:28:57 2023 Harry (Red) [Headshot] p1edrahita (Blue)
Fri Jun 23 22:29:00 2023 Deuce20 (Red) [Headshot] [HoHo]ColQuabby (Blue)
Fri Jun 23 22:29:08 2023 saep picked up Blue's Intel.
Fri Jun 23 22:29:11 2023  Visit our community forums at https://aloha.pk/
Fri Jun 23 22:29:12 2023 yanz (Red) [Headshot] p1edrahita (Blue)
Fri Jun 23 22:29:18 2023 Harry (Red) [Headshot] supervisordepaz (Blue)
Fri Jun 23 22:29:22 2023 Deuce20 (Red) [Rifle] gonrios321 (Blue)
Fri Jun 23 22:29:23 2023 Harry (Red) [Headshot] [HoHo]ColQuabby (Blue)
Fri Jun 23 22:29:24 2023 Harry (Red) [Headshot] [HoHo] Red Cray (Blue)
Fri Jun 23 22:29:26 2023 [HoHo] Maj Hard (Blue) [Headshot] remo_2 (Red)
Fri Jun 23 22:29:28 2023 saep captured Blue's Intel.
Fri Jun 23 22:29:29 2023 Harry (Red) [Rifle] CΘsar (Blue)
Fri Jun 23 22:29:36 2023 You must be closer to the enemy's base to shoot blocks!
Fri Jun 23 22:29:38 2023 Deuce20 (Red) [Rifle] gonrios321 (Blue)
Fri Jun 23 22:29:41 2023  Come chat with us at https://discord.aloha.pk/
Fri Jun 23 22:29:43 2023 [HoHo] Red Cray (Blue) [Headshot] Harry (Red)
Fri Jun 23 22:29:47 2023 saep picked up Blue's Intel.
Fri Jun 23 22:29:48 2023 Deuce20 (Red) [Headshot] [HoHo]ColQuabby (Blue)
Fri Jun 23 22:30:01 2023 Deuce20 (Red) [Headshot] gonrios321 (Blue)
Fri Jun 23 22:30:05 2023 saep captured Blue's Intel.
Fri Jun 23 22:30:06 2023 [HoHo] Red Cray (Blue) [Headshot] Deuce20 (Red)
Fri Jun 23 22:30:09 2023 yanz (Red) [Headshot] [HoHo]ColQuabby (Blue)
Fri Jun 23 22:30:11 2023  If you believe a player is breaking the rules, please let us know with /ADMIN
Fri Jun 23 22:30:14 2023 [Team] Deuce20 (Red): under
Fri Jun 23 22:30:15 2023 supervisordepaz (Blue) [Headshot] Harry (Red)
Fri Jun 23 22:30:22 2023 [HoHo] Maj Hard (Blue) [Headshot] remo_2 (Red)
Fri Jun 23 22:30:24 2023 remo_2 (Red) [Grenade] [HoHo] Maj Hard (Blue)
Fri Jun 23 22:30:25 2023 yanz (Red) [Headshot] gonrios321 (Blue)
Fri Jun 23 22:30:27 2023 [Global] remo_2 (Red): hahaha
Fri Jun 23 22:30:29 2023 saep picked up Blue's Intel.
Fri Jun 23 22:30:32 2023 supervisordepaz (Blue) [Headshot] Deuce20 (Red)
Fri Jun 23 22:30:38 2023 Harry (Red) [Headshot] supervisordepaz (Blue)
Fri Jun 23 22:30:41 2023 yanz (Red) [Headshot] [HoHo]ColQuabby (Blue)
Fri Jun 23 22:30:41 2023  Mahalo for playing aloha.pk tower of babel
Fri Jun 23 22:30:44 2023 p1edrahita (Blue) [Headshot] Harry (Red)
Fri Jun 23 22:30:48 2023 saep captured Blue's Intel.
Fri Jun 23 22:30:50 2023 yanz (Red) [Headshot] [HoHo] Maj Hard (Blue)
Fri Jun 23 22:30:58 2023 yanz (Red) [Rifle] gonrios321 (Blue)
Fri Jun 23 22:31:02 2023 remo_2 (Red) [SMG] p1edrahita (Blue)
Fri Jun 23 22:31:07 2023 [HoHo] Maj Hard (Blue) [Headshot] remo_2 (Red)
Fri Jun 23 22:31:07 2023 yanz (Red) [Headshot] [HoHo]ColQuabby (Blue)
Fri Jun 23 22:31:07 2023 Deuce20 (Red) [Headshot] CΘsar (Blue)
Fri Jun 23 22:31:07 2023 saep picked up Blue's Intel.
Fri Jun 23 22:31:11 2023  Build a tower to get the enemy's intel. Take it to your team's tent to win!
Fri Jun 23 22:31:15 2023 Harry (Red) [Headshot] [HoHo] Red Cray (Blue)
Fri Jun 23 22:31:21 2023 Harry (Red) [Headshot] supervisordepaz (Blue)
Fri Jun 23 22:31:26 2023 saep captured Blue's Intel.
Fri Jun 23 22:31:36 2023 Deuce20 (Red) [Headshot] gonrios321 (Blue)
Fri Jun 23 22:31:40 2023 yanz (Red) [Headshot] [HoHo]ColQuabby (Blue)
Fri Jun 23 22:31:41 2023  Type /HELP for info & commands
Fri Jun 23 22:31:44 2023 saep picked up Blue's Intel.
Fri Jun 23 22:31:53 2023 yanz (Red) [Headshot] [HoHo] Maj Hard (Blue)
Fri Jun 23 22:31:53 2023 CΘsar (Blue) [Grenade]
Fri Jun 23 22:31:54 2023 yanz (Red) [Headshot] gonrios321 (Blue)
Fri Jun 23 22:31:55 2023 Harry (Red) [Headshot] supervisordepaz (Blue)
Fri Jun 23 22:31:58 2023 yanz (Red) [Headshot] [HoHo] Red Cray (Blue)
Fri Jun 23 22:32:05 2023 saep captured Blue's Intel.
Fri Jun 23 22:32:05 2023 Red Wins!
Fri Jun 23 22:32:05 2023  Game finished! Next map: blam.
Fri Jun 23 22:32:05 2023 [HoHo] Maj Hard (Blue) [Headshot] Deuce20 (Red)
Fri Jun 23 22:32:06 2023 supervisordepaz (Blue) [Headshot] remo_2 (Red)
Fri Jun 23 22:32:08 2023 [HoHo] Red Cray (Blue) [Headshot] saep (Red)
Fri Jun 23 22:32:08 2023 p1edrahita (Blue) [SMG] saep (Red)
Fri Jun 23 22:32:09 2023 p1edrahita (Blue) [Headshot] yanz (Red)
Fri Jun 23 22:32:09 2023 p1edrahita (Blue) [SMG] yanz (Red)
Fri Jun 23 22:32:09 2023 Harry (Red) [Headshot] [HoHo]ColQuabby (Blue)
Fri Jun 23 22:32:11 2023 [HoHo] Maj Hard (Blue) [Rifle] Harry (Red)
Fri Jun 23 22:32:11 2023  Visit our community forums at https://aloha.pk/
Fri Jun 23 22:32:11 2023 [Global] yanz (Red): toy toro vieja
Fri Jun 23 22:32:11 2023 p1edrahita (Blue) [Fall]
Fri Jun 23 22:32:17 2023 ------ World Unloaded ------
Fri Jun 23 22:32:32 2023 ------ World Loaded ------
Fri Jun 23 22:32:32 2023 Welcome to aloha.pk tower of babel
Fri Jun 23 22:32:33 2023 Map: blam by JoJoe Stinky
Fri Jun 23 22:32:35 2023 Game mode: Tower of Babel by Yourself, modified by izzy
Fri Jun 23 22:32:37 2023 saep joined Red team
Fri Jun 23 22:32:37 2023 CΘsar joined Blue team
Fri Jun 23 22:32:37 2023 supervisordepaz joined Red team
Fri Jun 23 22:32:37 2023 Build a tower to get the enemy's intel. Take it to your team's tent to win!
Fri Jun 23 22:32:40 2023 Visit our community forums at https://aloha.pk/
Fri Jun 23 22:32:41 2023  Come chat with us at https://discord.aloha.pk/
Fri Jun 23 22:32:41 2023 Come chat with us at https://discord.aloha.pk/
Fri Jun 23 22:32:42 2023 gonrios321 joined Blue team
Fri Jun 23 22:32:42 2023 yanz joined Red team
Fri Jun 23 22:32:45 2023 [HoHo]ColQuabby joined Red team
Fri Jun 23 22:32:51 2023 [HoHo] Maj Hard joined Red team
Fri Jun 23 22:32:53 2023 Deuce20 joined Spectator team
Fri Jun 23 22:33:07 2023 yanz (Red) [Headshot] Harry (Blue)
Fri Jun 23 22:33:11 2023  If you believe a player is breaking the rules, please let us know with /ADMIN
Fri Jun 23 22:33:15 2023 remo_2 joined Spectator team
Fri Jun 23 22:33:18 2023 [HoHo] Red Cray joined Blue team
Fri Jun 23 22:33:22 2023 [HoHo] Red Cray (Blue) [Team Change]
Fri Jun 23 22:33:23 2023 supervisordepaz (Red) [Headshot] gonrios321 (Blue)
Fri Jun 23 22:33:25 2023 [HoHo] Red Cray joined Red team
Fri Jun 23 22:33:33 2023 CΘsar (Blue) [Headshot] yanz (Red)
Fri Jun 23 22:33:38 2023 remo_2 joined Blue team
Fri Jun 23 22:33:41 2023  Mahalo for playing aloha.pk tower of babel
Fri Jun 23 22:33:41 2023 supervisordepaz (Red) [Headshot] gonrios321 (Blue)
Fri Jun 23 22:33:43 2023 Harry (Blue) [Headshot] [HoHo]ColQuabby (Red)
Fri Jun 23 22:33:47 2023 yanz (Red) [Headshot] CΘsar (Blue)
Fri Jun 23 22:33:52 2023 Harry (Blue) [Headshot] supervisordepaz (Red)
Fri Jun 23 22:34:02 2023 [HoHo] Red Cray (Red) [Headshot] remo_2 (Blue)
Fri Jun 23 22:34:08 2023 Harry (Blue) [Grenade] [HoHo] Red Cray (Red)
Fri Jun 23 22:34:08 2023 You must be closer to the enemy's base to shoot blocks!
Fri Jun 23 22:34:11 2023  Build a tower to get the enemy's intel. Take it to your team's tent to win!
Fri Jun 23 22:34:13 2023 yanz (Red) [Headshot] CΘsar (Blue)
Fri Jun 23 22:34:16 2023 [HoHo]ColQuabby (Red) [SMG] Harry (Blue)
Fri Jun 23 22:34:25 2023 [HoHo]ColQuabby (Red) [Headshot] gonrios321 (Blue)
Fri Jun 23 22:34:30 2023 supervisordepaz (Red) [Headshot] remo_2 (Blue)
Fri Jun 23 22:34:32 2023 [Global] remo_2 (Blue): a
Fri Jun 23 22:34:39 2023 [HoHo] Maj Hard picked up Blue's Intel.
Fri Jun 23 22:34:41 2023  Type /HELP for info & commands
Fri Jun 23 22:34:47 2023 Harry (Blue) [Headshot] [HoHo]ColQuabby (Red)
Fri Jun 23 22:34:54 2023 supervisordepaz (Red) [Headshot] remo_2 (Blue)
Fri Jun 23 22:35:00 2023 supervisordepaz (Red) [Headshot] gonrios321 (Blue)
Fri Jun 23 22:35:01 2023 Harry (Blue) [Headshot] supervisordepaz (Red)
Fri Jun 23 22:35:02 2023 gonrios321 (Blue) [Weapon Change]
Fri Jun 23 22:35:11 2023 CΘsar (Blue) [Headshot] saep (Red)
Fri Jun 23 22:35:11 2023  Visit our community forums at https://aloha.pk/
Fri Jun 23 22:35:16 2023 Harry (Blue) [Headshot] supervisordepaz (Red)
Fri Jun 23 22:35:21 2023 [HoHo]ColQuabby (Red) [SMG] remo_2 (Blue)
Fri Jun 23 22:35:22 2023 [HoHo] Maj Hard captured Blue's Intel.
Fri Jun 23 22:35:26 2023 [HoHo] Red Cray (Red) [Rifle] gonrios321 (Blue)
Fri Jun 23 22:35:27 2023 Harry (Blue) [Headshot] [HoHo]ColQuabby (Red)
Fri Jun 23 22:35:34 2023 [HoHo] Red Cray picked up Blue's Intel.
Fri Jun 23 22:35:36 2023 CΘsar (Blue) [Headshot] supervisordepaz (Red)
Fri Jun 23 22:35:38 2023 saep (Red) [Headshot] CΘsar (Blue)
Fri Jun 23 22:35:41 2023  Come chat with us at https://discord.aloha.pk/
Fri Jun 23 22:35:43 2023 [HoHo] Red Cray dropped Blue's Intel
Fri Jun 23 22:35:43 2023  The intel has returned to the heavens
Fri Jun 23 22:35:43 2023 [HoHo] Red Cray (Red) [Fall]
Fri Jun 23 22:35:47 2023 yanz (Red) [Rifle] gonrios321 (Blue)
Fri Jun 23 22:35:52 2023 yanz (Red) [Rifle] CΘsar (Blue)
Fri Jun 23 22:35:53 2023 Harry (Blue) [Rifle] supervisordepaz (Red)
Fri Jun 23 22:35:53 2023 [HoHo] Maj Hard (Red) [Rifle] Harry (Blue)
Fri Jun 23 22:35:53 2023 gonrios321 (Blue) [Headshot] yanz (Red)
Fri Jun 23 22:36:11 2023  If you believe a player is breaking the rules, please let us know with /ADMIN
Fri Jun 23 22:36:19 2023 saep (Red) [Headshot] remo_2 (Blue)
Fri Jun 23 22:36:23 2023 [Global] remo_2 (Blue): xD
Fri Jun 23 22:36:33 2023 saep (Red) [Headshot] remo_2 (Blue)
Fri Jun 23 22:36:36 2023 Harry (Blue) [Headshot] supervisordepaz (Red)
Fri Jun 23 22:36:37 2023 [Global] remo_2 (Blue): xD
Fri Jun 23 22:36:39 2023 saep picked up Blue's Intel.
Fri Jun 23 22:36:40 2023 yanz (Red) [Headshot] CΘsar (Blue)
Fri Jun 23 22:36:41 2023 Rakitic joined Blue team
Fri Jun 23 22:36:41 2023  Mahalo for playing aloha.pk tower of babel
Fri Jun 23 22:36:43 2023 [HoHo]ColQuabby (Red) [SMG] remo_2 (Blue)
Fri Jun 23 22:36:44 2023 karmaboi joined Blue team
Fri Jun 23 22:36:45 2023 [HoHo]ColQuabby (Red) [SMG] Rakitic (Blue)
Fri Jun 23 22:36:45 2023 [Global] remo_2 (Blue): XD
Fri Jun 23 22:36:51 2023 Rakitic (Blue) [Headshot] [HoHo]ColQuabby (Red)
Fri Jun 23 22:36:52 2023 [HoHo] Red Cray (Red) [Rifle] Rakitic (Blue)
Fri Jun 23 22:36:53 2023 Harry (Blue) [Headshot] supervisordepaz (Red)
Fri Jun 23 22:37:00 2023 saep (Red) [Headshot] Harry (Blue)
Fri Jun 23 22:37:01 2023 remo_2 (Blue) [Headshot] [HoHo] Maj Hard (Red)
Fri Jun 23 22:37:06 2023 yanz (Red) [Headshot] CΘsar (Blue)
Fri Jun 23 22:37:08 2023 You must be closer to the enemy's base to shoot blocks!
Fri Jun 23 22:37:09 2023 Rakitic (Blue) [Rifle] yanz (Red)
Fri Jun 23 22:37:09 2023 Harry (Blue) [Headshot] [HoHo] Red Cray (Red)
Fri Jun 23 22:37:11 2023  Build a tower to get the enemy's intel. Take it to your team's tent to win!
Fri Jun 23 22:37:13 2023 saep captured Blue's Intel.
Fri Jun 23 22:37:31 2023 supervisordepaz (Red) [Rifle] remo_2 (Blue)
Fri Jun 23 22:37:31 2023 Harry (Blue) [Headshot] [HoHo]ColQuabby (Red)
Fri Jun 23 22:37:33 2023 Harry (Blue) [Headshot] supervisordepaz (Red)
Fri Jun 23 22:37:35 2023 [HoHo] Maj Hard picked up Blue's Intel.
Fri Jun 23 22:37:41 2023 gonrios321 (Blue) [SMG] [HoHo] Red Cray (Red)
Fri Jun 23 22:37:41 2023  Type /HELP for info & commands
Fri Jun 23 22:37:50 2023 Harry (Blue) [Headshot] [HoHo]ColQuabby (Red)
Fri Jun 23 22:37:57 2023 [HoHo] Red Cray (Red) [Headshot] Harry (Blue)
Fri Jun 23 22:38:01 2023 Rakitic (Blue) [Headshot] supervisordepaz (Red)
Fri Jun 23 22:38:02 2023 [HoHo] Maj Hard dropped Blue's Intel
Fri Jun 23 22:38:02 2023  The intel has returned to the heavens
Fri Jun 23 22:38:02 2023 CΘsar (Blue) [Rifle] [HoHo] Maj Hard (Red)
Fri Jun 23 22:38:09 2023 CΘsar (Blue) [Rifle] [HoHo]ColQuabby (Red)
Fri Jun 23 22:38:10 2023 gonrios321 (Blue) [SMG] yanz (Red)
Fri Jun 23 22:38:11 2023  Visit our community forums at https://aloha.pk/
Fri Jun 23 22:38:14 2023 Rakitic (Blue) [Headshot] [HoHo] Red Cray (Red)
Fri Jun 23 22:38:14 2023 gonrios321 (Blue) [SMG] saep (Red)
Fri Jun 23 22:38:30 2023 supervisordepaz (Red) [Headshot] Harry (Blue)
Fri Jun 23 22:38:32 2023 CΘsar (Blue) [Headshot] [HoHo]ColQuabby (Red)
Fri Jun 23 22:38:34 2023 supervisordepaz (Red) [Headshot] Rakitic (Blue)
Fri Jun 23 22:38:38 2023 [HoHo] Maj Hard (Red) [Headshot] CΘsar (Blue)
Fri Jun 23 22:38:41 2023  Come chat with us at https://discord.aloha.pk/
Fri Jun 23 22:38:49 2023 karmaboi (Blue) [Headshot] [HoHo] Maj Hard (Red)
Fri Jun 23 22:38:54 2023 karmaboi (Blue) [SMG] [HoHo]ColQuabby (Red)
Fri Jun 23 22:38:56 2023 supervisordepaz (Red) [Headshot] remo_2 (Blue)
Fri Jun 23 22:38:57 2023 Rakitic (Blue) [Grenade] supervisordepaz (Red)
Fri Jun 23 22:39:02 2023 Rakitic (Blue) [Headshot] yanz (Red)
Fri Jun 23 22:39:04 2023 Harry (Blue) [Headshot] [HoHo] Red Cray (Red)
Fri Jun 23 22:39:11 2023  If you believe a player is breaking the rules, please let us know with /ADMIN
Fri Jun 23 22:39:13 2023 Harry (Blue) [Rifle] supervisordepaz (Red)
Fri Jun 23 22:39:15 2023 OHIOPRO joined Blue team
Fri Jun 23 22:39:23 2023 [HoHo] Red Cray (Red) [Rifle] Harry (Blue)
Fri Jun 23 22:39:31 2023 Rakitic (Blue) [Rifle] [HoHo] Red Cray (Red)
Fri Jun 23 22:39:31 2023 [HoHo]ColQuabby (Red) [Headshot] karmaboi (Blue)
Fri Jun 23 22:39:41 2023  Mahalo for playing aloha.pk tower of babel
Fri Jun 23 22:39:44 2023 yanz (Red) [Grenade] gonrios321 (Blue)
Fri Jun 23 22:39:49 2023 karmaboi (Blue) [Headshot] [HoHo]ColQuabby (Red)
Fri Jun 23 22:39:56 2023 Rakitic (Blue) [Headshot] supervisordepaz (Red)
Fri Jun 23 22:39:57 2023 Harry (Blue) [Rifle] [HoHo] Maj Hard (Red)
Fri Jun 23 22:39:58 2023 Rakitic (Blue) [Headshot] yanz (Red)
Fri Jun 23 22:40:06 2023 Harry (Blue) [Rifle] [HoHo]ColQuabby (Red)
Fri Jun 23 22:40:11 2023  Build a tower to get the enemy's intel. Take it to your team's tent to win!
Fri Jun 23 22:40:12 2023 Player OHIOPRO has left
Fri Jun 23 22:40:15 2023 yanz (Red) [Headshot] Harry (Blue)
Fri Jun 23 22:40:25 2023 Rakitic (Blue) [Headshot] [HoHo]ColQuabby (Red)
Fri Jun 23 22:40:27 2023 [HoHo] Red Cray (Red) [Headshot] gonrios321 (Blue)
Fri Jun 23 22:40:38 2023 [HoHo] Red Cray (Red) [Rifle] Rakitic (Blue)
Fri Jun 23 22:40:41 2023  Type /HELP for info & commands
Fri Jun 23 22:40:53 2023 CΘsar (Blue) [Headshot] saep (Red)
Fri Jun 23 22:40:55 2023 Harry (Blue) [Headshot] supervisordepaz (Red)
Fri Jun 23 22:40:56 2023 You must be closer to the enemy's base to shoot blocks!
Fri Jun 23 22:40:58 2023 [HoHo] Maj Hard (Red) [Headshot] Harry (Blue)
Fri Jun 23 22:40:58 2023 Rakitic (Blue) [Headshot] [HoHo] Red Cray (Red)
Fri Jun 23 22:41:05 2023 karmaboi (Blue) [Headshot] yanz (Red)
Fri Jun 23 22:41:11 2023  Visit our community forums at https://aloha.pk/
Fri Jun 23 22:41:12 2023 Disconnecting
