Fri Jul 14 17:38:13 2023 ------ World Loaded ------
Fri Jul 14 17:38:14 2023 riddick joined Red team
Fri Jul 14 17:38:14 2023 James joined Blue team
Fri Jul 14 17:38:14 2023 levy joined Red team
Fri Jul 14 17:38:14 2023 Player levy has left
Fri Jul 14 17:38:14 2023 IlikeTrains joined Blue team
Fri Jul 14 17:38:14 2023 Jamal joined Blue team
Fri Jul 14 17:38:14 2023 Triangle joined Red team
Fri Jul 14 17:38:14 2023 Peto joined Blue team
Fri Jul 14 17:38:14 2023 JaZZ joined Red team
Fri Jul 14 17:38:14 2023 Triangle (Red) [Team Change]
Fri Jul 14 17:38:14 2023 R CONSERVADORA joined Red team
Fri Jul 14 17:38:14 2023 _ joined Red team
Fri Jul 14 17:38:14 2023 tutamu11 joined Spectator team
Fri Jul 14 17:38:14 2023 dr_frog01 joined Blue team
Fri Jul 14 17:38:14 2023 Galaxia joined Red team
Fri Jul 14 17:38:14 2023 ale joined Blue team
Fri Jul 14 17:38:14 2023 Triangle joined Blue team
Fri Jul 14 17:38:14 2023 Blockhead joined Spectator team
Fri Jul 14 17:38:14 2023 James (Blue) [Headshot] riddick (Red)
Fri Jul 14 17:38:14 2023 S joined Red team
Fri Jul 14 17:38:14 2023 Welcome to aloha.pk tower of babel
Fri Jul 14 17:38:15 2023 Map: moskvababel by (unknown)
Fri Jul 14 17:38:16 2023 Jamal (Blue) [Headshot] Galaxia (Red)
Fri Jul 14 17:38:17 2023 Game mode: Tower of Babel by Yourself, modified by izzy
Fri Jul 14 17:38:18 2023 S (Red) [Rifle] James (Blue)
Fri Jul 14 17:38:19 2023 Build a tower to get the enemy's intel. Take it to your team's tent to win!
Fri Jul 14 17:38:19 2023 IlikeTrains (Blue) [Headshot] S (Red)
Fri Jul 14 17:38:20 2023 R34prZ joined Blue team
Fri Jul 14 17:38:21 2023 Jamal (Blue) [SMG] R CONSERVADORA (Red)
Fri Jul 14 17:38:21 2023 Visit our community forums at https://aloha.pk/
Fri Jul 14 17:38:23 2023 Come chat with us at https://discord.aloha.pk/
Fri Jul 14 17:38:26 2023 [Global] R34prZ (Blue): this map is pure trash
Fri Jul 14 17:38:27 2023 Eli joined Blue team
Fri Jul 14 17:38:29 2023 riddick (Red) [Headshot] ale (Blue)
Fri Jul 14 17:38:29 2023 IlikeTrains (Blue) [Headshot] riddick (Red)
Fri Jul 14 17:38:31 2023 IlikeTrains (Blue) [Rifle] Harry (Red)
Fri Jul 14 17:38:32 2023 MILES  joined Red team
Fri Jul 14 17:38:33 2023 XxBxxX joined Spectator team
Fri Jul 14 17:38:33 2023 Peto (Blue) [Headshot] Galaxia (Red)
Fri Jul 14 17:38:33 2023  Type /HELP for info & commands
Fri Jul 14 17:38:36 2023 levy joined Red team
Fri Jul 14 17:38:38 2023 [Global] riddick (Red): pure 
Fri Jul 14 17:38:40 2023 Peto (Blue) [SMG] MILES  (Red)
Fri Jul 14 17:38:41 2023 $ú | PAP0_PRU | joined Blue team
Fri Jul 14 17:38:41 2023 Peto (Blue) [SMG] S (Red)
Fri Jul 14 17:38:42 2023 Harry (Red) [Headshot] IlikeTrains (Blue)
Fri Jul 14 17:38:46 2023 XxBxxX joined Blue team
Fri Jul 14 17:38:47 2023 [Global] IlikeTrains (Blue): so much fucking lag
Fri Jul 14 17:38:53 2023 R34prZ (Blue) [Headshot] JaZZ (Red)
Fri Jul 14 17:38:57 2023 Harry (Red) [Headshot] Eli (Blue)
Fri Jul 14 17:38:58 2023 Blockhead joined Red team
Fri Jul 14 17:38:58 2023 Peto (Blue) [Headshot] levy (Red)
Fri Jul 14 17:39:00 2023 _ (Red) [Headshot] Jamal (Blue)
Fri Jul 14 17:39:03 2023 Harry (Red) [Headshot] R34prZ (Blue)
Fri Jul 14 17:39:03 2023  Visit our community forums at https://aloha.pk/
Fri Jul 14 17:39:03 2023 IlikeTrains (Blue) [Headshot] riddick (Red)
Fri Jul 14 17:39:05 2023 Blockhead (Red) [SMG] dr_frog01 (Blue)
Fri Jul 14 17:39:05 2023 Harry (Red) [Headshot] ale (Blue)
Fri Jul 14 17:39:06 2023 James (Blue) [Headshot] Galaxia (Red)
Fri Jul 14 17:39:07 2023 [Global] riddick (Red): uggh
Fri Jul 14 17:39:09 2023 James (Blue) [Headshot] levy (Red)
Fri Jul 14 17:39:11 2023 Harry (Red) [Headshot] James (Blue)
Fri Jul 14 17:39:11 2023 IlikeTrains (Blue) [Headshot] S (Red)
Fri Jul 14 17:39:12 2023 [Global] Jamal (Blue): Brah!
Fri Jul 14 17:39:18 2023 IlikeTrains (Blue) [Headshot] S (Red)
Fri Jul 14 17:39:20 2023 $ú | PAP0_PRU | (Blue) [Headshot] riddick (Red)
Fri Jul 14 17:39:24 2023 [Global] Jamal (Blue): Ayo brah!  build a tower!!!
Fri Jul 14 17:39:25 2023 $ú | PAP0_PRU | (Blue) [Headshot] Harry (Red)
Fri Jul 14 17:39:32 2023 Triangle (Blue) [Headshot] _ (Red)
Fri Jul 14 17:39:32 2023 James (Blue) [Headshot] levy (Red)
Fri Jul 14 17:39:33 2023  Come chat with us at https://discord.aloha.pk/
Fri Jul 14 17:39:35 2023 Player levy has left
Fri Jul 14 17:39:36 2023 $ú | PAP0_PRU | (Blue) [Headshot] Galaxia (Red)
Fri Jul 14 17:39:38 2023 James (Blue) [Headshot] JaZZ (Red)
Fri Jul 14 17:39:43 2023 Eli (Blue) [Headshot] Harry (Red)
Fri Jul 14 17:39:45 2023 Eli (Blue) [Rifle] R CONSERVADORA (Red)
Fri Jul 14 17:39:48 2023 $ú | PAP0_PRU | (Blue) [Headshot] S (Red)
Fri Jul 14 17:39:50 2023 Player tutamu11 has left
Fri Jul 14 17:39:50 2023 James (Blue) [Headshot] S (Red)
Fri Jul 14 17:39:59 2023 James (Blue) [Headshot] riddick (Red)
Fri Jul 14 17:40:00 2023 $ú | PAP0_PRU | (Blue) [Rifle] _ (Red)
Fri Jul 14 17:40:00 2023 Eli (Blue) [Headshot] R CONSERVADORA (Red)
Fri Jul 14 17:40:03 2023 S (Red) [Headshot] XxBxxX (Blue)
Fri Jul 14 17:40:03 2023  If you believe a player is breaking the rules, please let us know with /ADMIN
Fri Jul 14 17:40:04 2023 Blockhead (Red) [Melee] dr_frog01 (Blue)
Fri Jul 14 17:40:04 2023 Cristian2006 joined Red team
Fri Jul 14 17:40:07 2023 Harry (Red) [Rifle] Eli (Blue)
Fri Jul 14 17:40:07 2023 Triangle (Blue) [Headshot] JaZZ (Red)
Fri Jul 14 17:40:08 2023 IlikeTrains (Blue) [Headshot] riddick (Red)
Fri Jul 14 17:40:09 2023 IlikeTrains (Blue) [Rifle] Harry (Red)
Fri Jul 14 17:40:13 2023 James (Blue) [Headshot] Galaxia (Red)
Fri Jul 14 17:40:18 2023 James (Blue) [Headshot] S (Red)
Fri Jul 14 17:40:22 2023 $ú | PAP0_PRU | (Blue) [Headshot] riddick (Red)
Fri Jul 14 17:40:23 2023 IlikeTrains (Blue) [Headshot] R CONSERVADORA (Red)
Fri Jul 14 17:40:24 2023 Harry (Red) [Headshot] James (Blue)
Fri Jul 14 17:40:30 2023 $ú | PAP0_PRU | (Blue) [Headshot] S (Red)
Fri Jul 14 17:40:30 2023 Jamal (Blue) [Headshot] MILES  (Red)
Fri Jul 14 17:40:32 2023 Triangle (Blue) [Headshot] Cristian2006 (Red)
Fri Jul 14 17:40:33 2023  Mahalo for playing aloha.pk tower of babel
Fri Jul 14 17:40:34 2023 R CONSERVADORA (Red) [Headshot] Triangle (Blue)
Fri Jul 14 17:40:34 2023 IlikeTrains (Blue) [Rifle] Harry (Red)
Fri Jul 14 17:40:36 2023 Cristian2006 (Red) [Weapon Change]
Fri Jul 14 17:40:37 2023 $ú | PAP0_PRU | (Blue) [Headshot] Harry (Red)
Fri Jul 14 17:40:40 2023 JaZZ (Red) [SMG] Jamal (Blue)
Fri Jul 14 17:40:40 2023 $ú | PAP0_PRU | (Blue) [Rifle] S (Red)
Fri Jul 14 17:40:40 2023 Peto (Blue) [Headshot] JaZZ (Red)
Fri Jul 14 17:40:42 2023 Eli (Blue) [Headshot] Blockhead (Red)
Fri Jul 14 17:40:43 2023 wicky joined Red team
Fri Jul 14 17:40:44 2023 R CONSERVADORA (Red) [SMG] Eli (Blue)
Fri Jul 14 17:40:44 2023 IlikeTrains (Blue) [Rifle] _ (Red)
Fri Jul 14 17:40:45 2023 James (Blue) [Headshot] R CONSERVADORA (Red)
Fri Jul 14 17:40:46 2023 $ú | PAP0_PRU | (Blue) [Headshot] wicky (Red)
Fri Jul 14 17:40:47 2023 IlikeTrains (Blue) [Headshot] MILES  (Red)
Fri Jul 14 17:40:48 2023 IlikeTrains (Blue) [Headshot] Galaxia (Red)
Fri Jul 14 17:40:48 2023 Eli (Blue) [Weapon Change]
Fri Jul 14 17:40:53 2023 $ú | PAP0_PRU | (Blue) [Headshot] Blockhead (Red)
Fri Jul 14 17:40:58 2023 IlikeTrains (Blue) [Headshot] Harry (Red)
Fri Jul 14 17:40:58 2023 S (Red) [Rifle] $ú | PAP0_PRU | (Blue)
Fri Jul 14 17:40:58 2023 Player XxBxxX has left
Fri Jul 14 17:41:00 2023 IlikeTrains (Blue) [Rifle] _ (Red)
Fri Jul 14 17:41:01 2023 James (Blue) [Headshot] S (Red)
Fri Jul 14 17:41:01 2023 IlikeTrains (Blue) [Headshot] _ (Red)
Fri Jul 14 17:41:03 2023  Build a tower to get the enemy's intel. Take it to your team's tent to win!
Fri Jul 14 17:41:03 2023 R CONSERVADORA (Red) [Headshot] Peto (Blue)
Fri Jul 14 17:41:05 2023 James (Blue) [Headshot] R CONSERVADORA (Red)
Fri Jul 14 17:41:09 2023 [Global] Jamal (Blue): I'm high and wanna chat to some strangers but not on Omegle
Fri Jul 14 17:41:10 2023 Harry (Red) [Headshot] ale (Blue)
Fri Jul 14 17:41:11 2023 IlikeTrains (Blue) [Headshot] wicky (Red)
Fri Jul 14 17:41:12 2023 James (Blue) [Headshot] Blockhead (Red)
Fri Jul 14 17:41:12 2023 ale (Blue) [Grenade] MILES  (Red)
Fri Jul 14 17:41:16 2023 Harry (Red) [Headshot] IlikeTrains (Blue)
Fri Jul 14 17:41:17 2023 James (Blue) [Headshot] JaZZ (Red)
Fri Jul 14 17:41:21 2023 [Global] Jamal (Blue): does anyone know any omagle alternatives?
Fri Jul 14 17:41:21 2023 [Global] IlikeTrains (Blue): don't care
Fri Jul 14 17:41:25 2023 James (Blue) [Headshot] Cristian2006 (Red)
Fri Jul 14 17:41:26 2023 $ú | PAP0_PRU | (Blue) [Headshot] R CONSERVADORA (Red)
Fri Jul 14 17:41:27 2023 Harry (Red) [Headshot] Eli (Blue)
Fri Jul 14 17:41:31 2023 [Global] Jamal (Blue): I care
Fri Jul 14 17:41:32 2023 S (Red) [Headshot] $ú | PAP0_PRU | (Blue)
Fri Jul 14 17:41:33 2023  Type /HELP for info & commands
Fri Jul 14 17:41:34 2023 Harry (Red) [Headshot] James (Blue)
Fri Jul 14 17:41:34 2023 [Global] JaZZ (Red): grindr
Fri Jul 14 17:41:36 2023 [Global] Eli (Blue): grindr
Fri Jul 14 17:41:36 2023 [Global] R34prZ (Blue): go dick suck and thank me later
Fri Jul 14 17:41:51 2023 [Global] Jamal (Blue): No, I won't thank you!
Fri Jul 14 17:41:58 2023 IlikeTrains (Blue) [Headshot] wicky (Red)
Fri Jul 14 17:42:00 2023 [Global] R34prZ (Blue): :(
Fri Jul 14 17:42:03 2023  Visit our community forums at https://aloha.pk/
Fri Jul 14 17:42:03 2023 Galaxia (Red) [Rifle] Eli (Blue)
Fri Jul 14 17:42:05 2023 [Global] Jamal (Blue): Don't tell me to thank you for insulting me!!!
Fri Jul 14 17:42:05 2023 James (Blue) [Headshot] Cristian2006 (Red)
Fri Jul 14 17:42:06 2023 $ú | PAP0_PRU | (Blue) [Headshot] S (Red)
Fri Jul 14 17:42:11 2023 IlikeTrains (Blue) [Headshot] Blockhead (Red)
Fri Jul 14 17:42:12 2023 [Global] R34prZ (Blue): :(
Fri Jul 14 17:42:12 2023 riddick (Red) [Headshot] Triangle (Blue)
Fri Jul 14 17:42:13 2023 IlikeTrains (Blue) [Headshot] Harry (Red)
Fri Jul 14 17:42:15 2023 $ú | PAP0_PRU | (Blue) [Headshot] wicky (Red)
Fri Jul 14 17:42:17 2023 [Global] Peto (Blue): Why not just use this chat?
Fri Jul 14 17:42:18 2023 [Global] dr_frog01 (Blue): dude why the hell you made the staircase on the middle of the bridge?
Fri Jul 14 17:42:20 2023 nuts :) joined Blue team
Fri Jul 14 17:42:21 2023 IlikeTrains (Blue) [Headshot] _ (Red)
Fri Jul 14 17:42:23 2023 $ú | PAP0_PRU | (Blue) [Headshot] S (Red)
Fri Jul 14 17:42:25 2023 [Global] Jamal (Blue): I'll report you to the admin for CyberBullying
Fri Jul 14 17:42:28 2023 IlikeTrains (Blue) [Headshot] S (Red)
Fri Jul 14 17:42:29 2023 JaZZ (Red) [SMG] ale (Blue)
Fri Jul 14 17:42:29 2023 wicky (Red) [Headshot] IlikeTrains (Blue)
Fri Jul 14 17:42:32 2023 $ú | PAP0_PRU | (Blue) [Rifle] R CONSERVADORA (Red)
Fri Jul 14 17:42:33 2023  Come chat with us at https://discord.aloha.pk/
Fri Jul 14 17:42:34 2023 $ú | PAP0_PRU | (Blue) [Headshot] Galaxia (Red)
Fri Jul 14 17:42:38 2023 [Global] R34prZ (Blue): huh? I started building it before u guys 
Fri Jul 14 17:42:38 2023 wicky (Red) [Headshot] $ú | PAP0_PRU | (Blue)
Fri Jul 14 17:42:45 2023 James (Blue) [Headshot] Cristian2006 (Red)
Fri Jul 14 17:42:46 2023 Player $ú | PAP0_PRU | has left
Fri Jul 14 17:42:46 2023 guilherme joined Blue team
Fri Jul 14 17:42:47 2023 nuts :) (Blue) [Headshot] wicky (Red)
Fri Jul 14 17:42:49 2023 Harry (Red) [Headshot] Jamal (Blue)
Fri Jul 14 17:42:50 2023 S (Red) [Headshot] Eli (Blue)
Fri Jul 14 17:42:52 2023 [Global] R34prZ (Blue): tho i missed the intel by some meteres mind if i say
Fri Jul 14 17:42:53 2023 riddick (Red) [Headshot] Triangle (Blue)
Fri Jul 14 17:42:57 2023 James (Blue) [Headshot] R CONSERVADORA (Red)
Fri Jul 14 17:43:00 2023 nuts :) (Blue) [Headshot] wicky (Red)
Fri Jul 14 17:43:02 2023 nuts :) (Blue) [Headshot] Cristian2006 (Red)
Fri Jul 14 17:43:03 2023  If you believe a player is breaking the rules, please let us know with /ADMIN
Fri Jul 14 17:43:04 2023 James (Blue) [Headshot] Blockhead (Red)
Fri Jul 14 17:43:06 2023 Peto (Blue) [SMG]
Fri Jul 14 17:43:08 2023 IlikeTrains (Blue) [Headshot] S (Red)
Fri Jul 14 17:43:11 2023 Harry (Red) [Headshot] nuts :) (Blue)
Fri Jul 14 17:43:27 2023 IlikeTrains (Blue) [Headshot] Harry (Red)
Fri Jul 14 17:43:31 2023 riddick (Red) [Rifle] guilherme (Blue)
Fri Jul 14 17:43:33 2023  Mahalo for playing aloha.pk tower of babel
Fri Jul 14 17:43:37 2023 IlikeTrains (Blue) [Headshot] Galaxia (Red)
Fri Jul 14 17:43:40 2023 James (Blue) [Headshot] _ (Red)
Fri Jul 14 17:43:47 2023 James (Blue) [Headshot] wicky (Red)
Fri Jul 14 17:43:49 2023 riddick (Red) [Headshot] Triangle (Blue)
Fri Jul 14 17:43:51 2023 You must be closer to the enemy's base to shoot blocks!
Fri Jul 14 17:43:53 2023 guilherme (Blue) [Headshot] R CONSERVADORA (Red)
Fri Jul 14 17:43:55 2023 You must be closer to the enemy's base to shoot blocks!
Fri Jul 14 17:43:57 2023 Harry (Red) [Headshot] IlikeTrains (Blue)
Fri Jul 14 17:43:58 2023 luserkkj joined Red team
Fri Jul 14 17:44:00 2023 ale (Blue) [Headshot] Cristian2006 (Red)
Fri Jul 14 17:44:03 2023  Build a tower to get the enemy's intel. Take it to your team's tent to win!
Fri Jul 14 17:44:05 2023 James (Blue) [Headshot] R CONSERVADORA (Red)
Fri Jul 14 17:44:06 2023 nuts :) (Blue) [Rifle]
Fri Jul 14 17:44:08 2023 Harry (Red) [Headshot] Eli (Blue)
Fri Jul 14 17:44:09 2023 James (Blue) [Headshot] Galaxia (Red)
Fri Jul 14 17:44:11 2023 Jamal (Blue) [Headshot] Blockhead (Red)
Fri Jul 14 17:44:14 2023 Harry (Red) [Headshot] ale (Blue)
Fri Jul 14 17:44:15 2023 R CONSERVADORA (Red) [SMG] James (Blue)
Fri Jul 14 17:44:21 2023 [Global] Jamal (Blue): AMazing shot
Fri Jul 14 17:44:23 2023 dr_frog01 (Blue) [Shotgun] JaZZ (Red)
Fri Jul 14 17:44:24 2023 wicky (Red) [Headshot] R34prZ (Blue)
Fri Jul 14 17:44:26 2023 riddick (Red) [Headshot] guilherme (Blue)
Fri Jul 14 17:44:27 2023 IlikeTrains (Blue) [Rifle] S (Red)
Fri Jul 14 17:44:32 2023 [Global] R34prZ (Blue): james al
Fri Jul 14 17:44:33 2023  Type /HELP for info & commands
Fri Jul 14 17:44:37 2023 IlikeTrains (Blue) [Headshot] Harry (Red)
Fri Jul 14 17:44:40 2023 luserkkj (Red) [SMG] nuts :) (Blue)
Fri Jul 14 17:44:40 2023 IlikeTrains (Blue) [Rifle] Cristian2006 (Red)
Fri Jul 14 17:44:45 2023 IlikeTrains (Blue) [Headshot] S (Red)
Fri Jul 14 17:44:47 2023 James (Blue) [Rifle] luserkkj (Red)
Fri Jul 14 17:44:47 2023 Triangle (Blue) [Headshot] wicky (Red)
Fri Jul 14 17:44:51 2023 IlikeTrains (Blue) [Headshot] Galaxia (Red)
Fri Jul 14 17:44:53 2023 Blockhead (Red) [SMG] Triangle (Blue)
Fri Jul 14 17:44:55 2023 riddick (Red) [Rifle] Jamal (Blue)
Fri Jul 14 17:44:56 2023 mikele joined Red team
Fri Jul 14 17:44:59 2023 guilherme (Blue) [SMG] riddick (Red)
Fri Jul 14 17:45:03 2023  Visit our community forums at https://aloha.pk/
Fri Jul 14 17:45:05 2023 wicky (Red) [SMG] Peto (Blue)
Fri Jul 14 17:45:06 2023 Harry (Red) [Headshot] IlikeTrains (Blue)
Fri Jul 14 17:45:07 2023 James (Blue) [Headshot] Cristian2006 (Red)
Fri Jul 14 17:45:10 2023 Jamal (Blue) [Headshot] Blockhead (Red)
Fri Jul 14 17:45:12 2023 luserkkj (Red) [Headshot] Eli (Blue)
Fri Jul 14 17:45:13 2023 riddick (Red) [Headshot] James (Blue)
Fri Jul 14 17:45:15 2023 riddick (Red) [Headshot] guilherme (Blue)
Fri Jul 14 17:45:15 2023 [Global] IlikeTrains (Blue): WHAT'S WRONG WITH THIS SERVER
Fri Jul 14 17:45:20 2023 [Global] IlikeTrains (Blue): 200 MS FEELS LIKE 400
Fri Jul 14 17:45:22 2023 dr_frog01 (Blue) [Shotgun] luserkkj (Red)
Fri Jul 14 17:45:23 2023 wicky (Red) [Headshot] R34prZ (Blue)
Fri Jul 14 17:45:24 2023 Triangle (Blue) [SMG] R CONSERVADORA (Red)
Fri Jul 14 17:45:24 2023 dr_frog01 (Blue) [Headshot] mikele (Red)
Fri Jul 14 17:45:26 2023 Player ale has left
Fri Jul 14 17:45:28 2023 Player mikele has left
Fri Jul 14 17:45:30 2023 MILES  (Red) [Headshot] dr_frog01 (Blue)
Fri Jul 14 17:45:32 2023 Jamal (Blue) [SMG] Cristian2006 (Red)
Fri Jul 14 17:45:33 2023  Come chat with us at https://discord.aloha.pk/
Fri Jul 14 17:45:35 2023 riddick (Red) [Headshot] IlikeTrains (Blue)
Fri Jul 14 17:45:38 2023 Triangle (Blue) [Headshot] Blockhead (Red)
Fri Jul 14 17:45:39 2023 [Global] wicky (Red): 200ms!
Fri Jul 14 17:45:39 2023 Player nuts :) has left
Fri Jul 14 17:45:42 2023 [Global] R34prZ (Blue): just dont forget that fuck red
Fri Jul 14 17:45:45 2023 Eli (Blue) [Headshot] MILES  (Red)
Fri Jul 14 17:45:45 2023 Jamal (Blue) [Headshot] wicky (Red)
Fri Jul 14 17:45:45 2023 [Global] wicky (Red): i have 75
Fri Jul 14 17:45:46 2023 [Global] IlikeTrains (Blue): FUCK RED
Fri Jul 14 17:45:46 2023 Eli (Blue) [Shotgun] luserkkj (Red)
Fri Jul 14 17:45:49 2023 luserkkj (Red) [Weapon Change]
Fri Jul 14 17:45:53 2023 Eli (Blue) [Shotgun] JaZZ (Red)
Fri Jul 14 17:45:53 2023 Harry (Red) [Headshot] guilherme (Blue)
Fri Jul 14 17:45:54 2023 [Global] IlikeTrains (Blue): wicky cool, no one asked tho
Fri Jul 14 17:46:01 2023 MILES  (Red) [Headshot] Eli (Blue)
Fri Jul 14 17:46:03 2023  If you believe a player is breaking the rules, please let us know with /ADMIN
Fri Jul 14 17:46:08 2023 [Team] Blockhead (Red): i dont see color
Fri Jul 14 17:46:08 2023 [Global] wicky (Red): noone asked for your ping
Fri Jul 14 17:46:09 2023 R CONSERVADORA (Red) [Headshot] James (Blue)
Fri Jul 14 17:46:10 2023 MILES  (Red) [Headshot] Jamal (Blue)
Fri Jul 14 17:46:10 2023 [Global] R34prZ (Blue): wicky whats ur ping?
Fri Jul 14 17:46:11 2023 [Global] IlikeTrains (Blue): I don't live in a third world country like the USA
Fri Jul 14 17:46:19 2023 Harry (Red) [Headshot] R34prZ (Blue)
Fri Jul 14 17:46:19 2023 luserkkj (Red) [Headshot] dr_frog01 (Blue)
Fri Jul 14 17:46:19 2023 James (Blue) [Headshot] R CONSERVADORA (Red)
Fri Jul 14 17:46:19 2023 IlikeTrains (Blue) [Headshot] S (Red)
Fri Jul 14 17:46:20 2023 Triangle (Blue) [Fall]
Fri Jul 14 17:46:28 2023 luserkkj (Red) [Headshot] Eli (Blue)
Fri Jul 14 17:46:33 2023  Mahalo for playing aloha.pk tower of babel
Fri Jul 14 17:46:38 2023 Harry (Red) [Headshot] R34prZ (Blue)
Fri Jul 14 17:46:41 2023 [Global] wicky (Red): the country with biggest eeconomy is pretty bad
Fri Jul 14 17:46:41 2023 Player R34prZ has left
Fri Jul 14 17:46:49 2023 James (Blue) [Melee] Cristian2006 (Red)
Fri Jul 14 17:46:51 2023 Peto (Blue) [Headshot] luserkkj (Red)
Fri Jul 14 17:46:52 2023 Blockhead (Red) [SMG] Peto (Blue)
Fri Jul 14 17:46:53 2023 [Global] wicky (Red): at leaast you can still own guns tho
Fri Jul 14 17:46:54 2023 [Global] dr_frog01 (Blue): if your pc sucks like mine, you need to reduce the graphics on the start menu
Fri Jul 14 17:46:56 2023 [Global] IlikeTrains (Blue): lol typical american economysplaining
Fri Jul 14 17:46:57 2023 Harry (Red) [Headshot] Triangle (Blue)
Fri Jul 14 17:47:03 2023  Build a tower to get the enemy's intel. Take it to your team's tent to win!
Fri Jul 14 17:47:07 2023 IlikeTrains (Blue) [Headshot] Blockhead (Red)
Fri Jul 14 17:47:12 2023 Triangle (Blue) [Headshot] R CONSERVADORA (Red)
Fri Jul 14 17:47:12 2023 MILES  (Red) [Headshot] Eli (Blue)
Fri Jul 14 17:47:17 2023 Triangle (Blue) [Headshot] MILES  (Red)
Fri Jul 14 17:47:21 2023 Peto (Blue) [SMG] wicky (Red)
Fri Jul 14 17:47:22 2023 Kamikaze345. joined Blue team
Fri Jul 14 17:47:25 2023 Harry (Red) [Rifle] dr_frog01 (Blue)
Fri Jul 14 17:47:27 2023 MILES  (Red) [Weapon Change]
Fri Jul 14 17:47:32 2023 S (Red) [Headshot] Peto (Blue)
Fri Jul 14 17:47:33 2023  Type /HELP for info & commands
Fri Jul 14 17:47:43 2023 _ (Red) [Fall]
Fri Jul 14 17:47:43 2023 IlikeTrains (Blue) [Rifle] S (Red)
Fri Jul 14 17:47:45 2023 Eli (Blue) [Shotgun] R CONSERVADORA (Red)
Fri Jul 14 17:47:52 2023 Peto (Blue) [Headshot] Harry (Red)
Fri Jul 14 17:47:55 2023 Eli (Blue) [Headshot] MILES  (Red)
Fri Jul 14 17:47:56 2023 Peto (Blue) [Headshot] wicky (Red)
Fri Jul 14 17:48:01 2023 Peto (Blue) [SMG] luserkkj (Red)
Fri Jul 14 17:48:02 2023 Jamal (Blue) [SMG] Galaxia (Red)
Fri Jul 14 17:48:03 2023  Visit our community forums at https://aloha.pk/
Fri Jul 14 17:48:07 2023 Player luserkkj has left
Fri Jul 14 17:48:11 2023 MILES  (Red) [Fall]
Fri Jul 14 17:48:17 2023 riddick (Red) [Headshot] James (Blue)
Fri Jul 14 17:48:23 2023 Harry (Red) [Rifle] Eli (Blue)
Fri Jul 14 17:48:25 2023 Peto (Blue) [Grenade] wicky (Red)
Fri Jul 14 17:48:30 2023 riddick (Red) [Headshot] Peto (Blue)
Fri Jul 14 17:48:31 2023 Galaxia (Red) [Headshot] Jamal (Blue)
Fri Jul 14 17:48:32 2023 Harry (Red) [Headshot] dr_frog01 (Blue)
Fri Jul 14 17:48:33 2023  Come chat with us at https://discord.aloha.pk/
Fri Jul 14 17:48:34 2023 IlikeTrains (Blue) [Rifle] riddick (Red)
Fri Jul 14 17:48:34 2023 Harry (Red) [Headshot] guilherme (Blue)
Fri Jul 14 17:48:36 2023 Harry (Red) [Headshot] Eli (Blue)
Fri Jul 14 17:48:36 2023 CocoThunder joined Blue team
Fri Jul 14 17:48:40 2023 [Global] riddick (Red): HAH
Fri Jul 14 17:48:45 2023 James (Blue) [Headshot] Harry (Red)
Fri Jul 14 17:48:46 2023 [Global] IlikeTrains (Blue): MY
Fri Jul 14 17:48:53 2023 [Global] wicky (Red): PENIS
Fri Jul 14 17:48:54 2023 Peto (Blue) [Headshot] MILES  (Red)
Fri Jul 14 17:48:57 2023 IlikeTrains (Blue) [Rifle] wicky (Red)
Fri Jul 14 17:49:02 2023 Cristian2006 (Red) [Rifle] Kamikaze345. (Blue)
Fri Jul 14 17:49:03 2023 James (Blue) [Headshot] Harry (Red)
Fri Jul 14 17:49:03 2023  If you believe a player is breaking the rules, please let us know with /ADMIN
Fri Jul 14 17:49:12 2023 Jamal (Blue) [SMG] _ (Red)
Fri Jul 14 17:49:12 2023 Peto (Blue) [SMG] JaZZ (Red)
Fri Jul 14 17:49:14 2023 IlikeTrains (Blue) [Headshot] wicky (Red)
Fri Jul 14 17:49:16 2023 Blockhead (Red) [Headshot] guilherme (Blue)
Fri Jul 14 17:49:16 2023 Jamal (Blue) [SMG] Galaxia (Red)
Fri Jul 14 17:49:26 2023 Jamal (Blue) [SMG] R CONSERVADORA (Red)
Fri Jul 14 17:49:27 2023 wicky (Red) [Headshot] Jamal (Blue)
Fri Jul 14 17:49:33 2023  Mahalo for playing aloha.pk tower of babel
Fri Jul 14 17:49:33 2023 Player guilherme has left
Fri Jul 14 17:49:36 2023 Harry (Red) [Headshot] James (Blue)
Fri Jul 14 17:49:39 2023 Jamal (Blue) [SMG] Blockhead (Red)
Fri Jul 14 17:49:44 2023 IlikeTrains (Blue) [Headshot] MILES  (Red)
Fri Jul 14 17:49:46 2023 Peto (Blue) [Headshot] JaZZ (Red)
Fri Jul 14 17:49:48 2023 wicky (Red) [Headshot] IlikeTrains (Blue)
Fri Jul 14 17:49:48 2023 Tekasi69 joined Blue team
Fri Jul 14 17:49:51 2023 You must be closer to the enemy's base to shoot blocks!
Fri Jul 14 17:49:52 2023 Cristian2006 (Red) [Headshot] Eli (Blue)
Fri Jul 14 17:49:52 2023 You must be closer to the enemy's base to shoot blocks!
Fri Jul 14 17:49:56 2023 wicky (Red) [Headshot] Peto (Blue)
Fri Jul 14 17:49:58 2023 Cristian2006 (Red) [Headshot] dr_frog01 (Blue)
Fri Jul 14 17:50:03 2023  Build a tower to get the enemy's intel. Take it to your team's tent to win!
Fri Jul 14 17:50:07 2023 James (Blue) [Headshot] Harry (Red)
Fri Jul 14 17:50:08 2023 Triangle (Blue) [SMG] wicky (Red)
Fri Jul 14 17:50:09 2023 James (Blue) [Headshot] Cristian2006 (Red)
Fri Jul 14 17:50:11 2023 Jamal (Blue) [Headshot] Galaxia (Red)
Fri Jul 14 17:50:13 2023 Jamal (Blue) [SMG] _ (Red)
Fri Jul 14 17:50:16 2023 Cristian2006 (Red) [Weapon Change]
Fri Jul 14 17:50:19 2023 Blockhead (Red) [SMG] Kamikaze345. (Blue)
Fri Jul 14 17:50:21 2023 Triangle (Blue) [Headshot] R CONSERVADORA (Red)
Fri Jul 14 17:50:23 2023 Eli (Blue) [Shotgun] MILES  (Red)
Fri Jul 14 17:50:24 2023 Triangle (Blue) [SMG] Galaxia (Red)
Fri Jul 14 17:50:29 2023 Harry (Red) [Headshot] Eli (Blue)
Fri Jul 14 17:50:30 2023 James (Blue) [Headshot] Harry (Red)
Fri Jul 14 17:50:32 2023 _ (Red) [Headshot] Triangle (Blue)
Fri Jul 14 17:50:33 2023 Peto (Blue) [SMG] JaZZ (Red)
Fri Jul 14 17:50:33 2023  Type /HELP for info & commands
Fri Jul 14 17:50:39 2023 dr_frog01 (Blue) [Headshot] Blockhead (Red)
Fri Jul 14 17:50:40 2023 dr_frog01 (Blue) [Headshot] R CONSERVADORA (Red)
Fri Jul 14 17:50:44 2023 luserkkj joined Red team
Fri Jul 14 17:50:45 2023 S (Red) [Headshot] CocoThunder (Blue)
Fri Jul 14 17:50:47 2023 Jamal (Blue) [Headshot] _ (Red)
Fri Jul 14 17:50:53 2023 Peto (Blue) [Headshot] JaZZ (Red)
Fri Jul 14 17:50:54 2023 Jamal (Blue) [Headshot] MILES  (Red)
Fri Jul 14 17:50:59 2023 James (Blue) [Headshot] Harry (Red)
Fri Jul 14 17:51:00 2023 James (Blue) [Headshot] luserkkj (Red)
Fri Jul 14 17:51:02 2023 S (Red) [Headshot] Eli (Blue)
Fri Jul 14 17:51:03 2023  Visit our community forums at https://aloha.pk/
Fri Jul 14 17:51:05 2023 wicky (Red) [Headshot] Jamal (Blue)
Fri Jul 14 17:51:07 2023 [Global] luserkkj (Red): what
Fri Jul 14 17:51:12 2023 luserkkj (Red) [Weapon Change]
Fri Jul 14 17:51:13 2023 S (Red) [Headshot] CocoThunder (Blue)
Fri Jul 14 17:51:17 2023 Harry (Red) [Headshot] Tekasi69 (Blue)
Fri Jul 14 17:51:26 2023 Blockhead (Red) [Headshot] Triangle (Blue)
Fri Jul 14 17:51:26 2023 You must be closer to the enemy's base to shoot blocks!
Fri Jul 14 17:51:28 2023 dr_frog01 (Blue) [Shotgun] Blockhead (Red)
Fri Jul 14 17:51:29 2023 James (Blue) [Headshot] Harry (Red)
Fri Jul 14 17:51:31 2023 Cristian2006 (Red) [Shotgun] dr_frog01 (Blue)
Fri Jul 14 17:51:33 2023  Come chat with us at https://discord.aloha.pk/
Fri Jul 14 17:51:37 2023 R CONSERVADORA (Red) [Headshot] Eli (Blue)
Fri Jul 14 17:51:37 2023 _ (Red) [Headshot] Peto (Blue)
Fri Jul 14 17:51:39 2023 Jamal (Blue) [Headshot] R CONSERVADORA (Red)
Fri Jul 14 17:51:44 2023 riddick (Red) [Headshot] Jamal (Blue)
Fri Jul 14 17:51:46 2023 James (Blue) [Headshot] Cristian2006 (Red)
Fri Jul 14 17:51:51 2023 wicky (Red) [Headshot] James (Blue)
Fri Jul 14 17:51:52 2023 MILES  (Red) [Rifle] Tekasi69 (Blue)
Fri Jul 14 17:52:03 2023  If you believe a player is breaking the rules, please let us know with /ADMIN
Fri Jul 14 17:52:08 2023 Player Tekasi69 has left
Fri Jul 14 17:52:08 2023 James (Blue) [Headshot] luserkkj (Red)
Fri Jul 14 17:52:10 2023 Harry (Red) [Headshot] IlikeTrains (Blue)
Fri Jul 14 17:52:11 2023 [Global] dr_frog01 (Blue): build the wall of china simulator...
Fri Jul 14 17:52:14 2023 [Global] luserkkj (Red): hacker
Fri Jul 14 17:52:14 2023 MILES  (Red) [Headshot] Jamal (Blue)
Fri Jul 14 17:52:16 2023 James (Blue) [Headshot] MILES  (Red)
Fri Jul 14 17:52:20 2023 [Global] Peto (Blue): CocoThunder I love you
Fri Jul 14 17:52:25 2023 [Global] Jamal (Blue): I've decided I'll start streaming my gameplay on Kick#
Fri Jul 14 17:52:26 2023 S (Red) [Headshot] dr_frog01 (Blue)
Fri Jul 14 17:52:27 2023 CocoThunder (Blue) [Headshot] S (Red)
Fri Jul 14 17:52:28 2023 James (Blue) [Headshot] Harry (Red)
Fri Jul 14 17:52:31 2023 [Global] Jamal (Blue): I'll start tomorrow
Fri Jul 14 17:52:31 2023 IlikeTrains (Blue) [Headshot] Cristian2006 (Red)
Fri Jul 14 17:52:33 2023  Mahalo for playing aloha.pk tower of babel
Fri Jul 14 17:52:42 2023  Jamal has a kill-death ratio of 1.31 (21 kills, 16 deaths, 1.03 kills per minute).
Fri Jul 14 17:52:42 2023  IlikeTrains started a VOTEKICK against Jamal. Say /Y to agree
Fri Jul 14 17:52:42 2023  Reason: no one cares
Fri Jul 14 17:52:51 2023 _ (Red) [Fall]
Fri Jul 14 17:52:52 2023  riddick voted YES
Fri Jul 14 17:52:53 2023 [Global] Jamal (Blue): No, I care!
Fri Jul 14 17:52:57 2023 Harry (Red) [Headshot] Peto (Blue)
Fri Jul 14 17:52:59 2023 Triangle (Blue) [SMG] MILES  (Red)
Fri Jul 14 17:53:03 2023  Build a tower to get the enemy's intel. Take it to your team's tent to win!
Fri Jul 14 17:53:07 2023 IlikeTrains (Blue) [Headshot] wicky (Red)
Fri Jul 14 17:53:08 2023 [Global] riddick (Red): as long as u have expert commentary 
Fri Jul 14 17:53:09 2023 IlikeTrains (Blue) [Headshot] Harry (Red)
Fri Jul 14 17:53:12 2023  IlikeTrains is votekicking Jamal. /Y to vote (9 left)
Fri Jul 14 17:53:12 2023  Reason: no one cares
Fri Jul 14 17:53:15 2023 [Global] Jamal (Blue): That's false information in the reason for votekick!
Fri Jul 14 17:53:16 2023 luserkkj (Red) [Headshot] Eli (Blue)
Fri Jul 14 17:53:19 2023 IlikeTrains (Blue) [Headshot] R CONSERVADORA (Red)
Fri Jul 14 17:53:21 2023 [Global] wicky (Red): XD
Fri Jul 14 17:53:22 2023 IlikeTrains (Blue) [Rifle] Galaxia (Red)
Fri Jul 14 17:53:29 2023 [Global] Jamal (Blue): I care and I am not no one
Fri Jul 14 17:53:30 2023 [Global] riddick (Red): side hustle
Fri Jul 14 17:53:30 2023 IlikeTrains (Blue) [Headshot] wicky (Red)
Fri Jul 14 17:53:31 2023 _ (Red) [Headshot] IlikeTrains (Blue)
Fri Jul 14 17:53:33 2023  Type /HELP for info & commands
Fri Jul 14 17:53:35 2023 MILES  (Red) [Fall]
Fri Jul 14 17:53:37 2023 James (Blue) [Rifle] luserkkj (Red)
Fri Jul 14 17:53:38 2023 [Global] Triangle (Blue): theres a red below the tower
Fri Jul 14 17:53:38 2023 dr_frog01 (Blue) [Shotgun] Blockhead (Red)
Fri Jul 14 17:53:42 2023  IlikeTrains is votekicking Jamal. /Y to vote (9 left)
Fri Jul 14 17:53:42 2023  Reason: no one cares
Fri Jul 14 17:53:46 2023 James (Blue) [Headshot] Cristian2006 (Red)
Fri Jul 14 17:53:48 2023 [Global] riddick (Red): thx for telling both teams
Fri Jul 14 17:53:51 2023 Harry (Red) [Headshot] IlikeTrains (Blue)
Fri Jul 14 17:53:56 2023 James (Blue) [Headshot] R CONSERVADORA (Red)
Fri Jul 14 17:53:59 2023  CocoThunder has reached 1000 blocks placed! /heaven unlocked.
Fri Jul 14 17:54:00 2023 riddick (Red) [Headshot] Triangle (Blue)
Fri Jul 14 17:54:01 2023  luserkkj voted YES
Fri Jul 14 17:54:01 2023 James (Blue) [Headshot] Harry (Red)
Fri Jul 14 17:54:03 2023  Visit our community forums at https://aloha.pk/
Fri Jul 14 17:54:03 2023  Triangle voted YES
Fri Jul 14 17:54:08 2023 James (Blue) [Headshot] MILES  (Red)
Fri Jul 14 17:54:08 2023 IlikeTrains (Blue) [Rifle] Galaxia (Red)
Fri Jul 14 17:54:09 2023 JaZZ (Red) [Grenade] Peto (Blue)
Fri Jul 14 17:54:10 2023 [Global] Jamal (Blue): "No one cares"?  get a grip you train loving bastard?
Fri Jul 14 17:54:13 2023  IlikeTrains is votekicking Jamal. /Y to vote (7 left)
Fri Jul 14 17:54:13 2023  Reason: no one cares
Fri Jul 14 17:54:13 2023 dr_frog01 (Blue) [Shotgun] Cristian2006 (Red)
Fri Jul 14 17:54:13 2023 MILES  (Red) [Weapon Change]
Fri Jul 14 17:54:15 2023 JaZZ picked up Blue's Intel.
Fri Jul 14 17:54:18 2023 riddick (Red) [Headshot] Triangle (Blue)
Fri Jul 14 17:54:20 2023 [Global] IlikeTrains (Blue): cry
Fri Jul 14 17:54:21 2023 luserkkj (Red) [Headshot] dr_frog01 (Blue)
Fri Jul 14 17:54:24 2023 MILES  joined Blue team
Fri Jul 14 17:54:25 2023 S (Red) [Rifle] Eli (Blue)
Fri Jul 14 17:54:25 2023 [Global] Jamal (Blue): I am someone, so "no one cares" is a false statement
Fri Jul 14 17:54:31 2023 IlikeTrains (Blue) [Headshot] wicky (Red)
Fri Jul 14 17:54:33 2023  Come chat with us at https://discord.aloha.pk/
Fri Jul 14 17:54:33 2023 luserkkj (Red) [Headshot] Kamikaze345. (Blue)
Fri Jul 14 17:54:34 2023 IlikeTrains (Blue) [Headshot] Harry (Red)
Fri Jul 14 17:54:38 2023 JaZZ captured Blue's Intel.
Fri Jul 14 17:54:39 2023 riddick (Red) [Headshot] CocoThunder (Blue)
Fri Jul 14 17:54:42 2023 luserkkj (Red) [Headshot] MILES  (Blue)
Fri Jul 14 17:54:42 2023  Votekick for Jamal has ended. Votekick timed out
Fri Jul 14 17:54:49 2023 IlikeTrains (Blue) [Headshot] JaZZ (Red)
Fri Jul 14 17:54:50 2023 Eli (Blue) [Shotgun] Blockhead (Red)
Fri Jul 14 17:54:53 2023 IlikeTrains (Blue) [Rifle] _ (Red)
Fri Jul 14 17:54:55 2023 riddick (Red) [Headshot] Jamal (Blue)
Fri Jul 14 17:54:56 2023 [Global] wicky (Red): jamal you really got him on that one
Fri Jul 14 17:54:58 2023 riddick (Red) [Headshot] dr_frog01 (Blue)
Fri Jul 14 17:55:00 2023 James (Blue) [Grenade] R CONSERVADORA (Red)
Fri Jul 14 17:55:03 2023  If you believe a player is breaking the rules, please let us know with /ADMIN
Fri Jul 14 17:55:03 2023 You must be closer to the enemy's base to shoot blocks!
Fri Jul 14 17:55:07 2023 [Global] IlikeTrains (Blue): yes I'm wrecked
Fri Jul 14 17:55:10 2023 Harry (Red) [Headshot] IlikeTrains (Blue)
Fri Jul 14 17:55:18 2023 _ (Red) [Fall]
Fri Jul 14 17:55:19 2023 luserkkj (Red) [Rifle] MILES  (Blue)
Fri Jul 14 17:55:21 2023 [Global] Jamal (Blue): I know, he's probably crying and sliting his wrists in the bathtub now
Fri Jul 14 17:55:25 2023 dr_frog01 (Blue) [Headshot] luserkkj (Red)
Fri Jul 14 17:55:33 2023  Mahalo for playing aloha.pk tower of babel
Fri Jul 14 17:55:38 2023 IlikeTrains (Blue) [Headshot] Harry (Red)
Fri Jul 14 17:55:42 2023 riddick (Red) [Headshot] Jamal (Blue)
Fri Jul 14 17:55:54 2023 S (Red) [Rifle] Eli (Blue)
Fri Jul 14 17:55:55 2023 S (Red) [Rifle] dr_frog01 (Blue)
Fri Jul 14 17:55:56 2023 luserkkj (Red) [Fall]
Fri Jul 14 17:55:56 2023 JaZZ (Red) [Headshot] Triangle (Blue)
Fri Jul 14 17:56:00 2023 [Global] IlikeTrains (Blue): I have been too toxic lately. I apologize.
Fri Jul 14 17:56:03 2023  Build a tower to get the enemy's intel. Take it to your team's tent to win!
Fri Jul 14 17:56:04 2023 riddick (Red) [Rifle] Jamal (Blue)
Fri Jul 14 17:56:07 2023 Harry (Red) [Headshot] Peto (Blue)
Fri Jul 14 17:56:09 2023 riddick (Red) [Rifle] CocoThunder (Blue)
Fri Jul 14 17:56:11 2023 Harry (Red) [Headshot] IlikeTrains (Blue)
Fri Jul 14 17:56:13 2023 MILES  (Blue) [Headshot] S (Red)
Fri Jul 14 17:56:18 2023 James (Blue) [Headshot] luserkkj (Red)
Fri Jul 14 17:56:18 2023 [Global] dr_frog01 (Blue): I love kidnapping toxic children
Fri Jul 14 17:56:20 2023 _ (Red) [Headshot] MILES  (Blue)
Fri Jul 14 17:56:23 2023 IlikeTrains (Blue) [Headshot] Harry (Red)
Fri Jul 14 17:56:30 2023 riddick (Red) [Rifle] CocoThunder (Blue)
Fri Jul 14 17:56:33 2023  R CONSERVADORA has reached 1000 blocks placed! /heaven unlocked.
Fri Jul 14 17:56:33 2023  Type /HELP for info & commands
Fri Jul 14 17:56:38 2023 R CONSERVADORA (Red) [Fall]
Fri Jul 14 17:56:39 2023 [Global] Jamal (Blue): I forgive you, just don't make false statements again
Fri Jul 14 17:56:39 2023 Blockhead (Red) [SMG] Kamikaze345. (Blue)
Fri Jul 14 17:56:42 2023 Triangle (Blue) [Headshot] luserkkj (Red)
Fri Jul 14 17:56:47 2023 Peto (Blue) [Headshot] Harry (Red)
Fri Jul 14 17:56:53 2023 Cristian2006 (Red) [Grenade]
Fri Jul 14 17:56:53 2023 riddick (Red) [Headshot] Jamal (Blue)
Fri Jul 14 17:56:58 2023 JaZZ (Red) [Grenade] Kamikaze345. (Blue)
Fri Jul 14 17:57:00 2023 MILES  (Blue) [Headshot] R CONSERVADORA (Red)
Fri Jul 14 17:57:01 2023 riddick (Red) [Headshot] CocoThunder (Blue)
Fri Jul 14 17:57:02 2023 Jamal (Blue) [Headshot] Blockhead (Red)
Fri Jul 14 17:57:02 2023 IlikeTrains (Blue) [Headshot] Harry (Red)
Fri Jul 14 17:57:03 2023  Visit our community forums at https://aloha.pk/
Fri Jul 14 17:57:04 2023 wicky (Red) [Headshot] Triangle (Blue)
Fri Jul 14 17:57:07 2023 JaZZ picked up Blue's Intel.
Fri Jul 14 17:57:10 2023 Peto (Blue) [SMG] _ (Red)
Fri Jul 14 17:57:11 2023 IlikeTrains (Blue) [Headshot] S (Red)
Fri Jul 14 17:57:13 2023 luserkkj (Red) [Shotgun] MILES  (Blue)
Fri Jul 14 17:57:15 2023 JaZZ dropped Blue's Intel
Fri Jul 14 17:57:15 2023  The intel has returned to the heavens
Fri Jul 14 17:57:15 2023 Peto (Blue) [SMG] JaZZ (Red)
Fri Jul 14 17:57:15 2023 riddick (Red) [Headshot] Jamal (Blue)
Fri Jul 14 17:57:21 2023 IlikeTrains (Blue) [Headshot] Cristian2006 (Red)
Fri Jul 14 17:57:22 2023 luserkkj (Red) [Headshot] Eli (Blue)
Fri Jul 14 17:57:23 2023 IlikeTrains (Blue) [Headshot] Harry (Red)
Fri Jul 14 17:57:27 2023 wicky (Red) [Headshot] IlikeTrains (Blue)
Fri Jul 14 17:57:28 2023 [Team] JaZZ (Red): GETON THE BLUE TOWER FUCKING IDIOTS
Fri Jul 14 17:57:29 2023 dr_frog01 (Blue) [Headshot] luserkkj (Red)
Fri Jul 14 17:57:31 2023 [Team] JaZZ (Red): WE CAN GET INTEL
Fri Jul 14 17:57:33 2023  Come chat with us at https://discord.aloha.pk/
Fri Jul 14 17:57:35 2023 wicky (Red) [Headshot] dr_frog01 (Blue)
Fri Jul 14 17:57:43 2023 R CONSERVADORA (Red) [Grenade]
Fri Jul 14 17:57:44 2023 riddick (Red) [Headshot] CocoThunder (Blue)
Fri Jul 14 17:57:45 2023 Peto (Blue) [SMG] JaZZ (Red)
Fri Jul 14 17:57:45 2023 wicky (Red) [Headshot] Peto (Blue)
Fri Jul 14 17:57:49 2023 [Global] IlikeTrains (Blue): Too many reds. Can't kill them all. Team knows I tried, though.
Fri Jul 14 17:57:51 2023 James (Blue) [Headshot] luserkkj (Red)
Fri Jul 14 17:57:53 2023 riddick (Red) [Headshot] MILES  (Blue)
Fri Jul 14 17:57:57 2023 [Global] luserkkj (Red): whattt
Fri Jul 14 17:58:03 2023  If you believe a player is breaking the rules, please let us know with /ADMIN
Fri Jul 14 17:58:04 2023 riddick (Red) [Headshot] CocoThunder (Blue)
Fri Jul 14 17:58:04 2023 [Global] Jamal (Blue): Here in the UK Molly is called Mandy
Fri Jul 14 17:58:06 2023 Peto (Blue) [Headshot] wicky (Red)
Fri Jul 14 17:58:11 2023 Peto (Blue) [Headshot] Harry (Red)
Fri Jul 14 17:58:13 2023 Jamal (Blue) [Headshot] _ (Red)
Fri Jul 14 17:58:16 2023 Triangle (Blue) [SMG] R CONSERVADORA (Red)
Fri Jul 14 17:58:19 2023 Peto (Blue) [Headshot] JaZZ (Red)
Fri Jul 14 17:58:23 2023  James has a kill-death ratio of 3.64 (51 kills, 14 deaths, 1.93 kills per minute).
Fri Jul 14 17:58:23 2023  luserkkj started a VOTEKICK against James. Say /Y to agree
Fri Jul 14 17:58:23 2023  Reason: hack
Fri Jul 14 17:58:23 2023 S (Red) [Headshot] James (Blue)
Fri Jul 14 17:58:25 2023 Jamal (Blue) [SMG] Blockhead (Red)
Fri Jul 14 17:58:27 2023 Peto (Blue) [Headshot] Harry (Red)
Fri Jul 14 17:58:32 2023 Disconnecting
