Mon Oct 16 20:39:06 2023 ------ World Loaded ------
Mon Oct 16 20:39:06 2023 [Global] Deuce29 (): Hi.                                  ///w/// ♥
Mon Oct 16 20:39:06 2023 Earthling (Red) [Shotgun] Shinta (Blue)
Mon Oct 16 20:39:06 2023 Astral Ace (Blue) [Headshot] Earthling (Red)
Mon Oct 16 20:39:06 2023 Welcome to aloha.pk tower of babel
Mon Oct 16 20:39:07 2023 Map: Swag 2 by Lostmotel
Mon Oct 16 20:39:08 2023 [Global] Goldorak (Blue): uhhh... hi 
Mon Oct 16 20:39:09 2023 Game mode: Tower of Babel by Yourself, modified by izzy
Mon Oct 16 20:39:11 2023 Build a tower to get the enemy's intel. Take it to your team's tent to win!
Mon Oct 16 20:39:12 2023 [Global] Deuce29 (): I like u uwu
Mon Oct 16 20:39:13 2023 Visit our community forums at https://aloha.pk/
Mon Oct 16 20:39:15 2023 Come chat with us at https://discord.aloha.pk/
Mon Oct 16 20:39:17 2023 [Global] elpatagonias (Blue): omg
Mon Oct 16 20:39:23 2023 Astral Ace (Blue) [Headshot] Earthling (Red)
Mon Oct 16 20:39:25 2023 Astral Ace (Blue) [Headshot] Venon (Red)
Mon Oct 16 20:39:26 2023 Astral Ace (Blue) [Headshot] Harry (Red)
Mon Oct 16 20:39:28 2023 Astral Ace (Blue) [Headshot] The Thing (Red)
Mon Oct 16 20:39:28 2023  Visit our community forums at https://aloha.pk/
Mon Oct 16 20:39:32 2023 Astral Ace (Blue) [Headshot] SJ04 (Red)
Mon Oct 16 20:39:34 2023 [Global] Goldorak (Blue): come and kill the ennemy
Mon Oct 16 20:39:35 2023 Astral Ace (Blue) [Headshot] Earthling (Red)
Mon Oct 16 20:39:41 2023 Neosgi (Blue) [Headshot] The Thing (Red)
Mon Oct 16 20:39:45 2023 LUGO (Blue) [SMG] Harry (Red)
Mon Oct 16 20:39:45 2023 Deuce29 joined Blue team
Mon Oct 16 20:39:46 2023 Shinta (Blue) [Headshot] Venon (Red)
Mon Oct 16 20:39:46 2023 Astral Ace (Blue) [Headshot] Earthling (Red)
Mon Oct 16 20:39:48 2023 Earthling (Red) [Weapon Change]
Mon Oct 16 20:39:48 2023 Player eel pepe has left
Mon Oct 16 20:39:52 2023 Pollito (Red) [Headshot] Shinta (Blue)
Mon Oct 16 20:39:53 2023 Neosgi (Blue) [Headshot] SJ04 (Red)
Mon Oct 16 20:39:57 2023 Player SJ04 has left
Mon Oct 16 20:39:58 2023  Come chat with us at https://discord.aloha.pk/
Mon Oct 16 20:39:58 2023 Ill-Lee Yee joined Blue team
Mon Oct 16 20:39:59 2023 You must be closer to the enemy's base to shoot blocks!
Mon Oct 16 20:40:10 2023 Pollito (Red) [Headshot] Goldorak (Blue)
Mon Oct 16 20:40:11 2023 Deuce29 (Blue) [Headshot] Pollito (Red)
Mon Oct 16 20:40:16 2023 LUGO (Blue) [Headshot] gabriel medici (Red)
Mon Oct 16 20:40:16 2023 elpatagonias (Blue) [Fall]
Mon Oct 16 20:40:17 2023 Deuce29 (Blue) [Headshot] Earthling (Red)
Mon Oct 16 20:40:18 2023 SJ04 joined Red team
Mon Oct 16 20:40:18 2023 Deuce29 (Blue) [Grenade] Harry (Red)
Mon Oct 16 20:40:25 2023 Shinta (Blue) [Headshot] Venon (Red)
Mon Oct 16 20:40:27 2023 Pollito (Red) [Grenade] Shinta (Blue)
Mon Oct 16 20:40:28 2023  If you believe a player is breaking the rules, please let us know with /ADMIN
Mon Oct 16 20:40:29 2023 Pollito (Red) [SMG] Neosgi (Blue)
Mon Oct 16 20:40:33 2023 Harry (Red) [Headshot] Ill-Lee Yee (Blue)
Mon Oct 16 20:40:34 2023 SJ04 (Red) [Rifle] Deuce29 (Blue)
Mon Oct 16 20:40:34 2023 Pollito (Red) [Fall]
Mon Oct 16 20:40:37 2023 [Global] Deuce29 (Blue): asses
Mon Oct 16 20:40:43 2023 Astral Ace (Blue) [Rifle] Harry (Red)
Mon Oct 16 20:40:47 2023 Shinta (Blue) [Fall]
Mon Oct 16 20:40:47 2023 NovaBlitz (Blue) [Fall]
Mon Oct 16 20:40:54 2023 gabriel medici (Red) [SMG]
Mon Oct 16 20:40:58 2023  Mahalo for playing aloha.pk tower of babel
Mon Oct 16 20:41:01 2023 Goldorak (Blue) [SMG] Earthling (Red)
Mon Oct 16 20:41:03 2023 Neosgi (Blue) [Headshot] Pollito (Red)
Mon Oct 16 20:41:05 2023 LUGO (Blue) [SMG] Harry (Red)
Mon Oct 16 20:41:05 2023 Player Pollito has left
Mon Oct 16 20:41:15 2023 wicky (Red) [Headshot] Goldorak (Blue)
Mon Oct 16 20:41:17 2023 SJ04 (Red) [Headshot] Neosgi (Blue)
Mon Oct 16 20:41:21 2023 Harry (Red) [Headshot] LUGO (Blue)
Mon Oct 16 20:41:22 2023 Player Neosgi has left
Mon Oct 16 20:41:24 2023 Astral Ace (Blue) [Rifle] wicky (Red)
Mon Oct 16 20:41:26 2023 Shinta (Blue) [Rifle] gabriel medici (Red)
Mon Oct 16 20:41:27 2023 Astral Ace (Blue) [Headshot] Harry (Red)
Mon Oct 16 20:41:28 2023  Build a tower to get the enemy's intel. Take it to your team's tent to win!
Mon Oct 16 20:41:43 2023 wicky (Red) [Headshot] Astral Ace (Blue)
Mon Oct 16 20:41:50 2023 Earthling (Red) [SMG] Shinta (Blue)
Mon Oct 16 20:41:50 2023 Ill-Lee Yee picked up Red's Intel.
Mon Oct 16 20:41:58 2023  Type /HELP for info & commands
Mon Oct 16 20:41:59 2023 Ill-Lee Yee (Blue) [Headshot] SJ04 (Red)
Mon Oct 16 20:42:02 2023 Ill-Lee Yee (Blue) [Headshot] Harry (Red)
Mon Oct 16 20:42:04 2023 The Thing (Red) [SMG]
Mon Oct 16 20:42:04 2023 Earthling (Red) [Headshot] Astral Ace (Blue)
Mon Oct 16 20:42:05 2023 LUGO (Blue) [SMG] Earthling (Red)
Mon Oct 16 20:42:08 2023 Ill-Lee Yee (Blue) [Headshot] gabriel medici (Red)
Mon Oct 16 20:42:23 2023 Earthling (Red) [Headshot] Shinta (Blue)
Mon Oct 16 20:42:24 2023 Harry (Red) [Headshot] LUGO (Blue)
Mon Oct 16 20:42:28 2023  Visit our community forums at https://aloha.pk/
Mon Oct 16 20:42:35 2023 Astral Ace (Blue) [Headshot] Venon (Red)
Mon Oct 16 20:42:39 2023 noxvpsz joined Red team
Mon Oct 16 20:42:40 2023 Astral Ace (Blue) [Headshot] Harry (Red)
Mon Oct 16 20:42:41 2023 [Global] Ill-Lee Yee (Blue): amen bruther
Mon Oct 16 20:42:43 2023 Astral Ace (Blue) [Headshot] Earthling (Red)
Mon Oct 16 20:42:47 2023 Shinta (Blue) [Headshot] Venon (Red)
Mon Oct 16 20:42:50 2023 Astral Ace (Blue) [Headshot] noxvpsz (Red)
Mon Oct 16 20:42:56 2023 Harry (Red) [Headshot] Astral Ace (Blue)
Mon Oct 16 20:42:58 2023  Come chat with us at https://discord.aloha.pk/
Mon Oct 16 20:42:59 2023 Shinta (Blue) [Headshot] Venon (Red)
Mon Oct 16 20:43:02 2023 elpatagonias (Blue) [Fall]
Mon Oct 16 20:43:04 2023 Earthling (Red) [Headshot] Shinta (Blue)
Mon Oct 16 20:43:09 2023 LUGO (Blue) [Headshot] Earthling (Red)
Mon Oct 16 20:43:17 2023 gabriel medici (Red) [SMG] elpatagonias (Blue)
Mon Oct 16 20:43:18 2023 Astral Ace (Blue) [Headshot] wicky (Red)
Mon Oct 16 20:43:23 2023 noxvpsz (Red) [Rifle] Astral Ace (Blue)
Mon Oct 16 20:43:28 2023 elpatagonias (Blue) [SMG] gabriel medici (Red)
Mon Oct 16 20:43:28 2023  If you believe a player is breaking the rules, please let us know with /ADMIN
Mon Oct 16 20:43:32 2023 Venon (Red) [Headshot] Shinta (Blue)
Mon Oct 16 20:43:36 2023 aloha.pk joined Red team
Mon Oct 16 20:43:41 2023 Astral Ace (Blue) [Headshot] Earthling (Red)
Mon Oct 16 20:43:46 2023 LUGO (Blue) [Fall]
Mon Oct 16 20:43:46 2023 Player LUGO has left
Mon Oct 16 20:43:57 2023 Astral Ace (Blue) [Headshot] wicky (Red)
Mon Oct 16 20:43:57 2023 Shinta (Blue) [Headshot] Venon (Red)
Mon Oct 16 20:43:58 2023  Mahalo for playing aloha.pk tower of babel
Mon Oct 16 20:44:00 2023 noxvpsz (Red) [Headshot] Shinta (Blue)
Mon Oct 16 20:44:04 2023 Astral Ace (Blue) [Headshot] Earthling (Red)
Mon Oct 16 20:44:05 2023 noxvpsz (Red) [Rifle] Astral Ace (Blue)
Mon Oct 16 20:44:15 2023 Earthling (Red) [Fall]
Mon Oct 16 20:44:16 2023 [Global] elpatagonias (Blue): lee yee
Mon Oct 16 20:44:19 2023 [Global] Ill-Lee Yee (Blue): yea?
Mon Oct 16 20:44:19 2023 [Global] elpatagonias (Blue): hang on there
Mon Oct 16 20:44:20 2023 Ill-Lee Yee dropped Red's Intel
Mon Oct 16 20:44:20 2023  The intel has returned to the heavens
Mon Oct 16 20:44:20 2023 Ill-Lee Yee (Blue) [Rifle]
Mon Oct 16 20:44:20 2023  God punished Ill-Lee Yee for holding the intel too long
Mon Oct 16 20:44:23 2023 [Global] Ill-Lee Yee (Blue): NOOO
Mon Oct 16 20:44:23 2023 Astral Ace (Blue) [Headshot] wicky (Red)
Mon Oct 16 20:44:23 2023 Harry (Red) [Melee] Goldorak (Blue)
Mon Oct 16 20:44:25 2023 SJ04 (Red) [Fall]
Mon Oct 16 20:44:26 2023 Astral Ace (Blue) [Headshot] aloha.pk (Red)
Mon Oct 16 20:44:28 2023  Build a tower to get the enemy's intel. Take it to your team's tent to win!
Mon Oct 16 20:44:28 2023 [Global] elpatagonias (Blue): NOOOO
Mon Oct 16 20:44:28 2023 noxvpsz (Red) [Headshot] Shinta (Blue)
Mon Oct 16 20:44:34 2023 noxvpsz (Red) [Headshot] Astral Ace (Blue)
Mon Oct 16 20:44:41 2023 Shinta (Blue) [Headshot] gabriel medici (Red)
Mon Oct 16 20:44:42 2023 Deuce29 (Blue) [Rifle] The Thing (Red)
Mon Oct 16 20:44:42 2023 Harry (Red) [Headshot] elpatagonias (Blue)
Mon Oct 16 20:44:52 2023 wicky (Red) [Headshot] Astral Ace (Blue)
Mon Oct 16 20:44:53 2023 Shinta (Blue) [Rifle] Harry (Red)
Mon Oct 16 20:44:54 2023 Ky :: XxLuisxX joined Blue team
Mon Oct 16 20:44:55 2023 Shinta (Blue) [Headshot] wicky (Red)
Mon Oct 16 20:44:58 2023  Type /HELP for info & commands
Mon Oct 16 20:45:00 2023 aloha.pk (Red) [SMG] Ill-Lee Yee (Blue)
Mon Oct 16 20:45:01 2023 bo joined Blue team
Mon Oct 16 20:45:06 2023 Earthling (Red) [SMG] Shinta (Blue)
Mon Oct 16 20:45:06 2023 Deuce29 (Blue) [Headshot] aloha.pk (Red)
Mon Oct 16 20:45:10 2023 Ky :: XxLuisxX (Blue) [Headshot] Earthling (Red)
Mon Oct 16 20:45:14 2023 Ky :: XxLuisxX (Blue) [Headshot] noxvpsz (Red)
Mon Oct 16 20:45:15 2023 wicky (Red) [SMG] Ky :: XxLuisxX (Blue)
Mon Oct 16 20:45:16 2023 Ill-Lee Yee (Blue) [Fall]
Mon Oct 16 20:45:25 2023 Astral Ace (Blue) [Headshot] wicky (Red)
Mon Oct 16 20:45:26 2023 Ill-Lee Yee (Blue) [Fall]
Mon Oct 16 20:45:28 2023  Visit our community forums at https://aloha.pk/
Mon Oct 16 20:45:30 2023 Earthling (Red) [SMG] Astral Ace (Blue)
Mon Oct 16 20:45:35 2023 Ky :: XxLuisxX (Blue) [Headshot] Earthling (Red)
Mon Oct 16 20:45:36 2023 Shinta (Blue) [Headshot] gabriel medici (Red)
Mon Oct 16 20:45:37 2023 Goldorak (Blue) [Fall]
Mon Oct 16 20:45:37 2023 bilboswaggins joined Red team
Mon Oct 16 20:45:44 2023 Shinta (Blue) [Headshot] Harry (Red)
Mon Oct 16 20:45:45 2023 Ky :: XxLuisxX (Blue) [Headshot] SJ04 (Red)
Mon Oct 16 20:45:48 2023 Venon (Red) [Headshot] Shinta (Blue)
Mon Oct 16 20:45:54 2023 NovaBlitz (Blue) [Rifle] Venon (Red)
Mon Oct 16 20:45:55 2023 Earthling (Red) [Headshot] Ky :: XxLuisxX (Blue)
Mon Oct 16 20:45:57 2023 [Global] Ill-Lee Yee (Blue): there is a jew trying to shoot it down
Mon Oct 16 20:45:58 2023  Come chat with us at https://discord.aloha.pk/
Mon Oct 16 20:46:01 2023 The Thing (Red) [Headshot] elpatagonias (Blue)
Mon Oct 16 20:46:04 2023 Earthling (Red) [SMG] Astral Ace (Blue)
Mon Oct 16 20:46:10 2023 Earthling (Red) [Headshot] Goldorak (Blue)
Mon Oct 16 20:46:13 2023 Shinta (Blue) [Headshot] Earthling (Red)
Mon Oct 16 20:46:17 2023 Shinta (Blue) [Headshot] noxvpsz (Red)
Mon Oct 16 20:46:21 2023 Ky :: XxLuisxX (Blue) [Headshot] Harry (Red)
Mon Oct 16 20:46:26 2023 Ky :: XxLuisxX (Blue) [Headshot] SJ04 (Red)
Mon Oct 16 20:46:27 2023 Player noxvpsz has left
Mon Oct 16 20:46:28 2023 Ky :: XxLuisxX (Blue) [Headshot] bilboswaggins (Red)
Mon Oct 16 20:46:28 2023  If you believe a player is breaking the rules, please let us know with /ADMIN
Mon Oct 16 20:46:31 2023 Ky :: XxLuisxX (Blue) [Headshot] Earthling (Red)
Mon Oct 16 20:46:34 2023 Player wicky has left
Mon Oct 16 20:46:36 2023 The Thing (Red) [SMG] Goldorak (Blue)
Mon Oct 16 20:46:39 2023 Ill-Lee Yee (Blue) [Headshot] gabriel medici (Red)
Mon Oct 16 20:46:40 2023 Deuce30 joined Blue team
Mon Oct 16 20:46:42 2023 Ky :: XxLuisxX (Blue) [Headshot] Harry (Red)
Mon Oct 16 20:46:44 2023 Astral Ace (Blue) [Headshot] SJ04 (Red)
Mon Oct 16 20:46:45 2023 Ky :: XxLuisxX (Blue) [Headshot] Earthling (Red)
Mon Oct 16 20:46:45 2023 Astral Ace (Blue) [Headshot] bilboswaggins (Red)
Mon Oct 16 20:46:48 2023 The Thing (Red) [SMG]
Mon Oct 16 20:46:49 2023 Astral Ace (Blue) [Headshot] gabriel medici (Red)
Mon Oct 16 20:46:52 2023 aloha.pk (Red) [Headshot] Ky :: XxLuisxX (Blue)
Mon Oct 16 20:46:56 2023 Ill-Lee Yee (Blue) [Headshot] Venon (Red)
Mon Oct 16 20:46:57 2023 Astral Ace (Blue) [Headshot] SJ04 (Red)
Mon Oct 16 20:46:58 2023  Mahalo for playing aloha.pk tower of babel
Mon Oct 16 20:47:00 2023 Harry (Red) [Headshot] Astral Ace (Blue)
Mon Oct 16 20:47:00 2023 [Global] Ky :: XxLuisxX (Blue): hi Ace
Mon Oct 16 20:47:02 2023 Shinta (Blue) [Headshot] Harry (Red)
Mon Oct 16 20:47:04 2023 Earthling (Red) [SMG] Shinta (Blue)
Mon Oct 16 20:47:07 2023 [Global] Astral Ace (Blue): hello
Mon Oct 16 20:47:09 2023 aloha.pk (Red) [Headshot] Goldorak (Blue)
Mon Oct 16 20:47:18 2023 Ky :: XxLuisxX (Blue) [Headshot] aloha.pk (Red)
Mon Oct 16 20:47:20 2023 Ky :: XxLuisxX (Blue) [Headshot] Earthling (Red)
Mon Oct 16 20:47:22 2023 Deuce29 picked up Red's Intel.
Mon Oct 16 20:47:23 2023 [Global] aloha.pk (Red): puto
Mon Oct 16 20:47:24 2023 [Global] bilboswaggins (Red): HELLO?
Mon Oct 16 20:47:25 2023 Ill-Lee Yee (Blue) [Headshot] gabriel medici (Red)
Mon Oct 16 20:47:28 2023  Build a tower to get the enemy's intel. Take it to your team's tent to win!
Mon Oct 16 20:47:31 2023 Ill-Lee Yee (Blue) [Headshot] Harry (Red)
Mon Oct 16 20:47:32 2023 [Global] elpatagonias (Blue): gg
Mon Oct 16 20:47:32 2023 Disconnecting
