Thu May  4 20:17:09 2023 ------ World Loaded ------
Thu May  4 20:17:10 2023 Boliviano (Blue) [Headshot] Squirrel! (Red)
Thu May  4 20:17:10 2023 Me (Red) [Weapon Change]
Thu May  4 20:17:10 2023 t (Red) [Headshot] SantaClaude (Blue)
Thu May  4 20:17:10 2023 Boliviano (Blue) [Headshot] BED 69 (Red)
Thu May  4 20:17:10 2023 [Global] BED 69 (Red): xd
Thu May  4 20:17:10 2023 Welcome to aloha.pk tower of babel
Thu May  4 20:17:11 2023 Map: A Bridge Too Dark by ei8htx & Mile
Thu May  4 20:17:13 2023 Game mode: Tower of Babel by Yourself, modified by izzy
Thu May  4 20:17:15 2023 Build a tower to get the enemy's intel. Take it to your team's tent to win!
Thu May  4 20:17:17 2023 Visit our community forums at https://aloha.pk/
Thu May  4 20:17:18 2023 Humza (Blue) [Headshot] Googlesplat (Red)
Thu May  4 20:17:19 2023 Come chat with us at https://discord.aloha.pk/
Thu May  4 20:17:23 2023 t (Red) [Headshot] elbow (Blue)
Thu May  4 20:17:26 2023 Humza (Blue) [Headshot] Squirrel! (Red)
Thu May  4 20:17:30 2023 [Global] Squirrel! (Red): HAX
Thu May  4 20:17:37 2023  Come chat with us at https://discord.aloha.pk/
Thu May  4 20:17:37 2023 Googlesplat (Red) [Headshot] Harry (Blue)
Thu May  4 20:17:40 2023 Player Me has left
Thu May  4 20:17:45 2023 Googlesplat (Red) [Headshot] Boliviano (Blue)
Thu May  4 20:17:48 2023 Googlesplat (Red) [Headshot] Humza (Blue)
Thu May  4 20:17:55 2023 Googlesplat (Red) [Headshot] SantaClaude (Blue)
Thu May  4 20:17:57 2023 Googlesplat picked up Blue's Intel.
Thu May  4 20:17:58 2023 Googlesplat (Red) [Headshot] Humza (Blue)
Thu May  4 20:18:07 2023  If you believe a player is breaking the rules, please let us know with /ADMIN
Thu May  4 20:18:12 2023 t (Red) [Headshot] SantaClaude (Blue)
Thu May  4 20:18:12 2023 Googlesplat captured Blue's Intel.
Thu May  4 20:18:17 2023 BED 69 (Red) [Headshot] Humza (Blue)
Thu May  4 20:18:24 2023 t (Red) [Headshot] fumaxd (Blue)
Thu May  4 20:18:28 2023 Googlesplat (Red) [Headshot] Harry (Blue)
Thu May  4 20:18:32 2023 Googlesplat (Red) [Headshot] Humza (Blue)
Thu May  4 20:18:35 2023 BED 69 picked up Blue's Intel.
Thu May  4 20:18:36 2023 Boliviano (Blue) [SMG] Googlesplat (Red)
Thu May  4 20:18:37 2023  Mahalo for playing aloha.pk tower of babel
Thu May  4 20:18:38 2023 BED 69 dropped Blue's Intel
Thu May  4 20:18:38 2023 SantaClaude (Blue) [Headshot] BED 69 (Red)
Thu May  4 20:18:40 2023 t (Red) [Rifle] elbow (Blue)
Thu May  4 20:18:47 2023 t (Red) [Headshot] SantaClaude (Blue)
Thu May  4 20:18:50 2023 Squirrel! (Red) [Headshot] Humza (Blue)
Thu May  4 20:18:57 2023 Harry (Blue) [Headshot] Squirrel! (Red)
Thu May  4 20:18:58 2023 Googlesplat (Red) [Headshot] Boliviano (Blue)
Thu May  4 20:19:00 2023 BED 69 (Red) [Headshot] fumaxd (Blue)
Thu May  4 20:19:00 2023 Boliviano (Blue) [Weapon Change]
Thu May  4 20:19:07 2023 Harry (Blue) [Headshot] Googlesplat (Red)
Thu May  4 20:19:07 2023  Build a tower to get the enemy's intel. Take it to your team's tent to win!
Thu May  4 20:19:07 2023 BED 69 (Red) [Rifle] Harry (Blue)
Thu May  4 20:19:11 2023 fumaxd (Blue) [Fall]
Thu May  4 20:19:18 2023 Player elbow has left
Thu May  4 20:19:22 2023 BED 69 (Red) [Headshot] Humza (Blue)
Thu May  4 20:19:22 2023 fumaxd (Blue) [Fall]
Thu May  4 20:19:31 2023 SantaClaude (Blue) [Headshot] Googlesplat (Red)
Thu May  4 20:19:37 2023  Type /HELP for info & commands
Thu May  4 20:19:39 2023 Boliviano (Blue) [Headshot] t (Red)
Thu May  4 20:19:39 2023 Humza (Blue) [Headshot] BED 69 (Red)
Thu May  4 20:19:40 2023 You must be closer to the enemy's base to shoot blocks!
Thu May  4 20:19:48 2023 Googlesplat (Red) [Headshot] SantaClaude (Blue)
Thu May  4 20:19:52 2023 Googlesplat (Red) [Headshot] Humza (Blue)
Thu May  4 20:19:56 2023 You must be closer to the enemy's base to shoot blocks!
Thu May  4 20:19:57 2023 Harry (Blue) [Headshot] Googlesplat (Red)
Thu May  4 20:20:02 2023 Harry (Blue) [Fall]
Thu May  4 20:20:07 2023 [Global] Squirrel! (Red): Lmao harry
Thu May  4 20:20:07 2023  Visit our community forums at https://aloha.pk/
Thu May  4 20:20:15 2023 Googlesplat (Red) [Headshot] Humza (Blue)
Thu May  4 20:20:16 2023 [Global] Squirrel! (Red): Forgot your broomstick?
Thu May  4 20:20:16 2023 Googlesplat (Red) [Headshot] SantaClaude (Blue)
Thu May  4 20:20:22 2023 fumaxd picked up Red's Intel.
Thu May  4 20:20:22 2023 Harry (Blue) [Headshot] Googlesplat (Red)
Thu May  4 20:20:25 2023 [Global] Googlesplat (Red): what
Thu May  4 20:20:26 2023 [Global] Richard Le Noir (Red): hairy penis
Thu May  4 20:20:29 2023 [Global] Googlesplat (Red): oh it went in the water
Thu May  4 20:20:33 2023 [Global] Harry (Blue): whay is a broomstick?
Thu May  4 20:20:37 2023  Come chat with us at https://discord.aloha.pk/
Thu May  4 20:20:42 2023 Harry (Blue) [Headshot] Squirrel! (Red)
Thu May  4 20:20:45 2023 Googlesplat (Red) [Rifle] Harry (Blue)
Thu May  4 20:20:51 2023 Googlesplat (Red) [Headshot] Humza (Blue)
Thu May  4 20:20:59 2023 Harry (Blue) [Headshot] Googlesplat (Red)
Thu May  4 20:21:02 2023 [Global] Squirrel! (Red): I'm going to blast on hedwig if you don't stop shooting me
Thu May  4 20:21:07 2023  If you believe a player is breaking the rules, please let us know with /ADMIN
Thu May  4 20:21:11 2023 Googlesplat (Red) [Headshot] Harry (Blue)
Thu May  4 20:21:13 2023 Googlesplat (Red) [Headshot] reltiHflodA (Blue)
Thu May  4 20:21:15 2023 Googlesplat (Red) [Headshot] Humza (Blue)
Thu May  4 20:21:17 2023 [Global] Googlesplat (Red): careful
Thu May  4 20:21:18 2023 SantaClaude (Blue) [Headshot] Googlesplat (Red)
Thu May  4 20:21:21 2023 [Global] Googlesplat (Red): im much better up close
Thu May  4 20:21:29 2023 Harry (Blue) [Headshot] Squirrel! (Red)
Thu May  4 20:21:33 2023 Googlesplat (Red) [Headshot] Harry (Blue)
Thu May  4 20:21:37 2023  Mahalo for playing aloha.pk tower of babel
Thu May  4 20:21:42 2023 fumaxd dropped Red's Intel
Thu May  4 20:21:42 2023  The intel has returned to the heavens
Thu May  4 20:21:42 2023 BED 69 (Red) [Headshot] fumaxd (Blue)
Thu May  4 20:21:46 2023 reltiHflodA (Blue) [Rifle] BED 69 (Red)
Thu May  4 20:21:50 2023 Googlesplat (Red) [Headshot] Humza (Blue)
Thu May  4 20:21:50 2023 [Global] BED 69 (Red): xd
Thu May  4 20:21:53 2023 You must be closer to the enemy's base to shoot blocks!
Thu May  4 20:21:54 2023 Harry (Blue) [Rifle] Googlesplat (Red)
Thu May  4 20:22:02 2023 Disconnecting
