Fri Jul 28 22:26:49 2023 ------ World Loaded ------
Fri Jul 28 22:26:49 2023 Welcome to aloha.pk arena (top 10)
Fri Jul 28 22:26:51 2023 Map: prisonbreak by MoJo and miniholk.
Fri Jul 28 22:26:52 2023 5 players on Red and 5 players on Blue remain.
Fri Jul 28 22:26:52 2023 Harry (Red) [Rifle]
Fri Jul 28 22:26:53 2023 Game mode: Arena by Yourself
Fri Jul 28 22:26:54 2023 5 players on Red and 4 players on Blue remain.
Fri Jul 28 22:26:54 2023 Astral - Maki (Red) [Headshot] Ardouin (Blue)
Fri Jul 28 22:26:55 2023 A game of team survival. The last team standing scores a point.
Fri Jul 28 22:26:55 2023 4 players on Red and 4 players on Blue remain.
Fri Jul 28 22:26:55 2023 RE:SSercome (Blue) [Headshot] Astral - Maki (Red)
Fri Jul 28 22:26:57 2023 Visit our community forums at https://aloha.pk/
Fri Jul 28 22:26:59 2023 Come chat with us at https://discord.aloha.pk/
Fri Jul 28 22:27:04 2023 3 players on Red and 4 players on Blue remain.
Fri Jul 28 22:27:04 2023 RE:SSercome (Blue) [Headshot] Jim Halpert (Red)
Fri Jul 28 22:27:05 2023  Type /HELP for info & commands
Fri Jul 28 22:27:09 2023 2 players on Red and 4 players on Blue remain.
Fri Jul 28 22:27:09 2023 ase (Blue) [Headshot] Vagabond (Red)
Fri Jul 28 22:27:09 2023 2 players on Red and 3 players on Blue remain.
Fri Jul 28 22:27:09 2023 XxLuisxX (Red) [Headshot] Astral Buddha (Blue)
Fri Jul 28 22:27:25 2023 Disconnecting
