Wed Aug  9 21:51:47 2023 ------ World Loaded ------
Wed Aug  9 21:51:47 2023 gonrios321 (Blue) [Headshot] Kross (Red)
Wed Aug  9 21:51:47 2023 Richard Le Noir (Red) [Headshot] -sky-zZzobitozZ (Blue)
Wed Aug  9 21:51:47 2023 Richard Le Noir (Red) [Headshot] gonrios321 (Blue)
Wed Aug  9 21:51:47 2023 Welcome to aloha.pk tower of babel
Wed Aug  9 21:51:48 2023 Map: holes by izzy
Wed Aug  9 21:51:50 2023 Game mode: Tower of Babel by Yourself, modified by izzy
Wed Aug  9 21:51:52 2023 Build a tower to get the enemy's intel. Take it to your team's tent to win!
Wed Aug  9 21:51:54 2023 Visit our community forums at https://aloha.pk/
Wed Aug  9 21:51:56 2023 Come chat with us at https://discord.aloha.pk/
Wed Aug  9 21:52:00 2023 gonrios321 (Blue) [Headshot] Vagabond (Red)
Wed Aug  9 21:52:00 2023 Richard Le Noir (Red) [Headshot] jager_ (Blue)
Wed Aug  9 21:52:01 2023  Type /HELP for info & commands
Wed Aug  9 21:52:08 2023 jager_ (Blue) [Headshot] Richard Le Noir (Red)
Wed Aug  9 21:52:11 2023 [Global] Richard Le Noir (Red): cock
Wed Aug  9 21:52:25 2023 Harry (Blue) [Headshot] Vagabond (Red)
Wed Aug  9 21:52:31 2023  Visit our community forums at https://aloha.pk/
Wed Aug  9 21:52:33 2023 Harry (Blue) [Headshot] Richard Le Noir (Red)
Wed Aug  9 21:52:39 2023 Vagabond (Red) [Headshot] Harry (Blue)
Wed Aug  9 21:52:44 2023 koshihikari joined Red team
Wed Aug  9 21:52:55 2023 Richard Le Noir (Red) [Grenade] Goldorak (Blue)
Wed Aug  9 21:52:56 2023 Jim (Blue) [Headshot] Richard Le Noir (Red)
Wed Aug  9 21:53:00 2023 Harry (Blue) [Headshot] koshihikari (Red)
Wed Aug  9 21:53:01 2023  Come chat with us at https://discord.aloha.pk/
Wed Aug  9 21:53:02 2023 Jim (Blue) [Rifle] Vagabond (Red)
Wed Aug  9 21:53:08 2023 Harry (Blue) [Headshot] Prieto Kun (Red)
Wed Aug  9 21:53:10 2023 koshihikari (Red) [Grenade] gonrios321 (Blue)
Wed Aug  9 21:53:10 2023 Harry (Blue) [Headshot] Richard Le Noir (Red)
Wed Aug  9 21:53:22 2023 Gravaks (Red) [Headshot] Goldorak (Blue)
Wed Aug  9 21:53:22 2023 Richard Le Noir (Red) [Headshot] Harry (Blue)
Wed Aug  9 21:53:23 2023 Lasagnaman joined Red team
Wed Aug  9 21:53:32 2023  If you believe a player is breaking the rules, please let us know with /ADMIN
Wed Aug  9 21:53:35 2023 -sky-zZzobitozZ (Blue) [Headshot] Richard Le Noir (Red)
Wed Aug  9 21:53:38 2023 -sky-zZzobitozZ (Blue) [Headshot] Vagabond (Red)
Wed Aug  9 21:53:41 2023 -sky-zZzobitozZ (Blue) [Headshot] Richard Le Noir (Red)
Wed Aug  9 21:53:41 2023 Lasagnaman (Red) [Headshot] -sky-zZzobitozZ (Blue)
Wed Aug  9 21:53:44 2023 [Global] -sky-zZzobitozZ (Blue): aaaaaaaaaaaaaaaaaaaa
Wed Aug  9 21:53:45 2023 koshihikari (Red) [Melee] Jim (Blue)
Wed Aug  9 21:53:49 2023 Gravaks (Red) [Headshot] Goldorak (Blue)
Wed Aug  9 21:53:50 2023 [Global] -sky-zZzobitozZ (Blue): f
Wed Aug  9 21:53:51 2023 Jim (Blue) [Weapon Change]
Wed Aug  9 21:53:52 2023 koshihikari (Red) [Headshot] jager_ (Blue)
Wed Aug  9 21:53:54 2023 koshihikari (Red) [Headshot] HodWar (Blue)
Wed Aug  9 21:54:07 2023  Mahalo for playing aloha.pk tower of babel
Wed Aug  9 21:54:07 2023 Kross (Red) [Grenade] gonrios321 (Blue)
Wed Aug  9 21:54:07 2023 Harry (Blue) [Headshot] Richard Le Noir (Red)
Wed Aug  9 21:54:12 2023 koshihikari (Red) [Melee] -sky-zZzobitozZ (Blue)
Wed Aug  9 21:54:13 2023 jager_ (Blue) [Headshot] koshihikari (Red)
Wed Aug  9 21:54:14 2023 [Global] -sky-zZzobitozZ (Blue): aaaaaa
Wed Aug  9 21:54:14 2023 Harry (Blue) [Headshot] Lasagnaman (Red)
Wed Aug  9 21:54:20 2023 Harry (Blue) [Headshot] Richard Le Noir (Red)
Wed Aug  9 21:54:20 2023 Gravaks (Red) [SMG] Goldorak (Blue)
Wed Aug  9 21:54:22 2023 Gravaks (Red) [Headshot] Jim (Blue)
Wed Aug  9 21:54:26 2023 Kross (Red) [SMG] HodWar (Blue)
Wed Aug  9 21:54:30 2023 koshihikari (Red) [Headshot] Harry (Blue)
Wed Aug  9 21:54:31 2023  Build a tower to get the enemy's intel. Take it to your team's tent to win!
Wed Aug  9 21:54:40 2023 Jim (Blue) [Grenade] Kross (Red)
Wed Aug  9 21:54:42 2023 jager_ (Blue) [Grenade] Lasagnaman (Red)
Wed Aug  9 21:54:42 2023 koshihikari (Red) [Headshot] jager_ (Blue)
Wed Aug  9 21:54:45 2023 Prieto Kun (Red) [Headshot] Goldorak (Blue)
Wed Aug  9 21:54:49 2023 You must be closer to the enemy's base to shoot blocks!
Wed Aug  9 21:54:50 2023 Prieto Kun (Red) [Headshot] Harry (Blue)
Wed Aug  9 21:54:51 2023 koshihikari (Red) [Headshot] Jim (Blue)
Wed Aug  9 21:54:59 2023 [Team] Jim (Blue): front
Wed Aug  9 21:55:00 2023 jager_ (Blue) [Headshot] Richard Le Noir (Red)
Wed Aug  9 21:55:01 2023  Type /HELP for info & commands
Wed Aug  9 21:55:17 2023 Harry (Blue) [Rifle] Vagabond (Red)
Wed Aug  9 21:55:20 2023 koshihikari (Red) [Headshot] Jim (Blue)
Wed Aug  9 21:55:21 2023 [Global] Vagabond (Red): ja pierdole
Wed Aug  9 21:55:21 2023 koshihikari (Red) [Headshot] gonrios321 (Blue)
Wed Aug  9 21:55:23 2023 [Global] Vagabond (Red): get ou
Wed Aug  9 21:55:23 2023 koshihikari (Red) [Headshot] Harry (Blue)
Wed Aug  9 21:55:29 2023 Kross (Red) [SMG] HodWar (Blue)
Wed Aug  9 21:55:31 2023 jager_ (Blue) [Headshot] koshihikari (Red)
Wed Aug  9 21:55:31 2023  Visit our community forums at https://aloha.pk/
Wed Aug  9 21:55:33 2023 Gravaks (Red) [Headshot] Goldorak (Blue)
Wed Aug  9 21:55:39 2023 You must be closer to the enemy's base to shoot blocks!
Wed Aug  9 21:55:40 2023 Harry (Blue) [Headshot] Prieto Kun (Red)
Wed Aug  9 21:55:47 2023 Harry (Blue) [Headshot] koshihikari (Red)
Wed Aug  9 21:55:49 2023 Player Prieto Kun has left
Wed Aug  9 21:55:56 2023 Vagabond (Red) [Fall]
Wed Aug  9 21:55:59 2023 Richard Le Noir (Red) [Rifle] Harry (Blue)
Wed Aug  9 21:56:00 2023 Richard Le Noir (Red) [Fall]
Wed Aug  9 21:56:01 2023  Come chat with us at https://discord.aloha.pk/
Wed Aug  9 21:56:02 2023 Player HodWar has left
Wed Aug  9 21:56:02 2023 [Global] Richard Le Noir (Red): OH SHIT WHAT
Wed Aug  9 21:56:02 2023 elpatagonias (Red) [SMG] gonrios321 (Blue)
Wed Aug  9 21:56:03 2023 -sky-zZzobitozZ (Blue) [Headshot] koshihikari (Red)
Wed Aug  9 21:56:06 2023 [Global] Richard Le Noir (Red): dam
Wed Aug  9 21:56:08 2023 elpatagonias (Red) [Headshot] jager_ (Blue)
Wed Aug  9 21:56:10 2023 Harry (Blue) [Headshot] elpatagonias (Red)
Wed Aug  9 21:56:12 2023 -sky-zZzobitozZ (Blue) [Rifle] Richard Le Noir (Red)
Wed Aug  9 21:56:17 2023 koshihikari (Red) [Headshot] -sky-zZzobitozZ (Blue)
Wed Aug  9 21:56:21 2023 Tony Soprano joined Blue team
Wed Aug  9 21:56:24 2023 Vagabond (Red) [Fall]
Wed Aug  9 21:56:26 2023 [Global] Vagabond (Red): LAG
Wed Aug  9 21:56:27 2023 Harry (Blue) [Headshot] Richard Le Noir (Red)
Wed Aug  9 21:56:28 2023 [Global] Vagabond (Red): FUCK
Wed Aug  9 21:56:29 2023 Julius joined Blue team
Wed Aug  9 21:56:29 2023 koshihikari (Red) [Headshot] Goldorak (Blue)
Wed Aug  9 21:56:32 2023  If you believe a player is breaking the rules, please let us know with /ADMIN
Wed Aug  9 21:56:35 2023 jager_ (Blue) [SMG] Kross (Red)
Wed Aug  9 21:56:35 2023 koshihikari (Red) [Melee] Jim (Blue)
Wed Aug  9 21:56:42 2023 Vagabond (Red) [Fall]
Wed Aug  9 21:56:49 2023 Harry (Blue) [Headshot] Kross (Red)
Wed Aug  9 21:56:54 2023 HodWar joined Blue team
Wed Aug  9 21:56:58 2023 koshihikari (Red) [Headshot] Goldorak (Blue)
Wed Aug  9 21:57:00 2023 koshihikari (Red) [Rifle] jager_ (Blue)
Wed Aug  9 21:57:02 2023  Mahalo for playing aloha.pk tower of babel
Wed Aug  9 21:57:03 2023 Harry (Blue) [Headshot] Lasagnaman (Red)
Wed Aug  9 21:57:03 2023 Player Goldorak has left
Wed Aug  9 21:57:07 2023 Gravaks (Red) [SMG] -sky-zZzobitozZ (Blue)
Wed Aug  9 21:57:09 2023 Harry (Blue) [Headshot] Kross (Red)
Wed Aug  9 21:57:09 2023 Vagabond (Red) [Headshot] Harry (Blue)
Wed Aug  9 21:57:19 2023 koshihikari (Red) [Headshot] jager_ (Blue)
Wed Aug  9 21:57:19 2023 koshihikari (Red) [Headshot] Julius (Blue)
Wed Aug  9 21:57:23 2023 [Global] Gravaks (Red): HAHAAHAA
Wed Aug  9 21:57:23 2023 Vagabond (Red) [Fall]
Wed Aug  9 21:57:28 2023 HodWar (Blue) [Headshot] elpatagonias (Red)
Wed Aug  9 21:57:29 2023 koshihikari (Red) [Headshot] Tony Soprano (Blue)
Wed Aug  9 21:57:31 2023 koshihikari (Red) [Headshot] -sky-zZzobitozZ (Blue)
Wed Aug  9 21:57:32 2023  Build a tower to get the enemy's intel. Take it to your team's tent to win!
Wed Aug  9 21:57:32 2023 koshihikari (Red) [Headshot] HodWar (Blue)
Wed Aug  9 21:57:39 2023 koshihikari (Red) [Headshot] -sky-zZzobitozZ (Blue)
Wed Aug  9 21:57:43 2023 Gravaks (Red) [Headshot] jager_ (Blue)
Wed Aug  9 21:57:46 2023 koshihikari (Red) [Headshot] Harry (Blue)
Wed Aug  9 21:57:51 2023 Jim (Blue) [Headshot] Vagabond (Red)
Wed Aug  9 21:57:58 2023 Gravaks (Red) [Headshot] Julius (Blue)
Wed Aug  9 21:58:02 2023  Type /HELP for info & commands
Wed Aug  9 21:58:14 2023 Vagabond (Red) [Rifle] Jim (Blue)
Wed Aug  9 21:58:26 2023 koshihikari (Red) [Headshot] -sky-zZzobitozZ (Blue)
Wed Aug  9 21:58:28 2023 HodWar (Blue) [Headshot] koshihikari (Red)
Wed Aug  9 21:58:31 2023 Harry (Blue) [Headshot] Vagabond (Red)
Wed Aug  9 21:58:32 2023  Visit our community forums at https://aloha.pk/
Wed Aug  9 21:58:32 2023 Richard Le Noir (Red) [Rifle] Harry (Blue)
Wed Aug  9 21:58:35 2023 Kross (Red) [Headshot] Julius (Blue)
Wed Aug  9 21:58:41 2023 Gravaks (Red) [SMG] jager_ (Blue)
Wed Aug  9 21:58:42 2023 Julius (Blue) [Weapon Change]
Wed Aug  9 21:58:46 2023 HodWar (Blue) [Headshot] elpatagonias (Red)
Wed Aug  9 21:59:02 2023  Come chat with us at https://discord.aloha.pk/
Wed Aug  9 21:59:11 2023 gonrios321 (Blue) [Headshot] Lasagnaman (Red)
Wed Aug  9 21:59:11 2023 Gravaks (Red) [SMG] jager_ (Blue)
Wed Aug  9 21:59:12 2023 gonrios321 (Blue) [Headshot] Richard Le Noir (Red)
Wed Aug  9 21:59:15 2023 [Global] Richard Le Noir (Red): wtf
Wed Aug  9 21:59:15 2023 gonrios321 (Blue) [Fall]
Wed Aug  9 21:59:16 2023 HodWar (Blue) [Fall]
Wed Aug  9 21:59:19 2023 koshihikari (Red) [Headshot] Harry (Blue)
Wed Aug  9 21:59:32 2023  If you believe a player is breaking the rules, please let us know with /ADMIN
Wed Aug  9 21:59:32 2023 elpatagonias (Red) [SMG] Jim (Blue)
Wed Aug  9 21:59:33 2023 Julius (Blue) [Headshot] Vagabond (Red)
Wed Aug  9 21:59:35 2023 Gravaks (Red) [Melee] jager_ (Blue)
Wed Aug  9 21:59:39 2023 koshihikari (Red) [Headshot] -sky-zZzobitozZ (Blue)
Wed Aug  9 21:59:40 2023 Harry (Blue) [Headshot] koshihikari (Red)
Wed Aug  9 21:59:41 2023 TangaLoca joined Red team
Wed Aug  9 21:59:44 2023 Jim (Blue) [SMG] elpatagonias (Red)
Wed Aug  9 21:59:45 2023 Harry (Blue) [Headshot] Richard Le Noir (Red)
Wed Aug  9 21:59:57 2023 Vagabond (Red) [Fall]
Wed Aug  9 22:00:02 2023  Mahalo for playing aloha.pk tower of babel
Wed Aug  9 22:00:02 2023 Harry (Blue) [Headshot] elpatagonias (Red)
Wed Aug  9 22:00:03 2023 Harry (Blue) [Headshot] Vagabond (Red)
Wed Aug  9 22:00:04 2023 Gravaks (Red) [Grenade]
Wed Aug  9 22:00:05 2023 Harry (Blue) [Headshot] Richard Le Noir (Red)
Wed Aug  9 22:00:21 2023 koshihikari (Red) [Melee] Jim (Blue)
Wed Aug  9 22:00:22 2023 Harry (Blue) [Headshot] Vagabond (Red)
Wed Aug  9 22:00:27 2023 gonrios321 (Blue) [Melee] Kross (Red)
Wed Aug  9 22:00:28 2023 Lasagnaman (Red) [Rifle]
Wed Aug  9 22:00:31 2023 Vagabond (Red) [Grenade] Harry (Blue)
Wed Aug  9 22:00:31 2023 Vagabond (Red) [Headshot] -sky-zZzobitozZ (Blue)
Wed Aug  9 22:00:32 2023  Build a tower to get the enemy's intel. Take it to your team's tent to win!
Wed Aug  9 22:00:32 2023 Player Tony Soprano has left
Wed Aug  9 22:00:43 2023 jager_ (Blue) [Melee] Lasagnaman (Red)
Wed Aug  9 22:00:44 2023 jager_ (Blue) [Melee] TangaLoca (Red)
Wed Aug  9 22:00:45 2023 koshihikari (Red) [Headshot] Jim (Blue)
Wed Aug  9 22:00:47 2023 koshihikari (Red) [Headshot] Harry (Blue)
Wed Aug  9 22:00:51 2023 Richard Le Noir (Red) [Headshot] jager_ (Blue)
Wed Aug  9 22:00:59 2023 Harry (Blue) [Headshot] koshihikari (Red)
Wed Aug  9 22:01:02 2023  Type /HELP for info & commands
Wed Aug  9 22:01:02 2023 gonrios321 (Blue) [Headshot] Lasagnaman (Red)
Wed Aug  9 22:01:05 2023 You must be closer to the enemy's base to shoot blocks!
Wed Aug  9 22:01:05 2023 [Global] jager_ (Blue): T
Wed Aug  9 22:01:09 2023 koshihikari (Red) [Headshot] Harry (Blue)
Wed Aug  9 22:01:11 2023 Deuce3 joined Blue team
Wed Aug  9 22:01:11 2023 -sky-zZzobitozZ (Blue) [Headshot] koshihikari (Red)
Wed Aug  9 22:01:17 2023 Vagabond (Red) [Fall]
Wed Aug  9 22:01:23 2023 Julius (Blue) [SMG] koshihikari (Red)
Wed Aug  9 22:01:25 2023 elpatagonias (Red) [Headshot] Deuce3 (Blue)
Wed Aug  9 22:01:25 2023 Harry (Blue) [Headshot] Gravaks (Red)
Wed Aug  9 22:01:26 2023 jager_ (Blue) [SMG] elpatagonias (Red)
Wed Aug  9 22:01:29 2023 Vagabond (Red) [Headshot] Julius (Blue)
Wed Aug  9 22:01:32 2023  Visit our community forums at https://aloha.pk/
Wed Aug  9 22:01:32 2023 Player Julius has left
Wed Aug  9 22:01:41 2023 koshihikari (Red) [Headshot] gonrios321 (Blue)
Wed Aug  9 22:01:45 2023 Harry (Blue) [Headshot] Richard Le Noir (Red)
Wed Aug  9 22:01:51 2023 Vagabond (Red) [Fall]
Wed Aug  9 22:01:52 2023 Richard Le Noir (Red) [Headshot] -sky-zZzobitozZ (Blue)
Wed Aug  9 22:01:54 2023 jager_ (Blue) [Headshot] Kross (Red)
Wed Aug  9 22:01:56 2023 Gravaks (Red) [Headshot] Harry (Blue)
Wed Aug  9 22:02:02 2023  Come chat with us at https://discord.aloha.pk/
Wed Aug  9 22:02:06 2023 Tony Soprano joined Blue team
Wed Aug  9 22:02:13 2023 koshihikari (Red) [Headshot] gonrios321 (Blue)
Wed Aug  9 22:02:15 2023 Harry (Blue) [Headshot] koshihikari (Red)
Wed Aug  9 22:02:17 2023 [Global] Vagabond (Red): woke up this morning, got myself a gun
Wed Aug  9 22:02:17 2023 Player gonrios321 has left
Wed Aug  9 22:02:19 2023 Harry (Blue) [Headshot] Kross (Red)
Wed Aug  9 22:02:30 2023 jager_ (Blue) [Headshot] TangaLoca (Red)
Wed Aug  9 22:02:32 2023  If you believe a player is breaking the rules, please let us know with /ADMIN
Wed Aug  9 22:02:40 2023 TangaLoca (Red) [Weapon Change]
Wed Aug  9 22:02:41 2023 Vagabond (Red) [Headshot] Harry (Blue)
Wed Aug  9 22:02:42 2023 elpatagonias (Red) [Headshot] Jim (Blue)
Wed Aug  9 22:02:45 2023 koshihikari (Red) [Headshot] -sky-zZzobitozZ (Blue)
Wed Aug  9 22:02:50 2023 elpatagonias (Red) [Headshot] HodWar (Blue)
Wed Aug  9 22:02:52 2023 jager_ (Blue) [Headshot] elpatagonias (Red)
Wed Aug  9 22:03:01 2023 koshihikari (Red) [Headshot] jager_ (Blue)
Wed Aug  9 22:03:02 2023  Mahalo for playing aloha.pk tower of babel
Wed Aug  9 22:03:06 2023 koshihikari (Red) [Headshot] Jim (Blue)
Wed Aug  9 22:03:09 2023 koshihikari (Red) [Headshot] Harry (Blue)
Wed Aug  9 22:03:20 2023 Player Deuce3 has left
Wed Aug  9 22:03:23 2023 You must be closer to the enemy's base to grenade blocks!
Wed Aug  9 22:03:24 2023 You can't destroy your team's blocks in this area. Attack the enemy's tower!
Wed Aug  9 22:03:24 2023 jager_ (Blue) [Headshot] Gravaks (Red)
Wed Aug  9 22:03:27 2023 Vagabond (Red) [Fall]
Wed Aug  9 22:03:32 2023  Build a tower to get the enemy's intel. Take it to your team's tent to win!
Wed Aug  9 22:03:32 2023 Harry (Blue) [Headshot] koshihikari (Red)
Wed Aug  9 22:03:34 2023 Kross (Red) [SMG] jager_ (Blue)
Wed Aug  9 22:03:35 2023 Harry (Blue) [Headshot] Richard Le Noir (Red)
Wed Aug  9 22:03:38 2023 Lasagnaman (Red) [Shotgun]
Wed Aug  9 22:03:41 2023 Gravaks (Red) [SMG] -sky-zZzobitozZ (Blue)
Wed Aug  9 22:03:43 2023 Player jager_ has left
Wed Aug  9 22:03:46 2023 Harry (Blue) [Headshot] Richard Le Noir (Red)
Wed Aug  9 22:03:56 2023 tama0 joined Blue team
Wed Aug  9 22:03:58 2023 elpatagonias (Red) [Headshot] -sky-zZzobitozZ (Blue)
Wed Aug  9 22:04:00 2023 Harry (Blue) [Headshot] Vagabond (Red)
Wed Aug  9 22:04:02 2023  Type /HELP for info & commands
Wed Aug  9 22:04:05 2023 jager_ joined Blue team
Wed Aug  9 22:04:06 2023 HodWar (Blue) [Melee] elpatagonias (Red)
Wed Aug  9 22:04:06 2023 koshihikari (Red) [Rifle] Harry (Blue)
Wed Aug  9 22:04:10 2023 Player jager_ has left
Wed Aug  9 22:04:18 2023 koshihikari (Red) [Headshot] -sky-zZzobitozZ (Blue)
Wed Aug  9 22:04:18 2023 Tony Soprano (Blue) [Rifle] koshihikari (Red)
Wed Aug  9 22:04:25 2023 Player -sky-zZzobitozZ has left
Wed Aug  9 22:04:32 2023  Visit our community forums at https://aloha.pk/
Wed Aug  9 22:04:39 2023 Harry (Blue) [Headshot] TangaLoca (Red)
Wed Aug  9 22:04:43 2023 Richard Le Noir (Red) [Rifle] tama0 (Blue)
Wed Aug  9 22:04:44 2023 elpatagonias (Red) [Headshot] HodWar (Blue)
Wed Aug  9 22:04:56 2023 jager_ joined Blue team
Wed Aug  9 22:04:58 2023 koshihikari (Red) [Rifle] Tony Soprano (Blue)
Wed Aug  9 22:04:59 2023  Lasagnaman has reached 1000 blocks placed! /heaven unlocked.
Wed Aug  9 22:05:02 2023  Come chat with us at https://discord.aloha.pk/
Wed Aug  9 22:05:03 2023 elpatagonias (Red) [SMG] HodWar (Blue)
Wed Aug  9 22:05:08 2023 jager_ (Blue) [Headshot] koshihikari (Red)
Wed Aug  9 22:05:15 2023 HodWar (Blue) [Headshot] elpatagonias (Red)
Wed Aug  9 22:05:16 2023 Richard Le Noir (Red) [Rifle] jager_ (Blue)
Wed Aug  9 22:05:19 2023  Vagabond has reached 1000 blocks placed! /heaven unlocked.
Wed Aug  9 22:05:25 2023 koshihikari (Red) [Headshot] Harry (Blue)
Wed Aug  9 22:05:32 2023  If you believe a player is breaking the rules, please let us know with /ADMIN
Wed Aug  9 22:05:35 2023 elpatagonias (Red) [SMG] tama0 (Blue)
Wed Aug  9 22:05:41 2023 jager_ (Blue) [Headshot] TangaLoca (Red)
Wed Aug  9 22:05:41 2023 Gravaks picked up Blue's Intel.
Wed Aug  9 22:05:44 2023 Player koshihikari has left
Wed Aug  9 22:05:50 2023 jager_ (Blue) [Headshot] Richard Le Noir (Red)
Wed Aug  9 22:06:01 2023 jager_ (Blue) [Headshot] TangaLoca (Red)
Wed Aug  9 22:06:02 2023 elpatagonias (Red) [Headshot] HodWar (Blue)
Wed Aug  9 22:06:02 2023  Mahalo for playing aloha.pk tower of babel
Wed Aug  9 22:06:07 2023 Kross (Red) [Headshot] Tony Soprano (Blue)
Wed Aug  9 22:06:07 2023 TangaLoca (Red) [Headshot] jager_ (Blue)
Wed Aug  9 22:06:07 2023 Vagabond (Red) [Headshot] tama0 (Blue)
Wed Aug  9 22:06:09 2023 Gravaks captured Blue's Intel.
Wed Aug  9 22:06:13 2023 Harry (Blue) [Headshot] Kross (Red)
Wed Aug  9 22:06:16 2023 jager_ (Blue) [Headshot] Vagabond (Red)
Wed Aug  9 22:06:20 2023 You must be closer to the enemy's base to shoot blocks!
Wed Aug  9 22:06:24 2023 jager_ (Blue) [Headshot] TangaLoca (Red)
Wed Aug  9 22:06:29 2023 elpatagonias (Red) [SMG] HodWar (Blue)
Wed Aug  9 22:06:32 2023  Build a tower to get the enemy's intel. Take it to your team's tent to win!
Wed Aug  9 22:06:32 2023 jager_ (Blue) [Headshot] TangaLoca (Red)
Wed Aug  9 22:06:37 2023 [Global] HodWar (Blue): q haces aqui
Wed Aug  9 22:06:39 2023 Harry (Blue) [Headshot] Kross (Red)
Wed Aug  9 22:06:43 2023 jager_ (Blue) [Headshot] Richard Le Noir (Red)
Wed Aug  9 22:06:50 2023 Harry (Blue) [Headshot] TangaLoca (Red)
Wed Aug  9 22:06:56 2023 elpatagonias (Red) [Headshot] tama0 (Blue)
Wed Aug  9 22:06:58 2023 Gravaks (Red) [SMG] Harry (Blue)
Wed Aug  9 22:06:58 2023 Sr.Vera joined Blue team
Wed Aug  9 22:06:58 2023 HodWar (Blue) [Headshot] elpatagonias (Red)
Wed Aug  9 22:07:02 2023  Type /HELP for info & commands
Wed Aug  9 22:07:03 2023 a bullet joined Spectator team
Wed Aug  9 22:07:09 2023 jager_ (Blue) [Rifle] elpatagonias (Red)
Wed Aug  9 22:07:12 2023 jager_ (Blue) [Rifle] TangaLoca (Red)
Wed Aug  9 22:07:22 2023 Vagabond (Red) [Fall]
Wed Aug  9 22:07:24 2023 Gravaks (Red) [SMG] Harry (Blue)
Wed Aug  9 22:07:30 2023 Jim (Blue) [SMG] Richard Le Noir (Red)
Wed Aug  9 22:07:31 2023 Lasagnaman (Red) [Shotgun]
Wed Aug  9 22:07:31 2023 TangaLoca (Red) [Grenade] Jim (Blue)
Wed Aug  9 22:07:32 2023  Visit our community forums at https://aloha.pk/
Wed Aug  9 22:07:43 2023 Gravaks picked up Blue's Intel.
Wed Aug  9 22:07:45 2023 TangaLoca (Red) [Headshot] Harry (Blue)
Wed Aug  9 22:07:51 2023 Tony Soprano (Blue) [Headshot] Richard Le Noir (Red)
Wed Aug  9 22:07:54 2023 [Global] Richard Le Noir (Red): ja pierdole
Wed Aug  9 22:08:00 2023 Player tama0 has left
Wed Aug  9 22:08:01 2023 jager_ (Blue) [Rifle] TangaLoca (Red)
Wed Aug  9 22:08:02 2023  Come chat with us at https://discord.aloha.pk/
Wed Aug  9 22:08:03 2023 Lasagnaman (Red) [Shotgun] Tony Soprano (Blue)
Wed Aug  9 22:08:05 2023 Gravaks captured Blue's Intel.
Wed Aug  9 22:08:13 2023 jager_ (Blue) [Rifle] Vagabond (Red)
Wed Aug  9 22:08:15 2023 Harry (Blue) [Headshot] Richard Le Noir (Red)
Wed Aug  9 22:08:21 2023 elpatagonias (Red) [SMG] HodWar (Blue)
Wed Aug  9 22:08:22 2023 jager_ (Blue) [Rifle] Lasagnaman (Red)
Wed Aug  9 22:08:22 2023 Tony Soprano (Blue) [Headshot] elpatagonias (Red)
Wed Aug  9 22:08:26 2023 TangaLoca (Red) [Melee] jager_ (Blue)
Wed Aug  9 22:08:30 2023 Tony Soprano (Blue) [Headshot] TangaLoca (Red)
Wed Aug  9 22:08:32 2023  If you believe a player is breaking the rules, please let us know with /ADMIN
Wed Aug  9 22:08:39 2023 Gravaks (Red) [SMG] Harry (Blue)
Wed Aug  9 22:08:42 2023 Richard Le Noir (Red) [Headshot] Tony Soprano (Blue)
Wed Aug  9 22:08:43 2023 Lasagnaman (Red) [Headshot] Jim (Blue)
Wed Aug  9 22:08:50 2023 Vagabond (Red) [Fall]
Wed Aug  9 22:08:50 2023 jager_ (Blue) [Headshot] Kross (Red)
Wed Aug  9 22:08:55 2023 The Mole joined Red team
Wed Aug  9 22:08:57 2023 TangaLoca (Red) [Headshot] jager_ (Blue)
Wed Aug  9 22:09:02 2023  Mahalo for playing aloha.pk tower of babel
Wed Aug  9 22:09:16 2023 Harry (Blue) [Headshot] TangaLoca (Red)
Wed Aug  9 22:09:29 2023 TangaLoca (Red) [Headshot] jager_ (Blue)
Wed Aug  9 22:09:30 2023 jager_ (Blue) [Grenade] Richard Le Noir (Red)
Wed Aug  9 22:09:32 2023  Build a tower to get the enemy's intel. Take it to your team's tent to win!
Wed Aug  9 22:09:33 2023 Harry (Blue) [Headshot] TangaLoca (Red)
Wed Aug  9 22:09:39 2023 jager_ (Blue) [SMG] elpatagonias (Red)
Wed Aug  9 22:09:44 2023 Richard Le Noir (Red) [Rifle] Harry (Blue)
Wed Aug  9 22:09:45 2023 jager_ (Blue) [SMG] Kross (Red)
Wed Aug  9 22:09:50 2023 jager_ (Blue) [SMG] Richard Le Noir (Red)
Wed Aug  9 22:09:55 2023 Lasagnaman (Red) [Grenade] Tony Soprano (Blue)
Wed Aug  9 22:10:02 2023  Type /HELP for info & commands
Wed Aug  9 22:10:02 2023 Gravaks (Red) [SMG] Sr.Vera (Blue)
Wed Aug  9 22:10:02 2023 Gravaks (Red) [Fall]
Wed Aug  9 22:10:02 2023 Harry (Blue) [Headshot] TangaLoca (Red)
Wed Aug  9 22:10:03 2023 jager_ (Blue) [Headshot] Vagabond (Red)
Wed Aug  9 22:10:11 2023 The Mole (Red) [SMG] Jim (Blue)
Wed Aug  9 22:10:11 2023 Harry (Blue) [Rifle] Richard Le Noir (Red)
Wed Aug  9 22:10:18 2023 Richard Le Noir (Red) [Headshot] Harry (Blue)
Wed Aug  9 22:10:18 2023 jager_ (Blue) [Headshot] Vagabond (Red)
Wed Aug  9 22:10:21 2023 Jim (Blue) [Headshot] Kross (Red)
Wed Aug  9 22:10:22 2023 HodWar (Blue) [Fall]
Wed Aug  9 22:10:22 2023 TangaLoca (Red) [Headshot] jager_ (Blue)
Wed Aug  9 22:10:24 2023 [Global] Vagabond (Red): relogin
Wed Aug  9 22:10:26 2023 Player Vagabond has left
Wed Aug  9 22:10:27 2023 Sr.Vera (Blue) [SMG] TangaLoca (Red)
Wed Aug  9 22:10:27 2023 Gravaks (Red) [Headshot] Tony Soprano (Blue)
Wed Aug  9 22:10:32 2023  Visit our community forums at https://aloha.pk/
Wed Aug  9 22:10:34 2023 Gravaks (Red) [Headshot] Jim (Blue)
Wed Aug  9 22:10:39 2023 jager_ (Blue) [Headshot] Kross (Red)
Wed Aug  9 22:10:47 2023 jager_ (Blue) [Headshot] TangaLoca (Red)
Wed Aug  9 22:10:49 2023 Sr.Vera (Blue) [Headshot] Lasagnaman (Red)
Wed Aug  9 22:10:52 2023 Ishi joined Blue team
Wed Aug  9 22:10:54 2023 Jim (Blue) [SMG] Gravaks (Red)
Wed Aug  9 22:10:54 2023 Vagabond joined Red team
Wed Aug  9 22:10:57 2023 Kross (Red) [SMG] jager_ (Blue)
Wed Aug  9 22:10:58 2023 Harry (Blue) [Headshot] Kross (Red)
Wed Aug  9 22:11:02 2023  Come chat with us at https://discord.aloha.pk/
Wed Aug  9 22:11:03 2023 The Mole (Red) [Fall]
Wed Aug  9 22:11:04 2023 The Mole (Red) [Grenade] Jim (Blue)
Wed Aug  9 22:11:05 2023 Harry (Blue) [Headshot] Vagabond (Red)
Wed Aug  9 22:11:05 2023 Lasagnaman (Red) [Headshot] Harry (Blue)
Wed Aug  9 22:11:11 2023 TangaLoca (Red) [Melee] Sr.Vera (Blue)
Wed Aug  9 22:11:15 2023 Lasagnaman (Red) [Shotgun] Tony Soprano (Blue)
Wed Aug  9 22:11:17 2023 jager_ (Blue) [SMG] Richard Le Noir (Red)
Wed Aug  9 22:11:20 2023 [Global] a bullet (): cap fast or die
Wed Aug  9 22:11:23 2023 jager_ (Blue) [Headshot] TangaLoca (Red)
Wed Aug  9 22:11:31 2023 jager_ (Blue) [Headshot] Vagabond (Red)
Wed Aug  9 22:11:32 2023  If you believe a player is breaking the rules, please let us know with /ADMIN
Wed Aug  9 22:11:40 2023 Sr.Vera (Blue) [Headshot] The Mole (Red)
Wed Aug  9 22:11:41 2023 elpatagonias (Red) [Headshot] HodWar (Blue)
Wed Aug  9 22:11:42 2023 jager_ (Blue) [Headshot] TangaLoca (Red)
Wed Aug  9 22:11:43 2023 jager_ (Blue) [SMG] Vagabond (Red)
Wed Aug  9 22:11:44 2023 Sr.Vera (Blue) [Headshot] Lasagnaman (Red)
Wed Aug  9 22:11:47 2023 elpatagonias picked up Blue's Intel.
Wed Aug  9 22:11:48 2023 Richard Le Noir (Red) [Headshot] jager_ (Blue)
Wed Aug  9 22:11:55 2023 Richard Le Noir (Red) [Rifle] Harry (Blue)
Wed Aug  9 22:11:56 2023 Gravaks (Red) [Headshot] Ishi (Blue)
Wed Aug  9 22:11:57 2023 Sr.Vera (Blue) [SMG] Gravaks (Red)
Wed Aug  9 22:11:58 2023 Sr.Vera (Blue) [Headshot] Richard Le Noir (Red)
Wed Aug  9 22:11:59 2023 Sr.Vera (Blue) [Headshot] TangaLoca (Red)
Wed Aug  9 22:12:02 2023  Mahalo for playing aloha.pk tower of babel
Wed Aug  9 22:12:08 2023 jager_ (Blue) [Headshot] Kross (Red)
Wed Aug  9 22:12:21 2023 jager_ (Blue) [SMG] Kross (Red)
Wed Aug  9 22:12:31 2023 jager_ (Blue) [SMG] TangaLoca (Red)
Wed Aug  9 22:12:32 2023  Build a tower to get the enemy's intel. Take it to your team's tent to win!
Wed Aug  9 22:12:36 2023 Harry (Blue) [Headshot] Kross (Red)
Wed Aug  9 22:12:39 2023 Player a bullet has left
Wed Aug  9 22:12:40 2023 [Global] elpatagonias (Red): i cant go do
Wed Aug  9 22:12:42 2023 [Global] elpatagonias (Red): down
Wed Aug  9 22:12:43 2023 Gravaks (Red) [Headshot] Harry (Blue)
Wed Aug  9 22:12:48 2023 [Global] elpatagonias (Red): kill the guy on the right
Wed Aug  9 22:12:50 2023 TangaLoca (Red) [Headshot] jager_ (Blue)
Wed Aug  9 22:12:52 2023 Gravaks (Red) [SMG] Tony Soprano (Blue)
Wed Aug  9 22:12:57 2023 elpatagonias dropped Blue's Intel
Wed Aug  9 22:12:57 2023  The intel has returned to the heavens
Wed Aug  9 22:13:01 2023 Gravaks (Red) [Grenade]
Wed Aug  9 22:13:02 2023  Type /HELP for info & commands
Wed Aug  9 22:13:06 2023 elpatagonias picked up Blue's Intel.
Wed Aug  9 22:13:15 2023 Jim (Blue) [SMG]
Wed Aug  9 22:13:17 2023 TangaLoca (Red) [Headshot] jager_ (Blue)
Wed Aug  9 22:13:21 2023 Gravaks (Red) [Headshot] Harry (Blue)
Wed Aug  9 22:13:25 2023 Richard Le Noir (Red) [Headshot] Sr.Vera (Blue)
Wed Aug  9 22:13:28 2023 Lasagnaman (Red) [Fall]
Wed Aug  9 22:13:29 2023 elpatagonias dropped Blue's Intel
Wed Aug  9 22:13:29 2023 jager_ (Blue) [Headshot] elpatagonias (Red)
Wed Aug  9 22:13:30 2023 Gravaks (Red) [SMG] Tony Soprano (Blue)
Wed Aug  9 22:13:31 2023 Huevon joined Blue team
Wed Aug  9 22:13:32 2023  Visit our community forums at https://aloha.pk/
Wed Aug  9 22:13:34 2023 Gravaks (Red) [Headshot] HodWar (Blue)
Wed Aug  9 22:13:35 2023 TangaLoca (Red) [SMG] Ishi (Blue)
Wed Aug  9 22:13:40 2023 jager_ (Blue) [Grenade]
Wed Aug  9 22:13:47 2023 Gravaks (Red) [Headshot] Jim (Blue)
Wed Aug  9 22:14:02 2023  Come chat with us at https://discord.aloha.pk/
Wed Aug  9 22:14:05 2023 Vagabond (Red) [Headshot] Jim (Blue)
Wed Aug  9 22:14:07 2023 Harry (Blue) [Headshot] TangaLoca (Red)
Wed Aug  9 22:14:12 2023 Harry (Blue) [Rifle] Vagabond (Red)
Wed Aug  9 22:14:15 2023 The Mole (Red) [Fall]
Wed Aug  9 22:14:16 2023 elpatagonias (Red) [SMG] jager_ (Blue)
Wed Aug  9 22:14:17 2023 Harry (Blue) [Headshot] elpatagonias (Red)
Wed Aug  9 22:14:24 2023 Harry (Blue) [Rifle] TangaLoca (Red)
Wed Aug  9 22:14:32 2023  If you believe a player is breaking the rules, please let us know with /ADMIN
Wed Aug  9 22:14:35 2023 Ishi (Blue) [Grenade] Vagabond (Red)
Wed Aug  9 22:14:36 2023 Tony Soprano (Blue) [Headshot] Gravaks (Red)
Wed Aug  9 22:14:41 2023 Harry (Blue) [Headshot] Richard Le Noir (Red)
Wed Aug  9 22:14:42 2023 Huevon (Blue) [Headshot] Lasagnaman (Red)
Wed Aug  9 22:14:42 2023 TangaLoca (Red) [SMG] Ishi (Blue)
Wed Aug  9 22:14:54 2023 Vagabond (Red) [Fall]
Wed Aug  9 22:14:54 2023 jager_ (Blue) [SMG] Kross (Red)
Wed Aug  9 22:15:02 2023  Mahalo for playing aloha.pk tower of babel
Wed Aug  9 22:15:12 2023 jager_ (Blue) [SMG] TangaLoca (Red)
Wed Aug  9 22:15:12 2023 Vagabond (Red) [Headshot] jager_ (Blue)
Wed Aug  9 22:15:21 2023 Harry (Blue) [Headshot] Vagabond (Red)
Wed Aug  9 22:15:30 2023 Huevon (Blue) [Rifle] The Mole (Red)
Wed Aug  9 22:15:32 2023 jager_ (Blue) [SMG] Kross (Red)
Wed Aug  9 22:15:32 2023  Build a tower to get the enemy's intel. Take it to your team's tent to win!
Wed Aug  9 22:15:38 2023 Gravaks (Red) [SMG] HodWar (Blue)
Wed Aug  9 22:15:41 2023 Ishi (Blue) [SMG] Vagabond (Red)
Wed Aug  9 22:15:44 2023 Huevon (Blue) [Headshot] elpatagonias (Red)
Wed Aug  9 22:15:45 2023 Gravaks (Red) [Grenade] Sr.Vera (Blue)
Wed Aug  9 22:15:47 2023 Gravaks picked up Blue's Intel.
Wed Aug  9 22:15:49 2023 Ishi (Blue) [Grenade] TangaLoca (Red)
Wed Aug  9 22:15:50 2023 [Global] elpatagonias (Red): bro dont grief pls
Wed Aug  9 22:15:58 2023 Vagabond (Red) [Grenade] Tony Soprano (Blue)
Wed Aug  9 22:15:59 2023 HodWar (Blue) [Fall]
Wed Aug  9 22:16:00 2023 Vagabond (Red) [Grenade] Ishi (Blue)
Wed Aug  9 22:16:02 2023  Type /HELP for info & commands
Wed Aug  9 22:16:03 2023 Harry (Blue) [Rifle] Lasagnaman (Red)
Wed Aug  9 22:16:07 2023 Jim (Blue) [Rifle] The Mole (Red)
Wed Aug  9 22:16:14 2023 Gravaks captured Blue's Intel.
Wed Aug  9 22:16:16 2023 jager_ (Blue) [Headshot] Vagabond (Red)
Wed Aug  9 22:16:19 2023 TangaLoca (Red) [Headshot] Jim (Blue)
Wed Aug  9 22:16:22 2023  HodWar has reached 1000 blocks placed! /heaven unlocked.
Wed Aug  9 22:16:29 2023 Prieto Kun joined Red team
Wed Aug  9 22:16:32 2023  Visit our community forums at https://aloha.pk/
Wed Aug  9 22:16:36 2023 TangaLoca (Red) [Headshot] Ishi (Blue)
Wed Aug  9 22:16:37 2023 Prieto Kun (Red) [Headshot] Harry (Blue)
Wed Aug  9 22:16:44 2023 Tony Soprano (Blue) [Melee] Prieto Kun (Red)
Wed Aug  9 22:16:47 2023 Player Prieto Kun has left
Wed Aug  9 22:16:48 2023 elpatagonias (Red) [SMG] Ishi (Blue)
Wed Aug  9 22:16:52 2023 elpatagonias (Red) [SMG] Ishi (Blue)
Wed Aug  9 22:16:53 2023 Lasagnaman (Red) [Grenade] Tony Soprano (Blue)
Wed Aug  9 22:16:55 2023 Vagabond (Red) [Headshot] Jim (Blue)
Wed Aug  9 22:17:02 2023  Come chat with us at https://discord.aloha.pk/
Wed Aug  9 22:17:18 2023 Huevon (Blue) [Headshot] The Mole (Red)
Wed Aug  9 22:17:19 2023 Gravaks picked up Blue's Intel.
Wed Aug  9 22:17:21 2023 elpatagonias (Red) [Grenade] HodWar (Blue)
Wed Aug  9 22:17:21 2023 jager_ (Blue) [Melee] TangaLoca (Red)
Wed Aug  9 22:17:23 2023 [Global] Vagabond (Red): gg
Wed Aug  9 22:17:29 2023 [Global] elpatagonias (Red): gg
Wed Aug  9 22:17:31 2023 Gravaks (Red) [Headshot] Huevon (Blue)
Wed Aug  9 22:17:32 2023  If you believe a player is breaking the rules, please let us know with /ADMIN
Wed Aug  9 22:17:32 2023 Gravaks (Red) [Headshot] Harry (Blue)
Wed Aug  9 22:17:32 2023 elpatagonias (Red) [Headshot] Ishi (Blue)
Wed Aug  9 22:17:32 2023 jager_ (Blue) [Melee] Lasagnaman (Red)
Wed Aug  9 22:17:33 2023 Tony Soprano (Blue) [Headshot] elpatagonias (Red)
Wed Aug  9 22:17:34 2023 Vagabond (Red) [Headshot] Sr.Vera (Blue)
Wed Aug  9 22:17:34 2023 Richard Le Noir (Red) [Rifle] jager_ (Blue)
Wed Aug  9 22:17:41 2023 Tony Soprano (Blue) [Headshot] Vagabond (Red)
Wed Aug  9 22:17:50 2023 jager_ (Blue) [SMG] TangaLoca (Red)
Wed Aug  9 22:17:52 2023 Gravaks captured Blue's Intel.
Wed Aug  9 22:17:59 2023 Harry (Blue) [Headshot] Vagabond (Red)
Wed Aug  9 22:18:02 2023  Mahalo for playing aloha.pk tower of babel
Wed Aug  9 22:18:02 2023 Sr.Vera (Blue) [Grenade] Kross (Red)
Wed Aug  9 22:18:03 2023 Harry (Blue) [Headshot] The Mole (Red)
Wed Aug  9 22:18:08 2023 Vagabond (Red) [Headshot] Harry (Blue)
Wed Aug  9 22:18:09 2023 Gravaks (Red) [Fall]
Wed Aug  9 22:18:17 2023 jager_ (Blue) [Melee] TangaLoca (Red)
Wed Aug  9 22:18:20 2023 TangaLoca (Red) [Grenade] jager_ (Blue)
Wed Aug  9 22:18:25 2023 Vagabond (Red) [Melee] Tony Soprano (Blue)
Wed Aug  9 22:18:28 2023 Ishi (Blue) [Grenade]
Wed Aug  9 22:18:32 2023  Build a tower to get the enemy's intel. Take it to your team's tent to win!
Wed Aug  9 22:18:32 2023 Harry (Blue) [Headshot] TangaLoca (Red)
Wed Aug  9 22:18:34 2023 Jim (Blue) [Melee] Vagabond (Red)
Wed Aug  9 22:18:36 2023 [Global] Vagabond (Red): xd
Wed Aug  9 22:18:38 2023 Particles joined Red team
Wed Aug  9 22:18:39 2023 Harry (Blue) [Headshot] Vagabond (Red)
Wed Aug  9 22:18:42 2023 Gravaks (Red) [Headshot] Huevon (Blue)
Wed Aug  9 22:18:47 2023 jager_ (Blue) [SMG] elpatagonias (Red)
Wed Aug  9 22:18:53 2023 Harry (Blue) [Rifle] TangaLoca (Red)
Wed Aug  9 22:18:54 2023 jager_ (Blue) [Fall]
Wed Aug  9 22:18:57 2023 Vagabond (Red) [Rifle] Harry (Blue)
Wed Aug  9 22:18:58 2023 Gravaks picked up Blue's Intel.
Wed Aug  9 22:19:02 2023  Type /HELP for info & commands
Wed Aug  9 22:19:10 2023 Lasagnaman (Red) [Melee] Jim (Blue)
Wed Aug  9 22:19:13 2023 Harry (Blue) [Headshot] TangaLoca (Red)
Wed Aug  9 22:19:14 2023 Vagabond (Red) [Headshot] Harry (Blue)
Wed Aug  9 22:19:21 2023 Ishi (Blue) [Fall]
Wed Aug  9 22:19:23 2023 Gravaks captured Blue's Intel.
Wed Aug  9 22:19:23 2023  With 2456 blocks placed, Richard Le Noir is granted the right to unleash the apocalypse.
Wed Aug  9 22:19:27 2023 jager_ (Blue) [SMG] elpatagonias (Red)
Wed Aug  9 22:19:28 2023 [Global] Richard Le Noir (Red): IM GONNA CUM
Wed Aug  9 22:19:29 2023  Richard Le Noir has unleashed an apocalypse from God.
Wed Aug  9 22:19:31 2023  The apocalypse begins in 5
Wed Aug  9 22:19:32 2023 [Global] Richard Le Noir (Red): OOOOOOOOOOOOOOOOOOOOOOOOOOOOOOOOOOOOOOOOOO
Wed Aug  9 22:19:32 2023  Visit our community forums at https://aloha.pk/
Wed Aug  9 22:19:32 2023  The apocalypse begins in 4
Wed Aug  9 22:19:33 2023  The apocalypse begins in 3
Wed Aug  9 22:19:34 2023  The apocalypse begins in 2
Wed Aug  9 22:19:35 2023  The apocalypse begins in 1
Wed Aug  9 22:19:36 2023 [Global] Richard Le Noir (Red): AIDJNSF(USNDMUGINSEIUPFDNSIEUNGISPOEUFNA{UIENWIUAENGPIUSENFPIUSUEHN PSUEN
Wed Aug  9 22:19:38 2023 Richard Le Noir (Red) [Grenade] Ishi (Blue)
Wed Aug  9 22:19:45 2023 [Global] elpatagonias (Red): bro are u ok?w
Wed Aug  9 22:19:48 2023 Tony Soprano (Blue) [Grenade] TangaLoca (Red)
Wed Aug  9 22:19:49 2023  The apocalypse has ended.
Wed Aug  9 22:19:53 2023 [Global] Richard Le Noir (Red): no i am RICHARD !!!!!!!!!!!!!!!!!!!!!!!!!!!!!!!!!!!!!!!!!!!!!!!!!!!!!
Wed Aug  9 22:19:55 2023 [Global] Richard Le Noir (Red): that felt good
Wed Aug  9 22:19:56 2023 Tony Soprano (Blue) [SMG] TangaLoca (Red)
Wed Aug  9 22:19:56 2023 Gravaks (Red) [Grenade] jager_ (Blue)
Wed Aug  9 22:19:58 2023 TangaLoca (Red) [Grenade] Tony Soprano (Blue)
Wed Aug  9 22:19:59 2023 Huevon (Blue) [Fall]
Wed Aug  9 22:20:01 2023 [Global] Tony Soprano (Blue): LOL\
Wed Aug  9 22:20:02 2023  Come chat with us at https://discord.aloha.pk/
Wed Aug  9 22:20:02 2023 jager_ (Blue) [Headshot] Gravaks (Red)
Wed Aug  9 22:20:08 2023 Player Huevon has left
Wed Aug  9 22:20:14 2023 Kross (Red) [Headshot] Tony Soprano (Blue)
Wed Aug  9 22:20:16 2023 Harry (Blue) [Headshot] TangaLoca (Red)
Wed Aug  9 22:20:17 2023 jager_ (Blue) [Headshot] Kross (Red)
Wed Aug  9 22:20:21 2023 elpatagonias (Red) [Headshot] jager_ (Blue)
Wed Aug  9 22:20:23 2023 Sr.Vera (Blue) [Headshot] The Mole (Red)
Wed Aug  9 22:20:25 2023 Gravaks (Red) [Headshot] Ishi (Blue)
Wed Aug  9 22:20:28 2023 elpatagonias (Red) [SMG] HodWar (Blue)
Wed Aug  9 22:20:29 2023 Gravaks (Red) [Headshot] Harry (Blue)
Wed Aug  9 22:20:29 2023 TangaLoca (Red) [Headshot] Sr.Vera (Blue)
Wed Aug  9 22:20:32 2023  If you believe a player is breaking the rules, please let us know with /ADMIN
Wed Aug  9 22:20:34 2023 jager_ (Blue) [Headshot] Vagabond (Red)
Wed Aug  9 22:20:40 2023 elpatagonias picked up Blue's Intel.
Wed Aug  9 22:20:40 2023 [Global] Vagabond (Red): si
Wed Aug  9 22:20:45 2023 TangaLoca (Red) [Grenade] Jim (Blue)
Wed Aug  9 22:20:51 2023 The Mole (Red) [Headshot] Ishi (Blue)
Wed Aug  9 22:21:02 2023 Harry (Blue) [Headshot] TangaLoca (Red)
Wed Aug  9 22:21:02 2023  Mahalo for playing aloha.pk tower of babel
Wed Aug  9 22:21:02 2023 Sr.Vera (Blue) [SMG] Kross (Red)
Wed Aug  9 22:21:08 2023 Harry (Blue) [Rifle] Vagabond (Red)
Wed Aug  9 22:21:10 2023 Richard Le Noir (Red) [Headshot] Jim (Blue)
Wed Aug  9 22:21:13 2023 elpatagonias captured Blue's Intel.
Wed Aug  9 22:21:23 2023 The Mole (Red) [SMG] Ishi (Blue)
Wed Aug  9 22:21:24 2023 Harry (Blue) [Headshot] The Mole (Red)
Wed Aug  9 22:21:28 2023 TangaLoca (Red) [Headshot] Harry (Blue)
Wed Aug  9 22:21:32 2023  Build a tower to get the enemy's intel. Take it to your team's tent to win!
Wed Aug  9 22:21:35 2023 TangaLoca (Red) [Headshot] Tony Soprano (Blue)
Wed Aug  9 22:21:38 2023 Sr.Vera (Blue) [Headshot] Gravaks (Red)
Wed Aug  9 22:21:53 2023 Harry (Blue) [Headshot] Vagabond (Red)
Wed Aug  9 22:21:55 2023 jager_ (Blue) [SMG] Kross (Red)
Wed Aug  9 22:21:58 2023 Jim (Blue) [Headshot] TangaLoca (Red)
Wed Aug  9 22:21:59 2023 elpatagonias picked up Blue's Intel.
Wed Aug  9 22:22:02 2023  Type /HELP for info & commands
Wed Aug  9 22:22:03 2023 Kross (Red) [Weapon Change]
Wed Aug  9 22:22:12 2023 You must be closer to the enemy's base to shoot blocks!
Wed Aug  9 22:22:18 2023 jager_ (Blue) [Fall]
Wed Aug  9 22:22:19 2023 The Mole (Red) [SMG] Tony Soprano (Blue)
Wed Aug  9 22:22:20 2023 TangaLoca (Red) [Grenade] Jim (Blue)
Wed Aug  9 22:22:27 2023 TangaLoca (Red) [Headshot] Harry (Blue)
Wed Aug  9 22:22:28 2023 Ishi (Blue) [Shotgun] Richard Le Noir (Red)
Wed Aug  9 22:22:28 2023 elpatagonias captured Blue's Intel.
Wed Aug  9 22:22:30 2023 Player Tony Soprano has left
Wed Aug  9 22:22:30 2023 Ishi (Blue) [Shotgun] Lasagnaman (Red)
Wed Aug  9 22:22:32 2023  Visit our community forums at https://aloha.pk/
Wed Aug  9 22:22:34 2023 Gravaks picked up Blue's Intel.
Wed Aug  9 22:22:43 2023 TangaLoca (Red) [Headshot] Jim (Blue)
Wed Aug  9 22:22:48 2023 jager_ (Blue) [Headshot] Kross (Red)
Wed Aug  9 22:22:50 2023 Richard Le Noir (Red) [Headshot] Ishi (Blue)
Wed Aug  9 22:22:54 2023 Harry (Blue) [Headshot] TangaLoca (Red)
Wed Aug  9 22:22:56 2023 Gravaks captured Blue's Intel.
Wed Aug  9 22:22:56 2023 jager_ (Blue) [Fall]
Wed Aug  9 22:23:02 2023  Come chat with us at https://discord.aloha.pk/
Wed Aug  9 22:23:03 2023 Harry (Blue) [Headshot] The Mole (Red)
Wed Aug  9 22:23:16 2023 Kross picked up Blue's Intel.
Wed Aug  9 22:23:19 2023 jager_ (Blue) [Headshot] elpatagonias (Red)
Wed Aug  9 22:23:22 2023 TangaLoca (Red) [Headshot] Harry (Blue)
Wed Aug  9 22:23:32 2023  If you believe a player is breaking the rules, please let us know with /ADMIN
Wed Aug  9 22:23:32 2023 jager_ (Blue) [Fall]
Wed Aug  9 22:23:37 2023 Harry (Blue) [Headshot] TangaLoca (Red)
Wed Aug  9 22:23:39 2023 Kross dropped Blue's Intel
Wed Aug  9 22:23:39 2023 Jim (Blue) [Headshot] Kross (Red)
Wed Aug  9 22:23:44 2023 Gravaks picked up Blue's Intel.
Wed Aug  9 22:23:46 2023 TangaLoca (Red) [Melee] Ishi (Blue)
Wed Aug  9 22:23:47 2023 [Global] Kross (Red): lmao
Wed Aug  9 22:23:50 2023 [Global] elpatagonias (Red): gg
Wed Aug  9 22:23:51 2023 Ishi (Blue) [Weapon Change]
Wed Aug  9 22:23:54 2023 Harry (Blue) [Headshot] TangaLoca (Red)
Wed Aug  9 22:23:57 2023 jager_ (Blue) [SMG] The Mole (Red)
Wed Aug  9 22:24:01 2023  Vagabond has a kill-death ratio of 0.62 (10 kills, 16 deaths, 0.76 kills per minute).
Wed Aug  9 22:24:01 2023  Particles started a VOTEKICK against Vagabond. Say /Y to agree
Wed Aug  9 22:24:01 2023  Reason: for greifing my stairs
Wed Aug  9 22:24:02 2023  Mahalo for playing aloha.pk tower of babel
Wed Aug  9 22:24:04 2023 Harry (Blue) [Headshot] The Mole (Red)
Wed Aug  9 22:24:11 2023 Gravaks captured Blue's Intel.
Wed Aug  9 22:24:13 2023  HodWar voted YES
Wed Aug  9 22:24:14 2023 [Global] elpatagonias (Red): he is just reinforcing the stairs
Wed Aug  9 22:24:19 2023 [Global] elpatagonias (Red): and painting them white
Wed Aug  9 22:24:21 2023 TangaLoca (Red) [Headshot] Harry (Blue)
Wed Aug  9 22:24:24 2023 [Global] Vagabond (Red): im DESTROYING LGBt colors
Wed Aug  9 22:24:25 2023 elpatagonias (Red) [SMG] jager_ (Blue)
Wed Aug  9 22:24:26 2023 mondeo joined Blue team
Wed Aug  9 22:24:27 2023 [Global] Vagabond (Red): for god sake
Wed Aug  9 22:24:30 2023 Kross (Red) [Grenade] Harry (Blue)
Wed Aug  9 22:24:30 2023 Ishi (Blue) [Headshot] TangaLoca (Red)
Wed Aug  9 22:24:31 2023  Particles is votekicking Vagabond. /Y to vote (6 left)
Wed Aug  9 22:24:31 2023  Reason: for greifing my stairs
Wed Aug  9 22:24:32 2023  Build a tower to get the enemy's intel. Take it to your team's tent to win!
Wed Aug  9 22:24:33 2023 Particles picked up Blue's Intel.
Wed Aug  9 22:24:34 2023 mondeo (Blue) [Headshot] elpatagonias (Red)
Wed Aug  9 22:24:37 2023 [Global] Richard Le Noir (Red): rainbow doesnt always mean lgbt
Wed Aug  9 22:24:38 2023 jager_ (Blue) [SMG] Kross (Red)
Wed Aug  9 22:24:40 2023 Jim (Blue) [Weapon Change]
Wed Aug  9 22:24:42 2023 [Global] Particles (Red): fix it or i wont cap intel
Wed Aug  9 22:24:42 2023  The Mole voted YES
Wed Aug  9 22:24:44 2023 TangaLoca (Red) [Rifle] Ishi (Blue)
Wed Aug  9 22:24:56 2023 Gravaks (Red) [Headshot] jager_ (Blue)
Wed Aug  9 22:24:58 2023 [Global] Particles (Red): Vagi fix my stairs or i wont cap
Wed Aug  9 22:24:59 2023 Harry (Blue) [Headshot] TangaLoca (Red)
Wed Aug  9 22:25:01 2023  Particles is votekicking Vagabond. /Y to vote (5 left)
Wed Aug  9 22:25:01 2023  Reason: for greifing my stairs
Wed Aug  9 22:25:02 2023  Type /HELP for info & commands
Wed Aug  9 22:25:09 2023  Gravaks voted YES
Wed Aug  9 22:25:11 2023 [Global] Vagabond (Red): suck my cock and let sperm get out from ur nose
Wed Aug  9 22:25:14 2023 Ishi (Blue) [SMG] TangaLoca (Red)
Wed Aug  9 22:25:21 2023 Kross (Red) [Grenade] jager_ (Blue)
Wed Aug  9 22:25:23 2023 [Global] elpatagonias (Red): that was kinda rude
Wed Aug  9 22:25:23 2023 [Global] Richard Le Noir (Red): why do people think rainbow is automatically lgbt
Wed Aug  9 22:25:24 2023 Kross (Red) [Grenade] HodWar (Blue)
Wed Aug  9 22:25:29 2023 jager_ (Blue) [SMG] Kross (Red)
Wed Aug  9 22:25:30 2023 Sr.Vera (Blue) [Grenade] Lasagnaman (Red)
Wed Aug  9 22:25:31 2023  Particles is votekicking Vagabond. /Y to vote (4 left)
Wed Aug  9 22:25:31 2023  Reason: for greifing my stairs
Wed Aug  9 22:25:31 2023 [Global] Vagabond (Red): it is
Wed Aug  9 22:25:32 2023  Visit our community forums at https://aloha.pk/
Wed Aug  9 22:25:33 2023 elpatagonias (Red) [Fall]
Wed Aug  9 22:25:33 2023 [Global] The Mole (Red): are u going to cap
Wed Aug  9 22:25:35 2023 TangaLoca (Red) [Melee] Ishi (Blue)
Wed Aug  9 22:25:37 2023 [Global] Richard Le Noir (Red): what about actual rainbows lol
Wed Aug  9 22:25:37 2023 [Global] Kross (Red): yy
Wed Aug  9 22:25:45 2023 [Global] Vagabond (Red): hehehe
Wed Aug  9 22:25:45 2023 TangaLoca (Red) [Melee] Harry (Blue)
Wed Aug  9 22:25:48 2023 [Global] Vagabond (Red): lgbt stole this
Wed Aug  9 22:25:50 2023 Particles captured Blue's Intel.
Wed Aug  9 22:25:50 2023 Red Wins!
Wed Aug  9 22:25:50 2023  Game finished! Next map: battlefarm.
Wed Aug  9 22:25:52 2023 Jim (Blue) [Headshot] Lasagnaman (Red)
Wed Aug  9 22:25:52 2023 mondeo (Blue) [Headshot] Kross (Red)
Wed Aug  9 22:25:52 2023 jager_ (Blue) [Grenade]
Wed Aug  9 22:25:52 2023 TangaLoca (Red) [Headshot] Ishi (Blue)
Wed Aug  9 22:25:53 2023 [Global] elpatagonias (Red): now it looks like a chess board
Wed Aug  9 22:25:53 2023 Sr.Vera (Blue) [Headshot] Vagabond (Red)
Wed Aug  9 22:25:53 2023 Sr.Vera (Blue) [SMG] Vagabond (Red)
Wed Aug  9 22:25:53 2023 Sr.Vera (Blue) [Headshot] The Mole (Red)
Wed Aug  9 22:25:53 2023 Gravaks (Red) [Headshot] mondeo (Blue)
Wed Aug  9 22:25:53 2023 Sr.Vera (Blue) [SMG] The Mole (Red)
Wed Aug  9 22:25:53 2023 Sr.Vera (Blue) [SMG] The Mole (Red)
Wed Aug  9 22:25:54 2023 Sr.Vera (Blue) [Headshot] Gravaks (Red)
Wed Aug  9 22:25:54 2023 elpatagonias (Red) [SMG] HodWar (Blue)
Wed Aug  9 22:25:54 2023 elpatagonias (Red) [SMG] HodWar (Blue)
Wed Aug  9 22:25:55 2023 elpatagonias (Red) [SMG] Jim (Blue)
Wed Aug  9 22:25:55 2023 elpatagonias (Red) [SMG] Jim (Blue)
Wed Aug  9 22:25:56 2023 Richard Le Noir (Red) [Rifle] Sr.Vera (Blue)
Wed Aug  9 22:25:57 2023 Player Kross has left
Wed Aug  9 22:25:57 2023 Harry (Blue) [Headshot] TangaLoca (Red)
Wed Aug  9 22:25:58 2023 Player Gravaks has left
Wed Aug  9 22:25:58 2023 Harry (Blue) [Headshot] Particles (Red)
Wed Aug  9 22:25:59 2023 Player Jim has left
Wed Aug  9 22:26:02 2023 ------ World Unloaded ------
Wed Aug  9 22:26:12 2023 ------ World Loaded ------
Wed Aug  9 22:26:12 2023 Particles joined Red team
Wed Aug  9 22:26:12 2023 Ishi joined Red team
Wed Aug  9 22:26:12 2023 Welcome to aloha.pk tower of babel
Wed Aug  9 22:26:14 2023 elpatagonias joined Blue team
Wed Aug  9 22:26:14 2023 Map: BattleFarm by Gibbs3333
Wed Aug  9 22:26:17 2023 jager_ joined Blue team
Wed Aug  9 22:26:17 2023 Game mode: Tower of Babel by Yourself, modified by izzy
Wed Aug  9 22:26:18 2023 HodWar joined Blue team
Wed Aug  9 22:26:18 2023 Build a tower to get the enemy's intel. Take it to your team's tent to win!
Wed Aug  9 22:26:20 2023 Visit our community forums at https://aloha.pk/
Wed Aug  9 22:26:20 2023 mondeo joined Red team
Wed Aug  9 22:26:22 2023 The Mole joined Blue team
Wed Aug  9 22:26:22 2023 Come chat with us at https://discord.aloha.pk/
Wed Aug  9 22:26:24 2023 Sr.Vera joined Red team
Wed Aug  9 22:26:25 2023 Lasagnaman joined Red team
Wed Aug  9 22:26:28 2023 Vagabond joined Red team
Wed Aug  9 22:26:31 2023 TangaLoca joined Blue team
Wed Aug  9 22:26:32 2023  If you believe a player is breaking the rules, please let us know with /ADMIN
Wed Aug  9 22:26:38 2023 mondeo (Red) [Headshot] Harry (Blue)
Wed Aug  9 22:26:39 2023 TangaLoca (Blue) [Headshot] Ishi (Red)
Wed Aug  9 22:26:49 2023 [Global] Vagabond (Red): use LGBT flag again bro and u will see what i made
Wed Aug  9 22:27:00 2023 TangaLoca (Blue) [Headshot] Vagabond (Red)
Wed Aug  9 22:27:02 2023  Mahalo for playing aloha.pk tower of babel
Wed Aug  9 22:27:09 2023 mondeo (Red) [Headshot] Harry (Blue)
Wed Aug  9 22:27:18 2023 jager_ (Blue) [Rifle] Ishi (Red)
Wed Aug  9 22:27:22 2023 Vagabond (Red) [Headshot] TangaLoca (Blue)
Wed Aug  9 22:27:23 2023 Vagabond (Red) [Headshot] The Mole (Blue)
Wed Aug  9 22:27:26 2023 Vagabond (Red) [Headshot] jager_ (Blue)
Wed Aug  9 22:27:29 2023 Harry (Blue) [Headshot] Vagabond (Red)
Wed Aug  9 22:27:32 2023  Build a tower to get the enemy's intel. Take it to your team's tent to win!
Wed Aug  9 22:27:42 2023 Harry (Blue) [Headshot] Ishi (Red)
Wed Aug  9 22:27:45 2023 mondeo (Red) [Headshot] TangaLoca (Blue)
Wed Aug  9 22:27:54 2023 Harry (Blue) [Headshot] mondeo (Red)
Wed Aug  9 22:28:02 2023  Type /HELP for info & commands
Wed Aug  9 22:28:06 2023 TangaLoca (Blue) [Headshot] Ishi (Red)
Wed Aug  9 22:28:23 2023 elpatagonias (Blue) [Weapon Change]
Wed Aug  9 22:28:24 2023 Harry (Blue) [Headshot] Vagabond (Red)
Wed Aug  9 22:28:32 2023  Visit our community forums at https://aloha.pk/
Wed Aug  9 22:28:37 2023 Harry (Blue) [Headshot] Particles (Red)
Wed Aug  9 22:28:41 2023 TangaLoca (Blue) [Headshot] Ishi (Red)
Wed Aug  9 22:28:50 2023 mondeo (Red) [Headshot] TangaLoca (Blue)
Wed Aug  9 22:29:02 2023  Come chat with us at https://discord.aloha.pk/
Wed Aug  9 22:29:06 2023 mondeo (Red) [Headshot] Harry (Blue)
Wed Aug  9 22:29:12 2023 HodWar (Blue) [Fall]
Wed Aug  9 22:29:17 2023 TangaLoca (Blue) [Rifle] Vagabond (Red)
Wed Aug  9 22:29:19 2023 Lasagnaman (Red) [Rifle]
Wed Aug  9 22:29:32 2023  If you believe a player is breaking the rules, please let us know with /ADMIN
Wed Aug  9 22:29:33 2023 Ishi (Red) [Headshot] TangaLoca (Blue)
Wed Aug  9 22:29:39 2023 You must be closer to the enemy's base to shoot blocks!
Wed Aug  9 22:29:42 2023 jager_ (Blue) [Headshot] Vagabond (Red)
Wed Aug  9 22:29:49 2023 Vagabond (Red) [Weapon Change]
Wed Aug  9 22:29:52 2023 jager_ (Blue) [Fall]
Wed Aug  9 22:29:52 2023 elpatagonias (Blue) [Fall]
Wed Aug  9 22:29:59 2023 Ishi (Red) [Headshot] The Mole (Blue)
Wed Aug  9 22:30:02 2023  Mahalo for playing aloha.pk tower of babel
Wed Aug  9 22:30:11 2023 Harry (Blue) [Headshot] Particles (Red)
Wed Aug  9 22:30:15 2023 You must be closer to the enemy's base to shoot blocks!
Wed Aug  9 22:30:19 2023 TangaLoca (Blue) [Headshot] mondeo (Red)
Wed Aug  9 22:30:29 2023 Vagabond (Red) [Headshot] elpatagonias (Blue)
Wed Aug  9 22:30:32 2023  Build a tower to get the enemy's intel. Take it to your team's tent to win!
Wed Aug  9 22:30:43 2023 Vagabond (Red) [Headshot] HodWar (Blue)
Wed Aug  9 22:30:43 2023 mondeo (Red) [Headshot] TangaLoca (Blue)
Wed Aug  9 22:30:43 2023 Vagabond (Red) [Headshot] The Mole (Blue)
Wed Aug  9 22:30:46 2023 Ishi (Red) [Headshot] jager_ (Blue)
Wed Aug  9 22:30:48 2023 Vagabond (Red) [SMG] Harry (Blue)
Wed Aug  9 22:30:52 2023 Vagabond (Red) [Headshot] elpatagonias (Blue)
Wed Aug  9 22:30:56 2023 Vagabond (Red) [SMG] The Mole (Blue)
Wed Aug  9 22:31:01 2023 TangaLoca (Blue) [Rifle] Ishi (Red)
Wed Aug  9 22:31:02 2023 Harry (Blue) [Rifle] Vagabond (Red)
Wed Aug  9 22:31:02 2023  Type /HELP for info & commands
Wed Aug  9 22:31:18 2023 You must be closer to the enemy's base to shoot blocks!
Wed Aug  9 22:31:23 2023 [Global] mondeo (Red): do ppl still play Openspads ?
Wed Aug  9 22:31:31 2023 Harry (Blue) [Headshot] Vagabond (Red)
Wed Aug  9 22:31:32 2023  Visit our community forums at https://aloha.pk/
Wed Aug  9 22:31:32 2023 jager_ (Blue) [Rifle] Sr.Vera (Red)
Wed Aug  9 22:31:37 2023 Particles (Red) [Headshot] The Mole (Blue)
Wed Aug  9 22:31:38 2023 Ishi (Red) [Melee] TangaLoca (Blue)
Wed Aug  9 22:31:46 2023 jager_ (Blue) [Headshot] Ishi (Red)
Wed Aug  9 22:31:46 2023 Vagabond (Red) [SMG] Harry (Blue)
Wed Aug  9 22:31:55 2023 Harry (Blue) [Headshot] Vagabond (Red)
Wed Aug  9 22:31:56 2023 [Global] mondeo (Red): swiftharry
Wed Aug  9 22:32:02 2023  Come chat with us at https://discord.aloha.pk/
Wed Aug  9 22:32:06 2023 mondeo (Red) [Headshot] Harry (Blue)
Wed Aug  9 22:32:11 2023 bilboswaggins joined Red team
Wed Aug  9 22:32:15 2023 jager_ (Blue) [Rifle] Ishi (Red)
Wed Aug  9 22:32:23 2023 Vagabond (Red) [SMG] The Mole (Blue)
Wed Aug  9 22:32:24 2023 HodWar (Blue) [Fall]
Wed Aug  9 22:32:29 2023 Vagabond (Red) [Headshot] Harry (Blue)
Wed Aug  9 22:32:30 2023 mondeo (Red) [Headshot] TangaLoca (Blue)
Wed Aug  9 22:32:32 2023  If you believe a player is breaking the rules, please let us know with /ADMIN
Wed Aug  9 22:32:36 2023 jager_ (Blue) [Headshot] Sr.Vera (Red)
Wed Aug  9 22:32:38 2023 Vagabond (Red) [Headshot] jager_ (Blue)
Wed Aug  9 22:32:43 2023 Vagabond (Red) [Headshot] The Mole (Blue)
Wed Aug  9 22:32:46 2023 mondeo (Red) [Fall]
Wed Aug  9 22:32:47 2023 Player mondeo has left
Wed Aug  9 22:32:49 2023 Vagabond (Red) [Headshot] elpatagonias (Blue)
Wed Aug  9 22:32:53 2023 Vagabond (Red) [SMG] Harry (Blue)
Wed Aug  9 22:32:54 2023 You must be closer to the enemy's base to grenade blocks!
Wed Aug  9 22:33:02 2023  Mahalo for playing aloha.pk tower of babel
Wed Aug  9 22:33:03 2023 jager_ (Blue) [Headshot] Ishi (Red)
Wed Aug  9 22:33:11 2023  Particles has reached 1000 blocks placed! /heaven unlocked.
Wed Aug  9 22:33:19 2023 jager_ (Blue) [Rifle] Vagabond (Red)
Wed Aug  9 22:33:19 2023 jager_ (Blue) [Fall]
Wed Aug  9 22:33:24 2023 Harry (Blue) [Headshot] Ishi (Red)
Wed Aug  9 22:33:26 2023 Player Ishi has left
Wed Aug  9 22:33:32 2023  Build a tower to get the enemy's intel. Take it to your team's tent to win!
Wed Aug  9 22:33:38 2023 elpatagonias (Blue) [Fall]
Wed Aug  9 22:33:41 2023 TangaLoca (Blue) [Headshot] Particles (Red)
Wed Aug  9 22:33:49 2023 Vagabond (Red) [Headshot] jager_ (Blue)
Wed Aug  9 22:34:02 2023  Type /HELP for info & commands
Wed Aug  9 22:34:02 2023 Vagabond (Red) [Headshot] Harry (Blue)
Wed Aug  9 22:34:07 2023 ^^Carlos_Duty^^ joined Spectator team
Wed Aug  9 22:34:08 2023 Vagabond (Red) [SMG] The Mole (Blue)
Wed Aug  9 22:34:21 2023 Calacas joined Blue team
Wed Aug  9 22:34:28 2023 Sr.Vera (Red) [Fall]
Wed Aug  9 22:34:28 2023 Particles (Red) [Grenade] elpatagonias (Blue)
Wed Aug  9 22:34:28 2023 Harry (Blue) [Headshot] Vagabond (Red)
Wed Aug  9 22:34:31 2023 Particles (Red) [Grenade] HodWar (Blue)
Wed Aug  9 22:34:31 2023 Particles (Red) [Grenade] TangaLoca (Blue)
Wed Aug  9 22:34:32 2023  Visit our community forums at https://aloha.pk/
Wed Aug  9 22:34:37 2023 cant no think? joined Red team
Wed Aug  9 22:34:39 2023 Particles (Red) [Headshot] The Mole (Blue)
Wed Aug  9 22:34:40 2023 elpatagonias (Blue) [Headshot] Particles (Red)
Wed Aug  9 22:34:49 2023  jager_ has reached 1000 blocks placed! /heaven unlocked.
Wed Aug  9 22:35:01 2023 Harry (Blue) [Headshot] bilboswaggins (Red)
Wed Aug  9 22:35:02 2023  Come chat with us at https://discord.aloha.pk/
Wed Aug  9 22:35:03 2023 Vagabond (Red) [SMG] Calacas (Blue)
Wed Aug  9 22:35:07 2023 Harry (Blue) [Headshot] cant no think? (Red)
Wed Aug  9 22:35:07 2023 jager_ (Blue) [Headshot] Vagabond (Red)
Wed Aug  9 22:35:14 2023 Harry (Blue) [Rifle] Sr.Vera (Red)
Wed Aug  9 22:35:16 2023 cant no think? (Red) [Headshot] Harry (Blue)
Wed Aug  9 22:35:17 2023 Player ^^Carlos_Duty^^ has left
Wed Aug  9 22:35:23 2023 Disconnecting
