Wed May  3 21:49:18 2023 ------ World Loaded ------
Wed May  3 21:49:18 2023 [Global] Richard Le Noir (Blue): phuck
Wed May  3 21:49:18 2023 RG4L | Pushi joined Blue team
Wed May  3 21:49:18 2023 Welcome to aloha.pk tower of babel
Wed May  3 21:49:19 2023 Map: Tradeoff Night by ei8htx & Mile
Wed May  3 21:49:20 2023 [Global] Richard Le Noir (Blue): MC Phuck Phace
Wed May  3 21:49:21 2023 Game mode: Tower of Babel by Yourself, modified by izzy
Wed May  3 21:49:23 2023 Build a tower to get the enemy's intel. Take it to your team's tent to win!
Wed May  3 21:49:25 2023 Visit our community forums at https://aloha.pk/
Wed May  3 21:49:27 2023 Come chat with us at https://discord.aloha.pk/
Wed May  3 21:49:34 2023 BED 69 (Blue) [Headshot] mrpaper (Red)
Wed May  3 21:49:40 2023 mrpaper (Red) [SMG] Richard Le Noir (Blue)
Wed May  3 21:49:41 2023 BED 69 (Blue) [Headshot] Vagabond (Red)
Wed May  3 21:49:49 2023 RG4L | Pushi (Blue) [Headshot] mrpaper (Red)
Wed May  3 21:49:51 2023 Vagabond (Red) [SMG] RG4L | Pushi (Blue)
Wed May  3 21:49:52 2023 BED 69 (Blue) [Headshot] Vagabond (Red)
Wed May  3 21:49:54 2023  Visit our community forums at https://aloha.pk/
Wed May  3 21:50:00 2023 Player RG4L | Pushi has left
Wed May  3 21:50:13 2023 Richard Le Noir (Blue) [Rifle] Vagabond (Red)
Wed May  3 21:50:16 2023 BED 69 (Blue) [Headshot] Harry (Red)
Wed May  3 21:50:18 2023 mrpaper (Red) [SMG] Richard Le Noir (Blue)
Wed May  3 21:50:24 2023  Come chat with us at https://discord.aloha.pk/
Wed May  3 21:50:39 2023 BED 69 (Blue) [Headshot] Vagabond (Red)
Wed May  3 21:50:39 2023 Vagabond (Red) [Grenade] BED 69 (Blue)
Wed May  3 21:50:54 2023 REBELZ joined Red team
Wed May  3 21:50:54 2023  If you believe a player is breaking the rules, please let us know with /ADMIN
Wed May  3 21:51:14 2023 Vagabond (Red) [SMG] Richard Le Noir (Blue)
Wed May  3 21:51:18 2023 BED 69 (Blue) [Headshot] Vagabond (Red)
Wed May  3 21:51:24 2023  Mahalo for playing aloha.pk tower of babel
Wed May  3 21:51:28 2023 Richard Le Noir (Blue) [Rifle] REBELZ (Red)
Wed May  3 21:51:31 2023 Player REBELZ has left
Wed May  3 21:51:34 2023 [Global] Richard Le Noir (Blue): rq
Wed May  3 21:51:36 2023 Harry (Red) [Fall]
Wed May  3 21:51:39 2023 Vespasian joined Blue team
Wed May  3 21:51:41 2023 [Global] Vagabond (Red): xd
Wed May  3 21:51:54 2023  Build a tower to get the enemy's intel. Take it to your team's tent to win!
Wed May  3 21:51:56 2023 [Global] Vespasian (Blue): wtf
Wed May  3 21:52:00 2023 Vagabond (Red) [Headshot] BED 69 (Blue)
Wed May  3 21:52:10 2023 Vespasian (Blue) [Fall]
Wed May  3 21:52:10 2023 Richard Le Noir (Blue) [Fall]
Wed May  3 21:52:12 2023 [Global] Richard Le Noir (Blue): penis juice
Wed May  3 21:52:17 2023 Vagabond (Red) [Headshot] Vespasian (Blue)
Wed May  3 21:52:20 2023 Vagabond (Red) [SMG] Richard Le Noir (Blue)
Wed May  3 21:52:20 2023 [Global] Vespasian (Blue): ***
Wed May  3 21:52:24 2023  Type /HELP for info & commands
Wed May  3 21:52:28 2023 [Global] Richard Le Noir (Blue): ***?
Wed May  3 21:52:36 2023 Harry (Red) [Fall]
Wed May  3 21:52:38 2023 BED 69 (Blue) [Rifle] Vagabond (Red)
Wed May  3 21:52:49 2023 [Global] Richard Le Noir (Blue): *** *** *** *** *** too *** *** here and *** *** ***
Wed May  3 21:52:53 2023 [Team] Vagabond (Red): they are building
Wed May  3 21:52:54 2023  Visit our community forums at https://aloha.pk/
Wed May  3 21:52:55 2023 [Team] Vagabond (Red): lets go
Wed May  3 21:53:24 2023  Come chat with us at https://discord.aloha.pk/
Wed May  3 21:53:32 2023 [Global] Richard Le Noir (Blue): i'm gonna *** your ***
Wed May  3 21:53:44 2023 Richard Le Noir (Blue) [Fall]
Wed May  3 21:53:54 2023  If you believe a player is breaking the rules, please let us know with /ADMIN
Wed May  3 21:54:13 2023 Vagabond (Red) [Headshot] Vespasian (Blue)
Wed May  3 21:54:16 2023 BED 69 (Blue) [Fall]
Wed May  3 21:54:20 2023 Richard Le Noir (Blue) [Fall]
Wed May  3 21:54:20 2023 Player BED 69 has left
Wed May  3 21:54:24 2023  Mahalo for playing aloha.pk tower of babel
Wed May  3 21:54:29 2023 Richard Le Noir (Blue) [Rifle] Vagabond (Red)
Wed May  3 21:54:31 2023 [Global] Vagabond (Red): xd
Wed May  3 21:54:36 2023 mrpaper (Red) [Fall]
Wed May  3 21:54:38 2023 [Global] Vespasian (Blue): kill yourself
Wed May  3 21:54:49 2023 Vagabond picked up Blue's Intel.
Wed May  3 21:54:53 2023 [Global] Richard Le Noir (Blue): let me *** you in the *** you *** *** *** i *** ***
Wed May  3 21:54:54 2023  Build a tower to get the enemy's intel. Take it to your team's tent to win!
Wed May  3 21:54:59 2023 Vagabond captured Blue's Intel.
Wed May  3 21:55:09 2023 Harry (Red) [Headshot] Vespasian (Blue)
Wed May  3 21:55:14 2023 [Global] Vespasian (Blue): fucking ***s
Wed May  3 21:55:24 2023  Type /HELP for info & commands
Wed May  3 21:55:44 2023 BED 69 joined Blue team
Wed May  3 21:55:44 2023 Vagabond (Red) [SMG] Vespasian (Blue)
Wed May  3 21:55:49 2023 Richard Le Noir (Blue) [Melee] mrpaper (Red)
Wed May  3 21:55:49 2023 [Global] Vespasian (Blue): smg noob
Wed May  3 21:55:54 2023  Visit our community forums at https://aloha.pk/
Wed May  3 21:55:57 2023 Richard Le Noir picked up Red's Intel.
Wed May  3 21:55:59 2023 Vespasian (Blue) [Grenade] Vagabond (Red)
Wed May  3 21:56:01 2023 [Global] Vagabond (Red): OH
Wed May  3 21:56:02 2023 [Global] Vespasian (Blue): lol
Wed May  3 21:56:03 2023 Richard Le Noir dropped Red's Intel
Wed May  3 21:56:03 2023 Harry (Red) [Headshot] Richard Le Noir (Blue)
Wed May  3 21:56:05 2023 [Global] Richard Le Noir (Blue): kurwa
Wed May  3 21:56:09 2023 [Global] Vespasian (Blue): kill yourself
Wed May  3 21:56:12 2023 Harry picked up Blue's Intel.
Wed May  3 21:56:13 2023 Harry (Red) [Headshot] Vespasian (Blue)
Wed May  3 21:56:16 2023 Harry dropped Blue's Intel
Wed May  3 21:56:16 2023 Richard Le Noir (Blue) [Headshot] Harry (Red)
Wed May  3 21:56:24 2023  Come chat with us at https://discord.aloha.pk/
Wed May  3 21:56:32 2023 Richard Le Noir (Blue) [Rifle] Vagabond (Red)
Wed May  3 21:56:39 2023 Harry (Red) [Headshot] Richard Le Noir (Blue)
Wed May  3 21:56:42 2023 Vespasian (Blue) [Rifle] Harry (Red)
Wed May  3 21:56:54 2023  If you believe a player is breaking the rules, please let us know with /ADMIN
Wed May  3 21:56:54 2023 Vagabond (Red) [Headshot] BED 69 (Blue)
Wed May  3 21:57:07 2023 Harry (Red) [Headshot] Richard Le Noir (Blue)
Wed May  3 21:57:08 2023 Vespasian (Blue) [Headshot] Harry (Red)
Wed May  3 21:57:19 2023 Harry (Red) [Headshot] Vespasian (Blue)
Wed May  3 21:57:24 2023  Mahalo for playing aloha.pk tower of babel
Wed May  3 21:57:29 2023 [Global] Vespasian (Blue): 3v1 and you smg fags still cant aim
Wed May  3 21:57:31 2023 Richard Le Noir (Blue) [Rifle] Vagabond (Red)
Wed May  3 21:57:35 2023 Harry (Red) [Headshot] BED 69 (Blue)
Wed May  3 21:57:37 2023 Harry (Red) [Headshot] Richard Le Noir (Blue)
Wed May  3 21:57:43 2023 Harry (Red) [Headshot] BED 69 (Blue)
Wed May  3 21:57:46 2023 Harry picked up Blue's Intel.
Wed May  3 21:57:47 2023 Harry dropped Blue's Intel
Wed May  3 21:57:47 2023 Vespasian (Blue) [Headshot] Harry (Red)
Wed May  3 21:57:49 2023 [Global] BED 69 (Blue): xD
Wed May  3 21:57:50 2023 [Global] Vespasian (Blue): fag
Wed May  3 21:57:54 2023  Build a tower to get the enemy's intel. Take it to your team's tent to win!
Wed May  3 21:58:11 2023 Harry (Red) [Headshot] BED 69 (Blue)
Wed May  3 21:58:11 2023 Vagabond (Red) [Headshot] Vespasian (Blue)
Wed May  3 21:58:15 2023 Richard Le Noir (Blue) [Fall]
Wed May  3 21:58:19 2023 Vespasian (Blue) [Headshot] Vagabond (Red)
Wed May  3 21:58:21 2023 Harry (Red) [Headshot] Vespasian (Blue)
Wed May  3 21:58:24 2023 Harry picked up Blue's Intel.
Wed May  3 21:58:24 2023  Type /HELP for info & commands
Wed May  3 21:58:24 2023 Harry dropped Blue's Intel
Wed May  3 21:58:24 2023 BED 69 (Blue) [Rifle] Harry (Red)
Wed May  3 21:58:28 2023 [Global] Vespasian (Blue): kill yourself vagabond
Wed May  3 21:58:32 2023 [Global] Vagabond (Red): XD
Wed May  3 21:58:34 2023 [Global] Vespasian (Blue): genuinely would be a better wold
Wed May  3 21:58:36 2023 [Global] Vespasian (Blue): world
Wed May  3 21:58:39 2023 BED 69 (Blue) [Headshot] Harry (Red)
Wed May  3 21:58:42 2023 [Global] Vagabond (Red): bro this doesnt work, i live in brazil
Wed May  3 21:58:47 2023 mrpaper (Red) [Headshot] Richard Le Noir (Blue)
Wed May  3 21:58:50 2023 [Global] Vespasian (Blue): ok then get stabbed
Wed May  3 21:58:54 2023  Visit our community forums at https://aloha.pk/
Wed May  3 21:58:55 2023 [Global] Vagabond (Red): xd
Wed May  3 21:58:57 2023 Harry (Red) [Headshot] BED 69 (Blue)
Wed May  3 21:59:00 2023 [Global] Vespasian (Blue): or OD
Wed May  3 21:59:03 2023 Vagabond (Red) [Headshot] Richard Le Noir (Blue)
Wed May  3 21:59:09 2023 BED 69 (Blue) [Headshot] Harry (Red)
Wed May  3 21:59:11 2023 BED 69 (Blue) [Headshot] Vagabond (Red)
Wed May  3 21:59:24 2023  Come chat with us at https://discord.aloha.pk/
Wed May  3 21:59:26 2023 Harry (Red) [Headshot] BED 69 (Blue)
Wed May  3 21:59:27 2023 Richard Le Noir (Blue) [Headshot] Harry (Red)
Wed May  3 21:59:51 2023 Harry (Red) [Headshot] Richard Le Noir (Blue)
Wed May  3 21:59:54 2023  If you believe a player is breaking the rules, please let us know with /ADMIN
Wed May  3 21:59:56 2023 Harry (Red) [Headshot] BED 69 (Blue)
Wed May  3 22:00:00 2023 Harry (Red) [Headshot] Vespasian (Blue)
Wed May  3 22:00:07 2023 You must be closer to the enemy's base to shoot blocks!
Wed May  3 22:00:07 2023 You must be closer to the enemy's base to shoot blocks!
Wed May  3 22:00:09 2023 Richard Le Noir (Blue) [Rifle] Harry (Red)
Wed May  3 22:00:24 2023  Mahalo for playing aloha.pk tower of babel
Wed May  3 22:00:25 2023 Richard Le Noir (Blue) [Fall]
Wed May  3 22:00:25 2023 [Global] Vespasian (Blue): i dont play with n1ggers. separate and unequal.
Wed May  3 22:00:25 2023 [Global] Richard Le Noir (Blue): kurwa
Wed May  3 22:00:27 2023 Player Vespasian has left
Wed May  3 22:00:28 2023 BED 69 (Blue) [Headshot] Harry (Red)
Wed May  3 22:00:30 2023 BED 69 (Blue) [Headshot] Vagabond (Red)
Wed May  3 22:00:48 2023 Harry (Red) [Headshot] BED 69 (Blue)
Wed May  3 22:00:54 2023 Harry (Red) [Headshot] Richard Le Noir (Blue)
Wed May  3 22:00:54 2023  Build a tower to get the enemy's intel. Take it to your team's tent to win!
Wed May  3 22:01:05 2023 Richard Le Noir (Blue) [Headshot] Harry (Red)
Wed May  3 22:01:24 2023 Richard Le Noir (Blue) [Headshot] Harry (Red)
Wed May  3 22:01:24 2023  Type /HELP for info & commands
Wed May  3 22:01:26 2023 mrpaper (Red) [Headshot] Richard Le Noir (Blue)
Wed May  3 22:01:39 2023 Harry (Red) [Headshot] BED 69 (Blue)
Wed May  3 22:01:49 2023 Richard Le Noir (Blue) [Headshot] Vagabond (Red)
Wed May  3 22:01:54 2023  Visit our community forums at https://aloha.pk/
Wed May  3 22:01:54 2023 Harry (Red) [Headshot] Richard Le Noir (Blue)
Wed May  3 22:01:59 2023 [Global] Richard Le Noir (Blue): this shit boring
Wed May  3 22:02:01 2023 BED 69 (Blue) [Headshot] Harry (Red)
Wed May  3 22:02:07 2023 [Global] Vagabond (Red): xd
Wed May  3 22:02:11 2023 Richard Le Noir (Blue) [Headshot] mrpaper (Red)
Wed May  3 22:02:24 2023  Come chat with us at https://discord.aloha.pk/
Wed May  3 22:02:25 2023 Vagabond (Red) [Headshot] Richard Le Noir (Blue)
Wed May  3 22:02:28 2023 BED 69 (Blue) [Headshot] Vagabond (Red)
Wed May  3 22:02:30 2023 BED 69 (Blue) [Headshot] Harry (Red)
Wed May  3 22:02:32 2023 BED 69 (Blue) [Headshot] mrpaper (Red)
Wed May  3 22:02:51 2023 mrpaper (Red) [SMG] Richard Le Noir (Blue)
Wed May  3 22:02:54 2023  If you believe a player is breaking the rules, please let us know with /ADMIN
Wed May  3 22:03:03 2023 Vagabond (Red) [SMG] BED 69 (Blue)
Wed May  3 22:03:05 2023 Richard Le Noir (Blue) [Headshot] Vagabond (Red)
Wed May  3 22:03:09 2023 Richard Le Noir (Blue) [Headshot] mrpaper (Red)
Wed May  3 22:03:13 2023 Harry (Red) [Headshot] Richard Le Noir (Blue)
Wed May  3 22:03:16 2023 Harry picked up Blue's Intel.
Wed May  3 22:03:20 2023 [Global] Vagabond (Red): finally
Wed May  3 22:03:24 2023  Mahalo for playing aloha.pk tower of babel
Wed May  3 22:03:34 2023 Harry captured Blue's Intel.
Wed May  3 22:03:37 2023 Vagabond picked up Blue's Intel.
Wed May  3 22:03:37 2023 Vagabond dropped Blue's Intel
Wed May  3 22:03:37 2023 Richard Le Noir (Blue) [Headshot] Vagabond (Red)
Wed May  3 22:03:46 2023 Richard Le Noir (Blue) [Headshot] Harry (Red)
Wed May  3 22:03:53 2023 Harry (Red) [Headshot] Richard Le Noir (Blue)
Wed May  3 22:03:54 2023  Build a tower to get the enemy's intel. Take it to your team's tent to win!
Wed May  3 22:04:10 2023 Harry picked up Blue's Intel.
Wed May  3 22:04:17 2023 Richard Le Noir (Blue) [Headshot] mrpaper (Red)
Wed May  3 22:04:23 2023 Richard Le Noir (Blue) [Rifle] Vagabond (Red)
Wed May  3 22:04:24 2023  Type /HELP for info & commands
Wed May  3 22:04:26 2023 Harry captured Blue's Intel.
Wed May  3 22:04:45 2023 Richard Le Noir (Blue) [Headshot] Vagabond (Red)
Wed May  3 22:04:47 2023 Richard Le Noir (Blue) [Headshot] mrpaper (Red)
Wed May  3 22:04:47 2023 Harry (Red) [Headshot] Richard Le Noir (Blue)
Wed May  3 22:04:53 2023 Harry picked up Blue's Intel.
Wed May  3 22:04:54 2023  Visit our community forums at https://aloha.pk/
Wed May  3 22:04:56 2023 Harry dropped Blue's Intel
Wed May  3 22:04:56 2023  The intel has returned to the heavens
Wed May  3 22:04:56 2023 Richard Le Noir (Blue) [Headshot] Harry (Red)
Wed May  3 22:05:17 2023 Harry (Red) [Headshot] Richard Le Noir (Blue)
Wed May  3 22:05:17 2023 Vagabond picked up Blue's Intel.
Wed May  3 22:05:24 2023  Come chat with us at https://discord.aloha.pk/
Wed May  3 22:05:33 2023 Vagabond captured Blue's Intel.
Wed May  3 22:05:33 2023  With 1514 blocks placed, mrpaper is granted the right to unleash the apocalypse.
Wed May  3 22:05:41 2023 You must be closer to the enemy's base to shoot blocks!
Wed May  3 22:05:44 2023 Richard Le Noir (Blue) [Headshot] mrpaper (Red)
Wed May  3 22:05:47 2023 You must be closer to the enemy's base to shoot blocks!
Wed May  3 22:05:51 2023 Harry (Red) [Headshot] Richard Le Noir (Blue)
Wed May  3 22:05:54 2023  If you believe a player is breaking the rules, please let us know with /ADMIN
Wed May  3 22:05:55 2023 Harry picked up Blue's Intel.
Wed May  3 22:06:00 2023 [Global] Richard Le Noir (Blue): welp
Wed May  3 22:06:10 2023 Richard Le Noir (Blue) [Fall]
Wed May  3 22:06:16 2023 Player Richard Le Noir has left
Wed May  3 22:06:24 2023  Mahalo for playing aloha.pk tower of babel
Wed May  3 22:06:31 2023 [Global] Vagabond (Red): finally
Wed May  3 22:06:33 2023 [Global] Vagabond (Red): gg
Wed May  3 22:06:46 2023 Googlesplat joined Spectator team
Wed May  3 22:06:51 2023 Harry dropped Blue's Intel
Wed May  3 22:06:51 2023  The intel has returned to the heavens
Wed May  3 22:06:51 2023 Harry (Red) [Fall]
Wed May  3 22:06:54 2023  Build a tower to get the enemy's intel. Take it to your team's tent to win!
Wed May  3 22:07:03 2023 Richard Le Noir joined Spectator team
Wed May  3 22:07:06 2023 Googlesplat joined Blue team
Wed May  3 22:07:09 2023 [Global] Richard Le Noir (): touch my dickhole
Wed May  3 22:07:10 2023 Googlesplat (Blue) [Headshot] Vagabond (Red)
Wed May  3 22:07:18 2023 Googlesplat (Blue) [Headshot] Harry (Red)
Wed May  3 22:07:19 2023 [Global] Vagabond (Red): hey google
Wed May  3 22:07:24 2023  Type /HELP for info & commands
Wed May  3 22:07:29 2023 100111100 joined Blue team
Wed May  3 22:07:37 2023 Googlesplat (Blue) [Rifle] Vagabond (Red)
Wed May  3 22:07:38 2023 Googlesplat (Blue) [Headshot] Harry (Red)
Wed May  3 22:07:46 2023 [Global] Richard Le Noir (): wonder if blue can still win
Wed May  3 22:07:54 2023  Visit our community forums at https://aloha.pk/
Wed May  3 22:08:08 2023 Googlesplat (Blue) [Rifle] Harry (Red)
Wed May  3 22:08:19 2023 Googlesplat (Blue) [Headshot] Vagabond (Red)
Wed May  3 22:08:24 2023  Come chat with us at https://discord.aloha.pk/
Wed May  3 22:08:25 2023 Titus joined Blue team
Wed May  3 22:08:30 2023 Googlesplat (Blue) [Headshot] Harry (Red)
Wed May  3 22:08:39 2023 Googlesplat (Blue) [Headshot] Vagabond (Red)
Wed May  3 22:08:52 2023 Googlesplat (Blue) [Headshot] Vagabond (Red)
Wed May  3 22:08:54 2023  If you believe a player is breaking the rules, please let us know with /ADMIN
Wed May  3 22:08:57 2023 titicaca joined Red team
Wed May  3 22:08:57 2023 mrpaper picked up Blue's Intel.
Wed May  3 22:08:59 2023 [Global] Vagabond (Red): look at this boy lol
Wed May  3 22:09:01 2023 mrpaper dropped Blue's Intel
Wed May  3 22:09:01 2023  The intel has returned to the heavens
Wed May  3 22:09:01 2023 Googlesplat (Blue) [Headshot] mrpaper (Red)
Wed May  3 22:09:02 2023 [Global] Richard Le Noir (): Star Whores: Revenge of the Tits
Wed May  3 22:09:02 2023 Harry (Red) [Rifle] Googlesplat (Blue)
Wed May  3 22:09:03 2023 100111100 (Blue) [SMG] Harry (Red)
Wed May  3 22:09:05 2023  mrpaper has unleashed an apocalypse from God.
Wed May  3 22:09:07 2023  The apocalypse begins in 5
Wed May  3 22:09:08 2023  The apocalypse begins in 4
Wed May  3 22:09:09 2023  The apocalypse begins in 3
Wed May  3 22:09:10 2023  The apocalypse begins in 2
Wed May  3 22:09:11 2023  The apocalypse begins in 1
Wed May  3 22:09:18 2023 titicaca picked up Blue's Intel.
Wed May  3 22:09:24 2023  Mahalo for playing aloha.pk tower of babel
Wed May  3 22:09:25 2023  The apocalypse has ended.
Wed May  3 22:09:32 2023 Harry (Red) [Headshot] Googlesplat (Blue)
Wed May  3 22:09:33 2023 Harry (Red) [Headshot] 100111100 (Blue)
Wed May  3 22:09:35 2023 [Global] Richard Le Noir (): Arnold Schwarze*** stars in The Sperminator
Wed May  3 22:09:36 2023 [Global] Googlesplat (Blue): YIKES IM BAD
Wed May  3 22:09:42 2023 [Team] titicaca (Red): fuck is our tent all the way down?
Wed May  3 22:09:43 2023 Harry (Red) [Headshot] Titus (Blue)
Wed May  3 22:09:44 2023 Googlesplat (Blue) [Headshot] Harry (Red)
Wed May  3 22:09:54 2023  Build a tower to get the enemy's intel. Take it to your team's tent to win!
Wed May  3 22:09:56 2023 [Global] Richard Le Noir (): the sperminator
Wed May  3 22:10:00 2023 Harry (Red) [Headshot] Googlesplat (Blue)
Wed May  3 22:10:02 2023 Vagabond (Red) [Headshot] 100111100 (Blue)
Wed May  3 22:10:12 2023 [Global] Vagabond (Red): the fucking intel
Wed May  3 22:10:14 2023 [Global] Vagabond (Red): where is lol
Wed May  3 22:10:20 2023 [Global] Titus (Blue): up your ass
Wed May  3 22:10:24 2023 Googlesplat (Blue) [Headshot] Harry (Red)
Wed May  3 22:10:24 2023  Type /HELP for info & commands
Wed May  3 22:10:24 2023 [Global] Richard Le Noir (): can i lick it
Wed May  3 22:10:27 2023 Googlesplat (Blue) [Headshot] Vagabond (Red)
Wed May  3 22:10:28 2023 Googlesplat (Blue) [Headshot] mrpaper (Red)
Wed May  3 22:10:29 2023 titicaca captured Blue's Intel.
Wed May  3 22:10:29 2023 BED 69 (Blue) [Headshot] titicaca (Red)
Wed May  3 22:10:32 2023 [Global] Vagabond (Red): shiet
Wed May  3 22:10:38 2023 Googlesplat (Blue) [Headshot] Harry (Red)
Wed May  3 22:10:38 2023 [Team] titicaca (Red): the tent is all the way down
Wed May  3 22:10:54 2023 Googlesplat (Blue) [Rifle] mrpaper (Red)
Wed May  3 22:10:54 2023  Visit our community forums at https://aloha.pk/
Wed May  3 22:10:56 2023 Vagabond picked up Blue's Intel.
Wed May  3 22:10:57 2023 Vagabond dropped Blue's Intel
Wed May  3 22:10:57 2023  The intel has returned to the heavens
Wed May  3 22:10:57 2023 Googlesplat (Blue) [Headshot] Vagabond (Red)
Wed May  3 22:10:59 2023 [Global] Vagabond (Red): hehe
Wed May  3 22:11:03 2023 [Global] Richard Le Noir (): E.T. - The Extra Testicle
Wed May  3 22:11:06 2023 Vagabond (Red) [Headshot] Titus (Blue)
Wed May  3 22:11:11 2023 100111100 (Blue) [Rifle] Harry (Red)
Wed May  3 22:11:13 2023 titicaca (Red) [Headshot] BED 69 (Blue)
Wed May  3 22:11:22 2023 [Global] BED 69 (Blue): xd
Wed May  3 22:11:23 2023 Googlesplat (Blue) [Headshot] mrpaper (Red)
Wed May  3 22:11:24 2023  Come chat with us at https://discord.aloha.pk/
Wed May  3 22:11:24 2023 Harry (Red) [Headshot] 100111100 (Blue)
Wed May  3 22:11:26 2023 Vagabond picked up Blue's Intel.
Wed May  3 22:11:30 2023 Harry (Red) [Headshot] Googlesplat (Blue)
Wed May  3 22:11:31 2023 [Team] titicaca (Red): im bringing it back up
Wed May  3 22:11:43 2023 mrpaper (Red) [Headshot] BED 69 (Blue)
Wed May  3 22:11:46 2023 Harry (Red) [Headshot] 100111100 (Blue)
Wed May  3 22:11:51 2023 Vagabond captured Blue's Intel.
Wed May  3 22:11:53 2023 Harry (Red) [Headshot] Googlesplat (Blue)
Wed May  3 22:11:54 2023  If you believe a player is breaking the rules, please let us know with /ADMIN
Wed May  3 22:11:57 2023 [Global] Googlesplat (Blue): richasrd help us
Wed May  3 22:12:02 2023 BED 69 (Blue) [Headshot] Harry (Red)
Wed May  3 22:12:05 2023 [Global] Richard Le Noir (): i guess
Wed May  3 22:12:06 2023 Richard Le Noir joined Blue team
Wed May  3 22:12:10 2023 BED 69 (Blue) [Headshot] mrpaper (Red)
Wed May  3 22:12:13 2023 titicaca picked up Blue's Intel.
Wed May  3 22:12:22 2023 Vagabond (Red) [Headshot] Titus (Blue)
Wed May  3 22:12:24 2023  Mahalo for playing aloha.pk tower of babel
Wed May  3 22:12:26 2023 BED 69 (Blue) [Fall]
Wed May  3 22:12:28 2023 mrpaper (Red) [SMG] 100111100 (Blue)
Wed May  3 22:12:31 2023 titicaca captured Blue's Intel.
Wed May  3 22:12:33 2023 stonked joined Red team
Wed May  3 22:12:37 2023 Richard Le Noir (Blue) [Headshot] Harry (Red)
Wed May  3 22:12:37 2023 mrpaper (Red) [Headshot] Googlesplat (Blue)
Wed May  3 22:12:40 2023 mrpaper (Red) [SMG] Richard Le Noir (Blue)
Wed May  3 22:12:45 2023 BED 69 (Blue) [Headshot] Vagabond (Red)
Wed May  3 22:12:50 2023 titicaca picked up Blue's Intel.
Wed May  3 22:12:54 2023  Build a tower to get the enemy's intel. Take it to your team's tent to win!
Wed May  3 22:13:00 2023 [Global] Richard Le Noir (Blue): kinda too late for blue lol
Wed May  3 22:13:01 2023 BED 69 (Blue) [Headshot] mrpaper (Red)
Wed May  3 22:13:03 2023 [Global] Googlesplat (Blue): ah
Wed May  3 22:13:05 2023 [Global] Vagabond (Red): maybe we can beat google
Wed May  3 22:13:06 2023 [Global] Googlesplat (Blue): with these new characters ya
Wed May  3 22:13:07 2023 [Global] Vagabond (Red): maybe
Wed May  3 22:13:08 2023 titicaca captured Blue's Intel.
Wed May  3 22:13:14 2023 Googlesplat (Blue) [SMG] Harry (Red)
Wed May  3 22:13:14 2023 Vagabond picked up Blue's Intel.
Wed May  3 22:13:19 2023 [Global] Vagabond (Red): last on
Wed May  3 22:13:20 2023 Richard Le Noir (Blue) [Rifle] mrpaper (Red)
Wed May  3 22:13:24 2023  Type /HELP for info & commands
Wed May  3 22:13:24 2023 [Global] Richard Le Noir (Blue): beat my meat
Wed May  3 22:13:27 2023 BED 69 (Blue) [Headshot] mrpaper (Red)
Wed May  3 22:13:29 2023 Harry (Red) [Headshot] Richard Le Noir (Blue)
Wed May  3 22:13:34 2023 [Global] BED 69 (Blue): gg
Wed May  3 22:13:35 2023 [Global] titicaca (Red): gg
Wed May  3 22:13:35 2023 [Global] Vagabond (Red): we did it
Wed May  3 22:13:38 2023 Vagabond captured Blue's Intel.
Wed May  3 22:13:38 2023 Red Wins!
Wed May  3 22:13:38 2023  Game finished! Next map: lard.
Wed May  3 22:13:39 2023 [Global] Richard Le Noir (Blue): no you didnt
Wed May  3 22:13:40 2023 Googlesplat (Blue) [SMG] stonked (Red)
Wed May  3 22:13:41 2023 Harry (Red) [Headshot] Googlesplat (Blue)
Wed May  3 22:13:41 2023 [Global] Titus (Blue): fags
Wed May  3 22:13:41 2023 Titus (Blue) [Fall]
Wed May  3 22:13:42 2023 Harry (Red) [Headshot] 100111100 (Blue)
Wed May  3 22:13:42 2023 mrpaper (Red) [Fall]
Wed May  3 22:13:43 2023 Googlesplat (Blue) [Weapon Change]
Wed May  3 22:13:43 2023 BED 69 (Blue) [Headshot] Harry (Red)
Wed May  3 22:13:44 2023 titicaca (Red) [Rifle] BED 69 (Blue)
Wed May  3 22:13:48 2023 Vagabond picked up Blue's Intel.
Wed May  3 22:13:48 2023 Richard Le Noir (Blue) [Headshot] titicaca (Red)
Wed May  3 22:13:50 2023 ------ World Unloaded ------
Wed May  3 22:14:05 2023 Disconnecting
