Sat Sep  9 15:43:03 2023 ------ World Loaded ------
Sat Sep  9 15:43:03 2023 Geeko (Blue) [Fall]
Sat Sep  9 15:43:03 2023 Accu (Red) [Headshot] daniel (Blue)
Sat Sep  9 15:43:03 2023 [Global] ara (Red): haxu
Sat Sep  9 15:43:03 2023 METODMAN (Red) [Headshot] gigi (Blue)
Sat Sep  9 15:43:03 2023 [Global] Hawkan (Blue): now dont abuse it
Sat Sep  9 15:43:03 2023 Accu (Red) [Rifle] wiki (Blue)
Sat Sep  9 15:43:03 2023 Welcome to aloha.pk tower of babel
Sat Sep  9 15:43:05 2023 Map: Tradeoff by ei8htx
Sat Sep  9 15:43:05 2023 Accu (Red) [Headshot] Nacho (Blue)
Sat Sep  9 15:43:07 2023 Game mode: Tower of Babel by Yourself, modified by izzy
Sat Sep  9 15:43:09 2023 Build a tower to get the enemy's intel. Take it to your team's tent to win!
Sat Sep  9 15:43:11 2023 Visit our community forums at https://aloha.pk/
Sat Sep  9 15:43:12 2023 Hawkan (Blue) [Rifle] Accu (Red)
Sat Sep  9 15:43:13 2023 Come chat with us at https://discord.aloha.pk/
Sat Sep  9 15:43:20 2023 [Global] Geeko (Blue): i wanted to votekick gigi for blocking the way on blue base
Sat Sep  9 15:43:24 2023 Accu (Red) [Headshot] T-1000 (Blue)
Sat Sep  9 15:43:26 2023 [Global] Hawkan (Blue): oh sry
Sat Sep  9 15:43:30 2023 [Global] Hawkan (Blue): I turned it on now
Sat Sep  9 15:43:32 2023  Build a tower to get the enemy's intel. Take it to your team's tent to win!
Sat Sep  9 15:43:32 2023 wiki (Blue) [Headshot] METODMAN (Red)
Sat Sep  9 15:43:33 2023 Geeko (Blue) [SMG] un_furro (Red)
Sat Sep  9 15:43:33 2023 elpatagonias (Blue) [Headshot] Daddy Yankee (Red)
Sat Sep  9 15:43:35 2023 Nacho (Blue) [SMG] Accu (Red)
Sat Sep  9 15:43:36 2023 elpatagonias (Blue) [SMG] Harry (Red)
Sat Sep  9 15:43:38 2023 elpatagonias (Blue) [Headshot] ScrapHeap (Red)
Sat Sep  9 15:43:44 2023 Geeko (Blue) [SMG] Noaa (Red)
Sat Sep  9 15:43:47 2023 [Global] Hawkan (Blue): everyone was fooling around and votekicking each other  :P
Sat Sep  9 15:43:48 2023 Accu (Red) [Headshot] Nacho (Blue)
Sat Sep  9 15:43:48 2023 Geeko (Blue) [SMG] Daddy Yankee (Red)
Sat Sep  9 15:43:48 2023 wiki (Blue) [Headshot] RemuS (Red)
Sat Sep  9 15:43:52 2023 pollo joined Blue team
Sat Sep  9 15:43:52 2023 pollo (Blue) [Team Change]
Sat Sep  9 15:43:52 2023 Harry (Red) [Headshot] Geeko (Blue)
Sat Sep  9 15:43:54 2023 lurpir joined Red team
Sat Sep  9 15:43:55 2023 METODMAN (Red) [Headshot] elpatagonias (Blue)
Sat Sep  9 15:43:56 2023  The native language of pollo is most likely Spanish.
Sat Sep  9 15:43:56 2023  pollo is trying to join with an obsolete client! Help them update!
Sat Sep  9 15:43:57 2023 Hawkan (Blue) [Headshot] ara (Red)
Sat Sep  9 15:44:00 2023 pollo joined Spectator team
Sat Sep  9 15:44:00 2023 Accu (Red) [Rifle] Hawkan (Blue)
Sat Sep  9 15:44:02 2023  Type /HELP for info & commands
Sat Sep  9 15:44:06 2023 Player gigi has left
Sat Sep  9 15:44:06 2023 un_furro (Red) [Shotgun] T-1000 (Blue)
Sat Sep  9 15:44:06 2023 wiki (Blue) [Fall]
Sat Sep  9 15:44:09 2023 Accu (Red) [Headshot] daniel (Blue)
Sat Sep  9 15:44:10 2023 Harry (Red) [Fall]
Sat Sep  9 15:44:18 2023 Geeko (Blue) [SMG] METODMAN (Red)
Sat Sep  9 15:44:19 2023 Player pollo has left
Sat Sep  9 15:44:21 2023 Hawkan (Blue) [Headshot] Accu (Red)
Sat Sep  9 15:44:28 2023 Hawkan (Blue) [Headshot] Daddy Yankee (Red)
Sat Sep  9 15:44:29 2023 Hawkan (Blue) [Headshot] Harry (Red)
Sat Sep  9 15:44:32 2023  Visit our community forums at https://aloha.pk/
Sat Sep  9 15:44:34 2023 Geeko (Blue) [SMG] Noaa (Red)
Sat Sep  9 15:44:35 2023 METODMAN (Red) [Headshot] elpatagonias (Blue)
Sat Sep  9 15:44:35 2023 gigi joined Blue team
Sat Sep  9 15:44:36 2023 Geeko (Blue) [SMG] ara (Red)
Sat Sep  9 15:44:37 2023 Cornballs joined Blue team
Sat Sep  9 15:44:39 2023 METODMAN (Red) [Headshot] Geeko (Blue)
Sat Sep  9 15:44:40 2023 wiki (Blue) [Fall]
Sat Sep  9 15:44:41 2023 [Global] Cornballs (Blue): bois
Sat Sep  9 15:44:45 2023 gigi (Blue) [Fall]
Sat Sep  9 15:44:45 2023 Accu (Red) [Headshot] Nacho (Blue)
Sat Sep  9 15:44:45 2023 You must be closer to the enemy's base to shoot blocks!
Sat Sep  9 15:44:47 2023 me joined Blue team
Sat Sep  9 15:44:48 2023 You must be closer to the enemy's base to shoot blocks!
Sat Sep  9 15:44:48 2023 Hawkan (Blue) [Headshot] Daddy Yankee (Red)
Sat Sep  9 15:44:50 2023 Player me has left
Sat Sep  9 15:44:54 2023 [Global] Accu (Red): bols
Sat Sep  9 15:44:54 2023 T-1000 (Blue) [SMG] ScrapHeap (Red)
Sat Sep  9 15:44:57 2023 Cornballs (Blue) [Headshot] lurpir (Red)
Sat Sep  9 15:44:57 2023 T-1000 (Blue) [SMG] Harry (Red)
Sat Sep  9 15:45:01 2023 ara (Red) [Headshot] T-1000 (Blue)
Sat Sep  9 15:45:02 2023  Come chat with us at https://discord.aloha.pk/
Sat Sep  9 15:45:02 2023 Accu (Red) [Headshot] daniel (Blue)
Sat Sep  9 15:45:03 2023 METODMAN (Red) [Headshot] elpatagonias (Blue)
Sat Sep  9 15:45:04 2023 Geeko (Blue) [Headshot] METODMAN (Red)
Sat Sep  9 15:45:06 2023 [Global] Cornballs (Blue): blessu
Sat Sep  9 15:45:06 2023 Daddy Yankee (Red) [Headshot] Hawkan (Blue)
Sat Sep  9 15:45:07 2023 Accu (Red) [Headshot] Nacho (Blue)
Sat Sep  9 15:45:10 2023 Daddy Yankee (Red) [Headshot] Cornballs (Blue)
Sat Sep  9 15:45:16 2023 NeymarJr joined Blue team
Sat Sep  9 15:45:17 2023 gigi (Blue) [Fall]
Sat Sep  9 15:45:17 2023 You must be closer to the enemy's base to shoot blocks!
Sat Sep  9 15:45:18 2023 Player gigi has left
Sat Sep  9 15:45:19 2023 T-1000 (Blue) [Headshot] un_furro (Red)
Sat Sep  9 15:45:20 2023 Daddy Yankee (Red) [Headshot] Geeko (Blue)
Sat Sep  9 15:45:21 2023 Cornballs (Blue) [Rifle] Accu (Red)
Sat Sep  9 15:45:21 2023 RemuS (Red) [SMG] elpatagonias (Blue)
Sat Sep  9 15:45:23 2023 Daddy Yankee (Red) [Headshot] Hawkan (Blue)
Sat Sep  9 15:45:24 2023 Player Geeko has left
Sat Sep  9 15:45:24 2023 Daddy Yankee (Red) [Headshot] Cornballs (Blue)
Sat Sep  9 15:45:26 2023 Nacho (Blue) [Headshot] Daddy Yankee (Red)
Sat Sep  9 15:45:27 2023 Y.O.B.A. (Red) [Headshot] boop (Blue)
Sat Sep  9 15:45:29 2023 ara (Red) [Headshot] Nacho (Blue)
Sat Sep  9 15:45:32 2023  If you believe a player is breaking the rules, please let us know with /ADMIN
Sat Sep  9 15:45:33 2023 ara (Red) [Headshot] Cornballs (Blue)
Sat Sep  9 15:45:36 2023 [Global] Cornballs (Blue): FOK
Sat Sep  9 15:45:37 2023 METODMAN picked up Blue's Intel.
Sat Sep  9 15:45:38 2023 METODMAN dropped Blue's Intel
Sat Sep  9 15:45:38 2023 NeymarJr (Blue) [SMG] METODMAN (Red)
Sat Sep  9 15:45:39 2023 elpatagonias (Blue) [Fall]
Sat Sep  9 15:45:41 2023 un_furro (Red) [Shotgun] wiki (Blue)
Sat Sep  9 15:45:45 2023 daniel (Blue) [Headshot] lurpir (Red)
Sat Sep  9 15:45:45 2023 RemuS (Red) [Headshot] daniel (Blue)
Sat Sep  9 15:45:47 2023 boop (Blue) [Headshot] un_furro (Red)
Sat Sep  9 15:45:49 2023 ara (Red) [Headshot] boop (Blue)
Sat Sep  9 15:45:50 2023 [Global] elpatagonias (Blue): balance
Sat Sep  9 15:45:50 2023 crisp joined Blue team
Sat Sep  9 15:45:53 2023 un_furro (Red) [Weapon Change]
Sat Sep  9 15:45:53 2023 Daddy Yankee (Red) [Headshot] NeymarJr (Blue)
Sat Sep  9 15:45:54 2023 You must be closer to the enemy's base to shoot blocks!
Sat Sep  9 15:45:54 2023 Accu (Red) [Headshot] Nacho (Blue)
Sat Sep  9 15:45:55 2023 Daddy Yankee picked up Blue's Intel.
Sat Sep  9 15:45:56 2023 [Global] Cornballs (Blue): i have large, asymmetrical buttocks
Sat Sep  9 15:45:57 2023 Accu (Red) [Headshot] Hawkan (Blue)
Sat Sep  9 15:45:58 2023 T-1000 (Blue) [Headshot] Noaa (Red)
Sat Sep  9 15:46:01 2023 Accu (Red) [Headshot] wiki (Blue)
Sat Sep  9 15:46:02 2023  Mahalo for playing aloha.pk tower of babel
Sat Sep  9 15:46:04 2023 crisp (Blue) [Team Change]
Sat Sep  9 15:46:06 2023 Cornballs (Blue) [Headshot] ScrapHeap (Red)
Sat Sep  9 15:46:11 2023 lurpir (Red) [Fall]
Sat Sep  9 15:46:11 2023 Daddy Yankee captured Blue's Intel.
Sat Sep  9 15:46:12 2023 crisp joined Red team
Sat Sep  9 15:46:12 2023 boop (Blue) [Headshot] ara (Red)
Sat Sep  9 15:46:13 2023 elpatagonias (Blue) [SMG] Harry (Red)
Sat Sep  9 15:46:13 2023 Accu (Red) [Rifle] Hawkan (Blue)
Sat Sep  9 15:46:14 2023 Accu (Red) [Headshot] boop (Blue)
Sat Sep  9 15:46:14 2023 un_furro (Red) [Grenade] T-1000 (Blue)
Sat Sep  9 15:46:19 2023 Daddy Yankee (Red) [Headshot] Cornballs (Blue)
Sat Sep  9 15:46:20 2023 Accu (Red) [Headshot] Nacho (Blue)
Sat Sep  9 15:46:20 2023 wiki (Blue) [Fall]
Sat Sep  9 15:46:22 2023 Accu (Red) [Headshot] elpatagonias (Blue)
Sat Sep  9 15:46:24 2023 METODMAN (Red) [Rifle] daniel (Blue)
Sat Sep  9 15:46:25 2023 Player daniel has left
Sat Sep  9 15:46:27 2023 Accu (Red) [Headshot] Hawkan (Blue)
Sat Sep  9 15:46:28 2023 Accu (Red) [Headshot] NeymarJr (Blue)
Sat Sep  9 15:46:30 2023 crisp picked up Blue's Intel.
Sat Sep  9 15:46:32 2023  Build a tower to get the enemy's intel. Take it to your team's tent to win!
Sat Sep  9 15:46:40 2023 ScrapHeap (Red) [Fall]
Sat Sep  9 15:46:42 2023 Nacho (Blue) [Headshot] Accu (Red)
Sat Sep  9 15:46:43 2023 ara (Red) [Headshot] boop (Blue)
Sat Sep  9 15:46:43 2023 doxylamine. joined Blue team
Sat Sep  9 15:46:44 2023 Hawkan (Blue) [Headshot] ara (Red)
Sat Sep  9 15:46:44 2023 METODMAN (Red) [Headshot] Hawkan (Blue)
Sat Sep  9 15:46:46 2023 METODMAN (Red) [Headshot] NeymarJr (Blue)
Sat Sep  9 15:46:46 2023 crisp captured Blue's Intel.
Sat Sep  9 15:46:48 2023 elpatagonias (Blue) [SMG] un_furro (Red)
Sat Sep  9 15:46:48 2023 Daddy Yankee (Red) [Headshot] Nacho (Blue)
Sat Sep  9 15:46:49 2023 wiki (Blue) [Headshot] RemuS (Red)
Sat Sep  9 15:46:52 2023 Y.O.B.A. (Red) [Grenade]
Sat Sep  9 15:46:54 2023 lackOFvitamins joined Blue team
Sat Sep  9 15:46:55 2023 NeymarJr (Blue) [Headshot] METODMAN (Red)
Sat Sep  9 15:46:55 2023 Cornballs (Blue) [Headshot] ara (Red)
Sat Sep  9 15:46:58 2023 Hawkan (Blue) [Headshot] Daddy Yankee (Red)
Sat Sep  9 15:46:59 2023 elpatagonias (Blue) [Melee] lurpir (Red)
Sat Sep  9 15:46:59 2023 Cornballs (Blue) [Headshot] Accu (Red)
Sat Sep  9 15:47:00 2023 Harry (Red) [Headshot] Hawkan (Blue)
Sat Sep  9 15:47:01 2023 Harry picked up Blue's Intel.
Sat Sep  9 15:47:02 2023  Type /HELP for info & commands
Sat Sep  9 15:47:04 2023 Daddy Yankee (Red) [Headshot] Cornballs (Blue)
Sat Sep  9 15:47:06 2023 [Global] Cornballs (Blue): FOk
Sat Sep  9 15:47:11 2023 T-1000 (Blue) [Headshot] un_furro (Red)
Sat Sep  9 15:47:14 2023 [Global] Cornballs (Blue): squad of red sluts coming left side
Sat Sep  9 15:47:15 2023 T-1000 (Blue) [SMG] ara (Red)
Sat Sep  9 15:47:15 2023 [Global] lackOFvitamins (Blue): why is this map so F stupid
Sat Sep  9 15:47:17 2023 Harry captured Blue's Intel.
Sat Sep  9 15:47:19 2023 Accu (Red) [Rifle] wiki (Blue)
Sat Sep  9 15:47:22 2023 Hawkan (Blue) [Headshot] crisp (Red)
Sat Sep  9 15:47:22 2023 [Global] doxylamine. (Blue): red sucks
Sat Sep  9 15:47:27 2023 Hawkan (Blue) [Headshot] Accu (Red)
Sat Sep  9 15:47:28 2023 Y.O.B.A. (Red) [Headshot] Nacho (Blue)
Sat Sep  9 15:47:29 2023 Daddy Yankee (Red) [Headshot] Hawkan (Blue)
Sat Sep  9 15:47:30 2023 Daddy Yankee (Red) [Headshot] doxylamine. (Blue)
Sat Sep  9 15:47:31 2023 [Global] lackOFvitamins (Blue): commies
Sat Sep  9 15:47:32 2023  Visit our community forums at https://aloha.pk/
Sat Sep  9 15:47:33 2023 Harry (Red) [Headshot] T-1000 (Blue)
Sat Sep  9 15:47:34 2023 METODMAN (Red) [Headshot] boop (Blue)
Sat Sep  9 15:47:38 2023 lurpir (Red) [Headshot] NeymarJr (Blue)
Sat Sep  9 15:47:40 2023 lurpir (Red) [Headshot] wiki (Blue)
Sat Sep  9 15:47:40 2023 crisp picked up Blue's Intel.
Sat Sep  9 15:47:46 2023 Y.O.B.A. (Red) [Headshot] Cornballs (Blue)
Sat Sep  9 15:47:46 2023 METODMAN (Red) [Headshot] lackOFvitamins (Blue)
Sat Sep  9 15:47:48 2023 [Global] lackOFvitamins (Blue): nonono
Sat Sep  9 15:47:52 2023 METODMAN (Red) [Headshot] doxylamine. (Blue)
Sat Sep  9 15:47:53 2023 Harry (Red) [Headshot] Nacho (Blue)
Sat Sep  9 15:47:56 2023 METODMAN (Red) [Headshot] Hawkan (Blue)
Sat Sep  9 15:47:56 2023 crisp captured Blue's Intel.
Sat Sep  9 15:47:57 2023 RemuS (Red) [Headshot] lackOFvitamins (Blue)
Sat Sep  9 15:47:59 2023 METODMAN (Red) [Headshot] wiki (Blue)
Sat Sep  9 15:48:00 2023 boop (Blue) [Headshot] RemuS (Red)
Sat Sep  9 15:48:02 2023  Come chat with us at https://discord.aloha.pk/
Sat Sep  9 15:48:04 2023 Nacho (Blue) [Headshot] lurpir (Red)
Sat Sep  9 15:48:04 2023 Accu (Red) [Headshot] boop (Blue)
Sat Sep  9 15:48:04 2023 Harry picked up Blue's Intel.
Sat Sep  9 15:48:06 2023 Accu (Red) [Headshot] wiki (Blue)
Sat Sep  9 15:48:06 2023 T-1000 (Blue) [SMG] un_furro (Red)
Sat Sep  9 15:48:07 2023 Accu (Red) [Headshot] Hawkan (Blue)
Sat Sep  9 15:48:07 2023 METODMAN (Red) [Headshot] doxylamine. (Blue)
Sat Sep  9 15:48:07 2023 elpatagonias (Blue) [SMG] ScrapHeap (Red)
Sat Sep  9 15:48:07 2023 Harry (Red) [Headshot] Nacho (Blue)
Sat Sep  9 15:48:11 2023 elpatagonias (Blue) [Headshot] ara (Red)
Sat Sep  9 15:48:11 2023 Cornballs (Blue) [Headshot] Y.O.B.A. (Red)
Sat Sep  9 15:48:12 2023 me joined Blue team
Sat Sep  9 15:48:17 2023 Accu (Red) [Headshot] Nacho (Blue)
Sat Sep  9 15:48:19 2023 Y.O.B.A. (Red) [SMG] T-1000 (Blue)
Sat Sep  9 15:48:20 2023 crisp (Red) [Rifle] elpatagonias (Blue)
Sat Sep  9 15:48:24 2023 Harry captured Blue's Intel.
Sat Sep  9 15:48:24 2023  With 1562 blocks placed, Noaa is granted the right to unleash the apocalypse.
Sat Sep  9 15:48:24 2023 Cornballs (Blue) [Headshot] Y.O.B.A. (Red)
Sat Sep  9 15:48:26 2023 Cornballs (Blue) [Headshot] un_furro (Red)
Sat Sep  9 15:48:27 2023 ScrapHeap picked up Blue's Intel.
Sat Sep  9 15:48:27 2023 Cornballs (Blue) [Headshot] lurpir (Red)
Sat Sep  9 15:48:32 2023  If you believe a player is breaking the rules, please let us know with /ADMIN
Sat Sep  9 15:48:33 2023 Daddy Yankee (Red) [Headshot] Cornballs (Blue)
Sat Sep  9 15:48:34 2023 Nacho (Blue) [Headshot] Accu (Red)
Sat Sep  9 15:48:35 2023 [Global] Cornballs (Blue): hac
Sat Sep  9 15:48:37 2023 doxylamine. (Blue) [Headshot] METODMAN (Red)
Sat Sep  9 15:48:39 2023 Daddy Yankee (Red) [Headshot] wiki (Blue)
Sat Sep  9 15:48:41 2023 ara (Red) [Headshot] Nacho (Blue)
Sat Sep  9 15:48:41 2023 [Global] doxylamine. (Blue): no u
Sat Sep  9 15:48:42 2023 ScrapHeap captured Blue's Intel.
Sat Sep  9 15:48:43 2023 Blockhead joined Blue team
Sat Sep  9 15:48:47 2023 Daddy Yankee (Red) [Melee] elpatagonias (Blue)
Sat Sep  9 15:48:48 2023 ara picked up Blue's Intel.
Sat Sep  9 15:48:48 2023 ara dropped Blue's Intel
Sat Sep  9 15:48:48 2023 Hawkan (Blue) [Headshot] ara (Red)
Sat Sep  9 15:48:51 2023 [Global] ara (Red): BAD
Sat Sep  9 15:48:53 2023 RemuS (Red) [Headshot] Cornballs (Blue)
Sat Sep  9 15:48:56 2023 Harry (Red) [Rifle] boop (Blue)
Sat Sep  9 15:48:57 2023 [Global] Cornballs (Blue): FOK AND FOK
Sat Sep  9 15:48:57 2023 RemuS (Red) [SMG] Blockhead (Blue)
Sat Sep  9 15:48:58 2023 T-1000 (Blue) [SMG] Harry (Red)
Sat Sep  9 15:49:00 2023 T-1000 (Blue) [SMG] crisp (Red)
Sat Sep  9 15:49:02 2023  Mahalo for playing aloha.pk tower of babel
Sat Sep  9 15:49:03 2023 wiki (Blue) [Headshot] Daddy Yankee (Red)
Sat Sep  9 15:49:04 2023 Accu (Red) [Headshot] T-1000 (Blue)
Sat Sep  9 15:49:06 2023 elpatagonias (Blue) [Fall]
Sat Sep  9 15:49:07 2023 wiki (Blue) [Rifle] RemuS (Red)
Sat Sep  9 15:49:14 2023 You must be closer to the enemy's base to shoot blocks!
Sat Sep  9 15:49:15 2023 wiki (Blue) [Headshot] Harry (Red)
Sat Sep  9 15:49:15 2023 Accu (Red) [Headshot] Nacho (Blue)
Sat Sep  9 15:49:16 2023 Accu (Red) [Headshot] Hawkan (Blue)
Sat Sep  9 15:49:20 2023 lurpir (Red) [Fall]
Sat Sep  9 15:49:22 2023 Accu (Red) [Headshot] wiki (Blue)
Sat Sep  9 15:49:24 2023 Y.O.B.A. (Red) [Headshot] Cornballs (Blue)
Sat Sep  9 15:49:30 2023 Accu (Red) [Headshot] boop (Blue)
Sat Sep  9 15:49:31 2023 crisp picked up Blue's Intel.
Sat Sep  9 15:49:32 2023 crisp dropped Blue's Intel
Sat Sep  9 15:49:32 2023 me (Blue) [Headshot] crisp (Red)
Sat Sep  9 15:49:32 2023  Build a tower to get the enemy's intel. Take it to your team's tent to win!
Sat Sep  9 15:49:33 2023 Nacho (Blue) [SMG] ara (Red)
Sat Sep  9 15:49:35 2023 Blockhead (Blue) [Headshot] METODMAN (Red)
Sat Sep  9 15:49:36 2023 [Team] Y.O.B.A. (Red): do apoc please
Sat Sep  9 15:49:36 2023 Accu (Red) [Headshot] me (Blue)
Sat Sep  9 15:49:37 2023 METODMAN (Red) [Grenade] wiki (Blue)
Sat Sep  9 15:49:38 2023 Accu (Red) [Headshot] Nacho (Blue)
Sat Sep  9 15:49:41 2023 Daddy Yankee (Red) [Headshot] Hawkan (Blue)
Sat Sep  9 15:49:44 2023 T-1000 (Blue) [Headshot] un_furro (Red)
Sat Sep  9 15:49:45 2023 Accu (Red) [Headshot] Cornballs (Blue)
Sat Sep  9 15:49:47 2023 [Global] Cornballs (Blue): fokku
Sat Sep  9 15:49:50 2023 ara (Red) [Headshot] T-1000 (Blue)
Sat Sep  9 15:49:51 2023 Accu (Red) [Headshot] wiki (Blue)
Sat Sep  9 15:49:51 2023 Harry picked up Blue's Intel.
Sat Sep  9 15:49:52 2023 Accu (Red) [Headshot] Hawkan (Blue)
Sat Sep  9 15:49:53 2023 Accu (Red) [Headshot] Cornballs (Blue)
Sat Sep  9 15:49:55 2023 Nacho (Blue) [SMG] Accu (Red)
Sat Sep  9 15:49:57 2023 Daddy Yankee (Red) [Headshot] Nacho (Blue)
Sat Sep  9 15:49:58 2023 [Global] Cornballs (Blue): fokkkkkku
Sat Sep  9 15:50:02 2023  Type /HELP for info & commands
Sat Sep  9 15:50:05 2023 boop (Blue) [Headshot] un_furro (Red)
Sat Sep  9 15:50:08 2023 Harry captured Blue's Intel.
Sat Sep  9 15:50:10 2023 Daddy Yankee (Red) [Headshot] T-1000 (Blue)
Sat Sep  9 15:50:10 2023 [Global] me (Blue): aaaaaaaaaaaaaaaaa
Sat Sep  9 15:50:11 2023 Nacho (Blue) [Headshot] crisp (Red)
Sat Sep  9 15:50:13 2023 Daddy Yankee (Red) [Headshot] wiki (Blue)
Sat Sep  9 15:50:13 2023 METODMAN (Red) [Headshot] Hawkan (Blue)
Sat Sep  9 15:50:15 2023 Blockhead (Blue) [Fall]
Sat Sep  9 15:50:16 2023 METODMAN (Red) [Headshot] Nacho (Blue)
Sat Sep  9 15:50:19 2023 Daddy Yankee (Red) [Headshot] me (Blue)
Sat Sep  9 15:50:20 2023 boop (Blue) [Rifle]
Sat Sep  9 15:50:22 2023 [Global] elpatagonias (Blue): neymar
Sat Sep  9 15:50:23 2023 Cornballs (Blue) [Headshot] ara (Red)
Sat Sep  9 15:50:26 2023 Daddy Yankee (Red) [Headshot] Cornballs (Blue)
Sat Sep  9 15:50:29 2023 [Global] Cornballs (Blue): FOKKKKKKKKKKKKKKKKK
Sat Sep  9 15:50:30 2023 Daddy Yankee (Red) [Headshot] Hawkan (Blue)
Sat Sep  9 15:50:31 2023 crisp picked up Blue's Intel.
Sat Sep  9 15:50:32 2023  Visit our community forums at https://aloha.pk/
Sat Sep  9 15:50:33 2023 METODMAN (Red) [Headshot] lackOFvitamins (Blue)
Sat Sep  9 15:50:35 2023 me (Blue) [Headshot] Harry (Red)
Sat Sep  9 15:50:36 2023 METODMAN (Red) [Rifle] doxylamine. (Blue)
Sat Sep  9 15:50:38 2023 boop (Blue) [Headshot] Daddy Yankee (Red)
Sat Sep  9 15:50:38 2023 Accu (Red) [Headshot] me (Blue)
Sat Sep  9 15:50:41 2023 lackOFvitamins (Blue) [Headshot] METODMAN (Red)
Sat Sep  9 15:50:44 2023 lurpir (Red) [Rifle] elpatagonias (Blue)
Sat Sep  9 15:50:45 2023 wiki (Blue) [Headshot] Accu (Red)
Sat Sep  9 15:50:46 2023 crisp captured Blue's Intel.
Sat Sep  9 15:50:51 2023 ara picked up Blue's Intel.
Sat Sep  9 15:50:52 2023 wiki (Blue) [Rifle] Noaa (Red)
Sat Sep  9 15:50:52 2023 NeymarJr (Blue) [Headshot] lurpir (Red)
Sat Sep  9 15:50:54 2023 Daddy Yankee (Red) [Headshot] Blockhead (Blue)
Sat Sep  9 15:50:55 2023 Harry (Red) [Rifle] wiki (Blue)
Sat Sep  9 15:50:59 2023 Daddy Yankee (Red) [Headshot] Cornballs (Blue)
Sat Sep  9 15:51:01 2023 me (Blue) [Headshot] ScrapHeap (Red)
Sat Sep  9 15:51:02 2023 Hawkan (Blue) [Headshot] un_furro (Red)
Sat Sep  9 15:51:02 2023 [Global] Cornballs (Blue): wow slut
Sat Sep  9 15:51:02 2023  Come chat with us at https://discord.aloha.pk/
Sat Sep  9 15:51:06 2023 ara captured Blue's Intel.
Sat Sep  9 15:51:07 2023 Accu (Red) [Headshot] Hawkan (Blue)
Sat Sep  9 15:51:08 2023 Harry (Red) [Headshot] boop (Blue)
Sat Sep  9 15:51:09 2023 me (Blue) [Headshot] Harry (Red)
Sat Sep  9 15:51:09 2023 doxylamine. (Blue) [Fall]
Sat Sep  9 15:51:12 2023 crisp picked up Blue's Intel.
Sat Sep  9 15:51:12 2023 Accu (Red) [Headshot] Cornballs (Blue)
Sat Sep  9 15:51:13 2023 crisp dropped Blue's Intel
Sat Sep  9 15:51:13 2023 me (Blue) [Headshot] crisp (Red)
Sat Sep  9 15:51:14 2023 [Global] Noaa (Red): nice work scrap heap we made the stair dummy thicc with the power of teamwork
Sat Sep  9 15:51:14 2023 Y.O.B.A. (Red) [Headshot] lackOFvitamins (Blue)
Sat Sep  9 15:51:14 2023 [Global] Cornballs (Blue): omg
Sat Sep  9 15:51:18 2023 Nacho (Blue) [Headshot] Accu (Red)
Sat Sep  9 15:51:22 2023 ara picked up Blue's Intel.
Sat Sep  9 15:51:22 2023 [Global] ScrapHeap (Red): :)
Sat Sep  9 15:51:23 2023 wiki (Blue) [Headshot] Daddy Yankee (Red)
Sat Sep  9 15:51:26 2023 ara dropped Blue's Intel
Sat Sep  9 15:51:26 2023 wiki (Blue) [Headshot] ara (Red)
Sat Sep  9 15:51:26 2023 Harry (Red) [Rifle] wiki (Blue)
Sat Sep  9 15:51:28 2023 lackOFvitamins (Blue) [Shotgun] METODMAN (Red)
Sat Sep  9 15:51:30 2023 Harry picked up Blue's Intel.
Sat Sep  9 15:51:32 2023  If you believe a player is breaking the rules, please let us know with /ADMIN
Sat Sep  9 15:51:32 2023 Harry dropped Blue's Intel
Sat Sep  9 15:51:32 2023  The intel has returned to the heavens
Sat Sep  9 15:51:32 2023 me (Blue) [Headshot] Harry (Red)
Sat Sep  9 15:51:33 2023 Nacho (Blue) [Headshot] crisp (Red)
Sat Sep  9 15:51:34 2023 Noaa (Red) [SMG] me (Blue)
Sat Sep  9 15:51:37 2023 elpatagonias (Blue) [SMG] Noaa (Red)
Sat Sep  9 15:51:38 2023 Daddy Yankee (Red) [Headshot] elpatagonias (Blue)
Sat Sep  9 15:51:39 2023  boop changed next map to TowerDive
Sat Sep  9 15:51:39 2023 [Global] crisp (Red): gg
Sat Sep  9 15:51:40 2023 T-1000 (Blue) [Fall]
Sat Sep  9 15:51:41 2023  Noaa has unleashed an apocalypse from God.
Sat Sep  9 15:51:41 2023 Accu (Red) [Headshot] Nacho (Blue)
Sat Sep  9 15:51:42 2023 lackOFvitamins (Blue) [Shotgun] Y.O.B.A. (Red)
Sat Sep  9 15:51:42 2023 [Global] elpatagonias (Blue): gg
Sat Sep  9 15:51:43 2023  The apocalypse begins in 5
Sat Sep  9 15:51:43 2023 Hawkan (Blue) [Headshot] Daddy Yankee (Red)
Sat Sep  9 15:51:44 2023  The apocalypse begins in 4
Sat Sep  9 15:51:45 2023  The apocalypse begins in 3
Sat Sep  9 15:51:46 2023  The apocalypse begins in 2
Sat Sep  9 15:51:47 2023 boop (Blue) [Headshot] ScrapHeap (Red)
Sat Sep  9 15:51:47 2023  The apocalypse begins in 1
Sat Sep  9 15:51:48 2023 Hawkan (Blue) [Rifle] Harry (Red)
Sat Sep  9 15:51:50 2023 Accu (Red) [Headshot] boop (Blue)
Sat Sep  9 15:51:52 2023 Accu (Red) [Headshot] Hawkan (Blue)
Sat Sep  9 15:51:55 2023 Y.O.B.A. (Red) [SMG] Cornballs (Blue)
Sat Sep  9 15:51:57 2023 Daddy Yankee (Red) [Headshot] me (Blue)
Sat Sep  9 15:51:58 2023 crisp picked up Blue's Intel.
Sat Sep  9 15:52:01 2023  The apocalypse has ended.
Sat Sep  9 15:52:01 2023 me (Blue) [Headshot] ara (Red)
Sat Sep  9 15:52:02 2023 elpatagonias (Blue) [Fall]
Sat Sep  9 15:52:02 2023  Mahalo for playing aloha.pk tower of babel
Sat Sep  9 15:52:05 2023 [Global] Cornballs (Blue): gg
Sat Sep  9 15:52:06 2023 me (Blue) [Headshot] Accu (Red)
Sat Sep  9 15:52:06 2023 wiki (Blue) [Headshot] ScrapHeap (Red)
Sat Sep  9 15:52:07 2023 METODMAN (Red) [Headshot] wiki (Blue)
Sat Sep  9 15:52:08 2023 [Global] Daddy Yankee (Red): GG
Sat Sep  9 15:52:09 2023 NeymarJr (Blue) [Grenade]
Sat Sep  9 15:52:11 2023 boop (Blue) [Headshot] un_furro (Red)
Sat Sep  9 15:52:12 2023 Player NeymarJr has left
Sat Sep  9 15:52:12 2023 Y.O.B.A. (Red) [SMG] Blockhead (Blue)
Sat Sep  9 15:52:13 2023 METODMAN (Red) [Headshot] Cornballs (Blue)
Sat Sep  9 15:52:16 2023 crisp captured Blue's Intel.
Sat Sep  9 15:52:16 2023 Red Wins!
Sat Sep  9 15:52:16 2023  Game finished! Next map: TowerDive.
Sat Sep  9 15:52:17 2023 me (Blue) [Headshot] un_furro (Red)
Sat Sep  9 15:52:18 2023 Daddy Yankee (Red) [Headshot] Nacho (Blue)
Sat Sep  9 15:52:18 2023 Daddy Yankee (Red) [Headshot] me (Blue)
Sat Sep  9 15:52:19 2023 T-1000 (Blue) [SMG] ara (Red)
Sat Sep  9 15:52:19 2023 Daddy Yankee (Red) [Headshot] T-1000 (Blue)
Sat Sep  9 15:52:19 2023 Noaa (Red) [Headshot] lackOFvitamins (Blue)
Sat Sep  9 15:52:19 2023 ScrapHeap (Red) [Headshot] boop (Blue)
Sat Sep  9 15:52:19 2023 ScrapHeap (Red) [Headshot] boop (Blue)
Sat Sep  9 15:52:19 2023 Harry (Red) [Headshot] elpatagonias (Blue)
Sat Sep  9 15:52:19 2023 Daddy Yankee (Red) [Headshot] elpatagonias (Blue)
Sat Sep  9 15:52:19 2023 [Global] Cornballs (Blue): teamw itht he least points wins
Sat Sep  9 15:52:19 2023 lurpir (Red) [Fall]
Sat Sep  9 15:52:19 2023 Player un_furro has left
Sat Sep  9 15:52:20 2023 ScrapHeap (Red) [SMG] Cornballs (Blue)
Sat Sep  9 15:52:20 2023 Daddy Yankee (Red) [Headshot] Cornballs (Blue)
Sat Sep  9 15:52:20 2023 ScrapHeap (Red) [SMG] Cornballs (Blue)
Sat Sep  9 15:52:20 2023 Daddy Yankee (Red) [Headshot] Hawkan (Blue)
Sat Sep  9 15:52:20 2023 Blockhead (Blue) [Fall]
Sat Sep  9 15:52:21 2023 [Global] Accu (Red): gg
Sat Sep  9 15:52:21 2023 wiki (Blue) [Fall]
Sat Sep  9 15:52:21 2023 doxylamine. (Blue) [Fall]
Sat Sep  9 15:52:22 2023 Player ScrapHeap has left
Sat Sep  9 15:52:23 2023 Accu (Red) [Fall]
Sat Sep  9 15:52:23 2023 Player doxylamine. has left
Sat Sep  9 15:52:24 2023 RemuS picked up Blue's Intel.
Sat Sep  9 15:52:25 2023 Noaa (Red) [Fall]
Sat Sep  9 15:52:27 2023 ------ World Unloaded ------
Sat Sep  9 15:52:42 2023 ------ World Loaded ------
Sat Sep  9 15:52:42 2023 lackOFvitamins joined Blue team
Sat Sep  9 15:52:42 2023 Welcome to aloha.pk tower of babel
Sat Sep  9 15:52:43 2023 Map: Tower Dive by ei8htx
Sat Sep  9 15:52:44 2023 wiki joined Blue team
Sat Sep  9 15:52:44 2023 boop joined Red team
Sat Sep  9 15:52:44 2023 RemuS joined Red team
Sat Sep  9 15:52:45 2023 Cornballs joined Blue team
Sat Sep  9 15:52:46 2023 Accu joined Red team
Sat Sep  9 15:52:46 2023 Game mode: Tower of Babel by Yourself, modified by izzy
Sat Sep  9 15:52:46 2023 Hawkan joined Blue team
Sat Sep  9 15:52:46 2023 METODMAN joined Blue team
Sat Sep  9 15:52:47 2023 elpatagonias joined Red team
Sat Sep  9 15:52:48 2023 Build a tower to get the enemy's intel. Take it to your team's tent to win!
Sat Sep  9 15:52:49 2023 [Global] elpatagonias (Red): vamos rojos
Sat Sep  9 15:52:49 2023 Visit our community forums at https://aloha.pk/
Sat Sep  9 15:52:50 2023 crisp joined Blue team
Sat Sep  9 15:52:50 2023 ara joined Red team
Sat Sep  9 15:52:51 2023 Come chat with us at https://discord.aloha.pk/
Sat Sep  9 15:52:52 2023 me joined Blue team
Sat Sep  9 15:52:54 2023 ara (Red) [Headshot] Hawkan (Blue)
Sat Sep  9 15:52:55 2023 ara (Red) [Rifle] lackOFvitamins (Blue)
Sat Sep  9 15:52:55 2023 Accu (Red) [Headshot] me (Blue)
Sat Sep  9 15:52:56 2023 Y.O.B.A. joined Red team
Sat Sep  9 15:52:56 2023 T-1000 joined Blue team
Sat Sep  9 15:52:58 2023 Accu (Red) [Headshot] METODMAN (Blue)
Sat Sep  9 15:52:59 2023 Accu (Red) [Headshot] T-1000 (Blue)
Sat Sep  9 15:53:00 2023 Blockhead joined Spectator team
Sat Sep  9 15:53:02 2023 Accu (Red) [Headshot] lackOFvitamins (Blue)
Sat Sep  9 15:53:02 2023 Harry (Red) [Headshot] me (Blue)
Sat Sep  9 15:53:02 2023  Type /HELP for info & commands
Sat Sep  9 15:53:03 2023 Accu (Red) [Headshot] Hawkan (Blue)
Sat Sep  9 15:53:03 2023 METODMAN (Blue) [Team Change]
Sat Sep  9 15:53:04 2023 ara (Red) [Headshot] wiki (Blue)
Sat Sep  9 15:53:08 2023 [Global] METODMAN (Blue): ACCU IS HACK
Sat Sep  9 15:53:08 2023 doxylamine. joined Red team
Sat Sep  9 15:53:11 2023 [Global] doxylamine. (Red): no u
Sat Sep  9 15:53:11 2023 [Global] wiki (Blue): yes
Sat Sep  9 15:53:11 2023 [Global] lackOFvitamins (Blue): attack
Sat Sep  9 15:53:12 2023 METODMAN joined Red team
Sat Sep  9 15:53:13 2023 ara (Red) [Headshot] lackOFvitamins (Blue)
Sat Sep  9 15:53:13 2023 Accu (Red) [Headshot] wiki (Blue)
Sat Sep  9 15:53:14 2023 Hawkan (Blue) [Headshot] Accu (Red)
Sat Sep  9 15:53:16 2023 lurpir joined Blue team
Sat Sep  9 15:53:17 2023 Harry (Red) [Headshot] Hawkan (Blue)
Sat Sep  9 15:53:19 2023 [Global] Accu (Red): haccu
Sat Sep  9 15:53:19 2023 [Global] lackOFvitamins (Blue): all
Sat Sep  9 15:53:21 2023 [Global] doxylamine. (Red): accu got that skill.exe
Sat Sep  9 15:53:22 2023 luis felipe joined Blue team
Sat Sep  9 15:53:24 2023 You must be closer to the enemy's base to shoot blocks!
Sat Sep  9 15:53:26 2023 [Global] doxylamine. (Red): haccu <3
Sat Sep  9 15:53:27 2023 Daddy Yankee joined Spectator team
Sat Sep  9 15:53:28 2023 Harry (Red) [Headshot] lurpir (Blue)
Sat Sep  9 15:53:30 2023 Gabrielvecks joined Blue team
Sat Sep  9 15:53:30 2023 ara (Red) [Headshot] lackOFvitamins (Blue)
Sat Sep  9 15:53:32 2023 [Global] boop (Red): los pollos hermanos
Sat Sep  9 15:53:32 2023  Visit our community forums at https://aloha.pk/
Sat Sep  9 15:53:33 2023 Accu (Red) [Headshot] me (Blue)
Sat Sep  9 15:53:35 2023 ara (Red) [Headshot] Hawkan (Blue)
Sat Sep  9 15:53:37 2023 ara (Red) [Headshot] T-1000 (Blue)
Sat Sep  9 15:53:37 2023 Hawkan (Blue) [Headshot] ara (Red)
Sat Sep  9 15:53:38 2023 Harry (Red) [Headshot] Gabrielvecks (Blue)
Sat Sep  9 15:53:39 2023 Harry (Red) [Headshot] lurpir (Blue)
Sat Sep  9 15:53:40 2023 luis felipe (Blue) [Headshot] METODMAN (Red)
Sat Sep  9 15:53:41 2023 Accu (Red) [Headshot] luis felipe (Blue)
Sat Sep  9 15:53:41 2023 Accu (Red) [Headshot] lackOFvitamins (Blue)
Sat Sep  9 15:53:41 2023 Harry (Red) [Headshot] Hawkan (Blue)
Sat Sep  9 15:53:43 2023 wiki (Blue) [Headshot] doxylamine. (Red)
Sat Sep  9 15:53:43 2023 Player luis felipe has left
Sat Sep  9 15:53:44 2023 wiki (Blue) [Headshot] Accu (Red)
Sat Sep  9 15:53:46 2023 RemuS (Red) [Headshot] wiki (Blue)
Sat Sep  9 15:53:47 2023 [Global] elpatagonias (Red): hes up to los pollos standards
Sat Sep  9 15:53:52 2023 Harry (Red) [Headshot] lackOFvitamins (Blue)
Sat Sep  9 15:53:53 2023 gigi joined Blue team
Sat Sep  9 15:53:53 2023 Harry (Red) [Headshot] Cornballs (Blue)
Sat Sep  9 15:53:55 2023 Hawkan (Blue) [Headshot] elpatagonias (Red)
Sat Sep  9 15:53:57 2023 Accu (Red) [Headshot] me (Blue)
Sat Sep  9 15:53:57 2023 [Global] boop (Red): aka trading meth?
Sat Sep  9 15:53:59 2023 Accu (Red) [Headshot] Hawkan (Blue)
Sat Sep  9 15:54:00 2023 wiki (Blue) [Headshot] Accu (Red)
Sat Sep  9 15:54:01 2023 METODMAN (Red) [Rifle] lurpir (Blue)
Sat Sep  9 15:54:02 2023  Come chat with us at https://discord.aloha.pk/
Sat Sep  9 15:54:02 2023 ara (Red) [Headshot] wiki (Blue)
Sat Sep  9 15:54:05 2023 boop (Red) [Rifle] Gabrielvecks (Blue)
Sat Sep  9 15:54:05 2023 Hawkan (Blue) [Headshot] METODMAN (Red)
Sat Sep  9 15:54:07 2023 ara (Red) [Headshot] me (Blue)
Sat Sep  9 15:54:07 2023 Harry (Red) [Headshot] lackOFvitamins (Blue)
Sat Sep  9 15:54:11 2023 ara (Red) [Rifle] T-1000 (Blue)
Sat Sep  9 15:54:14 2023 Only 10 more kills in your killstreak until you unlock the apocalypse!
Sat Sep  9 15:54:14 2023 You need 1 intel capture(s) to unlock the apocalypse!
Sat Sep  9 15:54:14 2023 Harry (Red) [Headshot] Gabrielvecks (Blue)
Sat Sep  9 15:54:16 2023 Hawkan (Blue) [Headshot] Accu (Red)
Sat Sep  9 15:54:16 2023 emiliano joined Red team
Sat Sep  9 15:54:18 2023 boop (Red) [Headshot] lackOFvitamins (Blue)
Sat Sep  9 15:54:18 2023 ara (Red) [Headshot] me (Blue)
Sat Sep  9 15:54:19 2023 Harry (Red) [Rifle] wiki (Blue)
Sat Sep  9 15:54:20 2023 METODMAN (Red) [Headshot] Hawkan (Blue)
Sat Sep  9 15:54:22 2023 METODMAN (Red) [Headshot] T-1000 (Blue)
Sat Sep  9 15:54:25 2023 me (Blue) [Headshot] RemuS (Red)
Sat Sep  9 15:54:26 2023 METODMAN (Red) [Headshot] wiki (Blue)
Sat Sep  9 15:54:28 2023 me (Blue) [Headshot] boop (Red)
Sat Sep  9 15:54:29 2023 me (Blue) [Headshot] Accu (Red)
Sat Sep  9 15:54:31 2023 Gabrielvecks (Blue) [Headshot] Harry (Red)
Sat Sep  9 15:54:32 2023  If you believe a player is breaking the rules, please let us know with /ADMIN
Sat Sep  9 15:54:37 2023 Gabrielvecks (Blue) [Headshot] ara (Red)
Sat Sep  9 15:54:37 2023 me (Blue) [Headshot] METODMAN (Red)
Sat Sep  9 15:54:40 2023 doxylamine. (Red) [Headshot] T-1000 (Blue)
Sat Sep  9 15:54:43 2023 Accu (Red) [Rifle] lackOFvitamins (Blue)
Sat Sep  9 15:54:46 2023 Blockhead joined Blue team
Sat Sep  9 15:54:49 2023 me (Blue) [Headshot] emiliano (Red)
Sat Sep  9 15:54:50 2023 Accu (Red) [Headshot] me (Blue)
Sat Sep  9 15:54:51 2023 Harry (Red) [Headshot] Cornballs (Blue)
Sat Sep  9 15:54:53 2023 [Global] Cornballs (Blue): hax
Sat Sep  9 15:54:54 2023 Hawkan (Blue) [Headshot] Accu (Red)
Sat Sep  9 15:54:56 2023 [Global] doxylamine. (Red): no u
Sat Sep  9 15:54:58 2023 [Global] Cornballs (Blue): no me
Sat Sep  9 15:54:59 2023 METODMAN (Red) [Rifle] lackOFvitamins (Blue)
Sat Sep  9 15:55:00 2023 wiki (Blue) [Headshot] Harry (Red)
Sat Sep  9 15:55:02 2023  Mahalo for playing aloha.pk tower of babel
Sat Sep  9 15:55:02 2023 [Global] doxylamine. (Red): bruhg
Sat Sep  9 15:55:03 2023 [Global] lurpir (Blue): help
Sat Sep  9 15:55:03 2023 RemuS (Red) [Fall]
Sat Sep  9 15:55:03 2023 ara (Red) [Headshot] lackOFvitamins (Blue)
Sat Sep  9 15:55:04 2023 Hawkan (Blue) [Headshot] emiliano (Red)
Sat Sep  9 15:55:05 2023 luis felipe joined Red team
Sat Sep  9 15:55:05 2023 boop (Red) [Rifle] Hawkan (Blue)
Sat Sep  9 15:55:07 2023 ara (Red) [Headshot] me (Blue)
Sat Sep  9 15:55:07 2023 ara (Red) [Headshot] Cornballs (Blue)
Sat Sep  9 15:55:08 2023 [Global] doxylamine. (Red): how did you type it that fast
Sat Sep  9 15:55:11 2023 ara (Red) [Headshot] lurpir (Blue)
Sat Sep  9 15:55:11 2023 wiki (Blue) [Headshot] METODMAN (Red)
Sat Sep  9 15:55:12 2023 Player emiliano has left
Sat Sep  9 15:55:13 2023 doxylamine. (Red) [SMG] T-1000 (Blue)
Sat Sep  9 15:55:15 2023 ara (Red) [Melee] wiki (Blue)
Sat Sep  9 15:55:17 2023 Gabrielvecks (Blue) [Headshot] Accu (Red)
Sat Sep  9 15:55:19 2023 ara (Red) [Headshot] Cornballs (Blue)
Sat Sep  9 15:55:21 2023 boop (Red) [Headshot] gigi (Blue)
Sat Sep  9 15:55:22 2023 Gabrielvecks (Blue) [Headshot] elpatagonias (Red)
Sat Sep  9 15:55:26 2023 [Team] elpatagonias (Red): sides
Sat Sep  9 15:55:26 2023 lackOFvitamins (Blue) [Headshot] luis felipe (Red)
Sat Sep  9 15:55:27 2023 Harry (Red) [Headshot] gigi (Blue)
Sat Sep  9 15:55:28 2023 Gabrielvecks (Blue) [Headshot] METODMAN (Red)
Sat Sep  9 15:55:28 2023 ara (Red) [Headshot] me (Blue)
Sat Sep  9 15:55:30 2023 doxylamine. (Red) [Headshot] lackOFvitamins (Blue)
Sat Sep  9 15:55:32 2023 [Global] doxylamine. (Red): lol
Sat Sep  9 15:55:32 2023  Build a tower to get the enemy's intel. Take it to your team's tent to win!
Sat Sep  9 15:55:34 2023 ara (Red) [Headshot] T-1000 (Blue)
Sat Sep  9 15:55:36 2023 gigi joined Red team
Sat Sep  9 15:55:37 2023 [Team] METODMAN (Red): RIGHT
Sat Sep  9 15:55:37 2023 Gabrielvecks (Blue) [Headshot] Accu (Red)
Sat Sep  9 15:55:38 2023 ara (Red) [Headshot] Blockhead (Blue)
Sat Sep  9 15:55:40 2023 ara (Red) [Rifle] Cornballs (Blue)
Sat Sep  9 15:55:42 2023 Harry (Red) [Headshot] Gabrielvecks (Blue)
Sat Sep  9 15:55:42 2023 ara (Red) [Headshot] lurpir (Blue)
Sat Sep  9 15:55:42 2023 [Global] Cornballs (Blue): hax
Sat Sep  9 15:55:43 2023 wiki (Blue) [Headshot] boop (Red)
Sat Sep  9 15:55:43 2023 [Team] Accu (Red): right flank
Sat Sep  9 15:55:44 2023 Harry (Red) [Headshot] lackOFvitamins (Blue)
Sat Sep  9 15:55:49 2023 [Global] doxylamine. (Red): no u8
Sat Sep  9 15:55:49 2023 [Global] Cornballs (Blue): no u
Sat Sep  9 15:55:51 2023 [Global] doxylamine. (Red): fuck u
Sat Sep  9 15:55:52 2023 [Global] doxylamine. (Red): no u
Sat Sep  9 15:55:52 2023 ara (Red) [Headshot] crisp (Blue)
Sat Sep  9 15:55:52 2023 Hawkan (Blue) [Headshot] METODMAN (Red)
Sat Sep  9 15:55:54 2023 [Global] lurpir (Blue): como troc a arma ?
Sat Sep  9 15:55:55 2023 luis felipe (Red) [Headshot] wiki (Blue)
Sat Sep  9 15:55:55 2023 ara (Red) [Headshot] Cornballs (Blue)
Sat Sep  9 15:55:56 2023 [Global] doxylamine. (Red): no u
Sat Sep  9 15:55:57 2023 Accu (Red) [Headshot] T-1000 (Blue)
Sat Sep  9 15:55:58 2023 Hawkan (Blue) [Headshot] luis felipe (Red)
Sat Sep  9 15:55:59 2023 Harry (Red) [Headshot] Hawkan (Blue)
Sat Sep  9 15:56:02 2023 Harry (Red) [Headshot] lackOFvitamins (Blue)
Sat Sep  9 15:56:02 2023  Type /HELP for info & commands
Sat Sep  9 15:56:03 2023 ara (Red) [Headshot] Blockhead (Blue)
Sat Sep  9 15:56:06 2023 ara (Red) [Headshot] lurpir (Blue)
Sat Sep  9 15:56:08 2023 ara (Red) [Headshot] T-1000 (Blue)
Sat Sep  9 15:56:11 2023 [Global] doxylamine. (Red): hax
Sat Sep  9 15:56:13 2023 wiki (Blue) [Headshot] luis felipe (Red)
Sat Sep  9 15:56:13 2023 Accu (Red) [Headshot] Gabrielvecks (Blue)
Sat Sep  9 15:56:15 2023 Player T-1000 has left
Sat Sep  9 15:56:15 2023 ara (Red) [Rifle] crisp (Blue)
Sat Sep  9 15:56:17 2023 boop (Red) [Rifle] lackOFvitamins (Blue)
Sat Sep  9 15:56:17 2023 Harry (Red) [Headshot] wiki (Blue)
Sat Sep  9 15:56:18 2023 ara (Red) [Headshot] Cornballs (Blue)
Sat Sep  9 15:56:19 2023 Accu (Red) [Headshot] Hawkan (Blue)
Sat Sep  9 15:56:25 2023 ara (Red) [Headshot] wiki (Blue)
Sat Sep  9 15:56:27 2023 crisp (Blue) [Team Change]
Sat Sep  9 15:56:29 2023 Harry (Red) [Headshot] Hawkan (Blue)
Sat Sep  9 15:56:31 2023 lackOFvitamins (Blue) [Headshot] luis felipe (Red)
Sat Sep  9 15:56:31 2023 Harry (Red) [Headshot] lackOFvitamins (Blue)
Sat Sep  9 15:56:32 2023  Visit our community forums at https://aloha.pk/
Sat Sep  9 15:56:32 2023 Accu (Red) [Headshot] me (Blue)
Sat Sep  9 15:56:33 2023 ara (Red) [Headshot] Blockhead (Blue)
Sat Sep  9 15:56:33 2023 Player Daddy Yankee has left
Sat Sep  9 15:56:33 2023 Accu (Red) [Headshot] lurpir (Blue)
Sat Sep  9 15:56:35 2023 ara (Red) [Headshot] Gabrielvecks (Blue)
Sat Sep  9 15:56:36 2023 crisp joined Spectator team
Sat Sep  9 15:56:37 2023 Harry (Red) [Headshot] lackOFvitamins (Blue)
Sat Sep  9 15:56:39 2023 Accu (Red) [Headshot] Blockhead (Blue)
Sat Sep  9 15:56:40 2023 METODMAN (Red) [Headshot] lurpir (Blue)
Sat Sep  9 15:56:40 2023 Hawkan (Blue) [Headshot] Harry (Red)
Sat Sep  9 15:56:41 2023 ara (Red) [Headshot] me (Blue)
Sat Sep  9 15:56:44 2023 xd joined Blue team
Sat Sep  9 15:56:44 2023 Gabrielvecks (Blue) [Headshot] METODMAN (Red)
Sat Sep  9 15:56:48 2023 elpatagonias (Red) [Fall]
Sat Sep  9 15:56:49 2023 ara (Red) [Headshot] Gabrielvecks (Blue)
Sat Sep  9 15:56:50 2023 wiki (Blue) [Rifle] ara (Red)
Sat Sep  9 15:56:53 2023 Hawkan (Blue) [Headshot] Accu (Red)
Sat Sep  9 15:56:58 2023 wiki (Blue) [Headshot] luis felipe (Red)
Sat Sep  9 15:56:59 2023 METODMAN (Red) [Headshot] lackOFvitamins (Blue)
Sat Sep  9 15:57:01 2023 crisp joined Blue team
Sat Sep  9 15:57:01 2023 Harry (Red) [Headshot] Hawkan (Blue)
Sat Sep  9 15:57:01 2023 METODMAN (Red) [Headshot] xd (Blue)
Sat Sep  9 15:57:02 2023  Come chat with us at https://discord.aloha.pk/
Sat Sep  9 15:57:04 2023 METODMAN (Red) [Headshot] lackOFvitamins (Blue)
Sat Sep  9 15:57:06 2023 Gabrielvecks (Blue) [Headshot] Harry (Red)
Sat Sep  9 15:57:09 2023  Cornballs has a kill-death ratio of 0.43 (10 kills, 23 deaths, 0.80 kills per minute).
Sat Sep  9 15:57:09 2023  doxylamine. started a VOTEKICK against Cornballs. Say /Y to agree
Sat Sep  9 15:57:09 2023  Reason: hax
Sat Sep  9 15:57:11 2023  Votekick for Cornballs has ended. Cancelled
Sat Sep  9 15:57:12 2023 wiki (Blue) [Headshot] luis felipe (Red)
Sat Sep  9 15:57:13 2023 Accu (Red) [Headshot] Hawkan (Blue)
Sat Sep  9 15:57:13 2023 I_NoScoped_JFK joined Red team
Sat Sep  9 15:57:13 2023 wiki (Blue) [Headshot] ara (Red)
Sat Sep  9 15:57:18 2023 Accu (Red) [Headshot] lackOFvitamins (Blue)
Sat Sep  9 15:57:21 2023 wiki (Blue) [Headshot] I_NoScoped_JFK (Red)
Sat Sep  9 15:57:25 2023 wiki (Blue) [Headshot] boop (Red)
Sat Sep  9 15:57:26 2023 METODMAN (Red) [Headshot] Blockhead (Blue)
Sat Sep  9 15:57:27 2023 wiki (Blue) [Headshot] I_NoScoped_JFK (Red)
Sat Sep  9 15:57:27 2023 Hawkan (Blue) [Headshot] elpatagonias (Red)
Sat Sep  9 15:57:29 2023 [Team] elpatagonias (Red): LEFT
Sat Sep  9 15:57:30 2023 Harry (Red) [Headshot] Cornballs (Blue)
Sat Sep  9 15:57:31 2023 Accu (Red) [Headshot] Gabrielvecks (Blue)
Sat Sep  9 15:57:32 2023  If you believe a player is breaking the rules, please let us know with /ADMIN
Sat Sep  9 15:57:32 2023 [Team] elpatagonias (Red): island
Sat Sep  9 15:57:34 2023 [Global] Cornballs (Blue): ``FOKKKK
Sat Sep  9 15:57:35 2023 Harry (Red) [Headshot] lackOFvitamins (Blue)
Sat Sep  9 15:57:35 2023 [Global] Cornballs (Blue): no u
Sat Sep  9 15:57:36 2023 [Global] doxylamine. (Red): no u
Sat Sep  9 15:57:39 2023 Accu (Red) [Headshot] lackOFvitamins (Blue)
Sat Sep  9 15:57:39 2023 ara (Red) [Headshot] wiki (Blue)
Sat Sep  9 15:57:43 2023 Hawkan (Blue) [Headshot] Harry (Red)
Sat Sep  9 15:57:44 2023 Hawkan (Blue) [Headshot] METODMAN (Red)
Sat Sep  9 15:57:46 2023 Accu (Red) [Headshot] crisp (Blue)
Sat Sep  9 15:57:49 2023 Accu (Red) [Headshot] Gabrielvecks (Blue)
Sat Sep  9 15:57:50 2023 METODMAN (Red) [Headshot] Hawkan (Blue)
Sat Sep  9 15:57:55 2023 Y.O.B.A. (Red) [SMG] wiki (Blue)
Sat Sep  9 15:57:55 2023 ara (Red) [Headshot] lurpir (Blue)
Sat Sep  9 15:57:56 2023 luis felipe (Red) [Headshot] lackOFvitamins (Blue)
Sat Sep  9 15:57:58 2023 ara (Red) [Headshot] crisp (Blue)
Sat Sep  9 15:58:02 2023  Mahalo for playing aloha.pk tower of babel
Sat Sep  9 15:58:04 2023 Cornballs (Blue) [Headshot] Y.O.B.A. (Red)
Sat Sep  9 15:58:04 2023 Player xd has left
Sat Sep  9 15:58:06 2023 Accu (Red) [Headshot] me (Blue)
Sat Sep  9 15:58:07 2023 METODMAN (Red) [Headshot] Hawkan (Blue)
Sat Sep  9 15:58:08 2023 lackOFvitamins (Blue) [Headshot] ara (Red)
Sat Sep  9 15:58:12 2023 lackOFvitamins (Blue) [Headshot] METODMAN (Red)
Sat Sep  9 15:58:14 2023 me (Blue) [Headshot] Accu (Red)
Sat Sep  9 15:58:15 2023 GhaZpa joined Blue team
Sat Sep  9 15:58:15 2023 Blockhead (Blue) [SMG] I_NoScoped_JFK (Red)
Sat Sep  9 15:58:20 2023 Hawkan (Blue) [Headshot] luis felipe (Red)
Sat Sep  9 15:58:22 2023 Player I_NoScoped_JFK has left
Sat Sep  9 15:58:23 2023 Harry (Red) [Headshot] GhaZpa (Blue)
Sat Sep  9 15:58:25 2023 Player GhaZpa has left
Sat Sep  9 15:58:26 2023 wiki (Blue) [Headshot] Harry (Red)
Sat Sep  9 15:58:28 2023 me (Blue) [Headshot] ara (Red)
Sat Sep  9 15:58:30 2023 METODMAN (Red) [Headshot] me (Blue)
Sat Sep  9 15:58:31 2023 Hawkan (Blue) [Headshot] Accu (Red)
Sat Sep  9 15:58:31 2023 lackOFvitamins (Blue) [Headshot] boop (Red)
Sat Sep  9 15:58:32 2023  Build a tower to get the enemy's intel. Take it to your team's tent to win!
Sat Sep  9 15:58:33 2023 Hawkan (Blue) [Headshot] METODMAN (Red)
Sat Sep  9 15:58:35 2023 lackOFvitamins (Blue) [Shotgun] luis felipe (Red)
Sat Sep  9 15:58:39 2023 Harry (Red) [Headshot] Hawkan (Blue)
Sat Sep  9 15:58:39 2023 Accu (Red) [Headshot] wiki (Blue)
Sat Sep  9 15:58:40 2023 ara (Red) [Headshot] lackOFvitamins (Blue)
Sat Sep  9 15:58:42 2023 me (Blue) [Headshot] Harry (Red)
Sat Sep  9 15:58:44 2023 Accu (Red) [Headshot] lurpir (Blue)
Sat Sep  9 15:58:49 2023 Gabrielvecks (Blue) [SMG] RemuS (Red)
Sat Sep  9 15:58:51 2023 Harry (Red) [Headshot] Blockhead (Blue)
Sat Sep  9 15:58:51 2023 Gabrielvecks (Blue) [Headshot] elpatagonias (Red)
Sat Sep  9 15:58:53 2023 [Global] RemuS (Red): left
Sat Sep  9 15:58:54 2023 Accu (Red) [Headshot] me (Blue)
Sat Sep  9 15:58:56 2023 Gabrielvecks (Blue) [Headshot] METODMAN (Red)
Sat Sep  9 15:58:56 2023 crack joined Blue team
Sat Sep  9 15:58:56 2023 crack (Blue) [Team Change]
Sat Sep  9 15:58:56 2023 [Team] RemuS (Red): left
Sat Sep  9 15:58:57 2023 Harry (Red) [Headshot] lackOFvitamins (Blue)
Sat Sep  9 15:58:58 2023  The native language of crack is most likely English.
Sat Sep  9 15:58:58 2023  crack is trying to join with an obsolete client! Help them update!
Sat Sep  9 15:58:59 2023 [Team] elpatagonias (Red): thanks gigi for helping
Sat Sep  9 15:59:00 2023 crack joined Spectator team
Sat Sep  9 15:59:01 2023 Gabrielvecks (Blue) [SMG] ara (Red)
Sat Sep  9 15:59:02 2023  Type /HELP for info & commands
Sat Sep  9 15:59:05 2023 me (Blue) [Headshot] Accu (Red)
Sat Sep  9 15:59:05 2023 me (Blue) [Headshot] RemuS (Red)
Sat Sep  9 15:59:06 2023 Gabrielvecks (Blue) [SMG] Harry (Red)
Sat Sep  9 15:59:06 2023 me (Blue) [Headshot] METODMAN (Red)
Sat Sep  9 15:59:11 2023 Gabrielvecks (Blue) [Headshot] luis felipe (Red)
Sat Sep  9 15:59:14 2023 me (Blue) [Headshot] METODMAN (Red)
Sat Sep  9 15:59:16 2023 Gabrielvecks (Blue) [Headshot] boop (Red)
Sat Sep  9 15:59:19 2023 Gabrielvecks (Blue) [Headshot] Accu (Red)
Sat Sep  9 15:59:19 2023 ara (Red) [Headshot] Gabrielvecks (Blue)
Sat Sep  9 15:59:23 2023 me (Blue) [Headshot] Harry (Red)
Sat Sep  9 15:59:26 2023 wiki (Blue) [Headshot] luis felipe (Red)
Sat Sep  9 15:59:31 2023 me (Blue) [Headshot] doxylamine. (Red)
Sat Sep  9 15:59:31 2023 wiki (Blue) [Rifle] Harry (Red)
Sat Sep  9 15:59:31 2023 Player luis felipe has left
Sat Sep  9 15:59:31 2023 ara (Red) [Headshot] me (Blue)
Sat Sep  9 15:59:32 2023  Visit our community forums at https://aloha.pk/
Sat Sep  9 15:59:33 2023 Player crack has left
Sat Sep  9 15:59:37 2023 ara (Red) [Headshot] crisp (Blue)
Sat Sep  9 15:59:37 2023 wiki (Blue) [Headshot] gigi (Red)
Sat Sep  9 15:59:39 2023 me (Blue) [Headshot] ara (Red)
Sat Sep  9 15:59:39 2023 [Team] elpatagonias (Red): right
Sat Sep  9 15:59:40 2023 Accu (Red) [Headshot] Blockhead (Blue)
Sat Sep  9 15:59:40 2023 boop (Red) [Headshot] me (Blue)
Sat Sep  9 15:59:42 2023 wiki (Blue) [Rifle] METODMAN (Red)
Sat Sep  9 15:59:43 2023 wiki (Blue) [Headshot] RemuS (Red)
Sat Sep  9 15:59:44 2023 lackOFvitamins (Blue) [Shotgun] doxylamine. (Red)
Sat Sep  9 15:59:50 2023 lackOFvitamins (Blue) [Headshot] Accu (Red)
Sat Sep  9 15:59:51 2023 me (Blue) [Headshot] elpatagonias (Red)
Sat Sep  9 15:59:55 2023 wiki (Blue) [Headshot] doxylamine. (Red)
Sat Sep  9 15:59:55 2023 [Global] doxylamine. (Red): lackOnlyFansvitamins
Sat Sep  9 15:59:56 2023 fresh joined Red team
Sat Sep  9 15:59:57 2023 Harry (Red) [Headshot] wiki (Blue)
Sat Sep  9 16:00:02 2023  Come chat with us at https://discord.aloha.pk/
Sat Sep  9 16:00:05 2023 ara (Red) [Headshot] me (Blue)
Sat Sep  9 16:00:07 2023 ara (Red) [Headshot] crisp (Blue)
Sat Sep  9 16:00:08 2023 lurpir picked up Red's Intel.
Sat Sep  9 16:00:08 2023 ara (Red) [Headshot] Cornballs (Blue)
Sat Sep  9 16:00:11 2023 [Global] Cornballs (Blue): fEK
Sat Sep  9 16:00:13 2023 elpatagonias (Red) [Fall]
Sat Sep  9 16:00:13 2023 ara (Red) [Headshot] Hawkan (Blue)
Sat Sep  9 16:00:13 2023 Accu (Red) [Headshot] lackOFvitamins (Blue)
Sat Sep  9 16:00:15 2023 Gabrielvecks (Blue) [Headshot] ara (Red)
Sat Sep  9 16:00:15 2023 [Global] doxylamine. (Red): no u
Sat Sep  9 16:00:18 2023 Gabrielvecks (Blue) [SMG] boop (Red)
Sat Sep  9 16:00:19 2023 me (Blue) [Headshot] Accu (Red)
Sat Sep  9 16:00:23 2023 [Global] Cornballs (Blue): no,                                                                                                               u
Sat Sep  9 16:00:24 2023 wiki (Blue) [Headshot] Harry (Red)
Sat Sep  9 16:00:25 2023 me (Blue) [Headshot] METODMAN (Red)
Sat Sep  9 16:00:25 2023 [Global] doxylamine. (Red): u
Sat Sep  9 16:00:27 2023 me (Blue) [Rifle] RemuS (Red)
Sat Sep  9 16:00:32 2023 wiki (Blue) [Headshot] Accu (Red)
Sat Sep  9 16:00:32 2023  If you believe a player is breaking the rules, please let us know with /ADMIN
Sat Sep  9 16:00:35 2023 Gabrielvecks (Blue) [Headshot] boop (Red)
Sat Sep  9 16:00:37 2023 Accu (Red) [Headshot] wiki (Blue)
Sat Sep  9 16:00:39 2023 lurpir dropped Red's Intel
Sat Sep  9 16:00:39 2023  The intel has returned to the heavens
Sat Sep  9 16:00:39 2023 gigi (Red) [Headshot] lurpir (Blue)
Sat Sep  9 16:00:41 2023 Gabrielvecks (Blue) [Headshot] ara (Red)
Sat Sep  9 16:00:44 2023 Harry (Red) [Headshot] me (Blue)
Sat Sep  9 16:00:45 2023 Gabrielvecks (Blue) [Headshot] Accu (Red)
Sat Sep  9 16:00:47 2023 METODMAN (Red) [Headshot] Gabrielvecks (Blue)
Sat Sep  9 16:00:48 2023 [Global] doxylamine. (Red):                                                                                                                                                                                                                                                            no u
Sat Sep  9 16:00:50 2023 me (Blue) [Headshot] fresh (Red)
Sat Sep  9 16:00:50 2023 lackOFvitamins (Blue) [Headshot] Harry (Red)
Sat Sep  9 16:00:55 2023 lackOFvitamins (Blue) [Headshot] Accu (Red)
Sat Sep  9 16:00:58 2023 boop (Red) [Rifle] crisp (Blue)
Sat Sep  9 16:01:02 2023  Mahalo for playing aloha.pk tower of babel
Sat Sep  9 16:01:03 2023 METODMAN (Red) [Rifle] Hawkan (Blue)
Sat Sep  9 16:01:04 2023 Harry (Red) [Headshot] lackOFvitamins (Blue)
Sat Sep  9 16:01:09 2023 wiki (Blue) [Headshot] Harry (Red)
Sat Sep  9 16:01:10 2023 boop (Red) [Headshot] lurpir (Blue)
Sat Sep  9 16:01:11 2023 Gabrielvecks (Blue) [Headshot] METODMAN (Red)
Sat Sep  9 16:01:15 2023 elpatagonias picked up Blue's Intel.
Sat Sep  9 16:01:16 2023 ara (Red) [Headshot] Gabrielvecks (Blue)
Sat Sep  9 16:01:17 2023 [Team] elpatagonias (Red): ALL UP
Sat Sep  9 16:01:17 2023 wiki (Blue) [Headshot] Harry (Red)
Sat Sep  9 16:01:18 2023 Player me has left
Sat Sep  9 16:01:20 2023 wiki (Blue) [Headshot] Accu (Red)
Sat Sep  9 16:01:22 2023 wiki (Blue) [Headshot] METODMAN (Red)
Sat Sep  9 16:01:24 2023 elpatagonias dropped Blue's Intel
Sat Sep  9 16:01:24 2023  The intel has returned to the heavens
Sat Sep  9 16:01:24 2023 elpatagonias (Red) [Fall]
Sat Sep  9 16:01:26 2023 wiki (Blue) [Headshot] gigi (Red)
Sat Sep  9 16:01:27 2023 Hawkan (Blue) [Headshot] Accu (Red)
Sat Sep  9 16:01:29 2023 Hawkan (Blue) [Headshot] Harry (Red)
Sat Sep  9 16:01:29 2023 Player doxylamine. has left
Sat Sep  9 16:01:31 2023 METODMAN (Red) [Headshot] lackOFvitamins (Blue)
Sat Sep  9 16:01:32 2023 wiki (Blue) [Headshot] METODMAN (Red)
Sat Sep  9 16:01:32 2023  Build a tower to get the enemy's intel. Take it to your team's tent to win!
Sat Sep  9 16:01:35 2023 ara (Red) [Headshot] Cornballs (Blue)
Sat Sep  9 16:01:35 2023 Hawkan (Blue) [Headshot] Y.O.B.A. (Red)
Sat Sep  9 16:01:38 2023 ara (Red) [Headshot] Gabrielvecks (Blue)
Sat Sep  9 16:01:39 2023 Hawkan (Blue) [Headshot] Harry (Red)
Sat Sep  9 16:01:41 2023 [Global] Cornballs (Blue): WAT
Sat Sep  9 16:01:42 2023 [Global] Cornballs (Blue): no u
Sat Sep  9 16:01:43 2023 Hawkan (Blue) [Headshot] METODMAN (Red)
Sat Sep  9 16:01:43 2023 [Global] Cornballs (Blue): no u
Sat Sep  9 16:01:46 2023 ara (Red) [Headshot] crisp (Blue)
Sat Sep  9 16:01:47 2023 wiki (Blue) [Headshot] elpatagonias (Red)
Sat Sep  9 16:01:49 2023 fresh (Red) [Fall]
Sat Sep  9 16:01:50 2023 RemuS (Red) [Headshot] wiki (Blue)
Sat Sep  9 16:01:52 2023 ara (Red) [Headshot] lurpir (Blue)
Sat Sep  9 16:01:53 2023 [Global] Cornballs (Blue):  no u
Sat Sep  9 16:01:56 2023 ara (Red) [Headshot] Gabrielvecks (Blue)
Sat Sep  9 16:01:58 2023 Y.O.B.A. (Red) [SMG] lackOFvitamins (Blue)
Sat Sep  9 16:01:58 2023 Hawkan (Blue) [Headshot] METODMAN (Red)
Sat Sep  9 16:02:02 2023  Type /HELP for info & commands
Sat Sep  9 16:02:04 2023 Hawkan (Blue) [Headshot] METODMAN (Red)
Sat Sep  9 16:02:07 2023 Hawkan (Blue) [Headshot] RemuS (Red)
Sat Sep  9 16:02:11 2023 Gabrielvecks (Blue) [SMG] ara (Red)
Sat Sep  9 16:02:13 2023 [Global] RemuS (Red): right
Sat Sep  9 16:02:14 2023 Harry (Red) [Headshot] lackOFvitamins (Blue)
Sat Sep  9 16:02:17 2023 Hawkan (Blue) [Headshot] fresh (Red)
Sat Sep  9 16:02:18 2023 Hawkan (Blue) [Headshot] ara (Red)
Sat Sep  9 16:02:18 2023 wiki (Blue) [Rifle] METODMAN (Red)
Sat Sep  9 16:02:20 2023 wiki (Blue) [Headshot] Harry (Red)
Sat Sep  9 16:02:21 2023 Hawkan (Blue) [Rifle] Y.O.B.A. (Red)
Sat Sep  9 16:02:26 2023 Harry (Red) [Headshot] wiki (Blue)
Sat Sep  9 16:02:27 2023 Hawkan (Blue) [Headshot] Harry (Red)
Sat Sep  9 16:02:32 2023  Visit our community forums at https://aloha.pk/
Sat Sep  9 16:02:34 2023 METODMAN (Red) [Headshot] Hawkan (Blue)
Sat Sep  9 16:02:44 2023 Gabrielvecks (Blue) [SMG] boop (Red)
Sat Sep  9 16:02:50 2023 lackOFvitamins (Blue) [Shotgun] Harry (Red)
Sat Sep  9 16:02:53 2023 Hawkan (Blue) [Headshot] boop (Red)
Sat Sep  9 16:02:54 2023 elpatagonias (Red) [SMG] lurpir (Blue)
Sat Sep  9 16:02:55 2023 ara (Red) [Rifle] lackOFvitamins (Blue)
Sat Sep  9 16:02:57 2023 AKA joined Blue team
Sat Sep  9 16:03:00 2023 Gabrielvecks (Blue) [SMG] METODMAN (Red)
Sat Sep  9 16:03:02 2023 JND joined Blue team
Sat Sep  9 16:03:02 2023  Come chat with us at https://discord.aloha.pk/
Sat Sep  9 16:03:04 2023 [Global] lackOFvitamins (Blue): left
Sat Sep  9 16:03:09 2023 ara (Red) [Headshot] AKA (Blue)
Sat Sep  9 16:03:11 2023 ara (Red) [Headshot] Hawkan (Blue)
Sat Sep  9 16:03:11 2023 elpatagonias picked up Blue's Intel.
Sat Sep  9 16:03:17 2023 ara (Red) [Headshot] crisp (Blue)
Sat Sep  9 16:03:23 2023 elpatagonias captured Blue's Intel.
Sat Sep  9 16:03:25 2023 ara (Red) [Headshot] JND (Blue)
Sat Sep  9 16:03:27 2023 METODMAN (Red) [Headshot] wiki (Blue)
Sat Sep  9 16:03:28 2023 boop (Red) [Headshot] lackOFvitamins (Blue)
Sat Sep  9 16:03:30 2023  Cornballs has reached 1000 blocks placed! /heaven unlocked.
Sat Sep  9 16:03:31 2023 METODMAN (Red) [Headshot] AKA (Blue)
Sat Sep  9 16:03:32 2023  If you believe a player is breaking the rules, please let us know with /ADMIN
Sat Sep  9 16:03:40 2023 elpatagonias picked up Blue's Intel.
Sat Sep  9 16:03:42 2023 METODMAN (Red) [Grenade] Blockhead (Blue)
Sat Sep  9 16:03:42 2023 METODMAN (Red) [Grenade] JND (Blue)
Sat Sep  9 16:03:43 2023 METODMAN (Red) [Grenade] AKA (Blue)
Sat Sep  9 16:03:51 2023 Accu (Red) [Headshot] Hawkan (Blue)
Sat Sep  9 16:03:53 2023 Accu (Red) [Headshot] JND (Blue)
Sat Sep  9 16:03:53 2023 elpatagonias captured Blue's Intel.
Sat Sep  9 16:03:53 2023 AKA (Blue) [Fall]
Sat Sep  9 16:03:55 2023 ara (Red) [Headshot] Gabrielvecks (Blue)
Sat Sep  9 16:03:56 2023 Accu (Red) [Headshot] Blockhead (Blue)
Sat Sep  9 16:03:58 2023 You must be closer to the enemy's base to grenade blocks!
Sat Sep  9 16:03:59 2023 ara (Red) [Headshot] lackOFvitamins (Blue)
Sat Sep  9 16:04:00 2023 JND (Blue) [Weapon Change]
Sat Sep  9 16:04:02 2023 Blockhead (Blue) [SMG] Accu (Red)
Sat Sep  9 16:04:02 2023  Mahalo for playing aloha.pk tower of babel
Sat Sep  9 16:04:05 2023 METODMAN (Red) [Headshot] lurpir (Blue)
Sat Sep  9 16:04:06 2023 fresh (Red) [Rifle] crisp (Blue)
Sat Sep  9 16:04:07 2023 METODMAN (Red) [Headshot] Hawkan (Blue)
Sat Sep  9 16:04:09 2023 METODMAN (Red) [Rifle] lackOFvitamins (Blue)
Sat Sep  9 16:04:10 2023 elpatagonias picked up Blue's Intel.
Sat Sep  9 16:04:13 2023 Harry (Red) [Rifle] AKA (Blue)
Sat Sep  9 16:04:18 2023 Harry (Red) [Headshot] crisp (Blue)
Sat Sep  9 16:04:19 2023 wiki (Blue) [Headshot] Harry (Red)
Sat Sep  9 16:04:19 2023 METODMAN (Red) [Headshot] JND (Blue)
Sat Sep  9 16:04:20 2023 lurpir (Blue) [Shotgun] METODMAN (Red)
Sat Sep  9 16:04:23 2023 Accu (Red) [Headshot] wiki (Blue)
Sat Sep  9 16:04:23 2023 elpatagonias captured Blue's Intel.
Sat Sep  9 16:04:25 2023 boop (Red) [Fall]
Sat Sep  9 16:04:26 2023 fresh (Red) [Headshot] Cornballs (Blue)
Sat Sep  9 16:04:28 2023 Harry (Red) [Fall]
Sat Sep  9 16:04:28 2023 lackOFvitamins (Blue) [Shotgun] ara (Red)
Sat Sep  9 16:04:29 2023 [Global] Cornballs (Blue): hax
Sat Sep  9 16:04:29 2023 Hawkan (Blue) [Headshot] fresh (Red)
Sat Sep  9 16:04:30 2023 Accu (Red) [Headshot] JND (Blue)
Sat Sep  9 16:04:30 2023 Gabrielvecks (Blue) [Headshot] Accu (Red)
Sat Sep  9 16:04:32 2023  Build a tower to get the enemy's intel. Take it to your team's tent to win!
Sat Sep  9 16:04:35 2023 METODMAN (Red) [Rifle] lackOFvitamins (Blue)
Sat Sep  9 16:04:35 2023 [Global] RemuS (Red): ?
Sat Sep  9 16:04:37 2023 Gabrielvecks (Blue) [Headshot] ara (Red)
Sat Sep  9 16:04:39 2023 Harry (Red) [Headshot] AKA (Blue)
Sat Sep  9 16:04:39 2023 Accu (Red) [Headshot] Gabrielvecks (Blue)
Sat Sep  9 16:04:43 2023 Hawkan (Blue) [Headshot] Harry (Red)
Sat Sep  9 16:04:47 2023 elpatagonias picked up Blue's Intel.
Sat Sep  9 16:04:49 2023 wiki (Blue) [Headshot] fresh (Red)
Sat Sep  9 16:04:52 2023 wiki (Blue) [Rifle] Accu (Red)
Sat Sep  9 16:04:54 2023 lackOFvitamins (Blue) [Shotgun] Harry (Red)
Sat Sep  9 16:04:55 2023 Hawkan (Blue) [Headshot] Y.O.B.A. (Red)
Sat Sep  9 16:04:56 2023 METODMAN (Red) [Rifle] wiki (Blue)
Sat Sep  9 16:04:56 2023 RemuS (Red) [Grenade] crisp (Blue)
Sat Sep  9 16:04:58 2023 I_NoScoped_JFK joined Blue team
Sat Sep  9 16:05:00 2023 elpatagonias captured Blue's Intel.
Sat Sep  9 16:05:00 2023 AKA (Blue) [Shotgun] RemuS (Red)
Sat Sep  9 16:05:02 2023 Gabrielvecks (Blue) [Headshot] METODMAN (Red)
Sat Sep  9 16:05:02 2023  Type /HELP for info & commands
Sat Sep  9 16:05:05 2023 lackOFvitamins (Blue) [Shotgun] Accu (Red)
Sat Sep  9 16:05:07 2023 Hawkan (Blue) [Headshot] Y.O.B.A. (Red)
Sat Sep  9 16:05:11 2023 Harry (Red) [Rifle] Blockhead (Blue)
Sat Sep  9 16:05:12 2023 ara picked up Blue's Intel.
Sat Sep  9 16:05:14 2023 lackOFvitamins (Blue) [Headshot] Y.O.B.A. (Red)
Sat Sep  9 16:05:15 2023 Accu (Red) [Rifle] I_NoScoped_JFK (Blue)
Sat Sep  9 16:05:19 2023 [Team] RemuS (Red): they come upp 
Sat Sep  9 16:05:19 2023 lackOFvitamins (Blue) [Headshot] Accu (Red)
Sat Sep  9 16:05:23 2023 lackOFvitamins (Blue) [Headshot] Harry (Red)
Sat Sep  9 16:05:24 2023 ara dropped Blue's Intel
Sat Sep  9 16:05:24 2023  The intel has returned to the heavens
Sat Sep  9 16:05:24 2023 Hawkan (Blue) [Headshot] ara (Red)
Sat Sep  9 16:05:26 2023 elpatagonias (Red) [SMG] Cornballs (Blue)
Sat Sep  9 16:05:28 2023 [Global] Cornballs (Blue): NO
Sat Sep  9 16:05:29 2023 Accu (Red) [Headshot] Gabrielvecks (Blue)
Sat Sep  9 16:05:30 2023 gigi (Red) [Rifle] AKA (Blue)
Sat Sep  9 16:05:30 2023 Hawkan (Blue) [Headshot] ara (Red)
Sat Sep  9 16:05:30 2023 elpatagonias picked up Blue's Intel.
Sat Sep  9 16:05:32 2023  Visit our community forums at https://aloha.pk/
Sat Sep  9 16:05:34 2023 boop (Red) [Fall]
Sat Sep  9 16:05:35 2023 elpatagonias (Red) [Grenade] crisp (Blue)
Sat Sep  9 16:05:35 2023 Accu (Red) [Headshot] wiki (Blue)
Sat Sep  9 16:05:36 2023 Harry (Red) [Headshot] lackOFvitamins (Blue)
Sat Sep  9 16:05:37 2023 Accu (Red) [Headshot] Hawkan (Blue)
Sat Sep  9 16:05:39 2023 Harry (Red) [Headshot] lurpir (Blue)
Sat Sep  9 16:05:40 2023 Player crisp has left
Sat Sep  9 16:05:45 2023 I_NoScoped_JFK (Blue) [Headshot] Harry (Red)
Sat Sep  9 16:05:46 2023 elpatagonias dropped Blue's Intel
Sat Sep  9 16:05:46 2023  The intel has returned to the heavens
Sat Sep  9 16:05:46 2023 elpatagonias (Red) [Fall]
Sat Sep  9 16:05:47 2023 Accu (Red) [Headshot] wiki (Blue)
Sat Sep  9 16:05:50 2023 ara picked up Blue's Intel.
Sat Sep  9 16:05:50 2023 I_NoScoped_JFK (Blue) [Headshot] Y.O.B.A. (Red)
Sat Sep  9 16:05:51 2023 I_NoScoped_JFK (Blue) [Headshot] Harry (Red)
Sat Sep  9 16:05:54 2023 Accu (Red) [Headshot] lackOFvitamins (Blue)
Sat Sep  9 16:05:59 2023 [Team] Y.O.B.A. (Red): weter front of tower
Sat Sep  9 16:06:01 2023 METODMAN (Red) [Grenade] lurpir (Blue)
Sat Sep  9 16:06:02 2023  Come chat with us at https://discord.aloha.pk/
Sat Sep  9 16:06:07 2023 Accu (Red) [Headshot] Gabrielvecks (Blue)
Sat Sep  9 16:06:07 2023 Hawkan (Blue) [Headshot] fresh (Red)
Sat Sep  9 16:06:08 2023 Harry (Red) [Rifle] Blockhead (Blue)
Sat Sep  9 16:06:10 2023 ara captured Blue's Intel.
Sat Sep  9 16:06:10 2023  With 1326 blocks placed, Y.O.B.A. is granted the right to unleash the apocalypse.
Sat Sep  9 16:06:15 2023 Hawkan (Blue) [Headshot] METODMAN (Red)
Sat Sep  9 16:06:16 2023 I_NoScoped_JFK (Blue) [Rifle] elpatagonias (Red)
Sat Sep  9 16:06:17 2023 boop (Red) [Headshot] Cornballs (Blue)
Sat Sep  9 16:06:17 2023 Accu (Red) [Headshot] Hawkan (Blue)
Sat Sep  9 16:06:18 2023 [Global] Cornballs (Blue): hax
Sat Sep  9 16:06:19 2023 fresh (Red) [Headshot] I_NoScoped_JFK (Blue)
Sat Sep  9 16:06:21 2023 [Global] boop (Red): ye
Sat Sep  9 16:06:23 2023 Player I_NoScoped_JFK has left
Sat Sep  9 16:06:26 2023 [Global] Cornballs (Blue): yeye
Sat Sep  9 16:06:27 2023 Accu (Red) [Headshot] Blockhead (Blue)
Sat Sep  9 16:06:29 2023 Harry (Red) [Headshot] lackOFvitamins (Blue)
Sat Sep  9 16:06:31 2023 [Global] boop (Red): yeyeye
Sat Sep  9 16:06:32 2023  If you believe a player is breaking the rules, please let us know with /ADMIN
Sat Sep  9 16:06:33 2023 Harry (Red) [Headshot] lurpir (Blue)
Sat Sep  9 16:06:34 2023 [Global] Cornballs (Blue): eyeyeyeyeyeyeye
Sat Sep  9 16:06:34 2023 boop (Red) [Headshot] Cornballs (Blue)
Sat Sep  9 16:06:37 2023 [Global] Cornballs (Blue): fok
Sat Sep  9 16:06:39 2023 boop (Red) [Melee] wiki (Blue)
Sat Sep  9 16:06:39 2023 Hawkan (Blue) [Headshot] ara (Red)
Sat Sep  9 16:06:39 2023 boop (Red) [Melee] AKA (Blue)
Sat Sep  9 16:06:39 2023 JND (Blue) [Headshot] Accu (Red)
Sat Sep  9 16:06:40 2023 You must be closer to the enemy's base to shoot blocks!
Sat Sep  9 16:06:40 2023 lackOFvitamins (Blue) [Headshot] Harry (Red)
Sat Sep  9 16:06:45 2023 Hawkan (Blue) [Headshot] fresh (Red)
Sat Sep  9 16:06:45 2023 Cornballs (Blue) [SMG] boop (Red)
Sat Sep  9 16:06:48 2023 [Global] boop (Red): hax
Sat Sep  9 16:06:49 2023 [Global] Cornballs (Blue): ye
Sat Sep  9 16:06:51 2023 ara (Red) [Headshot] Hawkan (Blue)
Sat Sep  9 16:06:52 2023 Harry (Red) [Fall]
Sat Sep  9 16:06:53 2023 Disconnecting
