Wed Apr 12 15:17:09 2023 ------ World Loaded ------
Wed Apr 12 15:17:09 2023 0_0 (Blue) [Headshot] FL | yo_bonez (Red)
Wed Apr 12 15:17:09 2023 Kurzon (Blue) [SMG] parawhore (Red)
Wed Apr 12 15:17:09 2023 Deuhh (Blue) [SMG] bollusftw (Red)
Wed Apr 12 15:17:09 2023 ass joined Red team
Wed Apr 12 15:17:09 2023 Welcome to aloha.pk tower of babel
Wed Apr 12 15:17:11 2023 Map: Crossfire 3 by Lostmotel
Wed Apr 12 15:17:12 2023 thilosaur joined Red team
Wed Apr 12 15:17:13 2023 Game mode: Tower of Babel by Yourself, modified by izzy
Wed Apr 12 15:17:13 2023 yat_i joined Blue team
Wed Apr 12 15:17:13 2023 AAAAA (Red) [Headshot] Kackwurstesser  (Blue)
Wed Apr 12 15:17:15 2023 Kurzon (Blue) [SMG] bongo (Red)
Wed Apr 12 15:17:15 2023 Build a tower to get the enemy's intel. Take it to your team's tent to win!
Wed Apr 12 15:17:17 2023 Visit our community forums at https://aloha.pk/
Wed Apr 12 15:17:19 2023 Come chat with us at https://discord.aloha.pk/
Wed Apr 12 15:17:21 2023 AAAAA (Red) [Shotgun] 0_0 (Blue)
Wed Apr 12 15:17:23 2023 [Team] Kackwurstesser  (Blue): they are building fast
Wed Apr 12 15:17:26 2023 You must be closer to the enemy's base to shoot blocks!
Wed Apr 12 15:17:27 2023 You must be closer to the enemy's base to shoot blocks!
Wed Apr 12 15:17:31 2023 Player thilosaur has left
Wed Apr 12 15:17:38 2023  Type /HELP for info & commands
Wed Apr 12 15:17:41 2023 nbbe (Blue) [Grenade] AAAAA (Red)
Wed Apr 12 15:17:46 2023 Deuhh (Blue) [SMG] bollusftw (Red)
Wed Apr 12 15:17:49 2023 Player ass has left
Wed Apr 12 15:17:54 2023 nbbe (Blue) [Headshot] parawhore (Red)
Wed Apr 12 15:18:07 2023 thilosaur joined Blue team
Wed Apr 12 15:18:08 2023  Visit our community forums at https://aloha.pk/
Wed Apr 12 15:18:09 2023 Disconnecting
