Tue Jul 18 20:20:44 2023 ------ World Loaded ------
Tue Jul 18 20:20:44 2023 Women are superior to men
Tue Jul 18 20:20:46 2023 Women are better at everything
Tue Jul 18 20:20:48 2023 Women are Goddesses, worship them
Tue Jul 18 20:20:49 2023 Red (Yellow) [Fall]
Tue Jul 18 20:20:51 2023 EXOCET (Purple) [Headshot] PCRouter (Yellow)
Tue Jul 18 20:20:56 2023 azahel83 (Yellow) [SMG] EXOCET (Purple)
Tue Jul 18 20:21:00 2023 EXOCET (Purple) [Fall]
Tue Jul 18 20:21:00 2023 PCRouter (Yellow) [Fall]
Tue Jul 18 20:21:00 2023 You have 1 medkit!
Tue Jul 18 20:21:00 2023 mm (Yellow) [Headshot] not a gumbu (Purple)
Tue Jul 18 20:21:01 2023 Deuce (Purple) [Headshot] azahel83 (Yellow)
Tue Jul 18 20:21:03 2023 Player azahel83 has left
Tue Jul 18 20:21:07 2023 PCRouter (Yellow) [Headshot] Harry (Purple)
Tue Jul 18 20:21:12 2023 Player not a gumbu has left
Tue Jul 18 20:21:13 2023 You have 1 medkit!
Tue Jul 18 20:21:13 2023 EXOCET (Purple) [Headshot] PCRouter (Yellow)
Tue Jul 18 20:21:38 2023 Harry (Purple) [Headshot] Red (Yellow)
Tue Jul 18 20:21:46 2023 sa joined Purple team
Tue Jul 18 20:21:48 2023 EXOCET (Purple) [Headshot] mm (Yellow)
Tue Jul 18 20:21:51 2023 sa (Purple) [Rifle] PCRouter (Yellow)
Tue Jul 18 20:21:57 2023 Harry (Purple) [Headshot] Red (Yellow)
Tue Jul 18 20:22:13 2023 Harry (Purple) [Headshot] Red (Yellow)
Tue Jul 18 20:22:22 2023 You have been healed
Tue Jul 18 20:22:25 2023 PCRouter picked up Purple's Intel.
Tue Jul 18 20:22:27 2023 Papa John joined Purple team
Tue Jul 18 20:22:28 2023 ALANXD joined Yellow team
Tue Jul 18 20:22:34 2023 mm (Yellow) [Headshot] EXOCET (Purple)
Tue Jul 18 20:22:34 2023 Hevellyn joined Purple team
Tue Jul 18 20:22:46 2023 PCRouter (Yellow) [Grenade] EXOCET (Purple)
Tue Jul 18 20:22:47 2023 Red (Yellow) [Headshot] adrijuan (Purple)
Tue Jul 18 20:22:48 2023 Player Papa John has left
Tue Jul 18 20:22:48 2023 mm (Yellow) [Headshot] Deuce (Purple)
Tue Jul 18 20:22:49 2023 PCRouter (Yellow) [Grenade] EXOCET (Purple)
Tue Jul 18 20:22:51 2023 Harry (Purple) [Headshot] Red (Yellow)
Tue Jul 18 20:22:53 2023 Pushiii --N (Yellow) [Grenade] Hevellyn (Purple)
Tue Jul 18 20:22:53 2023 Player Deuce has left
Tue Jul 18 20:22:53 2023 Harry (Purple) [Rifle] ALANXD (Yellow)
Tue Jul 18 20:22:54 2023 adrijuan (Purple) [Weapon Change]
Tue Jul 18 20:23:01 2023 PCRouter dropped Purple's Intel
Tue Jul 18 20:23:01 2023 sa (Purple) [Headshot] PCRouter (Yellow)
Tue Jul 18 20:23:03 2023 Harry picked up Yellow's Intel.
Tue Jul 18 20:23:03 2023 Red (Yellow) [Rifle] sa (Purple)
Tue Jul 18 20:23:04 2023 [Global] PCRouter (Yellow): wha
Tue Jul 18 20:23:06 2023 [Global] PCRouter (Yellow): how
Tue Jul 18 20:23:07 2023 Harry dropped Yellow's Intel
Tue Jul 18 20:23:07 2023 Red (Yellow) [Melee] Harry (Purple)
Tue Jul 18 20:23:07 2023 [Global] PCRouter (Yellow): what
Tue Jul 18 20:23:10 2023 Deuce joined Purple team
Tue Jul 18 20:23:12 2023 ALANXD picked up Purple's Intel.
Tue Jul 18 20:23:13 2023 You have 1 medkit!
Tue Jul 18 20:23:15 2023 PCRouter (Yellow) [Grenade] EXOCET (Purple)
Tue Jul 18 20:23:15 2023 PCRouter (Yellow) [Grenade] Deuce (Purple)
Tue Jul 18 20:23:21 2023 PCRouter (Yellow) [Headshot] Harry (Purple)
Tue Jul 18 20:23:25 2023 You have 1 medkit!
Tue Jul 18 20:23:30 2023 sa (Purple) [Rifle] PCRouter (Yellow)
Tue Jul 18 20:23:31 2023 Red (Yellow) [Headshot] adrijuan (Purple)
Tue Jul 18 20:23:36 2023 Pushiii --N killed you with a mine!
Tue Jul 18 20:23:36 2023 Pushiii --N (Yellow) [Grenade] Harry (Purple)
Tue Jul 18 20:23:37 2023 You have 1 medkit!
Tue Jul 18 20:23:50 2023 William joined Yellow team
Tue Jul 18 20:23:51 2023 Pushiii --N (Yellow) [Grenade] Hevellyn (Purple)
Tue Jul 18 20:23:56 2023 PCRouter (Yellow) [Grenade] Deuce (Purple)
Tue Jul 18 20:24:02 2023 Harry (Purple) [Headshot] Red (Yellow)
Tue Jul 18 20:24:15 2023 Harry (Purple) [Headshot] William (Yellow)
Tue Jul 18 20:24:16 2023 Red (Yellow) [Headshot] Harry (Purple)
Tue Jul 18 20:24:25 2023 You have 1 medkit!
Tue Jul 18 20:24:33 2023 sa (Purple) [Headshot] William (Yellow)
Tue Jul 18 20:24:35 2023 azahel83 joined Yellow team
Tue Jul 18 20:24:36 2023 Carreraaa joined Purple team
Tue Jul 18 20:24:42 2023 EXOCET (Purple) [Rifle] mm (Yellow)
Tue Jul 18 20:24:45 2023 Pushiii --N (Yellow) [Grenade]
Tue Jul 18 20:24:46 2023 Red (Yellow) [Headshot] sa (Purple)
Tue Jul 18 20:24:49 2023 [Global] PCRouter (Yellow): pushiii!!! xd
Tue Jul 18 20:24:54 2023 Red (Yellow) [Headshot] Hevellyn (Purple)
Tue Jul 18 20:24:57 2023 Player Hevellyn has left
Tue Jul 18 20:25:01 2023 [Global] Pushiii --N (Yellow): :c
Tue Jul 18 20:25:03 2023 PCRouter (Yellow) [Rifle]
Tue Jul 18 20:25:19 2023 Papa John joined Purple team
Tue Jul 18 20:25:22 2023 Pushiii --N (Yellow) [Grenade] Deuce (Purple)
Tue Jul 18 20:25:26 2023 [Global] Pushiii --N (Yellow): see
Tue Jul 18 20:25:27 2023 EXOCET (Purple) [Headshot] mm (Yellow)
Tue Jul 18 20:25:29 2023 Player Papa John has left
Tue Jul 18 20:25:31 2023 Harry (Purple) [Headshot] William (Yellow)
Tue Jul 18 20:25:35 2023 azahel83 (Yellow) [Grenade] Deuce (Purple)
Tue Jul 18 20:25:35 2023 azahel83 (Yellow) [Headshot] Carreraaa (Purple)
Tue Jul 18 20:25:36 2023 Harry picked up Yellow's Intel.
Tue Jul 18 20:25:41 2023 Harry (Purple) [Headshot] William (Yellow)
Tue Jul 18 20:25:41 2023 Harry (Purple) [Headshot] mm (Yellow)
Tue Jul 18 20:25:53 2023 mm (Yellow) [Headshot] EXOCET (Purple)
Tue Jul 18 20:25:55 2023 Harry dropped Yellow's Intel
Tue Jul 18 20:25:55 2023 William (Yellow) [Headshot] Harry (Purple)
Tue Jul 18 20:25:56 2023 Red (Yellow) [Headshot] adrijuan (Purple)
Tue Jul 18 20:26:01 2023 You have 1 medkit!
Tue Jul 18 20:26:03 2023 azahel83 (Yellow) [Headshot] adrijuan (Purple)
Tue Jul 18 20:26:04 2023 sa (Purple) [Headshot] Red (Yellow)
Tue Jul 18 20:26:11 2023 PCRouter (Yellow) [Headshot] EXOCET (Purple)
Tue Jul 18 20:26:14 2023 Harry (Purple) [Headshot] PCRouter (Yellow)
Tue Jul 18 20:26:15 2023 Red (Yellow) [Headshot] sa (Purple)
Tue Jul 18 20:26:19 2023 Harry (Purple) [Headshot] mm (Yellow)
Tue Jul 18 20:26:23 2023 EXOCET (Purple) [Headshot] azahel83 (Yellow)
Tue Jul 18 20:26:24 2023 You have been healed
Tue Jul 18 20:26:28 2023 PCRouter (Yellow) [Headshot] EXOCET (Purple)
Tue Jul 18 20:26:29 2023 Carreraaa (Purple) [Headshot] R4mboXX (Yellow)
Tue Jul 18 20:26:29 2023 PCRouter (Yellow) [Headshot] sa (Purple)
Tue Jul 18 20:26:37 2023 [Global] PCRouter (Yellow): where the fuck is the intel
Tue Jul 18 20:26:37 2023 adrijuan (Purple) [Headshot] mm (Yellow)
Tue Jul 18 20:26:38 2023 PCRouter (Yellow) [Headshot] EXOCET (Purple)
Tue Jul 18 20:26:42 2023 PCRouter (Yellow) [Rifle] sa (Purple)
Tue Jul 18 20:26:43 2023 mm (Yellow) [Rifle] Harry (Purple)
Tue Jul 18 20:26:46 2023 mm (Yellow) [Headshot] adrijuan (Purple)
Tue Jul 18 20:26:49 2023 You have 1 medkit!
Tue Jul 18 20:26:54 2023 [Global] Pushiii --N (Yellow): press n
Tue Jul 18 20:26:54 2023 sa (Purple) [Rifle] PCRouter (Yellow)
Tue Jul 18 20:26:55 2023 [Global] Pushiii --N (Yellow): b2
Tue Jul 18 20:27:02 2023 mm (Yellow) [Headshot] sa (Purple)
Tue Jul 18 20:27:07 2023 mm (Yellow) [Rifle] Harry (Purple)
Tue Jul 18 20:27:09 2023 EXOCET (Purple) [Headshot] PCRouter (Yellow)
Tue Jul 18 20:27:13 2023 You have 1 medkit!
Tue Jul 18 20:27:16 2023 Red (Yellow) [Headshot] Deuce (Purple)
Tue Jul 18 20:27:19 2023 [Global] Red (Yellow): lol
Tue Jul 18 20:27:19 2023 EXOCET (Purple) [Headshot] Pushiii --N (Yellow)
Tue Jul 18 20:27:26 2023 [Global] PCRouter (Yellow): noooo ;-;
Tue Jul 18 20:27:32 2023 azahel83 (Yellow) [Grenade] adrijuan (Purple)
Tue Jul 18 20:27:34 2023 mm (Yellow) [Headshot] Harry (Purple)
Tue Jul 18 20:27:35 2023 mm (Yellow) [Headshot] sa (Purple)
Tue Jul 18 20:27:37 2023 You have 1 medkit!
Tue Jul 18 20:27:40 2023 [Global] Pushiii --N (Yellow): time to do vk
Tue Jul 18 20:27:40 2023 azahel83 (Yellow) [Headshot] sa (Purple)
Tue Jul 18 20:27:50 2023 HEISENBERG joined Purple team
Tue Jul 18 20:27:51 2023 azahel83 (Yellow) [Headshot] sa (Purple)
Tue Jul 18 20:27:51 2023 [Global] Pushiii --N (Yellow): who have intel
Tue Jul 18 20:27:57 2023 [Global] PCRouter (Yellow): dont know
Tue Jul 18 20:27:57 2023 EXOCET (Purple) [Headshot] PCRouter (Yellow)
Tue Jul 18 20:28:01 2023 azahel83 (Yellow) [Headshot] HEISENBERG (Purple)
Tue Jul 18 20:28:02 2023 Harry (Purple) [Rifle] mm (Yellow)
Tue Jul 18 20:28:04 2023 PCRouter (Yellow) [Headshot] EXOCET (Purple)
Tue Jul 18 20:28:07 2023 azahel83 (Yellow) [Headshot] sa (Purple)
Tue Jul 18 20:28:21 2023 sa (Purple) [Headshot] PCRouter (Yellow)
Tue Jul 18 20:28:23 2023 HEISENBERG (Purple) [Headshot] azahel83 (Yellow)
Tue Jul 18 20:28:23 2023 Harry (Purple) [Rifle] mm (Yellow)
Tue Jul 18 20:28:29 2023 Harry (Purple) [Headshot] William (Yellow)
Tue Jul 18 20:28:32 2023 Harry (Purple) [Headshot] mm (Yellow)
Tue Jul 18 20:28:32 2023 Red (Yellow) [Rifle] Harry (Purple)
Tue Jul 18 20:28:37 2023 You have 1 medkit!
Tue Jul 18 20:28:37 2023 Carreraaa (Purple) [Fall]
Tue Jul 18 20:28:42 2023 Deuce (Purple) [Headshot] Red (Yellow)
Tue Jul 18 20:28:44 2023 Vagabond joined Purple team
Tue Jul 18 20:28:47 2023 HEISENBERG (Purple) [Headshot] PCRouter (Yellow)
Tue Jul 18 20:28:49 2023 HEISENBERG (Purple) [Headshot] Pushiii --N (Yellow)
Tue Jul 18 20:28:49 2023 mm (Yellow) [Headshot] sa (Purple)
Tue Jul 18 20:28:50 2023 Deuce (Purple) [Fall]
Tue Jul 18 20:28:51 2023  EMART banned for 7 days: VPN detected
Tue Jul 18 20:28:52 2023 [Global] PCRouter (Yellow): thats gay heisenberg
Tue Jul 18 20:28:55 2023 HEISENBERG (Purple) [Headshot] mm (Yellow)
Tue Jul 18 20:28:56 2023 Pushiii --N (Yellow) [Grenade] adrijuan (Purple)
Tue Jul 18 20:28:58 2023 [Global] PCRouter (Yellow): come join yellow
Tue Jul 18 20:29:06 2023 [Global] HEISENBERG (Purple): xD
Tue Jul 18 20:29:07 2023 [Global] Vagabond (Purple): goyimtv.com LOOOOOOOOOOOOL BEST WEBSITE EVER XD, SO GOOD VIDEOS REDPILL
Tue Jul 18 20:29:07 2023 mm (Yellow) [Headshot] HEISENBERG (Purple)
Tue Jul 18 20:29:10 2023 [Global] Vagabond (Purple): .HELLO EVERYUONE
Tue Jul 18 20:29:14 2023 [Global] Vagabond (Purple): HOLA TODO
Tue Jul 18 20:29:14 2023 [Global] PCRouter (Yellow): VAMOS VAGA
Tue Jul 18 20:29:14 2023 Harry (Purple) [Rifle] mm (Yellow)
Tue Jul 18 20:29:17 2023 [Global] PCRouter (Yellow): HOLAA
Tue Jul 18 20:29:18 2023 [Global] Vagabond (Purple): VAMOS ROUTER
Tue Jul 18 20:29:19 2023 [Global] Carreraaa (Purple): jesse
Tue Jul 18 20:29:20 2023 You have destroyed William's mine!
Tue Jul 18 20:29:24 2023 azahel83 (Yellow) [Headshot] EXOCET (Purple)
Tue Jul 18 20:29:27 2023 [Global] PCRouter (Yellow): JOIN YELLOW POR FAVORE
Tue Jul 18 20:29:27 2023 Player William has left
Tue Jul 18 20:29:28 2023 mm (Yellow) [Rifle] Harry (Purple)
Tue Jul 18 20:29:30 2023 [Global] Vagabond (Purple): OK
Tue Jul 18 20:29:31 2023 [Global] Pushiii --N (Yellow): router hablai español
Tue Jul 18 20:29:32 2023 PCRouter (Yellow) [Rifle] Vagabond (Purple)
Tue Jul 18 20:29:33 2023 PCRouter (Yellow) [Headshot] Deuce (Purple)
Tue Jul 18 20:29:34 2023 EXOCET (Purple) [Headshot] PCRouter (Yellow)
Tue Jul 18 20:29:36 2023 HEISENBERG (Purple) [Headshot] mm (Yellow)
Tue Jul 18 20:29:37 2023 Vagabond joined Yellow team
Tue Jul 18 20:29:37 2023 You have 1 medkit!
Tue Jul 18 20:29:38 2023 Red (Yellow) [Headshot] HEISENBERG (Purple)
Tue Jul 18 20:29:39 2023 [Global] Vagabond (Yellow): DONDE ESTA YERE TENGO NOTICIAS
Tue Jul 18 20:29:43 2023 [Global] PCRouter (Yellow): NON
Tue Jul 18 20:29:48 2023 [Global] ALANXD (Yellow): HOLA BROSSSSSS COMO ESTAN++
Tue Jul 18 20:29:49 2023 HEISENBERG joined Yellow team
Tue Jul 18 20:29:50 2023 Vagabond (Yellow) [Headshot] adrijuan (Purple)
Tue Jul 18 20:29:50 2023 PCRouter (Yellow) [Headshot] Deuce (Purple)
Tue Jul 18 20:29:50 2023 azahel83 (Yellow) [Headshot] sa (Purple)
Tue Jul 18 20:29:54 2023 [Global] Vagabond (Yellow): HOLAAAAAAAAA
Tue Jul 18 20:29:56 2023 PCRouter (Yellow) [Headshot] Carreraaa (Purple)
Tue Jul 18 20:30:01 2023  ALANXD has a kill-death ratio of 0.00 (0 kills, 1 deaths).
Tue Jul 18 20:30:01 2023  ALANXD removed 186 blocks in the last 2.0 minutes. All of them were map blocks. Last one
Tue Jul 18 20:30:01 2023  was destroyed less than a second ago.
Tue Jul 18 20:30:01 2023  Pushiii --N started a VOTEKICK against ALANXD. Say /Y to agree
Tue Jul 18 20:30:01 2023  Reason: no cap intel
Tue Jul 18 20:30:02 2023 EXOCET (Purple) [Headshot] azahel83 (Yellow)
Tue Jul 18 20:30:02 2023 [Global] PCRouter (Yellow): ICH SPRECHEN DEUTSCHE
Tue Jul 18 20:30:02 2023 Harry (Purple) [Headshot] Vagabond (Yellow)
Tue Jul 18 20:30:05 2023 [Global] azahel83 (Yellow): haaaaa
Tue Jul 18 20:30:07 2023 PCRouter (Yellow) [Headshot] Carreraaa (Purple)
Tue Jul 18 20:30:08 2023 [Global] HEISENBERG (Yellow): fuck
Tue Jul 18 20:30:09 2023 [Global] Pushiii --N (Yellow): do /y
Tue Jul 18 20:30:09 2023 [Global] azahel83 (Yellow): yo hablo espanol
Tue Jul 18 20:30:10 2023 [Global] HEISENBERG (Yellow): du auch?
Tue Jul 18 20:30:11 2023  Carreraaa voted YES
Tue Jul 18 20:30:11 2023 Harry (Purple) [Headshot] mm (Yellow)
Tue Jul 18 20:30:11 2023 [Global] HEISENBERG (Yellow): xD
Tue Jul 18 20:30:12 2023  PCRouter voted YES
Tue Jul 18 20:30:14 2023 [Global] Pushiii --N (Yellow): he have intel
Tue Jul 18 20:30:14 2023 sa (Purple) [Headshot] PCRouter (Yellow)
Tue Jul 18 20:30:17 2023 Harry (Purple) [Rifle] mm (Yellow)
Tue Jul 18 20:30:19 2023 Harry (Purple) [Headshot] Vagabond (Yellow)
Tue Jul 18 20:30:20 2023 azahel83 (Yellow) [SMG] Harry (Purple)
Tue Jul 18 20:30:22 2023 Pushiii --N (Yellow) [Headshot] sa (Purple)
Tue Jul 18 20:30:22 2023 Carreraaa (Purple) [Headshot] PCRouter (Yellow)
Tue Jul 18 20:30:23 2023 [Global] Vagabond (Yellow): du hast
Tue Jul 18 20:30:25 2023 You have 1 medkit!
Tue Jul 18 20:30:31 2023  Pushiii --N is votekicking ALANXD. /Y to vote (4 left)
Tue Jul 18 20:30:31 2023  Reason: no cap intel
Tue Jul 18 20:30:31 2023 [Global] PCRouter (Yellow): JA
Tue Jul 18 20:30:35 2023 [Global] Vagabond (Yellow): xd
Tue Jul 18 20:30:36 2023 [Global] Pushiii --N (Yellow):  do /y
Tue Jul 18 20:30:39 2023  Vagabond voted YES
Tue Jul 18 20:30:40 2023 HEISENBERG (Yellow) [Headshot] EXOCET (Purple)
Tue Jul 18 20:30:41 2023 [Global] PCRouter (Yellow): done
Tue Jul 18 20:30:47 2023 azahel83 (Yellow) [SMG] Harry (Purple)
Tue Jul 18 20:30:47 2023  HEISENBERG voted YES
Tue Jul 18 20:30:49 2023 You have 1 medkit!
Tue Jul 18 20:30:51 2023  Submit to women
Tue Jul 18 20:30:52 2023 azahel83 (Yellow) [Grenade] adrijuan (Purple)
Tue Jul 18 20:30:53 2023 Harry (Purple) [Headshot] PCRouter (Yellow)
Tue Jul 18 20:30:59 2023 Harry (Purple) [Rifle] azahel83 (Yellow)
Tue Jul 18 20:31:01 2023  Pushiii --N is votekicking ALANXD. /Y to vote (2 left)
Tue Jul 18 20:31:01 2023  Reason: no cap intel
Tue Jul 18 20:31:09 2023 [Global] Pushiii --N (Yellow):  do /y
Tue Jul 18 20:31:11 2023 Red (Yellow) [Headshot] adrijuan (Purple)
Tue Jul 18 20:31:12 2023 sa (Purple) [Rifle] azahel83 (Yellow)
Tue Jul 18 20:31:13 2023 HEISENBERG (Yellow) [Rifle] EXOCET (Purple)
Tue Jul 18 20:31:15 2023 PCRouter (Yellow) [Headshot] adrijuan (Purple)
Tue Jul 18 20:31:18 2023 EXOCET (Purple) [Headshot] HEISENBERG (Yellow)
Tue Jul 18 20:31:19 2023 PCRouter (Yellow) [Headshot] Carreraaa (Purple)
Tue Jul 18 20:31:20 2023 azahel83 (Yellow) [SMG] sa (Purple)
Tue Jul 18 20:31:20 2023 EXOCET (Purple) [Headshot] PCRouter (Yellow)
Tue Jul 18 20:31:26 2023 mm (Yellow) [Headshot] Harry (Purple)
Tue Jul 18 20:31:31 2023  Pushiii --N is votekicking ALANXD. /Y to vote (2 left)
Tue Jul 18 20:31:31 2023  Reason: no cap intel
Tue Jul 18 20:31:32 2023 ALANXD dropped Purple's Intel
Tue Jul 18 20:31:32 2023 sa (Purple) [Headshot] ALANXD (Yellow)
Tue Jul 18 20:31:33 2023 mm (Yellow) [Headshot] Deuce (Purple)
Tue Jul 18 20:31:34 2023 Red (Yellow) [Headshot] EXOCET (Purple)
Tue Jul 18 20:31:37 2023 You have 1 medkit!
Tue Jul 18 20:31:38 2023 HEISENBERG (Yellow) [Headshot] Deuce (Purple)
Tue Jul 18 20:31:39 2023 [Global] Pushiii --N (Yellow): oki
Tue Jul 18 20:31:40 2023 Vagabond (Yellow) [Headshot] EXOCET (Purple)
Tue Jul 18 20:31:44 2023 HEISENBERG (Yellow) [Headshot] Carreraaa (Purple)
Tue Jul 18 20:31:45 2023 HEISENBERG (Yellow) [Headshot] Harry (Purple)
Tue Jul 18 20:31:46 2023 [Global] Pushiii --N (Yellow): intel  is in the wall
Tue Jul 18 20:31:49 2023 You have 1 medkit!
Tue Jul 18 20:31:50 2023 HEISENBERG (Yellow) [Headshot] Carreraaa (Purple)
Tue Jul 18 20:31:51 2023 HEISENBERG (Yellow) [Headshot] Harry (Purple)
Tue Jul 18 20:31:52 2023 goyimtv.com (Purple) [Grenade] Pushiii --N (Yellow)
Tue Jul 18 20:31:52 2023 HEISENBERG (Yellow) [Headshot] Deuce (Purple)
Tue Jul 18 20:31:54 2023 HEISENBERG (Yellow) [Headshot] EXOCET (Purple)
Tue Jul 18 20:31:56 2023 sa (Purple) [Rifle] ALANXD (Yellow)
Tue Jul 18 20:32:01 2023 You have 1 medkit!
Tue Jul 18 20:32:01 2023  Votekick for ALANXD has ended. Votekick timed out
Tue Jul 18 20:32:02 2023 sa picked up Yellow's Intel.
Tue Jul 18 20:32:03 2023 Red (Yellow) [Rifle] Harry (Purple)
Tue Jul 18 20:32:03 2023 HEISENBERG (Yellow) [Headshot] EXOCET (Purple)
Tue Jul 18 20:32:06 2023 Carreraaa (Purple) [Headshot] HEISENBERG (Yellow)
Tue Jul 18 20:32:06 2023 sa dropped Yellow's Intel
Tue Jul 18 20:32:06 2023 ALANXD (Yellow) [Headshot] sa (Purple)
Tue Jul 18 20:32:09 2023 PCRouter picked up Purple's Intel.
Tue Jul 18 20:32:10 2023 Vagabond (Yellow) [SMG] Carreraaa (Purple)
Tue Jul 18 20:32:10 2023 Red (Yellow) [Headshot] Deuce (Purple)
Tue Jul 18 20:32:12 2023 PCRouter dropped Purple's Intel
Tue Jul 18 20:32:12 2023 goyimtv.com (Purple) [Grenade] PCRouter (Yellow)
Tue Jul 18 20:32:13 2023 You have 1 medkit!
Tue Jul 18 20:32:15 2023 Carreraaa (Purple) [Headshot] Pushiii --N (Yellow)
Tue Jul 18 20:32:16 2023 Vagabond (Yellow) [Headshot] Harry (Purple)
Tue Jul 18 20:32:16 2023 Carreraaa (Purple) [Headshot] Vagabond (Yellow)
Tue Jul 18 20:32:22 2023 Red (Yellow) [Headshot] Carreraaa (Purple)
Tue Jul 18 20:32:25 2023 You have 1 medkit!
Tue Jul 18 20:32:36 2023 azahel83 (Yellow) [Headshot] Carreraaa (Purple)
Tue Jul 18 20:32:43 2023 Harry (Purple) [Headshot] ALANXD (Yellow)
Tue Jul 18 20:32:47 2023 You have been healed
Tue Jul 18 20:32:54 2023 Carreraaa (Purple) [Headshot] azahel83 (Yellow)
Tue Jul 18 20:32:58 2023 PCRouter (Yellow) [Headshot] EXOCET (Purple)
Tue Jul 18 20:32:58 2023 PCRouter picked up Purple's Intel.
Tue Jul 18 20:33:01 2023 PCRouter (Yellow) [Rifle] Harry (Purple)
Tue Jul 18 20:33:02 2023 Carreraaa (Purple) [Headshot] Red (Yellow)
Tue Jul 18 20:33:04 2023 PCRouter dropped Purple's Intel
Tue Jul 18 20:33:04 2023 EXOCET (Purple) [Headshot] PCRouter (Yellow)
Tue Jul 18 20:33:09 2023 Player sa has left
Tue Jul 18 20:33:12 2023 azahel83 (Yellow) [SMG] Deuce (Purple)
Tue Jul 18 20:33:13 2023 You have 1 medkit!
Tue Jul 18 20:33:15 2023 EXOCET (Purple) [Headshot] R4mboXX (Yellow)
Tue Jul 18 20:33:21 2023 EXOCET (Purple) [Headshot] ALANXD (Yellow)
Tue Jul 18 20:33:22 2023 [Global] azahel83 (Yellow): nice fight deuce
Tue Jul 18 20:33:27 2023 Player Deuce has left
Tue Jul 18 20:33:31 2023 Vagabond (Yellow) [Grenade] Carreraaa (Purple)
Tue Jul 18 20:33:32 2023 EXOCET (Purple) [Headshot] Red (Yellow)
Tue Jul 18 20:33:33 2023 [Global] Vagabond (Yellow): xd
Tue Jul 18 20:33:45 2023 EXOCET (Purple) [Headshot] PCRouter (Yellow)
Tue Jul 18 20:33:46 2023 Vagabond (Yellow) [Headshot] Carreraaa (Purple)
Tue Jul 18 20:33:52 2023 HEISENBERG (Yellow) [Headshot] Carreraaa (Purple)
Tue Jul 18 20:34:11 2023 Carreraaa (Purple) [Headshot] Vagabond (Yellow)
Tue Jul 18 20:34:12 2023 mm (Yellow) [Rifle] Carreraaa (Purple)
Tue Jul 18 20:34:18 2023 HEISENBERG (Yellow) [Headshot] Carreraaa (Purple)
Tue Jul 18 20:34:24 2023 EXOCET (Purple) [Melee] Pushiii --N (Yellow)
Tue Jul 18 20:34:24 2023 PCRouter (Yellow) [Headshot] adrijuan (Purple)
Tue Jul 18 20:34:27 2023 HEISENBERG (Yellow) [Headshot] adrijuan (Purple)
Tue Jul 18 20:34:28 2023 Harry (Purple) [Headshot] azahel83 (Yellow)
Tue Jul 18 20:34:29 2023 HEISENBERG (Yellow) [Headshot] Carreraaa (Purple)
Tue Jul 18 20:34:30 2023 PCRouter (Yellow) [Headshot] EXOCET (Purple)
Tue Jul 18 20:34:36 2023 Harry (Purple) [Headshot] PCRouter (Yellow)
Tue Jul 18 20:34:50 2023 EXOCET (Purple) [Rifle] HEISENBERG (Yellow)
Tue Jul 18 20:34:51 2023 [Global] HEISENBERG (Yellow): xD
Tue Jul 18 20:34:56 2023 Carreraaa (Purple) [Headshot] Pushiii --N (Yellow)
Tue Jul 18 20:35:06 2023 EXOCET (Purple) [Rifle] PCRouter (Yellow)
Tue Jul 18 20:35:11 2023 Harry (Purple) [Headshot] Pushiii --N (Yellow)
Tue Jul 18 20:35:12 2023 adrijuan picked up Yellow's Intel.
Tue Jul 18 20:35:12 2023 adrijuan dropped Yellow's Intel
Tue Jul 18 20:35:12 2023 PCRouter (Yellow) [Grenade] adrijuan (Purple)
Tue Jul 18 20:35:16 2023 Vagabond (Yellow) [SMG] EXOCET (Purple)
Tue Jul 18 20:35:17 2023 EXOCET (Purple) [Grenade] Vagabond (Yellow)
Tue Jul 18 20:35:18 2023 Pipe3003 joined Purple team
Tue Jul 18 20:35:20 2023 [Global] Vagabond (Yellow): xd
Tue Jul 18 20:35:29 2023 Mines are already full! 3 mines available.
Tue Jul 18 20:35:31 2023 PCRouter (Yellow) [Fall]
Tue Jul 18 20:35:33 2023 Pushiii --N (Yellow) [Headshot] Carreraaa (Purple)
Tue Jul 18 20:35:36 2023 azahel83 (Yellow) [Grenade] Harry (Purple)
Tue Jul 18 20:35:36 2023 azahel83 (Yellow) [Grenade] Pipe3003 (Purple)
Tue Jul 18 20:35:37 2023 You have 1 medkit!
Tue Jul 18 20:35:39 2023 PCRouter (Yellow) [Grenade] adrijuan (Purple)
Tue Jul 18 20:35:45 2023 EXOCET (Purple) [Grenade] PCRouter (Yellow)
Tue Jul 18 20:35:45 2023 EXOCET (Purple) [Grenade]
Tue Jul 18 20:35:45 2023 unapersona joined Purple team
Tue Jul 18 20:35:54 2023 HEISENBERG (Yellow) [Grenade] unapersona (Purple)
Tue Jul 18 20:35:55 2023 Harry (Purple) [Grenade] Pushiii --N (Yellow)
Tue Jul 18 20:35:58 2023 Vagabond (Yellow) [Headshot] EXOCET (Purple)
Tue Jul 18 20:35:59 2023 Harry (Purple) [Headshot] Vagabond (Yellow)
Tue Jul 18 20:36:04 2023 [Global] Vagabond (Yellow): AHHHHHHHHHHHHHHH
Tue Jul 18 20:36:04 2023 mm (Yellow) [Headshot] unapersona (Purple)
Tue Jul 18 20:36:05 2023 Carreraaa (Purple) [Headshot] azahel83 (Yellow)
Tue Jul 18 20:36:06 2023 Player Vagabond has left
Tue Jul 18 20:36:09 2023 [Global] Pushiii --N (Yellow): now what
Tue Jul 18 20:36:12 2023 Harry (Purple) [Grenade] HEISENBERG (Yellow)
Tue Jul 18 20:36:13 2023 [Global] PCRouter (Yellow): we leave
Tue Jul 18 20:36:15 2023 [Global] PCRouter (Yellow): good bye
Tue Jul 18 20:36:16 2023 Player PCRouter has left
Tue Jul 18 20:36:32 2023 Player Red has left
Tue Jul 18 20:36:38 2023 Pushiii --N (Yellow) [Rifle] adrijuan (Purple)
Tue Jul 18 20:36:49 2023 Pushiii --N (Yellow) [Headshot] EXOCET (Purple)
Tue Jul 18 20:36:53 2023 [WARNING] Enemy air support heading to C5!
Tue Jul 18 20:36:56 2023 HEISENBERG (Yellow) [Grenade] adrijuan (Purple)
Tue Jul 18 20:36:56 2023 Harry (Purple) [Headshot] Pushiii --N (Yellow)
Tue Jul 18 20:37:03 2023 HEISENBERG (Yellow) [Grenade]
Tue Jul 18 20:37:03 2023 Pipe3003 (Purple) [Fall]
Tue Jul 18 20:37:05 2023 [Global] HEISENBERG (Yellow): xD
Tue Jul 18 20:37:10 2023 HEISENBERG (Yellow) [Grenade] adrijuan (Purple)
Tue Jul 18 20:37:18 2023 Harry (Purple) [Headshot] ALANXD (Yellow)
Tue Jul 18 20:37:22 2023 azahel83 (Yellow) [Grenade] Harry (Purple)
Tue Jul 18 20:37:23 2023 HEISENBERG (Yellow) [Headshot] Pipe3003 (Purple)
Tue Jul 18 20:37:25 2023 You have 1 medkit!
Tue Jul 18 20:37:26 2023 Pipe3003 (Purple) [Weapon Change]
Tue Jul 18 20:37:28 2023 Harry (Purple) [Headshot] HEISENBERG (Yellow)
Tue Jul 18 20:37:30 2023 [Global] ALANXD (Yellow): nouuuuuuuuu bro no
Tue Jul 18 20:37:34 2023 Harry (Purple) [Rifle] Pushiii --N (Yellow)
Tue Jul 18 20:37:37 2023 Vagabond joined Yellow team
Tue Jul 18 20:38:00 2023 HEISENBERG (Yellow) [Rifle] adrijuan (Purple)
Tue Jul 18 20:38:06 2023 HEISENBERG (Yellow) [Headshot] Harry (Purple)
Tue Jul 18 20:38:12 2023 HEISENBERG (Yellow) [Headshot] adrijuan (Purple)
Tue Jul 18 20:38:13 2023 You have 1 medkit!
Tue Jul 18 20:38:17 2023 Vagabond (Yellow) [Headshot] HEISENBERG (Yellow)
Tue Jul 18 20:38:25 2023 HEISENBERG (Yellow) [Headshot] adrijuan (Purple)
Tue Jul 18 20:38:26 2023 mm (Yellow) [Rifle] Pipe3003 (Purple)
Tue Jul 18 20:38:27 2023 Harry (Purple) [Headshot] HEISENBERG (Yellow)
Tue Jul 18 20:38:29 2023 Player Pipe3003 has left
Tue Jul 18 20:38:46 2023 HEISENBERG (Yellow) [Headshot] adrijuan (Purple)
Tue Jul 18 20:38:54 2023 Harry (Purple) [Headshot] azahel83 (Yellow)
Tue Jul 18 20:38:58 2023 R4mboXX (Yellow) [Fall]
Tue Jul 18 20:39:11 2023 Harry (Purple) [Headshot] HEISENBERG (Yellow)
Tue Jul 18 20:39:20 2023 EXOCET (Purple) [Headshot] Vagabond (Yellow)
Tue Jul 18 20:39:23 2023 HEISENBERG (Yellow) [Headshot] adrijuan (Purple)
Tue Jul 18 20:39:24 2023 HEISENBERG (Yellow) [Headshot] Harry (Purple)
Tue Jul 18 20:39:24 2023 EXOCET (Purple) [Headshot] HEISENBERG (Yellow)
Tue Jul 18 20:39:25 2023 You have 1 medkit!
Tue Jul 18 20:39:36 2023 adrijuan (Purple) [Headshot] Vagabond (Yellow)
Tue Jul 18 20:39:38 2023 ALANXD (Yellow) [SMG] adrijuan (Purple)
Tue Jul 18 20:39:40 2023 Player unapersona has left
Tue Jul 18 20:39:43 2023 EXOCET (Purple) [Headshot] HEISENBERG (Yellow)
Tue Jul 18 20:39:44 2023 EXOCET (Purple) [Headshot] Vagabond (Yellow)
Tue Jul 18 20:39:50 2023 [Global] HEISENBERG (Yellow): rip
Tue Jul 18 20:39:51 2023 [Global] Vagabond (Yellow): ah
Tue Jul 18 20:40:00 2023 adrijuan (Purple) [Grenade] ALANXD (Yellow)
Tue Jul 18 20:40:02 2023 EXOCET (Purple) [Headshot] HEISENBERG (Yellow)
Tue Jul 18 20:40:05 2023 Harry (Purple) [Rifle] Vagabond (Yellow)
Tue Jul 18 20:40:10 2023 You have been healed
Tue Jul 18 20:40:12 2023 [Global] Vagabond (Yellow): kkkkkkkkkkkkkkkkkkkkkkkkkkkkkkkkk
Tue Jul 18 20:40:14 2023 EXOCET (Purple) [Headshot] azahel83 (Yellow)
Tue Jul 18 20:40:17 2023 Harry (Purple) [Headshot] Pushiii --N (Yellow)
Tue Jul 18 20:40:18 2023 [Global] azahel83 (Yellow): haaaaaaa
Tue Jul 18 20:40:20 2023 nuts :) joined Purple team
Tue Jul 18 20:40:22 2023 nuts :) (Purple) [Team Change]
Tue Jul 18 20:40:25 2023 Carreraaa (Purple) [Headshot] mm (Yellow)
Tue Jul 18 20:40:25 2023 nuts :) joined Yellow team
Tue Jul 18 20:40:33 2023 Player Carreraaa has left
Tue Jul 18 20:40:42 2023 [Global] Pushiii --N (Yellow): nutella
Tue Jul 18 20:40:43 2023 Harry (Purple) [Headshot] Pushiii --N (Yellow)
Tue Jul 18 20:40:44 2023 nuts :) (Yellow) [Headshot] adrijuan (Purple)
Tue Jul 18 20:40:50 2023 [Global] nuts :) (Yellow): pussi
Tue Jul 18 20:40:51 2023 nuts :) (Yellow) [Rifle]
Tue Jul 18 20:40:54 2023 [Global] Pushiii --N (Yellow): hi
Tue Jul 18 20:40:55 2023 EXOCET (Purple) [Headshot] ALANXD (Yellow)
Tue Jul 18 20:40:56 2023 [Global] nuts :) (Yellow): hi
Tue Jul 18 20:41:01 2023 Harry (Purple) [Rifle] mm (Yellow)
Tue Jul 18 20:41:01 2023 ALANXD (Yellow) [Weapon Change]
Tue Jul 18 20:41:09 2023 You don't have any medkits or have full health!
Tue Jul 18 20:41:10 2023 azahel83 (Yellow) [Grenade] Harry (Purple)
Tue Jul 18 20:41:13 2023 You have 1 medkit!
Tue Jul 18 20:41:24 2023 azahel83 (Yellow) [SMG] adrijuan (Purple)
Tue Jul 18 20:41:26 2023 HEISENBERG (Yellow) [Grenade] Harry (Purple)
Tue Jul 18 20:41:28 2023 Player ALANXD has left
Tue Jul 18 20:41:36 2023 adrijuan (Purple) [Headshot] Vagabond (Yellow)
Tue Jul 18 20:41:37 2023 You have 1 medkit!
Tue Jul 18 20:41:42 2023 Harry (Purple) [Headshot] R4mboXX (Yellow)
Tue Jul 18 20:41:46 2023 Player R4mboXX has left
Tue Jul 18 20:41:53 2023 HEISENBERG (Yellow) [Headshot] EXOCET (Purple)
Tue Jul 18 20:42:03 2023 Harry (Purple) [Headshot] Vagabond (Yellow)
Tue Jul 18 20:42:06 2023 HEISENBERG (Yellow) [Headshot] adrijuan (Purple)
Tue Jul 18 20:42:10 2023 Harry (Purple) [Headshot] HEISENBERG (Yellow)
Tue Jul 18 20:42:17 2023 William joined Purple team
Tue Jul 18 20:42:30 2023 azahel83 (Yellow) [SMG] EXOCET (Purple)
Tue Jul 18 20:42:36 2023 Player HEISENBERG has left
Tue Jul 18 20:42:36 2023 [Global] Pushiii --N (Yellow): w
Tue Jul 18 20:42:51 2023 nuts :) (Yellow) [Rifle] Harry (Purple)
Tue Jul 18 20:42:58 2023 EXOCET (Purple) [Headshot] azahel83 (Yellow)
Tue Jul 18 20:43:01 2023 You have 1 medkit!
Tue Jul 18 20:43:06 2023 Vagabond (Yellow) [SMG] Pushiii --N (Yellow)
Tue Jul 18 20:43:09 2023 [Global] Vagabond (Yellow): xdddddddddddddddddd
Tue Jul 18 20:43:15 2023 [Global] Pushiii --N (Yellow): =c
Tue Jul 18 20:43:16 2023 [Global] Pushiii --N (Yellow): np
Tue Jul 18 20:43:22 2023 Pushiii --N killed you with a mine!
Tue Jul 18 20:43:22 2023 Pushiii --N (Yellow) [Grenade] Harry (Purple)
Tue Jul 18 20:43:23 2023 Player nuts :) has left
Tue Jul 18 20:43:25 2023 You have 1 medkit!
Tue Jul 18 20:43:50 2023 [Global] Pushiii --N (Yellow): Nou
Tue Jul 18 20:43:54 2023 a bomber plane joined Purple team
Tue Jul 18 20:43:57 2023 azahel83 (Yellow) [Grenade] Harry (Purple)
Tue Jul 18 20:44:01 2023 You have 1 medkit!
Tue Jul 18 20:44:03 2023 [Global] azahel83 (Yellow): die harry
Tue Jul 18 20:44:06 2023 adrijuan (Purple) [Grenade]
Tue Jul 18 20:44:12 2023 [Global] a bomber plane (Purple): finaly, a filled up hallway server
Tue Jul 18 20:44:22 2023 William (Purple) [Team Change]
Tue Jul 18 20:44:24 2023 a bomber plane (Purple) [Grenade]
Tue Jul 18 20:44:25 2023 William joined Yellow team
Tue Jul 18 20:44:26 2023 [Global] Vagabond (Yellow): i don like it
Tue Jul 18 20:44:32 2023 [Global] Pushiii --N (Yellow): what
Tue Jul 18 20:45:01 2023 Papa John joined Purple team
Tue Jul 18 20:45:03 2023 azahel83 (Yellow) [Headshot] Papa John (Purple)
Tue Jul 18 20:45:06 2023 [Global] Papa John (Purple): boy
Tue Jul 18 20:45:14 2023 Pushiii --N (Yellow) [Grenade] a bomber plane (Purple)
Tue Jul 18 20:45:33 2023 azahel83 (Yellow) [SMG] Harry (Purple)
Tue Jul 18 20:45:37 2023 You have 1 medkit!
Tue Jul 18 20:45:43 2023 Mines are already full! 3 mines available.
Tue Jul 18 20:45:43 2023 Papa John (Purple) [Headshot] William (Yellow)
Tue Jul 18 20:45:45 2023 Pushiii --N (Yellow) [Grenade] Papa John (Purple)
Tue Jul 18 20:45:53 2023 [Global] Vagabond (Yellow): hey william
Tue Jul 18 20:45:56 2023 Harry (Purple) [Headshot] Vagabond (Yellow)
Tue Jul 18 20:46:00 2023 EXOCET (Purple) [Grenade] William (Yellow)
Tue Jul 18 20:46:09 2023 Harry (Purple) [Rifle] Vagabond (Yellow)
Tue Jul 18 20:46:16 2023 Papa John picked up Yellow's Intel.
Tue Jul 18 20:46:20 2023 Papa John (Purple) [Headshot] William (Yellow)
Tue Jul 18 20:46:32 2023 Harry (Purple) [Grenade]
Tue Jul 18 20:46:37 2023 You have 1 medkit!
Tue Jul 18 20:46:39 2023 Papa John (Purple) [Headshot] Vagabond (Yellow)
Tue Jul 18 20:46:40 2023 EXOCET (Purple) [Headshot] William (Yellow)
Tue Jul 18 20:46:52 2023 Papa John dropped Yellow's Intel
Tue Jul 18 20:46:52 2023 azahel83 (Yellow) [Headshot] Papa John (Purple)
Tue Jul 18 20:46:53 2023 Harry (Purple) [Grenade] Vagabond (Yellow)
Tue Jul 18 20:46:55 2023 [Global] Pushiii --N (Yellow): go
Tue Jul 18 20:46:55 2023 Harry (Purple) [Headshot] azahel83 (Yellow)
Tue Jul 18 20:46:55 2023 [Global] Vagabond (Yellow): xd
Tue Jul 18 20:46:58 2023 mm (Yellow) [Headshot] adrijuan (Purple)
Tue Jul 18 20:47:07 2023 Vagabond (Yellow) [Headshot] Harry (Purple)
Tue Jul 18 20:47:07 2023 Papa John picked up Yellow's Intel.
Tue Jul 18 20:47:08 2023 Vagabond picked up Purple's Intel.
Tue Jul 18 20:47:09 2023 Papa John captured Yellow's Intel.
Tue Jul 18 20:47:10 2023 EXOCET (Purple) [Headshot] William (Yellow)
Tue Jul 18 20:47:13 2023 You have 1 medkit!
Tue Jul 18 20:47:14 2023 Vagabond (Yellow) [Headshot] adrijuan (Purple)
Tue Jul 18 20:47:16 2023 Vagabond dropped Purple's Intel
Tue Jul 18 20:47:16 2023 Papa John (Purple) [Headshot] Vagabond (Yellow)
Tue Jul 18 20:47:18 2023 Harry (Purple) [Headshot] Pushiii --N (Yellow)
Tue Jul 18 20:47:35 2023 Harry (Purple) [Headshot] Pushiii --N (Yellow)
Tue Jul 18 20:47:48 2023 Harry (Purple) [Headshot] William (Yellow)
Tue Jul 18 20:47:51 2023 PCRouter killed you with a mine!
Tue Jul 18 20:47:51 2023 Harry (Purple) [Grenade]
Tue Jul 18 20:47:56 2023 Papa John (Purple) [Headshot] William (Yellow)
Tue Jul 18 20:47:59 2023 adrijuan (Purple) [Grenade]
Tue Jul 18 20:47:59 2023 azahel83 (Yellow) [Fall]
Tue Jul 18 20:48:01 2023 You have 1 medkit!
Tue Jul 18 20:48:01 2023 Vagabond picked up Purple's Intel.
Tue Jul 18 20:48:02 2023 Pushiii --N (Yellow) [Headshot] a bomber plane (Purple)
Tue Jul 18 20:48:09 2023 EXOCET (Purple) [Headshot] William (Yellow)
Tue Jul 18 20:48:16 2023 Papa John (Purple) [Headshot] William (Yellow)
Tue Jul 18 20:48:19 2023 KirinDfira joined Purple team
Tue Jul 18 20:48:21 2023 William (Yellow) [Grenade] Papa John (Purple)
Tue Jul 18 20:48:24 2023 [Global] azahel83 (Yellow): how do i use a medickit
Tue Jul 18 20:48:25 2023 Vagabond (Yellow) [Headshot] Harry (Purple)
Tue Jul 18 20:48:32 2023 EXOCET (Purple) [Headshot] William (Yellow)
Tue Jul 18 20:48:32 2023 Vagabond (Yellow) [SMG] Papa John (Purple)
Tue Jul 18 20:48:37 2023 You have 1 medkit!
Tue Jul 18 20:48:38 2023 Vagabond dropped Purple's Intel
Tue Jul 18 20:48:38 2023 KirinDfira (Purple) [Headshot] Vagabond (Yellow)
Tue Jul 18 20:48:39 2023 [Global] Vagabond (Yellow): ah
Tue Jul 18 20:48:46 2023 Pushiii --N (Yellow) [SMG] adrijuan (Purple)
Tue Jul 18 20:48:49 2023 Vagabond (Yellow) [SMG] Papa John (Purple)
Tue Jul 18 20:48:51 2023 Pushiii --N picked up Purple's Intel.
Tue Jul 18 20:48:54 2023 Vagabond (Yellow) [SMG] Harry (Purple)
Tue Jul 18 20:48:55 2023 Vagabond (Yellow) [Headshot] KirinDfira (Purple)
Tue Jul 18 20:48:56 2023 BOQUITA PASION joined Yellow team
Tue Jul 18 20:48:57 2023 William (Yellow) [Melee] EXOCET (Purple)
Tue Jul 18 20:49:01 2023 You have 1 medkit!
Tue Jul 18 20:49:06 2023 lautaro92 joined Spectator team
Tue Jul 18 20:49:08 2023 Vagabond (Yellow) [Headshot] adrijuan (Purple)
Tue Jul 18 20:49:12 2023 azahel83 (Yellow) [SMG] Harry (Purple)
Tue Jul 18 20:49:12 2023 Pushiii --N captured Purple's Intel.
Tue Jul 18 20:49:12 2023 Papa John (Purple) [Headshot] Vagabond (Yellow)
Tue Jul 18 20:49:13 2023 You have 1 medkit!
Tue Jul 18 20:49:13 2023 azahel83 (Yellow) [Grenade] Papa John (Purple)
Tue Jul 18 20:49:19 2023 Player Papa John has left
Tue Jul 18 20:49:27 2023 Harry (Purple) [Headshot] BOQUITA PASION (Yellow)
Tue Jul 18 20:49:29 2023 EXOCET (Purple) [Headshot] azahel83 (Yellow)
Tue Jul 18 20:49:34 2023 [Global] azahel83 (Yellow): dam
Tue Jul 18 20:49:34 2023 Pushiii --N (Yellow) [Headshot] Harry (Purple)
Tue Jul 18 20:49:37 2023 You have 1 medkit!
Tue Jul 18 20:49:43 2023 Vagabond (Yellow) [Headshot] adrijuan (Purple)
Tue Jul 18 20:49:43 2023 Harry (Purple) [Headshot] Vagabond (Yellow)
Tue Jul 18 20:49:45 2023 Pushiii --N (Yellow) [Headshot] Harry (Purple)
Tue Jul 18 20:49:48 2023 [Global] azahel83 (Yellow): eu how do i use the medkit ?
Tue Jul 18 20:49:49 2023 You have 1 medkit!
Tue Jul 18 20:49:57 2023 Pushiii --N (Yellow) [SMG] Harry (Purple)
Tue Jul 18 20:50:00 2023 [Global] adrijuan (Purple): jajajajajajajajajajajajajajajajajjajajajajajajajajajajaajajajajajajajajjajaajjajjajajajajajajajajajajajajajajajajajajjajaj
Tue Jul 18 20:50:01 2023 You have 1 medkit!
Tue Jul 18 20:50:05 2023 Pushiii --N (Yellow) [Headshot] Harry (Purple)
Tue Jul 18 20:50:09 2023 EXOCET (Purple) [Rifle] Vagabond (Yellow)
Tue Jul 18 20:50:13 2023 You have 1 medkit!
Tue Jul 18 20:50:23 2023 Harry (Purple) [Rifle] Pushiii --N (Yellow)
Tue Jul 18 20:50:25 2023 azahel83 (Yellow) [SMG] EXOCET (Purple)
Tue Jul 18 20:50:36 2023 pepelotomer joined Purple team
Tue Jul 18 20:50:37 2023 azahel83 (Yellow) [Grenade] Harry (Purple)
Tue Jul 18 20:50:45 2023 azahel83 (Yellow) [Grenade] adrijuan (Purple)
Tue Jul 18 20:50:49 2023 You have 1 medkit!
Tue Jul 18 20:50:56 2023 azahel83 (Yellow) [SMG] adrijuan (Purple)
Tue Jul 18 20:51:03 2023 EXOCET (Purple) [Headshot] azahel83 (Yellow)
Tue Jul 18 20:51:06 2023 mm (Yellow) [Headshot] EXOCET (Purple)
Tue Jul 18 20:51:10 2023 nuts :) joined Spectator team
Tue Jul 18 20:51:24 2023 adrijuan (Purple) [Rifle] Vagabond (Yellow)
Tue Jul 18 20:51:26 2023 Vagabond (Yellow) [Grenade] adrijuan (Purple)
Tue Jul 18 20:51:37 2023 Vagabond killed you with a mine!
Tue Jul 18 20:51:37 2023 Vagabond (Yellow) [Grenade] Harry (Purple)
Tue Jul 18 20:51:38 2023 Player lautaro92 has left
Tue Jul 18 20:51:46 2023 BOQUITA PASION (Yellow) [SMG] adrijuan (Purple)
Tue Jul 18 20:51:49 2023 You have 1 medkit!
Tue Jul 18 20:51:51 2023 Harry (Purple) [Headshot] BOQUITA PASION (Yellow)
Tue Jul 18 20:51:53 2023 Pushiii --N (Yellow) [Grenade] adrijuan (Purple)
Tue Jul 18 20:51:54 2023 Pushiii --N (Yellow) [Grenade] Harry (Purple)
Tue Jul 18 20:51:59 2023 EXOCET (Purple) [Headshot] Vagabond (Yellow)
Tue Jul 18 20:52:01 2023 You have 1 medkit!
Tue Jul 18 20:52:07 2023 EXOCET (Purple) [Headshot] Pushiii --N (Yellow)
Tue Jul 18 20:52:12 2023 Harry (Purple) [Headshot] Vagabond (Yellow)
Tue Jul 18 20:52:12 2023 Player Pushiii --N has left
Tue Jul 18 20:52:13 2023 Vagabond (Yellow) [Grenade] Harry (Purple)
Tue Jul 18 20:52:25 2023 You have 1 medkit!
Tue Jul 18 20:52:33 2023 BOQUITA PASION (Yellow) [SMG] EXOCET (Purple)
Tue Jul 18 20:52:34 2023 BOQUITA PASION (Yellow) [Headshot] Harry (Purple)
Tue Jul 18 20:52:37 2023 You have 1 medkit!
Tue Jul 18 20:52:38 2023 Player Vagabond has left
Tue Jul 18 20:52:39 2023 Harry (Purple) [Headshot] BOQUITA PASION (Yellow)
Tue Jul 18 20:52:46 2023 Player BOQUITA PASION has left
Tue Jul 18 20:52:47 2023 azahel83 (Yellow) [SMG] EXOCET (Purple)
Tue Jul 18 20:53:16 2023 azahel83 (Yellow) [SMG] Harry (Purple)
Tue Jul 18 20:53:21 2023 [Global] azahel83 (Yellow): harry dead
Tue Jul 18 20:53:25 2023 You have 1 medkit!
Tue Jul 18 20:53:32 2023 Player mm has left
Tue Jul 18 20:53:53 2023 Harry (Purple) [Headshot] azahel83 (Yellow)
Tue Jul 18 20:53:59 2023 [Global] azahel83 (Yellow): bad harry
Tue Jul 18 20:54:05 2023 KirinDfira (Purple) [Fall]
Tue Jul 18 20:54:14 2023 adrijuan (Purple) [Fall]
Tue Jul 18 20:54:24 2023 William (Yellow) [Headshot] a bomber plane (Purple)
Tue Jul 18 20:54:30 2023 [Global] a bomber plane (Purple): oof
Tue Jul 18 20:54:44 2023 azahel83 (Yellow) [SMG] EXOCET (Purple)
Tue Jul 18 20:54:55 2023 Pushiii --N killed you with a mine!
Tue Jul 18 20:54:55 2023 Harry (Purple) [Grenade]
Tue Jul 18 20:55:01 2023 You have 1 medkit!
Tue Jul 18 20:55:09 2023 nuts :) joined Yellow team
Tue Jul 18 20:55:10 2023 azahel83 (Yellow) [SMG] Harry (Purple)
Tue Jul 18 20:55:13 2023 You have 1 medkit!
Tue Jul 18 20:55:19 2023 nuts :) (Yellow) [Rifle] adrijuan (Purple)
Tue Jul 18 20:55:25 2023 EXOCET (Purple) [Weapon Change]
Tue Jul 18 20:55:28 2023 adrijuan (Purple) [Weapon Change]
Tue Jul 18 20:55:51 2023  The future is female
Tue Jul 18 20:55:51 2023 nuts :) (Yellow) [Headshot] KirinDfira (Purple)
Tue Jul 18 20:56:18 2023 [Team] KirinDfira (Purple): HOW DO I SWITCH GUN?
Tue Jul 18 20:56:21 2023 nuts :) (Yellow) [Weapon Change]
Tue Jul 18 20:56:23 2023 azahel83 (Yellow) [SMG] EXOCET (Purple)
Tue Jul 18 20:56:36 2023 nuts :) (Yellow) [Headshot] Harry (Purple)
Tue Jul 18 20:56:37 2023 You have 1 medkit!
Tue Jul 18 20:56:38 2023 [Global] azahel83 (Yellow): bye had to go
Tue Jul 18 20:56:40 2023 azahel83 (Yellow) [SMG] pepelotomer (Purple)
Tue Jul 18 20:56:43 2023 [Global] nuts :) (Yellow): bye azahel
Tue Jul 18 20:56:46 2023 Player azahel83 has left
Tue Jul 18 20:56:47 2023 nuts :) (Yellow) [SMG] adrijuan (Purple)
Tue Jul 18 20:56:55 2023 Player nuts :) has left
Tue Jul 18 20:56:58 2023 William (Yellow) [Headshot] Harry (Purple)
Tue Jul 18 20:57:01 2023 You have 1 medkit!
Tue Jul 18 20:57:07 2023 Disconnecting
