Wed Aug  9 07:39:09 2023 ------ World Loaded ------
Wed Aug  9 07:39:09 2023 coco joined Blue team
Wed Aug  9 07:39:09 2023 Blockhead (Red) [SMG]
Wed Aug  9 07:39:09 2023 [Global] PCRouter (Red): hello coco
Wed Aug  9 07:39:09 2023 Welcome to aloha.pk tower of babel
Wed Aug  9 07:39:11 2023 Map: Ellipsis by ei8htx
Wed Aug  9 07:39:13 2023 Game mode: Tower of Babel by Yourself, modified by izzy
Wed Aug  9 07:39:14 2023 piotr333 (Red) [Shotgun] Wesley (Blue)
Wed Aug  9 07:39:15 2023 Build a tower to get the enemy's intel. Take it to your team's tent to win!
Wed Aug  9 07:39:17 2023  Build a tower to get the enemy's intel. Take it to your team's tent to win!
Wed Aug  9 07:39:17 2023 Visit our community forums at https://aloha.pk/
Wed Aug  9 07:39:19 2023 Come chat with us at https://discord.aloha.pk/
Wed Aug  9 07:39:19 2023 [Global] coco (Blue): hey
Wed Aug  9 07:39:33 2023 mollykuty· joined Red team
Wed Aug  9 07:39:42 2023 coco picked up Red's Intel.
Wed Aug  9 07:39:47 2023  Type /HELP for info & commands
Wed Aug  9 07:39:48 2023 Chris (Blue) [Headshot] PCRouter (Red)
Wed Aug  9 07:39:50 2023 Player mollykuty· has left
Wed Aug  9 07:39:51 2023 [AVG] John Cena joined Red team
Wed Aug  9 07:39:53 2023 Blockhead (Red) [Team Change]
Wed Aug  9 07:39:54 2023 [Global] Chris (Blue): lol
Wed Aug  9 07:39:54 2023 [Global] PCRouter (Red): wtf
Wed Aug  9 07:39:58 2023 sov1 (Red) [Headshot] Chris (Blue)
Wed Aug  9 07:40:01 2023 Blockhead joined Spectator team
Wed Aug  9 07:40:01 2023 [AVG] John Cena (Red) [Rifle] Shooter (Blue)
Wed Aug  9 07:40:03 2023 coco captured Red's Intel.
Wed Aug  9 07:40:05 2023 Slurm joined Blue team
Wed Aug  9 07:40:06 2023 sov1 (Red) [Headshot] Harry (Blue)
Wed Aug  9 07:40:07 2023 Roblox Queen joined Red team
Wed Aug  9 07:40:17 2023  Visit our community forums at https://aloha.pk/
Wed Aug  9 07:40:26 2023 piotr333 (Red) [Headshot] Chris (Blue)
Wed Aug  9 07:40:31 2023 Player PCRouter has left
Wed Aug  9 07:40:32 2023 coco picked up Red's Intel.
Wed Aug  9 07:40:35 2023 Harry (Blue) [Headshot] sov1 (Red)
Wed Aug  9 07:40:36 2023 Shooter (Blue) [Rifle]
Wed Aug  9 07:40:36 2023 mollykuty· joined Red team
Wed Aug  9 07:40:41 2023 [Global] Chris (Blue): stop fucking up the stairs
Wed Aug  9 07:40:45 2023 Harry (Blue) [Headshot] mollykuty· (Red)
Wed Aug  9 07:40:46 2023 YOUNES..YT joined Blue team
Wed Aug  9 07:40:46 2023 sov1 (Red) [SMG] Born (Blue)
Wed Aug  9 07:40:47 2023  Come chat with us at https://discord.aloha.pk/
Wed Aug  9 07:40:51 2023 Harry (Blue) [Headshot] sov1 (Red)
Wed Aug  9 07:40:51 2023 Slurm (Blue) [Headshot] [AVG] John Cena (Red)
Wed Aug  9 07:40:52 2023 Slurm (Blue) [Grenade] BOT_prog (Red)
Wed Aug  9 07:40:54 2023 coco captured Red's Intel.
Wed Aug  9 07:40:57 2023 Player sov1 has left
Wed Aug  9 07:40:57 2023 iguroojasajs  joined Red team
Wed Aug  9 07:41:00 2023 Slurm picked up Red's Intel.
Wed Aug  9 07:41:02 2023 piotr333 (Red) [Fall]
Wed Aug  9 07:41:06 2023 BOT_prog (Red) [Team Change]
Wed Aug  9 07:41:07 2023 iguroojasajs  (Red) [Headshot] Harry (Blue)
Wed Aug  9 07:41:08 2023 Born (Blue) [SMG] Woodpecker (Red)
Wed Aug  9 07:41:13 2023 BOT_prog joined Blue team
Wed Aug  9 07:41:16 2023 [Global] Born (Blue): This team is so shit
Wed Aug  9 07:41:17 2023  If you believe a player is breaking the rules, please let us know with /ADMIN
Wed Aug  9 07:41:24 2023 Y.O.B.A. joined Red team
Wed Aug  9 07:41:25 2023 Harry (Blue) [Headshot] iguroojasajs  (Red)
Wed Aug  9 07:41:27 2023 piotr333 (Red) [Shotgun] Harry (Blue)
Wed Aug  9 07:41:28 2023 [AVG] John Cena (Red) [Fall]
Wed Aug  9 07:41:29 2023 Slurm captured Red's Intel.
Wed Aug  9 07:41:30 2023 [Global] [AVG] John Cena (Red): wtf
Wed Aug  9 07:41:32 2023 coco picked up Red's Intel.
Wed Aug  9 07:41:33 2023 Player Roblox Queen has left
Wed Aug  9 07:41:41 2023 mollykuty· (Red) [Rifle]
Wed Aug  9 07:41:43 2023 Y.O.B.A. (Red) [SMG] BOT_prog (Blue)
Wed Aug  9 07:41:47 2023  Mahalo for playing aloha.pk tower of babel
Wed Aug  9 07:41:49 2023 piotr333 (Red) [Shotgun] Wesley (Blue)
Wed Aug  9 07:41:55 2023 coco captured Red's Intel.
Wed Aug  9 07:41:56 2023 [AVG] John Cena (Red) [Rifle]
Wed Aug  9 07:41:58 2023 Denixx joined Red team
Wed Aug  9 07:42:01 2023 piotr333 (Red) [Headshot] Born (Blue)
Wed Aug  9 07:42:07 2023 Slurm (Blue) [Grenade] Denixx (Red)
Wed Aug  9 07:42:11 2023 Slurm (Blue) [SMG] [AVG] John Cena (Red)
Wed Aug  9 07:42:11 2023 Kiskaszas joined Red team
Wed Aug  9 07:42:15 2023 [Team] Born (Blue): IN OUR PILLER LEFT FAR ONE
Wed Aug  9 07:42:15 2023 [Global] [AVG] John Cena (Red): scum
Wed Aug  9 07:42:16 2023 iguroojasajs  (Red) [Headshot] BOT_prog (Blue)
Wed Aug  9 07:42:16 2023 Noxi joined Red team
Wed Aug  9 07:42:17 2023  Build a tower to get the enemy's intel. Take it to your team's tent to win!
Wed Aug  9 07:42:18 2023 Woodpecker (Red) [Headshot] Harry (Blue)
Wed Aug  9 07:42:19 2023 Slurm picked up Red's Intel.
Wed Aug  9 07:42:20 2023 Roblox Queen joined Blue team
Wed Aug  9 07:42:25 2023 [Global] Slurm (Blue): poopp butt
Wed Aug  9 07:42:27 2023 iguroojasajs  (Red) [Headshot] YOUNES..YT (Blue)
Wed Aug  9 07:42:30 2023 Y.O.B.A. (Red) [Headshot] Wesley (Blue)
Wed Aug  9 07:42:33 2023 [AVG] John Cena (Red) [Headshot] coco (Blue)
Wed Aug  9 07:42:33 2023 Born (Blue) [Melee] piotr333 (Red)
Wed Aug  9 07:42:42 2023 Harry (Blue) [Rifle] Noxi (Red)
Wed Aug  9 07:42:43 2023 Y.O.B.A. (Red) [Headshot] Harry (Blue)
Wed Aug  9 07:42:45 2023 Player Noxi has left
Wed Aug  9 07:42:47 2023  Type /HELP for info & commands
Wed Aug  9 07:42:47 2023 Stein joined Red team
Wed Aug  9 07:42:48 2023 iguroojasajs  (Red) [Headshot] BOT_prog (Blue)
Wed Aug  9 07:42:49 2023  conda was kicked: Inactive for 10 minutes
Wed Aug  9 07:42:49 2023 Player conda has left
Wed Aug  9 07:42:50 2023 Born (Blue) [Headshot] iguroojasajs  (Red)
Wed Aug  9 07:42:54 2023 Slurm captured Red's Intel.
Wed Aug  9 07:42:54 2023  With 1322 blocks placed, Born is granted the right to unleash the apocalypse.
Wed Aug  9 07:42:54 2023 Born (Blue) [Headshot] Woodpecker (Red)
Wed Aug  9 07:42:58 2023 Kiskaszas (Red) [Rifle]
Wed Aug  9 07:42:58 2023 Y.O.B.A. (Red) [Team Change]
Wed Aug  9 07:43:01 2023 Y.O.B.A. joined Blue team
Wed Aug  9 07:43:03 2023 BOT_prog (Blue) [SMG] piotr333 (Red)
Wed Aug  9 07:43:04 2023 Woodpecker (Red) [Weapon Change]
Wed Aug  9 07:43:06 2023 coco picked up Red's Intel.
Wed Aug  9 07:43:07 2023 Harry (Blue) [Headshot] Stein (Red)
Wed Aug  9 07:43:10 2023 [Global] Stein (Red): Guys! guys!
Wed Aug  9 07:43:15 2023 BOT_prog (Blue) [Headshot] Denixx (Red)
Wed Aug  9 07:43:17 2023  Visit our community forums at https://aloha.pk/
Wed Aug  9 07:43:18 2023 Wesley (Blue) [Fall]
Wed Aug  9 07:43:19 2023 [Global] Stein (Red): did you know Y.O.B.A is gay?
Wed Aug  9 07:43:22 2023 piotr333 (Red) [Headshot] Harry (Blue)
Wed Aug  9 07:43:25 2023 [AVG] John Cena (Red) [Rifle] Shooter (Blue)
Wed Aug  9 07:43:28 2023 coco captured Red's Intel.
Wed Aug  9 07:43:29 2023 [Global] [AVG] John Cena (Red): no
Wed Aug  9 07:43:33 2023 [Global] Stein (Red): He's
Wed Aug  9 07:43:34 2023 [Global] Born (Blue): Did he kiss you?
Wed Aug  9 07:43:36 2023 Player Wesley has left
Wed Aug  9 07:43:37 2023 Roblox Queen picked up Red's Intel.
Wed Aug  9 07:43:37 2023 CΘsar joined Red team
Wed Aug  9 07:43:38 2023 iguroojasajs  (Red) [Melee] BOT_prog (Blue)
Wed Aug  9 07:43:40 2023 Harry (Blue) [Headshot] piotr333 (Red)
Wed Aug  9 07:43:42 2023 YOUNES..YT (Blue) [Fall]
Wed Aug  9 07:43:43 2023 Stein (Red) [Headshot] Harry (Blue)
Wed Aug  9 07:43:47 2023  Come chat with us at https://discord.aloha.pk/
Wed Aug  9 07:43:50 2023 [AVG] John Cena (Red) [Headshot] Slurm (Blue)
Wed Aug  9 07:43:51 2023 Chris (Blue) [Headshot] Woodpecker (Red)
Wed Aug  9 07:43:53 2023 iguroojasajs  (Red) [Headshot] Shooter (Blue)
Wed Aug  9 07:43:56 2023 coco (Blue) [Headshot] Denixx (Red)
Wed Aug  9 07:44:03 2023 coco (Blue) [SMG] CΘsar (Red)
Wed Aug  9 07:44:07 2023 Harry (Blue) [Headshot] iguroojasajs  (Red)
Wed Aug  9 07:44:09 2023 Stein (Red) [Headshot] BOT_prog (Blue)
Wed Aug  9 07:44:09 2023 mollykuty· (Red) [Headshot] YOUNES..YT (Blue)
Wed Aug  9 07:44:10 2023 Chris (Blue) [Headshot] piotr333 (Red)
Wed Aug  9 07:44:11 2023 Roblox Queen captured Red's Intel.
Wed Aug  9 07:44:15 2023 Stein (Red) [Headshot] Harry (Blue)
Wed Aug  9 07:44:17 2023  If you believe a player is breaking the rules, please let us know with /ADMIN
Wed Aug  9 07:44:20 2023 [Global] piotr333 (Red): noob team
Wed Aug  9 07:44:20 2023 Denixx (Red) [Headshot] Shooter (Blue)
Wed Aug  9 07:44:21 2023 coco picked up Red's Intel.
Wed Aug  9 07:44:22 2023 BOT_prog (Blue) [Headshot] Denixx (Red)
Wed Aug  9 07:44:32 2023 CΘsar (Red) [Grenade]
Wed Aug  9 07:44:36 2023 mollykuty· (Red) [Headshot] Y.O.B.A. (Blue)
Wed Aug  9 07:44:36 2023 Wesley joined Blue team
Wed Aug  9 07:44:38 2023 Slurm (Blue) [Headshot] Kiskaszas (Red)
Wed Aug  9 07:44:38 2023 coco dropped Red's Intel
Wed Aug  9 07:44:38 2023  The intel has returned to the heavens
Wed Aug  9 07:44:38 2023 Woodpecker (Red) [Headshot] coco (Blue)
Wed Aug  9 07:44:42 2023 [Global] Chris (Blue): imagine loosing to a noob team
Wed Aug  9 07:44:44 2023 Slurm picked up Red's Intel.
Wed Aug  9 07:44:45 2023 Harry (Blue) [Headshot] Denixx (Red)
Wed Aug  9 07:44:45 2023 BOT_prog (Blue) [Headshot] CΘsar (Red)
Wed Aug  9 07:44:47 2023  Mahalo for playing aloha.pk tower of babel
Wed Aug  9 07:44:49 2023 iguroojasajs  (Red) [Rifle] BOT_prog (Blue)
Wed Aug  9 07:44:53 2023 Stein (Red) [Headshot] Shooter (Blue)
Wed Aug  9 07:44:53 2023 Born (Blue) [SMG] iguroojasajs  (Red)
Wed Aug  9 07:44:57 2023 piotr333 (Red) [SMG]
Wed Aug  9 07:45:06 2023 Woodpecker (Red) [Headshot] Wesley (Blue)
Wed Aug  9 07:45:07 2023 Stein (Red) [Headshot] Harry (Blue)
Wed Aug  9 07:45:09 2023 BOT_prog (Blue) [SMG] Woodpecker (Red)
Wed Aug  9 07:45:10 2023 Slurm captured Red's Intel.
Wed Aug  9 07:45:11 2023 Roblox Queen picked up Red's Intel.
Wed Aug  9 07:45:15 2023 Shooter (Blue) [Weapon Change]
Wed Aug  9 07:45:17 2023  Build a tower to get the enemy's intel. Take it to your team's tent to win!
Wed Aug  9 07:45:18 2023 Y.O.B.A. (Blue) [Headshot] Denixx (Red)
Wed Aug  9 07:45:19 2023 CΘsar (Red) [Rifle] BOT_prog (Blue)
Wed Aug  9 07:45:20 2023 Roblox Queen dropped Red's Intel
Wed Aug  9 07:45:20 2023  The intel has returned to the heavens
Wed Aug  9 07:45:20 2023 Roblox Queen (Blue) [Fall]
Wed Aug  9 07:45:20 2023 Harry (Blue) [Headshot] piotr333 (Red)
Wed Aug  9 07:45:20 2023 Player Denixx has left
Wed Aug  9 07:45:24 2023 YOUNES..YT (Blue) [Headshot] mollykuty· (Red)
Wed Aug  9 07:45:26 2023 Player Kiskaszas has left
Wed Aug  9 07:45:32 2023 CΘsar (Red) [Headshot] Chris (Blue)
Wed Aug  9 07:45:32 2023 AlejandroX1037 joined Red team
Wed Aug  9 07:45:34 2023 iguroojasajs  (Red) [Melee] YOUNES..YT (Blue)
Wed Aug  9 07:45:36 2023 Stein (Red) [Headshot] Harry (Blue)
Wed Aug  9 07:45:36 2023 Slurm picked up Red's Intel.
Wed Aug  9 07:45:41 2023 Stein (Red) [SMG] Shooter (Blue)
Wed Aug  9 07:45:42 2023 BOT_prog (Blue) [SMG] CΘsar (Red)
Wed Aug  9 07:45:42 2023 Woodpecker (Red) [Weapon Change]
Wed Aug  9 07:45:43 2023 Stein (Red) [Headshot] Wesley (Blue)
Wed Aug  9 07:45:47 2023  Type /HELP for info & commands
Wed Aug  9 07:45:54 2023 iguroojasajs  (Red) [Headshot] Chris (Blue)
Wed Aug  9 07:46:00 2023 BOT_prog (Blue) [SMG] piotr333 (Red)
Wed Aug  9 07:46:02 2023 Player [AVG] John Cena has left
Wed Aug  9 07:46:15 2023 Harry (Blue) [Headshot] AlejandroX1037 (Red)
Wed Aug  9 07:46:17 2023 Slurm captured Red's Intel.
Wed Aug  9 07:46:17 2023  Visit our community forums at https://aloha.pk/
Wed Aug  9 07:46:17 2023 Stein (Red) [Headshot] Harry (Blue)
Wed Aug  9 07:46:17 2023 mollykuty· (Red) [Fall]
Wed Aug  9 07:46:20 2023 Stein (Red) [Headshot] Shooter (Blue)
Wed Aug  9 07:46:26 2023 piotr333 (Red) [Headshot] BOT_prog (Blue)
Wed Aug  9 07:46:28 2023 iguroojasajs  (Red) [Headshot] YOUNES..YT (Blue)
Wed Aug  9 07:46:30 2023 coco (Blue) [SMG] CΘsar (Red)
Wed Aug  9 07:46:36 2023 Woodpecker (Red) [Headshot] Y.O.B.A. (Blue)
Wed Aug  9 07:46:43 2023 Slurm picked up Red's Intel.
Wed Aug  9 07:46:45 2023 Shooter (Blue) [Weapon Change]
Wed Aug  9 07:46:46 2023 Y.O.B.A. (Blue) [Headshot] Woodpecker (Red)
Wed Aug  9 07:46:47 2023  Come chat with us at https://discord.aloha.pk/
Wed Aug  9 07:46:51 2023 Slurm (Blue) [Grenade] AlejandroX1037 (Red)
Wed Aug  9 07:46:55 2023 CΘsar (Red) [SMG] Harry (Blue)
Wed Aug  9 07:46:55 2023 mollykuty· (Red) [Rifle]
Wed Aug  9 07:46:55 2023 coco (Blue) [Fall]
Wed Aug  9 07:46:57 2023 Player AlejandroX1037 has left
Wed Aug  9 07:47:00 2023 CΘsar (Red) [Headshot] Wesley (Blue)
Wed Aug  9 07:47:03 2023 [Global] Chris (Blue): gg ez
Wed Aug  9 07:47:11 2023  Born has unleashed an apocalypse from God.
Wed Aug  9 07:47:12 2023 Shooter (Blue) [SMG] CΘsar (Red)
Wed Aug  9 07:47:12 2023 Chris (Blue) [Headshot] Woodpecker (Red)
Wed Aug  9 07:47:13 2023 mollykuty· (Red) [Headshot] BOT_prog (Blue)
Wed Aug  9 07:47:13 2023  The apocalypse begins in 5
Wed Aug  9 07:47:13 2023 YOUNES..YT (Blue) [Grenade] iguroojasajs  (Red)
Wed Aug  9 07:47:14 2023 Chris (Blue) [Headshot] mollykuty· (Red)
Wed Aug  9 07:47:14 2023  The apocalypse begins in 4
Wed Aug  9 07:47:15 2023  The apocalypse begins in 3
Wed Aug  9 07:47:16 2023  The apocalypse begins in 2
Wed Aug  9 07:47:17 2023  If you believe a player is breaking the rules, please let us know with /ADMIN
Wed Aug  9 07:47:17 2023  The apocalypse begins in 1
Wed Aug  9 07:47:19 2023 Born (Blue) [Grenade] Stein (Red)
Wed Aug  9 07:47:20 2023 Born (Blue) [Grenade] iguroojasajs  (Red)
Wed Aug  9 07:47:20 2023 Born (Blue) [Grenade] CΘsar (Red)
Wed Aug  9 07:47:21 2023 Born (Blue) [Grenade] Woodpecker (Red)
Wed Aug  9 07:47:26 2023 Born (Blue) [Grenade] mollykuty· (Red)
Wed Aug  9 07:47:26 2023 Born (Blue) [Grenade] Stein (Red)
Wed Aug  9 07:47:26 2023 Born (Blue) [Grenade] iguroojasajs  (Red)
Wed Aug  9 07:47:28 2023 Born (Blue) [Grenade] CΘsar (Red)
Wed Aug  9 07:47:31 2023  The apocalypse has ended.
Wed Aug  9 07:47:35 2023 Slurm captured Red's Intel.
Wed Aug  9 07:47:35 2023 Blue Wins!
Wed Aug  9 07:47:35 2023  Game finished! Next map: newfort.
Wed Aug  9 07:47:37 2023 Harry (Blue) [Headshot] CΘsar (Red)
Wed Aug  9 07:47:37 2023 Slurm (Blue) [SMG] CΘsar (Red)
Wed Aug  9 07:47:37 2023 Y.O.B.A. (Blue) [SMG] CΘsar (Red)
Wed Aug  9 07:47:38 2023 Y.O.B.A. (Blue) [SMG] Woodpecker (Red)
Wed Aug  9 07:47:38 2023 Harry (Blue) [Headshot] Woodpecker (Red)
Wed Aug  9 07:47:38 2023 BOT_prog (Blue) [SMG] Woodpecker (Red)
Wed Aug  9 07:47:38 2023 iguroojasajs  (Red) [Headshot] Chris (Blue)
Wed Aug  9 07:47:38 2023 Y.O.B.A. (Blue) [SMG] Stein (Red)
Wed Aug  9 07:47:38 2023 BOT_prog (Blue) [SMG] Stein (Red)
Wed Aug  9 07:47:39 2023 BOT_prog (Blue) [SMG] Stein (Red)
Wed Aug  9 07:47:39 2023 Y.O.B.A. (Blue) [SMG] Stein (Red)
Wed Aug  9 07:47:39 2023 YOUNES..YT (Blue) [Fall]
Wed Aug  9 07:47:39 2023 Shooter (Blue) [Fall]
Wed Aug  9 07:47:40 2023 Y.O.B.A. (Blue) [Headshot] mollykuty· (Red)
Wed Aug  9 07:47:40 2023 piotr333 (Red) [SMG] Y.O.B.A. (Blue)
Wed Aug  9 07:47:40 2023 piotr333 (Red) [SMG] Wesley (Blue)
Wed Aug  9 07:47:41 2023 Born (Blue) [Fall]
Wed Aug  9 07:47:41 2023 iguroojasajs  (Red) [Headshot] Roblox Queen (Blue)
Wed Aug  9 07:47:43 2023 iguroojasajs  (Red) [Headshot] Harry (Blue)
Wed Aug  9 07:47:43 2023 coco (Blue) [Headshot] piotr333 (Red)
Wed Aug  9 07:47:43 2023 coco (Blue) [SMG] piotr333 (Red)
Wed Aug  9 07:47:45 2023 Slurm (Blue) [SMG] iguroojasajs  (Red)
Wed Aug  9 07:47:47 2023 ------ World Unloaded ------
Wed Aug  9 07:47:50 2023 Disconnecting
