Wed Dec 18 12:02:07 2024 ------ World Loaded ------
Wed Dec 18 12:02:08 2024 Welcome to aloha.pk tower of babel
Wed Dec 18 12:02:09 2024 Map: Alpine by Influx,Dany,Marshmello
Wed Dec 18 12:02:11 2024 Deuce (Red) [Team Change]
Wed Dec 18 12:02:11 2024 Game mode: babel
Wed Dec 18 12:02:12 2024 Qult--- () [Fall]
Wed Dec 18 12:02:12 2024 i will try (Blue) [Fall]
Wed Dec 18 12:02:12 2024 Deuce (Red) [Fall]
Wed Dec 18 12:02:12 2024 Deuce joined Spectator team
Wed Dec 18 12:02:13 2024 Build a tower to get the enemy's intel. Take it to your team's tent to win!
Wed Dec 18 12:02:15 2024 Visit our community forum at https://aloha.pk/
Wed Dec 18 12:02:17 2024 Come chat with us at https://discord.aloha.pk/
Wed Dec 18 12:02:21 2024 [Global] Goldorak (Blue): yeah, i knwo
Wed Dec 18 12:02:24 2024 [Global] Filet (Blue): Yes
Wed Dec 18 12:02:33 2024 Player Deuce has left
Wed Dec 18 12:02:36 2024 Deuce joined Red team
Wed Dec 18 12:02:45 2024 jebat ty mamu (Blue) [SMG] Harry (Red)
Wed Dec 18 12:02:51 2024 Filet (Blue) [Team Change]
Wed Dec 18 12:03:00 2024 jebat ty mamu (Blue) [Headshot] eee (Red)
Wed Dec 18 12:03:00 2024 Filet joined Red team
Wed Dec 18 12:03:05 2024 eee (Red) [Headshot] i will try (Blue)
Wed Dec 18 12:03:05 2024  Use /EMOTE to draw an emote on the map!
Wed Dec 18 12:03:07 2024 Player eee has left
Wed Dec 18 12:03:12 2024 [Global] i will try (Blue): i think everyone red left when i was almost done taking down their tower
Wed Dec 18 12:03:21 2024 [Global] i will try (Blue): those that know me here know what I can do with a spade
Wed Dec 18 12:03:33 2024 [Global] Goldorak (Blue): yeah, i know you can be a pain XD
Wed Dec 18 12:03:35 2024 Deuce (Red) [Melee] jebat ty mamu (Blue)
Wed Dec 18 12:03:39 2024 [Global] jebat ty mamu (Blue): what the fuck
Wed Dec 18 12:03:48 2024 Qult--- joined Blue team
Wed Dec 18 12:03:48 2024 [Global] i will try (Blue): whatever make's em dead in this game i always say
Wed Dec 18 12:03:58 2024 [Global] Goldorak (Blue): so am i and i was also destroying their tower
Wed Dec 18 12:04:01 2024 Deuce (Red) [Shotgun] Player1234 (Blue)
Wed Dec 18 12:04:04 2024 Qult--- (Blue) [Melee] Deuce (Red)
Wed Dec 18 12:04:05 2024  Use /HEAVEN to paint the babel platform!
Wed Dec 18 12:04:06 2024 [Global] i will try (Blue): i know
Wed Dec 18 12:04:15 2024 jebat ty mamu (Blue) [SMG] Harry (Red)
Wed Dec 18 12:04:18 2024 retry joined Red team
Wed Dec 18 12:04:19 2024 [Global] Goldorak (Blue): i understand, b ut i just did not see it happening
Wed Dec 18 12:04:20 2024 [Global] i will try (Blue): you got the 'last block' that toppled it down
Wed Dec 18 12:04:23 2024 Goldorak (Blue) [Fall]
Wed Dec 18 12:04:29 2024 jebat ty mamu (Blue) [Headshot] Deuce (Red)
Wed Dec 18 12:04:29 2024 [Global] Filet (Red): yea
Wed Dec 18 12:04:31 2024 Qult--- picked up Red's Intel.
Wed Dec 18 12:04:34 2024 [Team] Filet (Red): join us here in red 
Wed Dec 18 12:04:36 2024 [Global] i will try (Blue): oh i'm sneaky in this game
Wed Dec 18 12:04:36 2024 Harry (Red) [Headshot] jebat ty mamu (Blue)
Wed Dec 18 12:04:37 2024 [Global] Filet (Red): and we will rebuild
Wed Dec 18 12:04:39 2024 jebat ty mamu (Blue) [Grenade]
Wed Dec 18 12:04:41 2024 [Global] Goldorak (Blue): you are
Wed Dec 18 12:04:47 2024 [Global] Filet (Red): or just end this mapw
Wed Dec 18 12:04:47 2024 [Global] i will try (Blue): oh red that was a sweet tower
Wed Dec 18 12:04:47 2024 [Global] jebat ty mamu (Blue): what the actual fuck
Wed Dec 18 12:04:50 2024 [Global] Goldorak (Blue): Filet, no, i can't let you
Wed Dec 18 12:04:51 2024 [Global] i will try (Blue): totally fooled me
Wed Dec 18 12:04:56 2024 Qult--- captured Red's Intel.
Wed Dec 18 12:05:03 2024 Zom B  (Red) [Melee] jebat ty mamu (Blue)
Wed Dec 18 12:05:04 2024 [Global] jebat ty mamu (Blue): how i die of my own nade that I threw before respawn
Wed Dec 18 12:05:05 2024  Get a 20 killstreak and 1 intel capture(s) to unlock /APOC!
Wed Dec 18 12:05:09 2024 Qult--- (Blue) [Headshot] Deuce (Red)
Wed Dec 18 12:05:10 2024 Zom B  (Red) [Melee] Player1234 (Blue)
Wed Dec 18 12:05:10 2024 Qult--- (Blue) [Headshot] Harry (Red)
Wed Dec 18 12:05:12 2024 [Global] Goldorak (Blue): you herad that, i will try, red is building again
Wed Dec 18 12:05:15 2024 jebat ty mamu (Blue) [Headshot] Zom B  (Red)
Wed Dec 18 12:05:22 2024 Qult--- picked up Red's Intel.
Wed Dec 18 12:05:26 2024 Goldorak (Blue) [SMG] Harry (Red)
Wed Dec 18 12:05:29 2024 Goldorak (Blue) [Headshot] Deuce (Red)
Wed Dec 18 12:05:47 2024 Qult--- captured Red's Intel.
Wed Dec 18 12:05:48 2024 Zom B  (Red) [Headshot] Goldorak (Blue)
Wed Dec 18 12:05:51 2024 jebat ty mamu (Blue) [SMG] Filet (Red)
Wed Dec 18 12:05:54 2024 LizardWizard joined Blue team
Wed Dec 18 12:06:05 2024  Capture your team's 5th intel to unlock /APOC for your team's best builder!
Wed Dec 18 12:06:10 2024 Harry (Red) [Headshot] jebat ty mamu (Blue)
Wed Dec 18 12:06:11 2024 Qult--- picked up Red's Intel.
Wed Dec 18 12:06:11 2024 LizardWizard (Blue) [SMG] Deuce (Red)
Wed Dec 18 12:06:12 2024 Deuce (Red) [Grenade] LizardWizard (Blue)
Wed Dec 18 12:06:15 2024 LizardWizard (Blue) [Headshot] Harry (Red)
Wed Dec 18 12:06:16 2024 [Global] jebat ty mamu (Blue): yeah fuck this lag
Wed Dec 18 12:06:17 2024 Player jebat ty mamu has left
Wed Dec 18 12:06:38 2024  With 1943 blocks placed, Goldorak is granted the right to unleash the apocalypse.
Wed Dec 18 12:06:38 2024 Qult--- captured Red's Intel.
Wed Dec 18 12:06:44 2024 Goldorak picked up Red's Intel.
Wed Dec 18 12:06:56 2024 Filet (Red) [Grenade] Player1234 (Blue)
Wed Dec 18 12:06:58 2024 Qult--- (Blue) [Headshot] retry (Red)
Wed Dec 18 12:07:05 2024 LizardWizard (Blue) [Headshot] retry (Red)
Wed Dec 18 12:07:05 2024  Mahalo for playing aloha.pk tower of babel
Wed Dec 18 12:07:07 2024 Qult--- (Blue) [Headshot] Deuce (Red)
Wed Dec 18 12:07:14 2024 LizardWizard (Blue) [Headshot] Harry (Red)
Wed Dec 18 12:07:23 2024 Goldorak captured Red's Intel.
Wed Dec 18 12:07:25 2024 Qult--- (Blue) [Headshot] Filet (Red)
Wed Dec 18 12:07:29 2024 i will try picked up Red's Intel.
Wed Dec 18 12:07:44 2024 LizardWizard (Blue) [SMG] Deuce (Red)
Wed Dec 18 12:07:54 2024 i will try captured Red's Intel.
Wed Dec 18 12:08:02 2024 LizardWizard (Blue) [Headshot] Filet (Red)
Wed Dec 18 12:08:05 2024  Build a tower to get the enemy's intel. Take it to your team's tent to win!
Wed Dec 18 12:08:15 2024 Harry (Red) [Headshot] LizardWizard (Blue)
Wed Dec 18 12:08:16 2024 Goldorak picked up Red's Intel.
Wed Dec 18 12:08:16 2024 LizardWizard (Blue) [Grenade] Deuce (Red)
Wed Dec 18 12:08:25 2024 Player1234 (Blue) [Headshot] Filet (Red)
Wed Dec 18 12:08:27 2024 Deuce1 joined Blue team
Wed Dec 18 12:08:28 2024 [Global] Filet (Red): why
Wed Dec 18 12:08:28 2024 Player1234 (Blue) [SMG] Deuce (Red)
Wed Dec 18 12:08:29 2024 Player Deuce1 has left
Wed Dec 18 12:08:32 2024 Harry (Red) [Headshot] i will try (Blue)
Wed Dec 18 12:08:37 2024 [Global] i will try (Blue): ouch
Wed Dec 18 12:08:40 2024 Filet (Red) [Headshot] Player1234 (Blue)
Wed Dec 18 12:08:44 2024 [Global] Goldorak (Blue): almost over
Wed Dec 18 12:08:52 2024 Goldorak captured Red's Intel.
Wed Dec 18 12:09:05 2024 Martin joined Red team
Wed Dec 18 12:09:05 2024  Type /HELP for info & commands
Wed Dec 18 12:09:06 2024 Deuce1 joined Blue team
Wed Dec 18 12:09:06 2024 Harry (Red) [Headshot] Goldorak (Blue)
Wed Dec 18 12:09:09 2024 Player Deuce1 has left
Wed Dec 18 12:09:09 2024 i will try picked up Red's Intel.
Wed Dec 18 12:09:11 2024 LizardWizard (Blue) [SMG] Harry (Red)
Wed Dec 18 12:09:14 2024 Qult--- (Blue) [Headshot] Deuce (Red)
Wed Dec 18 12:09:22 2024 Player1234 (Blue) [SMG] Martin (Red)
Wed Dec 18 12:09:25 2024 Harry (Red) [Headshot] Player1234 (Blue)
Wed Dec 18 12:09:33 2024 i will try captured Red's Intel.
Wed Dec 18 12:09:43 2024 Qult--- picked up Red's Intel.
Wed Dec 18 12:09:43 2024 LizardWizard (Blue) [Headshot] Filet (Red)
Wed Dec 18 12:10:05 2024  Visit our community forums at https://aloha.pk/
Wed Dec 18 12:10:09 2024 Harry (Red) [Rifle] LizardWizard (Blue)
Wed Dec 18 12:10:11 2024 Qult--- captured Red's Intel.
Wed Dec 18 12:10:11 2024 Blue Wins!
Wed Dec 18 12:10:11 2024  Game finished! Next map: prauda.
Wed Dec 18 12:10:13 2024 Harry (Red) [Headshot] Player1234 (Blue)
Wed Dec 18 12:10:14 2024 Filet (Red) [Headshot] LizardWizard (Blue)
Wed Dec 18 12:10:14 2024 Goldorak (Blue) [Headshot] Zom B  (Red)
Wed Dec 18 12:10:15 2024 Harry (Red) [Headshot] Qult--- (Blue)
Wed Dec 18 12:10:15 2024 Martin (Red) [Headshot] Goldorak (Blue)
Wed Dec 18 12:10:15 2024 retry (Red) [Fall]
Wed Dec 18 12:10:15 2024 Player LizardWizard has left
Wed Dec 18 12:10:16 2024 i will try (Blue) [SMG] Deuce (Red)
Wed Dec 18 12:10:17 2024 Deuce (Red) [Grenade] i will try (Blue)
Wed Dec 18 12:10:19 2024 [Global] i will try (Blue): gg
Wed Dec 18 12:10:20 2024 Player i will try has left
Wed Dec 18 12:10:22 2024 ------ World Unloaded ------
Wed Dec 18 12:10:25 2024 ------ World Loaded ------
Wed Dec 18 12:10:25 2024 Welcome to aloha.pk tower of babel
Wed Dec 18 12:10:26 2024 Map: Prauda by onigiri
Wed Dec 18 12:10:27 2024 Martin joined Red team
Wed Dec 18 12:10:28 2024 Qult--- joined Blue team
Wed Dec 18 12:10:28 2024 Game mode: babel
Wed Dec 18 12:10:30 2024 Filet joined Red team
Wed Dec 18 12:10:30 2024 Build a tower to get the enemy's intel. Take it to your team's tent to win!
Wed Dec 18 12:10:32 2024 Visit our community forum at https://aloha.pk/
Wed Dec 18 12:10:33 2024 retry joined Blue team
Wed Dec 18 12:10:34 2024 Goldorak joined Red team
Wed Dec 18 12:10:34 2024 Come chat with us at https://discord.aloha.pk/
Wed Dec 18 12:10:35 2024 Player1234 joined Blue team
Wed Dec 18 12:10:42 2024 Deuce joined Red team
Wed Dec 18 12:11:04 2024 Martin (Red) [Headshot] retry (Blue)
Wed Dec 18 12:11:04 2024 Filet (Red) [Melee] Player1234 (Blue)
Wed Dec 18 12:11:05 2024 Martin (Red) [Headshot] Qult--- (Blue)
Wed Dec 18 12:11:05 2024  Come chat with us at https://discord.aloha.pk/
Wed Dec 18 12:11:15 2024 Martin (Red) [Headshot] retry (Blue)
Wed Dec 18 12:11:16 2024 Goldorak (Red) [Headshot] Player1234 (Blue)
Wed Dec 18 12:11:17 2024 Filet (Red) [Rifle] Qult--- (Blue)
Wed Dec 18 12:11:26 2024 Filet (Red) [Headshot] Player1234 (Blue)
Wed Dec 18 12:11:28 2024 Goldorak (Red) [SMG] Qult--- (Blue)
Wed Dec 18 12:11:30 2024 Goldorak (Red) [SMG] retry (Blue)
Wed Dec 18 12:11:36 2024 You must be closer to the enemy's base to grenade blocks!
Wed Dec 18 12:11:37 2024 Goldorak (Red) [SMG] retry (Blue)
Wed Dec 18 12:11:37 2024 Filet (Red) [Headshot] Qult--- (Blue)
Wed Dec 18 12:11:39 2024 Filet (Red) [Headshot] Player1234 (Blue)
Wed Dec 18 12:11:43 2024 You must be closer to the enemy's base to grenade blocks!
Wed Dec 18 12:11:49 2024 Filet (Red) [Headshot] retry (Blue)
Wed Dec 18 12:11:52 2024 Filet (Red) [Rifle] Qult--- (Blue)
Wed Dec 18 12:11:59 2024 Goldorak (Red) [Team Change]
Wed Dec 18 12:12:00 2024 Qult--- joined Spectator team
Wed Dec 18 12:12:00 2024 Goldorak joined Blue team
Wed Dec 18 12:12:02 2024 Martin (Red) [Headshot] retry (Blue)
Wed Dec 18 12:12:03 2024 Harry (Red) [Headshot] Goldorak (Blue)
Wed Dec 18 12:12:05 2024 Zak joined Red team
Wed Dec 18 12:12:05 2024  If you believe a player is breaking the rules, please let us know with /ADMIN
Wed Dec 18 12:12:14 2024 Filet (Red) [Headshot] Goldorak (Blue)
Wed Dec 18 12:12:14 2024 Player Qult--- has left
Wed Dec 18 12:12:17 2024 retry (Blue) [SMG] Deuce (Red)
Wed Dec 18 12:12:21 2024 Player1234 (Blue) [Headshot] Filet (Red)
Wed Dec 18 12:12:24 2024 lost joined Blue team
Wed Dec 18 12:12:27 2024 Harry (Red) [Headshot] Player1234 (Blue)
Wed Dec 18 12:12:30 2024 Martin (Red) [Headshot] lost (Blue)
Wed Dec 18 12:12:32 2024 Goldorak (Blue) [SMG] Harry (Red)
Wed Dec 18 12:12:35 2024 Player Filet has left
Wed Dec 18 12:12:48 2024 Player retry has left
Wed Dec 18 12:13:05 2024  This server runs imger and glow. Use /IMG or /GLOW to toggle them.
Wed Dec 18 12:13:09 2024 Deuce (Red) [Melee] lost (Blue)
Wed Dec 18 12:13:14 2024 Harry (Red) [Headshot] lost (Blue)
Wed Dec 18 12:13:14 2024 Deuce (Red) [Melee] Player1234 (Blue)
Wed Dec 18 12:13:29 2024 Player1234 (Blue) [Headshot] Harry (Red)
Wed Dec 18 12:13:32 2024 Martin (Red) [SMG] lost (Blue)
Wed Dec 18 12:13:36 2024 Qult--- joined Spectator team
Wed Dec 18 12:13:39 2024 Goldorak (Blue) [Headshot] Zak (Red)
Wed Dec 18 12:13:41 2024 Deuce (Red) [Headshot] Player1234 (Blue)
Wed Dec 18 12:13:44 2024 Deuce (Red) [Headshot] lost (Blue)
Wed Dec 18 12:13:46 2024 Harry (Red) [Headshot] Goldorak (Blue)
Wed Dec 18 12:13:49 2024 Player Goldorak has left
Wed Dec 18 12:13:51 2024 Deuce (Red) [Melee] lost (Blue)
Wed Dec 18 12:13:52 2024 Martin (Red) [Headshot] Player1234 (Blue)
Wed Dec 18 12:13:57 2024 Harry (Red) [Team Change]
Wed Dec 18 12:14:03 2024 RemuS joined Red team
Wed Dec 18 12:14:05 2024 Martin (Red) [SMG] Harry (Blue)
Wed Dec 18 12:14:05 2024  Use /EMOTE to draw an emote on the map!
Wed Dec 18 12:14:06 2024 Martin (Red) [SMG] Player1234 (Blue)
Wed Dec 18 12:14:08 2024 lost (Blue) [SMG] Deuce (Red)
Wed Dec 18 12:14:24 2024 Player1234 (Blue) [SMG] Martin (Red)
Wed Dec 18 12:14:36 2024 jebat ty mamu joined Blue team
Wed Dec 18 12:14:46 2024 Player Martin has left
Wed Dec 18 12:14:46 2024 Harry (Blue) [Headshot] Deuce (Red)
Wed Dec 18 12:15:05 2024  Use /HEAVEN to paint the babel platform!
Wed Dec 18 12:15:13 2024 Deuce (Red) [Grenade] Harry (Blue)
Wed Dec 18 12:15:13 2024 jebat ty mamu (Blue) [Headshot] Deuce (Red)
Wed Dec 18 12:15:17 2024 RemuS (Red) [SMG] jebat ty mamu (Blue)
Wed Dec 18 12:15:42 2024 Harry (Blue) [Headshot] Deuce (Red)
Wed Dec 18 12:15:53 2024 Arekusanda joined Red team
Wed Dec 18 12:15:56 2024 luis joined Red team
Wed Dec 18 12:16:03 2024 Harry (Blue) [Headshot] Deuce (Red)
Wed Dec 18 12:16:05 2024  Get a 20 killstreak and 1 intel capture(s) to unlock /APOC!
Wed Dec 18 12:16:07 2024 jebat ty mamu (Blue) [SMG] RemuS (Red)
Wed Dec 18 12:16:11 2024 Arekusanda (Red) [Headshot] lost (Blue)
Wed Dec 18 12:16:12 2024 jebat ty mamu (Blue) [Headshot] luis (Red)
Wed Dec 18 12:16:22 2024 jebat ty mamu (Blue) [Headshot] RemuS (Red)
Wed Dec 18 12:16:27 2024 Zak (Red) [Headshot] Harry (Blue)
Wed Dec 18 12:16:28 2024 Arekusanda (Red) [Headshot] jebat ty mamu (Blue)
Wed Dec 18 12:16:30 2024 Arekusanda (Red) [Headshot] lost (Blue)
Wed Dec 18 12:16:31 2024 Player1234 (Blue) [SMG] luis (Red)
Wed Dec 18 12:16:43 2024 [Global] Arekusanda (Red): si
Wed Dec 18 12:16:46 2024 Arekusanda (Red) [Headshot] Harry (Blue)
Wed Dec 18 12:16:47 2024 Arekusanda (Red) [Headshot] lost (Blue)
Wed Dec 18 12:16:54 2024 jebat ty mamu (Blue) [Headshot] luis (Red)
Wed Dec 18 12:16:56 2024 Arekusanda (Red) [Headshot] jebat ty mamu (Blue)
Wed Dec 18 12:16:59 2024 lost (Blue) [SMG] Deuce (Red)
Wed Dec 18 12:17:01 2024 [Global] Arekusanda (Red): vite mano
Wed Dec 18 12:17:03 2024 [Global] Arekusanda (Red): de puro aim trainin
Wed Dec 18 12:17:05 2024 [Global] Arekusanda (Red): xD
Wed Dec 18 12:17:05 2024  Capture your team's 5th intel to unlock /APOC for your team's best builder!
Wed Dec 18 12:17:10 2024 jebat ty mamu (Blue) [SMG] Arekusanda (Red)
Wed Dec 18 12:17:16 2024 Deuce (Red) [Headshot] lost (Blue)
Wed Dec 18 12:17:17 2024 Player1234 (Blue) [Headshot] Deuce (Red)
Wed Dec 18 12:17:18 2024 RemuS (Red) [Headshot] Harry (Blue)
Wed Dec 18 12:17:23 2024 jebat ty mamu (Blue) [SMG] luis (Red)
Wed Dec 18 12:17:26 2024 Arekusanda (Red) [Rifle] Player1234 (Blue)
Wed Dec 18 12:17:42 2024 RemuS (Red) [Headshot] Harry (Blue)
Wed Dec 18 12:17:46 2024 jebat ty mamu (Blue) [Headshot] Arekusanda (Red)
Wed Dec 18 12:17:51 2024 RemuS (Red) [SMG] lost (Blue)
Wed Dec 18 12:18:00 2024 lost joined Red team
Wed Dec 18 12:18:03 2024 Harry (Blue) [Headshot] RemuS (Red)
Wed Dec 18 12:18:05 2024  Mahalo for playing aloha.pk tower of babel
Wed Dec 18 12:18:09 2024 Harry (Blue) [Headshot] Arekusanda (Red)
Wed Dec 18 12:18:11 2024 Player1234 (Blue) [SMG] luis (Red)
Wed Dec 18 12:18:14 2024 luis (Red) [Weapon Change]
Wed Dec 18 12:18:16 2024 virus joined Blue team
Wed Dec 18 12:18:22 2024 Harry (Blue) [Headshot] lost (Red)
Wed Dec 18 12:18:23 2024 Arekusanda (Red) [Headshot] Harry (Blue)
Wed Dec 18 12:18:23 2024 jebat ty mamu (Blue) [Headshot] Arekusanda (Red)
Wed Dec 18 12:18:30 2024 lost (Red) [Weapon Change]
Wed Dec 18 12:18:31 2024 [Global] Arekusanda (Red): aa mis manos
Wed Dec 18 12:18:33 2024 [Global] Arekusanda (Red): activen chit putamadre
Wed Dec 18 12:18:40 2024 Harry (Blue) [Headshot] luis (Red)
Wed Dec 18 12:18:49 2024 Arekusanda (Red) [Headshot] jebat ty mamu (Blue)
Wed Dec 18 12:18:52 2024 Arekusanda (Red) [Headshot] Harry (Blue)
Wed Dec 18 12:19:05 2024  Build a tower to get the enemy's intel. Take it to your team's tent to win!
Wed Dec 18 12:19:06 2024 Player1234 (Blue) [SMG] Deuce (Red)
Wed Dec 18 12:19:07 2024 Player1234 (Blue) [SMG] luis (Red)
Wed Dec 18 12:19:07 2024 Deuce (Red) [Grenade] Player1234 (Blue)
Wed Dec 18 12:19:12 2024 gun13raven joined Blue team
Wed Dec 18 12:19:14 2024 Arekusanda (Red) [Headshot] virus (Blue)
Wed Dec 18 12:19:22 2024 jebat ty mamu (Blue) [Headshot] lost (Red)
Wed Dec 18 12:19:25 2024 1230 joined Red team
Wed Dec 18 12:19:34 2024 gun13raven (Blue) [SMG] Deuce (Red)
Wed Dec 18 12:19:42 2024 Arekusanda (Red) [Headshot] virus (Blue)
Wed Dec 18 12:19:45 2024 Harry (Blue) [Headshot] luis (Red)
Wed Dec 18 12:19:50 2024 gun13raven (Blue) [Headshot] Zak (Red)
Wed Dec 18 12:19:51 2024 Arekusanda (Red) [Headshot] virus (Blue)
Wed Dec 18 12:19:54 2024 RemuS (Red) [SMG] gun13raven (Blue)
Wed Dec 18 12:19:57 2024 Harry (Blue) [Rifle] Deuce (Red)
Wed Dec 18 12:20:00 2024 Arekusanda (Red) [Melee] Player1234 (Blue)
Wed Dec 18 12:20:02 2024 Marshmello joined Blue team
Wed Dec 18 12:20:05 2024  Type /HELP for info & commands
Wed Dec 18 12:20:06 2024 Marshmello (Blue) [Team Change]
Wed Dec 18 12:20:09 2024 Harry (Blue) [Headshot] lost (Red)
Wed Dec 18 12:20:11 2024 Arekusanda (Red) [Grenade]
Wed Dec 18 12:20:11 2024 Harry (Blue) [Headshot] RemuS (Red)
Wed Dec 18 12:20:12 2024 [Global] gun13raven (Blue): hey
Wed Dec 18 12:20:12 2024 [Global] Arekusanda (Red): a
Wed Dec 18 12:20:12 2024 Marshmello joined Red team
Wed Dec 18 12:20:15 2024 [Global] Marshmello (Red): hey 
Wed Dec 18 12:20:16 2024 1230 (Red) [Shotgun] Harry (Blue)
Wed Dec 18 12:20:17 2024 [Global] Arekusanda (Red): luis no vistes nada
Wed Dec 18 12:20:26 2024 Deuce (Red) [Grenade] gun13raven (Blue)
Wed Dec 18 12:20:34 2024 Player1234 (Blue) [SMG] Deuce (Red)
Wed Dec 18 12:20:35 2024 Deuce (Red) [Grenade] virus (Blue)
Wed Dec 18 12:20:37 2024 Harry (Blue) [Headshot] lost (Red)
Wed Dec 18 12:20:45 2024 Arekusanda (Red) [Headshot] Harry (Blue)
Wed Dec 18 12:20:46 2024 [Global] gun13raven (Blue): balance
Wed Dec 18 12:20:52 2024 1230 (Red) [Fall]
Wed Dec 18 12:20:57 2024 Arekusanda (Red) [Headshot] gun13raven (Blue)
Wed Dec 18 12:21:01 2024 Harry (Blue) [Headshot] Deuce (Red)
Wed Dec 18 12:21:02 2024 Arekusanda (Red) [Headshot] Harry (Blue)
Wed Dec 18 12:21:05 2024  Visit our community forums at https://aloha.pk/
Wed Dec 18 12:21:08 2024 [Global] gun13raven (Blue): bro team balance
Wed Dec 18 12:21:12 2024 luis (Red) [SMG] virus (Blue)
Wed Dec 18 12:21:14 2024 Harry (Blue) [Rifle] luis (Red)
Wed Dec 18 12:21:18 2024 Arekusanda (Red) [Headshot] virus (Blue)
Wed Dec 18 12:21:23 2024 Arekusanda (Red) [Headshot] Harry (Blue)
Wed Dec 18 12:21:24 2024 Player1234 (Blue) [Headshot] lost (Red)
Wed Dec 18 12:21:30 2024 Arekusanda (Red) [Grenade] Player1234 (Blue)
Wed Dec 18 12:21:31 2024 gun13raven (Blue) [Headshot] Arekusanda (Red)
Wed Dec 18 12:21:40 2024 gun13raven (Blue) [SMG] Deuce (Red)
Wed Dec 18 12:21:41 2024 [Global] Arekusanda (Red): team balance :fire:
Wed Dec 18 12:21:44 2024 gun13raven (Blue) [Melee] RemuS (Red)
Wed Dec 18 12:21:44 2024 Harry (Blue) [Headshot] luis (Red)
Wed Dec 18 12:21:52 2024 Arekusanda (Red) [Headshot] gun13raven (Blue)
Wed Dec 18 12:21:53 2024 Harry (Blue) [Rifle] lost (Red)
Wed Dec 18 12:21:57 2024 Arekusanda (Red) [Headshot] Harry (Blue)
Wed Dec 18 12:22:00 2024 [Global] gun13raven (Blue): no
Wed Dec 18 12:22:05 2024  Come chat with us at https://discord.aloha.pk/
Wed Dec 18 12:22:06 2024 [Global] gun13raven (Blue): team balance
Wed Dec 18 12:22:09 2024 [Global] gun13raven (Blue): l
Wed Dec 18 12:22:10 2024 [Global] Arekusanda (Red): team balance bro
Wed Dec 18 12:22:12 2024 [Global] Arekusanda (Red): JAJDKAJSKADWWWW
Wed Dec 18 12:22:15 2024 Harry (Blue) [Headshot] Zak (Red)
Wed Dec 18 12:22:20 2024 luis (Red) [Fall]
Wed Dec 18 12:22:20 2024 Player Player1234 has left
Wed Dec 18 12:22:21 2024 Harry (Blue) [Headshot] Arekusanda (Red)
Wed Dec 18 12:22:27 2024 [Global] Arekusanda (Red): BROOOO
Wed Dec 18 12:22:32 2024 gun13raven (Blue) [SMG] lost (Red)
Wed Dec 18 12:22:40 2024 Harry (Blue) [Headshot] RemuS (Red)
Wed Dec 18 12:22:42 2024 luis (Red) [Headshot] gun13raven (Blue)
Wed Dec 18 12:22:42 2024 Player Qult--- has left
Wed Dec 18 12:22:45 2024 Arekusanda (Red) [Headshot] Harry (Blue)
Wed Dec 18 12:22:47 2024 [Global] gun13raven (Blue): heh
Wed Dec 18 12:22:51 2024 [Global] RemuS (Red): dione
Wed Dec 18 12:22:53 2024  Arekusanda was banned.
Wed Dec 18 12:22:53 2024 Player Arekusanda has left
Wed Dec 18 12:23:02 2024 [Global] Marshmello (Red): ...
Wed Dec 18 12:23:05 2024 gun13raven (Blue) [SMG] luis (Red)
Wed Dec 18 12:23:05 2024  If you believe a player is breaking the rules, please let us know with /ADMIN
Wed Dec 18 12:23:06 2024 RemuS (Red) [SMG] gun13raven (Blue)
Wed Dec 18 12:23:15 2024 RemuS (Red) [SMG] Harry (Blue)
Wed Dec 18 12:23:24 2024 gun13raven (Blue) [Headshot] lost (Red)
Wed Dec 18 12:23:27 2024 lost (Red) [Weapon Change]
Wed Dec 18 12:23:27 2024 [Global] gun13raven (Blue): nope
Wed Dec 18 12:23:32 2024 [Team] Harry (Blue): Why was banned Arekusanda?
Wed Dec 18 12:23:39 2024 gun13raven (Blue) [SMG] 1230 (Red)
Wed Dec 18 12:23:49 2024 luis (Red) [Rifle] virus (Blue)
Wed Dec 18 12:23:51 2024 Player1234 joined Blue team
Wed Dec 18 12:23:53 2024 Harry (Blue) [Rifle]
Wed Dec 18 12:23:56 2024 gun13raven (Blue) [SMG] Deuce (Red)
Wed Dec 18 12:24:03 2024 Harry (Blue) [Headshot] luis (Red)
Wed Dec 18 12:24:04 2024 [Global] gun13raven (Blue): balance the teams
Wed Dec 18 12:24:05 2024  This server runs imger and glow. Use /IMG or /GLOW to toggle them.
Wed Dec 18 12:24:13 2024 gun13raven (Blue) [SMG] 1230 (Red)
Wed Dec 18 12:24:20 2024 lost (Red) [SMG] gun13raven (Blue)
Wed Dec 18 12:24:20 2024 Harry (Blue) [Headshot] lost (Red)
Wed Dec 18 12:24:29 2024 Harry (Blue) [Headshot] luis (Red)
Wed Dec 18 12:24:38 2024 Harry (Blue) [Headshot] Marshmello (Red)
Wed Dec 18 12:24:38 2024 RemuS (Red) [Fall]
Wed Dec 18 12:24:40 2024 Harry (Blue) [Headshot] lost (Red)
Wed Dec 18 12:24:41 2024 Deuce (Red) [Shotgun] virus (Blue)
Wed Dec 18 12:24:46 2024 Zak (Red) [Headshot] Harry (Blue)
Wed Dec 18 12:24:46 2024 jebat ty mamu (Blue) [Headshot] Zak (Red)
Wed Dec 18 12:24:50 2024 Deuce (Red) [Headshot] Harry (Blue)
Wed Dec 18 12:24:51 2024 Deuce (Red) [Headshot] virus (Blue)
Wed Dec 18 12:25:00 2024 Deuce (Red) [Melee] Player1234 (Blue)
Wed Dec 18 12:25:05 2024  Use /EMOTE to draw an emote on the map!
Wed Dec 18 12:25:08 2024 Zak (Red) [Headshot] jebat ty mamu (Blue)
Wed Dec 18 12:25:13 2024 Player1234 (Blue) [SMG] Deuce (Red)
Wed Dec 18 12:25:18 2024 javierLAN joined Blue team
Wed Dec 18 12:25:19 2024 lost (Red) [Team Change]
Wed Dec 18 12:25:20 2024 [Global] Marshmello (Red): from here
Wed Dec 18 12:25:23 2024 retry joined Red team
Wed Dec 18 12:25:24 2024 1230 (Red) [Fall]
Wed Dec 18 12:25:24 2024 Player1234 (Blue) [Headshot] luis (Red)
Wed Dec 18 12:25:24 2024 You must be closer to the enemy's base to shoot blocks!
Wed Dec 18 12:25:24 2024 lost joined Blue team
Wed Dec 18 12:25:31 2024 Harry (Blue) [Headshot] RemuS (Red)
Wed Dec 18 12:25:35 2024 Harry (Blue) [Headshot] Deuce (Red)
Wed Dec 18 12:25:45 2024 Harry (Blue) [Headshot] 1230 (Red)
Wed Dec 18 12:25:48 2024 RemuS (Red) [Headshot] Harry (Blue)
Wed Dec 18 12:25:52 2024 Marshmello (Red) [Headshot] lost (Blue)
Wed Dec 18 12:25:54 2024 jebat ty mamu (Blue) [SMG] Deuce (Red)
Wed Dec 18 12:26:05 2024 javierLAN (Blue) [Headshot] 1230 (Red)
Wed Dec 18 12:26:05 2024  Use /HEAVEN to paint the babel platform!
Wed Dec 18 12:26:07 2024 jebat ty mamu (Blue) [SMG] retry (Red)
Wed Dec 18 12:26:09 2024 RemuS (Red) [Headshot] Harry (Blue)
Wed Dec 18 12:26:13 2024 jebat ty mamu (Blue) [SMG] luis (Red)
Wed Dec 18 12:26:15 2024 jebat ty mamu (Blue) [SMG] 1230 (Red)
Wed Dec 18 12:26:21 2024 jebat ty mamu (Blue) [SMG] RemuS (Red)
Wed Dec 18 12:26:22 2024 retry (Red) [Headshot] jebat ty mamu (Blue)
Wed Dec 18 12:26:29 2024 Player jebat ty mamu has left
Wed Dec 18 12:26:34 2024 Deuce (Red) [Grenade] lost (Blue)
Wed Dec 18 12:26:35 2024 Zak (Red) [Headshot] javierLAN (Blue)
Wed Dec 18 12:26:36 2024 Player1234 (Blue) [SMG] Deuce (Red)
Wed Dec 18 12:26:37 2024 Deuce (Red) [Grenade] Player1234 (Blue)
Wed Dec 18 12:26:39 2024 Harry (Blue) [Headshot] Marshmello (Red)
Wed Dec 18 12:26:44 2024 Sni joined Blue team
Wed Dec 18 12:27:02 2024 RemuS (Red) [SMG] javierLAN (Blue)
Wed Dec 18 12:27:03 2024 lost (Blue) [SMG] Deuce (Red)
Wed Dec 18 12:27:04 2024 RemuS (Red) [SMG] lost (Blue)
Wed Dec 18 12:27:05 2024  Get a 20 killstreak and 1 intel capture(s) to unlock /APOC!
Wed Dec 18 12:27:12 2024 Zak (Red) [Headshot] Harry (Blue)
Wed Dec 18 12:27:24 2024 lad joined Red team
Wed Dec 18 12:27:28 2024 javierLAN (Blue) [Headshot] 1230 (Red)
Wed Dec 18 12:27:35 2024 Zom B  joined Red team
Wed Dec 18 12:27:38 2024 Harry (Blue) [Headshot] Deuce (Red)
Wed Dec 18 12:27:38 2024 Player lad has left
Wed Dec 18 12:27:40 2024 Zom B  (Red) [Weapon Change]
Wed Dec 18 12:27:49 2024 RemuS (Red) [SMG] Harry (Blue)
Wed Dec 18 12:27:50 2024 Sni (Blue) [Headshot] Marshmello (Red)
Wed Dec 18 12:27:52 2024 jebat ty mamu joined Blue team
Wed Dec 18 12:27:59 2024 Zak (Red) [Headshot] javierLAN (Blue)
Wed Dec 18 12:28:00 2024 RemuS (Red) [SMG] Sni (Blue)
Wed Dec 18 12:28:01 2024 Pitt joined Blue team
Wed Dec 18 12:28:05 2024  Capture your team's 5th intel to unlock /APOC for your team's best builder!
Wed Dec 18 12:28:13 2024 lost (Blue) [Rifle] Zak (Red)
Wed Dec 18 12:28:19 2024 Cuddl  joined Blue team
Wed Dec 18 12:28:24 2024 Deuce (Red) [Grenade] Player1234 (Blue)
Wed Dec 18 12:28:30 2024 Cuddl  (Blue) [Headshot] RemuS (Red)
Wed Dec 18 12:28:33 2024 Marshmello (Red) [SMG] javierLAN (Blue)
Wed Dec 18 12:28:40 2024 Cuddl  (Blue) [Headshot] Deuce (Red)
Wed Dec 18 12:28:44 2024 Zak (Red) [Headshot] lost (Blue)
Wed Dec 18 12:28:49 2024 lost (Blue) [Weapon Change]
Wed Dec 18 12:28:54 2024 Player Pitt has left
Wed Dec 18 12:28:54 2024 retry (Red) [Headshot] virus (Blue)
Wed Dec 18 12:28:55 2024 retry (Red) [Headshot] Sni (Blue)
Wed Dec 18 12:29:00 2024 Harry (Blue) [Headshot] Zak (Red)
Wed Dec 18 12:29:01 2024 javierLAN (Blue) [SMG] Deuce (Red)
Wed Dec 18 12:29:05 2024 javierLAN (Blue) [Headshot] luis (Red)
Wed Dec 18 12:29:05 2024  Mahalo for playing aloha.pk tower of babel
Wed Dec 18 12:29:07 2024 Marshmello (Red) [Headshot] javierLAN (Blue)
Wed Dec 18 12:29:07 2024 Player Sni has left
Wed Dec 18 12:29:25 2024 Deuce (Red) [Grenade] Harry (Blue)
Wed Dec 18 12:29:33 2024 Pitt joined Blue team
Wed Dec 18 12:29:38 2024 retry (Red) [SMG] javierLAN (Blue)
Wed Dec 18 12:29:45 2024 retry (Red) [Headshot] lost (Blue)
Wed Dec 18 12:29:50 2024 Deuce (Red) [Shotgun] Harry (Blue)
Wed Dec 18 12:29:51 2024 Player lost has left
Wed Dec 18 12:29:54 2024 retry (Red) [Headshot] Pitt (Blue)
Wed Dec 18 12:29:55 2024 retry (Red) [SMG] gun13raven (Blue)
Wed Dec 18 12:29:57 2024 retry (Red) [SMG] virus (Blue)
Wed Dec 18 12:30:03 2024 Pitt (Blue) [Rifle] retry (Red)
Wed Dec 18 12:30:05 2024  Build a tower to get the enemy's intel. Take it to your team's tent to win!
Wed Dec 18 12:30:09 2024 Pitt (Blue) [Headshot] Deuce (Red)
Wed Dec 18 12:30:16 2024 Ricki Martin joined Red team
Wed Dec 18 12:30:18 2024 Harry (Blue) [Headshot] luis (Red)
Wed Dec 18 12:30:31 2024 Harry (Blue) [Headshot] RemuS (Red)
Wed Dec 18 12:30:39 2024 A1TEM joined Spectator team
Wed Dec 18 12:30:42 2024 Ricki Martin (Red) [Headshot] Harry (Blue)
Wed Dec 18 12:30:51 2024 Player1234 (Blue) [Grenade] RemuS (Red)
Wed Dec 18 12:30:55 2024 retry (Red) [Melee] Player1234 (Blue)
Wed Dec 18 12:31:01 2024 Harry (Blue) [Headshot] Ricki Martin (Red)
Wed Dec 18 12:31:05 2024 Pitt (Blue) [Rifle] luis (Red)
Wed Dec 18 12:31:05 2024 Deuce (Red) [Grenade] Harry (Blue)
Wed Dec 18 12:31:05 2024  Type /HELP for info & commands
Wed Dec 18 12:31:07 2024 Pitt (Blue) [Headshot] 1230 (Red)
Wed Dec 18 12:31:08 2024 gun13raven (Blue) [Headshot] Deuce (Red)
Wed Dec 18 12:31:14 2024 javierLAN (Blue) [Headshot] luis (Red)
Wed Dec 18 12:31:18 2024 javierLAN (Blue) [Headshot] Ricki Martin (Red)
Wed Dec 18 12:31:19 2024 1230 (Red) [Shotgun] javierLAN (Blue)
Wed Dec 18 12:31:24 2024 retry (Red) [Fall]
Wed Dec 18 12:31:31 2024 Deuce (Red) [Shotgun] gun13raven (Blue)
Wed Dec 18 12:31:35 2024 Deuce (Red) [Shotgun] Harry (Blue)
Wed Dec 18 12:31:42 2024 lad joined Red team
Wed Dec 18 12:31:50 2024 Deuce (Red) [Grenade] Player1234 (Blue)
Wed Dec 18 12:31:54 2024 Player A1TEM has left
Wed Dec 18 12:31:56 2024 Ricki Martin (Red) [Headshot] gun13raven (Blue)
Wed Dec 18 12:31:56 2024 jebat ty mamu (Blue) [Headshot] RemuS (Red)
Wed Dec 18 12:31:59 2024 You must be closer to the enemy's base to grenade blocks!
Wed Dec 18 12:31:59 2024 retry (Red) [Headshot] jebat ty mamu (Blue)
Wed Dec 18 12:32:02 2024 Harry (Blue) [Headshot] luis (Red)
Wed Dec 18 12:32:03 2024 Harry (Blue) [Headshot] Ricki Martin (Red)
Wed Dec 18 12:32:05 2024 [Team] gun13raven (Blue): they comin
Wed Dec 18 12:32:05 2024  Visit our community forums at https://aloha.pk/
Wed Dec 18 12:32:09 2024 jebat ty mamu (Blue) [SMG] Deuce (Red)
Wed Dec 18 12:32:11 2024 javierLAN (Blue) [Headshot] RemuS (Red)
Wed Dec 18 12:32:11 2024 You must be closer to the enemy's base to grenade blocks!
Wed Dec 18 12:32:12 2024 You must be closer to the enemy's base to grenade blocks!
Wed Dec 18 12:32:14 2024 Harry (Blue) [Headshot] 1230 (Red)
Wed Dec 18 12:32:20 2024 jebat ty mamu (Blue) [SMG] lad (Red)
Wed Dec 18 12:32:26 2024 Zak (Red) [SMG] Harry (Blue)
Wed Dec 18 12:32:27 2024 jebat ty mamu (Blue) [Headshot] luis (Red)
Wed Dec 18 12:32:31 2024 Ricki Martin (Red) [Headshot] gun13raven (Blue)
Wed Dec 18 12:32:38 2024 jebat ty mamu (Blue) [SMG] Deuce (Red)
Wed Dec 18 12:32:40 2024 retry (Red) [SMG] jebat ty mamu (Blue)
Wed Dec 18 12:32:44 2024 Ricki Martin (Red) [Headshot] Pitt (Blue)
Wed Dec 18 12:32:49 2024 You must be closer to the enemy's base to grenade blocks!
Wed Dec 18 12:32:55 2024 gun13raven (Blue) [SMG] 1230 (Red)
Wed Dec 18 12:33:02 2024 gun13raven (Blue) [SMG] Ricki Martin (Red)
Wed Dec 18 12:33:04 2024 lad (Red) [SMG] Harry (Blue)
Wed Dec 18 12:33:05 2024 [Global] gun13raven (Blue): nope
Wed Dec 18 12:33:05 2024  Come chat with us at https://discord.aloha.pk/
Wed Dec 18 12:33:09 2024 retry (Red) [Fall]
Wed Dec 18 12:33:15 2024 gun13raven (Blue) [SMG] lad (Red)
Wed Dec 18 12:33:16 2024 Zak (Red) [Headshot] Pitt (Blue)
Wed Dec 18 12:33:17 2024 [Global] gun13raven (Blue): nope
Wed Dec 18 12:33:22 2024 PIGGY joined Blue team
Wed Dec 18 12:33:22 2024 Zom B  (Red) [Headshot] Player1234 (Blue)
Wed Dec 18 12:33:27 2024 [Global] Pitt (Blue): hi
Wed Dec 18 12:33:31 2024 Ricki Martin (Red) [Shotgun] gun13raven (Blue)
Wed Dec 18 12:33:36 2024 Deuce (Red) [Shotgun] jebat ty mamu (Blue)
Wed Dec 18 12:33:42 2024 [Global] gun13raven (Blue): hey
Wed Dec 18 12:33:44 2024 Harry (Blue) [Headshot] Ricki Martin (Red)
Wed Dec 18 12:33:46 2024 Harry (Blue) [Headshot] Marshmello (Red)
Wed Dec 18 12:33:48 2024 Deuce picked up Blue's Intel.
Wed Dec 18 12:33:49 2024  Player1234 has reached 1000 blocks placed! /heaven unlocked.
Wed Dec 18 12:33:52 2024 jebat ty mamu (Blue) [Headshot] retry (Red)
Wed Dec 18 12:33:57 2024 gun13raven (Blue) [Headshot] 1230 (Red)
Wed Dec 18 12:33:58 2024 Harry (Blue) [Headshot] lad (Red)
Wed Dec 18 12:34:02 2024 Deuce dropped Blue's Intel
Wed Dec 18 12:34:02 2024  The intel has returned to the heavens
Wed Dec 18 12:34:02 2024 Harry (Blue) [Rifle] Deuce (Red)
Wed Dec 18 12:34:04 2024 Ricki Martin (Red) [Headshot] Pitt (Blue)
Wed Dec 18 12:34:04 2024 RemuS (Red) [Grenade] gun13raven (Blue)
Wed Dec 18 12:34:05 2024  If you believe a player is breaking the rules, please let us know with /ADMIN
Wed Dec 18 12:34:07 2024 Ricki Martin (Red) [Shotgun] Harry (Blue)
Wed Dec 18 12:34:12 2024 jebat ty mamu (Blue) [SMG] RemuS (Red)
Wed Dec 18 12:34:23 2024 PIGGY (Blue) [Fall]
Wed Dec 18 12:34:25 2024 Player PIGGY has left
Wed Dec 18 12:34:25 2024 jebat ty mamu (Blue) [Headshot] Marshmello (Red)
Wed Dec 18 12:34:25 2024 Zak (Red) [Headshot] gun13raven (Blue)
Wed Dec 18 12:34:30 2024 Harry (Blue) [Rifle] Ricki Martin (Red)
Wed Dec 18 12:34:32 2024 [Team] gun13raven (Blue): lefy
Wed Dec 18 12:34:34 2024 jebat ty mamu (Blue) [SMG] RemuS (Red)
Wed Dec 18 12:34:34 2024 [Global] gun13raven (Blue): left
Wed Dec 18 12:34:35 2024 jebat ty mamu (Blue) [Headshot] Deuce (Red)
Wed Dec 18 12:34:35 2024 retry (Red) [Headshot] jebat ty mamu (Blue)
Wed Dec 18 12:34:40 2024 gun13raven (Blue) [Headshot] luis (Red)
Wed Dec 18 12:34:42 2024 [Global] gun13raven (Blue): nope
Wed Dec 18 12:34:45 2024 javierLAN (Blue) [Headshot] Deuce (Red)
Wed Dec 18 12:34:51 2024 Zom B  (Red) [Rifle] Player1234 (Blue)
Wed Dec 18 12:34:54 2024 Ricki Martin (Red) [Shotgun] jebat ty mamu (Blue)
Wed Dec 18 12:34:58 2024 Player jebat ty mamu has left
Wed Dec 18 12:35:00 2024 Ricki Martin (Red) [Headshot] gun13raven (Blue)
Wed Dec 18 12:35:02 2024 Harry (Blue) [Rifle] Ricki Martin (Red)
Wed Dec 18 12:35:05 2024  This server runs imger and glow. Use /IMG or /GLOW to toggle them.
Wed Dec 18 12:35:09 2024 lad (Red) [Headshot] Harry (Blue)
Wed Dec 18 12:35:18 2024 Harry (Blue) [Headshot] retry (Red)
Wed Dec 18 12:35:19 2024 lad (Red) [Headshot] Player1234 (Blue)
Wed Dec 18 12:35:26 2024 Zom B  (Red) [Headshot] Pitt (Blue)
Wed Dec 18 12:35:31 2024 Deuce (Red) [Grenade] gun13raven (Blue)
Wed Dec 18 12:35:42 2024 [Global] gun13raven (Blue): balance
Wed Dec 18 12:35:46 2024 Pitt (Blue) [Rifle] luis (Red)
Wed Dec 18 12:35:50 2024 Ricki Martin (Red) [Shotgun] Harry (Blue)
Wed Dec 18 12:35:51 2024 [Global] gun13raven (Blue): team balance
Wed Dec 18 12:35:56 2024 Pitt (Blue) [Rifle] Deuce (Red)
Wed Dec 18 12:36:05 2024 gun13raven (Blue) [Headshot] 1230 (Red)
Wed Dec 18 12:36:05 2024  Use /EMOTE to draw an emote on the map!
Wed Dec 18 12:36:09 2024 [Global] gun13raven (Blue): nope
Wed Dec 18 12:36:14 2024 You must be closer to the enemy's base to grenade blocks!
Wed Dec 18 12:36:15 2024 javierLAN (Blue) [Headshot] 1230 (Red)
Wed Dec 18 12:36:16 2024 You must be closer to the enemy's base to grenade blocks!
Wed Dec 18 12:36:16 2024 Pitt (Blue) [Rifle] retry (Red)
Wed Dec 18 12:36:17 2024 gun13raven (Blue) [Headshot] luis (Red)
Wed Dec 18 12:36:25 2024 Pitt (Blue) [Rifle] RemuS (Red)
Wed Dec 18 12:36:27 2024 Harry (Blue) [Melee] Ricki Martin (Red)
Wed Dec 18 12:36:41 2024 lad (Red) [Headshot] Harry (Blue)
Wed Dec 18 12:36:44 2024 Pitt (Blue) [Rifle] Deuce (Red)
Wed Dec 18 12:36:59 2024 1230 (Red) [Fall]
Wed Dec 18 12:36:59 2024 Harry (Blue) [Headshot] Ricki Martin (Red)
Wed Dec 18 12:37:02 2024 Harry (Blue) [Headshot] luis (Red)
Wed Dec 18 12:37:03 2024 [Global] gun13raven (Blue): heh
Wed Dec 18 12:37:04 2024 Harry (Blue) [Headshot] lad (Red)
Wed Dec 18 12:37:05 2024 Harry (Blue) [Headshot] RemuS (Red)
Wed Dec 18 12:37:05 2024  Use /HEAVEN to paint the babel platform!
Wed Dec 18 12:37:16 2024 gun13raven (Blue) [Headshot] Deuce (Red)
Wed Dec 18 12:37:20 2024 [Global] gun13raven (Blue): ded
Wed Dec 18 12:37:26 2024 retry (Red) [Headshot] Pitt (Blue)
Wed Dec 18 12:37:27 2024 javierLAN (Blue) [Headshot] Deuce (Red)
Wed Dec 18 12:37:27 2024 Harry (Blue) [Headshot] luis (Red)
Wed Dec 18 12:37:28 2024 lad (Red) [Headshot] Harry (Blue)
Wed Dec 18 12:37:28 2024 Yotsen joined Blue team
Wed Dec 18 12:37:32 2024 Zom B  (Red) [Headshot] Player1234 (Blue)
Wed Dec 18 12:37:34 2024 gun13raven (Blue) [Headshot] lad (Red)
Wed Dec 18 12:37:38 2024 luis (Red) [Team Change]
Wed Dec 18 12:37:41 2024 Pitt (Blue) [Grenade]
Wed Dec 18 12:37:43 2024 Yotsen (Blue) [Rifle] Ricki Martin (Red)
Wed Dec 18 12:37:45 2024 Player Pitt has left
Wed Dec 18 12:37:45 2024 javierLAN (Blue) [Headshot] Deuce (Red)
Wed Dec 18 12:37:48 2024 luis joined Blue team
Wed Dec 18 12:37:54 2024 [Global] gun13raven (Blue): nope
Wed Dec 18 12:37:57 2024 gun13raven (Blue) [Headshot] lad (Red)
Wed Dec 18 12:38:00 2024 javierLAN (Blue) [Headshot] Deuce (Red)
Wed Dec 18 12:38:05 2024 gun13raven (Blue) [SMG] lad (Red)
Wed Dec 18 12:38:05 2024  Get a 20 killstreak and 1 intel capture(s) to unlock /APOC!
Wed Dec 18 12:38:07 2024 RemuS (Red) [Fall]
Wed Dec 18 12:38:10 2024 javierLAN (Blue) [Headshot] Deuce (Red)
Wed Dec 18 12:38:12 2024 [Global] gun13raven (Blue): nope
Wed Dec 18 12:38:14 2024 [Global] RemuS (Red): well done
Wed Dec 18 12:38:15 2024 retry (Red) [Headshot] luis (Blue)
Wed Dec 18 12:38:22 2024 Yotsen (Blue) [Headshot] retry (Red)
Wed Dec 18 12:38:23 2024 Zom B  (Red) [Headshot] virus (Blue)
Wed Dec 18 12:38:28 2024 Yotsen (Blue) [Rifle] Ricki Martin (Red)
Wed Dec 18 12:38:35 2024 javierLAN (Blue) [Headshot] RemuS (Red)
Wed Dec 18 12:38:35 2024 lad (Red) [SMG] gun13raven (Blue)
Wed Dec 18 12:38:36 2024 javierLAN (Blue) [Headshot] Deuce (Red)
Wed Dec 18 12:38:38 2024 Harry (Blue) [Headshot] 1230 (Red)
Wed Dec 18 12:38:39 2024 javierLAN (Blue) [Headshot] lad (Red)
Wed Dec 18 12:38:44 2024 RemuS (Red) [SMG] javierLAN (Blue)
Wed Dec 18 12:38:44 2024 Zom B  (Red) [Headshot] Player1234 (Blue)
Wed Dec 18 12:38:47 2024 Zak (Red) [SMG] Harry (Blue)
Wed Dec 18 12:38:48 2024 [Global] gun13raven (Blue): heh outta ammo
Wed Dec 18 12:38:50 2024 [Global] javierLAN (Blue): Nooooooooooooooooooo
Wed Dec 18 12:38:58 2024 Ricki Martin (Red) [SMG] luis (Blue)
Wed Dec 18 12:39:00 2024 Ricki Martin (Red) [Headshot] Yotsen (Blue)
Wed Dec 18 12:39:02 2024 [Global] RemuS (Red): yesssss
Wed Dec 18 12:39:05 2024  Capture your team's 5th intel to unlock /APOC for your team's best builder!
Wed Dec 18 12:39:08 2024 gun13raven (Blue) [Headshot] Ricki Martin (Red)
Wed Dec 18 12:39:09 2024 lykketreff joined Blue team
Wed Dec 18 12:39:11 2024 [Global] gun13raven (Blue): nope
Wed Dec 18 12:39:13 2024 luis (Blue) [Fall]
Wed Dec 18 12:39:18 2024 gun13raven (Blue) [SMG] Zak (Red)
Wed Dec 18 12:39:19 2024 gun13raven (Blue) [Headshot] Marshmello (Red)
Wed Dec 18 12:39:26 2024 [Global] Marshmello (Red): no
Wed Dec 18 12:39:28 2024 Fyunix joined Blue team
Wed Dec 18 12:39:29 2024 Ricki Martin (Red) [Headshot] Yotsen (Blue)
Wed Dec 18 12:39:35 2024 [Global] gun13raven (Blue): ye
Wed Dec 18 12:39:39 2024 Ricki Martin (Red) [Headshot] lykketreff (Blue)
Wed Dec 18 12:39:39 2024 Marshmello (Red) [SMG] gun13raven (Blue)
Wed Dec 18 12:39:44 2024 [Global] Marshmello (Red): no
Wed Dec 18 12:39:46 2024 1230 picked up Blue's Intel.
Wed Dec 18 12:39:48 2024 Harry (Blue) [Rifle] Ricki Martin (Red)
Wed Dec 18 12:39:50 2024 Harry (Blue) [Headshot] Marshmello (Red)
Wed Dec 18 12:39:51 2024 Zak (Red) [SMG] Harry (Blue)
Wed Dec 18 12:39:51 2024 [Global] gun13raven (Blue): 6 hp
Wed Dec 18 12:39:54 2024 Zak (Red) [Headshot] luis (Blue)
Wed Dec 18 12:39:54 2024 javierLAN (Blue) [Headshot] Deuce (Red)
Wed Dec 18 12:40:02 2024 Yotsen (Blue) [Rifle] Zak (Red)
Wed Dec 18 12:40:05 2024  Mahalo for playing aloha.pk tower of babel
Wed Dec 18 12:40:07 2024  virus has reached 1000 blocks placed! /heaven unlocked.
Wed Dec 18 12:40:09 2024 Ricki Martin (Red) [Headshot] Yotsen (Blue)
Wed Dec 18 12:40:14 2024 javierLAN (Blue) [Headshot] Deuce (Red)
Wed Dec 18 12:40:15 2024 Fyunix (Blue) [Headshot] Ricki Martin (Red)
Wed Dec 18 12:40:17 2024 [Global] gun13raven (Blue): EAT THEM ALIVE
Wed Dec 18 12:40:24 2024 gun13raven (Blue) [Headshot] Marshmello (Red)
Wed Dec 18 12:40:25 2024 lad (Red) [SMG] virus (Blue)
Wed Dec 18 12:40:30 2024 javierLAN (Blue) [Headshot] Deuce (Red)
Wed Dec 18 12:40:30 2024  retry has reached 1000 blocks placed! /heaven unlocked.
Wed Dec 18 12:40:31 2024 [Global] Marshmello (Red): young and alive
Wed Dec 18 12:40:37 2024 RemuS (Red) [Headshot] Fyunix (Blue)
Wed Dec 18 12:40:41 2024 Zak (Red) [Headshot] gun13raven (Blue)
Wed Dec 18 12:40:42 2024 lykketreff (Blue) [Headshot] Ricki Martin (Red)
Wed Dec 18 12:40:42 2024 Harry (Blue) [Headshot] Zak (Red)
Wed Dec 18 12:40:43 2024 javierLAN (Blue) [Headshot] Deuce (Red)
Wed Dec 18 12:40:44 2024 Player Fyunix has left
Wed Dec 18 12:40:45 2024 Pitt joined Red team
Wed Dec 18 12:40:50 2024 Harry (Blue) [Headshot] retry (Red)
Wed Dec 18 12:40:51 2024 lykketreff (Blue) [SMG] Ricki Martin (Red)
Wed Dec 18 12:40:55 2024 Zak (Red) [Headshot] lykketreff (Blue)
Wed Dec 18 12:40:59 2024 Noaa joined Blue team
Wed Dec 18 12:41:00 2024 javierLAN (Blue) [Headshot] Deuce (Red)
Wed Dec 18 12:41:01 2024 Zom B  (Red) [Headshot] gun13raven (Blue)
Wed Dec 18 12:41:01 2024 You must be closer to the enemy's base to shoot blocks!
Wed Dec 18 12:41:02 2024 Harry (Blue) [Headshot] Marshmello (Red)
Wed Dec 18 12:41:05 2024  Build a tower to get the enemy's intel. Take it to your team's tent to win!
Wed Dec 18 12:41:08 2024 1230 dropped Blue's Intel
Wed Dec 18 12:41:08 2024  The intel has returned to the heavens
Wed Dec 18 12:41:08 2024 Yotsen (Blue) [Headshot] 1230 (Red)
Wed Dec 18 12:41:11 2024 Ricki Martin (Red) [Headshot] Harry (Blue)
Wed Dec 18 12:41:23 2024 Zak (Red) [Headshot] Yotsen (Blue)
Wed Dec 18 12:41:28 2024 Harry (Blue) [Headshot] RemuS (Red)
Wed Dec 18 12:41:29 2024 lad (Red) [Headshot] lykketreff (Blue)
Wed Dec 18 12:41:32 2024 obuvak joined Blue team
Wed Dec 18 12:41:35 2024 Ricki Martin (Red) [Headshot] Harry (Blue)
Wed Dec 18 12:41:39 2024 lad (Red) [Headshot] gun13raven (Blue)
Wed Dec 18 12:41:40 2024 Ricki Martin (Red) [Shotgun] Noaa (Blue)
Wed Dec 18 12:41:42 2024 Marshmello (Red) [SMG] luis (Blue)
Wed Dec 18 12:41:44 2024 Ricki Martin (Red) [Shotgun] Harry (Blue)
Wed Dec 18 12:41:50 2024 lad (Red) [SMG] Yotsen (Blue)
Wed Dec 18 12:41:55 2024 1230 picked up Blue's Intel.
Wed Dec 18 12:41:57 2024 Ricki Martin (Red) [Headshot] Noaa (Blue)
Wed Dec 18 12:41:58 2024 obuvak (Blue) [Headshot] lad (Red)
Wed Dec 18 12:42:03 2024 You must be closer to the enemy's base to shoot blocks!
Wed Dec 18 12:42:04 2024 Zom B  (Red) [Headshot] obuvak (Blue)
Wed Dec 18 12:42:04 2024 Harry (Blue) [Headshot] Ricki Martin (Red)
Wed Dec 18 12:42:05 2024  Type /HELP for info & commands
Wed Dec 18 12:42:12 2024 1230 dropped Blue's Intel
Wed Dec 18 12:42:12 2024 Yotsen (Blue) [Headshot] 1230 (Red)
Wed Dec 18 12:42:15 2024 Zak (Red) [SMG] gun13raven (Blue)
Wed Dec 18 12:42:20 2024 lykketreff (Blue) [Headshot] Pitt (Red)
Wed Dec 18 12:42:21 2024 lykketreff (Blue) [Headshot] Deuce (Red)
Wed Dec 18 12:42:24 2024 RemuS (Red) [Headshot] luis (Blue)
Wed Dec 18 12:42:27 2024 Player Cuddl  has left
Wed Dec 18 12:42:32 2024 lykketreff (Blue) [Headshot] retry (Red)
Wed Dec 18 12:42:34 2024 Harry (Blue) [Headshot] Ricki Martin (Red)
Wed Dec 18 12:42:35 2024 javierLAN (Blue) [Headshot] Deuce (Red)
Wed Dec 18 12:42:35 2024 1230 (Red) [Shotgun] lykketreff (Blue)
Wed Dec 18 12:42:36 2024 javierLAN (Blue) [Headshot] Pitt (Red)
Wed Dec 18 12:42:43 2024 javierLAN (Blue) [Headshot] Deuce (Red)
Wed Dec 18 12:42:43 2024 lad (Red) [Headshot] obuvak (Blue)
Wed Dec 18 12:42:44 2024 Harry (Blue) [Headshot] Zak (Red)
Wed Dec 18 12:42:45 2024 gun13raven (Blue) [Headshot] lad (Red)
Wed Dec 18 12:42:48 2024 [Global] gun13raven (Blue): NOPE
Wed Dec 18 12:42:49 2024 RemuS (Red) [SMG] lykketreff (Blue)
Wed Dec 18 12:42:50 2024 Harry (Blue) [Rifle] RemuS (Red)
Wed Dec 18 12:42:59 2024 javierLAN (Blue) [Headshot] Deuce (Red)
Wed Dec 18 12:43:00 2024 Harry (Blue) [Headshot] Ricki Martin (Red)
Wed Dec 18 12:43:04 2024 javierLAN (Blue) [Headshot] Deuce (Red)
Wed Dec 18 12:43:05 2024  Visit our community forums at https://aloha.pk/
Wed Dec 18 12:43:06 2024 Zak (Red) [SMG] Harry (Blue)
Wed Dec 18 12:43:08 2024 retry picked up Blue's Intel.
Wed Dec 18 12:43:10 2024 retry (Red) [Headshot] Yotsen (Blue)
Wed Dec 18 12:43:10 2024 obuvak (Blue) [Headshot] Marshmello (Red)
Wed Dec 18 12:43:12 2024 Player Pitt has left
Wed Dec 18 12:43:14 2024 javierLAN (Blue) [Headshot] Marshmello (Red)
Wed Dec 18 12:43:14 2024 gun13raven (Blue) [SMG] RemuS (Red)
Wed Dec 18 12:43:16 2024 javierLAN (Blue) [Headshot] Deuce (Red)
Wed Dec 18 12:43:16 2024 Pitt joined Red team
Wed Dec 18 12:43:18 2024 Ricki Martin (Red) [Headshot] luis (Blue)
Wed Dec 18 12:43:18 2024 obuvak (Blue) [Headshot] Ricki Martin (Red)
Wed Dec 18 12:43:20 2024 retry dropped Blue's Intel
Wed Dec 18 12:43:20 2024  The intel has returned to the heavens
Wed Dec 18 12:43:20 2024 gun13raven (Blue) [Headshot] retry (Red)
Wed Dec 18 12:43:21 2024 Player Zom B  has left
Wed Dec 18 12:43:21 2024 javierLAN (Blue) [Headshot] Pitt (Red)
Wed Dec 18 12:43:21 2024 gun13raven (Blue) [Headshot] 1230 (Red)
Wed Dec 18 12:43:24 2024 Player Pitt has left
Wed Dec 18 12:43:26 2024 [Global] gun13raven (Blue): hahaha
Wed Dec 18 12:43:26 2024 Marshmello (Red) [Headshot] gun13raven (Blue)
Wed Dec 18 12:43:30 2024 [Global] Marshmello (Red): no
Wed Dec 18 12:43:31 2024 [Global] gun13raven (Blue): HAHAHHAHA
Wed Dec 18 12:43:31 2024 You must be closer to the enemy's base to grenade blocks!
Wed Dec 18 12:43:32 2024 lad (Red) [SMG] lykketreff (Blue)
Wed Dec 18 12:43:37 2024 [Global] gun13raven (Blue): HAAAAAAAAAAAAAAAAAAAAAAAAAAAAAAAAAHAHAHHAAAAA
Wed Dec 18 12:43:44 2024 Zak (Red) [SMG] Harry (Blue)
Wed Dec 18 12:43:44 2024 lad (Red) [Headshot] virus (Blue)
Wed Dec 18 12:43:45 2024 javierLAN (Blue) [Headshot] Deuce (Red)
Wed Dec 18 12:43:50 2024 javierLAN (Blue) [Headshot] Deuce (Red)
Wed Dec 18 12:43:51 2024 Marshmello picked up Blue's Intel.
Wed Dec 18 12:43:53 2024 obuvak (Blue) [Headshot] lad (Red)
Wed Dec 18 12:43:54 2024 obuvak (Blue) [Headshot] 1230 (Red)
Wed Dec 18 12:43:57 2024 Ricki Martin (Red) [Shotgun] luis (Blue)
Wed Dec 18 12:44:00 2024 Yotsen (Blue) [Headshot] retry (Red)
Wed Dec 18 12:44:03 2024 javierLAN (Blue) [Headshot] Deuce (Red)
Wed Dec 18 12:44:03 2024 Ricki Martin (Red) [Headshot] Harry (Blue)
Wed Dec 18 12:44:04 2024 Player retry has left
Wed Dec 18 12:44:05 2024 lad (Red) [Headshot] javierLAN (Blue)
Wed Dec 18 12:44:05 2024  Come chat with us at https://discord.aloha.pk/
Wed Dec 18 12:44:06 2024 gun13raven (Blue) [Headshot] Zak (Red)
Wed Dec 18 12:44:08 2024 Pitt joined Red team
Wed Dec 18 12:44:09 2024 Devill joined Red team
Wed Dec 18 12:44:10 2024 Yotsen (Blue) [Headshot] Ricki Martin (Red)
Wed Dec 18 12:44:13 2024 [Global] javierLAN (Blue): Noooooooooooooooooooooooooooooooooooo
Wed Dec 18 12:44:18 2024 Player Devill has left
Wed Dec 18 12:44:19 2024 Zak (Red) [Headshot] gun13raven (Blue)
Wed Dec 18 12:44:21 2024 RemuS (Red) [SMG] lykketreff (Blue)
Wed Dec 18 12:44:24 2024 Ricki Martin (Red) [Headshot] Yotsen (Blue)
Wed Dec 18 12:44:26 2024 obuvak (Blue) [Headshot] 1230 (Red)
Wed Dec 18 12:44:27 2024 Devill joined Red team
Wed Dec 18 12:44:29 2024 Marshmello captured Blue's Intel.
Wed Dec 18 12:44:45 2024 Devill (Red) [Headshot] gun13raven (Blue)
Wed Dec 18 12:44:48 2024 obuvak (Blue) [Headshot] Zak (Red)
Wed Dec 18 12:44:51 2024 lad picked up Blue's Intel.
Wed Dec 18 12:44:52 2024 RemuS (Red) [SMG] luis (Blue)
Wed Dec 18 12:44:53 2024 Ricki Martin (Red) [Shotgun] virus (Blue)
Wed Dec 18 12:44:54 2024 lykketreff (Blue) [SMG] 1230 (Red)
Wed Dec 18 12:44:55 2024 Ricki Martin (Red) [Shotgun] Yotsen (Blue)
Wed Dec 18 12:45:02 2024 Yotsen (Blue) [Rifle] Ricki Martin (Red)
Wed Dec 18 12:45:02 2024 [Team] gun13raven (Blue): GET U
Wed Dec 18 12:45:02 2024 [Global] Marshmello (Red): cap
Wed Dec 18 12:45:02 2024 Harry (Blue) [Headshot] Devill (Red)
Wed Dec 18 12:45:05 2024 Noaa (Blue) [SMG] RemuS (Red)
Wed Dec 18 12:45:05 2024  If you believe a player is breaking the rules, please let us know with /ADMIN
Wed Dec 18 12:45:06 2024 Harry (Blue) [Headshot] Zak (Red)
Wed Dec 18 12:45:06 2024 [Global] gun13raven (Blue): GET UP
Wed Dec 18 12:45:08 2024 lykketreff (Blue) [SMG] 1230 (Red)
Wed Dec 18 12:45:10 2024 [Global] gun13raven (Blue): UP UP UP
Wed Dec 18 12:45:11 2024 javierLAN (Blue) [Headshot] Deuce (Red)
Wed Dec 18 12:45:14 2024 lykketreff (Blue) [Headshot] Deuce (Red)
Wed Dec 18 12:45:16 2024 Marshmello (Red) [Headshot] luis (Blue)
Wed Dec 18 12:45:17 2024 lykketreff (Blue) [SMG] Devill (Red)
Wed Dec 18 12:45:19 2024 1230 (Red) [Shotgun] lykketreff (Blue)
Wed Dec 18 12:45:24 2024 Marshmello (Red) [SMG] virus (Blue)
Wed Dec 18 12:45:29 2024 lad captured Blue's Intel.
Wed Dec 18 12:45:31 2024 Marshmello (Red) [Headshot] gun13raven (Blue)
Wed Dec 18 12:45:33 2024 Yotsen (Blue) [Headshot] Marshmello (Red)
Wed Dec 18 12:45:37 2024 [Global] gun13raven (Blue): fok
Wed Dec 18 12:45:38 2024 [Global] Marshmello (Red): no
Wed Dec 18 12:45:42 2024 javierLAN (Blue) [Headshot] Pitt (Red)
Wed Dec 18 12:45:42 2024 obuvak (Blue) [Headshot] 1230 (Red)
Wed Dec 18 12:45:42 2024 [Global] gun13raven (Blue): fuck
Wed Dec 18 12:45:49 2024 RemuS (Red) [Headshot] Noaa (Blue)
Wed Dec 18 12:45:50 2024 Harry (Blue) [Rifle] Zak (Red)
Wed Dec 18 12:45:59 2024 obuvak (Blue) [Headshot] lad (Red)
Wed Dec 18 12:46:02 2024 gun13raven (Blue) [Headshot] RemuS (Red)
Wed Dec 18 12:46:04 2024 Ricki Martin (Red) [Headshot] gun13raven (Blue)
Wed Dec 18 12:46:04 2024 Marshmello picked up Blue's Intel.
Wed Dec 18 12:46:05 2024  This server runs imger and glow. Use /IMG or /GLOW to toggle them.
Wed Dec 18 12:46:07 2024 Marshmello (Red) [Grenade] Yotsen (Blue)
Wed Dec 18 12:46:11 2024 Harry (Blue) [Headshot] Zak (Red)
Wed Dec 18 12:46:14 2024 obuvak (Blue) [Headshot] 1230 (Red)
Wed Dec 18 12:46:15 2024 Yotsen (Blue) [Headshot] Ricki Martin (Red)
Wed Dec 18 12:46:18 2024 Player 1230 has left
Wed Dec 18 12:46:23 2024 obuvak (Blue) [Headshot] Devill (Red)
Wed Dec 18 12:46:25 2024 Zak (Red) [SMG] Harry (Blue)
Wed Dec 18 12:46:33 2024 [Team] gun13raven (Blue): UP UP UP 
Wed Dec 18 12:46:37 2024 Pitt (Red) [Headshot] Harry (Blue)
Wed Dec 18 12:46:37 2024 [Team] gun13raven (Blue): GO GO GO
Wed Dec 18 12:46:40 2024 Disconnecting
