Wed Jun 19 19:42:48 2024 ------ World Loaded ------
Wed Jun 19 19:42:49 2024 Welcome to aloha.pk tower of babel
Wed Jun 19 19:42:50 2024 Map: RAVENLOFT by JoJoe-Stinky AKA Jason Bonham Alii3D.com
Wed Jun 19 19:42:52 2024 Game mode: babel
Wed Jun 19 19:42:52 2024 Monse (Red) [Headshot] Fecius (Blue)
Wed Jun 19 19:42:54 2024 Build a tower to get the enemy's intel. Take it to your team's tent to win!
Wed Jun 19 19:42:56 2024 Visit our community forum at https://aloha.pk/
Wed Jun 19 19:42:56 2024 OWN meks (Blue) [Headshot] Floppa:) (Red)
Wed Jun 19 19:42:58 2024 Come chat with us at https://discord.aloha.pk/
Wed Jun 19 19:43:00 2024 [Global] Floppa:) (Red): +
Wed Jun 19 19:43:04 2024 OWN meks (Blue) [Headshot] Floppa:) (Red)
Wed Jun 19 19:43:07 2024 [Global] OWN meks (Blue): ))))))))))))))))))
Wed Jun 19 19:43:08 2024 Van Grohgue  (Blue) [SMG] not a burner (Red)
Wed Jun 19 19:43:10 2024 [Global] Floppa:) (Red): +
Wed Jun 19 19:43:11 2024 OWN meks (Blue) [Headshot] elpapun (Red)
Wed Jun 19 19:43:11 2024 [Global] Floppa:) (Red): +
Wed Jun 19 19:43:12 2024 [Global] Floppa:) (Red): +
Wed Jun 19 19:43:12 2024 Van Grohgue  (Blue) [Fall]
Wed Jun 19 19:43:12 2024 [Global] Floppa:) (Red): +
Wed Jun 19 19:43:12 2024 OWN meks (Blue) [Headshot] ytr (Red)
Wed Jun 19 19:43:14 2024 [Global] not a burner (Red): bye-bye tree
Wed Jun 19 19:43:19 2024 El omar xD joined Red team
Wed Jun 19 19:43:21 2024 OWN meks (Blue) [Headshot] ytr (Red)
Wed Jun 19 19:43:22 2024 OWN meks (Blue) [Headshot] not a burner (Red)
Wed Jun 19 19:43:27 2024 Floppa:) (Red) [SMG] OWN meks (Blue)
Wed Jun 19 19:43:29 2024 Disconnecting
