Wed Jun 19 19:44:00 2024 ------ World Loaded ------
Wed Jun 19 19:44:00 2024 Welcome to aloha.pk tower of babel
Wed Jun 19 19:44:00 2024 Van Grohgue  (Blue) [Headshot] Monse (Red)
Wed Jun 19 19:44:01 2024 Map: RAVENLOFT by JoJoe-Stinky AKA Jason Bonham Alii3D.com
Wed Jun 19 19:44:01 2024 Monse (Red) [Fall]
Wed Jun 19 19:44:02 2024 OWN meks (Blue) [Rifle] not a burner (Red)
Wed Jun 19 19:44:03 2024 Game mode: babel
Wed Jun 19 19:44:03 2024 Enzoxhosting (Red) [SMG] I0I (Blue)
Wed Jun 19 19:44:04 2024 Fecius (Blue) [Headshot] Enzoxhosting (Red)
Wed Jun 19 19:44:05 2024 Build a tower to get the enemy's intel. Take it to your team's tent to win!
Wed Jun 19 19:44:07 2024 Player Monse has left
Wed Jun 19 19:44:07 2024 Visit our community forum at https://aloha.pk/
Wed Jun 19 19:44:07 2024 Van Grohgue  (Blue) [Fall]
Wed Jun 19 19:44:08 2024 killerdoom joined Blue team
Wed Jun 19 19:44:09 2024 Come chat with us at https://discord.aloha.pk/
Wed Jun 19 19:44:16 2024 [Global] Floppa:) (Red): gg
Wed Jun 19 19:44:17 2024 Player Floppa:) has left
Wed Jun 19 19:44:19 2024  Harry has a kill-death ratio of 0.00 (0 kills, 0 deaths, 0.00 kills per minute).
Wed Jun 19 19:44:19 2024  Harry removed no blocks in the last 2.0 minutes. Harry joined Blue team 17 seconds ago.
Wed Jun 19 19:44:19 2024  Enzoxhosting (#13) started a VOTEKICK against Harry (#11). Say /Y to agree
Wed Jun 19 19:44:19 2024  Reason: harry maguire
Wed Jun 19 19:44:20 2024  With 2716 blocks placed, I0I is granted the right to unleash the apocalypse.
Wed Jun 19 19:44:20 2024 Fecius captured Red's Intel.
Wed Jun 19 19:44:24 2024  Van Grohgue  (#7) voted YES
Wed Jun 19 19:44:26 2024  I0I has unleashed an apocalypse from God.
Wed Jun 19 19:44:28 2024  The apocalypse begins in 5
Wed Jun 19 19:44:29 2024  The apocalypse begins in 4
Wed Jun 19 19:44:30 2024  Capture your team's 5th intel to unlock /APOC for your team's best builder!
Wed Jun 19 19:44:30 2024  The apocalypse begins in 3
Wed Jun 19 19:44:31 2024  The apocalypse begins in 2
Wed Jun 19 19:44:32 2024  The apocalypse begins in 1
Wed Jun 19 19:44:34 2024 not a burner (Red) [Headshot] OWN meks (Blue)
Wed Jun 19 19:44:35 2024 I0I (Blue) [Grenade] ytr (Red)
Wed Jun 19 19:44:36 2024 I0I (Blue) [Grenade] elpapun (Red)
Wed Jun 19 19:44:37 2024 [Global] OWN meks (Blue): bruh
Wed Jun 19 19:44:37 2024 I0I (Blue) [Grenade] not a burner (Red)
Wed Jun 19 19:44:40 2024 I0I (Blue) [Grenade] not a burner (Red)
Wed Jun 19 19:44:40 2024 I0I (Blue) [Grenade] ytr (Red)
Wed Jun 19 19:44:43 2024 I0I (Blue) [Grenade]
Wed Jun 19 19:44:47 2024 [Global] I0I (Blue): ALLAHUAKBARRR
Wed Jun 19 19:44:49 2024  Enzoxhosting (#13) is votekicking Harry (#11). /Y to vote (5 left)
Wed Jun 19 19:44:49 2024  Reason: harry maguire
Wed Jun 19 19:44:49 2024  The apocalypse has ended.
Wed Jun 19 19:45:01 2024 Van Grohgue  (Blue) [Headshot] ytr (Red)
Wed Jun 19 19:45:07 2024 Harry (Blue) [Headshot] ytr (Red)
Wed Jun 19 19:45:10 2024 Fecius picked up Red's Intel.
Wed Jun 19 19:45:19 2024  Enzoxhosting (#13) is votekicking Harry (#11). /Y to vote (5 left)
Wed Jun 19 19:45:19 2024  Reason: harry maguire
Wed Jun 19 19:45:20 2024 not a burner (Red) [Headshot] killerdoom (Blue)
Wed Jun 19 19:45:20 2024 OWN meks (Blue) [Rifle] ytr (Red)
Wed Jun 19 19:45:21 2024 I0I (Blue) [Headshot] not a burner (Red)
Wed Jun 19 19:45:23 2024 [Global] I0I (Blue): aahahh 
Wed Jun 19 19:45:24 2024 [Global] I0I (Blue): got u
Wed Jun 19 19:45:30 2024 Van Grohgue  (Blue) [SMG] elpapun (Red)
Wed Jun 19 19:45:30 2024  Mahalo for playing aloha.pk tower of babel
Wed Jun 19 19:45:31 2024 Fecius dropped Red's Intel
Wed Jun 19 19:45:31 2024  The intel has returned to the heavens
Wed Jun 19 19:45:31 2024 Fecius (Blue) [Fall]
Wed Jun 19 19:45:33 2024 [Global] not a burner (Red): wasn't aiming for you
Wed Jun 19 19:45:36 2024 [Global] not a burner (Red): was looking to the skies
Wed Jun 19 19:45:41 2024 [Global] Van Grohgue  (Blue): at*
Wed Jun 19 19:45:41 2024 not a burner (Red) [Headshot] OWN meks (Blue)
Wed Jun 19 19:45:43 2024 ytr (Red) [SMG] Harry (Blue)
Wed Jun 19 19:45:49 2024  Enzoxhosting (#13) is votekicking Harry (#11). /Y to vote (5 left)
Wed Jun 19 19:45:49 2024  Reason: harry maguire
Wed Jun 19 19:45:49 2024 [Global] not a burner (Red): for*
Wed Jun 19 19:45:50 2024 Van Grohgue  (Blue) [Headshot] ytr (Red)
Wed Jun 19 19:45:51 2024 I0I (Blue) [SMG] not a burner (Red)
Wed Jun 19 19:45:56 2024 OWN meks (Blue) [Headshot] Enzoxhosting (Red)
Wed Jun 19 19:45:59 2024 Player elpapun has left
Wed Jun 19 19:46:09 2024 Fecius picked up Red's Intel.
Wed Jun 19 19:46:19 2024  Votekick for Harry (#11) has ended. Votekick timed out
Wed Jun 19 19:46:23 2024 not a burner (Red) [Headshot] Harry (Blue)
Wed Jun 19 19:46:30 2024  Build a tower to get the enemy's intel. Take it to your team's tent to win!
Wed Jun 19 19:46:35 2024 Harry (Blue) [Headshot] not a burner (Red)
Wed Jun 19 19:46:38 2024 Fecius captured Red's Intel.
Wed Jun 19 19:46:44 2024 Van Grohgue  (Blue) [SMG] not a burner (Red)
Wed Jun 19 19:46:56 2024 Harry (Blue) [Headshot] Enzoxhosting (Red)
Wed Jun 19 19:47:02 2024 Fecius (Blue) [Fall]
Wed Jun 19 19:47:09 2024 Harry (Blue) [Headshot] Enzoxhosting (Red)
Wed Jun 19 19:47:10 2024 not a burner (Red) [Headshot] Van Grohgue  (Blue)
Wed Jun 19 19:47:18 2024 OWN meks picked up Red's Intel.
Wed Jun 19 19:47:27 2024 not a burner (Red) [Headshot] killerdoom (Blue)
Wed Jun 19 19:47:30 2024 Enzoxhosting (Red) [Headshot] Harry (Blue)
Wed Jun 19 19:47:30 2024  Type /HELP for info & commands
Wed Jun 19 19:47:30 2024 [Global] not a burger (): im gay
Wed Jun 19 19:47:34 2024  ytr has reached 1000 blocks placed! /heaven unlocked.
Wed Jun 19 19:47:37 2024 not a burner (Red) [Headshot] Fecius (Blue)
Wed Jun 19 19:47:44 2024 OWN meks dropped Red's Intel
Wed Jun 19 19:47:44 2024  The intel has returned to the heavens
Wed Jun 19 19:47:44 2024 not a burner (Red) [Rifle] OWN meks (Blue)
Wed Jun 19 19:47:48 2024 not a burner (Red) [Headshot] Fecius (Blue)
Wed Jun 19 19:47:52 2024 [Global] Van Grohgue  (Blue): not a burger supremacy
Wed Jun 19 19:47:53 2024 Disconnecting
