Sun Apr 14 10:21:23 2024 ------ World Loaded ------
Sun Apr 14 10:21:23 2024 Welcome to aloha.pk tower of babel
Sun Apr 14 10:21:23 2024 pxe1 (Blue) [Headshot] Ding (Red)
Sun Apr 14 10:21:24 2024 pxe1 (Blue) [SMG] marcel1 (Red)
Sun Apr 14 10:21:25 2024 Map: MazeMountain by Danke
Sun Apr 14 10:21:27 2024 Game mode: babel
Sun Apr 14 10:21:29 2024 Build a tower to get the enemy's intel. Take it to your team's tent to win!
Sun Apr 14 10:21:31 2024 Visit our community forum at https://aloha.pk/
Sun Apr 14 10:21:33 2024 Come chat with us at https://discord.aloha.pk/
Sun Apr 14 10:21:37 2024 pxe1 (Blue) [Headshot] marcel1 (Red)
Sun Apr 14 10:21:46 2024 marcel1 (Red) [Fall]
Sun Apr 14 10:21:48 2024 Aiko (Red) [Headshot] pxe1 (Blue)
Sun Apr 14 10:21:48 2024 [Global] degleve (Blue): maybe they could settle this
Sun Apr 14 10:21:48 2024 1234 joined Blue team
Sun Apr 14 10:21:54 2024 Y.O.B.A. (Red) [Fall]
Sun Apr 14 10:22:11 2024 [Global] degleve (Blue): but thats too bad i got a nice memory with marsh digging and know i dont know 
Sun Apr 14 10:22:12 2024 Harry (Blue) [Headshot] SHURA (Red)
Sun Apr 14 10:22:15 2024 [Global] degleve (Blue): with who it really wazs
Sun Apr 14 10:22:22 2024 ball (Red) [Headshot] pxe1 (Blue)
Sun Apr 14 10:22:27 2024 Y.O.B.A. (Red) [SMG] Harry (Blue)
Sun Apr 14 10:22:28 2024 ball (Red) [Headshot] 1234 (Blue)
Sun Apr 14 10:22:35 2024  Use /EMOTE to draw an emote on the map!
Sun Apr 14 10:22:45 2024 [Global] Deuce (): anyway, I think the real Marsh changed in the last years
Sun Apr 14 10:22:47 2024 Harry (Blue) [Headshot] Y.O.B.A. (Red)
Sun Apr 14 10:22:50 2024 degleve (Blue) [Headshot] ball (Red)
Sun Apr 14 10:22:53 2024 [Global] Deuce (): Idk, he was more cute
Sun Apr 14 10:22:57 2024 degleve (Blue) [Headshot] marcel1 (Red)
Sun Apr 14 10:23:13 2024 [Global] Aiko (Red): how do you know what he looked like?
Sun Apr 14 10:23:14 2024 degleve (Blue) [SMG] Y.O.B.A. (Red)
Sun Apr 14 10:23:25 2024 ball (Red) [Headshot] degleve (Blue)
Sun Apr 14 10:23:28 2024 Aiko picked up Blue's Intel.
Sun Apr 14 10:23:32 2024 Harry (Blue) [Headshot] marcel1 (Red)
Sun Apr 14 10:23:35 2024  Use /HEAVEN to paint the babel platform!
Sun Apr 14 10:23:36 2024 [Global] degleve (Blue): red hat and uniform
Sun Apr 14 10:23:38 2024 Harry (Blue) [Rifle] Ding (Red)
Sun Apr 14 10:23:38 2024 [Global] Deuce (): id say its a figure of speech
Sun Apr 14 10:23:40 2024 [Global] degleve (Blue): some smg 
Sun Apr 14 10:23:45 2024 Y.O.B.A. (Red) [Headshot] pxe1 (Blue)
Sun Apr 14 10:23:48 2024 [Global] degleve (Blue): sneaky
Sun Apr 14 10:23:52 2024 Aiko captured Blue's Intel.
Sun Apr 14 10:23:56 2024 Y.O.B.A. (Red) [Headshot] Harry (Blue)
Sun Apr 14 10:23:58 2024 degleve (Blue) [Headshot] Y.O.B.A. (Red)
Sun Apr 14 10:24:05 2024 pxe1 (Blue) [Headshot] ball (Red)
Sun Apr 14 10:24:09 2024 [Global] Deuce (): as...
Sun Apr 14 10:24:11 2024 marcel1 (Red) [Rifle] 1234 (Blue)
Sun Apr 14 10:24:13 2024 [Global] Deuce (): huh
Sun Apr 14 10:24:16 2024 Y.O.B.A. (Red) [SMG] degleve (Blue)
Sun Apr 14 10:24:19 2024 Harry (Blue) [Rifle] Y.O.B.A. (Red)
Sun Apr 14 10:24:26 2024 marcel1 picked up Blue's Intel.
Sun Apr 14 10:24:35 2024  Get a 20 killstreak and 1 intel capture(s) to unlock /APOC!
Sun Apr 14 10:24:37 2024 [Global] Deuce (): as if he was happier, idk
Sun Apr 14 10:24:41 2024 SHURA (Red) [SMG] pxe1 (Blue)
Sun Apr 14 10:24:56 2024 Ding (Red) [Headshot] Harry (Blue)
Sun Apr 14 10:25:03 2024 pxe1 (Blue) [Headshot] Ding (Red)
Sun Apr 14 10:25:03 2024 [Global] degleve (Blue): you ask if he looker appy ?
Sun Apr 14 10:25:06 2024 [Global] Aiko (Red): i honestly think the older we get, the less happy we are.
Sun Apr 14 10:25:07 2024 pxe1 (Blue) [Headshot] Y.O.B.A. (Red)
Sun Apr 14 10:25:09 2024 marcel1 captured Blue's Intel.
Sun Apr 14 10:25:12 2024 sombra joined Red team
Sun Apr 14 10:25:12 2024 Aiko picked up Blue's Intel.
Sun Apr 14 10:25:17 2024 [Global] Deuce (): brah, its not about his appearance
Sun Apr 14 10:25:25 2024 Harry (Blue) [Fall]
Sun Apr 14 10:25:27 2024 [Global] ball (Red): i was very unhappy when i was younger tho
Sun Apr 14 10:25:35 2024  Capture your team's 5th intel to unlock /APOC for your team's best builder!
Sun Apr 14 10:25:39 2024 [Global] ball (Red): horrible things still happen to me 
Sun Apr 14 10:25:39 2024  With 2530 blocks placed, ball is granted the right to unleash the apocalypse.
Sun Apr 14 10:25:39 2024 Aiko captured Blue's Intel.
Sun Apr 14 10:25:41 2024 marcel1 picked up Blue's Intel.
Sun Apr 14 10:25:46 2024 [Global] ball (Red): but i still can manage to be okay and happu
Sun Apr 14 10:25:56 2024 [Global] Harry (Blue): openspades heals
Sun Apr 14 10:25:59 2024 Harry (Blue) [Headshot] Y.O.B.A. (Red)
Sun Apr 14 10:26:01 2024 [Global] Ding (Red): amen
Sun Apr 14 10:26:02 2024 EndruOkey (Blue) [Headshot] sombra (Red)
Sun Apr 14 10:26:04 2024 [Global] degleve (Blue): my mother told me the other day she was happier now than during her 20's 
Sun Apr 14 10:26:05 2024 Harry (Blue) [Headshot] ball (Red)
Sun Apr 14 10:26:11 2024 [Global] degleve (Blue): more confidence, stable life, etc
Sun Apr 14 10:26:17 2024 SHURA (Red) [Headshot] degleve (Blue)
Sun Apr 14 10:26:23 2024 Ghost? joined Blue team
Sun Apr 14 10:26:29 2024 marcel1 captured Blue's Intel.
Sun Apr 14 10:26:32 2024 [Global] ball (Red): its just about know how to handle any situationw
Sun Apr 14 10:26:35 2024  Mahalo for playing aloha.pk tower of babel
Sun Apr 14 10:26:36 2024 retry joined Red team
Sun Apr 14 10:26:38 2024 [Global] Aiko (Red): if i am being honest, a lot of things have been going on in my life.. my dad has nearly died several times
Sun Apr 14 10:26:39 2024 [Global] ball (Red): know what do u want the most
Sun Apr 14 10:26:54 2024 retry (Red) [Headshot] Harry (Blue)
Sun Apr 14 10:26:58 2024 degleve (Blue) [Headshot] Y.O.B.A. (Red)
Sun Apr 14 10:26:58 2024 marcel1 picked up Blue's Intel.
Sun Apr 14 10:27:01 2024 [Global] ball (Red): why is that
Sun Apr 14 10:27:09 2024 1234 (Blue) [Headshot] ball (Red)
Sun Apr 14 10:27:16 2024 EndruOkey (Blue) [Rifle] retry (Red)
Sun Apr 14 10:27:18 2024 Y.O.B.A. (Red) [SMG] Ghost? (Blue)
Sun Apr 14 10:27:23 2024 [Global] Aiko (Red): he has been having health issues, became an alcoholic and hasn't been the same
Sun Apr 14 10:27:27 2024 Y.O.B.A. (Red) [Grenade] 1234 (Blue)
Sun Apr 14 10:27:35 2024  Build a tower to get the enemy's intel. Take it to your team's tent to win!
Sun Apr 14 10:27:37 2024 marcel1 captured Blue's Intel.
Sun Apr 14 10:27:40 2024 pxe1 (Blue) [Rifle] SHURA (Red)
Sun Apr 14 10:27:45 2024 [Global] degleve (Blue): rough
Sun Apr 14 10:27:46 2024 retry (Red) [Headshot] pxe1 (Blue)
Sun Apr 14 10:27:51 2024 Ding (Red) [Headshot] degleve (Blue)
Sun Apr 14 10:27:52 2024 1234 (Blue) [Fall]
Sun Apr 14 10:27:58 2024 retry (Red) [SMG] EndruOkey (Blue)
Sun Apr 14 10:27:58 2024 Ghost? (Blue) [Headshot] sombra (Red)
Sun Apr 14 10:28:04 2024 retry (Red) [Grenade] pxe1 (Blue)
Sun Apr 14 10:28:06 2024 [Global] Deuce (): talkin bout Alcohol/drugs, DDT makes me mad
Sun Apr 14 10:28:07 2024 marcel1 picked up Blue's Intel.
Sun Apr 14 10:28:11 2024 [Global] ball (Red): maybe stick to ur father motre
Sun Apr 14 10:28:12 2024 [Global] Deuce (): he appears here high sometymes
Sun Apr 14 10:28:22 2024 marcel1 (Red) [Grenade] Harry (Blue)
Sun Apr 14 10:28:22 2024 marcel1 (Red) [Grenade] 1234 (Blue)
Sun Apr 14 10:28:27 2024 [Global] ball (Red): ddt?
Sun Apr 14 10:28:28 2024 [Global] degleve (Blue): whats ddt
Sun Apr 14 10:28:29 2024 Polloturbio joined Spectator team
Sun Apr 14 10:28:32 2024 Ghost? (Blue) [Headshot] ball (Red)
Sun Apr 14 10:28:34 2024 [Global] ball (Red): whats he a player?
Sun Apr 14 10:28:35 2024 Harry (Blue) [Headshot] SHURA (Red)
Sun Apr 14 10:28:35 2024  Type /HELP for info & commands
Sun Apr 14 10:28:36 2024 EndruOkey (Blue) [Headshot] ifed (Red)
Sun Apr 14 10:28:38 2024 [Global] ball (Red): xd
Sun Apr 14 10:28:40 2024 [Global] Aiko (Red): i am actually on the autism spectrum tbh. so it is hard for me to make friends.
Sun Apr 14 10:28:41 2024 Harry (Blue) [Headshot] retry (Red)
Sun Apr 14 10:28:43 2024 EndruOkey (Blue) [Fall]
Sun Apr 14 10:28:43 2024 Y.O.B.A. (Red) [Headshot] 1234 (Blue)
Sun Apr 14 10:28:44 2024 [Global] Deuce (): bro, what game im playin? did I join the wrong game?
Sun Apr 14 10:28:45 2024 Harry (Blue) [Headshot] Y.O.B.A. (Red)
Sun Apr 14 10:28:49 2024 sombra (Red) [SMG] Ghost? (Blue)
Sun Apr 14 10:28:50 2024 Player EndruOkey has left
Sun Apr 14 10:28:53 2024 [Global] Deuce (): DDT plays here everyday, Marshmello too
Sun Apr 14 10:29:00 2024 marcel1 captured Blue's Intel.
Sun Apr 14 10:29:04 2024 [Global] degleve (Blue): maybe not same hours
Sun Apr 14 10:29:07 2024 [Global] Deuce (): well, Marshmello, not so much anymoar
Sun Apr 14 10:29:16 2024 [Global] Y.O.B.A. (Red): didnt saw DDT many weeks
Sun Apr 14 10:29:22 2024 [Global] ball (Red): i dont have autism, i went to many psychologists and no one told me i had it, but it is still hard for me to
Sun Apr 14 10:29:23 2024 [Global] degleve (Blue): ball is a nightmare player playing only night
Sun Apr 14 10:29:25 2024 Ding picked up Blue's Intel.
Sun Apr 14 10:29:27 2024 [Global] Aiko (Red): let alone, make relationships.. and i am gay...
Sun Apr 14 10:29:29 2024 degleve (Blue) [Headshot] ball (Red)
Sun Apr 14 10:29:31 2024 SHURA (Red) [SMG] 1234 (Blue)
Sun Apr 14 10:29:31 2024 Player Ghost? has left
Sun Apr 14 10:29:33 2024 [Global] ball (Red): i play in afternoons
Sun Apr 14 10:29:35 2024  Visit our community forums at https://aloha.pk/
Sun Apr 14 10:29:36 2024 Player marcel1 has left
Sun Apr 14 10:29:37 2024 Harry (Blue) [Fall]
Sun Apr 14 10:29:41 2024 [Global] ball (Red): wait really?
Sun Apr 14 10:29:41 2024 SHURA (Red) [SMG] Frank (Blue)
Sun Apr 14 10:29:46 2024 [Global] Deuce (): what? r u geh?
Sun Apr 14 10:29:49 2024 degleve (Blue) [Headshot] ball (Red)
Sun Apr 14 10:29:52 2024 SHURA (Red) [Headshot] 1234 (Blue)
Sun Apr 14 10:29:53 2024 Ding (Red) [Headshot] degleve (Blue)
Sun Apr 14 10:29:56 2024 [Global] Aiko (Red): i lost my boyfriend to cancer a few years ago.
Sun Apr 14 10:29:59 2024 SHURA (Red) [Headshot] pxe1 (Blue)
Sun Apr 14 10:30:00 2024 Harry (Blue) [Headshot] SHURA (Red)
Sun Apr 14 10:30:02 2024 Harry (Blue) [Rifle] sombra (Red)
Sun Apr 14 10:30:05 2024 [Global] Deuce (): you liar
Sun Apr 14 10:30:08 2024 Ding captured Blue's Intel.
Sun Apr 14 10:30:09 2024 Y.O.B.A. (Red) [Fall]
Sun Apr 14 10:30:13 2024 [Global] Deuce (): send me your feet pics as proof
Sun Apr 14 10:30:18 2024 Pac joined Blue team
Sun Apr 14 10:30:19 2024 [Global] degleve (Blue): ahahah
Sun Apr 14 10:30:20 2024 [Global] Aiko (Red): are you calling me a liar?
Sun Apr 14 10:30:20 2024 marcel1 joined Blue team
Sun Apr 14 10:30:29 2024 Harry (Blue) [Headshot] Y.O.B.A. (Red)
Sun Apr 14 10:30:31 2024 [Global] Deuce (): no, was just kiddin
Sun Apr 14 10:30:35 2024 Aiko picked up Blue's Intel.
Sun Apr 14 10:30:35 2024 [Global] Deuce (): sorry
Sun Apr 14 10:30:35 2024  Come chat with us at https://discord.aloha.pk/
Sun Apr 14 10:30:47 2024 retry (Red) [Headshot] 1234 (Blue)
Sun Apr 14 10:30:50 2024 retry (Red) [Headshot] Frank (Blue)
Sun Apr 14 10:30:52 2024 [Global] degleve (Blue): deuces soldiers never lie rule number one
Sun Apr 14 10:30:52 2024 sombra (Red) [Fall]
Sun Apr 14 10:30:56 2024 retry (Red) [SMG] 1234 (Blue)
Sun Apr 14 10:30:59 2024 Y.O.B.A. (Red) [Melee] Harry (Blue)
Sun Apr 14 10:30:59 2024 retry (Red) [SMG] pxe1 (Blue)
Sun Apr 14 10:31:00 2024 Aiko captured Blue's Intel.
Sun Apr 14 10:31:00 2024 Red Wins!
Sun Apr 14 10:31:00 2024  Game finished! Next map: abridgetoofar.
Sun Apr 14 10:31:01 2024 marcel1 (Blue) [Headshot] retry (Red)
Sun Apr 14 10:31:02 2024 Pac (Blue) [Headshot] ifed (Red)
Sun Apr 14 10:31:02 2024 Aiko (Red) [Headshot] Pac (Blue)
Sun Apr 14 10:31:02 2024 degleve (Blue) [SMG] Aiko (Red)
Sun Apr 14 10:31:02 2024 degleve (Blue) [SMG] Aiko (Red)
Sun Apr 14 10:31:03 2024 marcel1 (Blue) [Headshot] ball (Red)
Sun Apr 14 10:31:03 2024 marcel1 (Blue) [SMG] SHURA (Red)
Sun Apr 14 10:31:03 2024 degleve (Blue) [SMG] SHURA (Red)
Sun Apr 14 10:31:03 2024 degleve (Blue) [SMG] SHURA (Red)
Sun Apr 14 10:31:03 2024 degleve (Blue) [SMG] SHURA (Red)
Sun Apr 14 10:31:03 2024 marcel1 (Blue) [Headshot] SHURA (Red)
Sun Apr 14 10:31:04 2024 sombra (Red) [Headshot] pxe1 (Blue)
Sun Apr 14 10:31:04 2024 [Global] ball (Red): everything u said sounds like u are having a difficult time to be true
Sun Apr 14 10:31:04 2024 Y.O.B.A. (Red) [Fall]
Sun Apr 14 10:31:05 2024 marcel1 (Blue) [Headshot] sombra (Red)
Sun Apr 14 10:31:05 2024 1234 (Blue) [SMG] sombra (Red)
Sun Apr 14 10:31:06 2024 Frank (Blue) [Fall]
Sun Apr 14 10:31:06 2024 Harry (Blue) [Headshot] Ding (Red)
Sun Apr 14 10:31:10 2024 Harry picked up Red's Intel.
Sun Apr 14 10:31:10 2024 1234 (Blue) [Grenade]
Sun Apr 14 10:31:10 2024 ------ World Unloaded ------
Sun Apr 14 10:31:13 2024 ------ World Loaded ------
Sun Apr 14 10:31:13 2024 Welcome to aloha.pk tower of babel
Sun Apr 14 10:31:13 2024 Deuce joined Spectator team
Sun Apr 14 10:31:14 2024 Map: A Bridge Too Far by ei8htx
Sun Apr 14 10:31:15 2024 marcel1 joined Spectator team
Sun Apr 14 10:31:15 2024 ball joined Red team
Sun Apr 14 10:31:16 2024 Pac joined Blue team
Sun Apr 14 10:31:16 2024 degleve joined Red team
Sun Apr 14 10:31:16 2024 Game mode: babel
Sun Apr 14 10:31:17 2024 ifed joined Red team
Sun Apr 14 10:31:17 2024 retry joined Red team
Sun Apr 14 10:31:18 2024 Polloturbio joined Spectator team
Sun Apr 14 10:31:18 2024 SHURA joined Blue team
Sun Apr 14 10:31:18 2024 Build a tower to get the enemy's intel. Take it to your team's tent to win!
Sun Apr 14 10:31:19 2024 Aiko joined Red team
Sun Apr 14 10:31:20 2024 sombra joined Blue team
Sun Apr 14 10:31:20 2024 1234 joined Blue team
Sun Apr 14 10:31:20 2024 Visit our community forum at https://aloha.pk/
Sun Apr 14 10:31:22 2024 Come chat with us at https://discord.aloha.pk/
Sun Apr 14 10:31:25 2024 SHURA (Blue) [Team Change]
Sun Apr 14 10:31:29 2024 [Global] marcel1 ():  RET TIER
Sun Apr 14 10:31:34 2024 Player Polloturbio has left
Sun Apr 14 10:31:35 2024  If you believe a player is breaking the rules, please let us know with /ADMIN
Sun Apr 14 10:31:36 2024 SHURA joined Red team
Sun Apr 14 10:31:36 2024 Player marcel1 has left
Sun Apr 14 10:31:43 2024 kraken joined Blue team
Sun Apr 14 10:31:44 2024 Polloturbio joined Spectator team
Sun Apr 14 10:31:51 2024 sombra (Blue) [Fall]
Sun Apr 14 10:31:52 2024 marcel1 joined Red team
Sun Apr 14 10:31:59 2024 ifed (Red) [Fall]
Sun Apr 14 10:31:59 2024 [Global] Deuce (): thse Deuces r the most fraudsters and liars o' all tyme
Sun Apr 14 10:32:08 2024 [Global] Aiko (Red): i am not saying any of this for sympathy, but rather because i really enjoy this game.
Sun Apr 14 10:32:10 2024 [Global] Deuce (): what u talkin bout
Sun Apr 14 10:32:32 2024 ball (Red) [Headshot] Harry (Blue)
Sun Apr 14 10:32:33 2024 ball (Red) [SMG] 1234 (Blue)
Sun Apr 14 10:32:34 2024 [Global] Deuce (): I used to play CS-Maps, Sauerkraut zombie survive too
Sun Apr 14 10:32:35 2024  This server runs imger and glow. Use /IMG or /GLOW to toggle them.
Sun Apr 14 10:32:35 2024 SHURA (Red) [Fall]
Sun Apr 14 10:32:41 2024 [Global] Deuce (): Curse of Hompy Johnes (kraken gm)
Sun Apr 14 10:32:45 2024 Kat joined Blue team
Sun Apr 14 10:32:45 2024 [Global] Deuce (): damn, that was fun
Sun Apr 14 10:32:46 2024 marcel1 picked up Blue's Intel.
Sun Apr 14 10:32:47 2024 You must be closer to the enemy's base to grenade blocks!
Sun Apr 14 10:32:47 2024 Kat (Blue) [Team Change]
Sun Apr 14 10:32:48 2024 Kat joined Red team
Sun Apr 14 10:32:48 2024 1234 (Blue) [Fall]
Sun Apr 14 10:32:50 2024 Harry (Blue) [Grenade] ball (Red)
Sun Apr 14 10:32:50 2024 You must be closer to the enemy's base to grenade blocks!
Sun Apr 14 10:32:51 2024 [Global] Aiko (Red): i know i am an idiot and moron sometimes... sometimes i get frustrated and blowup...
Sun Apr 14 10:32:52 2024 You must be closer to the enemy's base to grenade blocks!
Sun Apr 14 10:32:53 2024 kraken (Blue) [Fall]
Sun Apr 14 10:33:12 2024 Player Polloturbio has left
Sun Apr 14 10:33:13 2024 [Global] degleve (Red): we all are stupid from time to time
Sun Apr 14 10:33:13 2024 sombra (Blue) [Shotgun] Aiko (Red)
Sun Apr 14 10:33:14 2024 marcel1 captured Blue's Intel.
Sun Apr 14 10:33:22 2024 [Global] Deuce (): Kat?
Sun Apr 14 10:33:28 2024 [Global] Deuce (): when did u join?
Sun Apr 14 10:33:33 2024 marcel1 picked up Blue's Intel.
Sun Apr 14 10:33:35 2024  Use /EMOTE to draw an emote on the map!
Sun Apr 14 10:33:38 2024 ball (Red) [Headshot] kraken (Blue)
Sun Apr 14 10:33:43 2024 Do you? CS:GO joined Blue team
Sun Apr 14 10:33:45 2024 ifed (Red) [Fall]
Sun Apr 14 10:33:53 2024 [Global] Aiko (Red): well, i seem to be the one here that everyone picks on...
Sun Apr 14 10:33:57 2024 marcel1 captured Blue's Intel.
Sun Apr 14 10:34:07 2024 Pac (Blue) [Fall]
Sun Apr 14 10:34:11 2024 [Global] Deuce (): CS:GO was cooler. the new CS2 looks like Valorant
Sun Apr 14 10:34:16 2024 marcel1 picked up Blue's Intel.
Sun Apr 14 10:34:18 2024 [Global] Deuce (): And I fuckin hte valorant
Sun Apr 14 10:34:19 2024 kraken (Blue) [Headshot] ball (Red)
Sun Apr 14 10:34:20 2024 Harry (Blue) [Fall]
Sun Apr 14 10:34:29 2024 SHURA (Red) [Headshot] 1234 (Blue)
Sun Apr 14 10:34:32 2024 Harry (Blue) [Headshot] SHURA (Red)
Sun Apr 14 10:34:34 2024 Pac (Blue) [Headshot] Aiko (Red)
Sun Apr 14 10:34:35 2024  Use /HEAVEN to paint the babel platform!
Sun Apr 14 10:34:36 2024 [Global] Kat (Red): stop playing malware games
Sun Apr 14 10:34:37 2024 marcel1 dropped Blue's Intel
Sun Apr 14 10:34:37 2024 Player marcel1 has left
Sun Apr 14 10:34:39 2024 Aiko (Red) [Weapon Change]
Sun Apr 14 10:34:42 2024 HEISENBERG joined Blue team
Sun Apr 14 10:34:42 2024 ball picked up Blue's Intel.
Sun Apr 14 10:34:43 2024 Y.O.B.A. joined Red team
Sun Apr 14 10:34:47 2024 [Global] Kat (Red): anti-cheat is malware
Sun Apr 14 10:34:51 2024 Kat (Red) [Headshot] Pac (Blue)
Sun Apr 14 10:34:52 2024 degleve (Red) [SMG] Do you? CS:GO (Blue)
Sun Apr 14 10:34:53 2024 degleve (Red) [Headshot] sombra (Blue)
Sun Apr 14 10:34:57 2024 [Global] Deuce (): no one remembers that there was a "Counter-Strike Online (1 and 2)"
Sun Apr 14 10:34:58 2024 ball captured Blue's Intel.
Sun Apr 14 10:35:00 2024 degleve (Red) [Headshot] 1234 (Blue)
Sun Apr 14 10:35:03 2024 degleve (Red) [Headshot] 1234 (Blue)
Sun Apr 14 10:35:06 2024 [Global] Deuce (): thse were chinese spywares, just like valorant
Sun Apr 14 10:35:15 2024 RocheLunaire joined Blue team
Sun Apr 14 10:35:16 2024 Aiko (Red) [Fall]
Sun Apr 14 10:35:17 2024 HEISENBERG (Blue) [Headshot] Kat (Red)
Sun Apr 14 10:35:18 2024 [Global] ball (Red): valorant?
Sun Apr 14 10:35:22 2024 ball (Red) [Headshot] HEISENBERG (Blue)
Sun Apr 14 10:35:25 2024 [Global] Kat (Red): I have never played
Sun Apr 14 10:35:26 2024 ball (Red) [Headshot] RocheLunaire (Blue)
Sun Apr 14 10:35:27 2024 ball (Red) [Headshot] Do you? CS:GO (Blue)
Sun Apr 14 10:35:28 2024 degleve (Red) [Grenade] Harry (Blue)
Sun Apr 14 10:35:29 2024 ball (Red) [SMG] sombra (Blue)
Sun Apr 14 10:35:33 2024 ball (Red) [Headshot] HEISENBERG (Blue)
Sun Apr 14 10:35:35 2024  Get a 20 killstreak and 1 intel capture(s) to unlock /APOC!
Sun Apr 14 10:35:39 2024 HEISENBERG (Blue) [Rifle] ball (Red)
Sun Apr 14 10:35:40 2024 [Global] ball (Red): i just play league of legends
Sun Apr 14 10:35:43 2024 [Global] Deuce (): ew
Sun Apr 14 10:35:46 2024 [Global] ball (Red): ok
Sun Apr 14 10:35:48 2024 Kat (Red) [Headshot] Pac (Blue)
Sun Apr 14 10:35:52 2024 [Global] ball (Red): its free so
Sun Apr 14 10:36:01 2024 Polloturbio joined Spectator team
Sun Apr 14 10:36:05 2024 Harry (Blue) [Headshot] degleve (Red)
Sun Apr 14 10:36:08 2024 [Global] degleve (Red): ouch
Sun Apr 14 10:36:09 2024 [Global] Kat (Red): if there is an mmo I would like to play, its the old planet side
Sun Apr 14 10:36:10 2024 [Global] Deuce (): CS1.6 is the best CS, I guess thats it
Sun Apr 14 10:36:13 2024 kraken (Blue) [Headshot] Kat (Red)
Sun Apr 14 10:36:13 2024 CAWWER joined Blue team
Sun Apr 14 10:36:15 2024 HEISENBERG (Blue) [Headshot] ball (Red)
Sun Apr 14 10:36:16 2024 Pac (Blue) [Fall]
Sun Apr 14 10:36:19 2024 Y.O.B.A. (Red) [Headshot] 1234 (Blue)
Sun Apr 14 10:36:22 2024 kraken (Blue) [Headshot] degleve (Red)
Sun Apr 14 10:36:26 2024 Kat (Red) [Rifle] kraken (Blue)
Sun Apr 14 10:36:30 2024 Pac (Blue) [Headshot] Y.O.B.A. (Red)
Sun Apr 14 10:36:32 2024 ball (Red) [Headshot] HEISENBERG (Blue)
Sun Apr 14 10:36:35 2024 [Global] Y.O.B.A. (Red): yeah 1.6 onelove:)
Sun Apr 14 10:36:35 2024  Capture your team's 5th intel to unlock /APOC for your team's best builder!
Sun Apr 14 10:36:39 2024 Player CAWWER has left
Sun Apr 14 10:36:42 2024 ball (Red) [Headshot] Pac (Blue)
Sun Apr 14 10:36:44 2024 HEISENBERG (Blue) [Headshot] ball (Red)
Sun Apr 14 10:36:45 2024 degleve (Red) [Headshot] Harry (Blue)
Sun Apr 14 10:36:57 2024 kraken (Blue) [Shotgun] degleve (Red)
Sun Apr 14 10:37:03 2024 CAWWER joined Blue team
Sun Apr 14 10:37:04 2024 kraken (Blue) [Shotgun] Y.O.B.A. (Red)
Sun Apr 14 10:37:17 2024 SHURA picked up Blue's Intel.
Sun Apr 14 10:37:17 2024 SHURA dropped Blue's Intel
Sun Apr 14 10:37:17 2024 kraken (Blue) [Shotgun] SHURA (Red)
Sun Apr 14 10:37:25 2024 Disconnecting
