Sun Apr 14 10:59:49 2024 ------ World Loaded ------
Sun Apr 14 10:59:49 2024 RocheLunaire captured Red's Intel.
Sun Apr 14 10:59:49 2024 yellow (Red) [Rifle] jaason (Blue)
Sun Apr 14 10:59:49 2024 Welcome to aloha.pk tower of babel
Sun Apr 14 10:59:49 2024 HEISENBERG (Blue) [Headshot] Kirill (Red)
Sun Apr 14 10:59:49 2024 Pac (Blue) [Headshot] yellow (Red)
Sun Apr 14 10:59:50 2024 Map: A Bridge Too Far by ei8htx
Sun Apr 14 10:59:51 2024 Kirill (Red) [Fall]
Sun Apr 14 10:59:51 2024 yellow (Red) [Fall]
Sun Apr 14 10:59:51 2024 jaason (Blue) [Fall]
Sun Apr 14 10:59:52 2024 Game mode: babel
Sun Apr 14 10:59:53 2024 Harry (Red) [Fall]
Sun Apr 14 10:59:54 2024 Build a tower to get the enemy's intel. Take it to your team's tent to win!
Sun Apr 14 10:59:56 2024 Visit our community forum at https://aloha.pk/
Sun Apr 14 10:59:58 2024 yung kamilos joined Red team
Sun Apr 14 10:59:58 2024 Come chat with us at https://discord.aloha.pk/
Sun Apr 14 11:00:01 2024 HEISENBERG (Blue) [Headshot] Y.O.B.A. (Red)
Sun Apr 14 11:00:03 2024 ball (Red) [Headshot] RocheLunaire (Blue)
Sun Apr 14 11:00:03 2024 ScrapHeap (Blue) [SMG] pxe1 (Red)
Sun Apr 14 11:00:05 2024 Xioonae (Blue) [Headshot] Kat (Red)
Sun Apr 14 11:00:20 2024 Harry (Red) [Headshot] jaason (Blue)
Sun Apr 14 11:00:22 2024 SHURA (Red) [SMG] CAWWER (Blue)
Sun Apr 14 11:00:23 2024 Pinus (Red) [Headshot] akssiskaaaa (Blue)
Sun Apr 14 11:00:24 2024 Kirill (Red) [Grenade] HEISENBERG (Blue)
Sun Apr 14 11:00:25 2024 [Global] Pac (Blue): hi kamilos!
Sun Apr 14 11:00:26 2024 Xioonae (Blue) [Headshot] yung kamilos (Red)
Sun Apr 14 11:00:27 2024 yung kamilos (Red) [Grenade] RocheLunaire (Blue)
Sun Apr 14 11:00:32 2024 Kat (Red) [Headshot] ScrapHeap (Blue)
Sun Apr 14 11:00:32 2024 [Global] yung kamilos (Red): hi again
Sun Apr 14 11:00:33 2024 sanmilost (Blue) [Fall]
Sun Apr 14 11:00:34 2024 HEISENBERG (Blue) [Headshot] Harry (Red)
Sun Apr 14 11:00:34 2024 Kat (Red) [Headshot] Xioonae (Blue)
Sun Apr 14 11:00:35 2024  Build a tower to get the enemy's intel. Take it to your team's tent to win!
Sun Apr 14 11:00:41 2024 Pac (Blue) [Headshot] yellow (Red)
Sun Apr 14 11:00:43 2024 HEISENBERG (Blue) [Headshot] Pinus (Red)
Sun Apr 14 11:00:43 2024 Pac (Blue) [Headshot] ball (Red)
Sun Apr 14 11:00:45 2024 HEISENBERG (Blue) [Headshot] yung kamilos (Red)
Sun Apr 14 11:00:46 2024 HEISENBERG (Blue) [Headshot] Harry (Red)
Sun Apr 14 11:00:51 2024 Pac (Blue) [Headshot] SHURA (Red)
Sun Apr 14 11:00:55 2024 RocheLunaire picked up Red's Intel.
Sun Apr 14 11:00:57 2024 RocheLunaire dropped Red's Intel
Sun Apr 14 11:00:57 2024 Harry (Red) [Headshot] RocheLunaire (Blue)
Sun Apr 14 11:00:57 2024 HEISENBERG (Blue) [Headshot] pxe1 (Red)
Sun Apr 14 11:01:00 2024 HEISENBERG (Blue) [Headshot] yung kamilos (Red)
Sun Apr 14 11:01:02 2024 Kat (Red) [Headshot] ScrapHeap (Blue)
Sun Apr 14 11:01:02 2024 [Global] yellow (Red): pinus more like nevermind
Sun Apr 14 11:01:05 2024 Kirill (Red) [Fall]
Sun Apr 14 11:01:08 2024 HEISENBERG (Blue) [Headshot] Pinus (Red)
Sun Apr 14 11:01:11 2024 jaason (Blue) [Shotgun] yellow (Red)
Sun Apr 14 11:01:14 2024 [Global] Pac (Blue): like what
Sun Apr 14 11:01:15 2024 RocheLunaire picked up Red's Intel.
Sun Apr 14 11:01:16 2024 HEISENBERG (Blue) [Headshot] Harry (Red)
Sun Apr 14 11:01:18 2024 [Global] Pac (Blue): say it
Sun Apr 14 11:01:20 2024 SHURA (Red) [Headshot] sanmilost (Blue)
Sun Apr 14 11:01:20 2024 Xioonae (Blue) [Fall]
Sun Apr 14 11:01:23 2024 Ding (Blue) [SMG] Kat (Red)
Sun Apr 14 11:01:23 2024 yellow (Red) [Headshot] akssiskaaaa (Blue)
Sun Apr 14 11:01:25 2024 Y.O.B.A. (Red) [SMG] HEISENBERG (Blue)
Sun Apr 14 11:01:27 2024 [Global] yellow (Red): i
Sun Apr 14 11:01:27 2024 Y.O.B.A. (Red) [Headshot] CAWWER (Blue)
Sun Apr 14 11:01:28 2024 yung kamilos (Red) [Rifle] jaason (Blue)
Sun Apr 14 11:01:28 2024 [Global] yellow (Red): t
Sun Apr 14 11:01:30 2024 RocheLunaire captured Red's Intel.
Sun Apr 14 11:01:32 2024 ScrapHeap (Blue) [SMG] Y.O.B.A. (Red)
Sun Apr 14 11:01:33 2024 yung kamilos picked up Blue's Intel.
Sun Apr 14 11:01:34 2024 Pac (Blue) [Headshot] ball (Red)
Sun Apr 14 11:01:35 2024  Type /HELP for info & commands
Sun Apr 14 11:01:36 2024 Pac (Blue) [SMG] yellow (Red)
Sun Apr 14 11:01:38 2024 yung kamilos dropped Blue's Intel
Sun Apr 14 11:01:38 2024 Xioonae (Blue) [Headshot] yung kamilos (Red)
Sun Apr 14 11:01:38 2024 Kat (Red) [Rifle] Ding (Blue)
Sun Apr 14 11:01:41 2024 Pinus (Red) [Headshot] RocheLunaire (Blue)
Sun Apr 14 11:01:42 2024 [Global] yung kamilos (Red): lag
Sun Apr 14 11:01:42 2024 qewgrivij (Red) [Grenade]
Sun Apr 14 11:01:45 2024 Deuhh (Blue) [Headshot] SHURA (Red)
Sun Apr 14 11:01:47 2024 Harry (Red) [Headshot] jaason (Blue)
Sun Apr 14 11:01:48 2024 HEISENBERG (Blue) [Headshot] Harry (Red)
Sun Apr 14 11:01:51 2024 Xioonae (Blue) [SMG] Kat (Red)
Sun Apr 14 11:01:52 2024 ball (Red) [Headshot] HEISENBERG (Blue)
Sun Apr 14 11:01:59 2024 sanmilost (Blue) [Headshot] Kirill (Red)
Sun Apr 14 11:02:01 2024 yung kamilos (Red) [Headshot] RocheLunaire (Blue)
Sun Apr 14 11:02:04 2024 Y.O.B.A. (Red) [Headshot] sanmilost (Blue)
Sun Apr 14 11:02:06 2024 yung kamilos picked up Blue's Intel.
Sun Apr 14 11:02:07 2024 ScrapHeap (Blue) [Headshot] qewgrivij (Red)
Sun Apr 14 11:02:09 2024 yung kamilos dropped Blue's Intel
Sun Apr 14 11:02:09 2024 ScrapHeap (Blue) [SMG] yung kamilos (Red)
Sun Apr 14 11:02:12 2024 Player HEISENBERG has left
Sun Apr 14 11:02:15 2024 Ding (Blue) [Headshot] ball (Red)
Sun Apr 14 11:02:17 2024 Kirill (Red) [Fall]
Sun Apr 14 11:02:19 2024 MAX joined Blue team
Sun Apr 14 11:02:25 2024 qewgrivij picked up Blue's Intel.
Sun Apr 14 11:02:26 2024 1234 joined Red team
Sun Apr 14 11:02:26 2024 Deuhh (Blue) [Headshot] yung kamilos (Red)
Sun Apr 14 11:02:28 2024 pxe1 (Red) [Headshot] RocheLunaire (Blue)
Sun Apr 14 11:02:30 2024 Polloturbio joined Red team
Sun Apr 14 11:02:35 2024 Harry (Red) [Headshot] CAWWER (Blue)
Sun Apr 14 11:02:35 2024  Visit our community forums at https://aloha.pk/
Sun Apr 14 11:02:36 2024 Ding (Blue) [Headshot] SHURA (Red)
Sun Apr 14 11:02:38 2024 qewgrivij captured Blue's Intel.
Sun Apr 14 11:02:38 2024 akssiskaaaa (Blue) [Weapon Change]
Sun Apr 14 11:02:46 2024 1234 picked up Blue's Intel.
Sun Apr 14 11:02:46 2024 Pac (Blue) [SMG] Kat (Red)
Sun Apr 14 11:02:46 2024 Harry (Red) [Headshot] jaason (Blue)
Sun Apr 14 11:02:47 2024 1234 dropped Blue's Intel
Sun Apr 14 11:02:47 2024 ScrapHeap (Blue) [Headshot] 1234 (Red)
Sun Apr 14 11:02:47 2024 Harry (Red) [Headshot] RocheLunaire (Blue)
Sun Apr 14 11:02:47 2024 Xioonae (Blue) [Headshot] Harry (Red)
Sun Apr 14 11:02:49 2024 Xioonae (Blue) [Headshot] yung kamilos (Red)
Sun Apr 14 11:02:49 2024 ball (Red) [Headshot] Ding (Blue)
Sun Apr 14 11:02:49 2024 sanmilost (Blue) [Headshot] Y.O.B.A. (Red)
Sun Apr 14 11:02:54 2024 yellow (Red) [Headshot] ScrapHeap (Blue)
Sun Apr 14 11:02:57 2024 MAX (Blue) [Fall]
Sun Apr 14 11:02:59 2024 Pinus (Red) [Headshot] RocheLunaire (Blue)
Sun Apr 14 11:03:00 2024 Player MAX has left
Sun Apr 14 11:03:02 2024 You must be closer to the enemy's base to shoot blocks!
Sun Apr 14 11:03:04 2024 Xioonae (Blue) [Headshot] Pinus (Red)
Sun Apr 14 11:03:04 2024 SHURA (Red) [SMG] CAWWER (Blue)
Sun Apr 14 11:03:06 2024 You must be closer to the enemy's base to shoot blocks!
Sun Apr 14 11:03:10 2024 [Global] yellow (Red): max steal
Sun Apr 14 11:03:14 2024 Xioonae (Blue) [Headshot] qewgrivij (Red)
Sun Apr 14 11:03:14 2024 Harry (Red) [Headshot] RocheLunaire (Blue)
Sun Apr 14 11:03:16 2024 Pac (Blue) [SMG] Polloturbio (Red)
Sun Apr 14 11:03:17 2024 You must be closer to the enemy's base to shoot blocks!
Sun Apr 14 11:03:18 2024 Harry (Red) [Headshot] Xioonae (Blue)
Sun Apr 14 11:03:23 2024 Pac (Blue) [SMG] Kat (Red)
Sun Apr 14 11:03:25 2024 Harry (Red) [Headshot] CAWWER (Blue)
Sun Apr 14 11:03:27 2024 1234 picked up Blue's Intel.
Sun Apr 14 11:03:31 2024 Y.O.B.A. (Red) [SMG] sanmilost (Blue)
Sun Apr 14 11:03:33 2024 1234 dropped Blue's Intel
Sun Apr 14 11:03:33 2024 Deuhh (Blue) [Headshot] 1234 (Red)
Sun Apr 14 11:03:35 2024 qewgrivij picked up Blue's Intel.
Sun Apr 14 11:03:35 2024  Come chat with us at https://discord.aloha.pk/
Sun Apr 14 11:03:36 2024 Kat (Red) [Headshot] Deuhh (Blue)
Sun Apr 14 11:03:40 2024 Pinus (Red) [Rifle] RocheLunaire (Blue)
Sun Apr 14 11:03:44 2024 Kirill (Red) [Headshot] Xioonae (Blue)
Sun Apr 14 11:03:44 2024 akssiskaaaa (Blue) [Weapon Change]
Sun Apr 14 11:03:46 2024 sanmilost (Blue) [Fall]
Sun Apr 14 11:03:47 2024 Pac (Blue) [Headshot] SHURA (Red)
Sun Apr 14 11:03:48 2024 Pac (Blue) [SMG] ball (Red)
Sun Apr 14 11:03:51 2024 Harry (Red) [Headshot] jaason (Blue)
Sun Apr 14 11:03:52 2024 akssiskaaaa (Blue) [Weapon Change]
Sun Apr 14 11:03:53 2024 qewgrivij captured Blue's Intel.
Sun Apr 14 11:03:55 2024 Player Ding has left
Sun Apr 14 11:03:55 2024 Pac (Blue) [Headshot] Kat (Red)
Sun Apr 14 11:03:57 2024 Xioonae (Blue) [Headshot] yellow (Red)
Sun Apr 14 11:03:59 2024 [Global] yellow (Red): slut
Sun Apr 14 11:03:59 2024 Pinus (Red) [Headshot] RocheLunaire (Blue)
Sun Apr 14 11:04:00 2024 1234 picked up Blue's Intel.
Sun Apr 14 11:04:02 2024 Harry (Red) [Headshot] Xioonae (Blue)
