Sun Dec 29 10:55:34 2024 ------ World Loaded ------
Sun Dec 29 10:55:34 2024 IlikeTrains (Blue) [Headshot] MikonXman (Red)
Sun Dec 29 10:55:34 2024 Welcome to aloha.pk tower of babel
Sun Dec 29 10:55:35 2024 Map: Alpine by Influx,Dany,Marshmello
Sun Dec 29 10:55:37 2024 Game mode: babel
Sun Dec 29 10:55:37 2024 Bruh (Red) [SMG] IlikeTrains (Blue)
Sun Dec 29 10:55:39 2024 Build a tower to get the enemy's intel. Take it to your team's tent to win!
Sun Dec 29 10:55:40 2024 Oieusouandre captured Red's Intel.
Sun Dec 29 10:55:41 2024 tomsoyer (Blue) [SMG] Bruh (Red)
Sun Dec 29 10:55:41 2024 Visit our community forum at https://aloha.pk/
Sun Dec 29 10:55:43 2024 Come chat with us at https://discord.aloha.pk/
Sun Dec 29 10:55:44 2024 GetReNepped (Red) [Headshot] Kyoryogi (Blue)
Sun Dec 29 10:55:45 2024 gigachad picked up Red's Intel.
Sun Dec 29 10:55:45 2024 GetReNepped (Red) [Headshot] TheRollingStone (Blue)
Sun Dec 29 10:55:45 2024 RemuS joined Red team
Sun Dec 29 10:55:46 2024 IlikeTrains (Blue) [Fall]
Sun Dec 29 10:55:46 2024 Kyoryogi (Blue) [Fall]
Sun Dec 29 10:55:46 2024 Bruh (Red) [Fall]
Sun Dec 29 10:55:46 2024 TheRollingStone (Blue) [Fall]
Sun Dec 29 10:55:47 2024 build and sh*t (Red) [Fall]
Sun Dec 29 10:55:48 2024 [Global] IlikeTrains (Blue): red is dead!
Sun Dec 29 10:55:52 2024 GetReNepped (Red) [Headshot] Jim (Blue)
Sun Dec 29 10:55:54 2024 mariosteve (Red) [Headshot] tomsoyer (Blue)
Sun Dec 29 10:55:55 2024 [Global] build and sh*t (Red): alon musk bought it it's all ai now
Sun Dec 29 10:56:03 2024 [Global] tomsoyer (Blue): lolw
Sun Dec 29 10:56:05 2024 [Global] fdssf (Red): G.K
Sun Dec 29 10:56:09 2024 konk (Blue) [Headshot] pikudao (Red)
Sun Dec 29 10:56:10 2024 Polloturbio joined Red team
Sun Dec 29 10:56:10 2024 IlikeTrains (Blue) [SMG] Gordon Freeman (Red)
Sun Dec 29 10:56:10 2024 [Global] tomsoyer (Blue): evil musk
Sun Dec 29 10:56:11 2024 gigachad captured Red's Intel.
Sun Dec 29 10:56:14 2024 [Global] Polloturbio (Red): hi
Sun Dec 29 10:56:14 2024 konk (Blue) [SMG] mariosteve (Red)
Sun Dec 29 10:56:16 2024 Kyoryogi (Blue) [SMG] GetReNepped (Red)
Sun Dec 29 10:56:22 2024 Oieusouandre (Blue) [Headshot] MikonXman (Red)
Sun Dec 29 10:56:25 2024 Micki Nimaj (Blue) [Headshot] The Jesus (Red)
Sun Dec 29 10:56:25 2024 konk (Blue) [SMG] Bruh (Red)
Sun Dec 29 10:56:26 2024 Kyoryogi (Blue) [SMG] RemuS (Red)
Sun Dec 29 10:56:27 2024 CozyChungus (Blue) [Headshot] GetReNepped (Red)
Sun Dec 29 10:56:27 2024 Player MikonXman has left
Sun Dec 29 10:56:27 2024 krisa joined Blue team
Sun Dec 29 10:56:29 2024 IlikeTrains (Blue) [SMG] mariosteve (Red)
Sun Dec 29 10:56:29 2024  Build a tower to get the enemy's intel. Take it to your team's tent to win!
Sun Dec 29 10:56:33 2024 [Global] krisa (Blue): hewo bewz its me
Sun Dec 29 10:56:34 2024 [Global] build and sh*t (Red): will raname it build and X
Sun Dec 29 10:56:34 2024 Oieusouandre (Blue) [Headshot] pikudao (Red)
Sun Dec 29 10:56:38 2024 IlikeTrains (Blue) [SMG] nedoo (Red)
Sun Dec 29 10:56:39 2024 gigachad picked up Red's Intel.
Sun Dec 29 10:56:42 2024 [Global] nedoo (Red): omfg
Sun Dec 29 10:56:43 2024 konk (Blue) [Grenade] build and sh*t (Red)
Sun Dec 29 10:56:43 2024 konk (Blue) [Headshot] ifed (Red)
Sun Dec 29 10:56:44 2024 CozyChungus (Blue) [Headshot] pikudao (Red)
Sun Dec 29 10:56:50 2024 Gordon Freeman (Red) [SMG] Oieusouandre (Blue)
Sun Dec 29 10:56:51 2024 Micki Nimaj (Blue) [Rifle] mariosteve (Red)
Sun Dec 29 10:56:54 2024 Polloturbio (Red) [Headshot] Harry (Blue)
Sun Dec 29 10:56:57 2024 [Global] krisa (Blue): its me bewz
Sun Dec 29 10:57:00 2024 gigachad captured Red's Intel.
Sun Dec 29 10:57:02 2024 RemuS (Red) [Headshot] IlikeTrains (Blue)
Sun Dec 29 10:57:03 2024 Micki Nimaj (Blue) [Headshot] RemuS (Red)
Sun Dec 29 10:57:04 2024 The Jesus (Red) [Headshot] tomsoyer (Blue)
Sun Dec 29 10:57:04 2024 krisa (Blue) [Headshot] Polloturbio (Red)
Sun Dec 29 10:57:05 2024 O.O joined Red team
Sun Dec 29 10:57:06 2024 Micki Nimaj (Blue) [Headshot] GetReNepped (Red)
Sun Dec 29 10:57:09 2024 [Global] IlikeTrains (Blue): DIE RED!!!
Sun Dec 29 10:57:10 2024 Kyoryogi (Blue) [Headshot] The Jesus (Red)
Sun Dec 29 10:57:15 2024 Micki Nimaj (Blue) [Headshot] pikudao (Red)
Sun Dec 29 10:57:15 2024 TheRollingStone (Blue) [SMG] Bruh (Red)
Sun Dec 29 10:57:15 2024 O.O (Red) [Team Change]
Sun Dec 29 10:57:15 2024 Gordon Freeman (Red) [Headshot] Micki Nimaj (Blue)
Sun Dec 29 10:57:23 2024 O.O joined Blue team
Sun Dec 29 10:57:24 2024 Polloturbio (Red) [Headshot] krisa (Blue)
Sun Dec 29 10:57:25 2024 gigachad picked up Red's Intel.
Sun Dec 29 10:57:27 2024 Gordon Freeman (Red) [SMG] Oieusouandre (Blue)
Sun Dec 29 10:57:29 2024  Type /HELP for info & commands
Sun Dec 29 10:57:33 2024 Bruh (Red) [Team Change]
Sun Dec 29 10:57:35 2024 Bruh joined Blue team
Sun Dec 29 10:57:37 2024 pikudao (Red) [Headshot] Kyoryogi (Blue)
Sun Dec 29 10:57:41 2024 IlikeTrains (Blue) [SMG] nedoo (Red)
Sun Dec 29 10:57:42 2024 Polloturbio (Red) [Rifle] konk (Blue)
Sun Dec 29 10:57:45 2024 [Global] nedoo (Red): liketrains aim 
Sun Dec 29 10:57:46 2024 TheRollingStone (Blue) [Headshot] mariosteve (Red)
Sun Dec 29 10:57:47 2024 Player konk has left
Sun Dec 29 10:57:49 2024 gigachad captured Red's Intel.
Sun Dec 29 10:57:50 2024 Jim (Blue) [SMG] ifed (Red)
Sun Dec 29 10:57:52 2024 [Global] IlikeTrains (Blue): no
Sun Dec 29 10:57:53 2024 tomsoyer (Blue) [Fall]
Sun Dec 29 10:57:55 2024 Micki Nimaj (Blue) [Rifle] Gordon Freeman (Red)
Sun Dec 29 10:57:59 2024 TheRollingStone (Blue) [Headshot] pikudao (Red)
Sun Dec 29 10:58:01 2024 [Global] nedoo (Red): yes
Sun Dec 29 10:58:04 2024 Player ifed has left
Sun Dec 29 10:58:04 2024 Micki Nimaj (Blue) [Headshot] RemuS (Red)
Sun Dec 29 10:58:06 2024 Bruh picked up Red's Intel.
Sun Dec 29 10:58:09 2024 Jim (Blue) [SMG] pikudao (Red)
Sun Dec 29 10:58:10 2024 mariosteve (Red) [Headshot] Harry (Blue)
Sun Dec 29 10:58:10 2024 krisa (Blue) [Fall]
Sun Dec 29 10:58:11 2024 The Jesus (Red) [Headshot] Micki Nimaj (Blue)
Sun Dec 29 10:58:21 2024 [Global] krisa (Blue): poor red pepelz
Sun Dec 29 10:58:24 2024 Bruh dropped Red's Intel
Sun Dec 29 10:58:24 2024  The intel has returned to the heavens
Sun Dec 29 10:58:24 2024 Bruh (Blue) [Fall]
Sun Dec 29 10:58:25 2024 nedoo (Red) [Headshot] IlikeTrains (Blue)
Sun Dec 29 10:58:25 2024 [Global] krisa (Blue): no hopwe
Sun Dec 29 10:58:26 2024 Kyoryogi (Blue) [SMG] Gordon Freeman (Red)
Sun Dec 29 10:58:26 2024 Jim (Blue) [SMG]
Sun Dec 29 10:58:29 2024  Visit our community forums at https://aloha.pk/
Sun Dec 29 10:58:29 2024 [Global] build and sh*t (Red): i made a moai
Sun Dec 29 10:58:33 2024 nedoo (Red) [Headshot] Kyoryogi (Blue)
Sun Dec 29 10:58:34 2024 gigachad picked up Red's Intel.
Sun Dec 29 10:58:34 2024 [Global] krisa (Blue): whats that
Sun Dec 29 10:58:37 2024 RemuS (Red) [Headshot] TheRollingStone (Blue)
Sun Dec 29 10:58:38 2024 [Global] IlikeTrains (Blue): red destroyed
Sun Dec 29 10:58:43 2024 Micki Nimaj (Blue) [Headshot] pikudao (Red)
Sun Dec 29 10:58:43 2024 [Global] IlikeTrains (Blue): wrecked
Sun Dec 29 10:58:43 2024 Oieusouandre (Blue) [Grenade]
Sun Dec 29 10:58:44 2024 RemuS (Red) [SMG] Micki Nimaj (Blue)
Sun Dec 29 10:58:44 2024 krisa (Blue) [Headshot] The Jesus (Red)
Sun Dec 29 10:58:51 2024 Harry (Blue) [Headshot] nedoo (Red)
Sun Dec 29 10:58:54 2024 [Global] nedoo (Red): fuck you blue
Sun Dec 29 10:58:58 2024 [Global] IlikeTrains (Blue): cry red!
Sun Dec 29 10:58:59 2024 gigachad captured Red's Intel.
Sun Dec 29 10:58:59 2024 Blue Wins!
Sun Dec 29 10:58:59 2024  Game finished! Next map: prauda.
Sun Dec 29 10:59:00 2024 O.O (Blue) [Grenade] build and sh*t (Red)
Sun Dec 29 10:59:00 2024 O.O (Blue) [Grenade] The Jesus (Red)
Sun Dec 29 10:59:00 2024 O.O (Blue) [Grenade] pikudao (Red)
Sun Dec 29 10:59:00 2024 O.O (Blue) [Grenade] nedoo (Red)
Sun Dec 29 10:59:00 2024 O.O (Blue) [Grenade] mariosteve (Red)
Sun Dec 29 10:59:00 2024 TheRollingStone (Blue) [SMG] nedoo (Red)
Sun Dec 29 10:59:00 2024 tomsoyer (Blue) [SMG] fdssf (Red)
Sun Dec 29 10:59:01 2024 IlikeTrains (Blue) [SMG] fdssf (Red)
Sun Dec 29 10:59:01 2024 tomsoyer (Blue) [SMG] fdssf (Red)
Sun Dec 29 10:59:01 2024 Oieusouandre (Blue) [SMG] fdssf (Red)
Sun Dec 29 10:59:01 2024 O.O (Blue) [Grenade] RemuS (Red)
Sun Dec 29 10:59:01 2024 O.O (Blue) [Grenade] Polloturbio (Red)
Sun Dec 29 10:59:01 2024 O.O (Blue) [Grenade] Gordon Freeman (Red)
Sun Dec 29 10:59:01 2024 krisa (Blue) [Headshot] GetReNepped (Red)
Sun Dec 29 10:59:02 2024 krisa (Blue) [Grenade]
Sun Dec 29 10:59:03 2024 Micki Nimaj (Blue) [Fall]
Sun Dec 29 10:59:06 2024 TheRollingStone picked up Red's Intel.
Sun Dec 29 10:59:07 2024 TheRollingStone (Blue) [Grenade]
Sun Dec 29 10:59:07 2024 [Global] krisa (Blue): o.o aimbot
Sun Dec 29 10:59:07 2024 Bruh (Blue) [Grenade]
Sun Dec 29 10:59:08 2024 [Global] krisa (Blue): xuxor
Sun Dec 29 10:59:10 2024 ------ World Unloaded ------
Sun Dec 29 10:59:13 2024 ------ World Loaded ------
Sun Dec 29 10:59:13 2024 Welcome to aloha.pk tower of babel
Sun Dec 29 10:59:13 2024 The Jesus joined Red team
Sun Dec 29 10:59:14 2024 Map: Prauda by onigiri
Sun Dec 29 10:59:15 2024 TheRollingStone joined Blue team
Sun Dec 29 10:59:15 2024 IlikeTrains joined Blue team
Sun Dec 29 10:59:16 2024 Oieusouandre joined Blue team
Sun Dec 29 10:59:16 2024 Game mode: babel
Sun Dec 29 10:59:17 2024 Polloturbio joined Red team
Sun Dec 29 10:59:17 2024 Jim joined Blue team
Sun Dec 29 10:59:17 2024 RemuS joined Red team
Sun Dec 29 10:59:17 2024 mariosteve joined Red team
Sun Dec 29 10:59:18 2024 O.O joined Spectator team
Sun Dec 29 10:59:18 2024 Build a tower to get the enemy's intel. Take it to your team's tent to win!
Sun Dec 29 10:59:19 2024 build and sh*t joined Red team
Sun Dec 29 10:59:20 2024 Visit our community forum at https://aloha.pk/
Sun Dec 29 10:59:21 2024 pikudao joined Red team
Sun Dec 29 10:59:21 2024 CozyChungus joined Spectator team
Sun Dec 29 10:59:22 2024 Come chat with us at https://discord.aloha.pk/
Sun Dec 29 10:59:24 2024 gigachad joined Blue team
Sun Dec 29 10:59:25 2024 Bruh joined Blue team
Sun Dec 29 10:59:25 2024 nedoo joined Blue team
Sun Dec 29 10:59:26 2024 Kyoryogi joined Blue team
Sun Dec 29 10:59:26 2024 fdssf joined Red team
Sun Dec 29 10:59:27 2024 Jim (Blue) [Team Change]
Sun Dec 29 10:59:35 2024 Jim joined Red team
Sun Dec 29 10:59:43 2024 krisa joined Blue team
Sun Dec 29 10:59:46 2024 gigachad (Blue) [Headshot] mariosteve (Red)
Sun Dec 29 10:59:49 2024 [Global] mariosteve (Red): gigalag
Sun Dec 29 10:59:50 2024 O.O joined Blue team
Sun Dec 29 10:59:50 2024 pikudao (Red) [Headshot] nedoo (Blue)
Sun Dec 29 10:59:50 2024 Micki Nimaj joined Spectator team
Sun Dec 29 10:59:51 2024 Oieusouandre (Blue) [Headshot] pikudao (Red)
Sun Dec 29 10:59:53 2024 RemuS (Red) [Headshot] gigachad (Blue)
Sun Dec 29 10:59:57 2024 Jim (Red) [Headshot] Oieusouandre (Blue)
Sun Dec 29 11:00:00 2024 krisa (Blue) [Rifle] The Jesus (Red)
Sun Dec 29 11:00:07 2024 Player Micki Nimaj has left
Sun Dec 29 11:00:24 2024 Jim (Red) [Headshot] Harry (Blue)
Sun Dec 29 11:00:27 2024 krisa (Blue) [Headshot] RemuS (Red)
Sun Dec 29 11:00:27 2024 pikudao (Red) [Headshot] gigachad (Blue)
Sun Dec 29 11:00:29 2024  If you believe a player is breaking the rules, please let us know with /ADMIN
Sun Dec 29 11:00:30 2024 pikudao (Red) [SMG]
Sun Dec 29 11:00:31 2024 Polloturbio (Red) [Headshot] IlikeTrains (Blue)
Sun Dec 29 11:00:33 2024 Player nedoo has left
Sun Dec 29 11:00:38 2024 Kyoryogi (Blue) [Headshot] mariosteve (Red)
Sun Dec 29 11:00:39 2024 krisa (Blue) [Headshot] fdssf (Red)
Sun Dec 29 11:00:42 2024 Polloturbio (Red) [Rifle] TheRollingStone (Blue)
Sun Dec 29 11:00:43 2024 CozyChungus joined Blue team
Sun Dec 29 11:00:44 2024 [Global] krisa (Blue): i kill red pepel
Sun Dec 29 11:00:46 2024 Polloturbio (Red) [Headshot] Bruh (Blue)
Sun Dec 29 11:00:51 2024 Kyoryogi (Blue) [Headshot] pikudao (Red)
Sun Dec 29 11:00:51 2024 [Global] mariosteve (Red): eat them now
Sun Dec 29 11:00:54 2024 Player pikudao has left
Sun Dec 29 11:00:55 2024 You can't destroy your team's blocks in this area. Attack the enemy's tower!
Sun Dec 29 11:00:58 2024 Polloturbio (Red) [Headshot] gigachad (Blue)
Sun Dec 29 11:00:58 2024 [Global] gigachad (Blue): ЕЕЕЕЕЕЕЕЕЕЕЕЕЕЕЕЕЕЕЕЕЕЕЕЕ
Sun Dec 29 11:00:59 2024 [Global] krisa (Blue): i eaat red pepel alive
Sun Dec 29 11:01:00 2024 Kyoryogi (Blue) [Headshot] Jim (Red)
Sun Dec 29 11:01:01 2024 Polloturbio (Red) [Headshot] Kyoryogi (Blue)
Sun Dec 29 11:01:04 2024 [Global] mariosteve (Red): no proof
Sun Dec 29 11:01:08 2024 nedoo joined Red team
Sun Dec 29 11:01:09 2024 [Global] krisa (Blue): trust me
Sun Dec 29 11:01:13 2024 CozyChungus (Blue) [SMG] fdssf (Red)
Sun Dec 29 11:01:17 2024 build and sh*t (Red) [Headshot] CozyChungus (Blue)
Sun Dec 29 11:01:21 2024 krisa (Blue) [Headshot] The Jesus (Red)
Sun Dec 29 11:01:21 2024 Player CozyChungus has left
Sun Dec 29 11:01:23 2024 Player fdssf has left
Sun Dec 29 11:01:28 2024 nedoo (Red) [Headshot] gigachad (Blue)
Sun Dec 29 11:01:29 2024  This server runs imger and glow. Use /IMG or /GLOW to toggle them.
Sun Dec 29 11:01:32 2024 [Global] nedoo (Red): balance
Sun Dec 29 11:01:38 2024 [Global] krisa (Blue): no
Sun Dec 29 11:01:42 2024 krisa (Blue) [Headshot] RemuS (Red)
Sun Dec 29 11:01:43 2024 Harry (Blue) [Headshot] Polloturbio (Red)
Sun Dec 29 11:01:47 2024 krisa (Blue) [Headshot] build and sh*t (Red)
Sun Dec 29 11:01:48 2024 Kyoryogi (Blue) [Headshot] The Jesus (Red)
Sun Dec 29 11:01:53 2024 You must be closer to the enemy's base to shoot blocks!
Sun Dec 29 11:01:55 2024 Harry (Blue) [Headshot] mariosteve (Red)
Sun Dec 29 11:01:57 2024 krisa (Blue) [Headshot] Jim (Red)
Sun Dec 29 11:02:03 2024 build and sh*t (Red) [Headshot] gigachad (Blue)
Sun Dec 29 11:02:24 2024 Kyoryogi (Blue) [Headshot] RemuS (Red)
Sun Dec 29 11:02:25 2024 Polloturbio (Red) [Headshot] Kyoryogi (Blue)
Sun Dec 29 11:02:25 2024 SHURA joined Spectator team
Sun Dec 29 11:02:26 2024 The Jesus (Red) [Headshot] Harry (Blue)
Sun Dec 29 11:02:27 2024 Player RemuS has left
Sun Dec 29 11:02:27 2024 Jim (Red) [Headshot] Bruh (Blue)
Sun Dec 29 11:02:28 2024 Oieusouandre (Blue) [Headshot] The Jesus (Red)
Sun Dec 29 11:02:29 2024  Use /EMOTE to draw an emote on the map!
Sun Dec 29 11:02:36 2024 Jim (Red) [Headshot] krisa (Blue)
Sun Dec 29 11:02:38 2024 [Global] krisa (Blue): noive
Sun Dec 29 11:02:41 2024 [Global] krisa (Blue): ce
Sun Dec 29 11:02:49 2024 Polloturbio (Red) [Headshot] O.O (Blue)
Sun Dec 29 11:02:50 2024 Kyoryogi (Blue) [Headshot] build and sh*t (Red)
Sun Dec 29 11:02:57 2024 [Team] O.O (Blue): right 1
Sun Dec 29 11:03:03 2024 Harry (Blue) [Headshot] The Jesus (Red)
Sun Dec 29 11:03:06 2024 Jim (Red) [Rifle] gigachad (Blue)
Sun Dec 29 11:03:09 2024 Polloturbio (Red) [Headshot] Harry (Blue)
Sun Dec 29 11:03:16 2024 nedoo (Red) [Headshot] Bruh (Blue)
Sun Dec 29 11:03:18 2024 O.O (Blue) [Headshot] Polloturbio (Red)
Sun Dec 29 11:03:22 2024 mariosteve (Red) [Headshot] Kyoryogi (Blue)
Sun Dec 29 11:03:26 2024 Oieusouandre (Blue) [Rifle] The Jesus (Red)
Sun Dec 29 11:03:29 2024  Use /HEAVEN to paint the babel platform!
Sun Dec 29 11:03:32 2024 Polloturbio (Red) [Rifle] Oieusouandre (Blue)
Sun Dec 29 11:03:36 2024 krisa (Blue) [Rifle] mariosteve (Red)
Sun Dec 29 11:03:38 2024 Jim (Red) [Headshot] Bruh (Blue)
Sun Dec 29 11:03:41 2024 [Global] O.O (Blue): fuck off
Sun Dec 29 11:03:45 2024 Harry (Blue) [Headshot] build and sh*t (Red)
Sun Dec 29 11:03:48 2024 [Global] build and sh*t (Red): rudew
Sun Dec 29 11:03:52 2024 Jim (Red) [Headshot] Oieusouandre (Blue)
Sun Dec 29 11:03:54 2024 You must be closer to the enemy's base to shoot blocks!
Sun Dec 29 11:03:58 2024 Harry (Blue) [Headshot] Polloturbio (Red)
Sun Dec 29 11:04:03 2024 Trench  Rat joined Spectator team
Sun Dec 29 11:04:03 2024 Jim (Red) [Headshot] gigachad (Blue)
Sun Dec 29 11:04:07 2024 nedoo (Red) [Headshot] Bruh (Blue)
Sun Dec 29 11:04:08 2024 Kyoryogi (Blue) [Grenade] Jim (Red)
Sun Dec 29 11:04:10 2024 krisa (Blue) [Headshot] nedoo (Red)
Sun Dec 29 11:04:14 2024 Harry (Blue) [Rifle] Polloturbio (Red)
Sun Dec 29 11:04:17 2024 Player Trench  Rat has left
Sun Dec 29 11:04:23 2024 SHURA joined Red team
Sun Dec 29 11:04:25 2024 Harry (Blue) [Headshot] The Jesus (Red)
Sun Dec 29 11:04:29 2024  Get a 20 killstreak and 1 intel capture(s) to unlock /APOC!
Sun Dec 29 11:04:35 2024 Bruh (Blue) [Rifle] build and sh*t (Red)
Sun Dec 29 11:04:35 2024 Kyoryogi (Blue) [Rifle] SHURA (Red)
Sun Dec 29 11:04:38 2024 mariosteve (Red) [Melee] Kyoryogi (Blue)
Sun Dec 29 11:04:40 2024 Polloturbio (Red) [Rifle] Harry (Blue)
Sun Dec 29 11:04:40 2024 Player build and sh*t has left
Sun Dec 29 11:04:53 2024 Jim (Red) [Headshot] Oieusouandre (Blue)
Sun Dec 29 11:04:56 2024 Jim (Red) [Headshot] gigachad (Blue)
Sun Dec 29 11:04:57 2024 krisa (Blue) [Headshot] Jim (Red)
Sun Dec 29 11:05:07 2024 Bruh (Blue) [Headshot] mariosteve (Red)
Sun Dec 29 11:05:17 2024 Polloturbio (Red) [Headshot] Harry (Blue)
Sun Dec 29 11:05:22 2024 Oieusouandre (Blue) [Rifle] SHURA (Red)
Sun Dec 29 11:05:22 2024 Polloturbio (Red) [Headshot] O.O (Blue)
Sun Dec 29 11:05:27 2024 Polloturbio (Red) [Headshot] TheRollingStone (Blue)
Sun Dec 29 11:05:29 2024  Capture your team's 5th intel to unlock /APOC for your team's best builder!
Sun Dec 29 11:05:30 2024 Harry (Blue) [Rifle] Polloturbio (Red)
Sun Dec 29 11:05:43 2024 Harry (Blue) [Headshot] nedoo (Red)
Sun Dec 29 11:05:50 2024 mariosteve (Red) [Headshot] gigachad (Blue)
Sun Dec 29 11:05:50 2024 SHURA (Red) [Headshot] krisa (Blue)
Sun Dec 29 11:05:52 2024 mariosteve (Red) [Headshot] Kyoryogi (Blue)
Sun Dec 29 11:05:55 2024 Harry (Blue) [Headshot] Polloturbio (Red)
Sun Dec 29 11:06:01 2024 Harry (Blue) [Headshot] SHURA (Red)
Sun Dec 29 11:06:03 2024 Player SHURA has left
Sun Dec 29 11:06:15 2024 Kyoryogi (Blue) [Headshot] nedoo (Red)
Sun Dec 29 11:06:19 2024 Harry (Blue) [Headshot] Polloturbio (Red)
Sun Dec 29 11:06:26 2024 IlikeTrains (Blue) [SMG] The Jesus (Red)
Sun Dec 29 11:06:28 2024 768 joined Red team
Sun Dec 29 11:06:29 2024  Mahalo for playing aloha.pk tower of babel
Sun Dec 29 11:06:31 2024 IlikeTrains (Blue) [Headshot] 768 (Red)
Sun Dec 29 11:06:33 2024 IlikeTrains (Blue) [Headshot] Polloturbio (Red)
Sun Dec 29 11:06:36 2024 [Global] nedoo (Red): balance!!!
Sun Dec 29 11:06:37 2024 Harry (Blue) [Headshot] 768 (Red)
Sun Dec 29 11:06:38 2024 Kyoryogi (Blue) [Headshot] mariosteve (Red)
Sun Dec 29 11:06:39 2024 nedoo (Red) [SMG] Bruh (Blue)
Sun Dec 29 11:06:40 2024 IlikeTrains (Blue) [Headshot] The Jesus (Red)
Sun Dec 29 11:06:42 2024 Polloturbio (Red) [Rifle] IlikeTrains (Blue)
Sun Dec 29 11:06:44 2024 Oieusouandre (Blue) [Headshot] nedoo (Red)
Sun Dec 29 11:06:47 2024 Polloturbio (Red) [Headshot] Harry (Blue)
Sun Dec 29 11:06:50 2024 [Global] mariosteve (Red): Jesus is with us
Sun Dec 29 11:06:59 2024 nedoo (Red) [Headshot] Oieusouandre (Blue)
Sun Dec 29 11:07:09 2024 krisa (Blue) [Headshot] 768 (Red)
Sun Dec 29 11:07:10 2024 krisa (Blue) [Headshot] mariosteve (Red)
Sun Dec 29 11:07:17 2024 [Global] mariosteve (Red): wait there is an issue, why gigachad vs jesus
Sun Dec 29 11:07:20 2024 Polloturbio (Red) [Headshot] Harry (Blue)
Sun Dec 29 11:07:23 2024 nedoo (Red) [SMG] krisa (Blue)
Sun Dec 29 11:07:26 2024 Kyoryogi (Blue) [Rifle] The Jesus (Red)
Sun Dec 29 11:07:29 2024  Build a tower to get the enemy's intel. Take it to your team's tent to win!
Sun Dec 29 11:07:36 2024 Kyoryogi (Blue) [Headshot] nedoo (Red)
Sun Dec 29 11:07:41 2024 mariosteve (Red) [Rifle] TheRollingStone (Blue)
Sun Dec 29 11:07:43 2024 [Global] nedoo (Red): balance
Sun Dec 29 11:07:47 2024 Harry (Blue) [Rifle] Polloturbio (Red)
Sun Dec 29 11:07:48 2024 [Global] krisa (Blue): no
Sun Dec 29 11:07:51 2024 [Global] nedoo (Red): fuck you 
Sun Dec 29 11:07:52 2024 PixelPizza joined Spectator team
Sun Dec 29 11:07:53 2024 [Global] nedoo (Red): balance
Sun Dec 29 11:07:54 2024 [Global] krisa (Blue): why
Sun Dec 29 11:07:56 2024 Kyoryogi (Blue) [Rifle] The Jesus (Red)
Sun Dec 29 11:07:56 2024 [Global] krisa (Blue): no balance
Sun Dec 29 11:08:01 2024 krisa (Blue) [Headshot] Polloturbio (Red)
Sun Dec 29 11:08:03 2024 [Global] nedoo (Red): yes, there is no balance
Sun Dec 29 11:08:08 2024 [Global] Bruh (Blue): stop yapping
Sun Dec 29 11:08:09 2024 [Global] krisa (Blue): thats noice i like it
Sun Dec 29 11:08:11 2024 [Team] Harry (Blue): Warning for the builders: Polloturbio is getting on the right side of the base regurarly
Sun Dec 29 11:08:17 2024 gigachad (Blue) [Fall]
Sun Dec 29 11:08:17 2024 [Global] The Jesus (Red): also no builders on red team
Sun Dec 29 11:08:22 2024 Kyoryogi (Blue) [Headshot] nedoo (Red)
Sun Dec 29 11:08:25 2024 Bruh picked up Red's Intel.
Sun Dec 29 11:08:26 2024 [Global] nedoo (Red): fuck blue team
Sun Dec 29 11:08:26 2024 mariosteve (Red) [Headshot] krisa (Blue)
Sun Dec 29 11:08:29 2024 Kyoryogi (Blue) [Headshot] The Jesus (Red)
Sun Dec 29 11:08:29 2024  Type /HELP for info & commands
Sun Dec 29 11:08:31 2024 [Global] krisa (Blue): no i like blue pepel
Sun Dec 29 11:08:33 2024 [Global] nedoo (Red): someone go to reds, help out
Sun Dec 29 11:08:36 2024 [Global] krisa (Blue): blue pelel e friends
Sun Dec 29 11:08:40 2024 yellow joined Red team
Sun Dec 29 11:08:46 2024 [Global] yellow (Red): turbina
Sun Dec 29 11:08:49 2024 Harry (Blue) [Headshot] Polloturbio (Red)
Sun Dec 29 11:08:50 2024 [Global] krisa (Blue): i wonder what its like to be red pepel
Sun Dec 29 11:08:57 2024 Kyoryogi (Blue) [Headshot] The Jesus (Red)
Sun Dec 29 11:08:59 2024 [Global] yellow (Red): harry krisna
Sun Dec 29 11:09:09 2024 Kyoryogi (Blue) [Headshot] yellow (Red)
Sun Dec 29 11:09:10 2024 [Global] krisa (Blue): are red pepel scared of me
Sun Dec 29 11:09:11 2024 [Global] yellow (Red): hax ban pls
Sun Dec 29 11:09:13 2024 Oieusouandre (Blue) [Headshot] 768 (Red)
Sun Dec 29 11:09:13 2024 The Jesus (Red) [Headshot] Harry (Blue)
Sun Dec 29 11:09:17 2024 Kyoryogi (Blue) [Rifle] The Jesus (Red)
Sun Dec 29 11:09:17 2024 [Global] yellow (Red): no, lets date
Sun Dec 29 11:09:23 2024 nedoo (Red) [SMG] Kyoryogi (Blue)
Sun Dec 29 11:09:26 2024 [Global] krisa (Blue): im married
Sun Dec 29 11:09:29 2024  Visit our community forums at https://aloha.pk/
Sun Dec 29 11:09:31 2024 [Global] yellow (Red): still
Sun Dec 29 11:09:31 2024 IlikeTrains (Blue) [SMG] nedoo (Red)
Sun Dec 29 11:09:38 2024 Kyoryogi (Blue) [Headshot] yellow (Red)
Sun Dec 29 11:09:38 2024 Oieusouandre (Blue) [Headshot] The Jesus (Red)
Sun Dec 29 11:09:41 2024 Bruh captured Red's Intel.
Sun Dec 29 11:09:41 2024 IlikeTrains (Blue) [Headshot] nedoo (Red)
Sun Dec 29 11:09:42 2024  IlikeTrains has a kill-death ratio of 1.82 (31 kills, 17 deaths, 0.81 kills per minute).
Sun Dec 29 11:09:42 2024  IlikeTrains removed 27 blocks in the last 2.0 minutes. Some of them were placed by The
Sun Dec 29 11:09:42 2024  Jesus, nedoo. Last one was destroyed less than a second ago, and was part of the map.
Sun Dec 29 11:09:42 2024  nedoo (#3) started a VOTEKICK against IlikeTrains (#14). Say /Y to agree
Sun Dec 29 11:09:42 2024  Reason: killing thru heaven
Sun Dec 29 11:09:42 2024 gigachad picked up Red's Intel.
Sun Dec 29 11:09:43 2024 [Global] yellow (Red): ns anime boi
Sun Dec 29 11:09:46 2024 [Global] nedoo (Red):  all /y 
Sun Dec 29 11:09:49 2024 IlikeTrains (Blue) [Headshot] nedoo (Red)
Sun Dec 29 11:09:50 2024 [Global] yellow (Red): ok needy
Sun Dec 29 11:09:51 2024 mariosteve (Red) [Headshot] Oieusouandre (Blue)
Sun Dec 29 11:09:54 2024 Polloturbio (Red) [Rifle] Harry (Blue)
Sun Dec 29 11:09:55 2024 [Global] IlikeTrains (Blue): ah yes famous heaven cheat
Sun Dec 29 11:09:56 2024 768 (Red) [SMG] Kyoryogi (Blue)
Sun Dec 29 11:10:09 2024 [Global] krisa (Blue): i dont like red pepel much
Sun Dec 29 11:10:10 2024 [Global] nedoo (Red): dude i cant even see you 
Sun Dec 29 11:10:12 2024  nedoo (#3) is votekicking IlikeTrains (#14). /Y to vote (8 left)
Sun Dec 29 11:10:12 2024  Reason: killing thru heaven
Sun Dec 29 11:10:14 2024 [Global] nedoo (Red): and you kill us
Sun Dec 29 11:10:14 2024 IlikeTrains (Blue) [SMG] nedoo (Red)
Sun Dec 29 11:10:22 2024 IlikeTrains (Blue) [SMG] The Jesus (Red)
Sun Dec 29 11:10:27 2024 [Global] IlikeTrains (Blue): who's gonna tell him
Sun Dec 29 11:10:28 2024 krisa (Blue) [Headshot] mariosteve (Red)
Sun Dec 29 11:10:29 2024  Come chat with us at https://discord.aloha.pk/
Sun Dec 29 11:10:31 2024 [Global] Bruh (Blue): jingle balls jingle balls
Sun Dec 29 11:10:32 2024 IlikeTrains (Blue) [Headshot] nedoo (Red)
Sun Dec 29 11:10:33 2024 [Global] yellow (Red): where are ya krisna i have flowers
Sun Dec 29 11:10:35 2024 [Global] Bruh (Blue): my balls just jingle
Sun Dec 29 11:10:37 2024 [Global] nedoo (Red): fuck off dude
Sun Dec 29 11:10:37 2024 [Global] krisa (Blue): mery christymes
Sun Dec 29 11:10:39 2024 IlikeTrains (Blue) [SMG] nedoo (Red)
Sun Dec 29 11:10:40 2024 [Global] nedoo (Red): turn off
Sun Dec 29 11:10:41 2024 yellow (Red) [Headshot] Oieusouandre (Blue)
Sun Dec 29 11:10:42 2024  nedoo (#3) is votekicking IlikeTrains (#14). /Y to vote (8 left)
Sun Dec 29 11:10:42 2024  Reason: killing thru heaven
Sun Dec 29 11:10:44 2024 Kyoryogi (Blue) [Headshot] yellow (Red)
Sun Dec 29 11:10:44 2024 IlikeTrains (Blue) [SMG] The Jesus (Red)
Sun Dec 29 11:10:48 2024 Polloturbio (Red) [Headshot] TheRollingStone (Blue)
Sun Dec 29 11:10:52 2024 [Global] krisa (Blue): i wana touch red intel
Sun Dec 29 11:10:55 2024 IlikeTrains (Blue) [SMG] nedoo (Red)
Sun Dec 29 11:10:57 2024 [Global] Bruh (Blue): merry ***mas
Sun Dec 29 11:11:00 2024 [Global] yellow (Red): touch other red thing
Sun Dec 29 11:11:01 2024 IlikeTrains (Blue) [SMG] The Jesus (Red)
Sun Dec 29 11:11:03 2024 gigachad captured Red's Intel.
Sun Dec 29 11:11:05 2024 [Global] nedoo (Red): fucking red idiots
Sun Dec 29 11:11:06 2024 [Global] krisa (Blue): me arse
Sun Dec 29 11:11:08 2024 Polloturbio (Red) [Headshot] TheRollingStone (Blue)
Sun Dec 29 11:11:08 2024 IlikeTrains picked up Red's Intel.
Sun Dec 29 11:11:08 2024 [Global] Bruh (Blue): i wanna touch you krisa
Sun Dec 29 11:11:10 2024 [Global] mariosteve (Red): nedoo, we literally have jesus in our team, god definitely intends to be martyrs
Sun Dec 29 11:11:12 2024  nedoo (#3) is votekicking IlikeTrains (#14). /Y to vote (8 left)
Sun Dec 29 11:11:12 2024  Reason: killing thru heaven
Sun Dec 29 11:11:18 2024 [Global] krisa (Blue): nedoo is mad
Sun Dec 29 11:11:20 2024 Polloturbio (Red) [Headshot] TheRollingStone (Blue)
Sun Dec 29 11:11:22 2024 [Global] nedoo (Red): we are lost as a team
Sun Dec 29 11:11:24 2024 yellow (Red) [Headshot] Kyoryogi (Blue)
Sun Dec 29 11:11:29 2024  If you believe a player is breaking the rules, please let us know with /ADMIN
Sun Dec 29 11:11:30 2024 TheRollingStone (Blue) [Headshot] Polloturbio (Red)
Sun Dec 29 11:11:32 2024 [Global] nedoo (Red): yes im, im playin with retards
Sun Dec 29 11:11:34 2024 [Global] IlikeTrains (Blue): no, you are just outnumbered
Sun Dec 29 11:11:34 2024 krisa (Blue) [Headshot] mariosteve (Red)
Sun Dec 29 11:11:35 2024 [Global] nedoo (Red): no builders 
Sun Dec 29 11:11:36 2024 [Global] yellow (Red): actually we are lost as humanity
Sun Dec 29 11:11:36 2024 [Global] Bruh (Blue): you are a lost as a kid too
Sun Dec 29 11:11:37 2024 Gordon Freeman joined Red team
Sun Dec 29 11:11:42 2024  Votekick for IlikeTrains (#14) has ended. Votekick timed out
Sun Dec 29 11:11:45 2024 yellow (Red) [Headshot] Oieusouandre (Blue)
Sun Dec 29 11:11:47 2024 yellow (Red) [Headshot] Kyoryogi (Blue)
Sun Dec 29 11:11:49 2024 [Global] mariosteve (Red): FREEMAN OUR SAVIOR
Sun Dec 29 11:11:50 2024 [Global] krisa (Blue): humanity s ok
Sun Dec 29 11:11:53 2024 [Global] Bruh (Blue): i agree with yellow
Sun Dec 29 11:11:54 2024 [Global] nedoo (Red): kido bruh how old you? 
Sun Dec 29 11:12:03 2024 [Global] Bruh (Blue): there's a star man
Sun Dec 29 11:12:05 2024 Polloturbio (Red) [Headshot] krisa (Blue)
Sun Dec 29 11:12:05 2024 [Global] Bruh (Blue): waiting in the sky
Sun Dec 29 11:12:07 2024 IlikeTrains captured Red's Intel.
Sun Dec 29 11:12:08 2024 O.O (Blue) [Headshot] yellow (Red)
Sun Dec 29 11:12:10 2024 Oieusouandre (Blue) [Headshot] mariosteve (Red)
Sun Dec 29 11:12:11 2024 [Global] Bruh (Blue): he 
Sun Dec 29 11:12:12 2024 Harry (Blue) [Headshot] nedoo (Red)
Sun Dec 29 11:12:15 2024 [Global] yellow (Red): kek
Sun Dec 29 11:12:16 2024 Bruh picked up Red's Intel.
Sun Dec 29 11:12:17 2024 Gordon Freeman (Red) [Headshot] Oieusouandre (Blue)
Sun Dec 29 11:12:19 2024 [Global] mariosteve (Red): it's literally 1984 but humanity is fine
Sun Dec 29 11:12:19 2024 Harry (Blue) [Headshot] Gordon Freeman (Red)
Sun Dec 29 11:12:20 2024 [Global] Bruh (Blue): kek
Sun Dec 29 11:12:23 2024 Player nedoo has left
Sun Dec 29 11:12:26 2024 Kyoryogi (Blue) [Headshot] 768 (Red)
Sun Dec 29 11:12:27 2024 yellow (Red) [SMG] Harry (Blue)
Sun Dec 29 11:12:28 2024 Player Gordon Freeman has left
Sun Dec 29 11:12:29 2024  This server runs imger and glow. Use /IMG or /GLOW to toggle them.
Sun Dec 29 11:12:32 2024 [Global] yellow (Red): needy has gonwe
Sun Dec 29 11:12:38 2024 POWER_FLOWER joined Red team
Sun Dec 29 11:12:38 2024 Oieusouandre (Blue) [Headshot] Polloturbio (Red)
Sun Dec 29 11:12:40 2024 Kyoryogi (Blue) [Headshot] yellow (Red)
Sun Dec 29 11:12:43 2024 IlikeTrains (Blue) [SMG] Jim (Red)
Sun Dec 29 11:12:44 2024 Bruh captured Red's Intel.
Sun Dec 29 11:12:45 2024 [Global] yellow (Red): krisna open the door pls
Sun Dec 29 11:12:59 2024 YOTI joined Red team
Sun Dec 29 11:13:01 2024 [Global] Bruh (Blue): get out the car split your poochy
Sun Dec 29 11:13:02 2024 Harry (Blue) [Headshot] POWER_FLOWER (Red)
Sun Dec 29 11:13:08 2024 Polloturbio (Red) [Rifle] Oieusouandre (Blue)
Sun Dec 29 11:13:09 2024 Harry (Blue) [Headshot] The Jesus (Red)
Sun Dec 29 11:13:12 2024 Bruh picked up Red's Intel.
Sun Dec 29 11:13:15 2024 yellow (Red) [Melee] Harry (Blue)
Sun Dec 29 11:13:29 2024  Use /EMOTE to draw an emote on the map!
Sun Dec 29 11:13:36 2024 yellow (Red) [Headshot] Harry (Blue)
Sun Dec 29 11:13:40 2024 Kyoryogi (Blue) [Headshot] POWER_FLOWER (Red)
Sun Dec 29 11:13:45 2024 O.O (Blue) [Fall]
Sun Dec 29 11:13:46 2024 mariosteve (Red) [Headshot] IlikeTrains (Blue)
Sun Dec 29 11:13:47 2024  With 2323 blocks placed, O.O is granted the right to unleash the apocalypse.
Sun Dec 29 11:13:47 2024 Bruh captured Red's Intel.
Sun Dec 29 11:13:47 2024 Kyoryogi (Blue) [Headshot] 768 (Red)
Sun Dec 29 11:13:48 2024 [Global] Harry (Blue): griefer on the right
Sun Dec 29 11:13:49 2024 mariosteve (Red) [Headshot] gigachad (Blue)
Sun Dec 29 11:13:53 2024 Harry (Blue) [Headshot] yellow (Red)
Sun Dec 29 11:13:53 2024 Gordon Freeman joined Blue team
Sun Dec 29 11:13:56 2024 [Global] yellow (Red): dont call me griefer u griefer
Sun Dec 29 11:13:57 2024 Kyoryogi (Blue) [Headshot] YOTI (Red)
Sun Dec 29 11:14:00 2024 Polloturbio (Red) [Headshot] Gordon Freeman (Blue)
Sun Dec 29 11:14:04 2024 mariosteve (Red) [Melee] IlikeTrains (Blue)
Sun Dec 29 11:14:17 2024 Harry (Blue) [Headshot] YOTI (Red)
Sun Dec 29 11:14:23 2024 Oieusouandre (Blue) [Headshot] 768 (Red)
Sun Dec 29 11:14:26 2024 gigachad picked up Red's Intel.
Sun Dec 29 11:14:27 2024 Gordon Freeman (Blue) [Headshot] Polloturbio (Red)
Sun Dec 29 11:14:28 2024 IlikeTrains (Blue) [Headshot] mariosteve (Red)
Sun Dec 29 11:14:29 2024  Use /HEAVEN to paint the babel platform!
Sun Dec 29 11:14:31 2024 Kyoryogi (Blue) [Headshot] POWER_FLOWER (Red)
Sun Dec 29 11:14:32 2024 Gordon Freeman (Blue) [Weapon Change]
Sun Dec 29 11:14:34 2024 gigachad dropped Red's Intel
Sun Dec 29 11:14:34 2024  The intel has returned to the heavens
Sun Dec 29 11:14:34 2024 gigachad (Blue) [Fall]
Sun Dec 29 11:14:38 2024 Kyoryogi (Blue) [Headshot] yellow (Red)
Sun Dec 29 11:14:41 2024 O.O picked up Red's Intel.
Sun Dec 29 11:14:43 2024 [Global] yellow (Red): ns takoyaki boi
Sun Dec 29 11:14:45 2024  O.O has unleashed an apocalypse from God.
Sun Dec 29 11:14:47 2024 POWER_FLOWER (Red) [Weapon Change]
Sun Dec 29 11:14:47 2024  The apocalypse begins in 5
Sun Dec 29 11:14:48 2024  The apocalypse begins in 4
Sun Dec 29 11:14:49 2024 [Global] mariosteve (Red): smg shoots too fast !!!!!!1111!1!!!
Sun Dec 29 11:14:49 2024  The apocalypse begins in 3
Sun Dec 29 11:14:49 2024 Polloturbio (Red) [Headshot] Harry (Blue)
Sun Dec 29 11:14:50 2024  The apocalypse begins in 2
Sun Dec 29 11:14:51 2024  The apocalypse begins in 1
Sun Dec 29 11:14:54 2024 Bruh (Blue) [Headshot] yellow (Red)
Sun Dec 29 11:14:54 2024 O.O (Blue) [Grenade] mariosteve (Red)
Sun Dec 29 11:14:54 2024 O.O (Blue) [Grenade] POWER_FLOWER (Red)
Sun Dec 29 11:14:56 2024 O.O (Blue) [Grenade] Polloturbio (Red)
Sun Dec 29 11:14:57 2024 O.O (Blue) [Grenade] 768 (Red)
Sun Dec 29 11:14:59 2024 Gordon Freeman (Blue) [Weapon Change]
Sun Dec 29 11:15:00 2024 O.O (Blue) [Grenade] Polloturbio (Red)
Sun Dec 29 11:15:00 2024 O.O (Blue) [Grenade] yellow (Red)
Sun Dec 29 11:15:00 2024 Player PixelPizza has left
Sun Dec 29 11:15:02 2024 O.O captured Red's Intel.
Sun Dec 29 11:15:03 2024 O.O (Blue) [Grenade] The Jesus (Red)
Sun Dec 29 11:15:03 2024 O.O (Blue) [Grenade] Jim (Red)
Sun Dec 29 11:15:05 2024 O.O (Blue) [Grenade] mariosteve (Red)
Sun Dec 29 11:15:06 2024 Player krisa has left
Sun Dec 29 11:15:06 2024 gigachad picked up Red's Intel.
Sun Dec 29 11:15:08 2024  The apocalypse has ended.
Sun Dec 29 11:15:09 2024 [Global] IlikeTrains (Blue): mariosteve, sounds like skill issue
Sun Dec 29 11:15:11 2024 [Global] mariosteve (Red): WE SURVIVED
Sun Dec 29 11:15:29 2024 [Global] yellow (Red): also sounds like some latino pizza brand
Sun Dec 29 11:15:29 2024 [Global] mariosteve (Red): trains I was digging when you jumped in the hole
Sun Dec 29 11:15:29 2024 gigachad captured Red's Intel.
Sun Dec 29 11:15:29 2024 Bruh picked up Red's Intel.
Sun Dec 29 11:15:29 2024 Kyoryogi (Blue) [Headshot] YOTI (Red)
Sun Dec 29 11:15:29 2024  Get a 20 killstreak and 1 intel capture(s) to unlock /APOC!
Sun Dec 29 11:15:36 2024 Oieusouandre (Blue) [Headshot] The Jesus (Red)
Sun Dec 29 11:15:39 2024 Gordon Freeman (Blue) [Headshot] mariosteve (Red)
Sun Dec 29 11:15:41 2024 Kyoryogi (Blue) [Headshot] 768 (Red)
Sun Dec 29 11:15:43 2024 Jim (Red) [Headshot] Oieusouandre (Blue)
Sun Dec 29 11:15:47 2024 Bruh captured Red's Intel.
Sun Dec 29 11:15:49 2024 O.O picked up Red's Intel.
Sun Dec 29 11:15:49 2024 Jim (Red) [Headshot] Gordon Freeman (Blue)
Sun Dec 29 11:15:49 2024 Harry (Blue) [Headshot] Polloturbio (Red)
Sun Dec 29 11:15:55 2024 [Global] mariosteve (Red): you jumped right in front of me while I was digging and I did not hear single damage for you
Sun Dec 29 11:15:57 2024 yellow (Red) [Headshot] Harry (Blue)
Sun Dec 29 11:16:05 2024 yellow (Red) [Rifle] IlikeTrains (Blue)
Sun Dec 29 11:16:06 2024 gigachad (Blue) [Grenade]
Sun Dec 29 11:16:08 2024 O.O captured Red's Intel.
Sun Dec 29 11:16:11 2024 [Global] IlikeTrains (Blue): right side enemy!!!
Sun Dec 29 11:16:17 2024 [Global] yellow (Red): dont call me enemy u enemy
Sun Dec 29 11:16:22 2024 miguel joined Spectator team
Sun Dec 29 11:16:23 2024 yellow (Red) [Headshot] Gordon Freeman (Blue)
Sun Dec 29 11:16:24 2024 Bruh (Blue) [Headshot] The Jesus (Red)
Sun Dec 29 11:16:24 2024 Polloturbio (Red) [Headshot] Oieusouandre (Blue)
Sun Dec 29 11:16:29 2024  Capture your team's 5th intel to unlock /APOC for your team's best builder!
Sun Dec 29 11:16:33 2024 Player Oieusouandre has left
Sun Dec 29 11:16:34 2024 Bruh (Blue) [Rifle] mariosteve (Red)
Sun Dec 29 11:16:34 2024 Kyoryogi (Blue) [Headshot] Polloturbio (Red)
Sun Dec 29 11:16:39 2024 Harry (Blue) [Headshot] yellow (Red)
Sun Dec 29 11:16:39 2024 gigachad picked up Red's Intel.
Sun Dec 29 11:16:39 2024 768 (Red) [Headshot] Kyoryogi (Blue)
Sun Dec 29 11:16:45 2024 [Global] IlikeTrains (Blue): ovER for red
Sun Dec 29 11:16:52 2024 Bruh (Blue) [Fall]
Sun Dec 29 11:16:59 2024 Harry (Blue) [Rifle] YOTI (Red)
Sun Dec 29 11:17:00 2024 Polloturbio (Red) [Headshot] TheRollingStone (Blue)
Sun Dec 29 11:17:04 2024 gigachad captured Red's Intel.
Sun Dec 29 11:17:04 2024 Blue Wins!
Sun Dec 29 11:17:04 2024  Game finished! Next map: 1river2white.
Sun Dec 29 11:17:05 2024 O.O (Blue) [SMG] The Jesus (Red)
Sun Dec 29 11:17:05 2024 O.O (Blue) [SMG] The Jesus (Red)
Sun Dec 29 11:17:06 2024 Harry (Blue) [Headshot] mariosteve (Red)
Sun Dec 29 11:17:06 2024 Kyoryogi (Blue) [Rifle] mariosteve (Red)
Sun Dec 29 11:17:06 2024 IlikeTrains (Blue) [SMG] mariosteve (Red)
Sun Dec 29 11:17:06 2024 768 (Red) [Headshot] Kyoryogi (Blue)
Sun Dec 29 11:17:06 2024 TheRollingStone (Blue) [Headshot] YOTI (Red)
Sun Dec 29 11:17:06 2024 POWER_FLOWER (Red) [Headshot] gigachad (Blue)
Sun Dec 29 11:17:07 2024 TheRollingStone (Blue) [Headshot] Polloturbio (Red)
Sun Dec 29 11:17:07 2024 TheRollingStone (Blue) [Headshot] Jim (Red)
Sun Dec 29 11:17:07 2024 TheRollingStone (Blue) [Headshot] Jim (Red)
Sun Dec 29 11:17:08 2024 Harry (Blue) [Rifle] POWER_FLOWER (Red)
Sun Dec 29 11:17:08 2024 yellow (Red) [Fall]
Sun Dec 29 11:17:08 2024 The Jesus (Red) [Grenade] Gordon Freeman (Blue)
Sun Dec 29 11:17:08 2024 Jim (Red) [Grenade] TheRollingStone (Blue)
Sun Dec 29 11:17:08 2024 Jim (Red) [Grenade] Harry (Blue)
Sun Dec 29 11:17:09 2024 Jim (Red) [Grenade] Bruh (Blue)
Sun Dec 29 11:17:12 2024 IlikeTrains (Blue) [SMG] 768 (Red)
Sun Dec 29 11:17:14 2024 O.O (Blue) [Fall]
Sun Dec 29 11:17:14 2024 ------ World Unloaded ------
Sun Dec 29 11:17:15 2024 ------ World Loaded ------
Sun Dec 29 11:17:15 2024 Welcome to aloha.pk tower of babel
Sun Dec 29 11:17:17 2024 The Jesus joined Red team
Sun Dec 29 11:17:17 2024 Map: 1river2white by Technomancer88
Sun Dec 29 11:17:18 2024 TheRollingStone joined Blue team
Sun Dec 29 11:17:19 2024 Kyoryogi joined Blue team
Sun Dec 29 11:17:19 2024 IlikeTrains joined Blue team
Sun Dec 29 11:17:19 2024 Game mode: babel
Sun Dec 29 11:17:19 2024 POWER_FLOWER joined Red team
Sun Dec 29 11:17:19 2024 Gordon Freeman joined Red team
Sun Dec 29 11:17:19 2024 Markiplier joined Red team
Sun Dec 29 11:17:19 2024 Jim joined Blue team
Sun Dec 29 11:17:20 2024 Polloturbio joined Red team
Sun Dec 29 11:17:21 2024 Build a tower to get the enemy's intel. Take it to your team's tent to win!
Sun Dec 29 11:17:21 2024 O.O joined Blue team
Sun Dec 29 11:17:22 2024 768 joined Blue team
Sun Dec 29 11:17:23 2024 miguel joined Red team
Sun Dec 29 11:17:23 2024 gigachad joined Blue team
Sun Dec 29 11:17:23 2024 Visit our community forum at https://aloha.pk/
Sun Dec 29 11:17:24 2024 YOTI joined Blue team
Sun Dec 29 11:17:25 2024 Come chat with us at https://discord.aloha.pk/
Sun Dec 29 11:17:29 2024  Mahalo for playing aloha.pk tower of babel
Sun Dec 29 11:17:29 2024 [Global] Markiplier (Red): why is this libspades server wiping the server list
Sun Dec 29 11:17:32 2024 Harry (Red) [Headshot] YOTI (Blue)
Sun Dec 29 11:17:34 2024 mariosteve joined Red team
Sun Dec 29 11:17:34 2024 O.O (Blue) [Headshot] Harry (Red)
Sun Dec 29 11:17:42 2024 O.O (Blue) [Headshot] Polloturbio (Red)
Sun Dec 29 11:17:50 2024 Harry (Red) [Headshot] 768 (Blue)
Sun Dec 29 11:17:52 2024 [Global] mariosteve (Red): can't believe the win was so fast
Sun Dec 29 11:17:52 2024 Gordon Freeman (Red) [Headshot] Kyoryogi (Blue)
Sun Dec 29 11:17:53 2024 O.O (Blue) [SMG] Gordon Freeman (Red)
Sun Dec 29 11:17:55 2024 POWER_FLOWER (Red) [SMG] O.O (Blue)
Sun Dec 29 11:17:58 2024 [Global] mariosteve (Red): I literally went afk for 1 minute
Sun Dec 29 11:17:59 2024 Harry (Red) [Headshot] gigachad (Blue)
Sun Dec 29 11:18:04 2024 mariosteve (Red) [Headshot] TheRollingStone (Blue)
Sun Dec 29 11:18:10 2024 mariosteve (Red) [Headshot] 768 (Blue)
Sun Dec 29 11:18:20 2024 Markiplier (Red) [Headshot] O.O (Blue)
Sun Dec 29 11:18:27 2024 Jim (Blue) [Rifle] mariosteve (Red)
Sun Dec 29 11:18:29 2024  Build a tower to get the enemy's intel. Take it to your team's tent to win!
Sun Dec 29 11:18:41 2024 Jim (Blue) [Headshot] Harry (Red)
Sun Dec 29 11:18:44 2024 O.O (Blue) [SMG] Markiplier (Red)
Sun Dec 29 11:18:48 2024 Polloturbio (Red) [Headshot] IlikeTrains (Blue)
Sun Dec 29 11:18:49 2024 Jim (Blue) [Rifle] miguel (Red)
Sun Dec 29 11:18:56 2024 [Global] IlikeTrains (Blue): motherfuckers red
Sun Dec 29 11:18:57 2024 gigachad (Blue) [SMG] Markiplier (Red)
Sun Dec 29 11:18:59 2024 O.O (Blue) [Headshot] Harry (Red)
Sun Dec 29 11:19:05 2024 mariosteve (Red) [Headshot] TheRollingStone (Blue)
Sun Dec 29 11:19:08 2024 Jim (Blue) [Headshot] POWER_FLOWER (Red)
Sun Dec 29 11:19:14 2024 Jim (Blue) [Headshot] Gordon Freeman (Red)
Sun Dec 29 11:19:19 2024 [Global] mariosteve (Red): WE FILL WUCK YOU
Sun Dec 29 11:19:19 2024 Markiplier (Red) [Headshot] gigachad (Blue)
Sun Dec 29 11:19:23 2024 Jim (Blue) [Headshot] mariosteve (Red)
Sun Dec 29 11:19:29 2024  Type /HELP for info & commands
Sun Dec 29 11:19:29 2024 POWER_FLOWER (Red) [SMG] O.O (Blue)
Sun Dec 29 11:19:30 2024 [Global] Markiplier (Red): why aam i lagging
Sun Dec 29 11:19:38 2024 You must be closer to the enemy's base to shoot blocks!
Sun Dec 29 11:19:40 2024 Gordon Freeman (Red) [Rifle] gigachad (Blue)
Sun Dec 29 11:19:49 2024 Harry (Red) [Headshot] Kyoryogi (Blue)
Sun Dec 29 11:19:51 2024 Gordon Freeman (Red) [Headshot] Jim (Blue)
Sun Dec 29 11:19:55 2024 O.O (Blue) [SMG] mariosteve (Red)
Sun Dec 29 11:20:20 2024 O.O (Blue) [Headshot] POWER_FLOWER (Red)
Sun Dec 29 11:20:21 2024 Player Polloturbio has left
Sun Dec 29 11:20:25 2024 O.O (Blue) [Headshot] Gordon Freeman (Red)
Sun Dec 29 11:20:26 2024 Harry (Red) [Rifle] O.O (Blue)
Sun Dec 29 11:20:29 2024  Visit our community forums at https://aloha.pk/
Sun Dec 29 11:20:31 2024 Polloturbio joined Red team
Sun Dec 29 11:20:32 2024 [Global] miguel (Red): ttdwwwwwwtrytwadadsdw cwvddadaddadaas cawrtdadadaw daw a awDwqqqqdadas  d 
Sun Dec 29 11:20:36 2024 IlikeTrains (Blue) [SMG] Markiplier (Red)
Sun Dec 29 11:20:38 2024 768 (Blue) [Headshot] Harry (Red)
Sun Dec 29 11:20:40 2024 IlikeTrains (Blue) [Headshot] mariosteve (Red)
Sun Dec 29 11:20:42 2024 Spider joined Blue team
Sun Dec 29 11:20:46 2024 [Global] mariosteve (Red): understandable
Sun Dec 29 11:20:48 2024 IlikeTrains (Blue) [SMG] Gordon Freeman (Red)
Sun Dec 29 11:20:53 2024 IlikeTrains (Blue) [Headshot] miguel (Red)
Sun Dec 29 11:20:59 2024 IlikeTrains (Blue) [Grenade] Harry (Red)
Sun Dec 29 11:20:59 2024 mariosteve (Red) [Headshot] IlikeTrains (Blue)
Sun Dec 29 11:21:10 2024 Kyoryogi (Blue) [Rifle] mariosteve (Red)
Sun Dec 29 11:21:12 2024 Gordon Freeman (Red) [Headshot] Kyoryogi (Blue)
Sun Dec 29 11:21:14 2024 IlikeTrains (Blue) [Headshot] POWER_FLOWER (Red)
Sun Dec 29 11:21:15 2024 You must be closer to the enemy's base to shoot blocks!
Sun Dec 29 11:21:16 2024 Harry (Red) [Headshot] gigachad (Blue)
Sun Dec 29 11:21:17 2024 Harry (Red) [Headshot] IlikeTrains (Blue)
Sun Dec 29 11:21:22 2024 Jim (Blue) [Headshot] Gordon Freeman (Red)
Sun Dec 29 11:21:29 2024  Come chat with us at https://discord.aloha.pk/
Sun Dec 29 11:21:30 2024 Harry (Red) [Headshot] Jim (Blue)
Sun Dec 29 11:21:35 2024 Harry (Red) [Headshot] Kyoryogi (Blue)
Sun Dec 29 11:21:36 2024 IlikeTrains (Blue) [SMG] Harry (Red)
Sun Dec 29 11:21:40 2024 IlikeTrains (Blue) [SMG] Markiplier (Red)
Sun Dec 29 11:21:40 2024 [Team] The Jesus (Red): somebody start building stairs to the tower
Sun Dec 29 11:21:45 2024 mariosteve (Red) [Headshot] IlikeTrains (Blue)
Sun Dec 29 11:21:45 2024 [Global] miguel (Red): wdasawdsa
Sun Dec 29 11:21:49 2024 mariosteve (Red) [Headshot] 768 (Blue)
Sun Dec 29 11:21:49 2024 Polloturbio (Red) [Headshot] IlikeTrains (Blue)
Sun Dec 29 11:21:55 2024 Jim (Blue) [Rifle] miguel (Red)
Sun Dec 29 11:21:57 2024 [Global] Markiplier (Red): shittiest map ward, how the fuck does it lag
Sun Dec 29 11:22:02 2024 IlikeTrains (Blue) [Headshot] Polloturbio (Red)
Sun Dec 29 11:22:03 2024 Gordon Freeman (Red) [Rifle] YOTI (Blue)
Sun Dec 29 11:22:03 2024 Harry (Red) [Headshot] Kyoryogi (Blue)
Sun Dec 29 11:22:06 2024 Jim (Blue) [Rifle] Harry (Red)
Sun Dec 29 11:22:16 2024 IlikeTrains (Blue) [SMG] Markiplier (Red)
Sun Dec 29 11:22:22 2024 pedro joined Red team
Sun Dec 29 11:22:22 2024 Disconnecting
