Thu Jul 11 23:23:56 2024 ------ World Loaded ------
Thu Jul 11 23:23:56 2024 Welcome to aloha.pk tower of babel
Thu Jul 11 23:23:57 2024 Map: binladencompoundv7 by Noire
Thu Jul 11 23:23:59 2024 Game mode: babel
Thu Jul 11 23:24:01 2024 Build a tower to get the enemy's intel. Take it to your team's tent to win!
Thu Jul 11 23:24:03 2024 Visit our community forum at https://aloha.pk/
Thu Jul 11 23:24:05 2024 luke joined Red team
Thu Jul 11 23:24:05 2024 Come chat with us at https://discord.aloha.pk/
Thu Jul 11 23:24:06 2024 NioquiDePapa (Blue) [Headshot] lel (Red)
Thu Jul 11 23:24:07 2024  With 1292 blocks placed, CarlosDuty is granted the right to unleash the apocalypse.
Thu Jul 11 23:24:07 2024 __100juizo captured Blue's Intel.
Thu Jul 11 23:24:11 2024 [Global] SoyTuPutaRica (Red): empieza con java o con python
Thu Jul 11 23:24:12 2024 Corbeno (Blue) [Headshot] SenorGrandSQL (Red)
Thu Jul 11 23:24:18 2024  CarlosDuty has unleashed an apocalypse from God.
Thu Jul 11 23:24:20 2024  The apocalypse begins in 5
Thu Jul 11 23:24:21 2024 a total noob (Blue) [Headshot] CarlosDuty (Red)
Thu Jul 11 23:24:21 2024  The apocalypse begins in 4
Thu Jul 11 23:24:22 2024  The apocalypse begins in 3
Thu Jul 11 23:24:23 2024  The apocalypse begins in 2
Thu Jul 11 23:24:24 2024  The apocalypse begins in 1
Thu Jul 11 23:24:24 2024 You can't destroy your team's blocks in this area. Attack the enemy's tower!
Thu Jul 11 23:24:24 2024 You can't destroy your team's blocks in this area. Attack the enemy's tower!
Thu Jul 11 23:24:25 2024 You can't destroy your team's blocks in this area. Attack the enemy's tower!
Thu Jul 11 23:24:26 2024 CarlosDuty (Red) [Grenade] NioquiDePapa (Blue)
Thu Jul 11 23:24:26 2024 CarlosDuty (Red) [Grenade] Harry (Blue)
Thu Jul 11 23:24:27 2024 CarlosDuty (Red) [Grenade] puerta (Blue)
Thu Jul 11 23:24:27 2024 SoyTuPutaRica (Red) [Headshot] frecel (Blue)
Thu Jul 11 23:24:32 2024 CarlosDuty (Red) [Grenade] a total noob (Blue)
Thu Jul 11 23:24:38 2024 CarlosDuty (Red) [Grenade] frecel (Blue)
Thu Jul 11 23:24:41 2024  The apocalypse has ended.
Thu Jul 11 23:24:42 2024 __100juizo picked up Blue's Intel.
Thu Jul 11 23:24:48 2024 Corbeno (Blue) [Melee] SoyTuPutaRica (Red)
Thu Jul 11 23:24:53 2024 Corbeno (Blue) [Melee] DrogonMar (Red)
Thu Jul 11 23:24:57 2024  If you believe a player is breaking the rules, please let us know with /ADMIN
Thu Jul 11 23:24:58 2024 lel (Red) [Headshot] puerta (Blue)
Thu Jul 11 23:25:02 2024 a total noob (Blue) [Headshot] lel (Red)
Thu Jul 11 23:25:03 2024 SoyTuPutaRica (Red) [Headshot] Harry (Blue)
Thu Jul 11 23:25:12 2024 [Global] SoyTuPutaRica (Red): la progastinacion es muy dura
Thu Jul 11 23:25:13 2024 __100juizo dropped Blue's Intel
Thu Jul 11 23:25:13 2024  The intel has returned to the heavens
Thu Jul 11 23:25:13 2024 Corbeno (Blue) [Rifle] __100juizo (Red)
Thu Jul 11 23:25:14 2024 SoyTuPutaRica (Red) [Headshot] a total noob (Blue)
Thu Jul 11 23:25:20 2024 NioquiDePapa (Blue) [Headshot] lel (Red)
Thu Jul 11 23:25:23 2024 SenorGrandSQL picked up Blue's Intel.
Thu Jul 11 23:25:27 2024 Corbeno (Blue) [Headshot] SoyTuPutaRica (Red)
Thu Jul 11 23:25:29 2024 DrogonMar (Red) [Headshot] NioquiDePapa (Blue)
Thu Jul 11 23:25:30 2024 DrogonMar (Red) [Headshot] Corbeno (Blue)
Thu Jul 11 23:25:37 2024 Soviet Floppa:) joined Blue team
Thu Jul 11 23:25:44 2024 [Global] SoyTuPutaRica (Red): el enfoque es la clave
Thu Jul 11 23:25:45 2024 Player luke has left
Thu Jul 11 23:25:46 2024 SenorGrandSQL dropped Blue's Intel
Thu Jul 11 23:25:46 2024  The intel has returned to the heavens
Thu Jul 11 23:25:46 2024 Harry (Blue) [Rifle] SenorGrandSQL (Red)
Thu Jul 11 23:25:51 2024 [Global] Soviet Floppa:) (Blue): joder me revelo?
Thu Jul 11 23:25:52 2024 NioquiDePapa (Blue) [Headshot] DrogonMar (Red)
Thu Jul 11 23:25:57 2024 __100juizo picked up Blue's Intel.
Thu Jul 11 23:25:57 2024  This server runs imger and glow. Use /IMG or /GLOW to toggle them.
Thu Jul 11 23:25:59 2024 Harry (Blue) [Headshot] SenorGrandSQL (Red)
Thu Jul 11 23:26:00 2024 a total noob (Blue) [SMG] CarlosDuty (Red)
Thu Jul 11 23:26:00 2024 Harry (Blue) [Headshot] SoyTuPutaRica (Red)
Thu Jul 11 23:26:06 2024 NioquiDePapa (Blue) [Headshot] lel (Red)
Thu Jul 11 23:26:09 2024 DrogonMar (Red) [Rifle] a total noob (Blue)
Thu Jul 11 23:26:11 2024 __100juizo dropped Blue's Intel
Thu Jul 11 23:26:11 2024  The intel has returned to the heavens
Thu Jul 11 23:26:12 2024 NioquiDePapa (Blue) [Headshot] __100juizo (Red)
Thu Jul 11 23:26:15 2024 SoyTuPutaRica (Red) [Headshot] NioquiDePapa (Blue)
Thu Jul 11 23:26:18 2024 lel (Red) [Weapon Change]
Thu Jul 11 23:26:18 2024 Corbeno (Blue) [Headshot] DrogonMar (Red)
Thu Jul 11 23:26:18 2024 SoyTuPutaRica (Red) [Headshot] Corbeno (Blue)
Thu Jul 11 23:26:18 2024 Harry (Blue) [Headshot] CarlosDuty (Red)
Thu Jul 11 23:26:19 2024 SoyTuPutaRica (Red) [Headshot] Soviet Floppa:) (Blue)
Thu Jul 11 23:26:20 2024 [Global] wario (Blue): estoy de la cocoa
Thu Jul 11 23:26:22 2024 SenorGrandSQL (Red) [Weapon Change]
Thu Jul 11 23:26:25 2024 [Global] SoyTuPutaRica (Red): xd
Thu Jul 11 23:26:28 2024 Harry (Blue) [Headshot] DrogonMar (Red)
Thu Jul 11 23:26:29 2024 Harry (Blue) [Headshot] SenorGrandSQL (Red)
Thu Jul 11 23:26:29 2024 CarlosDuty (Red) [Headshot] Harry (Blue)
Thu Jul 11 23:26:33 2024 [Global] Soviet Floppa:) (Blue): y yo estoy de puta madre
Thu Jul 11 23:26:35 2024 SoyTuPutaRica (Red) [Headshot] NioquiDePapa (Blue)
Thu Jul 11 23:26:42 2024 [Global] SoyTuPutaRica (Red): soviet te callas?
Thu Jul 11 23:26:43 2024 [Global] wario (Blue): jajaja que culiaaaaw
Thu Jul 11 23:26:47 2024 Corbeno (Blue) [Headshot] __100juizo (Red)
Thu Jul 11 23:26:48 2024 SoyTuPutaRica (Red) [Headshot] puerta (Blue)
Thu Jul 11 23:26:52 2024 luke joined Red team
Thu Jul 11 23:26:53 2024 [Global] Soviet Floppa:) (Blue): callame con tus tetas bb
Thu Jul 11 23:26:56 2024 Pablijo (Red) [Fall]
Thu Jul 11 23:26:56 2024 SoyTuPutaRica (Red) [Headshot] a total noob (Blue)
Thu Jul 11 23:26:57 2024 Soviet Floppa:) (Blue) [Headshot] lel (Red)
Thu Jul 11 23:26:57 2024  Use /EMOTE to draw an emote on the map!
Thu Jul 11 23:26:59 2024 [Global] SoyTuPutaRica (Red): ._:
Thu Jul 11 23:27:03 2024 Corbeno (Blue) [Headshot] DrogonMar (Red)
Thu Jul 11 23:27:04 2024 Harry (Blue) [Headshot] SoyTuPutaRica (Red)
Thu Jul 11 23:27:14 2024 Player luke has left
Thu Jul 11 23:27:23 2024 Harry (Blue) [Rifle] Pablijo (Red)
Thu Jul 11 23:27:24 2024 lel (Red) [SMG] Soviet Floppa:) (Blue)
Thu Jul 11 23:27:25 2024 NioquiDePapa (Blue) [Rifle] DrogonMar (Red)
Thu Jul 11 23:27:26 2024 SoyTuPutaRica (Red) [Headshot] Corbeno (Blue)
Thu Jul 11 23:27:26 2024 __100juizo (Red) [Headshot] puerta (Blue)
Thu Jul 11 23:27:30 2024 a total noob (Blue) [Headshot] CarlosDuty (Red)
Thu Jul 11 23:27:41 2024 Harry (Blue) [Headshot] Pablijo (Red)
Thu Jul 11 23:27:42 2024 SenorGrandSQL (Red) [Fall]
Thu Jul 11 23:27:42 2024 SoyTuPutaRica (Red) [Headshot] NioquiDePapa (Blue)
Thu Jul 11 23:27:49 2024 DrogonMar (Red) [Shotgun] a total noob (Blue)
Thu Jul 11 23:27:57 2024  Use /HEAVEN to paint the babel platform!
Thu Jul 11 23:27:58 2024 SoyTuPutaRica (Red) [Melee] Harry (Blue)
Thu Jul 11 23:27:59 2024 __100juizo picked up Blue's Intel.
Thu Jul 11 23:28:04 2024 SoyTuPutaRica (Red) [Headshot] wario (Blue)
Thu Jul 11 23:28:06 2024 lel (Red) [Headshot] NioquiDePapa (Blue)
Thu Jul 11 23:28:08 2024 Corbeno (Blue) [Headshot] SoyTuPutaRica (Red)
Thu Jul 11 23:28:14 2024 [Global] wario (Blue): black is beautiful
Thu Jul 11 23:28:17 2024 Corbeno (Blue) [Headshot] Pablijo (Red)
Thu Jul 11 23:28:20 2024 DrogonMar (Red) [Headshot] a total noob (Blue)
Thu Jul 11 23:28:22 2024 sssssssssssssss joined Red team
Thu Jul 11 23:28:23 2024 DrogonMar (Red) [Shotgun] Corbeno (Blue)
Thu Jul 11 23:28:25 2024 lel (Red) [Headshot] NioquiDePapa (Blue)
Thu Jul 11 23:28:26 2024 __100juizo captured Blue's Intel.
Thu Jul 11 23:28:28 2024 [Global] SoyTuPutaRica (Red): black is exclavitud
Thu Jul 11 23:28:29 2024 Harry (Blue) [Headshot] DrogonMar (Red)
Thu Jul 11 23:28:29 2024 [Global] SoyTuPutaRica (Red): xd
Thu Jul 11 23:28:34 2024 [Global] wario (Blue): logic say this
Thu Jul 11 23:28:34 2024 NioquiDePapa (Blue) [Headshot] lel (Red)
Thu Jul 11 23:28:39 2024 SenorGrandSQL picked up Blue's Intel.
Thu Jul 11 23:28:46 2024 Corbeno (Blue) [Headshot] SoyTuPutaRica (Red)
Thu Jul 11 23:28:53 2024 SenorGrandSQL (Red) [Headshot] frecel (Blue)
Thu Jul 11 23:28:56 2024 Corbeno (Blue) [Headshot] lel (Red)
Thu Jul 11 23:28:56 2024 SoyTuPutaRica (Red) [Rifle] Harry (Blue)
Thu Jul 11 23:28:57 2024  Get a 20 killstreak and 1 intel capture(s) to unlock /APOC!
Thu Jul 11 23:29:02 2024 sssssssssssssss (Red) [Headshot] puerta (Blue)
Thu Jul 11 23:29:12 2024 sssssssssssssss (Red) [Headshot] a total noob (Blue)
Thu Jul 11 23:29:15 2024 sssssssssssssss (Red) [Headshot] Harry (Blue)
Thu Jul 11 23:29:21 2024 DrogonMar (Red) [Headshot] Corbeno (Blue)
Thu Jul 11 23:29:22 2024 sssssssssssssss (Red) [SMG] a total noob (Blue)
Thu Jul 11 23:29:28 2024 __100juizo (Red) [Headshot] frecel (Blue)
Thu Jul 11 23:29:29 2024 [Global] wario (Blue): i banned from twitch :C
Thu Jul 11 23:29:30 2024 DrogonMar (Red) [Headshot] NioquiDePapa (Blue)
Thu Jul 11 23:29:31 2024 lel (Red) [Headshot] a total noob (Blue)
Thu Jul 11 23:29:33 2024 sssssssssssssss (Red) [SMG] puerta (Blue)
Thu Jul 11 23:29:38 2024 Corbeno (Blue) [Rifle] SoyTuPutaRica (Red)
Thu Jul 11 23:29:38 2024 sssssssssssssss (Red) [Headshot] Corbeno (Blue)
Thu Jul 11 23:29:41 2024 a total noob (Blue) [Headshot] lel (Red)
Thu Jul 11 23:29:43 2024 [Global] SoyTuPutaRica (Red): whoí?
Thu Jul 11 23:29:43 2024 sssssssssssssss (Red) [Headshot] frecel (Blue)
Thu Jul 11 23:29:44 2024 sssssssssssssss (Red) [SMG] NioquiDePapa (Blue)
Thu Jul 11 23:29:45 2024 Player Corbeno has left
Thu Jul 11 23:29:45 2024 SenorGrandSQL captured Blue's Intel.
Thu Jul 11 23:29:46 2024 [Global] SoyTuPutaRica (Red): why
Thu Jul 11 23:29:46 2024 sssssssssssssss (Red) [Headshot] Harry (Blue)
Thu Jul 11 23:29:49 2024 sssssssssssssss (Red) [Headshot] puerta (Blue)
Thu Jul 11 23:29:50 2024 sssssssssssssss (Red) [Headshot] a total noob (Blue)
Thu Jul 11 23:29:52 2024 Harry (Blue) [Rifle] sssssssssssssss (Red)
Thu Jul 11 23:29:53 2024 [Global] Soviet Floppa:) (Blue): puta
Thu Jul 11 23:29:56 2024 [Global] Soviet Floppa:) (Blue): pasa sensi
Thu Jul 11 23:29:56 2024 [Global] SoyTuPutaRica (Red): eres
Thu Jul 11 23:29:57 2024  Capture your team's 5th intel to unlock /APOC for your team's best builder!
Thu Jul 11 23:30:00 2024 [Global] Soviet Floppa:) (Blue): que sensi usas?
Thu Jul 11 23:30:05 2024 Harry (Blue) [Headshot] lel (Red)
Thu Jul 11 23:30:11 2024 [Global] sssssssssssssss (Red): 100
Thu Jul 11 23:30:12 2024 [Global] SoyTuPutaRica (Red): sensei el sensei esta en las tortugas ninja
Thu Jul 11 23:30:14 2024 lel (Red) [Team Change]
Thu Jul 11 23:30:15 2024 DrogonMar picked up Blue's Intel.
Thu Jul 11 23:30:19 2024 sssssssssssssss (Red) [SMG] a total noob (Blue)
Thu Jul 11 23:30:19 2024 sssssssssssssss (Red) [Headshot] NioquiDePapa (Blue)
Thu Jul 11 23:30:22 2024 You must be closer to the enemy's base to shoot blocks!
Thu Jul 11 23:30:22 2024 Soviet Floppa:) (Blue) [Headshot] CarlosDuty (Red)
Thu Jul 11 23:30:26 2024 sssssssssssssss (Red) [SMG] puerta (Blue)
Thu Jul 11 23:30:26 2024 SoyTuPutaRica (Red) [Headshot] Harry (Blue)
Thu Jul 11 23:30:26 2024 lel joined Blue team
Thu Jul 11 23:30:29 2024 __100juizo (Red) [Headshot] frecel (Blue)
Thu Jul 11 23:30:31 2024 [Global] wario (Blue): e no
Thu Jul 11 23:30:31 2024 CarlosDuty (Red) [Headshot] Soviet Floppa:) (Blue)
Thu Jul 11 23:30:34 2024 sssssssssssssss (Red) [Headshot] Harry (Blue)
Thu Jul 11 23:30:35 2024 [Global] wario (Blue): fuma marisola
Thu Jul 11 23:30:40 2024 DrogonMar captured Blue's Intel.
Thu Jul 11 23:30:42 2024 [Global] SoyTuPutaRica (Red): te puedo enrolaa
Thu Jul 11 23:30:42 2024 sssssssssssssss (Red) [SMG] wario (Blue)
Thu Jul 11 23:30:46 2024 [Global] wario (Blue): eeeeeeaaaaaaaaaaa
Thu Jul 11 23:30:47 2024 SenorGrandSQL picked up Blue's Intel.
Thu Jul 11 23:30:49 2024 puerta (Blue) [Weapon Change]
Thu Jul 11 23:30:53 2024 sssssssssssssss (Red) [Headshot] Harry (Blue)
Thu Jul 11 23:30:56 2024 SenorGrandSQL dropped Blue's Intel
Thu Jul 11 23:30:56 2024 wario (Blue) [Rifle] SenorGrandSQL (Red)
Thu Jul 11 23:30:57 2024  Mahalo for playing aloha.pk tower of babel
Thu Jul 11 23:30:59 2024 NioquiDePapa (Blue) [Headshot] sssssssssssssss (Red)
Thu Jul 11 23:31:02 2024 [Global] wario (Blue): sentate gordiiiiiiiiii
Thu Jul 11 23:31:04 2024 lel (Blue) [Headshot] __100juizo (Red)
Thu Jul 11 23:31:05 2024 sssssssssssssss (Red) [Team Change]
Thu Jul 11 23:31:06 2024 [Global] wario (Blue): deja la intel ahi nomaaaaa
Thu Jul 11 23:31:09 2024 frecel (Blue) [SMG]
Thu Jul 11 23:31:09 2024 Harry (Blue) [Team Change]
Thu Jul 11 23:31:14 2024 sssssssssssssss joined Blue team
Thu Jul 11 23:31:16 2024 CarlosDuty (Red) [Headshot] NioquiDePapa (Blue)
Thu Jul 11 23:31:17 2024 [Global] SoyTuPutaRica (Red): hey wario why are you banned from twitch
Thu Jul 11 23:31:20 2024 [Global] SoyTuPutaRica (Red): asi se escribe xd
Thu Jul 11 23:31:26 2024 [Global] wario (Blue): eeeee
Thu Jul 11 23:31:29 2024 CarlosDuty picked up Blue's Intel.
Thu Jul 11 23:31:31 2024 Soviet Floppa:) (Blue) [Headshot] __100juizo (Red)
Thu Jul 11 23:31:32 2024 a total noob (Blue) [Headshot] SoyTuPutaRica (Red)
Thu Jul 11 23:31:32 2024 [Global] sssssssssssssss (Blue): he post nudes
Thu Jul 11 23:31:33 2024 [Global] wario (Blue): graxo
Thu Jul 11 23:31:40 2024 [Global] wario (Blue): xd
Thu Jul 11 23:31:41 2024 [Global] SoyTuPutaRica (Red): sssssssssssssssss shut up bich
Thu Jul 11 23:31:44 2024 [Global] wario (Blue): ñpñ
Thu Jul 11 23:31:51 2024 CarlosDuty dropped Blue's Intel
Thu Jul 11 23:31:51 2024 lel (Blue) [Headshot] CarlosDuty (Red)
Thu Jul 11 23:31:53 2024 DrogonMar picked up Blue's Intel.
Thu Jul 11 23:31:57 2024 SenorGrandSQL (Red) [Headshot] frecel (Blue)
Thu Jul 11 23:31:57 2024  Build a tower to get the enemy's intel. Take it to your team's tent to win!
Thu Jul 11 23:31:59 2024 SoyTuPutaRica (Red) [Rifle] wario (Blue)
Thu Jul 11 23:32:02 2024 SoyTuPutaRica (Red) [Rifle] a total noob (Blue)
Thu Jul 11 23:32:03 2024 [Global] wario (Blue): who
Thu Jul 11 23:32:04 2024 DrogonMar dropped Blue's Intel
Thu Jul 11 23:32:04 2024  The intel has returned to the heavens
Thu Jul 11 23:32:04 2024 sssssssssssssss (Blue) [Headshot] DrogonMar (Red)
Thu Jul 11 23:32:04 2024 frecel (Blue) [Headshot] SenorGrandSQL (Red)
Thu Jul 11 23:32:07 2024 [Global] wario (Blue): bye
Thu Jul 11 23:32:07 2024 SoyTuPutaRica (Red) [Headshot] NioquiDePapa (Blue)
Thu Jul 11 23:32:08 2024 sssssssssssssss (Blue) [Headshot] CarlosDuty (Red)
Thu Jul 11 23:32:09 2024 sssssssssssssss (Blue) [Headshot] Pablijo (Red)
Thu Jul 11 23:32:10 2024 Player wario has left
Thu Jul 11 23:32:10 2024 [Global] SoyTuPutaRica (Red): wh que?
Thu Jul 11 23:32:12 2024 lel (Blue) [Headshot] SoyTuPutaRica (Red)
Thu Jul 11 23:32:17 2024 sssssssssssssss (Blue) [Headshot] CarlosDuty (Red)
Thu Jul 11 23:32:19 2024 sssssssssssssss (Blue) [Headshot] SoyTuPutaRica (Red)
Thu Jul 11 23:32:19 2024 SoyTuPutaRica (Red) [Fall]
Thu Jul 11 23:32:19 2024 CarlosDuty (Red) [Fall]
Thu Jul 11 23:32:20 2024 __100juizo (Red) [SMG] lel (Blue)
Thu Jul 11 23:32:22 2024 DrogonMar (Red) [Shotgun] sssssssssssssss (Blue)
Thu Jul 11 23:32:25 2024 Soviet Floppa:) (Blue) [Headshot] SenorGrandSQL (Red)
Thu Jul 11 23:32:25 2024 [Global] SoyTuPutaRica (Red): aa
Thu Jul 11 23:32:26 2024 sssssssssssssss joined Red team
Thu Jul 11 23:32:27 2024 sssssssssssssss (Red) [Weapon Change]
Thu Jul 11 23:32:30 2024  frecel has reached 1000 blocks placed! /heaven unlocked.
Thu Jul 11 23:32:30 2024 Player sssssssssssssss has left
Thu Jul 11 23:32:34 2024 Soviet Floppa:) (Blue) [Rifle] CarlosDuty (Red)
Thu Jul 11 23:32:34 2024 RedBullDrink joined Red team
Thu Jul 11 23:32:35 2024 Harry (Red) [Team Change]
Thu Jul 11 23:32:37 2024 Soviet Floppa:) (Blue) [Headshot] SenorGrandSQL (Red)
Thu Jul 11 23:32:38 2024 SoyTuPutaRica (Red) [Rifle] puerta (Blue)
Thu Jul 11 23:32:39 2024 a total noob (Blue) [SMG] DrogonMar (Red)
Thu Jul 11 23:32:41 2024 Soviet Floppa:) (Blue) [Headshot] Pablijo (Red)
Thu Jul 11 23:32:42 2024 CarlosDuty (Red) [Headshot] Soviet Floppa:) (Blue)
Thu Jul 11 23:32:42 2024 hack joined Red team
Thu Jul 11 23:32:48 2024 SoyTuPutaRica (Red) [Headshot] Harry (Blue)
Thu Jul 11 23:32:54 2024 [Global] Soviet Floppa:) (Blue): me gusta 2.3 en sensi
Thu Jul 11 23:32:57 2024  Type /HELP for info & commands
Thu Jul 11 23:32:58 2024 DrogonMar (Red) [Shotgun] a total noob (Blue)
Thu Jul 11 23:33:00 2024 [Global] SoyTuPutaRica (Red): soviet eres gei?
Thu Jul 11 23:33:05 2024 hack (Red) [Headshot] frecel (Blue)
Thu Jul 11 23:33:06 2024 [Global] Soviet Floppa:) (Blue): creo que encontre mi sensi ideal
Thu Jul 11 23:33:07 2024 [Global] Soviet Floppa:) (Blue): no
Thu Jul 11 23:33:15 2024 [Global] SoyTuPutaRica (Red): yo creo que si
Thu Jul 11 23:33:17 2024 hack (Red) [Headshot] Harry (Blue)
Thu Jul 11 23:33:18 2024 SoyTuPutaRica (Red) [Rifle] a total noob (Blue)
Thu Jul 11 23:33:23 2024 Player hack has left
Thu Jul 11 23:33:31 2024 [Global] Soviet Floppa:) (Blue): y... mira puede ser
Thu Jul 11 23:33:36 2024 Disconnecting
