Sat Dec 28 14:38:46 2024 ------ World Loaded ------
Sat Dec 28 14:38:46 2024 Deuhh (Red) [Headshot] elpene69 (Blue)
Sat Dec 28 14:38:46 2024 Deuhh (Red) [Headshot] shipidey (Blue)
Sat Dec 28 14:38:46 2024 sov1 (Blue) [Headshot] WarPig (Red)
Sat Dec 28 14:38:46 2024 Welcome to aloha.pk tower of babel
Sat Dec 28 14:38:47 2024 Map: winterwar11 by (unknown)
Sat Dec 28 14:38:49 2024 Game mode: babel
Sat Dec 28 14:38:51 2024 Build a tower to get the enemy's intel. Take it to your team's tent to win!
Sat Dec 28 14:38:52 2024 capibara (Blue) [Headshot] gigi (Red)
Sat Dec 28 14:38:53 2024 Visit our community forum at https://aloha.pk/
Sat Dec 28 14:38:54 2024 capibara (Blue) [Headshot] luskiri (Red)
Sat Dec 28 14:38:59 2024 Team is full, moved to Blue
Sat Dec 28 14:38:59 2024 gigi (Red) [Fall]
Sat Dec 28 14:38:59 2024 luskiri (Red) [Fall]
Sat Dec 28 14:39:03 2024 Come chat with us at https://discord.aloha.pk/
Sat Dec 28 14:39:03 2024 Tom (Red) [Headshot] noob (Blue)
Sat Dec 28 14:39:03 2024 Deuhh picked up Blue's Intel.
Sat Dec 28 14:39:03 2024 Tom (Red) [Headshot] capibara (Blue)
Sat Dec 28 14:39:04 2024 Gordon Freeman (Blue) [Fall]
Sat Dec 28 14:39:06 2024 sov1 (Blue) [Headshot] tomsoyer (Red)
Sat Dec 28 14:39:10 2024 Dskay (Blue) [Headshot] WarPig (Red)
Sat Dec 28 14:39:12 2024 ELBRAYAN (Blue) [Fall]
Sat Dec 28 14:39:13 2024 Deuhh dropped Blue's Intel
Sat Dec 28 14:39:13 2024  The intel has returned to the heavens
Sat Dec 28 14:39:13 2024 Dskay (Blue) [Headshot] Deuhh (Red)
Sat Dec 28 14:39:16 2024 reagon (Red) [Shotgun] Harry (Blue)
Sat Dec 28 14:39:23 2024 sov1 (Blue) [Headshot] Dekta N. (Red)
Sat Dec 28 14:39:24 2024  Votekick for sov1 (#8) has ended. Votekick timed out
Sat Dec 28 14:39:27 2024 sov1 (Blue) [Headshot] too much vodka (Red)
Sat Dec 28 14:39:27 2024  If you believe a player is breaking the rules, please let us know with /ADMIN
Sat Dec 28 14:39:30 2024 sov1 (Blue) [Headshot] Dekta N. (Red)
Sat Dec 28 14:39:33 2024 Zak (Red) [Headshot] sov111 (Blue)
Sat Dec 28 14:39:35 2024 Dskay (Blue) [Headshot] Tom (Red)
Sat Dec 28 14:39:43 2024 tomsoyer (Red) [SMG] Dskay (Blue)
Sat Dec 28 14:39:44 2024 capibara (Blue) [Headshot] tomsoyer (Red)
Sat Dec 28 14:39:45 2024 sov1 (Blue) [Headshot]   (Red)
Sat Dec 28 14:39:46 2024 reagon (Red) [Shotgun] sov1 (Blue)
Sat Dec 28 14:39:47 2024 capibara (Blue) [SMG] WarPig (Red)
Sat Dec 28 14:39:48 2024 Kyoryogi (Blue) [Rifle]
Sat Dec 28 14:39:48 2024 reagon (Red) [Headshot] Sov11 (Blue)
Sat Dec 28 14:39:51 2024 Micki Nimaj (Red) [Headshot] noob (Blue)
Sat Dec 28 14:39:56 2024 capibara (Blue) [Headshot] truenolinux (Red)
Sat Dec 28 14:39:56 2024 Tom (Red) [Headshot] capibara (Blue)
Sat Dec 28 14:40:00 2024 Player Kyoryogi has left
Sat Dec 28 14:40:09 2024 Gordon Freeman (Blue) [Headshot] too much vodka (Red)
Sat Dec 28 14:40:19 2024 Zak (Red) [Headshot] ELBRAYAN (Blue)
Sat Dec 28 14:40:21 2024 Gordon Freeman (Blue) [Headshot] Micki Nimaj (Red)
Sat Dec 28 14:40:21 2024 capibara (Blue) [Headshot] tomsoyer (Red)
Sat Dec 28 14:40:22 2024 capibara (Blue) [SMG] truenolinux (Red)
Sat Dec 28 14:40:25 2024 Deuhh (Red) [Headshot] capibara (Blue)
Sat Dec 28 14:40:29 2024  This server runs imger and glow. Use /IMG or /GLOW to toggle them.
Sat Dec 28 14:40:29 2024 WarPig (Red) [Headshot] sov111 (Blue)
Sat Dec 28 14:40:31 2024 Harry1 joined Blue team
Sat Dec 28 14:40:32 2024 Dskay (Blue) [Headshot] Deuhh (Red)
Sat Dec 28 14:40:33 2024 Harry (Blue) [Headshot] pacifist161 (Red)
Sat Dec 28 14:40:37 2024 WarPig (Red) [Headshot] Dskay (Blue)
Sat Dec 28 14:40:37 2024 Kyoryogi joined Blue team
Sat Dec 28 14:40:47 2024 Tom (Red) [Headshot] noob (Blue)
Sat Dec 28 14:40:47 2024 sov1 (Blue) [Headshot] Dekta N. (Red)
Sat Dec 28 14:40:47 2024 Harry (Blue) [Headshot] reagon (Red)
Sat Dec 28 14:40:54 2024 Tom (Red) [Headshot] sov111 (Blue)
Sat Dec 28 14:40:58 2024 Harry1 (Blue) [Headshot] luskiri (Red)
Sat Dec 28 14:41:03 2024 Dskay (Blue) [Headshot] Deuhh (Red)
Sat Dec 28 14:41:04 2024 capibara (Blue) [Headshot] WarPig (Red)
Sat Dec 28 14:41:05 2024 Zak (Red) [Headshot] ELBRAYAN (Blue)
Sat Dec 28 14:41:06 2024 GC joined Spectator team
Sat Dec 28 14:41:06 2024 too much vodka (Red) [SMG] sov1 (Blue)
Sat Dec 28 14:41:06 2024 Gordon Freeman (Blue) [Headshot] too much vodka (Red)
Sat Dec 28 14:41:08 2024 Harry1 (Blue) [Headshot]   (Red)
Sat Dec 28 14:41:13 2024 Player WarPig has left
Sat Dec 28 14:41:16 2024 Tom (Red) [Headshot] Harry1 (Blue)
Sat Dec 28 14:41:20 2024 capibara (Blue) [Headshot] truenolinux (Red)
Sat Dec 28 14:41:23 2024 tomsoyer (Red) [Headshot] Sov11 (Blue)
Sat Dec 28 14:41:25 2024 Micki Nimaj (Red) [Headshot] Harry (Blue)
Sat Dec 28 14:41:25 2024 Player truenolinux has left
Sat Dec 28 14:41:27 2024 memo.. joined Red team
Sat Dec 28 14:41:27 2024  Use /EMOTE to draw an emote on the map!
Sat Dec 28 14:41:31 2024 capibara (Blue) [Headshot] gigi (Red)
Sat Dec 28 14:41:32 2024 Dskay (Blue) [Headshot] pacifist161 (Red)
Sat Dec 28 14:41:33 2024 capibara (Blue) [Headshot] Micki Nimaj (Red)
Sat Dec 28 14:41:33 2024 Tom (Red) [Headshot] Gordon Freeman (Blue)
Sat Dec 28 14:41:35 2024 Harry1 (Blue) [Headshot] tomsoyer (Red)
Sat Dec 28 14:41:36 2024 GC joined Blue team
Sat Dec 28 14:41:44 2024 Dekta N. (Red) [Shotgun] Sov11 (Blue)
Sat Dec 28 14:41:47 2024 Harry1 (Blue) [Headshot] Tom (Red)
Sat Dec 28 14:41:48 2024 Deuhh (Red) [SMG] Kyoryogi (Blue)
Sat Dec 28 14:41:52 2024 capibara (Blue) [Headshot] luskiri (Red)
Sat Dec 28 14:41:52 2024 sov1 (Blue) [Headshot] Deuhh (Red)
Sat Dec 28 14:41:53 2024 Zak (Red) [Headshot] Harry1 (Blue)
Sat Dec 28 14:41:53 2024 Dskay (Blue) [Headshot] Micki Nimaj (Red)
Sat Dec 28 14:41:57 2024 capibara (Blue) [SMG] Tom (Red)
Sat Dec 28 14:41:57 2024 pacifist161 (Red) [Headshot] capibara (Blue)
Sat Dec 28 14:41:58 2024 Dskay (Blue) [Headshot] pacifist161 (Red)
Sat Dec 28 14:42:02 2024 Harry (Blue) [Headshot] memo.. (Red)
Sat Dec 28 14:42:06 2024 Micki Nimaj (Red) [Team Change]
Sat Dec 28 14:42:07 2024 Dskay (Blue) [Headshot] gigi (Red)
Sat Dec 28 14:42:10 2024 Dekta N. (Red) [Headshot] sov1 (Blue)
Sat Dec 28 14:42:12 2024 Micki Nimaj joined Spectator team
Sat Dec 28 14:42:12 2024 Dskay (Blue) [Headshot] reagon (Red)
Sat Dec 28 14:42:27 2024  Use /HEAVEN to paint the babel platform!
Sat Dec 28 14:42:31 2024 capibara (Blue) [Headshot] luskiri (Red)
Sat Dec 28 14:42:31 2024 tomsoyer (Red) [Headshot] shipidey (Blue)
Sat Dec 28 14:42:31 2024 ELBRAYAN (Blue) [Headshot] Tom (Red)
Sat Dec 28 14:42:39 2024 reagon (Red) [Headshot] noob (Blue)
Sat Dec 28 14:42:40 2024 Harry (Blue) [Headshot] memo.. (Red)
Sat Dec 28 14:42:41 2024 capibara (Blue) [SMG] tomsoyer (Red)
Sat Dec 28 14:42:42 2024 Dskay (Blue) [Headshot] gigi (Red)
Sat Dec 28 14:42:45 2024 Dekta N. (Red) [Shotgun] Harry1 (Blue)
Sat Dec 28 14:42:47 2024 capibara (Blue) [SMG] luskiri (Red)
Sat Dec 28 14:42:51 2024 reagon (Red) [Shotgun] Dskay (Blue)
Sat Dec 28 14:42:52 2024   (Red) [Fall]
Sat Dec 28 14:42:56 2024 too much vodka (Red) [Headshot] ELBRAYAN (Blue)
Sat Dec 28 14:42:58 2024 capibara (Blue) [Headshot] gigi (Red)
Sat Dec 28 14:43:01 2024 capibara (Blue) [SMG] communist161 (Red)
Sat Dec 28 14:43:07 2024 Zak (Red) [Headshot] capibara (Blue)
Sat Dec 28 14:43:10 2024 TheRollingStone (Blue) [Fall]
Sat Dec 28 14:43:15 2024 sov1 (Blue) [Headshot]   (Red)
Sat Dec 28 14:43:16 2024 Tom (Red) [Headshot] Harry1 (Blue)
Sat Dec 28 14:43:16 2024 sov1 (Blue) [Headshot] too much vodka (Red)
Sat Dec 28 14:43:19 2024 Deuce joined Red team
Sat Dec 28 14:43:20 2024 Tom (Red) [Headshot] Harry (Blue)
Sat Dec 28 14:43:20 2024 shipidey picked up Red's Intel.
Sat Dec 28 14:43:21 2024 Dskay (Blue) [Headshot] reagon (Red)
Sat Dec 28 14:43:21 2024 sov1 (Blue) [Headshot] memo.. (Red)
Sat Dec 28 14:43:25 2024 GC (Blue) [Headshot] Deuhh (Red)
Sat Dec 28 14:43:27 2024 sov1 (Blue) [Headshot] Deuce (Red)
Sat Dec 28 14:43:27 2024  Get a 20 killstreak and 1 intel capture(s) to unlock /APOC!
Sat Dec 28 14:43:28 2024 Tom (Red) [Headshot] elpene69 (Blue)
Sat Dec 28 14:43:33 2024 capibara (Blue) [Headshot] communist161 (Red)
Sat Dec 28 14:43:33 2024 Dekta N. (Red) [Shotgun] sov1 (Blue)
Sat Dec 28 14:43:37 2024 Dskay (Blue) [Headshot] gigi (Red)
Sat Dec 28 14:43:38 2024 tomsoyer (Red) [SMG] capibara (Blue)
Sat Dec 28 14:43:40 2024 Dskay (Blue) [Rifle] Zak (Red)
Sat Dec 28 14:43:41 2024 Kyoryogi (Blue) [Headshot]   (Red)
Sat Dec 28 14:43:44 2024 luskiri (Red) [Fall]
Sat Dec 28 14:43:45 2024 tomsoyer (Red) [Headshot] Dskay (Blue)
Sat Dec 28 14:43:48 2024 [Global] TheRollingStone (Blue): kick sovi
Sat Dec 28 14:43:49 2024 Tom (Red) [Headshot] Harry1 (Blue)
Sat Dec 28 14:43:49 2024 Player memo.. has left
Sat Dec 28 14:43:53 2024 shipidey captured Red's Intel.
Sat Dec 28 14:44:01 2024 Sov11 picked up Red's Intel.
Sat Dec 28 14:44:02 2024 You must be closer to the enemy's base to shoot blocks!
Sat Dec 28 14:44:02 2024 [Global] capibara (Blue): kick you TheRollingStone
Sat Dec 28 14:44:06 2024 You must be closer to the enemy's base to shoot blocks!
Sat Dec 28 14:44:12 2024 You must be closer to the enemy's base to shoot blocks!
Sat Dec 28 14:44:13 2024 Deuce1 joined Spectator team
Sat Dec 28 14:44:13 2024 Dskay (Blue) [Headshot] communist161 (Red)
Sat Dec 28 14:44:14 2024 Dekta N. (Red) [Shotgun] Kyoryogi (Blue)
Sat Dec 28 14:44:14 2024 Dskay (Blue) [Headshot] Deuce (Red)
Sat Dec 28 14:44:15 2024 sov1 (Blue) [Headshot] reagon (Red)
Sat Dec 28 14:44:15 2024 Dskay (Blue) [Headshot] Deuhh (Red)
Sat Dec 28 14:44:15 2024 sov1 (Blue) [Headshot] Deuce (Red)
Sat Dec 28 14:44:15 2024 Player Deuce has left
Sat Dec 28 14:44:17 2024 sov1 (Blue) [Rifle] communist161 (Red)
Sat Dec 28 14:44:17 2024 Harry1 (Blue) [Headshot] Tom (Red)
Sat Dec 28 14:44:17 2024 tomsoyer (Red) [SMG] capibara (Blue)
Sat Dec 28 14:44:20 2024 memo.. joined Red team
Sat Dec 28 14:44:21 2024 Player Deuhh has left
Sat Dec 28 14:44:22 2024 Harry1 (Blue) [Headshot] too much vodka (Red)
Sat Dec 28 14:44:23 2024 Dskay (Blue) [Rifle] luskiri (Red)
Sat Dec 28 14:44:25 2024 Sov11 captured Red's Intel.
Sat Dec 28 14:44:26 2024 tomsoyer (Red) [SMG] Dskay (Blue)
Sat Dec 28 14:44:26 2024 shipidey picked up Red's Intel.
Sat Dec 28 14:44:27 2024  Capture your team's 5th intel to unlock /APOC for your team's best builder!
Sat Dec 28 14:44:29 2024 communist161 (Red) [Rifle] sov1 (Blue)
Sat Dec 28 14:44:30 2024 too much vodka (Red) [Headshot] GC (Blue)
Sat Dec 28 14:44:33 2024 sov111 (Blue) [Headshot] Zak (Red)
Sat Dec 28 14:44:36 2024 tomsoyer (Red) [SMG] sov111 (Blue)
Sat Dec 28 14:44:42 2024 tomsoyer (Red) [Headshot] capibara (Blue)
Sat Dec 28 14:44:42 2024 Gordon Freeman (Blue) [Headshot] luskiri (Red)
Sat Dec 28 14:44:44 2024 ELBRAYAN (Blue) [Headshot] Dekta N. (Red)
Sat Dec 28 14:44:45 2024 Kyoryogi (Blue) [Rifle]
Sat Dec 28 14:44:47 2024 too much vodka (Red) [Headshot] noob (Blue)
Sat Dec 28 14:44:53 2024 [Global] tomsoyer (Red): wtf is this clones ? 
Sat Dec 28 14:44:57 2024 [Global] sov1 (Blue): cult
Sat Dec 28 14:45:01 2024 too much vodka (Red) [Headshot] Harry1 (Blue)
Sat Dec 28 14:45:02 2024 [Global] capibara (Blue): sov1land
Sat Dec 28 14:45:02 2024 [Global] tomsoyer (Red): lol
Sat Dec 28 14:45:08 2024 Harry (Blue) [Headshot] too much vodka (Red)
Sat Dec 28 14:45:11 2024 sov1 (Blue) [Headshot] Zak (Red)
Sat Dec 28 14:45:11 2024 [Global] sov111 (Blue): the sov nation attacked
Sat Dec 28 14:45:12 2024 sov1 (Blue) [Headshot] Tom (Red)
Sat Dec 28 14:45:12 2024 sov1 (Blue) [Headshot] gigi (Red)
Sat Dec 28 14:45:14 2024 [Global] Sov11 (Blue): sov is love sov is life
Sat Dec 28 14:45:14 2024 sov1 (Blue) [Headshot] Zak (Red)
Sat Dec 28 14:45:17 2024 tomsoyer (Red) [Headshot] sov111 (Blue)
Sat Dec 28 14:45:19 2024 KillerPollo joined Red team
Sat Dec 28 14:45:23 2024 sov1 (Blue) [Headshot] pacifist161 (Red)
Sat Dec 28 14:45:30 2024 Zak (Red) [Headshot] GC (Blue)
Sat Dec 28 14:45:30 2024 Dekta N. (Red) [Headshot] Harry (Blue)
Sat Dec 28 14:45:30 2024  Mahalo for playing aloha.pk tower of babel
Sat Dec 28 14:45:30 2024 WarPig joined Red team
Sat Dec 28 14:45:30 2024 ELBRAYAN (Blue) [Headshot] memo.. (Red)
Sat Dec 28 14:45:30 2024 Tom (Red) [Rifle] sov1 (Blue)
Sat Dec 28 14:45:31 2024 sov1 (Blue) [Grenade] Zak (Red)
Sat Dec 28 14:45:31 2024 shipidey dropped Red's Intel
Sat Dec 28 14:45:31 2024  The intel has returned to the heavens
Sat Dec 28 14:45:31 2024   (Red) [Headshot] shipidey (Blue)
Sat Dec 28 14:45:32 2024 Harry1 (Blue) [Headshot] Dekta N. (Red)
Sat Dec 28 14:45:34 2024 elpene69 (Blue) [Fall]
Sat Dec 28 14:45:35 2024 [Global] capibara (Blue): he sov u - u ded
Sat Dec 28 14:45:39 2024 Sov11 picked up Red's Intel.
Sat Dec 28 14:45:39 2024 ELBRAYAN (Blue) [Headshot] communist161 (Red)
Sat Dec 28 14:45:39 2024   (Red) [SMG] shipidey (Blue)
Sat Dec 28 14:45:39 2024 capibara (Blue) [Headshot] tomsoyer (Red)
Sat Dec 28 14:45:46 2024 Player WarPig has left
Sat Dec 28 14:45:46 2024 0XFF (Blue) [Headshot] too much vodka (Red)
Sat Dec 28 14:45:46 2024 sov1 (Blue) [Headshot]   (Red)
Sat Dec 28 14:45:46 2024 Dskay (Blue) [Headshot] luskiri (Red)
Sat Dec 28 14:45:53 2024 too much vodka (Red) [Weapon Change]
Sat Dec 28 14:45:54 2024   (Red) [Team Change]
Sat Dec 28 14:45:58 2024 0XFF (Blue) [Headshot] KillerPollo (Red)
Sat Dec 28 14:46:00 2024   joined Spectator team
Sat Dec 28 14:46:01 2024 capibara (Blue) [Headshot] communist161 (Red)
Sat Dec 28 14:46:04 2024 Dskay (Blue) [Headshot] gigi (Red)
Sat Dec 28 14:46:05 2024 Tom (Red) [Headshot] Harry1 (Blue)
Sat Dec 28 14:46:06 2024 Tom (Red) [Headshot] sov111 (Blue)
Sat Dec 28 14:46:11 2024 Dekta N. (Red) [Headshot] Harry (Blue)
Sat Dec 28 14:46:11 2024  sov1 has a kill-death ratio of 3.11 (118 kills, 38 deaths, 2.08 kills per minute).
Sat Dec 28 14:46:11 2024  sov1 removed 12 blocks in the last 2.0 minutes. All of them were map blocks. Last one
Sat Dec 28 14:46:11 2024  was destroyed 40 seconds ago.
Sat Dec 28 14:46:11 2024    (#14) started a VOTEKICK against sov1 (#8). Say /Y to agree
Sat Dec 28 14:46:11 2024  Reason: aimheadshooter
Sat Dec 28 14:46:12 2024 capibara (Blue) [Headshot] tomsoyer (Red)
Sat Dec 28 14:46:13 2024 Tom (Red) [Headshot] 0XFF (Blue)
Sat Dec 28 14:46:14 2024 sov1 (Blue) [Headshot] communist161 (Red)
Sat Dec 28 14:46:15 2024 capibara (Blue) [Headshot] Zak (Red)
Sat Dec 28 14:46:16 2024 [Global] sov111 (Blue): LO
Sat Dec 28 14:46:16 2024 sov1 (Blue) [Headshot] gigi (Red)
Sat Dec 28 14:46:19 2024 sov1 (Blue) [Headshot] reagon (Red)
Sat Dec 28 14:46:19 2024  TheRollingStone (#27) voted YES
Sat Dec 28 14:46:21 2024 capibara (Blue) [Headshot] tomsoyer (Red)
Sat Dec 28 14:46:23 2024 Gordon Freeman (Blue) [Headshot] Dekta N. (Red)
Sat Dec 28 14:46:27 2024 sov1 (Blue) [Headshot] tomsoyer (Red)
Sat Dec 28 14:46:28 2024  Votekick for sov1 (#8) has ended. Cancelled
Sat Dec 28 14:46:28 2024 Kyoryogi (Blue) [Headshot] too much vodka (Red)
Sat Dec 28 14:46:28 2024  Build a tower to get the enemy's intel. Take it to your team's tent to win!
Sat Dec 28 14:46:29 2024 sov1 (Blue) [Headshot] gigi (Red)
Sat Dec 28 14:46:29 2024 [Global] tomsoyer (Red): fok 
Sat Dec 28 14:46:29 2024    has a kill-death ratio of 0.55 (23 kills, 42 deaths, 0.31 kills per minute).
Sat Dec 28 14:46:29 2024    removed 4 blocks in the last 2.0 minutes. Some of them were placed by sov1. Last one
Sat Dec 28 14:46:29 2024  was destroyed 1 minute, 42 seconds ago, and belonged to sov1.   joined Spectator team 34
Sat Dec 28 14:46:29 2024  seconds ago.
Sat Dec 28 14:46:29 2024  Micki Nimaj (#19) started a VOTEKICK against   (#14). Say /Y to agree
Sat Dec 28 14:46:29 2024  Reason: griefer
Sat Dec 28 14:46:31 2024 sov1 (Blue) [Headshot] communist161 (Red)
Sat Dec 28 14:46:32 2024 Tom (Red) [Headshot] Harry1 (Blue)
Sat Dec 28 14:46:33 2024  elpene69 (#2) voted YES
Sat Dec 28 14:46:34 2024 reagon (Red) [Headshot] GC (Blue)
Sat Dec 28 14:46:34 2024 Tom (Red) [Headshot] Harry (Blue)
Sat Dec 28 14:46:35 2024  sov111 (#5) voted YES
Sat Dec 28 14:46:38 2024 sov1 (Blue) [Headshot] gigi (Red)
Sat Dec 28 14:46:38 2024 sov1 (Blue) [Headshot] too much vodka (Red)
Sat Dec 28 14:46:40 2024 communist161 (Red) [Headshot] sov1 (Blue)
Sat Dec 28 14:46:43 2024  sov1 (#8) voted YES
Sat Dec 28 14:46:46 2024 Kyoryogi (Blue) [Headshot] Tom (Red)
Sat Dec 28 14:46:48 2024 Dekta N. (Red) [Headshot] Gordon Freeman (Blue)
Sat Dec 28 14:46:49 2024 capibara (Blue) [Rifle] Zak (Red)
Sat Dec 28 14:46:54 2024 memo.. (Red) [Headshot] Harry1 (Blue)
Sat Dec 28 14:46:56 2024 spurgu123 joined Red team
Sat Dec 28 14:46:57 2024  Gordon Freeman (#15) voted YES
Sat Dec 28 14:46:58 2024 Tom (Red) [Headshot] shipidey (Blue)
Sat Dec 28 14:46:59 2024  Micki Nimaj (#19) is votekicking   (#14). /Y to vote (11 left)
Sat Dec 28 14:46:59 2024  Reason: griefer
Sat Dec 28 14:47:03 2024 tomsoyer (Red) [Headshot] sov111 (Blue)
Sat Dec 28 14:47:09 2024 KillerPollo (Red) [SMG]
Sat Dec 28 14:47:09 2024 Harry (Blue) [Headshot] Dekta N. (Red)
Sat Dec 28 14:47:10 2024 capibara (Blue) [Headshot] communist161 (Red)
Sat Dec 28 14:47:10 2024 Dskay (Blue) [Headshot] spurgu123 (Red)
Sat Dec 28 14:47:10 2024 capibara (Blue) [Headshot] Zak (Red)
Sat Dec 28 14:47:11 2024 Sov11 captured Red's Intel.
Sat Dec 28 14:47:16 2024 capibara (Blue) [Headshot] communist161 (Red)
Sat Dec 28 14:47:21 2024 Dskay (Blue) [Headshot] KillerPollo (Red)
Sat Dec 28 14:47:24 2024  Votekick for   (#14) has ended.   (#14) left during votekick
Sat Dec 28 14:47:24 2024    was banned.
Sat Dec 28 14:47:24 2024 Player   has left
Sat Dec 28 14:47:26 2024 Dskay (Blue) [Rifle] luskiri (Red)
Sat Dec 28 14:47:27 2024  Type /HELP for info & commands
Sat Dec 28 14:47:27 2024 Dskay (Blue) [Headshot] gigi (Red)
Sat Dec 28 14:47:31 2024 memo.. (Red) [Headshot] Kyoryogi (Blue)
Sat Dec 28 14:47:32 2024 [Global] sov1 (Blue): LETS GOOO
Sat Dec 28 14:47:32 2024 Harry (Blue) [Headshot] memo.. (Red)
Sat Dec 28 14:47:32 2024 shipidey picked up Red's Intel.
Sat Dec 28 14:47:33 2024 [Global] sov111 (Blue): lol gg
Sat Dec 28 14:47:34 2024 Dskay (Blue) [Headshot] pacifist161 (Red)
Sat Dec 28 14:47:42 2024 capibara (Blue) [Headshot] communist161 (Red)
Sat Dec 28 14:47:43 2024 sov1 (Blue) [Headshot] reagon (Red)
Sat Dec 28 14:47:44 2024 Harry1 (Blue) [Headshot] Dekta N. (Red)
Sat Dec 28 14:47:44 2024 Dskay (Blue) [Headshot] memo.. (Red)
Sat Dec 28 14:47:45 2024 spurgu123 (Red) [Headshot] Gordon Freeman (Blue)
Sat Dec 28 14:47:45 2024 sov1 (Blue) [Headshot] pacifist161 (Red)
Sat Dec 28 14:47:48 2024 capibara (Blue) [Headshot] Zak (Red)
Sat Dec 28 14:47:48 2024 sov1 (Blue) [Rifle] gigi (Red)
Sat Dec 28 14:47:48 2024 Tom (Red) [Headshot] sov1 (Blue)
Sat Dec 28 14:47:52 2024 spurgu123 (Red) [Headshot] Harry1 (Blue)
Sat Dec 28 14:47:53 2024 KillerPollo (Red) [SMG] Harry (Blue)
Sat Dec 28 14:47:54 2024 Sov11 (Blue) [Grenade] Dekta N. (Red)
Sat Dec 28 14:47:56 2024 shipidey captured Red's Intel.
Sat Dec 28 14:47:59 2024 sov111 (Blue) [Headshot] memo.. (Red)
Sat Dec 28 14:47:59 2024 Kyoryogi (Blue) [Headshot] spurgu123 (Red)
Sat Dec 28 14:48:03 2024 memo.. (Red) [Fall]
Sat Dec 28 14:48:03 2024 capibara (Blue) [Headshot] Zak (Red)
Sat Dec 28 14:48:05 2024 noob (Blue) [SMG] KillerPollo (Red)
Sat Dec 28 14:48:07 2024 Micki Nimaj joined Red team
Sat Dec 28 14:48:07 2024 capibara (Blue) [Headshot] Dekta N. (Red)
Sat Dec 28 14:48:09 2024 Sov11 picked up Red's Intel.
Sat Dec 28 14:48:22 2024 Zak (Red) [Headshot] sov111 (Blue)
Sat Dec 28 14:48:22 2024 Tom (Red) [Headshot] elpene69 (Blue)
Sat Dec 28 14:48:23 2024 Harry (Blue) [Headshot] reagon (Red)
Sat Dec 28 14:48:23 2024 spurgu123 (Red) [Rifle] Harry (Blue)
Sat Dec 28 14:48:23 2024 ELBRAYAN (Blue) [Headshot] spurgu123 (Red)
Sat Dec 28 14:48:26 2024 Player reagon has left
Sat Dec 28 14:48:26 2024 Dskay (Blue) [Headshot] memo.. (Red)
Sat Dec 28 14:48:27 2024  Visit our community forums at https://aloha.pk/
Sat Dec 28 14:48:29 2024 Dskay (Blue) [Rifle] pacifist161 (Red)
Sat Dec 28 14:48:31 2024 Tom (Red) [Headshot] Gordon Freeman (Blue)
Sat Dec 28 14:48:32 2024 WarPig joined Red team
Sat Dec 28 14:48:33 2024  With 2278 blocks placed, TheRollingStone is granted the right to unleash the apocalypse.
Sat Dec 28 14:48:33 2024 Sov11 captured Red's Intel.
Sat Dec 28 14:48:33 2024 communist161 (Red) [Melee] noob (Blue)
Sat Dec 28 14:48:35 2024 sov1 (Blue) [Headshot] too much vodka (Red)
Sat Dec 28 14:48:36 2024 shipidey picked up Red's Intel.
Sat Dec 28 14:48:38 2024 sov1 (Blue) [Rifle] gigi (Red)
Sat Dec 28 14:48:38 2024 too much vodka (Red) [Headshot] sov1 (Blue)
Sat Dec 28 14:48:41 2024 spurgu123 (Red) [Headshot] Harry (Blue)
Sat Dec 28 14:48:41 2024 [Global] sov111 (Blue): the salt is real
Sat Dec 28 14:48:49 2024 capibara (Blue) [Headshot] Dekta N. (Red)
Sat Dec 28 14:48:49 2024 [Global] sov1 (Blue): do it stone do it
Sat Dec 28 14:48:50 2024 Dskay (Blue) [Headshot] pacifist161 (Red)
Sat Dec 28 14:48:50 2024 capibara (Blue) [Headshot] Zak (Red)
Sat Dec 28 14:48:50 2024 Harry1 (Blue) [Headshot] Tom (Red)
Sat Dec 28 14:48:53 2024 KillerPollo (Red) [SMG] elpene69 (Blue)
Sat Dec 28 14:48:53 2024 Dskay (Blue) [Headshot] luskiri (Red)
Sat Dec 28 14:48:53 2024 spurgu123 (Red) [Headshot] Harry1 (Blue)
Sat Dec 28 14:48:55 2024 [Global] Sov11 (Blue): do you taste that minearl
Sat Dec 28 14:48:56 2024 Dskay (Blue) [Headshot] pacifist161 (Red)
Sat Dec 28 14:48:59 2024 KillerPollo (Red) [Headshot] Dskay (Blue)
Sat Dec 28 14:49:03 2024 memo.. (Red) [Headshot] Kyoryogi (Blue)
Sat Dec 28 14:49:03 2024 shipidey captured Red's Intel.
Sat Dec 28 14:49:08 2024 Dekta N. (Red) [Headshot] capibara (Blue)
Sat Dec 28 14:49:09 2024 Sov11 picked up Red's Intel.
Sat Dec 28 14:49:10 2024 sov111 (Blue) [Headshot] too much vodka (Red)
Sat Dec 28 14:49:11 2024 Harry (Blue) [Headshot] memo.. (Red)
Sat Dec 28 14:49:11 2024 [Global] capibara (Blue): fok
Sat Dec 28 14:49:14 2024 too much vodka (Red) [Weapon Change]
Sat Dec 28 14:49:15 2024 [Global] sov1 (Blue): stone do /apoc
Sat Dec 28 14:49:16 2024 memo.. (Red) [Headshot] sov111 (Blue)
Sat Dec 28 14:49:17 2024 Player Deuce1 has left
Sat Dec 28 14:49:19 2024 pacifist161 (Red) [Rifle]
Sat Dec 28 14:49:20 2024 sov1 (Blue) [Headshot] spurgu123 (Red)
Sat Dec 28 14:49:20 2024 TheRollingStone (Blue) [Fall]
Sat Dec 28 14:49:21 2024 KillerPollo (Red) [Headshot] 0XFF (Blue)
Sat Dec 28 14:49:22 2024 noob (Blue) [Headshot] gigi (Red)
Sat Dec 28 14:49:25 2024 Player spurgu123 has left
Sat Dec 28 14:49:25 2024 not a burner joined Spectator team
Sat Dec 28 14:49:27 2024 gigi (Red) [Headshot] noob (Blue)
Sat Dec 28 14:49:27 2024  Come chat with us at https://discord.aloha.pk/
Sat Dec 28 14:49:27 2024 Dskay (Blue) [Headshot] KillerPollo (Red)
Sat Dec 28 14:49:29 2024 [Global] sov1 (Blue): oh hi burner
Sat Dec 28 14:49:32 2024 [Global] not a burner (): hi
Sat Dec 28 14:49:36 2024 Tom (Red) [Headshot] capibara (Blue)
Sat Dec 28 14:49:36 2024 tomsoyer (Red) [Headshot] Harry1 (Blue)
Sat Dec 28 14:49:38 2024 Dskay (Blue) [Headshot] Micki Nimaj (Red)
Sat Dec 28 14:49:38 2024 Sov11 captured Red's Intel.
Sat Dec 28 14:49:40 2024 shipidey picked up Red's Intel.
Sat Dec 28 14:49:41 2024 pacifist161 (Red) [Weapon Change]
Sat Dec 28 14:49:43 2024 [Global] capibara (Blue): hye burner
Sat Dec 28 14:49:43 2024 Dskay (Blue) [Headshot] communist161 (Red)
Sat Dec 28 14:49:44 2024 [Global] sov111 (Blue): hihi
Sat Dec 28 14:49:47 2024 Dskay (Blue) [Headshot] Dekta N. (Red)
Sat Dec 28 14:49:47 2024 Tom (Red) [Headshot] Gordon Freeman (Blue)
Sat Dec 28 14:49:52 2024 Dskay (Blue) [Headshot] Dekta N. (Red)
Sat Dec 28 14:49:53 2024 sov1 (Blue) [Headshot] gigi (Red)
Sat Dec 28 14:49:53 2024 Dskay (Blue) [Headshot] too much vodka (Red)
Sat Dec 28 14:49:53 2024 memo.. (Red) [Headshot] 0XFF (Blue)
Sat Dec 28 14:49:54 2024 communist161 (Red) [Headshot] sov1 (Blue)
Sat Dec 28 14:49:56 2024 memo.. (Red) [Headshot] Kyoryogi (Blue)
Sat Dec 28 14:49:58 2024 elpene69 (Blue) [Fall]
Sat Dec 28 14:49:59 2024 KillerPollo (Red) [Headshot] TheRollingStone (Blue)
Sat Dec 28 14:50:01 2024 KillerPollo (Red) [Headshot] noob (Blue)
Sat Dec 28 14:50:01 2024 Dskay (Blue) [Headshot] Dekta N. (Red)
Sat Dec 28 14:50:02 2024 sov111 (Blue) [Headshot] too much vodka (Red)
Sat Dec 28 14:50:03 2024 communist161 (Red) [Headshot] sov111 (Blue)
Sat Dec 28 14:50:05 2024 shipidey captured Red's Intel.
Sat Dec 28 14:50:08 2024 Sov11 picked up Red's Intel.
Sat Dec 28 14:50:10 2024 Dskay (Blue) [Headshot] communist161 (Red)
Sat Dec 28 14:50:11 2024 capibara (Blue) [Headshot] memo.. (Red)
Sat Dec 28 14:50:12 2024 Dskay (Blue) [Rifle] gigi (Red)
Sat Dec 28 14:50:14 2024 [Global] not a burner (): sov1, sov11, sov111
Sat Dec 28 14:50:14 2024 communist161 (Red) [SMG] Dskay (Blue)
Sat Dec 28 14:50:16 2024 tomsoyer (Red) [Headshot] capibara (Blue)
Sat Dec 28 14:50:21 2024 [Global] not a burner (): too many sovs
Sat Dec 28 14:50:23 2024 Harry1 (Blue) [Headshot] KillerPollo (Red)
Sat Dec 28 14:50:25 2024 sov1 (Blue) [Headshot] tomsoyer (Red)
Sat Dec 28 14:50:29 2024 [Global] capibara (Blue): they sov u
Sat Dec 28 14:50:31 2024  If you believe a player is breaking the rules, please let us know with /ADMIN
Sat Dec 28 14:50:33 2024 Tom (Red) [Headshot] 0XFF (Blue)
Sat Dec 28 14:50:34 2024 [Global] sov111 (Blue): youve been sov'd
Sat Dec 28 14:50:34 2024 Sov11 captured Red's Intel.
Sat Dec 28 14:50:34 2024 pacifist161 (Red) [SMG] TheRollingStone (Blue)
Sat Dec 28 14:50:37 2024 Harry1 (Blue) [Headshot] memo.. (Red)
Sat Dec 28 14:50:38 2024 Harry1 (Blue) [Headshot] Tom (Red)
Sat Dec 28 14:50:38 2024 shipidey (Blue) [Grenade] luskiri (Red)
Sat Dec 28 14:50:38 2024 [Global] Sov11 (Blue): you've been sov-ed
Sat Dec 28 14:50:40 2024 shipidey picked up Red's Intel.
Sat Dec 28 14:50:42 2024 [Global] sov1 (Blue): you've been sov'd
Sat Dec 28 14:50:43 2024 Player Gordon Freeman has left
Sat Dec 28 14:50:59 2024 Dekta N. (Red) [Shotgun] Dskay (Blue)
Sat Dec 28 14:50:59 2024 KillerPollo (Red) [SMG] elpene69 (Blue)
Sat Dec 28 14:50:59 2024 capibara (Blue) [Headshot] Dekta N. (Red)
Sat Dec 28 14:50:59 2024 sov1 (Blue) [Rifle]
Sat Dec 28 14:50:59 2024 memo.. (Red) [Rifle]
Sat Dec 28 14:50:59 2024  TheRollingStone has unleashed an apocalypse from God.
Sat Dec 28 14:50:59 2024 pacifist161 (Red) [Grenade] noob (Blue)
Sat Dec 28 14:50:59 2024 [Global] Sov11 (Blue): the sovving is real
Sat Dec 28 14:50:59 2024  The apocalypse begins in 5
Sat Dec 28 14:51:00 2024  The apocalypse begins in 4
Sat Dec 28 14:51:01 2024  The apocalypse begins in 3
Sat Dec 28 14:51:02 2024  The apocalypse begins in 2
Sat Dec 28 14:51:03 2024 pacifist161 (Red) [SMG]
Sat Dec 28 14:51:03 2024  The apocalypse begins in 1
Sat Dec 28 14:51:09 2024 GC (Blue) [Headshot] gigi (Red)
Sat Dec 28 14:51:09 2024 TheRollingStone (Blue) [Grenade] memo.. (Red)
Sat Dec 28 14:51:09 2024 TheRollingStone (Blue) [Grenade] Tom (Red)
Sat Dec 28 14:51:09 2024 Micki Nimaj (Red) [Rifle] TheRollingStone (Blue)
Sat Dec 28 14:51:09 2024 TheRollingStone (Blue) [Grenade] Dekta N. (Red)
Sat Dec 28 14:51:09 2024 TheRollingStone (Blue) [Grenade] communist161 (Red)
Sat Dec 28 14:51:09 2024 TheRollingStone (Blue) [Grenade] KillerPollo (Red)
Sat Dec 28 14:51:09 2024 shipidey captured Red's Intel.
Sat Dec 28 14:51:09 2024 Blue Wins!
Sat Dec 28 14:51:09 2024  Game finished! Next map: xmasfire2.
Sat Dec 28 14:51:10 2024 [Global] not a burner (): why is sov11 Sov11
Sat Dec 28 14:51:10 2024 Dekta N. (Red) [Shotgun] elpene69 (Blue)
Sat Dec 28 14:51:10 2024 Dekta N. (Red) [Shotgun] elpene69 (Blue)
Sat Dec 28 14:51:10 2024 Zak (Red) [Headshot] TheRollingStone (Blue)
Sat Dec 28 14:51:10 2024 luskiri (Red) [SMG] TheRollingStone (Blue)
Sat Dec 28 14:51:10 2024 Player tomsoyer has left
Sat Dec 28 14:51:10 2024 GC (Blue) [SMG] gigi (Red)
Sat Dec 28 14:51:10 2024 sov1 (Blue) [Headshot] pacifist161 (Red)
Sat Dec 28 14:51:10 2024 Sov11 (Blue) [Headshot] luskiri (Red)
Sat Dec 28 14:51:11 2024 capibara (Blue) [Headshot] Tom (Red)
Sat Dec 28 14:51:11 2024 Dskay (Blue) [Rifle] KillerPollo (Red)
Sat Dec 28 14:51:11 2024 Zak (Red) [Headshot] ELBRAYAN (Blue)
Sat Dec 28 14:51:11 2024 Sov11 (Blue) [Headshot] WarPig (Red)
Sat Dec 28 14:51:11 2024 Micki Nimaj (Red) [Rifle] Kyoryogi (Blue)
Sat Dec 28 14:51:12 2024 communist161 (Red) [Headshot] Dskay (Blue)
Sat Dec 28 14:51:12 2024 Harry (Blue) [Headshot] WarPig (Red)
Sat Dec 28 14:51:13 2024 KillerPollo (Red) [Grenade] Harry (Blue)
Sat Dec 28 14:51:13 2024 KillerPollo (Red) [Grenade] Harry1 (Blue)
Sat Dec 28 14:51:14 2024 memo.. (Red) [Headshot] GC (Blue)
Sat Dec 28 14:51:14 2024 KillerPollo (Red) [Grenade] sov111 (Blue)
Sat Dec 28 14:51:15 2024 Zak (Red) [Fall]
Sat Dec 28 14:51:15 2024 TheRollingStone (Blue) [Grenade] Dekta N. (Red)
Sat Dec 28 14:51:15 2024 TheRollingStone (Blue) [Grenade] communist161 (Red)
Sat Dec 28 14:51:15 2024 capibara (Blue) [Rifle] communist161 (Red)
Sat Dec 28 14:51:16 2024 sov1 (Blue) [Fall]
Sat Dec 28 14:51:16 2024 noob (Blue) [Fall]
Sat Dec 28 14:51:16 2024 Micki Nimaj (Red) [Fall]
Sat Dec 28 14:51:16 2024 capibara (Blue) [Fall]
Sat Dec 28 14:51:16 2024 0XFF (Blue) [Fall]
Sat Dec 28 14:51:16 2024 Sov11 (Blue) [Fall]
Sat Dec 28 14:51:16 2024 TheRollingStone (Blue) [Grenade] too much vodka (Red)
Sat Dec 28 14:51:16 2024 shipidey (Blue) [Fall]
Sat Dec 28 14:51:16 2024 memo.. (Red) [Fall]
Sat Dec 28 14:51:19 2024 ------ World Unloaded ------
Sat Dec 28 14:51:22 2024 ------ World Loaded ------
Sat Dec 28 14:51:22 2024 Welcome to aloha.pk tower of babel
Sat Dec 28 14:51:22 2024 KillerPollo joined Blue team
Sat Dec 28 14:51:22 2024 not a burner joined Spectator team
Sat Dec 28 14:51:22 2024 Disconnecting
