Sun Dec 15 18:05:36 2024 ------ World Loaded ------
Sun Dec 15 18:05:36 2024 Welcome to aloha.pk tower of babel
Sun Dec 15 18:05:38 2024 Map: Sergey Land by Lostmotel
Sun Dec 15 18:05:40 2024 Game mode: babel
Sun Dec 15 18:05:42 2024 Build a tower to get the enemy's intel. Take it to your team's tent to win!
Sun Dec 15 18:05:43 2024 Harry (Blue) [Headshot] Sebasz19 (Red)
Sun Dec 15 18:05:44 2024 Visit our community forum at https://aloha.pk/
Sun Dec 15 18:05:46 2024 Come chat with us at https://discord.aloha.pk/
Sun Dec 15 18:05:48 2024 Harry (Blue) [Headshot] Lionel11A (Red)
Sun Dec 15 18:05:53 2024 [Global] FL | Floppa:) (Blue): excelente culo gromit
Sun Dec 15 18:06:13 2024  Capture your team's 5th intel to unlock /APOC for your team's best builder!
Sun Dec 15 18:06:16 2024 Player Deuce has left
Sun Dec 15 18:06:18 2024 FL | Floppa:) (Blue) [Shotgun] Sebasz19 (Red)
Sun Dec 15 18:06:18 2024 lykketreff (Red) [Headshot] FL | Floppa:) (Blue)
Sun Dec 15 18:06:27 2024 eee joined Red team
Sun Dec 15 18:06:31 2024 Deuhh (Blue) [SMG] Sebasz19 (Red)
Sun Dec 15 18:06:33 2024 [Global] FL | Floppa:) (Blue): e e e
Sun Dec 15 18:06:34 2024 eee (Red) [Headshot] Deuhh (Blue)
Sun Dec 15 18:06:36 2024 Deuhh (Blue) [Grenade] eee (Red)
Sun Dec 15 18:06:38 2024 [Global] eee (Red): e
Sun Dec 15 18:06:39 2024 Player Deuhh has left
Sun Dec 15 18:06:50 2024 Player lykketreff has left
Sun Dec 15 18:07:06 2024 Deuce joined Spectator team
Sun Dec 15 18:07:08 2024 Harry (Blue) [Headshot] Lionel11A (Red)
Sun Dec 15 18:07:13 2024  Mahalo for playing aloha.pk tower of babel
Sun Dec 15 18:07:25 2024 Sebasz19 (Red) [Headshot] Harry (Blue)
Sun Dec 15 18:07:27 2024 FL | Floppa:) (Blue) [Headshot] Sebasz19 (Red)
Sun Dec 15 18:07:38 2024 eee (Red) [Headshot] Harry (Blue)
Sun Dec 15 18:07:53 2024 [Global] Deuce (): r
Sun Dec 15 18:07:58 2024 eee (Red) [Headshot] FL | Floppa:) (Blue)
Sun Dec 15 18:08:05 2024 [Global] FL | Floppa:) (Blue): rq eee
Sun Dec 15 18:08:06 2024 Player FL | Floppa:) has left
Sun Dec 15 18:08:08 2024 eee (Red) [Headshot] Harry (Blue)
Sun Dec 15 18:08:13 2024  Build a tower to get the enemy's intel. Take it to your team's tent to win!
Sun Dec 15 18:08:14 2024 [Global] Deuce (): rrrrr
Sun Dec 15 18:08:16 2024 [Global] Deuce (): y
Sun Dec 15 18:08:16 2024 Harry (Blue) [Headshot] eee (Red)
Sun Dec 15 18:08:21 2024 [Global] Deuce (): ywq
Sun Dec 15 18:08:23 2024 [Global] eee (Red): rerewrrew
Sun Dec 15 18:08:32 2024 Harry (Blue) [Headshot] Lionel11A (Red)
Sun Dec 15 18:08:42 2024 Harry (Blue) [Headshot] eee (Red)
Sun Dec 15 18:08:46 2024 Sebasz19 (Red) [Headshot] Harry (Blue)
Sun Dec 15 18:08:46 2024 [Global] eee (Red): wwww
Sun Dec 15 18:09:04 2024 Harry (Blue) [Headshot] Sebasz19 (Red)
Sun Dec 15 18:09:13 2024 Player Deuce has left
Sun Dec 15 18:09:13 2024  Type /HELP for info & commands
Sun Dec 15 18:09:17 2024 eee (Red) [Headshot] Harry (Blue)
Sun Dec 15 18:09:33 2024 Harry (Blue) [Headshot] eee (Red)
Sun Dec 15 18:10:01 2024 Deuce joined Spectator team
Sun Dec 15 18:10:13 2024  Visit our community forums at https://aloha.pk/
Sun Dec 15 18:10:34 2024 Player Deuce has left
Sun Dec 15 18:10:39 2024 Sebasz19 (Red) [Headshot] Harry (Blue)
Sun Dec 15 18:10:56 2024 Harry (Blue) [Headshot] eee (Red)
Sun Dec 15 18:11:13 2024  Come chat with us at https://discord.aloha.pk/
Sun Dec 15 18:11:17 2024 Harry (Blue) [Headshot] Sebasz19 (Red)
Sun Dec 15 18:11:21 2024 eee (Red) [Grenade] Harry (Blue)
Sun Dec 15 18:11:27 2024 [Global] Harry (Blue): :I
Sun Dec 15 18:11:38 2024 owlcbyx joined Blue team
Sun Dec 15 18:11:40 2024 eee (Red) [Headshot] owlcbyx (Blue)
Sun Dec 15 18:11:45 2024 [Global] owlcbyx (Blue): bro really
Sun Dec 15 18:11:49 2024 Harry (Blue) [Headshot] eee (Red)
Sun Dec 15 18:12:12 2024 Lionel11A (Red) [Headshot] owlcbyx (Blue)
Sun Dec 15 18:12:12 2024 Sebasz19 (Red) [SMG] Harry (Blue)
Sun Dec 15 18:12:13 2024  If you believe a player is breaking the rules, please let us know with /ADMIN
Sun Dec 15 18:12:15 2024 Harry (Blue) [Headshot] Sebasz19 (Red)
Sun Dec 15 18:12:24 2024 eee (Red) [Headshot] Harry (Blue)
Sun Dec 15 18:12:30 2024 eee (Red) [Headshot] owlcbyx (Blue)
Sun Dec 15 18:12:32 2024 Player owlcbyx has left
Sun Dec 15 18:12:49 2024 You must be closer to the enemy's base to shoot blocks!
Sun Dec 15 18:12:56 2024 eee (Red) [Headshot] Harry (Blue)
Sun Dec 15 18:13:09 2024 eee (Red) [Headshot] Harry (Blue)
Sun Dec 15 18:13:13 2024  This server runs imger and glow. Use /IMG or /GLOW to toggle them.
Sun Dec 15 18:13:14 2024 Harry (Blue) [Headshot] Sebasz19 (Red)
Sun Dec 15 18:13:27 2024 Harry (Blue) [Rifle] eee (Red)
Sun Dec 15 18:13:30 2024 [Global] eee (Red): laggy
Sun Dec 15 18:13:42 2024 Harry (Blue) [Headshot] Lionel11A (Red)
Sun Dec 15 18:13:46 2024 [Global] Harry (Blue): me?
Sun Dec 15 18:13:48 2024 Sebasz19 (Red) [Headshot] Harry (Blue)
Sun Dec 15 18:14:13 2024  Use /EMOTE to draw an emote on the map!
Sun Dec 15 18:14:30 2024 Deuce joined Spectator team
Sun Dec 15 18:15:00 2024 [Global] Deuce (): dejen entrar
Sun Dec 15 18:15:04 2024 eee (Red) [Grenade] Harry (Blue)
Sun Dec 15 18:15:13 2024  Use /HEAVEN to paint the babel platform!
Sun Dec 15 18:15:14 2024 eee (Red) [SMG] Harry (Blue)
Sun Dec 15 18:15:17 2024 [Global] Deuce (): como puedo entrsr
Sun Dec 15 18:15:25 2024 [Global] eee (Red): lol Deuce
Sun Dec 15 18:15:26 2024 [Global] Sebasz19 (Red): L elijes team
Sun Dec 15 18:15:43 2024 Harry (Blue) [Headshot] eee (Red)
Sun Dec 15 18:15:46 2024 [Global] eee (Red): hax
Sun Dec 15 18:16:09 2024 eee (Red) [SMG] Harry (Blue)
Sun Dec 15 18:16:12 2024 [Global] Deuce (): 23E
Sun Dec 15 18:16:13 2024  Get a 20 killstreak and 1 intel capture(s) to unlock /APOC!
Sun Dec 15 18:16:27 2024 eee (Red) [Headshot] Harry (Blue)
Sun Dec 15 18:16:40 2024 Harry (Blue) [Headshot] eee (Red)
Sun Dec 15 18:16:41 2024 SUDAKACONRABIA joined Blue team
Sun Dec 15 18:16:43 2024 [Global] eee (Red): hax
Sun Dec 15 18:16:45 2024 [Global] Deuce (): NO ME DEJA 
Sun Dec 15 18:16:46 2024 [Global] SUDAKACONRABIA (Blue): yes
Sun Dec 15 18:16:52 2024 [Global] Harry (Blue): Presiona L
Sun Dec 15 18:16:58 2024 Sebasz19 (Red) [Headshot] SUDAKACONRABIA (Blue)
Sun Dec 15 18:17:00 2024 Sebasz19 (Red) [Headshot] Harry (Blue)
Sun Dec 15 18:17:04 2024 Harry (Blue) [Rifle] Sebasz19 (Red)
Sun Dec 15 18:17:13 2024  Capture your team's 5th intel to unlock /APOC for your team's best builder!
Sun Dec 15 18:17:14 2024 Harry (Blue) [Headshot] eee (Red)
Sun Dec 15 18:17:17 2024 Player eee has left
Sun Dec 15 18:17:32 2024 SUDAKACONRABIA (Blue) [Headshot] Lionel11A (Red)
Sun Dec 15 18:17:32 2024 Sebasz19 (Red) [SMG] SUDAKACONRABIA (Blue)
Sun Dec 15 18:17:40 2024 You must be closer to the enemy's base to grenade blocks!
Sun Dec 15 18:17:43 2024 Harry (Blue) [Grenade] Sebasz19 (Red)
Sun Dec 15 18:17:43 2024 You must be closer to the enemy's base to grenade blocks!
Sun Dec 15 18:17:57 2024 Harry (Blue) [Headshot] Lionel11A (Red)
Sun Dec 15 18:17:57 2024 Sebasz19 (Red) [SMG] Harry (Blue)
Sun Dec 15 18:18:12 2024 SUDAKACONRABIA (Blue) [Headshot] Sebasz19 (Red)
Sun Dec 15 18:18:13 2024  Mahalo for playing aloha.pk tower of babel
Sun Dec 15 18:18:20 2024 SUDAKACONRABIA (Blue) [Headshot] Sebasz19 (Red)
Sun Dec 15 18:18:23 2024 Harry (Blue) [Headshot] Lionel11A (Red)
Sun Dec 15 18:18:28 2024 SUDAKACONRABIA (Blue) [Headshot] Sebasz19 (Red)
Sun Dec 15 18:18:42 2024 Sebasz19 (Red) [Headshot] SUDAKACONRABIA (Blue)
Sun Dec 15 18:18:56 2024 Sebasz19 (Red) [SMG] Harry (Blue)
Sun Dec 15 18:19:12 2024 SUDAKACONRABIA (Blue) [Headshot] Sebasz19 (Red)
Sun Dec 15 18:19:13 2024  Build a tower to get the enemy's intel. Take it to your team's tent to win!
Sun Dec 15 18:19:15 2024 Player Deuce has left
Sun Dec 15 18:19:24 2024 Harry (Blue) [Headshot] Lionel11A (Red)
Sun Dec 15 18:19:31 2024 SUDAKACONRABIA (Blue) [Headshot] Lionel11A (Red)
Sun Dec 15 18:19:46 2024 Harry (Blue) [Headshot] Lionel11A (Red)
Sun Dec 15 18:19:50 2024 SUDAKACONRABIA (Blue) [Headshot] Lionel11A (Red)
Sun Dec 15 18:20:02 2024 Lionel11A (Red) [Headshot] SUDAKACONRABIA (Blue)
Sun Dec 15 18:20:05 2024 Lionel11A (Red) [Headshot] Harry (Blue)
Sun Dec 15 18:20:13 2024  Type /HELP for info & commands
Sun Dec 15 18:20:28 2024 Disconnecting
