Tue Dec 17 13:12:31 2024 ------ World Loaded ------
Tue Dec 17 13:12:31 2024 Welcome to aloha.pk tower of babel
Tue Dec 17 13:12:32 2024 Map: christmas by Team R3S and co- Massilia - Goneskill
Tue Dec 17 13:12:34 2024 Game mode: babel
Tue Dec 17 13:12:36 2024 TNSPOL (Red) [Headshot] Cobson (Blue)
Tue Dec 17 13:12:36 2024 Build a tower to get the enemy's intel. Take it to your team's tent to win!
Tue Dec 17 13:12:36 2024 Qult--- (Blue) [Headshot] Zak (Red)
Tue Dec 17 13:12:38 2024 nedoo (Red) [Headshot] Qult--- (Blue)
Tue Dec 17 13:12:38 2024 Visit our community forum at https://aloha.pk/
Tue Dec 17 13:12:40 2024 Come chat with us at https://discord.aloha.pk/
Tue Dec 17 13:12:41 2024 TNSPOL (Red) [Headshot] Devill (Blue)
Tue Dec 17 13:12:50 2024 TNSPOL (Red) [Headshot] gumernus (Blue)
Tue Dec 17 13:12:52 2024 TNSPOL (Red) [Headshot] Bizonho (Blue)
Tue Dec 17 13:12:55 2024 TNSPOL (Red) [Headshot] Cobson (Blue)
Tue Dec 17 13:12:56 2024 Tom (Blue) [Rifle] TNSPOL (Red)
Tue Dec 17 13:13:00 2024 Qult--- (Blue) [Headshot] nedoo (Red)
Tue Dec 17 13:13:00 2024 [Global] Miaz.Utrz (): santa has an entrance atthe back of its boots
Tue Dec 17 13:13:08 2024 Goldorak joined Red team
Tue Dec 17 13:13:13 2024 [Global] Miaz.Utrz (): hello goldy
Tue Dec 17 13:13:16 2024  Build a tower to get the enemy's intel. Take it to your team's tent to win!
Tue Dec 17 13:13:24 2024 IllIlII joined Blue team
Tue Dec 17 13:13:33 2024 TNSPOL (Red) [Headshot] Cobson (Blue)
Tue Dec 17 13:13:44 2024 TNSPOL (Red) [Headshot] gumernus (Blue)
Tue Dec 17 13:13:46 2024 TNSPOL (Red) [Headshot] Tom (Blue)
Tue Dec 17 13:13:47 2024 Deuce joined Spectator team
Tue Dec 17 13:13:47 2024 TNSPOL (Red) [Headshot] Cobson (Blue)
Tue Dec 17 13:13:49 2024 Bizonho (Blue) [Headshot] Mello (Red)
Tue Dec 17 13:13:57 2024 TNSPOL (Red) [Headshot] Cobson (Blue)
Tue Dec 17 13:13:59 2024 TNSPOL (Red) [Headshot] IllIlII (Blue)
Tue Dec 17 13:13:59 2024 [Global] Mello (Red): use big brain thx
Tue Dec 17 13:14:03 2024 Qult--- (Blue) [Headshot] Goldorak (Red)
Tue Dec 17 13:14:09 2024 TNSPOL (Red) [Headshot] gumernus (Blue)
Tue Dec 17 13:14:09 2024 Bizonho (Blue) [Headshot] Harry (Red)
Tue Dec 17 13:14:11 2024 Cobson (Blue) [Shotgun] TNSPOL (Red)
Tue Dec 17 13:14:11 2024 Qult--- (Blue) [Headshot] nedoo (Red)
Tue Dec 17 13:14:12 2024 [Global] Deuce (): i wonder if that site still up
Tue Dec 17 13:14:16 2024  Type /HELP for info & commands
Tue Dec 17 13:14:16 2024 [Global] nedoo (Red): qult-- where are you?
Tue Dec 17 13:14:19 2024 Qult--- (Blue) [Headshot] RemuS (Red)
Tue Dec 17 13:14:24 2024 [Global] Miaz.Utrz (): ggs
Tue Dec 17 13:14:26 2024 Qult--- (Blue) [Headshot] Harry (Red)
Tue Dec 17 13:14:26 2024 [Global] Miaz.Utrz (): cyaz
Tue Dec 17 13:14:27 2024 Player Miaz.Utrz has left
Tue Dec 17 13:14:29 2024 IllIlII (Blue) [Headshot] Zak (Red)
Tue Dec 17 13:14:37 2024 Player Goldorak has left
Tue Dec 17 13:14:43 2024 Bizonho (Blue) [Headshot] nedoo (Red)
Tue Dec 17 13:14:49 2024 [Global] nedoo (Red): camper map 
Tue Dec 17 13:14:50 2024 [Global] nedoo (Red): fuck this
Tue Dec 17 13:14:52 2024 Quite joined Red team
Tue Dec 17 13:14:52 2024 TNSPOL (Red) [Headshot] Bizonho (Blue)
Tue Dec 17 13:14:56 2024 Qult--- (Blue) [Rifle] Mello (Red)
Tue Dec 17 13:15:06 2024 TNSPOL (Red) [Headshot] Qult--- (Blue)
Tue Dec 17 13:15:07 2024 [Global] Deuce (): i hate low af maps
Tue Dec 17 13:15:12 2024 [Global] Deuce (): tower needs to be taller
Tue Dec 17 13:15:16 2024  Visit our community forums at https://aloha.pk/
Tue Dec 17 13:15:19 2024 Cobson (Blue) [Shotgun] TNSPOL (Red)
Tue Dec 17 13:15:21 2024 TNSPOL (Red) [Grenade] Cobson (Blue)
Tue Dec 17 13:15:27 2024 Tom (Blue) [Headshot] nedoo (Red)
Tue Dec 17 13:15:30 2024 Zak (Red) [Headshot] Tom (Blue)
Tue Dec 17 13:15:32 2024 Bizonho (Blue) [Headshot] Mello (Red)
Tue Dec 17 13:15:32 2024 gumernus (Blue) [Grenade]
Tue Dec 17 13:15:33 2024 [Global] nedoo (Red): omfg fucking campers
Tue Dec 17 13:15:36 2024 [Global] Deuce (): gg
Tue Dec 17 13:15:38 2024 Player Deuce has left
Tue Dec 17 13:15:44 2024 Bizonho (Blue) [Headshot] Harry (Red)
Tue Dec 17 13:15:50 2024 Zak (Red) [Headshot] Cobson (Blue)
Tue Dec 17 13:15:51 2024 IllIlII (Blue) [Headshot] TNSPOL (Red)
Tue Dec 17 13:16:04 2024 Mello (Red) [Headshot] Bizonho (Blue)
Tue Dec 17 13:16:16 2024 Qult--- (Blue) [Headshot] Mello (Red)
Tue Dec 17 13:16:16 2024  Come chat with us at https://discord.aloha.pk/
Tue Dec 17 13:16:21 2024 Qult--- (Blue) [Headshot] Zak (Red)
Tue Dec 17 13:16:23 2024 Tom (Blue) [Headshot] nedoo (Red)
Tue Dec 17 13:16:23 2024 jebat ty mamu joined Blue team
Tue Dec 17 13:16:25 2024 IllIlII (Blue) [SMG] TNSPOL (Red)
Tue Dec 17 13:16:33 2024 RemuS (Red) [Headshot] Tom (Blue)
Tue Dec 17 13:16:39 2024 gumernus (Blue) [Fall]
Tue Dec 17 13:16:39 2024 Martin joined Red team
Tue Dec 17 13:16:50 2024 IllIlII (Blue) [SMG] nedoo (Red)
Tue Dec 17 13:16:57 2024 [Global] nedoo (Red): idk 
Tue Dec 17 13:16:58 2024 [Global] nedoo (Red): this is shit map 
Tue Dec 17 13:17:06 2024 Mello (Red) [Rifle] IllIlII (Blue)
Tue Dec 17 13:17:07 2024 [Global] nedoo (Red): people killed me ten times idk where are they
Tue Dec 17 13:17:09 2024 Qult--- (Blue) [Headshot] Martin (Red)
Tue Dec 17 13:17:11 2024 Harry (Red) [Headshot] Bizonho (Blue)
Tue Dec 17 13:17:11 2024 TNSPOL (Red) [Headshot] Qult--- (Blue)
Tue Dec 17 13:17:12 2024 TNSPOL (Red) [Headshot] Devill (Blue)
Tue Dec 17 13:17:16 2024  If you believe a player is breaking the rules, please let us know with /ADMIN
Tue Dec 17 13:17:26 2024 [Global] TNSPOL (Red): inside santas head
Tue Dec 17 13:17:33 2024 Qult--- (Blue) [Headshot] Martin (Red)
Tue Dec 17 13:17:48 2024 Harry (Red) [Headshot] Cobson (Blue)
Tue Dec 17 13:17:49 2024 FL | Floppa:) joined Red team
Tue Dec 17 13:18:00 2024 Tom (Blue) [Headshot] Zak (Red)
Tue Dec 17 13:18:00 2024 Harry (Red) [Headshot] Devill (Blue)
Tue Dec 17 13:18:02 2024 nedoo (Red) [SMG] Bizonho (Blue)
Tue Dec 17 13:18:07 2024 Tom (Blue) [Headshot] TNSPOL (Red)
Tue Dec 17 13:18:13 2024 sov1 joined Blue team
Tue Dec 17 13:18:18 2024  This server runs imger and glow. Use /IMG or /GLOW to toggle them.
Tue Dec 17 13:18:22 2024 Qult--- (Blue) [Headshot] RemuS (Red)
Tue Dec 17 13:18:23 2024 Martin (Red) [SMG] gumernus (Blue)
Tue Dec 17 13:18:25 2024 Qult--- (Blue) [Headshot] Mello (Red)
Tue Dec 17 13:18:26 2024 [Global] sov1 (Blue): shoutout to Axyn's Adventure by Shinlala on itch.io
Tue Dec 17 13:18:28 2024 Qult--- (Blue) [Headshot] Zak (Red)
Tue Dec 17 13:18:29 2024 Tom (Blue) [Headshot] Harry (Red)
Tue Dec 17 13:18:31 2024 Cobson (Blue) [Shotgun] FL | Floppa:) (Red)
Tue Dec 17 13:18:32 2024 Tom (Blue) [Headshot] TNSPOL (Red)
Tue Dec 17 13:18:42 2024 sov1 (Blue) [Rifle] Martin (Red)
Tue Dec 17 13:18:43 2024 jebat ty mamu (Blue) [SMG] nedoo (Red)
Tue Dec 17 13:18:46 2024 Qult--- (Blue) [Headshot] RemuS (Red)
Tue Dec 17 13:18:49 2024 [Global] nedoo (Red): ma jebemti mamu u pick u
Tue Dec 17 13:18:58 2024 TNSPOL (Red) [Grenade]
Tue Dec 17 13:18:58 2024 sov1 (Blue) [Headshot] Harry (Red)
Tue Dec 17 13:19:01 2024 Tom (Blue) [Headshot] nedoo (Red)
Tue Dec 17 13:19:05 2024 Martin (Red) [SMG] sov1 (Blue)
Tue Dec 17 13:19:05 2024 Tom (Blue) [Headshot] Martin (Red)
Tue Dec 17 13:19:06 2024 Mello (Red) [Headshot] jebat ty mamu (Blue)
Tue Dec 17 13:19:07 2024 Qult--- (Blue) [Headshot] Mello (Red)
Tue Dec 17 13:19:13 2024 Tom (Blue) [Headshot] Quite (Red)
Tue Dec 17 13:19:19 2024  Use /EMOTE to draw an emote on the map!
Tue Dec 17 13:19:19 2024 Qult--- (Blue) [Headshot] TNSPOL (Red)
Tue Dec 17 13:19:20 2024 [Global] sov1 (Blue): cool map
Tue Dec 17 13:19:20 2024 Harry (Red) [Headshot] gumernus (Blue)
Tue Dec 17 13:19:24 2024 Tom (Blue) [Headshot] Harry (Red)
Tue Dec 17 13:19:25 2024 Quite joined Blue team
Tue Dec 17 13:19:26 2024 Tom (Blue) [Headshot] nedoo (Red)
Tue Dec 17 13:19:33 2024 Harry (Red) [Headshot] jebat ty mamu (Blue)
Tue Dec 17 13:19:34 2024 [Global] nedoo (Red): fuck this map
Tue Dec 17 13:19:39 2024 Tom (Blue) [Headshot] Harry (Red)
Tue Dec 17 13:19:39 2024 [Team] nedoo (Red): g
Tue Dec 17 13:19:39 2024 IllIlII (Blue) [SMG] RemuS (Red)
Tue Dec 17 13:19:39 2024 Qult--- (Blue) [Headshot] TNSPOL (Red)
Tue Dec 17 13:19:40 2024 sov1 (Blue) [Headshot] Mello (Red)
Tue Dec 17 13:19:43 2024 Player TNSPOL has left
Tue Dec 17 13:19:43 2024 [Global] nedoo (Red): great map for campers 
Tue Dec 17 13:19:47 2024 sov1 (Blue) [Headshot] Harry (Red)
Tue Dec 17 13:19:50 2024 [Global] sov1 (Blue): get good?
Tue Dec 17 13:19:54 2024 Qult--- (Blue) [Fall]
Tue Dec 17 13:19:54 2024 IllIlII (Blue) [Fall]
Tue Dec 17 13:19:54 2024 [Global] jebat ty mamu (Blue): isnt it fuck this map for every map for you?
Tue Dec 17 13:19:55 2024 [Global] nedoo (Red): red team, just wait in base
Tue Dec 17 13:19:59 2024 IllIlII (Blue) [Grenade] Zak (Red)
Tue Dec 17 13:19:59 2024 IllIlII (Blue) [Grenade] Martin (Red)
Tue Dec 17 13:20:00 2024 Player Martin has left
Tue Dec 17 13:20:02 2024 Harry (Red) [Headshot] sov1 (Blue)
Tue Dec 17 13:20:04 2024 [Global] nedoo (Red): and let them wait
Tue Dec 17 13:20:07 2024 [Global] Qult--- (Blue): it was expected
Tue Dec 17 13:20:09 2024 [Global] nedoo (Red): ma jebemti mater
Tue Dec 17 13:20:09 2024 jebat ty mamu (Blue) [Headshot] Harry (Red)
Tue Dec 17 13:20:10 2024 RemuS (Red) [Headshot] Bizonho (Blue)
Tue Dec 17 13:20:13 2024 sov1 joined Red team
Tue Dec 17 13:20:16 2024  Use /HEAVEN to paint the babel platform!
Tue Dec 17 13:20:17 2024 Mello (Red) [Headshot] Tom (Blue)
Tue Dec 17 13:20:22 2024 [Global] nedoo (Red): nah, there are a lot better open maps than this
Tue Dec 17 13:20:23 2024 jebat ty mamu (Blue) [SMG] RemuS (Red)
Tue Dec 17 13:20:26 2024 Qult--- (Blue) [Headshot] Mello (Red)
Tue Dec 17 13:20:37 2024 [Global] Mello (Red): not a big fan either
Tue Dec 17 13:20:42 2024 You must be closer to the enemy's base to grenade blocks!
Tue Dec 17 13:20:42 2024 Tom (Blue) [Headshot] sov1 (Red)
Tue Dec 17 13:20:43 2024 Zak (Red) [SMG] jebat ty mamu (Blue)
Tue Dec 17 13:20:44 2024 You must be closer to the enemy's base to grenade blocks!
Tue Dec 17 13:20:46 2024 You must be closer to the enemy's base to grenade blocks!
Tue Dec 17 13:21:01 2024 Harry (Red) [Fall]
Tue Dec 17 13:21:09 2024 sov1 (Red) [Headshot] gumernus (Blue)
Tue Dec 17 13:21:10 2024 Qult--- (Blue) [Headshot] sov1 (Red)
Tue Dec 17 13:21:16 2024  Get a 20 killstreak and 1 intel capture(s) to unlock /APOC!
Tue Dec 17 13:21:19 2024 Mello (Red) [Rifle] Bizonho (Blue)
Tue Dec 17 13:21:21 2024 Mello (Red) [Headshot] Devill (Blue)
Tue Dec 17 13:21:22 2024 Tom (Blue) [Headshot] Harry (Red)
Tue Dec 17 13:21:23 2024 Qult--- (Blue) [Headshot] nedoo (Red)
Tue Dec 17 13:21:28 2024 [Global] nedoo (Red): campers.. 
Tue Dec 17 13:21:33 2024 DOOROFHELL joined Red team
Tue Dec 17 13:21:33 2024 Harry (Red) [Headshot] Tom (Blue)
Tue Dec 17 13:21:35 2024 Mello (Red) [Headshot] Cobson (Blue)
Tue Dec 17 13:21:37 2024 Mello (Red) [Headshot] jebat ty mamu (Blue)
Tue Dec 17 13:21:49 2024  Bizonho has a kill-death ratio of 0.82 (14 kills, 17 deaths, 0.53 kills per minute).
Tue Dec 17 13:21:49 2024  Bizonho removed 31 blocks in the last 2.0 minutes. Some of them were placed by Mello.
Tue Dec 17 13:21:49 2024  Last one was destroyed 1 minute, 39 seconds ago, and belonged to Mello.
Tue Dec 17 13:21:49 2024  Quite (#5) started a VOTEKICK against Bizonho (#10). Say /Y to agree
Tue Dec 17 13:21:49 2024  Reason: what are you doing
Tue Dec 17 13:21:52 2024 sov1 (Red) [Headshot] Cobson (Blue)
Tue Dec 17 13:21:55 2024 sov1 (Red) [Headshot] Tom (Blue)
Tue Dec 17 13:21:58 2024 sov1 (Red) [Headshot] Qult--- (Blue)
Tue Dec 17 13:22:02 2024 IllIlII (Blue) [SMG] Harry (Red)
Tue Dec 17 13:22:09 2024 [Global] Bizonho (Blue): quite is griffier
Tue Dec 17 13:22:16 2024  Capture your team's 5th intel to unlock /APOC for your team's best builder!
Tue Dec 17 13:22:19 2024 [Global] Quite (Blue): im good!
Tue Dec 17 13:22:19 2024  Quite is disabled from building
Tue Dec 17 13:22:19 2024  Quite (#5) is votekicking Bizonho (#10). /Y to vote (8 left)
Tue Dec 17 13:22:19 2024  Reason: what are you doing
Tue Dec 17 13:22:20 2024  Votekick for Bizonho (#10) has ended. Instigator Quite (#5) left
Tue Dec 17 13:22:20 2024 Player Quite has left
Tue Dec 17 13:22:21 2024 sov1 (Red) [Rifle] IllIlII (Blue)
Tue Dec 17 13:22:25 2024 [Global] sov1 (Red): LOL
Tue Dec 17 13:22:29 2024 0_0 joined Red team
Tue Dec 17 13:22:39 2024 You must be closer to the enemy's base to shoot blocks!
Tue Dec 17 13:22:46 2024 IllIlII (Blue) [SMG] Harry (Red)
Tue Dec 17 13:22:46 2024 IllIlII (Blue) [Headshot] FL | Floppa:) (Red)
Tue Dec 17 13:22:50 2024 sov1 (Red) [Headshot] Tom (Blue)
Tue Dec 17 13:22:51 2024 Zak (Red) [SMG] Bizonho (Blue)
Tue Dec 17 13:22:55 2024 Qult--- (Blue) [Headshot] DOOROFHELL (Red)
Tue Dec 17 13:22:56 2024 Zak (Red) [SMG] IllIlII (Blue)
Tue Dec 17 13:23:04 2024 Zak (Red) [Headshot] gumernus (Blue)
Tue Dec 17 13:23:04 2024 Qult--- (Blue) [Headshot] RemuS (Red)
Tue Dec 17 13:23:06 2024 sov1 (Red) [Headshot] Qult--- (Blue)
Tue Dec 17 13:23:07 2024 Player gumernus has left
Tue Dec 17 13:23:16 2024  Mahalo for playing aloha.pk tower of babel
Tue Dec 17 13:23:19 2024 IllIlII (Blue) [Headshot] FL | Floppa:) (Red)
Tue Dec 17 13:23:25 2024 luis joined Blue team
Tue Dec 17 13:23:26 2024 IllIlII (Blue) [SMG] sov1 (Red)
Tue Dec 17 13:23:28 2024 Deuce joined Blue team
Tue Dec 17 13:23:34 2024 nedoo (Red) [Fall]
Tue Dec 17 13:23:41 2024 Qult--- (Blue) [Headshot] RemuS (Red)
Tue Dec 17 13:23:43 2024 Deuce1 joined Blue team
Tue Dec 17 13:23:44 2024 Mello (Red) [Headshot] Qult--- (Blue)
Tue Dec 17 13:23:45 2024 IllIlII (Blue) [Headshot] Zak (Red)
Tue Dec 17 13:23:45 2024 Bizonho (Blue) [Headshot] 0_0 (Red)
Tue Dec 17 13:23:51 2024 luis (Blue) [Fall]
Tue Dec 17 13:23:52 2024 Bizonho (Blue) [Grenade] DOOROFHELL (Red)
Tue Dec 17 13:24:05 2024 sov1 (Red) [Rifle] IllIlII (Blue)
Tue Dec 17 13:24:05 2024 FL | Floppa:) (Red) [Fall]
Tue Dec 17 13:24:06 2024 You must be closer to the enemy's base to shoot blocks!
Tue Dec 17 13:24:08 2024 sov1 (Red) [Headshot] Tom (Blue)
Tue Dec 17 13:24:12 2024 Bizonho picked up Red's Intel.
Tue Dec 17 13:24:15 2024 Qult--- (Blue) [Headshot] sov1 (Red)
Tue Dec 17 13:24:16 2024  Build a tower to get the enemy's intel. Take it to your team's tent to win!
Tue Dec 17 13:24:17 2024 not a burner joined Spectator team
Tue Dec 17 13:24:17 2024 fxzs joined Red team
Tue Dec 17 13:24:24 2024 [Global] not a burner (): rotation changed?
Tue Dec 17 13:24:25 2024 Cobson (Blue) [Fall]
Tue Dec 17 13:24:25 2024 [Global] not a burner (): fake
Tue Dec 17 13:24:26 2024 Qult--- (Blue) [Melee] Zak (Red)
Tue Dec 17 13:24:28 2024 Player IllIlII has left
Tue Dec 17 13:24:28 2024 DOOROFHELL (Red) [Rifle] jebat ty mamu (Blue)
Tue Dec 17 13:24:28 2024 [Global] not a burner (): not real babel
Tue Dec 17 13:24:31 2024 not a burner joined Red team
Tue Dec 17 13:24:33 2024 [Global] jebat ty mamu (Blue): fucking lag spikes
Tue Dec 17 13:24:44 2024 Deuce1 (Blue) [Headshot] not a burner (Red)
Tue Dec 17 13:24:45 2024 Bizonho captured Red's Intel.
Tue Dec 17 13:24:46 2024 Tom (Blue) [Headshot] RemuS (Red)
Tue Dec 17 13:24:48 2024 Zak (Red) [SMG] Deuce (Blue)
Tue Dec 17 13:24:49 2024 Cobson (Blue) [Shotgun] Harry (Red)
Tue Dec 17 13:24:53 2024 Tom (Blue) [Rifle] DOOROFHELL (Red)
Tue Dec 17 13:24:54 2024 Deuce1 (Blue) [SMG] Zak (Red)
Tue Dec 17 13:24:54 2024 Qult--- (Blue) [Headshot] Mello (Red)
Tue Dec 17 13:24:59 2024 [Global] Mello (Red): tttt
Tue Dec 17 13:25:03 2024 sov1 (Red) [Headshot] Deuce1 (Blue)
Tue Dec 17 13:25:03 2024 Qult--- (Blue) [Headshot] sov1 (Red)
Tue Dec 17 13:25:07 2024 Tom (Blue) [Rifle] 0_0 (Red)
Tue Dec 17 13:25:10 2024 [Global] Deuce (Blue): bro floopa este cliente me corre peor que el normal
Tue Dec 17 13:25:10 2024 GatoCaliente joined Blue team
Tue Dec 17 13:25:12 2024 Qult--- (Blue) [Headshot] not a burner (Red)
Tue Dec 17 13:25:15 2024 Tom (Blue) [Headshot] Harry (Red)
Tue Dec 17 13:25:16 2024  Type /HELP for info & commands
Tue Dec 17 13:25:18 2024 [Global] not a burner (Red): what the fuck is this spawn
Tue Dec 17 13:25:25 2024 Mello (Red) [Headshot] Tom (Blue)
Tue Dec 17 13:25:25 2024 Qult--- (Blue) [Headshot] FL | Floppa:) (Red)
Tue Dec 17 13:25:26 2024 [Global] sov1 (Red): idk burny
Tue Dec 17 13:25:27 2024 luis (Blue) [Fall]
Tue Dec 17 13:25:28 2024 Qult--- (Blue) [Headshot] RemuS (Red)
Tue Dec 17 13:25:28 2024 [Global] GatoCaliente (Blue): hi
Tue Dec 17 13:25:32 2024 Bizonho (Blue) [Rifle] nedoo (Red)
Tue Dec 17 13:25:32 2024 [Team] RemuS (Red): inside
Tue Dec 17 13:25:33 2024 Qult--- (Blue) [Headshot] sov1 (Red)
Tue Dec 17 13:25:37 2024 [Global] nedoo (Red): fucking red team omfg
Tue Dec 17 13:25:37 2024 Mello (Red) [Headshot] Cobson (Blue)
Tue Dec 17 13:25:42 2024 Qult--- (Blue) [Melee] Zak (Red)
Tue Dec 17 13:25:43 2024 Mello (Red) [Headshot] Deuce1 (Blue)
Tue Dec 17 13:25:45 2024 Mello (Red) [Headshot] GatoCaliente (Blue)
Tue Dec 17 13:25:46 2024 [Global] sov1 (Red): qult i will legit make a cult just to crucify you
Tue Dec 17 13:25:47 2024 [Global] not a burner (Red): well, i removed the walls, but still everyone spawns right on the tent
Tue Dec 17 13:25:52 2024 [Global] not a burner (Red): just asking for nades
Tue Dec 17 13:25:52 2024 Qult--- (Blue) [Rifle] fxzs (Red)
Tue Dec 17 13:25:55 2024 Qult--- (Blue) [Headshot] FL | Floppa:) (Red)
Tue Dec 17 13:25:56 2024 Bizonho (Blue) [Headshot] 0_0 (Red)
Tue Dec 17 13:26:00 2024 Player sov1 has left
Tue Dec 17 13:26:00 2024 Tom (Blue) [Rifle] DOOROFHELL (Red)
Tue Dec 17 13:26:02 2024 Qult--- (Blue) [Headshot] Harry (Red)
Tue Dec 17 13:26:10 2024 Mello (Red) [Headshot] Qult--- (Blue)
Tue Dec 17 13:26:15 2024 not a burner (Red) [Headshot] Cobson (Blue)
Tue Dec 17 13:26:16 2024 not a burner (Red) [Headshot] Deuce (Blue)
Tue Dec 17 13:26:16 2024  Visit our community forums at https://aloha.pk/
Tue Dec 17 13:26:18 2024 RemuS (Red) [Headshot] jebat ty mamu (Blue)
Tue Dec 17 13:26:19 2024 not a burner (Red) [Headshot] Tom (Blue)
Tue Dec 17 13:26:19 2024 RemuS (Red) [Headshot] Bizonho (Blue)
Tue Dec 17 13:26:21 2024 Deuce1 (Blue) [SMG] not a burner (Red)
Tue Dec 17 13:26:21 2024 [Team] DOOROFHELL (Red): donw of tower
Tue Dec 17 13:26:24 2024 Harry (Red) [Headshot] Deuce1 (Blue)
Tue Dec 17 13:26:25 2024 Phobos_xd joined Blue team
Tue Dec 17 13:26:28 2024 Deuce1 (Blue) [Weapon Change]
Tue Dec 17 13:26:33 2024 Phobos_xd (Blue) [Grenade]
Tue Dec 17 13:26:34 2024 Player luis has left
Tue Dec 17 13:26:37 2024 Qult--- (Blue) [Rifle] RemuS (Red)
Tue Dec 17 13:26:37 2024 Player Deuce has left
Tue Dec 17 13:26:41 2024 Qult--- (Blue) [Headshot] DOOROFHELL (Red)
Tue Dec 17 13:26:46 2024 Qult--- (Blue) [Headshot] fxzs (Red)
Tue Dec 17 13:26:48 2024 not a burner (Red) [Headshot] Qult--- (Blue)
Tue Dec 17 13:26:49 2024 Harry (Red) [Headshot] jebat ty mamu (Blue)
Tue Dec 17 13:26:53 2024 Harry (Red) [Headshot] Bizonho (Blue)
Tue Dec 17 13:26:53 2024 Deuce joined Red team
Tue Dec 17 13:26:59 2024 Tom (Blue) [Headshot] Mello (Red)
Tue Dec 17 13:27:06 2024 not a burner (Red) [Headshot] Qult--- (Blue)
Tue Dec 17 13:27:06 2024 Tom (Blue) [Headshot] not a burner (Red)
Tue Dec 17 13:27:08 2024 DOOROFHELL (Red) [Headshot] Deuce1 (Blue)
Tue Dec 17 13:27:09 2024 Devill (Blue) [Headshot] 0_0 (Red)
Tue Dec 17 13:27:09 2024 Tom (Blue) [Headshot] Harry (Red)
Tue Dec 17 13:27:14 2024  Devill has reached 1000 blocks placed! /heaven unlocked.
Tue Dec 17 13:27:16 2024  Come chat with us at https://discord.aloha.pk/
Tue Dec 17 13:27:18 2024 luis joined Blue team
Tue Dec 17 13:27:21 2024 Deuce (Red) [Fall]
Tue Dec 17 13:27:23 2024 Bizonho (Blue) [Grenade]
Tue Dec 17 13:27:24 2024 nedoo picked up Blue's Intel.
Tue Dec 17 13:27:26 2024 Tom (Blue) [Headshot] DOOROFHELL (Red)
Tue Dec 17 13:27:30 2024 jebat ty mamu (Blue) [Headshot] Zak (Red)
Tue Dec 17 13:27:30 2024 jebat ty mamu (Blue) [SMG] FL | Floppa:) (Red)
Tue Dec 17 13:27:33 2024 Tom (Blue) [Headshot] Harry (Red)
Tue Dec 17 13:27:38 2024 Player fxzs has left
Tue Dec 17 13:27:40 2024 Tom (Blue) [Headshot] Deuce (Red)
Tue Dec 17 13:27:42 2024 RemuS (Red) [Headshot] jebat ty mamu (Blue)
Tue Dec 17 13:27:49 2024 Tom (Blue) [Headshot] FL | Floppa:) (Red)
Tue Dec 17 13:27:50 2024 not a burner (Red) [Headshot] Cobson (Blue)
Tue Dec 17 13:27:52 2024 not a burner (Red) [Headshot] Bizonho (Blue)
Tue Dec 17 13:27:54 2024 not a burner (Red) [Rifle] Phobos_xd (Blue)
Tue Dec 17 13:27:55 2024 nedoo captured Blue's Intel.
Tue Dec 17 13:27:58 2024 Harry (Red) [Headshot] Tom (Blue)
Tue Dec 17 13:27:58 2024 Qult--- (Blue) [Headshot] DOOROFHELL (Red)
Tue Dec 17 13:28:02 2024 GatoCaliente (Blue) [SMG] Harry (Red)
Tue Dec 17 13:28:02 2024 jebat ty mamu (Blue) [Headshot] not a burner (Red)
Tue Dec 17 13:28:06 2024 luis (Blue) [Fall]
Tue Dec 17 13:28:08 2024 RemuS (Red) [SMG] GatoCaliente (Blue)
Tue Dec 17 13:28:13 2024 [Team] not a burner (Red): blue building on blue tower under platform
Tue Dec 17 13:28:14 2024 RemuS (Red) [SMG]
Tue Dec 17 13:28:16 2024  If you believe a player is breaking the rules, please let us know with /ADMIN
Tue Dec 17 13:28:20 2024 Deuce1 (Blue) [Headshot] FL | Floppa:) (Red)
Tue Dec 17 13:28:21 2024 Zom B  joined Red team
Tue Dec 17 13:28:23 2024 Qult--- (Blue) [Headshot] DOOROFHELL (Red)
Tue Dec 17 13:28:25 2024 jebat ty mamu (Blue) [SMG] 0_0 (Red)
Tue Dec 17 13:28:26 2024 Harry (Red) [Headshot] Qult--- (Blue)
Tue Dec 17 13:28:28 2024 Mello (Red) [Headshot] Deuce1 (Blue)
Tue Dec 17 13:28:31 2024 Player Deuce has left
Tue Dec 17 13:28:34 2024 jebat ty mamu (Blue) [Headshot] nedoo (Red)
Tue Dec 17 13:28:38 2024 Harry (Red) [Headshot] Bizonho (Blue)
Tue Dec 17 13:28:39 2024 [Global] nedoo (Red): sve ti jebem u usta
Tue Dec 17 13:28:42 2024 Tom (Blue) [Headshot] Harry (Red)
Tue Dec 17 13:28:42 2024 jebat ty mamu (Blue) [SMG] Mello (Red)
Tue Dec 17 13:28:51 2024 FL | Floppa:) (Red) [Headshot] Cobson (Blue)
Tue Dec 17 13:28:54 2024 not a burner (Red) [Headshot] jebat ty mamu (Blue)
Tue Dec 17 13:28:55 2024 Phobos_xd (Blue) [Fall]
Tue Dec 17 13:28:55 2024 GatoCaliente picked up Red's Intel.
Tue Dec 17 13:28:59 2024 Qult--- (Blue) [Headshot] RemuS (Red)
Tue Dec 17 13:29:00 2024 MirrorKnight joined Red team
Tue Dec 17 13:29:02 2024 Qult--- (Blue) [Rifle] DOOROFHELL (Red)
Tue Dec 17 13:29:03 2024 Deuce1 (Blue) [Headshot] FL | Floppa:) (Red)
Tue Dec 17 13:29:04 2024 Qult--- (Blue) [Headshot] Harry (Red)
Tue Dec 17 13:29:09 2024 GatoCaliente (Blue) [SMG] nedoo (Red)
Tue Dec 17 13:29:10 2024 GatoCaliente dropped Red's Intel
Tue Dec 17 13:29:10 2024  The intel has returned to the heavens
Tue Dec 17 13:29:10 2024 not a burner (Red) [Headshot] GatoCaliente (Blue)
Tue Dec 17 13:29:11 2024 [Global] nedoo (Red): omfg
Tue Dec 17 13:29:12 2024 Zak (Red) [Headshot] Qult--- (Blue)
Tue Dec 17 13:29:13 2024 [Global] not a burner (Red): stupid blue
Tue Dec 17 13:29:13 2024 Player MirrorKnight has left
Tue Dec 17 13:29:14 2024 Tom picked up Red's Intel.
Tue Dec 17 13:29:16 2024  This server runs imger and glow. Use /IMG or /GLOW to toggle them.
Tue Dec 17 13:29:16 2024 Dreiliam joined Red team
Tue Dec 17 13:29:20 2024 not a burner (Red) [Headshot] luis (Blue)
Tue Dec 17 13:29:21 2024 not a burner (Red) [Headshot] Devill (Blue)
Tue Dec 17 13:29:22 2024 Tom dropped Red's Intel
Tue Dec 17 13:29:22 2024 not a burner (Red) [Headshot] Tom (Blue)
Tue Dec 17 13:29:23 2024 jebat ty mamu picked up Red's Intel.
Tue Dec 17 13:29:24 2024 jebat ty mamu (Blue) [SMG] not a burner (Red)
Tue Dec 17 13:29:27 2024 jebat ty mamu dropped Red's Intel
Tue Dec 17 13:29:28 2024 [Global] not a burner (Red): stop taking intel and bringing it to us
Tue Dec 17 13:29:29 2024 Bizonho picked up Red's Intel.
Tue Dec 17 13:29:35 2024 Player Phobos_xd has left
Tue Dec 17 13:29:36 2024 jebat ty mamu (Blue) [Grenade] Dreiliam (Red)
Tue Dec 17 13:29:36 2024 DOOROFHELL (Red) [Rifle] Cobson (Blue)
Tue Dec 17 13:29:36 2024 jebat ty mamu (Blue) [Grenade] Mello (Red)
Tue Dec 17 13:29:37 2024 Cobson (Blue) [Grenade] DOOROFHELL (Red)
Tue Dec 17 13:29:38 2024 FL | Floppa:) (Red) [Headshot] Deuce1 (Blue)
Tue Dec 17 13:29:38 2024 Salt joined Blue team
Tue Dec 17 13:29:43 2024 MirrorKnight joined Red team
Tue Dec 17 13:29:47 2024 Qult--- (Blue) [Headshot] 0_0 (Red)
Tue Dec 17 13:29:50 2024 jebat ty mamu (Blue) [SMG] nedoo (Red)
Tue Dec 17 13:29:55 2024 [Global] nedoo (Red): o sve ti jebem u usta posrana
Tue Dec 17 13:29:58 2024 Qult--- (Blue) [Headshot] not a burner (Red)
Tue Dec 17 13:29:59 2024 Bizonho captured Red's Intel.
Tue Dec 17 13:30:01 2024 FL | Floppa:) (Red) [Headshot] Deuce1 (Blue)
Tue Dec 17 13:30:03 2024 jebat ty mamu (Blue) [Headshot] Dreiliam (Red)
Tue Dec 17 13:30:04 2024 Salt (Blue) [Headshot] FL | Floppa:) (Red)
Tue Dec 17 13:30:08 2024 0_0 (Red) [Headshot] jebat ty mamu (Blue)
Tue Dec 17 13:30:14 2024 [Global] MirrorKnight (Red): bro floppa,me va mejor aqui en el openspades,que en el butterspades,watafak
Tue Dec 17 13:30:16 2024  Use /EMOTE to draw an emote on the map!
Tue Dec 17 13:30:16 2024 luis picked up Red's Intel.
Tue Dec 17 13:30:17 2024  Mello has reached 1000 blocks placed! /heaven unlocked.
Tue Dec 17 13:30:18 2024 Harry (Red) [Headshot] Cobson (Blue)
Tue Dec 17 13:30:22 2024 Tom (Blue) [Rifle] FL | Floppa:) (Red)
Tue Dec 17 13:30:28 2024 Qult--- (Blue) [Headshot] Harry (Red)
Tue Dec 17 13:30:35 2024 Bizonho (Blue) [Headshot] not a burner (Red)
Tue Dec 17 13:30:36 2024 Zom B  (Red) [SMG] GatoCaliente (Blue)
Tue Dec 17 13:30:43 2024 Qult--- (Blue) [Rifle] DOOROFHELL (Red)
Tue Dec 17 13:30:48 2024 Tom (Blue) [Rifle] RemuS (Red)
Tue Dec 17 13:30:49 2024 nedoo (Red) [SMG] Bizonho (Blue)
Tue Dec 17 13:30:50 2024 luis captured Red's Intel.
Tue Dec 17 13:30:52 2024 jebat ty mamu (Blue) [SMG] Dreiliam (Red)
Tue Dec 17 13:30:55 2024 Qult--- (Blue) [Headshot] Harry (Red)
Tue Dec 17 13:30:58 2024 Tom (Blue) [Headshot] not a burner (Red)
Tue Dec 17 13:31:01 2024 Deuce1 (Blue) [Headshot] MirrorKnight (Red)
Tue Dec 17 13:31:03 2024 Harry (Red) [Team Change]
Tue Dec 17 13:31:03 2024 Mello (Red) [Headshot] Cobson (Blue)
Tue Dec 17 13:31:05 2024 Zak (Red) [SMG] GatoCaliente (Blue)
Tue Dec 17 13:31:05 2024 Mello (Red) [Headshot] Tom (Blue)
Tue Dec 17 13:31:13 2024 jebat ty mamu (Blue) [Melee] DOOROFHELL (Red)
Tue Dec 17 13:31:16 2024 jebat ty mamu (Blue) [SMG] Mello (Red)
Tue Dec 17 13:31:16 2024  Use /HEAVEN to paint the babel platform!
Tue Dec 17 13:31:24 2024 Deuce1 (Blue) [Headshot] not a burner (Red)
Tue Dec 17 13:31:28 2024 luis picked up Red's Intel.
Tue Dec 17 13:31:28 2024 Phobos_xd joined Blue team
Tue Dec 17 13:31:29 2024 Zak (Red) [Headshot] Tom (Blue)
Tue Dec 17 13:31:30 2024 Bizonho (Blue) [Headshot] 0_0 (Red)
Tue Dec 17 13:31:35 2024 Bizonho (Blue) [SMG] nedoo (Red)
Tue Dec 17 13:31:41 2024 Qult--- (Blue) [Headshot] not a burner (Red)
Tue Dec 17 13:31:44 2024 Zak (Red) [SMG] GatoCaliente (Blue)
Tue Dec 17 13:31:46 2024 Deuce1 (Blue) [Rifle] Zak (Red)
Tue Dec 17 13:31:50 2024 jebat ty mamu (Blue) [Headshot] DOOROFHELL (Red)
Tue Dec 17 13:31:52 2024 Phobos_xd (Blue) [Fall]
Tue Dec 17 13:31:55 2024 Qult--- (Blue) [Rifle] FL | Floppa:) (Red)
Tue Dec 17 13:31:55 2024 Bizonho (Blue) [Fall]
Tue Dec 17 13:31:55 2024 Tom (Blue) [Headshot] MirrorKnight (Red)
Tue Dec 17 13:31:55 2024 0_0 (Red) [Headshot] Cobson (Blue)
Tue Dec 17 13:31:55 2024 Mello (Red) [Rifle] jebat ty mamu (Blue)
Tue Dec 17 13:31:58 2024 Player MirrorKnight has left
Tue Dec 17 13:31:58 2024 Qult--- (Blue) [Headshot] Mello (Red)
Tue Dec 17 13:31:58 2024 [Global] jebat ty mamu (Blue): finally
Tue Dec 17 13:32:02 2024 Devill (Blue) [Grenade] 0_0 (Red)
Tue Dec 17 13:32:05 2024 luis captured Red's Intel.
Tue Dec 17 13:32:05 2024 Qult--- (Blue) [Rifle] RemuS (Red)
Tue Dec 17 13:32:05 2024 Dreiliam (Red) [Headshot] Salt (Blue)
Tue Dec 17 13:32:07 2024 Zak (Red) [Headshot] Devill (Blue)
Tue Dec 17 13:32:10 2024 Qult--- (Blue) [Headshot] not a burner (Red)
Tue Dec 17 13:32:17 2024  Get a 20 killstreak and 1 intel capture(s) to unlock /APOC!
Tue Dec 17 13:32:26 2024 nedoo (Red) [SMG] Salt (Blue)
Tue Dec 17 13:32:27 2024 nedoo (Red) [SMG] Devill (Blue)
Tue Dec 17 13:32:28 2024 Tom (Blue) [Headshot] 0_0 (Red)
Tue Dec 17 13:32:29 2024 Zom B  (Red) [Headshot] Phobos_xd (Blue)
Tue Dec 17 13:32:32 2024 Tom (Blue) [Headshot] not a burner (Red)
Tue Dec 17 13:32:34 2024 Mello (Red) [Headshot] Qult--- (Blue)
Tue Dec 17 13:32:37 2024 Mello (Red) [Headshot] Tom (Blue)
Tue Dec 17 13:32:38 2024 Deuce1 (Blue) [Headshot] FL | Floppa:) (Red)
Tue Dec 17 13:32:42 2024 Tom (Blue) [Fall]
Tue Dec 17 13:32:42 2024 FL | Floppa:) (Red) [Fall]
Tue Dec 17 13:32:46 2024 Cobson picked up Red's Intel.
Tue Dec 17 13:32:49 2024 Zak (Red) [Headshot] jebat ty mamu (Blue)
Tue Dec 17 13:32:49 2024 Ruoskis joined Red team
Tue Dec 17 13:32:54 2024 Qult--- (Blue) [Rifle] DOOROFHELL (Red)
Tue Dec 17 13:33:00 2024 Zom B  (Red) [Headshot] Qult--- (Blue)
Tue Dec 17 13:33:01 2024 nedoo (Red) [SMG] Deuce1 (Blue)
Tue Dec 17 13:33:03 2024 Salt (Blue) [SMG] nedoo (Red)
Tue Dec 17 13:33:04 2024 Player Zom B  has left
Tue Dec 17 13:33:07 2024 Mello (Red) [Headshot] Devill (Blue)
Tue Dec 17 13:33:08 2024 Phobos_xd (Blue) [Weapon Change]
Tue Dec 17 13:33:08 2024 Zak (Red) [Headshot] luis (Blue)
Tue Dec 17 13:33:16 2024  Capture your team's 5th intel to unlock /APOC for your team's best builder!
Tue Dec 17 13:33:18 2024 FL | Floppa:) (Red) [Headshot] Qult--- (Blue)
Tue Dec 17 13:33:19 2024  With 1343 blocks placed, Devill is granted the right to unleash the apocalypse.
Tue Dec 17 13:33:19 2024 Cobson captured Red's Intel.
Tue Dec 17 13:33:21 2024 not a burner (Red) [Melee] Salt (Blue)
Tue Dec 17 13:33:22 2024 Dreiliam (Red) [SMG] Bizonho (Blue)
Tue Dec 17 13:33:26 2024 not a burner (Red) [Headshot] GatoCaliente (Blue)
Tue Dec 17 13:33:29 2024 not a burner (Red) [Headshot] Cobson (Blue)
Tue Dec 17 13:33:32 2024 Harry (Red) [Headshot] Deuce1 (Blue)
Tue Dec 17 13:33:33 2024 Tom (Blue) [Headshot] FL | Floppa:) (Red)
Tue Dec 17 13:33:35 2024 Qult--- (Blue) [Rifle] not a burner (Red)
Tue Dec 17 13:33:44 2024 jebat ty mamu picked up Red's Intel.
Tue Dec 17 13:33:44 2024 nedoo (Red) [Headshot] Tom (Blue)
Tue Dec 17 13:33:46 2024 jebat ty mamu (Blue) [Grenade] RemuS (Red)
Tue Dec 17 13:33:51 2024 Harry (Red) [Rifle] Deuce1 (Blue)
Tue Dec 17 13:33:54 2024 Qult--- (Blue) [Headshot] Mello (Red)
Tue Dec 17 13:34:00 2024 Qult--- (Blue) [Headshot] nedoo (Red)
Tue Dec 17 13:34:02 2024 Ruoskis (Red) [Rifle] Qult--- (Blue)
Tue Dec 17 13:34:03 2024 [Team] FL | Floppa:) (Red): fuck you
Tue Dec 17 13:34:03 2024 [Global] nedoo (Red): qult omfg
Tue Dec 17 13:34:05 2024 Salt (Blue) [Headshot] Harry (Red)
Tue Dec 17 13:34:11 2024 Mello (Red) [Headshot] Phobos_xd (Blue)
Tue Dec 17 13:34:12 2024 jebat ty mamu captured Red's Intel.
Tue Dec 17 13:34:14 2024 Player Phobos_xd has left
Tue Dec 17 13:34:16 2024  Mahalo for playing aloha.pk tower of babel
Tue Dec 17 13:34:18 2024 Deuce1 (Blue) [Headshot] Ruoskis (Red)
Tue Dec 17 13:34:19 2024 Cobson (Blue) [Grenade] FL | Floppa:) (Red)
Tue Dec 17 13:34:20 2024 Player Ruoskis has left
Tue Dec 17 13:34:24 2024 Bizonho picked up Red's Intel.
Tue Dec 17 13:34:26 2024 Deuce1 (Blue) [Headshot] DOOROFHELL (Red)
Tue Dec 17 13:34:27 2024 Mello (Red) [Headshot] Cobson (Blue)
Tue Dec 17 13:34:28 2024 Tom (Blue) [Grenade] RemuS (Red)
Tue Dec 17 13:34:29 2024 nedoo (Red) [Headshot] Tom (Blue)
Tue Dec 17 13:34:31 2024 Zak (Red) [SMG] luis (Blue)
Tue Dec 17 13:34:32 2024 Player RemuS has left
Tue Dec 17 13:34:34 2024 Harry (Red) [Headshot] Deuce1 (Blue)
Tue Dec 17 13:34:38 2024 [Team] nedoo (Red): focus on tower i will push
Tue Dec 17 13:34:39 2024 TNSPOL joined Red team
Tue Dec 17 13:34:40 2024 Bizonho dropped Red's Intel
Tue Dec 17 13:34:40 2024  The intel has returned to the heavens
Tue Dec 17 13:34:40 2024 not a burner (Red) [Headshot] Bizonho (Blue)
Tue Dec 17 13:34:41 2024 not a burner (Red) [Headshot] GatoCaliente (Blue)
Tue Dec 17 13:34:42 2024 TNSPOL (Red) [Weapon Change]
Tue Dec 17 13:34:43 2024 Cobson (Blue) [Shotgun] not a burner (Red)
Tue Dec 17 13:34:48 2024 jebat ty mamu picked up Red's Intel.
Tue Dec 17 13:34:51 2024 Qult--- (Blue) [Rifle]
Tue Dec 17 13:34:53 2024 Harry (Red) [Headshot] Salt (Blue)
Tue Dec 17 13:35:01 2024 Devill (Blue) [Grenade] Mello (Red)
Tue Dec 17 13:35:05 2024 Deuce1 (Blue) [Rifle] DOOROFHELL (Red)
Tue Dec 17 13:35:07 2024 Tom (Blue) [Headshot] nedoo (Red)
Tue Dec 17 13:35:07 2024 Zak (Red) [SMG] Devill (Blue)
Tue Dec 17 13:35:09 2024 Harry (Red) [Headshot] GatoCaliente (Blue)
Tue Dec 17 13:35:09 2024 not a burner (Red) [Headshot] Bizonho (Blue)
Tue Dec 17 13:35:14 2024 Harry (Red) [Headshot] Salt (Blue)
Tue Dec 17 13:35:16 2024  Build a tower to get the enemy's intel. Take it to your team's tent to win!
Tue Dec 17 13:35:17 2024 not a burner (Red) [Headshot] Tom (Blue)
Tue Dec 17 13:35:17 2024 jebat ty mamu captured Red's Intel.
Tue Dec 17 13:35:19 2024 not a burner (Red) [Headshot] Qult--- (Blue)
Tue Dec 17 13:35:29 2024 Cobson picked up Red's Intel.
Tue Dec 17 13:35:30 2024 not a burner (Red) [Headshot] GatoCaliente (Blue)
Tue Dec 17 13:35:37 2024 not a burner (Red) [Headshot] Tom (Blue)
Tue Dec 17 13:35:38 2024 jebat ty mamu (Blue) [Headshot] not a burner (Red)
Tue Dec 17 13:35:41 2024 TNSPOL (Red) [Headshot] jebat ty mamu (Blue)
Tue Dec 17 13:35:43 2024 Deuce1 (Blue) [Headshot] nedoo (Red)
Tue Dec 17 13:35:44 2024 Qult--- (Blue) [Headshot] TNSPOL (Red)
Tue Dec 17 13:35:46 2024 Zak (Red) [Headshot] luis (Blue)
Tue Dec 17 13:35:49 2024 [Global] nedoo (Red): focus on tower stupid nabs
Tue Dec 17 13:35:50 2024 Salt (Blue) [Headshot] Harry (Red)
Tue Dec 17 13:35:50 2024 [Global] Mello (Red): did you get huge lags too now?
Tue Dec 17 13:35:51 2024 [Global] nedoo (Red): red team sucks
Tue Dec 17 13:36:01 2024 [Global] nedoo (Red): yes
Tue Dec 17 13:36:02 2024 Devill (Blue) [Headshot] DOOROFHELL (Red)
Tue Dec 17 13:36:02 2024 Dreiliam (Red) [Headshot] Devill (Blue)
Tue Dec 17 13:36:03 2024 not a burner (Red) [Headshot] Bizonho (Blue)
Tue Dec 17 13:36:09 2024 Cobson captured Red's Intel.
Tue Dec 17 13:36:18 2024 TNSPOL (Red) [Headshot] Salt (Blue)
Tue Dec 17 13:36:18 2024  Type /HELP for info & commands
Tue Dec 17 13:36:18 2024 not a burner (Red) [Headshot] luis (Blue)
Tue Dec 17 13:36:19 2024 Harry (Red) [Headshot] jebat ty mamu (Blue)
Tue Dec 17 13:36:25 2024 not a burner (Red) [Rifle] Bizonho (Blue)
Tue Dec 17 13:36:28 2024 [Global] Mello (Red): well how are you supposed to play anyway with all the lags
Tue Dec 17 13:36:30 2024 not a burner (Red) [Headshot] Qult--- (Blue)
Tue Dec 17 13:36:30 2024 Player luis has left
Tue Dec 17 13:36:31 2024 TNSPOL (Red) [Headshot] Bizonho (Blue)
Tue Dec 17 13:36:31 2024 Harry (Red) [Headshot] Deuce1 (Blue)
Tue Dec 17 13:36:32 2024 TNSPOL (Red) [Headshot] jebat ty mamu (Blue)
Tue Dec 17 13:36:33 2024 not a burner (Red) [Headshot] Tom (Blue)
Tue Dec 17 13:36:39 2024 TNSPOL (Red) [Headshot] Bizonho (Blue)
Tue Dec 17 13:36:40 2024 TNSPOL (Red) [Headshot] jebat ty mamu (Blue)
Tue Dec 17 13:36:42 2024 TNSPOL (Red) [Headshot] Qult--- (Blue)
Tue Dec 17 13:36:43 2024 TNSPOL (Red) [Headshot] Tom (Blue)
Tue Dec 17 13:36:46 2024 [Global] jebat ty mamu (Blue): yeah the lag spikes are shit
Tue Dec 17 13:36:49 2024 [Global] Mello (Red): third or fourth time around this match
Tue Dec 17 13:36:49 2024 Salt (Blue) [SMG] not a burner (Red)
Tue Dec 17 13:36:54 2024 EXOCET joined Red team
Tue Dec 17 13:36:55 2024 TNSPOL (Red) [Headshot] Qult--- (Blue)
Tue Dec 17 13:36:57 2024 TNSPOL (Red) [Headshot] jebat ty mamu (Blue)
Tue Dec 17 13:37:00 2024 Bizonho (Blue) [Headshot] TNSPOL (Red)
Tue Dec 17 13:37:00 2024 Deuce1 (Blue) [Headshot] Zak (Red)
Tue Dec 17 13:37:01 2024 Cobson picked up Red's Intel.
Tue Dec 17 13:37:08 2024 Bizonho (Blue) [Headshot] Harry (Red)
Tue Dec 17 13:37:09 2024 nedoo (Red) [Headshot] Deuce1 (Blue)
Tue Dec 17 13:37:10 2024 kton88 joined Blue team
Tue Dec 17 13:37:16 2024  Visit our community forums at https://aloha.pk/
Tue Dec 17 13:37:22 2024 Dreiliam (Red) [Fall]
Tue Dec 17 13:37:25 2024 Dreiliam (Red) [Weapon Change]
Tue Dec 17 13:37:28 2024 TNSPOL (Red) [Headshot] Deuce1 (Blue)
Tue Dec 17 13:37:29 2024 Bizonho (Blue) [Headshot] TNSPOL (Red)
Tue Dec 17 13:37:31 2024 Mello (Red) [Headshot] Bizonho (Blue)
Tue Dec 17 13:37:32 2024 not a burner (Red) [Headshot] Salt (Blue)
Tue Dec 17 13:37:33 2024 not a burner (Red) [Headshot] kton88 (Blue)
Tue Dec 17 13:37:34 2024 Devill (Blue) [SMG] DOOROFHELL (Red)
Tue Dec 17 13:37:35 2024 Cobson captured Red's Intel.
Tue Dec 17 13:37:38 2024 povathniy joined Blue team
Tue Dec 17 13:37:40 2024 jebat ty mamu (Blue) [SMG] nedoo (Red)
Tue Dec 17 13:37:44 2024 not a burner (Red) [Headshot] Deuce1 (Blue)
Tue Dec 17 13:37:44 2024 Qult--- (Blue) [Headshot] not a burner (Red)
Tue Dec 17 13:37:46 2024 [Global] nedoo (Red): jebemti famileijiu
Tue Dec 17 13:37:51 2024 DOOROFHELL (Red) [Headshot] Devill (Blue)
Tue Dec 17 13:37:53 2024 Tom (Blue) [Headshot] Zak (Red)
Tue Dec 17 13:37:53 2024 Qult--- (Blue) [Headshot] Mello (Red)
Tue Dec 17 13:37:54 2024 jebat ty mamu (Blue) [SMG] Harry (Red)
Tue Dec 17 13:37:54 2024 TNSPOL (Red) [Headshot] Qult--- (Blue)
Tue Dec 17 13:37:56 2024 Player Cobson has left
Tue Dec 17 13:37:56 2024 jebat ty mamu picked up Red's Intel.
Tue Dec 17 13:38:07 2024 TNSPOL (Red) [Headshot] Bizonho (Blue)
Tue Dec 17 13:38:09 2024 Salt (Blue) [SMG] EXOCET (Red)
Tue Dec 17 13:38:16 2024  Come chat with us at https://discord.aloha.pk/
Tue Dec 17 13:38:17 2024 not a burner (Red) [Headshot] kton88 (Blue)
Tue Dec 17 13:38:17 2024 Deuce1 (Blue) [Headshot] TNSPOL (Red)
Tue Dec 17 13:38:20 2024 Salt (Blue) [SMG] Dreiliam (Red)
Tue Dec 17 13:38:21 2024 Dreiliam (Red) [Grenade] Salt (Blue)
Tue Dec 17 13:38:23 2024 nedoo (Red) [Grenade] Deuce1 (Blue)
Tue Dec 17 13:38:23 2024 not a burner (Red) [Headshot] povathniy (Blue)
Tue Dec 17 13:38:27 2024 jebat ty mamu captured Red's Intel.
Tue Dec 17 13:38:27 2024 Blue Wins!
Tue Dec 17 13:38:27 2024  Game finished! Next map: utopia2.
Tue Dec 17 13:38:27 2024 TNSPOL (Red) [Headshot] GatoCaliente (Blue)
Tue Dec 17 13:38:28 2024 FL | Floppa:) (Red) [Headshot] jebat ty mamu (Blue)
Tue Dec 17 13:38:28 2024 Zak (Red) [Headshot] povathniy (Blue)
Tue Dec 17 13:38:28 2024 DOOROFHELL (Red) [Headshot] Tom (Blue)
Tue Dec 17 13:38:28 2024 Zak (Red) [SMG] Salt (Blue)
Tue Dec 17 13:38:29 2024 0_0 (Red) [Rifle] Salt (Blue)
Tue Dec 17 13:38:29 2024 not a burner (Red) [Headshot] kton88 (Blue)
Tue Dec 17 13:38:29 2024 not a burner (Red) [Headshot] Bizonho (Blue)
Tue Dec 17 13:38:32 2024 Qult--- (Blue) [Headshot] 0_0 (Red)
Tue Dec 17 13:38:33 2024 not a burner (Red) [Headshot] Deuce1 (Blue)
Tue Dec 17 13:38:34 2024 Qult--- (Blue) [Headshot] not a burner (Red)
Tue Dec 17 13:38:37 2024 Qult--- (Blue) [Headshot] FL | Floppa:) (Red)
Tue Dec 17 13:38:38 2024 Zak (Red) [SMG] Qult--- (Blue)
Tue Dec 17 13:38:38 2024 Harry (Red) [Headshot] Devill (Blue)
Tue Dec 17 13:38:38 2024 [Global] FL | Floppa:) (Red): gg
Tue Dec 17 13:38:38 2024 Harry (Red) [Headshot] Qult--- (Blue)
Tue Dec 17 13:38:39 2024 TNSPOL picked up Blue's Intel.
Tue Dec 17 13:38:39 2024 Player FL | Floppa:) has left
Tue Dec 17 13:38:39 2024 Harry (Red) [Rifle] Qult--- (Blue)
Tue Dec 17 13:38:39 2024 [Global] nedoo (Red): gg
Tue Dec 17 13:38:39 2024 ------ World Unloaded ------
Tue Dec 17 13:38:41 2024 ------ World Loaded ------
Tue Dec 17 13:38:41 2024 not a burner joined Red team
Tue Dec 17 13:38:41 2024 Welcome to aloha.pk tower of babel
Tue Dec 17 13:38:41 2024 Qult--- joined Red team
Tue Dec 17 13:38:42 2024 Map: Utopia 2 by Lostmotel
Tue Dec 17 13:38:43 2024 0_0 joined Blue team
Tue Dec 17 13:38:43 2024 Tom joined Blue team
Tue Dec 17 13:38:44 2024 Devill joined Blue team
Tue Dec 17 13:38:44 2024 Game mode: babel
Tue Dec 17 13:38:44 2024 Player Qult--- has left
Tue Dec 17 13:38:46 2024 Build a tower to get the enemy's intel. Take it to your team's tent to win!
Tue Dec 17 13:38:47 2024 EXOCET joined Red team
Tue Dec 17 13:38:48 2024 Visit our community forum at https://aloha.pk/
Tue Dec 17 13:38:48 2024 Mello joined Red team
Tue Dec 17 13:38:49 2024 Dreiliam joined Red team
Tue Dec 17 13:38:50 2024 Come chat with us at https://discord.aloha.pk/
Tue Dec 17 13:38:50 2024 TNSPOL joined Blue team
Tue Dec 17 13:38:50 2024 DOOROFHELL joined Red team
Tue Dec 17 13:38:52 2024 Player Mello has left
Tue Dec 17 13:38:52 2024 povathniy joined Blue team
Tue Dec 17 13:38:55 2024 nedoo joined Red team
Tue Dec 17 13:38:56 2024 not a burner (Red) [Headshot] Devill (Blue)
Tue Dec 17 13:38:56 2024 kton88 joined Blue team
Tue Dec 17 13:38:59 2024 TNSPOL (Blue) [Headshot] not a burner (Red)
Tue Dec 17 13:39:02 2024 0_0 (Blue) [Team Change]
Tue Dec 17 13:39:03 2024 0_0 joined Red team
Tue Dec 17 13:39:08 2024 GatoCaliente joined Blue team
Tue Dec 17 13:39:16 2024  If you believe a player is breaking the rules, please let us know with /ADMIN
Tue Dec 17 13:39:20 2024 Salt joined Red team
Tue Dec 17 13:39:25 2024 not a burner (Red) [Headshot] povathniy (Blue)
Tue Dec 17 13:39:28 2024 kton88 (Blue) [Headshot] Dreiliam (Red)
Tue Dec 17 13:39:28 2024 Harry (Red) [Rifle] TNSPOL (Blue)
Tue Dec 17 13:39:32 2024 kton88 (Blue) [Headshot] EXOCET (Red)
Tue Dec 17 13:39:33 2024 Tom (Blue) [Headshot] nedoo (Red)
Tue Dec 17 13:39:34 2024 not a burner (Red) [Headshot] Devill (Blue)
Tue Dec 17 13:39:35 2024 Player povathniy has left
Tue Dec 17 13:39:36 2024 Tom (Blue) [Headshot] not a burner (Red)
Tue Dec 17 13:39:49 2024 kton88 (Blue) [Headshot] Harry (Red)
Tue Dec 17 13:39:54 2024 TNSPOL (Blue) [Headshot] Dreiliam (Red)
Tue Dec 17 13:39:56 2024 TNSPOL (Blue) [Headshot] not a burner (Red)
Tue Dec 17 13:39:56 2024 nedoo (Red) [SMG] kton88 (Blue)
Tue Dec 17 13:39:59 2024 TNSPOL (Blue) [Headshot] nedoo (Red)
Tue Dec 17 13:40:02 2024 TNSPOL (Blue) [Headshot] DOOROFHELL (Red)
Tue Dec 17 13:40:10 2024 TNSPOL (Blue) [Headshot] Harry (Red)
Tue Dec 17 13:40:12 2024 TNSPOL (Blue) [Headshot] Dreiliam (Red)
Tue Dec 17 13:40:16 2024 not a burner (Red) [Headshot] TNSPOL (Blue)
Tue Dec 17 13:40:16 2024  This server runs imger and glow. Use /IMG or /GLOW to toggle them.
Tue Dec 17 13:40:16 2024 jebat ty mamu joined Spectator team
Tue Dec 17 13:40:19 2024 not a burner (Red) [Headshot] Devill (Blue)
Tue Dec 17 13:40:20 2024 Cornballs joined Blue team
Tue Dec 17 13:40:22 2024 Ricki Martin joined Blue team
Tue Dec 17 13:40:23 2024 EXOCET (Red) [Headshot] Tom (Blue)
Tue Dec 17 13:40:26 2024 Ricki Martin (Blue) [Team Change]
Tue Dec 17 13:40:27 2024 EXOCET (Red) [Headshot] GatoCaliente (Blue)
Tue Dec 17 13:40:31 2024 [Global] jebat ty mamu (): this map is kak
Tue Dec 17 13:40:31 2024 [Global] not a burner (Red): corn
Tue Dec 17 13:40:34 2024 not a burner (Red) [Headshot] kton88 (Blue)
Tue Dec 17 13:40:37 2024 Ricki Martin joined Red team
Tue Dec 17 13:40:39 2024 TNSPOL (Blue) [Headshot] not a burner (Red)
Tue Dec 17 13:40:40 2024 Tom (Blue) [Rifle] EXOCET (Red)
Tue Dec 17 13:40:41 2024 nedoo (Red) [Headshot] Cornballs (Blue)
Tue Dec 17 13:40:43 2024 [Global] Cornballs (Blue): yoyo
Tue Dec 17 13:40:49 2024 [Global] Cornballs (Blue): not a bigballs
Tue Dec 17 13:40:55 2024 Ricki Martin (Red) [Headshot] TNSPOL (Blue)
Tue Dec 17 13:41:01 2024 Harry (Red) [Rifle] Cornballs (Blue)
Tue Dec 17 13:41:05 2024 kton88 (Blue) [Headshot] Dreiliam (Red)
Tue Dec 17 13:41:08 2024 Ricki Martin (Red) [Headshot] kton88 (Blue)
Tue Dec 17 13:41:11 2024 TNSPOL (Blue) [Headshot] Ricki Martin (Red)
Tue Dec 17 13:41:15 2024 not a burner (Red) [Headshot] TNSPOL (Blue)
Tue Dec 17 13:41:15 2024 Player kton88 has left
Tue Dec 17 13:41:16 2024  Use /EMOTE to draw an emote on the map!
Tue Dec 17 13:41:16 2024 Tom (Blue) [Headshot] nedoo (Red)
Tue Dec 17 13:41:18 2024 not a burner (Red) [Headshot] Devill (Blue)
Tue Dec 17 13:41:20 2024 Player jebat ty mamu has left
Tue Dec 17 13:41:23 2024 Cornballs (Blue) [Headshot] not a burner (Red)
Tue Dec 17 13:41:23 2024 [Global] nedoo (Red): tom where?
Tue Dec 17 13:41:25 2024 Harry (Red) [Headshot] Cornballs (Blue)
Tue Dec 17 13:41:26 2024 [Global] Cornballs (Blue): lol
Tue Dec 17 13:41:30 2024 0_0 (Red) [Fall]
Tue Dec 17 13:41:35 2024 Harry (Red) [Headshot] Devill (Blue)
Tue Dec 17 13:41:38 2024 EXOCET (Red) [Headshot] TNSPOL (Blue)
Tue Dec 17 13:41:41 2024 Tom (Blue) [Melee] EXOCET (Red)
Tue Dec 17 13:41:44 2024 Tom (Blue) [Headshot] Harry (Red)
Tue Dec 17 13:41:53 2024 Dreiliam (Red) [SMG] Tom (Blue)
Tue Dec 17 13:42:00 2024 nedoo (Red) [Headshot] GatoCaliente (Blue)
Tue Dec 17 13:42:02 2024 TNSPOL (Blue) [Rifle] not a burner (Red)
Tue Dec 17 13:42:09 2024 TNSPOL (Blue) [Headshot] 0_0 (Red)
Tue Dec 17 13:42:09 2024 Harry (Red) [Rifle] TNSPOL (Blue)
Tue Dec 17 13:42:16 2024  Use /HEAVEN to paint the babel platform!
Tue Dec 17 13:42:17 2024 Tom (Blue) [Headshot] Ricki Martin (Red)
Tue Dec 17 13:42:26 2024 TNSPOL (Blue) [Headshot] Harry (Red)
Tue Dec 17 13:42:30 2024 Dreiliam (Red) [Headshot] TNSPOL (Blue)
Tue Dec 17 13:42:34 2024 Player TNSPOL has left
Tue Dec 17 13:42:36 2024 Tom (Blue) [Headshot] Dreiliam (Red)
Tue Dec 17 13:42:39 2024 Harry (Red) [Team Change]
Tue Dec 17 13:42:51 2024 nedoo (Red) [Headshot] Tom (Blue)
Tue Dec 17 13:42:54 2024 Harry (Blue) [Headshot] Ricki Martin (Red)
Tue Dec 17 13:42:56 2024 0_01 joined Blue team
Tue Dec 17 13:42:59 2024 Player 0_0 has left
Tue Dec 17 13:42:59 2024 Harry (Blue) [Headshot] EXOCET (Red)
Tue Dec 17 13:42:59 2024 0_01 (Blue) [Team Change]
Tue Dec 17 13:43:01 2024 0_01 joined Red team
Tue Dec 17 13:43:08 2024 Harry (Blue) [Headshot] not a burner (Red)
Tue Dec 17 13:43:16 2024  Get a 20 killstreak and 1 intel capture(s) to unlock /APOC!
Tue Dec 17 13:43:30 2024 Harry (Blue) [Headshot] Ricki Martin (Red)
Tue Dec 17 13:43:36 2024 Harry (Blue) [Headshot] EXOCET (Red)
Tue Dec 17 13:43:37 2024 not a burner (Red) [Headshot] Harry (Blue)
Tue Dec 17 13:43:39 2024 BollusFTW joined Blue team
Tue Dec 17 13:43:39 2024 Tom (Blue) [Grenade] nedoo (Red)
Tue Dec 17 13:43:42 2024 not a burner (Red) [Rifle] GatoCaliente (Blue)
Tue Dec 17 13:43:45 2024 jinx joined Blue team
Tue Dec 17 13:43:46 2024 not a burner (Red) [Headshot] Tom (Blue)
Tue Dec 17 13:43:47 2024 Cornballs (Blue) [Headshot] not a burner (Red)
Tue Dec 17 13:43:53 2024 BollusFTW (Blue) [Headshot] DOOROFHELL (Red)
Tue Dec 17 13:43:56 2024 Cornballs (Blue) [Headshot] EXOCET (Red)
Tue Dec 17 13:44:04 2024 not a burner (Red) [Headshot] Cornballs (Blue)
Tue Dec 17 13:44:04 2024 tradeoff_snow joined Blue team
Tue Dec 17 13:44:05 2024 not a burner (Red) [Headshot] BollusFTW (Blue)
Tue Dec 17 13:44:16 2024  Capture your team's 5th intel to unlock /APOC for your team's best builder!
Tue Dec 17 13:44:16 2024 Harry (Blue) [Rifle] not a burner (Red)
Tue Dec 17 13:44:17 2024 Ricki Martin (Red) [Headshot] Harry (Blue)
Tue Dec 17 13:44:23 2024 tradeoff_snow (Blue) [Headshot] Ricki Martin (Red)
Tue Dec 17 13:44:24 2024 tradeoff_snow (Blue) [Headshot] EXOCET (Red)
Tue Dec 17 13:44:31 2024 tradeoff_snow (Blue) [Headshot] nedoo (Red)
Tue Dec 17 13:44:35 2024 tradeoff_snow (Blue) [Headshot] not a burner (Red)
Tue Dec 17 13:44:36 2024 povathniy joined Blue team
Tue Dec 17 13:44:38 2024 You must be closer to the enemy's base to shoot blocks!
Tue Dec 17 13:44:38 2024 Harry (Blue) [Headshot] Dreiliam (Red)
Tue Dec 17 13:44:39 2024 Ricki Martin (Red) [Headshot] tradeoff_snow (Blue)
Tue Dec 17 13:44:50 2024 Ricki Martin (Red) [SMG] Tom (Blue)
Tue Dec 17 13:44:58 2024 BollusFTW (Blue) [SMG] Ricki Martin (Red)
Tue Dec 17 13:45:03 2024 Bizonho joined Blue team
Tue Dec 17 13:45:16 2024 EXOCET (Red) [Headshot] BollusFTW (Blue)
Tue Dec 17 13:45:16 2024  Mahalo for playing aloha.pk tower of babel
Tue Dec 17 13:45:20 2024 nedoo (Red) [SMG] Harry (Blue)
Tue Dec 17 13:45:22 2024 Bizonho (Blue) [Headshot] nedoo (Red)
Tue Dec 17 13:45:24 2024 not a burner (Red) [Headshot] GatoCaliente (Blue)
Tue Dec 17 13:45:25 2024 not a burner (Red) [Headshot] Tom (Blue)
Tue Dec 17 13:45:26 2024 not a burner (Red) [Headshot] povathniy (Blue)
Tue Dec 17 13:45:27 2024 Harry (Blue) [Headshot] not a burner (Red)
Tue Dec 17 13:45:28 2024 GatoCaliente (Blue) [Weapon Change]
Tue Dec 17 13:45:30 2024 tradeoff_snow (Blue) [Rifle] EXOCET (Red)
Tue Dec 17 13:45:37 2024 tradeoff_snow (Blue) [Headshot] nedoo (Red)
Tue Dec 17 13:45:41 2024 0_01 (Red) [Headshot] Tom (Blue)
Tue Dec 17 13:45:41 2024 tradeoff_snow (Blue) [Grenade] Dreiliam (Red)
Tue Dec 17 13:45:42 2024 tradeoff_snow (Blue) [Headshot] EXOCET (Red)
Tue Dec 17 13:45:44 2024 tradeoff_snow (Blue) [Headshot] nedoo (Red)
Tue Dec 17 13:45:46 2024 DOOROFHELL (Red) [Headshot] tradeoff_snow (Blue)
Tue Dec 17 13:45:46 2024 Ricki Martin (Red) [SMG] Bizonho (Blue)
Tue Dec 17 13:45:47 2024 [Global] nedoo (Red): tradeoff aim 
Tue Dec 17 13:45:51 2024 Bizonho (Blue) [Weapon Change]
Tue Dec 17 13:45:52 2024 Ricki Martin (Red) [Headshot] Harry (Blue)
Tue Dec 17 13:45:56 2024 Player Tom has left
Tue Dec 17 13:46:04 2024 tradeoff_snow (Blue) [Rifle] Ricki Martin (Red)
Tue Dec 17 13:46:16 2024  Build a tower to get the enemy's intel. Take it to your team's tent to win!
Tue Dec 17 13:46:21 2024 tradeoff_snow (Blue) [Headshot] nedoo (Red)
Tue Dec 17 13:46:23 2024 EXOCET (Red) [Shotgun] tradeoff_snow (Blue)
Tue Dec 17 13:46:25 2024 povathniy (Blue) [SMG] EXOCET (Red)
Tue Dec 17 13:46:26 2024 not a burner (Red) [Rifle] Bizonho (Blue)
Tue Dec 17 13:46:26 2024 Harry (Blue) [Headshot] not a burner (Red)
Tue Dec 17 13:46:47 2024 nedoo (Red) [SMG] povathniy (Blue)
Tue Dec 17 13:46:48 2024 Ricki Martin (Red) [Headshot] jinx (Blue)
Tue Dec 17 13:46:57 2024 Ricki Martin (Red) [SMG] tradeoff_snow (Blue)
Tue Dec 17 13:47:02 2024 Bizonho (Blue) [SMG] Ricki Martin (Red)
Tue Dec 17 13:47:13 2024  DOOROFHELL has reached 1000 blocks placed! /heaven unlocked.
Tue Dec 17 13:47:14 2024 Bizonho (Blue) [Headshot] not a burner (Red)
Tue Dec 17 13:47:16 2024  Type /HELP for info & commands
Tue Dec 17 13:47:25 2024 You must be closer to the enemy's base to shoot blocks!
Tue Dec 17 13:47:27 2024 nedoo (Red) [SMG] jinx (Blue)
Tue Dec 17 13:47:32 2024 tradeoff_snow (Blue) [Headshot] Dreiliam (Red)
Tue Dec 17 13:47:32 2024 Bizonho (Blue) [Headshot] Ricki Martin (Red)
Tue Dec 17 13:47:33 2024 nedoo (Red) [Headshot] GatoCaliente (Blue)
Tue Dec 17 13:47:38 2024 tradeoff_snow (Blue) [Headshot] not a burner (Red)
Tue Dec 17 13:47:41 2024 EXOCET (Red) [Headshot] Harry (Blue)
Tue Dec 17 13:47:44 2024 nedoo (Red) [Headshot] GatoCaliente (Blue)
Tue Dec 17 13:47:44 2024 nedoo (Red) [Grenade] jinx (Blue)
Tue Dec 17 13:47:45 2024 Ricki Martin (Red) [SMG] Bizonho (Blue)
Tue Dec 17 13:47:49 2024 tradeoff_snow (Blue) [Headshot] Dreiliam (Red)
Tue Dec 17 13:47:50 2024 tradeoff_snow (Blue) [Headshot] Salt (Red)
Tue Dec 17 13:47:58 2024 Ricki Martin (Red) [Grenade] tradeoff_snow (Blue)
Tue Dec 17 13:47:58 2024 povathniy (Blue) [Headshot] not a burner (Red)
Tue Dec 17 13:48:01 2024 GatoCaliente (Blue) [Headshot] nedoo (Red)
Tue Dec 17 13:48:01 2024 EXOCET (Red) [Shotgun] GatoCaliente (Blue)
Tue Dec 17 13:48:09 2024 Ricki Martin (Red) [Headshot] Bizonho (Blue)
Tue Dec 17 13:48:10 2024 not a burner (Red) [Headshot] povathniy (Blue)
Tue Dec 17 13:48:12 2024 EXOCET (Red) [Headshot] jinx (Blue)
Tue Dec 17 13:48:13 2024 not a burner (Red) [Rifle] Harry (Blue)
Tue Dec 17 13:48:16 2024  Visit our community forums at https://aloha.pk/
Tue Dec 17 13:48:19 2024 EXOCET (Red) [Shotgun] GatoCaliente (Blue)
Tue Dec 17 13:48:24 2024 Bizonho (Blue) [SMG] EXOCET (Red)
Tue Dec 17 13:48:34 2024 You must be closer to the enemy's base to shoot blocks!
Tue Dec 17 13:48:34 2024 not a burner (Red) [Headshot] Harry (Blue)
Tue Dec 17 13:48:35 2024 Ricki Martin (Red) [SMG] jinx (Blue)
Tue Dec 17 13:48:36 2024 GatoCaliente (Blue) [Grenade] not a burner (Red)
Tue Dec 17 13:48:41 2024 BollusFTW (Blue) [SMG] Salt (Red)
Tue Dec 17 13:48:41 2024 nedoo (Red) [Headshot] povathniy (Blue)
Tue Dec 17 13:48:42 2024 Cornballs (Blue) [Rifle] DOOROFHELL (Red)
Tue Dec 17 13:48:45 2024 not a burner (Red) [Headshot] Cornballs (Blue)
Tue Dec 17 13:48:52 2024 EXOCET (Red) [Shotgun] Bizonho (Blue)
Tue Dec 17 13:48:53 2024 Harry (Blue) [Headshot] Ricki Martin (Red)
Tue Dec 17 13:48:56 2024 tradeoff_snow (Blue) [Rifle] not a burner (Red)
Tue Dec 17 13:49:01 2024 BollusFTW (Blue) [Headshot] Salt (Red)
Tue Dec 17 13:49:04 2024 tradeoff_snow (Blue) [Headshot] Dreiliam (Red)
Tue Dec 17 13:49:05 2024 tradeoff_snow (Blue) [Headshot] DOOROFHELL (Red)
Tue Dec 17 13:49:07 2024 EXOCET (Red) [Headshot] Harry (Blue)
Tue Dec 17 13:49:09 2024 EXOCET (Red) [Headshot] Devill (Blue)
Tue Dec 17 13:49:12 2024 tradeoff_snow (Blue) [Headshot] Ricki Martin (Red)
Tue Dec 17 13:49:14 2024 tradeoff_snow (Blue) [Headshot] Salt (Red)
Tue Dec 17 13:49:15 2024 tradeoff_snow (Blue) [Headshot] not a burner (Red)
Tue Dec 17 13:49:16 2024  Come chat with us at https://discord.aloha.pk/
Tue Dec 17 13:49:20 2024 EXOCET (Red) [Headshot] jinx (Blue)
Tue Dec 17 13:49:22 2024 Bizonho (Blue) [SMG] nedoo (Red)
Tue Dec 17 13:49:22 2024 Ricki Martin (Red) [Headshot] tradeoff_snow (Blue)
Tue Dec 17 13:49:26 2024 EXOCET (Red) [Grenade] Devill (Blue)
Tue Dec 17 13:49:26 2024 EXOCET (Red) [Shotgun] Bizonho (Blue)
Tue Dec 17 13:49:28 2024 EXOCET (Red) [Shotgun] povathniy (Blue)
Tue Dec 17 13:49:31 2024 DOOROFHELL (Red) [Grenade] BollusFTW (Blue)
Tue Dec 17 13:49:34 2024 Harry (Blue) [Rifle] Dreiliam (Red)
Tue Dec 17 13:49:34 2024 EXOCET (Red) [Headshot] tradeoff_snow (Blue)
Tue Dec 17 13:49:44 2024 EXOCET (Red) [Shotgun] povathniy (Blue)
Tue Dec 17 13:49:44 2024 Harry (Blue) [Headshot] Ricki Martin (Red)
Tue Dec 17 13:49:48 2024 EXOCET (Red) [Headshot] tradeoff_snow (Blue)
Tue Dec 17 13:49:49 2024 not a burner (Red) [Headshot] Harry (Blue)
Tue Dec 17 13:49:53 2024 tradeoff_snow (Blue) [Headshot] EXOCET (Red)
Tue Dec 17 13:49:54 2024 not a burner (Red) [Headshot] jinx (Blue)
Tue Dec 17 13:49:56 2024 not a burner (Red) [Headshot] Bizonho (Blue)
Tue Dec 17 13:50:04 2024 not a burner (Red) [Rifle] tradeoff_snow (Blue)
Tue Dec 17 13:50:13 2024 not a burner (Red) [Headshot] GatoCaliente (Blue)
Tue Dec 17 13:50:13 2024 Bizonho (Blue) [Headshot] not a burner (Red)
Tue Dec 17 13:50:16 2024  If you believe a player is breaking the rules, please let us know with /ADMIN
Tue Dec 17 13:50:30 2024 Wwwww joined Spectator team
Tue Dec 17 13:50:31 2024 You must be closer to the enemy's base to shoot blocks!
Tue Dec 17 13:50:32 2024 EXOCET (Red) [Headshot] jinx (Blue)
Tue Dec 17 13:50:35 2024 Cornballs (Blue) [SMG] Salt (Red)
Tue Dec 17 13:50:36 2024 Cornballs (Blue) [Headshot] Ricki Martin (Red)
Tue Dec 17 13:50:37 2024 tradeoff_snow (Blue) [Headshot] not a burner (Red)
Tue Dec 17 13:50:39 2024 EXOCET (Red) [Shotgun] Bizonho (Blue)
Tue Dec 17 13:50:41 2024 povathniy (Blue) [SMG] EXOCET (Red)
Tue Dec 17 13:50:43 2024 0_01 (Red) [Headshot] jinx (Blue)
Tue Dec 17 13:50:43 2024 Cornballs (Blue) [SMG] Ricki Martin (Red)
Tue Dec 17 13:50:44 2024 Cornballs (Blue) [Headshot] Salt (Red)
Tue Dec 17 13:50:45 2024 DOOROFHELL (Red) [Grenade]
Tue Dec 17 13:50:51 2024 Cornballs (Blue) [Grenade] not a burner (Red)
Tue Dec 17 13:50:54 2024 Cornballs (Blue) [SMG] EXOCET (Red)
Tue Dec 17 13:50:55 2024 Ricki Martin (Red) [Headshot] Cornballs (Blue)
Tue Dec 17 13:50:57 2024 [Global] Cornballs (Blue): hehe
Tue Dec 17 13:51:00 2024 Harry (Blue) [Headshot] DOOROFHELL (Red)
Tue Dec 17 13:51:13 2024 tradeoff_snow (Blue) [Headshot] Dreiliam (Red)
Tue Dec 17 13:51:14 2024 Ricki Martin (Red) [Headshot] BollusFTW (Blue)
Tue Dec 17 13:51:14 2024 Harry (Blue) [Headshot] not a burner (Red)
Tue Dec 17 13:51:16 2024  This server runs imger and glow. Use /IMG or /GLOW to toggle them.
Tue Dec 17 13:51:20 2024 Harry (Blue) [Headshot] DOOROFHELL (Red)
Tue Dec 17 13:51:23 2024 Player BollusFTW has left
Tue Dec 17 13:51:28 2024 EXOCET (Red) [Shotgun] Harry (Blue)
Tue Dec 17 13:51:32 2024 tradeoff_snow (Blue) [Headshot] EXOCET (Red)
Tue Dec 17 13:51:34 2024 tradeoff_snow (Blue) [Headshot] nedoo (Red)
Tue Dec 17 13:51:36 2024 tradeoff_snow (Blue) [Headshot] Ricki Martin (Red)
Tue Dec 17 13:51:39 2024 Paintdog joined Red team
Tue Dec 17 13:51:44 2024 DOOROFHELL (Red) [Headshot] tradeoff_snow (Blue)
Tue Dec 17 13:52:01 2024 Paintdog (Red) [Headshot] jinx (Blue)
Tue Dec 17 13:52:05 2024 [Global] not a burner (Red): next map should be cheesus but the cheese is painted snow color
Tue Dec 17 13:52:09 2024 nedoo (Red) [Headshot] Harry (Blue)
Tue Dec 17 13:52:16 2024 Bizonho (Blue) [Headshot] Salt (Red)
Tue Dec 17 13:52:18 2024 tradeoff_snow (Blue) [Headshot] not a burner (Red)
Tue Dec 17 13:52:18 2024  Use /EMOTE to draw an emote on the map!
Tue Dec 17 13:52:19 2024 EXOCET (Red) [Headshot] tradeoff_snow (Blue)
Tue Dec 17 13:52:20 2024 [Global] not a burner (Red): is there a pure white emote somewhere?
Tue Dec 17 13:52:21 2024 nedoo (Red) [Grenade] povathniy (Blue)
Tue Dec 17 13:52:23 2024 [Global] Cornballs (Blue): cummies
Tue Dec 17 13:52:27 2024 Harry (Blue) [Headshot] EXOCET (Red)
Tue Dec 17 13:52:28 2024 Cornballs (Blue) [Headshot] Salt (Red)
Tue Dec 17 13:52:33 2024 jinx (Blue) [Headshot] nedoo (Red)
Tue Dec 17 13:52:36 2024 Cornballs (Blue) [SMG] not a burner (Red)
Tue Dec 17 13:52:37 2024 [Global] nedoo (Red): fuuuck
Tue Dec 17 13:52:37 2024 Ricki Martin (Red) [SMG] Cornballs (Blue)
Tue Dec 17 13:52:42 2024 Harry (Blue) [Rifle] Paintdog (Red)
Tue Dec 17 13:52:47 2024 [Global] tradeoff_snow (Blue): only got brown smelly mamoth emoji nobody likes to use
Tue Dec 17 13:52:48 2024 GatoCaliente (Blue) [Headshot] 0_01 (Red)
Tue Dec 17 13:52:52 2024 [Global] not a burner (Red): sad
Tue Dec 17 13:52:52 2024 Harry (Blue) [Headshot] not a burner (Red)
Tue Dec 17 13:52:55 2024 [Global] Cornballs (Blue): hey micro
Tue Dec 17 13:52:55 2024 [Global] 0_01 (Red): ouuu
Tue Dec 17 13:52:57 2024 Harry (Blue) [Headshot] DOOROFHELL (Red)
Tue Dec 17 13:52:58 2024 [Global] not a burner (Red): i guess brown cheese will have to do
Tue Dec 17 13:53:00 2024 [Global] tradeoff_snow (Blue): bigbolz
Tue Dec 17 13:53:01 2024 Ricki Martin (Red) [Fall]
Tue Dec 17 13:53:05 2024 tradeoff_snow (Blue) [Rifle] Paintdog (Red)
Tue Dec 17 13:53:05 2024 Harry (Blue) [Headshot] Salt (Red)
Tue Dec 17 13:53:06 2024 [Global] Cornballs (Blue): i knew it was u from name
Tue Dec 17 13:53:07 2024 Wwwww joined Blue team
Tue Dec 17 13:53:10 2024 tradeoff_snow (Blue) [Headshot] Dreiliam (Red)
Tue Dec 17 13:53:11 2024 [Global] Cornballs (Blue): but mamoth confirmed
Tue Dec 17 13:53:12 2024 nedoo (Red) [Headshot] tradeoff_snow (Blue)
Tue Dec 17 13:53:13 2024 [Global] Paintdog (Red): defend the base
Tue Dec 17 13:53:14 2024 [Global] not a burner (Red): i knew since killfeed is fixed now
Tue Dec 17 13:53:14 2024 Bizonho (Blue) [Headshot] nedoo (Red)
Tue Dec 17 13:53:16 2024  Use /HEAVEN to paint the babel platform!
Tue Dec 17 13:53:20 2024 Bizonho (Blue) [Fall]
Tue Dec 17 13:53:21 2024 Harry (Blue) [Headshot] not a burner (Red)
Tue Dec 17 13:53:23 2024 Ricki Martin (Red) [Headshot] jinx (Blue)
Tue Dec 17 13:53:27 2024 [Global] tradeoff_snow (Blue): you smoking new rotation coming tonight
Tue Dec 17 13:53:29 2024 Harry (Blue) [Headshot] Dreiliam (Red)
Tue Dec 17 13:53:30 2024 DOOROFHELL (Red) [Rifle] Harry (Blue)
Tue Dec 17 13:53:36 2024 [Global] not a burner (Red): is it not shit? :D
Tue Dec 17 13:53:44 2024 Cornballs (Blue) [Headshot] Dreiliam (Red)
Tue Dec 17 13:53:46 2024 [Global] tradeoff_snow (Blue): if theres no winter tradeoff im boutta bust this shit
Tue Dec 17 13:53:50 2024 [Global] tradeoff_snow (Blue): its op
Tue Dec 17 13:53:52 2024 not a burner (Red) [Headshot] Harry (Blue)
Tue Dec 17 13:53:53 2024 not a burner (Red) [Headshot] tradeoff_snow (Blue)
Tue Dec 17 13:53:56 2024 Dreiliam (Red) [Headshot] Cornballs (Blue)
Tue Dec 17 13:53:57 2024 not a burner (Red) [Headshot] Bizonho (Blue)
Tue Dec 17 13:53:58 2024 [Global] Cornballs (Blue): fokk
Tue Dec 17 13:54:00 2024 not a burner (Red) [Headshot] Wwwww (Blue)
Tue Dec 17 13:54:02 2024 not a burner (Red) [Rifle] povathniy (Blue)
Tue Dec 17 13:54:03 2024 Paintdog (Red) [Headshot] jinx (Blue)
Tue Dec 17 13:54:03 2024 [Team] Cornballs (Blue): micro follow me
Tue Dec 17 13:54:05 2024 [Global] tradeoff_snow (Blue): jkkkk but rotation gonna be FIRE bro
Tue Dec 17 13:54:09 2024 not a burner (Red) [Headshot] Harry (Blue)
Tue Dec 17 13:54:10 2024 Karasik69 joined Red team
Tue Dec 17 13:54:12 2024 [Team] tradeoff_snow (Blue): where
Tue Dec 17 13:54:13 2024 not a burner (Red) [Headshot] Wwwww (Blue)
Tue Dec 17 13:54:14 2024 Devill (Blue) [SMG] not a burner (Red)
Tue Dec 17 13:54:15 2024 [Global] not a burner (Red): but wait
Tue Dec 17 13:54:16 2024  Get a 20 killstreak and 1 intel capture(s) to unlock /APOC!
Tue Dec 17 13:54:17 2024 [Global] not a burner (Red): fire is snow enemy
Tue Dec 17 13:54:18 2024 GatoCaliente (Blue) [Fall]
Tue Dec 17 13:54:20 2024 tradeoff_snow (Blue) [Headshot] nedoo (Red)
Tue Dec 17 13:54:22 2024 [Team] Cornballs (Blue): tent
Tue Dec 17 13:54:25 2024 [Global] nedoo (Red): tradeoff aim 
Tue Dec 17 13:54:27 2024 [Team] Cornballs (Blue): go left into red hole
Tue Dec 17 13:54:37 2024 You must be closer to the enemy's base to grenade blocks!
Tue Dec 17 13:54:45 2024 Bizonho (Blue) [Headshot] Karasik69 (Red)
Tue Dec 17 13:54:47 2024 EXOCET (Red) [Shotgun] Harry (Blue)
Tue Dec 17 13:54:50 2024 Bizonho (Blue) [Headshot] EXOCET (Red)
Tue Dec 17 13:54:50 2024 not a burner (Red) [Headshot] Devill (Blue)
Tue Dec 17 13:54:55 2024 [Team] tradeoff_snow (Blue): im coming
Tue Dec 17 13:54:56 2024 Player povathniy has left
Tue Dec 17 13:54:56 2024 not a burner (Red) [Headshot] Bizonho (Blue)
Tue Dec 17 13:54:59 2024 not a burner (Red) [Headshot] GatoCaliente (Blue)
Tue Dec 17 13:54:59 2024 [Team] Cornballs (Blue): kk
Tue Dec 17 13:55:00 2024 not a burner (Red) [Headshot] jinx (Blue)
Tue Dec 17 13:55:03 2024 Wwwww (Blue) [Headshot] not a burner (Red)
Tue Dec 17 13:55:14 2024 [Team] tradeoff_snow (Blue): go peek them
Tue Dec 17 13:55:16 2024  Capture your team's 5th intel to unlock /APOC for your team's best builder!
Tue Dec 17 13:55:19 2024 You must be closer to the enemy's base to shoot blocks!
Tue Dec 17 13:55:27 2024 Karasik69 (Red) [Headshot] Wwwww (Blue)
Tue Dec 17 13:55:32 2024 not a burner (Red) [Headshot] Harry (Blue)
Tue Dec 17 13:55:32 2024 Cornballs (Blue) [SMG] Salt (Red)
Tue Dec 17 13:55:34 2024 not a burner (Red) [Headshot] jinx (Blue)
Tue Dec 17 13:55:36 2024 Bizonho (Blue) [Headshot] nedoo (Red)
Tue Dec 17 13:55:37 2024 Cornballs (Blue) [SMG] Ricki Martin (Red)
Tue Dec 17 13:55:38 2024 tradeoff_snow (Blue) [Headshot] Ricki Martin (Red)
Tue Dec 17 13:55:40 2024 tradeoff_snow (Blue) [Headshot] nedoo (Red)
Tue Dec 17 13:55:42 2024 Cornballs (Blue) [SMG] Salt (Red)
Tue Dec 17 13:55:43 2024 not a burner (Red) [Headshot] GatoCaliente (Blue)
Tue Dec 17 13:55:43 2024 [Global] nedoo (Red): omfg bizonho
Tue Dec 17 13:55:44 2024 tradeoff_snow (Blue) [Rifle] DOOROFHELL (Red)
Tue Dec 17 13:55:46 2024 Bizonho (Blue) [Headshot] 0_01 (Red)
Tue Dec 17 13:55:50 2024 tradeoff_snow (Blue) [Headshot] DOOROFHELL (Red)
Tue Dec 17 13:55:51 2024 Ricki Martin (Red) [Headshot] tradeoff_snow (Blue)
Tue Dec 17 13:55:52 2024 not a burner (Red) [Headshot] Wwwww (Blue)
Tue Dec 17 13:55:53 2024 EXOCET (Red) [Headshot] Devill (Blue)
Tue Dec 17 13:55:54 2024 Cornballs (Blue) [SMG] Salt (Red)
Tue Dec 17 13:55:56 2024 not a burner (Red) [Headshot] Harry (Blue)
Tue Dec 17 13:55:56 2024 Cornballs (Blue) [Headshot] 0_01 (Red)
Tue Dec 17 13:55:57 2024 not a burner (Red) [Headshot] GatoCaliente (Blue)
Tue Dec 17 13:56:00 2024 Bizonho (Blue) [Grenade] nedoo (Red)
Tue Dec 17 13:56:04 2024 [Global] nedoo (Red): bizonho cheat
Tue Dec 17 13:56:07 2024 Harry (Blue) [Headshot] not a burner (Red)
Tue Dec 17 13:56:07 2024 Cornballs (Blue) [SMG] Ricki Martin (Red)
Tue Dec 17 13:56:10 2024 [Global] not a burner (Red): not really
Tue Dec 17 13:56:11 2024 Cornballs (Blue) [Headshot] 0_01 (Red)
Tue Dec 17 13:56:15 2024 Cornballs (Blue) [Headshot] not a burner (Red)
Tue Dec 17 13:56:16 2024  Mahalo for playing aloha.pk tower of babel
Tue Dec 17 13:56:20 2024 You must be closer to the enemy's base to grenade blocks!
Tue Dec 17 13:56:20 2024 EXOCET (Red) [Headshot] Harry (Blue)
Tue Dec 17 13:56:21 2024 Ricki Martin (Red) [Headshot] Cornballs (Blue)
Tue Dec 17 13:56:21 2024 nedoo (Red) [SMG] Bizonho (Blue)
Tue Dec 17 13:56:23 2024 [Global] Cornballs (Blue): fok
Tue Dec 17 13:56:23 2024 Disconnecting
