Tue Mar 11 18:09:48 2025 ------ World Loaded ------
Tue Mar 11 18:09:48 2025 Welcome to aloha.pk tower of babel
Tue Mar 11 18:09:49 2025 Map: UkrainianVillage by HiBreck_
Tue Mar 11 18:09:50 2025 zonk (Blue) [Headshot] Russia>Ukraine (Red)
Tue Mar 11 18:09:51 2025 Deuce (Blue) [Fall]
Tue Mar 11 18:09:51 2025 Russia>Ukraine (Red) [Fall]
Tue Mar 11 18:09:51 2025 Game mode: babel
Tue Mar 11 18:09:53 2025 Build a tower to get the enemy's intel. Take it to your team's tent to win!
Tue Mar 11 18:09:55 2025 Visit our community forum at https://aloha.pk/
Tue Mar 11 18:09:57 2025 Come chat with us at https://discord.aloha.pk/
Tue Mar 11 18:10:01 2025  If you believe a player is breaking the rules, please let us know with /ADMIN
Tue Mar 11 18:10:04 2025 haloplayer2003 captured Red's Intel.
Tue Mar 11 18:10:08 2025 [Global] Y.O.B.A. (Red): lol ATORREIS is that you?
Tue Mar 11 18:10:10 2025 microwave (Blue) [Grenade] Bread Orc (Red)
Tue Mar 11 18:10:26 2025 zonk (Blue) [SMG] Harry (Red)
Tue Mar 11 18:10:28 2025 Russia>Ukraine (Red) [Headshot] zonk (Blue)
Tue Mar 11 18:10:35 2025 microwave (Blue) [Headshot] Bread Orc (Red)
Tue Mar 11 18:10:39 2025 haloplayer2003 picked up Red's Intel.
Tue Mar 11 18:10:42 2025 You must be closer to the enemy's base to shoot blocks!
Tue Mar 11 18:10:44 2025 Russia>Ukraine (Red) [SMG] microwave (Blue)
Tue Mar 11 18:10:48 2025 haloplayer2003 dropped Red's Intel
Tue Mar 11 18:10:48 2025  The intel has returned to the heavens
Tue Mar 11 18:10:48 2025 Y.O.B.A. (Red) [SMG] haloplayer2003 (Blue)
Tue Mar 11 18:10:57 2025 microwave (Blue) [Headshot] Bread Orc (Red)
Tue Mar 11 18:11:01 2025  This server runs imger and glow. Use /IMG or /GLOW to toggle them.
Tue Mar 11 18:11:03 2025 microwave (Blue) [Headshot] Russia>Ukraine (Red)
Tue Mar 11 18:11:08 2025 microwave (Blue) [Headshot] Harry (Red)
Tue Mar 11 18:11:09 2025 [Global] Russia>Ukraine (Red): wah we lost :(
Tue Mar 11 18:11:16 2025 microwave (Blue) [SMG] Bread Orc (Red)
Tue Mar 11 18:11:25 2025 [Global] Bread Orc (Red): I challenge you on shovel duel micro
Tue Mar 11 18:11:32 2025 Deuce (Blue) [Headshot] Y.O.B.A. (Red)
Tue Mar 11 18:11:34 2025 microwave (Blue) [SMG] Russia>Ukraine (Red)
Tue Mar 11 18:11:39 2025 microwave (Blue) [Headshot] Bread Orc (Red)
Tue Mar 11 18:11:41 2025 [Global] Y.O.B.A. (Red): omg 25 bullets xd
Tue Mar 11 18:11:42 2025 zonk picked up Red's Intel.
Tue Mar 11 18:11:44 2025 B-7 [LV .99] joined Red team
Tue Mar 11 18:11:45 2025 microwave (Blue) [SMG] Harry (Red)
Tue Mar 11 18:11:50 2025 microwave (Blue) [SMG] Bread Orc (Red)
Tue Mar 11 18:11:55 2025 zonk dropped Red's Intel
Tue Mar 11 18:11:55 2025  The intel has returned to the heavens
Tue Mar 11 18:11:55 2025 zonk (Blue) [Fall]
Tue Mar 11 18:12:01 2025  Use /EMOTE to draw an emote on the map!
Tue Mar 11 18:12:02 2025 haloplayer2003 picked up Red's Intel.
Tue Mar 11 18:12:04 2025 Harry (Red) [Headshot] microwave (Blue)
Tue Mar 11 18:12:12 2025 haloplayer2003 dropped Red's Intel
Tue Mar 11 18:12:12 2025  The intel has returned to the heavens
Tue Mar 11 18:12:12 2025 Y.O.B.A. (Red) [SMG] haloplayer2003 (Blue)
Tue Mar 11 18:12:15 2025 Y.O.B.A. (Red) [Headshot] zonk (Blue)
Tue Mar 11 18:12:18 2025 awskleth (Blue) [Fall]
Tue Mar 11 18:12:20 2025 microwave (Blue) [SMG] Y.O.B.A. (Red)
Tue Mar 11 18:12:29 2025 microwave (Blue) [Headshot] Harry (Red)
Tue Mar 11 18:12:30 2025 [Global] haloplayer2003 (Blue): rat fuck
Tue Mar 11 18:12:35 2025 microwave (Blue) [SMG] Bread Orc (Red)
Tue Mar 11 18:12:46 2025 microwave (Blue) [SMG] Harry (Red)
Tue Mar 11 18:12:49 2025 zonk picked up Red's Intel.
Tue Mar 11 18:12:57 2025 [Global] Y.O.B.A. (Red): never saw f*cking rats but now i want it
Tue Mar 11 18:13:01 2025 microwave (Blue) [SMG] Bread Orc (Red)
Tue Mar 11 18:13:01 2025  Use /HEAVEN to paint the babel platform!
Tue Mar 11 18:13:05 2025 Y.O.B.A. (Red) [Headshot] awskleth (Blue)
Tue Mar 11 18:13:06 2025 zonk dropped Red's Intel
Tue Mar 11 18:13:06 2025  The intel has returned to the heavens
Tue Mar 11 18:13:06 2025 Russia>Ukraine (Red) [SMG] zonk (Blue)
Tue Mar 11 18:13:06 2025 [Global] Bread Orc (Red): wdym
Tue Mar 11 18:13:07 2025 microwave (Blue) [Headshot] Y.O.B.A. (Red)
Tue Mar 11 18:13:14 2025 microwave (Blue) [Headshot] Harry (Red)
Tue Mar 11 18:13:15 2025 microwave (Blue) [Grenade] B-7 [LV .99] (Red)
Tue Mar 11 18:13:17 2025 zonk (Blue) [SMG] Russia>Ukraine (Red)
Tue Mar 11 18:13:20 2025 [Global] Bread Orc (Red): you mean rats having sex?
Tue Mar 11 18:13:27 2025 [Global] Y.O.B.A. (Red): ye:)
Tue Mar 11 18:13:27 2025 [Global] Russia>Ukraine (Red): sexy rats
Tue Mar 11 18:13:28 2025 microwave (Blue) [Headshot] B-7 [LV .99] (Red)
Tue Mar 11 18:13:35 2025 Harry (Red) [Headshot] grub00 (Blue)
Tue Mar 11 18:13:35 2025 microwave (Blue) [Headshot] Harry (Red)
Tue Mar 11 18:13:36 2025 haloplayer2003 picked up Red's Intel.
Tue Mar 11 18:13:37 2025 microwave (Blue) [SMG] Y.O.B.A. (Red)
Tue Mar 11 18:13:38 2025 microwave (Blue) [SMG] B-7 [LV .99] (Red)
Tue Mar 11 18:13:55 2025 [Global] Y.O.B.A. (Red): life is wierd thing
Tue Mar 11 18:13:57 2025 microwave (Blue) [Headshot] Harry (Red)
Tue Mar 11 18:14:01 2025  Get a 20 killstreak and 1 intel capture(s) to unlock /APOC!
Tue Mar 11 18:14:02 2025 B-7 [LV .99] (Red) [Rifle] microwave (Blue)
Tue Mar 11 18:14:11 2025 [Global] Russia>Ukraine (Red): sex isnt real. its a psyop
Tue Mar 11 18:14:11 2025 haloplayer2003 captured Red's Intel.
Tue Mar 11 18:14:12 2025 Harry (Red) [Headshot] zonk (Blue)
Tue Mar 11 18:14:19 2025 [Global] Y.O.B.A. (Red): xd
Tue Mar 11 18:14:23 2025 Harry (Red) [Headshot] awskleth (Blue)
Tue Mar 11 18:14:25 2025 Bread Orc (Red) [SMG] grub00 (Blue)
Tue Mar 11 18:14:25 2025 zonk (Blue) [Headshot] Y.O.B.A. (Red)
Tue Mar 11 18:14:46 2025 Deuce (Blue) [Rifle] Harry (Red)
Tue Mar 11 18:14:59 2025 microwave (Blue) [Headshot] Harry (Red)
Tue Mar 11 18:15:00 2025 zonk (Blue) [Headshot] Bread Orc (Red)
Tue Mar 11 18:15:01 2025  Capture your team's 5th intel to unlock /APOC for your team's best builder!
Tue Mar 11 18:15:02 2025 awskleth picked up Red's Intel.
Tue Mar 11 18:15:10 2025 microwave (Blue) [SMG] Bread Orc (Red)
Tue Mar 11 18:15:11 2025 microwave (Blue) [Headshot] Harry (Red)
Tue Mar 11 18:15:22 2025 Russia>Ukraine (Red) [SMG] Deuce (Blue)
Tue Mar 11 18:15:22 2025 microwave (Blue) [SMG] Bread Orc (Red)
Tue Mar 11 18:15:22 2025 Harry (Red) [Headshot] haloplayer2003 (Blue)
Tue Mar 11 18:15:27 2025 Harry (Red) [Rifle] microwave (Blue)
Tue Mar 11 18:15:31 2025 [Global] haloplayer2003 (Blue): coward bitch red team
Tue Mar 11 18:15:33 2025 Deuce (Blue) [Headshot] Russia>Ukraine (Red)
Tue Mar 11 18:15:37 2025 zonk (Blue) [Headshot] Bread Orc (Red)
Tue Mar 11 18:15:42 2025 microwave (Blue) [Headshot] B-7 [LV .99] (Red)
Tue Mar 11 18:15:42 2025 [Global] haloplayer2003 (Blue): DIE DIE
Tue Mar 11 18:15:44 2025 Venon joined Red team
Tue Mar 11 18:15:45 2025 Harry (Red) [Rifle] zonk (Blue)
Tue Mar 11 18:15:53 2025 grub00 (Blue) [Headshot] Harry (Red)
Tue Mar 11 18:15:58 2025 microwave (Blue) [Headshot] Venon (Red)
Tue Mar 11 18:16:01 2025  Mahalo for playing aloha.pk tower of babel
Tue Mar 11 18:16:04 2025 microwave (Blue) [SMG] Bread Orc (Red)
Tue Mar 11 18:16:05 2025 microwave (Blue) [SMG] B-7 [LV .99] (Red)
Tue Mar 11 18:16:06 2025 zonk (Blue) [SMG] Y.O.B.A. (Red)
Tue Mar 11 18:16:12 2025 [Global] Bread Orc (Red): why can't you throw a shovel
Tue Mar 11 18:16:16 2025 Y.O.B.A. (Red) [SMG] haloplayer2003 (Blue)
Tue Mar 11 18:16:22 2025 awskleth (Blue) [SMG] Harry (Red)
Tue Mar 11 18:16:24 2025 haloplayer2003 (Blue) [Weapon Change]
Tue Mar 11 18:16:33 2025 [Global] Bread Orc (Red): we can still wi
Tue Mar 11 18:16:34 2025 Y.O.B.A. (Red) [Melee] grub00 (Blue)
Tue Mar 11 18:16:39 2025 awskleth (Blue) [Headshot] Harry (Red)
Tue Mar 11 18:16:39 2025 microwave (Blue) [SMG] B-7 [LV .99] (Red)
Tue Mar 11 18:16:42 2025 [Global] Russia>Ukraine (Red): copium
Tue Mar 11 18:16:43 2025 haloplayer2003 (Blue) [Headshot] Venon (Red)
Tue Mar 11 18:16:44 2025 zonk (Blue) [Headshot] Y.O.B.A. (Red)
Tue Mar 11 18:16:51 2025 Harry (Red) [Rifle] microwave (Blue)
Tue Mar 11 18:16:58 2025 haloplayer2003 (Blue) [Rifle] Bread Orc (Red)
Tue Mar 11 18:17:02 2025  Build a tower to get the enemy's intel. Take it to your team's tent to win!
Tue Mar 11 18:17:06 2025 [Global] Bread Orc (Red): pure NAFO produced copium
Tue Mar 11 18:17:07 2025 haloplayer2003 (Blue) [Headshot] Venon (Red)
Tue Mar 11 18:17:25 2025 microwave (Blue) [SMG] Venon (Red)
Tue Mar 11 18:17:30 2025 grub00 (Blue) [Melee] Bread Orc (Red)
Tue Mar 11 18:17:32 2025 awskleth dropped Red's Intel
Tue Mar 11 18:17:32 2025  The intel has returned to the heavens
Tue Mar 11 18:17:32 2025 awskleth (Blue) [SMG]
Tue Mar 11 18:17:32 2025  God punished awskleth for holding the intel too long
Tue Mar 11 18:17:32 2025 [Global] haloplayer2003 (Blue): i support china and russia
Tue Mar 11 18:17:38 2025 Y.O.B.A. (Red) [Headshot] haloplayer2003 (Blue)
Tue Mar 11 18:17:40 2025 microwave (Blue) [SMG] Venon (Red)
Tue Mar 11 18:17:40 2025 microwave (Blue) [SMG] Bread Orc (Red)
Tue Mar 11 18:17:41 2025 zonk picked up Red's Intel.
Tue Mar 11 18:17:48 2025 [Global] Bread Orc (Red): how?
Tue Mar 11 18:17:50 2025 microwave (Blue) [Headshot] Harry (Red)
Tue Mar 11 18:17:54 2025 microwave (Blue) [Headshot] Venon (Red)
Tue Mar 11 18:18:04 2025 zonk dropped Red's Intel
Tue Mar 11 18:18:04 2025  The intel has returned to the heavens
Tue Mar 11 18:18:04 2025 Y.O.B.A. (Red) [Headshot] zonk (Blue)
Tue Mar 11 18:18:04 2025  Type /HELP for info & commands
Tue Mar 11 18:18:04 2025 microwave (Blue) [Headshot] Bread Orc (Red)
Tue Mar 11 18:18:04 2025 B-7 [LV .99] (Red) [Headshot] microwave (Blue)
Tue Mar 11 18:18:05 2025 awskleth picked up Red's Intel.
Tue Mar 11 18:18:07 2025 You must be closer to the enemy's base to grenade blocks!
Tue Mar 11 18:18:09 2025 You must be closer to the enemy's base to grenade blocks!
Tue Mar 11 18:18:09 2025 B-7 [LV .99] (Red) [Headshot] grub00 (Blue)
Tue Mar 11 18:18:10 2025 [Global] Bread Orc (Red): how do you support china?
Tue Mar 11 18:18:11 2025 You must be closer to the enemy's base to grenade blocks!
Tue Mar 11 18:18:21 2025 [Global] Bread Orc (Red): you buy xiaomi?
Tue Mar 11 18:18:27 2025 [Global] Russia>Ukraine (Red): he buys chinese made goods at walmart
Tue Mar 11 18:18:28 2025 [Global] YOELUCHIJA (Red): yes
Tue Mar 11 18:18:35 2025 Y.O.B.A. (Red) [SMG] haloplayer2003 (Blue)
Tue Mar 11 18:18:37 2025 Y.O.B.A. (Red) [SMG] zonk (Blue)
Tue Mar 11 18:18:37 2025 microwave (Blue) [Headshot] Y.O.B.A. (Red)
Tue Mar 11 18:18:50 2025 Harry (Red) [Headshot] grub00 (Blue)
Tue Mar 11 18:18:59 2025 Deuce (Blue) [Headshot] Y.O.B.A. (Red)
Tue Mar 11 18:19:00 2025 Russia>Ukraine (Red) [Headshot] microwave (Blue)
Tue Mar 11 18:19:01 2025 [Global] awskleth (Blue): nahhh
Tue Mar 11 18:19:01 2025  Visit our community forums at https://aloha.pk/
Tue Mar 11 18:19:15 2025 Deuce (Blue) [Headshot] Y.O.B.A. (Red)
Tue Mar 11 18:19:18 2025 YOELUCHIJA (Red) [Headshot] microwave (Blue)
Tue Mar 11 18:19:21 2025 microwave (Blue) [SMG] Bread Orc (Red)
Tue Mar 11 18:19:22 2025 [Global] YOELUCHIJA (Red): hi
Tue Mar 11 18:19:28 2025 [Global] microwave (Blue): ola
Tue Mar 11 18:19:29 2025 [Global] haloplayer2003 (Blue): death to red
Tue Mar 11 18:19:31 2025 [Global] haloplayer2003 (Blue): DEATH
Tue Mar 11 18:19:31 2025 [Global] awskleth (Blue): fuck you kys monkey cocksucker
Tue Mar 11 18:19:33 2025 [Global] YOELUCHIJA (Red): hola
Tue Mar 11 18:19:37 2025  awskleth was kicked
Tue Mar 11 18:19:37 2025 awskleth dropped Red's Intel
Tue Mar 11 18:19:37 2025 Player awskleth has left
Tue Mar 11 18:19:38 2025 [Global] YOELUCHIJA (Red): next map
Tue Mar 11 18:19:39 2025 zonk picked up Red's Intel.
Tue Mar 11 18:19:45 2025 Deuce (Blue) [Headshot] Venon (Red)
Tue Mar 11 18:19:45 2025 haloplayer2003 (Blue) [Headshot] B-7 [LV .99] (Red)
Tue Mar 11 18:19:46 2025 haloplayer2003 (Blue) [Fall]
Tue Mar 11 18:19:50 2025 awskleth joined Blue team
Tue Mar 11 18:20:00 2025 [Global] awskleth (Blue): whats up boys im back
Tue Mar 11 18:20:00 2025 grub00 (Blue) [SMG] Bread Orc (Red)
Tue Mar 11 18:20:01 2025  Come chat with us at https://discord.aloha.pk/
Tue Mar 11 18:20:03 2025 YOELUCHIJA (Red) [Headshot] awskleth (Blue)
Tue Mar 11 18:20:10 2025 zonk (Blue) [Headshot] YOELUCHIJA (Red)
Tue Mar 11 18:20:11 2025 haloplayer2003 (Blue) [Headshot] Y.O.B.A. (Red)
Tue Mar 11 18:20:16 2025 grub00 (Blue) [Headshot] Venon (Red)
Tue Mar 11 18:20:17 2025 [Global] haloplayer2003 (Blue): fag
Tue Mar 11 18:20:18 2025 [Global] Bread Orc (Red): almost killed you with a shovel gr00b
Tue Mar 11 18:20:22 2025 zonk captured Red's Intel.
Tue Mar 11 18:20:22 2025 Blue Wins!
Tue Mar 11 18:20:22 2025  Game finished! Next map: killroy.
Tue Mar 11 18:20:22 2025 [Global] YOELUCHIJA (Red): nxt
Tue Mar 11 18:20:23 2025 microwave (Blue) [SMG] B-7 [LV .99] (Red)
Tue Mar 11 18:20:23 2025 haloplayer2003 (Blue) [Headshot] YOELUCHIJA (Red)
Tue Mar 11 18:20:23 2025 microwave (Blue) [SMG] B-7 [LV .99] (Red)
Tue Mar 11 18:20:24 2025 Harry (Red) [Headshot] haloplayer2003 (Blue)
Tue Mar 11 18:20:24 2025 microwave (Blue) [Headshot] Venon (Red)
Tue Mar 11 18:20:24 2025 Deuce (Blue) [Headshot] Harry (Red)
Tue Mar 11 18:20:25 2025 Bread Orc (Red) [Headshot] grub00 (Blue)
Tue Mar 11 18:20:26 2025 Deuce (Blue) [Headshot] Bread Orc (Red)
Tue Mar 11 18:20:26 2025 microwave (Blue) [Headshot] Russia>Ukraine (Red)
Tue Mar 11 18:20:27 2025 [Global] Russia>Ukraine (Red): smgay
Tue Mar 11 18:20:27 2025 Y.O.B.A. (Red) [Fall]
Tue Mar 11 18:20:30 2025 awskleth (Blue) [Fall]
Tue Mar 11 18:20:32 2025 ------ World Unloaded ------
Tue Mar 11 18:20:37 2025 ------ World Loaded ------
Tue Mar 11 18:20:37 2025 Welcome to aloha.pk tower of babel
Tue Mar 11 18:20:38 2025 Map: KILLROY by JoJoe Stinky
Tue Mar 11 18:20:40 2025 microwave joined Blue team
Tue Mar 11 18:20:40 2025 Game mode: babel
Tue Mar 11 18:20:41 2025 Russia>Ukraine joined Red team
Tue Mar 11 18:20:41 2025 B-7 [LV .99] joined Red team
Tue Mar 11 18:20:42 2025 Build a tower to get the enemy's intel. Take it to your team's tent to win!
Tue Mar 11 18:20:42 2025 Bread Orc joined Blue team
Tue Mar 11 18:20:44 2025 Visit our community forum at https://aloha.pk/
Tue Mar 11 18:20:46 2025 Come chat with us at https://discord.aloha.pk/
Tue Mar 11 18:20:47 2025 grub00 joined Blue team
Tue Mar 11 18:20:47 2025 Venon joined Blue team
Tue Mar 11 18:20:55 2025 Y.O.B.A. joined Spectator team
Tue Mar 11 18:21:01 2025  If you believe a player is breaking the rules, please let us know with /ADMIN
Tue Mar 11 18:21:07 2025 microwave (Blue) [Headshot] Harry (Red)
Tue Mar 11 18:21:11 2025 Roubini joined Red team
Tue Mar 11 18:21:12 2025 microwave (Blue) [Headshot] Harry (Red)
Tue Mar 11 18:21:14 2025 microwave (Blue) [Grenade] Roubini (Red)
Tue Mar 11 18:21:20 2025 Y.O.B.A. joined Blue team
Tue Mar 11 18:21:21 2025 microwave (Blue) [Headshot] Harry (Red)
Tue Mar 11 18:21:37 2025 microwave (Blue) [Headshot] Harry (Red)
Tue Mar 11 18:21:51 2025 microwave (Blue) [Headshot] B-7 [LV .99] (Red)
Tue Mar 11 18:21:51 2025 Harry (Red) [Headshot] microwave (Blue)
Tue Mar 11 18:22:01 2025  This server runs imger and glow. Use /IMG or /GLOW to toggle them.
Tue Mar 11 18:22:08 2025 Roubini (Red) [SMG] Y.O.B.A. (Blue)
Tue Mar 11 18:22:14 2025 microwave (Blue) [Headshot] Roubini (Red)
Tue Mar 11 18:22:38 2025 YOELUCHIJA joined Red team
Tue Mar 11 18:22:47 2025 microwave (Blue) [Headshot] Harry (Red)
Tue Mar 11 18:22:55 2025 [Global] Russia>Ukraine (Red): DJT supremacy
Tue Mar 11 18:23:01 2025  Use /EMOTE to draw an emote on the map!
Tue Mar 11 18:23:03 2025 grub00 (Blue) [Headshot] Roubini (Red)
Tue Mar 11 18:23:11 2025 microwave (Blue) [SMG] Harry (Red)
Tue Mar 11 18:23:11 2025 B-7 [LV .99] (Red) [Headshot] microwave (Blue)
Tue Mar 11 18:23:15 2025 [Global] Y.O.B.A. (Blue): whats DJT?
Tue Mar 11 18:23:43 2025 Russia>Ukraine (Red) [Shotgun] microwave (Blue)
Tue Mar 11 18:23:47 2025 Bread Orc (Blue) [SMG] Russia>Ukraine (Red)
Tue Mar 11 18:23:54 2025 Deuce joined Blue team
Tue Mar 11 18:23:55 2025 grub00 (Blue) [Headshot] Roubini (Red)
Tue Mar 11 18:23:57 2025 [Global] Russia>Ukraine (Red): donald j trump
Tue Mar 11 18:24:01 2025  Use /HEAVEN to paint the babel platform!
Tue Mar 11 18:24:03 2025 [Global] Bread Orc (Blue): where?
Tue Mar 11 18:24:03 2025 [Global] YOELUCHIJA (Red): fuck trup
Tue Mar 11 18:24:21 2025 microwave (Blue) [SMG] Harry (Red)
Tue Mar 11 18:24:25 2025 microwave (Blue) [SMG] B-7 [LV .99] (Red)
Tue Mar 11 18:24:26 2025 Player YOELUCHIJA has left
Tue Mar 11 18:24:35 2025 microwave (Blue) [Headshot] Harry (Red)
Tue Mar 11 18:24:35 2025 microwave (Blue) [SMG] B-7 [LV .99] (Red)
Tue Mar 11 18:24:51 2025 Russia>Ukraine (Red) [Headshot] grub00 (Blue)
Tue Mar 11 18:24:53 2025 [Global] B-7 [LV .99] (Red): im busy mmicro
Tue Mar 11 18:24:54 2025 microwave (Blue) [SMG] Harry (Red)
Tue Mar 11 18:24:59 2025 [Global] microwave (Blue): wym
Tue Mar 11 18:25:01 2025  Get a 20 killstreak and 1 intel capture(s) to unlock /APOC!
Tue Mar 11 18:25:03 2025 microwave (Blue) [Headshot] Harry (Red)
Tue Mar 11 18:25:10 2025 Harry (Red) [Headshot] microwave (Blue)
Tue Mar 11 18:25:14 2025 grub00 (Blue) [Headshot] Roubini (Red)
Tue Mar 11 18:25:48 2025 microwave (Blue) [SMG] Roubini (Red)
Tue Mar 11 18:26:01 2025  Capture your team's 5th intel to unlock /APOC for your team's best builder!
Tue Mar 11 18:26:05 2025 microwave (Blue) [Headshot] B-7 [LV .99] (Red)
Tue Mar 11 18:26:09 2025 microwave (Blue) [Headshot] B-7 [LV .99] (Red)
Tue Mar 11 18:26:10 2025 Y.O.B.A. (Blue) [Headshot] Russia>Ukraine (Red)
Tue Mar 11 18:26:11 2025 microwave (Blue) [Headshot] Roubini (Red)
Tue Mar 11 18:26:19 2025 [Global] Y.O.B.A. (Blue): i heared u
Tue Mar 11 18:26:23 2025 microwave (Blue) [Headshot] Roubini (Red)
Tue Mar 11 18:26:27 2025 microwave (Blue) [SMG] B-7 [LV .99] (Red)
Tue Mar 11 18:26:28 2025 [Global] Russia>Ukraine (Red): i didnt say anything
Tue Mar 11 18:26:29 2025 Player Venon has left
Tue Mar 11 18:26:36 2025 microwave (Blue) [SMG] B-7 [LV .99] (Red)
Tue Mar 11 18:26:37 2025 microwave (Blue) [SMG] Roubini (Red)
Tue Mar 11 18:26:38 2025 microwave (Blue) [Headshot] Russia>Ukraine (Red)
Tue Mar 11 18:26:40 2025 Harry (Red) [Headshot] microwave (Blue)
Tue Mar 11 18:26:44 2025 B-7 [LV .99] (Red) [Weapon Change]
Tue Mar 11 18:27:01 2025  Mahalo for playing aloha.pk tower of babel
Tue Mar 11 18:27:04 2025 [Global] Y.O.B.A. (Blue): just today we banned guy with ESP, aimbot and noclip
Tue Mar 11 18:27:04 2025 Ethantuah joined Red team
Tue Mar 11 18:27:05 2025 microwave (Blue) [Headshot] Russia>Ukraine (Red)
Tue Mar 11 18:27:12 2025 Summit joined Blue team
Tue Mar 11 18:27:21 2025 Roubini (Red) [Headshot] Deuce (Blue)
Tue Mar 11 18:27:30 2025 [Global] microwave (Blue): nice catch
Tue Mar 11 18:27:39 2025 microwave (Blue) [Headshot] B-7 [LV .99] (Red)
Tue Mar 11 18:27:51 2025 Y.O.B.A. (Blue) [Grenade] Roubini (Red)
Tue Mar 11 18:27:52 2025 B-7 [LV .99] (Red) [Headshot] microwave (Blue)
Tue Mar 11 18:28:01 2025  Build a tower to get the enemy's intel. Take it to your team's tent to win!
Tue Mar 11 18:28:05 2025 Deuce (Blue) [Rifle] Harry (Red)
Tue Mar 11 18:28:06 2025 Y.O.B.A. (Blue) [Headshot] Russia>Ukraine (Red)
Tue Mar 11 18:28:18 2025 Shadez12 joined Blue team
Tue Mar 11 18:28:21 2025 microwave (Blue) [Headshot] Russia>Ukraine (Red)
Tue Mar 11 18:28:26 2025 Harry (Red) [Headshot] Summit (Blue)
Tue Mar 11 18:28:30 2025 Player Summit has left
Tue Mar 11 18:28:35 2025 Roubini (Red) [Headshot] Y.O.B.A. (Blue)
Tue Mar 11 18:28:39 2025 Deuce (Blue) [Headshot] Roubini (Red)
Tue Mar 11 18:28:49 2025 Venon joined Blue team
Tue Mar 11 18:28:59 2025 microwave (Blue) [Headshot] Harry (Red)
Tue Mar 11 18:29:01 2025  Type /HELP for info & commands
Tue Mar 11 18:29:04 2025 microwave (Blue) [Headshot] Roubini (Red)
Tue Mar 11 18:29:13 2025  Bread Orc has reached 1000 blocks placed! /heaven unlocked.
Tue Mar 11 18:29:21 2025 microwave (Blue) [SMG] Harry (Red)
Tue Mar 11 18:29:27 2025 Russia>Ukraine (Red) [SMG] Bread Orc (Blue)
Tue Mar 11 18:29:34 2025 [Global] B-7 [LV .99] (Red): Red time vs microwave KKKKKKKKKK
Tue Mar 11 18:29:50 2025 microwave (Blue) [Headshot] Harry (Red)
Tue Mar 11 18:29:52 2025 microwave (Blue) [Headshot] Roubini (Red)
Tue Mar 11 18:29:52 2025 Russia>Ukraine (Red) [Headshot] Shadez12 (Blue)
Tue Mar 11 18:29:54 2025 Russia>Ukraine (Red) [Headshot] Bread Orc (Blue)
Tue Mar 11 18:29:55 2025 B-7 [LV .99] (Red) [Headshot] grub00 (Blue)
Tue Mar 11 18:29:58 2025 microwave (Blue) [Headshot] Harry (Red)
Tue Mar 11 18:29:58 2025 Russia>Ukraine (Red) [Headshot] Y.O.B.A. (Blue)
Tue Mar 11 18:29:58 2025 microwave (Blue) [Headshot] Roubini (Red)
Tue Mar 11 18:30:01 2025  Visit our community forums at https://aloha.pk/
Tue Mar 11 18:30:09 2025 microwave (Blue) [SMG] Roubini (Red)
Tue Mar 11 18:30:12 2025 Player Roubini has left
Tue Mar 11 18:30:14 2025 microwave (Blue) [Headshot] Harry (Red)
Tue Mar 11 18:30:22 2025 microwave (Blue) [Headshot] Harry (Red)
Tue Mar 11 18:30:24 2025 Bread Orc (Blue) [SMG] Russia>Ukraine (Red)
Tue Mar 11 18:30:33 2025 microwave (Blue) [Headshot] Russia>Ukraine (Red)
Tue Mar 11 18:30:36 2025 microwave (Blue) [Headshot] Harry (Red)
Tue Mar 11 18:30:37 2025 B-7 [LV .99] (Red) [SMG] microwave (Blue)
Tue Mar 11 18:30:39 2025 Deuce (Blue) [Rifle] Ethantuah (Red)
Tue Mar 11 18:30:51 2025  Deuce has reached 1000 blocks placed! /heaven unlocked.
Tue Mar 11 18:30:59 2025 [Global] Russia>Ukraine (Red): more kills than everyone else in the game combined
Tue Mar 11 18:31:01 2025  Come chat with us at https://discord.aloha.pk/
Tue Mar 11 18:31:07 2025 Harry (Red) [Headshot] microwave (Blue)
Tue Mar 11 18:31:15 2025 [Global] microwave (Blue): yall not even pushing us
Tue Mar 11 18:31:18 2025 Ethantuah (Red) [Headshot] Shadez12 (Blue)
Tue Mar 11 18:31:22 2025 Player Shadez12 has left
Tue Mar 11 18:31:24 2025 You must be closer to the enemy's base to shoot blocks!
Tue Mar 11 18:31:25 2025 microwave (Blue) [SMG] Ethantuah (Red)
Tue Mar 11 18:31:39 2025 microwave (Blue) [Headshot] Harry (Red)
Tue Mar 11 18:31:54 2025 Deuce (Blue) [Headshot] Russia>Ukraine (Red)
Tue Mar 11 18:32:01 2025  If you believe a player is breaking the rules, please let us know with /ADMIN
Tue Mar 11 18:32:17 2025 Harry (Red) [Rifle] Y.O.B.A. (Blue)
Tue Mar 11 18:32:18 2025 Harry (Red) [Headshot] Venon (Blue)
Tue Mar 11 18:32:26 2025 You must be closer to the enemy's base to shoot blocks!
Tue Mar 11 18:32:33 2025 Russia>Ukraine (Red) [Headshot] grub00 (Blue)
Tue Mar 11 18:32:35 2025 Deuce (Blue) [Headshot] Harry (Red)
Tue Mar 11 18:32:41 2025 Venon (Blue) [Headshot] Ethantuah (Red)
Tue Mar 11 18:32:43 2025 ^w^ joined Red team
Tue Mar 11 18:32:45 2025 microwave (Blue) [Headshot] Ethantuah (Red)
Tue Mar 11 18:32:55 2025 Player Ethantuah has left
Tue Mar 11 18:32:57 2025 microwave (Blue) [Headshot] ^w^ (Red)
Tue Mar 11 18:33:01 2025  This server runs imger and glow. Use /IMG or /GLOW to toggle them.
Tue Mar 11 18:33:03 2025 microwave (Blue) [SMG] Harry (Red)
Tue Mar 11 18:33:13 2025 microwave (Blue) [Headshot] Harry (Red)
Tue Mar 11 18:33:20 2025 Russia>Ukraine (Red) [SMG] Y.O.B.A. (Blue)
Tue Mar 11 18:33:24 2025 microwave (Blue) [Headshot] Harry (Red)
Tue Mar 11 18:33:26 2025 Y.O.B.A. (Blue) [Headshot] Russia>Ukraine (Red)
Tue Mar 11 18:33:31 2025 B-7 [LV .99] (Red) [Headshot] microwave (Blue)
Tue Mar 11 18:33:37 2025 Player Russia>Ukraine has left
Tue Mar 11 18:33:50 2025 blabel joined Red team
Tue Mar 11 18:33:59 2025 blabel (Red) [Team Change]
Tue Mar 11 18:34:01 2025  Use /EMOTE to draw an emote on the map!
Tue Mar 11 18:34:08 2025 blabel joined Spectator team
Tue Mar 11 18:34:36 2025 microwave (Blue) [Headshot] B-7 [LV .99] (Red)
Tue Mar 11 18:34:37 2025 microwave (Blue) [Headshot] Harry (Red)
Tue Mar 11 18:34:44 2025 ^w^ (Red) [Headshot] microwave (Blue)
Tue Mar 11 18:34:50 2025 Bread Orc (Blue) [SMG] ^w^ (Red)
Tue Mar 11 18:34:57 2025 Harry (Red) [Rifle] Bread Orc (Blue)
Tue Mar 11 18:35:01 2025  Use /HEAVEN to paint the babel platform!
Tue Mar 11 18:35:12 2025 microwave (Blue) [Headshot] Harry (Red)
Tue Mar 11 18:35:13 2025 microwave (Blue) [Headshot] B-7 [LV .99] (Red)
Tue Mar 11 18:35:21 2025 microwave (Blue) [Headshot] ^w^ (Red)
Tue Mar 11 18:35:38 2025 Deuce (Blue) [Fall]
Tue Mar 11 18:35:41 2025 microwave (Blue) [Headshot] Harry (Red)
Tue Mar 11 18:35:44 2025 [Global] B-7 [LV .99] (Red): what the num of codeline to hack micro
Tue Mar 11 18:35:48 2025 Player blabel has left
Tue Mar 11 18:35:55 2025 microwave (Blue) [Headshot] B-7 [LV .99] (Red)
Tue Mar 11 18:35:58 2025 microwave (Blue) [Headshot] ^w^ (Red)
Tue Mar 11 18:36:00 2025 microwave (Blue) [Headshot] Harry (Red)
Tue Mar 11 18:36:01 2025  Get a 20 killstreak and 1 intel capture(s) to unlock /APOC!
Tue Mar 11 18:36:09 2025 B-7 [LV .99] (Red) [SMG] microwave (Blue)
Tue Mar 11 18:36:27 2025 Player Bread Orc has left
Tue Mar 11 18:36:28 2025  Y.O.B.A. has reached 1000 blocks placed! /heaven unlocked.
Tue Mar 11 18:36:41 2025 microwave (Blue) [Headshot] Harry (Red)
Tue Mar 11 18:37:01 2025  Capture your team's 5th intel to unlock /APOC for your team's best builder!
Tue Mar 11 18:37:06 2025 microwave (Blue) [Headshot] Harry (Red)
Tue Mar 11 18:37:08 2025 ^w^ (Red) [Headshot] Y.O.B.A. (Blue)
Tue Mar 11 18:37:08 2025 You must be closer to the enemy's base to grenade blocks!
Tue Mar 11 18:37:13 2025 Harry (Red) [Rifle] microwave (Blue)
Tue Mar 11 18:37:19 2025 Disconnecting
