Mon Jan  6 14:22:51 2025 ------ World Loaded ------
Mon Jan  6 14:22:52 2025 Welcome to aloha.pk tower of babel
Mon Jan  6 14:22:53 2025 Map: pinpoint2 by TheGrandmaster
Mon Jan  6 14:22:53 2025 rouxcatore (Blue) [Fall]
Mon Jan  6 14:22:55 2025 Game mode: babel
Mon Jan  6 14:22:57 2025 Build a tower to get the enemy's intel. Take it to your team's tent to win!
Mon Jan  6 14:22:59 2025 Jern Axel (Blue) [Headshot] Cobson (Red)
Mon Jan  6 14:22:59 2025 Visit our community forum at https://aloha.pk/
Mon Jan  6 14:23:01 2025 Come chat with us at https://discord.aloha.pk/
Mon Jan  6 14:23:02 2025 IlikeTrains (Blue) [SMG] andreBlea23 (Red)
Mon Jan  6 14:23:04 2025 [Global] Cobson (Red): fucking hacker
Mon Jan  6 14:23:14 2025 IlikeTrains (Blue) [Headshot] RemuS (Red)
Mon Jan  6 14:23:17 2025 [Global] Jern Axel (Blue): Cobson stop running in the fucking water you dumbass
Mon Jan  6 14:23:21 2025 [Global] RemuS (Red): mouai...
Mon Jan  6 14:23:23 2025 IlikeTrains (Blue) [Headshot] i will try (Red)
Mon Jan  6 14:23:29 2025 [Global] SHURA (): haking fucker
Mon Jan  6 14:23:30 2025 elpene69 (Red) [Headshot] IlikeTrains (Blue)
Mon Jan  6 14:23:31 2025 Cobson (Red) [Rifle] Animawesome (Blue)
Mon Jan  6 14:23:36 2025 [Global] elpene69 (Red): ilikelag
Mon Jan  6 14:23:37 2025 [Global] Animawesome (Blue): fucking hacker
Mon Jan  6 14:23:38 2025 [Global] elpene69 (Red): z
Mon Jan  6 14:23:39 2025 andreBlea23 (Red) [SMG] rouxcatore (Blue)
Mon Jan  6 14:23:41 2025 [Global] IlikeTrains (Blue): ducking ducker
Mon Jan  6 14:23:41 2025 Jern Axel (Blue) [Headshot] Cobson (Red)
Mon Jan  6 14:23:46 2025 [Global] Cobson (Red): fucking hacker
Mon Jan  6 14:23:48 2025  Type /HELP for info & commands
Mon Jan  6 14:23:49 2025 [Global] Jern Axel (Blue): Like comon cobson
Mon Jan  6 14:23:51 2025 [Global] elpene69 (Red): elduck69
Mon Jan  6 14:23:52 2025 [Global] not a burner (Red): clucking clucker
Mon Jan  6 14:23:54 2025 IlikeTrains (Blue) [SMG] Lalilalay (Red)
Mon Jan  6 14:23:56 2025 Jern Axel (Blue) [Rifle] i will try (Red)
Mon Jan  6 14:24:02 2025 IlikeTrains (Blue) [Headshot] elpene69 (Red)
Mon Jan  6 14:24:02 2025 pal joined Blue team
Mon Jan  6 14:24:02 2025 Lee Kee bum (Blue) [Headshot] andreBlea23 (Red)
Mon Jan  6 14:24:03 2025 [Global] not a burner (Red): mmm, eggs
Mon Jan  6 14:24:04 2025 Cobson (Red) [Headshot] IlikeTrains (Blue)
Mon Jan  6 14:24:10 2025 [Global] SHURA (): hucking facker
Mon Jan  6 14:24:19 2025 DeyoDeyo! (Blue) [Headshot] i will try (Red)
Mon Jan  6 14:24:20 2025 DeyoDeyo! (Blue) [Headshot] elpene69 (Red)
Mon Jan  6 14:24:22 2025 Harry (Red) [Rifle] DeyoDeyo! (Blue)
Mon Jan  6 14:24:22 2025 Lalilalay (Red) [Headshot] Lee Kee bum (Blue)
Mon Jan  6 14:24:25 2025 Harry (Red) [Rifle] Animawesome (Blue)
Mon Jan  6 14:24:29 2025 IlikeTrains (Blue) [Headshot] andreBlea23 (Red)
Mon Jan  6 14:24:29 2025 Cobson (Red) [Headshot] IlikeTrains (Blue)
Mon Jan  6 14:24:30 2025 [Global] SHURA (): ○
Mon Jan  6 14:24:30 2025 rouxcatore (Blue) [Grenade] Harry (Red)
Mon Jan  6 14:24:33 2025 Lalilalay (Red) [Headshot] rouxcatore (Blue)
Mon Jan  6 14:24:35 2025 pal (Blue) [Rifle] Lalilalay (Red)
Mon Jan  6 14:24:37 2025 [Global] elpene69 (Red): cube
Mon Jan  6 14:24:43 2025 DeyoDeyo! (Blue) [SMG] Cobson (Red)
Mon Jan  6 14:24:48 2025 [Global] Cobson (Red): fucking ***
Mon Jan  6 14:24:48 2025  Visit our community forums at https://aloha.pk/
Mon Jan  6 14:24:48 2025 Jern Axel (Blue) [Headshot] Lalilalay (Red)
Mon Jan  6 14:24:58 2025 DeyoDeyo! (Blue) [Headshot] RemuS (Red)
Mon Jan  6 14:25:03 2025 IlikeTrains (Blue) [Headshot] Cobson (Red)
Mon Jan  6 14:25:07 2025 Komrad Senko joined Red team
Mon Jan  6 14:25:19 2025 DeyoDeyo! (Blue) [Headshot] elpene69 (Red)
Mon Jan  6 14:25:20 2025 Lalilalay (Red) [Headshot] pal (Blue)
Mon Jan  6 14:25:22 2025 RemuS (Red) [SMG] DeyoDeyo! (Blue)
Mon Jan  6 14:25:24 2025 Lee Kee bum (Blue) [Headshot] Lalilalay (Red)
Mon Jan  6 14:25:24 2025 You must be closer to the enemy's base to grenade blocks!
Mon Jan  6 14:25:26 2025 [Team] elpene69 (Red): digger
Mon Jan  6 14:25:26 2025 World (Blue) [Fall]
Mon Jan  6 14:25:29 2025 Cobson (Red) [Headshot] Animawesome (Blue)
Mon Jan  6 14:25:31 2025 RemuS (Red) [SMG] Jern Axel (Blue)
Mon Jan  6 14:25:31 2025 RemuS (Red) [Headshot] IlikeTrains (Blue)
Mon Jan  6 14:25:35 2025 DeyoDeyo! (Blue) [Headshot] Harry (Red)
Mon Jan  6 14:25:39 2025 RemuS (Red) [SMG] rouxcatore (Blue)
Mon Jan  6 14:25:41 2025 [Global] SHURA (): its very funny game. if have ate good staff
Mon Jan  6 14:25:48 2025 IlikeTrains (Blue) [Headshot] andreBlea23 (Red)
Mon Jan  6 14:25:48 2025  Come chat with us at https://discord.aloha.pk/
Mon Jan  6 14:25:50 2025 [Global] not a burner (Red): staff of mushroom
Mon Jan  6 14:25:54 2025 RemuS (Red) [Headshot] Jern Axel (Blue)
Mon Jan  6 14:25:55 2025 DeyoDeyo! (Blue) [SMG] RemuS (Red)
Mon Jan  6 14:25:58 2025 [Global] SHURA (): yep
Mon Jan  6 14:25:59 2025 Player rouxcatore has left
Mon Jan  6 14:26:01 2025 Lalilalay (Red) [Headshot] DeyoDeyo! (Blue)
Mon Jan  6 14:26:06 2025 Lalilalay (Red) [Headshot] pal (Blue)
Mon Jan  6 14:26:07 2025 [Global] SHURA (): really good
Mon Jan  6 14:26:07 2025 Harry (Red) [Headshot] Lee Kee bum (Blue)
Mon Jan  6 14:26:10 2025 Jern Axel (Blue) [Headshot] Komrad Senko (Red)
Mon Jan  6 14:26:18 2025 Komrad Senko (Red) [Weapon Change]
Mon Jan  6 14:26:24 2025 RemuS (Red) [Grenade] Animawesome (Blue)
Mon Jan  6 14:26:25 2025 Ding joined Red team
Mon Jan  6 14:26:31 2025 [Global] Ramiroproplayer (): como spawneo?
Mon Jan  6 14:26:34 2025 IlikeTrains (Blue) [Headshot] RemuS (Red)
Mon Jan  6 14:26:38 2025 IlikeTrains (Blue) [SMG] andreBlea23 (Red)
Mon Jan  6 14:26:39 2025 Haxorus joined Blue team
Mon Jan  6 14:26:42 2025 Haxorus (Blue) [Team Change]
Mon Jan  6 14:26:45 2025 PixelPizza joined Blue team
Mon Jan  6 14:26:45 2025 IlikeTrains (Blue) [Grenade] Harry (Red)
Mon Jan  6 14:26:46 2025 DeyoDeyo! (Blue) [Headshot] Lalilalay (Red)
Mon Jan  6 14:26:48 2025 Haxorus joined Red team
Mon Jan  6 14:26:48 2025  If you believe a player is breaking the rules, please let us know with /ADMIN
Mon Jan  6 14:26:49 2025 Cobson (Red) [Rifle] IlikeTrains (Blue)
Mon Jan  6 14:26:50 2025 DeyoDeyo! (Blue) [Headshot] Komrad Senko (Red)
Mon Jan  6 14:26:51 2025 RemuS (Red) [SMG] DeyoDeyo! (Blue)
Mon Jan  6 14:26:54 2025 Jern Axel (Blue) [Headshot] Cobson (Red)
Mon Jan  6 14:26:58 2025 youneedpractice joined Blue team
Mon Jan  6 14:27:00 2025 Jern Axel (Blue) [Headshot] andreBlea23 (Red)
Mon Jan  6 14:27:01 2025 Jern Axel (Blue) [Headshot] Harry (Red)
Mon Jan  6 14:27:01 2025 Player pal has left
Mon Jan  6 14:27:09 2025 RemuS (Red) [Headshot] Jern Axel (Blue)
Mon Jan  6 14:27:09 2025 [Global] Cobson (Red): stop disabling your hitboxes
Mon Jan  6 14:27:13 2025 Player Ramiroproplayer has left
Mon Jan  6 14:27:15 2025 PixelPizza (Blue) [Headshot] RemuS (Red)
Mon Jan  6 14:27:16 2025 [Global] elpene69 (Red): grrrr
Mon Jan  6 14:27:20 2025 [Global] elpene69 (Red): these haxers
Mon Jan  6 14:27:22 2025 IlikeTrains (Blue) [Headshot] Harry (Red)
Mon Jan  6 14:27:23 2025 IlikeTrains (Blue) [Headshot] Haxorus (Red)
Mon Jan  6 14:27:23 2025 Cobson (Red) [Headshot] IlikeTrains (Blue)
Mon Jan  6 14:27:29 2025 DeyoDeyo! (Blue) [Rifle] Komrad Senko (Red)
Mon Jan  6 14:27:30 2025 [Global] SHURA (): hax
Mon Jan  6 14:27:32 2025 Animawesome (Blue) [Fall]
Mon Jan  6 14:27:32 2025 DeyoDeyo! (Blue) [Headshot] Harry (Red)
Mon Jan  6 14:27:36 2025 Ramiroproplayer joined Spectator team
Mon Jan  6 14:27:36 2025 DeyoDeyo! (Blue) [Headshot] RemuS (Red)
Mon Jan  6 14:27:36 2025 IlikeTrains (Blue) [Headshot] andreBlea23 (Red)
Mon Jan  6 14:27:42 2025 DeyoDeyo! (Blue) [Headshot] Lalilalay (Red)
Mon Jan  6 14:27:47 2025 PixelPizza (Blue) [Headshot] Cobson (Red)
Mon Jan  6 14:27:48 2025  This server runs imger and glow. Use /IMG or /GLOW to toggle them.
Mon Jan  6 14:27:50 2025 PixelPizza (Blue) [Headshot] Haxorus (Red)
Mon Jan  6 14:27:52 2025 [Global] elpene69 (Red): COBSON
Mon Jan  6 14:27:53 2025 [Global] elpene69 (Red): NO
Mon Jan  6 14:27:55 2025 Player Ramiroproplayer has left
Mon Jan  6 14:27:56 2025 [Global] Cobson (Red): i know where you are ***
Mon Jan  6 14:27:57 2025 DeyoDeyo! (Blue) [Headshot] andreBlea23 (Red)
Mon Jan  6 14:27:58 2025  Tom [@os] has reached 1000 blocks placed! /heaven unlocked.
Mon Jan  6 14:28:02 2025 Cobson (Red) [Headshot] DeyoDeyo! (Blue)
Mon Jan  6 14:28:03 2025 elpene69 (Red) [Grenade] Jern Axel (Blue)
Mon Jan  6 14:28:05 2025 Komrad Senko (Red) [Headshot] Animawesome (Blue)
Mon Jan  6 14:28:05 2025 PixelPizza (Blue) [Rifle] Komrad Senko (Red)
Mon Jan  6 14:28:07 2025 [Global] elpene69 (Red): wher
Mon Jan  6 14:28:09 2025 Lee Kee bum (Blue) [Headshot] Haxorus (Red)
Mon Jan  6 14:28:10 2025 IlikeTrains (Blue) [SMG] RemuS (Red)
Mon Jan  6 14:28:10 2025 elpene69 (Red) [Fall]
Mon Jan  6 14:28:11 2025 IlikeTrains (Blue) [Headshot] Harry (Red)
Mon Jan  6 14:28:11 2025 Cobson (Red) [Headshot] youneedpractice (Blue)
Mon Jan  6 14:28:14 2025 IlikeTrains (Blue) [Headshot] i will try (Red)
Mon Jan  6 14:28:18 2025 Harry (Red) [Headshot] IlikeTrains (Blue)
Mon Jan  6 14:28:18 2025 Lee Kee bum (Blue) [Rifle] Harry (Red)
Mon Jan  6 14:28:23 2025 Lee Kee bum (Blue) [Rifle] Haxorus (Red)
Mon Jan  6 14:28:28 2025 DeyoDeyo! (Blue) [Headshot] Cobson (Red)
Mon Jan  6 14:28:29 2025 DeyoDeyo! (Blue) [Headshot] Komrad Senko (Red)
Mon Jan  6 14:28:29 2025 PixelPizza (Blue) [Headshot] RemuS (Red)
Mon Jan  6 14:28:30 2025 DeyoDeyo! (Blue) [Headshot] Lalilalay (Red)
Mon Jan  6 14:28:32 2025 [Global] Cobson (Red): ***
Mon Jan  6 14:28:32 2025 Player RemuS has left
Mon Jan  6 14:28:38 2025 PixelPizza (Blue) [Headshot] elpene69 (Red)
Mon Jan  6 14:28:38 2025 You must be closer to the enemy's base to shoot blocks!
Mon Jan  6 14:28:44 2025 PixelPizza (Blue) [Headshot] andreBlea23 (Red)
Mon Jan  6 14:28:47 2025 DeyoDeyo! (Blue) [Headshot] Lalilalay (Red)
Mon Jan  6 14:28:48 2025  Use /EMOTE to draw an emote on the map!
Mon Jan  6 14:28:53 2025 Harry (Red) [Headshot] DeyoDeyo! (Blue)
Mon Jan  6 14:28:59 2025 Lalilalay (Red) [Headshot] IlikeTrains (Blue)
Mon Jan  6 14:29:00 2025 Jern Axel (Blue) [Headshot] Lalilalay (Red)
Mon Jan  6 14:29:01 2025 Haxorus (Red) [Headshot] Lee Kee bum (Blue)
Mon Jan  6 14:29:03 2025 Jern Axel (Blue) [Headshot] andreBlea23 (Red)
Mon Jan  6 14:29:06 2025 Harry (Red) [Headshot] PixelPizza (Blue)
Mon Jan  6 14:29:07 2025 Ding (Red) [Fall]
Mon Jan  6 14:29:08 2025 Name joined Blue team
Mon Jan  6 14:29:11 2025 IlikeTrains (Blue) [Headshot] Komrad Senko (Red)
Mon Jan  6 14:29:12 2025 Harry (Red) [Headshot] Jern Axel (Blue)
Mon Jan  6 14:29:14 2025 Cobson (Red) [Rifle] youneedpractice (Blue)
Mon Jan  6 14:29:16 2025 DeyoDeyo! (Blue) [Headshot] Harry (Red)
Mon Jan  6 14:29:17 2025 IlikeTrains (Blue) [Headshot] Cobson (Red)
Mon Jan  6 14:29:20 2025 Y.O.B.A. joined Blue team
Mon Jan  6 14:29:27 2025 Haxorus (Red) [Headshot] DeyoDeyo! (Blue)
Mon Jan  6 14:29:32 2025 [Global] elpene69 (Red): blue
Mon Jan  6 14:29:33 2025 IlikeTrains (Blue) [Headshot] Haxorus (Red)
Mon Jan  6 14:29:36 2025 [Global] elpene69 (Red): dont build
Mon Jan  6 14:29:38 2025 IlikeTrains (Blue) [SMG] Lalilalay (Red)
Mon Jan  6 14:29:39 2025 Komrad Senko (Red) [Headshot] IlikeTrains (Blue)
Mon Jan  6 14:29:40 2025 [Global] elpene69 (Red): i will help
Mon Jan  6 14:29:41 2025 PixelPizza (Blue) [Headshot] Komrad Senko (Red)
Mon Jan  6 14:29:45 2025 Y.O.B.A. (Blue) [Headshot] andreBlea23 (Red)
Mon Jan  6 14:29:48 2025  Use /HEAVEN to paint the babel platform!
Mon Jan  6 14:29:50 2025 DeyoDeyo! (Blue) [Headshot] Cobson (Red)
Mon Jan  6 14:29:50 2025 Harry (Red) [Rifle] Y.O.B.A. (Blue)
Mon Jan  6 14:29:51 2025 Lee Kee bum picked up Red's Intel.
Mon Jan  6 14:29:54 2025 [Global] IlikeTrains (Blue): how
Mon Jan  6 14:29:56 2025 [Global] Cobson (Red): shieeet
Mon Jan  6 14:29:57 2025 Haxorus (Red) [Headshot] Name (Blue)
Mon Jan  6 14:30:03 2025 PixelPizza (Blue) [Rifle] Haxorus (Red)
Mon Jan  6 14:30:04 2025 Jern Axel (Blue) [Headshot] Cobson (Red)
Mon Jan  6 14:30:06 2025 Jern Axel (Blue) [Headshot] i will try (Red)
Mon Jan  6 14:30:08 2025 Jern Axel (Blue) [Rifle] not a burner (Red)
Mon Jan  6 14:30:08 2025 [Global] Cobson (Red): ***
Mon Jan  6 14:30:09 2025 [Global] Cobson (Red): HACKER
Mon Jan  6 14:30:13 2025 Jern Axel (Blue) [Rifle] Ding (Red)
Mon Jan  6 14:30:13 2025 Cobson (Red) [Headshot] Jern Axel (Blue)
Mon Jan  6 14:30:13 2025 DeyoDeyo! (Blue) [Headshot] Harry (Red)
Mon Jan  6 14:30:14 2025 [Global] not a burner (Red): that's called a platform
Mon Jan  6 14:30:15 2025 [Global] Ding (Red): hax!!!!!
Mon Jan  6 14:30:16 2025 [Global] Animawesome (Blue): boohoo
Mon Jan  6 14:30:20 2025 IlikeTrains (Blue) [Headshot] andreBlea23 (Red)
Mon Jan  6 14:30:22 2025 DeyoDeyo! (Blue) [Headshot] Lalilalay (Red)
Mon Jan  6 14:30:22 2025 Komrad Senko (Red) [Headshot] DeyoDeyo! (Blue)
Mon Jan  6 14:30:24 2025 [Team] elpene69 (Red): rusher in top
Mon Jan  6 14:30:28 2025 IlikeTrains (Blue) [Headshot] Komrad Senko (Red)
Mon Jan  6 14:30:29 2025 Animawesome (Blue) [Headshot] Cobson (Red)
Mon Jan  6 14:30:29 2025 Harry (Red) [Headshot] Animawesome (Blue)
Mon Jan  6 14:30:31 2025 [Global] IlikeTrains (Blue): skycheat
Mon Jan  6 14:30:35 2025 Lee Kee bum captured Red's Intel.
Mon Jan  6 14:30:36 2025 [Global] elpene69 (Red): wtf
Mon Jan  6 14:30:37 2025 not a burner (Red) [Headshot] youneedpractice (Blue)
Mon Jan  6 14:30:39 2025 Haxorus (Red) [Headshot] IlikeTrains (Blue)
Mon Jan  6 14:30:39 2025 [Global] Cobson (Red): time to camp in the command point
Mon Jan  6 14:30:40 2025  Ding has reached 1000 blocks placed! /heaven unlocked.
Mon Jan  6 14:30:41 2025 IlikeTrains (Blue) [Grenade] Ding (Red)
Mon Jan  6 14:30:45 2025 [Global] SHURA (): i see u not a burner. 
Mon Jan  6 14:30:46 2025 PixelPizza (Blue) [Headshot] andreBlea23 (Red)
Mon Jan  6 14:30:47 2025 DeyoDeyo! (Blue) [Headshot] Harry (Red)
Mon Jan  6 14:30:47 2025 [Global] not a burner (Red): okay
Mon Jan  6 14:30:48 2025  Get a 20 killstreak and 1 intel capture(s) to unlock /APOC!
Mon Jan  6 14:30:49 2025 Komrad Senko (Red) [Team Change]
Mon Jan  6 14:30:54 2025 Jern Axel picked up Red's Intel.
Mon Jan  6 14:30:59 2025 PixelPizza (Blue) [Headshot] Haxorus (Red)
Mon Jan  6 14:31:00 2025 Komrad Senko joined Spectator team
Mon Jan  6 14:31:00 2025 DeyoDeyo! (Blue) [Headshot] Harry (Red)
Mon Jan  6 14:31:02 2025 DeyoDeyo! (Blue) [Headshot] Cobson (Red)
Mon Jan  6 14:31:08 2025 PixelPizza (Blue) [Headshot] Lalilalay (Red)
Mon Jan  6 14:31:09 2025 DeyoDeyo! (Blue) [Headshot] Ding (Red)
Mon Jan  6 14:31:11 2025 [Global] Ding (Red): hax
Mon Jan  6 14:31:19 2025 Haxorus (Red) [Headshot] DeyoDeyo! (Blue)
Mon Jan  6 14:31:20 2025  not a burner has reached 1000 blocks placed! /heaven unlocked.
Mon Jan  6 14:31:25 2025 IlikeTrains (Blue) [Headshot] Lalilalay (Red)
Mon Jan  6 14:31:26 2025 Jern Axel captured Red's Intel.
Mon Jan  6 14:31:26 2025 Lee Kee bum (Blue) [Headshot] i will try (Red)
Mon Jan  6 14:31:27 2025 Haxorus (Red) [Headshot] IlikeTrains (Blue)
Mon Jan  6 14:31:31 2025 [Global] IlikeTrains (Blue): big lag
Mon Jan  6 14:31:32 2025 Haxorus (Red) [Headshot] PixelPizza (Blue)
Mon Jan  6 14:31:32 2025 Lee Kee bum (Blue) [Headshot] not a burner (Red)
Mon Jan  6 14:31:33 2025 Lee Kee bum (Blue) [Rifle] Ding (Red)
Mon Jan  6 14:31:34 2025 Animawesome (Blue) [Headshot] Haxorus (Red)
Mon Jan  6 14:31:41 2025 youneedpractice picked up Red's Intel.
Mon Jan  6 14:31:48 2025  Capture your team's 5th intel to unlock /APOC for your team's best builder!
Mon Jan  6 14:31:50 2025 not a burner (Red) [Headshot] Lee Kee bum (Blue)
Mon Jan  6 14:31:52 2025 youneedpractice (Blue) [Headshot] Ding (Red)
Mon Jan  6 14:31:52 2025 IlikeTrains (Blue) [SMG] Haxorus (Red)
Mon Jan  6 14:31:53 2025 IlikeTrains (Blue) [SMG] Cobson (Red)
Mon Jan  6 14:31:55 2025 youneedpractice (Blue) [Headshot] andreBlea23 (Red)
Mon Jan  6 14:31:56 2025 youneedpractice dropped Red's Intel
Mon Jan  6 14:31:56 2025 not a burner (Red) [Headshot] youneedpractice (Blue)
Mon Jan  6 14:31:57 2025 Komrad Senko joined Red team
Mon Jan  6 14:32:02 2025 Jern Axel picked up Red's Intel.
Mon Jan  6 14:32:06 2025 DeyoDeyo! (Blue) [Headshot] Komrad Senko (Red)
Mon Jan  6 14:32:12 2025 Jern Axel (Blue) [Grenade] Cobson (Red)
Mon Jan  6 14:32:12 2025 DeyoDeyo! (Blue) [Headshot] Harry (Red)
Mon Jan  6 14:32:14 2025 Y.O.B.A. (Blue) [Headshot] Lalilalay (Red)
Mon Jan  6 14:32:17 2025 IlikeTrains (Blue) [SMG] andreBlea23 (Red)
Mon Jan  6 14:32:18 2025 DeyoDeyo! (Blue) [Headshot] i will try (Red)
Mon Jan  6 14:32:20 2025 DeyoDeyo! (Blue) [Headshot] Komrad Senko (Red)
Mon Jan  6 14:32:22 2025 DeyoDeyo! (Blue) [Headshot] Cobson (Red)
Mon Jan  6 14:32:23 2025 DeyoDeyo! (Blue) [Headshot] Harry (Red)
Mon Jan  6 14:32:25 2025 Haxorus (Red) [Headshot] IlikeTrains (Blue)
Mon Jan  6 14:32:27 2025 DeyoDeyo! (Blue) [Headshot] Harry (Red)
Mon Jan  6 14:32:31 2025 Ding (Red) [SMG] Animawesome (Blue)
Mon Jan  6 14:32:32 2025 Name (Blue) [Headshot] Haxorus (Red)
Mon Jan  6 14:32:33 2025 [Global] SHURA (): siniy Yoba stroit zelenuyu stenu. dokatilis
Mon Jan  6 14:32:33 2025 not a burner (Red) [Fall]
Mon Jan  6 14:32:36 2025 [Global] Haxorus (Red): close one trains
Mon Jan  6 14:32:41 2025 Name (Blue) [Headshot] Lalilalay (Red)
Mon Jan  6 14:32:41 2025 Harry (Red) [Rifle] Name (Blue)
Mon Jan  6 14:32:42 2025 DeyoDeyo! (Blue) [Headshot] andreBlea23 (Red)
Mon Jan  6 14:32:43 2025 [Global] IlikeTrains (Blue): yeah
Mon Jan  6 14:32:44 2025 [Global] Y.O.B.A. (Blue): :)
Mon Jan  6 14:32:47 2025 DeyoDeyo! (Blue) [Headshot] Komrad Senko (Red)
Mon Jan  6 14:32:48 2025  Mahalo for playing aloha.pk tower of babel
Mon Jan  6 14:32:48 2025 [Global] SHURA (): ))
Mon Jan  6 14:32:49 2025 Lee Kee bum (Blue) [Grenade] Lalilalay (Red)
Mon Jan  6 14:32:49 2025 Jern Axel captured Red's Intel.
Mon Jan  6 14:32:52 2025 DeyoDeyo! (Blue) [Headshot] Haxorus (Red)
Mon Jan  6 14:32:54 2025 youneedpractice (Blue) [Grenade] Cobson (Red)
Mon Jan  6 14:32:57 2025 Komrad Senko (Red) [Headshot] DeyoDeyo! (Blue)
Mon Jan  6 14:32:57 2025 Lee Kee bum (Blue) [Rifle] Komrad Senko (Red)
Mon Jan  6 14:32:57 2025 [Global] Haxorus (Red): 7 hp
Mon Jan  6 14:33:00 2025 Lee Kee bum (Blue) [Rifle] andreBlea23 (Red)
Mon Jan  6 14:33:01 2025 Cobson (Red) [Headshot] youneedpractice (Blue)
Mon Jan  6 14:33:01 2025 Lee Kee bum (Blue) [Rifle] Harry (Red)
Mon Jan  6 14:33:08 2025 IlikeTrains (Blue) [Headshot] not a burner (Red)
Mon Jan  6 14:33:12 2025 Haxorus (Red) [Headshot] PixelPizza (Blue)
Mon Jan  6 14:33:14 2025 Lalilalay (Red) [Headshot] Animawesome (Blue)
Mon Jan  6 14:33:17 2025 Jern Axel picked up Red's Intel.
Mon Jan  6 14:33:21 2025 DeyoDeyo! (Blue) [Headshot] Harry (Red)
Mon Jan  6 14:33:22 2025 Jern Axel dropped Red's Intel
Mon Jan  6 14:33:22 2025 Ding (Red) [SMG] Jern Axel (Blue)
Mon Jan  6 14:33:22 2025 Jern Axel (Blue) [Grenade] Ding (Red)
Mon Jan  6 14:33:24 2025 Komrad Senko (Red) [Headshot] DeyoDeyo! (Blue)
Mon Jan  6 14:33:25 2025 IlikeTrains (Blue) [Headshot] Komrad Senko (Red)
Mon Jan  6 14:33:26 2025 elpene69 (Red) [Headshot] Lee Kee bum (Blue)
Mon Jan  6 14:33:26 2025 Name (Blue) [Headshot] Haxorus (Red)
Mon Jan  6 14:33:31 2025 not a burner (Red) [Headshot] Name (Blue)
Mon Jan  6 14:33:32 2025 Lalilalay picked up Blue's Intel.
Mon Jan  6 14:33:32 2025 Lalilalay (Red) [Headshot] Tom [@os] (Blue)
Mon Jan  6 14:33:34 2025 Lalilalay dropped Blue's Intel
Mon Jan  6 14:33:34 2025 Y.O.B.A. (Blue) [Headshot] Lalilalay (Red)
Mon Jan  6 14:33:39 2025 IlikeTrains (Blue) [Headshot] andreBlea23 (Red)
Mon Jan  6 14:33:39 2025 Harry (Red) [Headshot] IlikeTrains (Blue)
Mon Jan  6 14:33:47 2025 Ding (Red) [Headshot] youneedpractice (Blue)
Mon Jan  6 14:33:48 2025  Build a tower to get the enemy's intel. Take it to your team's tent to win!
Mon Jan  6 14:33:52 2025 Cobson (Red) [Headshot] Jern Axel (Blue)
Mon Jan  6 14:33:55 2025 Cobson (Red) [Headshot] Animawesome (Blue)
Mon Jan  6 14:33:57 2025 elpene69 (Red) [Headshot] DeyoDeyo! (Blue)
Mon Jan  6 14:33:58 2025 Cobson (Red) [Headshot] Y.O.B.A. (Blue)
Mon Jan  6 14:34:00 2025 Tom [@os] (Blue) [Headshot] Cobson (Red)
Mon Jan  6 14:34:02 2025 elpene69 (Red) [Headshot] Tom [@os] (Blue)
Mon Jan  6 14:34:02 2025 You must be closer to the enemy's base to shoot blocks!
Mon Jan  6 14:34:03 2025 You must be closer to the enemy's base to shoot blocks!
Mon Jan  6 14:34:04 2025 You must be closer to the enemy's base to shoot blocks!
Mon Jan  6 14:34:06 2025 andreBlea23 (Red) [SMG] youneedpractice (Blue)
Mon Jan  6 14:34:07 2025 elpene69 picked up Blue's Intel.
Mon Jan  6 14:34:11 2025 IlikeTrains (Blue) [Headshot] Lalilalay (Red)
Mon Jan  6 14:34:12 2025 elpene69 dropped Blue's Intel
Mon Jan  6 14:34:12 2025 IlikeTrains (Blue) [SMG] elpene69 (Red)
Mon Jan  6 14:34:12 2025 PixelPizza (Blue) [Headshot] Haxorus (Red)
Mon Jan  6 14:34:17 2025 Ding (Red) [SMG] IlikeTrains (Blue)
Mon Jan  6 14:34:23 2025 DeyoDeyo! (Blue) [Headshot] Cobson (Red)
Mon Jan  6 14:34:24 2025 PixelPizza (Blue) [Headshot] Komrad Senko (Red)
Mon Jan  6 14:34:24 2025 i will try picked up Blue's Intel.
Mon Jan  6 14:34:25 2025 i will try dropped Blue's Intel
Mon Jan  6 14:34:25 2025 DeyoDeyo! (Blue) [Headshot] i will try (Red)
Mon Jan  6 14:34:28 2025 Harry (Red) [Headshot] Lee Kee bum (Blue)
Mon Jan  6 14:34:33 2025 Lalilalay (Red) [SMG] Animawesome (Blue)
Mon Jan  6 14:34:34 2025 [Team] Cobson (Red): thinkk schizophrenia
Mon Jan  6 14:34:35 2025 elpene69 picked up Blue's Intel.
Mon Jan  6 14:34:39 2025 elpene69 (Red) [Headshot] Jern Axel (Blue)
Mon Jan  6 14:34:42 2025 DeyoDeyo! (Blue) [Headshot] Lalilalay (Red)
Mon Jan  6 14:34:42 2025 DeyoDeyo! (Blue) [Headshot] Haxorus (Red)
Mon Jan  6 14:34:43 2025 elpene69 dropped Blue's Intel
Mon Jan  6 14:34:43 2025 DeyoDeyo! (Blue) [Headshot] elpene69 (Red)
Mon Jan  6 14:34:48 2025  Type /HELP for info & commands
Mon Jan  6 14:34:51 2025 andreBlea23 (Red) [Headshot] Y.O.B.A. (Blue)
Mon Jan  6 14:34:52 2025 PixelPizza (Blue) [Headshot] Harry (Red)
Mon Jan  6 14:34:56 2025 World (Blue) [Headshot] andreBlea23 (Red)
Mon Jan  6 14:34:57 2025 Cobson (Red) [Headshot] DeyoDeyo! (Blue)
Mon Jan  6 14:34:59 2025 IlikeTrains (Blue) [SMG] Cobson (Red)
Mon Jan  6 14:35:03 2025 Komrad Senko picked up Blue's Intel.
Mon Jan  6 14:35:09 2025 Lalilalay (Red) [Headshot] Animawesome (Blue)
Mon Jan  6 14:35:11 2025 IlikeTrains (Blue) [SMG] Haxorus (Red)
Mon Jan  6 14:35:12 2025 IlikeTrains (Blue) [Headshot] Lalilalay (Red)
Mon Jan  6 14:35:19 2025 Ding (Red) [SMG] IlikeTrains (Blue)
Mon Jan  6 14:35:19 2025 You can't destroy your team's blocks in this area. Attack the enemy's tower!
Mon Jan  6 14:35:22 2025 Komrad Senko captured Blue's Intel.
Mon Jan  6 14:35:22 2025 Tom [@os] (Blue) [Headshot] Cobson (Red)
Mon Jan  6 14:35:30 2025 Lee Kee bum (Blue) [Rifle] Haxorus (Red)
Mon Jan  6 14:35:32 2025 PixelPizza (Blue) [Headshot] i will try (Red)
Mon Jan  6 14:35:35 2025 Harry (Red) [Rifle] PixelPizza (Blue)
Mon Jan  6 14:35:38 2025 You must be closer to the enemy's base to shoot blocks!
Mon Jan  6 14:35:41 2025 Ding (Red) [Headshot] DeyoDeyo! (Blue)
Mon Jan  6 14:35:44 2025 Cobson (Red) [Headshot] Lee Kee bum (Blue)
Mon Jan  6 14:35:44 2025 Tom [@os] (Blue) [Headshot] Cobson (Red)
Mon Jan  6 14:35:47 2025 Harry (Red) [Rifle] Y.O.B.A. (Blue)
Mon Jan  6 14:35:47 2025 Name (Blue) [Headshot] Harry (Red)
Mon Jan  6 14:35:47 2025 Tom [@os] (Blue) [Headshot] Lalilalay (Red)
Mon Jan  6 14:35:48 2025  Visit our community forums at https://aloha.pk/
Mon Jan  6 14:35:51 2025 Name (Blue) [Headshot] Haxorus (Red)
Mon Jan  6 14:35:54 2025 Marcos joined Blue team
Mon Jan  6 14:35:58 2025 IlikeTrains (Blue) [SMG] elpene69 (Red)
Mon Jan  6 14:36:04 2025 Tom [@os] (Blue) [Headshot] Komrad Senko (Red)
Mon Jan  6 14:36:06 2025 PixelPizza (Blue) [Rifle] andreBlea23 (Red)
Mon Jan  6 14:36:07 2025 IlikeTrains (Blue) [SMG] Lalilalay (Red)
Mon Jan  6 14:36:08 2025 [Global] elpene69 (Red): ilikeww1
Mon Jan  6 14:36:08 2025 Harry (Red) [Headshot] Name (Blue)
Mon Jan  6 14:36:09 2025 Harry (Red) [Rifle] youneedpractice (Blue)
Mon Jan  6 14:36:12 2025 [Global] i will try (Red): gtg
Mon Jan  6 14:36:12 2025 Ding (Red) [Headshot] IlikeTrains (Blue)
Mon Jan  6 14:36:13 2025 Player i will try has left
Mon Jan  6 14:36:13 2025 Player youneedpractice has left
Mon Jan  6 14:36:18 2025 Ding (Red) [SMG] Tom [@os] (Blue)
Mon Jan  6 14:36:23 2025 Harry (Red) [Headshot] PixelPizza (Blue)
Mon Jan  6 14:36:23 2025 [Global] Haxorus (Red): fix the tower pls
Mon Jan  6 14:36:25 2025 andreBlea23 (Red) [Fall]
Mon Jan  6 14:36:26 2025 Jern Axel (Blue) [Headshot] elpene69 (Red)
Mon Jan  6 14:36:28 2025 DeyoDeyo! (Blue) [Headshot] Cobson (Red)
Mon Jan  6 14:36:32 2025 [Global] Cobson (Red): FUCKING HACKERS
Mon Jan  6 14:36:33 2025 Harry (Red) [Headshot] Y.O.B.A. (Blue)
Mon Jan  6 14:36:36 2025 andreBlea23 (Red) [Weapon Change]
Mon Jan  6 14:36:38 2025 Lee Kee bum (Blue) [Fall]
Mon Jan  6 14:36:44 2025 Player andreBlea23 has left
Mon Jan  6 14:36:44 2025 PixelPizza (Blue) [Headshot] Komrad Senko (Red)
Mon Jan  6 14:36:46 2025 [Global] DeyoDeyo! (Blue): funkin noobzzzz
Mon Jan  6 14:36:48 2025  Come chat with us at https://discord.aloha.pk/
Mon Jan  6 14:36:49 2025 IlikeTrains (Blue) [SMG] Haxorus (Red)
Mon Jan  6 14:36:53 2025 [Global] Lee Kee bum (Blue): COMBSON FUCKING HACKER TOP FRAG RED TEAM 
Mon Jan  6 14:36:58 2025 IlikeTrains (Blue) [SMG] Cobson (Red)
Mon Jan  6 14:37:05 2025 IlikeTrains picked up Red's Intel.
Mon Jan  6 14:37:05 2025 Animawesome (Blue) [Headshot] Lalilalay (Red)
Mon Jan  6 14:37:06 2025 IlikeTrains (Blue) [Grenade] Ding (Red)
Mon Jan  6 14:37:09 2025 [Global] SHURA (): huking fuckers!
Mon Jan  6 14:37:09 2025 Komrad Senko (Red) [Headshot] Lee Kee bum (Blue)
Mon Jan  6 14:37:10 2025 PixelPizza (Blue) [Headshot] Komrad Senko (Red)
Mon Jan  6 14:37:14 2025 [Team] Ding (Red): many diggers up
Mon Jan  6 14:37:16 2025 Ding (Red) [SMG] Animawesome (Blue)
Mon Jan  6 14:37:18 2025 not a burner (Red) [Fall]
Mon Jan  6 14:37:24 2025 Y.O.B.A. (Blue) [Headshot] Harry (Red)
Mon Jan  6 14:37:25 2025 Tom [@os] (Blue) [Headshot] Cobson (Red)
Mon Jan  6 14:37:27 2025 Tom [@os] (Blue) [Headshot] Ding (Red)
Mon Jan  6 14:37:28 2025 not a burner (Red) [Headshot] Tom [@os] (Blue)
Mon Jan  6 14:37:32 2025 Komrad Senko (Red) [Headshot] Marcos (Blue)
Mon Jan  6 14:37:33 2025 Komrad Senko (Red) [Headshot] PixelPizza (Blue)
Mon Jan  6 14:37:34 2025 IlikeTrains captured Red's Intel.
Mon Jan  6 14:37:34 2025 DeyoDeyo! picked up Red's Intel.
Mon Jan  6 14:37:38 2025 Player Marcos has left
Mon Jan  6 14:37:40 2025 Komrad Senko (Red) [Headshot] Y.O.B.A. (Blue)
Mon Jan  6 14:37:46 2025 PixelPizza (Blue) [Team Change]
Mon Jan  6 14:37:49 2025 PixelPizza joined Spectator team
Mon Jan  6 14:37:49 2025  If you believe a player is breaking the rules, please let us know with /ADMIN
Mon Jan  6 14:37:50 2025 Jern Axel (Blue) [Rifle] not a burner (Red)
Mon Jan  6 14:37:59 2025 Y.O.B.A. (Blue) [Headshot] Komrad Senko (Red)
Mon Jan  6 14:38:00 2025 Player PixelPizza has left
Mon Jan  6 14:38:00 2025 Lee Kee bum (Blue) [Headshot] Lalilalay (Red)
Mon Jan  6 14:38:01 2025 Harry (Red) [Headshot] Y.O.B.A. (Blue)
Mon Jan  6 14:38:04 2025  With 3288 blocks placed, World is granted the right to unleash the apocalypse.
Mon Jan  6 14:38:04 2025 DeyoDeyo! captured Red's Intel.
Mon Jan  6 14:38:04 2025 Lee Kee bum (Blue) [Rifle] Haxorus (Red)
Mon Jan  6 14:38:04 2025 Jern Axel (Blue) [Headshot] Cobson (Red)
Mon Jan  6 14:38:05 2025 Lalilalay (Red) [Rifle] Lee Kee bum (Blue)
Mon Jan  6 14:38:05 2025 Ding (Red) [Fall]
Mon Jan  6 14:38:06 2025 not a burner (Red) [Headshot] Jern Axel (Blue)
Mon Jan  6 14:38:11 2025 Tom [@os] (Blue) [Fall]
Mon Jan  6 14:38:14 2025 not a burner (Red) [Headshot] Animawesome (Blue)
Mon Jan  6 14:38:18 2025 World picked up Red's Intel.
Mon Jan  6 14:38:25 2025 not a burner (Red) [Headshot] IlikeTrains (Blue)
Mon Jan  6 14:38:25 2025 Harry (Red) [Headshot] Y.O.B.A. (Blue)
Mon Jan  6 14:38:31 2025 Ding (Red) [SMG] DeyoDeyo! (Blue)
Mon Jan  6 14:38:34 2025 Haxorus (Red) [Fall]
Mon Jan  6 14:38:39 2025 elpene69 (Red) [Headshot] Lee Kee bum (Blue)
Mon Jan  6 14:38:45 2025 Jern Axel (Blue) [Rifle] elpene69 (Red)
Mon Jan  6 14:38:45 2025 Y.O.B.A. (Blue) [Headshot] Harry (Red)
Mon Jan  6 14:38:48 2025  This server runs imger and glow. Use /IMG or /GLOW to toggle them.
Mon Jan  6 14:38:51 2025 Iron_15 joined Red team
Mon Jan  6 14:38:58 2025 Tom [@os] (Blue) [Headshot] Komrad Senko (Red)
Mon Jan  6 14:39:00 2025 World captured Red's Intel.
Mon Jan  6 14:39:02 2025 Y.O.B.A. (Blue) [Headshot] Harry (Red)
Mon Jan  6 14:39:03 2025 Tom [@os] (Blue) [Headshot] Ding (Red)
Mon Jan  6 14:39:09 2025 [Team] Ding (Red): 3 up
Mon Jan  6 14:39:10 2025 Animawesome picked up Red's Intel.
Mon Jan  6 14:39:13 2025 Cobson (Red) [Headshot] Jern Axel (Blue)
Mon Jan  6 14:39:16 2025 Cobson (Red) [Headshot] DeyoDeyo! (Blue)
Mon Jan  6 14:39:24 2025 Tom [@os] (Blue) [Fall]
Mon Jan  6 14:39:26 2025 IlikeTrains (Blue) [Headshot] elpene69 (Red)
Mon Jan  6 14:39:27 2025 eletro joined Blue team
Mon Jan  6 14:39:28 2025 Cobson (Red) [Rifle] Lee Kee bum (Blue)
Mon Jan  6 14:39:28 2025 [Global] not a burner (Red): why is the stair so elevated
Mon Jan  6 14:39:34 2025 [Global] not a burner (Red): but halfway through
Mon Jan  6 14:39:40 2025 DeyoDeyo! (Blue) [Rifle] Harry (Red)
Mon Jan  6 14:39:45 2025 Animawesome captured Red's Intel.
Mon Jan  6 14:39:45 2025 DeyoDeyo! (Blue) [Headshot] elpene69 (Red)
Mon Jan  6 14:39:46 2025 IlikeTrains (Blue) [SMG] Haxorus (Red)
Mon Jan  6 14:39:47 2025 DeyoDeyo! (Blue) [Headshot] Komrad Senko (Red)
Mon Jan  6 14:39:48 2025  Use /EMOTE to draw an emote on the map!
Mon Jan  6 14:39:50 2025 Jern Axel (Blue) [Headshot] not a burner (Red)
Mon Jan  6 14:39:52 2025 i will try joined Red team
Mon Jan  6 14:39:52 2025 DeyoDeyo! (Blue) [Headshot] Harry (Red)
Mon Jan  6 14:39:53 2025 DeyoDeyo! (Blue) [Headshot] elpene69 (Red)
Mon Jan  6 14:39:58 2025 Komrad Senko (Red) [Headshot] DeyoDeyo! (Blue)
Mon Jan  6 14:40:01 2025 Jern Axel (Blue) [Headshot] Lalilalay (Red)
Mon Jan  6 14:40:02 2025 Ding (Red) [Headshot] Jern Axel (Blue)
Mon Jan  6 14:40:17 2025 Lee Kee bum picked up Red's Intel.
Mon Jan  6 14:40:17 2025 IlikeTrains (Blue) [Headshot] Komrad Senko (Red)
Mon Jan  6 14:40:17 2025 Filet joined Red team
Mon Jan  6 14:40:18 2025 Lee Kee bum dropped Red's Intel
Mon Jan  6 14:40:18 2025 Ding (Red) [Headshot] Lee Kee bum (Blue)
Mon Jan  6 14:40:18 2025 [Global] Filet (Red): hello 
Mon Jan  6 14:40:18 2025 Ding (Red) [Headshot] Animawesome (Blue)
Mon Jan  6 14:40:19 2025 IlikeTrains (Blue) [Headshot] Ding (Red)
Mon Jan  6 14:40:20 2025 [Global] elpene69 (Red): help
Mon Jan  6 14:40:22 2025 [Global] elpene69 (Red): helo
Mon Jan  6 14:40:23 2025 Tom [@os] (Blue) [Rifle] Haxorus (Red)
Mon Jan  6 14:40:24 2025 [Global] elpene69 (Red): wtf
Mon Jan  6 14:40:26 2025 DeyoDeyo! (Blue) [Headshot] not a burner (Red)
Mon Jan  6 14:40:26 2025 IlikeTrains picked up Red's Intel.
Mon Jan  6 14:40:30 2025 Harry (Red) [Rifle] DeyoDeyo! (Blue)
Mon Jan  6 14:40:43 2025 World (Blue) [Fall]
Mon Jan  6 14:40:43 2025 Haxorus (Red) [Headshot] eletro (Blue)
Mon Jan  6 14:40:43 2025 [Global] SHURA (): cobson is camper in the sky
Mon Jan  6 14:40:48 2025  Use /HEAVEN to paint the babel platform!
Mon Jan  6 14:40:48 2025 Tom [@os] (Blue) [Headshot] Lalilalay (Red)
Mon Jan  6 14:40:49 2025 [Global] elpene69 (Red): grrr
Mon Jan  6 14:40:51 2025 Animawesome (Blue) [SMG] Haxorus (Red)
Mon Jan  6 14:40:52 2025 [Global] elpene69 (Red): cobson haxer
Mon Jan  6 14:40:54 2025 Komrad Senko (Red) [Headshot] Animawesome (Blue)
Mon Jan  6 14:40:54 2025 [Global] Cobson (Red): kek it's called winning
Mon Jan  6 14:40:55 2025 IlikeTrains captured Red's Intel.
Mon Jan  6 14:41:03 2025 [Global] IlikeTrains (Blue): yeah about that winning part
Mon Jan  6 14:41:06 2025 Harry (Red) [Rifle] DeyoDeyo! (Blue)
Mon Jan  6 14:41:06 2025 [Global] not a burner (Red): no
Mon Jan  6 14:41:10 2025 not a burner (Red) [Headshot] Lee Kee bum (Blue)
Mon Jan  6 14:41:14 2025 Tom [@os] (Blue) [Headshot] not a burner (Red)
Mon Jan  6 14:41:14 2025 Y.O.B.A. (Blue) [SMG] Harry (Red)
Mon Jan  6 14:41:15 2025 [Global] Cobson (Red): doublethink
Mon Jan  6 14:41:15 2025 [Global] not a burner (Red): ow
Mon Jan  6 14:41:16 2025 Tom [@os] (Blue) [Headshot] i will try (Red)
Mon Jan  6 14:41:17 2025 Tom [@os] (Blue) [Headshot] Komrad Senko (Red)
Mon Jan  6 14:41:20 2025 [Global] SHURA (): amazing idea
Mon Jan  6 14:41:20 2025 elpene69 (Red) [Headshot] Jern Axel (Blue)
Mon Jan  6 14:41:22 2025 ahr2nd joined Blue team
Mon Jan  6 14:41:25 2025 Tom [@os] (Blue) [Headshot] Lalilalay (Red)
Mon Jan  6 14:41:29 2025 Tom [@os] (Blue) [Headshot] Haxorus (Red)
Mon Jan  6 14:41:36 2025 IlikeTrains (Blue) [Headshot] elpene69 (Red)
Mon Jan  6 14:41:42 2025 Animawesome picked up Red's Intel.
Mon Jan  6 14:41:43 2025 You must be closer to the enemy's base to shoot blocks!
Mon Jan  6 14:41:44 2025 Animawesome dropped Red's Intel
Mon Jan  6 14:41:44 2025 not a burner (Red) [Headshot] Animawesome (Blue)
Mon Jan  6 14:41:44 2025 You must be closer to the enemy's base to shoot blocks!
Mon Jan  6 14:41:45 2025 Komrad Senko (Red) [Headshot] Y.O.B.A. (Blue)
Mon Jan  6 14:41:45 2025 not a burner (Red) [Headshot] IlikeTrains (Blue)
Mon Jan  6 14:41:46 2025 ahr2nd (Blue) [Fall]
Mon Jan  6 14:41:47 2025 IlikeTrains (Blue) [Grenade] not a burner (Red)
Mon Jan  6 14:41:48 2025  Get a 20 killstreak and 1 intel capture(s) to unlock /APOC!
Mon Jan  6 14:41:51 2025 DeyoDeyo! (Blue) [SMG] Harry (Red)
Mon Jan  6 14:41:55 2025 DeyoDeyo! (Blue) [Headshot] Komrad Senko (Red)
Mon Jan  6 14:41:56 2025 Lee Kee bum picked up Red's Intel.
Mon Jan  6 14:41:57 2025 [Global] Haxorus (Red): hor hor hor hor hor
Mon Jan  6 14:42:07 2025 Tom [@os] (Blue) [Headshot] Iron_15 (Red)
Mon Jan  6 14:42:07 2025 Tom [@os] (Blue) [Headshot] Lalilalay (Red)
Mon Jan  6 14:42:07 2025 Lee Kee bum dropped Red's Intel
Mon Jan  6 14:42:07 2025  The intel has returned to the heavens
Mon Jan  6 14:42:07 2025 elpene69 (Red) [Headshot] Lee Kee bum (Blue)
Mon Jan  6 14:42:10 2025 IlikeTrains (Blue) [Headshot] elpene69 (Red)
Mon Jan  6 14:42:14 2025 IlikeTrains (Blue) [SMG] Haxorus (Red)
Mon Jan  6 14:42:16 2025 [Team] elpene69 (Red): attack
Mon Jan  6 14:42:17 2025 DeyoDeyo! (Blue) [Headshot] Harry (Red)
Mon Jan  6 14:42:17 2025 not a burner (Red) [Headshot] Animawesome (Blue)
Mon Jan  6 14:42:19 2025 not a burner (Red) [Headshot] Tom [@os] (Blue)
Mon Jan  6 14:42:20 2025 IlikeTrains (Blue) [Headshot] not a burner (Red)
Mon Jan  6 14:42:23 2025 [Team] elpene69 (Red): attack in group
Mon Jan  6 14:42:23 2025 mvslv joined Spectator team
Mon Jan  6 14:42:24 2025 [Team] elpene69 (Red): wtf
Mon Jan  6 14:42:26 2025 DeyoDeyo! (Blue) [Headshot] Iron_15 (Red)
Mon Jan  6 14:42:27 2025 IlikeTrains (Blue) [Headshot] Komrad Senko (Red)
Mon Jan  6 14:42:30 2025 not a burner (Red) [Headshot] DeyoDeyo! (Blue)
Mon Jan  6 14:42:36 2025 IlikeTrains (Blue) [Headshot] Lalilalay (Red)
Mon Jan  6 14:42:37 2025 IlikeTrains picked up Red's Intel.
Mon Jan  6 14:42:37 2025 IlikeTrains dropped Red's Intel
Mon Jan  6 14:42:37 2025 Cobson (Red) [Headshot] IlikeTrains (Blue)
Mon Jan  6 14:42:40 2025 elpene69 (Red) [Headshot] ahr2nd (Blue)
Mon Jan  6 14:42:46 2025 elpene69 (Red) [Headshot] Animawesome (Blue)
Mon Jan  6 14:42:47 2025 Harry (Red) [Headshot] Lee Kee bum (Blue)
Mon Jan  6 14:42:48 2025  Capture your team's 5th intel to unlock /APOC for your team's best builder!
Mon Jan  6 14:42:54 2025 Filet (Red) [Headshot] Tom [@os] (Blue)
Mon Jan  6 14:42:58 2025 Jern Axel (Blue) [Headshot] Filet (Red)
Mon Jan  6 14:42:59 2025 not a burner (Red) [Headshot] Jern Axel (Blue)
Mon Jan  6 14:42:59 2025 not a burner (Red) [Headshot] eletro (Blue)
Mon Jan  6 14:43:02 2025 not a burner picked up Blue's Intel.
Mon Jan  6 14:43:02 2025 DeyoDeyo! (Blue) [Headshot] Harry (Red)
Mon Jan  6 14:43:11 2025 IlikeTrains (Blue) [SMG] i will try (Red)
Mon Jan  6 14:43:12 2025 IlikeTrains (Blue) [SMG] Haxorus (Red)
Mon Jan  6 14:43:12 2025 mvslv joined Blue team
Mon Jan  6 14:43:24 2025 Lalilalay (Red) [Headshot] Animawesome (Blue)
Mon Jan  6 14:43:24 2025 Harry (Red) [Headshot] DeyoDeyo! (Blue)
Mon Jan  6 14:43:25 2025 Filet (Red) [Headshot] Jern Axel (Blue)
Mon Jan  6 14:43:26 2025 not a burner captured Blue's Intel.
Mon Jan  6 14:43:29 2025 PJB joined Red team
Mon Jan  6 14:43:32 2025 Harry (Red) [Headshot] Lee Kee bum (Blue)
Mon Jan  6 14:43:33 2025 Tom [@os] (Blue) [Rifle] Haxorus (Red)
Mon Jan  6 14:43:39 2025 elpene69 (Red) [Headshot] Tom [@os] (Blue)
Mon Jan  6 14:43:39 2025 Harry (Red) [Headshot] Y.O.B.A. (Blue)
Mon Jan  6 14:43:39 2025 IlikeTrains (Blue) [SMG] elpene69 (Red)
Mon Jan  6 14:43:40 2025 IlikeTrains (Blue) [SMG] Lalilalay (Red)
Mon Jan  6 14:43:46 2025 IlikeTrains (Blue) [Headshot] not a burner (Red)
Mon Jan  6 14:43:48 2025 Cobson (Red) [Fall]
Mon Jan  6 14:43:48 2025  Mahalo for playing aloha.pk tower of babel
Mon Jan  6 14:43:48 2025 Filet (Red) [Headshot] IlikeTrains (Blue)
Mon Jan  6 14:43:52 2025 [Global] SHURA (): (((
Mon Jan  6 14:43:54 2025 Player DeyoDeyo! has left
Mon Jan  6 14:44:00 2025 [Global] Cobson (Red): fucking broken keyboard
Mon Jan  6 14:44:00 2025 Animawesome (Blue) [SMG] i will try (Red)
Mon Jan  6 14:44:02 2025 [Global] Cobson (Red): i should replace it
Mon Jan  6 14:44:02 2025 Harry (Red) [Headshot] eletro (Blue)
Mon Jan  6 14:44:03 2025 Harry (Red) [Headshot] Animawesome (Blue)
Mon Jan  6 14:44:05 2025 [Global] elpene69 (Red): wrf
Mon Jan  6 14:44:07 2025 Player Lee Kee bum has left
Mon Jan  6 14:44:07 2025 ahr2nd (Blue) [Headshot] Lalilalay (Red)
Mon Jan  6 14:44:13 2025 [Global] SHURA (): yeah.
Mon Jan  6 14:44:16 2025 Haxorus (Red) [Headshot] Jern Axel (Blue)
Mon Jan  6 14:44:17 2025 elpene69 (Red) [Headshot] mvslv (Blue)
Mon Jan  6 14:44:18 2025 ahr2nd (Blue) [Headshot] Haxorus (Red)
Mon Jan  6 14:44:20 2025 not a burner (Red) [Headshot] ahr2nd (Blue)
Mon Jan  6 14:44:21 2025 [Global] Cobson (Red): with an optical one
Mon Jan  6 14:44:23 2025 Animawesome (Blue) [SMG] PJB (Red)
Mon Jan  6 14:44:24 2025 mvslv (Blue) [Weapon Change]
Mon Jan  6 14:44:28 2025 Player mvslv has left
Mon Jan  6 14:44:31 2025 Player Komrad Senko has left
Mon Jan  6 14:44:32 2025 elpene69 (Red) [Headshot] Tom [@os] (Blue)
Mon Jan  6 14:44:40 2025 not a burner (Red) [Headshot] IlikeTrains (Blue)
Mon Jan  6 14:44:42 2025 Komrad Senko joined Blue team
Mon Jan  6 14:44:44 2025 Lee Kee bum joined Blue team
Mon Jan  6 14:44:46 2025 not a burner picked up Blue's Intel.
Mon Jan  6 14:44:48 2025  Build a tower to get the enemy's intel. Take it to your team's tent to win!
Mon Jan  6 14:44:51 2025 ahr2nd (Blue) [Headshot] i will try (Red)
Mon Jan  6 14:44:51 2025 [Global] Haxorus (Red): blue team could have won by now
Mon Jan  6 14:44:52 2025 Y.O.B.A. (Blue) [SMG] elpene69 (Red)
Mon Jan  6 14:44:52 2025 Cobson (Red) [Fall]
Mon Jan  6 14:44:55 2025 [Global] Cobson (Red): shieeet
Mon Jan  6 14:44:56 2025 [Global] SHURA (): with right color of buttons
Mon Jan  6 14:44:58 2025 Animawesome (Blue) [Headshot] Harry (Red)
Mon Jan  6 14:45:06 2025 Haxorus (Red) [Headshot] Y.O.B.A. (Blue)
Mon Jan  6 14:45:08 2025 Animawesome (Blue) [Headshot] PJB (Red)
Mon Jan  6 14:45:09 2025 not a burner captured Blue's Intel.
Mon Jan  6 14:45:10 2025 [Global] IlikeTrains (Blue): idiot didn't use apoc
Mon Jan  6 14:45:11 2025 Harry (Red) [Headshot] ahr2nd (Blue)
Mon Jan  6 14:45:15 2025 IlikeTrains (Blue) [Headshot] Haxorus (Red)
Mon Jan  6 14:45:16 2025 Harry (Red) [Rifle] Animawesome (Blue)
Mon Jan  6 14:45:22 2025 Harry (Red) [Headshot] eletro (Blue)
Mon Jan  6 14:45:26 2025 Jern Axel (Blue) [Headshot] i will try (Red)
Mon Jan  6 14:45:29 2025 IlikeTrains (Blue) [Headshot] not a burner (Red)
Mon Jan  6 14:45:30 2025 IlikeTrains (Blue) [Headshot] Cobson (Red)
Mon Jan  6 14:45:33 2025 Harry (Red) [Headshot] Komrad Senko (Blue)
Mon Jan  6 14:45:34 2025 World (Blue) [Fall]
Mon Jan  6 14:45:36 2025 [Global] Cobson (Red): stupid head hitbox
Mon Jan  6 14:45:38 2025 Lee Kee bum (Blue) [Shotgun] PJB (Red)
Mon Jan  6 14:45:39 2025 Harry (Red) [Headshot] Animawesome (Blue)
Mon Jan  6 14:45:42 2025 Player not a burner has left
Mon Jan  6 14:45:43 2025 IlikeTrains (Blue) [SMG] Lalilalay (Red)
Mon Jan  6 14:45:46 2025 not a burner joined Red team
Mon Jan  6 14:45:47 2025 [Global] not a burner (Red): epic crash
Mon Jan  6 14:45:48 2025  Type /HELP for info & commands
Mon Jan  6 14:45:50 2025 IlikeTrains (Blue) [Headshot] Haxorus (Red)
Mon Jan  6 14:45:50 2025 Harry (Red) [Headshot] eletro (Blue)
Mon Jan  6 14:45:51 2025 [Global] Komrad Senko (Blue): hitbox hax
Mon Jan  6 14:45:54 2025 Harry (Red) [Headshot] Lee Kee bum (Blue)
Mon Jan  6 14:46:01 2025 mvslv joined Blue team
Mon Jan  6 14:46:03 2025 IlikeTrains picked up Red's Intel.
Mon Jan  6 14:46:07 2025 [Global] not a burner (Red): ffuck
Mon Jan  6 14:46:07 2025 IlikeTrains (Blue) [SMG] Lalilalay (Red)
Mon Jan  6 14:46:10 2025 elpene69 (Red) [Headshot] ahr2nd (Blue)
Mon Jan  6 14:46:12 2025 IlikeTrains dropped Red's Intel
Mon Jan  6 14:46:12 2025  The intel has returned to the heavens
Mon Jan  6 14:46:12 2025 elpene69 (Red) [Headshot] IlikeTrains (Blue)
Mon Jan  6 14:46:12 2025 Harry (Red) [Rifle] Lee Kee bum (Blue)
Mon Jan  6 14:46:19 2025 not a burner (Red) [Headshot] Komrad Senko (Blue)
Mon Jan  6 14:46:19 2025 Animawesome (Blue) [Headshot] Harry (Red)
Mon Jan  6 14:46:21 2025 Jern Axel (Blue) [Rifle] Ding (Red)
Mon Jan  6 14:46:22 2025 elpene69 picked up Blue's Intel.
Mon Jan  6 14:46:25 2025 not a burner (Red) [Headshot] Tom [@os] (Blue)
Mon Jan  6 14:46:25 2025 not a burner (Red) [Headshot] Jern Axel (Blue)
Mon Jan  6 14:46:30 2025 mvslv (Blue) [Fall]
Mon Jan  6 14:46:35 2025 Animawesome (Blue) [Headshot] Harry (Red)
Mon Jan  6 14:46:40 2025 not a burner (Red) [Headshot] Komrad Senko (Blue)
Mon Jan  6 14:46:40 2025 Lee Kee bum (Blue) [Shotgun] i will try (Red)
Mon Jan  6 14:46:40 2025 not a burner (Red) [Headshot] IlikeTrains (Blue)
Mon Jan  6 14:46:41 2025 Tom [@os] (Blue) [Rifle] not a burner (Red)
Mon Jan  6 14:46:44 2025 [Global] not a burner (Red): what is this tower
Mon Jan  6 14:46:44 2025 [Global] IlikeTrains (Blue): realyl guys
Mon Jan  6 14:46:45 2025 Animawesome (Blue) [Headshot] PJB (Red)
Mon Jan  6 14:46:48 2025  Visit our community forums at https://aloha.pk/
Mon Jan  6 14:46:52 2025 ahr2nd (Blue) [Headshot] Lalilalay (Red)
Mon Jan  6 14:46:52 2025 elpene69 captured Blue's Intel.
Mon Jan  6 14:46:58 2025 [Global] elpene69 (Red): fake guys
Mon Jan  6 14:47:02 2025 Harry (Red) [Headshot] Animawesome (Blue)
Mon Jan  6 14:47:05 2025 ahr2nd (Blue) [Headshot] Haxorus (Red)
Mon Jan  6 14:47:08 2025 Tom [@os] (Blue) [Headshot] not a burner (Red)
Mon Jan  6 14:47:08 2025 Y.O.B.A. (Blue) [Headshot] Ding (Red)
Mon Jan  6 14:47:09 2025 Jern Axel (Blue) [Headshot] i will try (Red)
Mon Jan  6 14:47:10 2025 [Global] Ding (Red): :c yoba
Mon Jan  6 14:47:15 2025 [Global] Y.O.B.A. (Blue): sorrry
Mon Jan  6 14:47:31 2025 IlikeTrains (Blue) [SMG] not a burner (Red)
Mon Jan  6 14:47:32 2025 Y.O.B.A. (Blue) [Headshot] PJB (Red)
Mon Jan  6 14:47:34 2025 [Global] Haxorus (Red): can i get a hawk tuah
Mon Jan  6 14:47:43 2025 [Global] elpene69 (Red): NO
Mon Jan  6 14:47:43 2025 ahr2nd (Blue) [Headshot] Haxorus (Red)
Mon Jan  6 14:47:43 2025 [Global] elpene69 (Red): hawk tuah
Mon Jan  6 14:47:46 2025 Lee Kee bum (Blue) [Shotgun] Harry (Red)
Mon Jan  6 14:47:46 2025 eletro (Blue) [SMG] i will try (Red)
Mon Jan  6 14:47:47 2025 Ding picked up Blue's Intel.
Mon Jan  6 14:47:48 2025 Cobson (Red) [Headshot] IlikeTrains (Blue)
Mon Jan  6 14:47:48 2025  Come chat with us at https://discord.aloha.pk/
Mon Jan  6 14:47:51 2025 Cobson (Red) [Headshot] mvslv (Blue)
Mon Jan  6 14:47:52 2025 Cobson (Red) [Rifle] ahr2nd (Blue)
Mon Jan  6 14:47:55 2025 Y.O.B.A. (Blue) [SMG] PJB (Red)
Mon Jan  6 14:47:58 2025 [Global] Haxorus (Red): indecisive
Mon Jan  6 14:47:59 2025 not a burner (Red) [Rifle] Komrad Senko (Blue)
Mon Jan  6 14:48:08 2025 Harry (Red) [Headshot] Jern Axel (Blue)
Mon Jan  6 14:48:10 2025  With 3092 blocks placed, Ding is granted the right to unleash the apocalypse.
Mon Jan  6 14:48:10 2025 Ding captured Blue's Intel.
Mon Jan  6 14:48:11 2025 not a burner (Red) [Headshot] Tom [@os] (Blue)
Mon Jan  6 14:48:13 2025 not a burner (Red) [Headshot] Animawesome (Blue)
Mon Jan  6 14:48:15 2025 IlikeTrains (Blue) [SMG] Filet (Red)
Mon Jan  6 14:48:15 2025 not a burner picked up Blue's Intel.
Mon Jan  6 14:48:23 2025 not a burner dropped Blue's Intel
Mon Jan  6 14:48:26 2025 Lalilalay picked up Blue's Intel.
Mon Jan  6 14:48:27 2025 Komrad Senko (Blue) [Headshot] not a burner (Red)
Mon Jan  6 14:48:28 2025 Y.O.B.A. (Blue) [SMG] PJB (Red)
Mon Jan  6 14:48:30 2025 Harry (Red) [Headshot] Komrad Senko (Blue)
Mon Jan  6 14:48:31 2025 elpene69 (Red) [Headshot] Y.O.B.A. (Blue)
Mon Jan  6 14:48:32 2025 Harry (Red) [Headshot] World (Blue)
Mon Jan  6 14:48:33 2025 Jern Axel (Blue) [Headshot] i will try (Red)
Mon Jan  6 14:48:33 2025 [Global] elpene69 (Red): wtf
Mon Jan  6 14:48:33 2025 Harry (Red) [Headshot] Jern Axel (Blue)
Mon Jan  6 14:48:34 2025 [Team] not a burner (Red): 4 on bottom
Mon Jan  6 14:48:35 2025 [Global] elpene69 (Red): yoba
Mon Jan  6 14:48:37 2025 [Global] elpene69 (Red): dmca
Mon Jan  6 14:48:37 2025 ahr2nd (Blue) [Headshot] elpene69 (Red)
Mon Jan  6 14:48:40 2025 ahr2nd (Blue) [Rifle] Ding (Red)
Mon Jan  6 14:48:47 2025 IlikeTrains (Blue) [SMG] PJB (Red)
Mon Jan  6 14:48:47 2025 Lalilalay captured Blue's Intel.
Mon Jan  6 14:48:48 2025  If you believe a player is breaking the rules, please let us know with /ADMIN
Mon Jan  6 14:48:48 2025 not a burner (Red) [Headshot] mvslv (Blue)
Mon Jan  6 14:48:49 2025 Haxorus (Red) [Headshot] Tom [@os] (Blue)
Mon Jan  6 14:48:51 2025 not a burner (Red) [Headshot] eletro (Blue)
Mon Jan  6 14:48:51 2025 not a burner (Red) [Headshot] Lee Kee bum (Blue)
Mon Jan  6 14:48:52 2025 Haxorus picked up Blue's Intel.
Mon Jan  6 14:48:53 2025 not a burner (Red) [Headshot] Y.O.B.A. (Blue)
Mon Jan  6 14:48:53 2025 Filet (Red) [Headshot] ahr2nd (Blue)
Mon Jan  6 14:48:53 2025 IlikeTrains (Blue) [Headshot] PJB (Red)
Mon Jan  6 14:48:55 2025 Jern Axel (Blue) [Headshot] Harry (Red)
Mon Jan  6 14:48:57 2025 elpene69 (Red) [Headshot] IlikeTrains (Blue)
Mon Jan  6 14:48:59 2025 [Global] elpene69 (Red): wtf
Mon Jan  6 14:48:59 2025 Animawesome (Blue) [SMG] Cobson (Red)
Mon Jan  6 14:49:01 2025 [Global] Y.O.B.A. (Blue): what is dmca?
Mon Jan  6 14:49:01 2025 [Global] elpene69 (Red): ilikelag
Mon Jan  6 14:49:07 2025 [Global] SHURA (): in red team someone break cubes break rules... but Yoba is blue) strange things
Mon Jan  6 14:49:13 2025 Filet (Red) [Headshot] eletro (Blue)
Mon Jan  6 14:49:17 2025 Harry (Red) [Headshot] Animawesome (Blue)
Mon Jan  6 14:49:17 2025 Haxorus captured Blue's Intel.
Mon Jan  6 14:49:18 2025 Y.O.B.A. (Blue) [Headshot] PJB (Red)
Mon Jan  6 14:49:22 2025 not a burner (Red) [Headshot] ahr2nd (Blue)
Mon Jan  6 14:49:23 2025 You must be closer to the enemy's base to shoot blocks!
Mon Jan  6 14:49:24 2025 ahr2nd (Blue) [Weapon Change]
Mon Jan  6 14:49:25 2025 Jern Axel (Blue) [Rifle] Harry (Red)
Mon Jan  6 14:49:26 2025 not a burner (Red) [Headshot] Y.O.B.A. (Blue)
Mon Jan  6 14:49:28 2025 Player ahr2nd has left
Mon Jan  6 14:49:29 2025 [Global] Haxorus (Red): one more intel men, and then were tied
Mon Jan  6 14:49:36 2025 Lee Kee bum (Blue) [Fall]
Mon Jan  6 14:49:40 2025 not a burner (Red) [Headshot] eletro (Blue)
Mon Jan  6 14:49:41 2025 IlikeTrains (Blue) [Headshot] Cobson (Red)
Mon Jan  6 14:49:41 2025 IlikeTrains picked up Red's Intel.
Mon Jan  6 14:49:48 2025  This server runs imger and glow. Use /IMG or /GLOW to toggle them.
Mon Jan  6 14:49:49 2025 Lalilalay (Red) [SMG] Komrad Senko (Blue)
Mon Jan  6 14:49:49 2025 Komrad Senko (Blue) [Grenade] Haxorus (Red)
Mon Jan  6 14:49:53 2025 Jern Axel (Blue) [Headshot] Lalilalay (Red)
Mon Jan  6 14:49:54 2025 Harry (Red) [Headshot] World (Blue)
Mon Jan  6 14:49:55 2025 Harry (Red) [Headshot] Jern Axel (Blue)
Mon Jan  6 14:49:57 2025 Player Name has left
Mon Jan  6 14:49:57 2025 Tom [@os] (Blue) [Headshot] not a burner (Red)
Mon Jan  6 14:49:58 2025 [Global] Y.O.B.A. (Blue): just i want to be in blue today :P
Mon Jan  6 14:50:01 2025 [Global] not a burner (Red): i died :(
Mon Jan  6 14:50:02 2025 Animawesome (Blue) [Fall]
Mon Jan  6 14:50:02 2025 Harry (Red) [Headshot] Tom [@os] (Blue)
Mon Jan  6 14:50:06 2025 elpene69 (Red) [Headshot] mvslv (Blue)
Mon Jan  6 14:50:06 2025 [Global] not a burner (Red): was going to murder trains
Mon Jan  6 14:50:06 2025 You must be closer to the enemy's base to shoot blocks!
Mon Jan  6 14:50:10 2025 elpene69 (Red) [Headshot] Y.O.B.A. (Blue)
Mon Jan  6 14:50:12 2025 [Global] Cobson (Red): me too
Mon Jan  6 14:50:18 2025 IlikeTrains captured Red's Intel.
Mon Jan  6 14:50:18 2025 Tom [@os] (Blue) [Rifle] elpene69 (Red)
Mon Jan  6 14:50:18 2025 Ding picked up Blue's Intel.
Mon Jan  6 14:50:18 2025 Filet (Red) [Headshot] eletro (Blue)
Mon Jan  6 14:50:19 2025 Komrad Senko (Blue) [Headshot] Harry (Red)
Mon Jan  6 14:50:21 2025 Lee Kee bum (Blue) [Shotgun] PJB (Red)
Mon Jan  6 14:50:21 2025 PJB (Red) [Grenade] Lee Kee bum (Blue)
Mon Jan  6 14:50:22 2025 [Global] elpene69 (Red): ilikecap
Mon Jan  6 14:50:23 2025 [Global] SHURA (): 0_0
Mon Jan  6 14:50:24 2025 Qult--- joined Spectator team
Mon Jan  6 14:50:24 2025 [Global] Cobson (Red): this is not counterintuitive what i am doing
Mon Jan  6 14:50:26 2025 Haxorus (Red) [Headshot] Animawesome (Blue)
Mon Jan  6 14:50:28 2025 Haxorus (Red) [Headshot] Komrad Senko (Blue)
Mon Jan  6 14:50:29 2025 IlikeTrains (Blue) [Headshot] Lalilalay (Red)
Mon Jan  6 14:50:30 2025 Haxorus (Red) [Headshot] IlikeTrains (Blue)
Mon Jan  6 14:50:34 2025 not a burner (Red) [Rifle] Jern Axel (Blue)
Mon Jan  6 14:50:36 2025 Qult--- joined Red team
Mon Jan  6 14:50:37 2025 not a burner (Red) [Headshot] Y.O.B.A. (Blue)
Mon Jan  6 14:50:38 2025 Filet (Red) [Headshot] Lee Kee bum (Blue)
Mon Jan  6 14:50:39 2025 [Global] PJB (Red): Nice name Lee Kee Bum
Mon Jan  6 14:50:40 2025 [Global] IlikeTrains (Blue): wtf blue team incomptetent
Mon Jan  6 14:50:42 2025 Ding captured Blue's Intel.
Mon Jan  6 14:50:43 2025 not a burner (Red) [Headshot] Tom [@os] (Blue)
Mon Jan  6 14:50:46 2025 brochocho joined Blue team
Mon Jan  6 14:50:46 2025 Jern Axel (Blue) [Headshot] not a burner (Red)
Mon Jan  6 14:50:46 2025 Haxorus (Red) [Headshot] Jern Axel (Blue)
Mon Jan  6 14:50:47 2025 Haxorus picked up Blue's Intel.
Mon Jan  6 14:50:48 2025  Use /EMOTE to draw an emote on the map!
Mon Jan  6 14:50:56 2025 Harry (Red) [Rifle] Komrad Senko (Blue)
Mon Jan  6 14:50:57 2025 Lee Kee bum (Blue) [Weapon Change]
Mon Jan  6 14:50:58 2025 IlikeTrains (Blue) [Headshot] elpene69 (Red)
Mon Jan  6 14:50:59 2025 IlikeTrains (Blue) [Headshot] Harry (Red)
Mon Jan  6 14:51:00 2025 IlikeTrains (Blue) [SMG] Lalilalay (Red)
Mon Jan  6 14:51:05 2025 not a burner (Red) [Headshot] Animawesome (Blue)
Mon Jan  6 14:51:09 2025 Haxorus captured Blue's Intel.
Mon Jan  6 14:51:10 2025 Ding picked up Blue's Intel.
Mon Jan  6 14:51:12 2025 Qult--- (Red) [Headshot] brochocho (Blue)
Mon Jan  6 14:51:14 2025 IlikeTrains (Blue) [Headshot] Cobson (Red)
Mon Jan  6 14:51:16 2025 not a burner (Red) [Headshot] IlikeTrains (Blue)
Mon Jan  6 14:51:17 2025 [Global] SHURA (): this game must many more than 10 fraglimit
Mon Jan  6 14:51:18 2025 not a burner (Red) [Headshot] Jern Axel (Blue)
Mon Jan  6 14:51:23 2025 Harry (Red) [Headshot] Y.O.B.A. (Blue)
Mon Jan  6 14:51:25 2025 [Global] IlikeTrains (Blue): gg
Mon Jan  6 14:51:25 2025 [Global] Cobson (Red): i am NOT a paranoid schizo
Mon Jan  6 14:51:27 2025 Player IlikeTrains has left
Mon Jan  6 14:51:27 2025 [Global] Haxorus (Red): OHHH MY GODDDD
Mon Jan  6 14:51:28 2025 xd joined Blue team
Mon Jan  6 14:51:29 2025 [Global] SHURA (): intel*
Mon Jan  6 14:51:30 2025 Ding captured Blue's Intel.
Mon Jan  6 14:51:30 2025 Red Wins!
Mon Jan  6 14:51:30 2025  Game finished! Next map: Snow2.
Mon Jan  6 14:51:30 2025 [Global] Ding (Red): ezzzzzzzzz
Mon Jan  6 14:51:31 2025 Filet (Red) [Headshot] brochocho (Blue)
Mon Jan  6 14:51:31 2025 Tom [@os] (Blue) [Headshot] Cobson (Red)
Mon Jan  6 14:51:31 2025 mvslv (Blue) [SMG] Cobson (Red)
Mon Jan  6 14:51:32 2025 mvslv (Blue) [Headshot] Cobson (Red)
Mon Jan  6 14:51:32 2025 Filet (Red) [Headshot] xd (Blue)
Mon Jan  6 14:51:32 2025 Tom [@os] (Blue) [Headshot] not a burner (Red)
Mon Jan  6 14:51:32 2025 elpene69 (Red) [Headshot] Jern Axel (Blue)
Mon Jan  6 14:51:32 2025  Ding has unleashed an apocalypse from God.
Mon Jan  6 14:51:32 2025 Lalilalay (Red) [Headshot] Lee Kee bum (Blue)
Mon Jan  6 14:51:32 2025 Haxorus (Red) [Headshot] Komrad Senko (Blue)
Mon Jan  6 14:51:32 2025 Tom [@os] (Blue) [Headshot] Iron_15 (Red)
Mon Jan  6 14:51:33 2025 Lalilalay (Red) [Headshot] Lee Kee bum (Blue)
Mon Jan  6 14:51:33 2025 mvslv (Blue) [Headshot] Qult--- (Red)
Mon Jan  6 14:51:33 2025 Filet (Red) [Headshot] Y.O.B.A. (Blue)
Mon Jan  6 14:51:33 2025 [Global] Y.O.B.A. (Blue): gg
Mon Jan  6 14:51:33 2025 World (Blue) [SMG] i will try (Red)
Mon Jan  6 14:51:33 2025 mvslv (Blue) [Headshot] Lalilalay (Red)
Mon Jan  6 14:51:34 2025 World (Blue) [Headshot] PJB (Red)
Mon Jan  6 14:51:34 2025 [Global] not a burner (Red): i win
Mon Jan  6 14:51:34 2025 [Global] Cobson (Red): lalala
Mon Jan  6 14:51:34 2025 Harry (Red) [Rifle] eletro (Blue)
Mon Jan  6 14:51:34 2025 World (Blue) [SMG] Harry (Red)
Mon Jan  6 14:51:34 2025  The apocalypse begins in 5
Mon Jan  6 14:51:34 2025 World (Blue) [Headshot] Harry (Red)
Mon Jan  6 14:51:35 2025 elpene69 (Red) [Rifle] Animawesome (Blue)
Mon Jan  6 14:51:35 2025  The apocalypse begins in 4
Mon Jan  6 14:51:36 2025  The apocalypse begins in 3
Mon Jan  6 14:51:37 2025 Ding (Red) [Fall]
Mon Jan  6 14:51:37 2025 [Global] SHURA (): GG
Mon Jan  6 14:51:37 2025  The apocalypse begins in 2
Mon Jan  6 14:51:38 2025  The apocalypse begins in 1
Mon Jan  6 14:51:38 2025 Filet (Red) [Headshot] mvslv (Blue)
Mon Jan  6 14:51:39 2025 Filet (Red) [Rifle] Tom [@os] (Blue)
Mon Jan  6 14:51:40 2025 [Global] Harry (Red): gg
Mon Jan  6 14:51:41 2025 [Global] elpene69 (Red): gg
Mon Jan  6 14:51:41 2025 ------ World Unloaded ------
Mon Jan  6 14:51:45 2025 ------ World Loaded ------
Mon Jan  6 14:51:45 2025 not a burner joined Spectator team
Mon Jan  6 14:51:45 2025 Welcome to aloha.pk tower of babel
Mon Jan  6 14:51:45 2025 Ding joined Spectator team
Mon Jan  6 14:51:45 2025 brochocho joined Red team
Mon Jan  6 14:51:46 2025 Qult--- joined Blue team
Mon Jan  6 14:51:47 2025 Map: Snow2 by onigiri
Mon Jan  6 14:51:47 2025 Haxorus joined Red team
Mon Jan  6 14:51:47 2025 elpene69 joined Blue team
Mon Jan  6 14:51:47 2025 Nowin joined Red team
Mon Jan  6 14:51:47 2025 Cobson joined Red team
Mon Jan  6 14:51:49 2025 Game mode: babel
Mon Jan  6 14:51:49 2025 Komrad Senko joined Blue team
Mon Jan  6 14:51:49 2025 Iron_15 joined Red team
Mon Jan  6 14:51:49 2025 Animawesome joined Blue team
Mon Jan  6 14:51:50 2025 Jern Axel joined Blue team
Mon Jan  6 14:51:50 2025 Lee Kee bum joined Blue team
Mon Jan  6 14:51:50 2025 Cobson (Red) [Weapon Change]
Mon Jan  6 14:51:50 2025 i will try joined Red team
Mon Jan  6 14:51:51 2025 Build a tower to get the enemy's intel. Take it to your team's tent to win!
Mon Jan  6 14:51:51 2025 PJB joined Red team
Mon Jan  6 14:51:51 2025 Tom [@os] joined Blue team
Mon Jan  6 14:51:51 2025 mvslv joined Blue team
Mon Jan  6 14:51:53 2025 Visit our community forum at https://aloha.pk/
Mon Jan  6 14:51:53 2025 xd joined Red team
Mon Jan  6 14:51:55 2025 Come chat with us at https://discord.aloha.pk/
Mon Jan  6 14:51:55 2025 World joined Blue team
Mon Jan  6 14:51:55 2025 [Global] not a burner (): platform lost very much
Mon Jan  6 14:51:55 2025  The apocalypse has ended.
Mon Jan  6 14:51:56 2025 eletro joined Red team
Mon Jan  6 14:51:58 2025 [Global] Cobson (Red): i love it when my team are alive aryans
Mon Jan  6 14:51:59 2025 [Global] Haxorus (Red): good job with that zero to hero comeback
Mon Jan  6 14:52:05 2025 Harry (Blue) [Headshot] i will try (Red)
Mon Jan  6 14:52:06 2025 Qult--- (Blue) [Headshot] Nowin (Red)
Mon Jan  6 14:52:09 2025 Harry (Blue) [Headshot] eletro (Red)
Mon Jan  6 14:52:09 2025 Qult--- (Blue) [Headshot] Haxorus (Red)
Mon Jan  6 14:52:10 2025 elpene69 (Blue) [Headshot] xd (Red)
Mon Jan  6 14:52:10 2025 [Global] Cobson (Red): all because of me btw
Mon Jan  6 14:52:11 2025 Animawesome (Blue) [SMG]
Mon Jan  6 14:52:18 2025 Cobson (Red) [Headshot] elpene69 (Blue)
Mon Jan  6 14:52:18 2025 Qult--- (Blue) [Headshot] Iron_15 (Red)
Mon Jan  6 14:52:18 2025 You must be closer to the enemy's base to shoot blocks!
Mon Jan  6 14:52:19 2025 You must be closer to the enemy's base to shoot blocks!
Mon Jan  6 14:52:20 2025 Qult--- (Blue) [Headshot] Cobson (Red)
Mon Jan  6 14:52:21 2025 [Global] Animawesome (Blue): your crying maybe
Mon Jan  6 14:52:26 2025 Qult--- (Blue) [Headshot] i will try (Red)
Mon Jan  6 14:52:27 2025 [Global] elpene69 (Blue): cobson haxer
Mon Jan  6 14:52:28 2025 Qult--- (Blue) [Headshot] Haxorus (Red)
Mon Jan  6 14:52:30 2025 [Global] elpene69 (Blue): grrr
Mon Jan  6 14:52:30 2025 Filet joined Red team
Mon Jan  6 14:52:31 2025 Harry (Blue) [Headshot] xd (Red)
Mon Jan  6 14:52:32 2025 Lee Kee bum (Blue) [Shotgun]
Mon Jan  6 14:52:33 2025 Komrad Senko (Blue) [Grenade] brochocho (Red)
Mon Jan  6 14:52:33 2025 [Global] Cobson (Red): KEK seething much
Mon Jan  6 14:52:39 2025 [Global] Haxorus (Red): CAN\\\\\can we vote for a map change
Mon Jan  6 14:52:42 2025 eletro (Red) [Shotgun] Komrad Senko (Blue)
Mon Jan  6 14:52:46 2025 Animawesome (Blue) [Headshot] xd (Red)
Mon Jan  6 14:52:48 2025 Nowin (Red) [Grenade] Animawesome (Blue)
Mon Jan  6 14:52:48 2025  Get a 20 killstreak and 1 intel capture(s) to unlock /APOC!
Mon Jan  6 14:52:48 2025 Harry (Blue) [Headshot] brochocho (Red)
Mon Jan  6 14:52:51 2025 Harry (Blue) [Headshot] Iron_15 (Red)
Mon Jan  6 14:52:53 2025 elpene69 (Blue) [Headshot] Filet (Red)
Mon Jan  6 14:52:56 2025 Qult--- (Blue) [Headshot] Nowin (Red)
Mon Jan  6 14:53:01 2025 Qult--- (Blue) [Headshot] eletro (Red)
Mon Jan  6 14:53:07 2025 Qult--- (Blue) [Headshot] PJB (Red)
Mon Jan  6 14:53:07 2025 Cobson (Red) [Headshot] Animawesome (Blue)
Mon Jan  6 14:53:10 2025 Filet (Red) [Headshot] elpene69 (Blue)
Mon Jan  6 14:53:10 2025 xd (Red) [Headshot] Lee Kee bum (Blue)
Mon Jan  6 14:53:10 2025 Harry (Blue) [Headshot] brochocho (Red)
Mon Jan  6 14:53:12 2025 Haxorus (Red) [Headshot] Qult--- (Blue)
Mon Jan  6 14:53:13 2025 Harry (Blue) [Headshot] Nowin (Red)
Mon Jan  6 14:53:13 2025 Lee Kee bum (Blue) [Weapon Change]
Mon Jan  6 14:53:18 2025 Filet (Red) [Rifle] Harry (Blue)
Mon Jan  6 14:53:19 2025 Filet (Red) [Headshot] elpene69 (Blue)
Mon Jan  6 14:53:20 2025 Cobson (Red) [Headshot] Komrad Senko (Blue)
Mon Jan  6 14:53:24 2025 Qult--- joined Red team
Mon Jan  6 14:53:25 2025 Animawesome (Blue) [SMG] Cobson (Red)
Mon Jan  6 14:53:30 2025 Jern Axel (Blue) [Rifle] Haxorus (Red)
Mon Jan  6 14:53:31 2025 [Global] elpene69 (Blue): grrr
Mon Jan  6 14:53:34 2025 [Global] elpene69 (Blue): qult sy
Mon Jan  6 14:53:36 2025 [Global] elpene69 (Blue): spy
Mon Jan  6 14:53:39 2025 Lee Kee bum (Blue) [Headshot] xd (Red)
Mon Jan  6 14:53:39 2025 Qult--- (Red) [Headshot] Lee Kee bum (Blue)
Mon Jan  6 14:53:44 2025 Player Haxorus has left
Mon Jan  6 14:53:44 2025 Qult--- (Red) [Headshot] Harry (Blue)
Mon Jan  6 14:53:46 2025 brochocho (Red) [SMG] Animawesome (Blue)
Mon Jan  6 14:53:48 2025  Capture your team's 5th intel to unlock /APOC for your team's best builder!
Mon Jan  6 14:53:51 2025 Filet (Red) [Headshot] Komrad Senko (Blue)
Mon Jan  6 14:53:52 2025 Qult--- (Red) [Rifle] mvslv (Blue)
Mon Jan  6 14:53:54 2025 elpene69 (Blue) [Headshot] Cobson (Red)
Mon Jan  6 14:53:55 2025 Qult--- (Red) [Headshot] World (Blue)
Mon Jan  6 14:53:56 2025 Filet (Red) [Headshot] elpene69 (Blue)
Mon Jan  6 14:53:57 2025 Qult--- (Red) [Headshot] Jern Axel (Blue)
Mon Jan  6 14:53:59 2025 [Global] Cobson (Red): erm what the sigma
Mon Jan  6 14:54:07 2025 Animawesome (Blue) [Headshot] xd (Red)
Mon Jan  6 14:54:08 2025 Harry (Blue) [Headshot] Qult--- (Red)
Mon Jan  6 14:54:10 2025 Nowin (Red) [Headshot] Animawesome (Blue)
Mon Jan  6 14:54:17 2025 Harry (Blue) [Headshot] Iron_15 (Red)
Mon Jan  6 14:54:18 2025 i will try (Red) [SMG] Harry (Blue)
Mon Jan  6 14:54:23 2025 Qult--- (Red) [Headshot] Animawesome (Blue)
Mon Jan  6 14:54:25 2025 Qult--- (Red) [Headshot] elpene69 (Blue)
Mon Jan  6 14:54:35 2025 Nowin (Red) [Headshot] Komrad Senko (Blue)
Mon Jan  6 14:54:36 2025 [Team] Harry (Blue): red in the right tree
Mon Jan  6 14:54:40 2025 Lee Kee bum (Blue) [Headshot] xd (Red)
Mon Jan  6 14:54:43 2025 Qult--- (Red) [Headshot] Jern Axel (Blue)
Mon Jan  6 14:54:44 2025 [Team] elpene69 (Blue): cumpers
Mon Jan  6 14:54:44 2025 Qult--- (Red) [Headshot] World (Blue)
Mon Jan  6 14:54:47 2025 Nowin (Red) [Rifle] Harry (Blue)
Mon Jan  6 14:54:48 2025  Mahalo for playing aloha.pk tower of babel
Mon Jan  6 14:54:49 2025 Cobson (Red) [Headshot] Tom [@os] (Blue)
Mon Jan  6 14:54:52 2025 Cobson (Red) [Rifle] elpene69 (Blue)
Mon Jan  6 14:54:53 2025 Komrad Senko (Blue) [SMG] i will try (Red)
Mon Jan  6 14:54:56 2025 [Global] i will try (Red): lol
Mon Jan  6 14:55:00 2025 Cobson (Red) [Rifle] Harry (Blue)
Mon Jan  6 14:55:03 2025 Jern Axel (Blue) [Headshot] Cobson (Red)
Mon Jan  6 14:55:05 2025 Tom [@os] (Blue) [Headshot] PJB (Red)
Mon Jan  6 14:55:13 2025 Animawesome (Blue) [Headshot] xd (Red)
Mon Jan  6 14:55:14 2025 andreBlea23 joined Blue team
Mon Jan  6 14:55:16 2025 Qult--- (Red) [Headshot] mvslv (Blue)
Mon Jan  6 14:55:19 2025 [Global] Cobson (Red): fuck this shit server
Mon Jan  6 14:55:20 2025 Player Cobson has left
Mon Jan  6 14:55:22 2025 Komrad Senko (Blue) [Headshot] eletro (Red)
Mon Jan  6 14:55:23 2025 [Global] elpene69 (Blue): wtf
Mon Jan  6 14:55:33 2025 Komrad Senko (Blue) [Headshot] brochocho (Red)
Mon Jan  6 14:55:33 2025 Nowin (Red) [Headshot] elpene69 (Blue)
Mon Jan  6 14:55:35 2025 Qult--- (Red) [Headshot] World (Blue)
Mon Jan  6 14:55:37 2025 Geeko joined Blue team
Mon Jan  6 14:55:38 2025 Filet (Red) [Headshot] mvslv (Blue)
Mon Jan  6 14:55:40 2025 Harry (Blue) [Headshot] Qult--- (Red)
Mon Jan  6 14:55:43 2025 andreBlea23 (Blue) [Headshot] xd (Red)
Mon Jan  6 14:55:44 2025 Y.O.B.A. joined Red team
Mon Jan  6 14:55:44 2025 Filet (Red) [Headshot] Geeko (Blue)
Mon Jan  6 14:55:48 2025  Build a tower to get the enemy's intel. Take it to your team's tent to win!
Mon Jan  6 14:55:50 2025 Filet (Red) [Headshot] World (Blue)
Mon Jan  6 14:55:50 2025 Harry (Blue) [Headshot] PJB (Red)
Mon Jan  6 14:55:51 2025 eletro (Red) [Shotgun] andreBlea23 (Blue)
Mon Jan  6 14:55:53 2025 Filet (Red) [Headshot] Jern Axel (Blue)
Mon Jan  6 14:55:54 2025 Filet (Red) [Headshot] Harry (Blue)
Mon Jan  6 14:55:57 2025 Nowin (Red) [Headshot] elpene69 (Blue)
Mon Jan  6 14:55:59 2025 Tom [@os] (Blue) [Headshot] i will try (Red)
Mon Jan  6 14:56:05 2025 Filet (Red) [Headshot] Geeko (Blue)
Mon Jan  6 14:56:06 2025 Lee Kee bum (Blue) [Rifle] eletro (Red)
Mon Jan  6 14:56:07 2025 Filet (Red) [Headshot] mvslv (Blue)
Mon Jan  6 14:56:11 2025 Lee Kee bum (Blue) [Headshot] xd (Red)
Mon Jan  6 14:56:14 2025 Komrad Senko (Blue) [SMG] i will try (Red)
Mon Jan  6 14:56:14 2025 Filet (Red) [Rifle] World (Blue)
Mon Jan  6 14:56:16 2025 Harry (Blue) [Headshot] Filet (Red)
Mon Jan  6 14:56:21 2025 Player Qult--- has left
Mon Jan  6 14:56:22 2025 Qult--- joined Red team
Mon Jan  6 14:56:28 2025 Player Ding has left
Mon Jan  6 14:56:32 2025 Lee Kee bum (Blue) [Headshot] xd (Red)
Mon Jan  6 14:56:33 2025 Geeko (Blue) [Headshot] PJB (Red)
Mon Jan  6 14:56:34 2025 andreBlea23 (Blue) [Headshot] Y.O.B.A. (Red)
Mon Jan  6 14:56:34 2025 brochocho (Red) [Headshot] andreBlea23 (Blue)
Mon Jan  6 14:56:38 2025 brochocho (Red) [Headshot] Animawesome (Blue)
Mon Jan  6 14:56:38 2025 Qult--- (Red) [Headshot] Geeko (Blue)
Mon Jan  6 14:56:43 2025 Nowin (Red) [Headshot] Harry (Blue)
Mon Jan  6 14:56:46 2025 Disconnecting
