Tue Mar  4 17:32:54 2025 ------ World Loaded ------
Tue Mar  4 17:32:54 2025 Pollertry (Blue) [Headshot] FMisi <3 (Red)
Tue Mar  4 17:32:54 2025 Welcome to aloha.pk tower of babel
Tue Mar  4 17:32:54 2025 BernardBerBen (Red) [Shotgun] bigusdikus (Blue)
Tue Mar  4 17:32:54 2025 microwave (Blue) [Headshot] Amir (Red)
Tue Mar  4 17:32:56 2025 Map: PineCity by heyitskad
Tue Mar  4 17:32:58 2025 Game mode: babel
Tue Mar  4 17:32:58 2025 Qult--- (Red) [Shotgun] Pollertry (Blue)
Tue Mar  4 17:32:59 2025 bigusdikus (Blue) [Fall]
Tue Mar  4 17:32:59 2025 Pollertry (Blue) [Fall]
Tue Mar  4 17:32:59 2025 Amir (Red) [Fall]
Tue Mar  4 17:33:00 2025 Build a tower to get the enemy's intel. Take it to your team's tent to win!
Tue Mar  4 17:33:01 2025 microwave (Blue) [SMG] FMisi <3 (Red)
Tue Mar  4 17:33:02 2025 Visit our community forum at https://aloha.pk/
Tue Mar  4 17:33:03 2025 BernardBerBen (Red) [Headshot] tt (Blue)
Tue Mar  4 17:33:04 2025 Come chat with us at https://discord.aloha.pk/
Tue Mar  4 17:33:04 2025 the intel joined Red team
Tue Mar  4 17:33:06 2025 teiy joined Red team
Tue Mar  4 17:33:13 2025 BernardBerBen (Red) [Shotgun] tt (Blue)
Tue Mar  4 17:33:14 2025 bigusdikus (Blue) [Headshot] BernardBerBen (Red)
Tue Mar  4 17:33:15 2025 microwave (Blue) [Headshot] FMisi <3 (Red)
Tue Mar  4 17:33:16 2025 Disconnecting
