Tue Mar  4 19:47:03 2025 ------ World Loaded ------
Tue Mar  4 19:47:03 2025 Welcome to aloha.pk tower of babel
Tue Mar  4 19:47:04 2025 Map: WarmKnot by AquaLessPantsu
Tue Mar  4 19:47:06 2025 Game mode: babel
Tue Mar  4 19:47:08 2025 Build a tower to get the enemy's intel. Take it to your team's tent to win!
Tue Mar  4 19:47:10 2025 Visit our community forum at https://aloha.pk/
Tue Mar  4 19:47:12 2025 Come chat with us at https://discord.aloha.pk/
Tue Mar  4 19:47:16 2025 Atirad007 (Red) [Headshot] peepeepoopoo (Blue)
Tue Mar  4 19:47:17 2025 Y.O.B.A. (Red) [Headshot] seu madruga (Blue)
Tue Mar  4 19:47:29 2025 peepeepoopoo (Blue) [Headshot] Y.O.B.A. (Red)
Tue Mar  4 19:47:33 2025  Type /HELP for info & commands
Tue Mar  4 19:47:44 2025 Harry (Red) [Headshot] peepeepoopoo (Blue)
Tue Mar  4 19:47:51 2025 Atirad007 (Red) [Headshot] seu madruga (Blue)
Tue Mar  4 19:48:04 2025 peepeepoopoo (Blue) [Rifle] Atirad007 (Red)
Tue Mar  4 19:48:13 2025 peepeepoopoo (Blue) [Headshot] Y.O.B.A. (Red)
Tue Mar  4 19:48:21 2025 Harry (Red) [Headshot] peepeepoopoo (Blue)
Tue Mar  4 19:48:25 2025 seu madruga (Blue) [Headshot] Atirad007 (Red)
Tue Mar  4 19:48:32 2025 Y.O.B.A. (Red) [Headshot] seu madruga (Blue)
Tue Mar  4 19:48:33 2025  Visit our community forums at https://aloha.pk/
Tue Mar  4 19:48:46 2025 You must be closer to the enemy's base to shoot blocks!
Tue Mar  4 19:48:50 2025 peepeepoopoo (Blue) [Headshot] Y.O.B.A. (Red)
Tue Mar  4 19:48:52 2025 peepeepoopoo (Blue) [Headshot] Atirad007 (Red)
Tue Mar  4 19:48:53 2025 Harry (Red) [Headshot] peepeepoopoo (Blue)
Tue Mar  4 19:49:16 2025 Y.O.B.A. (Red) [Headshot] seu madruga (Blue)
Tue Mar  4 19:49:26 2025 Atirad007 (Red) [Headshot] peepeepoopoo (Blue)
Tue Mar  4 19:49:33 2025  Come chat with us at https://discord.aloha.pk/
Tue Mar  4 19:49:46 2025 Atirad007 (Red) [Headshot] peepeepoopoo (Blue)
Tue Mar  4 19:49:49 2025 Sithis joined Red team
Tue Mar  4 19:49:57 2025 peepeepoopoo (Blue) [Headshot] Atirad007 (Red)
Tue Mar  4 19:50:12 2025 seu madruga (Blue) [SMG] Atirad007 (Red)
Tue Mar  4 19:50:27 2025 Harry (Red) [Headshot] peepeepoopoo (Blue)
Tue Mar  4 19:50:28 2025 POP_OS joined Spectator team
Tue Mar  4 19:50:33 2025  If you believe a player is breaking the rules, please let us know with /ADMIN
Tue Mar  4 19:50:35 2025 seu madruga (Blue) [SMG] Sithis (Red)
Tue Mar  4 19:50:37 2025 seu madruga (Blue) [SMG] Atirad007 (Red)
Tue Mar  4 19:51:03 2025 Y.O.B.A. (Red) [SMG] peepeepoopoo (Blue)
Tue Mar  4 19:51:08 2025 Sithis picked up Blue's Intel.
Tue Mar  4 19:51:16 2025 Sithis dropped Blue's Intel
Tue Mar  4 19:51:16 2025  The intel has returned to the heavens
Tue Mar  4 19:51:16 2025 Sithis (Red) [Fall]
Tue Mar  4 19:51:17 2025 Harry (Red) [Fall]
Tue Mar  4 19:51:19 2025 seu madruga (Blue) [SMG] Sithis (Red)
Tue Mar  4 19:51:27 2025 [Global] POP_OS (): nice job YOBA
Tue Mar  4 19:51:28 2025 Y.O.B.A. (Red) [Headshot] peepeepoopoo (Blue)
Tue Mar  4 19:51:29 2025 Harry (Red) [Team Change]
Tue Mar  4 19:51:33 2025  This server runs imger and glow. Use /IMG or /GLOW to toggle them.
Tue Mar  4 19:51:34 2025 Sithis (Red) [SMG] seu madruga (Blue)
Tue Mar  4 19:51:36 2025 [Global] Y.O.B.A. (Red): ty
Tue Mar  4 19:51:43 2025 Y.O.B.A. (Red) [SMG] seu madruga (Blue)
Tue Mar  4 19:51:50 2025 peepeepoopoo (Blue) [Headshot] Y.O.B.A. (Red)
Tue Mar  4 19:51:52 2025 peepeepoopoo (Blue) [Headshot] Atirad007 (Red)
Tue Mar  4 19:52:01 2025 Sithis picked up Blue's Intel.
Tue Mar  4 19:52:03 2025 Player POP_OS has left
Tue Mar  4 19:52:20 2025 seu madruga (Blue) [Headshot] Y.O.B.A. (Red)
Tue Mar  4 19:52:30 2025 Atirad007 (Red) [Headshot] Harry (Blue)
Tue Mar  4 19:52:33 2025  Use /EMOTE to draw an emote on the map!
Tue Mar  4 19:52:44 2025 Sithis captured Blue's Intel.
Tue Mar  4 19:52:44 2025 peepeepoopoo picked up Red's Intel.
Tue Mar  4 19:52:49 2025 NoName joined Blue team
Tue Mar  4 19:52:54 2025 peepeepoopoo dropped Red's Intel
Tue Mar  4 19:52:57 2025 Y.O.B.A. (Red) [Headshot] peepeepoopoo (Blue)
Tue Mar  4 19:52:57 2025 Atirad007 (Red) [Headshot] NoName (Blue)
Tue Mar  4 19:53:00 2025 [Global] NoName (Blue): warm knot wtf is this name...
Tue Mar  4 19:53:03 2025 [Global] peepeepoopoo (Blue): fr
Tue Mar  4 19:53:08 2025 Y.O.B.A. picked up Blue's Intel.
Tue Mar  4 19:53:19 2025 Y.O.B.A. dropped Blue's Intel
Tue Mar  4 19:53:19 2025 seu madruga (Blue) [SMG] Y.O.B.A. (Red)
Tue Mar  4 19:53:25 2025 seu madruga picked up Red's Intel.
Tue Mar  4 19:53:33 2025  Use /HEAVEN to paint the babel platform!
Tue Mar  4 19:53:35 2025 peepeepoopoo (Blue) [Headshot] Sithis (Red)
Tue Mar  4 19:53:37 2025 You must be closer to the enemy's base to shoot blocks!
Tue Mar  4 19:53:38 2025 You must be closer to the enemy's base to shoot blocks!
Tue Mar  4 19:53:38 2025 You must be closer to the enemy's base to shoot blocks!
Tue Mar  4 19:53:46 2025 Atirad007 (Red) [Headshot] Harry (Blue)
Tue Mar  4 19:53:54 2025 vivian<3 joined Red team
Tue Mar  4 19:53:58 2025 seu madruga dropped Red's Intel
Tue Mar  4 19:53:58 2025  The intel has returned to the heavens
Tue Mar  4 19:53:58 2025 Sithis (Red) [Headshot] seu madruga (Blue)
Tue Mar  4 19:54:02 2025 peepeepoopoo (Blue) [Headshot] Sithis (Red)
Tue Mar  4 19:54:11 2025 Atirad007 (Red) [Headshot] Harry (Blue)
Tue Mar  4 19:54:17 2025 Atirad007 (Red) [Headshot] Harry (Blue)
Tue Mar  4 19:54:19 2025 peepeepoopoo picked up Red's Intel.
Tue Mar  4 19:54:23 2025 Sithis (Red) [SMG] NoName (Blue)
Tue Mar  4 19:54:25 2025 Atirad007 (Red) [Headshot] seu madruga (Blue)
Tue Mar  4 19:54:28 2025 peepeepoopoo (Blue) [Headshot] Sithis (Red)
Tue Mar  4 19:54:31 2025 Y.O.B.A. (Red) [SMG] seu madruga (Blue)
Tue Mar  4 19:54:33 2025  Get a 20 killstreak and 1 intel capture(s) to unlock /APOC!
Tue Mar  4 19:54:33 2025 Y.O.B.A. (Red) [SMG] Harry (Blue)
Tue Mar  4 19:54:34 2025 peepeepoopoo dropped Red's Intel
Tue Mar  4 19:54:34 2025  The intel has returned to the heavens
Tue Mar  4 19:54:34 2025 peepeepoopoo (Blue) [Fall]
Tue Mar  4 19:54:44 2025 Harry (Blue) [Headshot] Atirad007 (Red)
Tue Mar  4 19:54:54 2025 NoName (Blue) [Melee] Y.O.B.A. (Red)
Tue Mar  4 19:55:03 2025 Sithis picked up Blue's Intel.
Tue Mar  4 19:55:11 2025 Sithis dropped Blue's Intel
Tue Mar  4 19:55:11 2025 NoName (Blue) [SMG] Sithis (Red)
Tue Mar  4 19:55:12 2025 Sithis (Red) [Grenade] Harry (Blue)
Tue Mar  4 19:55:18 2025 Atirad007 (Red) [Rifle] peepeepoopoo (Blue)
Tue Mar  4 19:55:19 2025 seu madruga (Blue) [Headshot] Atirad007 (Red)
Tue Mar  4 19:55:21 2025 [Team] peepeepoopoo (Blue): >>>>
Tue Mar  4 19:55:23 2025 [Team] peepeepoopoo (Blue): water
Tue Mar  4 19:55:32 2025 Y.O.B.A. (Red) [Headshot] NoName (Blue)
Tue Mar  4 19:55:33 2025  Capture your team's 5th intel to unlock /APOC for your team's best builder!
Tue Mar  4 19:55:37 2025 seu madruga (Blue) [SMG] Sithis (Red)
Tue Mar  4 19:55:45 2025 Harry (Blue) [Headshot] Y.O.B.A. (Red)
Tue Mar  4 19:55:45 2025 Atirad007 (Red) [Headshot] seu madruga (Blue)
Tue Mar  4 19:55:58 2025 peepeepoopoo picked up Red's Intel.
Tue Mar  4 19:56:03 2025 NoName (Blue) [SMG] vivian<3 (Red)
Tue Mar  4 19:56:07 2025 Sithis (Red) [SMG] Harry (Blue)
Tue Mar  4 19:56:12 2025 Ape Escape 4 joined Blue team
Tue Mar  4 19:56:18 2025 seu madruga (Blue) [Headshot] Atirad007 (Red)
Tue Mar  4 19:56:22 2025 peepeepoopoo captured Red's Intel.
Tue Mar  4 19:56:29 2025 Sithis picked up Blue's Intel.
Tue Mar  4 19:56:33 2025  Mahalo for playing aloha.pk tower of babel
Tue Mar  4 19:56:44 2025 Harry (Blue) [Headshot] Y.O.B.A. (Red)
Tue Mar  4 19:56:44 2025 Sithis (Red) [SMG] NoName (Blue)
Tue Mar  4 19:56:44 2025 Sithis dropped Blue's Intel
Tue Mar  4 19:56:44 2025  The intel has returned to the heavens
Tue Mar  4 19:56:44 2025 seu madruga (Blue) [SMG] Sithis (Red)
Tue Mar  4 19:56:45 2025 peepeepoopoo (Blue) [Headshot] vivian<3 (Red)
Tue Mar  4 19:56:49 2025 seu madruga (Blue) [Headshot] Atirad007 (Red)
Tue Mar  4 19:56:56 2025 peepeepoopoo picked up Red's Intel.
Tue Mar  4 19:57:11 2025 Lesiy joined Red team
Tue Mar  4 19:57:12 2025 Sithis (Red) [Headshot] seu madruga (Blue)
Tue Mar  4 19:57:14 2025 NoName (Blue) [SMG] Atirad007 (Red)
Tue Mar  4 19:57:17 2025 Y.O.B.A. (Red) [SMG] NoName (Blue)
Tue Mar  4 19:57:21 2025 [Global] peepeepoopoo (Blue): gg
Tue Mar  4 19:57:22 2025 peepeepoopoo captured Red's Intel.
Tue Mar  4 19:57:22 2025 Blue Wins!
Tue Mar  4 19:57:22 2025  Game finished! Next map: WarzoneSummer.
Tue Mar  4 19:57:24 2025 NoName (Blue) [Headshot] Lesiy (Red)
Tue Mar  4 19:57:24 2025 Sithis (Red) [Headshot] NoName (Blue)
Tue Mar  4 19:57:26 2025 peepeepoopoo (Blue) [Rifle] Atirad007 (Red)
Tue Mar  4 19:57:26 2025 seu madruga (Blue) [SMG] Atirad007 (Red)
Tue Mar  4 19:57:26 2025 vivian<3 (Red) [SMG] Ape Escape 4 (Blue)
Tue Mar  4 19:57:26 2025 vivian<3 (Red) [SMG] Ape Escape 4 (Blue)
Tue Mar  4 19:57:26 2025 Harry (Blue) [Rifle] Atirad007 (Red)
Tue Mar  4 19:57:26 2025 seu madruga (Blue) [SMG] vivian<3 (Red)
Tue Mar  4 19:57:26 2025 Harry (Blue) [Headshot] vivian<3 (Red)
Tue Mar  4 19:57:27 2025 peepeepoopoo (Blue) [Headshot] Sithis (Red)
Tue Mar  4 19:57:28 2025 Harry (Blue) [Headshot] Y.O.B.A. (Red)
Tue Mar  4 19:57:31 2025 Harry (Blue) [Fall]
Tue Mar  4 19:57:33 2025 seu madruga (Blue) [Fall]
Tue Mar  4 19:57:33 2025 ------ World Unloaded ------
Tue Mar  4 19:57:38 2025 ------ World Loaded ------
Tue Mar  4 19:57:38 2025 Welcome to aloha.pk tower of babel
Tue Mar  4 19:57:38 2025 Sithis joined Red team
Tue Mar  4 19:57:38 2025 NoName joined Blue team
Tue Mar  4 19:57:40 2025 Map: WarzoneSummer by BAC BUILDS
Tue Mar  4 19:57:40 2025 Ape Escape 4 joined Red team
Tue Mar  4 19:57:40 2025 peepeepoopoo joined Red team
Tue Mar  4 19:57:42 2025 Game mode: babel
Tue Mar  4 19:57:44 2025 Build a tower to get the enemy's intel. Take it to your team's tent to win!
Tue Mar  4 19:57:46 2025 Visit our community forum at https://aloha.pk/
Tue Mar  4 19:57:47 2025 Lesiy joined Blue team
Tue Mar  4 19:57:48 2025 Come chat with us at https://discord.aloha.pk/
Tue Mar  4 19:58:33 2025  Type /HELP for info & commands
Tue Mar  4 19:58:41 2025 coik joined Red team
Tue Mar  4 19:58:45 2025 Sithis (Red) [Grenade] Lesiy (Blue)
Tue Mar  4 19:59:31 2025 NoName (Blue) [Rifle] Sithis (Red)
Tue Mar  4 19:59:33 2025  Visit our community forums at https://aloha.pk/
Tue Mar  4 19:59:54 2025 Y.O.B.A. joined Spectator team
Tue Mar  4 19:59:57 2025 NoName (Blue) [Rifle] Sithis (Red)
Tue Mar  4 20:00:03 2025 NoName (Blue) [Headshot] coik (Red)
Tue Mar  4 20:00:13 2025 Deuce joined Spectator team
Tue Mar  4 20:00:20 2025 peepeepoopoo (Red) [Headshot] Harry (Blue)
Tue Mar  4 20:00:33 2025  Come chat with us at https://discord.aloha.pk/
Tue Mar  4 20:00:35 2025 Harry (Blue) [Headshot] Ape Escape 4 (Red)
Tue Mar  4 20:00:42 2025 NoName (Blue) [Grenade] Sithis (Red)
Tue Mar  4 20:00:43 2025 Player Deuce has left
Tue Mar  4 20:00:43 2025 peepeepoopoo (Red) [Headshot] Harry (Blue)
Tue Mar  4 20:00:47 2025 Lesiy (Blue) [Headshot] Ape Escape 4 (Red)
Tue Mar  4 20:00:50 2025 Deuce joined Spectator team
Tue Mar  4 20:00:50 2025 Lesiy (Blue) [SMG] coik (Red)
Tue Mar  4 20:00:54 2025 Lesiy (Blue) [Headshot] Ape Escape 4 (Red)
Tue Mar  4 20:01:02 2025 Sithis (Red) [Headshot] Lesiy (Blue)
Tue Mar  4 20:01:05 2025 [Global] Y.O.B.A. (): what was that
Tue Mar  4 20:01:13 2025 NoName (Blue) [Headshot] coik (Red)
Tue Mar  4 20:01:15 2025 Lesiy (Blue) [Headshot] peepeepoopoo (Red)
Tue Mar  4 20:01:17 2025 [Global] Deuce (): i was just playin w u
Tue Mar  4 20:01:25 2025 [Global] Deuce (): dont be mad
Tue Mar  4 20:01:30 2025 NoName (Blue) [Headshot] Sithis (Red)
Tue Mar  4 20:01:31 2025 peepeepoopoo (Red) [Headshot] Lesiy (Blue)
Tue Mar  4 20:01:33 2025  If you believe a player is breaking the rules, please let us know with /ADMIN
Tue Mar  4 20:01:34 2025 NoName (Blue) [Rifle] coik (Red)
Tue Mar  4 20:01:46 2025 coik (Red) [Headshot] NoName (Blue)
Tue Mar  4 20:01:47 2025 Harry (Blue) [Headshot] peepeepoopoo (Red)
Tue Mar  4 20:01:49 2025 Player Y.O.B.A. has left
Tue Mar  4 20:01:55 2025 [Global] peepeepoopoo (Red): yoba is mad ooooo
Tue Mar  4 20:02:09 2025 Harry (Blue) [Headshot] Ape Escape 4 (Red)
Tue Mar  4 20:02:09 2025 [Global] Deuce (): idk if he got really mad now..
Tue Mar  4 20:02:12 2025 Player Lesiy has left
Tue Mar  4 20:02:13 2025 [Global] peepeepoopoo (Red): prob not?
Tue Mar  4 20:02:25 2025 [Global] Deuce (): now im sad
Tue Mar  4 20:02:33 2025  This server runs imger and glow. Use /IMG or /GLOW to toggle them.
Tue Mar  4 20:02:49 2025 peepeepoopoo (Red) [Rifle] Harry (Blue)
Tue Mar  4 20:02:50 2025 peepeepoopoo (Red) [Headshot] NoName (Blue)
Tue Mar  4 20:02:50 2025 [Global] Ape Escape 4 (Red): i wanted to play ace but there's so few people and this map is kinda shit
Tue Mar  4 20:03:00 2025 [Global] Deuce (): new rotation is shit
Tue Mar  4 20:03:01 2025 Sithis picked up Blue's Intel.
Tue Mar  4 20:03:08 2025 [Global] Ape Escape 4 (Red): modern mall is a good map
Tue Mar  4 20:03:33 2025  Use /EMOTE to draw an emote on the map!
Tue Mar  4 20:03:37 2025 [Global] Deuce (): i feel bad for Y.O.B.A.
Tue Mar  4 20:03:41 2025 blito joined Blue team
Tue Mar  4 20:03:47 2025 Sithis captured Blue's Intel.
Tue Mar  4 20:03:48 2025 NoName (Blue) [Rifle] Sithis (Red)
Tue Mar  4 20:03:51 2025 [Global] NoName (Blue): fuck
Tue Mar  4 20:04:02 2025 NoName (Blue) [Headshot] coik (Red)
Tue Mar  4 20:04:08 2025 coik (Red) [SMG] blito (Blue)
Tue Mar  4 20:04:19 2025 [Global] Deuce (): i joined cause he was here
Tue Mar  4 20:04:23 2025 peepeepoopoo (Red) [Rifle]
Tue Mar  4 20:04:26 2025 [Global] Deuce (): now.. i think im leavin
Tue Mar  4 20:04:28 2025 NoName (Blue) [Rifle] coik (Red)
Tue Mar  4 20:04:30 2025 Drakukeo joined Blue team
Tue Mar  4 20:04:33 2025  Use /HEAVEN to paint the babel platform!
Tue Mar  4 20:04:45 2025 NoName (Blue) [Headshot] coik (Red)
Tue Mar  4 20:04:52 2025 NoName (Blue) [Headshot] Sithis (Red)
Tue Mar  4 20:04:57 2025 coik (Red) [SMG] NoName (Blue)
Tue Mar  4 20:05:00 2025 Drakukeo (Blue) [Headshot] Ape Escape 4 (Red)
Tue Mar  4 20:05:12 2025 [Global] Deuce (): well, gg
Tue Mar  4 20:05:17 2025 Player Deuce has left
Tue Mar  4 20:05:19 2025 blito (Blue) [Fall]
Tue Mar  4 20:05:21 2025 Player blito has left
Tue Mar  4 20:05:30 2025 coik (Red) [Headshot] Drakukeo (Blue)
Tue Mar  4 20:05:33 2025  Get a 20 killstreak and 1 intel capture(s) to unlock /APOC!
Tue Mar  4 20:05:34 2025 NoName (Blue) [Headshot] Ape Escape 4 (Red)
Tue Mar  4 20:05:39 2025 coik picked up Blue's Intel.
Tue Mar  4 20:05:59 2025 coik (Red) [SMG] NoName (Blue)
Tue Mar  4 20:06:17 2025 coik captured Blue's Intel.
Tue Mar  4 20:06:17 2025 e joined Blue team
Tue Mar  4 20:06:23 2025 e (Blue) [Headshot] Ape Escape 4 (Red)
Tue Mar  4 20:06:26 2025 tulips joined Blue team
Tue Mar  4 20:06:27 2025 Sithis picked up Blue's Intel.
Tue Mar  4 20:06:31 2025 Sithis dropped Blue's Intel
Tue Mar  4 20:06:31 2025 Harry (Blue) [Headshot] Sithis (Red)
Tue Mar  4 20:06:31 2025 Ape Escape 4 (Red) [Weapon Change]
Tue Mar  4 20:06:33 2025  Capture your team's 5th intel to unlock /APOC for your team's best builder!
Tue Mar  4 20:06:40 2025 Harry picked up Red's Intel.
Tue Mar  4 20:06:43 2025 Harry (Blue) [Headshot] coik (Red)
Tue Mar  4 20:06:51 2025 e (Blue) [Headshot] Ape Escape 4 (Red)
Tue Mar  4 20:06:53 2025 e (Blue) [Headshot] Ape Escape 4 (Red)
Tue Mar  4 20:06:55 2025 Drakukeo (Blue) [Headshot] Sithis (Red)
Tue Mar  4 20:06:57 2025 e (Blue) [Headshot] coik (Red)
Tue Mar  4 20:06:58 2025 e (Blue) [Headshot] peepeepoopoo (Red)
Tue Mar  4 20:07:05 2025 tulips (Blue) [Headshot] Sithis (Red)
Tue Mar  4 20:07:06 2025 coik (Red) [SMG] Drakukeo (Blue)
Tue Mar  4 20:07:07 2025 e (Blue) [Headshot] peepeepoopoo (Red)
Tue Mar  4 20:07:19 2025 e (Blue) [Rifle] Ape Escape 4 (Red)
Tue Mar  4 20:07:19 2025 tulips (Blue) [Headshot] peepeepoopoo (Red)
Tue Mar  4 20:07:21 2025 coik (Red) [Headshot] e (Blue)
Tue Mar  4 20:07:26 2025  Harry has reached 1000 blocks placed! /heaven unlocked.
Tue Mar  4 20:07:26 2025 Type /heavenlist to view available images. /heaven <name> to confirm.
Tue Mar  4 20:07:26 2025 Want your country's flag instead? Type /heaven country (or any alpha-2 code)
Tue Mar  4 20:07:33 2025  Mahalo for playing aloha.pk tower of babel
Tue Mar  4 20:07:41 2025 Ape Escape 4 (Red) [Shotgun] tulips (Blue)
Tue Mar  4 20:07:44 2025 Drakukeo (Blue) [Rifle] Ape Escape 4 (Red)
Tue Mar  4 20:07:48 2025 NoName (Blue) [SMG] coik (Red)
Tue Mar  4 20:07:55 2025 coik (Red) [SMG] NoName (Blue)
Tue Mar  4 20:07:55 2025 Drakukeo (Blue) [Headshot] Ape Escape 4 (Red)
Tue Mar  4 20:07:58 2025 Sithis (Red) [Headshot] e (Blue)
Tue Mar  4 20:08:27 2025 Drakukeo (Blue) [Rifle] Ape Escape 4 (Red)
Tue Mar  4 20:08:29 2025 e (Blue) [Headshot] peepeepoopoo (Red)
Tue Mar  4 20:08:33 2025  Build a tower to get the enemy's intel. Take it to your team's tent to win!
Tue Mar  4 20:08:33 2025 Harry (Blue) [Headshot] Sithis (Red)
Tue Mar  4 20:08:34 2025 Ape Escape 4 (Red) [Headshot] e (Blue)
Tue Mar  4 20:08:39 2025 tulips (Blue) [Headshot] Ape Escape 4 (Red)
Tue Mar  4 20:08:45 2025 tulips (Blue) [Headshot] Sithis (Red)
Tue Mar  4 20:08:51 2025 tulips (Blue) [Headshot] Ape Escape 4 (Red)
Tue Mar  4 20:08:51 2025 NoName (Blue) [SMG] coik (Red)
Tue Mar  4 20:08:53 2025 Harry dropped Red's Intel
Tue Mar  4 20:08:54 2025 peepeepoopoo (Red) [Rifle] Drakukeo (Blue)
Tue Mar  4 20:08:57 2025 Harry picked up Red's Intel.
Tue Mar  4 20:09:05 2025 e (Blue) [Headshot] Ape Escape 4 (Red)
Tue Mar  4 20:09:05 2025 NoName (Blue) [SMG] Sithis (Red)
Tue Mar  4 20:09:14 2025 Player Drakukeo has left
Tue Mar  4 20:09:17 2025 NoName (Blue) [SMG] coik (Red)
Tue Mar  4 20:09:20 2025 e (Blue) [Headshot] Ape Escape 4 (Red)
Tue Mar  4 20:09:21 2025 e (Blue) [Headshot] Sithis (Red)
Tue Mar  4 20:09:30 2025 e (Blue) [Headshot] Ape Escape 4 (Red)
Tue Mar  4 20:09:32 2025 e (Blue) [Headshot] Sithis (Red)
Tue Mar  4 20:09:33 2025  Type /HELP for info & commands
Tue Mar  4 20:09:33 2025 coik (Red) [SMG] tulips (Blue)
Tue Mar  4 20:09:37 2025 coik (Red) [Headshot] e (Blue)
Tue Mar  4 20:09:40 2025 tulips joined Red team
Tue Mar  4 20:09:44 2025 NoName (Blue) [Grenade] coik (Red)
Tue Mar  4 20:09:50 2025 NoName (Blue) [Headshot] Sithis (Red)
Tue Mar  4 20:09:57 2025 NoName (Blue) [SMG] Sithis (Red)
Tue Mar  4 20:09:59 2025 NoName (Blue) [SMG] coik (Red)
Tue Mar  4 20:09:59 2025 e (Blue) [Headshot] tulips (Red)
Tue Mar  4 20:10:06 2025 Harry dropped Red's Intel
Tue Mar  4 20:10:07 2025 Drakukeo joined Blue team
Tue Mar  4 20:10:07 2025 coik (Red) [SMG] e (Blue)
Tue Mar  4 20:10:09 2025 Harry picked up Red's Intel.
Tue Mar  4 20:10:18 2025 Drakukeo (Blue) [Headshot] Ape Escape 4 (Red)
Tue Mar  4 20:10:26 2025 coik (Red) [Headshot] NoName (Blue)
Tue Mar  4 20:10:32 2025 peepeepoopoo (Red) [Headshot] NoName (Blue)
Tue Mar  4 20:10:33 2025  Visit our community forums at https://aloha.pk/
Tue Mar  4 20:10:37 2025 Harry dropped Red's Intel
Tue Mar  4 20:10:37 2025  The intel has returned to the heavens
Tue Mar  4 20:10:37 2025 tulips (Red) [Headshot] Harry (Blue)
Tue Mar  4 20:10:38 2025 [Global] NoName (Blue): where
Tue Mar  4 20:10:45 2025 Drakukeo (Blue) [Headshot] Ape Escape 4 (Red)
Tue Mar  4 20:10:46 2025 tulips (Red) [Headshot] Harry (Blue)
Tue Mar  4 20:10:47 2025 tulips (Red) [Headshot] NoName (Blue)
Tue Mar  4 20:10:51 2025 Drakukeo (Blue) [Headshot] coik (Red)
Tue Mar  4 20:11:01 2025 Sithis picked up Blue's Intel.
Tue Mar  4 20:11:02 2025 e (Blue) [Headshot] coik (Red)
Tue Mar  4 20:11:13 2025 Sithis (Red) [SMG] e (Blue)
Tue Mar  4 20:11:16 2025 Sithis dropped Blue's Intel
Tue Mar  4 20:11:16 2025  The intel has returned to the heavens
Tue Mar  4 20:11:16 2025 NoName (Blue) [SMG] Sithis (Red)
Tue Mar  4 20:11:18 2025 tulips (Red) [Rifle] Harry (Blue)
Tue Mar  4 20:11:20 2025 Drakukeo (Blue) [Headshot] Ape Escape 4 (Red)
Tue Mar  4 20:11:29 2025 e (Blue) [Headshot] coik (Red)
Tue Mar  4 20:11:33 2025  Come chat with us at https://discord.aloha.pk/
Tue Mar  4 20:11:37 2025 Drakukeo (Blue) [Headshot] Sithis (Red)
Tue Mar  4 20:11:42 2025 Drakukeo (Blue) [Headshot] Ape Escape 4 (Red)
Tue Mar  4 20:11:51 2025 Drakukeo (Blue) [Headshot] coik (Red)
Tue Mar  4 20:11:53 2025 Harry (Blue) [Headshot] peepeepoopoo (Red)
Tue Mar  4 20:11:54 2025 coik (Red) [Headshot] e (Blue)
Tue Mar  4 20:12:00 2025 coik (Red) [Headshot] NoName (Blue)
Tue Mar  4 20:12:24 2025 Drakukeo (Blue) [Headshot] Ape Escape 4 (Red)
Tue Mar  4 20:12:31 2025 coik (Red) [SMG] NoName (Blue)
Tue Mar  4 20:12:32 2025 tulips (Red) [Rifle] Harry (Blue)
Tue Mar  4 20:12:32 2025 Drakukeo (Blue) [Headshot] Sithis (Red)
Tue Mar  4 20:12:32 2025 e (Blue) [Headshot] Ape Escape 4 (Red)
Tue Mar  4 20:12:33 2025  If you believe a player is breaking the rules, please let us know with /ADMIN
Tue Mar  4 20:12:42 2025 e (Blue) [Headshot] Ape Escape 4 (Red)
Tue Mar  4 20:12:43 2025 tulips (Red) [Headshot] Harry (Blue)
Tue Mar  4 20:12:44 2025 Drakukeo (Blue) [Headshot] Sithis (Red)
Tue Mar  4 20:12:47 2025 coik (Red) [SMG] NoName (Blue)
Tue Mar  4 20:12:55 2025 e (Blue) [Headshot] Sithis (Red)
Tue Mar  4 20:12:59 2025 Drakukeo (Blue) [Headshot] Ape Escape 4 (Red)
Tue Mar  4 20:12:59 2025 tulips (Red) [Headshot] Harry (Blue)
Tue Mar  4 20:13:06 2025 coik (Red) [Headshot] Harry (Blue)
Tue Mar  4 20:13:06 2025 Drakukeo (Blue) [Headshot] Sithis (Red)
Tue Mar  4 20:13:10 2025 NoName (Blue) [SMG] coik (Red)
Tue Mar  4 20:13:17 2025 e (Blue) [Headshot] Sithis (Red)
Tue Mar  4 20:13:18 2025 tulips (Red) [Headshot] Harry (Blue)
Tue Mar  4 20:13:20 2025 Drakukeo (Blue) [Headshot] coik (Red)
Tue Mar  4 20:13:26 2025 Drakukeo (Blue) [Team Change]
Tue Mar  4 20:13:28 2025 Drakukeo joined Red team
Tue Mar  4 20:13:29 2025 e (Blue) [Headshot] Drakukeo (Red)
Tue Mar  4 20:13:31 2025 e (Blue) [Headshot] coik (Red)
Tue Mar  4 20:13:32 2025 tulips (Red) [Headshot] Harry (Blue)
Tue Mar  4 20:13:33 2025  This server runs imger and glow. Use /IMG or /GLOW to toggle them.
Tue Mar  4 20:13:39 2025 Ape Escape 4 (Red) [SMG]
Tue Mar  4 20:13:43 2025 Drakukeo (Red) [Headshot] e (Blue)
Tue Mar  4 20:13:49 2025 Drakukeo (Red) [Headshot] NoName (Blue)
Tue Mar  4 20:13:59 2025 tulips (Red) [Headshot] Harry (Blue)
Tue Mar  4 20:14:09 2025 Drakukeo (Red) [Headshot] e (Blue)
Tue Mar  4 20:14:14 2025 coik (Red) [Team Change]
Tue Mar  4 20:14:16 2025 coik joined Blue team
Tue Mar  4 20:14:21 2025 peepeepoopoo (Red) [Headshot] Harry (Blue)
Tue Mar  4 20:14:27 2025 Drakukeo (Red) [Headshot] e (Blue)
Tue Mar  4 20:14:29 2025 coik (Blue) [SMG] Drakukeo (Red)
Tue Mar  4 20:14:33 2025  Use /EMOTE to draw an emote on the map!
Tue Mar  4 20:14:34 2025 peepeepoopoo (Red) [Fall]
Tue Mar  4 20:14:52 2025 Sithis picked up Blue's Intel.
Tue Mar  4 20:14:52 2025 Drakukeo (Red) [Headshot] coik (Blue)
Tue Mar  4 20:15:00 2025 tulips (Red) [Headshot] e (Blue)
Tue Mar  4 20:15:00 2025 web joined Blue team
Tue Mar  4 20:15:07 2025 Salt joined Red team
Tue Mar  4 20:15:09 2025 Harry (Blue) [Headshot] tulips (Red)
Tue Mar  4 20:15:13 2025 coik (Blue) [Headshot] Drakukeo (Red)
Tue Mar  4 20:15:19 2025 Sithis captured Blue's Intel.
Tue Mar  4 20:15:26 2025 NoName (Blue) [Grenade] Salt (Red)
Tue Mar  4 20:15:28 2025 emart joined Blue team
Tue Mar  4 20:15:33 2025  Use /HEAVEN to paint the babel platform!
Tue Mar  4 20:15:33 2025 peepeepoopoo (Red) [Melee] Harry (Blue)
Tue Mar  4 20:15:38 2025 tulips (Red) [Headshot] NoName (Blue)
Tue Mar  4 20:15:49 2025 Harry (Blue) [Headshot] peepeepoopoo (Red)
Tue Mar  4 20:15:56 2025 tulips (Red) [Headshot] Harry (Blue)
Tue Mar  4 20:15:58 2025 Drakukeo (Red) [Headshot] web (Blue)
Tue Mar  4 20:16:11 2025 Drakukeo (Red) [Headshot] coik (Blue)
Tue Mar  4 20:16:17 2025 coik (Blue) [Weapon Change]
Tue Mar  4 20:16:22 2025 NoName (Blue) [SMG] tulips (Red)
Tue Mar  4 20:16:24 2025 Sithis picked up Blue's Intel.
Tue Mar  4 20:16:27 2025 Drakukeo (Red) [Headshot] e (Blue)
Tue Mar  4 20:16:27 2025 Sithis dropped Blue's Intel
Tue Mar  4 20:16:27 2025 NoName (Blue) [Headshot] Sithis (Red)
Tue Mar  4 20:16:32 2025 Ape Escape 4 (Red) [Melee] e (Blue)
Tue Mar  4 20:16:33 2025  Get a 20 killstreak and 1 intel capture(s) to unlock /APOC!
Tue Mar  4 20:16:33 2025 coik (Blue) [Headshot] Ape Escape 4 (Red)
Tue Mar  4 20:16:38 2025 NoName picked up Red's Intel.
Tue Mar  4 20:16:39 2025 Harry (Blue) [Headshot] peepeepoopoo (Red)
Tue Mar  4 20:16:43 2025 Drakukeo (Red) [Headshot] web (Blue)
Tue Mar  4 20:16:45 2025 peepeepoopoo (Red) [Weapon Change]
Tue Mar  4 20:16:57 2025 Drakukeo (Red) [Headshot] web (Blue)
Tue Mar  4 20:17:00 2025 tulips (Red) [Headshot] emart (Blue)
Tue Mar  4 20:17:06 2025 Drakukeo (Red) [Headshot] e (Blue)
Tue Mar  4 20:17:09 2025 Harry (Blue) [Headshot] Sithis (Red)
Tue Mar  4 20:17:09 2025 tulips (Red) [Headshot] Harry (Blue)
Tue Mar  4 20:17:15 2025 NoName dropped Red's Intel
Tue Mar  4 20:17:15 2025  The intel has returned to the heavens
Tue Mar  4 20:17:15 2025 Drakukeo (Red) [Headshot] NoName (Blue)
Tue Mar  4 20:17:17 2025 tulips (Red) [Headshot] e (Blue)
Tue Mar  4 20:17:18 2025 Harry (Blue) [Headshot] tulips (Red)
Tue Mar  4 20:17:26 2025 Drakukeo (Red) [Headshot] Harry (Blue)
Tue Mar  4 20:17:33 2025  Capture your team's 5th intel to unlock /APOC for your team's best builder!
Tue Mar  4 20:17:38 2025 Drakukeo (Red) [Headshot] e (Blue)
Tue Mar  4 20:17:40 2025 peepeepoopoo (Red) [Headshot] NoName (Blue)
Tue Mar  4 20:17:43 2025 Player NoName has left
Tue Mar  4 20:17:43 2025 coik (Blue) [Melee] Ape Escape 4 (Red)
Tue Mar  4 20:17:43 2025 Drakukeo (Red) [Headshot] e (Blue)
Tue Mar  4 20:17:43 2025 Sithis picked up Blue's Intel.
Tue Mar  4 20:17:56 2025 Drakukeo (Red) [Headshot] Harry (Blue)
Tue Mar  4 20:18:07 2025 Falk3n joined Blue team
Tue Mar  4 20:18:08 2025 Drakukeo (Red) [Headshot] e (Blue)
Tue Mar  4 20:18:13 2025 Sithis captured Blue's Intel.
Tue Mar  4 20:18:13 2025 Drakukeo (Red) [Headshot] Falk3n (Blue)
Tue Mar  4 20:18:21 2025 Drakukeo (Red) [Headshot] Falk3n (Blue)
Tue Mar  4 20:18:31 2025 emart (Blue) [SMG] Sithis (Red)
Tue Mar  4 20:18:32 2025 Drakukeo (Red) [Headshot] Falk3n (Blue)
Tue Mar  4 20:18:33 2025  Mahalo for playing aloha.pk tower of babel
Tue Mar  4 20:18:33 2025 tulips picked up Blue's Intel.
Tue Mar  4 20:18:34 2025 Drakukeo (Red) [Headshot] e (Blue)
Tue Mar  4 20:18:34 2025 peepeepoopoo (Red) [Headshot] Harry (Blue)
Tue Mar  4 20:18:46 2025 peepeepoopoo (Red) [SMG]
Tue Mar  4 20:18:48 2025 Drakukeo (Red) [Headshot] Falk3n (Blue)
Tue Mar  4 20:18:49 2025 coik (Blue) [Headshot] Sithis (Red)
Tue Mar  4 20:18:51 2025 e (Blue) [Headshot] Drakukeo (Red)
Tue Mar  4 20:18:59 2025 Drakukeo (Red) [Headshot] emart (Blue)
Tue Mar  4 20:19:00 2025 tulips (Red) [Headshot] coik (Blue)
Tue Mar  4 20:19:08 2025 e (Blue) [Headshot] Ape Escape 4 (Red)
Tue Mar  4 20:19:11 2025 you joined Red team
Tue Mar  4 20:19:16 2025 Drakukeo (Red) [Headshot] e (Blue)
Tue Mar  4 20:19:20 2025  With 22 blocks placed, Ape Escape 4 is granted the right to unleash the apocalypse.
Tue Mar  4 20:19:20 2025 tulips captured Blue's Intel.
Tue Mar  4 20:19:21 2025 Salt (Red) [SMG] Harry (Blue)
Tue Mar  4 20:19:25 2025 Drakukeo (Red) [Headshot] coik (Blue)
Tue Mar  4 20:19:27 2025 Drakukeo (Red) [Headshot] e (Blue)
Tue Mar  4 20:19:33 2025  Build a tower to get the enemy's intel. Take it to your team's tent to win!
Tue Mar  4 20:19:40 2025 Drakukeo (Red) [Headshot] Harry (Blue)
Tue Mar  4 20:19:44 2025 e (Blue) [Headshot] tulips (Red)
Tue Mar  4 20:19:50 2025 Deuce joined Blue team
Tue Mar  4 20:19:53 2025 e (Blue) [Headshot] Drakukeo (Red)
Tue Mar  4 20:19:55 2025 Player Deuce has left
Tue Mar  4 20:19:56 2025 Player you has left
Tue Mar  4 20:20:01 2025 Sithis picked up Blue's Intel.
Tue Mar  4 20:20:06 2025 e (Blue) [Headshot] Ape Escape 4 (Red)
Tue Mar  4 20:20:08 2025 Drakukeo (Red) [Headshot] e (Blue)
Tue Mar  4 20:20:15 2025 tulips (Red) [Headshot] web (Blue)
Tue Mar  4 20:20:15 2025 You must be closer to the enemy's base to shoot blocks!
Tue Mar  4 20:20:17 2025 Falk3n (Blue) [Headshot] tulips (Red)
Tue Mar  4 20:20:20 2025 Player tulips has left
Tue Mar  4 20:20:20 2025 You must be closer to the enemy's base to grenade blocks!
Tue Mar  4 20:20:22 2025 You must be closer to the enemy's base to grenade blocks!
Tue Mar  4 20:20:23 2025 You must be closer to the enemy's base to grenade blocks!
Tue Mar  4 20:20:24 2025 Harry (Blue) [Headshot] Salt (Red)
Tue Mar  4 20:20:25 2025 Drakukeo (Red) [Headshot] coik (Blue)
Tue Mar  4 20:20:33 2025  Type /HELP for info & commands
Tue Mar  4 20:20:33 2025 Drakukeo (Red) [Headshot] e (Blue)
Tue Mar  4 20:20:43 2025 Sithis captured Blue's Intel.
Tue Mar  4 20:20:52 2025 Ape Escape 4 (Red) [Headshot] e (Blue)
Tue Mar  4 20:20:54 2025 e (Blue) [Headshot] Ape Escape 4 (Red)
Tue Mar  4 20:20:57 2025 Drakukeo (Red) [Headshot] Harry (Blue)
Tue Mar  4 20:21:04 2025 coik (Blue) [Rifle] Sithis (Red)
Tue Mar  4 20:21:05 2025 zonk joined Red team
Tue Mar  4 20:21:05 2025 Drakukeo (Red) [Headshot] e (Blue)
Tue Mar  4 20:21:12 2025 coik (Blue) [Headshot] Salt (Red)
Tue Mar  4 20:21:22 2025 Drakukeo (Red) [Headshot] e (Blue)
Tue Mar  4 20:21:31 2025 Drakukeo (Red) [Headshot] Harry (Blue)
Tue Mar  4 20:21:33 2025  Visit our community forums at https://aloha.pk/
Tue Mar  4 20:21:33 2025 Falk3n (Blue) [Headshot] zonk (Red)
Tue Mar  4 20:21:34 2025 peepeepoopoo (Red) [Fall]
Tue Mar  4 20:21:39 2025 Ape Escape 4 (Red) [Headshot] e (Blue)
Tue Mar  4 20:21:46 2025 Falk3n (Blue) [Headshot] zonk (Red)
Tue Mar  4 20:21:46 2025 e (Blue) [Headshot] Drakukeo (Red)
Tue Mar  4 20:21:50 2025 Harry (Blue) [Headshot] Ape Escape 4 (Red)
Tue Mar  4 20:21:54 2025 Falk3n (Blue) [Headshot] Ape Escape 4 (Red)
Tue Mar  4 20:21:54 2025 Falk3n (Blue) [Headshot] zonk (Red)
Tue Mar  4 20:22:00 2025 Falk3n (Blue) [Headshot] Sithis (Red)
Tue Mar  4 20:22:03 2025 you joined Red team
Tue Mar  4 20:22:06 2025 zonk (Red) [Headshot] Falk3n (Blue)
Tue Mar  4 20:22:08 2025 Drakukeo (Red) [Headshot] coik (Blue)
Tue Mar  4 20:22:17 2025 e (Blue) [Headshot] Sithis (Red)
Tue Mar  4 20:22:19 2025 e (Blue) [Headshot] you (Red)
Tue Mar  4 20:22:19 2025 web (Blue) [Headshot] Drakukeo (Red)
Tue Mar  4 20:22:22 2025 Rabbit joined Blue team
Tue Mar  4 20:22:24 2025 peepeepoopoo (Red) [Headshot] Falk3n (Blue)
Tue Mar  4 20:22:29 2025 e (Blue) [Headshot] you (Red)
Tue Mar  4 20:22:30 2025 Ape Escape 4 (Red) [Headshot] coik (Blue)
Tue Mar  4 20:22:30 2025 e (Blue) [Headshot] Drakukeo (Red)
Tue Mar  4 20:22:30 2025 web (Blue) [SMG] Ape Escape 4 (Red)
Tue Mar  4 20:22:31 2025 e (Blue) [Headshot] Sithis (Red)
Tue Mar  4 20:22:33 2025  Come chat with us at https://discord.aloha.pk/
Tue Mar  4 20:22:35 2025 Falk3n (Blue) [Headshot] peepeepoopoo (Red)
Tue Mar  4 20:22:38 2025 Salt (Red) [Fall]
Tue Mar  4 20:22:41 2025 Drakukeo (Red) [Headshot] e (Blue)
Tue Mar  4 20:22:49 2025 Drakukeo (Red) [Headshot] web (Blue)
Tue Mar  4 20:23:05 2025 Drakukeo (Red) [Headshot] Falk3n (Blue)
Tue Mar  4 20:23:08 2025 Rabbit (Blue) [Headshot] peepeepoopoo (Red)
Tue Mar  4 20:23:08 2025 Ape Escape 4 (Red) [SMG] Rabbit (Blue)
Tue Mar  4 20:23:10 2025 Drakukeo (Red) [Headshot] coik (Blue)
Tue Mar  4 20:23:11 2025 zonk (Red) [Headshot] e (Blue)
Tue Mar  4 20:23:20 2025 web (Blue) [Fall]
Tue Mar  4 20:23:22 2025 Sithis picked up Blue's Intel.
Tue Mar  4 20:23:25 2025 Drakukeo (Red) [Headshot] Falk3n (Blue)
Tue Mar  4 20:23:30 2025 zonk (Red) [Headshot] coik (Blue)
Tue Mar  4 20:23:32 2025 Drakukeo (Red) [Headshot] Harry (Blue)
Tue Mar  4 20:23:34 2025  If you believe a player is breaking the rules, please let us know with /ADMIN
Tue Mar  4 20:23:35 2025 Drakukeo (Red) [Headshot] Rabbit (Blue)
Tue Mar  4 20:23:35 2025 Drakukeo (Red) [Headshot] Falk3n (Blue)
Tue Mar  4 20:23:36 2025 Player Rabbit has left
Tue Mar  4 20:23:36 2025 e (Blue) [Headshot] zonk (Red)
Tue Mar  4 20:23:39 2025 ATORRES_BR! joined Blue team
Tue Mar  4 20:23:42 2025 zonk (Red) [Weapon Change]
Tue Mar  4 20:23:42 2025 [Team] ATORRES_BR! (Blue): SOUPY are so delicious <3
Tue Mar  4 20:23:45 2025 [Global] ATORRES_BR! (Blue): hmmmmm
Tue Mar  4 20:23:47 2025 Rabbit joined Blue team
Tue Mar  4 20:23:47 2025 Drakukeo (Red) [Headshot] e (Blue)
Tue Mar  4 20:23:50 2025 Harry (Blue) [Headshot] peepeepoopoo (Red)
Tue Mar  4 20:23:53 2025 Sithis captured Blue's Intel.
Tue Mar  4 20:23:54 2025 web (Blue) [Headshot] Drakukeo (Red)
Tue Mar  4 20:24:06 2025 Salt (Red) [Headshot] e (Blue)
Tue Mar  4 20:24:07 2025 export joined Red team
Tue Mar  4 20:24:07 2025 Rabbit (Blue) [SMG] zonk (Red)
Tue Mar  4 20:24:15 2025 Player coik has left
Tue Mar  4 20:24:19 2025 Harry (Blue) [Headshot] Ape Escape 4 (Red)
Tue Mar  4 20:24:19 2025 web (Blue) [SMG] you (Red)
Tue Mar  4 20:24:20 2025 Sithis picked up Blue's Intel.
Tue Mar  4 20:24:21 2025 zonk (Red) [Headshot] web (Blue)
Tue Mar  4 20:24:24 2025 Drakukeo (Red) [Headshot] Rabbit (Blue)
Tue Mar  4 20:24:28 2025 Drakukeo (Red) [Headshot] Falk3n (Blue)
Tue Mar  4 20:24:33 2025  This server runs imger and glow. Use /IMG or /GLOW to toggle them.
Tue Mar  4 20:24:33 2025 web (Blue) [Headshot] Salt (Red)
Tue Mar  4 20:24:34 2025 Drakukeo (Red) [Headshot] e (Blue)
Tue Mar  4 20:24:43 2025 Salt (Red) [Weapon Change]
Tue Mar  4 20:24:45 2025 Drakukeo (Red) [Headshot] Harry (Blue)
Tue Mar  4 20:24:49 2025 Sithis captured Blue's Intel.
Tue Mar  4 20:24:52 2025 Drakukeo (Red) [Headshot] web (Blue)
Tue Mar  4 20:24:54 2025 Falk3n (Blue) [Fall]
Tue Mar  4 20:24:56 2025 Drakukeo (Red) [Headshot] emart (Blue)
Tue Mar  4 20:25:03 2025 Drakukeo (Red) [Headshot] Rabbit (Blue)
Tue Mar  4 20:25:03 2025 Harry (Blue) [Headshot] zonk (Red)
Tue Mar  4 20:25:08 2025 Ape Escape 4 (Red) [Headshot] emart (Blue)
Tue Mar  4 20:25:09 2025 e (Blue) [Rifle] Salt (Red)
Tue Mar  4 20:25:13 2025 peepeepoopoo (Red) [Headshot] web (Blue)
Tue Mar  4 20:25:18 2025 Drakukeo (Red) [Headshot] e (Blue)
Tue Mar  4 20:25:18 2025 peepeepoopoo (Red) [SMG] emart (Blue)
Tue Mar  4 20:25:19 2025 [Global] ATORRES_BR! (Blue): sup !
Tue Mar  4 20:25:20 2025 Sithis picked up Blue's Intel.
Tue Mar  4 20:25:21 2025 Rabbit (Blue) [SMG] zonk (Red)
Tue Mar  4 20:25:23 2025 Falk3n (Blue) [Headshot] peepeepoopoo (Red)
Tue Mar  4 20:25:25 2025 Drakukeo (Red) [Headshot] Rabbit (Blue)
Tue Mar  4 20:25:25 2025 [Global] ATORRES_BR! (Blue): SUP are so delicious
Tue Mar  4 20:25:33 2025  Use /EMOTE to draw an emote on the map!
Tue Mar  4 20:25:41 2025 B-7 [LV .99] joined Blue team
Tue Mar  4 20:25:46 2025 Harry (Blue) [Headshot] Ape Escape 4 (Red)
Tue Mar  4 20:25:50 2025 Drakukeo (Red) [Headshot] e (Blue)
Tue Mar  4 20:25:53 2025 peepeepoopoo (Red) [Headshot] Falk3n (Blue)
Tue Mar  4 20:25:55 2025 e (Blue) [Headshot] peepeepoopoo (Red)
Tue Mar  4 20:26:00 2025 Sithis captured Blue's Intel.
Tue Mar  4 20:26:05 2025 coik joined Blue team
Tue Mar  4 20:26:10 2025 zonk (Red) [Headshot] e (Blue)
Tue Mar  4 20:26:11 2025 Sithis (Red) [SMG] ATORRES_BR! (Blue)
Tue Mar  4 20:26:19 2025 Salt (Red) [Grenade] Falk3n (Blue)
Tue Mar  4 20:26:19 2025 Ape Escape 4 (Red) [SMG] Rabbit (Blue)
Tue Mar  4 20:26:29 2025 Drakukeo (Red) [Headshot] e (Blue)
Tue Mar  4 20:26:32 2025 [Global] coik (Blue): how to check the next map in rotation?
Tue Mar  4 20:26:33 2025 Drakukeo (Red) [Headshot] Rabbit (Blue)
Tue Mar  4 20:26:33 2025  Use /HEAVEN to paint the babel platform!
Tue Mar  4 20:26:34 2025 B-7 [LV .99] (Blue) [Headshot] zonk (Red)
Tue Mar  4 20:26:35 2025 Drakukeo (Red) [Headshot] B-7 [LV .99] (Blue)
Tue Mar  4 20:26:42 2025 Sithis picked up Blue's Intel.
Tue Mar  4 20:26:44 2025 Drakukeo (Red) [Headshot] Harry (Blue)
Tue Mar  4 20:26:45 2025 [Global] Falk3n (Blue): let red capture the flag
Tue Mar  4 20:26:50 2025 Drakukeo (Red) [Headshot] e (Blue)
Tue Mar  4 20:26:53 2025 [Global] coik (Blue): fair enough
Tue Mar  4 20:26:54 2025 Drakukeo (Red) [Headshot] Falk3n (Blue)
Tue Mar  4 20:26:57 2025 Sithis dropped Blue's Intel
Tue Mar  4 20:26:57 2025  The intel has returned to the heavens
Tue Mar  4 20:26:57 2025 coik (Blue) [Headshot] Sithis (Red)
Tue Mar  4 20:26:57 2025 [Global] peepeepoopoo (Red): xD
Tue Mar  4 20:27:10 2025 Harry (Blue) [Headshot] zonk (Red)
Tue Mar  4 20:27:12 2025 Drakukeo (Red) [Headshot] e (Blue)
Tue Mar  4 20:27:14 2025 Drakukeo (Red) [Headshot] Harry (Blue)
Tue Mar  4 20:27:15 2025 [Global] Ape Escape 4 (Red): you can see all the maps with /showrotation
Tue Mar  4 20:27:17 2025 ATORRES_BR! (Blue) [Headshot] Salt (Red)
Tue Mar  4 20:27:21 2025 Drakukeo (Red) [Headshot] Rabbit (Blue)
Tue Mar  4 20:27:21 2025 [Global] ATORRES_BR! (Blue): sopa DU salt
Tue Mar  4 20:27:22 2025 [Global] coik (Blue): thx
Tue Mar  4 20:27:23 2025 [Global] ATORRES_BR! (Blue): xD
Tue Mar  4 20:27:27 2025 export (Red) [Headshot] emart (Blue)
Tue Mar  4 20:27:29 2025 Falk3n (Blue) [Headshot] Drakukeo (Red)
Tue Mar  4 20:27:31 2025 Ape Escape 4 (Red) [Headshot] e (Blue)
Tue Mar  4 20:27:32 2025 Sithis picked up Blue's Intel.
Tue Mar  4 20:27:33 2025  Get a 20 killstreak and 1 intel capture(s) to unlock /APOC!
Tue Mar  4 20:27:46 2025 Rabbit (Blue) [SMG] Ape Escape 4 (Red)
Tue Mar  4 20:27:47 2025 zonk (Red) [Headshot] emart (Blue)
Tue Mar  4 20:27:52 2025 export (Red) [Headshot] coik (Blue)
Tue Mar  4 20:27:53 2025 Falk3n (Blue) [Headshot] you (Red)
Tue Mar  4 20:27:54 2025 coik (Blue) [Headshot] zonk (Red)
Tue Mar  4 20:27:56 2025 camarada lenara joined Red team
Tue Mar  4 20:27:57 2025 Player zonk has left
Tue Mar  4 20:27:57 2025 emart (Blue) [Headshot] export (Red)
Tue Mar  4 20:28:01 2025 Sithis captured Blue's Intel.
Tue Mar  4 20:28:01 2025 Red Wins!
Tue Mar  4 20:28:01 2025  Game finished! Next map: JungleDungeon.
Tue Mar  4 20:28:02 2025 [Global] peepeepoopoo (Red): gg
Tue Mar  4 20:28:02 2025 e (Blue) [Headshot] camarada lenara (Red)
Tue Mar  4 20:28:03 2025 export (Red) [Headshot] coik (Blue)
Tue Mar  4 20:28:03 2025 e (Blue) [Headshot] Salt (Red)
Tue Mar  4 20:28:03 2025 Drakukeo (Red) [Headshot] e (Blue)
Tue Mar  4 20:28:04 2025 export (Red) [Rifle] B-7 [LV .99] (Blue)
Tue Mar  4 20:28:04 2025 peepeepoopoo (Red) [Headshot] ATORRES_BR! (Blue)
Tue Mar  4 20:28:04 2025 Drakukeo (Red) [Headshot] web (Blue)
Tue Mar  4 20:28:04 2025 Rabbit (Blue) [SMG] export (Red)
Tue Mar  4 20:28:05 2025 Drakukeo (Red) [Headshot] Rabbit (Blue)
Tue Mar  4 20:28:05 2025 [Global] coik (Blue): gg
Tue Mar  4 20:28:05 2025 Falk3n (Blue) [Fall]
Tue Mar  4 20:28:06 2025 peepeepoopoo (Red) [SMG] emart (Blue)
Tue Mar  4 20:28:06 2025 Drakukeo (Red) [Headshot] Harry (Blue)
Tue Mar  4 20:28:06 2025 emart (Blue) [Grenade] Sithis (Red)
Tue Mar  4 20:28:07 2025 peepeepoopoo (Red) [Fall]
Tue Mar  4 20:28:09 2025 Disconnecting
