Fri Mar 21 12:08:25 2025 ------ World Loaded ------
Fri Mar 21 12:08:25 2025 Welcome to aloha.pk tower of babel
Fri Mar 21 12:08:26 2025 Electric (Red) [Headshot] eilien (Blue)
Fri Mar 21 12:08:27 2025 Map: Ellipsis by ei8htx
Fri Mar 21 12:08:28 2025 Ahmat captured Blue's Intel.
Fri Mar 21 12:08:29 2025 Game mode: babel
Fri Mar 21 12:08:31 2025 Build a tower to get the enemy's intel. Take it to your team's tent to win!
Fri Mar 21 12:08:31 2025 O.O () [Fall]
Fri Mar 21 12:08:31 2025 eilien (Blue) [Fall]
Fri Mar 21 12:08:33 2025 Visit our community forum at https://aloha.pk/
Fri Mar 21 12:08:33 2025 Harry (Blue) [Headshot] test (Red)
Fri Mar 21 12:08:34 2025 ←sardid picked up Blue's Intel.
Fri Mar 21 12:08:35 2025 Come chat with us at https://discord.aloha.pk/
Fri Mar 21 12:08:36 2025 Harry (Blue) [Headshot] Stefanonimo (Red)
Fri Mar 21 12:08:43 2025 Harry (Blue) [Rifle] Otiinbr (Red)
Fri Mar 21 12:08:43 2025 Electric (Red) [Headshot] eilien (Blue)
Fri Mar 21 12:08:45 2025 Harry (Blue) [Headshot] Electric (Red)
Fri Mar 21 12:08:45 2025  This server runs imger and glow. Use /IMG or /GLOW to toggle them.
Fri Mar 21 12:08:48 2025 [Global] ATORRES_BR! (Blue): maker soupy
Fri Mar 21 12:08:51 2025 [Global] ATORRES_BR! (Blue): xD
Fri Mar 21 12:08:57 2025 Player the_guardian has left
Fri Mar 21 12:08:58 2025 maker (Red) [Headshot] kkiing (Blue)
Fri Mar 21 12:09:02 2025 Harry (Blue) [Headshot] Dambond (Red)
Fri Mar 21 12:09:04 2025 ←sardid captured Blue's Intel.
Fri Mar 21 12:09:07 2025 Ahmat picked up Blue's Intel.
Fri Mar 21 12:09:09 2025 [Global] ATORRES_BR! (Blue): show u face maker
Fri Mar 21 12:09:10 2025 Harry (Blue) [Headshot] Otiinbr (Red)
Fri Mar 21 12:09:11 2025 maker (Red) [Headshot] kkiing (Blue)
Fri Mar 21 12:09:14 2025 maker (Red) [Headshot] eilien (Blue)
Fri Mar 21 12:09:15 2025 [Global] ATORRES_BR! (Blue): the durga boy
Fri Mar 21 12:09:16 2025 Harry (Blue) [Headshot] Electric (Red)
Fri Mar 21 12:09:23 2025 Ahmat captured Blue's Intel.
Fri Mar 21 12:09:25 2025 maker (Red) [Headshot] kkiing (Blue)
Fri Mar 21 12:09:29 2025 test (Red) [Headshot] kkiing (Blue)
Fri Mar 21 12:09:30 2025 ←sardid picked up Blue's Intel.
Fri Mar 21 12:09:30 2025 Harry (Blue) [Rifle] test (Red)
Fri Mar 21 12:09:39 2025 maker (Red) [Headshot] kkiing (Blue)
Fri Mar 21 12:09:40 2025 Harry (Blue) [Headshot] Dambond (Red)
Fri Mar 21 12:09:41 2025 1232 joined Blue team
Fri Mar 21 12:09:41 2025 You must be closer to the enemy's base to shoot blocks!
Fri Mar 21 12:09:43 2025 You must be closer to the enemy's base to shoot blocks!
Fri Mar 21 12:09:44 2025 maker (Red) [Headshot] ATORRES_BR! (Blue)
Fri Mar 21 12:09:45 2025  Use /EMOTE to draw an emote on the map!
Fri Mar 21 12:09:46 2025 maker (Red) [Headshot] eilien (Blue)
Fri Mar 21 12:09:50 2025 Only 10 more kills in your killstreak until you unlock the apocalypse!
Fri Mar 21 12:09:50 2025 You need 1 intel capture(s) to unlock the apocalypse!
Fri Mar 21 12:09:50 2025 Harry (Blue) [Headshot] maker (Red)
Fri Mar 21 12:09:50 2025 ←sardid captured Blue's Intel.
Fri Mar 21 12:09:50 2025 Red Wins!
Fri Mar 21 12:09:50 2025  Game finished! Next map: classicgen_babel.
Fri Mar 21 12:09:52 2025 Otiinbr (Red) [SMG] eilien (Blue)
Fri Mar 21 12:09:52 2025 spader (Red) [SMG] eilien (Blue)
Fri Mar 21 12:09:52 2025 spader (Red) [SMG] eilien (Blue)
Fri Mar 21 12:09:52 2025 [Global] test (Red): bg
Fri Mar 21 12:09:52 2025 spader (Red) [SMG] Harry (Blue)
Fri Mar 21 12:09:53 2025 maker (Red) [Headshot] ATORRES_BR! (Blue)
Fri Mar 21 12:09:53 2025 Otiinbr (Red) [Headshot] kkiing (Blue)
Fri Mar 21 12:09:54 2025 maker (Red) [Rifle] kkiing (Blue)
Fri Mar 21 12:09:55 2025 1232 (Blue) [Fall]
Fri Mar 21 12:09:56 2025 maker (Red) [Rifle] kkiing (Blue)
Fri Mar 21 12:09:58 2025 Otiinbr picked up Blue's Intel.
Fri Mar 21 12:10:00 2025 ------ World Unloaded ------
Fri Mar 21 12:10:04 2025 ------ World Loaded ------
Fri Mar 21 12:10:04 2025 Welcome to aloha.pk tower of babel
Fri Mar 21 12:10:05 2025 Map: classicgen_babel by (unknown)
Fri Mar 21 12:10:07 2025 Game mode: babel
Fri Mar 21 12:10:07 2025 Ahmat joined Red team
Fri Mar 21 12:10:07 2025 1232 joined Blue team
Fri Mar 21 12:10:08 2025 spader joined Red team
Fri Mar 21 12:10:09 2025 Otiinbr joined Blue team
Fri Mar 21 12:10:09 2025 Build a tower to get the enemy's intel. Take it to your team's tent to win!
Fri Mar 21 12:10:11 2025 Stefanonimo joined Red team
Fri Mar 21 12:10:11 2025 eilien joined Red team
Fri Mar 21 12:10:11 2025 Visit our community forum at https://aloha.pk/
Fri Mar 21 12:10:12 2025 ATORRES_BR! joined Blue team
Fri Mar 21 12:10:13 2025 Come chat with us at https://discord.aloha.pk/
Fri Mar 21 12:10:17 2025 Ahmat (Red) [Team Change]
Fri Mar 21 12:10:25 2025 Ahmat joined Blue team
Fri Mar 21 12:10:26 2025 kkiing joined Red team
Fri Mar 21 12:10:29 2025 O.O joined Red team
Fri Mar 21 12:10:33 2025 Harry (Blue) [Headshot] eilien (Red)
Fri Mar 21 12:10:35 2025 Harry (Blue) [Headshot] Stefanonimo (Red)
Fri Mar 21 12:10:45 2025  Use /HEAVEN to paint the babel platform!
Fri Mar 21 12:10:50 2025 [Global] ATORRES_BR! (Blue): sopa du O.O
Fri Mar 21 12:10:59 2025 [Global] ATORRES_BR! (Blue): O.O soupy
Fri Mar 21 12:11:02 2025 [Global] O.O (Red): O.o o.O
Fri Mar 21 12:11:09 2025 [Global] O.O (Red): what is soupy?
Fri Mar 21 12:11:13 2025 Harry (Blue) [Headshot] eilien (Red)
Fri Mar 21 12:11:18 2025 [Global] ATORRES_BR! (Blue): soupy is soupy
Fri Mar 21 12:11:25 2025 [Global] ATORRES_BR! (Blue): onions soupy
Fri Mar 21 12:11:28 2025 [Global] O.O (Red): is that dumb?
Fri Mar 21 12:11:31 2025 [Global] ATORRES_BR! (Blue): potatoes soupy
Fri Mar 21 12:11:43 2025 [Global] ATORRES_BR! (Blue): soupy du soupy
Fri Mar 21 12:11:45 2025  Get a 20 killstreak and 1 intel capture(s) to unlock /APOC!
Fri Mar 21 12:12:02 2025 FL | Benshamort joined Red team
Fri Mar 21 12:12:10 2025 [Global] ATORRES_BR! (Blue): benshagay
Fri Mar 21 12:12:16 2025 [Global] FL | Benshamort (Red): stop atorres
Fri Mar 21 12:12:20 2025 [Global] FL | Benshamort (Red): you re my friend
Fri Mar 21 12:12:24 2025 ATORRES_BR! (Blue) [Headshot] eilien (Red)
Fri Mar 21 12:12:33 2025 [Global] FL | Benshamort (Red): hmm
Fri Mar 21 12:12:36 2025 ATORRES_BR! (Blue) [Headshot] Stefanonimo (Red)
Fri Mar 21 12:12:40 2025 [Global] FL | Benshamort (Red): delicious soupy
Fri Mar 21 12:12:45 2025 FL | Benshamort (Red) [SMG] 1232 (Blue)
Fri Mar 21 12:12:45 2025  Capture your team's 5th intel to unlock /APOC for your team's best builder!
Fri Mar 21 12:13:02 2025 FL | Benshamort (Red) [Headshot] Otiinbr (Blue)
Fri Mar 21 12:13:09 2025 Ahmat (Blue) [Headshot] FL | Benshamort (Red)
Fri Mar 21 12:13:20 2025 ATORRES_BR! (Blue) [Headshot] spader (Red)
Fri Mar 21 12:13:24 2025 [Global] ATORRES_BR! (Blue): soupy
Fri Mar 21 12:13:36 2025 Stefanonimo (Red) [Headshot] ATORRES_BR! (Blue)
Fri Mar 21 12:13:45 2025  Mahalo for playing aloha.pk tower of babel
Fri Mar 21 12:13:59 2025 aksel joined Blue team
Fri Mar 21 12:14:07 2025 Harry (Blue) [Headshot] FL | Benshamort (Red)
Fri Mar 21 12:14:21 2025 [Global] FL | Benshamort (Red): hola harry
Fri Mar 21 12:14:26 2025 Unknown command
Fri Mar 21 12:14:30 2025 Harry (Blue) [Rifle]
Fri Mar 21 12:14:35 2025 [Global] Harry (Blue): hola
Fri Mar 21 12:14:43 2025 [Global] ATORRES_BR! (Blue): Hola benshamort
Fri Mar 21 12:14:45 2025  Build a tower to get the enemy's intel. Take it to your team's tent to win!
Fri Mar 21 12:14:54 2025 FL | Benshamort (Red) [Headshot] aksel (Blue)
Fri Mar 21 12:15:02 2025  Ahmat has reached 1000 blocks placed! /heaven unlocked.
Fri Mar 21 12:15:45 2025 aksel (Blue) [Fall]
Fri Mar 21 12:15:45 2025  Type /HELP for info & commands
Fri Mar 21 12:16:03 2025 FL | Benshamort (Red) [Headshot] Otiinbr (Blue)
Fri Mar 21 12:16:11 2025 1232 (Blue) [Fall]
Fri Mar 21 12:16:14 2025 Paintdog joined Red team
Fri Mar 21 12:16:27 2025 eilien (Red) [Fall]
Fri Mar 21 12:16:45 2025  Visit our community forums at https://aloha.pk/
Fri Mar 21 12:16:46 2025 Ahmat (Blue) [Headshot] FL | Benshamort (Red)
Fri Mar 21 12:17:10 2025 FL | Benshamort (Red) [SMG] Harry (Blue)
Fri Mar 21 12:17:12 2025 Ahmat (Blue) [Headshot] FL | Benshamort (Red)
Fri Mar 21 12:17:18 2025 Paintdog (Red) [Headshot] aksel (Blue)
Fri Mar 21 12:17:25 2025 Ahmat (Blue) [Headshot] Stefanonimo (Red)
Fri Mar 21 12:17:26 2025 Ahmat (Blue) [Headshot] Paintdog (Red)
Fri Mar 21 12:17:27 2025 Ahmat (Blue) [Headshot] O.O (Red)
Fri Mar 21 12:17:39 2025 Ahmat (Blue) [Headshot] Paintdog (Red)
Fri Mar 21 12:17:40 2025 [Global] FL | Benshamort (Red): i have a new soupy recipe
Fri Mar 21 12:17:45 2025 Player Paintdog has left
Fri Mar 21 12:17:45 2025  Come chat with us at https://discord.aloha.pk/
Fri Mar 21 12:17:46 2025 [Global] FL | Benshamort (Red): sopa do pene
Fri Mar 21 12:17:51 2025 Ahmat (Blue) [SMG] eilien (Red)
Fri Mar 21 12:17:52 2025 Ahmat (Blue) [Headshot] kkiing (Red)
Fri Mar 21 12:17:54 2025 Player eilien has left
Fri Mar 21 12:17:54 2025 Ahmat (Blue) [Headshot] spader (Red)
Fri Mar 21 12:18:00 2025 Ahmat (Blue) [SMG] FL | Benshamort (Red)
Fri Mar 21 12:18:04 2025 O.O (Red) [SMG] aksel (Blue)
Fri Mar 21 12:18:07 2025 Ahmat (Blue) [SMG] O.O (Red)
Fri Mar 21 12:18:11 2025 Player aksel has left
Fri Mar 21 12:18:19 2025 Ahmat (Blue) [SMG] kkiing (Red)
Fri Mar 21 12:18:24 2025 Harry (Blue) [Fall]
Fri Mar 21 12:18:24 2025 1232 picked up Red's Intel.
Fri Mar 21 12:18:27 2025 aksel joined Red team
Fri Mar 21 12:18:35 2025 Ahmat (Blue) [Headshot] O.O (Red)
Fri Mar 21 12:18:39 2025 FL | Benshamort (Red) [Team Change]
Fri Mar 21 12:18:45 2025  If you believe a player is breaking the rules, please let us know with /ADMIN
Fri Mar 21 12:18:49 2025 FL | Benshamort joined Blue team
Fri Mar 21 12:18:51 2025 1232 captured Red's Intel.
Fri Mar 21 12:19:18 2025 [Global] Ahmat (Blue): FL | Benshamort teamswitch?
Fri Mar 21 12:19:20 2025 Harry (Blue) [Fall]
Fri Mar 21 12:19:23 2025 [Global] FL | Benshamort (Blue): yes
Fri Mar 21 12:19:27 2025 aksel (Red) [Fall]
Fri Mar 21 12:19:35 2025  1232 has reached 1000 blocks placed! /heaven unlocked.
Fri Mar 21 12:19:45 2025  This server runs imger and glow. Use /IMG or /GLOW to toggle them.
Fri Mar 21 12:19:50 2025 Ahmat (Blue) [Headshot] O.O (Red)
Fri Mar 21 12:19:52 2025 spader (Red) [SMG] Ahmat (Blue)
Fri Mar 21 12:20:05 2025 [Global] FL | Benshamort (Blue): oti
Fri Mar 21 12:20:05 2025  Otiinbr has reached 1000 blocks placed! /heaven unlocked.
Fri Mar 21 12:20:07 2025 [Global] FL | Benshamort (Blue): follow me
Fri Mar 21 12:20:18 2025 spader (Red) [SMG]
Fri Mar 21 12:20:45 2025  Use /EMOTE to draw an emote on the map!
Fri Mar 21 12:20:47 2025 O.O (Red) [SMG] Ahmat (Blue)
Fri Mar 21 12:20:47 2025 1232 (Blue) [Fall]
Fri Mar 21 12:20:59 2025 FL | Benshamort (Blue) [Fall]
Fri Mar 21 12:21:06 2025 Ahmat (Blue) [SMG] O.O (Red)
Fri Mar 21 12:21:07 2025 Ahmat (Blue) [Headshot] spader (Red)
Fri Mar 21 12:21:17 2025 Otiinbr (Blue) [Headshot] kkiing (Red)
Fri Mar 21 12:21:17 2025 Ahmat (Blue) [SMG] Stefanonimo (Red)
Fri Mar 21 12:21:25 2025 spader (Red) [SMG] Otiinbr (Blue)
Fri Mar 21 12:21:30 2025  Harry has reached 1000 blocks placed! /heaven unlocked.
Fri Mar 21 12:21:30 2025 Type /heavenlist to view available images. /heaven <name> to confirm.
Fri Mar 21 12:21:30 2025 Want your country's flag instead? Type /heaven country (or any alpha-2 code)
Fri Mar 21 12:21:31 2025 spader (Red) [SMG] Ahmat (Blue)
Fri Mar 21 12:21:40 2025 Ahmat (Blue) [Headshot] aksel (Red)
Fri Mar 21 12:21:45 2025  Use /HEAVEN to paint the babel platform!
Fri Mar 21 12:21:49 2025 [Team] Ahmat (Blue): Cap
Fri Mar 21 12:21:54 2025 [Team] Ahmat (Blue): cap fast
Fri Mar 21 12:21:54 2025 Otiinbr (Blue) [SMG] O.O (Red)
Fri Mar 21 12:21:56 2025 FL | Benshamort picked up Red's Intel.
Fri Mar 21 12:22:02 2025 FL | Benshamort dropped Red's Intel
Fri Mar 21 12:22:02 2025 spader (Red) [SMG] FL | Benshamort (Blue)
Fri Mar 21 12:22:04 2025 Otiinbr (Blue) [Grenade] spader (Red)
Fri Mar 21 12:22:04 2025 Otiinbr (Blue) [Grenade] Stefanonimo (Red)
Fri Mar 21 12:22:04 2025 Otiinbr (Blue) [Grenade] aksel (Red)
Fri Mar 21 12:22:11 2025 Otiinbr (Blue) [Headshot] kkiing (Red)
Fri Mar 21 12:22:14 2025 O.O (Red) [Team Change]
Fri Mar 21 12:22:16 2025 Ahmat picked up Red's Intel.
Fri Mar 21 12:22:22 2025 Stefanonimo (Red) [Headshot] Otiinbr (Blue)
Fri Mar 21 12:22:25 2025 O.O joined Blue team
Fri Mar 21 12:22:45 2025  Get a 20 killstreak and 1 intel capture(s) to unlock /APOC!
Fri Mar 21 12:22:46 2025 Ahmat captured Red's Intel.
Fri Mar 21 12:22:51 2025 Harry (Blue) [Fall]
Fri Mar 21 12:22:52 2025 Otiinbr picked up Red's Intel.
Fri Mar 21 12:22:53 2025 FL | Benshamort (Blue) [Headshot] aksel (Red)
Fri Mar 21 12:22:54 2025 spader (Red) [Fall]
Fri Mar 21 12:22:57 2025 FL | Benshamort (Blue) [Headshot] kkiing (Red)
Fri Mar 21 12:23:12 2025 FL | Benshamort (Blue) [Headshot] spader (Red)
Fri Mar 21 12:23:20 2025 Otiinbr captured Red's Intel.
Fri Mar 21 12:23:21 2025 FL | Benshamort picked up Red's Intel.
Fri Mar 21 12:23:23 2025 Ahmat (Blue) [Headshot] aksel (Red)
Fri Mar 21 12:23:25 2025 kkiing (Red) [Weapon Change]
Fri Mar 21 12:23:45 2025  Capture your team's 5th intel to unlock /APOC for your team's best builder!
Fri Mar 21 12:23:48 2025 Ahmat (Blue) [SMG] aksel (Red)
Fri Mar 21 12:23:49 2025 FL | Benshamort captured Red's Intel.
Fri Mar 21 12:23:53 2025 1232 picked up Red's Intel.
Fri Mar 21 12:24:12 2025 Otiinbr (Blue) [SMG] aksel (Red)
Fri Mar 21 12:24:18 2025  With 1801 blocks placed, 1232 is granted the right to unleash the apocalypse.
Fri Mar 21 12:24:18 2025 1232 captured Red's Intel.
Fri Mar 21 12:24:18 2025 ATORRES_BR! (Blue) [Headshot] kkiing (Red)
Fri Mar 21 12:24:22 2025  1232 has unleashed an apocalypse from God.
Fri Mar 21 12:24:23 2025  The apocalypse begins in 5
Fri Mar 21 12:24:24 2025  The apocalypse begins in 4
Fri Mar 21 12:24:25 2025 Ahmat picked up Red's Intel.
Fri Mar 21 12:24:25 2025  The apocalypse begins in 3
Fri Mar 21 12:24:26 2025  The apocalypse begins in 2
Fri Mar 21 12:24:27 2025 FL | Benshamort (Blue) [SMG] Stefanonimo (Red)
Fri Mar 21 12:24:27 2025  The apocalypse begins in 1
Fri Mar 21 12:24:38 2025 1232 (Blue) [Grenade]
Fri Mar 21 12:24:40 2025 ATORRES_BR! (Blue) [Headshot] kkiing (Red)
Fri Mar 21 12:24:44 2025  The apocalypse has ended.
Fri Mar 21 12:24:45 2025 ATORRES_BR! (Blue) [Headshot] aksel (Red)
Fri Mar 21 12:24:45 2025  Mahalo for playing aloha.pk tower of babel
Fri Mar 21 12:24:49 2025 Ahmat captured Red's Intel.
Fri Mar 21 12:24:50 2025 Stefanonimo (Red) [Headshot] FL | Benshamort (Blue)
Fri Mar 21 12:25:07 2025 Otiinbr picked up Red's Intel.
Fri Mar 21 12:25:11 2025 Ahmat (Blue) [SMG] aksel (Red)
Fri Mar 21 12:25:16 2025 Ahmat (Blue) [Headshot] kkiing (Red)
Fri Mar 21 12:25:16 2025 ATORRES_BR! (Blue) [Headshot] Stefanonimo (Red)
Fri Mar 21 12:25:22 2025 ATORRES_BR! (Blue) [Headshot] aksel (Red)
Fri Mar 21 12:25:28 2025 [Global] ATORRES_BR! (Blue): sopa
Fri Mar 21 12:25:28 2025 spader (Red) [SMG] 1232 (Blue)
Fri Mar 21 12:25:34 2025 [Global] ATORRES_BR! (Blue): xD
Fri Mar 21 12:25:34 2025 Otiinbr captured Red's Intel.
Fri Mar 21 12:25:35 2025 Ahmat (Blue) [SMG] Stefanonimo (Red)
Fri Mar 21 12:25:41 2025 spader (Red) [Headshot] FL | Benshamort (Blue)
Fri Mar 21 12:25:45 2025  Build a tower to get the enemy's intel. Take it to your team's tent to win!
Fri Mar 21 12:25:51 2025 ATORRES_BR! (Blue) [Rifle] aksel (Red)
Fri Mar 21 12:25:52 2025 Ahmat (Blue) [Headshot] Stefanonimo (Red)
Fri Mar 21 12:25:54 2025 spader (Red) [SMG] Otiinbr (Blue)
Fri Mar 21 12:26:03 2025 FL | Benshamort (Blue) [SMG] spader (Red)
Fri Mar 21 12:26:03 2025 Ahmat (Blue) [SMG] aksel (Red)
Fri Mar 21 12:26:10 2025 Stefanonimo (Red) [Shotgun] Ahmat (Blue)
Fri Mar 21 12:26:24 2025  Stefanonimo has reached 1000 blocks placed! /heaven unlocked.
Fri Mar 21 12:26:34 2025 Otiinbr (Blue) [Headshot] spader (Red)
Fri Mar 21 12:26:35 2025 Otiinbr (Blue) [SMG] aksel (Red)
Fri Mar 21 12:26:36 2025 Ahmat (Blue) [Headshot] Stefanonimo (Red)
Fri Mar 21 12:26:38 2025 [VETERAN] x1600 joined Red team
Fri Mar 21 12:26:45 2025 Ahmat (Blue) [Headshot] kkiing (Red)
Fri Mar 21 12:26:45 2025  Type /HELP for info & commands
Fri Mar 21 12:26:49 2025 Otiinbr picked up Red's Intel.
Fri Mar 21 12:26:52 2025 Ahmat (Blue) [Headshot] aksel (Red)
Fri Mar 21 12:26:54 2025 Ahmat (Blue) [Headshot] [VETERAN] x1600 (Red)
Fri Mar 21 12:26:56 2025 spader (Red) [SMG] 1232 (Blue)
Fri Mar 21 12:27:09 2025 Stefanonimo (Red) [Shotgun] Ahmat (Blue)
Fri Mar 21 12:27:12 2025 spader (Red) [Headshot] FL | Benshamort (Blue)
Fri Mar 21 12:27:16 2025 Otiinbr captured Red's Intel.
Fri Mar 21 12:27:35 2025 [VETERAN] x1600 (Red) [Headshot] Ahmat (Blue)
Fri Mar 21 12:27:40 2025 [VETERAN] x1600 (Red) [Headshot] FL | Benshamort (Blue)
Fri Mar 21 12:27:40 2025 Otiinbr picked up Red's Intel.
Fri Mar 21 12:27:45 2025  Visit our community forums at https://aloha.pk/
Fri Mar 21 12:27:49 2025 Otiinbr (Blue) [Headshot] spader (Red)
Fri Mar 21 12:27:49 2025 [Global] FL | Benshamort (Blue): veteran?
Fri Mar 21 12:27:58 2025 1232 (Blue) [Grenade] kkiing (Red)
Fri Mar 21 12:28:01 2025 spader (Red) [Headshot] 1232 (Blue)
Fri Mar 21 12:28:02 2025 Ahmat (Blue) [SMG] [VETERAN] x1600 (Red)
Fri Mar 21 12:28:13 2025 Ahmat (Blue) [Headshot] spader (Red)
Fri Mar 21 12:28:18 2025 Otiinbr captured Red's Intel.
Fri Mar 21 12:28:27 2025 spader (Red) [SMG] FL | Benshamort (Blue)
Fri Mar 21 12:28:28 2025 Ahmat picked up Red's Intel.
Fri Mar 21 12:28:33 2025 [Global] FL | Benshamort (Blue): gg ez
Fri Mar 21 12:28:36 2025 1232 (Blue) [Headshot] spader (Red)
Fri Mar 21 12:28:36 2025 [Global] FL | Benshamort (Blue): ez dez
Fri Mar 21 12:28:45 2025  Come chat with us at https://discord.aloha.pk/
Fri Mar 21 12:28:52 2025 Kat joined Red team
Fri Mar 21 12:28:52 2025 Ahmat captured Red's Intel.
Fri Mar 21 12:28:52 2025 Blue Wins!
Fri Mar 21 12:28:52 2025  Game finished! Next map: ga_gardens_japan.
Fri Mar 21 12:28:54 2025 Ahmat (Blue) [Headshot] kkiing (Red)
Fri Mar 21 12:28:54 2025 Ahmat (Blue) [Headshot] kkiing (Red)
Fri Mar 21 12:28:55 2025 Kat (Red) [Rifle] Otiinbr (Blue)
Fri Mar 21 12:28:55 2025 Stefanonimo (Red) [Shotgun] 1232 (Blue)
Fri Mar 21 12:28:55 2025 Stefanonimo (Red) [Shotgun] 1232 (Blue)
Fri Mar 21 12:28:56 2025 Ahmat (Blue) [Headshot] Kat (Red)
Fri Mar 21 12:28:56 2025 Harry (Blue) [Headshot] [VETERAN] x1600 (Red)
Fri Mar 21 12:28:57 2025 spader (Red) [Headshot] ATORRES_BR! (Blue)
Fri Mar 21 12:28:57 2025 Harry (Blue) [Headshot] [VETERAN] x1600 (Red)
Fri Mar 21 12:28:57 2025 Stefanonimo (Red) [Headshot] ATORRES_BR! (Blue)
Fri Mar 21 12:28:57 2025 Stefanonimo (Red) [Shotgun] ATORRES_BR! (Blue)
Fri Mar 21 12:28:57 2025 FL | Benshamort (Blue) [Fall]
Fri Mar 21 12:28:58 2025 Harry (Blue) [Rifle] aksel (Red)
Fri Mar 21 12:28:59 2025 Harry (Blue) [Rifle] Stefanonimo (Red)
Fri Mar 21 12:29:00 2025 Ahmat (Blue) [Fall]
Fri Mar 21 12:29:01 2025 spader (Red) [SMG] Ahmat (Blue)
Fri Mar 21 12:29:01 2025 [Global] Ahmat (Blue): gg
Fri Mar 21 12:29:01 2025 spader (Red) [Fall]
Fri Mar 21 12:29:02 2025 Player Ahmat has left
Fri Mar 21 12:29:03 2025 ------ World Unloaded ------
Fri Mar 21 12:29:06 2025 ------ World Loaded ------
Fri Mar 21 12:29:06 2025 Welcome to aloha.pk tower of babel
Fri Mar 21 12:29:06 2025 Kat joined Red team
Fri Mar 21 12:29:07 2025 Map: Goonassault Japan by Lostmotel
Fri Mar 21 12:29:08 2025 Stefanonimo joined Red team
Fri Mar 21 12:29:09 2025 Disconnecting
