Sun Feb 23 14:49:34 2025 ------ World Loaded ------
Sun Feb 23 14:49:34 2025 Welcome to aloha.pk tower of babel
Sun Feb 23 14:49:36 2025 Map: VietGong by Gibbs3333
Sun Feb 23 14:49:37 2025 DORADO (Blue) [Fall]
Sun Feb 23 14:49:37 2025 Happy Glitch (Blue) [Headshot] Sithis (Red)
Sun Feb 23 14:49:38 2025 Game mode: babel
Sun Feb 23 14:49:40 2025 Build a tower to get the enemy's intel. Take it to your team's tent to win!
Sun Feb 23 14:49:40 2025 The Gun (Blue) [Shotgun]   (Red)
Sun Feb 23 14:49:41 2025 Diego (Red) [Headshot] Happy Glitch (Blue)
Sun Feb 23 14:49:42 2025 Visit our community forum at https://aloha.pk/
Sun Feb 23 14:49:44 2025 Come chat with us at https://discord.aloha.pk/
Sun Feb 23 14:49:50 2025 Diego (Red) [Headshot] PixelPizza (Blue)
Sun Feb 23 14:49:59 2025 Diego (Red) [Headshot] GEPARD (Blue)
Sun Feb 23 14:50:03 2025 Diego (Red) [Headshot] The Gun (Blue)
Sun Feb 23 14:50:04 2025 Reporauno (Blue) [Headshot] Sithis (Red)
Sun Feb 23 14:50:06 2025   (Red) [Headshot] Reporauno (Blue)
Sun Feb 23 14:50:11 2025 DORADO (Blue) [Headshot] Harry (Red)
Sun Feb 23 14:50:12 2025 Jim (Blue) [SMG]
Sun Feb 23 14:50:19 2025 The Gun (Blue) [Shotgun]   (Red)
Sun Feb 23 14:50:20 2025 Happy Glitch (Blue) [Rifle] Gatos (Red)
Sun Feb 23 14:50:21 2025  This server runs imger and glow. Use /IMG or /GLOW to toggle them.
Sun Feb 23 14:50:24 2025 [Team]   (Red): нихуя себе как лагает
Sun Feb 23 14:50:27 2025 FT (Red) [Headshot] Happy Glitch (Blue)
Sun Feb 23 14:50:31 2025 Sithis (Red) [SMG] The Gun (Blue)
Sun Feb 23 14:50:31 2025 Harry (Red) [Headshot] Reporauno (Blue)
Sun Feb 23 14:50:33 2025 PixelPizza (Blue) [Rifle] FT (Red)
Sun Feb 23 14:50:34 2025 PixelPizza (Blue) [Headshot] Sithis (Red)
Sun Feb 23 14:50:40 2025 PixelPizza (Blue) [Rifle] Diego (Red)
Sun Feb 23 14:50:44 2025 PixelPizza (Blue) [Headshot]   (Red)
Sun Feb 23 14:50:49 2025 PixelPizza (Blue) [Headshot] Sithis (Red)
Sun Feb 23 14:50:56 2025 Harry (Red) [Headshot] Jim (Blue)
Sun Feb 23 14:50:59 2025 Happy Glitch (Blue) [Headshot] Harry (Red)
Sun Feb 23 14:51:00 2025 Diego (Red) [Headshot] The Gun (Blue)
Sun Feb 23 14:51:03 2025 PixelPizza (Blue) [Rifle] Sithis (Red)
Sun Feb 23 14:51:15 2025 Diego (Red) [Rifle]
Sun Feb 23 14:51:21 2025  Use /EMOTE to draw an emote on the map!
Sun Feb 23 14:51:23 2025 Sithis (Red) [Headshot] Happy Glitch (Blue)
Sun Feb 23 14:51:24 2025 Reporauno (Blue) [Headshot] The Jesus (Red)
Sun Feb 23 14:51:25 2025 FT (Red) [Headshot] GEPARD (Blue)
Sun Feb 23 14:51:32 2025 Reporauno (Blue) [Headshot] Sithis (Red)
Sun Feb 23 14:51:34 2025 Reporauno (Blue) [Headshot] Harry (Red)
Sun Feb 23 14:51:38 2025 Jim (Blue) [Headshot]   (Red)
Sun Feb 23 14:51:45 2025 FT (Red) [Headshot] GEPARD (Blue)
Sun Feb 23 14:51:46 2025 Reporauno (Blue) [SMG] Sithis (Red)
Sun Feb 23 14:51:56 2025 Diego (Red) [Headshot] The Gun (Blue)
Sun Feb 23 14:51:57 2025 Reporauno (Blue) [Headshot]   (Red)
Sun Feb 23 14:51:59 2025 Reporauno (Blue) [Headshot] Harry (Red)
Sun Feb 23 14:52:00 2025 [Team]   (Red): нихуя себе как лагает
Sun Feb 23 14:52:01 2025 PixelPizza (Blue) [Headshot] Sithis (Red)
Sun Feb 23 14:52:04 2025 Reporauno (Blue) [Headshot] Gatos (Red)
Sun Feb 23 14:52:05 2025 Player Gatos has left
Sun Feb 23 14:52:08 2025 GEPARD (Blue) [Headshot] FT (Red)
Sun Feb 23 14:52:14 2025 Diego (Red) [Headshot] The Gun (Blue)
Sun Feb 23 14:52:14 2025 Harry (Red) [Headshot] Reporauno (Blue)
Sun Feb 23 14:52:14 2025 Diego (Red) [Headshot] GEPARD (Blue)
Sun Feb 23 14:52:19 2025 PixelPizza (Blue) [Headshot] Sithis (Red)
Sun Feb 23 14:52:20 2025 Player The Gun has left
Sun Feb 23 14:52:21 2025  Use /HEAVEN to paint the babel platform!
Sun Feb 23 14:52:23 2025 PixelPizza (Blue) [Headshot] The Jesus (Red)
Sun Feb 23 14:52:27 2025 Happy Glitch (Blue) [Headshot] FT (Red)
Sun Feb 23 14:52:29 2025 The Jesus (Red) [Headshot] Happy Glitch (Blue)
Sun Feb 23 14:52:31 2025 PixelPizza (Blue) [Headshot] Harry (Red)
Sun Feb 23 14:52:31 2025 MAXMAX1 joined Blue team
Sun Feb 23 14:52:39 2025 DORADO (Blue) [Headshot]   (Red)
Sun Feb 23 14:52:40 2025 Harry (Red) [Fall]
Sun Feb 23 14:52:46 2025 DORADO (Blue) [Headshot] Sithis (Red)
Sun Feb 23 14:52:47 2025 FT (Red) [Fall]
Sun Feb 23 14:52:54 2025 PixelPizza (Blue) [Headshot] Diego (Red)
Sun Feb 23 14:52:56 2025 oh my stupidgod joined Red team
Sun Feb 23 14:53:03 2025 Qult--- joined Red team
Sun Feb 23 14:53:03 2025 Jim (Blue) [Headshot] FT (Red)
Sun Feb 23 14:53:05 2025   (Red) [Headshot] GEPARD (Blue)
Sun Feb 23 14:53:07 2025 Sithis (Red) [Headshot] Jim (Blue)
Sun Feb 23 14:53:08 2025 Reporauno (Blue) [Headshot] Sithis (Red)
Sun Feb 23 14:53:12 2025 oh my stupidgod (Red) [Headshot] Reporauno (Blue)
Sun Feb 23 14:53:19 2025 HurryUpTomorrow joined Blue team
Sun Feb 23 14:53:20 2025 oh my stupidgod (Red) [Headshot] PixelPizza (Blue)
Sun Feb 23 14:53:21 2025  Get a 20 killstreak and 1 intel capture(s) to unlock /APOC!
Sun Feb 23 14:53:21 2025 Diego (Red) [Headshot] MAXMAX1 (Blue)
Sun Feb 23 14:53:22 2025 HurryUpTomorrow (Blue) [Fall]
Sun Feb 23 14:53:25 2025 Reporauno (Blue) [Headshot] oh my stupidgod (Red)
Sun Feb 23 14:53:26 2025 Reporauno (Blue) [Headshot] Diego (Red)
Sun Feb 23 14:53:36 2025 oh my stupidgod (Red) [Headshot] Happy Glitch (Blue)
Sun Feb 23 14:53:37 2025 Qult--- (Red) [Headshot] Reporauno (Blue)
Sun Feb 23 14:53:37 2025 Sithis (Red) [Grenade] Jim (Blue)
Sun Feb 23 14:53:39 2025 Qult--- (Red) [Headshot] GEPARD (Blue)
Sun Feb 23 14:53:39 2025 Harry (Red) [Rifle]
Sun Feb 23 14:53:41 2025 Player GEPARD has left
Sun Feb 23 14:53:45 2025 oh my stupidgod (Red) [Headshot] HurryUpTomorrow (Blue)
Sun Feb 23 14:53:46 2025 PixelPizza (Blue) [Rifle] Sithis (Red)
Sun Feb 23 14:53:48 2025 oh my stupidgod (Red) [Headshot] PixelPizza (Blue)
Sun Feb 23 14:53:51 2025 oh my stupidgod (Red) [Headshot] Reporauno (Blue)
Sun Feb 23 14:53:54 2025 MAXMAX1 (Blue) [Grenade]
Sun Feb 23 14:53:58 2025 Diego (Red) [Headshot] Happy Glitch (Blue)
Sun Feb 23 14:54:01 2025 DORADO (Blue) [Headshot] The Jesus (Red)
Sun Feb 23 14:54:02 2025 Player Jim has left
Sun Feb 23 14:54:05 2025 oh my stupidgod (Red) [Headshot] HurryUpTomorrow (Blue)
Sun Feb 23 14:54:05 2025 Qult--- (Red) [Headshot] DORADO (Blue)
Sun Feb 23 14:54:09 2025 PixelPizza (Blue) [Headshot] Sithis (Red)
Sun Feb 23 14:54:11 2025 Jim joined Blue team
Sun Feb 23 14:54:12 2025 Harry (Red) [Fall]
Sun Feb 23 14:54:13 2025 Reporauno (Blue) [SMG] oh my stupidgod (Red)
Sun Feb 23 14:54:21 2025  Capture your team's 5th intel to unlock /APOC for your team's best builder!
Sun Feb 23 14:54:25 2025 PixelPizza (Blue) [Headshot] Diego (Red)
Sun Feb 23 14:54:27 2025 Reporauno (Blue) [Headshot] Qult--- (Red)
Sun Feb 23 14:54:28 2025 PixelPizza (Blue) [Headshot] Sithis (Red)
Sun Feb 23 14:54:29 2025 PixelPizza (Blue) [Headshot] FT (Red)
Sun Feb 23 14:54:30 2025 Reporauno (Blue) [SMG]   (Red)
Sun Feb 23 14:54:36 2025 MAXMAX1 (Blue) [Headshot] Harry (Red)
Sun Feb 23 14:54:36 2025 PixelPizza (Blue) [Headshot] The Jesus (Red)
Sun Feb 23 14:54:38 2025 Happy Glitch (Blue) [Headshot] Diego (Red)
Sun Feb 23 14:54:44 2025 Qult--- (Red) [Headshot] Happy Glitch (Blue)
Sun Feb 23 14:54:49 2025 MAXMAX1 (Blue) [Melee] The Jesus (Red)
Sun Feb 23 14:54:49 2025 oh my stupidgod (Red) [Headshot] Reporauno (Blue)
Sun Feb 23 14:54:50 2025 [Team]   (Red): как это пидар убавает через стену?
Sun Feb 23 14:54:52 2025 Harry (Red) [Headshot] MAXMAX1 (Blue)
Sun Feb 23 14:54:55 2025 oh my stupidgod (Red) [Headshot] PixelPizza (Blue)
Sun Feb 23 14:54:56 2025 Player The Jesus has left
Sun Feb 23 14:54:58 2025 oh my stupidgod (Red) [Headshot] Jim (Blue)
Sun Feb 23 14:55:09 2025 FT (Red) [Headshot] Happy Glitch (Blue)
Sun Feb 23 14:55:12 2025 oh my stupidgod (Red) [Headshot] MAXMAX1 (Blue)
Sun Feb 23 14:55:21 2025  Mahalo for playing aloha.pk tower of babel
Sun Feb 23 14:55:21 2025 Reporauno (Blue) [SMG] Harry (Red)
Sun Feb 23 14:55:22 2025 HurryUpTomorrow (Blue) [Headshot] Sithis (Red)
Sun Feb 23 14:55:23 2025 Reporauno (Blue) [SMG] Diego (Red)
Sun Feb 23 14:55:31 2025 PixelPizza (Blue) [Headshot] oh my stupidgod (Red)
Sun Feb 23 14:55:32 2025   (Red) [Headshot] Reporauno (Blue)
Sun Feb 23 14:55:33 2025 FT (Red) [Headshot] HurryUpTomorrow (Blue)
Sun Feb 23 14:55:35 2025 Player oh my stupidgod has left
Sun Feb 23 14:55:35 2025 [Team]   (Red): сосни ка
Sun Feb 23 14:55:40 2025   (Red) [Headshot] Jim (Blue)
Sun Feb 23 14:55:41 2025 PixelPizza (Blue) [Headshot] Diego (Red)
Sun Feb 23 14:55:45 2025 Qult--- (Red) [Headshot] PixelPizza (Blue)
Sun Feb 23 14:55:54 2025 Qult--- (Red) [Headshot] Happy Glitch (Blue)
Sun Feb 23 14:55:56 2025 Qult--- (Red) [Headshot] Reporauno (Blue)
Sun Feb 23 14:56:01 2025 Jim (Blue) [Headshot]   (Red)
Sun Feb 23 14:56:05 2025 HurryUpTomorrow (Blue) [Headshot] Sithis (Red)
Sun Feb 23 14:56:10 2025 Qult--- (Red) [Headshot] Happy Glitch (Blue)
Sun Feb 23 14:56:12 2025 Pedro joined Red team
Sun Feb 23 14:56:19 2025 Qult--- (Red) [Headshot] Reporauno (Blue)
Sun Feb 23 14:56:19 2025 FT (Red) [Rifle] MAXMAX1 (Blue)
Sun Feb 23 14:56:21 2025  Build a tower to get the enemy's intel. Take it to your team's tent to win!
Sun Feb 23 14:56:25 2025 Qult--- (Red) [Headshot] PixelPizza (Blue)
Sun Feb 23 14:56:33 2025 Qult--- (Red) [Headshot] Happy Glitch (Blue)
Sun Feb 23 14:56:33 2025 Reporauno (Blue) [Headshot] Qult--- (Red)
Sun Feb 23 14:56:38 2025 DORADO (Blue) [Headshot] Diego (Red)
Sun Feb 23 14:56:43 2025 PixelPizza (Blue) [Rifle]   (Red)
Sun Feb 23 14:56:44 2025 DORADO (Blue) [Rifle] Sithis (Red)
Sun Feb 23 14:56:45 2025 FT (Red) [Headshot] PixelPizza (Blue)
Sun Feb 23 14:56:45 2025 Reporauno (Blue) [SMG] FT (Red)
Sun Feb 23 14:57:04 2025 Qult--- (Red) [Headshot] Reporauno (Blue)
Sun Feb 23 14:57:08 2025 Diego (Red) [Headshot] MAXMAX1 (Blue)
Sun Feb 23 14:57:08 2025 Qult--- (Red) [Headshot] HurryUpTomorrow (Blue)
Sun Feb 23 14:57:16 2025 Happy Glitch (Blue) [Headshot]   (Red)
Sun Feb 23 14:57:18 2025 Happy Glitch (Blue) [Headshot] Harry (Red)
Sun Feb 23 14:57:21 2025  Type /HELP for info & commands
Sun Feb 23 14:57:23 2025 vdsz joined Red team
Sun Feb 23 14:57:24 2025 Qult--- (Red) [Headshot] PixelPizza (Blue)
Sun Feb 23 14:57:28 2025 Sithis (Red) [Fall]
Sun Feb 23 14:57:29 2025 FT (Red) [Headshot] Happy Glitch (Blue)
Sun Feb 23 14:57:36 2025 Qult--- (Red) [Headshot] PixelPizza (Blue)
Sun Feb 23 14:57:36 2025 HurryUpTomorrow (Blue) [Headshot] FT (Red)
Sun Feb 23 14:57:41 2025 Pedro (Red) [SMG] Reporauno (Blue)
Sun Feb 23 14:57:45 2025 Player FT has left
Sun Feb 23 14:57:50 2025 Diego (Red) [Headshot] HurryUpTomorrow (Blue)
Sun Feb 23 14:57:51 2025 Diego (Red) [Headshot] MAXMAX1 (Blue)
Sun Feb 23 14:57:53 2025 Pedro (Red) [Headshot] DORADO (Blue)
Sun Feb 23 14:57:54 2025 baku joined Blue team
Sun Feb 23 14:57:58 2025 Player DORADO has left
Sun Feb 23 14:58:04 2025 Reporauno (Blue) [SMG] Qult--- (Red)
Sun Feb 23 14:58:13 2025 Sithis picked up Blue's Intel.
Sun Feb 23 14:58:15 2025 vdsz (Red) [Headshot] Happy Glitch (Blue)
Sun Feb 23 14:58:21 2025  Visit our community forums at https://aloha.pk/
Sun Feb 23 14:58:23 2025 Diego (Red) [Headshot] HurryUpTomorrow (Blue)
Sun Feb 23 14:58:27 2025   (Red) [Fall]
Sun Feb 23 14:58:31 2025 baku (Blue) [SMG] Diego (Red)
Sun Feb 23 14:58:34 2025 Sithis captured Blue's Intel.
Sun Feb 23 14:58:37 2025 baku (Blue) [Fall]
Sun Feb 23 14:58:41 2025 Pedro (Red) [Headshot] Reporauno (Blue)
Sun Feb 23 14:58:43 2025 Qult--- (Red) [Headshot] PixelPizza (Blue)
Sun Feb 23 14:58:46 2025 Qult--- (Red) [Headshot] Happy Glitch (Blue)
Sun Feb 23 14:58:47 2025 Pedro (Red) [Headshot] HurryUpTomorrow (Blue)
Sun Feb 23 14:58:51 2025 HurryUpTomorrow (Blue) [Team Change]
Sun Feb 23 14:58:58 2025 Sithis picked up Blue's Intel.
Sun Feb 23 14:59:00 2025 Qult--- (Red) [Headshot] Happy Glitch (Blue)
Sun Feb 23 14:59:01 2025 Harry (Red) [Headshot] MAXMAX1 (Blue)
Sun Feb 23 14:59:01 2025 HurryUpTomorrow joined Red team
Sun Feb 23 14:59:06 2025 Reporauno (Blue) [Headshot] Pedro (Red)
Sun Feb 23 14:59:07 2025 Qult--- (Red) [Headshot] Happy Glitch (Blue)
Sun Feb 23 14:59:12 2025 Qult--- (Red) [Headshot] Jim (Blue)
Sun Feb 23 14:59:15 2025 Reporauno (Blue) [Headshot] HurryUpTomorrow (Red)
Sun Feb 23 14:59:15 2025 JESUS joined Blue team
Sun Feb 23 14:59:20 2025 Sithis captured Blue's Intel.
Sun Feb 23 14:59:21 2025  Come chat with us at https://discord.aloha.pk/
Sun Feb 23 14:59:26 2025   picked up Blue's Intel.
Sun Feb 23 14:59:28 2025 Qult--- (Red) [Headshot] Happy Glitch (Blue)
Sun Feb 23 14:59:31 2025 Qult--- (Red) [Headshot] Jim (Blue)
Sun Feb 23 14:59:35 2025   (Red) [Headshot] Reporauno (Blue)
Sun Feb 23 14:59:39 2025 [Team]   (Red): сосни ка
Sun Feb 23 14:59:42 2025 PixelPizza (Blue) [Rifle] Qult--- (Red)
Sun Feb 23 14:59:44 2025 JESUS (Blue) [Headshot] Harry (Red)
Sun Feb 23 14:59:55 2025 Sithis (Red) [Grenade] Reporauno (Blue)
Sun Feb 23 14:59:59 2025 baku (Blue) [Headshot] vdsz (Red)
Sun Feb 23 15:00:05 2025 baku (Blue) [SMG]
Sun Feb 23 15:00:06 2025 Pedro (Red) [Headshot] MAXMAX1 (Blue)
Sun Feb 23 15:00:07 2025   captured Blue's Intel.
Sun Feb 23 15:00:08 2025 Sithis picked up Blue's Intel.
Sun Feb 23 15:00:13 2025 Player PixelPizza has left
Sun Feb 23 15:00:18 2025 vdsz (Red) [Rifle] JESUS (Blue)
Sun Feb 23 15:00:21 2025  If you believe a player is breaking the rules, please let us know with /ADMIN
Sun Feb 23 15:00:22 2025 Player Reporauno has left
Sun Feb 23 15:00:26 2025 JESUS (Blue) [Weapon Change]
Sun Feb 23 15:00:30 2025 Jim (Blue) [Headshot] Harry (Red)
Sun Feb 23 15:00:31 2025 vdsz (Red) [Headshot] Jim (Blue)
Sun Feb 23 15:00:31 2025 Sithis captured Blue's Intel.
Sun Feb 23 15:00:31 2025   picked up Blue's Intel.
Sun Feb 23 15:00:35 2025 Happy Glitch (Blue) [Headshot] Sithis (Red)
Sun Feb 23 15:00:40 2025 Sithis (Red) [SMG] Happy Glitch (Blue)
Sun Feb 23 15:00:51 2025 vdsz (Red) [Grenade] MAXMAX1 (Blue)
Sun Feb 23 15:00:52 2025 Diego (Red) [Headshot] Happy Glitch (Blue)
Sun Feb 23 15:00:54 2025 HurryUpTomorrow (Red) [Headshot] Jim (Blue)
Sun Feb 23 15:00:57 2025 vdsz (Red) [Headshot] baku (Blue)
Sun Feb 23 15:00:59 2025 Player baku has left
Sun Feb 23 15:01:01 2025  With 839 blocks placed, Harry is granted the right to unleash the apocalypse.
Sun Feb 23 15:01:01 2025 God has given you the right to unleash the apocalypse.
Sun Feb 23 15:01:01 2025 Use /APOC to unleash the apocalypse.
Sun Feb 23 15:01:01 2025   captured Blue's Intel.
Sun Feb 23 15:01:04 2025 JESUS (Blue) [Headshot] HurryUpTomorrow (Red)
Sun Feb 23 15:01:07 2025 Sithis picked up Blue's Intel.
Sun Feb 23 15:01:15 2025 Player HurryUpTomorrow has left
Sun Feb 23 15:01:16 2025 Diego (Red) [Team Change]
Sun Feb 23 15:01:21 2025  This server runs imger and glow. Use /IMG or /GLOW to toggle them.
Sun Feb 23 15:01:25 2025 Diego joined Blue team
Sun Feb 23 15:01:29 2025 Pedro (Red) [Headshot] Happy Glitch (Blue)
Sun Feb 23 15:01:30 2025 Sithis captured Blue's Intel.
Sun Feb 23 15:01:31 2025   picked up Blue's Intel.
Sun Feb 23 15:01:32 2025 Qult--- (Red) [Headshot] JESUS (Blue)
Sun Feb 23 15:01:43 2025 Mysterion joined Blue team
Sun Feb 23 15:01:43 2025 Qult--- (Red) [Headshot] MAXMAX1 (Blue)
Sun Feb 23 15:01:44 2025 Diego (Blue) [Headshot] Qult--- (Red)
Sun Feb 23 15:01:50 2025 Diego (Blue) [Rifle] Pedro (Red)
Sun Feb 23 15:01:52 2025 Diego (Blue) [Fall]
Sun Feb 23 15:01:53 2025 Mysterion (Blue) [Team Change]
Sun Feb 23 15:02:00 2025   captured Blue's Intel.
Sun Feb 23 15:02:01 2025 JESUS (Blue) [Headshot] Sithis (Red)
Sun Feb 23 15:02:01 2025 Mysterion joined Red team
Sun Feb 23 15:02:11 2025 Qult--- (Red) [Headshot] Happy Glitch (Blue)
Sun Feb 23 15:02:14 2025 Qult--- (Red) [Headshot] Jim (Blue)
Sun Feb 23 15:02:15 2025 Mysterion (Red) [Team Change]
Sun Feb 23 15:02:19 2025 Diego (Blue) [Headshot] Harry (Red)
Sun Feb 23 15:02:21 2025  Use /EMOTE to draw an emote on the map!
Sun Feb 23 15:02:23 2025   picked up Blue's Intel.
Sun Feb 23 15:02:24 2025 vdsz (Red) [Rifle] MAXMAX1 (Blue)
Sun Feb 23 15:02:25 2025 Diego (Blue) [Headshot] vdsz (Red)
Sun Feb 23 15:02:25 2025 Mysterion joined Blue team
Sun Feb 23 15:02:35 2025  Harry has reached 1000 blocks placed! /heaven unlocked.
Sun Feb 23 15:02:35 2025 Type /heavenlist to view available images. /heaven <name> to confirm.
Sun Feb 23 15:02:35 2025 Want your country's flag instead? Type /heaven country (or any alpha-2 code)
Sun Feb 23 15:02:38 2025 vdsz (Red) [Headshot] JESUS (Blue)
Sun Feb 23 15:02:43 2025 Jim (Blue) [SMG] Sithis (Red)
Sun Feb 23 15:02:44 2025 Qult--- (Red) [Headshot] Happy Glitch (Blue)
Sun Feb 23 15:02:48 2025 Qult--- (Red) [Headshot] Diego (Blue)
Sun Feb 23 15:02:53 2025   captured Blue's Intel.
Sun Feb 23 15:02:54 2025 vdsz (Red) [Headshot] Jim (Blue)
Sun Feb 23 15:03:00 2025 Qult--- (Red) [Headshot] Happy Glitch (Blue)
Sun Feb 23 15:03:05 2025 Diego (Blue) [Headshot] Pedro (Red)
Sun Feb 23 15:03:09 2025 Happy Glitch (Blue) [Headshot] Qult--- (Red)
Sun Feb 23 15:03:11 2025 vdsz (Red) [Headshot] Diego (Blue)
Sun Feb 23 15:03:16 2025   picked up Blue's Intel.
Sun Feb 23 15:03:20 2025 Use /APOC to unleash the apocalypse.
Sun Feb 23 15:03:20 2025 Harry (Red) [Headshot] Jim (Blue)
Sun Feb 23 15:03:21 2025  Use /HEAVEN to paint the babel platform!
Sun Feb 23 15:03:26 2025 vdsz (Red) [Headshot] MAXMAX1 (Blue)
Sun Feb 23 15:03:42 2025 Qult--- (Red) [Headshot] Jim (Blue)
Sun Feb 23 15:03:45 2025 Sithis (Red) [SMG] Diego (Blue)
Sun Feb 23 15:03:45 2025 Mysterion (Blue) [Headshot] Sithis (Red)
Sun Feb 23 15:03:47 2025   captured Blue's Intel.
Sun Feb 23 15:03:58 2025 vdsz (Red) [Headshot] JESUS (Blue)
Sun Feb 23 15:04:05 2025 vdsz (Red) [Headshot] MAXMAX1 (Blue)
Sun Feb 23 15:04:09 2025 Diego (Blue) [Headshot] Qult--- (Red)
Sun Feb 23 15:04:10 2025   picked up Blue's Intel.
Sun Feb 23 15:04:11 2025 vdsz (Red) [Rifle] Diego (Blue)
Sun Feb 23 15:04:21 2025  Get a 20 killstreak and 1 intel capture(s) to unlock /APOC!
Sun Feb 23 15:04:23 2025 vdsz (Red) [Melee] Jim (Blue)
Sun Feb 23 15:04:26 2025 Diego (Blue) [Rifle] Sithis (Red)
Sun Feb 23 15:04:31 2025 Diego (Blue) [Headshot] Pedro (Red)
Sun Feb 23 15:04:33 2025 Use /APOC to unleash the apocalypse.
Sun Feb 23 15:04:33 2025 Harry (Red) [Headshot] Happy Glitch (Blue)
Sun Feb 23 15:04:37 2025 seqLL joined Blue team
Sun Feb 23 15:04:38 2025 vdsz (Red) [Headshot] Mysterion (Blue)
Sun Feb 23 15:04:41 2025 Qult--- (Red) [Headshot] JESUS (Blue)
Sun Feb 23 15:04:42 2025   captured Blue's Intel.
Sun Feb 23 15:04:42 2025 Red Wins!
Sun Feb 23 15:04:42 2025  Game finished! Next map: pinpoint2.
Sun Feb 23 15:04:44 2025 Diego (Blue) [Headshot] Pedro (Red)
Sun Feb 23 15:04:44 2025   (Red) [Headshot] MAXMAX1 (Blue)
Sun Feb 23 15:04:44 2025 JESUS (Blue) [Weapon Change]
Sun Feb 23 15:04:44 2025 Diego (Blue) [Headshot] vdsz (Red)
Sun Feb 23 15:04:45 2025 Jim (Blue) [Headshot] Harry (Red)
Sun Feb 23 15:04:45 2025 Sithis (Red) [SMG] Happy Glitch (Blue)
Sun Feb 23 15:04:45 2025 Diego (Blue) [Headshot] Qult--- (Red)
Sun Feb 23 15:04:46 2025   (Red) [SMG] Diego (Blue)
Sun Feb 23 15:04:46 2025   (Red) [SMG] Diego (Blue)
Sun Feb 23 15:04:47 2025 Jim (Blue) [Headshot] Sithis (Red)
Sun Feb 23 15:04:47 2025 Player Happy Glitch has left
Sun Feb 23 15:04:48 2025 seqLL (Blue) [Headshot]   (Red)
Sun Feb 23 15:04:52 2025 ------ World Unloaded ------
Sun Feb 23 15:04:54 2025 ------ World Loaded ------
Sun Feb 23 15:04:54 2025 Welcome to aloha.pk tower of babel
Sun Feb 23 15:04:56 2025 Map: pinpoint2 by TheGrandmaster
Sun Feb 23 15:04:56 2025 vdsz joined Blue team
Sun Feb 23 15:04:56 2025 Pedro joined Red team
Sun Feb 23 15:04:56 2025 Sithis joined Red team
Sun Feb 23 15:04:57 2025 Jim joined Blue team
Sun Feb 23 15:04:57 2025 Game mode: babel
Sun Feb 23 15:04:59 2025 Build a tower to get the enemy's intel. Take it to your team's tent to win!
Sun Feb 23 15:05:00 2025 Qult--- joined Blue team
Sun Feb 23 15:05:00 2025 JESUS joined Red team
Sun Feb 23 15:05:01 2025 Mysterion joined Red team
Sun Feb 23 15:05:01 2025 Visit our community forum at https://aloha.pk/
Sun Feb 23 15:05:03 2025 Come chat with us at https://discord.aloha.pk/
Sun Feb 23 15:05:06 2025   joined Red team
Sun Feb 23 15:05:07 2025 Marshmello joined Red team
Sun Feb 23 15:05:07 2025 seqLL joined Blue team
Sun Feb 23 15:05:14 2025 MAXMAX1 joined Blue team
Sun Feb 23 15:05:21 2025  Capture your team's 5th intel to unlock /APOC for your team's best builder!
Sun Feb 23 15:05:28 2025 Forneuzz joined Blue team
Sun Feb 23 15:05:29 2025 Pedro (Red) [Headshot] Qult--- (Blue)
Sun Feb 23 15:05:29 2025 Jim (Blue) [Headshot] JESUS (Red)
Sun Feb 23 15:05:38 2025 Pedro (Red) [Headshot] Jim (Blue)
Sun Feb 23 15:05:42 2025 Diego joined Red team
Sun Feb 23 15:05:43 2025 Pedro (Red) [Headshot] vdsz (Blue)
Sun Feb 23 15:05:51 2025 MAXMAX1 (Blue) [SMG] Sithis (Red)
Sun Feb 23 15:05:52 2025 Qult--- (Blue) [Headshot] Diego (Red)
Sun Feb 23 15:05:53 2025 Qult--- (Blue) [Headshot] Mysterion (Red)
Sun Feb 23 15:05:56 2025 JESUS (Red) [SMG] MAXMAX1 (Blue)
Sun Feb 23 15:05:56 2025 Qult--- (Blue) [Headshot] JESUS (Red)
Sun Feb 23 15:06:06 2025 vdsz (Blue) [Rifle] Pedro (Red)
Sun Feb 23 15:06:09 2025 JESUS (Red) [SMG] Forneuzz (Blue)
Sun Feb 23 15:06:10 2025 Qult--- (Blue) [Headshot] JESUS (Red)
Sun Feb 23 15:06:11 2025 Diego (Red) [SMG] Qult--- (Blue)
Sun Feb 23 15:06:21 2025  Mahalo for playing aloha.pk tower of babel
Sun Feb 23 15:06:25 2025 Diego (Red) [Headshot] seqLL (Blue)
Sun Feb 23 15:06:32 2025 Pedro (Red) [Headshot] MAXMAX1 (Blue)
Sun Feb 23 15:06:35 2025 Jim (Blue) [Headshot] JESUS (Red)
Sun Feb 23 15:06:39 2025 Sithis picked up Blue's Intel.
Sun Feb 23 15:06:40 2025 Qult--- (Blue) [Headshot]   (Red)
Sun Feb 23 15:06:42 2025 Qult--- (Blue) [Headshot] Mysterion (Red)
Sun Feb 23 15:06:43 2025 vdsz (Blue) [Headshot] Diego (Red)
Sun Feb 23 15:06:43 2025 Pedro (Red) [Headshot] Forneuzz (Blue)
Sun Feb 23 15:06:46 2025 Qult--- (Blue) [Headshot] Pedro (Red)
Sun Feb 23 15:06:48 2025 Sithis dropped Blue's Intel
Sun Feb 23 15:06:48 2025  The intel has returned to the heavens
Sun Feb 23 15:06:48 2025 Sithis (Red) [Fall]
Sun Feb 23 15:07:00 2025 Jim (Blue) [Headshot] JESUS (Red)
Sun Feb 23 15:07:01 2025 Qult--- (Blue) [Headshot] Diego (Red)
Sun Feb 23 15:07:03 2025 Qult--- (Blue) [Headshot] Pedro (Red)
Sun Feb 23 15:07:04 2025 JESUS (Red) [Weapon Change]
Sun Feb 23 15:07:05 2025 Qult--- (Blue) [Headshot]   (Red)
Sun Feb 23 15:07:13 2025 Qult--- (Blue) [Headshot] Diego (Red)
Sun Feb 23 15:07:20 2025  Qult--- has a kill-death ratio of 4.67 (42 kills, 9 deaths, 2.94 kills per minute).
Sun Feb 23 15:07:20 2025  Qult--- removed no blocks in the last 2.0 minutes.
Sun Feb 23 15:07:20 2025    (#5) started a VOTEKICK against Qult--- (#10). Say /Y to agree
Sun Feb 23 15:07:20 2025  Reason: AIM
Sun Feb 23 15:07:20 2025 Jim (Blue) [Headshot] Sithis (Red)
Sun Feb 23 15:07:21 2025  Build a tower to get the enemy's intel. Take it to your team's tent to win!
Sun Feb 23 15:07:30 2025 Jim (Blue) [Headshot] JESUS (Red)
Sun Feb 23 15:07:36 2025 seu madruga joined Red team
Sun Feb 23 15:07:38 2025 Pedro (Red) [SMG] vdsz (Blue)
Sun Feb 23 15:07:40 2025 Diego (Red) [Rifle] Jim (Blue)
Sun Feb 23 15:07:42 2025 You can't destroy your team's blocks in this area. Attack the enemy's tower!
Sun Feb 23 15:07:43 2025 You can't destroy your team's blocks in this area. Attack the enemy's tower!
Sun Feb 23 15:07:49 2025 Diego (Red) [Headshot] Qult--- (Blue)
Sun Feb 23 15:07:50 2025    (#5) is votekicking Qult--- (#10). /Y to vote (7 left)
Sun Feb 23 15:07:50 2025  Reason: AIM
Sun Feb 23 15:07:58 2025 Diego (Red) [Headshot] Forneuzz (Blue)
Sun Feb 23 15:07:59 2025 seu madruga (Red) [Headshot] MAXMAX1 (Blue)
Sun Feb 23 15:08:00 2025 Diego (Red) [Headshot] Jim (Blue)
Sun Feb 23 15:08:02 2025 Jim (Blue) [Weapon Change]
Sun Feb 23 15:08:09 2025 Diego (Red) [Headshot] Harry (Blue)
Sun Feb 23 15:08:13 2025 Diego (Red) [Headshot] seqLL (Blue)
Sun Feb 23 15:08:15 2025 Qult--- (Blue) [Headshot] Diego (Red)
Sun Feb 23 15:08:17 2025 Forneuzz (Blue) [Weapon Change]
Sun Feb 23 15:08:20 2025    (#5) is votekicking Qult--- (#10). /Y to vote (7 left)
Sun Feb 23 15:08:20 2025  Reason: AIM
Sun Feb 23 15:08:20 2025 vdsz (Blue) [Headshot] JESUS (Red)
Sun Feb 23 15:08:21 2025  Type /HELP for info & commands
Sun Feb 23 15:08:31 2025 Sithis picked up Blue's Intel.
Sun Feb 23 15:08:31 2025 Jim (Blue) [Headshot] Pedro (Red)
Sun Feb 23 15:08:39 2025 Diego (Red) [Headshot] Jim (Blue)
Sun Feb 23 15:08:39 2025 Qult--- (Blue) [Headshot]   (Red)
Sun Feb 23 15:08:43 2025 Sithis dropped Blue's Intel
Sun Feb 23 15:08:43 2025  The intel has returned to the heavens
Sun Feb 23 15:08:43 2025 Sithis (Red) [Fall]
Sun Feb 23 15:08:44 2025 Qult--- (Blue) [Headshot] JESUS (Red)
Sun Feb 23 15:08:46 2025 MAXMAX1 (Blue) [Fall]
Sun Feb 23 15:08:47 2025 Diego (Red) [Headshot] Qult--- (Blue)
Sun Feb 23 15:08:50 2025    (#5) is votekicking Qult--- (#10). /Y to vote (7 left)
Sun Feb 23 15:08:50 2025  Reason: AIM
Sun Feb 23 15:08:52 2025 noob joined Blue team
Sun Feb 23 15:09:07 2025 Diego (Red) [Headshot] noob (Blue)
Sun Feb 23 15:09:08 2025 Diego (Red) [Headshot] vdsz (Blue)
Sun Feb 23 15:09:14 2025 Diego (Red) [Headshot] Qult--- (Blue)
Sun Feb 23 15:09:20 2025  Votekick for Qult--- (#10) has ended. Votekick timed out
Sun Feb 23 15:09:21 2025  Visit our community forums at https://aloha.pk/
Sun Feb 23 15:09:21 2025 Diego (Red) [Headshot] Forneuzz (Blue)
Sun Feb 23 15:09:32 2025 seu madruga (Red) [Headshot] Jim (Blue)
Sun Feb 23 15:09:32 2025 Diego (Red) [Headshot] vdsz (Blue)
Sun Feb 23 15:09:33 2025 seu madruga (Red) [SMG] Harry (Blue)
Sun Feb 23 15:09:39 2025 Diego (Red) [Headshot] Qult--- (Blue)
Sun Feb 23 15:09:42 2025 Player Qult--- has left
Sun Feb 23 15:09:47 2025 vdsz (Blue) [Headshot] Diego (Red)
Sun Feb 23 15:09:51 2025 JESUS picked up Blue's Intel.
Sun Feb 23 15:09:56 2025 seu madruga (Red) [SMG] Harry (Blue)
Sun Feb 23 15:09:57 2025 seu madruga (Red) [SMG] Jim (Blue)
Sun Feb 23 15:09:58 2025 vdsz (Blue) [Grenade] seu madruga (Red)
Sun Feb 23 15:10:05 2025 Pedro (Red) [Headshot] seqLL (Blue)
Sun Feb 23 15:10:10 2025 Pedro (Red) [SMG] noob (Blue)
Sun Feb 23 15:10:17 2025 JESUS captured Blue's Intel.
Sun Feb 23 15:10:18 2025 Sithis (Red) [SMG] Jim (Blue)
Sun Feb 23 15:10:18 2025 MAXMAX1 (Blue) [Headshot] Sithis (Red)
Sun Feb 23 15:10:21 2025  Come chat with us at https://discord.aloha.pk/
Sun Feb 23 15:10:22 2025 RAM joined Blue team
Sun Feb 23 15:10:36 2025 noob (Blue) [Headshot] JESUS (Red)
Sun Feb 23 15:10:38 2025 vdsz (Blue) [Headshot] Mysterion (Red)
Sun Feb 23 15:10:43 2025 Disconnecting
