Mon Apr 21 13:45:31 2025 ------ World Loaded ------
Mon Apr 21 13:45:31 2025 Welcome to aloha.pk tower of babel
Mon Apr 21 13:45:33 2025 Map: Futurama by Alan Harper
Mon Apr 21 13:45:33 2025 DORADO (Blue) [Headshot] lilongueti (Red)
Mon Apr 21 13:45:33 2025 gui () [Fall]
Mon Apr 21 13:45:33 2025 lilongueti (Red) [Fall]
Mon Apr 21 13:45:33 2025 capibara (Red) [Headshot] Elucidate (Blue)
Mon Apr 21 13:45:35 2025 Game mode: babel
Mon Apr 21 13:45:35 2025 Fornicus (Blue) [Headshot] albert03343 (Red)
Mon Apr 21 13:45:36 2025 [Global] gigi (Red): jijijijij
Mon Apr 21 13:45:37 2025 Build a tower to get the enemy's intel. Take it to your team's tent to win!
Mon Apr 21 13:45:38 2025 Deuce joined Blue team
Mon Apr 21 13:45:39 2025 Visit our community forum at https://aloha.pk/
Mon Apr 21 13:45:40 2025 capibara (Red) [SMG] virulento34 (Blue)
Mon Apr 21 13:45:41 2025 Come chat with us at https://discord.aloha.pk/
Mon Apr 21 13:45:41 2025 DORADO (Blue) [SMG] capibara (Red)
Mon Apr 21 13:45:47 2025 Player Deuce has left
Mon Apr 21 13:45:47 2025  This server runs imger and glow. Use /IMG or /GLOW to toggle them.
Mon Apr 21 13:45:55 2025 Saul Goodman (Red) [Rifle] vivian<3 (Blue)
Mon Apr 21 13:45:58 2025 gigi (Red) [Fall]
Mon Apr 21 13:46:13 2025 Mash REZA (Blue) [SMG] Cock Goblin (Red)
Mon Apr 21 13:46:14 2025 gui joined Blue team
Mon Apr 21 13:46:14 2025 DORADO (Blue) [Headshot] B-7 [LV .99] (Red)
Mon Apr 21 13:46:19 2025 albert03343 (Red) [Headshot] Fornicus (Blue)
Mon Apr 21 13:46:29 2025 [Team] DORADO (Blue): crash their tower!
Mon Apr 21 13:46:34 2025 [Team] vivian<3 (Blue): trying
Mon Apr 21 13:46:36 2025 Player Fornicus has left
Mon Apr 21 13:46:40 2025 DORADO (Blue) [SMG] capibara (Red)
Mon Apr 21 13:46:47 2025  Use /EMOTE to draw an emote on the map!
Mon Apr 21 13:46:49 2025 B-7 [LV .99] (Red) [Headshot] vivian<3 (Blue)
Mon Apr 21 13:47:01 2025 Elucidate (Blue) [Team Change]
Mon Apr 21 13:47:03 2025 DUROV IS FREE (Red) [Headshot] Mash REZA (Blue)
Mon Apr 21 13:47:04 2025 Cock Goblin (Red) [SMG] Harry (Blue)
Mon Apr 21 13:47:06 2025 [Global] Mash REZA (Blue): 1 hp
Mon Apr 21 13:47:07 2025 [Global] Mash REZA (Blue): damn
Mon Apr 21 13:47:13 2025 Elucidate joined Red team
Mon Apr 21 13:47:28 2025 Saul Goodman (Red) [Grenade] virulento34 (Blue)
Mon Apr 21 13:47:28 2025 lilongueti (Red) [Headshot] vivian<3 (Blue)
Mon Apr 21 13:47:35 2025 capibara (Red) [SMG] Mash REZA (Blue)
Mon Apr 21 13:47:38 2025 [Global] gigi (Red): byeeee guiiii
Mon Apr 21 13:47:41 2025 capibara (Red) [Headshot] Harry (Blue)
Mon Apr 21 13:47:42 2025 [Global] gui (Blue): byeee
Mon Apr 21 13:47:45 2025 Player gigi has left
Mon Apr 21 13:47:47 2025  Use /HEAVEN to paint the babel platform!
Mon Apr 21 13:47:48 2025 capibara (Red) [Headshot] vivian<3 (Blue)
Mon Apr 21 13:47:57 2025 capibara (Red) [Headshot] Mash REZA (Blue)
Mon Apr 21 13:48:04 2025 Cock Goblin (Red) [SMG] Harry (Blue)
Mon Apr 21 13:48:07 2025 Mash REZA (Blue) [Headshot] capibara (Red)
Mon Apr 21 13:48:20 2025 Harry (Blue) [Headshot] Cock Goblin (Red)
Mon Apr 21 13:48:29 2025 lilongueti picked up Blue's Intel.
Mon Apr 21 13:48:45 2025 DORADO (Blue) [Headshot] DUROV IS FREE (Red)
Mon Apr 21 13:48:47 2025  Get a 20 killstreak and 1 intel capture(s) to unlock /APOC!
Mon Apr 21 13:48:52 2025 capibara (Red) [Melee] virulento34 (Blue)
Mon Apr 21 13:48:53 2025 Mash REZA (Blue) [Fall]
Mon Apr 21 13:48:56 2025 [Global] Mash REZA (Blue): :|
Mon Apr 21 13:49:13 2025 capibara (Red) [Headshot] vivian<3 (Blue)
Mon Apr 21 13:49:19 2025 Cock Goblin (Red) [SMG] Harry (Blue)
Mon Apr 21 13:49:21 2025 DORADO (Blue) [SMG] Elucidate (Red)
Mon Apr 21 13:49:29 2025 lilongueti captured Blue's Intel.
Mon Apr 21 13:49:34 2025 B-7 [LV .99] (Red) [Weapon Change]
Mon Apr 21 13:49:35 2025 virulento34 (Blue) [Headshot] Elucidate (Red)
Mon Apr 21 13:49:37 2025 Harry (Blue) [Headshot] Cock Goblin (Red)
Mon Apr 21 13:49:39 2025 [Team] POP_OS (Blue): left side
Mon Apr 21 13:49:39 2025 Elucidate (Red) [SMG] virulento34 (Blue)
Mon Apr 21 13:49:43 2025 DUROV IS FREE (Red) [Fall]
Mon Apr 21 13:49:45 2025 POP_OS (Blue) [Headshot] capibara (Red)
Mon Apr 21 13:49:47 2025  Capture your team's 5th intel to unlock /APOC for your team's best builder!
Mon Apr 21 13:50:04 2025 DUROV IS FREE (Red) [Headshot] vivian<3 (Blue)
Mon Apr 21 13:50:09 2025 Harry (Blue) [Fall]
Mon Apr 21 13:50:11 2025 capibara (Red) [SMG] virulento34 (Blue)
Mon Apr 21 13:50:23 2025 capibara (Red) [Headshot] POP_OS (Blue)
Mon Apr 21 13:50:28 2025 capibara (Red) [SMG] virulento34 (Blue)
Mon Apr 21 13:50:29 2025 capibara (Red) [SMG] vivian<3 (Blue)
Mon Apr 21 13:50:29 2025 DORADO (Blue) [SMG] capibara (Red)
Mon Apr 21 13:50:35 2025 DORADO (Blue) [Fall]
Mon Apr 21 13:50:36 2025 Mash REZA picked up Red's Intel.
Mon Apr 21 13:50:45 2025 lilongueti (Red) [Fall]
Mon Apr 21 13:50:47 2025  Mahalo for playing aloha.pk tower of babel
Mon Apr 21 13:50:57 2025 Harry (Blue) [Fall]
Mon Apr 21 13:51:03 2025 POP_OS (Blue) [Melee] DUROV IS FREE (Red)
Mon Apr 21 13:51:09 2025 You must be closer to the enemy's base to grenade blocks!
Mon Apr 21 13:51:09 2025 Mash REZA captured Red's Intel.
Mon Apr 21 13:51:10 2025 Harry (Blue) [Grenade] Elucidate (Red)
Mon Apr 21 13:51:10 2025 You must be closer to the enemy's base to grenade blocks!
Mon Apr 21 13:51:14 2025 Saul Goodman (Red) [Fall]
Mon Apr 21 13:51:14 2025 B-7 [LV .99] (Red) [Weapon Change]
Mon Apr 21 13:51:16 2025 vivian<3 (Blue) [Headshot] lilongueti (Red)
Mon Apr 21 13:51:26 2025 vivian<3 (Blue) [Headshot] albert03343 (Red)
Mon Apr 21 13:51:27 2025 vivian<3 (Blue) [Headshot] Elucidate (Red)
Mon Apr 21 13:51:29 2025 vivian<3 (Blue) [SMG] DUROV IS FREE (Red)
Mon Apr 21 13:51:40 2025 FlatHorizon joined Blue team
Mon Apr 21 13:51:43 2025 albert03343 (Red) [Grenade]
Mon Apr 21 13:51:47 2025 DUROV IS FREE (Red) [SMG] vivian<3 (Blue)
Mon Apr 21 13:51:47 2025  Build a tower to get the enemy's intel. Take it to your team's tent to win!
Mon Apr 21 13:51:50 2025 Harry (Blue) [Headshot] capibara (Red)
Mon Apr 21 13:51:58 2025 vivian<3 (Blue) [Headshot] Cock Goblin (Red)
Mon Apr 21 13:52:02 2025 lilongueti (Red) [Fall]
Mon Apr 21 13:52:07 2025 POP_OS (Blue) [Headshot] Elucidate (Red)
Mon Apr 21 13:52:21 2025 Harry (Blue) [Headshot] DUROV IS FREE (Red)
Mon Apr 21 13:52:28 2025 capibara (Red) [SMG] Harry (Blue)
Mon Apr 21 13:52:36 2025 iusearchbtw joined Blue team
Mon Apr 21 13:52:37 2025 capibara (Red) [SMG] POP_OS (Blue)
Mon Apr 21 13:52:46 2025 Disconnecting
