Wed Feb  5 09:45:16 2025 ------ World Loaded ------
Wed Feb  5 09:45:16 2025 Welcome to aloha.pk tower of babel
Wed Feb  5 09:45:17 2025 Map: Goonassault Japan by Lostmotel
Wed Feb  5 09:45:19 2025 Game mode: babel
Wed Feb  5 09:45:21 2025 sago (Red) [Headshot] DE (Blue)
Wed Feb  5 09:45:21 2025 Build a tower to get the enemy's intel. Take it to your team's tent to win!
Wed Feb  5 09:45:23 2025 Visit our community forum at https://aloha.pk/
Wed Feb  5 09:45:25 2025 Come chat with us at https://discord.aloha.pk/
Wed Feb  5 09:45:29 2025 Player DJDDCEC has left
Wed Feb  5 09:45:39 2025  50 minutes remaining.
Wed Feb  5 09:45:39 2025 Iron_15 (Red) [Team Change]
Wed Feb  5 09:45:40 2025 Iron_15 joined Blue team
Wed Feb  5 09:45:45 2025 oh my stupidgod (Blue) [Headshot] sago (Red)
Wed Feb  5 09:45:50 2025 renoase (Blue) [Headshot] Harry (Red)
Wed Feb  5 09:45:54 2025 oh my stupidgod (Blue) [Headshot] Harry (Red)
Wed Feb  5 09:45:56 2025 oh my stupidgod (Blue) [Headshot] Special One (Red)
Wed Feb  5 09:46:03 2025 sago (Red) [Headshot] oh my stupidgod (Blue)
Wed Feb  5 09:46:06 2025 renoase (Blue) [Headshot] Special One (Red)
Wed Feb  5 09:46:06 2025 capdyn (Blue) [Fall]
Wed Feb  5 09:46:08 2025 renoase (Blue) [Headshot] Harry (Red)
Wed Feb  5 09:46:21 2025  Use /HEAVEN to paint the babel platform!
Wed Feb  5 09:46:24 2025 liberal joined Red team
Wed Feb  5 09:46:24 2025 Iron_15 (Blue) [SMG] sago (Red)
Wed Feb  5 09:46:28 2025 liberal (Red) [SMG] Iron_15 (Blue)
Wed Feb  5 09:46:29 2025 Iron_15 (Blue) [Team Change]
Wed Feb  5 09:46:34 2025 renoase (Blue) [Headshot] Harry (Red)
Wed Feb  5 09:46:35 2025 renoase (Blue) [Headshot] sago (Red)
Wed Feb  5 09:46:35 2025 oh my stupidgod (Blue) [Headshot] liberal (Red)
Wed Feb  5 09:46:37 2025 Special One (Red) [SMG] renoase (Blue)
Wed Feb  5 09:46:37 2025 oh my stupidgod (Blue) [Headshot] Special One (Red)
Wed Feb  5 09:46:40 2025 Iron_15 joined Red team
Wed Feb  5 09:46:41 2025 oh my stupidgod (Blue) [Headshot] liberal (Red)
Wed Feb  5 09:46:42 2025 DE (Blue) [SMG] Special One (Red)
Wed Feb  5 09:46:43 2025 DE (Blue) [Headshot] sago (Red)
Wed Feb  5 09:46:43 2025 oh my stupidgod (Blue) [Headshot] Iron_15 (Red)
Wed Feb  5 09:46:47 2025 Ding joined Red team
Wed Feb  5 09:46:47 2025 oh my stupidgod (Blue) [Headshot] Harry (Red)
Wed Feb  5 09:46:48 2025 DE (Blue) [Headshot] Ding (Red)
Wed Feb  5 09:46:54 2025 DE (Blue) [Headshot] Ding (Red)
Wed Feb  5 09:46:54 2025 liberal (Red) [Headshot] DE (Blue)
Wed Feb  5 09:46:57 2025 oh my stupidgod (Blue) [Headshot] sago (Red)
Wed Feb  5 09:46:58 2025 Lenny Hawk (Red) [Headshot] capdyn (Blue)
Wed Feb  5 09:46:58 2025 oh my stupidgod (Blue) [Headshot] Harry (Red)
Wed Feb  5 09:46:59 2025 by joined Blue team
Wed Feb  5 09:47:00 2025 oh my stupidgod (Blue) [Headshot] Special One (Red)
Wed Feb  5 09:47:03 2025 liberal (Red) [Grenade]
Wed Feb  5 09:47:05 2025 oh my stupidgod (Blue) [Headshot] Iron_15 (Red)
Wed Feb  5 09:47:06 2025 Justie joined Blue team
Wed Feb  5 09:47:14 2025 oh my stupidgod (Blue) [Headshot] liberal (Red)
Wed Feb  5 09:47:15 2025 oh my stupidgod (Blue) [Headshot] Special One (Red)
Wed Feb  5 09:47:18 2025 oh my stupidgod (Blue) [Headshot] liberal (Red)
Wed Feb  5 09:47:18 2025 oh my stupidgod (Blue) [Headshot] Special One (Red)
Wed Feb  5 09:47:19 2025 oh my stupidgod (Blue) [Headshot] Iron_15 (Red)
Wed Feb  5 09:47:20 2025 oh my stupidgod (Blue) [Headshot] Harry (Red)
Wed Feb  5 09:47:21 2025  Get a 20 killstreak and 1 intel capture(s) to unlock /APOC!
Wed Feb  5 09:47:25 2025 renoase (Blue) [Headshot] Ding (Red)
Wed Feb  5 09:47:28 2025 [Global] DE (Blue): zomg hhaaaaxx
Wed Feb  5 09:47:28 2025 Ding joined Spectator team
Wed Feb  5 09:47:29 2025 oh my stupidgod (Blue) [Headshot] liberal (Red)
Wed Feb  5 09:47:31 2025 oh my stupidgod (Blue) [Headshot] Iron_15 (Red)
Wed Feb  5 09:47:36 2025 oh my stupidgod (Blue) [Headshot] Harry (Red)
Wed Feb  5 09:47:39 2025 [Global] Iron_15 (Red): HACK
Wed Feb  5 09:47:43 2025 DE (Blue) [SMG] liberal (Red)
Wed Feb  5 09:47:44 2025 Special One (Red) [Headshot] DE (Blue)
Wed Feb  5 09:47:44 2025 Lenny Hawk (Red) [Headshot] capdyn (Blue)
Wed Feb  5 09:47:46 2025 oh my stupidgod (Blue) [Headshot] Harry (Red)
Wed Feb  5 09:47:50 2025 oh my stupidgod (Blue) [Headshot] sago (Red)
Wed Feb  5 09:47:52 2025 oh my stupidgod (Blue) [Headshot] Iron_15 (Red)
Wed Feb  5 09:47:53 2025 Lenny Hawk (Red) [Rifle] Justie (Blue)
Wed Feb  5 09:47:53 2025 oh my stupidgod (Blue) [Headshot] Iron_15 (Red)
Wed Feb  5 09:47:55 2025 renoase (Blue) [Headshot] liberal (Red)
Wed Feb  5 09:47:55 2025 renoase (Blue) [Headshot] sago (Red)
Wed Feb  5 09:47:56 2025 Harry (Red) [Headshot] renoase (Blue)
Wed Feb  5 09:48:06 2025 oh my stupidgod (Blue) [Headshot] Special One (Red)
Wed Feb  5 09:48:08 2025 oh my stupidgod (Blue) [Headshot] liberal (Red)
Wed Feb  5 09:48:16 2025 oh my stupidgod (Blue) [Headshot] Harry (Red)
Wed Feb  5 09:48:19 2025 oh my stupidgod (Blue) [Headshot] sago (Red)
Wed Feb  5 09:48:21 2025  Capture your team's 5th intel to unlock /APOC for your team's best builder!
Wed Feb  5 09:48:22 2025 DE (Blue) [Headshot] Harry (Red)
Wed Feb  5 09:48:26 2025 oh my stupidgod (Blue) [Headshot] liberal (Red)
Wed Feb  5 09:48:30 2025 DE (Blue) [SMG] liberal (Red)
Wed Feb  5 09:48:30 2025 sago (Red) [Headshot] DE (Blue)
Wed Feb  5 09:48:35 2025 Iron_15 (Red) [Rifle] oh my stupidgod (Blue)
Wed Feb  5 09:48:36 2025 Player oh my stupidgod has left
Wed Feb  5 09:48:36 2025 Justie (Blue) [Headshot] Harry (Red)
Wed Feb  5 09:48:39 2025 sago (Red) [Grenade]
Wed Feb  5 09:48:39 2025 Special One (Red) [Headshot] renoase (Blue)
Wed Feb  5 09:48:45 2025 Lenny Hawk (Red) [Headshot] Justie (Blue)
Wed Feb  5 09:48:51 2025 [Global] capdyn (Blue): other blue guy on tower: you can right click to place a line of blocks
Wed Feb  5 09:48:57 2025 Lenny Hawk (Red) [Headshot] DE (Blue)
Wed Feb  5 09:49:02 2025 Ding joined Red team
Wed Feb  5 09:49:09 2025 Player Qult--- has left
Wed Feb  5 09:49:12 2025 renoase (Blue) [SMG] Lenny Hawk (Red)
Wed Feb  5 09:49:17 2025 liberal (Red) [SMG] renoase (Blue)
Wed Feb  5 09:49:19 2025 ENTUSSIASMAO (Blue) [Fall]
Wed Feb  5 09:49:21 2025 sago picked up Blue's Intel.
Wed Feb  5 09:49:21 2025  Mahalo for playing aloha.pk tower of babel
Wed Feb  5 09:49:35 2025 liberal (Red) [SMG] capdyn (Blue)
Wed Feb  5 09:49:37 2025 Justie (Blue) [Headshot] liberal (Red)
Wed Feb  5 09:49:39 2025 sago captured Blue's Intel.
Wed Feb  5 09:49:40 2025 Ding picked up Blue's Intel.
Wed Feb  5 09:49:44 2025 Harry (Red) [Headshot] Justie (Blue)
Wed Feb  5 09:49:49 2025 Special One (Red) [SMG] DE (Blue)
Wed Feb  5 09:49:55 2025 Special One (Red) [Headshot] by (Blue)
Wed Feb  5 09:49:57 2025 Ding captured Blue's Intel.
Wed Feb  5 09:49:59 2025 Lenny Hawk (Red) [Rifle] renoase (Blue)
Wed Feb  5 09:50:00 2025 im not {P} king joined Blue team
Wed Feb  5 09:50:02 2025 Player Justie has left
Wed Feb  5 09:50:05 2025 Special One picked up Blue's Intel.
Wed Feb  5 09:50:05 2025 Lenny Hawk (Red) [Headshot] capdyn (Blue)
Wed Feb  5 09:50:15 2025 Lenny Hawk (Red) [Headshot] ENTUSSIASMAO (Blue)
Wed Feb  5 09:50:15 2025 renoase (Blue) [Headshot] Iron_15 (Red)
Wed Feb  5 09:50:20 2025 Special One captured Blue's Intel.
Wed Feb  5 09:50:21 2025  Build a tower to get the enemy's intel. Take it to your team's tent to win!
Wed Feb  5 09:50:24 2025 Ding picked up Blue's Intel.
Wed Feb  5 09:50:26 2025 [Global] Iron_15 (Red): ogogogogogog
Wed Feb  5 09:50:31 2025 Harry (Red) [Headshot] capdyn (Blue)
Wed Feb  5 09:50:37 2025 renoase (Blue) [Headshot] Lenny Hawk (Red)
Wed Feb  5 09:50:38 2025 [Global] Iron_15 (Red): GG
Wed Feb  5 09:50:39 2025 [Global] Iron_15 (Red): GG
Wed Feb  5 09:50:40 2025 [Global] Iron_15 (Red): GG
Wed Feb  5 09:50:41 2025 Ding captured Blue's Intel.
Wed Feb  5 09:50:41 2025 Red Wins!
Wed Feb  5 09:50:41 2025  Game finished! Next map: RoyalParade2.
Wed Feb  5 09:50:42 2025 Special One (Red) [Grenade] Elprosaso (Blue)
Wed Feb  5 09:50:42 2025 Special One (Red) [Grenade] by (Blue)
Wed Feb  5 09:50:42 2025 Special One (Red) [SMG] Elprosaso (Blue)
Wed Feb  5 09:50:43 2025 Special One (Red) [SMG] Elprosaso (Blue)
Wed Feb  5 09:50:43 2025 Special One (Red) [Grenade] ENTUSSIASMAO (Blue)
Wed Feb  5 09:50:43 2025 Special One (Red) [Grenade] im not {P} king (Blue)
Wed Feb  5 09:50:44 2025 Special One (Red) [Grenade] DE (Blue)
Wed Feb  5 09:50:44 2025 Special One (Red) [Headshot] capdyn (Blue)
Wed Feb  5 09:50:46 2025 Harry (Red) [Headshot] renoase (Blue)
Wed Feb  5 09:50:49 2025 Ding (Red) [Fall]
Wed Feb  5 09:50:50 2025 Disconnecting
