Thu Mar 27 16:32:40 2025 ------ World Loaded ------
Thu Mar 27 16:32:40 2025 Qult--- (Blue) [Headshot] Sithis (Red)
Thu Mar 27 16:32:40 2025 Welcome to aloha.pk tower of babel
Thu Mar 27 16:32:42 2025 Map: Trademorph by Rakete, ei8htx & others
Thu Mar 27 16:32:44 2025 Game mode: babel
Thu Mar 27 16:32:46 2025 Build a tower to get the enemy's intel. Take it to your team's tent to win!
Thu Mar 27 16:32:46 2025 Sithis (Red) [Fall]
Thu Mar 27 16:32:47 2025 [Global] beppo (Red): who lmao
Thu Mar 27 16:32:48 2025 Visit our community forum at https://aloha.pk/
Thu Mar 27 16:32:50 2025 Come chat with us at https://discord.aloha.pk/
Thu Mar 27 16:32:50 2025 Qult--- (Blue) [Headshot] olympian (Red)
Thu Mar 27 16:32:51 2025 [Global] Y.O.B.A. (): dd kills ppl and workin against ur own country
Thu Mar 27 16:32:52 2025 [Global] olympian (Red): DE
Thu Mar 27 16:32:53 2025  Mahalo for playing aloha.pk tower of babel
Thu Mar 27 16:33:00 2025 [Global] beppo (Red): DE isnt even here?
Thu Mar 27 16:33:05 2025 vecio98 (Red) [Fall]
Thu Mar 27 16:33:06 2025 [Global] olympian (Red): shart sniffer is DE
Thu Mar 27 16:33:08 2025 [Global] beppo (Red): oh
Thu Mar 27 16:33:08 2025 [Global] olympian (Red): apparently
Thu Mar 27 16:33:08 2025 [Global] Y.O.B.A. (): thats what ops said me
Thu Mar 27 16:33:10 2025 [Global] shart-sniffer (Blue): guy reporting people for "racism" talks about touching grass geggg
Thu Mar 27 16:33:12 2025 [Global] Y.O.B.A. (): cops
Thu Mar 27 16:33:16 2025 Sithis (Red) [Grenade] Goldorak (Blue)
Thu Mar 27 16:33:18 2025 [Global] shart-sniffer (Blue): also he has some delusions about me being another player
Thu Mar 27 16:33:25 2025 [Global] Goldorak (Blue): bad Sithis, you killed an innocent kid
Thu Mar 27 16:33:28 2025 [Team] Imperador (Blue): USA is law now with trump
Thu Mar 27 16:33:30 2025 [Global] olympian (Red): do you know what touch grass means?
Thu Mar 27 16:33:34 2025 gus (Red) [Headshot] Noxs (Blue)
Thu Mar 27 16:33:36 2025 DenilsonNavarro (Red) [Fall]
Thu Mar 27 16:33:40 2025 [Global] Y.O.B.A. (): go outside
Thu Mar 27 16:33:46 2025 [Global] Marshmello (Red): and touch grass
Thu Mar 27 16:33:48 2025 Qult--- (Blue) [Headshot] Born (Red)
Thu Mar 27 16:33:50 2025 [Global] Y.O.B.A. (): :)
Thu Mar 27 16:33:51 2025 Imperador (Blue) [Headshot] Sithis (Red)
Thu Mar 27 16:33:52 2025 [Global] Y.O.B.A. (): yea
Thu Mar 27 16:33:53 2025  Build a tower to get the enemy's intel. Take it to your team's tent to win!
Thu Mar 27 16:33:59 2025 DenilsonNavarro (Red) [Fall]
Thu Mar 27 16:34:03 2025 MR (Blue) [Fall]
Thu Mar 27 16:34:10 2025 OpenSpades joined Blue team
Thu Mar 27 16:34:12 2025 Qult--- (Blue) [Headshot] Sithis (Red)
Thu Mar 27 16:34:13 2025 shart-sniffer (Blue) [SMG] vecio98 (Red)
Thu Mar 27 16:34:17 2025 Player OpenSpades has left
Thu Mar 27 16:34:19 2025 [Global] Y.O.B.A. (): it means stop be in ur bear hole
Thu Mar 27 16:34:26 2025 Qult--- (Blue) [Headshot] Sithis (Red)
Thu Mar 27 16:34:27 2025 [Global] Marshmello (Red): sounds gay xD
Thu Mar 27 16:34:30 2025 shart-sniffer (Blue) [Headshot] DenilsonNavarro (Red)
Thu Mar 27 16:34:38 2025 Qult--- (Blue) [Headshot] Born (Red)
Thu Mar 27 16:34:43 2025 [Global] Y.O.B.A. (): naa  bears are dangerous animals here
Thu Mar 27 16:34:44 2025 [Global] beppo (Red): ikr xD
Thu Mar 27 16:34:47 2025 [Global] shart-sniffer (Blue): that guy sounds like a discord mod
Thu Mar 27 16:34:52 2025 Qult--- (Blue) [Headshot] Sithis (Red)
Thu Mar 27 16:34:53 2025 [Global] Y.O.B.A. (): they can kill ya in 1 hit of paw
Thu Mar 27 16:34:53 2025  Type /HELP for info & commands
Thu Mar 27 16:34:57 2025 [Global] Marshmello (Red): brown bears are hella good
Thu Mar 27 16:35:03 2025 DenilsonNavarro (Red) [Fall]
Thu Mar 27 16:35:13 2025 [Global] Y.O.B.A. (): yeah brown bears are cool agree
Thu Mar 27 16:35:15 2025 Qult--- (Blue) [Headshot] Sithis (Red)
Thu Mar 27 16:35:20 2025 LizardWizard joined Blue team
Thu Mar 27 16:35:27 2025 [Global] Y.O.B.A. (): i feed one on hunter's base
Thu Mar 27 16:35:28 2025 Fofao joined Red team
Thu Mar 27 16:35:34 2025 [Global] Marshmello (Red): those beasts are almost extinct
Thu Mar 27 16:35:37 2025 LizardWizard (Blue) [SMG] vecio98 (Red)
Thu Mar 27 16:35:41 2025 Qult--- (Blue) [Headshot] Sithis (Red)
Thu Mar 27 16:35:45 2025 shart-sniffer (Blue) [Headshot] Fofao (Red)
Thu Mar 27 16:35:46 2025 YHAN joined Red team
Thu Mar 27 16:35:52 2025 [Global] Y.O.B.A. (): then he(it) killed a guy who gave him a chocolade :c
Thu Mar 27 16:35:53 2025  Visit our community forums at https://aloha.pk/
Thu Mar 27 16:36:05 2025 Qult--- (Blue) [Headshot] Born (Red)
Thu Mar 27 16:36:05 2025 [Global] Y.O.B.A. (): it lived in cage
Thu Mar 27 16:36:06 2025 Qult--- (Blue) [Headshot] Sithis (Red)
Thu Mar 27 16:36:10 2025 [Global] Y.O.B.A. (): he
Thu Mar 27 16:36:11 2025 Qult--- (Blue) [Rifle] olympian (Red)
Thu Mar 27 16:36:11 2025 Harry (Blue) [Fall]
Thu Mar 27 16:36:14 2025 [Global] Y.O.B.A. (): it was male
Thu Mar 27 16:36:16 2025 Noxs (Blue) [Fall]
Thu Mar 27 16:36:17 2025 [Global] Marshmello (Red): thsoe bears who eat chocolate are gay, real beas ts are in forest
Thu Mar 27 16:36:25 2025 Born (Red) [Headshot] Goldorak (Blue)
Thu Mar 27 16:36:27 2025 Qult--- (Blue) [Headshot] DenilsonNavarro (Red)
Thu Mar 27 16:36:29 2025 [Global] Goldorak (Blue): bad Born
Thu Mar 27 16:36:31 2025 [Team] Imperador (Blue): I WILL EAT SEX DOLL AFTER FEMALE ANDROID
Thu Mar 27 16:36:34 2025 [Global] Goldorak (Blue): i was having fun
Thu Mar 27 16:36:34 2025 Fofao (Red) [Headshot] LizardWizard (Blue)
Thu Mar 27 16:36:35 2025 Qult--- (Blue) [Headshot] Sithis (Red)
Thu Mar 27 16:36:38 2025 olympian (Red) [Headshot] shart-sniffer (Blue)
Thu Mar 27 16:36:41 2025 [Global] Bread Orc (Blue): real bears are fighting for  donetsk right?
Thu Mar 27 16:36:43 2025 [Global] Y.O.B.A. (): he was caought by hunter when he killed his mother
Thu Mar 27 16:36:48 2025 [Global] Y.O.B.A. (): he was little bear
Thu Mar 27 16:36:51 2025 [Global] Marshmello (Red): hmm
Thu Mar 27 16:36:53 2025  Come chat with us at https://discord.aloha.pk/
Thu Mar 27 16:36:55 2025 Sithis (Red) [Fall]
Thu Mar 27 16:36:55 2025 Qult--- (Blue) [Headshot] Born (Red)
Thu Mar 27 16:37:01 2025 LizardWizard (Blue) [SMG] Fofao (Red)
Thu Mar 27 16:37:02 2025 YHAN (Red) [Fall]
Thu Mar 27 16:37:06 2025 [Global] Y.O.B.A. (): hunter killed his mother*
Thu Mar 27 16:37:06 2025 Qult--- (Blue) [Fall]
Thu Mar 27 16:37:06 2025 [Global] Goldorak (Blue): MArsh, stop being MArsh
Thu Mar 27 16:37:12 2025 [Global] Marshmello (Red): no u
Thu Mar 27 16:37:12 2025 [Global] Y.O.B.A. (): and did a hat
Thu Mar 27 16:37:18 2025 LizardWizard (Blue) [Headshot] Born (Red)
Thu Mar 27 16:37:18 2025 [Global] Goldorak (Blue): i am not MArsh, tx
Thu Mar 27 16:37:18 2025 Player Fofao has left
Thu Mar 27 16:37:19 2025 olympian (Red) [Headshot] shart-sniffer (Blue)
Thu Mar 27 16:37:19 2025 gus (Red) [SMG] Bread Orc (Blue)
Thu Mar 27 16:37:22 2025 Qult--- (Blue) [Headshot] Sithis (Red)
Thu Mar 27 16:37:24 2025 olympian (Red) [Headshot] LizardWizard (Blue)
Thu Mar 27 16:37:26 2025 Harry (Blue) [Headshot] gus (Red)
Thu Mar 27 16:37:26 2025 [Global] Y.O.B.A. (): from her fur
Thu Mar 27 16:37:27 2025 [Global] Marshmello (Red): ur mom said u r bad
Thu Mar 27 16:37:36 2025 [Global] Y.O.B.A. (): hat was cool
Thu Mar 27 16:37:39 2025 [Global] Goldorak (Blue): no, my mom said i was an angel
Thu Mar 27 16:37:42 2025 LizardWizard (Blue) [SMG] olympian (Red)
Thu Mar 27 16:37:42 2025 Sithis picked up Blue's Intel.
Thu Mar 27 16:37:42 2025 [Global] Y.O.B.A. (): bear was cool too
Thu Mar 27 16:37:46 2025 Sithis dropped Blue's Intel
Thu Mar 27 16:37:46 2025 LizardWizard (Blue) [Headshot] Sithis (Red)
Thu Mar 27 16:37:50 2025 YHAN (Red) [Fall]
Thu Mar 27 16:37:53 2025 LizardWizard (Blue) [SMG] Born (Red)
Thu Mar 27 16:37:53 2025  If you believe a player is breaking the rules, please let us know with /ADMIN
Thu Mar 27 16:37:55 2025 [Global] Y.O.B.A. (): when he killed a man hunter shooted him :c
Thu Mar 27 16:38:00 2025 gus (Red) [Rifle] Imperador (Blue)
Thu Mar 27 16:38:02 2025 shart-sniffer (Blue) [SMG] Marshmello (Red)
Thu Mar 27 16:38:07 2025 [Global] Marshmello (Red): damn, evil people
Thu Mar 27 16:38:08 2025 LizardWizard (Blue) [SMG] vecio98 (Red)
Thu Mar 27 16:38:12 2025 shart-sniffer (Blue) [SMG] DenilsonNavarro (Red)
Thu Mar 27 16:38:17 2025 gus (Red) [Headshot] Noxs (Blue)
Thu Mar 27 16:38:18 2025 [Team] Imperador (Blue): red something wrong
Thu Mar 27 16:38:20 2025 Goldorak (Blue) [Headshot] Marshmello (Red)
Thu Mar 27 16:38:21 2025 [Global] Y.O.B.A. (): yes but he did first blood
Thu Mar 27 16:38:21 2025 Player Noxs has left
Thu Mar 27 16:38:21 2025 sznupix joined Red team
Thu Mar 27 16:38:23 2025 [Global] Marshmello (Red): i knew it 
Thu Mar 27 16:38:24 2025 [Global] Goldorak (Blue): bad MArsh
Thu Mar 27 16:38:33 2025 Qult--- (Blue) [Headshot] gus (Red)
Thu Mar 27 16:38:33 2025 [Global] Y.O.B.A. (): also after kill bear changed
Thu Mar 27 16:38:34 2025 [Global] shart-sniffer (Blue): they re digging under our platform
Thu Mar 27 16:38:35 2025 olympian picked up Blue's Intel.
Thu Mar 27 16:38:37 2025  Bread Orc has reached 1000 blocks placed! /heaven unlocked.
Thu Mar 27 16:38:38 2025 olympian dropped Blue's Intel
Thu Mar 27 16:38:38 2025  The intel has returned to the heavens
Thu Mar 27 16:38:38 2025 Imperador (Blue) [Headshot] olympian (Red)
Thu Mar 27 16:38:38 2025 [Global] shart-sniffer (Blue): someone better fix it
Thu Mar 27 16:38:39 2025 Imperador (Blue) [Headshot] Sithis (Red)
Thu Mar 27 16:38:41 2025 [Global] Marshmello (Red): shart pls
Thu Mar 27 16:38:42 2025 Noxs joined Blue team
Thu Mar 27 16:38:44 2025 [Global] shart-sniffer (Blue): or it will all fall
Thu Mar 27 16:38:47 2025 Goldorak (Blue) [Headshot] gus (Red)
Thu Mar 27 16:38:49 2025 [Global] Y.O.B.A. (): his reaction on humans changed
Thu Mar 27 16:38:50 2025 Goldorak (Blue) [Headshot] Sithis (Red)
Thu Mar 27 16:38:52 2025 YHAN (Red) [Fall]
Thu Mar 27 16:38:53 2025  This server runs imger and glow. Use /IMG or /GLOW to toggle them.
Thu Mar 27 16:38:54 2025 gus (Red) [Melee] Goldorak (Blue)
Thu Mar 27 16:39:00 2025 [Global] Marshmello (Red): yeah
Thu Mar 27 16:39:01 2025 Qult--- (Blue) [Rifle] Born (Red)
Thu Mar 27 16:39:02 2025 [Global] Y.O.B.A. (): he tasted blood
Thu Mar 27 16:39:03 2025 amirabbas joined Blue team
Thu Mar 27 16:39:17 2025 [Global] shart-sniffer (Blue): at the very bottom guys
Thu Mar 27 16:39:18 2025 [Global] beppo (Red): so did i when i went down on my girl during her period 
Thu Mar 27 16:39:19 2025 [Global] beppo (Red): jk
Thu Mar 27 16:39:20 2025 LizardWizard (Blue) [Headshot] Sithis (Red)
Thu Mar 27 16:39:30 2025 [Global] Marshmello (Red): shart let us hav fun
Thu Mar 27 16:39:32 2025 gus (Red) [Headshot] Imperador (Blue)
Thu Mar 27 16:39:43 2025 [Global] shart-sniffer (Blue): wdym
Thu Mar 27 16:39:43 2025 Sithis picked up Blue's Intel.
Thu Mar 27 16:39:46 2025 Bread Orc (Blue) [SMG] gus (Red)
Thu Mar 27 16:39:53 2025  Use /EMOTE to draw an emote on the map!
Thu Mar 27 16:39:54 2025 [Global] Marshmello (Red): idk it happens only once a while
Thu Mar 27 16:39:54 2025 [Global] Y.O.B.A. (): hello calypso
Thu Mar 27 16:39:58 2025 DenilsonNavarro (Red) [Melee] shart-sniffer (Blue)
Thu Mar 27 16:39:58 2025 [Global] Marshmello (Red): like cutting all of this
Thu Mar 27 16:39:59 2025 [Global] beppo (Red): hey yoba
Thu Mar 27 16:40:00 2025 [Global] shart-sniffer (Blue): ur welcome to try 
Thu Mar 27 16:40:00 2025 Qult--- (Blue) [Headshot] Born (Red)
Thu Mar 27 16:40:03 2025 Sithis captured Blue's Intel.
Thu Mar 27 16:40:05 2025 Harry (Blue) [Headshot] sznupix (Red)
Thu Mar 27 16:40:13 2025 [Global] olympian (Red): yeah shart stop snitchin
Thu Mar 27 16:40:17 2025 Qult--- (Blue) [Headshot] Born (Red)
Thu Mar 27 16:40:18 2025 [Global] Marshmello (Red): yes
Thu Mar 27 16:40:19 2025 LizardWizard (Blue) [Headshot] Sithis (Red)
Thu Mar 27 16:40:22 2025 [Global] Y.O.B.A. (): how u doin beppo?
Thu Mar 27 16:40:26 2025 Qult--- (Blue) [Headshot] YHAN (Red)
Thu Mar 27 16:40:33 2025 Born (Red) [SMG] Qult--- (Blue)
Thu Mar 27 16:40:37 2025 [Global] beppo (Red): pretty good but i still need a job :(
Thu Mar 27 16:40:40 2025 YHAN (Red) [Headshot] Goldorak (Blue)
Thu Mar 27 16:40:41 2025 LizardWizard (Blue) [SMG] Sithis (Red)
Thu Mar 27 16:40:42 2025 [Team] shart-sniffer (Blue): ON THE VERY BOTTOM, 3 DIGGERS, ALL WILL FALL
Thu Mar 27 16:40:44 2025 beppo (Red) [Headshot] amirabbas (Blue)
Thu Mar 27 16:40:46 2025 LizardWizard (Blue) [Headshot] beppo (Red)
Thu Mar 27 16:40:49 2025 [Global] Y.O.B.A. (): you will find it
Thu Mar 27 16:40:53 2025 [Global] beppo (Red): bless
Thu Mar 27 16:40:53 2025  Use /HEAVEN to paint the babel platform!
Thu Mar 27 16:40:54 2025 [Global] beppo (Red): thank you
Thu Mar 27 16:40:57 2025 sznupix (Red) [SMG] Imperador (Blue)
Thu Mar 27 16:40:58 2025 [Global] Marshmello (Red): shart help us
Thu Mar 27 16:41:01 2025 [Global] shart-sniffer (Blue): can specs see team chat?
Thu Mar 27 16:41:04 2025 Qult--- (Blue) [Headshot] Sithis (Red)
Thu Mar 27 16:41:05 2025 [Global] beppo (Red): nah
Thu Mar 27 16:41:11 2025 [Global] Y.O.B.A. (): thank YOU:)
Thu Mar 27 16:41:14 2025 Goldorak (Blue) [Headshot] Marshmello (Red)
Thu Mar 27 16:41:16 2025 Born (Red) [SMG] Harry (Blue)
Thu Mar 27 16:41:18 2025 [Global] Marshmello (Red): come on gold
Thu Mar 27 16:41:26 2025 Imperador (Blue) [Headshot] sznupix (Red)
Thu Mar 27 16:41:27 2025 beppo (Red) [Headshot] LizardWizard (Blue)
Thu Mar 27 16:41:28 2025 Qult--- (Blue) [Headshot] Sithis (Red)
Thu Mar 27 16:41:29 2025 [Global] Marshmello (Red): dont block it
Thu Mar 27 16:41:30 2025 beppo (Red) [Headshot] Noxs (Blue)
Thu Mar 27 16:41:33 2025 shart-sniffer (Blue) [SMG] gus (Red)
Thu Mar 27 16:41:34 2025 shart-sniffer (Blue) [Headshot] DenilsonNavarro (Red)
Thu Mar 27 16:41:42 2025 [Team] Imperador (Blue): HEADSHOT
Thu Mar 27 16:41:44 2025 olympian (Red) [SMG] shart-sniffer (Blue)
Thu Mar 27 16:41:46 2025 [Global] Y.O.B.A. (): dont repair it u meand?
Thu Mar 27 16:41:51 2025 [Global] Marshmello (Red): yeah
Thu Mar 27 16:41:52 2025 LizardWizard (Blue) [Headshot] Sithis (Red)
Thu Mar 27 16:41:52 2025 [Team] shart-sniffer (Blue): no one is killing the diggers
Thu Mar 27 16:41:53 2025  Get a 20 killstreak and 1 intel capture(s) to unlock /APOC!
Thu Mar 27 16:41:57 2025 Qult--- (Blue) [Rifle] sznupix (Red)
Thu Mar 27 16:41:58 2025 beppo (Red) [Headshot] Goldorak (Blue)
Thu Mar 27 16:41:58 2025 [Global] Marshmello (Red): i could do my base but i cant dig here
Thu Mar 27 16:42:06 2025 LizardWizard (Blue) [SMG] YHAN (Red)
Thu Mar 27 16:42:08 2025 Bread Orc (Blue) [Headshot] sznupix (Red)
Thu Mar 27 16:42:09 2025 Sithis (Red) [SMG] Bread Orc (Blue)
Thu Mar 27 16:42:15 2025 [Team] Bread Orc (Blue): they are up
Thu Mar 27 16:42:16 2025 1232 joined Red team
Thu Mar 27 16:42:16 2025 Qult--- (Blue) [Headshot] Sithis (Red)
Thu Mar 27 16:42:23 2025 YHAN (Red) [Fall]
Thu Mar 27 16:42:26 2025 Qult--- (Blue) [Headshot] sznupix (Red)
Thu Mar 27 16:42:38 2025 [Team] shart-sniffer (Blue): im telling you, on the very bottom floor there are 3 diggers, and the entire thing will collapse
Thu Mar 27 16:42:38 2025 Bread Orc (Blue) [SMG] Sithis (Red)
Thu Mar 27 16:42:50 2025 Qult--- (Blue) [Headshot] Born (Red)
Thu Mar 27 16:42:50 2025 Marshmello (Red) [Headshot] Goldorak (Blue)
Thu Mar 27 16:42:52 2025 Qult--- (Blue) [Headshot] YHAN (Red)
Thu Mar 27 16:42:52 2025 Bread Orc picked up Red's Intel.
Thu Mar 27 16:42:53 2025  Capture your team's 5th intel to unlock /APOC for your team's best builder!
Thu Mar 27 16:42:58 2025 Bread Orc dropped Red's Intel
Thu Mar 27 16:42:58 2025 beppo (Red) [SMG] Bread Orc (Blue)
Thu Mar 27 16:43:01 2025 Imperador (Blue) [SMG]
Thu Mar 27 16:43:02 2025 beppo (Red) [Headshot] Goldorak (Blue)
Thu Mar 27 16:43:02 2025 Qult--- (Blue) [Headshot] Sithis (Red)
Thu Mar 27 16:43:04 2025 beppo (Red) [SMG] Bread Orc (Blue)
Thu Mar 27 16:43:08 2025 Qult--- (Blue) [Headshot] sznupix (Red)
Thu Mar 27 16:43:10 2025 beppo (Red) [SMG] MR (Blue)
Thu Mar 27 16:43:16 2025 beppo (Red) [Grenade] Goldorak (Blue)
Thu Mar 27 16:43:21 2025 [Global] Y.O.B.A. (): im drinked a lot of vodka yesterday and bought new smartphone
Thu Mar 27 16:43:26 2025 Qult--- (Blue) [Headshot] Sithis (Red)
Thu Mar 27 16:43:28 2025 [Global] Y.O.B.A. (): i dont remember how
Thu Mar 27 16:43:30 2025 [Global] beppo (Red): which one>
Thu Mar 27 16:43:31 2025 [Global] Marshmello (Red): aye cheers
Thu Mar 27 16:43:32 2025 Bread Orc picked up Red's Intel.
Thu Mar 27 16:43:35 2025 [Global] beppo (Red): LOL bought one when drunk
Thu Mar 27 16:43:39 2025 beppo (Red) [Headshot] Goldorak (Blue)
Thu Mar 27 16:43:40 2025 [Global] Y.O.B.A. (): xiaomi redmi 14c
Thu Mar 27 16:43:43 2025 [Global] beppo (Red): oo
Thu Mar 27 16:43:43 2025 [Global] Y.O.B.A. (): idk why
Thu Mar 27 16:43:45 2025 Bread Orc captured Red's Intel.
Thu Mar 27 16:43:51 2025 LizardWizard (Blue) [Headshot] Sithis (Red)
Thu Mar 27 16:43:53 2025  Mahalo for playing aloha.pk tower of babel
Thu Mar 27 16:43:54 2025 [Global] Marshmello (Red): better than iphone
Thu Mar 27 16:43:55 2025 beppo (Red) [Headshot] LizardWizard (Blue)
Thu Mar 27 16:44:00 2025 beppo (Red) [Headshot] Noxs (Blue)
Thu Mar 27 16:44:00 2025 Qult--- (Blue) [Headshot] YHAN (Red)
Thu Mar 27 16:44:03 2025 beppo (Red) [SMG] Harry (Blue)
Thu Mar 27 16:44:03 2025 LizardWizard (Blue) [Headshot] beppo (Red)
Thu Mar 27 16:44:04 2025 Qult--- (Blue) [Headshot] gus (Red)
Thu Mar 27 16:44:05 2025 Qult--- (Blue) [Headshot] sznupix (Red)
Thu Mar 27 16:44:06 2025 Imperador (Blue) [Fall]
Thu Mar 27 16:44:17 2025 LizardWizard (Blue) [SMG] Sithis (Red)
Thu Mar 27 16:44:18 2025 Goldorak (Blue) [Headshot] vecio98 (Red)
Thu Mar 27 16:44:20 2025 [Global] Y.O.B.A. (): iphones are for rich bitch
Thu Mar 27 16:44:20 2025 Marshmello (Red) [Headshot] Goldorak (Blue)
Thu Mar 27 16:44:21 2025 [Team] Imperador (Blue): advance force
Thu Mar 27 16:44:23 2025 Player Sithis has left
Thu Mar 27 16:44:24 2025 Pepo333 joined Blue team
Thu Mar 27 16:44:25 2025 Bread Orc picked up Red's Intel.
Thu Mar 27 16:44:28 2025 [Team] Goldorak (Blue): they are cutting our bottom floor
Thu Mar 27 16:44:28 2025 Bread Orc (Blue) [SMG] sznupix (Red)
Thu Mar 27 16:44:29 2025 Bread Orc dropped Red's Intel
Thu Mar 27 16:44:29 2025 Born (Red) [SMG] Bread Orc (Blue)
Thu Mar 27 16:44:29 2025 [Global] Marshmello (Red): giv up golds
Thu Mar 27 16:44:38 2025 [Team] Goldorak (Blue): HELP DOWNSTAIRS
Thu Mar 27 16:44:38 2025 Qult--- (Blue) [Headshot] Born (Red)
Thu Mar 27 16:44:43 2025 LizardWizard (Blue) [Headshot] vecio98 (Red)
Thu Mar 27 16:44:44 2025 [Global] shart-sniffer (Blue): gold ik
Thu Mar 27 16:44:50 2025 Neneh joined Red team
Thu Mar 27 16:44:53 2025 Qult--- (Blue) [Headshot] sznupix (Red)
Thu Mar 27 16:44:53 2025  Build a tower to get the enemy's intel. Take it to your team's tent to win!
Thu Mar 27 16:44:55 2025 Qult--- (Blue) [Headshot] gus (Red)
Thu Mar 27 16:44:59 2025 Bread Orc picked up Red's Intel.
Thu Mar 27 16:45:00 2025 YHAN (Red) [Headshot] Qult--- (Blue)
Thu Mar 27 16:45:03 2025 Goldorak (Blue) [SMG] olympian (Red)
Thu Mar 27 16:45:04 2025 vecio98 (Red) [SMG] Pepo333 (Blue)
Thu Mar 27 16:45:09 2025 [Global] beppo (Red): they can cap 10 faster than we can break this tbh
Thu Mar 27 16:45:17 2025 Neneh (Red) [Headshot] Harry (Blue)
Thu Mar 27 16:45:20 2025 LizardWizard (Blue) [Headshot] sznupix (Red)
Thu Mar 27 16:45:21 2025 Neneh (Red) [Headshot] Imperador (Blue)
Thu Mar 27 16:45:24 2025 beppo (Red) [SMG] Goldorak (Blue)
Thu Mar 27 16:45:24 2025 Bread Orc captured Red's Intel.
Thu Mar 27 16:45:25 2025 shart-sniffer (Blue) [Headshot] DenilsonNavarro (Red)
Thu Mar 27 16:45:27 2025 vecio98 (Red) [Headshot] amirabbas (Blue)
Thu Mar 27 16:45:28 2025 Qult--- (Blue) [Headshot] vecio98 (Red)
Thu Mar 27 16:45:28 2025 shart-sniffer (Blue) [Headshot] Marshmello (Red)
Thu Mar 27 16:45:30 2025 Qult--- (Blue) [Headshot] gus (Red)
Thu Mar 27 16:45:30 2025 [Team] Goldorak (Blue): HELP DOWN STAIRS
Thu Mar 27 16:45:31 2025 [Global] Marshmello (Red): come on
Thu Mar 27 16:45:34 2025 [Global] Y.O.B.A. (): break it for help them :D
Thu Mar 27 16:45:36 2025 [Global] shart-sniffer (Blue): i fucked up their bridges
Thu Mar 27 16:45:37 2025 amirabbas (Blue) [Team Change]
Thu Mar 27 16:45:39 2025 [Global] shart-sniffer (Blue): both of them
Thu Mar 27 16:45:39 2025 Qult--- (Blue) [Headshot] Neneh (Red)
Thu Mar 27 16:45:41 2025 Noxs picked up Red's Intel.
Thu Mar 27 16:45:44 2025 Noxs dropped Red's Intel
Thu Mar 27 16:45:44 2025 sznupix (Red) [Headshot] Noxs (Blue)
Thu Mar 27 16:45:44 2025 Pepo333 (Blue) [SMG] sznupix (Red)
Thu Mar 27 16:45:45 2025 [Global] Marshmello (Red): okay cyall
Thu Mar 27 16:45:46 2025 Pepo333 picked up Red's Intel.
Thu Mar 27 16:45:47 2025 Pepo333 dropped Red's Intel
Thu Mar 27 16:45:47 2025 Born (Red) [SMG] Pepo333 (Blue)
Thu Mar 27 16:45:47 2025 Born (Red) [SMG] Bread Orc (Blue)
Thu Mar 27 16:45:48 2025 amirabbas joined Red team
Thu Mar 27 16:45:48 2025 [Global] olympian (Red): gg
Thu Mar 27 16:45:48 2025 [Global] Y.O.B.A. (): bb
Thu Mar 27 16:45:51 2025 Qult--- (Blue) [Headshot] 1232 (Red)
Thu Mar 27 16:45:51 2025 Goldorak (Blue) [Headshot] beppo (Red)
Thu Mar 27 16:45:51 2025 [Global] shart-sniffer (Blue): it will stop them for a while
Thu Mar 27 16:45:51 2025 Player Marshmello has left
Thu Mar 27 16:45:51 2025 Harry (Blue) [Headshot] YHAN (Red)
Thu Mar 27 16:45:52 2025 [Global] beppo (Red): gg
Thu Mar 27 16:45:53 2025  Type /HELP for info & commands
Thu Mar 27 16:45:55 2025 Player olympian has left
Thu Mar 27 16:45:55 2025 [Global] beppo (Red): brb
Thu Mar 27 16:45:57 2025 Player beppo has left
Thu Mar 27 16:46:02 2025 Qult--- (Blue) [Headshot] sznupix (Red)
Thu Mar 27 16:46:03 2025 Imperador (Blue) [Headshot] DenilsonNavarro (Red)
Thu Mar 27 16:46:07 2025 Bread Orc picked up Red's Intel.
Thu Mar 27 16:46:11 2025 Bread Orc dropped Red's Intel
Thu Mar 27 16:46:11 2025 vecio98 (Red) [Headshot] Bread Orc (Blue)
Thu Mar 27 16:46:12 2025 Noxs picked up Red's Intel.
Thu Mar 27 16:46:12 2025 Noxs dropped Red's Intel
Thu Mar 27 16:46:12 2025  The intel has returned to the heavens
Thu Mar 27 16:46:12 2025 Neneh (Red) [Headshot] Noxs (Blue)
Thu Mar 27 16:46:15 2025 Neneh (Red) [Headshot] MR (Blue)
Thu Mar 27 16:46:16 2025 Qult--- (Blue) [Headshot] vecio98 (Red)
Thu Mar 27 16:46:17 2025 Neneh (Red) [Headshot] Pepo333 (Blue)
Thu Mar 27 16:46:24 2025 [Team] Imperador (Blue): denilson br ?
Thu Mar 27 16:46:25 2025 Qult--- (Blue) [Headshot] amirabbas (Red)
Thu Mar 27 16:46:26 2025 Qult--- (Blue) [Headshot] sznupix (Red)
Thu Mar 27 16:46:27 2025 Neneh (Red) [Headshot] Qult--- (Blue)
Thu Mar 27 16:46:31 2025 Bread Orc picked up Red's Intel.
Thu Mar 27 16:46:33 2025 1232 (Red) [Fall]
Thu Mar 27 16:46:34 2025 Bread Orc dropped Red's Intel
Thu Mar 27 16:46:34 2025 Born (Red) [SMG] Bread Orc (Blue)
Thu Mar 27 16:46:37 2025 Harry (Blue) [Headshot] DenilsonNavarro (Red)
Thu Mar 27 16:46:37 2025 Neneh (Red) [Headshot] Pepo333 (Blue)
Thu Mar 27 16:46:40 2025 YHAN (Red) [Headshot] Imperador (Blue)
Thu Mar 27 16:46:44 2025 Neneh (Red) [Headshot] Noxs (Blue)
Thu Mar 27 16:46:45 2025 Born (Red) [Headshot] LizardWizard (Blue)
Thu Mar 27 16:46:50 2025 Qult--- (Blue) [Headshot] sznupix (Red)
Thu Mar 27 16:46:50 2025 vecio98 (Red) [Fall]
Thu Mar 27 16:46:51 2025 [Global] Imperador (Blue): denilson br
Thu Mar 27 16:46:52 2025 Neneh (Red) [Headshot] Bread Orc (Blue)
Thu Mar 27 16:46:53 2025  Visit our community forums at https://aloha.pk/
Thu Mar 27 16:46:56 2025 You must be closer to the enemy's base to shoot blocks!
Thu Mar 27 16:46:57 2025 You must be closer to the enemy's base to shoot blocks!
Thu Mar 27 16:46:58 2025 Qult--- (Blue) [Headshot] Born (Red)
Thu Mar 27 16:47:00 2025 Neneh (Red) [Headshot] Harry (Blue)
Thu Mar 27 16:47:05 2025 [Global] shart-sniffer (Blue): goldo they're gone
Thu Mar 27 16:47:07 2025 Qult--- (Blue) [Headshot] amirabbas (Red)
Thu Mar 27 16:47:07 2025 Imperador picked up Red's Intel.
Thu Mar 27 16:47:09 2025 YHAN (Red) [Fall]
Thu Mar 27 16:47:10 2025 Neneh (Red) [Rifle] Noxs (Blue)
Thu Mar 27 16:47:11 2025 Qult--- (Blue) [Headshot] DenilsonNavarro (Red)
Thu Mar 27 16:47:13 2025 Imperador dropped Red's Intel
Thu Mar 27 16:47:13 2025 Neneh (Red) [Headshot] Imperador (Blue)
Thu Mar 27 16:47:14 2025 Born (Red) [SMG] Pepo333 (Blue)
Thu Mar 27 16:47:17 2025 Qult--- (Blue) [Headshot] Born (Red)
Thu Mar 27 16:47:20 2025 Qult--- (Blue) [Headshot] 1232 (Red)
Thu Mar 27 16:47:21 2025 MR (Blue) [Grenade]
Thu Mar 27 16:47:22 2025 Bread Orc picked up Red's Intel.
Thu Mar 27 16:47:23 2025 Qult--- (Blue) [Headshot] vecio98 (Red)
Thu Mar 27 16:47:23 2025 [Global] Imperador (Blue): denilson br
Thu Mar 27 16:47:28 2025 Qult--- (Blue) [Headshot] gus (Red)
Thu Mar 27 16:47:31 2025 Neneh (Red) [Headshot] Noxs (Blue)
Thu Mar 27 16:47:31 2025 Qult--- (Blue) [Headshot] amirabbas (Red)
Thu Mar 27 16:47:31 2025 You must be closer to the enemy's base to shoot blocks!
Thu Mar 27 16:47:37 2025 Neneh (Red) [Rifle] Pepo333 (Blue)
Thu Mar 27 16:47:41 2025 Player amirabbas has left
Thu Mar 27 16:47:42 2025 Born (Red) [Headshot] Harry (Blue)
Thu Mar 27 16:47:44 2025 Neneh (Red) [Headshot] Qult--- (Blue)
Thu Mar 27 16:47:47 2025 LizardWizard (Blue) [Headshot] DenilsonNavarro (Red)
Thu Mar 27 16:47:52 2025 Bread Orc captured Red's Intel.
Thu Mar 27 16:47:54 2025  Come chat with us at https://discord.aloha.pk/
Thu Mar 27 16:47:54 2025 Neneh (Red) [Headshot] Noxs (Blue)
Thu Mar 27 16:47:57 2025 Born (Red) [Headshot] Imperador (Blue)
Thu Mar 27 16:47:59 2025 Born (Red) [SMG] MR (Blue)
Thu Mar 27 16:48:01 2025 You must be closer to the enemy's base to shoot blocks!
Thu Mar 27 16:48:03 2025 LizardWizard (Blue) [Headshot] sznupix (Red)
Thu Mar 27 16:48:04 2025 DenilsonNavarro (Red) [Fall]
Thu Mar 27 16:48:09 2025 Born (Red) [Headshot] Pepo333 (Blue)
Thu Mar 27 16:48:10 2025 Neneh (Red) [Headshot] Harry (Blue)
Thu Mar 27 16:48:13 2025 [Global] Imperador (Blue): denilson se prefere a pepe ou a nene
Thu Mar 27 16:48:13 2025 Neneh (Red) [Headshot] Bread Orc (Blue)
Thu Mar 27 16:48:16 2025 shart-sniffer (Blue) [SMG]
Thu Mar 27 16:48:22 2025 Harry (Blue) [Headshot] Born (Red)
Thu Mar 27 16:48:22 2025 Qult--- (Blue) [Headshot] gus (Red)
Thu Mar 27 16:48:23 2025 Qult--- (Blue) [Headshot] 1232 (Red)
Thu Mar 27 16:48:23 2025 [Global] Y.O.B.A. (): pepe
Thu Mar 27 16:48:30 2025 YHAN (Red) [Headshot] Imperador (Blue)
Thu Mar 27 16:48:31 2025 [Team] Imperador (Blue): lol
Thu Mar 27 16:48:34 2025 [Global] Y.O.B.A. (): pepe face
Thu Mar 27 16:48:36 2025 sznupix (Red) [SMG] Pepo333 (Blue)
Thu Mar 27 16:48:37 2025 Qult--- (Blue) [Headshot] vecio98 (Red)
Thu Mar 27 16:48:37 2025 Neneh (Red) [Headshot] shart-sniffer (Blue)
Thu Mar 27 16:48:39 2025 Qult--- (Blue) [Headshot] DenilsonNavarro (Red)
Thu Mar 27 16:48:40 2025 [Global] Bread Orc (Blue): groyper
Thu Mar 27 16:48:46 2025 [Global] Born (Red): For balance
Thu Mar 27 16:48:48 2025 Neneh (Red) [Headshot] Bread Orc (Blue)
Thu Mar 27 16:48:50 2025 Neneh (Red) [Headshot] Harry (Blue)
Thu Mar 27 16:48:53 2025  If you believe a player is breaking the rules, please let us know with /ADMIN
Thu Mar 27 16:48:56 2025 Neneh (Red) [Headshot] MR (Blue)
Thu Mar 27 16:48:56 2025 LizardWizard (Blue) [SMG] Born (Red)
Thu Mar 27 16:48:58 2025 Goldorak (Blue) [SMG]
Thu Mar 27 16:48:58 2025 Qult--- (Blue) [Headshot] sznupix (Red)
Thu Mar 27 16:49:00 2025 Neneh (Red) [Headshot] Imperador (Blue)
Thu Mar 27 16:49:04 2025 Neneh (Red) [Headshot] Pepo333 (Blue)
Thu Mar 27 16:49:06 2025 Noxs (Blue) [Fall]
Thu Mar 27 16:49:07 2025 [Global] Born (Red): Blue gice us 1 player like Quilt for exemple
Thu Mar 27 16:49:08 2025 Qult--- (Blue) [Headshot] vecio98 (Red)
Thu Mar 27 16:49:17 2025 Neneh (Red) [Headshot] Qult--- (Blue)
Thu Mar 27 16:49:20 2025 Imperador (Blue) [Fall]
Thu Mar 27 16:49:27 2025 Neneh (Red) [Headshot] Pepo333 (Blue)
Thu Mar 27 16:49:30 2025  gus has a kill-death ratio of 0.24 (26 kills, 108 deaths, 0.22 kills per minute).
Thu Mar 27 16:49:30 2025  gus removed 1 block in the last 2.0 minutes. Some of them were placed by 1232. Last one
Thu Mar 27 16:49:30 2025  was destroyed 1 minute, 31 seconds ago, and belonged to 1232.
Thu Mar 27 16:49:30 2025  1232 (#19) started a VOTEKICK against gus (#31). Say /Y to agree
Thu Mar 27 16:49:30 2025  Reason: digging under me
Thu Mar 27 16:49:31 2025 Neneh (Red) [Headshot] Bread Orc (Blue)
Thu Mar 27 16:49:35 2025  MR has reached 1000 blocks placed! /heaven unlocked.
Thu Mar 27 16:49:37 2025 Neneh (Red) [Headshot] MR (Blue)
Thu Mar 27 16:49:41 2025 Qult--- (Blue) [Headshot] sznupix (Red)
Thu Mar 27 16:49:45 2025 LizardWizard (Blue) [Headshot] vecio98 (Red)
Thu Mar 27 16:49:46 2025 DenilsonNavarro (Red) [SMG]
Thu Mar 27 16:49:46 2025 [Global] Y.O.B.A. (): dat reason xd
Thu Mar 27 16:49:46 2025 Born (Red) [Headshot] Imperador (Blue)
Thu Mar 27 16:49:50 2025 Neneh (Red) [Headshot] Pepo333 (Blue)
Thu Mar 27 16:49:53 2025  This server runs imger and glow. Use /IMG or /GLOW to toggle them.
Thu Mar 27 16:49:55 2025 Qult--- (Blue) [Headshot] Born (Red)
Thu Mar 27 16:50:00 2025  1232 (#19) is votekicking gus (#31). /Y to vote (9 left)
Thu Mar 27 16:50:00 2025  Reason: digging under me
Thu Mar 27 16:50:02 2025 Harry (Blue) [Headshot] 1232 (Red)
Thu Mar 27 16:50:04 2025 MR (Blue) [Headshot] DenilsonNavarro (Red)
Thu Mar 27 16:50:05 2025 Harry (Blue) [Headshot] sznupix (Red)
Thu Mar 27 16:50:10 2025 MR picked up Red's Intel.
Thu Mar 27 16:50:15 2025 Qult--- (Blue) [Headshot] Born (Red)
Thu Mar 27 16:50:24 2025 [Global] Y.O.B.A. (): u r bad bird, gus
Thu Mar 27 16:50:25 2025 Qult--- (Blue) [Headshot] Neneh (Red)
Thu Mar 27 16:50:26 2025 MR captured Red's Intel.
Thu Mar 27 16:50:26 2025 Qult--- picked up Red's Intel.
Thu Mar 27 16:50:27 2025 YHAN (Red) [Headshot] Bread Orc (Blue)
Thu Mar 27 16:50:27 2025 shart-sniffer (Blue) [Melee] vecio98 (Red)
Thu Mar 27 16:50:29 2025 DenilsonNavarro (Red) [SMG] shart-sniffer (Blue)
Thu Mar 27 16:50:30 2025  1232 (#19) is votekicking gus (#31). /Y to vote (9 left)
Thu Mar 27 16:50:30 2025  Reason: digging under me
Thu Mar 27 16:50:35 2025 Born (Red) [SMG] Imperador (Blue)
Thu Mar 27 16:50:37 2025 [Team] Pepo333 (Blue): TO THE BLOCKS
Thu Mar 27 16:50:38 2025 YHAN (Red) [Headshot] LizardWizard (Blue)
Thu Mar 27 16:50:41 2025 Born (Red) [Headshot] MR (Blue)
Thu Mar 27 16:50:42 2025  With 1777 blocks placed, Bread Orc is granted the right to unleash the apocalypse.
Thu Mar 27 16:50:42 2025 Qult--- captured Red's Intel.
Thu Mar 27 16:50:45 2025 [Global] gus (Red): yoba-san...
Thu Mar 27 16:50:48 2025 [Global] gus (Red): i am an angel
Thu Mar 27 16:50:49 2025 Born picked up Blue's Intel.
Thu Mar 27 16:50:52 2025 YHAN (Red) [Headshot] shart-sniffer (Blue)
Thu Mar 27 16:50:53 2025  Use /EMOTE to draw an emote on the map!
Thu Mar 27 16:50:54 2025 [Global] shart-sniffer (Blue): gus-kun
Thu Mar 27 16:50:58 2025 Qult--- (Blue) [Headshot] sznupix (Red)
Thu Mar 27 16:50:59 2025 LizardWizard (Blue) [SMG] DenilsonNavarro (Red)
Thu Mar 27 16:51:00 2025  1232 (#19) is votekicking gus (#31). /Y to vote (9 left)
Thu Mar 27 16:51:00 2025  Reason: digging under me
Thu Mar 27 16:51:00 2025 Neneh (Red) [Headshot] Qult--- (Blue)
Thu Mar 27 16:51:01 2025 You must be closer to the enemy's base to grenade blocks!
Thu Mar 27 16:51:03 2025 Neneh (Red) [Headshot] Pepo333 (Blue)
Thu Mar 27 16:51:05 2025 Neneh (Red) [Headshot] Bread Orc (Blue)
Thu Mar 27 16:51:06 2025 [Global] Y.O.B.A. (): ok u r bad angel
Thu Mar 27 16:51:08 2025 [Global] Y.O.B.A. (): :P
Thu Mar 27 16:51:08 2025 Born captured Blue's Intel.
Thu Mar 27 16:51:08 2025 LizardWizard (Blue) [SMG] vecio98 (Red)
Thu Mar 27 16:51:09 2025 LizardWizard (Blue) [SMG] 1232 (Red)
Thu Mar 27 16:51:10 2025 Noxs (Blue) [Rifle]
Thu Mar 27 16:51:16 2025 Player Noxs has left
Thu Mar 27 16:51:18 2025 MR picked up Red's Intel.
Thu Mar 27 16:51:21 2025 MR dropped Red's Intel
Thu Mar 27 16:51:21 2025 Born (Red) [SMG] MR (Blue)
Thu Mar 27 16:51:21 2025  DenilsonNavarro (#7) voted YES
Thu Mar 27 16:51:21 2025 shart-sniffer (Blue) [Headshot] gus (Red)
Thu Mar 27 16:51:22 2025 sznupix (Red) [Headshot] shart-sniffer (Blue)
Thu Mar 27 16:51:24 2025 Born (Red) [SMG] Imperador (Blue)
Thu Mar 27 16:51:29 2025 YHAN (Red) [Headshot] LizardWizard (Blue)
Thu Mar 27 16:51:30 2025  Votekick for gus (#31) has ended. Votekick timed out
Thu Mar 27 16:51:31 2025 Qult--- (Blue) [Headshot] Born (Red)
Thu Mar 27 16:51:31 2025 YHAN (Red) [Headshot] Bread Orc (Blue)
Thu Mar 27 16:51:31 2025 Qult--- (Blue) [Headshot] sznupix (Red)
Thu Mar 27 16:51:31 2025 Neneh (Red) [Headshot] Pepo333 (Blue)
Thu Mar 27 16:51:33 2025 Qult--- (Blue) [Headshot] Neneh (Red)
Thu Mar 27 16:51:36 2025 Qult--- (Blue) [Headshot] DenilsonNavarro (Red)
Thu Mar 27 16:51:40 2025 Qult--- picked up Red's Intel.
Thu Mar 27 16:51:44 2025  Bread Orc has unleashed an apocalypse from God.
Thu Mar 27 16:51:46 2025  The apocalypse begins in 5
Thu Mar 27 16:51:47 2025  The apocalypse begins in 4
Thu Mar 27 16:51:48 2025  The apocalypse begins in 3
Thu Mar 27 16:51:49 2025  The apocalypse begins in 2
Thu Mar 27 16:51:50 2025 Goldorak (Blue) [SMG] 1232 (Red)
Thu Mar 27 16:51:50 2025  The apocalypse begins in 1
Thu Mar 27 16:51:51 2025 Bread Orc (Blue) [Grenade]
Thu Mar 27 16:51:52 2025 vecio98 (Red) [SMG] shart-sniffer (Blue)
Thu Mar 27 16:51:52 2025 [Global] Y.O.B.A. (): im jokin, you are the best, gus i like you
Thu Mar 27 16:51:53 2025 Goldorak (Blue) [Headshot] Born (Red)
Thu Mar 27 16:51:53 2025 Neneh (Red) [Grenade] MR (Blue)
Thu Mar 27 16:51:53 2025  Use /HEAVEN to paint the babel platform!
Thu Mar 27 16:51:54 2025 Qult--- captured Red's Intel.
Thu Mar 27 16:51:56 2025 Bread Orc (Blue) [Grenade] gus (Red)
Thu Mar 27 16:51:56 2025 vecio98 (Red) [Fall]
Thu Mar 27 16:51:56 2025 Qult--- (Blue) [Team Change]
Thu Mar 27 16:51:57 2025 Bread Orc (Blue) [Grenade] sznupix (Red)
Thu Mar 27 16:51:57 2025 YHAN (Red) [Headshot] Imperador (Blue)
Thu Mar 27 16:52:00 2025 [Global] Born (Red): ON OUR BRIDGE
Thu Mar 27 16:52:00 2025 LizardWizard (Blue) [Fall]
Thu Mar 27 16:52:00 2025 Qult--- joined Red team
Thu Mar 27 16:52:00 2025 [Global] gus (Red): i like you too <3
Thu Mar 27 16:52:02 2025  Harry has reached 1000 blocks placed! /heaven unlocked.
Thu Mar 27 16:52:02 2025 Type /heavenlist to view available images. /heaven <name> to confirm.
Thu Mar 27 16:52:02 2025 Want your country's flag instead? Type /heaven country (or any alpha-2 code)
Thu Mar 27 16:52:05 2025 [Global] Y.O.B.A. (): <3
Thu Mar 27 16:52:05 2025 . joined Blue team
Thu Mar 27 16:52:07 2025  The apocalypse has ended.
Thu Mar 27 16:52:11 2025 Neneh (Red) [Headshot] Pepo333 (Blue)
Thu Mar 27 16:52:15 2025 Neneh (Red) [Rifle] LizardWizard (Blue)
Thu Mar 27 16:52:20 2025 You must be closer to the enemy's base to shoot blocks!
Thu Mar 27 16:52:22 2025 Player LizardWizard has left
Thu Mar 27 16:52:24 2025 Neneh (Red) [Rifle] . (Blue)
Thu Mar 27 16:52:25 2025 Harry (Blue) [Headshot] sznupix (Red)
Thu Mar 27 16:52:26 2025 Qult--- (Red) [Team Change]
Thu Mar 27 16:52:30 2025 Pepo333 (Blue) [Fall]
Thu Mar 27 16:52:32 2025 Born (Red) [Fall]
Thu Mar 27 16:52:35 2025 Neneh (Red) [Headshot] MR (Blue)
Thu Mar 27 16:52:36 2025 Qult--- joined Spectator team
Thu Mar 27 16:52:39 2025 [Global] Y.O.B.A. (): wow platform has so big holes rn
Thu Mar 27 16:52:40 2025 Neneh (Red) [Rifle] Imperador (Blue)
Thu Mar 27 16:52:41 2025 Harry (Blue) [Headshot] Neneh (Red)
Thu Mar 27 16:52:45 2025 PixelPizza joined Spectator team
Thu Mar 27 16:52:47 2025 vecio98 (Red) [Fall]
Thu Mar 27 16:52:51 2025 DenilsonNavarro (Red) [Fall]
Thu Mar 27 16:52:52 2025 [Global] Pepo333 (Blue): shot an die
Thu Mar 27 16:52:53 2025 MR (Blue) [SMG] gus (Red)
Thu Mar 27 16:52:53 2025  Get a 20 killstreak and 1 intel capture(s) to unlock /APOC!
Thu Mar 27 16:53:01 2025 Harry (Blue) [Headshot] Neneh (Red)
Thu Mar 27 16:53:02 2025 YHAN (Red) [Rifle] Bread Orc (Blue)
Thu Mar 27 16:53:07 2025 Born (Red) [Headshot] MR (Blue)
Thu Mar 27 16:53:08 2025 Imperador (Blue) [Fall]
Thu Mar 27 16:53:08 2025 Pepo333 (Blue) [Headshot] Born (Red)
Thu Mar 27 16:53:09 2025 [Global] Y.O.B.A. (): like Kurt Cobain?
Thu Mar 27 16:53:09 2025 Harry (Blue) [Headshot] 1232 (Red)
Thu Mar 27 16:53:12 2025 DenilsonNavarro (Red) [Fall]
Thu Mar 27 16:53:12 2025 [Global] Bread Orc (Blue): water looks like lentil soup
Thu Mar 27 16:53:20 2025 Goldorak (Blue) [SMG] sznupix (Red)
Thu Mar 27 16:53:22 2025 Neneh (Red) [Headshot] Goldorak (Blue)
Thu Mar 27 16:53:24 2025 Harry (Blue) [Headshot] gus (Red)
Thu Mar 27 16:53:26 2025 YHAN (Red) [Headshot] MR (Blue)
Thu Mar 27 16:53:30 2025 Harry (Blue) [Rifle] vecio98 (Red)
Thu Mar 27 16:53:31 2025 SimplyLeo joined Blue team
Thu Mar 27 16:53:33 2025 1232 (Red) [Headshot] Imperador (Blue)
Thu Mar 27 16:53:34 2025 Neneh (Red) [Headshot] Pepo333 (Blue)
Thu Mar 27 16:53:38 2025 [Global] Y.O.B.A. (): г рфму ещ уфе щкс г фку ргтпкн Ж3
Thu Mar 27 16:53:45 2025 Harry (Blue) [Headshot] 1232 (Red)
Thu Mar 27 16:53:48 2025 Neneh (Red) [Headshot] Bread Orc (Blue)
Thu Mar 27 16:53:49 2025 [Global] Y.O.B.A. (): u have to eat orc u r hungry :3
Thu Mar 27 16:53:49 2025 Only 10 more kills in your killstreak until you unlock the apocalypse!
Thu Mar 27 16:53:49 2025 You need 1 intel capture(s) to unlock the apocalypse!
Thu Mar 27 16:53:49 2025 Harry (Blue) [Headshot] Neneh (Red)
Thu Mar 27 16:53:50 2025 [Global] Imperador (Blue): privet yobva
Thu Mar 27 16:53:50 2025 You must be closer to the enemy's base to shoot blocks!
Thu Mar 27 16:53:53 2025  Capture your team's 5th intel to unlock /APOC for your team's best builder!
Thu Mar 27 16:53:55 2025 [Global] Y.O.B.A. (): privet
Thu Mar 27 16:53:56 2025 Born (Red) [SMG] Harry (Blue)
Thu Mar 27 16:54:04 2025 vecio98 (Red) [Fall]
Thu Mar 27 16:54:05 2025 Born (Red) [Headshot] SimplyLeo (Blue)
Thu Mar 27 16:54:07 2025 Born (Red) [SMG] Pepo333 (Blue)
Thu Mar 27 16:54:08 2025 YHAN (Red) [Headshot] Bread Orc (Blue)
Thu Mar 27 16:54:09 2025 kingdiddy joined Spectator team
Thu Mar 27 16:54:14 2025 Neneh (Red) [Fall]
Thu Mar 27 16:54:21 2025 [Global] gus (Red): so how are supposed to get the intel?
Thu Mar 27 16:54:25 2025 Harry (Blue) [Headshot] sznupix (Red)
Thu Mar 27 16:54:26 2025 [Global] gus (Red): we*
Thu Mar 27 16:54:34 2025 YHAN (Red) [Headshot] Bread Orc (Blue)
Thu Mar 27 16:54:39 2025 [Global] Born (Red): i got 1
Thu Mar 27 16:54:45 2025 [Global] Born (Red): your turn now
Thu Mar 27 16:54:47 2025 Harry (Blue) [Rifle] gus (Red)
Thu Mar 27 16:54:50 2025 Neneh (Red) [Headshot] Goldorak (Blue)
Thu Mar 27 16:54:51 2025 Pepo333 (Blue) [Fall]
Thu Mar 27 16:54:53 2025  Mahalo for playing aloha.pk tower of babel
Thu Mar 27 16:54:54 2025 [Global] Y.O.B.A. (): u guys can do a bridge under plat
Thu Mar 27 16:54:54 2025 shart-sniffer (Blue) [Headshot] gus (Red)
Thu Mar 27 16:54:54 2025 Harry (Blue) [Headshot] 1232 (Red)
Thu Mar 27 16:54:54 2025 vecio98 (Red) [SMG] Imperador (Blue)
Thu Mar 27 16:54:56 2025 shart-sniffer (Blue) [Headshot] sznupix (Red)
Thu Mar 27 16:54:57 2025 shart-sniffer (Blue) [Headshot] Neneh (Red)
Thu Mar 27 16:55:01 2025 Bread Orc picked up Red's Intel.
Thu Mar 27 16:55:03 2025 Bread Orc dropped Red's Intel
Thu Mar 27 16:55:03 2025 Born (Red) [SMG] Bread Orc (Blue)
Thu Mar 27 16:55:05 2025 Harry (Blue) [Headshot] DenilsonNavarro (Red)
Thu Mar 27 16:55:06 2025 m joined Spectator team
Thu Mar 27 16:55:06 2025 Neneh (Red) [Headshot] shart-sniffer (Blue)
Thu Mar 27 16:55:07 2025 [Global] Y.O.B.A. (): brave orc
Thu Mar 27 16:55:13 2025 Harry (Blue) [Headshot] sznupix (Red)
Thu Mar 27 16:55:15 2025 [Team] Imperador (Blue): You like Tea or Coffee
Thu Mar 27 16:55:23 2025 [Global] Bread Orc (Blue): both together
Thu Mar 27 16:55:24 2025 Born (Red) [Headshot] Pepo333 (Blue)
Thu Mar 27 16:55:24 2025 Player kingdiddy has left
Thu Mar 27 16:55:29 2025 You must be closer to the enemy's base to shoot blocks!
Thu Mar 27 16:55:36 2025 gus (Red) [Headshot] shart-sniffer (Blue)
Thu Mar 27 16:55:37 2025 Player m has left
Thu Mar 27 16:55:39 2025 Bread Orc (Blue) [Fall]
Thu Mar 27 16:55:40 2025 YHAN (Red) [Fall]
Thu Mar 27 16:55:40 2025 SimplyLeo (Blue) [SMG] 1232 (Red)
Thu Mar 27 16:55:42 2025 [Global] shart-sniffer (Blue): heaven should look like this by default
Thu Mar 27 16:55:46 2025 DenilsonNavarro (Red) [Fall]
Thu Mar 27 16:55:47 2025 vecio98 (Red) [Fall]
Thu Mar 27 16:55:51 2025 Neneh (Red) [Headshot] Harry (Blue)
Thu Mar 27 16:55:53 2025  Build a tower to get the enemy's intel. Take it to your team's tent to win!
Thu Mar 27 16:55:54 2025 Neneh (Red) [Headshot] Imperador (Blue)
Thu Mar 27 16:55:57 2025 Neneh (Red) [Headshot] shart-sniffer (Blue)
Thu Mar 27 16:55:59 2025 SimplyLeo (Blue) [Headshot] Born (Red)
Thu Mar 27 16:56:00 2025 YHAN (Red) [Fall]
Thu Mar 27 16:56:11 2025 [Global] Y.O.B.A. (): it would be hard for newbies  sniffer
Thu Mar 27 16:56:12 2025 Qult--- joined Blue team
Thu Mar 27 16:56:13 2025 sznupix (Red) [SMG] Bread Orc (Blue)
Thu Mar 27 16:56:18 2025 . (Blue) [Fall]
Thu Mar 27 16:56:19 2025 Neneh (Red) [Headshot] Imperador (Blue)
Thu Mar 27 16:56:25 2025 Qult--- (Blue) [Headshot] 1232 (Red)
Thu Mar 27 16:56:26 2025 SimplyLeo (Blue) [Headshot] vecio98 (Red)
Thu Mar 27 16:56:27 2025 Player . has left
Thu Mar 27 16:56:27 2025 gus (Red) [Headshot] Pepo333 (Blue)
Thu Mar 27 16:56:28 2025 [Global] Y.O.B.A. (): and ppl wouldnt play aloha anymore
Thu Mar 27 16:56:29 2025 shart-sniffer (Blue) [Fall]
Thu Mar 27 16:56:32 2025 You must be closer to the enemy's base to shoot blocks!
Thu Mar 27 16:56:37 2025 kingdiddy joined Red team
Thu Mar 27 16:56:40 2025 Goldorak (Blue) [SMG] kingdiddy (Red)
Thu Mar 27 16:56:42 2025 Goldorak (Blue) [SMG] vecio98 (Red)
Thu Mar 27 16:56:47 2025 Neneh (Red) [Headshot] Harry (Blue)
Thu Mar 27 16:56:51 2025 Qult--- (Blue) [Fall]
Thu Mar 27 16:56:51 2025 VVVVVVVVVVVVVVV joined Spectator team
Thu Mar 27 16:56:51 2025 sznupix (Red) [Headshot] MR (Blue)
Thu Mar 27 16:56:53 2025 DenilsonNavarro (Red) [SMG]
Thu Mar 27 16:56:53 2025  Type /HELP for info & commands
Thu Mar 27 16:56:55 2025 kingdiddy (Red) [Fall]
Thu Mar 27 16:56:55 2025 vecio98 (Red) [Headshot] Goldorak (Blue)
Thu Mar 27 16:57:04 2025 sznupix (Red) [Headshot] shart-sniffer (Blue)
Thu Mar 27 16:57:04 2025 1232 (Red) [Fall]
Thu Mar 27 16:57:05 2025 You must be closer to the enemy's base to shoot blocks!
Thu Mar 27 16:57:08 2025 Player shart-sniffer has left
Thu Mar 27 16:57:09 2025 You must be closer to the enemy's base to shoot blocks!
Thu Mar 27 16:57:10 2025 Neneh (Red) [Headshot] Pepo333 (Blue)
Thu Mar 27 16:57:11 2025 [Global] VVVVVVVVVVVVVVV (): forceheaven
Thu Mar 27 16:57:13 2025 Harry (Blue) [Headshot] Born (Red)
Thu Mar 27 16:57:18 2025  1232 has reached 1000 blocks placed! /heaven unlocked.
Thu Mar 27 16:57:24 2025 gus (Red) [Headshot] Bread Orc (Blue)
Thu Mar 27 16:57:25 2025 You must be closer to the enemy's base to shoot blocks!
Thu Mar 27 16:57:25 2025 Qult--- (Blue) [Weapon Change]
Thu Mar 27 16:57:26 2025 SimplyLeo (Blue) [SMG] YHAN (Red)
Thu Mar 27 16:57:27 2025 You must be closer to the enemy's base to shoot blocks!
Thu Mar 27 16:57:30 2025 sznupix (Red) [SMG] Pepo333 (Blue)
Thu Mar 27 16:57:34 2025 Paintdog joined Red team
Thu Mar 27 16:57:37 2025 Harry (Blue) [Headshot] sznupix (Red)
Thu Mar 27 16:57:39 2025 [Global] Y.O.B.A. (): oh its repairin
Thu Mar 27 16:57:47 2025 SimplyLeo (Blue) [SMG] vecio98 (Red)
Thu Mar 27 16:57:48 2025 [Global] Y.O.B.A. (): yay its like new one
Thu Mar 27 16:57:49 2025 Harry (Blue) [Headshot] gus (Red)
Thu Mar 27 16:57:50 2025 Player vecio98 has left
Thu Mar 27 16:57:51 2025 kingdiddy (Red) [Fall]
Thu Mar 27 16:57:52 2025 Neneh (Red) [Headshot] Bread Orc (Blue)
Thu Mar 27 16:57:53 2025  Visit our community forums at https://aloha.pk/
Thu Mar 27 16:57:55 2025 Qult--- (Blue) [Team Change]
Thu Mar 27 16:57:57 2025 Neneh (Red) [Headshot] Pepo333 (Blue)
Thu Mar 27 16:58:00 2025 Qult--- joined Red team
Thu Mar 27 16:58:04 2025 Harry (Blue) [Rifle] Paintdog (Red)
Thu Mar 27 16:58:07 2025 Neneh (Red) [Headshot] Harry (Blue)
Thu Mar 27 16:58:07 2025 [Team] Pepo333 (Blue): help me man
Thu Mar 27 16:58:10 2025 Neneh (Red) [Headshot] MR (Blue)
Thu Mar 27 16:58:10 2025 Goldorak (Blue) [Headshot] 1232 (Red)
Thu Mar 27 16:58:12 2025 YHAN (Red) [Fall]
Thu Mar 27 16:58:14 2025 [Global] Pepo333 (Blue): ¡¡¡
Thu Mar 27 16:58:17 2025 [Global] Harry (Blue): balancwe
Thu Mar 27 16:58:20 2025 sznupix (Red) [SMG] Bread Orc (Blue)
Thu Mar 27 16:58:23 2025 Qult--- picked up Blue's Intel.
Thu Mar 27 16:58:27 2025 Neneh (Red) [Rifle] Pepo333 (Blue)
Thu Mar 27 16:58:33 2025 Player Imperador has left
Thu Mar 27 16:58:36 2025 MR (Blue) [Headshot] Paintdog (Red)
Thu Mar 27 16:58:38 2025 Born (Red) [Headshot] SimplyLeo (Blue)
Thu Mar 27 16:58:40 2025 Qult--- captured Blue's Intel.
Thu Mar 27 16:58:43 2025 [Global] Y.O.B.A. (): now its -4 for blue
Thu Mar 27 16:58:43 2025 Neneh (Red) [Headshot] MR (Blue)
Thu Mar 27 16:58:43 2025 You must be closer to the enemy's base to shoot blocks!
Thu Mar 27 16:58:46 2025 DenilsonNavarro (Red) [SMG]
Thu Mar 27 16:58:46 2025 Born (Red) [Headshot] Goldorak (Blue)
Thu Mar 27 16:58:47 2025 Harry (Blue) [Headshot] Neneh (Red)
Thu Mar 27 16:58:49 2025 Harry (Blue) [Headshot] Paintdog (Red)
Thu Mar 27 16:58:50 2025 [Global] Goldorak (Blue): bad born
Thu Mar 27 16:58:52 2025 Player DenilsonNavarro has left
Thu Mar 27 16:58:53 2025  Come chat with us at https://discord.aloha.pk/
Thu Mar 27 16:58:54 2025 Player VVVVVVVVVVVVVVV has left
Thu Mar 27 16:58:56 2025 Pepo333 picked up Red's Intel.
Thu Mar 27 16:58:56 2025 Pepo333 dropped Red's Intel
Thu Mar 27 16:58:56 2025 kingdiddy (Red) [SMG] Pepo333 (Blue)
Thu Mar 27 16:58:59 2025 Harry (Blue) [Headshot] gus (Red)
Thu Mar 27 16:59:00 2025 Bread Orc (Blue) [Headshot] 1232 (Red)
Thu Mar 27 16:59:02 2025 [Global] Y.O.B.A. (): -3
Thu Mar 27 16:59:04 2025 Harry (Blue) [Headshot] kingdiddy (Red)
Thu Mar 27 16:59:08 2025 Player kingdiddy has left
Thu Mar 27 16:59:10 2025 Neneh (Red) [Headshot] MR (Blue)
Thu Mar 27 16:59:11 2025 Bread Orc (Blue) [Headshot] Paintdog (Red)
Thu Mar 27 16:59:12 2025 [Global] Y.O.B.A. (): -2
Thu Mar 27 16:59:12 2025 Neneh (Red) [Headshot] SimplyLeo (Blue)
Thu Mar 27 16:59:17 2025 Neneh (Red) [Headshot] Pepo333 (Blue)
Thu Mar 27 16:59:27 2025 Harry (Blue) [Rifle] Paintdog (Red)
Thu Mar 27 16:59:27 2025 [Global] Y.O.B.A. (): no need balance imo
Thu Mar 27 16:59:29 2025 Neneh (Red) [Headshot] MR (Blue)
Thu Mar 27 16:59:36 2025 ^w^ joined Blue team
Thu Mar 27 16:59:39 2025 SimplyLeo (Blue) [Headshot] gus (Red)
Thu Mar 27 16:59:43 2025  Qult--- has a kill-death ratio of 5.57 (156 kills, 28 deaths, 2.80 kills per minute).
Thu Mar 27 16:59:43 2025  Qult--- removed no blocks in the last 2.0 minutes. Qult--- joined Red team 1 minute, 48
Thu Mar 27 16:59:43 2025  seconds ago.
Thu Mar 27 16:59:43 2025  Paintdog (#4) started a VOTEKICK against Qult--- (#0). Say /Y to agree
Thu Mar 27 16:59:43 2025  Reason: balance
Thu Mar 27 16:59:46 2025 Neneh (Red) [Headshot] Pepo333 (Blue)
Thu Mar 27 16:59:49 2025 sznupix (Red) [Headshot] SimplyLeo (Blue)
Thu Mar 27 16:59:49 2025 [Global] Y.O.B.A. (): kek 
Thu Mar 27 16:59:50 2025 You must be closer to the enemy's base to shoot blocks!
Thu Mar 27 16:59:50 2025 Neneh (Red) [Headshot] Harry (Blue)
Thu Mar 27 16:59:53 2025  If you believe a player is breaking the rules, please let us know with /ADMIN
Thu Mar 27 16:59:54 2025 [Global] ^w^ (Blue): "reason: balance" lmao
Thu Mar 27 17:00:02 2025 Neneh (Red) [Headshot] MR (Blue)
Thu Mar 27 17:00:04 2025 ^w^ (Blue) [Headshot] Paintdog (Red)
Thu Mar 27 17:00:06 2025 YHAN (Red) [Headshot] Bread Orc (Blue)
Thu Mar 27 17:00:06 2025 [Global] Y.O.B.A. (): its just like message u kno
Thu Mar 27 17:00:06 2025 Qult--- (Red) [Headshot] Pepo333 (Blue)
Thu Mar 27 17:00:09 2025 ^w^ (Blue) [Headshot] 1232 (Red)
Thu Mar 27 17:00:11 2025 [Global] Paintdog (Red): 121 points
Thu Mar 27 17:00:12 2025 ^w^ (Blue) [Headshot] gus (Red)
Thu Mar 27 17:00:13 2025  Paintdog (#4) is votekicking Qult--- (#0). /Y to vote (8 left)
Thu Mar 27 17:00:13 2025  Reason: balance
Thu Mar 27 17:00:15 2025 Harry (Blue) [Rifle] Qult--- (Red)
Thu Mar 27 17:00:23 2025 ^w^ (Blue) [Headshot] sznupix (Red)
Thu Mar 27 17:00:25 2025 El Hackero Pro joined Blue team
Thu Mar 27 17:00:26 2025 Goldorak (Blue) [Headshot] Qult--- (Red)
Thu Mar 27 17:00:27 2025 ^w^ (Blue) [Headshot] gus (Red)
Thu Mar 27 17:00:28 2025 [Global] Y.O.B.A. (): need 4 more for 125
Thu Mar 27 17:00:29 2025 Goldorak (Blue) [SMG] sznupix (Red)
Thu Mar 27 17:00:31 2025 Neneh (Red) [Headshot] MR (Blue)
Thu Mar 27 17:00:33 2025 Neneh (Red) [Headshot] Pepo333 (Blue)
Thu Mar 27 17:00:33 2025 ^w^ (Blue) [Headshot] Paintdog (Red)
Thu Mar 27 17:00:34 2025 You must be closer to the enemy's base to shoot blocks!
Thu Mar 27 17:00:34 2025 Neneh (Red) [Headshot] Harry (Blue)
Thu Mar 27 17:00:43 2025  Paintdog (#4) is votekicking Qult--- (#0). /Y to vote (8 left)
Thu Mar 27 17:00:43 2025  Reason: balance
Thu Mar 27 17:00:46 2025 Neneh (Red) [Headshot] El Hackero Pro (Blue)
Thu Mar 27 17:00:53 2025 Goldorak (Blue) [Headshot] gus (Red)
Thu Mar 27 17:00:53 2025 Harry (Blue) [Headshot] Qult--- (Red)
Thu Mar 27 17:00:53 2025 sznupix (Red) [SMG] Bread Orc (Blue)
Thu Mar 27 17:00:53 2025  This server runs imger and glow. Use /IMG or /GLOW to toggle them.
Thu Mar 27 17:00:54 2025 Neneh (Red) [Headshot] Pepo333 (Blue)
Thu Mar 27 17:00:59 2025 Neneh (Red) [Headshot] MR (Blue)
Thu Mar 27 17:01:00 2025 Harry (Blue) [Headshot] Paintdog (Red)
Thu Mar 27 17:01:01 2025 Goldorak (Blue) [SMG] Qult--- (Red)
Thu Mar 27 17:01:03 2025 El Hackero Pro (Blue) [SMG] 1232 (Red)
Thu Mar 27 17:01:04 2025 Neneh (Red) [Headshot] El Hackero Pro (Blue)
Thu Mar 27 17:01:05 2025 Harry (Blue) [Rifle] Neneh (Red)
Thu Mar 27 17:01:07 2025 ^w^ (Blue) [Headshot] sznupix (Red)
Thu Mar 27 17:01:13 2025  Paintdog (#4) is votekicking Qult--- (#0). /Y to vote (8 left)
Thu Mar 27 17:01:13 2025  Reason: balance
Thu Mar 27 17:01:14 2025 Goldorak (Blue) [SMG] 1232 (Red)
Thu Mar 27 17:01:14 2025 Harry picked up Red's Intel.
Thu Mar 27 17:01:16 2025 Harry dropped Red's Intel
Thu Mar 27 17:01:16 2025 Paintdog (Red) [Headshot] Harry (Blue)
Thu Mar 27 17:01:18 2025 SimplyLeo (Blue) [Rifle] Paintdog (Red)
Thu Mar 27 17:01:24 2025 ^w^ (Blue) [Headshot] Neneh (Red)
Thu Mar 27 17:01:26 2025 kingdiddy joined Blue team
Thu Mar 27 17:01:27 2025 Goldorak (Blue) [Headshot] Paintdog (Red)
Thu Mar 27 17:01:27 2025 sznupix (Red) [Headshot] SimplyLeo (Blue)
Thu Mar 27 17:01:27 2025 MR picked up Red's Intel.
Thu Mar 27 17:01:28 2025 ^w^ (Blue) [Headshot] sznupix (Red)
Thu Mar 27 17:01:29 2025 Goldorak (Blue) [SMG] Neneh (Red)
Thu Mar 27 17:01:30 2025 [Global] Paintdog (Red): and the worst!? we are even not winning with him
Thu Mar 27 17:01:36 2025 Goldorak (Blue) [Headshot] Qult--- (Red)
Thu Mar 27 17:01:43 2025  Votekick for Qult--- (#0) has ended. Votekick timed out
Thu Mar 27 17:01:47 2025 gus (Red) [Team Change]
Thu Mar 27 17:01:48 2025 gus joined Spectator team
Thu Mar 27 17:01:49 2025 Neneh (Red) [Fall]
Thu Mar 27 17:01:50 2025 sznupix (Red) [Headshot] Pepo333 (Blue)
Thu Mar 27 17:01:50 2025 sznupix (Red) [SMG] El Hackero Pro (Blue)
Thu Mar 27 17:01:52 2025 Goldorak (Blue) [SMG] Qult--- (Red)
Thu Mar 27 17:01:53 2025  Use /EMOTE to draw an emote on the map!
Thu Mar 27 17:01:57 2025 sznupix (Red) [SMG] Bread Orc (Blue)
Thu Mar 27 17:01:59 2025 ^w^ (Blue) [Headshot] sznupix (Red)
Thu Mar 27 17:02:00 2025 1232 (Red) [Headshot] kingdiddy (Blue)
Thu Mar 27 17:02:01 2025 You must be closer to the enemy's base to grenade blocks!
Thu Mar 27 17:02:02 2025 You must be closer to the enemy's base to grenade blocks!
Thu Mar 27 17:02:03 2025 You must be closer to the enemy's base to grenade blocks!
Thu Mar 27 17:02:05 2025 Harry (Blue) [Headshot] Neneh (Red)
Thu Mar 27 17:02:06 2025 Harry (Blue) [Headshot] sznupix (Red)
Thu Mar 27 17:02:11 2025 Harry (Blue) [Headshot] Paintdog (Red)
Thu Mar 27 17:02:14 2025 ^w^ (Blue) [Headshot] Qult--- (Red)
Thu Mar 27 17:02:19 2025 Harry (Blue) [Headshot] Neneh (Red)
Thu Mar 27 17:02:20 2025 Harry (Blue) [Headshot] sznupix (Red)
Thu Mar 27 17:02:23 2025 gus joined Red team
Thu Mar 27 17:02:26 2025 Qult--- (Red) [Headshot] SimplyLeo (Blue)
Thu Mar 27 17:02:26 2025 Goldorak (Blue) [Headshot] gus (Red)
Thu Mar 27 17:02:26 2025 Qult--- (Red) [Headshot] Pepo333 (Blue)
Thu Mar 27 17:02:27 2025 sznupix (Red) [Headshot] Harry (Blue)
Thu Mar 27 17:02:28 2025 El Hackero Pro (Blue) [Headshot] Paintdog (Red)
Thu Mar 27 17:02:30 2025 Goldorak (Blue) [SMG] Neneh (Red)
Thu Mar 27 17:02:39 2025 Goldorak (Blue) [SMG] gus (Red)
Thu Mar 27 17:02:39 2025 Neneh (Red) [Headshot] Goldorak (Blue)
Thu Mar 27 17:02:41 2025 sznupix (Red) [SMG] El Hackero Pro (Blue)
Thu Mar 27 17:02:45 2025 ^w^ (Blue) [Headshot] 1232 (Red)
Thu Mar 27 17:02:53 2025  Use /HEAVEN to paint the babel platform!
Thu Mar 27 17:02:54 2025 ^w^ (Blue) [Headshot] Paintdog (Red)
Thu Mar 27 17:02:57 2025 YHAN (Red) [Rifle] ^w^ (Blue)
Thu Mar 27 17:02:58 2025 gus (Red) [Team Change]
Thu Mar 27 17:02:59 2025 Harry (Blue) [Headshot] Qult--- (Red)
Thu Mar 27 17:02:59 2025 SimplyLeo (Blue) [Fall]
Thu Mar 27 17:03:00 2025 1232 (Red) [Headshot] kingdiddy (Blue)
Thu Mar 27 17:03:00 2025 gus joined Spectator team
Thu Mar 27 17:03:03 2025 1232 (Red) [Headshot] Pepo333 (Blue)
Thu Mar 27 17:03:04 2025 YHAN (Red) [Fall]
Thu Mar 27 17:03:08 2025 Harry (Blue) [Headshot] Qult--- (Red)
Thu Mar 27 17:03:11 2025 sznupix (Red) [SMG] El Hackero Pro (Blue)
Thu Mar 27 17:03:12 2025 Harry (Blue) [Rifle] sznupix (Red)
Thu Mar 27 17:03:12 2025 Player kingdiddy has left
Thu Mar 27 17:03:14 2025 Harry (Blue) [Headshot] Neneh (Red)
Thu Mar 27 17:03:16 2025 ^w^ (Blue) [Headshot] Paintdog (Red)
Thu Mar 27 17:03:21 2025 You must be closer to the enemy's base to grenade blocks!
Thu Mar 27 17:03:22 2025 You must be closer to the enemy's base to grenade blocks!
Thu Mar 27 17:03:22 2025 You must be closer to the enemy's base to grenade blocks!
Thu Mar 27 17:03:23 2025 Harry (Blue) [Headshot] Qult--- (Red)
Thu Mar 27 17:03:23 2025 [Global] Bread Orc (Blue): who fixed the flag
Thu Mar 27 17:03:26 2025 Player Paintdog has left
Thu Mar 27 17:03:28 2025 Harry (Blue) [Headshot] sznupix (Red)
Thu Mar 27 17:03:28 2025 1232 (Red) [Headshot] ^w^ (Blue)
Thu Mar 27 17:03:28 2025 Qult--- (Red) [Headshot] Harry (Blue)
Thu Mar 27 17:03:35 2025 1232 (Red) [Headshot] Pepo333 (Blue)
Thu Mar 27 17:03:36 2025 YHAN (Red) [Headshot] SimplyLeo (Blue)
Thu Mar 27 17:03:40 2025 El Hackero Pro (Blue) [Headshot] 1232 (Red)
Thu Mar 27 17:03:40 2025 Neneh (Red) [Headshot] El Hackero Pro (Blue)
Thu Mar 27 17:03:45 2025 kingdiddy joined Red team
Thu Mar 27 17:03:48 2025 Qult--- (Red) [Headshot] Bread Orc (Blue)
Thu Mar 27 17:03:51 2025 Neneh (Red) [SMG] Pepo333 (Blue)
Thu Mar 27 17:03:52 2025 [Global] Y.O.B.A. (): which flag?
Thu Mar 27 17:03:53 2025  Get a 20 killstreak and 1 intel capture(s) to unlock /APOC!
Thu Mar 27 17:03:53 2025 Neneh (Red) [SMG] SimplyLeo (Blue)
Thu Mar 27 17:03:57 2025 MR dropped Red's Intel
Thu Mar 27 17:03:57 2025  The intel has returned to the heavens
Thu Mar 27 17:03:57 2025 MR (Blue) [SMG]
Thu Mar 27 17:03:57 2025  God punished MR for holding the intel too long
Thu Mar 27 17:03:57 2025 ^w^ (Blue) [Headshot] sznupix (Red)
Thu Mar 27 17:03:58 2025 Qult--- (Red) [Headshot] ^w^ (Blue)
Thu Mar 27 17:04:00 2025 Goldorak (Blue) [SMG] 1232 (Red)
Thu Mar 27 17:04:05 2025 Harry (Blue) [Headshot] Neneh (Red)
Thu Mar 27 17:04:10 2025 Qult--- (Red) [Headshot] Harry (Blue)
Thu Mar 27 17:04:12 2025 [Global] Y.O.B.A. (): oh no poor MR
Thu Mar 27 17:04:16 2025 ^w^ (Blue) [Rifle] Qult--- (Red)
Thu Mar 27 17:04:17 2025 [Global] Born (Red): :D
Thu Mar 27 17:04:19 2025 ^w^ (Blue) [Headshot] sznupix (Red)
Thu Mar 27 17:04:20 2025 1232 (Red) [Headshot] El Hackero Pro (Blue)
Thu Mar 27 17:04:21 2025 [Global] Bread Orc (Blue): LEL
Thu Mar 27 17:04:21 2025 1232 (Red) [Headshot] Pepo333 (Blue)
Thu Mar 27 17:04:22 2025 gus joined Red team
Thu Mar 27 17:04:22 2025 1232 (Red) [Headshot] ^w^ (Blue)
Thu Mar 27 17:04:25 2025 [Global] Y.O.B.A. (): God doesnt like u
Thu Mar 27 17:04:27 2025 Goldorak (Blue) [Headshot] 1232 (Red)
Thu Mar 27 17:04:28 2025 Player Pepo333 has left
Thu Mar 27 17:04:32 2025 MR picked up Red's Intel.
Thu Mar 27 17:04:34 2025 MR dropped Red's Intel
Thu Mar 27 17:04:34 2025 YHAN (Red) [Headshot] MR (Blue)
Thu Mar 27 17:04:39 2025 ^w^ (Blue) [Headshot] YHAN (Red)
Thu Mar 27 17:04:40 2025 Qult--- (Red) [Headshot] SimplyLeo (Blue)
Thu Mar 27 17:04:40 2025 El Hackero Pro picked up Red's Intel.
Thu Mar 27 17:04:40 2025 ^w^ (Blue) [Headshot] Qult--- (Red)
Thu Mar 27 17:04:41 2025 You must be closer to the enemy's base to shoot blocks!
Thu Mar 27 17:04:42 2025 ^w^ (Blue) [Headshot] sznupix (Red)
Thu Mar 27 17:04:44 2025 kingdiddy (Red) [Headshot] Goldorak (Blue)
Thu Mar 27 17:04:50 2025 Player Qult--- has left
Thu Mar 27 17:04:52 2025 kingdiddy (Red) [Headshot] Bread Orc (Blue)
Thu Mar 27 17:04:53 2025  Capture your team's 5th intel to unlock /APOC for your team's best builder!
Thu Mar 27 17:04:54 2025 ^w^ (Blue) [Headshot] Neneh (Red)
Thu Mar 27 17:05:00 2025 [Team] Goldorak (Blue): CAP INTEL
Thu Mar 27 17:05:02 2025 ^w^ (Blue) [Headshot] sznupix (Red)
Thu Mar 27 17:05:02 2025 Player Neneh has left
Thu Mar 27 17:05:10 2025 El Hackero Pro dropped Red's Intel
Thu Mar 27 17:05:10 2025  The intel has returned to the heavens
Thu Mar 27 17:05:10 2025 Born (Red) [SMG] El Hackero Pro (Blue)
Thu Mar 27 17:05:15 2025 ^w^ (Blue) [Headshot] kingdiddy (Red)
Thu Mar 27 17:05:17 2025 Harry picked up Red's Intel.
Thu Mar 27 17:05:18 2025 Harry dropped Red's Intel
Thu Mar 27 17:05:18 2025 1232 (Red) [Headshot] Harry (Blue)
Thu Mar 27 17:05:21 2025 ^w^ (Blue) [Headshot] 1232 (Red)
Thu Mar 27 17:05:24 2025 ^w^ picked up Red's Intel.
Thu Mar 27 17:05:25 2025 YHAN (Red) [Fall]
Thu Mar 27 17:05:26 2025 [Global] Y.O.B.A. (): why ppl have names like hacker pro/pro shooter  etc? 
Thu Mar 27 17:05:28 2025 Qult--- joined Spectator team
Thu Mar 27 17:05:32 2025 ^w^ dropped Red's Intel
Thu Mar 27 17:05:32 2025 ^w^ (Blue) [Rifle]
Thu Mar 27 17:05:32 2025 sznupix (Red) [Headshot] Bread Orc (Blue)
Thu Mar 27 17:05:40 2025 Deuce joined Spectator team
Thu Mar 27 17:05:43 2025 Player SimplyLeo has left
Thu Mar 27 17:05:45 2025 Born (Red) [SMG] Harry (Blue)
Thu Mar 27 17:05:49 2025 sznupix picked up Blue's Intel.
Thu Mar 27 17:05:52 2025 [Global] Deuce (): PiPizza
Thu Mar 27 17:05:53 2025  Mahalo for playing aloha.pk tower of babel
Thu Mar 27 17:05:55 2025 sznupix dropped Blue's Intel
Thu Mar 27 17:05:55 2025 ^w^ (Blue) [Rifle] sznupix (Red)
Thu Mar 27 17:05:55 2025 1232 (Red) [Headshot] Bread Orc (Blue)
Thu Mar 27 17:05:57 2025 1232 (Red) [Headshot] ^w^ (Blue)
Thu Mar 27 17:06:09 2025 [Global] PixelPizza (): DuDuce
Thu Mar 27 17:06:12 2025 [Global] Y.O.B.A. (): PiPiPizza
Thu Mar 27 17:06:12 2025 cactus jack joined Red team
Thu Mar 27 17:06:15 2025 ^w^ (Blue) [Headshot] 1232 (Red)
Thu Mar 27 17:06:17 2025 ^w^ (Blue) [Headshot] sznupix (Red)
Thu Mar 27 17:06:19 2025 [Global] Deuce (): 3,14 3,14
Thu Mar 27 17:06:22 2025 ^w^ picked up Red's Intel.
Thu Mar 27 17:06:38 2025 [Global] PixelPizza (): OMG
Thu Mar 27 17:06:38 2025 Harry (Blue) [Headshot] Born (Red)
Thu Mar 27 17:06:38 2025 Harry (Blue) [Headshot] gus (Red)
Thu Mar 27 17:06:41 2025 El Hackero Pro (Blue) [Fall]
Thu Mar 27 17:06:43 2025 kingdiddy (Red) [Headshot] Goldorak (Blue)
Thu Mar 27 17:06:49 2025 [Global] Y.O.B.A. (): ?
Thu Mar 27 17:06:51 2025 [Global] PixelPizza (): is it you?
Thu Mar 27 17:06:53 2025  Build a tower to get the enemy's intel. Take it to your team's tent to win!
Thu Mar 27 17:06:54 2025 [Global] ^w^ (Blue): where tent
Thu Mar 27 17:06:57 2025 [Global] Y.O.B.A. (): yes its me
Thu Mar 27 17:06:58 2025 [Global] PixelPizza (): Pipi?
Thu Mar 27 17:07:09 2025 [Global] Deuce (): Im not PIPi, i miss him btw
Thu Mar 27 17:07:13 2025 [Global] Y.O.B.A. (): where PIPi?
Thu Mar 27 17:07:14 2025 ^w^ captured Red's Intel.
Thu Mar 27 17:07:16 2025 sznupix picked up Blue's Intel.
Thu Mar 27 17:07:18 2025 [Global] PixelPizza (): awww. me too
Thu Mar 27 17:07:19 2025 [Global] Y.O.B.A. (): she
Thu Mar 27 17:07:23 2025 Cornballs joined Blue team
Thu Mar 27 17:07:25 2025 [Global] Cornballs (Blue): hey micro
Thu Mar 27 17:07:25 2025 [Global] Y.O.B.A. (): PIPi is a gurl
Thu Mar 27 17:07:25 2025 cactus jack (Red) [Headshot] Cornballs (Blue)
Thu Mar 27 17:07:30 2025 [Global] cactus jack (Red): bigbolz
Thu Mar 27 17:07:30 2025 [Global] Cornballs (Blue): ooooo k
Thu Mar 27 17:07:34 2025 sznupix captured Blue's Intel.
Thu Mar 27 17:07:41 2025 [Global] Deuce (): hes a grill? cool
Thu Mar 27 17:07:42 2025 cactus jack (Red) [Headshot] Cornballs (Blue)
Thu Mar 27 17:07:44 2025 [Global] Cornballs (Blue): bruh
Thu Mar 27 17:07:44 2025 ^w^ (Blue) [Rifle]
Thu Mar 27 17:07:44 2025 [Global] Y.O.B.A. (): wow i didnt said that
Thu Mar 27 17:07:44 2025 [Global] Cornballs (Blue): let me spawn?
Thu Mar 27 17:07:45 2025 1232 picked up Blue's Intel.
Thu Mar 27 17:07:45 2025 [Global] cactus jack (Red): joined just to be mogged instantly
Thu Mar 27 17:07:47 2025 [Global] Y.O.B.A. (): no PIPi is a guy
Thu Mar 27 17:07:49 2025 cactus jack (Red) [Headshot] ^w^ (Blue)
Thu Mar 27 17:07:51 2025 cactus jack (Red) [Headshot] Cornballs (Blue)
Thu Mar 27 17:07:53 2025 [Global] Cornballs (Blue): bruh
Thu Mar 27 17:07:53 2025  Type /HELP for info & commands
Thu Mar 27 17:08:01 2025  With 2554 blocks placed, 1232 is granted the right to unleash the apocalypse.
Thu Mar 27 17:08:01 2025 1232 captured Blue's Intel.
Thu Mar 27 17:08:01 2025 cactus jack (Red) [Headshot] ^w^ (Blue)
Thu Mar 27 17:08:02 2025 sznupix picked up Blue's Intel.
Thu Mar 27 17:08:04 2025 [Global] Deuce (): what yall talkin bout, afterall?
Thu Mar 27 17:08:04 2025  1232 has unleashed an apocalypse from God.
Thu Mar 27 17:08:05 2025 [Global] Deuce (): PIPi is PIPi
Thu Mar 27 17:08:06 2025  The apocalypse begins in 5
Thu Mar 27 17:08:06 2025 kingdiddy (Red) [Fall]
Thu Mar 27 17:08:07 2025  The apocalypse begins in 4
Thu Mar 27 17:08:08 2025  The apocalypse begins in 3
Thu Mar 27 17:08:09 2025  The apocalypse begins in 2
Thu Mar 27 17:08:10 2025  The apocalypse begins in 1
Thu Mar 27 17:08:13 2025 [Global] Y.O.B.A. (): yeah :P
Thu Mar 27 17:08:14 2025 cactus jack (Red) [Headshot] ^w^ (Blue)
Thu Mar 27 17:08:16 2025 cactus jack (Red) [Headshot] El Hackero Pro (Blue)
Thu Mar 27 17:08:16 2025 JESUS joined Red team
Thu Mar 27 17:08:21 2025 [Global] Deuce (): (its like another player we dont see anymoar, Richard)
Thu Mar 27 17:08:21 2025 sznupix captured Blue's Intel.
Thu Mar 27 17:08:22 2025 [Global] Y.O.B.A. (): PIPi is a PIPi
Thu Mar 27 17:08:23 2025 Born (Red) [Fall]
Thu Mar 27 17:08:23 2025 1232 picked up Blue's Intel.
Thu Mar 27 17:08:25 2025 cactus jack (Red) [Headshot] El Hackero Pro (Blue)
Thu Mar 27 17:08:26 2025 Bread Orc (Blue) [Rifle]
Thu Mar 27 17:08:26 2025 [Global] Deuce (): "Yes, I'm Richard"
Thu Mar 27 17:08:27 2025  The apocalypse has ended.
Thu Mar 27 17:08:27 2025 1232 dropped Blue's Intel
Thu Mar 27 17:08:27 2025 Goldorak (Blue) [SMG] 1232 (Red)
Thu Mar 27 17:08:28 2025 Player El Hackero Pro has left
Thu Mar 27 17:08:31 2025 gus picked up Blue's Intel.
Thu Mar 27 17:08:32 2025 cactus jack (Red) [Headshot] ^w^ (Blue)
Thu Mar 27 17:08:41 2025 ^w^ (Blue) [Headshot] cactus jack (Red)
Thu Mar 27 17:08:44 2025 Goldorak (Blue) [Headshot] 1232 (Red)
Thu Mar 27 17:08:44 2025 gus captured Blue's Intel.
Thu Mar 27 17:08:48 2025 sznupix picked up Blue's Intel.
Thu Mar 27 17:08:49 2025 sznupix dropped Blue's Intel
Thu Mar 27 17:08:49 2025 ^w^ (Blue) [Headshot] sznupix (Red)
Thu Mar 27 17:08:53 2025 kingdiddy (Red) [Rifle] Goldorak (Blue)
Thu Mar 27 17:08:53 2025  Visit our community forums at https://aloha.pk/
Thu Mar 27 17:08:54 2025 MR (Blue) [Fall]
Thu Mar 27 17:08:54 2025 ^w^ (Blue) [Rifle]
Thu Mar 27 17:08:54 2025 Bread Orc (Blue) [Rifle] JESUS (Red)
Thu Mar 27 17:08:54 2025 YHAN (Red) [Headshot] Bread Orc (Blue)
Thu Mar 27 17:09:01 2025 [Team] Bread Orc (Blue): ALL UP
Thu Mar 27 17:09:08 2025 MR (Blue) [Fall]
Thu Mar 27 17:09:15 2025 kingdiddy picked up Blue's Intel.
Thu Mar 27 17:09:16 2025 cactus jack (Red) [Headshot] Bread Orc (Blue)
Thu Mar 27 17:09:19 2025 ^w^ (Blue) [Headshot] cactus jack (Red)
Thu Mar 27 17:09:20 2025 Harry (Blue) [Headshot] sznupix (Red)
Thu Mar 27 17:09:22 2025 kingdiddy dropped Blue's Intel
Thu Mar 27 17:09:22 2025 ^w^ (Blue) [Headshot] kingdiddy (Red)
Thu Mar 27 17:09:22 2025 gus (Red) [Headshot] Harry (Blue)
Thu Mar 27 17:09:25 2025 ^w^ (Blue) [Headshot] JESUS (Red)
Thu Mar 27 17:09:29 2025 gus picked up Blue's Intel.
Thu Mar 27 17:09:29 2025 [Global] cactus jack (Red): w ur extremely laggy
Thu Mar 27 17:09:30 2025 gus dropped Blue's Intel
Thu Mar 27 17:09:30 2025 ^w^ (Blue) [Rifle] gus (Red)
Thu Mar 27 17:09:31 2025 YHAN (Red) [Headshot] ^w^ (Blue)
Thu Mar 27 17:09:38 2025 cactus jack (Red) [Headshot] MR (Blue)
Thu Mar 27 17:09:40 2025 sznupix (Red) [SMG] Bread Orc (Blue)
Thu Mar 27 17:09:44 2025 sznupix picked up Blue's Intel.
Thu Mar 27 17:09:47 2025 [Global] ^w^ (Blue): nope
Thu Mar 27 17:09:51 2025 cactus jack (Red) [Headshot] Harry (Blue)
Thu Mar 27 17:09:53 2025  Come chat with us at https://discord.aloha.pk/
Thu Mar 27 17:09:58 2025 ^w^ (Blue) [Rifle] JESUS (Red)
Thu Mar 27 17:09:58 2025 1232 (Red) [Headshot] ^w^ (Blue)
Thu Mar 27 17:09:58 2025 YHAN (Red) [Headshot] Bread Orc (Blue)
Thu Mar 27 17:09:59 2025 sznupix captured Blue's Intel.
Thu Mar 27 17:10:04 2025 1232 picked up Blue's Intel.
Thu Mar 27 17:10:05 2025 Harry (Blue) [Headshot] gus (Red)
Thu Mar 27 17:10:12 2025 YHAN (Red) [Headshot] ^w^ (Blue)
Thu Mar 27 17:10:15 2025 kingdiddy (Red) [Fall]
Thu Mar 27 17:10:18 2025 cactus jack (Red) [Headshot] Harry (Blue)
Thu Mar 27 17:10:20 2025 cactus jack (Red) [Headshot] Bread Orc (Blue)
Thu Mar 27 17:10:21 2025 1232 captured Blue's Intel.
Thu Mar 27 17:10:24 2025 sznupix picked up Blue's Intel.
Thu Mar 27 17:10:25 2025 JESUS (Red) [SMG] Goldorak (Blue)
Thu Mar 27 17:10:25 2025 YHAN (Red) [Headshot] Cornballs (Blue)
Thu Mar 27 17:10:27 2025 [Global] Cornballs (Blue): wat
Thu Mar 27 17:10:30 2025 [Team] Goldorak (Blue): - eer're losing
Thu Mar 27 17:10:31 2025 cactus jack (Red) [Headshot] Harry (Blue)
Thu Mar 27 17:10:35 2025 YHAN (Red) [Headshot] Bread Orc (Blue)
Thu Mar 27 17:10:35 2025 cactus jack (Red) [Headshot] ^w^ (Blue)
Thu Mar 27 17:10:35 2025 [Global] Born (Red): GG
Thu Mar 27 17:10:36 2025 [Team] Goldorak (Blue): 9-7 HELP
Thu Mar 27 17:10:36 2025 cactus jack (Red) [Headshot] MR (Blue)
Thu Mar 27 17:10:37 2025 [Global] Born (Red): W
Thu Mar 27 17:10:38 2025 cactus jack (Red) [Headshot] MR (Blue)
Thu Mar 27 17:10:38 2025 ^w^ (Blue) [Headshot] cactus jack (Red)
Thu Mar 27 17:10:40 2025 gus (Red) [Fall]
Thu Mar 27 17:10:41 2025 sznupix captured Blue's Intel.
Thu Mar 27 17:10:41 2025 Red Wins!
Thu Mar 27 17:10:41 2025  Game finished! Next map: House.
Thu Mar 27 17:10:41 2025 Player JESUS has left
Thu Mar 27 17:10:42 2025 ^w^ (Blue) [Headshot] gus (Red)
Thu Mar 27 17:10:44 2025 ^w^ (Blue) [Headshot] sznupix (Red)
Thu Mar 27 17:10:44 2025 Cornballs (Blue) [Headshot] 1232 (Red)
Thu Mar 27 17:10:44 2025 Goldorak (Blue) [SMG] kingdiddy (Red)
Thu Mar 27 17:10:45 2025 Goldorak (Blue) [SMG] YHAN (Red)
Thu Mar 27 17:10:46 2025 [Global] Bread Orc (Blue): gg
Thu Mar 27 17:10:46 2025 Born (Red) [Fall]
Thu Mar 27 17:10:46 2025 Harry (Blue) [Headshot] cactus jack (Red)
Thu Mar 27 17:10:46 2025 cactus jack (Red) [Grenade] Bread Orc (Blue)
Thu Mar 27 17:10:46 2025 cactus jack (Red) [Grenade] Harry (Blue)
Thu Mar 27 17:10:48 2025 MR (Blue) [Fall]
Thu Mar 27 17:10:48 2025 Player Bread Orc has left
Thu Mar 27 17:10:48 2025 Cornballs (Blue) [Fall]
Thu Mar 27 17:10:49 2025 Player Qult--- has left
Thu Mar 27 17:10:51 2025 Disconnecting
