Thu Apr 17 17:49:21 2025 ------ World Loaded ------
Thu Apr 17 17:49:22 2025 ZIA (Red) [Weapon Change]
Thu Apr 17 17:49:22 2025 itsjustarin (Red) [SMG] Eri (Blue)
Thu Apr 17 17:49:22 2025 Salt (Red) [Headshot] AI_play_test.v1 (Blue)
Thu Apr 17 17:49:22 2025 Welcome to aloha.pk tower of babel
Thu Apr 17 17:49:22 2025 jordgubbe (Red) [Headshot] Jamal (Blue)
Thu Apr 17 17:49:23 2025 Map: WarmKnot by AquaLessPantsu
Thu Apr 17 17:49:25 2025 Deuce4 (Red) [Headshot] Bread Orc (Blue)
Thu Apr 17 17:49:25 2025 Game mode: babel
Thu Apr 17 17:49:27 2025 Salt (Red) [Headshot] Patum Peperium (Blue)
Thu Apr 17 17:49:27 2025 Build a tower to get the enemy's intel. Take it to your team's tent to win!
Thu Apr 17 17:49:28 2025 Deuce (Blue) [SMG] stonked (Red)
Thu Apr 17 17:49:29 2025 Visit our community forum at https://aloha.pk/
Thu Apr 17 17:49:29 2025 Marshmello (Red) [SMG] Deuce (Blue)
Thu Apr 17 17:49:31 2025 Come chat with us at https://discord.aloha.pk/
Thu Apr 17 17:49:39 2025 jordgubbe (Red) [Headshot] Bizonho (Blue)
Thu Apr 17 17:49:53 2025 GD (Blue) [Headshot] Marshmello (Red)
Thu Apr 17 17:49:54 2025 itsjustarin (Red) [Headshot] Jamal (Blue)
Thu Apr 17 17:49:59 2025 stonked (Red) [Melee] Pene aereo (Blue)
Thu Apr 17 17:50:02 2025 Salt (Red) [Headshot] Patum Peperium (Blue)
Thu Apr 17 17:50:03 2025 AI_play_test.v1 (Blue) [SMG] jordgubbe (Red)
Thu Apr 17 17:50:04 2025 Otiinbr (Red) [SMG] Deuce (Blue)
Thu Apr 17 17:50:06 2025 GD (Blue) [Headshot] ChaoticSpice :V (Red)
Thu Apr 17 17:50:07 2025 Deuce4 (Red) [Rifle] AI_play_test.v1 (Blue)
Thu Apr 17 17:50:10 2025 saopaulofanboy joined Blue team
Thu Apr 17 17:50:15 2025 Orange joined Red team
Thu Apr 17 17:50:15 2025 Benn2106 (Blue) [Headshot] itsjustarin (Red)
Thu Apr 17 17:50:17 2025 fumo_maconha joined Blue team
Thu Apr 17 17:50:17 2025 Otiinbr (Red) [SMG] Pene aereo (Blue)
Thu Apr 17 17:50:20 2025 stonked (Red) [SMG] Bizonho (Blue)
Thu Apr 17 17:50:22 2025 stonked (Red) [SMG] Jamal (Blue)
Thu Apr 17 17:50:23 2025 gui joined Red team
Thu Apr 17 17:50:24 2025 Benn2106 (Blue) [Melee] Salt (Red)
Thu Apr 17 17:50:25 2025 Bread Orc (Blue) [Headshot] ChaoticSpice :V (Red)
Thu Apr 17 17:50:26 2025 ZIA (Red) [Grenade] Eri (Blue)
Thu Apr 17 17:50:26 2025 GD (Blue) [Rifle] Marshmello (Red)
Thu Apr 17 17:50:31 2025 Otiinbr (Red) [Headshot] AI_play_test.v1 (Blue)
Thu Apr 17 17:50:32 2025 Benn2106 (Blue) [Headshot] Otiinbr (Red)
Thu Apr 17 17:50:38 2025 Bizonho (Blue) [SMG] ZIA (Red)
Thu Apr 17 17:50:39 2025 stonked (Red) [Grenade] Pene aereo (Blue)
Thu Apr 17 17:50:44 2025 ZIA (Red) [Fall]
Thu Apr 17 17:50:44 2025 Pene aereo (Blue) [Fall]
Thu Apr 17 17:50:44 2025 Benn2106 (Blue) [Grenade] Orange (Red)
Thu Apr 17 17:50:44 2025 jordgubbe (Red) [Rifle] Mash REZA (Blue)
Thu Apr 17 17:50:46 2025 [Global] Marshmello (Red): yes!
Thu Apr 17 17:50:48 2025 itsjustarin (Red) [Headshot] Deuce (Blue)
Thu Apr 17 17:50:49 2025 ChaoticSpice :V (Red) [Headshot] Bread Orc (Blue)
Thu Apr 17 17:50:51 2025 jordgubbe (Red) [Headshot] Jamal (Blue)
Thu Apr 17 17:50:51 2025 stonked (Red) [SMG] Benn2106 (Blue)
Thu Apr 17 17:50:53 2025 [Global] fumo_maconha (Blue): foda-se
Thu Apr 17 17:50:57 2025 Orange (Red) [Headshot] GD (Blue)
Thu Apr 17 17:50:58 2025 Harry (Red) [Headshot] AI_play_test.v1 (Blue)
Thu Apr 17 17:50:59 2025 Otiinbr (Red) [Headshot] Eri (Blue)
Thu Apr 17 17:51:01 2025 Otiinbr (Red) [SMG] fumo_maconha (Blue)
Thu Apr 17 17:51:08 2025 Mash REZA (Blue) [Headshot] Orange (Red)
Thu Apr 17 17:51:09 2025  Use /EMOTE to draw an emote on the map!
Thu Apr 17 17:51:11 2025 Bizonho (Blue) [SMG] Harry (Red)
Thu Apr 17 17:51:12 2025 Deuce4 (Red) [Rifle] Mash REZA (Blue)
Thu Apr 17 17:51:12 2025 AI_play_test.v1 (Blue) [Headshot] jordgubbe (Red)
Thu Apr 17 17:51:16 2025 AI_play_test.v1 (Blue) [Headshot] MR (Red)
Thu Apr 17 17:51:22 2025 stonked (Red) [Headshot] Pene aereo (Blue)
Thu Apr 17 17:51:23 2025 [Global] jordgubbe (Red): lol your tower is a pile
Thu Apr 17 17:51:24 2025 King of Buildin (Red) [Fall]
Thu Apr 17 17:51:27 2025 Orange (Red) [Headshot] saopaulofanboy (Blue)
Thu Apr 17 17:51:28 2025 AI_play_test.v1 (Blue) [Headshot] Harry (Red)
Thu Apr 17 17:51:34 2025 stonked (Red) [SMG] Jamal (Blue)
Thu Apr 17 17:51:40 2025 Orange (Red) [Headshot] Bread Orc (Blue)
Thu Apr 17 17:51:42 2025 [Global] saopaulofanboy (Blue): bro two towers fell in your country stfu
Thu Apr 17 17:51:42 2025 GD (Blue) [Rifle] Orange (Red)
Thu Apr 17 17:51:44 2025 [Global] Deuce (Blue): we captured more intels than yours
Thu Apr 17 17:51:49 2025 [Global] Bread Orc (Blue): LOL
Thu Apr 17 17:51:54 2025 AI_play_test.v1 (Blue) [Melee] Salt (Red)
Thu Apr 17 17:51:57 2025 AI_play_test.v1 (Blue) [Headshot] ZIA (Red)
Thu Apr 17 17:51:57 2025 jordgubbe (Red) [Headshot] fumo_maconha (Blue)
Thu Apr 17 17:51:58 2025 stonked (Red) [Melee] descloux (Blue)
Thu Apr 17 17:52:00 2025 Patum Peperium (Blue) [Headshot] Otiinbr (Red)
Thu Apr 17 17:52:01 2025 You must be closer to the enemy's base to grenade blocks!
Thu Apr 17 17:52:01 2025 [Global] Bread Orc (Blue): biggest comeback since 9 11
Thu Apr 17 17:52:01 2025 AI_play_test.v1 (Blue) [Headshot] itsjustarin (Red)
Thu Apr 17 17:52:01 2025 You must be closer to the enemy's base to grenade blocks!
Thu Apr 17 17:52:02 2025 Pene aereo (Blue) [SMG] Marshmello (Red)
Thu Apr 17 17:52:02 2025 You must be closer to the enemy's base to grenade blocks!
Thu Apr 17 17:52:04 2025 You must be closer to the enemy's base to shoot blocks!
Thu Apr 17 17:52:05 2025 gui (Red) [Headshot] Bizonho (Blue)
Thu Apr 17 17:52:07 2025 Jamal (Blue) [Headshot] Orange (Red)
Thu Apr 17 17:52:09 2025 AI_play_test.v1 (Blue) [Headshot] jordgubbe (Red)
Thu Apr 17 17:52:09 2025  Use /HEAVEN to paint the babel platform!
Thu Apr 17 17:52:11 2025 gui (Red) [Headshot] Eri (Blue)
Thu Apr 17 17:52:13 2025 [Global] Marshmello (Red): yes
Thu Apr 17 17:52:13 2025 [Global] jordgubbe (Red): i'm not american
Thu Apr 17 17:52:14 2025 AI_play_test.v1 (Blue) [SMG] Salt (Red)
Thu Apr 17 17:52:15 2025 AI_play_test.v1 (Blue) [Headshot] Harry (Red)
Thu Apr 17 17:52:21 2025 Benn2106 (Blue) [Grenade]
Thu Apr 17 17:52:24 2025 fumo_maconha (Blue) [SMG] gui (Red)
Thu Apr 17 17:52:24 2025 Jamal picked up Red's Intel.
Thu Apr 17 17:52:24 2025 AI_play_test.v1 (Blue) [SMG] King of Buildin (Red)
Thu Apr 17 17:52:24 2025 jordgubbe (Red) [Headshot] AI_play_test.v1 (Blue)
Thu Apr 17 17:52:25 2025 not a burner joined Spectator team
Thu Apr 17 17:52:26 2025 [Global] descloux (Blue): stonked
Thu Apr 17 17:52:27 2025 Bread Orc (Blue) [Headshot] Orange (Red)
Thu Apr 17 17:52:29 2025 [Global] descloux (Blue): how could you do this
Thu Apr 17 17:52:31 2025 descloux (Blue) [Melee] stonked (Red)
Thu Apr 17 17:52:35 2025 Otiinbr (Red) [SMG] Eri (Blue)
Thu Apr 17 17:52:37 2025 Mash REZA (Blue) [Grenade] MR (Red)
Thu Apr 17 17:52:37 2025 [Global] not a burner (): stonked just kill someone?
Thu Apr 17 17:52:38 2025 Mash REZA (Blue) [Grenade] Harry (Red)
Thu Apr 17 17:52:39 2025 saopaulofanboy (Blue) [Fall]
Thu Apr 17 17:52:40 2025 Mash REZA (Blue) [Headshot] stonked (Red)
Thu Apr 17 17:52:42 2025 jordgubbe (Red) [Headshot] Benn2106 (Blue)
Thu Apr 17 17:52:44 2025 Bizonho (Blue) [Headshot] jordgubbe (Red)
Thu Apr 17 17:52:48 2025 King of Buildin (Red) [Headshot] Pene aereo (Blue)
Thu Apr 17 17:52:50 2025 AI_play_test.v1 (Blue) [SMG] ChaoticSpice :V (Red)
Thu Apr 17 17:52:51 2025 Jamal captured Red's Intel.
Thu Apr 17 17:52:53 2025 Mash REZA picked up Red's Intel.
Thu Apr 17 17:52:56 2025 GD (Blue) [Headshot] MR (Red)
Thu Apr 17 17:52:57 2025 ZIA (Red) [Rifle] fumo_maconha (Blue)
Thu Apr 17 17:52:59 2025 AI_play_test.v1 (Blue) [Headshot] Orange (Red)
Thu Apr 17 17:53:02 2025 AI_play_test.v1 (Blue) [SMG] Salt (Red)
Thu Apr 17 17:53:02 2025 Marshmello (Red) [Headshot] Bizonho (Blue)
Thu Apr 17 17:53:04 2025 Mash REZA dropped Red's Intel
Thu Apr 17 17:53:04 2025  The intel has returned to the heavens
Thu Apr 17 17:53:04 2025 Mash REZA (Blue) [Fall]
Thu Apr 17 17:53:04 2025 Deuce4 (Red) [Rifle] Deuce (Blue)
Thu Apr 17 17:53:04 2025 Orange (Red) [Headshot] GD (Blue)
Thu Apr 17 17:53:04 2025 [Global] Mash REZA (Blue): nbo
Thu Apr 17 17:53:05 2025 King of Buildin (Red) [Headshot] AI_play_test.v1 (Blue)
Thu Apr 17 17:53:07 2025 [Global] Mash REZA (Blue): ahh
Thu Apr 17 17:53:09 2025 Bread Orc (Blue) [Headshot] ChaoticSpice :V (Red)
Thu Apr 17 17:53:09 2025  Get a 20 killstreak and 1 intel capture(s) to unlock /APOC!
Thu Apr 17 17:53:16 2025 [Global] Mash REZA (Blue): yea...
Thu Apr 17 17:53:16 2025 Bread Orc (Blue) [Headshot] stonked (Red)
Thu Apr 17 17:53:18 2025 Marshmello (Red) [SMG] Bizonho (Blue)
Thu Apr 17 17:53:18 2025 Otiinbr (Red) [Headshot] Benn2106 (Blue)
Thu Apr 17 17:53:24 2025 AI_play_test.v1 (Blue) [Headshot] Otiinbr (Red)
Thu Apr 17 17:53:24 2025 vivian<3 joined Red team
Thu Apr 17 17:53:28 2025 Eri (Blue) [Headshot] Marshmello (Red)
Thu Apr 17 17:53:32 2025 itsjustarin (Red) [SMG] Deuce (Blue)
Thu Apr 17 17:53:34 2025 AI_play_test.v1 (Blue) [Headshot] itsjustarin (Red)
Thu Apr 17 17:53:34 2025 Bread Orc (Blue) [Headshot] ChaoticSpice :V (Red)
Thu Apr 17 17:53:37 2025 Orange (Red) [Headshot] descloux (Blue)
Thu Apr 17 17:53:39 2025 AI_play_test.v1 (Blue) [Headshot] Orange (Red)
Thu Apr 17 17:53:40 2025 [Team] Marshmello (Red): blues on >>>>>>>>>>>>>>
Thu Apr 17 17:53:42 2025 fumo_maconha (Blue) [Headshot] vivian<3 (Red)
Thu Apr 17 17:53:43 2025 ChaoticSpice :V (Red) [Grenade]
Thu Apr 17 17:53:44 2025 fumo_maconha (Blue) [SMG] ZIA (Red)
Thu Apr 17 17:53:45 2025 King of Buildin (Red) [Headshot] fumo_maconha (Blue)
Thu Apr 17 17:53:47 2025 Jamal picked up Red's Intel.
Thu Apr 17 17:53:48 2025 Bread Orc (Blue) [Headshot] Otiinbr (Red)
Thu Apr 17 17:53:48 2025 AI_play_test.v1 (Blue) [Headshot] stonked (Red)
Thu Apr 17 17:53:50 2025 Marshmello (Red) [SMG] Bread Orc (Blue)
Thu Apr 17 17:53:51 2025 [Global] Mash REZA (Blue): gg
Thu Apr 17 17:53:59 2025 [Global] Deuce (Blue): we won using that pile
Thu Apr 17 17:53:59 2025 Jamal dropped Red's Intel
Thu Apr 17 17:53:59 2025  The intel has returned to the heavens
Thu Apr 17 17:53:59 2025 Jamal (Blue) [Fall]
Thu Apr 17 17:54:00 2025 King of Buildin (Red) [SMG] Mash REZA (Blue)
Thu Apr 17 17:54:01 2025 Mash REZA (Blue) [Grenade] ZIA (Red)
Thu Apr 17 17:54:02 2025 Orange (Red) [Headshot] Pene aereo (Blue)
Thu Apr 17 17:54:03 2025 [Global] Marshmello (Red): xD
Thu Apr 17 17:54:03 2025 Deuce (Blue) [Grenade] Orange (Red)
Thu Apr 17 17:54:03 2025 AI_play_test.v1 (Blue) [Headshot] jordgubbe (Red)
Thu Apr 17 17:54:04 2025 Deuce (Blue) [Headshot] ChaoticSpice :V (Red)
Thu Apr 17 17:54:05 2025 saopaulofanboy (Blue) [SMG] Salt (Red)
Thu Apr 17 17:54:09 2025 [Global] Jamal (Blue): LOL, I'm sillly
Thu Apr 17 17:54:09 2025 vivian<3 (Red) [Headshot] saopaulofanboy (Blue)
Thu Apr 17 17:54:09 2025 King of Buildin (Red) [Headshot] Deuce (Blue)
Thu Apr 17 17:54:09 2025  Capture your team's 5th intel to unlock /APOC for your team's best builder!
Thu Apr 17 17:54:11 2025 King of Buildin (Red) [Headshot] AI_play_test.v1 (Blue)
Thu Apr 17 17:54:11 2025 Harry (Red) [Headshot] fumo_maconha (Blue)
Thu Apr 17 17:54:11 2025 reagon joined Red team
Thu Apr 17 17:54:15 2025 Harry (Red) [Headshot] Benn2106 (Blue)
Thu Apr 17 17:54:17 2025 Bread Orc (Blue) [Headshot] Otiinbr (Red)
Thu Apr 17 17:54:21 2025 Player Otiinbr has left
Thu Apr 17 17:54:24 2025 Bread Orc (Blue) [Headshot] ChaoticSpice :V (Red)
Thu Apr 17 17:54:26 2025 not a burner joined Red team
Thu Apr 17 17:54:27 2025 [Global] fumo_maconha (Blue): porra de ubuntu donada ele fica saindo do jogo
Thu Apr 17 17:54:28 2025 descloux picked up Red's Intel.
Thu Apr 17 17:54:29 2025 [Team] gui (Red): lets give up
Thu Apr 17 17:54:32 2025 Harry (Red) [Rifle] saopaulofanboy (Blue)
Thu Apr 17 17:54:35 2025 Deuce (Blue) [SMG] not a burner (Red)
Thu Apr 17 17:54:36 2025 Player Eri has left
Thu Apr 17 17:54:38 2025  AI_play_test.v1 changed next map to cord2
Thu Apr 17 17:54:40 2025 Orange (Red) [SMG] Patum Peperium (Blue)
Thu Apr 17 17:54:40 2025 reagon (Red) [Headshot] Deuce (Blue)
Thu Apr 17 17:54:41 2025 Bread Orc (Blue) [Headshot] Marshmello (Red)
Thu Apr 17 17:54:41 2025 AI_play_test.v1 (Blue) [Headshot] Orange (Red)
Thu Apr 17 17:54:43 2025 descloux dropped Red's Intel
Thu Apr 17 17:54:43 2025  The intel has returned to the heavens
Thu Apr 17 17:54:43 2025 stonked (Red) [SMG] descloux (Blue)
Thu Apr 17 17:54:44 2025 AI_play_test.v1 (Blue) [Headshot] gui (Red)
Thu Apr 17 17:54:44 2025 [Global] Marshmello (Red): gg
Thu Apr 17 17:54:45 2025 King of Buildin (Red) [Headshot] AI_play_test.v1 (Blue)
Thu Apr 17 17:54:46 2025 Benn2106 (Blue) [Headshot] stonked (Red)
Thu Apr 17 17:54:46 2025 [Global] saopaulofanboy (Blue): fumo I don't speak corruption
Thu Apr 17 17:54:46 2025 Bread Orc (Blue) [SMG] ChaoticSpice :V (Red)
Thu Apr 17 17:54:46 2025 Mash REZA picked up Red's Intel.
Thu Apr 17 17:54:48 2025 Bread Orc (Blue) [Headshot] not a burner (Red)
Thu Apr 17 17:54:55 2025 Mash REZA dropped Red's Intel
Thu Apr 17 17:54:55 2025  The intel has returned to the heavens
Thu Apr 17 17:54:55 2025 Mash REZA (Blue) [Fall]
Thu Apr 17 17:54:56 2025 fumo_maconha (Blue) [SMG] ZIA (Red)
Thu Apr 17 17:54:56 2025 Bizonho (Blue) [Headshot] Salt (Red)
Thu Apr 17 17:54:58 2025 [Global] Mash REZA (Blue): aaaaaaaaaaaaah
Thu Apr 17 17:54:58 2025 Jamal picked up Red's Intel.
Thu Apr 17 17:55:01 2025 Bizonho (Blue) [SMG] not a burner (Red)
Thu Apr 17 17:55:02 2025 Harry (Red) [Headshot] AI_play_test.v1 (Blue)
Thu Apr 17 17:55:02 2025 Kiril joined Blue team
Thu Apr 17 17:55:02 2025 [Global] Mash REZA (Blue): why fall
Thu Apr 17 17:55:03 2025 Harry (Red) [Headshot] Deuce (Blue)
Thu Apr 17 17:55:03 2025 GD (Blue) [Headshot] ChaoticSpice :V (Red)
Thu Apr 17 17:55:03 2025 reagon (Red) [Headshot] Bread Orc (Blue)
Thu Apr 17 17:55:06 2025 [Global] descloux (Blue): okay easy does it jamal
Thu Apr 17 17:55:08 2025 jordgubbe (Red) [Rifle] fumo_maconha (Blue)
Thu Apr 17 17:55:09 2025  Mahalo for playing aloha.pk tower of babel
Thu Apr 17 17:55:11 2025 Bizonho (Blue) [Headshot] gui (Red)
Thu Apr 17 17:55:12 2025 Bizonho (Blue) [Headshot] Salt (Red)
Thu Apr 17 17:55:17 2025 ZIA (Red) [Headshot] Bizonho (Blue)
Thu Apr 17 17:55:22 2025 stonked (Red) [Headshot] Kiril (Blue)
Thu Apr 17 17:55:23 2025 jordgubbe (Red) [Headshot] fumo_maconha (Blue)
Thu Apr 17 17:55:24 2025 Jamal dropped Red's Intel
Thu Apr 17 17:55:24 2025  The intel has returned to the heavens
Thu Apr 17 17:55:24 2025 Jamal (Blue) [Fall]
Thu Apr 17 17:55:26 2025 GD (Blue) [Headshot] MR (Red)
Thu Apr 17 17:55:27 2025 [Global] Jamal (Blue): no
Thu Apr 17 17:55:27 2025 descloux (Blue) [Headshot] Orange (Red)
Thu Apr 17 17:55:28 2025 descloux (Blue) [Headshot] ChaoticSpice :V (Red)
Thu Apr 17 17:55:28 2025 GD (Blue) [Headshot] Harry (Red)
Thu Apr 17 17:55:31 2025 [Global] descloux (Blue): jamal whyy
Thu Apr 17 17:55:31 2025 reagon (Red) [SMG] saopaulofanboy (Blue)
Thu Apr 17 17:55:31 2025 King of Buildin (Red) [Headshot] GD (Blue)
Thu Apr 17 17:55:34 2025 Mash REZA picked up Red's Intel.
Thu Apr 17 17:55:34 2025 descloux (Blue) [SMG] reagon (Red)
Thu Apr 17 17:55:36 2025 itsjustarin (Red) [Headshot] descloux (Blue)
Thu Apr 17 17:55:36 2025 not a burner (Red) [Fall]
Thu Apr 17 17:55:37 2025 [Global] Jamal (Blue): I fell
Thu Apr 17 17:55:37 2025 [Global] Marshmello (Red): no u
Thu Apr 17 17:55:38 2025 saopaulofanboy (Blue) [Weapon Change]
Thu Apr 17 17:55:39 2025 AI_play_test.v1 (Blue) [Headshot] ZIA (Red)
Thu Apr 17 17:55:40 2025 [Global] not a burner (Red): me too
Thu Apr 17 17:55:41 2025 Eri joined Blue team
Thu Apr 17 17:55:42 2025 Bread Orc (Blue) [SMG] itsjustarin (Red)
Thu Apr 17 17:55:44 2025 Bread Orc (Blue) [SMG] Orange (Red)
Thu Apr 17 17:55:44 2025 Mash REZA dropped Red's Intel
Thu Apr 17 17:55:44 2025  The intel has returned to the heavens
Thu Apr 17 17:55:44 2025 stonked (Red) [Headshot] Mash REZA (Blue)
Thu Apr 17 17:55:46 2025 ChaoticSpice :V (Red) [Headshot] Bread Orc (Blue)
Thu Apr 17 17:55:48 2025 [Global] Jamal (Blue): I'm hurt, please don't be mean to me!
Thu Apr 17 17:55:49 2025 Pene aereo picked up Red's Intel.
Thu Apr 17 17:55:50 2025 stonked (Red) [SMG] Deuce (Blue)
Thu Apr 17 17:55:56 2025 Pene aereo dropped Red's Intel
Thu Apr 17 17:55:56 2025 King of Buildin (Red) [SMG] Pene aereo (Blue)
Thu Apr 17 17:55:58 2025 stonked (Red) [Headshot] descloux (Blue)
Thu Apr 17 17:56:00 2025 [Global] Jamal (Blue): many in air
Thu Apr 17 17:56:01 2025 not a burner (Red) [Headshot] GD (Blue)
Thu Apr 17 17:56:01 2025 Mash REZA (Blue) [Headshot] stonked (Red)
Thu Apr 17 17:56:02 2025 Kiril (Blue) [Headshot] not a burner (Red)
Thu Apr 17 17:56:04 2025 [Global] Jamal (Blue): be careful
Thu Apr 17 17:56:05 2025 Bizonho (Blue) [SMG] jordgubbe (Red)
Thu Apr 17 17:56:07 2025 Bizonho (Blue) [SMG] gui (Red)
Thu Apr 17 17:56:08 2025 Bread Orc (Blue) [SMG] Orange (Red)
Thu Apr 17 17:56:09 2025  Build a tower to get the enemy's intel. Take it to your team's tent to win!
Thu Apr 17 17:56:13 2025 Kiril (Blue) [Headshot] ChaoticSpice :V (Red)
Thu Apr 17 17:56:13 2025 itsjustarin (Red) [SMG] Kiril (Blue)
Thu Apr 17 17:56:18 2025 King of Buildin (Red) [Fall]
Thu Apr 17 17:56:19 2025 AI_play_test.v1 (Blue) [Headshot] Marshmello (Red)
Thu Apr 17 17:56:19 2025 [Global] ChaoticSpice :V (Red): fuck!
Thu Apr 17 17:56:19 2025 Bizonho (Blue) [Headshot] Harry (Red)
Thu Apr 17 17:56:20 2025 GODDAMNIT joined Blue team
Thu Apr 17 17:56:21 2025 Bread Orc (Blue) [SMG] not a burner (Red)
Thu Apr 17 17:56:21 2025 descloux (Blue) [Fall]
Thu Apr 17 17:56:24 2025 Orange (Red) [SMG] Bread Orc (Blue)
Thu Apr 17 17:56:25 2025 reagon (Red) [SMG] Mash REZA (Blue)
Thu Apr 17 17:56:27 2025 stonked (Red) [Headshot] Jamal (Blue)
Thu Apr 17 17:56:27 2025 AI_play_test.v1 (Blue) [Headshot] MR (Red)
Thu Apr 17 17:56:27 2025 [Team] Marshmello (Red): nota save us
Thu Apr 17 17:56:30 2025 AI_play_test.v1 (Blue) [Headshot] ZIA (Red)
Thu Apr 17 17:56:31 2025 AI_play_test.v1 (Blue) [Headshot] jordgubbe (Red)
Thu Apr 17 17:56:33 2025 AI_play_test.v1 (Blue) [SMG] Harry (Red)
Thu Apr 17 17:56:38 2025 [Team] not a burner (Red): maybe
Thu Apr 17 17:56:39 2025 AI_play_test.v1 (Blue) [Headshot] King of Buildin (Red)
Thu Apr 17 17:56:43 2025 itsjustarin (Red) [Headshot] Deuce (Blue)
Thu Apr 17 17:56:45 2025 AI_play_test.v1 (Blue) [Headshot] MR (Red)
Thu Apr 17 17:56:46 2025 AI_play_test.v1 (Blue) [Headshot] ZIA (Red)
Thu Apr 17 17:56:47 2025 Deuce4 (Red) [Headshot] GD (Blue)
Thu Apr 17 17:56:50 2025 vivian<3 (Red) [SMG] saopaulofanboy (Blue)
Thu Apr 17 17:56:51 2025 jordgubbe (Red) [Headshot] AI_play_test.v1 (Blue)
Thu Apr 17 17:56:52 2025 Eri (Blue) [Headshot] jordgubbe (Red)
Thu Apr 17 17:56:53 2025 King of Buildin (Red) [Headshot] Eri (Blue)
Thu Apr 17 17:56:55 2025 vivian<3 (Red) [SMG] Bizonho (Blue)
Thu Apr 17 17:56:55 2025 [Global] Mash REZA (Blue): But I love all the Reds' efforts for the latest intel.
Thu Apr 17 17:57:04 2025 itsjustarin (Red) [SMG] Jamal (Blue)
Thu Apr 17 17:57:07 2025 You must be closer to the enemy's base to grenade blocks!
Thu Apr 17 17:57:07 2025 Orange (Red) [Headshot] Kiril (Blue)
Thu Apr 17 17:57:08 2025 You must be closer to the enemy's base to grenade blocks!
Thu Apr 17 17:57:09 2025 You must be closer to the enemy's base to grenade blocks!
Thu Apr 17 17:57:09 2025  Type /HELP for info & commands
Thu Apr 17 17:57:10 2025 Deuce (Blue) [SMG] ChaoticSpice :V (Red)
Thu Apr 17 17:57:12 2025 Bread Orc (Blue) [SMG] Marshmello (Red)
Thu Apr 17 17:57:14 2025 stonked (Red) [Headshot] Pene aereo (Blue)
Thu Apr 17 17:57:15 2025 AI_play_test.v1 (Blue) [Headshot] gui (Red)
Thu Apr 17 17:57:16 2025 reagon (Red) [Headshot] Patum Peperium (Blue)
Thu Apr 17 17:57:17 2025 [Global] Marshmello (Red): BREAD u b ih
Thu Apr 17 17:57:17 2025 reagon (Red) [SMG] fumo_maconha (Blue)
Thu Apr 17 17:57:20 2025 itsjustarin (Red) [SMG] Mash REZA (Blue)
Thu Apr 17 17:57:23 2025 Bread Orc (Blue) [Headshot] ChaoticSpice :V (Red)
Thu Apr 17 17:57:25 2025 AI_play_test.v1 (Blue) [Headshot] MR (Red)
Thu Apr 17 17:57:32 2025 reagon (Red) [Melee] Kiril (Blue)
Thu Apr 17 17:57:32 2025 GD (Blue) [Headshot] Marshmello (Red)
Thu Apr 17 17:57:32 2025 Bizonho (Blue) [SMG] Harry (Red)
Thu Apr 17 17:57:34 2025 GD (Blue) [SMG] ChaoticSpice :V (Red)
Thu Apr 17 17:57:34 2025 King of Buildin (Red) [Headshot] AI_play_test.v1 (Blue)
Thu Apr 17 17:57:36 2025 fumo_maconha (Blue) [Headshot] reagon (Red)
Thu Apr 17 17:57:36 2025 saopaulofanboy (Blue) [Rifle] Orange (Red)
Thu Apr 17 17:57:36 2025 itsjustarin (Red) [SMG] Jamal (Blue)
Thu Apr 17 17:57:37 2025 [Global] not a burner (Red): oh by the way probably that pvx.so is ready to test
Thu Apr 17 17:57:38 2025 saopaulofanboy (Blue) [Headshot] stonked (Red)
Thu Apr 17 17:57:39 2025 Deuce (Blue) [SMG] gui (Red)
Thu Apr 17 17:57:45 2025 Deuce (Blue) [Headshot] ChaoticSpice :V (Red)
Thu Apr 17 17:57:49 2025 Bizonho (Blue) [Headshot] vivian<3 (Red)
Thu Apr 17 17:57:50 2025 ZIA (Red) [Headshot] Bizonho (Blue)
Thu Apr 17 17:57:51 2025 [Global] Marshmello (Red): oh cool, ill  try be there later
Thu Apr 17 17:57:56 2025 Deuce (Blue) [SMG] Orange (Red)
Thu Apr 17 17:57:56 2025 [Global] Bread Orc (Blue): y no caping
Thu Apr 17 17:57:56 2025 itsjustarin (Red) [SMG] Mash REZA (Blue)
Thu Apr 17 17:57:57 2025 Deuce (Blue) [SMG] ChaoticSpice :V (Red)
Thu Apr 17 17:57:57 2025 [Global] Marshmello (Red): or u can restart if u want
Thu Apr 17 17:58:01 2025 [Global] ChaoticSpice :V (Red): keep going!
Thu Apr 17 17:58:09 2025  Visit our community forums at https://aloha.pk/
Thu Apr 17 17:58:10 2025 not a burner (Red) [Headshot] Kiril (Blue)
Thu Apr 17 17:58:12 2025 vivian<3 (Red) [Headshot] Bread Orc (Blue)
Thu Apr 17 17:58:13 2025 saopaulofanboy (Blue) [Headshot] ChaoticSpice :V (Red)
Thu Apr 17 17:58:13 2025 AI_play_test.v1 (Blue) [SMG] not a burner (Red)
Thu Apr 17 17:58:15 2025 AI_play_test.v1 (Blue) [Headshot] Marshmello (Red)
Thu Apr 17 17:58:16 2025 [Global] fumo_maconha (Blue): BASED
Thu Apr 17 17:58:17 2025 Bizonho (Blue) [Headshot] ZIA (Red)
Thu Apr 17 17:58:21 2025 descloux picked up Red's Intel.
Thu Apr 17 17:58:22 2025 descloux (Blue) [Headshot] itsjustarin (Red)
Thu Apr 17 17:58:23 2025 AI_play_test.v1 (Blue) [Headshot] stonked (Red)
Thu Apr 17 17:58:23 2025 Deuce (Blue) [Headshot] vivian<3 (Red)
Thu Apr 17 17:58:25 2025 [Team] Marshmello (Red): Stoned go up!
Thu Apr 17 17:58:26 2025 reagon (Red) [SMG] Eri (Blue)
Thu Apr 17 17:58:26 2025 King of Buildin (Red) [SMG] Benn2106 (Blue)
Thu Apr 17 17:58:27 2025 vivian<3 (Red) [Headshot] saopaulofanboy (Blue)
Thu Apr 17 17:58:29 2025 Mash REZA (Blue) [Headshot] reagon (Red)
Thu Apr 17 17:58:31 2025 Disconnecting
