Sat Jan 25 18:39:34 2025 ------ World Loaded ------
Sat Jan 25 18:39:34 2025 elpene69 (Blue) [Headshot] coik (Red)
Sat Jan 25 18:39:34 2025 Welcome to aloha.pk tower of babel
Sat Jan 25 18:39:34 2025 KomaR (Red) [SMG] Jamal (Blue)
Sat Jan 25 18:39:35 2025 a Silver Bullet (Red) [Grenade] R.I.O.T. (Blue)
Sat Jan 25 18:39:36 2025 Map: Drift Ice 2 by IAmYourFriend
Sat Jan 25 18:39:38 2025 Game mode: babel
Sat Jan 25 18:39:38 2025 coik (Red) [Fall]
Sat Jan 25 18:39:38 2025 Jamal (Blue) [Fall]
Sat Jan 25 18:39:38 2025 R.I.O.T. (Blue) [Fall]
Sat Jan 25 18:39:38 2025 B-19 [LV-7] (Red) [Fall]
Sat Jan 25 18:39:38 2025 KillerPollo (Red) [SMG] IlikeTrains (Blue)
Sat Jan 25 18:39:40 2025 Build a tower to get the enemy's intel. Take it to your team's tent to win!
Sat Jan 25 18:39:41 2025 Deuce1 (Red) [Headshot] Jamal (Blue)
Sat Jan 25 18:39:42 2025 Visit our community forum at https://aloha.pk/
Sat Jan 25 18:39:44 2025 Come chat with us at https://discord.aloha.pk/
Sat Jan 25 18:39:45 2025 rocck (Blue) [Headshot] a Silver Bullet (Red)
Sat Jan 25 18:39:46 2025 Deuce1 (Red) [Headshot] R.I.O.T. (Blue)
Sat Jan 25 18:39:46 2025 coik (Red) [Rifle] elpene69 (Blue)
Sat Jan 25 18:39:47 2025 Cloroformo (Blue) [Headshot] Deuce1 (Red)
Sat Jan 25 18:39:48 2025 rocck (Blue) [Headshot] zekebird (Red)
Sat Jan 25 18:39:49 2025 KillerPollo (Red) [SMG] Misi (Blue)
Sat Jan 25 18:39:49 2025 Cloroformo (Blue) [Rifle] KillerPollo (Red)
Sat Jan 25 18:39:52 2025 B-19 [LV-7] (Red) [Fall]
Sat Jan 25 18:39:56 2025 noob (Blue) [Headshot] coik (Red)
Sat Jan 25 18:40:02 2025 Abaddon (Blue) [SMG] KomaR (Red)
Sat Jan 25 18:40:03 2025 Luis joined Blue team
Sat Jan 25 18:40:13 2025 Deuce1 (Red) [Headshot] Misi (Blue)
Sat Jan 25 18:40:14 2025 coik (Red) [Melee] noob (Blue)
Sat Jan 25 18:40:15 2025 Deuce1 (Red) [Headshot] Jamal (Blue)
Sat Jan 25 18:40:16 2025 Player B-19 [LV-7] has left
Sat Jan 25 18:40:20 2025 Deuce1 (Red) [Headshot] elpene69 (Blue)
Sat Jan 25 18:40:24 2025  This server runs imger and glow. Use /IMG or /GLOW to toggle them.
Sat Jan 25 18:40:29 2025 rocck (Blue) [SMG] coik (Red)
Sat Jan 25 18:40:33 2025 Player Luis has left
Sat Jan 25 18:40:43 2025 Misi (Blue) [Headshot] Deuce1 (Red)
Sat Jan 25 18:40:46 2025 Misi (Blue) [Headshot] Born (Red)
Sat Jan 25 18:40:50 2025 B-19 [LV-7] joined Red team
Sat Jan 25 18:40:50 2025 IlikeTrains (Blue) [SMG] KillerPollo (Red)
Sat Jan 25 18:40:53 2025 Stefanonimo picked up Blue's Intel.
Sat Jan 25 18:40:57 2025 KomaR (Red) [SMG] Misi (Blue)
Sat Jan 25 18:40:58 2025 Jamal (Blue) [Headshot] a Silver Bullet (Red)
Sat Jan 25 18:40:59 2025 B-19 [LV-7] (Red) [Fall]
Sat Jan 25 18:40:59 2025 Stefanonimo dropped Blue's Intel
Sat Jan 25 18:40:59 2025 IlikeTrains (Blue) [SMG] Stefanonimo (Red)
Sat Jan 25 18:41:00 2025 by (Blue) [Headshot] coik (Red)
Sat Jan 25 18:41:01 2025 Deuce1 (Red) [Headshot] Jamal (Blue)
Sat Jan 25 18:41:02 2025 KomaR (Red) [SMG] elpene69 (Blue)
Sat Jan 25 18:41:03 2025 Player B-19 [LV-7] has left
Sat Jan 25 18:41:03 2025 Luis joined Red team
Sat Jan 25 18:41:08 2025 Player Luis has left
Sat Jan 25 18:41:10 2025 IlikeTrains picked up Red's Intel.
Sat Jan 25 18:41:11 2025 by (Blue) [Shotgun] Born (Red)
Sat Jan 25 18:41:15 2025 KillerPollo (Red) [SMG] noob (Blue)
Sat Jan 25 18:41:15 2025 coik (Red) [Melee] by (Blue)
Sat Jan 25 18:41:15 2025 IlikeTrains (Blue) [Headshot] KomaR (Red)
Sat Jan 25 18:41:16 2025 Deuce1 (Red) [Headshot] Misi (Blue)
Sat Jan 25 18:41:19 2025 rocck (Blue) [Headshot] zekebird (Red)
Sat Jan 25 18:41:19 2025 . joined Red team
Sat Jan 25 18:41:24 2025  Use /EMOTE to draw an emote on the map!
Sat Jan 25 18:41:25 2025 Deuce1 (Red) [Headshot] Jamal (Blue)
Sat Jan 25 18:41:26 2025 B-19 [LV-7] joined Red team
Sat Jan 25 18:41:27 2025 Stefanonimo (Red) [Headshot] Abaddon (Blue)
Sat Jan 25 18:41:30 2025 IlikeTrains (Blue) [SMG] Deuce1 (Red)
Sat Jan 25 18:41:37 2025 a Silver Bullet (Red) [Headshot] rocck (Blue)
Sat Jan 25 18:41:40 2025 Misi (Blue) [Headshot] coik (Red)
Sat Jan 25 18:41:45 2025 Jamal (Blue) [Headshot] a Silver Bullet (Red)
Sat Jan 25 18:41:47 2025 IlikeTrains captured Red's Intel.
Sat Jan 25 18:41:48 2025 Stefanonimo picked up Blue's Intel.
Sat Jan 25 18:41:50 2025 KillerPollo (Red) [Headshot] Cloroformo (Blue)
Sat Jan 25 18:41:53 2025 . (Red) [Team Change]
Sat Jan 25 18:41:57 2025 Born (Red) [Headshot] Misi (Blue)
Sat Jan 25 18:42:02 2025 . joined Blue team
Sat Jan 25 18:42:03 2025 KillerPollo (Red) [SMG] Cloroformo (Blue)
Sat Jan 25 18:42:04 2025 elpene69 (Blue) [Headshot] zekebird (Red)
Sat Jan 25 18:42:08 2025 Deuce1 (Red) [Headshot] rocck (Blue)
Sat Jan 25 18:42:10 2025 Deuce1 (Red) [Rifle] Jamal (Blue)
Sat Jan 25 18:42:11 2025 Stefanonimo dropped Blue's Intel
Sat Jan 25 18:42:11 2025  The intel has returned to the heavens
Sat Jan 25 18:42:11 2025 elpene69 (Blue) [Headshot] Stefanonimo (Red)
Sat Jan 25 18:42:12 2025 KillerPollo (Red) [SMG] IlikeTrains (Blue)
Sat Jan 25 18:42:12 2025 KomaR (Red) [Fall]
Sat Jan 25 18:42:13 2025 a Silver Bullet (Red) [Headshot] by (Blue)
Sat Jan 25 18:42:14 2025 Born (Red) [SMG] elpene69 (Blue)
Sat Jan 25 18:42:16 2025 [Global] Stefanonimo (Red): dedfend?
Sat Jan 25 18:42:18 2025 [Global] Stefanonimo (Red): maybe
Sat Jan 25 18:42:19 2025 a Silver Bullet (Red) [SMG] Misi (Blue)
Sat Jan 25 18:42:19 2025 [Global] elpene69 (Blue): no
Sat Jan 25 18:42:21 2025 Deuce1 (Red) [Grenade] Jamal (Blue)
Sat Jan 25 18:42:22 2025 Deuce1 (Red) [Headshot] by (Blue)
Sat Jan 25 18:42:23 2025 R.I.O.T. (Blue) [Headshot] coik (Red)
Sat Jan 25 18:42:24 2025 Deuce1 (Red) [Headshot] elpene69 (Blue)
Sat Jan 25 18:42:24 2025  Use /HEAVEN to paint the babel platform!
Sat Jan 25 18:42:25 2025 Born (Red) [SMG] R.I.O.T. (Blue)
Sat Jan 25 18:42:26 2025 [Global] Jamal (Blue): offend?
Sat Jan 25 18:42:27 2025 Deuce1 (Red) [Headshot] rocck (Blue)
Sat Jan 25 18:42:29 2025 Player Misi has left
Sat Jan 25 18:42:30 2025 a Silver Bullet (Red) [Headshot] Abaddon (Blue)
Sat Jan 25 18:42:33 2025 Deuce1 (Red) [Headshot] R.I.O.T. (Blue)
Sat Jan 25 18:42:33 2025 [Global] elpene69 (Blue): jamal
Sat Jan 25 18:42:34 2025 KillerPollo (Red) [Headshot] Cloroformo (Blue)
Sat Jan 25 18:42:40 2025 Deuce1 (Red) [Headshot] rocck (Blue)
Sat Jan 25 18:42:44 2025 elpene69 (Blue) [Headshot] KillerPollo (Red)
Sat Jan 25 18:42:44 2025 Deuce1 (Red) [Headshot] by (Blue)
Sat Jan 25 18:42:48 2025 IlikeTrains (Blue) [Headshot] KomaR (Red)
Sat Jan 25 18:42:50 2025 IlikeTrains (Blue) [Headshot] Stefanonimo (Red)
Sat Jan 25 18:42:51 2025 Deuce1 (Red) [Fall]
Sat Jan 25 18:42:56 2025 R.I.O.T. (Blue) [SMG] a Silver Bullet (Red)
Sat Jan 25 18:42:57 2025 IlikeTrains (Blue) [SMG] Born (Red)
Sat Jan 25 18:42:58 2025 coik (Red) [SMG] elpene69 (Blue)
Sat Jan 25 18:43:00 2025 Player a Silver Bullet has left
Sat Jan 25 18:43:03 2025 Cloroformo (Blue) [Headshot] Stefanonimo (Red)
Sat Jan 25 18:43:05 2025 KomaR (Red) [Headshot] IlikeTrains (Blue)
Sat Jan 25 18:43:07 2025 KillerPollo (Red) [SMG] Jamal (Blue)
Sat Jan 25 18:43:08 2025 coik (Red) [Headshot] R.I.O.T. (Blue)
Sat Jan 25 18:43:11 2025 by (Blue) [Headshot] coik (Red)
Sat Jan 25 18:43:17 2025 KillerPollo (Red) [Fall]
Sat Jan 25 18:43:22 2025 [Global] KillerPollo (Red): moles molesss
Sat Jan 25 18:43:24 2025  Get a 20 killstreak and 1 intel capture(s) to unlock /APOC!
Sat Jan 25 18:43:32 2025 coik (Red) [SMG] . (Blue)
Sat Jan 25 18:43:33 2025 elpene69 (Blue) [Headshot] Stefanonimo (Red)
Sat Jan 25 18:43:34 2025 Born (Red) [SMG] noob (Blue)
Sat Jan 25 18:43:36 2025 elpene69 (Blue) [Headshot] coik (Red)
Sat Jan 25 18:43:36 2025 KomaR (Red) [SMG] Jamal (Blue)
Sat Jan 25 18:43:38 2025 Deuce1 (Red) [Headshot] IlikeTrains (Blue)
Sat Jan 25 18:43:38 2025 . joined Red team
Sat Jan 25 18:43:46 2025 coik (Red) [Headshot] elpene69 (Blue)
Sat Jan 25 18:43:49 2025 IlikeTrains (Blue) [SMG] KomaR (Red)
Sat Jan 25 18:43:54 2025 rocck (Blue) [SMG] . (Red)
Sat Jan 25 18:44:13 2025 KillerPollo (Red) [SMG] by (Blue)
Sat Jan 25 18:44:15 2025 IlikeTrains (Blue) [Headshot] Deuce1 (Red)
Sat Jan 25 18:44:17 2025 rocck (Blue) [Headshot] zekebird (Red)
Sat Jan 25 18:44:20 2025 elpene69 (Blue) [Headshot] . (Red)
Sat Jan 25 18:44:21 2025 Googlesplat joined Blue team
Sat Jan 25 18:44:24 2025  Capture your team's 5th intel to unlock /APOC for your team's best builder!
Sat Jan 25 18:44:24 2025 Player KillerPollo has left
Sat Jan 25 18:44:28 2025 IlikeTrains (Blue) [Grenade] coik (Red)
Sat Jan 25 18:44:29 2025 Deuce1 (Red) [Headshot] IlikeTrains (Blue)
Sat Jan 25 18:44:35 2025 . (Red) [Headshot] noob (Blue)
Sat Jan 25 18:44:36 2025 Born (Red) [SMG] elpene69 (Blue)
Sat Jan 25 18:44:49 2025 [Global] zekebird (Red): googlesplat i swaer i remeber you from like 7 years ago
Sat Jan 25 18:44:57 2025 Born (Red) [Fall]
Sat Jan 25 18:44:58 2025 noob (Blue) [Headshot] . (Red)
Sat Jan 25 18:45:01 2025 [Global] Googlesplat (Blue): Yep
Sat Jan 25 18:45:01 2025 Deuce1 (Red) [Headshot] elpene69 (Blue)
Sat Jan 25 18:45:04 2025 [Global] Googlesplat (Blue): Same one :)
Sat Jan 25 18:45:06 2025 coik (Red) [Fall]
Sat Jan 25 18:45:10 2025 Deuce1 (Red) [Rifle] R.I.O.T. (Blue)
Sat Jan 25 18:45:12 2025 Googlesplat (Blue) [Headshot] Stefanonimo (Red)
Sat Jan 25 18:45:16 2025 IlikeTrains (Blue) [Headshot] Deuce1 (Red)
Sat Jan 25 18:45:17 2025 Googlesplat (Blue) [Headshot] . (Red)
Sat Jan 25 18:45:19 2025 Googlesplat (Blue) [Rifle] zekebird (Red)
Sat Jan 25 18:45:20 2025  Cloroformo has reached 1000 blocks placed! /heaven unlocked.
Sat Jan 25 18:45:20 2025 Type /heavenlist to view available images. /heaven <name> to confirm.
Sat Jan 25 18:45:20 2025 Want your country's flag instead? Type /heaven country (or any alpha-2 code)
Sat Jan 25 18:45:22 2025 IlikeTrains picked up Red's Intel.
Sat Jan 25 18:45:24 2025  Mahalo for playing aloha.pk tower of babel
Sat Jan 25 18:45:25 2025 [Global] zekebird (Red): thats a real og
Sat Jan 25 18:45:28 2025 [Global] Googlesplat (Blue): i hop on occasionally XD
Sat Jan 25 18:45:34 2025 Player Deuce1 has left
Sat Jan 25 18:45:34 2025 Born (Red) [SMG] elpene69 (Blue)
Sat Jan 25 18:45:36 2025 [Global] Googlesplat (Blue): nah im bottom of the pile for OGs
Sat Jan 25 18:45:37 2025 KomaR (Red) [SMG] noob (Blue)
Sat Jan 25 18:45:39 2025 Googlesplat (Blue) [Headshot] . (Red)
Sat Jan 25 18:45:40 2025 Googlesplat (Blue) [Headshot] KomaR (Red)
Sat Jan 25 18:45:43 2025 Born (Red) [Headshot] by (Blue)
Sat Jan 25 18:45:45 2025 Googlesplat (Blue) [Headshot] Stefanonimo (Red)
Sat Jan 25 18:45:49 2025 IlikeTrains captured Red's Intel.
Sat Jan 25 18:45:49 2025 elpene69 (Blue) [Headshot] coik (Red)
Sat Jan 25 18:45:54 2025 Born (Red) [SMG] elpene69 (Blue)
Sat Jan 25 18:45:56 2025 Abaddon (Blue) [Headshot] Stefanonimo (Red)
Sat Jan 25 18:45:56 2025 [Global] Googlesplat (Blue): like 2015 or so
Sat Jan 25 18:45:57 2025 Abaddon picked up Red's Intel.
Sat Jan 25 18:46:01 2025 IlikeTrains (Blue) [SMG] Born (Red)
Sat Jan 25 18:46:05 2025 Googlesplat (Blue) [Headshot] zekebird (Red)
Sat Jan 25 18:46:10 2025 Googlesplat (Blue) [Headshot] . (Red)
Sat Jan 25 18:46:12 2025 KillerPollo joined Red team
Sat Jan 25 18:46:13 2025 [Global] Googlesplat (Blue): <3
Sat Jan 25 18:46:17 2025 Stefanonimo (Red) [Shotgun] Jamal (Blue)
Sat Jan 25 18:46:17 2025 noob (Blue) [SMG] KomaR (Red)
Sat Jan 25 18:46:18 2025 noob (Blue) [Headshot] B-19 [LV-7] (Red)
Sat Jan 25 18:46:24 2025  Build a tower to get the enemy's intel. Take it to your team's tent to win!
Sat Jan 25 18:46:34 2025 Abaddon captured Red's Intel.
Sat Jan 25 18:46:34 2025 KillerPollo (Red) [SMG] rocck (Blue)
Sat Jan 25 18:46:38 2025 Googlesplat (Blue) [Headshot] . (Red)
Sat Jan 25 18:46:39 2025 Stefanonimo (Red) [Shotgun] R.I.O.T. (Blue)
Sat Jan 25 18:46:39 2025 Googlesplat (Blue) [Headshot] KomaR (Red)
Sat Jan 25 18:46:39 2025 coik (Red) [Headshot] Cloroformo (Blue)
Sat Jan 25 18:46:44 2025 Googlesplat (Blue) [Headshot] zekebird (Red)
Sat Jan 25 18:46:45 2025 Jamal (Blue) [SMG] KillerPollo (Red)
Sat Jan 25 18:46:51 2025 morgaan joined Red team
Sat Jan 25 18:46:52 2025 IlikeTrains (Blue) [Headshot] Born (Red)
Sat Jan 25 18:46:53 2025 R.I.O.T. (Blue) [SMG] Stefanonimo (Red)
Sat Jan 25 18:46:56 2025 by (Blue) [Shotgun] coik (Red)
Sat Jan 25 18:47:01 2025 KomaR (Red) [Headshot] noob (Blue)
Sat Jan 25 18:47:02 2025 elpene69 (Blue) [Headshot] zekebird (Red)
Sat Jan 25 18:47:02 2025 Googlesplat (Blue) [Headshot] . (Red)
Sat Jan 25 18:47:04 2025 Born (Red) [Headshot] elpene69 (Blue)
Sat Jan 25 18:47:08 2025 KillerPollo (Red) [SMG] Jamal (Blue)
Sat Jan 25 18:47:11 2025 Googlesplat (Blue) [Headshot] coik (Red)
Sat Jan 25 18:47:14 2025 . joined Blue team
Sat Jan 25 18:47:15 2025 by (Blue) [Shotgun] KomaR (Red)
Sat Jan 25 18:47:21 2025 Googlesplat (Blue) [Headshot] Stefanonimo (Red)
Sat Jan 25 18:47:24 2025  Type /HELP for info & commands
Sat Jan 25 18:47:27 2025 morgaan (Red) [Headshot] by (Blue)
Sat Jan 25 18:47:28 2025 Googlesplat (Blue) [Headshot] coik (Red)
Sat Jan 25 18:47:38 2025 Googlesplat (Blue) [Headshot] zekebird (Red)
Sat Jan 25 18:47:40 2025 Born (Red) [Headshot] Googlesplat (Blue)
Sat Jan 25 18:47:41 2025 elpene69 (Blue) [Headshot] Stefanonimo (Red)
Sat Jan 25 18:47:42 2025 KillerPollo (Red) [SMG] elpene69 (Blue)
Sat Jan 25 18:47:43 2025 [Global] Googlesplat (Blue): its tough being NA
Sat Jan 25 18:47:44 2025 . (Blue) [Shotgun] KomaR (Red)
Sat Jan 25 18:47:47 2025 Born (Red) [Fall]
Sat Jan 25 18:47:47 2025 [Global] Googlesplat (Blue): no one plays when im online
Sat Jan 25 18:47:52 2025 morgaan (Red) [Headshot] Cloroformo (Blue)
Sat Jan 25 18:47:53 2025 You must be closer to the enemy's base to grenade blocks!
Sat Jan 25 18:47:57 2025 [Team] IlikeTrains (Blue): get intel guy
Sat Jan 25 18:47:58 2025 KillerPollo (Red) [Headshot] Abaddon (Blue)
Sat Jan 25 18:47:59 2025 rocck (Blue) [SMG] coik (Red)
Sat Jan 25 18:48:01 2025 [Team] IlikeTrains (Blue): get intel guys
Sat Jan 25 18:48:04 2025 elpene69 (Blue) [Grenade] morgaan (Red)
Sat Jan 25 18:48:11 2025 noob (Blue) [Headshot] KomaR (Red)
Sat Jan 25 18:48:17 2025 [Global] zekebird (Red): its always hit or miss
Sat Jan 25 18:48:19 2025 rocck (Blue) [Headshot] coik (Red)
Sat Jan 25 18:48:24 2025 KillerPollo (Red) [SMG] Googlesplat (Blue)
Sat Jan 25 18:48:24 2025 Stefanonimo (Red) [Shotgun] noob (Blue)
Sat Jan 25 18:48:25 2025  Visit our community forums at https://aloha.pk/
Sat Jan 25 18:48:27 2025 rocck (Blue) [SMG] morgaan (Red)
Sat Jan 25 18:48:30 2025 rocck (Blue) [Headshot] KomaR (Red)
Sat Jan 25 18:48:34 2025 KillerPollo (Red) [Fall]
Sat Jan 25 18:48:34 2025 Abaddon picked up Red's Intel.
Sat Jan 25 18:48:35 2025 Abaddon (Blue) [SMG] coik (Red)
Sat Jan 25 18:48:38 2025 Born (Red) [Grenade] Jamal (Blue)
Sat Jan 25 18:48:40 2025 Stefanonimo (Red) [Headshot] noob (Blue)
Sat Jan 25 18:48:43 2025 Stefanonimo (Red) [Headshot] by (Blue)
Sat Jan 25 18:48:44 2025 Stefanonimo (Red) [Shotgun] R.I.O.T. (Blue)
Sat Jan 25 18:48:46 2025 elpene69 (Blue) [Headshot] KillerPollo (Red)
Sat Jan 25 18:48:48 2025 zekebird (Red) [SMG] elpene69 (Blue)
Sat Jan 25 18:48:52 2025 rocck (Blue) [Headshot] coik (Red)
Sat Jan 25 18:48:55 2025 Googlesplat (Blue) [Headshot] Born (Red)
Sat Jan 25 18:48:59 2025 Googlesplat (Blue) [Headshot] KomaR (Red)
Sat Jan 25 18:49:01 2025 Googlesplat (Blue) [Headshot] zekebird (Red)
Sat Jan 25 18:49:01 2025 [Global] elpene69 (Blue): that tower
Sat Jan 25 18:49:03 2025 [Global] elpene69 (Blue): wtf
Sat Jan 25 18:49:03 2025 [Global] Born (Red): Balance
Sat Jan 25 18:49:05 2025 Googlesplat (Blue) [Headshot] KomaR (Red)
Sat Jan 25 18:49:06 2025 You must be closer to the enemy's base to shoot blocks!
Sat Jan 25 18:49:08 2025 Abaddon captured Red's Intel.
Sat Jan 25 18:49:08 2025 Googlesplat (Blue) [Headshot] B-19 [LV-7] (Red)
Sat Jan 25 18:49:12 2025 Googlesplat (Blue) [Headshot] zekebird (Red)
Sat Jan 25 18:49:13 2025 coik (Red) [Headshot] IlikeTrains (Blue)
Sat Jan 25 18:49:14 2025 R.I.O.T. (Blue) [Headshot] Stefanonimo (Red)
Sat Jan 25 18:49:14 2025 noob picked up Red's Intel.
Sat Jan 25 18:49:15 2025 Cloroformo (Blue) [Headshot] morgaan (Red)
Sat Jan 25 18:49:17 2025 KillerPollo (Red) [Headshot] elpene69 (Blue)
Sat Jan 25 18:49:17 2025 Googlesplat (Blue) [Headshot] KomaR (Red)
Sat Jan 25 18:49:19 2025 KillerPollo (Red) [Headshot] by (Blue)
Sat Jan 25 18:49:20 2025 Googlesplat (Blue) [Headshot] Born (Red)
Sat Jan 25 18:49:22 2025 . (Blue) [Headshot] coik (Red)
Sat Jan 25 18:49:24 2025  Come chat with us at https://discord.aloha.pk/
Sat Jan 25 18:49:26 2025 KillerPollo (Red) [SMG] R.I.O.T. (Blue)
Sat Jan 25 18:49:28 2025 . (Blue) [Shotgun] morgaan (Red)
Sat Jan 25 18:49:28 2025 Born (Red) [SMG] . (Blue)
Sat Jan 25 18:49:29 2025 Googlesplat (Blue) [Headshot] coik (Red)
Sat Jan 25 18:49:34 2025 Googlesplat (Blue) [Headshot] B-19 [LV-7] (Red)
Sat Jan 25 18:49:36 2025  Abaddon has reached 1000 blocks placed! /heaven unlocked.
Sat Jan 25 18:49:37 2025 Cloroformo (Blue) [Fall]
Sat Jan 25 18:49:39 2025  With 1661 blocks placed, Cloroformo is granted the right to unleash the apocalypse.
Sat Jan 25 18:49:39 2025 God has given you the right to unleash the apocalypse.
Sat Jan 25 18:49:39 2025 Use /APOC to unleash the apocalypse.
Sat Jan 25 18:49:39 2025 noob captured Red's Intel.
Sat Jan 25 18:49:40 2025 You must be closer to the enemy's base to grenade blocks!
Sat Jan 25 18:49:40 2025 zekebird (Red) [SMG] Jamal (Blue)
Sat Jan 25 18:49:43 2025 Googlesplat (Blue) [Headshot] B-19 [LV-7] (Red)
Sat Jan 25 18:49:43 2025 [Team] . (Blue): i got on reds stair XD
Sat Jan 25 18:49:44 2025 Googlesplat (Blue) [Headshot] Stefanonimo (Red)
Sat Jan 25 18:49:45 2025 Abaddon picked up Red's Intel.
Sat Jan 25 18:49:47 2025 Googlesplat (Blue) [Headshot] coik (Red)
Sat Jan 25 18:49:47 2025 zekebird (Red) [SMG] rocck (Blue)
Sat Jan 25 18:49:49 2025 elpene69 (Blue) [Headshot] zekebird (Red)
Sat Jan 25 18:49:49 2025 [Team] . (Blue): and climbed
Sat Jan 25 18:49:50 2025 Born (Red) [Headshot] Googlesplat (Blue)
Sat Jan 25 18:49:50 2025 elpene69 (Blue) [Headshot] KomaR (Red)
Sat Jan 25 18:49:51 2025 by (Blue) [Headshot] KillerPollo (Red)
Sat Jan 25 18:49:53 2025 [Team] IlikeTrains (Blue): lol
Sat Jan 25 18:50:04 2025 elpene69 (Blue) [Headshot] zekebird (Red)
Sat Jan 25 18:50:08 2025 Stefanonimo (Red) [Shotgun] rocck (Blue)
Sat Jan 25 18:50:08 2025 Jamal (Blue) [Headshot] coik (Red)
Sat Jan 25 18:50:08 2025 Googlesplat (Blue) [Headshot] Stefanonimo (Red)
Sat Jan 25 18:50:10 2025 elpene69 (Blue) [Headshot] KomaR (Red)
Sat Jan 25 18:50:11 2025 Googlesplat (Blue) [Headshot] morgaan (Red)
Sat Jan 25 18:50:11 2025 Abaddon captured Red's Intel.
Sat Jan 25 18:50:12 2025 elpene69 (Blue) [Headshot] KillerPollo (Red)
Sat Jan 25 18:50:12 2025 Born (Red) [SMG] IlikeTrains (Blue)
Sat Jan 25 18:50:14 2025 Born (Red) [Headshot] noob (Blue)
Sat Jan 25 18:50:15 2025 KillerPollo (Red) [SMG] elpene69 (Blue)
Sat Jan 25 18:50:24 2025  If you believe a player is breaking the rules, please let us know with /ADMIN
Sat Jan 25 18:50:26 2025 KillerPollo (Red) [SMG] Jamal (Blue)
Sat Jan 25 18:50:27 2025 Googlesplat (Blue) [Headshot] Stefanonimo (Red)
Sat Jan 25 18:50:30 2025 coik (Red) [Headshot] Cloroformo (Blue)
Sat Jan 25 18:50:32 2025 morgaan (Red) [Headshot] . (Blue)
Sat Jan 25 18:50:35 2025 IlikeTrains (Blue) [SMG] coik (Red)
Sat Jan 25 18:50:35 2025 Player Y.O.B.A. has left
Sat Jan 25 18:50:40 2025 Googlesplat (Blue) [Headshot] Stefanonimo (Red)
Sat Jan 25 18:50:40 2025 rocck (Blue) [Headshot] morgaan (Red)
Sat Jan 25 18:50:40 2025 Born (Red) [Headshot] Googlesplat (Blue)
Sat Jan 25 18:50:46 2025 Abaddon picked up Red's Intel.
Sat Jan 25 18:50:50 2025 coik (Red) [Headshot] rocck (Blue)
Sat Jan 25 18:50:52 2025 elpene69 (Blue) [Headshot] coik (Red)
Sat Jan 25 18:50:56 2025 [Global] elpene69 (Blue): cok
Sat Jan 25 18:50:58 2025 KomaR (Red) [Headshot] . (Blue)
Sat Jan 25 18:51:02 2025 morgaan (Red) [Fall]
Sat Jan 25 18:51:07 2025 [Global] Stefanonimo (Red): let me spawn first, man... how am i gonna play
Sat Jan 25 18:51:10 2025 KillerPollo (Red) [Grenade] by (Blue)
Sat Jan 25 18:51:12 2025 Mouse joined Red team
Sat Jan 25 18:51:14 2025 Googlesplat (Blue) [Headshot] Born (Red)
Sat Jan 25 18:51:17 2025 Abaddon captured Red's Intel.
Sat Jan 25 18:51:17 2025 rocck (Blue) [Headshot] zekebird (Red)
Sat Jan 25 18:51:18 2025 coik (Red) [Headshot] rocck (Blue)
Sat Jan 25 18:51:19 2025 IlikeTrains picked up Red's Intel.
Sat Jan 25 18:51:21 2025 Googlesplat (Blue) [Headshot] Stefanonimo (Red)
Sat Jan 25 18:51:21 2025 KillerPollo (Red) [SMG] Jamal (Blue)
Sat Jan 25 18:51:24 2025  This server runs imger and glow. Use /IMG or /GLOW to toggle them.
Sat Jan 25 18:51:28 2025 Googlesplat (Blue) [Headshot] zekebird (Red)
Sat Jan 25 18:51:28 2025 coik (Red) [Melee] R.I.O.T. (Blue)
Sat Jan 25 18:51:29 2025 Googlesplat (Blue) [Headshot] Stefanonimo (Red)
Sat Jan 25 18:51:31 2025 Googlesplat (Blue) [Headshot] B-19 [LV-7] (Red)
Sat Jan 25 18:51:32 2025 Googlesplat (Blue) [Headshot] Born (Red)
Sat Jan 25 18:51:33 2025 KomaR (Red) [SMG] by (Blue)
Sat Jan 25 18:51:37 2025 Player Born has left
Sat Jan 25 18:51:38 2025 . (Blue) [Headshot] morgaan (Red)
Sat Jan 25 18:51:38 2025 KomaR (Red) [SMG] . (Blue)
Sat Jan 25 18:51:39 2025 Mouse (Red) [Headshot] noob (Blue)
Sat Jan 25 18:51:40 2025 Jamal (Blue) [SMG] coik (Red)
Sat Jan 25 18:51:42 2025 IlikeTrains captured Red's Intel.
Sat Jan 25 18:51:45 2025 Googlesplat (Blue) [Headshot] Stefanonimo (Red)
Sat Jan 25 18:51:50 2025 rocck (Blue) [Headshot] KomaR (Red)
Sat Jan 25 18:51:53 2025 Abaddon picked up Red's Intel.
Sat Jan 25 18:51:53 2025 Googlesplat (Blue) [Headshot] zekebird (Red)
Sat Jan 25 18:51:58 2025 Maldita Lana joined Red team
Sat Jan 25 18:52:03 2025 KillerPollo (Red) [Headshot] . (Blue)
Sat Jan 25 18:52:06 2025 Stefanonimo (Red) [Headshot] Jamal (Blue)
Sat Jan 25 18:52:10 2025 Googlesplat (Blue) [Headshot] zekebird (Red)
Sat Jan 25 18:52:10 2025 by (Blue) [Shotgun] morgaan (Red)
Sat Jan 25 18:52:12 2025 Googlesplat (Blue) [Headshot] KomaR (Red)
Sat Jan 25 18:52:16 2025 rocck (Blue) [Headshot] Maldita Lana (Red)
Sat Jan 25 18:52:24 2025  Use /EMOTE to draw an emote on the map!
Sat Jan 25 18:52:27 2025 elpene69 (Blue) [Headshot] B-19 [LV-7] (Red)
Sat Jan 25 18:52:28 2025 Maldita Lana (Red) [Headshot] elpene69 (Blue)
Sat Jan 25 18:52:29 2025 Abaddon captured Red's Intel.
Sat Jan 25 18:52:30 2025 IlikeTrains picked up Red's Intel.
Sat Jan 25 18:52:33 2025 KillerPollo (Red) [SMG] Jamal (Blue)
Sat Jan 25 18:52:33 2025 Googlesplat (Blue) [Headshot] Maldita Lana (Red)
Sat Jan 25 18:52:33 2025 [Global] Maldita Lana (Red): hola elpene69
Sat Jan 25 18:52:35 2025 [Global] IlikeTrains (Blue): cry red
Sat Jan 25 18:52:36 2025 [Global] elpene69 (Blue): hola
Sat Jan 25 18:52:40 2025 Googlesplat (Blue) [Headshot] Maldita Lana (Red)
Sat Jan 25 18:52:41 2025 Googlesplat (Blue) [Headshot] B-19 [LV-7] (Red)
Sat Jan 25 18:52:41 2025 [Global] elpene69 (Blue): wtf
Sat Jan 25 18:52:43 2025 [Global] elpene69 (Blue): toxic
Sat Jan 25 18:52:49 2025 KomaR (Red) [Fall]
Sat Jan 25 18:52:50 2025 Googlesplat (Blue) [Grenade] zekebird (Red)
Sat Jan 25 18:52:51 2025 Googlesplat (Blue) [Headshot] B-19 [LV-7] (Red)
Sat Jan 25 18:52:57 2025 Googlesplat (Blue) [Headshot] zekebird (Red)
Sat Jan 25 18:52:58 2025  Cloroformo has a kill-death ratio of 0.57 (4 kills, 7 deaths, 0.30 kills per minute).
Sat Jan 25 18:52:58 2025  Cloroformo removed no blocks in the last 2.0 minutes.
Sat Jan 25 18:52:58 2025  IlikeTrains (#20) started a VOTEKICK against Cloroformo (#5). Say /Y to agree
Sat Jan 25 18:52:58 2025  Reason: grief, blocking stairs
Sat Jan 25 18:52:58 2025 Googlesplat (Blue) [Headshot] Maldita Lana (Red)
Sat Jan 25 18:52:59 2025 Mouse (Red) [Rifle] elpene69 (Blue)
Sat Jan 25 18:53:04 2025  . (#9) voted YES
Sat Jan 25 18:53:04 2025 Mouse (Red) [Headshot] Cloroformo (Blue)
Sat Jan 25 18:53:05 2025 elpene69 (Blue) [Headshot] Mouse (Red)
Sat Jan 25 18:53:07 2025 KillerPollo (Red) [SMG] by (Blue)
Sat Jan 25 18:53:08 2025 [Global] KomaR (Red): y
Sat Jan 25 18:53:12 2025 elpene69 (Blue) [Headshot] coik (Red)
Sat Jan 25 18:53:13 2025 Googlesplat (Blue) [Fall]
Sat Jan 25 18:53:18 2025  Googlesplat (#7) voted YES
Sat Jan 25 18:53:19 2025 noob (Blue) [Fall]
Sat Jan 25 18:53:20 2025 Maldita Lana (Red) [Headshot] rocck (Blue)
Sat Jan 25 18:53:20 2025 zekebird (Red) [Headshot] Jamal (Blue)
Sat Jan 25 18:53:20 2025  KomaR (#13) voted YES
Sat Jan 25 18:53:20 2025 IlikeTrains captured Red's Intel.
Sat Jan 25 18:53:20 2025 Blue Wins!
Sat Jan 25 18:53:20 2025  Game finished! Next map: Alpine.
Sat Jan 25 18:53:21 2025 [Global] coik (Red): GG
Sat Jan 25 18:53:22 2025 elpene69 (Blue) [Headshot] B-19 [LV-7] (Red)
Sat Jan 25 18:53:22 2025 Mouse (Red) [Headshot] . (Blue)
Sat Jan 25 18:53:22 2025 [Global] Jamal (Blue): gg
Sat Jan 25 18:53:23 2025 zekebird (Red) [Headshot] Jamal (Blue)
Sat Jan 25 18:53:23 2025 Googlesplat (Blue) [Rifle] Maldita Lana (Red)
Sat Jan 25 18:53:23 2025 elpene69 (Blue) [Headshot] coik (Red)
Sat Jan 25 18:53:23 2025 Use /APOC to unleash the apocalypse.
Sat Jan 25 18:53:23 2025 Cloroformo (Blue) [Rifle] coik (Red)
Sat Jan 25 18:53:23 2025 zekebird (Red) [Headshot] Jamal (Blue)
Sat Jan 25 18:53:24 2025 Googlesplat (Blue) [Headshot] zekebird (Red)
Sat Jan 25 18:53:24 2025 by (Blue) [Shotgun] zekebird (Red)
Sat Jan 25 18:53:24 2025 KomaR (Red) [SMG] elpene69 (Blue)
Sat Jan 25 18:53:24 2025 Abaddon (Blue) [SMG] zekebird (Red)
Sat Jan 25 18:53:24 2025  Use /HEAVEN to paint the babel platform!
Sat Jan 25 18:53:24 2025 noob (Blue) [Headshot] morgaan (Red)
Sat Jan 25 18:53:24 2025 Mouse (Red) [Rifle] by (Blue)
Sat Jan 25 18:53:25 2025 KomaR (Red) [SMG] R.I.O.T. (Blue)
Sat Jan 25 18:53:25 2025 Use /APOC to unleash the apocalypse.
Sat Jan 25 18:53:25 2025 Cloroformo (Blue) [Headshot] KillerPollo (Red)
Sat Jan 25 18:53:25 2025 morgaan (Red) [Grenade] noob (Blue)
Sat Jan 25 18:53:25 2025 KillerPollo (Red) [Grenade] Cloroformo (Blue)
Sat Jan 25 18:53:25 2025 Player Jamal has left
Sat Jan 25 18:53:26 2025 Googlesplat (Blue) [Headshot] Stefanonimo (Red)
Sat Jan 25 18:53:26 2025 morgaan (Red) [Grenade] Googlesplat (Blue)
Sat Jan 25 18:53:27 2025 Mouse (Red) [Fall]
Sat Jan 25 18:53:28 2025 IlikeTrains (Blue) [SMG] KomaR (Red)
Sat Jan 25 18:53:28 2025 IlikeTrains (Blue) [SMG] KomaR (Red)
Sat Jan 25 18:53:28 2025  IlikeTrains (#20) is votekicking Cloroformo (#5). /Y to vote (6 left)
Sat Jan 25 18:53:28 2025  Reason: grief, blocking stairs
Sat Jan 25 18:53:28 2025 rocck (Blue) [Fall]
Sat Jan 25 18:53:28 2025 [Global] Googlesplat (Blue): gg
Sat Jan 25 18:53:29 2025 [Global] elpene69 (Blue): jamal
Sat Jan 25 18:53:30 2025 [Global] KillerPollo (Red): .i. suck
Sat Jan 25 18:53:31 2025 ------ World Unloaded ------
Sat Jan 25 18:53:33 2025 Disconnecting
