Wed Feb  5 15:32:06 2025 ------ World Loaded ------
Wed Feb  5 15:32:06 2025 The Dark Horse (Red) [SMG] . (Blue)
Wed Feb  5 15:32:06 2025 Welcome to aloha.pk tower of babel
Wed Feb  5 15:32:07 2025 Map: Offshore by Danke
Wed Feb  5 15:32:09 2025 Game mode: babel
Wed Feb  5 15:32:11 2025 Build a tower to get the enemy's intel. Take it to your team's tent to win!
Wed Feb  5 15:32:13 2025 The Dark Horse (Red) [Headshot] MAXMAX1 (Blue)
Wed Feb  5 15:32:13 2025 Visit our community forum at https://aloha.pk/
Wed Feb  5 15:32:14 2025 DE joined Blue team
Wed Feb  5 15:32:15 2025 Come chat with us at https://discord.aloha.pk/
Wed Feb  5 15:32:16 2025 MAXMAX1 (Blue) [Fall]
Wed Feb  5 15:32:16 2025 . (Blue) [Fall]
Wed Feb  5 15:32:22 2025  Type /HELP for info & commands
Wed Feb  5 15:32:23 2025 Medved (Blue) [Team Change]
Wed Feb  5 15:32:23 2025  Medved switched teams
Wed Feb  5 15:32:28 2025 Medved joined Red team
Wed Feb  5 15:32:37 2025 The Dark Horse (Red) [SMG] . (Blue)
Wed Feb  5 15:32:40 2025 Player . has left
Wed Feb  5 15:32:46 2025 The Dark Horse (Red) [Headshot] MAXMAX1 (Blue)
Wed Feb  5 15:32:46 2025 rinonel (Blue) [Grenade] Iron_15 (Red)
Wed Feb  5 15:32:50 2025 Player MAXMAX1 has left
Wed Feb  5 15:32:55 2025 DE (Blue) [SMG] Deuce (Red)
Wed Feb  5 15:32:59 2025 Harry (Blue) [Headshot] The Dark Horse (Red)
Wed Feb  5 15:33:00 2025 DE (Blue) [Headshot] Mommy's Deuce (Red)
Wed Feb  5 15:33:00 2025 Mommy's Deuce (Red) [Grenade] rinonel (Blue)
Wed Feb  5 15:33:04 2025 Iron_15 (Red) [SMG] DE (Blue)
Wed Feb  5 15:33:07 2025 microwave joined Blue team
Wed Feb  5 15:33:11 2025 [Global] rinonel (Blue): YESSSS
Wed Feb  5 15:33:13 2025 [Global] rinonel (Blue): MICRO MY LOVE
Wed Feb  5 15:33:16 2025 [Global] rinonel (Blue): WE WINNN
Wed Feb  5 15:33:17 2025 [Global] microwave (Blue): heyy
Wed Feb  5 15:33:21 2025 Deuce (Red) [Headshot] DE (Blue)
Wed Feb  5 15:33:22 2025  Visit our community forums at https://aloha.pk/
Wed Feb  5 15:33:23 2025 Medved (Red) [Team Change]
Wed Feb  5 15:33:28 2025 Medved joined Blue team
Wed Feb  5 15:33:29 2025 Deuce (Red) [Headshot] microwave (Blue)
Wed Feb  5 15:33:30 2025 rinonel (Blue) [Headshot] The Dark Horse (Red)
Wed Feb  5 15:33:30 2025 Deuce (Red) [Headshot] Harry (Blue)
Wed Feb  5 15:33:33 2025 rinonel (Blue) [SMG] Deuce (Red)
Wed Feb  5 15:33:36 2025 Ashy joined Blue team
Wed Feb  5 15:33:41 2025 KissUrDad joined Red team
Wed Feb  5 15:33:46 2025 Medved (Blue) [Team Change]
Wed Feb  5 15:33:46 2025  Medved switched teams
Wed Feb  5 15:33:52 2025 [Global] Medved (Blue): fuck
Wed Feb  5 15:33:52 2025 Medved joined Red team
Wed Feb  5 15:33:56 2025 DE (Blue) [SMG] The Dark Horse (Red)
Wed Feb  5 15:34:02 2025 [Global] Ashy (Blue): cool map
Wed Feb  5 15:34:04 2025 [Global] The Dark Horse (Red): hp?
Wed Feb  5 15:34:09 2025 DE (Blue) [Headshot] Medved (Red)
Wed Feb  5 15:34:10 2025 Mommy's Deuce (Red) [Headshot] DE (Blue)
Wed Feb  5 15:34:10 2025 vivian<3 joined Blue team
Wed Feb  5 15:34:15 2025 Deuce (Red) [Headshot] microwave (Blue)
Wed Feb  5 15:34:19 2025 [Global] Medved (Red): fuck
Wed Feb  5 15:34:21 2025 Deuce (Red) [Headshot] Harry (Blue)
Wed Feb  5 15:34:22 2025  Come chat with us at https://discord.aloha.pk/
Wed Feb  5 15:34:23 2025 Iron_15 (Red) [Headshot] rinonel (Blue)
Wed Feb  5 15:34:29 2025 Iron_15 (Red) [Fall]
Wed Feb  5 15:34:33 2025 Ashy (Blue) [Rifle]
Wed Feb  5 15:34:34 2025 microwave (Blue) [Headshot] Deuce (Red)
Wed Feb  5 15:34:40 2025 The Dark Horse (Red) [Headshot] microwave (Blue)
Wed Feb  5 15:34:53 2025 KissUrDad (Red) [SMG]
Wed Feb  5 15:34:59 2025 microwave (Blue) [Headshot] Medved (Red)
Wed Feb  5 15:35:05 2025 microwave (Blue) [Headshot] Mommy's Deuce (Red)
Wed Feb  5 15:35:09 2025 Player Medved has left
Wed Feb  5 15:35:10 2025 The Dark Horse (Red) [SMG] vivian<3 (Blue)
Wed Feb  5 15:35:10 2025 [Global] Mommy's Deuce (Red): bad microwave
Wed Feb  5 15:35:16 2025 Deuce (Red) [Headshot] DE (Blue)
Wed Feb  5 15:35:22 2025  If you believe a player is breaking the rules, please let us know with /ADMIN
Wed Feb  5 15:35:23 2025 Medved joined Red team
Wed Feb  5 15:35:24 2025 Deuce (Red) [Headshot] rinonel (Blue)
Wed Feb  5 15:35:28 2025  Medved is disabled from building
Wed Feb  5 15:35:29 2025 microwave (Blue) [Headshot] Deuce (Red)
Wed Feb  5 15:35:30 2025 spader joined Red team
Wed Feb  5 15:35:35 2025 DE (Blue) [Headshot] KissUrDad (Red)
Wed Feb  5 15:35:38 2025 You must be closer to the enemy's base to shoot blocks!
Wed Feb  5 15:35:40 2025 The Dark Horse (Red) [SMG] DE (Blue)
Wed Feb  5 15:35:48 2025 spader (Red) [Headshot] microwave (Blue)
Wed Feb  5 15:35:56 2025 Player Iron_15 has left
Wed Feb  5 15:36:00 2025 Deuce (Red) [Headshot] vivian<3 (Blue)
Wed Feb  5 15:36:04 2025 Deuce (Red) [Headshot] rinonel (Blue)
Wed Feb  5 15:36:07 2025 microwave (Blue) [Headshot] Mommy's Deuce (Red)
Wed Feb  5 15:36:10 2025 Deuce (Red) [Headshot] microwave (Blue)
Wed Feb  5 15:36:15 2025 The Dark Horse (Red) [Headshot] DE (Blue)
Wed Feb  5 15:36:21 2025 Harry (Blue) [Headshot] KissUrDad (Red)
Wed Feb  5 15:36:22 2025  This server runs imger and glow. Use /IMG or /GLOW to toggle them.
Wed Feb  5 15:36:27 2025 BomberManxres joined Blue team
Wed Feb  5 15:36:35 2025 [Global] Medved (Red): ?EMOTE
Wed Feb  5 15:36:38 2025 microwave (Blue) [Rifle] The Dark Horse (Red)
Wed Feb  5 15:36:45 2025 microwave (Blue) [Headshot] KissUrDad (Red)
Wed Feb  5 15:36:45 2025 Harry (Blue) [Fall]
Wed Feb  5 15:36:50 2025 rinonel (Blue) [SMG]
Wed Feb  5 15:36:56 2025 Deuce (Red) [Headshot] Ashy (Blue)
Wed Feb  5 15:36:58 2025 David (Red) [Fall]
Wed Feb  5 15:37:00 2025 Deuce (Red) [Headshot] vivian<3 (Blue)
Wed Feb  5 15:37:09 2025 Deuce (Red) [Headshot] Harry (Blue)
Wed Feb  5 15:37:10 2025 microwave (Blue) [Headshot] The Dark Horse (Red)
Wed Feb  5 15:37:12 2025 microwave (Blue) [Headshot] KissUrDad (Red)
Wed Feb  5 15:37:14 2025 Deuce (Red) [Headshot] microwave (Blue)
Wed Feb  5 15:37:20 2025 Deuce (Red) [Rifle] rinonel (Blue)
Wed Feb  5 15:37:20 2025 spader (Red) [Headshot] vivian<3 (Blue)
Wed Feb  5 15:37:22 2025 microwave (Blue) [Rifle] spader (Red)
Wed Feb  5 15:37:22 2025  Use /EMOTE to draw an emote on the map!
Wed Feb  5 15:37:26 2025 Deuce (Red) [Headshot] microwave (Blue)
Wed Feb  5 15:37:32 2025 [Team] rinonel (Blue): ready for spader to cry hacks? xD
Wed Feb  5 15:37:32 2025 Mommy's Deuce (Red) [Fall]
Wed Feb  5 15:37:35 2025 Deuce (Red) [Headshot] Ashy (Blue)
Wed Feb  5 15:37:36 2025 The Dark Horse (Red) [Headshot] BomberManxres (Blue)
Wed Feb  5 15:37:37 2025 Deuce (Red) [Headshot] vivian<3 (Blue)
Wed Feb  5 15:37:38 2025 Deuce (Red) [Headshot] rinonel (Blue)
Wed Feb  5 15:37:46 2025 Deuce (Red) [Headshot] BomberManxres (Blue)
Wed Feb  5 15:37:49 2025 DE (Blue) [Rifle] The Dark Horse (Red)
Wed Feb  5 15:37:49 2025 Deuce (Red) [Headshot] vivian<3 (Blue)
Wed Feb  5 15:37:51 2025 microwave (Blue) [Headshot] Deuce (Red)
Wed Feb  5 15:38:05 2025 The Dark Horse (Red) [Headshot] DE (Blue)
Wed Feb  5 15:38:06 2025 spader (Red) [Headshot] BomberManxres (Blue)
Wed Feb  5 15:38:08 2025 Player BomberManxres has left
Wed Feb  5 15:38:16 2025 Deuce (Red) [Headshot] vivian<3 (Blue)
Wed Feb  5 15:38:17 2025 Deuce (Red) [Headshot] rinonel (Blue)
Wed Feb  5 15:38:20 2025 spader (Red) [Headshot] DE (Blue)
Wed Feb  5 15:38:21 2025 microwave (Blue) [Headshot] Deuce (Red)
Wed Feb  5 15:38:22 2025  Use /HEAVEN to paint the babel platform!
Wed Feb  5 15:38:22 2025 The Dark Horse (Red) [Headshot] Harry (Blue)
Wed Feb  5 15:38:26 2025 microwave (Blue) [Headshot] Mommy's Deuce (Red)
Wed Feb  5 15:38:32 2025 spader (Red) [Headshot] rinonel (Blue)
Wed Feb  5 15:38:36 2025 [Team] rinonel (Blue): right of tent
Wed Feb  5 15:38:38 2025 [Team] rinonel (Blue): spader
Wed Feb  5 15:38:43 2025 KissUrDad (Red) [Fall]
Wed Feb  5 15:38:43 2025 microwave (Blue) [Headshot] David (Red)
Wed Feb  5 15:38:45 2025 microwave (Blue) [Headshot] Mommy's Deuce (Red)
Wed Feb  5 15:38:45 2025 The Dark Horse (Red) [Headshot] Harry (Blue)
Wed Feb  5 15:38:47 2025 Deuce (Red) [Headshot] vivian<3 (Blue)
Wed Feb  5 15:38:50 2025 spader (Red) [Rifle] rinonel (Blue)
Wed Feb  5 15:38:51 2025 The Dark Horse (Red) [Headshot] DE (Blue)
Wed Feb  5 15:38:55 2025 rinonel (Blue) [SMG] spader (Red)
Wed Feb  5 15:39:01 2025 microwave (Blue) [Headshot] Medved (Red)
Wed Feb  5 15:39:06 2025 Player Medved has left
Wed Feb  5 15:39:13 2025 microwave (Blue) [Headshot] Mommy's Deuce (Red)
Wed Feb  5 15:39:21 2025 Deuce (Red) [Headshot] vivian<3 (Blue)
Wed Feb  5 15:39:22 2025  Get a 20 killstreak and 1 intel capture(s) to unlock /APOC!
Wed Feb  5 15:39:24 2025 DE (Blue) [Headshot] The Dark Horse (Red)
Wed Feb  5 15:39:27 2025 microwave (Blue) [Headshot] spader (Red)
Wed Feb  5 15:39:29 2025 microwave (Blue) [Headshot] Deuce (Red)
Wed Feb  5 15:39:44 2025  David has reached 1000 blocks placed! /heaven unlocked.
Wed Feb  5 15:39:56 2025 microwave (Blue) [Rifle] The Dark Horse (Red)
Wed Feb  5 15:40:02 2025 Deuce (Red) [Rifle] microwave (Blue)
Wed Feb  5 15:40:09 2025 Deuce (Red) [Headshot] rinonel (Blue)
Wed Feb  5 15:40:20 2025 KissUrDad picked up Blue's Intel.
Wed Feb  5 15:40:22 2025  Capture your team's 5th intel to unlock /APOC for your team's best builder!
Wed Feb  5 15:40:31 2025 The Dark Horse (Red) [SMG] DE (Blue)
Wed Feb  5 15:40:38 2025 Deuce (Red) [Headshot] Ashy (Blue)
Wed Feb  5 15:40:46 2025 Deuce (Red) [Headshot] vivian<3 (Blue)
Wed Feb  5 15:40:46 2025 rinonel (Blue) [Headshot] spader (Red)
Wed Feb  5 15:40:49 2025 Harry (Blue) [Grenade]
Wed Feb  5 15:40:49 2025 You must be closer to the enemy's base to grenade blocks!
Wed Feb  5 15:40:50 2025 You must be closer to the enemy's base to grenade blocks!
Wed Feb  5 15:40:54 2025 Deuce (Red) [Headshot] microwave (Blue)
Wed Feb  5 15:41:01 2025 Deuce (Red) [Headshot] DE (Blue)
Wed Feb  5 15:41:10 2025 spader (Red) [Headshot] rinonel (Blue)
Wed Feb  5 15:41:22 2025  Mahalo for playing aloha.pk tower of babel
Wed Feb  5 15:41:25 2025 microwave (Blue) [Headshot] The Dark Horse (Red)
Wed Feb  5 15:41:26 2025 KissUrDad captured Blue's Intel.
Wed Feb  5 15:41:30 2025 microwave (Blue) [Headshot] Deuce (Red)
Wed Feb  5 15:41:31 2025 microwave (Blue) [Headshot] Mommy's Deuce (Red)
Wed Feb  5 15:41:52 2025 Mommy's Deuce (Red) [Headshot] DE (Blue)
Wed Feb  5 15:42:07 2025 Deuce (Red) [Headshot] microwave (Blue)
Wed Feb  5 15:42:12 2025 Player Ashy has left
Wed Feb  5 15:42:14 2025 rinonel (Blue) [Headshot] Mommy's Deuce (Red)
Wed Feb  5 15:42:22 2025  Build a tower to get the enemy's intel. Take it to your team's tent to win!
Wed Feb  5 15:42:22 2025 KissUrDad picked up Blue's Intel.
Wed Feb  5 15:42:26 2025 Deuce (Red) [Headshot] Harry (Blue)
Wed Feb  5 15:42:26 2025 The Dark Horse (Red) [Fall]
Wed Feb  5 15:42:28 2025 Deuce (Red) [Headshot] DE (Blue)
Wed Feb  5 15:42:31 2025 snofy joined Blue team
Wed Feb  5 15:42:32 2025 Deuce (Red) [Headshot] microwave (Blue)
Wed Feb  5 15:42:33 2025 Mommy's Deuce (Red) [Headshot] rinonel (Blue)
Wed Feb  5 15:42:39 2025 Elprosaso joined Spectator team
Wed Feb  5 15:42:39 2025 Player The Dark Horse has left
Wed Feb  5 15:42:39 2025 [Global] KissUrDad (Red): shit they cut it good gaddamn
Wed Feb  5 15:42:49 2025 [Global] rinonel (Blue): just jump bro you acn make it trust me bro
Wed Feb  5 15:42:52 2025 Harry (Blue) [Headshot] Deuce (Red)
Wed Feb  5 15:42:58 2025 KissUrDad dropped Blue's Intel
Wed Feb  5 15:42:58 2025  The intel has returned to the heavens
Wed Feb  5 15:42:58 2025 KissUrDad (Red) [Fall]
Wed Feb  5 15:43:00 2025 [Global] rinonel (Blue): xD
Wed Feb  5 15:43:02 2025 [Global] rinonel (Blue): he actually did it
Wed Feb  5 15:43:04 2025 Deuce (Red) [Headshot] DE (Blue)
Wed Feb  5 15:43:05 2025 spader (Red) [Headshot] snofy (Blue)
Wed Feb  5 15:43:12 2025 microwave (Blue) [Headshot] Deuce (Red)
Wed Feb  5 15:43:17 2025 spader (Red) [Headshot] Harry (Blue)
Wed Feb  5 15:43:19 2025 spader (Red) [Headshot] vivian<3 (Blue)
Wed Feb  5 15:43:22 2025  Type /HELP for info & commands
Wed Feb  5 15:43:27 2025 spader (Red) [Headshot] snofy (Blue)
Wed Feb  5 15:43:33 2025 spader (Red) [Headshot] DE (Blue)
Wed Feb  5 15:43:39 2025 microwave (Blue) [Headshot] David (Red)
Wed Feb  5 15:43:46 2025 Deuce (Red) [Headshot] rinonel (Blue)
Wed Feb  5 15:43:47 2025 Ashy joined Blue team
Wed Feb  5 15:43:49 2025 microwave (Blue) [Headshot] Deuce (Red)
Wed Feb  5 15:43:51 2025 spader (Red) [Headshot] Harry (Blue)
Wed Feb  5 15:43:55 2025 microwave (Blue) [Headshot] Deuce (Red)
Wed Feb  5 15:44:05 2025 Deuce (Red) [Headshot] microwave (Blue)
Wed Feb  5 15:44:09 2025 Snooping as usu joined Red team
Wed Feb  5 15:44:12 2025 spader (Red) [Headshot] snofy (Blue)
Wed Feb  5 15:44:14 2025 vivian<3 (Blue) [Headshot] spader (Red)
Wed Feb  5 15:44:22 2025  Visit our community forums at https://aloha.pk/
Wed Feb  5 15:44:27 2025 Deuce (Red) [Headshot] rinonel (Blue)
Wed Feb  5 15:44:28 2025 parawhore joined Red team
Wed Feb  5 15:44:29 2025 Deuce (Red) [Headshot] Harry (Blue)
Wed Feb  5 15:44:33 2025 microwave (Blue) [Headshot] KissUrDad (Red)
Wed Feb  5 15:44:38 2025 microwave (Blue) [Headshot] spader (Red)
Wed Feb  5 15:44:41 2025 Deuce (Red) [Headshot] rinonel (Blue)
Wed Feb  5 15:44:54 2025 Deuce (Red) [Rifle] DE (Blue)
Wed Feb  5 15:44:55 2025 [Team] rinonel (Blue): left of bridge
Wed Feb  5 15:44:55 2025 Deuce (Red) [Headshot] Harry (Blue)
Wed Feb  5 15:45:02 2025 microwave (Blue) [Headshot] KissUrDad (Red)
Wed Feb  5 15:45:10 2025 Deuce (Red) [Headshot] DE (Blue)
Wed Feb  5 15:45:21 2025 You must be closer to the enemy's base to grenade blocks!
Wed Feb  5 15:45:22 2025  Come chat with us at https://discord.aloha.pk/
Wed Feb  5 15:45:22 2025 You must be closer to the enemy's base to grenade blocks!
Wed Feb  5 15:45:23 2025 You must be closer to the enemy's base to grenade blocks!
Wed Feb  5 15:45:26 2025 microwave (Blue) [Rifle] spader (Red)
Wed Feb  5 15:45:27 2025 Deuce (Red) [Headshot] DE (Blue)
Wed Feb  5 15:45:35 2025 Harry (Blue) [Headshot] Deuce (Red)
Wed Feb  5 15:45:36 2025 Mommy's Deuce (Red) [Headshot] rinonel (Blue)
Wed Feb  5 15:45:44 2025 microwave (Blue) [Headshot] Deuce (Red)
Wed Feb  5 15:45:58 2025 Snooping as usu (Red) [Fall]
Wed Feb  5 15:45:58 2025 Player Mommy's Deuce has left
Wed Feb  5 15:45:59 2025 parawhore (Red) [Headshot] DE (Blue)
Wed Feb  5 15:46:01 2025 parawhore (Red) [Headshot] Harry (Blue)
Wed Feb  5 15:46:03 2025 Deuce (Red) [Headshot] microwave (Blue)
Wed Feb  5 15:46:07 2025 vivian<3 (Blue) [Headshot] KissUrDad (Red)
Wed Feb  5 15:46:10 2025 Player Snooping as usu has left
Wed Feb  5 15:46:10 2025 parawhore (Red) [Headshot] vivian<3 (Blue)
Wed Feb  5 15:46:16 2025 [Team] Ashy (Blue): theyre up
Wed Feb  5 15:46:21 2025 [Team] Ashy (Blue): camping
Wed Feb  5 15:46:22 2025  If you believe a player is breaking the rules, please let us know with /ADMIN
Wed Feb  5 15:46:22 2025 Deuce (Red) [Headshot] rinonel (Blue)
Wed Feb  5 15:46:24 2025 Deuce (Red) [Headshot] DE (Blue)
Wed Feb  5 15:46:25 2025 Ashy (Blue) [Headshot] parawhore (Red)
Wed Feb  5 15:46:26 2025 Player rinonel has left
Wed Feb  5 15:46:28 2025 spader (Red) [Rifle] Ashy (Blue)
Wed Feb  5 15:46:30 2025 Deuce (Red) [Headshot] Harry (Blue)
Wed Feb  5 15:46:34 2025 microwave (Blue) [Headshot] KissUrDad (Red)
Wed Feb  5 15:46:38 2025 spader (Red) [Fall]
Wed Feb  5 15:46:41 2025 Deuce (Red) [Headshot] DE (Blue)
Wed Feb  5 15:46:50 2025 Deuce (Red) [Headshot] Ashy (Blue)
Wed Feb  5 15:47:01 2025 Deuce (Red) [Headshot] Harry (Blue)
Wed Feb  5 15:47:04 2025 Deuce (Red) [Headshot] DE (Blue)
Wed Feb  5 15:47:05 2025 parawhore (Red) [SMG] microwave (Blue)
Wed Feb  5 15:47:06 2025 parawhore (Red) [Fall]
Wed Feb  5 15:47:06 2025 spader (Red) [Fall]
Wed Feb  5 15:47:07 2025 Deuce (Red) [Headshot] DE (Blue)
Wed Feb  5 15:47:22 2025  This server runs imger and glow. Use /IMG or /GLOW to toggle them.
Wed Feb  5 15:47:22 2025 snofy (Blue) [Rifle] KissUrDad (Red)
Wed Feb  5 15:47:22 2025 parawhore (Red) [Headshot] snofy (Blue)
Wed Feb  5 15:47:23 2025 Deuce (Red) [Headshot] DE (Blue)
Wed Feb  5 15:47:24 2025 microwave (Blue) [Rifle] Deuce (Red)
Wed Feb  5 15:47:29 2025 Player spader has left
Wed Feb  5 15:47:45 2025 Deuce (Red) [Headshot] snofy (Blue)
Wed Feb  5 15:47:54 2025 Deuce (Red) [Headshot] Harry (Blue)
Wed Feb  5 15:47:57 2025 Player KissUrDad has left
Wed Feb  5 15:48:01 2025 parawhore (Red) [SMG] DE (Blue)
Wed Feb  5 15:48:13 2025 Deuce (Red) [Headshot] snofy (Blue)
Wed Feb  5 15:48:15 2025 Deuce (Red) [Headshot] vivian<3 (Blue)
Wed Feb  5 15:48:22 2025  Use /EMOTE to draw an emote on the map!
Wed Feb  5 15:48:22 2025 Harry (Blue) [Headshot] Deuce (Red)
Wed Feb  5 15:48:27 2025 parawhore (Red) [SMG] DE (Blue)
Wed Feb  5 15:48:35 2025 Deuce (Red) [Headshot] microwave (Blue)
Wed Feb  5 15:48:56 2025 Deuce (Red) [Headshot] microwave (Blue)
Wed Feb  5 15:49:00 2025 Deuce (Red) [Headshot] vivian<3 (Blue)
Wed Feb  5 15:49:08 2025 Player Deuce has left
Wed Feb  5 15:49:13 2025 Player microwave has left
Wed Feb  5 15:49:14 2025 Player vivian<3 has left
Wed Feb  5 15:49:22 2025  Use /HEAVEN to paint the babel platform!
Wed Feb  5 15:49:28 2025 DE picked up Red's Intel.
Wed Feb  5 15:50:05 2025 DE captured Red's Intel.
Wed Feb  5 15:50:22 2025  Get a 20 killstreak and 1 intel capture(s) to unlock /APOC!
Wed Feb  5 15:50:31 2025 You must be closer to the enemy's base to grenade blocks!
Wed Feb  5 15:50:36 2025 David (Red) [Headshot] snofy (Blue)
Wed Feb  5 15:50:36 2025 Harry (Blue) [Melee] parawhore (Red)
Wed Feb  5 15:50:36 2025 parawhore (Red) [Grenade] Harry (Blue)
Wed Feb  5 15:50:45 2025 DE picked up Red's Intel.
Wed Feb  5 15:51:05 2025 parawhore (Red) [SMG] Harry (Blue)
Wed Feb  5 15:51:13 2025 DE captured Red's Intel.
Wed Feb  5 15:51:16 2025 Player snofy has left
Wed Feb  5 15:51:22 2025  Capture your team's 5th intel to unlock /APOC for your team's best builder!
Wed Feb  5 15:51:27 2025 Ashy (Blue) [Headshot] parawhore (Red)
Wed Feb  5 15:51:50 2025 DE picked up Red's Intel.
Wed Feb  5 15:52:16 2025 parawhore (Red) [Headshot] Ashy (Blue)
Wed Feb  5 15:52:19 2025 DE captured Red's Intel.
Wed Feb  5 15:52:22 2025  Mahalo for playing aloha.pk tower of babel
Wed Feb  5 15:52:34 2025 Medved joined Blue team
Wed Feb  5 15:52:35 2025 Harry (Blue) [Headshot] parawhore (Red)
Wed Feb  5 15:52:50 2025 DE picked up Red's Intel.
Wed Feb  5 15:52:57 2025 parawhore (Red) [SMG] Medved (Blue)
Wed Feb  5 15:53:00 2025 Player Elprosaso has left
Wed Feb  5 15:53:01 2025 I DIG TOWER joined Red team
Wed Feb  5 15:53:18 2025 DE captured Red's Intel.
Wed Feb  5 15:53:22 2025  Build a tower to get the enemy's intel. Take it to your team's tent to win!
Wed Feb  5 15:53:37 2025 [Global] Ashy (Blue): i heard that
Wed Feb  5 15:53:42 2025 Harry (Blue) [Rifle] I DIG TOWER (Red)
Wed Feb  5 15:54:00 2025 parawhore (Red) [Headshot] Ashy (Blue)
Wed Feb  5 15:54:05 2025 parawhore (Red) [SMG] Medved (Blue)
Wed Feb  5 15:54:06 2025 [Team] Ashy (Blue): digging /!\
Wed Feb  5 15:54:06 2025 Harry (Blue) [Headshot] parawhore (Red)
Wed Feb  5 15:54:09 2025 DE picked up Red's Intel.
Wed Feb  5 15:54:10 2025 David (Red) [Rifle]
Wed Feb  5 15:54:22 2025  Type /HELP for info & commands
Wed Feb  5 15:54:24 2025 Nassa joined Blue team
Wed Feb  5 15:54:35 2025 I DIG TOWER (Red) [Headshot] Ashy (Blue)
Wed Feb  5 15:54:35 2025  With 25 blocks placed, Harry is granted the right to unleash the apocalypse.
Wed Feb  5 15:54:35 2025 God has given you the right to unleash the apocalypse.
Wed Feb  5 15:54:35 2025 Use /APOC to unleash the apocalypse.
Wed Feb  5 15:54:35 2025 DE captured Red's Intel.
Wed Feb  5 15:54:38 2025 Use /APOC to unleash the apocalypse.
Wed Feb  5 15:54:38 2025 Harry (Blue) [Rifle] I DIG TOWER (Red)
Wed Feb  5 15:54:40 2025 [Global] I DIG TOWER (Red): idiot
Wed Feb  5 15:54:44 2025  Harry has unleashed an apocalypse from God.
Wed Feb  5 15:54:45 2025 [Global] DE (Blue): harry type /apoc
Wed Feb  5 15:54:46 2025  The apocalypse begins in 5
Wed Feb  5 15:54:46 2025 [Global] DE (Blue): ty
Wed Feb  5 15:54:47 2025  The apocalypse begins in 4
Wed Feb  5 15:54:48 2025  The apocalypse begins in 3
Wed Feb  5 15:54:49 2025  The apocalypse begins in 2
Wed Feb  5 15:54:50 2025  The apocalypse begins in 1
Wed Feb  5 15:54:54 2025 Harry (Blue) [Grenade] I DIG TOWER (Red)
Wed Feb  5 15:54:54 2025 Harry (Blue) [Grenade]
Wed Feb  5 15:55:02 2025 Ashy (Blue) [Rifle]
Wed Feb  5 15:55:08 2025  The apocalypse has ended.
Wed Feb  5 15:55:08 2025 otvertka1337 joined Red team
Wed Feb  5 15:55:09 2025 Player I DIG TOWER has left
Wed Feb  5 15:55:09 2025 Nassa (Blue) [Fall]
Wed Feb  5 15:55:10 2025 Medved (Blue) [Fall]
Wed Feb  5 15:55:10 2025 Qult--- joined Spectator team
Wed Feb  5 15:55:12 2025 DE picked up Red's Intel.
Wed Feb  5 15:55:22 2025  Visit our community forums at https://aloha.pk/
Wed Feb  5 15:55:23 2025 DE dropped Red's Intel
Wed Feb  5 15:55:23 2025  The intel has returned to the heavens
Wed Feb  5 15:55:23 2025 DE (Blue) [Fall]
Wed Feb  5 15:55:25 2025 You must be closer to the enemy's base to grenade blocks!
Wed Feb  5 15:55:26 2025 You must be closer to the enemy's base to grenade blocks!
Wed Feb  5 15:55:30 2025 Harry (Blue) [Grenade] parawhore (Red)
Wed Feb  5 15:55:30 2025 You must be closer to the enemy's base to grenade blocks!
Wed Feb  5 15:55:46 2025 [Global] DE (Blue): Qult, do me a fav and permaban my Ip
Wed Feb  5 15:55:48 2025 [Global] DE (Blue): im tired of AoS
Wed Feb  5 15:56:06 2025 parawhore (Red) [Headshot] Medved (Blue)
Wed Feb  5 15:56:13 2025 parawhore (Red) [SMG] Harry (Blue)
Wed Feb  5 15:56:13 2025 Nassa (Blue) [Headshot] parawhore (Red)
Wed Feb  5 15:56:13 2025 Player Medved has left
Wed Feb  5 15:56:22 2025  Come chat with us at https://discord.aloha.pk/
Wed Feb  5 15:56:24 2025 parawhore (Red) [SMG] Nassa (Blue)
Wed Feb  5 15:56:29 2025 DE picked up Red's Intel.
Wed Feb  5 15:56:35 2025 otvertka1337 (Red) [Headshot] Harry (Blue)
Wed Feb  5 15:56:43 2025 parawhore (Red) [SMG] Nassa (Blue)
Wed Feb  5 15:56:57 2025 Harry (Blue) [Headshot] parawhore (Red)
Wed Feb  5 15:56:57 2025  Qult--- has a kill-death ratio of 0.00 (0 kills, 0 deaths, 0.00 kills per minute).
Wed Feb  5 15:56:57 2025  Qult--- removed no blocks in the last 2.0 minutes. Qult--- joined Spectator team 1
Wed Feb  5 15:56:57 2025  minute, 47 seconds ago.
Wed Feb  5 15:56:57 2025  DE (#10) started a VOTEKICK against Qult--- (#1). Say /Y to agree
Wed Feb  5 15:56:57 2025  Reason: permaban my ip pl0x
Wed Feb  5 15:57:01 2025 axel465 joined Blue team
Wed Feb  5 15:57:04 2025  parawhore (#6) voted YES
Wed Feb  5 15:57:08 2025 DE captured Red's Intel.
Wed Feb  5 15:57:22 2025  If you believe a player is breaking the rules, please let us know with /ADMIN
Wed Feb  5 15:57:23 2025 otvertka1337 (Red) [Headshot] DE (Blue)
Wed Feb  5 15:57:23 2025 parawhore (Red) [Headshot] axel465 (Blue)
Wed Feb  5 15:57:24 2025 parawhore (Red) [Headshot] Nassa (Blue)
Wed Feb  5 15:57:27 2025  DE (#10) is votekicking Qult--- (#1). /Y to vote (3 left)
Wed Feb  5 15:57:27 2025  Reason: permaban my ip pl0x
Wed Feb  5 15:57:30 2025 parawhore (Red) [Headshot] Harry (Blue)
Wed Feb  5 15:57:38 2025 parawhore (Red) [SMG] axel465 (Blue)
Wed Feb  5 15:57:39 2025  Nassa (#3) voted YES
Wed Feb  5 15:57:54 2025 parawhore (Red) [SMG] Ashy (Blue)
Wed Feb  5 15:57:57 2025  DE (#10) is votekicking Qult--- (#1). /Y to vote (2 left)
Wed Feb  5 15:57:57 2025  Reason: permaban my ip pl0x
Wed Feb  5 15:58:00 2025 DE picked up Red's Intel.
Wed Feb  5 15:58:09 2025 DE dropped Red's Intel
Wed Feb  5 15:58:09 2025  The intel has returned to the heavens
Wed Feb  5 15:58:09 2025 parawhore (Red) [SMG] DE (Blue)
Wed Feb  5 15:58:10 2025 axel465 (Blue) [Headshot] parawhore (Red)
Wed Feb  5 15:58:22 2025  This server runs imger and glow. Use /IMG or /GLOW to toggle them.
Wed Feb  5 15:58:27 2025  DE (#10) is votekicking Qult--- (#1). /Y to vote (2 left)
Wed Feb  5 15:58:27 2025  Reason: permaban my ip pl0x
Wed Feb  5 15:58:40 2025 Ashy (Blue) [Headshot] parawhore (Red)
Wed Feb  5 15:58:49 2025 Nassa (Blue) [SMG] David (Red)
Wed Feb  5 15:58:57 2025  Votekick for Qult--- (#1) has ended. Votekick timed out
Wed Feb  5 15:58:58 2025 r3algood joined Red team
Wed Feb  5 15:59:02 2025 DE picked up Red's Intel.
Wed Feb  5 15:59:18 2025 axel465 (Blue) [Headshot] parawhore (Red)
Wed Feb  5 15:59:22 2025  Use /EMOTE to draw an emote on the map!
Wed Feb  5 15:59:25 2025 axel465 (Blue) [Headshot] r3algood (Red)
Wed Feb  5 15:59:31 2025 DE captured Red's Intel.
Wed Feb  5 15:59:42 2025 r3algood (Red) [Headshot] axel465 (Blue)
Wed Feb  5 15:59:52 2025 Ashy (Blue) [Headshot] parawhore (Red)
Wed Feb  5 16:00:04 2025 r3algood (Red) [Headshot] Harry (Blue)
Wed Feb  5 16:00:09 2025 r3algood (Red) [SMG] DE (Blue)
Wed Feb  5 16:00:13 2025 parawhore (Red) [Headshot] Nassa (Blue)
Wed Feb  5 16:00:17 2025 [Global] DE (Blue): i just want the map to change
Wed Feb  5 16:00:19 2025 parawhore (Red) [Headshot] Ashy (Blue)
Wed Feb  5 16:00:19 2025 Harry (Blue) [Headshot] r3algood (Red)
Wed Feb  5 16:00:19 2025 [Global] DE (Blue): can you not
Wed Feb  5 16:00:20 2025 parawhore (Red) [Headshot] axel465 (Blue)
Wed Feb  5 16:00:22 2025  Use /HEAVEN to paint the babel platform!
Wed Feb  5 16:00:25 2025 [Global] DE (Blue): weve been stcuik here for ages
Wed Feb  5 16:00:32 2025 parawhore (Red) [Headshot] Harry (Blue)
Wed Feb  5 16:00:38 2025 parawhore (Red) [Headshot] Nassa (Blue)
Wed Feb  5 16:00:42 2025 [Global] r3algood (Red): pink block of peace
Wed Feb  5 16:00:43 2025 otvertka1337 (Red) [Headshot] DE (Blue)
Wed Feb  5 16:00:44 2025 Harry (Blue) [Headshot] otvertka1337 (Red)
Wed Feb  5 16:00:51 2025 parawhore (Red) [Headshot] Harry (Blue)
Wed Feb  5 16:00:52 2025 [Global] DE (Blue): will do
Wed Feb  5 16:01:04 2025 parawhore (Red) [SMG] DE (Blue)
Wed Feb  5 16:01:09 2025 parawhore (Red) [Headshot] Harry (Blue)
Wed Feb  5 16:01:13 2025 parawhore (Red) [Headshot] Ashy (Blue)
Wed Feb  5 16:01:17 2025 Nassa (Blue) [Headshot] r3algood (Red)
Wed Feb  5 16:01:22 2025 parawhore (Red) [SMG] DE (Blue)
Wed Feb  5 16:01:22 2025  Get a 20 killstreak and 1 intel capture(s) to unlock /APOC!
Wed Feb  5 16:01:26 2025 parawhore (Red) [SMG] Nassa (Blue)
Wed Feb  5 16:01:33 2025 parawhore (Red) [Headshot] Ashy (Blue)
Wed Feb  5 16:01:36 2025 parawhore (Red) [SMG] DE (Blue)
Wed Feb  5 16:01:36 2025 1 joined Red team
Wed Feb  5 16:01:41 2025 parawhore (Red) [Headshot] Harry (Blue)
Wed Feb  5 16:01:42 2025 Nassa (Blue) [Headshot] parawhore (Red)
Wed Feb  5 16:02:08 2025 parawhore (Red) [SMG] Nassa (Blue)
Wed Feb  5 16:02:11 2025 DE picked up Red's Intel.
Wed Feb  5 16:02:17 2025 axel465 (Blue) [Shotgun]
Wed Feb  5 16:02:17 2025 Harry (Blue) [Headshot] 1 (Red)
Wed Feb  5 16:02:22 2025  Capture your team's 5th intel to unlock /APOC for your team's best builder!
Wed Feb  5 16:02:22 2025 parawhore (Red) [Headshot] Ashy (Blue)
Wed Feb  5 16:02:25 2025 parawhore (Red) [SMG] Harry (Blue)
Wed Feb  5 16:02:35 2025 parawhore (Red) [Headshot] Ashy (Blue)
Wed Feb  5 16:02:36 2025 Harry (Blue) [Headshot] parawhore (Red)
Wed Feb  5 16:02:38 2025 DE captured Red's Intel.
Wed Feb  5 16:02:54 2025 r3algood (Red) [SMG] DE (Blue)
Wed Feb  5 16:02:55 2025 1 (Red) [Headshot] Nassa (Blue)
Wed Feb  5 16:02:56 2025 otvertka1337 (Red) [Rifle] axel465 (Blue)
Wed Feb  5 16:02:58 2025 Harry (Blue) [Grenade] r3algood (Red)
Wed Feb  5 16:02:58 2025 You must be closer to the enemy's base to grenade blocks!
Wed Feb  5 16:03:01 2025 1 (Red) [Team Change]
Wed Feb  5 16:03:01 2025 [Global] r3algood (Red): nice nade
Wed Feb  5 16:03:03 2025 Ashy (Blue) [Headshot] otvertka1337 (Red)
Wed Feb  5 16:03:04 2025 1 joined Blue team
Wed Feb  5 16:03:19 2025 [Global] r3algood (Red): i like this map
Wed Feb  5 16:03:22 2025  Mahalo for playing aloha.pk tower of babel
Wed Feb  5 16:03:29 2025 parawhore (Red) [SMG] DE (Blue)
Wed Feb  5 16:03:35 2025 parawhore (Red) [Headshot] Ashy (Blue)
Wed Feb  5 16:03:35 2025 [Global] DE (Blue): can you jsut cap at least
Wed Feb  5 16:03:40 2025 [Global] DE (Blue): weve been stcuk here for fucking ages
Wed Feb  5 16:03:45 2025 parawhore (Red) [SMG] 1 (Blue)
Wed Feb  5 16:03:47 2025 1 (Blue) [Grenade] parawhore (Red)
Wed Feb  5 16:03:51 2025 KKK joined Red team
Wed Feb  5 16:04:15 2025 parawhore (Red) [SMG] 1 (Blue)
Wed Feb  5 16:04:22 2025  Build a tower to get the enemy's intel. Take it to your team's tent to win!
Wed Feb  5 16:04:22 2025 parawhore (Red) [Headshot] Harry (Blue)
Wed Feb  5 16:04:23 2025 Nassa (Blue) [Headshot] otvertka1337 (Red)
Wed Feb  5 16:04:27 2025 DE picked up Red's Intel.
Wed Feb  5 16:04:29 2025 [Global] r3algood (Red): the map you suggested in discord seems pretty cool to
Wed Feb  5 16:04:30 2025 [Global] r3algood (Red): oo
Wed Feb  5 16:04:31 2025 Nassa (Blue) [Headshot] parawhore (Red)
Wed Feb  5 16:04:33 2025 Nassa (Blue) [Headshot] KKK (Red)
Wed Feb  5 16:04:34 2025 otvertka1337 (Red) [Headshot] axel465 (Blue)
Wed Feb  5 16:04:39 2025 [Global] DE (Blue): i left the discord, fuck em
Wed Feb  5 16:04:40 2025 [Global] r3algood (Red): ruins? i think it was
Wed Feb  5 16:04:50 2025 otvertka1337 (Red) [Headshot] Nassa (Blue)
Wed Feb  5 16:04:56 2025  50 minutes remaining.
Wed Feb  5 16:04:57 2025 DE captured Red's Intel.
Wed Feb  5 16:05:02 2025 1 (Blue) [Headshot] parawhore (Red)
Wed Feb  5 16:05:03 2025 [Global] Ashy (Blue): it would be cool if we could vote on / select the next map
Wed Feb  5 16:05:11 2025 [Global] DE (Blue): Aloha staff seem to have some of the biggest cunts iv ever met in AoS
Wed Feb  5 16:05:19 2025 [Global] DE (Blue): so Im not in their discord anymore
Wed Feb  5 16:05:20 2025 David (Red) [Grenade] Harry (Blue)
Wed Feb  5 16:05:22 2025  Type /HELP for info & commands
Wed Feb  5 16:05:33 2025 1 (Blue) [Headshot] otvertka1337 (Red)
Wed Feb  5 16:05:36 2025 parawhore (Red) [Headshot] Nassa (Blue)
Wed Feb  5 16:05:39 2025 axel465 (Blue) [Shotgun] David (Red)
Wed Feb  5 16:05:46 2025 parawhore (Red) [Headshot] DE (Blue)
Wed Feb  5 16:05:47 2025 [Global] r3algood (Red): why not man? i think people are just joking around in there
Wed Feb  5 16:05:54 2025 1 (Blue) [Headshot] otvertka1337 (Red)
Wed Feb  5 16:06:02 2025 [Global] DE (Blue): Well they can joke around without me being there
Wed Feb  5 16:06:05 2025 Nassa (Blue) [SMG] r3algood (Red)
Wed Feb  5 16:06:10 2025 parawhore (Red) [SMG] Nassa (Blue)
Wed Feb  5 16:06:21 2025 [Global] Nassa (Blue): defend the fucking tower stupids
Wed Feb  5 16:06:22 2025  Visit our community forums at https://aloha.pk/
Wed Feb  5 16:06:24 2025 parawhore (Red) [SMG] DE (Blue)
Wed Feb  5 16:06:25 2025 parawhore (Red) [Headshot] Nassa (Blue)
Wed Feb  5 16:06:29 2025 [Global] Nassa (Blue): daamn
Wed Feb  5 16:06:33 2025 Nassa (Blue) [Headshot] parawhore (Red)
Wed Feb  5 16:06:43 2025 axel465 (Blue) [Shotgun] David (Red)
Wed Feb  5 16:06:48 2025 1 (Blue) [Headshot] parawhore (Red)
Wed Feb  5 16:06:48 2025 otvertka1337 (Red) [Headshot] 1 (Blue)
Wed Feb  5 16:06:49 2025 [Global] DE (Blue): I tried to offer useful advice and they treated me like shit for it
Wed Feb  5 16:06:53 2025 [Global] DE (Blue): like I said, fuck em
Wed Feb  5 16:06:57 2025 [Global] DE (Blue): they dont need my advice
Wed Feb  5 16:07:08 2025 Nassa (Blue) [Headshot] r3algood (Red)
Wed Feb  5 16:07:16 2025 Qult--- joined Red team
Wed Feb  5 16:07:17 2025 KKK (Red) [Fall]
Wed Feb  5 16:07:22 2025  Come chat with us at https://discord.aloha.pk/
Wed Feb  5 16:07:23 2025 otvertka1337 (Red) [Headshot] axel465 (Blue)
Wed Feb  5 16:07:37 2025 parawhore (Red) [SMG] DE (Blue)
Wed Feb  5 16:07:39 2025 otvertka1337 (Red) [Headshot] Ashy (Blue)
Wed Feb  5 16:07:42 2025 Qult--- (Red) [Fall]
Wed Feb  5 16:07:47 2025 1 (Blue) [Grenade] otvertka1337 (Red)
Wed Feb  5 16:07:50 2025 Nassa (Blue) [Headshot] r3algood (Red)
Wed Feb  5 16:08:02 2025 [Team] Nassa (Blue): get the intel!!!!!!!!!!!!!!!11111
Wed Feb  5 16:08:02 2025 parawhore (Red) [Headshot] DE (Blue)
Wed Feb  5 16:08:08 2025 Ashy (Blue) [Rifle] parawhore (Red)
Wed Feb  5 16:08:10 2025 1 (Blue) [Headshot] KKK (Red)
Wed Feb  5 16:08:14 2025 axel465 (Blue) [Shotgun] David (Red)
Wed Feb  5 16:08:22 2025  If you believe a player is breaking the rules, please let us know with /ADMIN
Wed Feb  5 16:08:22 2025 Ashy (Blue) [Fall]
Wed Feb  5 16:08:23 2025 [Team] Nassa (Blue): GET THE INTEL!!!!
Wed Feb  5 16:08:29 2025 otvertka1337 (Red) [Headshot] 1 (Blue)
Wed Feb  5 16:08:36 2025 Nassa (Blue) [Headshot] KKK (Red)
Wed Feb  5 16:08:38 2025 parawhore (Red) [SMG] Nassa (Blue)
Wed Feb  5 16:08:40 2025 Player Nassa has left
Wed Feb  5 16:08:49 2025 parawhore (Red) [Headshot] DE (Blue)
Wed Feb  5 16:08:59 2025 David (Red) [Rifle] Harry (Blue)
Wed Feb  5 16:09:00 2025 Ashy (Blue) [Headshot] parawhore (Red)
Wed Feb  5 16:09:01 2025 Ashy (Blue) [Headshot] r3algood (Red)
Wed Feb  5 16:09:07 2025 axel465 (Blue) [Shotgun] David (Red)
Wed Feb  5 16:09:22 2025  This server runs imger and glow. Use /IMG or /GLOW to toggle them.
Wed Feb  5 16:09:22 2025 DE picked up Red's Intel.
Wed Feb  5 16:09:34 2025 parawhore (Red) [SMG] Ashy (Blue)
Wed Feb  5 16:09:35 2025 parawhore (Red) [Headshot] 1 (Blue)
Wed Feb  5 16:09:38 2025 [Global] Ashy (Blue): UP
Wed Feb  5 16:09:46 2025 otvertka1337 (Red) [Headshot] Harry (Blue)
Wed Feb  5 16:09:46 2025 Ashy (Blue) [Headshot] parawhore (Red)
Wed Feb  5 16:09:48 2025 DE dropped Red's Intel
Wed Feb  5 16:09:48 2025  The intel has returned to the heavens
Wed Feb  5 16:09:48 2025 r3algood (Red) [SMG] DE (Blue)
Wed Feb  5 16:09:52 2025 [Global] r3algood (Red): lol
Wed Feb  5 16:09:56 2025 [Global] parawhore (Red): lol
Wed Feb  5 16:10:03 2025 Harry (Blue) [Headshot] David (Red)
Wed Feb  5 16:10:10 2025 r3algood (Red) [SMG] 1 (Blue)
Wed Feb  5 16:10:10 2025 Qult--- (Red) [Headshot] DE (Blue)
Wed Feb  5 16:10:11 2025 Qult--- (Red) [Headshot] Ashy (Blue)
Wed Feb  5 16:10:14 2025 Player DE has left
Wed Feb  5 16:10:22 2025  Use /EMOTE to draw an emote on the map!
Wed Feb  5 16:10:30 2025 Ashy (Blue) [Headshot] parawhore (Red)
Wed Feb  5 16:10:35 2025 sov1 joined Blue team
Wed Feb  5 16:10:47 2025 Colonel Rust joined Blue team
Wed Feb  5 16:10:48 2025 1 (Blue) [Grenade] Qult--- (Red)
Wed Feb  5 16:10:48 2025 1 (Blue) [Grenade] r3algood (Red)
Wed Feb  5 16:10:51 2025 otvertka1337 (Red) [Headshot] Ashy (Blue)
Wed Feb  5 16:10:52 2025 Colonel Rust (Blue) [Headshot] otvertka1337 (Red)
Wed Feb  5 16:10:54 2025 [Global] r3algood (Red): poor DE ragequit
Wed Feb  5 16:11:04 2025 Qult--- (Red) [Team Change]
Wed Feb  5 16:11:09 2025 [Global] Ashy (Blue): WHO THE HECK IS DGIGIGN
Wed Feb  5 16:11:12 2025 Player Qult--- has left
Wed Feb  5 16:11:16 2025 parawhore (Red) [SMG] sov1 (Blue)
Wed Feb  5 16:11:17 2025 parawhore (Red) [SMG] 1 (Blue)
Wed Feb  5 16:11:22 2025  Use /HEAVEN to paint the babel platform!
Wed Feb  5 16:11:27 2025 parawhore (Red) [Headshot] Colonel Rust (Blue)
Wed Feb  5 16:11:33 2025 otvertka1337 picked up Blue's Intel.
Wed Feb  5 16:11:34 2025 KKK (Red) [Fall]
Wed Feb  5 16:11:35 2025 Colonel Rust (Blue) [Grenade]
Wed Feb  5 16:11:37 2025 axel465 (Blue) [Headshot] David (Red)
Wed Feb  5 16:11:38 2025 sov1 (Blue) [Headshot] r3algood (Red)
Wed Feb  5 16:12:05 2025 Colonel Rust (Blue) [Rifle]
Wed Feb  5 16:12:11 2025 David (Red) [Rifle] axel465 (Blue)
Wed Feb  5 16:12:13 2025 Player Colonel Rust has left
Wed Feb  5 16:12:15 2025 otvertka1337 captured Blue's Intel.
Wed Feb  5 16:12:17 2025 parawhore (Red) [Headshot] Harry (Blue)
Wed Feb  5 16:12:22 2025  Get a 20 killstreak and 1 intel capture(s) to unlock /APOC!
Wed Feb  5 16:12:23 2025 KKK (Red) [Grenade] axel465 (Blue)
Wed Feb  5 16:12:24 2025 Misi joined Blue team
Wed Feb  5 16:12:25 2025 [Global] r3algood (Red): i had just sent DE a pm saying i was pink blocking... then kill him steps from 
Wed Feb  5 16:12:27 2025 [Global] r3algood (Red): the tent LOL
Wed Feb  5 16:12:31 2025 sov1 (Blue) [Headshot] otvertka1337 (Red)
Wed Feb  5 16:12:31 2025 otvertka1337 (Red) [Grenade] 1 (Blue)
Wed Feb  5 16:12:32 2025 KKK (Red) [SMG] Ashy (Blue)
Wed Feb  5 16:12:32 2025 Harry (Blue) [Headshot] KKK (Red)
Wed Feb  5 16:12:41 2025 sov1 (Blue) [Headshot] otvertka1337 (Red)
Wed Feb  5 16:12:44 2025 sov1 (Blue) [Headshot] KKK (Red)
Wed Feb  5 16:12:50 2025 David (Red) [Grenade] axel465 (Blue)
Wed Feb  5 16:12:54 2025 sov1 (Blue) [Headshot] otvertka1337 (Red)
Wed Feb  5 16:12:59 2025 Harry (Blue) [Headshot] r3algood (Red)
Wed Feb  5 16:13:00 2025 1 (Blue) [Rifle] David (Red)
Wed Feb  5 16:13:01 2025 Harry (Blue) [Headshot] parawhore (Red)
Wed Feb  5 16:13:02 2025 KKK (Red) [Headshot] sov1 (Blue)
Wed Feb  5 16:13:06 2025 axel465 (Blue) [Grenade]
Wed Feb  5 16:13:22 2025  Capture your team's 5th intel to unlock /APOC for your team's best builder!
Wed Feb  5 16:13:27 2025 parawhore (Red) [Headshot] Ashy (Blue)
Wed Feb  5 16:13:32 2025 parawhore (Red) [SMG] Misi (Blue)
Wed Feb  5 16:13:33 2025 sov1 (Blue) [Headshot] David (Red)
Wed Feb  5 16:13:41 2025 otvertka1337 (Red) [Rifle] 1 (Blue)
Wed Feb  5 16:13:45 2025 KKK (Red) [Headshot] sov1 (Blue)
Wed Feb  5 16:13:47 2025 You must be closer to the enemy's base to grenade blocks!
Wed Feb  5 16:13:48 2025 You must be closer to the enemy's base to grenade blocks!
Wed Feb  5 16:13:48 2025 parawhore (Red) [SMG] Harry (Blue)
Wed Feb  5 16:13:48 2025 otvertka1337 picked up Blue's Intel.
Wed Feb  5 16:13:49 2025 You must be closer to the enemy's base to grenade blocks!
Wed Feb  5 16:13:55 2025 You must be closer to the enemy's base to shoot blocks!
Wed Feb  5 16:13:56 2025 You must be closer to the enemy's base to shoot blocks!
Wed Feb  5 16:13:57 2025 parawhore (Red) [Headshot] Harry (Blue)
Wed Feb  5 16:13:58 2025 1 (Blue) [Headshot] parawhore (Red)
Wed Feb  5 16:14:06 2025 axel465 (Blue) [Headshot] David (Red)
Wed Feb  5 16:14:07 2025 Player 1 has left
Wed Feb  5 16:14:10 2025 Misi (Blue) [SMG] r3algood (Red)
Wed Feb  5 16:14:17 2025 otvertka1337 captured Blue's Intel.
Wed Feb  5 16:14:20 2025 You must be closer to the enemy's base to shoot blocks!
Wed Feb  5 16:14:22 2025  Mahalo for playing aloha.pk tower of babel
Wed Feb  5 16:14:26 2025 Misi (Blue) [SMG] KKK (Red)
Wed Feb  5 16:14:29 2025 parawhore (Red) [Headshot] sov1 (Blue)
Wed Feb  5 16:14:32 2025 [Global] sov1 (Blue): guh
Wed Feb  5 16:14:32 2025 r3algood (Red) [Headshot] Misi (Blue)
Wed Feb  5 16:14:35 2025 [Global] parawhore (Red): NS
Wed Feb  5 16:14:41 2025 r3algood (Red) [Headshot] Harry (Blue)
Wed Feb  5 16:14:45 2025 [Global] sov1 (Blue): vro i didnt even hit you :sob:
Wed Feb  5 16:14:45 2025 otvertka1337 picked up Blue's Intel.
Wed Feb  5 16:14:46 2025 Elprosaso joined Red team
Wed Feb  5 16:14:51 2025 Goldorak joined Blue team
Wed Feb  5 16:14:53 2025 otvertka1337 dropped Blue's Intel
Wed Feb  5 16:14:53 2025 sov1 (Blue) [SMG] otvertka1337 (Red)
Wed Feb  5 16:14:55 2025 axel465 (Blue) [Shotgun] r3algood (Red)
Wed Feb  5 16:14:56 2025  40 minutes remaining.
Wed Feb  5 16:15:11 2025 [Global] Elprosaso (Red): por aqui ha pasado un apoc
Wed Feb  5 16:15:14 2025 parawhore (Red) [Headshot] sov1 (Blue)
Wed Feb  5 16:15:22 2025  Build a tower to get the enemy's intel. Take it to your team's tent to win!
Wed Feb  5 16:15:29 2025 parawhore (Red) [Melee] axel465 (Blue)
Wed Feb  5 16:15:31 2025 sov1 (Blue) [SMG] parawhore (Red)
Wed Feb  5 16:15:37 2025 otvertka1337 picked up Blue's Intel.
Wed Feb  5 16:15:37 2025 Misi (Blue) [Headshot] Elprosaso (Red)
Wed Feb  5 16:15:41 2025 KKK (Red) [Headshot] Misi (Blue)
Wed Feb  5 16:15:43 2025 axel465 (Blue) [Headshot] David (Red)
Wed Feb  5 16:15:59 2025 sov1 (Blue) [Headshot] Elprosaso (Red)
Wed Feb  5 16:16:16 2025 otvertka1337 captured Blue's Intel.
Wed Feb  5 16:16:21 2025 Misi (Blue) [Headshot] KKK (Red)
Wed Feb  5 16:16:22 2025  Type /HELP for info & commands
Wed Feb  5 16:16:23 2025 sov1 (Blue) [SMG] Elprosaso (Red)
Wed Feb  5 16:16:25 2025 r3algood (Red) [SMG] Goldorak (Blue)
Wed Feb  5 16:16:25 2025 r3algood (Red) [SMG] Harry (Blue)
Wed Feb  5 16:16:30 2025 sov1 (Blue) [SMG] Elprosaso (Red)
Wed Feb  5 16:16:30 2025 [Global] Goldorak (Blue): ad realgood
Wed Feb  5 16:16:30 2025 otvertka1337 (Red) [Headshot] sov1 (Blue)
Wed Feb  5 16:16:32 2025 parawhore (Red) [SMG] Misi (Blue)
Wed Feb  5 16:16:33 2025 Ashy (Blue) [Rifle] parawhore (Red)
Wed Feb  5 16:16:36 2025 [Global] Goldorak (Blue): should be realbad
Wed Feb  5 16:16:47 2025 You must be closer to the enemy's base to shoot blocks!
Wed Feb  5 16:16:50 2025 Harry (Blue) [Headshot] r3algood (Red)
Wed Feb  5 16:16:59 2025 parawhore (Red) [Headshot] Ashy (Blue)
Wed Feb  5 16:16:59 2025 otvertka1337 picked up Blue's Intel.
Wed Feb  5 16:17:05 2025 sov1 (Blue) [Headshot] David (Red)
Wed Feb  5 16:17:08 2025 parawhore (Red) [Headshot] Harry (Blue)
Wed Feb  5 16:17:10 2025 otvertka1337 (Red) [Headshot] Goldorak (Blue)
Wed Feb  5 16:17:13 2025 KKK (Red) [SMG] Misi (Blue)
Wed Feb  5 16:17:16 2025 parawhore (Red) [SMG] sov1 (Blue)
Wed Feb  5 16:17:22 2025  Visit our community forums at https://aloha.pk/
Wed Feb  5 16:17:45 2025  With 1420 blocks placed, David is granted the right to unleash the apocalypse.
Wed Feb  5 16:17:45 2025 otvertka1337 captured Blue's Intel.
Wed Feb  5 16:17:47 2025 Misi (Blue) [SMG] KKK (Red)
Wed Feb  5 16:17:49 2025 parawhore (Red) [Headshot] Ashy (Blue)
Wed Feb  5 16:17:51 2025 parawhore (Red) [Headshot] Harry (Blue)
Wed Feb  5 16:17:52 2025 [Team] Ashy (Blue): rusgh up
Wed Feb  5 16:17:54 2025 Misi (Blue) [Headshot] Elprosaso (Red)
Wed Feb  5 16:17:57 2025 glass joined Red team
Wed Feb  5 16:17:59 2025 FT joined Red team
Wed Feb  5 16:18:06 2025 KKK (Red) [Grenade] Misi (Blue)
Wed Feb  5 16:18:09 2025 sov1 (Blue) [Headshot] otvertka1337 (Red)
Wed Feb  5 16:18:17 2025 sov1 (Blue) [Headshot] r3algood (Red)
Wed Feb  5 16:18:18 2025 parawhore (Red) [SMG] Ashy (Blue)
Wed Feb  5 16:18:18 2025 parawhore (Red) [Headshot] Harry (Blue)
Wed Feb  5 16:18:22 2025  Come chat with us at https://discord.aloha.pk/
Wed Feb  5 16:18:26 2025 parawhore (Red) [Headshot] Goldorak (Blue)
Wed Feb  5 16:18:26 2025 [Team] Ashy (Blue): if we rush they cant stop us
Wed Feb  5 16:18:28 2025 who joined Blue team
Wed Feb  5 16:18:29 2025 sov1 (Blue) [Headshot] Elprosaso (Red)
Wed Feb  5 16:18:30 2025 Misi (Blue) [SMG] parawhore (Red)
Wed Feb  5 16:18:31 2025 sov1 (Blue) [Headshot] r3algood (Red)
Wed Feb  5 16:18:43 2025 glass (Red) [Headshot] Misi (Blue)
Wed Feb  5 16:18:47 2025 FT picked up Blue's Intel.
Wed Feb  5 16:18:49 2025 sov1 (Blue) [Headshot] KKK (Red)
Wed Feb  5 16:18:50 2025 sov1 (Blue) [Rifle] glass (Red)
Wed Feb  5 16:18:54 2025 [Global] glass (Red): sov you fucker
Wed Feb  5 16:18:56 2025 [Global] sov1 (Blue): hai
Wed Feb  5 16:18:59 2025 [Global] Misi (Blue): nice
Wed Feb  5 16:19:00 2025 sov1 (Blue) [Headshot] otvertka1337 (Red)
Wed Feb  5 16:19:01 2025 who (Blue) [Headshot] David (Red)
Wed Feb  5 16:19:04 2025 glass (Red) [Headshot] sov1 (Blue)
Wed Feb  5 16:19:11 2025 Harry (Blue) [Rifle]
Wed Feb  5 16:19:14 2025 Ashy (Blue) [Fall]
Wed Feb  5 16:19:14 2025 FT captured Blue's Intel.
Wed Feb  5 16:19:21 2025 parawhore (Red) [Headshot] Misi (Blue)
Wed Feb  5 16:19:22 2025  If you believe a player is breaking the rules, please let us know with /ADMIN
Wed Feb  5 16:19:25 2025 who (Blue) [Grenade]
Wed Feb  5 16:19:25 2025 Ashy (Blue) [Headshot] r3algood (Red)
Wed Feb  5 16:19:34 2025 otvertka1337 picked up Blue's Intel.
Wed Feb  5 16:19:34 2025 parawhore (Red) [SMG] sov1 (Blue)
Wed Feb  5 16:19:36 2025 parawhore (Red) [Headshot] Harry (Blue)
Wed Feb  5 16:19:38 2025 [Global] sov1 (Blue): wow double tagged
Wed Feb  5 16:19:39 2025 Ashy (Blue) [Rifle] parawhore (Red)
Wed Feb  5 16:19:41 2025 [Global] glass (Red): lol
Wed Feb  5 16:19:42 2025 otvertka1337 (Red) [Grenade] Ashy (Blue)
Wed Feb  5 16:19:48 2025 who (Blue) [Headshot] David (Red)
Wed Feb  5 16:19:57 2025 r3algood (Red) [Headshot] Harry (Blue)
Wed Feb  5 16:20:00 2025 sov1 (Blue) [Headshot] r3algood (Red)
Wed Feb  5 16:20:01 2025 parawhore (Red) [SMG] Misi (Blue)
Wed Feb  5 16:20:01 2025 glass (Red) [Headshot] sov1 (Blue)
Wed Feb  5 16:20:04 2025 [Global] sov1 (Blue): fucker
Wed Feb  5 16:20:07 2025 [Global] glass (Red): <3
Wed Feb  5 16:20:13 2025 otvertka1337 captured Blue's Intel.
Wed Feb  5 16:20:20 2025 parawhore (Red) [SMG] Ashy (Blue)
Wed Feb  5 16:20:22 2025  This server runs imger and glow. Use /IMG or /GLOW to toggle them.
Wed Feb  5 16:20:24 2025 glass (Red) [Headshot] sov1 (Blue)
Wed Feb  5 16:20:25 2025 [Global] sov1 (Blue): WAHRT
Wed Feb  5 16:20:26 2025 You must be closer to the enemy's base to grenade blocks!
Wed Feb  5 16:20:27 2025 You must be closer to the enemy's base to grenade blocks!
Wed Feb  5 16:20:28 2025 You must be closer to the enemy's base to grenade blocks!
Wed Feb  5 16:20:28 2025 [Global] glass (Red): hahahha
Wed Feb  5 16:20:28 2025 [Global] sov1 (Blue): killing myself
Wed Feb  5 16:20:29 2025 parawhore (Red) [Headshot] axel465 (Blue)
Wed Feb  5 16:20:32 2025 parawhore (Red) [Headshot] Harry (Blue)
Wed Feb  5 16:20:34 2025 [Global] glass (Red): idfk how you didn't kill me
Wed Feb  5 16:20:38 2025 [Global] sov1 (Blue): shit aim lmao
Wed Feb  5 16:20:44 2025 sov1 (Blue) [Headshot] parawhore (Red)
Wed Feb  5 16:20:45 2025 otvertka1337 picked up Blue's Intel.
Wed Feb  5 16:20:48 2025 sov1 (Blue) [Headshot] glass (Red)
Wed Feb  5 16:20:50 2025 [Global] glass (Red): damn it
Wed Feb  5 16:20:51 2025 [Global] sov1 (Blue): :3
Wed Feb  5 16:20:57 2025 [Global] glass (Red): nyaa :3c
Wed Feb  5 16:21:07 2025 parawhore (Red) [SMG] Misi (Blue)
Wed Feb  5 16:21:12 2025 Colonel Rust joined Red team
Wed Feb  5 16:21:12 2025 FT (Red) [Headshot] Harry (Blue)
Wed Feb  5 16:21:12 2025 glass (Red) [Headshot] sov1 (Blue)
Wed Feb  5 16:21:15 2025 [Global] sov1 (Blue): fuc,"dfghnjk
Wed Feb  5 16:21:17 2025 Ashy (Blue) [Headshot] Colonel Rust (Red)
Wed Feb  5 16:21:22 2025  Use /EMOTE to draw an emote on the map!
Wed Feb  5 16:21:22 2025 Player Colonel Rust has left
Wed Feb  5 16:21:24 2025 otvertka1337 dropped Blue's Intel
Wed Feb  5 16:21:24 2025  The intel has returned to the heavens
Wed Feb  5 16:21:24 2025 Ashy (Blue) [Headshot] otvertka1337 (Red)
Wed Feb  5 16:21:30 2025 KKK (Red) [Fall]
Wed Feb  5 16:21:31 2025 otvertka1337 (Red) [Headshot] Ashy (Blue)
Wed Feb  5 16:21:31 2025 parawhore (Red) [Fall]
Wed Feb  5 16:21:33 2025 FT picked up Blue's Intel.
Wed Feb  5 16:21:35 2025 Klajet joined Red team
Wed Feb  5 16:21:37 2025 glass (Red) [Headshot] Misi (Blue)
Wed Feb  5 16:21:55 2025 glass (Red) [Headshot] sov1 (Blue)
Wed Feb  5 16:21:56 2025 [Global] sov1 (Blue): sdgnjk
Wed Feb  5 16:21:58 2025 Player Klajet has left
Wed Feb  5 16:22:00 2025 r3algood (Red) [Headshot] Ashy (Blue)
Wed Feb  5 16:22:00 2025 glass (Red) [Headshot] Harry (Blue)
Wed Feb  5 16:22:01 2025 r3algood (Red) [Fall]
Wed Feb  5 16:22:03 2025 [Global] Ashy (Blue): just cap lol
Wed Feb  5 16:22:12 2025 glass (Red) [Rifle] Misi (Blue)
Wed Feb  5 16:22:13 2025 glass (Red) [Headshot] Ashy (Blue)
Wed Feb  5 16:22:16 2025 parawhore (Red) [SMG] sov1 (Blue)
Wed Feb  5 16:22:16 2025 FT captured Blue's Intel.
Wed Feb  5 16:22:18 2025 [Global] sov1 (Blue): PARA
Wed Feb  5 16:22:23 2025 glass (Red) [Headshot] Harry (Blue)
Wed Feb  5 16:22:23 2025 otvertka1337 picked up Blue's Intel.
Wed Feb  5 16:22:23 2025  Use /HEAVEN to paint the babel platform!
Wed Feb  5 16:22:23 2025 parawhore (Red) [Grenade] axel465 (Blue)
Wed Feb  5 16:22:23 2025 Elprosaso (Red) [Rifle]
Wed Feb  5 16:22:24 2025 Disconnecting
