Sat Jan  4 18:39:00 2025 ------ World Loaded ------
Sat Jan  4 18:39:00 2025 Welcome to aloha.pk tower of babel
Sat Jan  4 18:39:01 2025 Map: Trademas by ei8htx + Danke
Sat Jan  4 18:39:05 2025 Game mode: babel
Sat Jan  4 18:39:05 2025 Build a tower to get the enemy's intel. Take it to your team's tent to win!
Sat Jan  4 18:39:07 2025 DE (Blue) [Grenade] slliynote (Red)
Sat Jan  4 18:39:07 2025 KomaR (Red) [Headshot] TheRollingStone (Blue)
Sat Jan  4 18:39:07 2025 Visit our community forum at https://aloha.pk/
Sat Jan  4 18:39:07 2025 Joseph (Blue) [Headshot] KomaR (Red)
Sat Jan  4 18:39:09 2025 Come chat with us at https://discord.aloha.pk/
Sat Jan  4 18:39:11 2025 Harry (Blue) [Headshot] Deuce Ex (Red)
Sat Jan  4 18:39:14 2025 214214848irafdf (Red) [Fall]
Sat Jan  4 18:39:16 2025 DE (Blue) [SMG] a Silver Bullet (Red)
Sat Jan  4 18:39:17 2025 DE (Blue) [Headshot] gui244 (Red)
Sat Jan  4 18:39:17 2025 KomaR (Red) [SMG] DE (Blue)
Sat Jan  4 18:39:22 2025 Joseph (Blue) [Headshot] PixelPizza (Red)
Sat Jan  4 18:39:38 2025 TheRollingStone picked up Red's Intel.
Sat Jan  4 18:39:39 2025 TheRollingStone (Blue) [Headshot] Deuce Ex (Red)
Sat Jan  4 18:39:41 2025 PixelPizza (Red) [Headshot] Joseph (Blue)
Sat Jan  4 18:39:44 2025 [Global] DE (Blue): how har dis it to pick up a briefcase
Sat Jan  4 18:39:45 2025  Use /EMOTE to draw an emote on the map!
Sat Jan  4 18:39:45 2025 TheRollingStone dropped Red's Intel
Sat Jan  4 18:39:45 2025  The intel has returned to the heavens
Sat Jan  4 18:39:45 2025 KomaR (Red) [Headshot] TheRollingStone (Blue)
Sat Jan  4 18:39:47 2025 [Global] DE (Blue): come the fuck on you noobs
Sat Jan  4 18:39:48 2025 FlanSoniku (Blue) [Headshot] qweqwe (Red)
Sat Jan  4 18:39:50 2025 PJB (Blue) [Headshot] a Silver Bullet (Red)
Sat Jan  4 18:39:56 2025 FlanSoniku (Blue) [Melee] stonked (Red)
Sat Jan  4 18:39:56 2025 FlanSoniku (Blue) [Melee] KomaR (Red)
Sat Jan  4 18:39:57 2025 Deuce Ex (Red) [Fall]
Sat Jan  4 18:39:59 2025 ENTUSSIASMAO picked up Red's Intel.
Sat Jan  4 18:40:02 2025 KillerPollo (Blue) [SMG] gui244 (Red)
Sat Jan  4 18:40:06 2025 ENTUSSIASMAO dropped Red's Intel
Sat Jan  4 18:40:06 2025 qweqwe (Red) [Headshot] ENTUSSIASMAO (Blue)
Sat Jan  4 18:40:11 2025 TheRollingStone picked up Red's Intel.
Sat Jan  4 18:40:12 2025 Joseph (Blue) [Headshot] PixelPizza (Red)
Sat Jan  4 18:40:13 2025 tt (Red) [SMG] communist161 (Blue)
Sat Jan  4 18:40:14 2025 Harry (Blue) [Fall]
Sat Jan  4 18:40:15 2025 qweqwe (Red) [SMG] PJB (Blue)
Sat Jan  4 18:40:18 2025 FlanSoniku (Blue) [Headshot] 214214848irafdf (Red)
Sat Jan  4 18:40:18 2025 FlanSoniku (Blue) [Headshot] KomaR (Red)
Sat Jan  4 18:40:19 2025 ENTUSSIASMAO (Blue) [Headshot] tt (Red)
Sat Jan  4 18:40:22 2025 slliynote (Red) [Grenade] DE (Blue)
Sat Jan  4 18:40:23 2025 Player 214214848irafdf has left
Sat Jan  4 18:40:25 2025 FlanSoniku (Blue) [Headshot] a Silver Bullet (Red)
Sat Jan  4 18:40:31 2025 FlanSoniku (Blue) [Headshot] qweqwe (Red)
Sat Jan  4 18:40:33 2025 TheRollingStone captured Red's Intel.
Sat Jan  4 18:40:36 2025 Poet joined Red team
Sat Jan  4 18:40:36 2025 slliynote (Red) [SMG] PJB (Blue)
Sat Jan  4 18:40:38 2025 [Global] DE (Blue): just pick up the briefcase and then dont dsie, SO SIMPLE
Sat Jan  4 18:40:41 2025 jcicache joined Blue team
Sat Jan  4 18:40:44 2025  Use /HEAVEN to paint the babel platform!
Sat Jan  4 18:40:45 2025 stonked (Red) [Melee] FlanSoniku (Blue)
Sat Jan  4 18:40:46 2025 slliynote (Red) [Headshot] DE (Blue)
Sat Jan  4 18:40:47 2025 KillerPollo (Blue) [Headshot] gui244 (Red)
Sat Jan  4 18:40:50 2025 Harry (Blue) [Headshot] Deuce Ex (Red)
Sat Jan  4 18:40:53 2025 PixelPizza (Red) [Headshot] ENTUSSIASMAO (Blue)
Sat Jan  4 18:40:55 2025 Joseph (Blue) [Headshot] qweqwe (Red)
Sat Jan  4 18:40:56 2025 stonked (Red) [Headshot] TheRollingStone (Blue)
Sat Jan  4 18:41:00 2025 Poet (Red) [Headshot] KillerPollo (Blue)
Sat Jan  4 18:41:01 2025 DE (Blue) [SMG] PixelPizza (Red)
Sat Jan  4 18:41:02 2025 DE (Blue) [Headshot] tt (Red)
Sat Jan  4 18:41:04 2025 KomaR (Red) [Fall]
Sat Jan  4 18:41:07 2025 DE (Blue) [SMG] slliynote (Red)
Sat Jan  4 18:41:13 2025 stonked (Red) [Headshot] DE (Blue)
Sat Jan  4 18:41:13 2025 thefogiscoming joined Blue team
Sat Jan  4 18:41:15 2025 PJB (Blue) [Headshot] stonked (Red)
Sat Jan  4 18:41:19 2025 Poet (Red) [Headshot] TheRollingStone (Blue)
Sat Jan  4 18:41:20 2025 gui244 (Red) [Fall]
Sat Jan  4 18:41:23 2025 ENTUSSIASMAO (Blue) [SMG] Poet (Red)
Sat Jan  4 18:41:25 2025 jcicache (Blue) [Headshot] KomaR (Red)
Sat Jan  4 18:41:27 2025 thefogiscoming (Blue) [Fall]
Sat Jan  4 18:41:31 2025 [Global] DE (Blue): IMAGINE BEING GD AT THE GAME AND THEN not being on my team
Sat Jan  4 18:41:32 2025 [Global] Poet (Red): bro eutanasio
Sat Jan  4 18:41:33 2025 [Global] DE (Blue): cocksuckers
Sat Jan  4 18:41:34 2025 PJB (Blue) [Headshot] qweqwe (Red)
Sat Jan  4 18:41:40 2025 tt (Red) [Headshot] PJB (Blue)
Sat Jan  4 18:41:40 2025 Harry (Blue) [Headshot] Deuce Ex (Red)
Sat Jan  4 18:41:41 2025 PixelPizza (Red) [Headshot] FlanSoniku (Blue)
Sat Jan  4 18:41:41 2025 San4Craft (Red) [Fall]
Sat Jan  4 18:41:44 2025  Get a 20 killstreak and 1 intel capture(s) to unlock /APOC!
Sat Jan  4 18:41:45 2025 gui244 (Red) [Fall]
Sat Jan  4 18:41:46 2025 slliynote (Red) [Headshot] TheRollingStone (Blue)
Sat Jan  4 18:41:52 2025 PixelPizza (Red) [Headshot] DE (Blue)
Sat Jan  4 18:41:52 2025 ENTUSSIASMAO (Blue) [Headshot] qweqwe (Red)
Sat Jan  4 18:41:56 2025 stonked (Red) [Headshot] ENTUSSIASMAO (Blue)
Sat Jan  4 18:42:07 2025 stonked (Red) [SMG] TheRollingStone (Blue)
Sat Jan  4 18:42:09 2025 PixelPizza (Red) [Headshot] ENTUSSIASMAO (Blue)
Sat Jan  4 18:42:14 2025 [Team] TheRollingStone (Blue): rush fucking intel
Sat Jan  4 18:42:16 2025 stonked (Red) [Melee] FlanSoniku (Blue)
Sat Jan  4 18:42:18 2025 DE (Blue) [Fall]
Sat Jan  4 18:42:19 2025 Joseph (Blue) [Headshot] qweqwe (Red)
Sat Jan  4 18:42:22 2025 KillerPollo (Blue) [Fall]
Sat Jan  4 18:42:23 2025 slliynote (Red) [Fall]
Sat Jan  4 18:42:25 2025 PixelPizza (Red) [Rifle] PJB (Blue)
Sat Jan  4 18:42:28 2025 [Global] DE (Blue): just pick up the briefcase how hard can it fucking be
Sat Jan  4 18:42:29 2025 Harry (Blue) [Headshot] Deuce Ex (Red)
Sat Jan  4 18:42:33 2025 TheRollingStone (Blue) [Headshot] stonked (Red)
Sat Jan  4 18:42:35 2025 qweqwe (Red) [Headshot] Joseph (Blue)
Sat Jan  4 18:42:36 2025 DE (Blue) [Headshot] tt (Red)
Sat Jan  4 18:42:36 2025 TheRollingStone (Blue) [Fall]
Sat Jan  4 18:42:36 2025 NEIGHBOR joined Blue team
Sat Jan  4 18:42:37 2025 Poet (Red) [Headshot] ENTUSSIASMAO (Blue)
Sat Jan  4 18:42:41 2025 communist161 (Blue) [Fall]
Sat Jan  4 18:42:43 2025 FlanSoniku (Blue) [SMG] Poet (Red)
Sat Jan  4 18:42:44 2025  Capture your team's 5th intel to unlock /APOC for your team's best builder!
Sat Jan  4 18:42:45 2025 PixelPizza (Red) [Headshot] DE (Blue)
Sat Jan  4 18:42:50 2025 tt (Red) [Headshot] jcicache (Blue)
Sat Jan  4 18:42:53 2025 PixelPizza (Red) [Headshot] ENTUSSIASMAO (Blue)
Sat Jan  4 18:42:57 2025 Harry (Blue) [Fall]
Sat Jan  4 18:42:57 2025 [Global] jcicache (Blue): fuckin lag
Sat Jan  4 18:42:58 2025 PixelPizza (Red) [Headshot] DE (Blue)
Sat Jan  4 18:43:03 2025 San4Craft (Red) [Headshot] DE (Blue)
Sat Jan  4 18:43:04 2025 San4Craft (Red) [SMG] ENTUSSIASMAO (Blue)
Sat Jan  4 18:43:06 2025 [Global] DE (Blue): next guy to kill me is a hacker straight up
Sat Jan  4 18:43:07 2025 slliynote (Red) [Grenade] FlanSoniku (Blue)
Sat Jan  4 18:43:09 2025 Harry (Blue) [Rifle] Deuce Ex (Red)
Sat Jan  4 18:43:13 2025 [Global] jcicache (Blue): cry
Sat Jan  4 18:43:14 2025 San4Craft (Red) [Headshot] ENTUSSIASMAO (Blue)
Sat Jan  4 18:43:19 2025 DE (Blue) [SMG] San4Craft (Red)
Sat Jan  4 18:43:21 2025 KillerPollo (Blue) [Headshot] qweqwe (Red)
Sat Jan  4 18:43:22 2025 PixelPizza (Red) [Headshot] jcicache (Blue)
Sat Jan  4 18:43:22 2025 PJB (Blue) [Headshot] Poet (Red)
Sat Jan  4 18:43:25 2025 jcicache (Blue) [Weapon Change]
Sat Jan  4 18:43:25 2025 PJB (Blue) [Headshot] slliynote (Red)
Sat Jan  4 18:43:26 2025 stonked (Red) [Headshot] PJB (Blue)
Sat Jan  4 18:43:27 2025 stonked (Red) [SMG] Joseph (Blue)
Sat Jan  4 18:43:28 2025 PixelPizza (Red) [Headshot] FlanSoniku (Blue)
Sat Jan  4 18:43:30 2025 qweqwe (Red) [Headshot] KillerPollo (Blue)
Sat Jan  4 18:43:30 2025 Deuce Ex (Red) [Fall]
Sat Jan  4 18:43:33 2025 [Global] DE (Blue): bitch, just go pick up the briefcase yeah
Sat Jan  4 18:43:33 2025 NEIGHBOR (Blue) [Headshot] qweqwe (Red)
Sat Jan  4 18:43:33 2025 stonked (Red) [Melee] TheRollingStone (Blue)
Sat Jan  4 18:43:33 2025 PixelPizza (Red) [Headshot] ENTUSSIASMAO (Blue)
Sat Jan  4 18:43:36 2025 stonked (Red) [Headshot] communist161 (Blue)
Sat Jan  4 18:43:39 2025 Harry (Blue) [Fall]
Sat Jan  4 18:43:40 2025 NEIGHBOR (Blue) [Headshot] Deuce Ex (Red)
Sat Jan  4 18:43:42 2025 [Global] Poet (Red): so do it
Sat Jan  4 18:43:43 2025 NEIGHBOR (Blue) [Headshot] qweqwe (Red)
Sat Jan  4 18:43:44 2025  Mahalo for playing aloha.pk tower of babel
Sat Jan  4 18:43:47 2025 KomaR (Red) [SMG] DE (Blue)
Sat Jan  4 18:43:48 2025 NEIGHBOR (Blue) [Headshot] slliynote (Red)
Sat Jan  4 18:43:49 2025 PixelPizza (Red) [Headshot] ENTUSSIASMAO (Blue)
Sat Jan  4 18:43:50 2025 jcicache (Blue) [Rifle] stonked (Red)
Sat Jan  4 18:43:52 2025 TheRollingStone (Blue) [Headshot] tt (Red)
Sat Jan  4 18:43:56 2025 You must be closer to the enemy's base to grenade blocks!
Sat Jan  4 18:43:57 2025 You must be closer to the enemy's base to grenade blocks!
Sat Jan  4 18:44:00 2025 You must be closer to the enemy's base to grenade blocks!
Sat Jan  4 18:44:02 2025 DanySuchorzew joined Red team
Sat Jan  4 18:44:04 2025 [Global] jcicache (Blue): do it if it is easy
Sat Jan  4 18:44:05 2025  KomaR has a kill-death ratio of 1.06 (33 kills, 31 deaths, 1.12 kills per minute).
Sat Jan  4 18:44:05 2025  KomaR removed 24 blocks in the last 2.0 minutes. Some of them were placed by FlanSoniku,
Sat Jan  4 18:44:05 2025  ENTUSSIASMAO. Last one was destroyed 16 seconds ago, and belonged to FlanSoniku.
Sat Jan  4 18:44:05 2025  DE (#4) started a VOTEKICK against KomaR (#15). Say /Y to agree
Sat Jan  4 18:44:05 2025  Reason: waaaaghhhh!
Sat Jan  4 18:44:09 2025 PixelPizza (Red) [Headshot] ENTUSSIASMAO (Blue)
Sat Jan  4 18:44:09 2025 [Global] DE (Blue): waaghhh!
Sat Jan  4 18:44:13 2025 [Global] DE (Blue): waaaahhhhh!
Sat Jan  4 18:44:16 2025 PixelPizza (Red) [Headshot] jcicache (Blue)
Sat Jan  4 18:44:17 2025 Poet (Red) [Headshot] TheRollingStone (Blue)
Sat Jan  4 18:44:18 2025 communist161 (Blue) [Headshot] Poet (Red)
Sat Jan  4 18:44:19 2025 NEIGHBOR (Blue) [Headshot] slliynote (Red)
Sat Jan  4 18:44:21 2025  Votekick for KomaR (#15) has ended. Cancelled
Sat Jan  4 18:44:21 2025 San4Craft (Red) [Melee] FlanSoniku (Blue)
Sat Jan  4 18:44:21 2025 San4Craft (Red) [Melee] ENTUSSIASMAO (Blue)
Sat Jan  4 18:44:23 2025 NEIGHBOR (Blue) [SMG] Deuce Ex (Red)
Sat Jan  4 18:44:24 2025 [Global] Poet (Red): hm
Sat Jan  4 18:44:26 2025 San4Craft (Red) [Melee] ENTUSSIASMAO (Blue)
Sat Jan  4 18:44:28 2025 FlanSoniku (Blue) [Headshot] San4Craft (Red)
Sat Jan  4 18:44:31 2025 NEIGHBOR (Blue) [Headshot] Deuce Ex (Red)
Sat Jan  4 18:44:35 2025 slliynote (Red) [Rifle] NEIGHBOR (Blue)
Sat Jan  4 18:44:37 2025 Player NEIGHBOR has left
Sat Jan  4 18:44:37 2025 KomaR (Red) [Headshot] FlanSoniku (Blue)
Sat Jan  4 18:44:37 2025 KillerPollo (Blue) [SMG] qweqwe (Red)
Sat Jan  4 18:44:41 2025 PixelPizza (Red) [Headshot] DE (Blue)
Sat Jan  4 18:44:44 2025 PixelPizza (Red) [Headshot] jcicache (Blue)
Sat Jan  4 18:44:44 2025  Build a tower to get the enemy's intel. Take it to your team's tent to win!
Sat Jan  4 18:44:46 2025 TheRollingStone (Blue) [Headshot] DanySuchorzew (Red)
Sat Jan  4 18:44:47 2025 PixelPizza (Red) [Headshot] ENTUSSIASMAO (Blue)
Sat Jan  4 18:44:48 2025 Joseph (Blue) [Headshot] PixelPizza (Red)
Sat Jan  4 18:44:49 2025 Poet (Red) [Headshot] KillerPollo (Blue)
Sat Jan  4 18:44:51 2025 stonked (Red) [Headshot] TheRollingStone (Blue)
Sat Jan  4 18:44:52 2025 KomaR (Red) [SMG] jcicache (Blue)
Sat Jan  4 18:44:53 2025 [Global] DE (Blue): pizza why would you shoot me back, why
Sat Jan  4 18:44:53 2025 FlanSoniku (Blue) [SMG] KomaR (Red)
Sat Jan  4 18:44:54 2025 [Global] DE (Blue): how rude
Sat Jan  4 18:44:54 2025 Player TheRollingStone has left
Sat Jan  4 18:44:56 2025 DanySuchorzew (Red) [Fall]
Sat Jan  4 18:44:57 2025 stonked (Red) [SMG] communist161 (Blue)
Sat Jan  4 18:45:00 2025 too much vodka joined Red team
Sat Jan  4 18:45:05 2025 [Global] PixelPizza (Red): i am sorry...
Sat Jan  4 18:45:09 2025 slliynote (Red) [Headshot] thefogiscoming (Blue)
Sat Jan  4 18:45:13 2025 Poet (Red) [Headshot] ENTUSSIASMAO (Blue)
Sat Jan  4 18:45:16 2025 communist161 (Blue) [Fall]
Sat Jan  4 18:45:21 2025 slliynote (Red) [Headshot] thefogiscoming (Blue)
Sat Jan  4 18:45:23 2025 tt (Red) [Fall]
Sat Jan  4 18:45:26 2025 Joseph (Blue) [SMG] Poet (Red)
Sat Jan  4 18:45:27 2025 DanySuchorzew (Red) [SMG] Joseph (Blue)
Sat Jan  4 18:45:36 2025 tt (Red) [Fall]
Sat Jan  4 18:45:37 2025 FlanSoniku (Blue) [Melee] San4Craft (Red)
Sat Jan  4 18:45:37 2025 Harry (Blue) [Rifle] slliynote (Red)
Sat Jan  4 18:45:43 2025 DanySuchorzew (Red) [Headshot] jcicache (Blue)
Sat Jan  4 18:45:44 2025 PixelPizza (Red) [Headshot] thefogiscoming (Blue)
Sat Jan  4 18:45:44 2025  Type /HELP for info & commands
Sat Jan  4 18:45:44 2025 communist161 (Blue) [Headshot] stonked (Red)
Sat Jan  4 18:45:47 2025 KillerPollo (Blue) [SMG] KomaR (Red)
Sat Jan  4 18:45:49 2025 Herobrine joined Blue team
Sat Jan  4 18:45:52 2025 DanySuchorzew (Red) [Headshot] ENTUSSIASMAO (Blue)
Sat Jan  4 18:46:03 2025 thefogiscoming (Blue) [Fall]
Sat Jan  4 18:46:04 2025 PixelPizza (Red) [Headshot] communist161 (Blue)
Sat Jan  4 18:46:05 2025 Poet (Red) [Headshot] jcicache (Blue)
Sat Jan  4 18:46:06 2025 [Global] DE (Blue): our tent has been dug beneath
Sat Jan  4 18:46:08 2025 [Global] DE (Blue): were kinda fucked
Sat Jan  4 18:46:10 2025 [Global] DE (Blue): blame komar
Sat Jan  4 18:46:11 2025 KillerPollo (Blue) [SMG] KomaR (Red)
Sat Jan  4 18:46:11 2025 DanySuchorzew (Red) [Headshot] PJB (Blue)
Sat Jan  4 18:46:16 2025 ENTUSSIASMAO (Blue) [Headshot] DanySuchorzew (Red)
Sat Jan  4 18:46:17 2025 PixelPizza (Red) [Headshot] ENTUSSIASMAO (Blue)
Sat Jan  4 18:46:18 2025 Herobrine (Blue) [Headshot] too much vodka (Red)
Sat Jan  4 18:46:20 2025 gui244 (Red) [Fall]
Sat Jan  4 18:46:21 2025 qweqwe (Red) [SMG] KillerPollo (Blue)
Sat Jan  4 18:46:21 2025 [Global] DE (Blue): cheap ass bitch
Sat Jan  4 18:46:24 2025 [Team] jcicache (Blue): votekick
Sat Jan  4 18:46:26 2025 zx_menor_espanh joined Red team
Sat Jan  4 18:46:27 2025 jcicache (Blue) [SMG] San4Craft (Red)
Sat Jan  4 18:46:31 2025 [Global] jcicache (Blue): votekick
Sat Jan  4 18:46:35 2025  PixelPizza has a kill-death ratio of 4.33 (39 kills, 9 deaths, 2.32 kills per minute).
Sat Jan  4 18:46:35 2025  PixelPizza removed no blocks in the last 2.0 minutes.
Sat Jan  4 18:46:35 2025  ENTUSSIASMAO (#6) started a VOTEKICK against PixelPizza (#8). Say /Y to agree
Sat Jan  4 18:46:35 2025  Reason: reason aimbot
Sat Jan  4 18:46:35 2025 stonked (Red) [Headshot] PJB (Blue)
Sat Jan  4 18:46:36 2025 PixelPizza (Red) [Headshot] Herobrine (Blue)
Sat Jan  4 18:46:38 2025  DE (#4) voted YES
Sat Jan  4 18:46:39 2025 Player zx_menor_espanh has left
Sat Jan  4 18:46:41 2025  jcicache (#20) voted YES
Sat Jan  4 18:46:44 2025 [Global] DE (Blue): ALWAYS vote yes to a kick, no matter what
Sat Jan  4 18:46:44 2025  Visit our community forums at https://aloha.pk/
Sat Jan  4 18:46:47 2025 Deuce Ex (Red) [Headshot] Herobrine (Blue)
Sat Jan  4 18:46:50 2025 [Global] Poet (Red): -__-
Sat Jan  4 18:46:51 2025 ENTUSSIASMAO (Blue) [Headshot] stonked (Red)
Sat Jan  4 18:46:52 2025 [Global] PixelPizza (Red): dont be silly
Sat Jan  4 18:46:54 2025 Poet (Red) [SMG] ENTUSSIASMAO (Blue)
Sat Jan  4 18:46:56 2025 San4Craft (Red) [SMG] jcicache (Blue)
Sat Jan  4 18:46:58 2025 [Global] too much vodka (Red): guys guys
Sat Jan  4 18:46:58 2025 Joseph (Blue) [SMG] KomaR (Red)
Sat Jan  4 18:46:59 2025 [Global] too much vodka (Red): im scared
Sat Jan  4 18:47:03 2025 [Global] too much vodka (Red): i think i see herobrine
Sat Jan  4 18:47:03 2025 KillerPollo (Blue) [Headshot] qweqwe (Red)
Sat Jan  4 18:47:05 2025  ENTUSSIASMAO (#6) is votekicking PixelPizza (#8). /Y to vote (10 left)
Sat Jan  4 18:47:05 2025  Reason: reason aimbot
Sat Jan  4 18:47:06 2025 DanySuchorzew (Red) [Headshot] PJB (Blue)
Sat Jan  4 18:47:07 2025 Player FlanSoniku has left
Sat Jan  4 18:47:10 2025 DE (Blue) [SMG]
Sat Jan  4 18:47:11 2025 [Global] jcicache (Blue): ???
Sat Jan  4 18:47:13 2025 ENTUSSIASMAO (Blue) [Headshot] DanySuchorzew (Red)
Sat Jan  4 18:47:14 2025 KomaR (Red) [Headshot] thefogiscoming (Blue)
Sat Jan  4 18:47:16 2025 Harry (Blue) [Headshot] Deuce Ex (Red)
Sat Jan  4 18:47:17 2025 Poet (Red) [Grenade] ENTUSSIASMAO (Blue)
Sat Jan  4 18:47:18 2025 [Global] DE (Blue): aimboat
Sat Jan  4 18:47:26 2025 Herobrine (Blue) [Melee] slliynote (Red)
Sat Jan  4 18:47:31 2025 jcicache (Blue) [SMG] Poet (Red)
Sat Jan  4 18:47:33 2025 San4Craft (Red) [Melee] thefogiscoming (Blue)
Sat Jan  4 18:47:33 2025 [Global] Poet (Red): gg
Sat Jan  4 18:47:35 2025  ENTUSSIASMAO (#6) is votekicking PixelPizza (#8). /Y to vote (9 left)
Sat Jan  4 18:47:35 2025  Reason: reason aimbot
Sat Jan  4 18:47:35 2025 KillerPollo (Blue) [SMG] gui244 (Red)
Sat Jan  4 18:47:38 2025 stonked (Red) [Headshot] ENTUSSIASMAO (Blue)
Sat Jan  4 18:47:38 2025 PixelPizza (Red) [Headshot] communist161 (Blue)
Sat Jan  4 18:47:39 2025 thefogiscoming (Blue) [Headshot] San4Craft (Red)
Sat Jan  4 18:47:44 2025 PixelPizza (Red) [Rifle] PJB (Blue)
Sat Jan  4 18:47:44 2025  Come chat with us at https://discord.aloha.pk/
Sat Jan  4 18:47:50 2025 jcicache (Blue) [Headshot] stonked (Red)
Sat Jan  4 18:47:52 2025 PixelPizza (Red) [Rifle] jcicache (Blue)
Sat Jan  4 18:47:53 2025 Poet (Red) [Headshot] DE (Blue)
Sat Jan  4 18:47:57 2025 [Global] DE (Blue): i just want a map change
Sat Jan  4 18:48:00 2025 ENTUSSIASMAO (Blue) [SMG] tt (Red)
Sat Jan  4 18:48:03 2025 [Global] DE (Blue): were gunna be forever at this rate
Sat Jan  4 18:48:04 2025 KillerPollo (Blue) [Grenade]
Sat Jan  4 18:48:05 2025  ENTUSSIASMAO (#6) is votekicking PixelPizza (#8). /Y to vote (9 left)
Sat Jan  4 18:48:05 2025  Reason: reason aimbot
Sat Jan  4 18:48:06 2025 gui244 (Red) [Fall]
Sat Jan  4 18:48:09 2025 [Global] jcicache (Blue): this shit is laggy
Sat Jan  4 18:48:09 2025 communist161 (Blue) [SMG] DanySuchorzew (Red)
Sat Jan  4 18:48:10 2025 ENTUSSIASMAO (Blue) [Headshot] slliynote (Red)
Sat Jan  4 18:48:11 2025 stonked (Red) [Headshot] Herobrine (Blue)
Sat Jan  4 18:48:12 2025 Deuce Ex (Red) [Headshot] PJB (Blue)
Sat Jan  4 18:48:13 2025 Herobrine (Blue) [Weapon Change]
Sat Jan  4 18:48:14 2025 Player slliynote has left
Sat Jan  4 18:48:21 2025 Poet (Red) [SMG] DE (Blue)
Sat Jan  4 18:48:24 2025 Harry (Blue) [Headshot] Deuce Ex (Red)
Sat Jan  4 18:48:24 2025 Poet (Red) [Headshot] jcicache (Blue)
Sat Jan  4 18:48:29 2025 PixelPizza (Red) [Headshot] ENTUSSIASMAO (Blue)
Sat Jan  4 18:48:35 2025 stonked (Red) [Headshot] communist161 (Blue)
Sat Jan  4 18:48:35 2025  Votekick for PixelPizza (#8) has ended. Votekick timed out
Sat Jan  4 18:48:38 2025 DE (Blue) [SMG] Poet (Red)
Sat Jan  4 18:48:41 2025 [Global] Poet (Red): bravo de
Sat Jan  4 18:48:44 2025  If you believe a player is breaking the rules, please let us know with /ADMIN
Sat Jan  4 18:48:49 2025 stonked (Red) [Headshot] DE (Blue)
Sat Jan  4 18:48:50 2025 KillerPollo (Blue) [SMG] KomaR (Red)
Sat Jan  4 18:48:51 2025 jcicache (Blue) [Headshot] tt (Red)
Sat Jan  4 18:48:56 2025 ENTUSSIASMAO (Blue) [Headshot] stonked (Red)
Sat Jan  4 18:49:06 2025 ENTUSSIASMAO (Blue) [Headshot] gui244 (Red)
Sat Jan  4 18:49:06 2025 ENTUSSIASMAO (Blue) [Headshot] DanySuchorzew (Red)
Sat Jan  4 18:49:09 2025 PJB (Blue) [Rifle] Deuce Ex (Red)
Sat Jan  4 18:49:11 2025 PixelPizza (Red) [Headshot] ENTUSSIASMAO (Blue)
Sat Jan  4 18:49:12 2025 KillerPollo (Blue) [Grenade] Poet (Red)
Sat Jan  4 18:49:15 2025 PJB (Blue) [Headshot] PixelPizza (Red)
Sat Jan  4 18:49:18 2025 [Global] Poet (Red): killerpolo pls
Sat Jan  4 18:49:20 2025 Joseph (Blue) [Fall]
Sat Jan  4 18:49:22 2025 [Global] DE (Blue): the lag is real
Sat Jan  4 18:49:22 2025 [Global] Poet (Red): you were such a cool guy
Sat Jan  4 18:49:24 2025 KillerPollo (Blue) [Headshot] KomaR (Red)
Sat Jan  4 18:49:24 2025 KillerPollo (Blue) [Headshot] qweqwe (Red)
Sat Jan  4 18:49:25 2025 KillerPollo (Blue) [SMG] gui244 (Red)
Sat Jan  4 18:49:30 2025 [Global] KillerPollo (Blue): xD
Sat Jan  4 18:49:30 2025 a Silver Bullet (Red) [Grenade]
Sat Jan  4 18:49:30 2025 PJB (Blue) [Rifle] Deuce Ex (Red)
Sat Jan  4 18:49:32 2025 Herobrine (Blue) [Headshot] KomaR (Red)
Sat Jan  4 18:49:35 2025 stonked (Red) [SMG] jcicache (Blue)
Sat Jan  4 18:49:37 2025 You can't destroy your team's blocks in this area. Attack the enemy's tower!
Sat Jan  4 18:49:38 2025 You can't destroy your team's blocks in this area. Attack the enemy's tower!
Sat Jan  4 18:49:38 2025 You can't destroy your team's blocks in this area. Attack the enemy's tower!
Sat Jan  4 18:49:39 2025 Herobrine (Blue) [SMG] DanySuchorzew (Red)
Sat Jan  4 18:49:40 2025 ENTUSSIASMAO (Blue) [SMG] tt (Red)
Sat Jan  4 18:49:41 2025 qweqwe (Red) [Headshot] Herobrine (Blue)
Sat Jan  4 18:49:44 2025 DE (Blue) [Headshot] Poet (Red)
Sat Jan  4 18:49:44 2025  This server runs imger and glow. Use /IMG or /GLOW to toggle them.
Sat Jan  4 18:49:47 2025 [Global] Poet (Red): clap clap
Sat Jan  4 18:49:49 2025 PJB (Blue) [Headshot] Deuce Ex (Red)
Sat Jan  4 18:49:50 2025 DE (Blue) [SMG] gui244 (Red)
Sat Jan  4 18:49:51 2025 PixelPizza (Red) [Headshot] ENTUSSIASMAO (Blue)
Sat Jan  4 18:49:53 2025 KomaR (Red) [SMG] DE (Blue)
Sat Jan  4 18:49:55 2025 PJB (Blue) [Headshot] too much vodka (Red)
Sat Jan  4 18:50:06 2025 [Global] DE (Blue): your mum has the clap[
Sat Jan  4 18:50:09 2025 KillerPollo (Blue) [Headshot] Poet (Red)
Sat Jan  4 18:50:17 2025 [Global] DE (Blue): i know because i gave it to her
Sat Jan  4 18:50:17 2025 PJB (Blue) [Rifle] gui244 (Red)
Sat Jan  4 18:50:19 2025 KillerPollo (Blue) [Fall]
Sat Jan  4 18:50:20 2025 [Global] Poet (Red): you are such a good storyteller
Sat Jan  4 18:50:20 2025 jcicache (Blue) [Headshot] tt (Red)
Sat Jan  4 18:50:28 2025 DanySuchorzew (Red) [Headshot] jcicache (Blue)
Sat Jan  4 18:50:29 2025 KomaR (Red) [Headshot] Harry (Blue)
Sat Jan  4 18:50:33 2025 PixelPizza (Red) [Headshot] ENTUSSIASMAO (Blue)
Sat Jan  4 18:50:35 2025 DanySuchorzew (Red) [Fall]
Sat Jan  4 18:50:41 2025 Herobrine (Blue) [SMG] gui244 (Red)
Sat Jan  4 18:50:41 2025 [Team] Harry (Blue): two reds below the bridge
Sat Jan  4 18:50:41 2025 Joseph (Blue) [SMG] tt (Red)
Sat Jan  4 18:50:42 2025 Herobrine (Blue) [Headshot] qweqwe (Red)
Sat Jan  4 18:50:44 2025 Poet (Red) [SMG] communist161 (Blue)
Sat Jan  4 18:50:44 2025  Use /EMOTE to draw an emote on the map!
Sat Jan  4 18:50:50 2025 qweqwe (Red) [Headshot] Herobrine (Blue)
Sat Jan  4 18:50:52 2025 KomaR (Red) [SMG] jcicache (Blue)
Sat Jan  4 18:50:53 2025 ENTUSSIASMAO (Blue) [Headshot] stonked (Red)
Sat Jan  4 18:50:56 2025 KomaR (Red) [Headshot] Harry (Blue)
Sat Jan  4 18:51:02 2025 DE (Blue) [Headshot] gui244 (Red)
Sat Jan  4 18:51:02 2025 Poet (Red) [Headshot] ENTUSSIASMAO (Blue)
Sat Jan  4 18:51:02 2025 qweqwe (Red) [Headshot] Joseph (Blue)
Sat Jan  4 18:51:03 2025 communist161 (Blue) [Headshot] KomaR (Red)
Sat Jan  4 18:51:06 2025 Poet (Red) [Headshot] communist161 (Blue)
Sat Jan  4 18:51:06 2025 DE (Blue) [Headshot] tt (Red)
Sat Jan  4 18:51:08 2025 DE (Blue) [SMG] qweqwe (Red)
Sat Jan  4 18:51:09 2025 stonked (Red) [SMG] DE (Blue)
Sat Jan  4 18:51:13 2025 NEIGHBOR joined Blue team
Sat Jan  4 18:51:13 2025 Poet (Red) [Headshot] jcicache (Blue)
Sat Jan  4 18:51:15 2025 Poet (Red) [SMG] communist161 (Blue)
Sat Jan  4 18:51:19 2025 PJB (Blue) [Headshot] KomaR (Red)
Sat Jan  4 18:51:19 2025 Deuce Ex (Red) [Weapon Change]
Sat Jan  4 18:51:20 2025 Poet (Red) [Fall]
Sat Jan  4 18:51:21 2025 [Global] DE (Blue): red can you hurry up and i9ntel pls
Sat Jan  4 18:51:23 2025 [Global] DE (Blue): new map
Sat Jan  4 18:51:25 2025 [Team] jcicache (Blue): camper in c4
Sat Jan  4 18:51:26 2025 NEIGHBOR (Blue) [Headshot] PixelPizza (Red)
Sat Jan  4 18:51:38 2025 [Global] PixelPizza (Red): yeah this map sucks
Sat Jan  4 18:51:42 2025 PJB (Blue) [Headshot] Poet (Red)
Sat Jan  4 18:51:44 2025  Use /HEAVEN to paint the babel platform!
Sat Jan  4 18:51:46 2025 [Global] Poet (Red): yo are very annoying my friend, your sincerely
Sat Jan  4 18:51:49 2025 Joseph (Blue) [Headshot] qweqwe (Red)
Sat Jan  4 18:51:50 2025 tt (Red) [Headshot] Joseph (Blue)
Sat Jan  4 18:51:50 2025 Deuce Ex (Red) [Shotgun] Herobrine (Blue)
Sat Jan  4 18:51:51 2025 jcicache (Blue) [Fall]
Sat Jan  4 18:51:54 2025 ENTUSSIASMAO (Blue) [Headshot] stonked (Red)
Sat Jan  4 18:51:55 2025 communist161 (Blue) [SMG] Deuce Ex (Red)
Sat Jan  4 18:51:57 2025 KillerPollo (Blue) [Fall]
Sat Jan  4 18:51:59 2025 DE (Blue) [SMG] KomaR (Red)
Sat Jan  4 18:52:03 2025 Poet (Red) [Headshot] NEIGHBOR (Blue)
Sat Jan  4 18:52:06 2025 Player NEIGHBOR has left
Sat Jan  4 18:52:14 2025 San4Craft (Red) [Headshot] Harry (Blue)
Sat Jan  4 18:52:16 2025 Herobrine (Blue) [Melee] tt (Red)
Sat Jan  4 18:52:18 2025 Herobrine (Blue) [Headshot] a Silver Bullet (Red)
Sat Jan  4 18:52:18 2025 jcicache (Blue) [Fall]
Sat Jan  4 18:52:19 2025 KomaR (Red) [Headshot] DE (Blue)
Sat Jan  4 18:52:21 2025 KomaR (Red) [Headshot] ENTUSSIASMAO (Blue)
Sat Jan  4 18:52:23 2025 communist161 (Blue) [Melee] DanySuchorzew (Red)
Sat Jan  4 18:52:25 2025 PJB (Blue) [Headshot] PixelPizza (Red)
Sat Jan  4 18:52:30 2025 KomaR (Red) [Headshot] ENTUSSIASMAO (Blue)
Sat Jan  4 18:52:35 2025 [Global] DE (Blue): are red even trying to get the intel
Sat Jan  4 18:52:35 2025 Poet (Red) [SMG] DE (Blue)
Sat Jan  4 18:52:36 2025 PixelPizza joined Spectator team
Sat Jan  4 18:52:36 2025 KomaR (Red) [SMG] jcicache (Blue)
Sat Jan  4 18:52:38 2025 [Team] jcicache (Blue): shits in d4 beware
Sat Jan  4 18:52:38 2025 KillerPollo (Blue) [SMG] qweqwe (Red)
Sat Jan  4 18:52:44 2025  Get a 20 killstreak and 1 intel capture(s) to unlock /APOC!
Sat Jan  4 18:52:45 2025 gui244 (Red) [Fall]
Sat Jan  4 18:52:45 2025 Poet (Red) [Fall]
Sat Jan  4 18:52:47 2025 PJB (Blue) [Rifle] a Silver Bullet (Red)
Sat Jan  4 18:52:49 2025 Harry (Blue) [Headshot] Deuce Ex (Red)
Sat Jan  4 18:52:51 2025 KomaR (Red) [Headshot] ENTUSSIASMAO (Blue)
Sat Jan  4 18:52:52 2025 [Global] Poet (Red): thats horrible man
Sat Jan  4 18:53:01 2025 a Silver Bullet (Red) [Headshot] KillerPollo (Blue)
Sat Jan  4 18:53:03 2025 [Global] KillerPollo (Blue): dam
Sat Jan  4 18:53:04 2025 You must be closer to the enemy's base to shoot blocks!
Sat Jan  4 18:53:04 2025 KomaR (Red) [Headshot] Harry (Blue)
Sat Jan  4 18:53:05 2025 jcicache (Blue) [Headshot] KomaR (Red)
Sat Jan  4 18:53:07 2025 PJB (Blue) [Headshot] qweqwe (Red)
Sat Jan  4 18:53:09 2025 Poet (Red) [SMG] DE (Blue)
Sat Jan  4 18:53:10 2025 a Silver Bullet (Red) [Fall]
Sat Jan  4 18:53:13 2025 Herobrine (Blue) [Headshot] gui244 (Red)
Sat Jan  4 18:53:17 2025 Herobrine (Blue) [SMG] tt (Red)
Sat Jan  4 18:53:19 2025 SniffrLiqr joined Blue team
Sat Jan  4 18:53:20 2025 [Global] Poet (Red): why is DE always such flayin, when gettin shot?
Sat Jan  4 18:53:21 2025 KomaR (Red) [Headshot] PJB (Blue)
Sat Jan  4 18:53:22 2025 [Global] DE (Blue): hey red its not team deathmatch your supposed to ge tthe intel
Sat Jan  4 18:53:24 2025 qweqwe (Red) [SMG] communist161 (Blue)
Sat Jan  4 18:53:32 2025 [Global] DE (Blue): what is flayin?
Sat Jan  4 18:53:35 2025 Poet (Red) [Headshot] ENTUSSIASMAO (Blue)
Sat Jan  4 18:53:44 2025  Capture your team's 5th intel to unlock /APOC for your team's best builder!
Sat Jan  4 18:53:56 2025 KomaR (Red) [SMG] Harry (Blue)
Sat Jan  4 18:53:57 2025 Poet (Red) [Headshot] ENTUSSIASMAO (Blue)
Sat Jan  4 18:54:00 2025 gui244 (Red) [SMG] KillerPollo (Blue)
Sat Jan  4 18:54:01 2025 PJB (Blue) [Rifle] Poet (Red)
Sat Jan  4 18:54:02 2025 Harry (Blue) [Headshot] Deuce Ex (Red)
Sat Jan  4 18:54:05 2025 [Global] Poet (Red): flayin?
Sat Jan  4 18:54:09 2025 [Global] Poet (Red): i guess you can hear it
Sat Jan  4 18:54:10 2025 a Silver Bullet (Red) [Headshot] Joseph (Blue)
Sat Jan  4 18:54:10 2025 [Global] DE (Blue): thats what he said
Sat Jan  4 18:54:12 2025 qweqwe (Red) [Headshot] Herobrine (Blue)
Sat Jan  4 18:54:13 2025 [Global] DE (Blue): im 'flayin'
Sat Jan  4 18:54:14 2025 ENTUSSIASMAO (Blue) [SMG] stonked (Red)
Sat Jan  4 18:54:16 2025 Herobrine (Blue) [Headshot] KomaR (Red)
Sat Jan  4 18:54:31 2025 Poet (Red) [SMG] PJB (Blue)
Sat Jan  4 18:54:31 2025 DE (Blue) [SMG] Poet (Red)
Sat Jan  4 18:54:32 2025 gui244 (Red) [Fall]
Sat Jan  4 18:54:35 2025 [Global] Poet (Red): ok nice shot
Sat Jan  4 18:54:39 2025 KillerPollo (Blue) [Headshot] qweqwe (Red)
Sat Jan  4 18:54:39 2025 DE (Blue) [SMG] a Silver Bullet (Red)
Sat Jan  4 18:54:40 2025 jcicache (Blue) [SMG] stonked (Red)
Sat Jan  4 18:54:41 2025 Poet (Red) [SMG] DE (Blue)
Sat Jan  4 18:54:44 2025 Player Deuce Ex has left
Sat Jan  4 18:54:44 2025  Mahalo for playing aloha.pk tower of babel
Sat Jan  4 18:54:47 2025 SniffrLiqr (Blue) [Headshot] KomaR (Red)
Sat Jan  4 18:54:48 2025 too much vodka (Red) [Headshot] PJB (Blue)
Sat Jan  4 18:54:51 2025 too much vodka (Red) [Headshot] Harry (Blue)
Sat Jan  4 18:54:57 2025 [Global] DE (Blue): pff im hardly trying and im playing on a potato,. come back 10 years ago
Sat Jan  4 18:54:59 2025 stonked (Red) [Headshot] jcicache (Blue)
Sat Jan  4 18:55:00 2025 NEIGHBOR joined Red team
Sat Jan  4 18:55:07 2025 Harry (Blue) [Headshot] too much vodka (Red)
Sat Jan  4 18:55:08 2025 KillerPollo (Blue) [Headshot] a Silver Bullet (Red)
Sat Jan  4 18:55:10 2025 Joseph (Blue) [Fall]
Sat Jan  4 18:55:13 2025 tt (Red) [Fall]
Sat Jan  4 18:55:16 2025 NEIGHBOR (Red) [Fall]
Sat Jan  4 18:55:17 2025 qweqwe (Red) [SMG] Herobrine (Blue)
Sat Jan  4 18:55:25 2025 KomaR (Red) [SMG] communist161 (Blue)
Sat Jan  4 18:55:28 2025 NEIGHBOR (Red) [Headshot] SniffrLiqr (Blue)
Sat Jan  4 18:55:32 2025 KillerPollo (Blue) [Headshot] a Silver Bullet (Red)
Sat Jan  4 18:55:36 2025 Player DanySuchorzew has left
Sat Jan  4 18:55:37 2025 luoiuy joined Spectator team
Sat Jan  4 18:55:39 2025 Poet (Red) [SMG] DE (Blue)
Sat Jan  4 18:55:43 2025 [Global] DE (Blue): also i hipfire btw
Sat Jan  4 18:55:44 2025  Build a tower to get the enemy's intel. Take it to your team's tent to win!
Sat Jan  4 18:55:45 2025 stonked (Red) [SMG] ENTUSSIASMAO (Blue)
Sat Jan  4 18:55:45 2025 PJB (Blue) [Melee] NEIGHBOR (Red)
Sat Jan  4 18:55:46 2025 [Global] DE (Blue): rarely ads
Sat Jan  4 18:55:47 2025 communist161 (Blue) [SMG] stonked (Red)
Sat Jan  4 18:55:49 2025 jcicache (Blue) [SMG] KomaR (Red)
Sat Jan  4 18:55:50 2025 KillerPollo (Blue) [Fall]
Sat Jan  4 18:55:54 2025 Joseph picked up Red's Intel.
Sat Jan  4 18:55:58 2025 communist161 (Blue) [Fall]
Sat Jan  4 18:55:59 2025 Player luoiuy has left
Sat Jan  4 18:56:00 2025 PJB (Blue) [Headshot] Poet (Red)
Sat Jan  4 18:56:01 2025 [Global] SniffrLiqr (Blue): you single?
Sat Jan  4 18:56:01 2025 Herobrine (Blue) [SMG] qweqwe (Red)
Sat Jan  4 18:56:01 2025 PJB (Blue) [Headshot] a Silver Bullet (Red)
Sat Jan  4 18:56:02 2025 Herobrine (Blue) [Headshot] too much vodka (Red)
Sat Jan  4 18:56:05 2025 jcicache (Blue) [Headshot] tt (Red)
Sat Jan  4 18:56:06 2025 PJB (Blue) [Rifle] gui244 (Red)
Sat Jan  4 18:56:11 2025 NEIGHBOR (Red) [Melee] PJB (Blue)
Sat Jan  4 18:56:14 2025 communist161 (Blue) [Headshot] stonked (Red)
Sat Jan  4 18:56:15 2025 [Global] DE (Blue): sometimes
Sat Jan  4 18:56:21 2025 San4Craft (Red) [SMG] Harry (Blue)
Sat Jan  4 18:56:25 2025 qweqwe (Red) [Headshot] Herobrine (Blue)
Sat Jan  4 18:56:28 2025 Poet (Red) [Headshot] DE (Blue)
Sat Jan  4 18:56:31 2025 gui244 (Red) [Fall]
Sat Jan  4 18:56:36 2025 [Global] DE (Blue): i might have to start using shotgun hipfire
Sat Jan  4 18:56:38 2025 Joseph dropped Red's Intel
Sat Jan  4 18:56:38 2025  The intel has returned to the heavens
Sat Jan  4 18:56:38 2025 San4Craft (Red) [Melee] Joseph (Blue)
Sat Jan  4 18:56:39 2025 jcicache picked up Red's Intel.
Sat Jan  4 18:56:39 2025 PJB (Blue) [Grenade] a Silver Bullet (Red)
Sat Jan  4 18:56:40 2025 KomaR (Red) [SMG] Harry (Blue)
Sat Jan  4 18:56:44 2025 [Global] PixelPizza (): bad bad san4craft :)
Sat Jan  4 18:56:44 2025  Type /HELP for info & commands
Sat Jan  4 18:56:51 2025 a Silver Bullet (Red) [Headshot] PJB (Blue)
Sat Jan  4 18:56:52 2025 [Team] Joseph (Blue): ah man these cunts with the in5tel point
Sat Jan  4 18:57:00 2025 [Global] DE (Blue): im gunan go shotgun and no ads, anyone dies to me you should be embarissed
Sat Jan  4 18:57:01 2025 a Silver Bullet (Red) [Headshot] Herobrine (Blue)
Sat Jan  4 18:57:02 2025 Harry (Blue) [Headshot] KomaR (Red)
Sat Jan  4 18:57:03 2025 a Silver Bullet (Red) [SMG] ENTUSSIASMAO (Blue)
Sat Jan  4 18:57:03 2025 Herobrine (Blue) [Grenade] qweqwe (Red)
Sat Jan  4 18:57:03 2025 [Global] jcicache (Blue): where is the camp
Sat Jan  4 18:57:03 2025 DE (Blue) [Weapon Change]
Sat Jan  4 18:57:06 2025 communist161 (Blue) [SMG] stonked (Red)
Sat Jan  4 18:57:13 2025 Poet (Red) [Headshot] Joseph (Blue)
Sat Jan  4 18:57:15 2025 Poet (Red) [SMG] communist161 (Blue)
Sat Jan  4 18:57:17 2025 Poet (Red) [Fall]
Sat Jan  4 18:57:17 2025 KillerPollo (Blue) [SMG] tt (Red)
Sat Jan  4 18:57:18 2025 [Team] Joseph (Blue): lads push top they are up
Sat Jan  4 18:57:23 2025 a Silver Bullet (Red) [Grenade] KillerPollo (Blue)
Sat Jan  4 18:57:30 2025 [Team] Joseph (Blue): ill try to break bridge
Sat Jan  4 18:57:35 2025 San4Craft (Red) [Headshot] Harry (Blue)
Sat Jan  4 18:57:38 2025 DE (Blue) [Headshot] KomaR (Red)
Sat Jan  4 18:57:41 2025 SniffrLiqr (Blue) [Headshot] tt (Red)
Sat Jan  4 18:57:43 2025 [Global] jcicache (Blue): there is no camp
Sat Jan  4 18:57:44 2025  Visit our community forums at https://aloha.pk/
Sat Jan  4 18:57:45 2025 Herobrine (Blue) [Rifle] a Silver Bullet (Red)
Sat Jan  4 18:57:46 2025 DE (Blue) [Shotgun] Poet (Red)
Sat Jan  4 18:57:49 2025 Joseph (Blue) [Headshot] NEIGHBOR (Red)
Sat Jan  4 18:57:49 2025 stonked (Red) [Headshot] Harry (Blue)
Sat Jan  4 18:57:53 2025 Poet (Red) [SMG] Herobrine (Blue)
Sat Jan  4 18:57:53 2025 PJB (Blue) [Headshot] gui244 (Red)
Sat Jan  4 18:57:54 2025 SniffrLiqr (Blue) [Headshot] too much vodka (Red)
Sat Jan  4 18:57:55 2025 Herobrine (Blue) [Grenade] a Silver Bullet (Red)
Sat Jan  4 18:57:56 2025 [Global] jcicache (Blue): fuckin griefers
Sat Jan  4 18:57:58 2025 PJB (Blue) [Headshot] qweqwe (Red)
Sat Jan  4 18:58:04 2025 Poet (Red) [Headshot] DE (Blue)
Sat Jan  4 18:58:04 2025 [Team] Harry (Blue): help me retrieve the camp below
Sat Jan  4 18:58:07 2025 Poet (Red) [Headshot] communist161 (Blue)
Sat Jan  4 18:58:08 2025 Joseph (Blue) [Headshot] Poet (Red)
Sat Jan  4 18:58:12 2025 [Global] Poet (Red): ok campers enough
Sat Jan  4 18:58:14 2025 SniffrLiqr (Blue) [Headshot] tt (Red)
Sat Jan  4 18:58:20 2025 KomaR (Red) [Headshot] PJB (Blue)
Sat Jan  4 18:58:21 2025 [Global] DE (Blue): komar AND poet firs tto die to shotgun no ads......embarissing
Sat Jan  4 18:58:26 2025 SniffrLiqr (Blue) [Headshot] KomaR (Red)
Sat Jan  4 18:58:42 2025 KillerPollo (Blue) [SMG] qweqwe (Red)
Sat Jan  4 18:58:44 2025  Come chat with us at https://discord.aloha.pk/
Sat Jan  4 18:58:47 2025 San4Craft (Red) [SMG] Harry (Blue)
Sat Jan  4 18:58:48 2025 SniffrLiqr (Blue) [Headshot] a Silver Bullet (Red)
Sat Jan  4 18:58:50 2025 Poet (Red) [Headshot] PJB (Blue)
Sat Jan  4 18:58:50 2025 Poet (Red) [Headshot] DE (Blue)
Sat Jan  4 18:58:55 2025 Herobrine (Blue) [Headshot] Poet (Red)
Sat Jan  4 18:58:56 2025 [Team] PJB (Blue): where tf is the intel
Sat Jan  4 18:58:57 2025 [Global] Poet (Red): great
Sat Jan  4 18:59:00 2025 tt (Red) [Headshot] thefogiscoming (Blue)
Sat Jan  4 18:59:01 2025 SniffrLiqr (Blue) [Headshot] KomaR (Red)
Sat Jan  4 18:59:01 2025 [Global] jcicache (Blue): i have the intel
Sat Jan  4 18:59:04 2025 [Global] DE (Blue): our tent is at bottom of map so we casnt cap
Sat Jan  4 18:59:08 2025 [Global] jcicache (Blue): i dont know where is the tent
Sat Jan  4 18:59:09 2025 jcicache dropped Red's Intel
Sat Jan  4 18:59:09 2025  The intel has returned to the heavens
Sat Jan  4 18:59:09 2025 jcicache (Blue) [SMG]
Sat Jan  4 18:59:09 2025  God punished jcicache for holding the intel too long
Sat Jan  4 18:59:15 2025 NEIGHBOR (Red) [Headshot] SniffrLiqr (Blue)
Sat Jan  4 18:59:15 2025 Poet (Red) [SMG] ENTUSSIASMAO (Blue)
Sat Jan  4 18:59:16 2025 communist161 (Blue) [Headshot] Poet (Red)
Sat Jan  4 18:59:17 2025 Herobrine picked up Red's Intel.
Sat Jan  4 18:59:17 2025 a Silver Bullet (Red) [SMG] KillerPollo (Blue)
Sat Jan  4 18:59:19 2025 [Global] SniffrLiqr (Blue): :(
Sat Jan  4 18:59:19 2025 [Global] KillerPollo (Blue): dam
Sat Jan  4 18:59:22 2025 San4Craft (Red) [SMG] Harry (Blue)
Sat Jan  4 18:59:27 2025 KomaR (Red) [Headshot] communist161 (Blue)
Sat Jan  4 18:59:28 2025 DE (Blue) [Headshot] KomaR (Red)
Sat Jan  4 18:59:39 2025 Poet (Red) [SMG] Joseph (Blue)
Sat Jan  4 18:59:40 2025 ENTUSSIASMAO (Blue) [SMG] tt (Red)
Sat Jan  4 18:59:42 2025 DE (Blue) [Headshot] Poet (Red)
Sat Jan  4 18:59:44 2025  If you believe a player is breaking the rules, please let us know with /ADMIN
Sat Jan  4 18:59:45 2025 DE (Blue) [Fall]
Sat Jan  4 18:59:45 2025 San4Craft (Red) [SMG] jcicache (Blue)
Sat Jan  4 18:59:47 2025 [Global] DE (Blue): bahyahahaha
Sat Jan  4 18:59:47 2025 [Global] Poet (Red): clap
Sat Jan  4 18:59:48 2025 [Global] DE (Blue): poet
Sat Jan  4 18:59:48 2025 [Global] jcicache (Blue): camper
Sat Jan  4 18:59:49 2025 San4Craft (Red) [SMG] Harry (Blue)
Sat Jan  4 18:59:50 2025 [Global] DE (Blue): that was epic
Sat Jan  4 18:59:50 2025 [Global] jcicache (Blue): camper
Sat Jan  4 18:59:54 2025 SniffrLiqr (Blue) [Fall]
Sat Jan  4 18:59:57 2025 [Global] Poet (Red): not so
Sat Jan  4 19:00:08 2025 KillerPollo (Blue) [Headshot] Poet (Red)
Sat Jan  4 19:00:21 2025 DE (Blue) [Headshot] KomaR (Red)
Sat Jan  4 19:00:22 2025 Poet (Red) [SMG] Joseph (Blue)
Sat Jan  4 19:00:27 2025 KillerPollo (Blue) [SMG] a Silver Bullet (Red)
Sat Jan  4 19:00:30 2025 DE (Blue) [Grenade] qweqwe (Red)
Sat Jan  4 19:00:31 2025 ENTUSSIASMAO (Blue) [Headshot] KomaR (Red)
Sat Jan  4 19:00:31 2025 Poet (Red) [Headshot] DE (Blue)
Sat Jan  4 19:00:33 2025 Poet (Red) [Headshot] ENTUSSIASMAO (Blue)
Sat Jan  4 19:00:37 2025 San4Craft (Red) [Headshot] Harry (Blue)
Sat Jan  4 19:00:37 2025 PJB (Blue) [Headshot] Poet (Red)
Sat Jan  4 19:00:39 2025 [Global] Poet (Red): ok
Sat Jan  4 19:00:40 2025 SniffrLiqr (Blue) [Headshot] gui244 (Red)
Sat Jan  4 19:00:42 2025 PJB (Blue) [Headshot] tt (Red)
Sat Jan  4 19:00:43 2025 [Global] Poet (Red): this is rlly annoyin
Sat Jan  4 19:00:44 2025 [Team] DE (Blue): rush across platform and destroy their briudge
Sat Jan  4 19:00:44 2025  This server runs imger and glow. Use /IMG or /GLOW to toggle them.
Sat Jan  4 19:00:48 2025 Player ENTUSSIASMAO has left
Sat Jan  4 19:00:49 2025 Joseph (Blue) [SMG] a Silver Bullet (Red)
Sat Jan  4 19:00:53 2025 PJB (Blue) [Headshot] KomaR (Red)
Sat Jan  4 19:00:57 2025 Herobrine dropped Red's Intel
Sat Jan  4 19:00:57 2025  The intel has returned to the heavens
Sat Jan  4 19:00:57 2025 San4Craft (Red) [SMG] Herobrine (Blue)
Sat Jan  4 19:01:02 2025 SniffrLiqr (Blue) [Rifle] gui244 (Red)
Sat Jan  4 19:01:04 2025 KillerPollo (Blue) [Grenade]
Sat Jan  4 19:01:05 2025 Joseph (Blue) [SMG] qweqwe (Red)
Sat Jan  4 19:01:06 2025 San4Craft (Red) [SMG] Harry (Blue)
Sat Jan  4 19:01:06 2025 [Global] jcicache (Blue): griefers of the shit
Sat Jan  4 19:01:12 2025 DE picked up Red's Intel.
Sat Jan  4 19:01:13 2025 DE dropped Red's Intel
Sat Jan  4 19:01:13 2025 Poet (Red) [SMG] DE (Blue)
Sat Jan  4 19:01:15 2025 Joseph (Blue) [SMG] a Silver Bullet (Red)
Sat Jan  4 19:01:17 2025 stonked (Red) [SMG] jcicache (Blue)
Sat Jan  4 19:01:19 2025 Herobrine (Blue) [Fall]
Sat Jan  4 19:01:20 2025 Player Herobrine has left
Sat Jan  4 19:01:35 2025  memo.. was kicked: Inactive for 30 minutes
Sat Jan  4 19:01:35 2025 Player memo.. has left
Sat Jan  4 19:01:35 2025 stonked (Red) [Headshot] DE (Blue)
Sat Jan  4 19:01:36 2025 You must be closer to the enemy's base to shoot blocks!
Sat Jan  4 19:01:37 2025 You must be closer to the enemy's base to shoot blocks!
Sat Jan  4 19:01:37 2025 PJB (Blue) [Headshot] gui244 (Red)
Sat Jan  4 19:01:40 2025 SniffrLiqr (Blue) [Rifle] tt (Red)
Sat Jan  4 19:01:41 2025 [Global] DE (Blue): stoinked bruh, 2 shells to face
Sat Jan  4 19:01:42 2025 [Global] DE (Blue): hp?
Sat Jan  4 19:01:44 2025  Use /EMOTE to draw an emote on the map!
Sat Jan  4 19:01:48 2025 Harry (Blue) [Headshot] stonked (Red)
Sat Jan  4 19:01:57 2025 Poet (Red) [Headshot] PJB (Blue)
Sat Jan  4 19:01:58 2025 communist161 picked up Red's Intel.
Sat Jan  4 19:02:01 2025 [Global] Poet (Red): that took time PJB right?
Sat Jan  4 19:02:04 2025  stonked has a kill-death ratio of 1.29 (44 kills, 34 deaths, 0.92 kills per minute).
Sat Jan  4 19:02:04 2025  stonked removed 37 blocks in the last 2.0 minutes. Some of them were placed by stonked.
Sat Jan  4 19:02:04 2025  Last one was destroyed 25 seconds ago, and belonged to stonked.
Sat Jan  4 19:02:04 2025  jcicache (#20) started a VOTEKICK against stonked (#14). Say /Y to agree
Sat Jan  4 19:02:04 2025  Reason: possibly griefer
Sat Jan  4 19:02:10 2025 [Global] PJB (Blue): What
Sat Jan  4 19:02:10 2025 DE (Blue) [Shotgun] qweqwe (Red)
Sat Jan  4 19:02:16 2025 [Global] DE (Blue): lol
Sat Jan  4 19:02:17 2025  DE (#4) voted YES
Sat Jan  4 19:02:17 2025 SniffrLiqr (Blue) [Rifle] tt (Red)
Sat Jan  4 19:02:23 2025 SniffrLiqr (Blue) [Melee] gui244 (Red)
Sat Jan  4 19:02:29 2025 qweqwe (Red) [SMG] KillerPollo (Blue)
Sat Jan  4 19:02:33 2025 [Global] KillerPollo (Blue): dam
Sat Jan  4 19:02:33 2025 [Global] DE (Blue): stonked? never hear dof him ,must be some scrub, /y
Sat Jan  4 19:02:34 2025  jcicache (#20) is votekicking stonked (#14). /Y to vote (8 left)
Sat Jan  4 19:02:34 2025  Reason: possibly griefer
Sat Jan  4 19:02:42 2025 Poet (Red) [Fall]
Sat Jan  4 19:02:44 2025  Use /HEAVEN to paint the babel platform!
Sat Jan  4 19:02:47 2025 [Global] Poet (Red): again ·PJB?
Sat Jan  4 19:02:50 2025 stonked (Red) [Grenade] jcicache (Blue)
Sat Jan  4 19:02:52 2025 KillerPollo (Blue) [SMG] NEIGHBOR (Red)
Sat Jan  4 19:02:54 2025 communist161 dropped Red's Intel
Sat Jan  4 19:02:54 2025  The intel has returned to the heavens
Sat Jan  4 19:02:54 2025 stonked (Red) [Headshot] communist161 (Blue)
Sat Jan  4 19:02:55 2025 SniffrLiqr (Blue) [Headshot] gui244 (Red)
Sat Jan  4 19:02:56 2025 DE picked up Red's Intel.
Sat Jan  4 19:02:58 2025 a Silver Bullet (Red) [Rifle] Joseph (Blue)
Sat Jan  4 19:03:03 2025 [Global] Poet (Red): would you be so kind and STOP FUCKN CAMPIN SAME SPOT ALL THE TIME??
Sat Jan  4 19:03:03 2025 tt (Red) [Fall]
Sat Jan  4 19:03:04 2025  jcicache (#20) is votekicking stonked (#14). /Y to vote (8 left)
Sat Jan  4 19:03:04 2025  Reason: possibly griefer
Sat Jan  4 19:03:05 2025 O.O joined Blue team
Sat Jan  4 19:03:08 2025 Harry (Blue) [Headshot] stonked (Red)
Sat Jan  4 19:03:17 2025 [Global] DE (Blue): okay wheres tent
Sat Jan  4 19:03:18 2025 PJB (Blue) [Rifle] too much vodka (Red)
Sat Jan  4 19:03:23 2025 Harry (Blue) [Headshot] San4Craft (Red)
Sat Jan  4 19:03:25 2025 Poet (Red) [Fall]
Sat Jan  4 19:03:29 2025 NEIGHBOR (Red) [Melee] Joseph (Blue)
Sat Jan  4 19:03:34 2025  jcicache (#20) is votekicking stonked (#14). /Y to vote (9 left)
Sat Jan  4 19:03:34 2025  Reason: possibly griefer
Sat Jan  4 19:03:44 2025  Get a 20 killstreak and 1 intel capture(s) to unlock /APOC!
Sat Jan  4 19:03:54 2025 [Team] Harry (Blue): i killed the griefers come!
Sat Jan  4 19:03:55 2025 DE dropped Red's Intel
Sat Jan  4 19:03:55 2025  The intel has returned to the heavens
Sat Jan  4 19:03:55 2025 stonked (Red) [SMG] DE (Blue)
Sat Jan  4 19:03:57 2025 Joseph (Blue) [SMG] a Silver Bullet (Red)
Sat Jan  4 19:03:59 2025 jcicache (Blue) [SMG] stonked (Red)
Sat Jan  4 19:04:01 2025 too much vodka (Red) [Fall]
Sat Jan  4 19:04:01 2025 Joseph (Blue) [SMG] Poet (Red)
Sat Jan  4 19:04:03 2025 [Global] KillerPollo (Blue): flyyyy
Sat Jan  4 19:04:04 2025  Votekick for stonked (#14) has ended. Votekick timed out
Sat Jan  4 19:04:06 2025 [Global] Poet (Red): and now joseph gg
Sat Jan  4 19:04:10 2025 SniffrLiqr (Blue) [Melee] gui244 (Red)
Sat Jan  4 19:04:11 2025 Joseph (Blue) [Headshot] KomaR (Red)
Sat Jan  4 19:04:12 2025  jcicache has a kill-death ratio of 0.52 (12 kills, 23 deaths, 0.51 kills per minute).
Sat Jan  4 19:04:12 2025  jcicache removed 65 blocks in the last 2.0 minutes. Some of them were placed by
Sat Jan  4 19:04:12 2025  FlanSoniku, San4Craft, DE, thefogiscoming, jcicache, Harry, stonked. Last one was
Sat Jan  4 19:04:12 2025  destroyed 3 seconds ago, and was part of the map.
Sat Jan  4 19:04:12 2025  stonked (#14) started a VOTEKICK against jcicache (#20). Say /Y to agree
Sat Jan  4 19:04:12 2025  Reason: definitely retard
Sat Jan  4 19:04:12 2025 O.O picked up Red's Intel.
Sat Jan  4 19:04:14 2025 KillerPollo (Blue) [Headshot] qweqwe (Red)
Sat Jan  4 19:04:15 2025 tt (Red) [Headshot] SniffrLiqr (Blue)
Sat Jan  4 19:04:21 2025 KillerPollo (Blue) [Grenade]
Sat Jan  4 19:04:21 2025 [Global] SniffrLiqr (Blue): you guys deserve it tt I'm sorry
Sat Jan  4 19:04:23 2025  O.O (#6) voted YES
Sat Jan  4 19:04:24 2025 Poet (Red) [SMG] DE (Blue)
Sat Jan  4 19:04:28 2025 Joseph (Blue) [Headshot] a Silver Bullet (Red)
Sat Jan  4 19:04:29 2025 thefogiscoming (Blue) [SMG]
Sat Jan  4 19:04:29 2025 Lucifer joined Red team
Sat Jan  4 19:04:30 2025 Joseph (Blue) [Headshot] Poet (Red)
Sat Jan  4 19:04:32 2025 Joseph (Blue) [Headshot] KomaR (Red)
Sat Jan  4 19:04:35 2025 San4Craft (Red) [Headshot] communist161 (Blue)
Sat Jan  4 19:04:35 2025 [Global] Poet (Red): joseph
Sat Jan  4 19:04:41 2025 [Team] Joseph (Blue): what
Sat Jan  4 19:04:42 2025  DE (#4) voted YES
Sat Jan  4 19:04:42 2025  stonked (#14) is votekicking jcicache (#20). /Y to vote (8 left)
Sat Jan  4 19:04:42 2025  Reason: definitely retard
Sat Jan  4 19:04:44 2025 [Global] Joseph (Blue): twhat
Sat Jan  4 19:04:44 2025  Capture your team's 5th intel to unlock /APOC for your team's best builder!
Sat Jan  4 19:04:50 2025 qweqwe (Red) [Headshot] PJB (Blue)
Sat Jan  4 19:04:52 2025 [Global] DE (Blue): ALWAYS vote YES to a kick, no matter what
Sat Jan  4 19:04:57 2025 San4Craft (Red) [Headshot] jcicache (Blue)
Sat Jan  4 19:04:59 2025 Harry (Blue) [Headshot] San4Craft (Red)
Sat Jan  4 19:04:59 2025 KillerPollo (Blue) [SMG] gui244 (Red)
Sat Jan  4 19:05:01 2025 KillerPollo (Blue) [SMG] stonked (Red)
Sat Jan  4 19:05:05 2025 Poet (Red) [Headshot] DE (Blue)
Sat Jan  4 19:05:07 2025 thefogiscoming (Blue) [Headshot] NEIGHBOR (Red)
Sat Jan  4 19:05:08 2025 KillerPollo (Blue) [SMG] a Silver Bullet (Red)
Sat Jan  4 19:05:12 2025  stonked (#14) is votekicking jcicache (#20). /Y to vote (8 left)
Sat Jan  4 19:05:12 2025  Reason: definitely retard
Sat Jan  4 19:05:17 2025 [Global] NEIGHBOR (Red): yeeeah
Sat Jan  4 19:05:17 2025 O.O captured Red's Intel.
Sat Jan  4 19:05:18 2025 Poet picked up Blue's Intel.
Sat Jan  4 19:05:20 2025 Deuhh joined Red team
Sat Jan  4 19:05:27 2025 O.O (Blue) [SMG]
Sat Jan  4 19:05:28 2025 Lucifer (Red) [Headshot] thefogiscoming (Blue)
Sat Jan  4 19:05:33 2025 too much vodka (Red) [Headshot] SniffrLiqr (Blue)
Sat Jan  4 19:05:39 2025 Deuhh (Red) [Fall]
Sat Jan  4 19:05:40 2025 DE (Blue) [Shotgun] Lucifer (Red)
Sat Jan  4 19:05:42 2025  stonked (#14) is votekicking jcicache (#20). /Y to vote (9 left)
Sat Jan  4 19:05:42 2025  Reason: definitely retard
Sat Jan  4 19:05:43 2025 Poet captured Blue's Intel.
Sat Jan  4 19:05:44 2025  Mahalo for playing aloha.pk tower of babel
Sat Jan  4 19:05:50 2025 You must be closer to the enemy's base to grenade blocks!
Sat Jan  4 19:05:51 2025 [Global] SniffrLiqr (Blue): is tent gone?
Sat Jan  4 19:05:57 2025 DE (Blue) [Shotgun] a Silver Bullet (Red)
Sat Jan  4 19:06:00 2025 too much vodka (Red) [SMG] O.O (Blue)
Sat Jan  4 19:06:02 2025 [Global] Poet (Red): bro i see your tent
Sat Jan  4 19:06:02 2025 San4Craft (Red) [Headshot] jcicache (Blue)
Sat Jan  4 19:06:03 2025 KillerPollo (Blue) [SMG] KomaR (Red)
Sat Jan  4 19:06:06 2025 [Global] DE (Blue): tent is at bottom of map camped by stonked
Sat Jan  4 19:06:08 2025 [Global] jcicache (Blue): fckk
Sat Jan  4 19:06:10 2025 too much vodka (Red) [Headshot] DE (Blue)
Sat Jan  4 19:06:11 2025 Poet (Red) [SMG] KillerPollo (Blue)
Sat Jan  4 19:06:12 2025  Votekick for jcicache (#20) has ended. Votekick timed out
Sat Jan  4 19:06:13 2025 [Global] jcicache (Blue): the tent
Sat Jan  4 19:06:19 2025 Lucifer (Red) [Fall]
Sat Jan  4 19:06:23 2025 Deuhh (Red) [SMG] Joseph (Blue)
Sat Jan  4 19:06:24 2025 Poet (Red) [Headshot] O.O (Blue)
Sat Jan  4 19:06:25 2025 KillerPollo (Blue) [Headshot] NEIGHBOR (Red)
Sat Jan  4 19:06:27 2025 Player NEIGHBOR has left
Sat Jan  4 19:06:29 2025 San4Craft (Red) [Headshot] Harry (Blue)
Sat Jan  4 19:06:34 2025 MAX PAYNE joined Spectator team
Sat Jan  4 19:06:37 2025 [Team] Harry (Blue): griefergs come
Sat Jan  4 19:06:37 2025 O.O (Blue) [SMG] tt (Red)
Sat Jan  4 19:06:39 2025 too much vodka (Red) [Headshot] DE (Blue)
Sat Jan  4 19:06:42 2025 Deuhh picked up Blue's Intel.
Sat Jan  4 19:06:44 2025  Build a tower to get the enemy's intel. Take it to your team's tent to win!
Sat Jan  4 19:06:45 2025 Joseph (Blue) [SMG] too much vodka (Red)
Sat Jan  4 19:06:48 2025 San4Craft (Red) [Headshot] jcicache (Blue)
Sat Jan  4 19:06:52 2025 O.O (Blue) [Headshot] gui244 (Red)
Sat Jan  4 19:06:52 2025 Poet (Red) [SMG] O.O (Blue)
Sat Jan  4 19:06:53 2025 San4Craft (Red) [SMG] Harry (Blue)
Sat Jan  4 19:06:53 2025 [Team] DE (Blue): the fact red is taking sooo long to get this far
Sat Jan  4 19:06:58 2025 San4Craft (Red) [Melee] jcicache (Blue)
Sat Jan  4 19:06:59 2025 KillerPollo (Blue) [Headshot] stonked (Red)
Sat Jan  4 19:07:01 2025 Deuhh captured Blue's Intel.
Sat Jan  4 19:07:03 2025 too much vodka (Red) [SMG] KillerPollo (Blue)
Sat Jan  4 19:07:04 2025 Joseph (Blue) [Headshot] too much vodka (Red)
Sat Jan  4 19:07:05 2025 thefogiscoming (Blue) [SMG] tt (Red)
Sat Jan  4 19:07:05 2025 Joseph (Blue) [SMG] qweqwe (Red)
Sat Jan  4 19:07:05 2025 Poet picked up Blue's Intel.
Sat Jan  4 19:07:07 2025 Player MAX PAYNE has left
Sat Jan  4 19:07:08 2025 O.O (Blue) [SMG] Lucifer (Red)
Sat Jan  4 19:07:16 2025 Deuhh (Red) [Headshot] thefogiscoming (Blue)
Sat Jan  4 19:07:18 2025 Joseph (Blue) [Headshot] KomaR (Red)
Sat Jan  4 19:07:19 2025 a Silver Bullet (Red) [Headshot] Joseph (Blue)
Sat Jan  4 19:07:25 2025 Poet captured Blue's Intel.
Sat Jan  4 19:07:28 2025 San4Craft (Red) [Melee] communist161 (Blue)
Sat Jan  4 19:07:31 2025 jcicache (Blue) [SMG] San4Craft (Red)
Sat Jan  4 19:07:31 2025 too much vodka (Red) [SMG] O.O (Blue)
Sat Jan  4 19:07:32 2025 DE (Blue) [Headshot] too much vodka (Red)
Sat Jan  4 19:07:32 2025 tt (Red) [Fall]
Sat Jan  4 19:07:34 2025 DE (Blue) [Shotgun] Lucifer (Red)
Sat Jan  4 19:07:42 2025 Joseph (Blue) [SMG] qweqwe (Red)
Sat Jan  4 19:07:44 2025  Type /HELP for info & commands
Sat Jan  4 19:07:45 2025 gui244 (Red) [Headshot] PJB (Blue)
Sat Jan  4 19:07:45 2025 Deuhh picked up Blue's Intel.
Sat Jan  4 19:07:46 2025 Deuhh dropped Blue's Intel
Sat Jan  4 19:07:46 2025 O.O (Blue) [Headshot] Deuhh (Red)
Sat Jan  4 19:07:51 2025 Poet (Red) [Headshot] DE (Blue)
Sat Jan  4 19:07:51 2025 SniffrLiqr (Blue) [Headshot] gui244 (Red)
Sat Jan  4 19:07:52 2025 stonked (Red) [SMG] O.O (Blue)
Sat Jan  4 19:08:02 2025 KillerPollo (Blue) [Headshot] Poet (Red)
Sat Jan  4 19:08:02 2025 Joseph (Blue) [Headshot] Lucifer (Red)
Sat Jan  4 19:08:02 2025 [Global] DE (Blue): i might have to start just suing sp[ade and ande
Sat Jan  4 19:08:04 2025 too much vodka picked up Blue's Intel.
Sat Jan  4 19:08:06 2025 Deuhh (Red) [Fall]
Sat Jan  4 19:08:08 2025 [Global] DE (Blue): spade and nade*
Sat Jan  4 19:08:09 2025 [Global] Poet (Red): now here?
Sat Jan  4 19:08:11 2025 San4Craft (Red) [Headshot] Harry (Blue)
Sat Jan  4 19:08:12 2025 San4Craft (Red) [Headshot] jcicache (Blue)
Sat Jan  4 19:08:15 2025 gui244 (Red) [Headshot] thefogiscoming (Blue)
Sat Jan  4 19:08:18 2025 Player thefogiscoming has left
Sat Jan  4 19:08:18 2025 jcicache (Blue) [Headshot] San4Craft (Red)
Sat Jan  4 19:08:23 2025 too much vodka captured Blue's Intel.
Sat Jan  4 19:08:30 2025 KillerPollo (Blue) [SMG] qweqwe (Red)
Sat Jan  4 19:08:30 2025 O.O (Blue) [Headshot] Lucifer (Red)
Sat Jan  4 19:08:31 2025 PJB (Blue) [Headshot] too much vodka (Red)
Sat Jan  4 19:08:36 2025 O.O picked up Red's Intel.
Sat Jan  4 19:08:37 2025 O.O (Blue) [Headshot] tt (Red)
Sat Jan  4 19:08:39 2025 O.O dropped Red's Intel
Sat Jan  4 19:08:39 2025 stonked (Red) [Headshot] O.O (Blue)
Sat Jan  4 19:08:40 2025 gui244 (Red) [Melee] PJB (Blue)
Sat Jan  4 19:08:42 2025 DE (Blue) [Shotgun] Poet (Red)
Sat Jan  4 19:08:43 2025 KillerPollo (Blue) [SMG] a Silver Bullet (Red)
Sat Jan  4 19:08:44 2025  Visit our community forums at https://aloha.pk/
Sat Jan  4 19:08:47 2025 [Global] Poet (Red): clap clap
Sat Jan  4 19:08:49 2025 qweqwe (Red) [SMG] Joseph (Blue)
Sat Jan  4 19:09:03 2025 KillerPollo (Blue) [Fall]
Sat Jan  4 19:09:04 2025 [Global] DE (Blue): just wait till i still get u just using a spade
Sat Jan  4 19:09:09 2025 O.O (Blue) [SMG] tt (Red)
Sat Jan  4 19:09:09 2025 Poet (Red) [Melee] DE (Blue)
Sat Jan  4 19:09:09 2025 stonked (Red) [SMG] O.O (Blue)
Sat Jan  4 19:09:14 2025 [Global] DE (Blue): like that ;]
Sat Jan  4 19:09:19 2025 [Global] Poet (Red): thx for info
Sat Jan  4 19:09:24 2025 too much vodka (Red) [SMG] jcicache (Blue)
Sat Jan  4 19:09:26 2025 Lucifer (Red) [SMG] O.O (Blue)
Sat Jan  4 19:09:28 2025 too much vodka picked up Blue's Intel.
Sat Jan  4 19:09:28 2025 [Global] DE (Blue): I could hear someone behind me i just assumed
Sat Jan  4 19:09:30 2025 KillerPollo (Blue) [Headshot] a Silver Bullet (Red)
Sat Jan  4 19:09:33 2025 SniffrLiqr (Blue) [Rifle] gui244 (Red)
Sat Jan  4 19:09:35 2025 KillerPollo (Blue) [SMG] Lucifer (Red)
Sat Jan  4 19:09:36 2025 too much vodka dropped Blue's Intel
Sat Jan  4 19:09:36 2025  The intel has returned to the heavens
Sat Jan  4 19:09:36 2025 Joseph (Blue) [SMG] too much vodka (Red)
Sat Jan  4 19:09:36 2025 communist161 (Blue) [Weapon Change]
Sat Jan  4 19:09:37 2025 [Team] O.O (Blue): go to intel,MF
Sat Jan  4 19:09:40 2025 Player PixelPizza has left
Sat Jan  4 19:09:41 2025 KillerPollo (Blue) [SMG] tt (Red)
Sat Jan  4 19:09:44 2025  Come chat with us at https://discord.aloha.pk/
Sat Jan  4 19:09:46 2025 jcicache (Blue) [Headshot] KomaR (Red)
Sat Jan  4 19:09:52 2025 jcicache (Blue) [Headshot] Poet (Red)
Sat Jan  4 19:09:56 2025 qweqwe (Red) [Headshot] PJB (Blue)
Sat Jan  4 19:09:56 2025 Lucifer (Red) [Headshot] jcicache (Blue)
Sat Jan  4 19:09:57 2025 San4Craft (Red) [SMG] Harry (Blue)
Sat Jan  4 19:09:58 2025 O.O picked up Red's Intel.
Sat Jan  4 19:09:59 2025 KillerPollo (Blue) [Fall]
Sat Jan  4 19:10:01 2025 Joseph (Blue) [SMG] tt (Red)
Sat Jan  4 19:10:01 2025 O.O dropped Red's Intel
Sat Jan  4 19:10:01 2025 Lucifer (Red) [Headshot] O.O (Blue)
Sat Jan  4 19:10:01 2025 Joseph (Blue) [SMG] too much vodka (Red)
Sat Jan  4 19:10:04 2025 Poet (Red) [Headshot] Joseph (Blue)
Sat Jan  4 19:10:14 2025 jcicache (Blue) [SMG] KomaR (Red)
Sat Jan  4 19:10:15 2025 San4Craft (Red) [SMG] communist161 (Blue)
Sat Jan  4 19:10:15 2025 jcicache (Blue) [Headshot] a Silver Bullet (Red)
Sat Jan  4 19:10:18 2025 Poet (Red) [Headshot] jcicache (Blue)
Sat Jan  4 19:10:24 2025 Poet (Red) [SMG] PJB (Blue)
Sat Jan  4 19:10:26 2025 [Team] jcicache (Blue): all uppppppp
Sat Jan  4 19:10:26 2025 O.O (Blue) [SMG] Lucifer (Red)
Sat Jan  4 19:10:26 2025 KillerPollo (Blue) [Melee] Deuhh (Red)
Sat Jan  4 19:10:28 2025 O.O (Blue) [Headshot] Poet (Red)
Sat Jan  4 19:10:31 2025 [Team] jcicache (Blue): alll upppppp
Sat Jan  4 19:10:33 2025 [Global] Poet (Red): bro
Sat Jan  4 19:10:33 2025 O.O (Blue) [SMG] tt (Red)
Sat Jan  4 19:10:34 2025 too much vodka (Red) [Headshot] O.O (Blue)
Sat Jan  4 19:10:39 2025 gui244 (Red) [Headshot] DE (Blue)
Sat Jan  4 19:10:44 2025 [Global] DE (Blue): bruh
Sat Jan  4 19:10:44 2025  If you believe a player is breaking the rules, please let us know with /ADMIN
Sat Jan  4 19:10:45 2025 jcicache (Blue) [Headshot] KomaR (Red)
Sat Jan  4 19:10:46 2025 jcicache (Blue) [Headshot] a Silver Bullet (Red)
Sat Jan  4 19:10:52 2025 O.O (Blue) [Headshot] Deuhh (Red)
Sat Jan  4 19:10:53 2025 Lucifer (Red) [Headshot] O.O (Blue)
Sat Jan  4 19:10:55 2025 Poet (Red) [SMG] jcicache (Blue)
Sat Jan  4 19:10:58 2025 qweqwe (Red) [Headshot] PJB (Blue)
Sat Jan  4 19:11:01 2025 Poet picked up Blue's Intel.
Sat Jan  4 19:11:02 2025 Poet dropped Blue's Intel
Sat Jan  4 19:11:02 2025 DE (Blue) [Shotgun] Poet (Red)
Sat Jan  4 19:11:02 2025 KillerPollo (Blue) [Headshot] qweqwe (Red)
Sat Jan  4 19:11:03 2025 Lucifer (Red) [Headshot] DE (Blue)
Sat Jan  4 19:11:05 2025 [Global] Poet (Red): ..
Sat Jan  4 19:11:08 2025 Lucifer picked up Blue's Intel.
Sat Jan  4 19:11:11 2025 [Global] DE (Blue): .I.
Sat Jan  4 19:11:12 2025  50 minutes remaining.
Sat Jan  4 19:11:13 2025 O.O (Blue) [SMG] gui244 (Red)
Sat Jan  4 19:11:14 2025 stonked (Red) [Headshot] Joseph (Blue)
Sat Jan  4 19:11:16 2025 Lucifer dropped Blue's Intel
Sat Jan  4 19:11:16 2025 O.O (Blue) [SMG] Lucifer (Red)
Sat Jan  4 19:11:16 2025 a Silver Bullet (Red) [Headshot] O.O (Blue)
Sat Jan  4 19:11:17 2025 a Silver Bullet (Red) [Headshot] communist161 (Blue)
Sat Jan  4 19:11:18 2025 jcicache (Blue) [Headshot] KomaR (Red)
Sat Jan  4 19:11:19 2025 jcicache (Blue) [SMG] a Silver Bullet (Red)
Sat Jan  4 19:11:20 2025 You must be closer to the enemy's base to grenade blocks!
Sat Jan  4 19:11:23 2025 PJB (Blue) [Headshot] stonked (Red)
Sat Jan  4 19:11:23 2025 jcicache (Blue) [SMG] tt (Red)
Sat Jan  4 19:11:26 2025 Deuhh (Red) [Headshot] jcicache (Blue)
Sat Jan  4 19:11:28 2025 DE (Blue) [Shotgun] Deuhh (Red)
Sat Jan  4 19:11:29 2025 Poet picked up Blue's Intel.
Sat Jan  4 19:11:33 2025 Poet dropped Blue's Intel
Sat Jan  4 19:11:33 2025  The intel has returned to the heavens
Sat Jan  4 19:11:33 2025 PJB (Blue) [Headshot] Poet (Red)
Sat Jan  4 19:11:36 2025 [Team] jcicache (Blue): all go upp
Sat Jan  4 19:11:40 2025 [Team] Harry (Blue): someone is griefing the tent 1 floor below
Sat Jan  4 19:11:40 2025 KillerPollo (Blue) [Fall]
Sat Jan  4 19:11:41 2025 KomaR (Red) [SMG] PJB (Blue)
Sat Jan  4 19:11:42 2025 a Silver Bullet (Red) [Headshot] communist161 (Blue)
Sat Jan  4 19:11:42 2025 DE (Blue) [Headshot] a Silver Bullet (Red)
Sat Jan  4 19:11:44 2025  This server runs imger and glow. Use /IMG or /GLOW to toggle them.
Sat Jan  4 19:11:45 2025 [Team] jcicache (Blue): protect
Sat Jan  4 19:11:51 2025 Lucifer (Red) [Headshot] DE (Blue)
Sat Jan  4 19:11:54 2025 Lucifer picked up Blue's Intel.
Sat Jan  4 19:11:55 2025 Lucifer (Red) [Headshot] jcicache (Blue)
Sat Jan  4 19:11:59 2025 Joseph (Blue) [Headshot] qweqwe (Red)
Sat Jan  4 19:12:03 2025 communist161 (Blue) [Headshot] Poet (Red)
Sat Jan  4 19:12:05 2025 KomaR (Red) [Headshot] communist161 (Blue)
Sat Jan  4 19:12:22 2025 Deuhh (Red) [SMG] PJB (Blue)
Sat Jan  4 19:12:22 2025 KomaR (Red) [SMG] DE (Blue)
Sat Jan  4 19:12:26 2025 communist161 (Blue) [Headshot] stonked (Red)
Sat Jan  4 19:12:27 2025 KomaR (Red) [Headshot] PJB (Blue)
Sat Jan  4 19:12:30 2025 Poet (Red) [SMG] KillerPollo (Blue)
Sat Jan  4 19:12:31 2025 Lucifer (Red) [SMG] Joseph (Blue)
Sat Jan  4 19:12:32 2025 Deuhh (Red) [Headshot] communist161 (Blue)
Sat Jan  4 19:12:33 2025 [Global] KillerPollo (Blue): dam
Sat Jan  4 19:12:37 2025 DE (Blue) [Shotgun] tt (Red)
Sat Jan  4 19:12:38 2025 KomaR (Red) [Headshot] DE (Blue)
Sat Jan  4 19:12:39 2025 jcicache (Blue) [SMG] KomaR (Red)
Sat Jan  4 19:12:44 2025  Use /EMOTE to draw an emote on the map!
Sat Jan  4 19:12:47 2025 Poet (Red) [Headshot] KillerPollo (Blue)
Sat Jan  4 19:12:52 2025 a Silver Bullet (Red) [Headshot] jcicache (Blue)
Sat Jan  4 19:12:55 2025 Deuhh (Red) [SMG] Joseph (Blue)
Sat Jan  4 19:12:58 2025 a Silver Bullet (Red) [Headshot] KillerPollo (Blue)
Sat Jan  4 19:13:00 2025 Poet (Red) [Headshot] PJB (Blue)
Sat Jan  4 19:13:02 2025 communist161 (Blue) [Melee] San4Craft (Red)
Sat Jan  4 19:13:08 2025 DE (Blue) [Headshot] a Silver Bullet (Red)
Sat Jan  4 19:13:11 2025 jcicache (Blue) [Headshot] Poet (Red)
Sat Jan  4 19:13:15 2025 KomaR (Red) [Grenade]
Sat Jan  4 19:13:19 2025 Joseph (Blue) [Rifle] tt (Red)
Sat Jan  4 19:13:20 2025 jcicache (Blue) [SMG] too much vodka (Red)
Sat Jan  4 19:13:21 2025 gui244 (Red) [SMG] jcicache (Blue)
Sat Jan  4 19:13:23 2025 Deuhh (Red) [SMG] Joseph (Blue)
Sat Jan  4 19:13:23 2025 [Global] qweqwe (Red): laaag
Sat Jan  4 19:13:33 2025 DE (Blue) [Headshot] a Silver Bullet (Red)
Sat Jan  4 19:13:36 2025 Deuhh (Red) [SMG] jcicache (Blue)
Sat Jan  4 19:13:40 2025 gui244 (Red) [Fall]
Sat Jan  4 19:13:44 2025  Use /HEAVEN to paint the babel platform!
Sat Jan  4 19:13:45 2025 qweqwe (Red) [Headshot] PJB (Blue)
Sat Jan  4 19:13:46 2025 O.O (Blue) [SMG] Poet (Red)
Sat Jan  4 19:13:47 2025 San4Craft (Red) [Headshot] Harry (Blue)
Sat Jan  4 19:13:49 2025 DE (Blue) [Shotgun] too much vodka (Red)
Sat Jan  4 19:13:50 2025 Player gui244 has left
Sat Jan  4 19:13:51 2025 [Global] Poet (Red): and now this fuck gg
Sat Jan  4 19:13:52 2025  With 4026 blocks placed, qweqwe is granted the right to unleash the apocalypse.
Sat Jan  4 19:13:52 2025 Lucifer captured Blue's Intel.
Sat Jan  4 19:13:54 2025 O.O (Blue) [SMG] Lucifer (Red)
Sat Jan  4 19:13:58 2025 KillerPollo (Blue) [SMG] a Silver Bullet (Red)
Sat Jan  4 19:14:04 2025 [Global] Poet (Red): late mr o.O 
Sat Jan  4 19:14:05 2025 DE (Blue) [Headshot] qweqwe (Red)
Sat Jan  4 19:14:06 2025 O.O (Blue) [Headshot] KomaR (Red)
Sat Jan  4 19:14:06 2025 jcicache (Blue) [Grenade] Deuhh (Red)
Sat Jan  4 19:14:08 2025 jcicache (Blue) [Headshot] stonked (Red)
Sat Jan  4 19:14:10 2025  qweqwe has unleashed an apocalypse from God.
Sat Jan  4 19:14:11 2025 [Global] O.O (Blue): lol
Sat Jan  4 19:14:12 2025  The apocalypse begins in 5
Sat Jan  4 19:14:13 2025  The apocalypse begins in 4
Sat Jan  4 19:14:14 2025  The apocalypse begins in 3
Sat Jan  4 19:14:14 2025 [Global] Poet (Red): 8====D
Sat Jan  4 19:14:15 2025  The apocalypse begins in 2
Sat Jan  4 19:14:16 2025  The apocalypse begins in 1
Sat Jan  4 19:14:18 2025 DE (Blue) [Headshot] too much vodka (Red)
Sat Jan  4 19:14:22 2025 qweqwe (Red) [Grenade] jcicache (Blue)
Sat Jan  4 19:14:22 2025 Joseph (Blue) [Headshot] stonked (Red)
Sat Jan  4 19:14:26 2025 O.O (Blue) [Team Change]
Sat Jan  4 19:14:26 2025 O.O joined Spectator team
Sat Jan  4 19:14:26 2025 Joseph (Blue) [Headshot] qweqwe (Red)
Sat Jan  4 19:14:26 2025 qweqwe (Red) [Grenade] KillerPollo (Blue)
Sat Jan  4 19:14:26 2025 a Silver Bullet (Red) [Headshot] communist161 (Blue)
Sat Jan  4 19:14:26 2025 DE (Blue) [Headshot] a Silver Bullet (Red)
Sat Jan  4 19:14:29 2025 Lucifer picked up Blue's Intel.
Sat Jan  4 19:14:32 2025 Lucifer dropped Blue's Intel
Sat Jan  4 19:14:32 2025 DE (Blue) [Headshot] Lucifer (Red)
Sat Jan  4 19:14:33 2025  The apocalypse has ended.
Sat Jan  4 19:14:39 2025 KillerPollo (Blue) [SMG] Deuhh (Red)
Sat Jan  4 19:14:39 2025 San4Craft (Red) [SMG] Harry (Blue)
Sat Jan  4 19:14:44 2025 tt picked up Blue's Intel.
Sat Jan  4 19:14:44 2025  Get a 20 killstreak and 1 intel capture(s) to unlock /APOC!
Sat Jan  4 19:14:45 2025 tt dropped Blue's Intel
Sat Jan  4 19:14:45 2025 DE (Blue) [Shotgun] tt (Red)
Sat Jan  4 19:14:49 2025 jcicache (Blue) [SMG] too much vodka (Red)
Sat Jan  4 19:14:53 2025 Poet (Red) [Headshot] PJB (Blue)
Sat Jan  4 19:14:56 2025 a Silver Bullet (Red) [Rifle] jcicache (Blue)
Sat Jan  4 19:14:58 2025 DE (Blue) [Shotgun] a Silver Bullet (Red)
Sat Jan  4 19:15:04 2025 communist161 (Blue) [Fall]
Sat Jan  4 19:15:05 2025 Lucifer picked up Blue's Intel.
Sat Jan  4 19:15:07 2025 Poet (Red) [SMG] DE (Blue)
Sat Jan  4 19:15:10 2025 [Global] DE (Blue): finally
Sat Jan  4 19:15:18 2025 Harry (Blue) [Fall]
Sat Jan  4 19:15:20 2025 jcicache (Blue) [Headshot] Poet (Red)
Sat Jan  4 19:15:20 2025 Lucifer (Red) [Headshot] Joseph (Blue)
Sat Jan  4 19:15:22 2025 [Global] DE (Blue): i was streaking hard, hipfiring with a shotgun
Sat Jan  4 19:15:27 2025 Lucifer captured Blue's Intel.
Sat Jan  4 19:15:31 2025 too much vodka (Red) [Headshot] jcicache (Blue)
Sat Jan  4 19:15:31 2025 KillerPollo (Blue) [SMG] Deuhh (Red)
Sat Jan  4 19:15:33 2025 stonked (Red) [Grenade] communist161 (Blue)
Sat Jan  4 19:15:35 2025 O.O joined Blue team
Sat Jan  4 19:15:35 2025 Poet (Red) [Fall]
Sat Jan  4 19:15:36 2025 O.O (Blue) [Team Change]
Sat Jan  4 19:15:37 2025 [Global] Poet (Red): gg lags
Sat Jan  4 19:15:40 2025 KillerPollo (Blue) [Headshot] a Silver Bullet (Red)
Sat Jan  4 19:15:44 2025  Capture your team's 5th intel to unlock /APOC for your team's best builder!
Sat Jan  4 19:15:46 2025 PJB (Blue) [SMG] qweqwe (Red)
Sat Jan  4 19:15:53 2025 O.O joined Red team
Sat Jan  4 19:15:53 2025 DE (Blue) [Headshot] tt (Red)
Sat Jan  4 19:15:54 2025 stonked (Red) [Headshot] Joseph (Blue)
Sat Jan  4 19:16:02 2025 stonked (Red) [SMG] jcicache (Blue)
Sat Jan  4 19:16:08 2025 communist161 (Blue) [Headshot] stonked (Red)
Sat Jan  4 19:16:12 2025 Poet (Red) [SMG] DE (Blue)
Sat Jan  4 19:16:16 2025 Joseph (Blue) [Fall]
Sat Jan  4 19:16:18 2025 O.O (Red) [Headshot] communist161 (Blue)
Sat Jan  4 19:16:20 2025 Harry (Blue) [Headshot] Lucifer (Red)
Sat Jan  4 19:16:20 2025 Poet picked up Blue's Intel.
Sat Jan  4 19:16:22 2025 Poet dropped Blue's Intel
Sat Jan  4 19:16:22 2025 KillerPollo (Blue) [Headshot] Poet (Red)
Sat Jan  4 19:16:22 2025 too much vodka (Red) [SMG] Harry (Blue)
Sat Jan  4 19:16:32 2025 jcicache (Blue) [SMG] too much vodka (Red)
Sat Jan  4 19:16:38 2025 Harry (Blue) [Headshot] Poet (Red)
Sat Jan  4 19:16:42 2025 [Global] Poet (Red): harry pls
Sat Jan  4 19:16:43 2025 jcicache (Blue) [Headshot] a Silver Bullet (Red)
Sat Jan  4 19:16:44 2025  Mahalo for playing aloha.pk tower of babel
Sat Jan  4 19:16:46 2025 DE (Blue) [Headshot] Lucifer (Red)
Sat Jan  4 19:16:47 2025 Player tt has left
Sat Jan  4 19:16:49 2025 [Global] Poet (Red): stop campin and go for that intel
Sat Jan  4 19:16:53 2025 thefogiscoming joined Blue team
Sat Jan  4 19:16:59 2025 KillerPollo (Blue) [SMG] too much vodka (Red)
Sat Jan  4 19:17:09 2025 DE (Blue) [Shotgun] a Silver Bullet (Red)
Sat Jan  4 19:17:11 2025 communist161 (Blue) [SMG] stonked (Red)
Sat Jan  4 19:17:12 2025 You must be closer to the enemy's base to grenade blocks!
Sat Jan  4 19:17:15 2025 communist161 (Blue) [Headshot] O.O (Red)
Sat Jan  4 19:17:15 2025 thefogiscoming (Blue) [Headshot] Deuhh (Red)
Sat Jan  4 19:17:17 2025 DE (Blue) [Headshot] KomaR (Red)
Sat Jan  4 19:17:19 2025 Lucifer (Red) [SMG] DE (Blue)
Sat Jan  4 19:17:20 2025 KillerPollo (Blue) [Grenade]
Sat Jan  4 19:17:21 2025 coik joined Red team
Sat Jan  4 19:17:25 2025 communist161 (Blue) [Headshot] qweqwe (Red)
Sat Jan  4 19:17:32 2025 Poet picked up Blue's Intel.
Sat Jan  4 19:17:32 2025 Poet dropped Blue's Intel
Sat Jan  4 19:17:32 2025 jcicache (Blue) [Headshot] Poet (Red)
Sat Jan  4 19:17:32 2025 Joseph (Blue) [Headshot] Lucifer (Red)
Sat Jan  4 19:17:38 2025 a Silver Bullet (Red) [Headshot] jcicache (Blue)
Sat Jan  4 19:17:38 2025 Harry (Blue) [Fall]
Sat Jan  4 19:17:38 2025 a Silver Bullet picked up Blue's Intel.
Sat Jan  4 19:17:38 2025 [Global] Poet (Red): bro with 200 ping
Sat Jan  4 19:17:38 2025 a Silver Bullet dropped Blue's Intel
Sat Jan  4 19:17:38 2025 Joseph (Blue) [Headshot] a Silver Bullet (Red)
Sat Jan  4 19:17:38 2025 [Global] Poet (Red): good job
Sat Jan  4 19:17:39 2025 [Team] jcicache (Blue): up
Sat Jan  4 19:17:43 2025 stonked (Red) [Headshot] thefogiscoming (Blue)
Sat Jan  4 19:17:44 2025  Build a tower to get the enemy's intel. Take it to your team's tent to win!
Sat Jan  4 19:17:51 2025 Deuhh (Red) [Headshot] communist161 (Blue)
Sat Jan  4 19:17:55 2025 KillerPollo (Blue) [Headshot] O.O (Red)
Sat Jan  4 19:17:57 2025 Disconnecting
