Thu Apr 17 18:04:01 2025 ------ World Loaded ------
Thu Apr 17 18:04:01 2025 jordgubbe (Blue) [Headshot] ZIA (Red)
Thu Apr 17 18:04:01 2025 Welcome to aloha.pk tower of babel
Thu Apr 17 18:04:02 2025 Map: cord2 by JoJoe Stinky
Thu Apr 17 18:04:03 2025 AI_play_test.v1 (Blue) [Headshot] stonked (Red)
Thu Apr 17 18:04:03 2025 AI_play_test.v1 (Blue) [Rifle] Mash REZA (Red)
Thu Apr 17 18:04:04 2025 Game mode: babel
Thu Apr 17 18:04:06 2025 Build a tower to get the enemy's intel. Take it to your team's tent to win!
Thu Apr 17 18:04:06 2025 King of Buildin (Red) [Headshot] AI_play_test.v1 (Blue)
Thu Apr 17 18:04:06 2025 Team is full, moved to Blue
Thu Apr 17 18:04:06 2025 stonked (Red) [Fall]
Thu Apr 17 18:04:06 2025 AI_play_test.v1 (Blue) [Fall]
Thu Apr 17 18:04:06 2025 Mash REZA (Red) [Fall]
Thu Apr 17 18:04:08 2025 Visit our community forum at https://aloha.pk/
Thu Apr 17 18:04:09 2025  Get a 20 killstreak and 1 intel capture(s) to unlock /APOC!
Thu Apr 17 18:04:10 2025 Come chat with us at https://discord.aloha.pk/
Thu Apr 17 18:04:11 2025 reagon (Red) [Headshot] Patum Peperium (Blue)
Thu Apr 17 18:04:18 2025 Deuce4 (Blue) [Headshot] MR (Red)
Thu Apr 17 18:04:24 2025 stonked (Red) [Headshot] GD (Blue)
Thu Apr 17 18:04:25 2025 Ezokz joined Blue team
Thu Apr 17 18:04:26 2025  ChaoticSpice :V has reached 1000 blocks placed! /heaven unlocked.
Thu Apr 17 18:04:28 2025 AI_play_test.v1 (Blue) [Headshot] stonked (Red)
Thu Apr 17 18:04:28 2025 Anache joined Blue team
Thu Apr 17 18:04:29 2025 Deuce4 (Blue) [Headshot] King of Buildin (Red)
Thu Apr 17 18:04:30 2025 Orange (Red) [Headshot] Deuce4 (Blue)
Thu Apr 17 18:04:31 2025 Kiril joined Blue team
Thu Apr 17 18:04:35 2025 reincelll joined Blue team
Thu Apr 17 18:04:43 2025 King of Buildin (Red) [Headshot] GD (Blue)
Thu Apr 17 18:04:45 2025 Bizonho (Blue) [Grenade]
Thu Apr 17 18:04:46 2025 vivian<3 (Red) [Headshot] Harry (Blue)
Thu Apr 17 18:04:46 2025 AI_play_test.v1 (Blue) [Headshot] ^w^ (Red)
Thu Apr 17 18:04:49 2025 gui (Blue) [Team Change]
Thu Apr 17 18:04:53 2025 stonked (Red) [Headshot] Ezokz (Blue)
Thu Apr 17 18:04:57 2025 AI_play_test.v1 (Blue) [Headshot] stonked (Red)
Thu Apr 17 18:04:58 2025 AI_play_test.v1 (Blue) [Headshot] Salt (Red)
Thu Apr 17 18:04:58 2025 descloux (Red) [Headshot] Kiril (Blue)
Thu Apr 17 18:04:59 2025 Anache (Blue) [Headshot] descloux (Red)
Thu Apr 17 18:05:00 2025 gui joined Red team
Thu Apr 17 18:05:01 2025 King of Buildin (Red) [Headshot] AI_play_test.v1 (Blue)
Thu Apr 17 18:05:02 2025 Ezokz (Blue) [Weapon Change]
Thu Apr 17 18:05:03 2025 King of Buildin (Red) [Headshot] reincelll (Blue)
Thu Apr 17 18:05:04 2025 You must be closer to the enemy's base to shoot blocks!
Thu Apr 17 18:05:07 2025 Anache (Blue) [Headshot] vivian<3 (Red)
Thu Apr 17 18:05:09 2025  Capture your team's 5th intel to unlock /APOC for your team's best builder!
Thu Apr 17 18:05:14 2025 ZIA (Red) [Headshot] jordgubbe (Blue)
Thu Apr 17 18:05:14 2025 goldilocks (Blue) [Headshot] reagon (Red)
Thu Apr 17 18:05:18 2025 Patum Peperium (Blue) [Headshot] King of Buildin (Red)
Thu Apr 17 18:05:19 2025 stonked (Red) [SMG] Patum Peperium (Blue)
Thu Apr 17 18:05:25 2025 Deuce4 (Blue) [Rifle] Orange (Red)
Thu Apr 17 18:05:36 2025 Deuce4 (Blue) [Grenade] ZIA (Red)
Thu Apr 17 18:05:36 2025 Deuce4 (Blue) [Grenade]
Thu Apr 17 18:05:36 2025 AI_play_test.v1 (Blue) [Headshot] stonked (Red)
Thu Apr 17 18:05:36 2025 Bizonho (Blue) [SMG] Eri (Red)
Thu Apr 17 18:05:38 2025 descloux (Red) [SMG] Kiril (Blue)
Thu Apr 17 18:05:42 2025 AI_play_test.v1 (Blue) [Rifle] itsjustarin (Red)
Thu Apr 17 18:05:42 2025 descloux (Red) [Headshot] Patum Peperium (Blue)
Thu Apr 17 18:05:43 2025 AI_play_test.v1 (Blue) [Headshot] ^w^ (Red)
Thu Apr 17 18:05:45 2025 gui (Red) [Fall]
Thu Apr 17 18:05:47 2025 AI_play_test.v1 (Blue) [Headshot] MR (Red)
Thu Apr 17 18:05:49 2025 You must be closer to the enemy's base to shoot blocks!
Thu Apr 17 18:05:50 2025 You must be closer to the enemy's base to shoot blocks!
Thu Apr 17 18:05:50 2025 AI_play_test.v1 (Blue) [Headshot] King of Buildin (Red)
Thu Apr 17 18:05:51 2025 jordgubbe (Blue) [Headshot] descloux (Red)
Thu Apr 17 18:05:53 2025 [Global] Patum Peperium (Blue): awe aim assist!!!! what a loser
Thu Apr 17 18:05:56 2025 vivian<3 (Red) [Headshot] Harry (Blue)
Thu Apr 17 18:06:00 2025 [Global] goldilocks (Blue): SAD!
Thu Apr 17 18:06:01 2025 AI_play_test.v1 (Blue) [Headshot] stonked (Red)
Thu Apr 17 18:06:06 2025 ^w^ (Red) [Headshot] AI_play_test.v1 (Blue)
Thu Apr 17 18:06:08 2025 GD (Blue) [Headshot] reagon (Red)
Thu Apr 17 18:06:09 2025  Mahalo for playing aloha.pk tower of babel
Thu Apr 17 18:06:10 2025 schism joined Blue team
Thu Apr 17 18:06:13 2025 ^w^ (Red) [Headshot] Bizonho (Blue)
Thu Apr 17 18:06:15 2025 Orange (Red) [Headshot] Deuce4 (Blue)
Thu Apr 17 18:06:17 2025 descloux (Red) [Headshot] reincelll (Blue)
Thu Apr 17 18:06:20 2025 goldilocks (Blue) [Shotgun] MR (Red)
Thu Apr 17 18:06:21 2025 Kiril (Blue) [Headshot] vivian<3 (Red)
Thu Apr 17 18:06:29 2025 ^w^ (Red) [Headshot] goldilocks (Blue)
Thu Apr 17 18:06:30 2025 descloux (Red) [Headshot] jordgubbe (Blue)
Thu Apr 17 18:06:32 2025 stonked (Red) [SMG] Ezokz (Blue)
Thu Apr 17 18:06:33 2025 Deuce4 (Blue) [Rifle] Eri (Red)
Thu Apr 17 18:06:33 2025 Orange (Red) [Rifle] GD (Blue)
Thu Apr 17 18:06:35 2025 reincelll (Blue) [Headshot] descloux (Red)
Thu Apr 17 18:06:35 2025 stonked (Red) [Headshot] reincelll (Blue)
Thu Apr 17 18:06:36 2025 Ezokz (Blue) [Weapon Change]
Thu Apr 17 18:06:38 2025 Player reincelll has left
Thu Apr 17 18:06:39 2025 King of Buildin (Red) [Headshot] Deuce4 (Blue)
Thu Apr 17 18:06:44 2025 vivian<3 (Red) [Grenade] AI_play_test.v1 (Blue)
Thu Apr 17 18:06:44 2025 vivian<3 (Red) [Grenade] Kiril (Blue)
Thu Apr 17 18:06:44 2025 Harry (Blue) [Headshot] ZIA (Red)
Thu Apr 17 18:06:47 2025 King of Buildin (Red) [SMG] Harry (Blue)
Thu Apr 17 18:06:48 2025 vivian<3 (Red) [SMG] Bizonho (Blue)
Thu Apr 17 18:06:50 2025 jordgubbe (Blue) [Headshot] stonked (Red)
Thu Apr 17 18:06:52 2025 King of Buildin (Red) [Headshot] jordgubbe (Blue)
Thu Apr 17 18:06:54 2025 King of Buildin (Red) [SMG] goldilocks (Blue)
Thu Apr 17 18:06:58 2025 fumo_maconha (Blue) [Fall]
Thu Apr 17 18:06:59 2025 [Global] Marshmello (Red): come up
Thu Apr 17 18:07:00 2025 ZIA (Red) [Fall]
Thu Apr 17 18:07:05 2025 AI_play_test.v1 (Blue) [Headshot] descloux (Red)
Thu Apr 17 18:07:07 2025 King of Buildin (Red) [Headshot] Anache (Blue)
Thu Apr 17 18:07:08 2025 [Global] jordgubbe (Blue): King of Buildin why are you killin people?
Thu Apr 17 18:07:09 2025  Build a tower to get the enemy's intel. Take it to your team's tent to win!
Thu Apr 17 18:07:10 2025 Harry (Blue) [Rifle] King of Buildin (Red)
Thu Apr 17 18:07:13 2025 vivian<3 (Red) [Headshot] Bizonho (Blue)
Thu Apr 17 18:07:18 2025 Ezokz (Blue) [Rifle] gui (Red)
Thu Apr 17 18:07:20 2025 vivian<3 (Red) [Headshot] jordgubbe (Blue)
Thu Apr 17 18:07:21 2025 GD (Blue) [Grenade] Orange (Red)
Thu Apr 17 18:07:21 2025 stonked (Red) [Headshot] Harry (Blue)
Thu Apr 17 18:07:22 2025 ^w^ (Red) [Headshot] AI_play_test.v1 (Blue)
Thu Apr 17 18:07:24 2025 ^w^ (Red) [Headshot] Ezokz (Blue)
Thu Apr 17 18:07:27 2025 stonked (Red) [SMG] goldilocks (Blue)
Thu Apr 17 18:07:31 2025 AI_play_test.v1 (Blue) [Rifle] Eri (Red)
Thu Apr 17 18:07:33 2025 jordgubbe (Blue) [Headshot] vivian<3 (Red)
Thu Apr 17 18:07:36 2025 AI_play_test.v1 (Blue) [Headshot] itsjustarin (Red)
Thu Apr 17 18:07:38 2025 Bizonho (Blue) [Headshot] stonked (Red)
Thu Apr 17 18:07:39 2025 AI_play_test.v1 (Blue) [Headshot] Salt (Red)
Thu Apr 17 18:07:44 2025 Player itsjustarin has left
Thu Apr 17 18:07:44 2025 AI_play_test.v1 (Blue) [Headshot] reagon (Red)
Thu Apr 17 18:07:47 2025 Orange (Red) [Headshot] Deuce4 (Blue)
Thu Apr 17 18:07:51 2025 jordgubbe (Blue) [Headshot] Orange (Red)
Thu Apr 17 18:07:51 2025 descloux (Red) [SMG] goldilocks (Blue)
Thu Apr 17 18:07:58 2025 descloux (Red) [Headshot] Harry (Blue)
Thu Apr 17 18:08:01 2025 AI_play_test.v1 (Blue) [Headshot] King of Buildin (Red)
Thu Apr 17 18:08:09 2025  Type /HELP for info & commands
Thu Apr 17 18:08:10 2025 ^w^ (Red) [Headshot] jordgubbe (Blue)
Thu Apr 17 18:08:13 2025 Patum Peperium (Blue) [Grenade] descloux (Red)
Thu Apr 17 18:08:14 2025 Deuce4 (Blue) [Headshot] Eri (Red)
Thu Apr 17 18:08:15 2025 AI_play_test.v1 (Blue) [Headshot] Orange (Red)
Thu Apr 17 18:08:17 2025 ZIA (Red) [Rifle] Deuce4 (Blue)
Thu Apr 17 18:08:18 2025 stonked (Red) [Headshot] Anache (Blue)
Thu Apr 17 18:08:21 2025 stonked (Red) [Headshot] Harry (Blue)
Thu Apr 17 18:08:22 2025 Jamal joined Blue team
Thu Apr 17 18:08:25 2025  Pene aereo has reached 1000 blocks placed! /heaven unlocked.
Thu Apr 17 18:08:25 2025 goldilocks (Blue) [Shotgun] stonked (Red)
Thu Apr 17 18:08:29 2025 GD (Blue) [Rifle] Marshmello (Red)
Thu Apr 17 18:08:29 2025 King of Buildin (Red) [Headshot] Patum Peperium (Blue)
Thu Apr 17 18:08:32 2025 AI_play_test.v1 (Blue) [Headshot] Orange (Red)
Thu Apr 17 18:08:35 2025 gui (Red) [Fall]
Thu Apr 17 18:08:35 2025 Jamal (Blue) [Headshot] ZIA (Red)
Thu Apr 17 18:08:35 2025 King of Buildin (Red) [Headshot] Jamal (Blue)
Thu Apr 17 18:08:37 2025 vivian<3 (Red) [Melee] Ezokz (Blue)
Thu Apr 17 18:08:37 2025 reagon (Red) [SMG] GD (Blue)
Thu Apr 17 18:08:38 2025 AI_play_test.v1 (Blue) [Headshot] ZIA (Red)
Thu Apr 17 18:08:38 2025 AI_play_test.v1 (Blue) [Headshot] Mash REZA (Red)
Thu Apr 17 18:08:38 2025 AI_play_test.v1 (Blue) [Grenade] Marshmello (Red)
Thu Apr 17 18:08:41 2025 [Global] descloux (Red): why is there a gigantic wall in the spawn?
Thu Apr 17 18:08:43 2025 AI_play_test.v1 (Blue) [Headshot] reagon (Red)
Thu Apr 17 18:08:48 2025 AI_play_test.v1 (Blue) [Headshot] Salt (Red)
Thu Apr 17 18:08:48 2025 [Global] goldilocks (Blue): trump built it
Thu Apr 17 18:08:50 2025 AI_play_test.v1 (Blue) [Headshot] ChaoticSpice :V (Red)
Thu Apr 17 18:08:51 2025 Jamal (Blue) [SMG] Eri (Red)
Thu Apr 17 18:08:52 2025 [Global] goldilocks (Blue): mexico paid for it
Thu Apr 17 18:08:55 2025 [Global] Marshmello (Red): mmmm
Thu Apr 17 18:08:56 2025 AI_play_test.v1 (Blue) [Headshot] Orange (Red)
Thu Apr 17 18:08:56 2025 [Global] gui (Red): we are latinos
Thu Apr 17 18:08:56 2025 AI_play_test.v1 (Blue) [Headshot] ZIA (Red)
Thu Apr 17 18:08:57 2025 AI_play_test.v1 (Blue) [Headshot] descloux (Red)
Thu Apr 17 18:08:58 2025 jordgubbe (Blue) [Headshot] ^w^ (Red)
Thu Apr 17 18:08:58 2025 AI_play_test.v1 (Blue) [Headshot] Marshmello (Red)
Thu Apr 17 18:09:00 2025 Mash REZA (Red) [SMG] AI_play_test.v1 (Blue)
Thu Apr 17 18:09:02 2025 [Global] Mash REZA (Red): hehe
Thu Apr 17 18:09:04 2025 [Global] descloux (Red): the wall blocks off the staircase completely
Thu Apr 17 18:09:07 2025 [Global] descloux (Red): we got griefed
Thu Apr 17 18:09:09 2025  Visit our community forums at https://aloha.pk/
Thu Apr 17 18:09:11 2025 Anache (Blue) [SMG] King of Buildin (Red)
Thu Apr 17 18:09:12 2025 stonked (Red) [Headshot] Jamal (Blue)
Thu Apr 17 18:09:15 2025 Deuce4 (Blue) [Headshot] MR (Red)
Thu Apr 17 18:09:16 2025 vivian<3 (Red) [Headshot] Kiril (Blue)
Thu Apr 17 18:09:20 2025 [Global] goldilocks (Blue): i voted for this
Thu Apr 17 18:09:21 2025 Harry (Blue) [Headshot] Eri (Red)
Thu Apr 17 18:09:23 2025 descloux (Red) [SMG] Harry (Blue)
Thu Apr 17 18:09:27 2025 jordgubbe (Blue) [Headshot] Orange (Red)
Thu Apr 17 18:09:32 2025 Jamal (Blue) [Headshot] vivian<3 (Red)
Thu Apr 17 18:09:33 2025 stonked (Red) [Headshot] Ezokz (Blue)
Thu Apr 17 18:09:33 2025 stonked (Red) [Grenade] jordgubbe (Blue)
Thu Apr 17 18:09:35 2025 Marshmello (Red) [Headshot] Bizonho (Blue)
Thu Apr 17 18:09:36 2025 ZIA (Red) [Headshot] Deuce4 (Blue)
Thu Apr 17 18:09:43 2025 goldilocks (Blue) [Shotgun] stonked (Red)
Thu Apr 17 18:09:45 2025 Marshmello (Red) [Fall]
Thu Apr 17 18:09:47 2025 Jamal (Blue) [SMG] ZIA (Red)
Thu Apr 17 18:09:52 2025 MR (Red) [Grenade] Jamal (Blue)
Thu Apr 17 18:09:54 2025 jordgubbe (Blue) [Headshot] reagon (Red)
Thu Apr 17 18:09:55 2025 Orange (Red) [Headshot] Anache (Blue)
Thu Apr 17 18:09:56 2025 Player reagon has left
Thu Apr 17 18:09:57 2025 Harry (Blue) [Headshot] Orange (Red)
Thu Apr 17 18:09:58 2025 Deuce4 (Blue) [SMG] descloux (Red)
Thu Apr 17 18:09:59 2025 MR (Red) [Headshot] Bizonho (Blue)
Thu Apr 17 18:10:02 2025 jordgubbe (Blue) [Headshot] MR (Red)
Thu Apr 17 18:10:02 2025 awesome3 joined Red team
Thu Apr 17 18:10:08 2025 jordgubbe (Blue) [Headshot] Salt (Red)
Thu Apr 17 18:10:09 2025  Come chat with us at https://discord.aloha.pk/
Thu Apr 17 18:10:11 2025 [Global] not a burner (): i just noticed the gigantic wall at spawn
Thu Apr 17 18:10:12 2025 Pene aereo (Blue) [Fall]
Thu Apr 17 18:10:18 2025 stonked (Red) [Headshot] Jamal (Blue)
Thu Apr 17 18:10:20 2025 Bizonho (Blue) [SMG] descloux (Red)
Thu Apr 17 18:10:20 2025 Ezokz (Blue) [Rifle] stonked (Red)
Thu Apr 17 18:10:24 2025 GD (Blue) [Headshot] awesome3 (Red)
Thu Apr 17 18:10:25 2025 gui (Red) [Fall]
Thu Apr 17 18:10:27 2025 GD (Blue) [Headshot] ^w^ (Red)
Thu Apr 17 18:10:28 2025 [Global] not a burner (): red seems like it could use some love
Thu Apr 17 18:10:29 2025 AI_play_test.v1 (Blue) [Headshot] Eri (Red)
Thu Apr 17 18:10:35 2025 not a burner joined Red team
Thu Apr 17 18:10:35 2025 Jamal (Blue) [Headshot] Marshmello (Red)
Thu Apr 17 18:10:38 2025 Kiril (Blue) [Headshot] Salt (Red)
Thu Apr 17 18:10:40 2025 Deuce4 (Blue) [Headshot] MR (Red)
Thu Apr 17 18:10:41 2025 AI_play_test.v1 (Blue) [Headshot] Eri (Red)
Thu Apr 17 18:10:42 2025 Jamal (Blue) [Headshot] vivian<3 (Red)
Thu Apr 17 18:10:44 2025 Kiril (Blue) [Fall]
Thu Apr 17 18:10:46 2025 ZIA (Red) [Fall]
Thu Apr 17 18:10:48 2025 GD (Blue) [Headshot] descloux (Red)
Thu Apr 17 18:10:50 2025 King of Buildin (Red) [Fall]
Thu Apr 17 18:10:52 2025 Deuce4 (Blue) [Headshot] Marshmello (Red)
Thu Apr 17 18:10:53 2025 AI_play_test.v1 (Blue) [Headshot] stonked (Red)
Thu Apr 17 18:10:55 2025 [Global] Marshmello (Red): ded
Thu Apr 17 18:10:59 2025 Deuce4 (Blue) [Headshot] ChaoticSpice :V (Red)
Thu Apr 17 18:11:00 2025 fumo_maconha (Blue) [Fall]
Thu Apr 17 18:11:01 2025 [Global] descloux (Red): who sabatoged?
Thu Apr 17 18:11:03 2025 AI_play_test.v1 (Blue) [Headshot] stonked (Red)
Thu Apr 17 18:11:04 2025 awesome3 (Red) [Headshot] Jamal (Blue)
Thu Apr 17 18:11:05 2025 Orange (Red) [Headshot] GD (Blue)
Thu Apr 17 18:11:07 2025 Deuce4 (Blue) [Headshot] vivian<3 (Red)
Thu Apr 17 18:11:07 2025 AI_play_test.v1 (Blue) [Headshot] Eri (Red)
Thu Apr 17 18:11:09 2025 Orange (Red) [Headshot] Deuce4 (Blue)
Thu Apr 17 18:11:09 2025  If you believe a player is breaking the rules, please let us know with /ADMIN
Thu Apr 17 18:11:11 2025 reincelll joined Blue team
Thu Apr 17 18:11:13 2025 descloux (Red) [Headshot] Bizonho (Blue)
Thu Apr 17 18:11:15 2025 gui (Red) [Fall]
Thu Apr 17 18:11:16 2025 Orange (Red) [Headshot] Anache (Blue)
Thu Apr 17 18:11:16 2025 [Global] ^w^ (Red): i dont think it was sabotage
Thu Apr 17 18:11:19 2025 Player goldilocks has left
Thu Apr 17 18:11:20 2025 Mash REZA (Red) [Fall]
Thu Apr 17 18:11:21 2025 AI_play_test.v1 (Blue) [Headshot] not a burner (Red)
Thu Apr 17 18:11:27 2025 [Global] descloux (Red): its in front of staircase
Thu Apr 17 18:11:31 2025 AI_play_test.v1 (Blue) [Headshot] not a burner (Red)
Thu Apr 17 18:11:31 2025 Deuce4 (Blue) [Headshot] ChaoticSpice :V (Red)
Thu Apr 17 18:11:32 2025 [Global] ^w^ (Red): the sky blue wall was built first
Thu Apr 17 18:11:32 2025 Harry (Blue) [Headshot] awesome3 (Red)
Thu Apr 17 18:11:33 2025 ZIA (Red) [Headshot] Jamal (Blue)
Thu Apr 17 18:11:35 2025 AI_play_test.v1 (Blue) [Headshot] stonked (Red)
Thu Apr 17 18:11:37 2025 [Global] descloux (Red): no sane person would build this
Thu Apr 17 18:11:39 2025 MR (Red) [Headshot] jordgubbe (Blue)
Thu Apr 17 18:11:40 2025 Mash REZA (Red) [Headshot] Harry (Blue)
Thu Apr 17 18:11:40 2025 [Global] ^w^ (Red): but yes there is blockage
Thu Apr 17 18:11:44 2025 Mash REZA (Red) [SMG] Deuce4 (Blue)
Thu Apr 17 18:11:44 2025 [Global] not a burner (Red): who is sane?
Thu Apr 17 18:11:48 2025 GD (Blue) [Headshot] MR (Red)
Thu Apr 17 18:11:48 2025 [Global] Marshmello (Red): break it burner
Thu Apr 17 18:11:49 2025 AI_play_test.v1 (Blue) [Headshot] not a burner (Red)
Thu Apr 17 18:11:51 2025 descloux (Red) [Headshot] GD (Blue)
Thu Apr 17 18:11:52 2025 Deuce4 (Blue) [SMG] Eri (Red)
Thu Apr 17 18:11:58 2025 descloux (Red) [Headshot] reincelll (Blue)
Thu Apr 17 18:12:02 2025 Ezokz (Blue) [Headshot] descloux (Red)
Thu Apr 17 18:12:03 2025 Jamal (Blue) [Headshot] ZIA (Red)
Thu Apr 17 18:12:03 2025 ChaoticSpice :V (Red) [SMG] Bizonho (Blue)
Thu Apr 17 18:12:09 2025  This server runs imger and glow. Use /IMG or /GLOW to toggle them.
Thu Apr 17 18:12:10 2025 Orange (Red) [SMG] fumo_maconha (Blue)
Thu Apr 17 18:12:10 2025 You must be closer to the enemy's base to grenade blocks!
Thu Apr 17 18:12:11 2025 You must be closer to the enemy's base to grenade blocks!
Thu Apr 17 18:12:12 2025 You must be closer to the enemy's base to grenade blocks!
Thu Apr 17 18:12:14 2025 descloux (Red) [Fall]
Thu Apr 17 18:12:15 2025 awesome3 (Red) [SMG] Ezokz (Blue)
Thu Apr 17 18:12:19 2025 Deuce4 (Blue) [Melee] Orange (Red)
Thu Apr 17 18:12:22 2025 Kiril (Blue) [Rifle] ZIA (Red)
Thu Apr 17 18:12:24 2025 jordgubbe (Blue) [Headshot] Eri (Red)
Thu Apr 17 18:12:26 2025 Kiril (Blue) [Headshot] King of Buildin (Red)
Thu Apr 17 18:12:26 2025 ZIA (Red) [Rifle] Kiril (Blue)
Thu Apr 17 18:12:26 2025 AI_play_test.v1 (Blue) [Headshot] stonked (Red)
Thu Apr 17 18:12:26 2025 ChaoticSpice :V (Red) [SMG] Harry (Blue)
Thu Apr 17 18:12:27 2025 [Global] Marshmello (Red): brah
Thu Apr 17 18:12:27 2025 Player Eri has left
Thu Apr 17 18:12:28 2025 not a burner (Red) [Headshot] Jamal (Blue)
Thu Apr 17 18:12:33 2025 AI_play_test.v1 (Blue) [Headshot] not a burner (Red)
Thu Apr 17 18:12:35 2025 AI_play_test.v1 (Blue) [Headshot] Salt (Red)
Thu Apr 17 18:12:35 2025 awesome3 (Red) [Headshot] Deuce4 (Blue)
Thu Apr 17 18:12:36 2025 Bizonho (Blue) [SMG] ChaoticSpice :V (Red)
Thu Apr 17 18:12:36 2025 [Global] Jamal (Blue): Brah!
Thu Apr 17 18:12:39 2025 Player ChaoticSpice :V has left
Thu Apr 17 18:12:41 2025 [Global] Marshmello (Red): ayo brah
Thu Apr 17 18:12:41 2025 [Global] Jamal (Blue): AYO!!!   BRAH!!!!!!!!!!!
Thu Apr 17 18:12:43 2025 [Global] descloux (Red): the wall is our new spawn soon
Thu Apr 17 18:12:46 2025 Orange (Red) [Headshot] jordgubbe (Blue)
Thu Apr 17 18:12:49 2025 Harry (Blue) [Rifle] Orange (Red)
Thu Apr 17 18:12:49 2025 Deuce4 (Blue) [Headshot] MR (Red)
Thu Apr 17 18:12:50 2025 [Global] Jamal (Blue): We need a tower BRAH!
Thu Apr 17 18:12:52 2025 AI_play_test.v1 (Blue) [Headshot] not a burner (Red)
Thu Apr 17 18:12:54 2025 ZIA (Red) [Headshot] Anache (Blue)
Thu Apr 17 18:12:54 2025 AI_play_test.v1 (Blue) [Headshot] gui (Red)
Thu Apr 17 18:12:55 2025 cyan joined Spectator team
Thu Apr 17 18:12:55 2025 Salt (Red) [Fall]
Thu Apr 17 18:12:56 2025 Deuce4 (Blue) [SMG] stonked (Red)
Thu Apr 17 18:12:57 2025 [Global] Mash REZA (Red): fi amanellah!
Thu Apr 17 18:13:02 2025 descloux (Red) [SMG] Deuce4 (Blue)
Thu Apr 17 18:13:03 2025 [Global] Marshmello (Red): cya
Thu Apr 17 18:13:08 2025 Player cyan has left
Thu Apr 17 18:13:08 2025 descloux (Red) [Grenade] Jamal (Blue)
Thu Apr 17 18:13:09 2025  Use /EMOTE to draw an emote on the map!
Thu Apr 17 18:13:09 2025 Salt (Red) [Headshot] AI_play_test.v1 (Blue)
Thu Apr 17 18:13:10 2025 [Global] Mash REZA (Red): huh!!??????????????????????????
Thu Apr 17 18:13:12 2025 OJELS! joined Red team
Thu Apr 17 18:13:18 2025 awesome3 (Red) [Headshot] jordgubbe (Blue)
Thu Apr 17 18:13:20 2025 not a burner (Red) [Headshot] Ezokz (Blue)
Thu Apr 17 18:13:21 2025 [Team] Bizonho (Blue): tlol
Thu Apr 17 18:13:21 2025 GD (Blue) [Headshot] awesome3 (Red)
Thu Apr 17 18:13:25 2025 ZIA (Red) [Headshot] AI_play_test.v1 (Blue)
Thu Apr 17 18:13:27 2025 ZIA (Red) [Headshot] Anache (Blue)
Thu Apr 17 18:13:28 2025 GD (Blue) [Headshot] MR (Red)
Thu Apr 17 18:13:34 2025 [Global] Mash REZA (Red): Well done, do you know Arabic?
Thu Apr 17 18:13:36 2025 jordgubbe (Blue) [Headshot] ZIA (Red)
Thu Apr 17 18:13:37 2025 Kiril (Blue) [Rifle] Salt (Red)
Thu Apr 17 18:13:38 2025 Harry (Blue) [Headshot] stonked (Red)
Thu Apr 17 18:13:42 2025 Harry (Blue) [Fall]
Thu Apr 17 18:13:44 2025 [Global] OJELS! (Red): anabis bekalem arabic shoya
Thu Apr 17 18:13:44 2025 [Global] Jamal (Blue): Sometimes I say "bruh" or "brah" to appear more hip and cool to the younger generation
Thu Apr 17 18:13:47 2025 Ezokz (Blue) [Headshot] Mash REZA (Red)
Thu Apr 17 18:13:49 2025 reincelll (Blue) [Headshot] awesome3 (Red)
Thu Apr 17 18:13:50 2025 [Team] Anache (Blue): down kiril
Thu Apr 17 18:13:55 2025 MR (Red) [Headshot] reincelll (Blue)
Thu Apr 17 18:13:58 2025 [Global] Jamal (Blue): The younger female generation to be specific
Thu Apr 17 18:13:58 2025 jordgubbe (Blue) [Fall]
Thu Apr 17 18:14:00 2025 Harry (Blue) [Headshot] descloux (Red)
Thu Apr 17 18:14:06 2025 OJELS! (Red) [Headshot] Ezokz (Blue)
Thu Apr 17 18:14:08 2025 [Global] Jamal (Blue): 18+ obviously
Thu Apr 17 18:14:09 2025  Use /HEAVEN to paint the babel platform!
Thu Apr 17 18:14:10 2025 OJELS! (Red) [Fall]
Thu Apr 17 18:14:11 2025 fumo_maconha (Blue) [Headshot] Mash REZA (Red)
Thu Apr 17 18:14:12 2025 Deuce4 (Blue) [SMG] Orange (Red)
Thu Apr 17 18:14:13 2025 [Global] Mash REZA (Red): :(
Thu Apr 17 18:14:15 2025 [Global] Mash REZA (Red): :)
Thu Apr 17 18:14:15 2025 ZIA (Red) [Headshot] GD (Blue)
Thu Apr 17 18:14:15 2025 jordgubbe (Blue) [Headshot] stonked (Red)
Thu Apr 17 18:14:16 2025 awesome3 (Red) [SMG] fumo_maconha (Blue)
Thu Apr 17 18:14:16 2025 Player Orange has left
Thu Apr 17 18:14:19 2025 export joined Red team
Thu Apr 17 18:14:21 2025 Kiril (Blue) [Headshot] Salt (Red)
Thu Apr 17 18:14:23 2025 Kiril (Blue) [Headshot] King of Buildin (Red)
Thu Apr 17 18:14:25 2025 awesome3 (Red) [Headshot] Jamal (Blue)
Thu Apr 17 18:14:26 2025 OJELS! (Red) [Headshot] Bizonho (Blue)
Thu Apr 17 18:14:30 2025 Salt (Red) [Fall]
Thu Apr 17 18:14:31 2025  Anache has reached 1000 blocks placed! /heaven unlocked.
Thu Apr 17 18:14:31 2025 [Global] Mash REZA (Red): export!
Thu Apr 17 18:14:36 2025 [Global] export (Red): Hi hi
Thu Apr 17 18:14:37 2025 S R X joined Blue team
Thu Apr 17 18:14:37 2025 [Global] descloux (Red): sus
Thu Apr 17 18:14:38 2025 Player Salt has left
Thu Apr 17 18:14:39 2025 Kiril (Blue) [Headshot] awesome3 (Red)
Thu Apr 17 18:14:40 2025 [Global] Mash REZA (Red): Hi
Thu Apr 17 18:14:41 2025 King of Buildin (Red) [Headshot] Kiril (Blue)
Thu Apr 17 18:14:46 2025 Deuce4 (Blue) [Headshot] Mash REZA (Red)
Thu Apr 17 18:14:51 2025 Deuce4 (Blue) [SMG] ZIA (Red)
Thu Apr 17 18:14:51 2025 AI_play_test.v1 (Blue) [Headshot] King of Buildin (Red)
Thu Apr 17 18:14:54 2025 AI_play_test.v1 (Blue) [Headshot] stonked (Red)
Thu Apr 17 18:14:57 2025 ^w^ (Red) [Headshot] Jamal (Blue)
Thu Apr 17 18:15:01 2025 jordgubbe (Blue) [Headshot] descloux (Red)
Thu Apr 17 18:15:02 2025 ^w^ (Red) [Headshot] reincelll (Blue)
Thu Apr 17 18:15:03 2025 jordgubbe (Blue) [Headshot] vivian<3 (Red)
Thu Apr 17 18:15:04 2025 Ezokz (Blue) [Headshot] stonked (Red)
Thu Apr 17 18:15:06 2025 Marshmello (Red) [SMG] jordgubbe (Blue)
Thu Apr 17 18:15:06 2025 Kiril (Blue) [Rifle] Marshmello (Red)
Thu Apr 17 18:15:07 2025 Mash REZA (Red) [Headshot] fumo_maconha (Blue)
Thu Apr 17 18:15:08 2025 ^w^ (Red) [Headshot] Ezokz (Blue)
Thu Apr 17 18:15:09 2025 AI_play_test.v1 (Blue) [Headshot] OJELS! (Red)
Thu Apr 17 18:15:09 2025  Get a 20 killstreak and 1 intel capture(s) to unlock /APOC!
Thu Apr 17 18:15:09 2025 Deuce4 (Blue) [Headshot] MR (Red)
Thu Apr 17 18:15:10 2025 AI_play_test.v1 (Blue) [Headshot] not a burner (Red)
Thu Apr 17 18:15:18 2025 Deuce4 (Blue) [Headshot] Mash REZA (Red)
Thu Apr 17 18:15:18 2025 export (Red) [Headshot] Harry (Blue)
Thu Apr 17 18:15:18 2025 ^w^ (Red) [Headshot] GD (Blue)
Thu Apr 17 18:15:18 2025 [Global] Marshmello (Red): gj descloux
Thu Apr 17 18:15:21 2025 Jamal (Blue) [Headshot] export (Red)
Thu Apr 17 18:15:21 2025 [Global] OJELS! (Red): ai play test just headshot me thru a wall
Thu Apr 17 18:15:22 2025 [Global] reincelll (Blue): how do i change class
Thu Apr 17 18:15:23 2025 [Global] descloux (Red): thank you
Thu Apr 17 18:15:26 2025 [Global] Marshmello (Red): press L
Thu Apr 17 18:15:29 2025 cyan joined Red team
Thu Apr 17 18:15:30 2025 reincelll (Blue) [Weapon Change]
Thu Apr 17 18:15:30 2025 ^w^ (Red) [Headshot] Deuce4 (Blue)
Thu Apr 17 18:15:31 2025 [Global] OJELS! (Red): i dont wanna make false claims, but is he hacking
Thu Apr 17 18:15:31 2025 ^w^ (Red) [Headshot] Jamal (Blue)
Thu Apr 17 18:15:33 2025 King of Buildin (Red) [Fall]
Thu Apr 17 18:15:34 2025 Kiril (Blue) [Headshot] descloux (Red)
Thu Apr 17 18:15:37 2025 AI_play_test.v1 (Blue) [Headshot] gui (Red)
Thu Apr 17 18:15:38 2025 [Global] reincelll (Blue): thanks
Thu Apr 17 18:15:41 2025 AI_play_test.v1 (Blue) [Headshot] export (Red)
Thu Apr 17 18:15:42 2025 Kiril (Blue) [Rifle] Mash REZA (Red)
Thu Apr 17 18:15:43 2025 Kiril (Blue) [Headshot] Marshmello (Red)
Thu Apr 17 18:15:43 2025 AI_play_test.v1 (Blue) [Headshot] not a burner (Red)
Thu Apr 17 18:15:44 2025 AI_play_test.v1 (Blue) [Headshot] King of Buildin (Red)
Thu Apr 17 18:15:46 2025 [Global] Mash REZA (Red): aaa
Thu Apr 17 18:15:47 2025 vivian<3 (Red) [Grenade] Kiril (Blue)
Thu Apr 17 18:15:49 2025 [Global] Marshmello (Red): np!
Thu Apr 17 18:15:50 2025 AI_play_test.v1 (Blue) [Headshot] King of Buildin (Red)
Thu Apr 17 18:15:51 2025 AI_play_test.v1 (Blue) [Headshot] Mash REZA (Red)
Thu Apr 17 18:15:56 2025 AI_play_test.v1 (Blue) [Headshot] Marshmello (Red)
Thu Apr 17 18:15:57 2025 export (Red) [Headshot] AI_play_test.v1 (Blue)
Thu Apr 17 18:15:57 2025 ^w^ (Red) [Headshot] fumo_maconha (Blue)
Thu Apr 17 18:15:59 2025 cyan (Red) [Headshot] jordgubbe (Blue)
Thu Apr 17 18:16:00 2025 ^w^ (Red) [Rifle] Jamal (Blue)
Thu Apr 17 18:16:04 2025 Kiril (Blue) [Melee] descloux (Red)
Thu Apr 17 18:16:06 2025 ^w^ (Red) [Headshot] Bizonho (Blue)
Thu Apr 17 18:16:09 2025 [Global] reincelll (Blue): marsh you chill man
Thu Apr 17 18:16:09 2025  Capture your team's 5th intel to unlock /APOC for your team's best builder!
Thu Apr 17 18:16:11 2025 AI_play_test.v1 (Blue) [Rifle] ZIA (Red)
Thu Apr 17 18:16:13 2025 ^w^ (Red) [Rifle] reincelll (Blue)
Thu Apr 17 18:16:16 2025 vivian<3 (Red) [SMG] Kiril (Blue)
Thu Apr 17 18:16:16 2025 [Global] Marshmello (Red): you too
Thu Apr 17 18:16:18 2025 OJELS! (Red) [Headshot] Ezokz (Blue)
Thu Apr 17 18:16:20 2025 jordgubbe (Blue) [Headshot] awesome3 (Red)
Thu Apr 17 18:16:21 2025 ^w^ (Red) [Headshot] jordgubbe (Blue)
Thu Apr 17 18:16:28 2025 Player Ezokz has left
Thu Apr 17 18:16:31 2025 ^w^ (Red) [Headshot] Jamal (Blue)
Thu Apr 17 18:16:32 2025 MR (Red) [Headshot] GD (Blue)
Thu Apr 17 18:16:33 2025 OJELS! (Red) [Headshot] S R X (Blue)
Thu Apr 17 18:16:39 2025 descloux (Red) [Grenade] Kiril (Blue)
Thu Apr 17 18:16:39 2025 OJELS! (Red) [Headshot] Anache (Blue)
Thu Apr 17 18:16:40 2025 Deuce4 (Blue) [Headshot] MR (Red)
Thu Apr 17 18:16:41 2025 Eri joined Blue team
Thu Apr 17 18:16:44 2025 vivian<3 (Red) [Headshot] Patum Peperium (Blue)
Thu Apr 17 18:16:45 2025 Harry (Blue) [Fall]
Thu Apr 17 18:16:46 2025 Mash REZA (Red) [SMG] reincelll (Blue)
Thu Apr 17 18:16:46 2025 Jamal (Blue) [Headshot] vivian<3 (Red)
Thu Apr 17 18:16:47 2025 jordgubbe (Blue) [Headshot] Mash REZA (Red)
Thu Apr 17 18:16:53 2025 AI_play_test.v1 (Blue) [Headshot] King of Buildin (Red)
Thu Apr 17 18:16:58 2025 AI_play_test.v1 (Blue) [Rifle] ^w^ (Red)
Thu Apr 17 18:16:59 2025 ZIA (Red) [Headshot] Jamal (Blue)
Thu Apr 17 18:17:00 2025 Deuce4 (Blue) [SMG] cyan (Red)
Thu Apr 17 18:17:01 2025 descloux (Red) [Melee] S R X (Blue)
Thu Apr 17 18:17:02 2025 AI_play_test.v1 (Blue) [Headshot] export (Red)
Thu Apr 17 18:17:02 2025 You can't destroy your team's blocks in this area. Attack the enemy's tower!
Thu Apr 17 18:17:02 2025 You can't destroy your team's blocks in this area. Attack the enemy's tower!
Thu Apr 17 18:17:03 2025 You can't destroy your team's blocks in this area. Attack the enemy's tower!
Thu Apr 17 18:17:03 2025 You can't destroy your team's blocks in this area. Attack the enemy's tower!
Thu Apr 17 18:17:03 2025 You can't destroy your team's blocks in this area. Attack the enemy's tower!
Thu Apr 17 18:17:05 2025 Player cyan has left
Thu Apr 17 18:17:06 2025 AI_play_test.v1 (Blue) [Headshot] ^w^ (Red)
Thu Apr 17 18:17:09 2025 descloux (Red) [Melee] Kiril (Blue)
Thu Apr 17 18:17:09 2025  Mahalo for playing aloha.pk tower of babel
Thu Apr 17 18:17:16 2025 Jamal (Blue) [Headshot] awesome3 (Red)
Thu Apr 17 18:17:18 2025 Deuce4 (Blue) [Headshot] vivian<3 (Red)
Thu Apr 17 18:17:18 2025 Kiril (Blue) [Grenade] Mash REZA (Red)
Thu Apr 17 18:17:18 2025 reincelll (Blue) [Headshot] OJELS! (Red)
Thu Apr 17 18:17:20 2025 AI_play_test.v1 (Blue) [Headshot] MR (Red)
Thu Apr 17 18:17:21 2025 King of Buildin (Red) [Headshot] Jamal (Blue)
Thu Apr 17 18:17:24 2025 ZIA (Red) [Headshot] Eri (Blue)
Thu Apr 17 18:17:26 2025 ^w^ (Red) [Headshot] Deuce4 (Blue)
Thu Apr 17 18:17:28 2025 ZIA (Red) [Rifle] reincelll (Blue)
Thu Apr 17 18:17:31 2025 Player reincelll has left
Thu Apr 17 18:17:37 2025 Kiril (Blue) [Melee] descloux (Red)
Thu Apr 17 18:17:38 2025 Harry (Blue) [Headshot] gui (Red)
Thu Apr 17 18:17:38 2025 Harry (Blue) [Fall]
Thu Apr 17 18:17:39 2025 AI_play_test.v1 (Blue) [Rifle] King of Buildin (Red)
Thu Apr 17 18:17:43 2025 ^w^ (Red) [Headshot] Jamal (Blue)
Thu Apr 17 18:17:58 2025 Bizonho (Blue) [Headshot] export (Red)
Thu Apr 17 18:17:58 2025 [Global] descloux (Red): i spawned on the wall
Thu Apr 17 18:17:59 2025 Bizonho (Blue) [Headshot] not a burner (Red)
Thu Apr 17 18:17:59 2025  schism has reached 1000 blocks placed! /heaven unlocked.
Thu Apr 17 18:18:00 2025 descloux (Red) [SMG]
Thu Apr 17 18:18:00 2025 AI_play_test.v1 (Blue) [Headshot] MR (Red)
Thu Apr 17 18:18:01 2025 [Global] Jamal (Blue): Stop shooting me from where I can't see you
Thu Apr 17 18:18:02 2025 Kiril (Blue) [Headshot] Mash REZA (Red)
Thu Apr 17 18:18:06 2025 [Global] Mash REZA (Red): kir=dick in persian :D
Thu Apr 17 18:18:09 2025  Build a tower to get the enemy's intel. Take it to your team's tent to win!
Thu Apr 17 18:18:10 2025 not a burner (Red) [Team Change]
Thu Apr 17 18:18:11 2025 ZIA (Red) [Headshot] Eri (Blue)
Thu Apr 17 18:18:11 2025 a coffin joined Red team
Thu Apr 17 18:18:12 2025 not a burner joined Spectator team
Thu Apr 17 18:18:12 2025 cyanpencil joined Blue team
Thu Apr 17 18:18:15 2025 vivian<3 (Red) [Headshot] GD (Blue)
Thu Apr 17 18:18:16 2025 descloux (Red) [SMG]
Thu Apr 17 18:18:20 2025 Mash REZA (Red) [SMG] Kiril (Blue)
Thu Apr 17 18:18:21 2025 ZIA (Red) [Headshot] Anache (Blue)
Thu Apr 17 18:18:25 2025 ZIA (Red) [Headshot] jordgubbe (Blue)
Thu Apr 17 18:18:26 2025 OJELS! (Red) [Headshot] S R X (Blue)
Thu Apr 17 18:18:26 2025 Kiril (Blue) [Fall]
Thu Apr 17 18:18:26 2025 King of Buildin (Red) [Headshot] AI_play_test.v1 (Blue)
Thu Apr 17 18:18:26 2025 [Global] Jamal (Blue): What about pussy in Persian?
Thu Apr 17 18:18:27 2025 descloux (Red) [SMG]
Thu Apr 17 18:18:27 2025 King of Buildin (Red) [SMG] Bizonho (Blue)
Thu Apr 17 18:18:31 2025 [Global] Mash REZA (Red): XXXXXXXXD
Thu Apr 17 18:18:33 2025 [Global] Mash REZA (Red): cos
Thu Apr 17 18:18:37 2025 gui (Red) [Fall]
Thu Apr 17 18:18:42 2025 Jamal (Blue) [SMG] awesome3 (Red)
Thu Apr 17 18:18:42 2025 Eri (Blue) [Headshot] ZIA (Red)
Thu Apr 17 18:18:44 2025 Kiril (Blue) [Headshot] Mash REZA (Red)
Thu Apr 17 18:18:47 2025 OJELS! (Red) [Headshot] Deuce4 (Blue)
Thu Apr 17 18:18:48 2025 ^w^ (Red) [Headshot] cyanpencil (Blue)
Thu Apr 17 18:18:49 2025 Kiril (Blue) [Headshot] vivian<3 (Red)
Thu Apr 17 18:18:50 2025 vivian<3 (Red) [Grenade] Kiril (Blue)
Thu Apr 17 18:18:50 2025 solingen joined Red team
Thu Apr 17 18:18:51 2025 Player fumo_maconha has left
Thu Apr 17 18:18:52 2025 ^w^ (Red) [Headshot] Jamal (Blue)
Thu Apr 17 18:18:52 2025 [Global] a coffin (Red): Jamal! Keep the conversation clean please! This is a children's game!
Thu Apr 17 18:18:53 2025 [Global] vivian<3 (Red): xD
Thu Apr 17 18:18:55 2025 [Global] Mash REZA (Red): ass=koon
Thu Apr 17 18:18:57 2025 AI_play_test.v1 (Blue) [Rifle] ^w^ (Red)
Thu Apr 17 18:19:00 2025 [Global] Marshmello (Red): coffs!
Thu Apr 17 18:19:01 2025 Deuce4 (Blue) [Headshot] descloux (Red)
Thu Apr 17 18:19:01 2025 AI_play_test.v1 (Blue) [Headshot] awesome3 (Red)
Thu Apr 17 18:19:01 2025 [Global] Mash REZA (Red): XD
Thu Apr 17 18:19:03 2025 [Global] gui (Red): I am 10
Thu Apr 17 18:19:04 2025 [Global] vivian<3 (Red): rush B
Thu Apr 17 18:19:07 2025 AI_play_test.v1 (Blue) [Headshot] ZIA (Red)
Thu Apr 17 18:19:09 2025  Type /HELP for info & commands
Thu Apr 17 18:19:10 2025 reincelll joined Blue team
Thu Apr 17 18:19:10 2025 [Global] a coffin (Red): hey mello and all :)
Thu Apr 17 18:19:14 2025 [Global] Mash REZA (Red): lol
Thu Apr 17 18:19:14 2025 cyanpencil (Blue) [Headshot] a coffin (Red)
Thu Apr 17 18:19:16 2025 gui (Red) [Fall]
Thu Apr 17 18:19:18 2025 solingen (Red) [Fall]
Thu Apr 17 18:19:18 2025 AI_play_test.v1 (Blue) [Headshot] ZIA (Red)
Thu Apr 17 18:19:20 2025 export (Red) [Headshot] Eri (Blue)
Thu Apr 17 18:19:22 2025 Player Kiril has left
Thu Apr 17 18:19:22 2025 [Global] ^w^ (Red): sup coffin
Thu Apr 17 18:19:24 2025 [Global] S R X (Blue): i 12
Thu Apr 17 18:19:24 2025 [Global] Marshmello (Red): i am 9, u cant just say these things!
Thu Apr 17 18:19:25 2025 export (Red) [Headshot] Anache (Blue)
Thu Apr 17 18:19:27 2025 AI_play_test.v1 (Blue) [Headshot] solingen (Red)
Thu Apr 17 18:19:27 2025 jordgubbe (Blue) [Headshot] export (Red)
Thu Apr 17 18:19:30 2025 OJELS! (Red) [SMG] Deuce4 (Blue)
Thu Apr 17 18:19:33 2025  Patum Peperium has reached 1000 blocks placed! /heaven unlocked.
Thu Apr 17 18:19:34 2025 Bizonho (Blue) [Headshot] ZIA (Red)
Thu Apr 17 18:19:34 2025 AI_play_test.v1 (Blue) [Headshot] awesome3 (Red)
Thu Apr 17 18:19:36 2025 [Global] a coffin (Red):  /votekick gui mello come back when you're 13
Thu Apr 17 18:19:38 2025 King of Buildin (Red) [Headshot] reincelll (Blue)
Thu Apr 17 18:19:38 2025 Patum Peperium (Blue) [Grenade] descloux (Red)
Thu Apr 17 18:19:39 2025 [Global] Mash REZA (Red): 9?
Thu Apr 17 18:19:41 2025 [Global] Marshmello (Red): xD
Thu Apr 17 18:19:43 2025 [Global] Mash REZA (Red): really?
Thu Apr 17 18:19:44 2025 [Global] reincelll (Blue): 0??
Thu Apr 17 18:19:44 2025 Bizonho (Blue) [SMG] stonked (Red)
Thu Apr 17 18:19:46 2025 King of Buildin (Red) [Headshot] AI_play_test.v1 (Blue)
Thu Apr 17 18:19:47 2025 OJELS! (Red) [Headshot] S R X (Blue)
Thu Apr 17 18:19:49 2025 [Global] Mash REZA (Red): i -3
Thu Apr 17 18:19:49 2025 [Global] reincelll (Blue): 9*?
Thu Apr 17 18:19:50 2025 MR (Red) [Headshot] GD (Blue)
Thu Apr 17 18:19:51 2025 [Global] Mash REZA (Red): XD
Thu Apr 17 18:19:53 2025 Bizonho (Blue) [SMG] King of Buildin (Red)
Thu Apr 17 18:19:55 2025 AI_play_test.v1 (Blue) [Headshot] vivian<3 (Red)
Thu Apr 17 18:19:57 2025 export (Red) [Headshot] Bizonho (Blue)
Thu Apr 17 18:19:57 2025 [Global] Jamal (Blue): In the hood not even children are left from being desensitised to the realities of ghetto life :(
Thu Apr 17 18:20:01 2025 descloux (Red) [Fall]
Thu Apr 17 18:20:03 2025 [Global] S R X (Blue): babby
Thu Apr 17 18:20:06 2025 jordgubbe (Blue) [Headshot] Mash REZA (Red)
Thu Apr 17 18:20:09 2025 [Global] descloux (Red): damn it i hate spawning on this monstrosity
Thu Apr 17 18:20:09 2025  Visit our community forums at https://aloha.pk/
Thu Apr 17 18:20:10 2025 AI_play_test.v1 (Blue) [Headshot] ^w^ (Red)
Thu Apr 17 18:20:10 2025 capibara joined Red team
Thu Apr 17 18:20:11 2025 OJELS! (Red) [Melee] Deuce4 (Blue)
Thu Apr 17 18:20:12 2025 export (Red) [Headshot] AI_play_test.v1 (Blue)
Thu Apr 17 18:20:12 2025 [Global] a coffin (Red): that's very sad to hear Jamal
Thu Apr 17 18:20:18 2025 GD (Blue) [Headshot] MR (Red)
Thu Apr 17 18:20:20 2025 export (Red) [Headshot] Eri (Blue)
Thu Apr 17 18:20:22 2025 [Global] capibara (Red): hey coffin
Thu Apr 17 18:20:22 2025 OJELS! (Red) [SMG] S R X (Blue)
Thu Apr 17 18:20:23 2025 gui (Red) [Fall]
Thu Apr 17 18:20:26 2025 Deuce4 (Blue) [SMG] OJELS! (Red)
Thu Apr 17 18:20:26 2025 export (Red) [Headshot] reincelll (Blue)
Thu Apr 17 18:20:27 2025 [Global] ^w^ (Red): u a bottom desco
Thu Apr 17 18:20:27 2025 [Global] a coffin (Red): hey hackibara
Thu Apr 17 18:20:29 2025 Player reincelll has left
Thu Apr 17 18:20:29 2025 descloux (Red) [SMG] Jamal (Blue)
Thu Apr 17 18:20:30 2025 vivian<3 (Red) [Grenade] Deuce4 (Blue)
Thu Apr 17 18:20:30 2025 [Global] OJELS! (Red): :(
Thu Apr 17 18:20:32 2025 [Global] S R X (Blue): I kurdish ....
Thu Apr 17 18:20:32 2025  jordgubbe has reached 1000 blocks placed! /heaven unlocked.
Thu Apr 17 18:20:33 2025 ZIA (Red) [Headshot] Anache (Blue)
Thu Apr 17 18:20:34 2025  capibara has a kill-death ratio of 0.00 (0 kills, 0 deaths, 0.00 kills per minute).
Thu Apr 17 18:20:34 2025  capibara removed no blocks in the last 2.0 minutes. capibara joined Red team 23 seconds
Thu Apr 17 18:20:34 2025  ago.
Thu Apr 17 18:20:34 2025  Marshmello (#13) started a VOTEKICK against capibara (#17). Say /Y to agree
Thu Apr 17 18:20:34 2025  Reason: late, again?
Thu Apr 17 18:20:37 2025 a coffin (Red) [Headshot] jordgubbe (Blue)
Thu Apr 17 18:20:38 2025 descloux (Red) [Grenade] cyanpencil (Blue)
Thu Apr 17 18:20:38 2025 [Global] capibara (Red): yes(
Thu Apr 17 18:20:41 2025 [Global] capibara (Red): hey MARSH
Thu Apr 17 18:20:44 2025  Votekick for capibara (#17) has ended. Cancelled
Thu Apr 17 18:20:45 2025 Deuce4 (Blue) [Grenade] Mash REZA (Red)
Thu Apr 17 18:20:46 2025 [Global] Marshmello (Red): hey!
Thu Apr 17 18:20:48 2025 a coffin (Red) [Headshot] Bizonho (Blue)
Thu Apr 17 18:20:50 2025 descloux (Red) [SMG] Deuce4 (Blue)
Thu Apr 17 18:20:50 2025 vivian<3 (Red) [Headshot] S R X (Blue)
Thu Apr 17 18:20:51 2025 a coffin (Red) [Headshot] Patum Peperium (Blue)
Thu Apr 17 18:20:51 2025 [Global] Jamal (Blue): Kurdish women are hot    #FreeKurdistan
Thu Apr 17 18:20:53 2025 King of Buildin (Red) [SMG] GD (Blue)
Thu Apr 17 18:20:58 2025 a coffin (Red) [Headshot] Eri (Blue)
Thu Apr 17 18:20:59 2025 Jamal (Blue) [SMG] descloux (Red)
Thu Apr 17 18:21:00 2025 [Global] capibara (Red): i got blackout curtain
Thu Apr 17 18:21:00 2025 [Global] Mash REZA (Red): :(
Thu Apr 17 18:21:03 2025 a coffin (Red) [Headshot] jordgubbe (Blue)
Thu Apr 17 18:21:05 2025 cyanpencil (Blue) [Rifle] vivian<3 (Red)
Thu Apr 17 18:21:08 2025 ZIA (Red) [Headshot] Jamal (Blue)
Thu Apr 17 18:21:08 2025 [Global] capibara (Red): and not going to sleep
Thu Apr 17 18:21:09 2025  Come chat with us at https://discord.aloha.pk/
Thu Apr 17 18:21:10 2025 [Global] capibara (Red): weird
Thu Apr 17 18:21:12 2025 [Global] vivian<3 (Red): awesome 
Thu Apr 17 18:21:21 2025 Patum Peperium (Blue) [Headshot] a coffin (Red)
Thu Apr 17 18:21:21 2025 AI_play_test.v1 (Blue) [Headshot] ZIA (Red)
Thu Apr 17 18:21:21 2025 capibara (Red) [Headshot] AI_play_test.v1 (Blue)
Thu Apr 17 18:21:24 2025 capibara (Red) [SMG] Jamal (Blue)
Thu Apr 17 18:21:24 2025 ^w^ (Red) [Headshot] Harry (Blue)
Thu Apr 17 18:21:27 2025 Mash REZA (Red) [Headshot] cyanpencil (Blue)
Thu Apr 17 18:21:28 2025 GD (Blue) [Headshot] awesome3 (Red)
Thu Apr 17 18:21:30 2025 ^w^ (Red) [Headshot] jordgubbe (Blue)
Thu Apr 17 18:21:33 2025 descloux (Red) [SMG] Pene aereo (Blue)
Thu Apr 17 18:21:37 2025 Patum Peperium (Blue) [SMG] Mash REZA (Red)
Thu Apr 17 18:21:39 2025 ^w^ (Red) [Headshot] Eri (Blue)
Thu Apr 17 18:21:46 2025 ^w^ (Red) [Headshot] AI_play_test.v1 (Blue)
Thu Apr 17 18:21:49 2025 capibara (Red) [Headshot] S R X (Blue)
Thu Apr 17 18:21:50 2025 descloux (Red) [SMG] jordgubbe (Blue)
Thu Apr 17 18:21:50 2025 ^w^ (Red) [Headshot] cyanpencil (Blue)
Thu Apr 17 18:21:50 2025 capibara (Red) [SMG] Bizonho (Blue)
Thu Apr 17 18:21:51 2025 GD (Blue) [Headshot] awesome3 (Red)
Thu Apr 17 18:21:52 2025 Jamal (Blue) [Headshot] ZIA (Red)
Thu Apr 17 18:21:53 2025 You must be closer to the enemy's base to shoot blocks!
Thu Apr 17 18:21:53 2025 ^w^ (Red) [Headshot] Harry (Blue)
Thu Apr 17 18:21:53 2025 Deuce4 (Blue) [Headshot] vivian<3 (Red)
Thu Apr 17 18:21:55 2025 Deuce4 (Blue) [SMG] ^w^ (Red)
Thu Apr 17 18:21:55 2025 Anache (Blue) [SMG]
Thu Apr 17 18:21:57 2025 Patum Peperium (Blue) [SMG] OJELS! (Red)
Thu Apr 17 18:21:58 2025 descloux (Red) [Headshot] Patum Peperium (Blue)
Thu Apr 17 18:21:58 2025 Deuce4 (Blue) [Headshot] Mash REZA (Red)
Thu Apr 17 18:22:03 2025 capibara (Red) [Headshot] AI_play_test.v1 (Blue)
Thu Apr 17 18:22:03 2025 Harry (Blue) [Fall]
Thu Apr 17 18:22:06 2025 Deuce4 (Blue) [Headshot] Mash REZA (Red)
Thu Apr 17 18:22:07 2025 [Global] Mash REZA (Red): all camper...
Thu Apr 17 18:22:08 2025 Deuce4 (Blue) [Headshot] ZIA (Red)
Thu Apr 17 18:22:09 2025  If you believe a player is breaking the rules, please let us know with /ADMIN
Thu Apr 17 18:22:11 2025 ^w^ (Red) [Grenade] Deuce4 (Blue)
Thu Apr 17 18:22:11 2025 export (Red) [Headshot] Jamal (Blue)
Thu Apr 17 18:22:11 2025 descloux (Red) [Headshot] Patum Peperium (Blue)
Thu Apr 17 18:22:12 2025 Bizonho (Blue) [Headshot] capibara (Red)
Thu Apr 17 18:22:14 2025 export (Red) [Headshot] GD (Blue)
Thu Apr 17 18:22:17 2025 a coffin (Red) [Headshot] Bizonho (Blue)
Thu Apr 17 18:22:18 2025 a coffin (Red) [Headshot] Jamal (Blue)
Thu Apr 17 18:22:19 2025 a coffin (Red) [Headshot] AI_play_test.v1 (Blue)
Thu Apr 17 18:22:20 2025 descloux (Red) [Headshot] Harry (Blue)
Thu Apr 17 18:22:21 2025 [Global] Deuce4 (Blue): gg
Thu Apr 17 18:22:21 2025 [Global] capibara (Red): all my homies are campers
Thu Apr 17 18:22:21 2025 Player Deuce4 has left
Thu Apr 17 18:22:22 2025 jordgubbe (Blue) [Headshot] descloux (Red)
Thu Apr 17 18:22:30 2025 Patum Peperium (Blue) [SMG] a coffin (Red)
Thu Apr 17 18:22:34 2025 [Global] Mash REZA (Red): right
Thu Apr 17 18:22:34 2025 Harry (Blue) [Headshot] awesome3 (Red)
Thu Apr 17 18:22:37 2025 [Global] Jamal (Blue): All my homies are dead or in jail
Thu Apr 17 18:22:39 2025 export (Red) [Headshot] Eri (Blue)
Thu Apr 17 18:22:43 2025 S R X (Blue) [Fall]
Thu Apr 17 18:22:43 2025 [Global] capibara (Red): fr?
Thu Apr 17 18:22:44 2025 [Global] solingen (Red): ok tupac
Thu Apr 17 18:22:49 2025 descloux (Red) [SMG] Jamal (Blue)
Thu Apr 17 18:22:49 2025 AI_play_test.v1 (Blue) [Rifle] export (Red)
Thu Apr 17 18:22:50 2025 [Global] a coffin (Red): jamal stop jailing and killing your homies, it's rude
Thu Apr 17 18:22:52 2025 capibara (Red) [Headshot] Bizonho (Blue)
Thu Apr 17 18:22:57 2025 [Global] solingen (Red): 100
Thu Apr 17 18:22:58 2025 [Global] OJELS! (Red): all my homies selling that crystal methamphatmine
Thu Apr 17 18:22:58 2025 capibara (Red) [Headshot] GD (Blue)
Thu Apr 17 18:22:59 2025 descloux (Red) [SMG] S R X (Blue)
Thu Apr 17 18:23:01 2025  stonked has reached 1000 blocks placed! /heaven unlocked.
Thu Apr 17 18:23:04 2025 descloux (Red) [Melee] Eri (Blue)
Thu Apr 17 18:23:05 2025 descloux (Red) [Melee] S R X (Blue)
Thu Apr 17 18:23:09 2025  This server runs imger and glow. Use /IMG or /GLOW to toggle them.
Thu Apr 17 18:23:11 2025 Mash REZA (Red) [Headshot] schism (Blue)
Thu Apr 17 18:23:11 2025 descloux (Red) [Melee] Bizonho (Blue)
Thu Apr 17 18:23:12 2025 GD (Blue) [Rifle] capibara (Red)
Thu Apr 17 18:23:14 2025 a coffin (Red) [Headshot] GD (Blue)
Thu Apr 17 18:23:15 2025 S R X (Blue) [SMG] Mash REZA (Red)
Thu Apr 17 18:23:18 2025 [Global] Mash REZA (Red): oooooooh
Thu Apr 17 18:23:19 2025 King of Buildin (Red) [Headshot] Patum Peperium (Blue)
Thu Apr 17 18:23:21 2025 a coffin (Red) [Melee] Harry (Blue)
Thu Apr 17 18:23:21 2025 [Global] Jamal (Blue): I can't, I'm stuck with the hood mentallty and so cannot improve my life
Thu Apr 17 18:23:22 2025 descloux (Red) [Melee] cyanpencil (Blue)
Thu Apr 17 18:23:24 2025 ZIA (Red) [Headshot] jordgubbe (Blue)
Thu Apr 17 18:23:25 2025 descloux (Red) [Melee] Anache (Blue)
Thu Apr 17 18:23:25 2025 [Global] Mash REZA (Red): 10 vs 1 XD
Thu Apr 17 18:23:26 2025 descloux (Red) [Melee] Pene aereo (Blue)
Thu Apr 17 18:23:26 2025 Player GD has left
Thu Apr 17 18:23:30 2025 ZIA (Red) [Rifle] Bizonho (Blue)
Thu Apr 17 18:23:31 2025 You must be closer to the enemy's base to shoot blocks!
Thu Apr 17 18:23:35 2025 awesome3 (Red) [Headshot] Jamal (Blue)
Thu Apr 17 18:23:36 2025 cyanpencil (Blue) [Headshot] descloux (Red)
Thu Apr 17 18:23:38 2025 [Global] Marshmello (Red): yes!
Thu Apr 17 18:23:38 2025 [Global] capibara (Red): why cant u leave THE HOOD?
Thu Apr 17 18:23:44 2025 Marshmello (Red) [Grenade] Eri (Blue)
Thu Apr 17 18:23:45 2025 awesome3 (Red) [Headshot] S R X (Blue)
Thu Apr 17 18:23:47 2025 jordgubbe (Blue) [Headshot] awesome3 (Red)
Thu Apr 17 18:23:48 2025 OJELS! (Red) [Headshot] schism (Blue)
Thu Apr 17 18:23:49 2025 King of Buildin (Red) [Headshot] Bizonho (Blue)
Thu Apr 17 18:23:51 2025 [Global] descloux (Red): :D
Thu Apr 17 18:23:51 2025 King of Buildin (Red) [SMG] Pene aereo (Blue)
Thu Apr 17 18:23:53 2025 King of Buildin (Red) [Headshot] Patum Peperium (Blue)
Thu Apr 17 18:23:53 2025 [Global] Jamal (Blue): I can, but not really
Thu Apr 17 18:23:54 2025 Harry (Blue) [Headshot] a coffin (Red)
Thu Apr 17 18:23:56 2025 [Global] descloux (Red): shovel is best weapon
Thu Apr 17 18:23:56 2025 Anache (Blue) [SMG] OJELS! (Red)
Thu Apr 17 18:24:00 2025 vivian<3 (Red) [SMG] cyanpencil (Blue)
Thu Apr 17 18:24:01 2025 AI_play_test.v1 (Blue) [Headshot] awesome3 (Red)
Thu Apr 17 18:24:03 2025 Eri (Blue) [Rifle] vivian<3 (Red)
Thu Apr 17 18:24:03 2025 King of Buildin (Red) [SMG] Patum Peperium (Blue)
Thu Apr 17 18:24:05 2025 King of Buildin (Red) [Headshot] Pene aereo (Blue)
Thu Apr 17 18:24:08 2025 Mash REZA (Red) [Headshot] Bizonho (Blue)
Thu Apr 17 18:24:09 2025  Use /EMOTE to draw an emote on the map!
Thu Apr 17 18:24:09 2025 ^w^ (Red) [Headshot] S R X (Blue)
Thu Apr 17 18:24:10 2025 Mash REZA (Red) [Headshot] schism (Blue)
Thu Apr 17 18:24:11 2025 AI_play_test.v1 (Blue) [Headshot] ^w^ (Red)
Thu Apr 17 18:24:13 2025 AI_play_test.v1 (Blue) [Headshot] a coffin (Red)
Thu Apr 17 18:24:14 2025 [Global] Jamal (Blue): You can take an N word out the hood, but you can't take the hood out the N word 
Thu Apr 17 18:24:15 2025 [Global] Patum Peperium (Blue): kill thenm all
Thu Apr 17 18:24:15 2025 Mash REZA (Red) [Headshot] cyanpencil (Blue)
Thu Apr 17 18:24:15 2025 King of Buildin (Red) [Headshot] schism (Blue)
Thu Apr 17 18:24:16 2025 S R X (Blue) [SMG] Mash REZA (Red)
Thu Apr 17 18:24:17 2025 ZIA (Red) [Headshot] jordgubbe (Blue)
Thu Apr 17 18:24:18 2025 King of Buildin (Red) [Headshot] Jamal (Blue)
Thu Apr 17 18:24:19 2025 Mei joined Blue team
Thu Apr 17 18:24:19 2025 King of Buildin (Red) [Headshot] Bizonho (Blue)
Thu Apr 17 18:24:20 2025 Eri (Blue) [Fall]
Thu Apr 17 18:24:24 2025 descloux (Red) [Grenade] S R X (Blue)
Thu Apr 17 18:24:26 2025 capibara (Red) [Headshot] Harry (Blue)
Thu Apr 17 18:24:26 2025 Anache (Blue) [Grenade] Marshmello (Red)
Thu Apr 17 18:24:27 2025 King of Buildin (Red) [SMG] Patum Peperium (Blue)
Thu Apr 17 18:24:27 2025 jordgubbe (Blue) [Headshot] King of Buildin (Red)
Thu Apr 17 18:24:28 2025 [Global] Marshmello (Red): nicee
Thu Apr 17 18:24:29 2025 Bizonho (Blue) [Headshot] descloux (Red)
Thu Apr 17 18:24:34 2025 export (Red) [SMG] Eri (Blue)
Thu Apr 17 18:24:35 2025 Kiril joined Blue team
Thu Apr 17 18:24:35 2025 cyanpencil (Blue) [Headshot] export (Red)
Thu Apr 17 18:24:37 2025 YEI joined Blue team
Thu Apr 17 18:24:37 2025 capibara (Red) [SMG] Bizonho (Blue)
Thu Apr 17 18:24:39 2025 capibara (Red) [SMG] Jamal (Blue)
Thu Apr 17 18:24:46 2025 MR (Red) [Headshot] jordgubbe (Blue)
Thu Apr 17 18:24:47 2025 cyanpencil (Blue) [Headshot] ZIA (Red)
Thu Apr 17 18:24:50 2025 solingen (Red) [Grenade] Harry (Blue)
Thu Apr 17 18:24:51 2025 AI_play_test.v1 (Blue) [Headshot] export (Red)
Thu Apr 17 18:24:52 2025 [Global] Marshmello (Red): export is griefing
Thu Apr 17 18:24:55 2025 solingen picked up Blue's Intel.
Thu Apr 17 18:24:55 2025 [Global] capibara (Red): my mental issues prevent tribal mind
Thu Apr 17 18:24:59 2025 [Global] Marshmello (Red): joke :P
Thu Apr 17 18:24:59 2025 Patum Peperium (Blue) [Headshot] stonked (Red)
Thu Apr 17 18:25:00 2025 jordgubbe (Blue) [Melee] MR (Red)
Thu Apr 17 18:25:01 2025 descloux (Red) [Headshot] Kiril (Blue)
Thu Apr 17 18:25:01 2025 jordgubbe (Blue) [Melee] vivian<3 (Red)
Thu Apr 17 18:25:02 2025 awesome3 (Red) [Fall]
Thu Apr 17 18:25:04 2025 Harry (Blue) [Headshot] Mash REZA (Red)
Thu Apr 17 18:25:06 2025 capibara (Red) [Headshot] Jamal (Blue)
Thu Apr 17 18:25:06 2025 a coffin (Red) [Headshot] schism (Blue)
Thu Apr 17 18:25:08 2025 capibara (Red) [SMG] Patum Peperium (Blue)
Thu Apr 17 18:25:09 2025  Use /HEAVEN to paint the babel platform!
Thu Apr 17 18:25:09 2025 [Global] export (Red): D:
Thu Apr 17 18:25:10 2025 jordgubbe (Blue) [Headshot] a coffin (Red)
Thu Apr 17 18:25:12 2025 descloux (Red) [SMG] Mei (Blue)
Thu Apr 17 18:25:12 2025 ^w^ (Red) [Headshot] jordgubbe (Blue)
Thu Apr 17 18:25:14 2025 solingen captured Blue's Intel.
Thu Apr 17 18:25:15 2025 Harry (Blue) [Headshot] descloux (Red)
Thu Apr 17 18:25:16 2025 ^w^ (Red) [Headshot] cyanpencil (Blue)
Thu Apr 17 18:25:19 2025 [Global] Mash REZA (Red): 000
Thu Apr 17 18:25:19 2025 [Global] Jamal (Blue): Tribalism is in our DNA
Thu Apr 17 18:25:20 2025 S R X (Blue) [Fall]
Thu Apr 17 18:25:22 2025 AI_play_test.v1 (Blue) [Headshot] export (Red)
Thu Apr 17 18:25:25 2025 capibara (Red) [SMG] Anache (Blue)
Thu Apr 17 18:25:27 2025 AI_play_test.v1 (Blue) [Headshot] King of Buildin (Red)
Thu Apr 17 18:25:27 2025 ZIA (Red) [Rifle] AI_play_test.v1 (Blue)
Thu Apr 17 18:25:29 2025 ^w^ (Red) [Headshot] Harry (Blue)
Thu Apr 17 18:25:29 2025 OJELS! (Red) [Headshot] Jamal (Blue)
Thu Apr 17 18:25:31 2025 [Global] Marshmello (Red): i hate tribalism to the core
Thu Apr 17 18:25:38 2025 jordgubbe (Blue) [Grenade]
Thu Apr 17 18:25:39 2025 ^w^ (Red) [Rifle] Eri (Blue)
Thu Apr 17 18:25:43 2025 ^w^ (Red) [Headshot] Anache (Blue)
Thu Apr 17 18:25:44 2025 descloux (Red) [Headshot] Kiril (Blue)
Thu Apr 17 18:25:45 2025 Pene aereo (Blue) [Fall]
Thu Apr 17 18:25:47 2025 Harry (Blue) [Headshot] ^w^ (Red)
Thu Apr 17 18:25:50 2025 [Global] a coffin (Red): I hate all tribalists
Thu Apr 17 18:25:50 2025 capibara (Red) [Headshot] schism (Blue)
Thu Apr 17 18:25:50 2025 S R X (Blue) [Fall]
Thu Apr 17 18:25:51 2025 Bizonho (Blue) [SMG] stonked (Red)
Thu Apr 17 18:25:51 2025 jordgubbe (Blue) [Rifle] capibara (Red)
Thu Apr 17 18:25:51 2025 a coffin (Red) [Headshot] Mei (Blue)
Thu Apr 17 18:25:52 2025 AI_play_test.v1 (Blue) [Headshot] a coffin (Red)
Thu Apr 17 18:25:53 2025 Player gui has left
Thu Apr 17 18:26:02 2025 descloux (Red) [SMG] Pene aereo (Blue)
Thu Apr 17 18:26:03 2025 jordgubbe (Blue) [Grenade] OJELS! (Red)
Thu Apr 17 18:26:06 2025 [Global] a coffin (Red): I also have a very limited understanding of set theory
Thu Apr 17 18:26:07 2025 descloux (Red) [SMG] Mei (Blue)
Thu Apr 17 18:26:08 2025 gui joined Blue team
Thu Apr 17 18:26:09 2025  Get a 20 killstreak and 1 intel capture(s) to unlock /APOC!
Thu Apr 17 18:26:11 2025 descloux (Red) [Headshot] Jamal (Blue)
Thu Apr 17 18:26:11 2025 descloux (Red) [Headshot] YEI (Blue)
Thu Apr 17 18:26:12 2025 Bizonho (Blue) [Headshot] King of Buildin (Red)
Thu Apr 17 18:26:12 2025 gui (Blue) [Team Change]
Thu Apr 17 18:26:12 2025 jordgubbe (Blue) [Headshot] solingen (Red)
Thu Apr 17 18:26:13 2025 Mei (Blue) [SMG] descloux (Red)
Thu Apr 17 18:26:13 2025 AI_play_test.v1 (Blue) [Headshot] a coffin (Red)
Thu Apr 17 18:26:14 2025 [Global] Jamal (Blue): We all want a sense of belonging and a feeling of safety by being part of a tribe (any group)
Thu Apr 17 18:26:14 2025 AI_play_test.v1 (Blue) [Headshot] ^w^ (Red)
Thu Apr 17 18:26:16 2025 stonked (Red) [Headshot] Patum Peperium (Blue)
Thu Apr 17 18:26:17 2025 AI_play_test.v1 (Blue) [Headshot] stonked (Red)
Thu Apr 17 18:26:18 2025 [Global] Mash REZA (Red): But Arabs are and will always be tribal.
Thu Apr 17 18:26:20 2025 export (Red) [SMG] Bizonho (Blue)
Thu Apr 17 18:26:21 2025 vivian<3 (Red) [Headshot] jordgubbe (Blue)
Thu Apr 17 18:26:21 2025 [Global] solingen (Red): my tribe better
Thu Apr 17 18:26:23 2025 cyanpencil (Blue) [Rifle] export (Red)
Thu Apr 17 18:26:23 2025 [Global] Marshmello (Red): come in
Thu Apr 17 18:26:24 2025 gui joined Red team
Thu Apr 17 18:26:25 2025 OJELS! (Red) [SMG] AI_play_test.v1 (Blue)
Thu Apr 17 18:26:29 2025 Mei (Blue) [Headshot] awesome3 (Red)
Thu Apr 17 18:26:32 2025 vivian<3 (Red) [SMG] S R X (Blue)
Thu Apr 17 18:26:35 2025 Bizonho (Blue) [SMG] vivian<3 (Red)
Thu Apr 17 18:26:42 2025 Harry (Blue) [Headshot] Mash REZA (Red)
Thu Apr 17 18:26:43 2025 capibara (Red) [Headshot] Harry (Blue)
Thu Apr 17 18:26:47 2025 [Global] OJELS! (Red): why is tribalism so bad?
Thu Apr 17 18:26:49 2025 descloux (Red) [Headshot] Kiril (Blue)
Thu Apr 17 18:26:49 2025 jordgubbe (Blue) [Melee] Marshmello (Red)
Thu Apr 17 18:26:51 2025 a coffin (Red) [Headshot] Mei (Blue)
Thu Apr 17 18:26:51 2025 capibara (Red) [SMG] Pene aereo (Blue)
Thu Apr 17 18:26:58 2025 King of Buildin (Red) [Headshot] Bizonho (Blue)
Thu Apr 17 18:26:59 2025 cyanpencil (Blue) [Headshot] export (Red)
Thu Apr 17 18:27:01 2025 AI_play_test.v1 (Blue) [Headshot] stonked (Red)
Thu Apr 17 18:27:02 2025 AI_play_test.v1 (Blue) [Headshot] a coffin (Red)
Thu Apr 17 18:27:02 2025 descloux (Red) [Headshot] Harry (Blue)
Thu Apr 17 18:27:02 2025 Pene aereo (Blue) [Shotgun] descloux (Red)
Thu Apr 17 18:27:03 2025 AI_play_test.v1 (Blue) [Headshot] King of Buildin (Red)
Thu Apr 17 18:27:07 2025 solingen picked up Blue's Intel.
Thu Apr 17 18:27:07 2025 capibara (Red) [SMG] Pene aereo (Blue)
Thu Apr 17 18:27:07 2025 AI_play_test.v1 (Blue) [Headshot] OJELS! (Red)
Thu Apr 17 18:27:07 2025 solingen dropped Blue's Intel
Thu Apr 17 18:27:07 2025 Anache (Blue) [SMG] solingen (Red)
Thu Apr 17 18:27:08 2025 [Global] Marshmello (Red): because it is bad, but it is inevitable
Thu Apr 17 18:27:08 2025 AI_play_test.v1 (Blue) [Headshot] capibara (Red)
Thu Apr 17 18:27:09 2025  Capture your team's 5th intel to unlock /APOC for your team's best builder!
Thu Apr 17 18:27:11 2025 S R X (Blue) [Fall]
Thu Apr 17 18:27:14 2025 [Global] Mash REZA (Red): It's not always bad, it's about the rituals and customs of the past that still remain.
Thu Apr 17 18:27:19 2025 Eri (Blue) [Headshot] Mash REZA (Red)
Thu Apr 17 18:27:20 2025 capibara (Red) [SMG] Eri (Blue)
Thu Apr 17 18:27:21 2025 [Global] Marshmello (Red): people will always be in groups
Thu Apr 17 18:27:26 2025 cyanpencil (Blue) [Rifle] export (Red)
Thu Apr 17 18:27:30 2025 AI_play_test.v1 (Blue) [Headshot] descloux (Red)
Thu Apr 17 18:27:31 2025 ZIA (Red) [Headshot] Kiril (Blue)
Thu Apr 17 18:27:33 2025 [Global] Mash REZA (Red): yes
Thu Apr 17 18:27:35 2025 capibara (Red) [Headshot] cyanpencil (Blue)
Thu Apr 17 18:27:35 2025 Mei (Blue) [SMG] ZIA (Red)
Thu Apr 17 18:27:35 2025 [Global] OJELS! (Red): what rituals and customs
Thu Apr 17 18:27:36 2025 King of Buildin (Red) [Headshot] Jamal (Blue)
Thu Apr 17 18:27:37 2025 AI_play_test.v1 (Blue) [Headshot] stonked (Red)
Thu Apr 17 18:27:37 2025 Mei (Blue) [Headshot] awesome3 (Red)
Thu Apr 17 18:27:37 2025  MR was kicked: Rapid hack detected
Thu Apr 17 18:27:37 2025 Player MR has left
Thu Apr 17 18:27:40 2025 Harry (Blue) [Fall]
Thu Apr 17 18:27:41 2025 Mei (Blue) [SMG] vivian<3 (Red)
Thu Apr 17 18:27:48 2025 [Global] gui (Red): mr hacking?!??!?!?!?! he is a regular
Thu Apr 17 18:27:48 2025 King of Buildin (Red) [Headshot] S R X (Blue)
Thu Apr 17 18:27:48 2025 cyanpencil (Blue) [Team Change]
Thu Apr 17 18:27:49 2025 AI_play_test.v1 (Blue) [Headshot] King of Buildin (Red)
Thu Apr 17 18:27:51 2025 MR joined Blue team
Thu Apr 17 18:27:52 2025 a coffin (Red) [Headshot] YEI (Blue)
Thu Apr 17 18:27:53 2025 [Global] not a burner (): regular lag
Thu Apr 17 18:27:53 2025 Pene aereo (Blue) [Shotgun] Mash REZA (Red)
Thu Apr 17 18:27:57 2025 solingen (Red) [Grenade] Harry (Blue)
Thu Apr 17 18:27:57 2025 MR (Blue) [Team Change]
Thu Apr 17 18:27:58 2025 solingen picked up Blue's Intel.
Thu Apr 17 18:27:58 2025 Anache (Blue) [Fall]
Thu Apr 17 18:28:00 2025 cyanpencil joined Red team
Thu Apr 17 18:28:00 2025 MR joined Red team
Thu Apr 17 18:28:02 2025 descloux (Red) [SMG] Pene aereo (Blue)
Thu Apr 17 18:28:02 2025 export (Red) [SMG] Bizonho (Blue)
Thu Apr 17 18:28:03 2025 a coffin (Red) [Headshot] Jamal (Blue)
Thu Apr 17 18:28:03 2025 Harry (Blue) [Headshot] export (Red)
Thu Apr 17 18:28:05 2025 solingen dropped Blue's Intel
Thu Apr 17 18:28:05 2025  The intel has returned to the heavens
Thu Apr 17 18:28:05 2025 AI_play_test.v1 (Blue) [Headshot] solingen (Red)
Thu Apr 17 18:28:07 2025 AI_play_test.v1 (Blue) [Headshot] a coffin (Red)
Thu Apr 17 18:28:09 2025  Mahalo for playing aloha.pk tower of babel
Thu Apr 17 18:28:11 2025 AI_play_test.v1 (Blue) [Headshot] MR (Red)
Thu Apr 17 18:28:13 2025 OJELS! picked up Blue's Intel.
Thu Apr 17 18:28:15 2025 awesome3 (Red) [Headshot] jordgubbe (Blue)
Thu Apr 17 18:28:16 2025 capibara (Red) [Headshot] Eri (Blue)
Thu Apr 17 18:28:23 2025 AI_play_test.v1 (Blue) [Headshot] stonked (Red)
Thu Apr 17 18:28:24 2025 OJELS! dropped Blue's Intel
Thu Apr 17 18:28:24 2025  The intel has returned to the heavens
Thu Apr 17 18:28:24 2025 AI_play_test.v1 (Blue) [Headshot] OJELS! (Red)
Thu Apr 17 18:28:24 2025 Mei (Blue) [Headshot] descloux (Red)
Thu Apr 17 18:28:25 2025 AI_play_test.v1 (Blue) [Headshot] gui (Red)
Thu Apr 17 18:28:26 2025 capibara (Red) [Headshot] Patum Peperium (Blue)
Thu Apr 17 18:28:27 2025 King of Buildin (Red) [Headshot] Jamal (Blue)
Thu Apr 17 18:28:28 2025 [Global] a coffin (Red): did u guys know that one million years ago Jesus died for the sins of the AoS chat?
Thu Apr 17 18:28:33 2025 [Global] Mash REZA (Red): Well, goodbye, everyone, good night.
Thu Apr 17 18:28:33 2025 jordgubbe (Blue) [Fall]
Thu Apr 17 18:28:33 2025 Harry (Blue) [Headshot] vivian<3 (Red)
Thu Apr 17 18:28:38 2025 AI_play_test.v1 (Blue) [Headshot] export (Red)
Thu Apr 17 18:28:38 2025 [Global] capibara (Red): oh my GOD
Thu Apr 17 18:28:39 2025 [Global] OJELS! (Red): steam AoS was better
Thu Apr 17 18:28:39 2025 [Global] Jamal (Blue): Did he?
Thu Apr 17 18:28:41 2025 Harry (Blue) [Rifle] ZIA (Red)
Thu Apr 17 18:28:42 2025 Mei (Blue) [Headshot] Marshmello (Red)
Thu Apr 17 18:28:42 2025 stonked (Red) [Headshot] AI_play_test.v1 (Blue)
Thu Apr 17 18:28:42 2025 cyanpencil (Red) [Rifle] S R X (Blue)
Thu Apr 17 18:28:43 2025 Harry (Blue) [Headshot] cyanpencil (Red)
Thu Apr 17 18:28:43 2025 Eri (Blue) [Fall]
Thu Apr 17 18:28:44 2025 Player Mash REZA has left
Thu Apr 17 18:28:45 2025 [Global] Marshmello (Red): cya
Thu Apr 17 18:28:45 2025 Kiril (Blue) [Fall]
Thu Apr 17 18:28:46 2025 Harry (Blue) [Rifle] stonked (Red)
Thu Apr 17 18:28:50 2025 capibara (Red) [SMG] Jamal (Blue)
Thu Apr 17 18:28:51 2025 Anache (Blue) [Grenade] King of Buildin (Red)
Thu Apr 17 18:28:51 2025 jordgubbe (Blue) [Headshot] awesome3 (Red)
Thu Apr 17 18:28:52 2025 capibara (Red) [Headshot] jordgubbe (Blue)
Thu Apr 17 18:28:55 2025 [Global] S R X (Blue): windows7 
Thu Apr 17 18:28:56 2025 MR (Red) [Headshot] Kiril (Blue)
Thu Apr 17 18:28:57 2025 Pene aereo (Blue) [Headshot] MR (Red)
Thu Apr 17 18:29:01 2025 Pene aereo (Blue) [Shotgun] vivian<3 (Red)
Thu Apr 17 18:29:02 2025 AI_play_test.v1 (Blue) [Headshot] a coffin (Red)
Thu Apr 17 18:29:09 2025 cyanpencil (Red) [Headshot] Pene aereo (Blue)
Thu Apr 17 18:29:09 2025 capibara (Red) [Headshot] jordgubbe (Blue)
Thu Apr 17 18:29:09 2025  Build a tower to get the enemy's intel. Take it to your team's tent to win!
Thu Apr 17 18:29:10 2025 AI_play_test.v1 (Blue) [Headshot] descloux (Red)
Thu Apr 17 18:29:10 2025 stonked (Red) [SMG] Harry (Blue)
Thu Apr 17 18:29:14 2025 solingen (Red) [Fall]
Thu Apr 17 18:29:16 2025 King of Buildin (Red) [Headshot] S R X (Blue)
Thu Apr 17 18:29:17 2025 Kiril (Blue) [Headshot] cyanpencil (Red)
Thu Apr 17 18:29:20 2025 capibara (Red) [Headshot] jordgubbe (Blue)
Thu Apr 17 18:29:21 2025 Harry (Blue) [Headshot] capibara (Red)
Thu Apr 17 18:29:22 2025 OJELS! picked up Blue's Intel.
Thu Apr 17 18:29:22 2025 AI_play_test.v1 (Blue) [Headshot] export (Red)
Thu Apr 17 18:29:24 2025 solingen (Red) [Weapon Change]
Thu Apr 17 18:29:25 2025 [Global] S R X (Blue): tattt
Thu Apr 17 18:29:27 2025 King of Buildin (Red) [SMG] Mei (Blue)
Thu Apr 17 18:29:28 2025 Harry (Blue) [Headshot] King of Buildin (Red)
Thu Apr 17 18:29:30 2025 Eri (Blue) [Fall]
Thu Apr 17 18:29:31 2025 OJELS! dropped Blue's Intel
Thu Apr 17 18:29:31 2025  The intel has returned to the heavens
Thu Apr 17 18:29:31 2025 AI_play_test.v1 (Blue) [Headshot] OJELS! (Red)
Thu Apr 17 18:29:31 2025 MR (Red) [Grenade] Anache (Blue)
Thu Apr 17 18:29:32 2025 Bizonho (Blue) [SMG] stonked (Red)
Thu Apr 17 18:29:33 2025 a coffin (Red) [Headshot] Harry (Blue)
Thu Apr 17 18:29:37 2025 export (Red) [Headshot] AI_play_test.v1 (Blue)
Thu Apr 17 18:29:37 2025 descloux (Red) [Melee] Kiril (Blue)
Thu Apr 17 18:29:37 2025 a coffin (Red) [Headshot] YEI (Blue)
Thu Apr 17 18:29:37 2025 Pene aereo (Blue) [Shotgun] descloux (Red)
Thu Apr 17 18:29:39 2025 Pene aereo (Blue) [Shotgun] Marshmello (Red)
Thu Apr 17 18:29:40 2025 Pene aereo (Blue) [Shotgun] vivian<3 (Red)
Thu Apr 17 18:29:40 2025 jordgubbe (Blue) [Headshot] a coffin (Red)
Thu Apr 17 18:29:42 2025 awesome3 picked up Blue's Intel.
Thu Apr 17 18:29:43 2025 jordgubbe (Blue) [Headshot] MR (Red)
Thu Apr 17 18:29:44 2025 awesome3 dropped Blue's Intel
Thu Apr 17 18:29:44 2025 Bizonho (Blue) [SMG] awesome3 (Red)
Thu Apr 17 18:29:45 2025 [Global] Jamal (Blue): Did you know in the 7th century Mohammed died for the sins Jeffrey Epstein and the 9/11 hijackers?
Thu Apr 17 18:29:45 2025 TimeMachineSex joined Spectator team
Thu Apr 17 18:29:46 2025 [Global] Marshmello (Red): shotgun i hate it
Thu Apr 17 18:29:50 2025 export (Red) [Headshot] Bizonho (Blue)
Thu Apr 17 18:29:52 2025 King of Buildin (Red) [Fall]
Thu Apr 17 18:29:53 2025 AI_play_test.v1 (Blue) [Headshot] capibara (Red)
Thu Apr 17 18:29:53 2025 ZIA (Red) [Headshot] Harry (Blue)
Thu Apr 17 18:29:54 2025 export picked up Blue's Intel.
Thu Apr 17 18:29:58 2025 Pene aereo (Blue) [Shotgun] vivian<3 (Red)
Thu Apr 17 18:29:59 2025 Pene aereo (Blue) [Shotgun] descloux (Red)
Thu Apr 17 18:30:00 2025 Marshmello (Red) [Grenade] Pene aereo (Blue)
Thu Apr 17 18:30:01 2025 [Global] a coffin (Red): jamal best historian in chat
Thu Apr 17 18:30:09 2025  Type /HELP for info & commands
Thu Apr 17 18:30:11 2025 Jamal (Blue) [Headshot] a coffin (Red)
Thu Apr 17 18:30:11 2025 Kiril (Blue) [Rifle] Marshmello (Red)
Thu Apr 17 18:30:11 2025 Harry (Blue) [Rifle] ZIA (Red)
Thu Apr 17 18:30:12 2025 export captured Blue's Intel.
Thu Apr 17 18:30:14 2025 vivian<3 (Red) [SMG] Kiril (Blue)
Thu Apr 17 18:30:14 2025 Anache (Blue) [Headshot] stonked (Red)
Thu Apr 17 18:30:17 2025 OJELS! picked up Blue's Intel.
Thu Apr 17 18:30:17 2025 AI_play_test.v1 (Blue) [Headshot] capibara (Red)
Thu Apr 17 18:30:22 2025 cyanpencil (Red) [Headshot] Anache (Blue)
Thu Apr 17 18:30:24 2025 [Global] capibara (Red): TUNNEL GAYS
Thu Apr 17 18:30:37 2025 cyanpencil (Red) [Headshot] Harry (Blue)
Thu Apr 17 18:30:40 2025 King of Buildin (Red) [Fall]
Thu Apr 17 18:30:41 2025 Pene aereo (Blue) [Shotgun] descloux (Red)
Thu Apr 17 18:30:42 2025 [Global] a coffin (Red): burner hax omg
Thu Apr 17 18:30:44 2025 capibara (Red) [SMG] Eri (Blue)
Thu Apr 17 18:30:45 2025 Bizonho (Blue) [Headshot] a coffin (Red)
Thu Apr 17 18:30:46 2025 vivian<3 (Red) [Headshot] Kiril (Blue)
Thu Apr 17 18:30:48 2025 Anache (Blue) [SMG] vivian<3 (Red)
Thu Apr 17 18:30:54 2025 export (Red) [Headshot] Bizonho (Blue)
Thu Apr 17 18:30:57 2025 capibara (Red) [Headshot] Mei (Blue)
Thu Apr 17 18:31:04 2025 OJELS! captured Blue's Intel.
Thu Apr 17 18:31:05 2025 export (Red) [Headshot] S R X (Blue)
Thu Apr 17 18:31:06 2025 jordgubbe (Blue) [Headshot] a coffin (Red)
Thu Apr 17 18:31:09 2025 solingen picked up Blue's Intel.
Thu Apr 17 18:31:09 2025  Visit our community forums at https://aloha.pk/
Thu Apr 17 18:31:10 2025 stonked (Red) [SMG] Harry (Blue)
Thu Apr 17 18:31:11 2025 ZIA (Red) [Rifle] Patum Peperium (Blue)
Thu Apr 17 18:31:12 2025 AI_play_test.v1 (Blue) [Headshot] King of Buildin (Red)
Thu Apr 17 18:31:15 2025 a coffin (Red) [Headshot] AI_play_test.v1 (Blue)
Thu Apr 17 18:31:15 2025 descloux (Red) [Headshot] Eri (Blue)
Thu Apr 17 18:31:17 2025 descloux (Red) [Headshot] Pene aereo (Blue)
Thu Apr 17 18:31:17 2025 jordgubbe (Blue) [Headshot] ^w^ (Red)
Thu Apr 17 18:31:18 2025 export (Red) [Headshot] Bizonho (Blue)
Thu Apr 17 18:31:19 2025 export (Red) [Headshot] Mei (Blue)
Thu Apr 17 18:31:21 2025 Kiril (Blue) [Rifle] descloux (Red)
Thu Apr 17 18:31:23 2025 export (Red) [Headshot] Anache (Blue)
Thu Apr 17 18:31:24 2025 vivian<3 (Red) [SMG] Kiril (Blue)
Thu Apr 17 18:31:27 2025 jordgubbe (Blue) [Headshot] a coffin (Red)
Thu Apr 17 18:31:27 2025 awesome3 (Red) [Headshot] Jamal (Blue)
Thu Apr 17 18:31:28 2025 solingen captured Blue's Intel.
Thu Apr 17 18:31:28 2025 Harry (Blue) [Headshot] export (Red)
Thu Apr 17 18:31:30 2025 OJELS! (Red) [Headshot] Eri (Blue)
Thu Apr 17 18:31:33 2025 vivian<3 (Red) [Headshot] Pene aereo (Blue)
Thu Apr 17 18:31:34 2025 You must be closer to the enemy's base to grenade blocks!
Thu Apr 17 18:31:35 2025 You must be closer to the enemy's base to grenade blocks!
Thu Apr 17 18:31:35 2025 Harry (Blue) [Rifle] stonked (Red)
Thu Apr 17 18:31:36 2025 You must be closer to the enemy's base to grenade blocks!
Thu Apr 17 18:31:36 2025 OJELS! (Red) [Headshot] Harry (Blue)
Thu Apr 17 18:31:41 2025 ZIA (Red) [Headshot] S R X (Blue)
Thu Apr 17 18:31:42 2025 AI_play_test.v1 (Blue) [Headshot] solingen (Red)
Thu Apr 17 18:31:43 2025 capibara (Red) [Headshot] Kiril (Blue)
Thu Apr 17 18:31:43 2025 AI_play_test.v1 (Blue) [Headshot] awesome3 (Red)
Thu Apr 17 18:31:44 2025 MR picked up Blue's Intel.
Thu Apr 17 18:31:44 2025 Mei (Blue) [SMG] OJELS! (Red)
Thu Apr 17 18:31:44 2025 capibara (Red) [Headshot] Pene aereo (Blue)
Thu Apr 17 18:31:45 2025 a coffin (Red) [Melee] jordgubbe (Blue)
Thu Apr 17 18:31:46 2025 capibara (Red) [Headshot] Patum Peperium (Blue)
Thu Apr 17 18:31:50 2025 Harry (Blue) [Headshot] vivian<3 (Red)
Thu Apr 17 18:31:51 2025 AI_play_test.v1 (Blue) [Headshot] ZIA (Red)
Thu Apr 17 18:31:51 2025 cyanpencil (Red) [Grenade] Harry (Blue)
Thu Apr 17 18:31:54 2025 capibara (Red) [SMG] Patum Peperium (Blue)
Thu Apr 17 18:31:56 2025 [Global] ^w^ (Red): red stairs so big we be gettin lost in this bitch
Thu Apr 17 18:32:02 2025  With 2367 blocks placed, King of Buildin is granted the right to unleash the apocalypse.
Thu Apr 17 18:32:02 2025 MR captured Blue's Intel.
Thu Apr 17 18:32:05 2025 Jamal (Blue) [SMG] capibara (Red)
Thu Apr 17 18:32:07 2025 Player Kiril has left
Thu Apr 17 18:32:08 2025 jordgubbe (Blue) [Headshot] export (Red)
Thu Apr 17 18:32:09 2025  Come chat with us at https://discord.aloha.pk/
Thu Apr 17 18:32:11 2025 [Global] capibara (Red): apoc
Thu Apr 17 18:32:15 2025 OJELS! (Red) [Headshot] AI_play_test.v1 (Blue)
Thu Apr 17 18:32:17 2025 [Global] descloux (Red): was it the king who made the nightmare spawn?
Thu Apr 17 18:32:18 2025 MR picked up Blue's Intel.
Thu Apr 17 18:32:19 2025 Anache (Blue) [SMG] vivian<3 (Red)
Thu Apr 17 18:32:21 2025 ^w^ (Red) [Headshot] Jamal (Blue)
Thu Apr 17 18:32:21 2025 Player vivian<3 has left
Thu Apr 17 18:32:21 2025 [Global] capibara (Red): King of Buildin do /apoc
Thu Apr 17 18:32:22 2025 ^w^ (Red) [Headshot] Eri (Blue)
Thu Apr 17 18:32:24 2025 cyanpencil (Red) [Headshot] Harry (Blue)
Thu Apr 17 18:32:27 2025 AI_play_test.v1 (Blue) [Fall]
Thu Apr 17 18:32:27 2025 export (Red) [Headshot] jordgubbe (Blue)
Thu Apr 17 18:32:28 2025  King of Buildin has unleashed an apocalypse from God.
Thu Apr 17 18:32:28 2025 Bizonho (Blue) [Rifle] stonked (Red)
Thu Apr 17 18:32:29 2025 cyanpencil (Red) [Headshot] Mei (Blue)
Thu Apr 17 18:32:30 2025  The apocalypse begins in 5
Thu Apr 17 18:32:30 2025 [Global] capibara (Red): thnx\
Thu Apr 17 18:32:31 2025 Disconnecting
