Wed Feb  5 10:15:43 2025 ------ World Loaded ------
Wed Feb  5 10:15:43 2025 Welcome to aloha.pk tower of babel
Wed Feb  5 10:15:44 2025 PaskaJaakko dropped Blue's Intel
Wed Feb  5 10:15:44 2025 Qult--- (Blue) [Headshot] PaskaJaakko (Red)
Wed Feb  5 10:15:44 2025 Map: Royal Parade 2 by Qult---
Wed Feb  5 10:15:46 2025 PaskaJaakko (Red) [Fall]
Wed Feb  5 10:15:46 2025 Game mode: babel
Wed Feb  5 10:15:48 2025 Build a tower to get the enemy's intel. Take it to your team's tent to win!
Wed Feb  5 10:15:50 2025 [Global] Router (Red): hi harry
Wed Feb  5 10:15:50 2025 Visit our community forum at https://aloha.pk/
Wed Feb  5 10:15:52 2025 Come chat with us at https://discord.aloha.pk/
Wed Feb  5 10:15:55 2025 Harry (Blue) [Headshot] Router (Red)
Wed Feb  5 10:15:59 2025 Lenny Hawk picked up Blue's Intel.
Wed Feb  5 10:16:00 2025 RulonOboev joined Blue team
Wed Feb  5 10:16:11 2025 DE (Blue) [Shotgun] Router (Red)
Wed Feb  5 10:16:11 2025 Reporauno (Red) [Headshot] DE (Blue)
Wed Feb  5 10:16:16 2025 Tiger (Red) [SMG] |\\STALKER//| (Blue)
Wed Feb  5 10:16:18 2025 Reporauno (Red) [SMG] Khattilainen (Blue)
Wed Feb  5 10:16:21 2025  If you believe a player is breaking the rules, please let us know with /ADMIN
Wed Feb  5 10:16:28 2025 Lenny Hawk captured Blue's Intel.
Wed Feb  5 10:16:29 2025 [Global] DE (Blue): ill be back
Wed Feb  5 10:16:31 2025 PaskaJaakko (Red) [Headshot] DE (Blue)
Wed Feb  5 10:16:31 2025 Player DE has left
Wed Feb  5 10:16:34 2025 Reporauno (Red) [Headshot] |\\STALKER//| (Blue)
Wed Feb  5 10:16:35 2025 gui244 joined Blue team
Wed Feb  5 10:16:44 2025 Router (Red) [Headshot] RulonOboev (Blue)
Wed Feb  5 10:16:45 2025 Tiger (Red) [Headshot] Harry (Blue)
Wed Feb  5 10:16:51 2025 PaskaJaakko picked up Blue's Intel.
Wed Feb  5 10:16:56 2025 gui244 (Blue) [Headshot] Router (Red)
Wed Feb  5 10:16:58 2025 HurryUpTomorrow (Blue) [Fall]
Wed Feb  5 10:17:01 2025 PaskaJaakko (Red) [Headshot] gui244 (Blue)
Wed Feb  5 10:17:03 2025 PaskaJaakko (Red) [Headshot] Harry (Blue)
Wed Feb  5 10:17:12 2025 liberal joined Red team
Wed Feb  5 10:17:12 2025 Qult--- (Blue) [Headshot] Reporauno (Red)
Wed Feb  5 10:17:14 2025 Qult--- (Blue) [Headshot] Router (Red)
Wed Feb  5 10:17:17 2025 PaskaJaakko (Red) [Rifle] gui244 (Blue)
Wed Feb  5 10:17:21 2025  This server runs imger and glow. Use /IMG or /GLOW to toggle them.
Wed Feb  5 10:17:22 2025 PaskaJaakko dropped Blue's Intel
Wed Feb  5 10:17:22 2025 Harry (Blue) [Headshot] PaskaJaakko (Red)
Wed Feb  5 10:17:27 2025 Lenny Hawk picked up Blue's Intel.
Wed Feb  5 10:17:34 2025 Router (Red) [Headshot] Qult--- (Blue)
Wed Feb  5 10:17:36 2025 Ribbed4Pleasure joined Spectator team
Wed Feb  5 10:17:36 2025 PaskaJaakko (Red) [Rifle] HurryUpTomorrow (Blue)
Wed Feb  5 10:17:39 2025 Player HurryUpTomorrow has left
Wed Feb  5 10:17:45 2025 |\\STALKER//| (Blue) [Headshot] Reporauno (Red)
Wed Feb  5 10:17:50 2025 Tiger (Red) [Headshot] gui244 (Blue)
Wed Feb  5 10:17:56 2025 |\\STALKER//| (Blue) [Headshot] Reporauno (Red)
Wed Feb  5 10:17:56 2025 RakoBanks (Blue) [Headshot] Router (Red)
Wed Feb  5 10:17:59 2025 Lenny Hawk captured Blue's Intel.
Wed Feb  5 10:18:07 2025 [Global] |\\STALKER//| (Blue): no way
Wed Feb  5 10:18:07 2025 Reporauno (Red) [Headshot] |\\STALKER//| (Blue)
Wed Feb  5 10:18:10 2025 [Global] |\\STALKER//| (Blue): NO WAY
Wed Feb  5 10:18:12 2025 Tiger (Red) [Headshot] gui244 (Blue)
Wed Feb  5 10:18:15 2025 PaskaJaakko (Red) [Headshot] RakoBanks (Blue)
Wed Feb  5 10:18:17 2025 [Global] |\\STALKER//| (Blue): HOW DID HE CAPTURE THE INTEL
Wed Feb  5 10:18:21 2025  Use /EMOTE to draw an emote on the map!
Wed Feb  5 10:18:22 2025 PaskaJaakko picked up Blue's Intel.
Wed Feb  5 10:18:24 2025 [Global] Ding (Red): rax
Wed Feb  5 10:18:24 2025 [Global] Reporauno (Red): i was a good distraction
Wed Feb  5 10:18:24 2025 [Global] Marshmello (Red): from buttom maybe
Wed Feb  5 10:18:28 2025 Tiger (Red) [SMG] RakoBanks (Blue)
Wed Feb  5 10:18:28 2025 Tiger (Red) [SMG] gui244 (Blue)
Wed Feb  5 10:18:29 2025 Qult--- (Blue) [Headshot] Marshmello (Red)
Wed Feb  5 10:18:31 2025 RakoBanks (Blue) [Headshot] Tiger (Red)
Wed Feb  5 10:18:32 2025 Ding (Red) [Headshot] ENTUSSIASMAO (Blue)
Wed Feb  5 10:18:34 2025 |\\STALKER//| (Blue) [Headshot] Router (Red)
Wed Feb  5 10:18:34 2025 Ding (Red) [SMG] gui244 (Blue)
Wed Feb  5 10:18:35 2025 liberal (Red) [SMG]
Wed Feb  5 10:18:36 2025 Reporauno (Red) [Headshot] |\\STALKER//| (Blue)
Wed Feb  5 10:18:38 2025 [Global] Router (Red): someone griefed i mean
Wed Feb  5 10:18:41 2025 PaskaJaakko (Red) [Rifle] RulonOboev (Blue)
Wed Feb  5 10:18:42 2025 Elprosaso joined Blue team
Wed Feb  5 10:18:45 2025 Qult--- (Blue) [Rifle] sago (Red)
Wed Feb  5 10:18:47 2025 PaskaJaakko (Red) [Headshot] |\\STALKER//| (Blue)
Wed Feb  5 10:18:48 2025 Reporauno (Red) [SMG] Qult--- (Blue)
Wed Feb  5 10:18:58 2025 Qult--- (Blue) [Headshot] Lenny Hawk (Red)
Wed Feb  5 10:19:00 2025 PaskaJaakko dropped Blue's Intel
Wed Feb  5 10:19:00 2025 Qult--- (Blue) [Headshot] PaskaJaakko (Red)
Wed Feb  5 10:19:07 2025 [Global] Lenny Hawk (Red): enjoy dog enemy
Wed Feb  5 10:19:11 2025 Reporauno picked up Blue's Intel.
Wed Feb  5 10:19:16 2025 [Global] Marshmello (Red): enjoy dog piss
Wed Feb  5 10:19:21 2025  Use /HEAVEN to paint the babel platform!
Wed Feb  5 10:19:22 2025 RulonOboev (Blue) [Weapon Change]
Wed Feb  5 10:19:22 2025 [Global] Reporauno (Red): cool heaven
Wed Feb  5 10:19:24 2025 [Global] RakoBanks (Blue): piss god
Wed Feb  5 10:19:24 2025 Harry (Blue) [Headshot] Router (Red)
Wed Feb  5 10:19:25 2025 [Global] Reporauno (Red): marshmello
Wed Feb  5 10:19:26 2025 [Global] Marshmello (Red): thnx
Wed Feb  5 10:19:36 2025 Ding (Red) [Headshot] RulonOboev (Blue)
Wed Feb  5 10:19:39 2025 Ding (Red) [Headshot] ENTUSSIASMAO (Blue)
Wed Feb  5 10:19:41 2025 [Global] Marshmello (Red): nope
Wed Feb  5 10:19:45 2025 Ding (Red) [Headshot] ENTUSSIASMAO (Blue)
Wed Feb  5 10:19:48 2025 Reporauno captured Blue's Intel.
Wed Feb  5 10:19:55 2025 Ding (Red) [Headshot] ENTUSSIASMAO (Blue)
Wed Feb  5 10:20:00 2025 PaskaJaakko (Red) [Headshot] RakoBanks (Blue)
Wed Feb  5 10:20:02 2025 Lenny Hawk (Red) [Rifle] RulonOboev (Blue)
Wed Feb  5 10:20:02 2025 Elprosaso (Blue) [Rifle] Router (Red)
Wed Feb  5 10:20:03 2025  gui244 was kicked: Rapid hack detected
Wed Feb  5 10:20:03 2025 Player gui244 has left
Wed Feb  5 10:20:05 2025 Player RulonOboev has left
Wed Feb  5 10:20:07 2025 [Global] Marshmello (Red): who griefed our stairs tho
Wed Feb  5 10:20:08 2025 Lenny Hawk (Red) [Headshot] Elprosaso (Blue)
Wed Feb  5 10:20:11 2025 Ding (Red) [Headshot] RakoBanks (Blue)
Wed Feb  5 10:20:13 2025 Tiger (Red) [Shotgun] Harry (Blue)
Wed Feb  5 10:20:18 2025 Reporauno picked up Blue's Intel.
Wed Feb  5 10:20:21 2025  Get a 20 killstreak and 1 intel capture(s) to unlock /APOC!
Wed Feb  5 10:20:21 2025 Harry (Blue) [Headshot] Ding (Red)
Wed Feb  5 10:20:27 2025 Harry (Blue) [Headshot] Tiger (Red)
Wed Feb  5 10:20:29 2025 Deuce joined Spectator team
Wed Feb  5 10:20:29 2025 Lenny Hawk (Red) [Rifle] Elprosaso (Blue)
Wed Feb  5 10:20:34 2025 [Global] Elprosaso (Blue): jsjsjs
Wed Feb  5 10:20:38 2025 [Global] Marshmello (Red): hey Deuce
Wed Feb  5 10:20:41 2025 [Global] Deuce (): hey Marsh'
Wed Feb  5 10:20:44 2025  PaskaJaakko is disabled from building
Wed Feb  5 10:20:47 2025 Player RakoBanks has left
Wed Feb  5 10:20:50 2025 [Global] Deuce (): lol
Wed Feb  5 10:20:50 2025 Player Ribbed4Pleasure has left
Wed Feb  5 10:20:54 2025  With 2575 blocks placed, Ding is granted the right to unleash the apocalypse.
Wed Feb  5 10:20:54 2025 Reporauno captured Blue's Intel.
Wed Feb  5 10:20:55 2025 PaskaJaakko (Red) [Headshot] Harry (Blue)
Wed Feb  5 10:20:57 2025 liberal (Red) [Melee] Khattilainen (Blue)
Wed Feb  5 10:20:57 2025 [Global] Elprosaso (Blue): quedate quieto bro no puedo dispararte
Wed Feb  5 10:20:58 2025 [Global] Marshmello (Red): hm
Wed Feb  5 10:21:00 2025 [Global] Router (Red): dding get apoc!?
Wed Feb  5 10:21:01 2025 [Global] Deuce (): Stalker, did u get the RPG Maker?
Wed Feb  5 10:21:02 2025 [Global] Router (Red): not marsh!?
Wed Feb  5 10:21:02 2025 [Global] Reporauno (Red): someone in red building like a retardw
Wed Feb  5 10:21:06 2025 Qult--- (Blue) [Rifle] Reporauno (Red)
Wed Feb  5 10:21:07 2025 Qult--- (Blue) [Headshot] sago (Red)
Wed Feb  5 10:21:08 2025 [Global] Ding (Red): i am champion
Wed Feb  5 10:21:10 2025 Lenny Hawk picked up Blue's Intel.
Wed Feb  5 10:21:11 2025 [Global] Router (Red): it was paskajaakaa
Wed Feb  5 10:21:12 2025 [Global] Reporauno (Red): blocked me in with the intel
Wed Feb  5 10:21:12 2025 Qult--- (Blue) [Headshot] Ding (Red)
Wed Feb  5 10:21:14 2025 Paintdog joined Blue team
Wed Feb  5 10:21:17 2025  Ding has unleashed an apocalypse from God.
Wed Feb  5 10:21:19 2025  The apocalypse begins in 5
Wed Feb  5 10:21:20 2025  The apocalypse begins in 4
Wed Feb  5 10:21:21 2025  The apocalypse begins in 3
Wed Feb  5 10:21:21 2025  Capture your team's 5th intel to unlock /APOC for your team's best builder!
Wed Feb  5 10:21:22 2025  The apocalypse begins in 2
Wed Feb  5 10:21:23 2025  The apocalypse begins in 1
Wed Feb  5 10:21:26 2025 Ding (Red) [Grenade] Paintdog (Blue)
Wed Feb  5 10:21:27 2025 Ding (Red) [Grenade] Harry (Blue)
Wed Feb  5 10:21:28 2025 Reporauno (Red) [Grenade]
Wed Feb  5 10:21:29 2025 Ding (Red) [Grenade] Harry (Blue)
Wed Feb  5 10:21:32 2025 Qult--- (Blue) [Headshot] Reporauno (Red)
Wed Feb  5 10:21:34 2025 mienmirage joined Blue team
Wed Feb  5 10:21:34 2025 Player ENTUSSIASMAO has left
Wed Feb  5 10:21:40 2025 Ding (Red) [Grenade] mienmirage (Blue)
Wed Feb  5 10:21:41 2025 Qult--- (Blue) [Headshot] Marshmello (Red)
Wed Feb  5 10:21:41 2025 Lenny Hawk captured Blue's Intel.
Wed Feb  5 10:21:41 2025  The apocalypse has ended.
Wed Feb  5 10:21:46 2025 mienmirage (Blue) [Headshot] Tiger (Red)
Wed Feb  5 10:21:50 2025 Qult--- (Blue) [Headshot] Marshmello (Red)
Wed Feb  5 10:21:51 2025 Qult--- (Blue) [Headshot] Reporauno (Red)
Wed Feb  5 10:21:55 2025 Reporauno (Red) [Headshot] |\\STALKER//| (Blue)
Wed Feb  5 10:21:57 2025 [Global] mienmirage (Blue): anyone up for arena?
Wed Feb  5 10:22:01 2025 Qult--- (Blue) [Headshot] Ding (Red)
Wed Feb  5 10:22:02 2025 [Global] Router (Red): no
Wed Feb  5 10:22:06 2025 Router (Red) [Headshot] Elprosaso (Blue)
Wed Feb  5 10:22:07 2025 [Global] |\\STALKER//| (Blue): how are they capturing without touching the tent
Wed Feb  5 10:22:07 2025 [Global] Lenny Hawk (Red): no
Wed Feb  5 10:22:07 2025 Qult--- (Blue) [Headshot] Reporauno (Red)
Wed Feb  5 10:22:11 2025 Lenny Hawk picked up Blue's Intel.
Wed Feb  5 10:22:13 2025 [Global] Router (Red): you can do that buddy
Wed Feb  5 10:22:15 2025 Qult--- (Blue) [Headshot] Marshmello (Red)
Wed Feb  5 10:22:18 2025 Qult--- (Blue) [Headshot] Marshmello (Red)
Wed Feb  5 10:22:19 2025 [Global] Router (Red): its like 2 blocks away from tent 
Wed Feb  5 10:22:19 2025 Deuce joined Blue team
Wed Feb  5 10:22:21 2025  Mahalo for playing aloha.pk tower of babel
Wed Feb  5 10:22:23 2025 Router (Red) [Headshot] Harry (Blue)
Wed Feb  5 10:22:24 2025 Qult--- (Blue) [Headshot] sago (Red)
Wed Feb  5 10:22:24 2025 [Global] mienmirage (Blue): fair enough ig
Wed Feb  5 10:22:24 2025 [Global] |\\STALKER//| (Blue): damn
Wed Feb  5 10:22:25 2025 Spaten0 (Red) [Headshot] Qult--- (Blue)
Wed Feb  5 10:22:31 2025 [Global] Router (Red): you can get intel from under the heaven too
Wed Feb  5 10:22:34 2025 Router (Red) [Headshot] mienmirage (Blue)
Wed Feb  5 10:22:35 2025 Player Deuce has left
Wed Feb  5 10:22:37 2025 Lenny Hawk captured Blue's Intel.
Wed Feb  5 10:22:38 2025 Deuce joined Blue team
Wed Feb  5 10:22:38 2025 Player mienmirage has left
Wed Feb  5 10:22:44 2025 [Global] Deuce (Blue): 2 seconds in blue and my client crashed
Wed Feb  5 10:22:45 2025 [Global] |\\STALKER//| (Blue): yes
Wed Feb  5 10:22:52 2025 [Global] |\\STALKER//| (Blue): hello deuce
Wed Feb  5 10:22:53 2025 Paintdog (Blue) [SMG] Reporauno (Red)
Wed Feb  5 10:22:57 2025 [Global] Deuce (Blue): hello Stalker
Wed Feb  5 10:22:57 2025 Harry (Blue) [Headshot] Tiger (Red)
Wed Feb  5 10:22:59 2025 [Global] Router (Red): thats why you join red duh
Wed Feb  5 10:23:04 2025 [Global] Lenny Hawk (Red): is than an american server?
Wed Feb  5 10:23:06 2025 [Global] Deuce (Blue): red won
Wed Feb  5 10:23:08 2025 Marshmello picked up Blue's Intel.
Wed Feb  5 10:23:14 2025 PaskaJaakko (Red) [Rifle] Harry (Blue)
Wed Feb  5 10:23:14 2025 Tiger (Red) [Headshot] Paintdog (Blue)
Wed Feb  5 10:23:17 2025 Player Paintdog has left
Wed Feb  5 10:23:18 2025 [Global] Deuce (Blue): yea, californian i guess
Wed Feb  5 10:23:20 2025 Lenny Hawk (Red) [Grenade] Harry (Blue)
Wed Feb  5 10:23:21 2025  Build a tower to get the enemy's intel. Take it to your team's tent to win!
Wed Feb  5 10:23:23 2025 Qult--- (Blue) [Rifle] Reporauno (Red)
Wed Feb  5 10:23:25 2025 Marshmello dropped Blue's Intel
Wed Feb  5 10:23:25 2025  The intel has returned to the heavens
Wed Feb  5 10:23:25 2025 |\\STALKER//| (Blue) [Headshot] Marshmello (Red)
Wed Feb  5 10:23:26 2025 Qult--- (Blue) [Headshot] Ding (Red)
Wed Feb  5 10:23:28 2025 Tiger (Red) [Headshot] Elprosaso (Blue)
Wed Feb  5 10:23:32 2025 [Global] Deuce (Blue): they changed their host 1 year ago
Wed Feb  5 10:23:32 2025 [Global] |\\STALKER//| (Blue): oopsie
Wed Feb  5 10:23:39 2025 [Global] Marshmello (Red): yes
Wed Feb  5 10:23:47 2025 [Global] Marshmello (Red): you can
Wed Feb  5 10:23:48 2025 Qult--- (Blue) [Headshot] Ding (Red)
Wed Feb  5 10:23:51 2025 [Global] Deuce (Blue): Qult, thats a cool map
Wed Feb  5 10:23:56 2025 Lenny Hawk picked up Blue's Intel.
Wed Feb  5 10:24:02 2025 Qult--- (Blue) [Headshot] Reporauno (Red)
Wed Feb  5 10:24:04 2025 [Global] Deuce (Blue): reminds me o the ol sauerkraut tdm
Wed Feb  5 10:24:09 2025 You must be closer to the enemy's base to shoot blocks!
Wed Feb  5 10:24:12 2025 sago (Red) [Fall]
Wed Feb  5 10:24:12 2025 Harry (Blue) [Headshot] Router (Red)
Wed Feb  5 10:24:13 2025 liberal (Red) [SMG] Harry (Blue)
Wed Feb  5 10:24:14 2025 Lenny Hawk (Red) [Headshot] |\\STALKER//| (Blue)
Wed Feb  5 10:24:18 2025 [Global] |\\STALKER//| (Blue): fuck you fuck blue
Wed Feb  5 10:24:19 2025 Player liberal has left
Wed Feb  5 10:24:20 2025 Harry (Blue) [Headshot] Marshmello (Red)
Wed Feb  5 10:24:21 2025  Type /HELP for info & commands
Wed Feb  5 10:24:23 2025 [Global] Deuce (Blue): :c
Wed Feb  5 10:24:23 2025 Lenny Hawk captured Blue's Intel.
Wed Feb  5 10:24:27 2025 Reporauno (Red) [SMG] Qult--- (Blue)
Wed Feb  5 10:24:29 2025 [Global] Router (Red): blue is gay!!!
Wed Feb  5 10:24:29 2025 You must be closer to the enemy's base to shoot blocks!
Wed Feb  5 10:24:30 2025 Harry (Blue) [Headshot] Tiger (Red)
Wed Feb  5 10:24:31 2025 [Global] Qult--- (Blue): yes, the buildings are from there
Wed Feb  5 10:24:32 2025 [Global] |\\STALKER//| (Blue): wait im blue
Wed Feb  5 10:24:34 2025 [Global] |\\STALKER//| (Blue): i mean fuck red
Wed Feb  5 10:24:35 2025 [Global] Reporauno (Red): blue is best
Wed Feb  5 10:24:35 2025 PaskaJaakko (Red) [Headshot] Harry (Blue)
Wed Feb  5 10:24:39 2025 [Global] Deuce (Blue): makes sense
Wed Feb  5 10:24:40 2025 [Global] Router (Red): blue sucks ass!!!
Wed Feb  5 10:24:42 2025 PaskaJaakko (Red) [Headshot] Harry (Blue)
Wed Feb  5 10:24:48 2025 [Global] Lenny Hawk (Red): damn i have 150 ping
Wed Feb  5 10:24:56 2025 Marshmello picked up Blue's Intel.
Wed Feb  5 10:24:57 2025 [Global] Lenny Hawk (Red): playing on NA servers be like
Wed Feb  5 10:24:59 2025 Deuce (Blue) [SMG] sago (Red)
Wed Feb  5 10:25:00 2025 |\\STALKER//| (Blue) [Headshot] Ding (Red)
Wed Feb  5 10:25:00 2025 Deuce (Blue) [Headshot] Reporauno (Red)
Wed Feb  5 10:25:02 2025 sago (Red) [Grenade] |\\STALKER//| (Blue)
Wed Feb  5 10:25:09 2025 Tiger (Red) [Headshot] Deuce (Blue)
Wed Feb  5 10:25:15 2025 [Global] |\\STALKER//| (Blue): our stairs are so gone
Wed Feb  5 10:25:20 2025 Tiger (Red) [SMG] Elprosaso (Blue)
Wed Feb  5 10:25:21 2025  Visit our community forums at https://aloha.pk/
Wed Feb  5 10:25:25 2025 [Global] Marshmello (Red): Qult > just a feedback : the water not suiting the map, maybe a normal one would 
Wed Feb  5 10:25:26 2025 [Global] Marshmello (Red): be nice
Wed Feb  5 10:25:27 2025 PaskaJaakko (Red) [Headshot] |\\STALKER//| (Blue)
Wed Feb  5 10:25:29 2025 [Global] Lenny Hawk (Red): yea fr
Wed Feb  5 10:25:34 2025 Lenny Hawk (Red) [Fall]
Wed Feb  5 10:25:38 2025 Harry (Blue) [Headshot] PaskaJaakko (Red)
Wed Feb  5 10:25:41 2025 [Global] Qult--- (Blue): The trees here make it very difficult to camp
Wed Feb  5 10:25:44 2025 Marshmello captured Blue's Intel.
Wed Feb  5 10:25:44 2025 DE joined Blue team
Wed Feb  5 10:25:45 2025 Reporauno (Red) [Headshot] Qult--- (Blue)
Wed Feb  5 10:25:48 2025 Router (Red) [Headshot] |\\STALKER//| (Blue)
Wed Feb  5 10:25:48 2025 DE (Blue) [Headshot] Router (Red)
Wed Feb  5 10:25:49 2025 [Global] Ding (Red): pink water please
Wed Feb  5 10:25:52 2025 [Global] Deuce (Blue): i didnt want to talk bout the water, cause its not really 'usable'
Wed Feb  5 10:25:55 2025 [Global] Marshmello (Red): hmmm
Wed Feb  5 10:25:56 2025 Tiger (Red) [SMG] |\\STALKER//| (Blue)
Wed Feb  5 10:25:58 2025 Player Spaten0 has left
Wed Feb  5 10:26:00 2025 [Global] Deuce (Blue): but goddamn, that texture is ugly af
Wed Feb  5 10:26:08 2025 Marshmello picked up Blue's Intel.
Wed Feb  5 10:26:10 2025 [Global] |\\STALKER//| (Blue): i like the water
Wed Feb  5 10:26:10 2025 [Global] Deuce (Blue): press M/N
Wed Feb  5 10:26:11 2025 [Global] Reporauno (Red): muchos diggos
Wed Feb  5 10:26:21 2025  Come chat with us at https://discord.aloha.pk/
Wed Feb  5 10:26:21 2025 [Global] Marshmello (Red): gg
Wed Feb  5 10:26:22 2025 |\\STALKER//| (Blue) [Headshot] Tiger (Red)
Wed Feb  5 10:26:24 2025 DE (Blue) [SMG] Router (Red)
Wed Feb  5 10:26:25 2025 Reporauno (Red) [Headshot] DE (Blue)
Wed Feb  5 10:26:30 2025 [Global] Tiger (Red): gg
Wed Feb  5 10:26:30 2025 Marshmello captured Blue's Intel.
Wed Feb  5 10:26:30 2025 Red Wins!
Wed Feb  5 10:26:30 2025  Game finished! Next map: minihills.
Wed Feb  5 10:26:30 2025 [Global] Router (Red): haha DE you got baited
Wed Feb  5 10:26:32 2025 Reporauno (Red) [SMG] Deuce (Blue)
Wed Feb  5 10:26:32 2025 Reporauno (Red) [SMG] Deuce (Blue)
Wed Feb  5 10:26:32 2025 Reporauno (Red) [Headshot] DE (Blue)
Wed Feb  5 10:26:33 2025 Reporauno (Red) [Headshot] DE (Blue)
Wed Feb  5 10:26:33 2025 |\\STALKER//| (Blue) [Headshot] Reporauno (Red)
Wed Feb  5 10:26:33 2025 Tiger (Red) [Headshot] Khattilainen (Blue)
Wed Feb  5 10:26:33 2025 Tiger (Red) [SMG] Khattilainen (Blue)
Wed Feb  5 10:26:34 2025 Tiger (Red) [Headshot] |\\STALKER//| (Blue)
Wed Feb  5 10:26:34 2025 Tiger (Red) [SMG] |\\STALKER//| (Blue)
Wed Feb  5 10:26:34 2025 Harry (Blue) [Headshot] PaskaJaakko (Red)
Wed Feb  5 10:26:34 2025 Ding (Red) [Fall]
Wed Feb  5 10:26:34 2025 Deuce (Blue) [Grenade] Marshmello (Red)
Wed Feb  5 10:26:36 2025 Marshmello (Red) [Grenade] Qult--- (Blue)
Wed Feb  5 10:26:36 2025 Marshmello (Red) [Grenade] Elprosaso (Blue)
Wed Feb  5 10:26:36 2025 Harry (Blue) [Headshot] Lenny Hawk (Red)
Wed Feb  5 10:26:36 2025 [Global] |\\STALKER//| (Blue): oof
Wed Feb  5 10:26:36 2025 Marshmello (Red) [Grenade] Harry (Blue)
Wed Feb  5 10:26:38 2025 sago (Red) [Fall]
Wed Feb  5 10:26:41 2025 ------ World Unloaded ------
Wed Feb  5 10:26:44 2025 ------ World Loaded ------
Wed Feb  5 10:26:44 2025 Welcome to aloha.pk tower of babel
Wed Feb  5 10:26:45 2025 Qult--- joined Blue team
Wed Feb  5 10:26:45 2025 Map: Mini Hills by Kuma
Wed Feb  5 10:26:46 2025 Deuce joined Spectator team
Wed Feb  5 10:26:47 2025 DE joined Blue team
Wed Feb  5 10:26:47 2025 Game mode: babel
Wed Feb  5 10:26:47 2025 Marshmello joined Red team
Wed Feb  5 10:26:48 2025 Khattilainen joined Red team
Wed Feb  5 10:26:48 2025 |\\STALKER//| joined Red team
Wed Feb  5 10:26:48 2025 Tiger joined Red team
Wed Feb  5 10:26:49 2025 Build a tower to get the enemy's intel. Take it to your team's tent to win!
Wed Feb  5 10:26:51 2025 Ding joined Spectator team
Wed Feb  5 10:26:51 2025 Reporauno joined Blue team
Wed Feb  5 10:26:51 2025 Visit our community forum at https://aloha.pk/
Wed Feb  5 10:26:52 2025 PaskaJaakko joined Red team
Wed Feb  5 10:26:52 2025 Reporauno (Blue) [Weapon Change]
Wed Feb  5 10:26:53 2025 Come chat with us at https://discord.aloha.pk/
Wed Feb  5 10:26:54 2025 Reporauno (Blue) [Fall]
Wed Feb  5 10:26:56 2025 Router joined Blue team
Wed Feb  5 10:27:01 2025 [Global] Router (Blue): WOOOOO I LOVE THIS MAP
Wed Feb  5 10:27:05 2025 Ding joined Red team
Wed Feb  5 10:27:06 2025 [Global] Deuce (): cool map rotation
Wed Feb  5 10:27:08 2025 sago joined Red team
Wed Feb  5 10:27:10 2025 [Global] Marshmello (Red): yes
Wed Feb  5 10:27:14 2025 [Global] |\\STALKER//| (Red): i almost die eating a candy
Wed Feb  5 10:27:17 2025 Qult--- (Blue) [Headshot] Ding (Red)
Wed Feb  5 10:27:18 2025 Elprosaso joined Blue team
Wed Feb  5 10:27:18 2025 Qult--- (Blue) [Headshot] Tiger (Red)
Wed Feb  5 10:27:21 2025  If you believe a player is breaking the rules, please let us know with /ADMIN
Wed Feb  5 10:27:24 2025 [Global] Deuce (): what kind o candy?
Wed Feb  5 10:27:25 2025 Qult--- (Blue) [Headshot] sago (Red)
Wed Feb  5 10:27:27 2025 Reporauno (Blue) [Rifle] Marshmello (Red)
Wed Feb  5 10:27:30 2025 [Global] Marshmello (Red): nice
Wed Feb  5 10:27:35 2025 Tiger (Red) [Headshot] Router (Blue)
Wed Feb  5 10:27:39 2025 Khattilainen (Red) [Rifle]
Wed Feb  5 10:27:44 2025 PaskaJaakko (Red) [SMG]
Wed Feb  5 10:27:50 2025 Qult--- (Blue) [Headshot] sago (Red)
Wed Feb  5 10:27:51 2025 [Global] Router (Blue): water kills you dumbasses
Wed Feb  5 10:27:54 2025 Qult--- (Blue) [Headshot] Ding (Red)
Wed Feb  5 10:27:56 2025 [Global] Ding (Red): yes
Wed Feb  5 10:27:59 2025 [Global] PaskaJaakko (Red): fuck you
Wed Feb  5 10:28:01 2025 Marshmello (Red) [SMG] Router (Blue)
Wed Feb  5 10:28:03 2025 Qult--- (Blue) [Headshot] Marshmello (Red)
Wed Feb  5 10:28:04 2025 [Global] Marshmello (Red): bad
Wed Feb  5 10:28:09 2025 Qult--- (Blue) [Headshot] sago (Red)
Wed Feb  5 10:28:17 2025 [Global] Deuce (): well, gg
Wed Feb  5 10:28:19 2025 [Global] Deuce (): cya ☻7
Wed Feb  5 10:28:21 2025  This server runs imger and glow. Use /IMG or /GLOW to toggle them.
Wed Feb  5 10:28:22 2025 Marshmello (Red) [Headshot] DE (Blue)
Wed Feb  5 10:28:23 2025 Player Deuce has left
Wed Feb  5 10:28:28 2025 Ding (Red) [Headshot] Reporauno (Blue)
Wed Feb  5 10:28:37 2025 [2ch] sVinOreZ joined Red team
Wed Feb  5 10:28:37 2025 |\\STALKER//| (Red) [Headshot] Router (Blue)
Wed Feb  5 10:28:37 2025 Qult--- (Blue) [Headshot] |\\STALKER//| (Red)
Wed Feb  5 10:28:40 2025 [Global] Router (Blue): wtf man
Wed Feb  5 10:28:43 2025 Khattilainen (Red) [Fall]
Wed Feb  5 10:28:47 2025 Reporauno (Blue) [Headshot] PaskaJaakko (Red)
Wed Feb  5 10:28:48 2025 Ding (Red) [Headshot] Qult--- (Blue)
Wed Feb  5 10:28:49 2025 [Global] Marshmello (Red): was that blue stuff in center already built?
Wed Feb  5 10:28:52 2025 [2ch] sVinOreZ (Red) [Headshot] Router (Blue)
Wed Feb  5 10:28:53 2025 [2ch] sVinOreZ (Red) [Headshot] Reporauno (Blue)
Wed Feb  5 10:28:53 2025 [Global] Router (Blue): no
Wed Feb  5 10:28:57 2025 Harry (Blue) [Fall]
Wed Feb  5 10:28:58 2025 [Global] DE (Blue): no ibuilt it
Wed Feb  5 10:29:04 2025 [Global] |\\STALKER//| (Red): what the hell
Wed Feb  5 10:29:05 2025 [Global] Marshmello (Red): nice!! whoever made it
Wed Feb  5 10:29:05 2025 Router (Blue) [Headshot] |\\STALKER//| (Red)
Wed Feb  5 10:29:07 2025 [2ch] sVinOreZ (Red) [Headshot] Router (Blue)
Wed Feb  5 10:29:10 2025 [Global] Marshmello (Red): nice
Wed Feb  5 10:29:11 2025 [Global] |\\STALKER//| (Red): destroy that thing
Wed Feb  5 10:29:11 2025 [Global] DE (Blue): twas i
Wed Feb  5 10:29:13 2025 Qult--- (Blue) [Headshot] [2ch] sVinOreZ (Red)
Wed Feb  5 10:29:19 2025 GLOTKA_KOZLA joined Blue team
Wed Feb  5 10:29:19 2025 Qult--- (Blue) [Headshot] Ding (Red)
Wed Feb  5 10:29:21 2025  Use /EMOTE to draw an emote on the map!
Wed Feb  5 10:29:26 2025 DE picked up Red's Intel.
Wed Feb  5 10:29:29 2025 [2ch] sVinOreZ (Red) [Headshot] Reporauno (Blue)
Wed Feb  5 10:29:29 2025 by joined Blue team
Wed Feb  5 10:29:36 2025 Qult--- (Blue) [Headshot] |\\STALKER//| (Red)
Wed Feb  5 10:29:39 2025 [2ch] sVinOreZ (Red) [Headshot] Router (Blue)
Wed Feb  5 10:29:41 2025 Qult--- (Blue) [Rifle] Marshmello (Red)
Wed Feb  5 10:29:52 2025 DE captured Red's Intel.
Wed Feb  5 10:29:54 2025 Tiger (Red) [SMG] GLOTKA_KOZLA (Blue)
Wed Feb  5 10:29:54 2025 Harry (Blue) [Grenade]
Wed Feb  5 10:29:54 2025 You must be closer to the enemy's base to grenade blocks!
Wed Feb  5 10:29:54 2025 Qult--- (Blue) [Headshot] |\\STALKER//| (Red)
Wed Feb  5 10:29:54 2025 You must be closer to the enemy's base to grenade blocks!
Wed Feb  5 10:29:57 2025 [2ch] sVinOreZ (Red) [Headshot] Qult--- (Blue)
Wed Feb  5 10:29:58 2025 [2ch] sVinOreZ (Red) [Headshot] Reporauno (Blue)
Wed Feb  5 10:30:00 2025 [2ch] sVinOreZ (Red) [Headshot] by (Blue)
Wed Feb  5 10:30:10 2025 [2ch] sVinOreZ (Red) [Headshot] Reporauno (Blue)
Wed Feb  5 10:30:12 2025 [Global] |\\STALKER//| (Red): i dont respawn
Wed Feb  5 10:30:13 2025 [Team] Reporauno (Blue): digger
Wed Feb  5 10:30:13 2025 [2ch] sVinOreZ (Red) [Headshot] Harry (Blue)
Wed Feb  5 10:30:14 2025 BomberManxres joined Blue team
Wed Feb  5 10:30:15 2025 [Global] Router (Blue): this game is gayer than me i swear
Wed Feb  5 10:30:15 2025 [2ch] sVinOreZ (Red) [Headshot] Qult--- (Blue)
Wed Feb  5 10:30:16 2025 by (Blue) [Grenade] Tiger (Red)
Wed Feb  5 10:30:20 2025 Player Qult--- has left
Wed Feb  5 10:30:21 2025 [2ch] sVinOreZ (Red) [Headshot] GLOTKA_KOZLA (Blue)
Wed Feb  5 10:30:21 2025 [Global] BomberManxres (Blue): Hi all
Wed Feb  5 10:30:21 2025  Use /HEAVEN to paint the babel platform!
Wed Feb  5 10:30:23 2025 [2ch] sVinOreZ (Red) [Headshot] Reporauno (Blue)
Wed Feb  5 10:30:25 2025 [Global] Router (Blue): hi bomber
Wed Feb  5 10:30:25 2025 [2ch] sVinOreZ (Red) [Headshot] Harry (Blue)
Wed Feb  5 10:30:26 2025 DE picked up Red's Intel.
Wed Feb  5 10:30:27 2025 [2ch] sVinOreZ (Red) [Headshot] BomberManxres (Blue)
Wed Feb  5 10:30:28 2025 [Global] Marshmello (Red): hey Bomber
Wed Feb  5 10:30:31 2025 [2ch] sVinOreZ (Red) [Headshot] Router (Blue)
Wed Feb  5 10:30:38 2025 [2ch] sVinOreZ (Red) [Headshot] Reporauno (Blue)
Wed Feb  5 10:30:40 2025 Router joined Red team
Wed Feb  5 10:30:46 2025 Harry (Blue) [Headshot] [2ch] sVinOreZ (Red)
Wed Feb  5 10:30:52 2025 DE captured Red's Intel.
Wed Feb  5 10:30:54 2025 BomberManxres (Blue) [SMG] Ding (Red)
Wed Feb  5 10:31:03 2025 Router (Red) [Headshot] GLOTKA_KOZLA (Blue)
Wed Feb  5 10:31:05 2025 Salt joined Blue team
Wed Feb  5 10:31:05 2025 Router (Red) [Headshot] BomberManxres (Blue)
Wed Feb  5 10:31:07 2025 Router (Red) [Headshot] Salt (Blue)
Wed Feb  5 10:31:10 2025 Router (Red) [Headshot] GLOTKA_KOZLA (Blue)
Wed Feb  5 10:31:12 2025 Player PaskaJaakko has left
Wed Feb  5 10:31:16 2025 Reporauno (Blue) [Fall]
Wed Feb  5 10:31:16 2025 Tiger (Red) [Headshot] Elprosaso (Blue)
Wed Feb  5 10:31:21 2025  Get a 20 killstreak and 1 intel capture(s) to unlock /APOC!
Wed Feb  5 10:31:22 2025 PaskaJaakko joined Red team
Wed Feb  5 10:31:23 2025 Router (Red) [Headshot] Elprosaso (Blue)
Wed Feb  5 10:31:24 2025 DE picked up Red's Intel.
Wed Feb  5 10:31:24 2025 [2ch] sVinOreZ (Red) [Rifle] BomberManxres (Blue)
Wed Feb  5 10:31:25 2025 You can't destroy your team's blocks in this area. Attack the enemy's tower!
Wed Feb  5 10:31:25 2025 You can't destroy your team's blocks in this area. Attack the enemy's tower!
Wed Feb  5 10:31:25 2025 You can't destroy your team's blocks in this area. Attack the enemy's tower!
Wed Feb  5 10:31:25 2025 You can't destroy your team's blocks in this area. Attack the enemy's tower!
Wed Feb  5 10:31:25 2025 You can't destroy your team's blocks in this area. Attack the enemy's tower!
Wed Feb  5 10:31:26 2025 You can't destroy your team's blocks in this area. Attack the enemy's tower!
Wed Feb  5 10:31:26 2025 You can't destroy your team's blocks in this area. Attack the enemy's tower!
Wed Feb  5 10:31:28 2025 [2ch] sVinOreZ (Red) [Rifle] Salt (Blue)
Wed Feb  5 10:31:30 2025 by (Blue) [Shotgun] Tiger (Red)
Wed Feb  5 10:31:31 2025 [2ch] sVinOreZ (Red) [Headshot] Reporauno (Blue)
Wed Feb  5 10:31:34 2025 Elprosaso (Blue) [Headshot] Router (Red)
Wed Feb  5 10:31:35 2025 |\\STALKER//| (Red) [Grenade]
Wed Feb  5 10:31:35 2025 GLOTKA_KOZLA (Blue) [Grenade]
Wed Feb  5 10:31:37 2025 You must be closer to the enemy's base to grenade blocks!
Wed Feb  5 10:31:41 2025 Harry (Blue) [Rifle]
Wed Feb  5 10:31:41 2025 DE dropped Red's Intel
Wed Feb  5 10:31:41 2025  The intel has returned to the heavens
Wed Feb  5 10:31:41 2025 Khattilainen (Red) [Headshot] DE (Blue)
Wed Feb  5 10:31:43 2025 [2ch] sVinOreZ (Red) [Headshot] GLOTKA_KOZLA (Blue)
Wed Feb  5 10:31:47 2025 [Team] DE (Blue): side walls on tower you muppets
Wed Feb  5 10:31:48 2025 BomberManxres (Blue) [Headshot] [2ch] sVinOreZ (Red)
Wed Feb  5 10:31:49 2025 [Team] DE (Blue): side walls
Wed Feb  5 10:32:01 2025 BomberManxres (Blue) [SMG] Khattilainen (Red)
Wed Feb  5 10:32:03 2025 Reporauno (Blue) [Headshot] Ding (Red)
Wed Feb  5 10:32:09 2025 Router (Red) [Headshot] BomberManxres (Blue)
Wed Feb  5 10:32:11 2025 Router (Red) [Headshot] Harry (Blue)
Wed Feb  5 10:32:12 2025 [2ch] sVinOreZ (Red) [Headshot] GLOTKA_KOZLA (Blue)
Wed Feb  5 10:32:15 2025 Router (Red) [Headshot] Reporauno (Blue)
Wed Feb  5 10:32:16 2025 DE picked up Red's Intel.
Wed Feb  5 10:32:21 2025  Capture your team's 5th intel to unlock /APOC for your team's best builder!
Wed Feb  5 10:32:22 2025 Router (Red) [SMG] Elprosaso (Blue)
Wed Feb  5 10:32:24 2025 [2ch] sVinOreZ (Red) [Headshot] BomberManxres (Blue)
Wed Feb  5 10:32:25 2025 BomberManxres (Blue) [Grenade] Router (Red)
Wed Feb  5 10:32:26 2025 [2ch] sVinOreZ (Red) [Headshot] Reporauno (Blue)
Wed Feb  5 10:32:29 2025 by (Blue) [Shotgun] Tiger (Red)
Wed Feb  5 10:32:29 2025 You must be closer to the enemy's base to shoot blocks!
Wed Feb  5 10:32:29 2025 PaskaJaakko (Red) [Headshot] by (Blue)
Wed Feb  5 10:32:36 2025 [2ch] sVinOreZ (Red) [Headshot] Harry (Blue)
Wed Feb  5 10:32:39 2025 [2ch] sVinOreZ (Red) [Headshot] BomberManxres (Blue)
Wed Feb  5 10:32:41 2025 Ding (Red) [Headshot] Salt (Blue)
Wed Feb  5 10:32:43 2025 [2ch] sVinOreZ (Red) [Headshot] Harry (Blue)
Wed Feb  5 10:32:43 2025 [2ch] sVinOreZ (Red) [Headshot] by (Blue)
Wed Feb  5 10:32:47 2025 DE captured Red's Intel.
Wed Feb  5 10:32:49 2025 Reporauno (Blue) [Headshot] PaskaJaakko (Red)
Wed Feb  5 10:32:49 2025 [Global] Marshmello (Red): cant do shit
Wed Feb  5 10:32:56 2025 [2ch] sVinOreZ (Red) [Headshot] GLOTKA_KOZLA (Blue)
Wed Feb  5 10:32:59 2025 [2ch] sVinOreZ (Red) [Headshot] Reporauno (Blue)
Wed Feb  5 10:32:59 2025 Player GLOTKA_KOZLA has left
Wed Feb  5 10:33:11 2025  Ding has reached 1000 blocks placed! /heaven unlocked.
Wed Feb  5 10:33:12 2025 [Team] Reporauno (Blue): red is just about up
Wed Feb  5 10:33:15 2025 [2ch] sVinOreZ (Red) [Headshot] Reporauno (Blue)
Wed Feb  5 10:33:16 2025 Salt picked up Red's Intel.
Wed Feb  5 10:33:17 2025 [2ch] sVinOreZ (Red) [Headshot] Harry (Blue)
Wed Feb  5 10:33:21 2025  Mahalo for playing aloha.pk tower of babel
Wed Feb  5 10:33:22 2025 Elprosaso (Blue) [Headshot] Router (Red)
Wed Feb  5 10:33:22 2025 Tiger (Red) [SMG] DE (Blue)
Wed Feb  5 10:33:25 2025 [2ch] sVinOreZ (Red) [Headshot] Reporauno (Blue)
Wed Feb  5 10:33:26 2025 BomberManxres (Blue) [Grenade] Ding (Red)
Wed Feb  5 10:33:32 2025 [2ch] sVinOreZ (Red) [Rifle] DE (Blue)
Wed Feb  5 10:33:36 2025 Tiger (Red) [SMG] by (Blue)
Wed Feb  5 10:33:37 2025 [2ch] sVinOreZ (Red) [Headshot] Reporauno (Blue)
Wed Feb  5 10:33:38 2025 You must be closer to the enemy's base to shoot blocks!
Wed Feb  5 10:33:41 2025 Harry (Blue) [Headshot] [2ch] sVinOreZ (Red)
Wed Feb  5 10:33:43 2025 BomberManxres (Blue) [SMG] Marshmello (Red)
Wed Feb  5 10:33:47 2025 Tiger (Red) [Headshot] Harry (Blue)
Wed Feb  5 10:33:48 2025 [Global] DE (Blue): gg, teams nubalanced asf
Wed Feb  5 10:33:49 2025 BomberManxres (Blue) [Headshot] Ding (Red)
Wed Feb  5 10:33:50 2025 Reporauno (Blue) [Headshot] PaskaJaakko (Red)
Wed Feb  5 10:33:55 2025 [Global] DE (Blue): unbalanced*
Wed Feb  5 10:33:55 2025 Tiger (Red) [Headshot] Reporauno (Blue)
Wed Feb  5 10:33:55 2025 Salt captured Red's Intel.
Wed Feb  5 10:33:56 2025 Tiger (Red) [SMG] by (Blue)
Wed Feb  5 10:34:01 2025 [Global] Reporauno (Blue): yea
Wed Feb  5 10:34:03 2025 |\\STALKER//| (Red) [Headshot] BomberManxres (Blue)
Wed Feb  5 10:34:03 2025 Harry (Blue) [Headshot] Tiger (Red)
Wed Feb  5 10:34:03 2025 [Team] by (Blue): hey guys
Wed Feb  5 10:34:10 2025 [Team] by (Blue): see tiger
Wed Feb  5 10:34:11 2025 Harry (Blue) [Headshot] [2ch] sVinOreZ (Red)
Wed Feb  5 10:34:13 2025 [Global] Reporauno (Blue): + they have svino cunt
Wed Feb  5 10:34:18 2025 |\\STALKER//| (Red) [Headshot] Elprosaso (Blue)
Wed Feb  5 10:34:18 2025 [Global] BomberManxres (Blue): lol
Wed Feb  5 10:34:18 2025 HurryUpTomorrow joined Blue team
Wed Feb  5 10:34:21 2025  Build a tower to get the enemy's intel. Take it to your team's tent to win!
Wed Feb  5 10:34:24 2025 |\\STALKER//| picked up Blue's Intel.
Wed Feb  5 10:34:25 2025 |\\STALKER//| (Red) [Headshot] DE (Blue)
Wed Feb  5 10:34:26 2025 |\\STALKER//| dropped Blue's Intel
Wed Feb  5 10:34:26 2025 BomberManxres (Blue) [SMG] |\\STALKER//| (Red)
Wed Feb  5 10:34:27 2025 [2ch] sVinOreZ (Red) [Headshot] Harry (Blue)
Wed Feb  5 10:34:31 2025 BomberManxres picked up Red's Intel.
Wed Feb  5 10:34:33 2025 [Global] |\\STALKER//| (Red): crazy lag
Wed Feb  5 10:34:40 2025 BomberManxres dropped Red's Intel
Wed Feb  5 10:34:40 2025  The intel has returned to the heavens
Wed Feb  5 10:34:40 2025 Tiger (Red) [SMG] BomberManxres (Blue)
Wed Feb  5 10:34:40 2025 [2ch] sVinOreZ (Red) [Headshot] Harry (Blue)
Wed Feb  5 10:34:44 2025 HurryUpTomorrow (Blue) [Shotgun] sago (Red)
Wed Feb  5 10:34:44 2025 Stefanonimo joined Red team
Wed Feb  5 10:34:45 2025 Reporauno (Blue) [Headshot] [2ch] sVinOreZ (Red)
Wed Feb  5 10:34:49 2025 Tiger (Red) [Grenade] Elprosaso (Blue)
Wed Feb  5 10:34:49 2025 Tiger (Red) [Grenade] by (Blue)
Wed Feb  5 10:34:49 2025 |\\STALKER//| (Red) [SMG] HurryUpTomorrow (Blue)
Wed Feb  5 10:34:49 2025 Reporauno (Blue) [SMG] PaskaJaakko (Red)
Wed Feb  5 10:34:50 2025 Tiger (Red) [SMG] Salt (Blue)
Wed Feb  5 10:34:54 2025 |\\STALKER//| picked up Blue's Intel.
Wed Feb  5 10:34:54 2025 [2ch] sVinOreZ (Red) [Rifle] Reporauno (Blue)
Wed Feb  5 10:34:57 2025 BomberManxres (Blue) [Headshot] Tiger (Red)
Wed Feb  5 10:34:59 2025 |\\STALKER//| dropped Blue's Intel
Wed Feb  5 10:34:59 2025 DE (Blue) [Headshot] |\\STALKER//| (Red)
Wed Feb  5 10:35:05 2025 Stefanonimo (Red) [Shotgun] DE (Blue)
Wed Feb  5 10:35:06 2025 Stefanonimo picked up Blue's Intel.
Wed Feb  5 10:35:07 2025 [2ch] sVinOreZ (Red) [Headshot] HurryUpTomorrow (Blue)
Wed Feb  5 10:35:09 2025 Player HurryUpTomorrow has left
Wed Feb  5 10:35:10 2025 Stefanonimo dropped Blue's Intel
Wed Feb  5 10:35:10 2025  The intel has returned to the heavens
Wed Feb  5 10:35:10 2025 Stefanonimo (Red) [Fall]
Wed Feb  5 10:35:14 2025 [Global] Stefanonimo (Red): NICE GAP
Wed Feb  5 10:35:18 2025 [Global] DE (Blue): noob
Wed Feb  5 10:35:21 2025  Type /HELP for info & commands
Wed Feb  5 10:35:22 2025 [2ch] sVinOreZ (Red) [Headshot] Elprosaso (Blue)
Wed Feb  5 10:35:26 2025 Reporauno (Blue) [Headshot] Router (Red)
Wed Feb  5 10:35:29 2025 [2ch] sVinOreZ (Red) [Headshot] BomberManxres (Blue)
Wed Feb  5 10:35:33 2025 Reporauno (Blue) [Headshot] |\\STALKER//| (Red)
Wed Feb  5 10:35:35 2025 [Global] |\\STALKER//| (Red): bro
Wed Feb  5 10:35:37 2025 Stefanonimo (Red) [Shotgun] Reporauno (Blue)
Wed Feb  5 10:35:40 2025 DE (Blue) [Headshot] Stefanonimo (Red)
Wed Feb  5 10:35:42 2025 BomberManxres (Blue) [SMG] Tiger (Red)
Wed Feb  5 10:35:42 2025 Harry (Blue) [Headshot] [2ch] sVinOreZ (Red)
Wed Feb  5 10:35:46 2025 DE picked up Red's Intel.
Wed Feb  5 10:35:49 2025 Player Marshmello has left
Wed Feb  5 10:35:51 2025 Reporauno (Blue) [Headshot] PaskaJaakko (Red)
Wed Feb  5 10:35:54 2025 Router (Red) [Headshot] Elprosaso (Blue)
Wed Feb  5 10:35:54 2025 kason_mane joined Blue team
Wed Feb  5 10:36:01 2025 |\\STALKER//| (Red) [SMG] BomberManxres (Blue)
Wed Feb  5 10:36:03 2025 sago (Red) [Headshot] Salt (Blue)
Wed Feb  5 10:36:06 2025 Reporauno (Blue) [Headshot] sago (Red)
Wed Feb  5 10:36:07 2025 Reporauno (Blue) [Headshot] Stefanonimo (Red)
Wed Feb  5 10:36:08 2025 DE dropped Red's Intel
Wed Feb  5 10:36:08 2025  The intel has returned to the heavens
Wed Feb  5 10:36:08 2025 sago (Red) [Grenade] DE (Blue)
Wed Feb  5 10:36:09 2025 |\\STALKER//| (Red) [Headshot] by (Blue)
Wed Feb  5 10:36:10 2025 |\\STALKER//| (Red) [SMG] Elprosaso (Blue)
Wed Feb  5 10:36:12 2025 |\\STALKER//| (Red) [SMG] kason_mane (Blue)
Wed Feb  5 10:36:12 2025 Harry (Blue) [Headshot] |\\STALKER//| (Red)
Wed Feb  5 10:36:13 2025 Harry (Blue) [Rifle] Router (Red)
Wed Feb  5 10:36:14 2025 [2ch] sVinOreZ (Red) [Rifle] Harry (Blue)
Wed Feb  5 10:36:16 2025 Reporauno picked up Red's Intel.
Wed Feb  5 10:36:21 2025  Visit our community forums at https://aloha.pk/
Wed Feb  5 10:36:25 2025 [2ch] sVinOreZ (Red) [Headshot] DE (Blue)
Wed Feb  5 10:36:30 2025 [2ch] sVinOreZ (Red) [Headshot] BomberManxres (Blue)
Wed Feb  5 10:36:34 2025 kason_mane (Blue) [Headshot] [2ch] sVinOreZ (Red)
Wed Feb  5 10:36:34 2025 Router (Red) [Headshot] kason_mane (Blue)
Wed Feb  5 10:36:37 2025 Harry (Blue) [Headshot] Router (Red)
Wed Feb  5 10:36:37 2025 Salt (Blue) [Headshot] sago (Red)
Wed Feb  5 10:36:38 2025 |\\STALKER//| (Red) [SMG] Salt (Blue)
Wed Feb  5 10:36:40 2025  With 898 blocks placed, Elprosaso is granted the right to unleash the apocalypse.
Wed Feb  5 10:36:40 2025 Reporauno captured Red's Intel.
Wed Feb  5 10:36:42 2025 Harry (Blue) [Headshot] Tiger (Red)
Wed Feb  5 10:36:43 2025 [Global] Router (Red): AAAAAAAAAAAAAAAAAAA
Wed Feb  5 10:36:43 2025 [Global] BomberManxres (Blue): aim master in the game
Wed Feb  5 10:36:44 2025 Stefanonimo picked up Blue's Intel.
Wed Feb  5 10:36:49 2025 |\\STALKER//| (Red) [SMG] DE (Blue)
Wed Feb  5 10:36:52 2025 |\\STALKER//| (Red) [SMG] Reporauno (Blue)
Wed Feb  5 10:36:58 2025 |\\STALKER//| (Red) [Headshot] Elprosaso (Blue)
Wed Feb  5 10:36:59 2025 |\\STALKER//| (Red) [Grenade] DE (Blue)
Wed Feb  5 10:36:59 2025 Marshmello joined Red team
Wed Feb  5 10:37:02 2025 Reporauno (Blue) [Headshot] |\\STALKER//| (Red)
Wed Feb  5 10:37:03 2025 [Global] Salt (Blue): aim master is the game
Wed Feb  5 10:37:05 2025 [2ch] sVinOreZ (Red) [Headshot] kason_mane (Blue)
Wed Feb  5 10:37:08 2025 Stefanonimo captured Blue's Intel.
Wed Feb  5 10:37:12 2025 [2ch] sVinOreZ (Red) [Headshot] BomberManxres (Blue)
Wed Feb  5 10:37:19 2025 sago (Red) [SMG] Salt (Blue)
Wed Feb  5 10:37:20 2025 Tiger (Red) [Grenade] by (Blue)
Wed Feb  5 10:37:20 2025 DE (Blue) [Headshot] sago (Red)
Wed Feb  5 10:37:21 2025  Come chat with us at https://discord.aloha.pk/
Wed Feb  5 10:37:24 2025 [2ch] sVinOreZ (Red) [Headshot] BomberManxres (Blue)
Wed Feb  5 10:37:28 2025 kason_mane (Blue) [Headshot] [2ch] sVinOreZ (Red)
Wed Feb  5 10:37:29 2025 |\\STALKER//| (Red) [Headshot] Reporauno (Blue)
Wed Feb  5 10:37:30 2025 |\\STALKER//| (Red) [SMG] DE (Blue)
Wed Feb  5 10:37:33 2025 [Global] Router (Red): YESSSS
Wed Feb  5 10:37:34 2025 Stefanonimo picked up Blue's Intel.
Wed Feb  5 10:37:34 2025 Harry (Blue) [Headshot] Tiger (Red)
Wed Feb  5 10:37:36 2025 Router (Red) [Headshot] Elprosaso (Blue)
Wed Feb  5 10:37:38 2025 |\\STALKER//| (Red) [Fall]
Wed Feb  5 10:37:38 2025 [Global] Reporauno (Blue): balance fags
Wed Feb  5 10:37:40 2025 [Global] DE (Blue): getting tired of playing AoS, so rarely a fair fight
Wed Feb  5 10:37:40 2025 [Global] Router (Red): I CUT OFF THEIR STAIR QUICCKKK
Wed Feb  5 10:37:40 2025 [Global] |\\STALKER//| (Red): OOPS
Wed Feb  5 10:37:42 2025 [Global] |\\STALKER//| (Red): NICE ONE 
Wed Feb  5 10:37:46 2025 BomberManxres (Blue) [SMG] Router (Red)
Wed Feb  5 10:37:51 2025 Mysterion joined Blue team
Wed Feb  5 10:37:57 2025 BomberManxres (Blue) [SMG] Tiger (Red)
Wed Feb  5 10:37:58 2025 BomberManxres (Blue) [SMG]
Wed Feb  5 10:37:58 2025 Stefanonimo captured Blue's Intel.
Wed Feb  5 10:38:00 2025 Reporauno (Blue) [SMG] [2ch] sVinOreZ (Red)
Wed Feb  5 10:38:04 2025 [Global] Router (Red): WOOOOOO
Wed Feb  5 10:38:07 2025 BomberManxres (Blue) [Headshot] sago (Red)
Wed Feb  5 10:38:08 2025 Tiger (Red) [Headshot] Reporauno (Blue)
Wed Feb  5 10:38:09 2025 [2ch] sVinOreZ (Red) [Headshot] DE (Blue)
Wed Feb  5 10:38:09 2025 FL | Floppa:) joined Blue team
Wed Feb  5 10:38:11 2025 Tiger (Red) [Headshot] kason_mane (Blue)
Wed Feb  5 10:38:14 2025 [Global] Salt (Blue): would love a game with a cheat engine
Wed Feb  5 10:38:16 2025 DE joined Spectator team
Wed Feb  5 10:38:17 2025 [Global] FL | Floppa:) (Blue): floppa is back
Wed Feb  5 10:38:17 2025 [Global] Router (Red): hi floppa :)
Wed Feb  5 10:38:20 2025 Player Marshmello has left
Wed Feb  5 10:38:21 2025  If you believe a player is breaking the rules, please let us know with /ADMIN
Wed Feb  5 10:38:25 2025 Stefanonimo picked up Blue's Intel.
Wed Feb  5 10:38:25 2025 Mysterion (Blue) [Headshot] Ding (Red)
Wed Feb  5 10:38:26 2025 Router (Red) [Headshot] kason_mane (Blue)
Wed Feb  5 10:38:26 2025 [Global] FL | Floppa:) (Blue): hi router
Wed Feb  5 10:38:28 2025 [2ch] sVinOreZ (Red) [Headshot] Reporauno (Blue)
Wed Feb  5 10:38:30 2025  Elprosaso has reached 1000 blocks placed! /heaven unlocked.
Wed Feb  5 10:38:32 2025 [2ch] sVinOreZ (Red) [Headshot] Salt (Blue)
Wed Feb  5 10:38:32 2025 Mysterion (Blue) [Headshot] Ding (Red)
Wed Feb  5 10:38:33 2025 [2ch] sVinOreZ (Red) [Headshot] BomberManxres (Blue)
Wed Feb  5 10:38:37 2025 Router (Red) [Headshot] FL | Floppa:) (Blue)
Wed Feb  5 10:38:39 2025 Router (Red) [Headshot] by (Blue)
Wed Feb  5 10:38:39 2025 Router (Red) [SMG] Harry (Blue)
Wed Feb  5 10:38:41 2025 kason_mane (Blue) [Headshot] Router (Red)
Wed Feb  5 10:38:42 2025 [2ch] sVinOreZ (Red) [Headshot] kason_mane (Blue)
Wed Feb  5 10:38:43 2025 BomberManxres (Blue) [SMG] |\\STALKER//| (Red)
Wed Feb  5 10:38:44 2025 [2ch] sVinOreZ (Red) [Headshot] Reporauno (Blue)
Wed Feb  5 10:38:44 2025 sago (Red) [SMG] Mysterion (Blue)
Wed Feb  5 10:38:45 2025 Marshmello joined Red team
Wed Feb  5 10:38:50 2025 [2ch] sVinOreZ (Red) [Headshot] FL | Floppa:) (Blue)
Wed Feb  5 10:38:52 2025 [2ch] sVinOreZ (Red) [Headshot] Harry (Blue)
Wed Feb  5 10:38:53 2025 Stefanonimo captured Blue's Intel.
Wed Feb  5 10:38:56 2025 Player DE has left
Wed Feb  5 10:38:58 2025 Harry (Blue) [Rifle] [2ch] sVinOreZ (Red)
Wed Feb  5 10:39:03 2025 by (Blue) [Shotgun] Tiger (Red)
Wed Feb  5 10:39:07 2025 PaskaJaakko (Red) [Headshot] Reporauno (Blue)
Wed Feb  5 10:39:10 2025 [Global] Marshmello (Red): yes fr
Wed Feb  5 10:39:12 2025 |\\STALKER//| (Red) [Headshot] BomberManxres (Blue)
Wed Feb  5 10:39:18 2025 Stefanonimo picked up Blue's Intel.
Wed Feb  5 10:39:19 2025 Router (Red) [Headshot] kason_mane (Blue)
Wed Feb  5 10:39:20 2025 |\\STALKER//| (Red) [Headshot] BomberManxres (Blue)
Wed Feb  5 10:39:21 2025  This server runs imger and glow. Use /IMG or /GLOW to toggle them.
Wed Feb  5 10:39:25 2025 [2ch] sVinOreZ (Red) [Headshot] Harry (Blue)
Wed Feb  5 10:39:25 2025 Tiger (Red) [Headshot] Mysterion (Blue)
Wed Feb  5 10:39:29 2025 Router (Red) [SMG] Salt (Blue)
Wed Feb  5 10:39:30 2025 Router (Red) [Headshot] Elprosaso (Blue)
Wed Feb  5 10:39:31 2025 You must be closer to the enemy's base to shoot blocks!
Wed Feb  5 10:39:32 2025 Reporauno (Blue) [SMG] Router (Red)
Wed Feb  5 10:39:38 2025 Reporauno (Blue) [Headshot] |\\STALKER//| (Red)
Wed Feb  5 10:39:42 2025 Stefanonimo captured Blue's Intel.
Wed Feb  5 10:39:45 2025 Reporauno (Blue) [Headshot] PaskaJaakko (Red)
Wed Feb  5 10:39:46 2025 kason_mane (Blue) [Headshot] Tiger (Red)
Wed Feb  5 10:39:46 2025 [2ch] sVinOreZ (Red) [Headshot] Harry (Blue)
Wed Feb  5 10:39:49 2025 kason_mane (Blue) [Headshot] [2ch] sVinOreZ (Red)
Wed Feb  5 10:39:57 2025 [Global] FL | Floppa:) (Blue): in south america exist a tournament called "Copa Libertadores"
Wed Feb  5 10:40:02 2025 Player Marshmello has left
Wed Feb  5 10:40:05 2025 Mysterion (Blue) [Fall]
Wed Feb  5 10:40:05 2025 [2ch] sVinOreZ (Red) [Headshot] kason_mane (Blue)
Wed Feb  5 10:40:06 2025 [2ch] sVinOreZ (Red) [Headshot] Reporauno (Blue)
Wed Feb  5 10:40:07 2025 Stefanonimo picked up Blue's Intel.
Wed Feb  5 10:40:11 2025 [2ch] sVinOreZ (Red) [Headshot] Harry (Blue)
Wed Feb  5 10:40:18 2025 Tiger (Red) [SMG] BomberManxres (Blue)
Wed Feb  5 10:40:21 2025  Use /EMOTE to draw an emote on the map!
Wed Feb  5 10:40:24 2025 [2ch] sVinOreZ (Red) [Headshot] kason_mane (Blue)
Wed Feb  5 10:40:28 2025 |\\STALKER//| (Red) [SMG] Salt (Blue)
Wed Feb  5 10:40:28 2025 |\\STALKER//| (Red) [Headshot] Elprosaso (Blue)
Wed Feb  5 10:40:29 2025 [2ch] sVinOreZ (Red) [Headshot] Reporauno (Blue)
Wed Feb  5 10:40:30 2025 Tiger (Red) [SMG] Mysterion (Blue)
Wed Feb  5 10:40:30 2025 by (Blue) [Headshot] |\\STALKER//| (Red)
Wed Feb  5 10:40:32 2025 Elprosaso (Blue) [Rifle] Tiger (Red)
Wed Feb  5 10:40:32 2025 [2ch] sVinOreZ (Red) [Headshot] kason_mane (Blue)
Wed Feb  5 10:40:34 2025  With 1791 blocks placed, sago is granted the right to unleash the apocalypse.
Wed Feb  5 10:40:34 2025 Stefanonimo captured Blue's Intel.
Wed Feb  5 10:40:37 2025 [Global] Router (Red): APOCCC
Wed Feb  5 10:40:38 2025 [2ch] sVinOreZ (Red) [Headshot] Elprosaso (Blue)
Wed Feb  5 10:40:38 2025 [Global] Router (Red): SAGO
Wed Feb  5 10:40:39 2025 [Global] Router (Red): APOC
Wed Feb  5 10:40:45 2025 [2ch] sVinOreZ (Red) [Headshot] BomberManxres (Blue)
Wed Feb  5 10:40:50 2025 Marshmello joined Red team
Wed Feb  5 10:40:50 2025 [2ch] sVinOreZ (Red) [Headshot] Reporauno (Blue)
Wed Feb  5 10:40:59 2025 Stefanonimo picked up Blue's Intel.
Wed Feb  5 10:41:00 2025 Router (Red) [Headshot] Salt (Blue)
Wed Feb  5 10:41:00 2025 [2ch] sVinOreZ (Red) [Headshot] kason_mane (Blue)
Wed Feb  5 10:41:02 2025 [Global] |\\STALKER//| (Red): you ok mars'
Wed Feb  5 10:41:02 2025 Router (Red) [Headshot] by (Blue)
Wed Feb  5 10:41:04 2025 [2ch] sVinOreZ (Red) [Headshot] Reporauno (Blue)
Wed Feb  5 10:41:04 2025 Harry (Blue) [Headshot] [2ch] sVinOreZ (Red)
Wed Feb  5 10:41:07 2025 [Global] Marshmello (Red): yes
Wed Feb  5 10:41:10 2025  sago has unleashed an apocalypse from God.
Wed Feb  5 10:41:12 2025 [Global] Marshmello (Red): i think imma go after this one
Wed Feb  5 10:41:12 2025  The apocalypse begins in 5
Wed Feb  5 10:41:13 2025  The apocalypse begins in 4
Wed Feb  5 10:41:14 2025  The apocalypse begins in 3
Wed Feb  5 10:41:15 2025 liberal joined Red team
Wed Feb  5 10:41:15 2025  The apocalypse begins in 2
Wed Feb  5 10:41:16 2025  The apocalypse begins in 1
Wed Feb  5 10:41:17 2025 Mysterion (Blue) [Headshot] Tiger (Red)
Wed Feb  5 10:41:19 2025 sago (Red) [Grenade] kason_mane (Blue)
Wed Feb  5 10:41:20 2025 sago (Red) [Grenade] by (Blue)
Wed Feb  5 10:41:20 2025 sago (Red) [Grenade] Harry (Blue)
Wed Feb  5 10:41:21 2025 |\\STALKER//| (Red) [Melee] Elprosaso (Blue)
Wed Feb  5 10:41:21 2025 sago (Red) [Grenade] BomberManxres (Blue)
Wed Feb  5 10:41:21 2025  Use /HEAVEN to paint the babel platform!
Wed Feb  5 10:41:22 2025 sago (Red) [Grenade] Reporauno (Blue)
Wed Feb  5 10:41:23 2025 sago (Red) [Grenade] FL | Floppa:) (Blue)
Wed Feb  5 10:41:23 2025 Stefanonimo captured Blue's Intel.
Wed Feb  5 10:41:27 2025 sago (Red) [Grenade] Salt (Blue)
Wed Feb  5 10:41:29 2025 sago (Red) [Grenade] by (Blue)
Wed Feb  5 10:41:29 2025 sago (Red) [Grenade] Salt (Blue)
Wed Feb  5 10:41:29 2025 sago (Red) [Grenade] kason_mane (Blue)
Wed Feb  5 10:41:33 2025  The apocalypse has ended.
Wed Feb  5 10:41:33 2025 [Global] Marshmello (Red): nice
Wed Feb  5 10:41:34 2025 [2ch] sVinOreZ (Red) [Headshot] BomberManxres (Blue)
Wed Feb  5 10:41:42 2025 Marshmello picked up Blue's Intel.
Wed Feb  5 10:41:43 2025 Harry (Blue) [Headshot] Router (Red)
Wed Feb  5 10:41:45 2025 [2ch] sVinOreZ (Red) [Headshot] kason_mane (Blue)
Wed Feb  5 10:41:46 2025 [Global] Router (Red): STALKER GOOOOO
Wed Feb  5 10:41:49 2025 [Global] Router (Red): WOOOOOOOOOOOOOOO
Wed Feb  5 10:41:52 2025 [2ch] sVinOreZ (Red) [Headshot] Reporauno (Blue)
Wed Feb  5 10:41:54 2025 [2ch] sVinOreZ (Red) [Headshot] Harry (Blue)
Wed Feb  5 10:41:56 2025 [2ch] sVinOreZ (Red) [Headshot] by (Blue)
Wed Feb  5 10:41:57 2025 [2ch] sVinOreZ (Red) [Headshot] Salt (Blue)
Wed Feb  5 10:42:02 2025 [2ch] sVinOreZ (Red) [Headshot] BomberManxres (Blue)
Wed Feb  5 10:42:02 2025 [2ch] sVinOreZ (Red) [Headshot] kason_mane (Blue)
Wed Feb  5 10:42:04 2025 [Global] Router (Red): i am so pumped up right now
Wed Feb  5 10:42:06 2025 [2ch] sVinOreZ (Red) [Headshot] Elprosaso (Blue)
Wed Feb  5 10:42:08 2025 [2ch] sVinOreZ (Red) [Headshot] Harry (Blue)
Wed Feb  5 10:42:09 2025 Reporauno (Blue) [Headshot] Tiger (Red)
Wed Feb  5 10:42:09 2025 Marshmello captured Blue's Intel.
Wed Feb  5 10:42:11 2025 kason_mane (Blue) [Headshot] [2ch] sVinOreZ (Red)
Wed Feb  5 10:42:14 2025 [Global] Marshmello (Red): hm
Wed Feb  5 10:42:19 2025 Router (Red) [SMG] kason_mane (Blue)
Wed Feb  5 10:42:20 2025 [Global] [2ch] sVinOreZ (Red): why the fuck do you float
Wed Feb  5 10:42:21 2025  Get a 20 killstreak and 1 intel capture(s) to unlock /APOC!
Wed Feb  5 10:42:22 2025 Stefanonimo picked up Blue's Intel.
Wed Feb  5 10:42:26 2025 BomberManxres (Blue) [SMG] |\\STALKER//| (Red)
Wed Feb  5 10:42:31 2025 Router (Red) [Fall]
Wed Feb  5 10:42:33 2025 [Global] Marshmello (Red): hes high
Wed Feb  5 10:42:36 2025 [2ch] sVinOreZ (Red) [Headshot] by (Blue)
Wed Feb  5 10:42:38 2025 liberal (Red) [Headshot] Salt (Blue)
Wed Feb  5 10:42:39 2025 Player by has left
Wed Feb  5 10:42:41 2025 [2ch] sVinOreZ (Red) [Headshot] BomberManxres (Blue)
Wed Feb  5 10:42:44 2025 Stefanonimo dropped Blue's Intel
Wed Feb  5 10:42:44 2025  The intel has returned to the heavens
Wed Feb  5 10:42:44 2025 Reporauno (Blue) [SMG] Stefanonimo (Red)
Wed Feb  5 10:42:45 2025 Salt (Blue) [Headshot] Marshmello (Red)
Wed Feb  5 10:42:45 2025 [2ch] sVinOreZ (Red) [Headshot] kason_mane (Blue)
Wed Feb  5 10:42:45 2025 Marshmello (Red) [Grenade] Harry (Blue)
Wed Feb  5 10:42:45 2025 Marshmello (Red) [Grenade] Elprosaso (Blue)
Wed Feb  5 10:42:47 2025 Router (Red) [SMG] Reporauno (Blue)
Wed Feb  5 10:42:48 2025 [Global] Marshmello (Red): ez
Wed Feb  5 10:42:51 2025 [Global] Router (Red): REPO HOW THE FUCK
Wed Feb  5 10:42:54 2025 [Global] Harry (Blue): balance
Wed Feb  5 10:42:55 2025 [2ch] sVinOreZ (Red) [Headshot] Reporauno (Blue)
Wed Feb  5 10:42:55 2025 Player kason_mane has left
Wed Feb  5 10:42:56 2025 liberal (Red) [SMG] Salt (Blue)
Wed Feb  5 10:42:56 2025 [Global] Marshmello (Red): repohax
Wed Feb  5 10:42:56 2025 [2ch] sVinOreZ (Red) [Headshot] Elprosaso (Blue)
Wed Feb  5 10:43:04 2025 [Global] FL | Floppa:) (Blue): the cup liberating  is much better than the super bowl
Wed Feb  5 10:43:05 2025 [Global] Reporauno (Blue): yea its overpower in numbers and skill for red
Wed Feb  5 10:43:05 2025 |\\STALKER//| picked up Blue's Intel.
Wed Feb  5 10:43:12 2025 |\\STALKER//| (Red) [Headshot] BomberManxres (Blue)
Wed Feb  5 10:43:13 2025 |\\STALKER//| dropped Blue's Intel
Wed Feb  5 10:43:13 2025 Mysterion (Blue) [Headshot] |\\STALKER//| (Red)
Wed Feb  5 10:43:13 2025 [2ch] sVinOreZ (Red) [Rifle] Reporauno (Blue)
Wed Feb  5 10:43:17 2025 Harry (Blue) [Headshot] Tiger (Red)
Wed Feb  5 10:43:18 2025 [2ch] sVinOreZ (Red) [Headshot] Reporauno (Blue)
Wed Feb  5 10:43:18 2025 Router (Red) [SMG] Harry (Blue)
Wed Feb  5 10:43:20 2025 Router (Red) [Headshot] Salt (Blue)
Wed Feb  5 10:43:21 2025  Capture your team's 5th intel to unlock /APOC for your team's best builder!
Wed Feb  5 10:43:23 2025 PaskaJaakko (Red) [Rifle] FL | Floppa:) (Blue)
Wed Feb  5 10:43:24 2025 Stefanonimo picked up Blue's Intel.
Wed Feb  5 10:43:28 2025 Disconnecting
