Fri Feb  7 18:13:12 2025 ------ World Loaded ------
Fri Feb  7 18:13:13 2025 Welcome to aloha.pk tower of babel
Fri Feb  7 18:13:14 2025 Map: DrillUp by Danke
Fri Feb  7 18:13:16 2025 Game mode: babel
Fri Feb  7 18:13:17 2025 CarlosDuty (Red) [Headshot] Misi (Blue)
Fri Feb  7 18:13:18 2025 Build a tower to get the enemy's intel. Take it to your team's tent to win!
Fri Feb  7 18:13:18 2025 Misi (Blue) [Fall]
Fri Feb  7 18:13:20 2025 Visit our community forum at https://aloha.pk/
Fri Feb  7 18:13:22 2025 Come chat with us at https://discord.aloha.pk/
Fri Feb  7 18:13:28 2025 PixelPizza (Blue) [Headshot] Y.O.B.A. (Red)
Fri Feb  7 18:13:29 2025  KissUrDad has reached 1000 blocks placed! /heaven unlocked.
Fri Feb  7 18:13:37 2025 Reimu Hakurei (Blue) [SMG] coik (Red)
Fri Feb  7 18:13:41 2025 PixelPizza (Blue) [Headshot] Y.O.B.A. (Red)
Fri Feb  7 18:13:42 2025 IlikeTrains (Blue) [Headshot] KomaR (Red)
Fri Feb  7 18:13:43 2025 adryan f1 joined Blue team
Fri Feb  7 18:13:45 2025 Nassa (Blue) [Headshot] DogSwaggerDig (Red)
Fri Feb  7 18:13:49 2025 Stefanonimo (Red) [Shotgun] Bizonho (Blue)
Fri Feb  7 18:13:49 2025 [Global] DogSwaggerDig (Red): don't take my words to close to your heart btw ]]
Fri Feb  7 18:13:52 2025 [Global] Y.O.B.A. (Red): pizza is on fire
Fri Feb  7 18:13:54 2025 coik (Red) [Headshot] Reimu Hakurei (Blue)
Fri Feb  7 18:13:58 2025  This server runs imger and glow. Use /IMG or /GLOW to toggle them.
Fri Feb  7 18:14:02 2025 [Global] Y.O.B.A. (Red): aw
Fri Feb  7 18:14:02 2025 Disconnecting
