Sun Feb  9 18:03:55 2025 ------ World Loaded ------
Sun Feb  9 18:03:55 2025 -----------------------------------------------------------------------------------------
Sun Feb  9 18:03:57 2025 You have 2 IFAKs!
Sun Feb  9 18:03:57 2025 Welcome to the    [RF Tactical]    server!
Sun Feb  9 18:03:57 2025 RF-Tactical-Server 3...
Sun Feb  9 18:03:58 2025 RF-Tactical-Server 2...
Sun Feb  9 18:03:59 2025 Map: genmap60 by (unknown)
Sun Feb  9 18:03:59 2025 RF-Tactical-Server 1...
Sun Feb  9 18:04:00 2025 RF-Tactical-Server Time up! Next map: genmap34.
Sun Feb  9 18:04:01 2025 Game mode: ctf
Sun Feb  9 18:04:03 2025 Server powered by piqueserver and buildandshoot.com
Sun Feb  9 18:04:05 2025 -----------------------------------------------------------------------------------------
Sun Feb  9 18:04:07 2025 ANNOUNCEMENTS:
Sun Feb  9 18:04:09 2025 This is a brand new server, and as such it is being worked on.
Sun Feb  9 18:04:11 2025 In other words, the server may be taken down and put back up often for testing changes.
Sun Feb  9 18:04:11 2025 ------ World Unloaded ------
Sun Feb  9 18:04:14 2025 ------ World Loaded ------
Sun Feb  9 18:04:14 2025 If you are interested in helping, feel free to send a message to Random Fandom at...
Sun Feb  9 18:04:14 2025 -----------------------------------------------------------------------------------------
Sun Feb  9 18:04:14 2025 You have 2 IFAKs!
Sun Feb  9 18:04:15 2025 https://www.guilded.gg/i/E6gMW5D2
Sun Feb  9 18:04:15 2025 Welcome to the    [RF Tactical]    server!
Sun Feb  9 18:04:17 2025 We are looking for map makers in particular who can help make some large scale,
Sun Feb  9 18:04:17 2025 Map: genmap34 by (unknown)
Sun Feb  9 18:04:19 2025 realistic, natural looking, tactical maps similar to Arma 3 and Insurgency Sandstorm.
Sun Feb  9 18:04:19 2025 Game mode: ctf
Sun Feb  9 18:04:21 2025 Drill SGT. RebelAlpha reccommends you attend bootcamp at [TBA]!
Sun Feb  9 18:04:21 2025 Server powered by piqueserver and buildandshoot.com
Sun Feb  9 18:04:23 2025 -----------------------------------------------------------------------------------------
Sun Feb  9 18:04:23 2025 -----------------------------------------------------------------------------------------
Sun Feb  9 18:04:25 2025 RANDOM FANDOM:
Sun Feb  9 18:04:25 2025 ANNOUNCEMENTS:
Sun Feb  9 18:04:27 2025 This server is hosted by Random Fandom!
Sun Feb  9 18:04:27 2025 This is a brand new server, and as such it is being worked on.
Sun Feb  9 18:04:29 2025 Subscribe to RandomFandomOfficial on YouTube! https://youtube.com/randomfandomofficial
Sun Feb  9 18:04:29 2025 In other words, the server may be taken down and put back up often for testing changes.
Sun Feb  9 18:04:31 2025 Follow RandomFandomOfficial on Twitch! https://twitch.tv/randomfandomofficial
Sun Feb  9 18:04:31 2025 If you are interested in helping, feel free to send a message to Random Fandom at...
Sun Feb  9 18:04:33 2025 RandomFandomOfficial is also on LBRY/Odysee. Look for the Blue & Gold RF Logo.
Sun Feb  9 18:04:33 2025 https://www.guilded.gg/i/E6gMW5D2
Sun Feb  9 18:04:35 2025 Visit Random Fandom on the web at https://randomfandom.cf
Sun Feb  9 18:04:35 2025 We are looking for map makers in particular who can help make some large scale,
Sun Feb  9 18:04:37 2025 Check out Random Fandom's other profiles at https://randomfandom.cf/RFMG
Sun Feb  9 18:04:37 2025 realistic, natural looking, tactical maps similar to Arma 3 and Insurgency Sandstorm.
Sun Feb  9 18:04:39 2025 You can also donate to Random Fandom at https://randomfandom.cf/RFMG
Sun Feb  9 18:04:39 2025 Drill SGT. RebelAlpha reccommends you attend bootcamp at [TBA]!
Sun Feb  9 18:04:41 2025 -----------------------------------------------------------------------------------------
Sun Feb  9 18:04:41 2025 -----------------------------------------------------------------------------------------
Sun Feb  9 18:04:43 2025 SERVER INFO:
Sun Feb  9 18:04:43 2025 RANDOM FANDOM:
Sun Feb  9 18:04:45 2025 The server reboots at 0300 hours CST/CDST every day.
Sun Feb  9 18:04:45 2025 This server is hosted by Random Fandom!
Sun Feb  9 18:04:47 2025 Friendly fire enabled. Fall damage enabled. Melee damage is 25 per hit.
Sun Feb  9 18:04:47 2025 Subscribe to RandomFandomOfficial on YouTube! https://youtube.com/randomfandomofficial
Sun Feb  9 18:04:49 2025 Team balance is enabled. Team switching is restricted to 5 minutes.
Sun Feb  9 18:04:49 2025 Follow RandomFandomOfficial on Twitch! https://twitch.tv/randomfandomofficial
Sun Feb  9 18:04:51 2025 The respawn time is 15 seconds. Respawn waves is enabled.
Sun Feb  9 18:04:51 2025 RandomFandomOfficial is also on LBRY/Odysee. Look for the Blue & Gold RF Logo.
Sun Feb  9 18:04:52 2025 Disconnecting
