Fri Feb  7 22:02:56 2025 ------ World Loaded ------
Fri Feb  7 22:02:56 2025 Welcome to aloha.pk tower of babel
Fri Feb  7 22:02:57 2025 Map: Goonassault Japan by Lostmotel
Fri Feb  7 22:02:58 2025 EllFacha.  joined Red team
Fri Feb  7 22:02:59 2025 princesa savi (Red) [Fall]
Fri Feb  7 22:02:59 2025 Game mode: babel
Fri Feb  7 22:02:59 2025 ^w^ (Red) [Headshot] Otiinbr (Blue)
Fri Feb  7 22:03:00 2025 Team is full, moved to Red
Fri Feb  7 22:03:00 2025 princesa savi (Red) [Fall]
Fri Feb  7 22:03:00 2025 Otiinbr (Blue) [Fall]
Fri Feb  7 22:03:00 2025 [Global] Jamal (Blue): YEAH!
Fri Feb  7 22:03:01 2025 Build a tower to get the enemy's intel. Take it to your team's tent to win!
Fri Feb  7 22:03:03 2025 [Global] rinonel (Blue): xD
Fri Feb  7 22:03:03 2025 Visit our community forum at https://aloha.pk/
Fri Feb  7 22:03:05 2025 Come chat with us at https://discord.aloha.pk/
Fri Feb  7 22:03:08 2025 ^w^ (Red) [Headshot] emart (Blue)
Fri Feb  7 22:03:14 2025 You must be closer to the enemy's base to grenade blocks!
Fri Feb  7 22:03:15 2025 You must be closer to the enemy's base to grenade blocks!
Fri Feb  7 22:03:16 2025 You must be closer to the enemy's base to grenade blocks!
Fri Feb  7 22:03:20 2025 Deuce (Red) [Headshot] Otiinbr (Blue)
Fri Feb  7 22:03:20 2025 ^w^ (Red) [Headshot] emart (Blue)
Fri Feb  7 22:03:21 2025 [Global] Y.O.B.A. (Red): cop wwa not doin?
Fri Feb  7 22:03:26 2025 [Global] Y.O.B.A. (Red): ?
Fri Feb  7 22:03:29 2025 princesa savi (Red) [Headshot] Catodamex (Blue)
Fri Feb  7 22:03:32 2025 rinonel (Blue) [Melee] Harry (Red)
Fri Feb  7 22:03:34 2025 princesa savi (Red) [SMG] rinonel (Blue)
Fri Feb  7 22:03:36 2025 ^w^ (Red) [Headshot] emart (Blue)
Fri Feb  7 22:03:37 2025 Otiinbr (Blue) [Headshot] Deuce (Red)
Fri Feb  7 22:03:40 2025 [Global] Y.O.B.A. (Red): see
Fri Feb  7 22:03:41 2025 ^w^ (Red) [Headshot] rinonel (Blue)
Fri Feb  7 22:03:43 2025 Player emart has left
Fri Feb  7 22:03:47 2025 ^w^ (Red) [Headshot] Catodamex (Blue)
Fri Feb  7 22:03:49 2025 Otiinbr (Blue) [SMG] ^w^ (Red)
Fri Feb  7 22:03:53 2025 Harry (Red) [Headshot] Jamal (Blue)
Fri Feb  7 22:03:54 2025 ENTUSSIASMAO (Blue) [SMG] Harry (Red)
Fri Feb  7 22:03:54 2025 rinonel (Blue) [Headshot] EllFacha.  (Red)
Fri Feb  7 22:03:58 2025  If you believe a player is breaking the rules, please let us know with /ADMIN
Fri Feb  7 22:03:59 2025 [Global] Y.O.B.A. (Red): thats like 10 years ago
Fri Feb  7 22:04:15 2025 eddddd (Red) [Headshot] teiy (Blue)
Fri Feb  7 22:04:18 2025 [Global] Y.O.B.A. (Red): ok 0its mine 
Fri Feb  7 22:04:23 2025 [Global] Jamal (Blue): I'm gonna go and urinate, floss my teeth and shave after the other guard comes back from patrol
Fri Feb  7 22:04:25 2025 eddddd (Red) [Melee] Jemo (Blue)
Fri Feb  7 22:04:28 2025 [Global] Jamal (Blue): in 5 minutes
Fri Feb  7 22:04:31 2025 Catodamex (Blue) [Headshot] Harry (Red)
Fri Feb  7 22:04:31 2025 ^w^ (Red) [Headshot] Catodamex (Blue)
Fri Feb  7 22:04:34 2025 [Global] rinonel (Blue): gonna go too cya bros
Fri Feb  7 22:04:36 2025 [Global] rinonel (Blue): feel better yoba
Fri Feb  7 22:04:36 2025 [Global] Deuce (Red): shave what?
Fri Feb  7 22:04:39 2025 Player rinonel has left
Fri Feb  7 22:04:40 2025 eddddd (Red) [Shotgun] Jemo (Blue)
Fri Feb  7 22:04:40 2025 [Global] Y.O.B.A. (Red): stop
Fri Feb  7 22:04:41 2025 ^w^ (Red) [Headshot] Jamal (Blue)
Fri Feb  7 22:04:42 2025 [Global] Jamal (Blue): cya rinoonel
Fri Feb  7 22:04:45 2025 ENTUSSIASMAO (Blue) [SMG] princesa savi (Red)
Fri Feb  7 22:04:47 2025 Keevos joined Blue team
Fri Feb  7 22:04:50 2025 Catodamex (Blue) [Headshot] eddddd (Red)
Fri Feb  7 22:04:52 2025 ^w^ (Red) [Headshot] Otiinbr (Blue)
Fri Feb  7 22:04:53 2025 [Global] Jamal (Blue): my face
Fri Feb  7 22:04:58 2025  This server runs imger and glow. Use /IMG or /GLOW to toggle them.
Fri Feb  7 22:04:59 2025 You must be closer to the enemy's base to shoot blocks!
Fri Feb  7 22:05:01 2025 You must be closer to the enemy's base to shoot blocks!
Fri Feb  7 22:05:02 2025 You must be closer to the enemy's base to shoot blocks!
Fri Feb  7 22:05:03 2025 [Global] Y.O.B.A. (Red): cop
Fri Feb  7 22:05:03 2025 [Global] Deuce (Red): a'ight
Fri Feb  7 22:05:07 2025 You must be closer to the enemy's base to grenade blocks!
Fri Feb  7 22:05:07 2025 ^w^ (Red) [Headshot] Keevos (Blue)
Fri Feb  7 22:05:09 2025 teiy (Blue) [Headshot] princesa savi (Red)
Fri Feb  7 22:05:09 2025 ^w^ (Red) [Headshot] Otiinbr (Blue)
Fri Feb  7 22:05:13 2025 Control joined Blue team
Fri Feb  7 22:05:14 2025 Harry (Red) [Headshot] teiy (Blue)
Fri Feb  7 22:05:15 2025 [Global] Jamal (Blue): No, nightshift security guard
Fri Feb  7 22:05:22 2025 ^w^ (Red) [Headshot] Jamal (Blue)
Fri Feb  7 22:05:26 2025 [Global] Y.O.B.A. (Red): wanna steal ur shit
Fri Feb  7 22:05:31 2025 ENTUSSIASMAO (Blue) [SMG] Harry (Red)
Fri Feb  7 22:05:32 2025 You must be closer to the enemy's base to grenade blocks!
Fri Feb  7 22:05:34 2025 ^w^ (Red) [Rifle] teiy (Blue)
Fri Feb  7 22:05:35 2025 EllFacha.  (Red) [Headshot] Control (Blue)
Fri Feb  7 22:05:35 2025 eddddd (Red) [Shotgun] Catodamex (Blue)
Fri Feb  7 22:05:39 2025 ^w^ (Red) [Headshot] Jamal (Blue)
Fri Feb  7 22:05:47 2025 Jamal (Blue) [Headshot] EllFacha.  (Red)
Fri Feb  7 22:05:48 2025 [Global] Y.O.B.A. (Red): im here ccop
Fri Feb  7 22:05:52 2025 Deuce (Red) [SMG] Jemo (Blue)
Fri Feb  7 22:05:55 2025 Keevos (Blue) [Grenade]
Fri Feb  7 22:05:56 2025 Deuce (Red) [Grenade] Catodamex (Blue)
Fri Feb  7 22:05:57 2025 ENTUSSIASMAO (Blue) [Headshot] princesa savi (Red)
Fri Feb  7 22:05:58 2025  Use /EMOTE to draw an emote on the map!
Fri Feb  7 22:05:58 2025 Deuce (Red) [Headshot] teiy (Blue)
Fri Feb  7 22:06:00 2025 Deuce (Red) [SMG] Jemo (Blue)
Fri Feb  7 22:06:04 2025 You must be closer to the enemy's base to grenade blocks!
Fri Feb  7 22:06:07 2025 Deuce (Red) [SMG] Catodamex (Blue)
Fri Feb  7 22:06:10 2025 Deuce (Red) [Grenade] Otiinbr (Blue)
Fri Feb  7 22:06:13 2025 Deuce (Red) [Headshot] Keevos (Blue)
Fri Feb  7 22:06:14 2025 Deuce (Red) [SMG] Jemo (Blue)
Fri Feb  7 22:06:16 2025 Harry (Red) [Rifle] ENTUSSIASMAO (Blue)
Fri Feb  7 22:06:16 2025 teiy (Blue) [Melee] eddddd (Red)
Fri Feb  7 22:06:18 2025 Deuce (Red) [SMG] Keevos (Blue)
Fri Feb  7 22:06:26 2025 Catodamex (Blue) [Rifle] Deuce (Red)
Fri Feb  7 22:06:34 2025 [Global] Y.O.B.A. (Red): *0snitched 3  knifes**  cop see me
Fri Feb  7 22:06:35 2025 ^w^ (Red) [Headshot] Catodamex (Blue)
Fri Feb  7 22:06:48 2025 [Global] Deuce (Red): Y.O.B.A., you should sleep
Fri Feb  7 22:06:56 2025 Deuce (Red) [Headshot] teiy (Blue)
Fri Feb  7 22:06:58 2025  Use /HEAVEN to paint the babel platform!
Fri Feb  7 22:07:01 2025 [Global] Y.O.B.A. (Red): hehe
Fri Feb  7 22:07:03 2025 [Global] Deuce (Red): and stop drinking, please
Fri Feb  7 22:07:03 2025 Catodamex (Blue) [Headshot] eddddd (Red)
Fri Feb  7 22:07:04 2025 ^w^ (Red) [Headshot] Jamal (Blue)
Fri Feb  7 22:07:05 2025 [Global] Y.O.B.A. (Red): i snt
Fri Feb  7 22:07:09 2025 ENTUSSIASMAO (Blue) [SMG] Harry (Red)
Fri Feb  7 22:07:09 2025 Keevos (Blue) [Headshot] Deuce (Red)
Fri Feb  7 22:07:10 2025 ^w^ (Red) [Headshot] Keevos (Blue)
Fri Feb  7 22:07:11 2025 [Global] Y.O.B.A. (Red): cant
Fri Feb  7 22:07:12 2025 Player eddddd has left
Fri Feb  7 22:07:13 2025 ^w^ (Red) [Headshot] Otiinbr (Blue)
Fri Feb  7 22:07:18 2025 Jemo (Blue) [Headshot] EllFacha.  (Red)
Fri Feb  7 22:07:20 2025 ^w^ (Red) [Headshot] Jamal (Blue)
Fri Feb  7 22:07:27 2025 Harry (Red) [Headshot] ENTUSSIASMAO (Blue)
Fri Feb  7 22:07:28 2025 [Global] Y.O.B.A. (Red): 3 knifes is done
Fri Feb  7 22:07:33 2025 [Global] ^w^ (Red): you should put down the bot and pick up the blunt
Fri Feb  7 22:07:34 2025 Keevos (Blue) [Fall]
Fri Feb  7 22:07:43 2025 [Global] Y.O.B.A. (Red):   2 pictures
Fri Feb  7 22:07:53 2025 [Global] Y.O.B.A. (Red): wwalked near
Fri Feb  7 22:07:58 2025  Get a 20 killstreak and 1 intel capture(s) to unlock /APOC!
Fri Feb  7 22:07:59 2025 teiy (Blue) [Headshot] Harry (Red)
Fri Feb  7 22:08:03 2025 EllFacha.  (Red) [Weapon Change]
Fri Feb  7 22:08:08 2025 Deuce (Red) [SMG] Otiinbr (Blue)
Fri Feb  7 22:08:09 2025 Harry (Red) [Headshot] ENTUSSIASMAO (Blue)
Fri Feb  7 22:08:12 2025 ^w^ (Red) [Rifle] Jamal (Blue)
Fri Feb  7 22:08:16 2025 Deuce (Red) [SMG] Jemo (Blue)
Fri Feb  7 22:08:18 2025 [Global] Jamal (Blue): lol, I'm silly
Fri Feb  7 22:08:24 2025 [Global] Y.O.B.A. (Red): cop  iss afk
Fri Feb  7 22:08:28 2025 Keevos (Blue) [Headshot] ^w^ (Red)
Fri Feb  7 22:08:30 2025 Deuce (Red) [SMG] Jamal (Blue)
Fri Feb  7 22:08:40 2025 Jemo (Blue) [Headshot] Deuce (Red)
Fri Feb  7 22:08:40 2025 teiy (Blue) [Headshot] EllFacha.  (Red)
Fri Feb  7 22:08:42 2025 teiy (Blue) [SMG] Deuce (Red)
Fri Feb  7 22:08:46 2025 [Global] Y.O.B.A. (Red): yo i steal ur shit
Fri Feb  7 22:08:57 2025 Control (Blue) [Melee] Y.O.B.A. (Red)
Fri Feb  7 22:08:58 2025  Capture your team's 5th intel to unlock /APOC for your team's best builder!
Fri Feb  7 22:08:59 2025 teiy (Blue) [Headshot] princesa savi (Red)
Fri Feb  7 22:09:06 2025 Deuce (Red) [SMG] teiy (Blue)
Fri Feb  7 22:09:14 2025 ENTUSSIASMAO (Blue) [Headshot] Deuce (Red)
Fri Feb  7 22:09:18 2025 ^w^ (Red) [Headshot] Otiinbr (Blue)
Fri Feb  7 22:09:19 2025 teiy (Blue) [Headshot] ^w^ (Red)
Fri Feb  7 22:09:19 2025 Catodamex (Blue) [Headshot] princesa savi (Red)
Fri Feb  7 22:09:20 2025 [Global] Y.O.B.A. (Red): when u round  i did it
Fri Feb  7 22:09:30 2025 Keevos (Blue) [Grenade] Harry (Red)
Fri Feb  7 22:09:30 2025 Deuce (Red) [Melee] ENTUSSIASMAO (Blue)
Fri Feb  7 22:09:32 2025 Keevos (Blue) [Grenade] Deuce (Red)
Fri Feb  7 22:09:35 2025 [Global] Jamal (Blue): Goodbye everyone, have a great day :)
Fri Feb  7 22:09:39 2025 Player Jamal has left
Fri Feb  7 22:09:40 2025 Keevos (Blue) [Headshot] EllFacha.  (Red)
Fri Feb  7 22:09:45 2025 Deuce (Red) [Headshot] Keevos (Blue)
Fri Feb  7 22:09:45 2025 [Global] Y.O.B.A. (Red): hehe
Fri Feb  7 22:09:49 2025 [Global] Y.O.B.A. (Red): khm
Fri Feb  7 22:09:58 2025  Mahalo for playing aloha.pk tower of babel
Fri Feb  7 22:10:00 2025 [Global] Deuce (Red): using drugs/alcohol
Fri Feb  7 22:10:01 2025 [Global] Deuce (Red): so low
Fri Feb  7 22:10:02 2025 princesa savi (Red) [SMG] Catodamex (Blue)
Fri Feb  7 22:10:04 2025 Y.O.B.A. (Red) [SMG] Keevos (Blue)
Fri Feb  7 22:10:06 2025 Y.O.B.A. (Red) [Headshot] Catodamex (Blue)
Fri Feb  7 22:10:10 2025 [Global] Keevos (Blue): this game still fun hahah
Fri Feb  7 22:10:12 2025 ^w^ (Red) [Headshot] Control (Blue)
Fri Feb  7 22:10:18 2025 Otiinbr (Blue) [Headshot] Y.O.B.A. (Red)
Fri Feb  7 22:10:21 2025 ENTUSSIASMAO (Blue) [Headshot] princesa savi (Red)
Fri Feb  7 22:10:24 2025 ^w^ (Red) [Headshot] Jemo (Blue)
Fri Feb  7 22:10:25 2025 [Global] Y.O.B.A. (Red): using  drugs
Fri Feb  7 22:10:25 2025 ENTUSSIASMAO (Blue) [SMG] EllFacha.  (Red)
Fri Feb  7 22:10:28 2025 ENTUSSIASMAO (Blue) [SMG] Harry (Red)
Fri Feb  7 22:10:36 2025 [Global] Y.O.B.A. (Red): tgot a judgun
Fri Feb  7 22:10:39 2025 ^w^ (Red) [Headshot] Jemo (Blue)
Fri Feb  7 22:10:41 2025 Keevos (Blue) [Headshot] ^w^ (Red)
Fri Feb  7 22:10:47 2025 [Global] Y.O.B.A. (Red): did 500g 
Fri Feb  7 22:10:48 2025 Deuce (Red) [SMG] Otiinbr (Blue)
Fri Feb  7 22:10:57 2025 [Global] Y.O.B.A. (Red): 500g in ur
Fri Feb  7 22:10:58 2025  Build a tower to get the enemy's intel. Take it to your team's tent to win!
Fri Feb  7 22:11:06 2025 Deuce (Red) [Headshot] Jemo (Blue)
Fri Feb  7 22:11:07 2025 [Global] ^w^ (Red): alc is mid, smoke some kush YOBA real shit
Fri Feb  7 22:11:11 2025 princesa savi (Red) [Headshot] Keevos (Blue)
Fri Feb  7 22:11:12 2025 [Global] Y.O.B.A. (Red): had wjole worlddda
Fri Feb  7 22:11:15 2025 [Global] ^w^ (Red): gn everyone
Fri Feb  7 22:11:18 2025 Deuce (Red) [Headshot] Otiinbr (Blue)
Fri Feb  7 22:11:27 2025 ENTUSSIASMAO (Blue) [Headshot] EllFacha.  (Red)
Fri Feb  7 22:11:27 2025 [Global] ^w^ (Red): shit like that gives me anxiety
Fri Feb  7 22:11:28 2025 [Global] Deuce (Red): no
Fri Feb  7 22:11:40 2025 princesa savi (Red) [Fall]
Fri Feb  7 22:11:43 2025 Deuce (Red) [SMG] Otiinbr (Blue)
Fri Feb  7 22:11:46 2025 Keevos (Blue) [Headshot] Deuce (Red)
Fri Feb  7 22:11:47 2025 Deuce (Red) [Grenade] Jemo (Blue)
Fri Feb  7 22:11:47 2025 [Global] Y.O.B.A. (Red): yes
Fri Feb  7 22:11:52 2025 ^w^ (Red) [Headshot] teiy (Blue)
Fri Feb  7 22:11:58 2025  Type /HELP for info & commands
Fri Feb  7 22:12:01 2025 princesa savi (Red) [Headshot] ENTUSSIASMAO (Blue)
Fri Feb  7 22:12:20 2025 Keevos (Blue) [SMG] princesa savi (Red)
Fri Feb  7 22:12:20 2025 [Global] Deuce (Red): server is lagging again
Fri Feb  7 22:12:26 2025 Player EllFacha.  has left
Fri Feb  7 22:12:27 2025 Player ^w^ has left
Fri Feb  7 22:12:35 2025 Deuce (Red) [Grenade] teiy (Blue)
Fri Feb  7 22:12:41 2025 Keevos (Blue) [SMG] Harry (Red)
Fri Feb  7 22:12:46 2025 Keevos (Blue) [Headshot] princesa savi (Red)
Fri Feb  7 22:12:49 2025 Deuce (Red) [SMG] ENTUSSIASMAO (Blue)
Fri Feb  7 22:12:52 2025 piss_and_poop joined Red team
Fri Feb  7 22:12:52 2025 Deuce (Red) [SMG] Keevos (Blue)
Fri Feb  7 22:12:58 2025  Visit our community forums at https://aloha.pk/
Fri Feb  7 22:12:58 2025 [Global] Y.O.B.A. (Red): say it  again plz
Fri Feb  7 22:13:04 2025 [Global] piss_and_poop (Red): dn
Fri Feb  7 22:13:06 2025 [Global] Deuce (Red): it  again plz
Fri Feb  7 22:13:15 2025 [Global] Y.O.B.A. (Red): :3
Fri Feb  7 22:13:16 2025 Deuce (Red) [Headshot] Jemo (Blue)
Fri Feb  7 22:13:16 2025 Control (Blue) [Headshot] Deuce (Red)
Fri Feb  7 22:13:18 2025 [Global] Y.O.B.A. (Red): thx
Fri Feb  7 22:13:24 2025 [Global] Deuce (Red): No problem, brother.
Fri Feb  7 22:13:27 2025 ENTUSSIASMAO (Blue) [Headshot] princesa savi (Red)
Fri Feb  7 22:13:27 2025 teiy (Blue) [Headshot] Y.O.B.A. (Red)
Fri Feb  7 22:13:27 2025 Keevos (Blue) [Shotgun] piss_and_poop (Red)
Fri Feb  7 22:13:37 2025 Keevos (Blue) [Headshot] Y.O.B.A. (Red)
Fri Feb  7 22:13:47 2025 Keevos (Blue) [Headshot] piss_and_poop (Red)
Fri Feb  7 22:13:47 2025 Deuce (Red) [Melee] teiy (Blue)
Fri Feb  7 22:13:58 2025  Come chat with us at https://discord.aloha.pk/
Fri Feb  7 22:13:59 2025 piss_and_poop (Red) [Grenade] Keevos (Blue)
Fri Feb  7 22:14:01 2025 Deuce (Red) [Headshot] ENTUSSIASMAO (Blue)
Fri Feb  7 22:14:05 2025 [Global] piss_and_poop (Red): lol
Fri Feb  7 22:14:05 2025 [Global] Y.O.B.A. (Red): wwas hurt
Fri Feb  7 22:14:13 2025 Deuce (Red) [SMG] Otiinbr (Blue)
Fri Feb  7 22:14:16 2025 Deuce (Red) [Fall]
Fri Feb  7 22:14:26 2025 [Global] Deuce (Red): you hurt people when you use drugs/alcohol
Fri Feb  7 22:14:26 2025 Y.O.B.A. (Red) [Headshot] teiy (Blue)
Fri Feb  7 22:14:34 2025 [Global] Deuce (Red): Think about your family
Fri Feb  7 22:14:41 2025 Keevos (Blue) [Headshot] princesa savi (Red)
Fri Feb  7 22:14:43 2025 Keevos (Blue) [Headshot] Deuce (Red)
Fri Feb  7 22:14:45 2025 [Global] Y.O.B.A. (Red): maa family?
Fri Feb  7 22:14:53 2025 [Global] Y.O.B.A. (Red): rbe in my
Fri Feb  7 22:14:58 2025  If you believe a player is breaking the rules, please let us know with /ADMIN
Fri Feb  7 22:15:11 2025 Keevos (Blue) [Shotgun] Deuce (Red)
Fri Feb  7 22:15:12 2025 princesa savi (Red) [Headshot] Keevos (Blue)
Fri Feb  7 22:15:13 2025 Catodamex (Blue) [Headshot] Y.O.B.A. (Red)
Fri Feb  7 22:15:13 2025 piss_and_poop (Red) [Headshot] Otiinbr (Blue)
Fri Feb  7 22:15:24 2025 hui1lo joined Red team
Fri Feb  7 22:15:29 2025 [Global] Y.O.B.A. (Red): come. i have a kvartira
Fri Feb  7 22:15:30 2025 piss_and_poop (Red) [SMG] Otiinbr (Blue)
Fri Feb  7 22:15:31 2025 ENTUSSIASMAO (Blue) [Headshot] hui1lo (Red)
Fri Feb  7 22:15:33 2025 Jemo (Blue) [Headshot] piss_and_poop (Red)
Fri Feb  7 22:15:43 2025 teiy (Blue) [SMG] princesa savi (Red)
Fri Feb  7 22:15:58 2025 ENTUSSIASMAO (Blue) [Headshot] Deuce (Red)
Fri Feb  7 22:15:58 2025  This server runs imger and glow. Use /IMG or /GLOW to toggle them.
Fri Feb  7 22:15:59 2025 [Global] Y.O.B.A. (Red): i will ur
Fri Feb  7 22:16:04 2025 teiy (Blue) [Headshot] princesa savi (Red)
Fri Feb  7 22:16:04 2025 Control (Blue) [Grenade] Y.O.B.A. (Red)
Fri Feb  7 22:16:12 2025 Deuce (Red) [Headshot] ENTUSSIASMAO (Blue)
Fri Feb  7 22:16:28 2025 Control (Blue) [Rifle] piss_and_poop (Red)
Fri Feb  7 22:16:32 2025 teiy (Blue) [Headshot] Y.O.B.A. (Red)
Fri Feb  7 22:16:34 2025 hui1lo (Red) [SMG] teiy (Blue)
Fri Feb  7 22:16:35 2025 Keevos (Blue) [Shotgun] Deuce (Red)
Fri Feb  7 22:16:45 2025 [Global] Y.O.B.A. (Red): no body caant stop meh
Fri Feb  7 22:16:58 2025  Use /EMOTE to draw an emote on the map!
Fri Feb  7 22:17:08 2025 princesa savi (Red) [SMG] Keevos (Blue)
Fri Feb  7 22:17:15 2025 ENTUSSIASMAO (Blue) [Headshot] Harry (Red)
Fri Feb  7 22:17:19 2025 Deuce (Red) [SMG] Control (Blue)
Fri Feb  7 22:17:21 2025 ENTUSSIASMAO (Blue) [Headshot] Harry (Red)
Fri Feb  7 22:17:23 2025 Y.O.B.A. (Red) [Headshot] Catodamex (Blue)
Fri Feb  7 22:17:26 2025 Jemo (Blue) [Fall]
Fri Feb  7 22:17:29 2025 Otiinbr (Blue) [Grenade] Y.O.B.A. (Red)
Fri Feb  7 22:17:33 2025 Keevos (Blue) [Headshot] Deuce (Red)
Fri Feb  7 22:17:38 2025 [Global] Y.O.B.A. (Red): rssoeey  Jaamo
Fri Feb  7 22:17:42 2025 Player Control has left
Fri Feb  7 22:17:47 2025  Otiinbr has reached 1000 blocks placed! /heaven unlocked.
Fri Feb  7 22:17:50 2025 Keevos (Blue) [Grenade]
Fri Feb  7 22:17:51 2025 ENTUSSIASMAO (Blue) [Headshot] Y.O.B.A. (Red)
Fri Feb  7 22:17:53 2025 ENTUSSIASMAO (Blue) [Headshot] princesa savi (Red)
Fri Feb  7 22:17:55 2025 [Global] piss_and_poop (Red): lmfaoo
Fri Feb  7 22:17:58 2025 [Global] piss_and_poop (Red): keevos
Fri Feb  7 22:17:58 2025  Use /HEAVEN to paint the babel platform!
Fri Feb  7 22:18:06 2025 [Global] Deuce (Red): Keevos is brazilian
Fri Feb  7 22:18:11 2025 [Global] Keevos (Blue): ye
Fri Feb  7 22:18:12 2025 [Global] Deuce (Red): 90% sure he's cheater
Fri Feb  7 22:18:13 2025 [Global] Y.O.B.A. (Red): btw  u  assked
Fri Feb  7 22:18:15 2025 ENTUSSIASMAO (Blue) [Headshot] princesa savi (Red)
Fri Feb  7 22:18:22 2025 princesa savi (Red) [Headshot] ENTUSSIASMAO (Blue)
Fri Feb  7 22:18:27 2025 hui1lo (Red) [SMG] Catodamex (Blue)
Fri Feb  7 22:18:28 2025 [Global] piss_and_poop (Red): who?
Fri Feb  7 22:18:33 2025 [Global] Y.O.B.A. (Red): im rdy to
Fri Feb  7 22:18:36 2025 Deuce (Red) [Grenade] teiy (Blue)
Fri Feb  7 22:18:39 2025 Deuce (Red) [Headshot] ENTUSSIASMAO (Blue)
Fri Feb  7 22:18:40 2025 hui1lo (Red) [SMG] Catodamex (Blue)
Fri Feb  7 22:18:43 2025 ENTUSSIASMAO (Blue) [Headshot] piss_and_poop (Red)
Fri Feb  7 22:18:44 2025 hui1lo (Red) [Headshot] Jemo (Blue)
Fri Feb  7 22:18:44 2025 [Global] Keevos (Blue): huehue i just download the game for  remember my childreen
Fri Feb  7 22:18:46 2025 Deuce (Red) [Headshot] Otiinbr (Blue)
Fri Feb  7 22:18:51 2025 Keevos (Blue) [Headshot] Deuce (Red)
Fri Feb  7 22:18:53 2025 [Global] piss_and_poop (Red): same
Fri Feb  7 22:18:54 2025 [Global] Y.O.B.A. (Red): who? i dont kno
Fri Feb  7 22:18:58 2025  Get a 20 killstreak and 1 intel capture(s) to unlock /APOC!
Fri Feb  7 22:19:02 2025 [Global] Y.O.B.A. (Red): sane
Fri Feb  7 22:19:04 2025 [Global] Keevos (Blue): i dont need any cheat
Fri Feb  7 22:19:06 2025 [Global] Y.O.B.A. (Red): wanna?
Fri Feb  7 22:19:13 2025 Control joined Blue team
Fri Feb  7 22:19:20 2025 piss_and_poop (Red) [SMG] Keevos (Blue)
Fri Feb  7 22:19:26 2025 piss_and_poop (Red) [Headshot] teiy (Blue)
Fri Feb  7 22:19:33 2025 princesa savi (Red) [Fall]
Fri Feb  7 22:19:45 2025 NEGUINDAFAVELA joined Blue team
Fri Feb  7 22:19:47 2025 Deuce1 joined Red team
Fri Feb  7 22:19:49 2025 you are fired joined Red team
Fri Feb  7 22:19:51 2025 Player Otiinbr has left
Fri Feb  7 22:19:58 2025  Capture your team's 5th intel to unlock /APOC for your team's best builder!
Fri Feb  7 22:19:59 2025 piss_and_poop (Red) [Headshot] Catodamex (Blue)
Fri Feb  7 22:20:01 2025 [Global] Y.O.B.A. (Red): dj bladman hbkn
Fri Feb  7 22:20:02 2025 piss_and_poop (Red) [Headshot] NEGUINDAFAVELA (Blue)
Fri Feb  7 22:20:03 2025 Deuce (Red) [SMG] Keevos (Blue)
Fri Feb  7 22:20:06 2025 Otiinbr joined Blue team
Fri Feb  7 22:20:08 2025 piss_and_poop (Red) [Headshot] NEGUINDAFAVELA (Blue)
Fri Feb  7 22:20:08 2025 piss_and_poop (Red) [Headshot] Keevos (Blue)
Fri Feb  7 22:20:10 2025 Otiinbr (Blue) [Headshot] piss_and_poop (Red)
Fri Feb  7 22:20:15 2025 Deuce (Red) [Headshot] ENTUSSIASMAO (Blue)
Fri Feb  7 22:20:18 2025 Otiinbr (Blue) [SMG] Y.O.B.A. (Red)
Fri Feb  7 22:20:18 2025 teiy (Blue) [Headshot] piss_and_poop (Red)
Fri Feb  7 22:20:31 2025 [Global] Y.O.B.A. (Red): huli  ty hotel
Fri Feb  7 22:20:31 2025 princesa savi (Red) [SMG] teiy (Blue)
Fri Feb  7 22:20:40 2025 Deuce (Red) [Grenade] Keevos (Blue)
Fri Feb  7 22:20:41 2025 Control (Blue) [Headshot] Deuce (Red)
Fri Feb  7 22:20:54 2025 Control (Blue) [SMG] you are fired (Red)
Fri Feb  7 22:20:58 2025  Mahalo for playing aloha.pk tower of babel
Fri Feb  7 22:20:58 2025 Otiinbr (Blue) [SMG]
Fri Feb  7 22:21:01 2025 [Global] Y.O.B.A. (Red): i lost maa fren
Fri Feb  7 22:21:13 2025 Deuce2 joined Blue team
Fri Feb  7 22:21:14 2025 teiy (Blue) [SMG] you are fired (Red)
Fri Feb  7 22:21:21 2025 teiy (Blue) [SMG] Y.O.B.A. (Red)
Fri Feb  7 22:21:24 2025 NEGUINDAFAVELA (Blue) [Headshot] princesa savi (Red)
Fri Feb  7 22:21:25 2025 Keevos (Blue) [Grenade]
Fri Feb  7 22:21:33 2025 you are fired (Red) [Headshot] teiy (Blue)
Fri Feb  7 22:21:39 2025 [Global] Y.O.B.A. (Red): stechkin pistole was not  on place
Fri Feb  7 22:21:44 2025 NEGUINDAFAVELA (Blue) [Headshot] piss_and_poop (Red)
Fri Feb  7 22:21:49 2025 NEGUINDAFAVELA (Blue) [Headshot] princesa savi (Red)
Fri Feb  7 22:21:50 2025 NEGUINDAFAVELA (Blue) [Headshot] Deuce (Red)
Fri Feb  7 22:21:51 2025 NEGUINDAFAVELA (Blue) [Headshot] Harry (Red)
Fri Feb  7 22:21:54 2025 you are fired (Red) [Headshot] teiy (Blue)
Fri Feb  7 22:21:57 2025 Deuce1 (Red) [Weapon Change]
Fri Feb  7 22:21:58 2025  Build a tower to get the enemy's intel. Take it to your team's tent to win!
Fri Feb  7 22:22:04 2025 Deuce1 joined Spectator team
Fri Feb  7 22:22:13 2025 princesa savi (Red) [SMG] NEGUINDAFAVELA (Blue)
Fri Feb  7 22:22:14 2025 Control (Blue) [Fall]
Fri Feb  7 22:22:16 2025 teiy (Blue) [Headshot] you are fired (Red)
Fri Feb  7 22:22:18 2025 [Global] Y.O.B.A. (Red): my ne lyubim  ih oni ne  lyyubat nas
Fri Feb  7 22:22:20 2025 Keevos (Blue) [Headshot] princesa savi (Red)
Fri Feb  7 22:22:25 2025 [Global] teiy (Blue): no you are fired
Fri Feb  7 22:22:30 2025  50 minutes remaining.
Fri Feb  7 22:22:40 2025 Keevos (Blue) [Headshot] Harry (Red)
Fri Feb  7 22:22:50 2025 [Global] Y.O.B.A. (Red): mb
Fri Feb  7 22:22:53 2025 Deuce1 joined Red team
Fri Feb  7 22:22:58 2025 Keevos (Blue) [Headshot] princesa savi (Red)
Fri Feb  7 22:22:58 2025  Type /HELP for info & commands
Fri Feb  7 22:23:05 2025 NEGUINDAFAVELA (Blue) [Headshot] you are fired (Red)
Fri Feb  7 22:23:06 2025 Harry (Red) [Headshot] teiy (Blue)
Fri Feb  7 22:23:23 2025 NEGUINDAFAVELA (Blue) [Headshot] Deuce (Red)
Fri Feb  7 22:23:24 2025 piss_and_poop (Red) [Headshot] Keevos (Blue)
Fri Feb  7 22:23:27 2025 [Global] piss_and_poop (Red): gotcha
Fri Feb  7 22:23:32 2025 [Global] Keevos (Blue): xD
Fri Feb  7 22:23:38 2025 Control (Blue) [Headshot] Y.O.B.A. (Red)
Fri Feb  7 22:23:38 2025 NEGUINDAFAVELA (Blue) [Headshot] princesa savi (Red)
Fri Feb  7 22:23:39 2025 [Global] Keevos (Blue): nice shot
Fri Feb  7 22:23:43 2025 [Global] piss_and_poop (Red): lol u see me?
Fri Feb  7 22:23:49 2025 [Global] Y.O.B.A. (Red): waas
Fri Feb  7 22:23:49 2025 [Global] Keevos (Blue): ye
Fri Feb  7 22:23:58 2025  Visit our community forums at https://aloha.pk/
Fri Feb  7 22:23:59 2025 [Global] Y.O.B.A. (Red): was nice
Fri Feb  7 22:24:02 2025  NEGUINDAFAVELA was banned.
Fri Feb  7 22:24:02 2025 Player NEGUINDAFAVELA has left
Fri Feb  7 22:24:06 2025 [Global] Keevos (Blue): i shoot you but i miss
Fri Feb  7 22:24:07 2025 [Global] Deuce (Red): thx admin
Fri Feb  7 22:24:10 2025 Harry (Red) [Headshot] teiy (Blue)
Fri Feb  7 22:24:12 2025 piss_and_poop (Red) [Rifle]
Fri Feb  7 22:24:15 2025 Keevos (Blue) [Headshot] Deuce (Red)
Fri Feb  7 22:24:16 2025 [Global] Deuce (Red): btw, he was brazilian
Fri Feb  7 22:24:19 2025 Keevos (Blue) [Rifle] Harry (Red)
Fri Feb  7 22:24:21 2025 princesa savi (Red) [SMG] Keevos (Blue)
Fri Feb  7 22:24:31 2025 Lewis joined Red team
Fri Feb  7 22:24:32 2025 Control (Blue) [Headshot] you are fired (Red)
Fri Feb  7 22:24:39 2025 [Global] piss_and_poop (Red): obrigado
Fri Feb  7 22:24:51 2025 Deuce (Red) [Headshot] ENTUSSIASMAO (Blue)
Fri Feb  7 22:24:52 2025 [Global] Keevos (Blue): de nada
Fri Feb  7 22:24:56 2025 [Global] Y.O.B.A. (Red): u no
Fri Feb  7 22:24:57 2025 Control (Blue) [SMG] piss_and_poop (Red)
Fri Feb  7 22:24:58 2025  Come chat with us at https://discord.aloha.pk/
Fri Feb  7 22:25:00 2025 princesa savi (Red) [SMG] teiy (Blue)
Fri Feb  7 22:25:03 2025 [Global] Deuce (Red): I'm just pointing facts
Fri Feb  7 22:25:05 2025 Keevos (Blue) [Grenade] Deuce (Red)
Fri Feb  7 22:25:11 2025 Keevos (Blue) [Grenade] Lewis (Red)
Fri Feb  7 22:25:21 2025 [Global] Y.O.B.A. (Red): i  was  in that grraay fog
Fri Feb  7 22:25:27 2025 Keevos (Blue) [Rifle] princesa savi (Red)
Fri Feb  7 22:25:27 2025 Harry (Red) [Headshot] Keevos (Blue)
Fri Feb  7 22:25:40 2025  ENTUSSIASMAO was kicked: Rapid hack detected
Fri Feb  7 22:25:40 2025 Player ENTUSSIASMAO has left
Fri Feb  7 22:25:40 2025 Deuce (Red) [Grenade] Control (Blue)
Fri Feb  7 22:25:45 2025 piss_and_poop (Red) [Headshot] Otiinbr (Blue)
Fri Feb  7 22:25:48 2025 piss_and_poop (Red) [Headshot] Jemo (Blue)
Fri Feb  7 22:25:56 2025 ENTUSSIASMAO joined Blue team
Fri Feb  7 22:25:58 2025  If you believe a player is breaking the rules, please let us know with /ADMIN
Fri Feb  7 22:26:00 2025 Deuce (Red) [SMG] ENTUSSIASMAO (Blue)
Fri Feb  7 22:26:01 2025 Deuce (Red) [SMG] Control (Blue)
Fri Feb  7 22:26:02 2025 Harry (Red) [Headshot] teiy (Blue)
Fri Feb  7 22:26:02 2025 Otiinbr (Blue) [SMG] you are fired (Red)
Fri Feb  7 22:26:05 2025 [Global] Y.O.B.A. (Red): how u doing&
Fri Feb  7 22:26:07 2025 Deuce (Red) [SMG] Otiinbr (Blue)
Fri Feb  7 22:26:17 2025 Deuce (Red) [SMG] teiy (Blue)
Fri Feb  7 22:26:23 2025 Keevos (Blue) [Headshot] piss_and_poop (Red)
Fri Feb  7 22:26:23 2025 Otiinbr (Blue) [Headshot] Deuce (Red)
Fri Feb  7 22:26:27 2025 Player Deuce1 has left
Fri Feb  7 22:26:27 2025 Harry (Red) [Headshot] Keevos (Blue)
Fri Feb  7 22:26:28 2025 [Global] piss_and_poop (Red): where
Fri Feb  7 22:26:31 2025 [Global] piss_and_poop (Red): loll
Fri Feb  7 22:26:33 2025 [Global] Keevos (Blue): back side
Fri Feb  7 22:26:39 2025 ENTUSSIASMAO (Blue) [SMG] you are fired (Red)
Fri Feb  7 22:26:52 2025 [Global] Y.O.B.A. (Red): t0wwana asked
Fri Feb  7 22:26:58 2025  This server runs imger and glow. Use /IMG or /GLOW to toggle them.
Fri Feb  7 22:27:00 2025 piss_and_poop (Red) [Headshot] Otiinbr (Blue)
Fri Feb  7 22:27:01 2025 piss_and_poop (Red) [Headshot] Jemo (Blue)
Fri Feb  7 22:27:09 2025 Otiinbr (Blue) [Headshot] Lewis (Red)
Fri Feb  7 22:27:10 2025 Harry (Red) [Headshot] Keevos (Blue)
Fri Feb  7 22:27:15 2025 teiy (Blue) [Headshot] Harry (Red)
Fri Feb  7 22:27:28 2025 teiy (Blue) [SMG] princesa savi (Red)
Fri Feb  7 22:27:28 2025 ENTUSSIASMAO (Blue) [Grenade] you are fired (Red)
Fri Feb  7 22:27:39 2025 Keevos (Blue) [Fall]
Fri Feb  7 22:27:39 2025 Harry (Red) [Headshot] teiy (Blue)
Fri Feb  7 22:27:41 2025 piss_and_poop (Red) [Headshot] Control (Blue)
Fri Feb  7 22:27:45 2025 piss_and_poop (Red) [Headshot] Jemo (Blue)
Fri Feb  7 22:27:53 2025 [Global] Y.O.B.A. (Red): moi garlem
Fri Feb  7 22:27:58 2025  Use /EMOTE to draw an emote on the map!
Fri Feb  7 22:28:11 2025 Jemo (Blue) [Headshot] piss_and_poop (Red)
Fri Feb  7 22:28:13 2025 teiy (Blue) [SMG] Harry (Red)
Fri Feb  7 22:28:14 2025 Harry (Red) [Grenade] teiy (Blue)
Fri Feb  7 22:28:14 2025 You must be closer to the enemy's base to grenade blocks!
Fri Feb  7 22:28:15 2025 you are fired (Red) [SMG] Catodamex (Blue)
Fri Feb  7 22:28:19 2025 [Global] piss_and_poop (Red): nice
Fri Feb  7 22:28:20 2025 Otiinbr (Blue) [SMG] Harry (Red)
Fri Feb  7 22:28:20 2025 ENTUSSIASMAO (Blue) [Headshot] you are fired (Red)
Fri Feb  7 22:28:21 2025 princesa savi (Red) [Headshot] Keevos (Blue)
Fri Feb  7 22:28:24 2025 [Global] Deuce (Red): wtf
Fri Feb  7 22:28:35 2025 You must be closer to the enemy's base to grenade blocks!
Fri Feb  7 22:28:38 2025 [Global] Y.O.B.A. (Red): nbot  jusst  
Fri Feb  7 22:28:45 2025 Harry (Red) [Rifle] Otiinbr (Blue)
Fri Feb  7 22:28:50 2025 Control (Blue) [SMG] Y.O.B.A. (Red)
Fri Feb  7 22:28:58 2025 ENTUSSIASMAO (Blue) [Fall]
Fri Feb  7 22:28:58 2025  Use /HEAVEN to paint the babel platform!
Fri Feb  7 22:29:03 2025 [Global] Y.O.B.A. (Red): looksss lke im
Fri Feb  7 22:29:04 2025 you are fired (Red) [Headshot] Jemo (Blue)
Fri Feb  7 22:29:04 2025 teiy (Blue) [Headshot] Y.O.B.A. (Red)
Fri Feb  7 22:29:06 2025 teiy (Blue) [Headshot] piss_and_poop (Red)
Fri Feb  7 22:29:07 2025 teiy (Blue) [SMG] hui1lo (Red)
Fri Feb  7 22:29:08 2025 Deuce (Red) [SMG] teiy (Blue)
Fri Feb  7 22:29:09 2025 [Global] piss_and_poop (Red): lol
Fri Feb  7 22:29:11 2025 Otiinbr (Blue) [Headshot] Lewis (Red)
Fri Feb  7 22:29:15 2025 princesa savi picked up Blue's Intel.
Fri Feb  7 22:29:18 2025 Catodamex (Blue) [Headshot] you are fired (Red)
Fri Feb  7 22:29:23 2025 [Global] Y.O.B.A. (Red): noy that wwhat u
Fri Feb  7 22:29:35 2025 Harry (Red) [Headshot] Otiinbr (Blue)
Fri Feb  7 22:29:36 2025 Harry (Red) [Fall]
Fri Feb  7 22:29:36 2025 princesa savi dropped Blue's Intel
Fri Feb  7 22:29:36 2025  The intel has returned to the heavens
Fri Feb  7 22:29:36 2025 princesa savi (Red) [Fall]
Fri Feb  7 22:29:37 2025 [Global] Y.O.B.A. (Red): shit
Fri Feb  7 22:29:37 2025  hui1lo is disabled from building
Fri Feb  7 22:29:43 2025 ENTUSSIASMAO (Blue) [Headshot] you are fired (Red)
Fri Feb  7 22:29:43 2025 princesa savi (Red) [Headshot] Deuce2 (Blue)
Fri Feb  7 22:29:46 2025 Deuce2 (Blue) [Grenade]
Fri Feb  7 22:29:51 2025 Deuce (Red) [Headshot] ENTUSSIASMAO (Blue)
Fri Feb  7 22:29:52 2025 [Global] piss_and_poop (Red): LOLL
Fri Feb  7 22:29:57 2025 teiy (Blue) [Headshot] Lewis (Red)
Fri Feb  7 22:29:58 2025  Get a 20 killstreak and 1 intel capture(s) to unlock /APOC!
Fri Feb  7 22:29:59 2025 Keevos (Blue) [Rifle] Deuce (Red)
Fri Feb  7 22:30:01 2025  Harry has reached 1000 blocks placed! /heaven unlocked.
Fri Feb  7 22:30:01 2025 Type /heavenlist to view available images. /heaven <name> to confirm.
Fri Feb  7 22:30:01 2025 Want your country's flag instead? Type /heaven country (or any alpha-2 code)
Fri Feb  7 22:30:03 2025 [Global] Y.O.B.A. (Red): but i  wwant
Fri Feb  7 22:30:07 2025 Keevos (Blue) [Headshot] Harry (Red)
Fri Feb  7 22:30:13 2025 Naja joined Blue team
Fri Feb  7 22:30:15 2025 Jemo (Blue) [Headshot] you are fired (Red)
Fri Feb  7 22:30:19 2025 Lewis (Red) [Weapon Change]
Fri Feb  7 22:30:20 2025 [Global] Deuce (Red): hey Naja
Fri Feb  7 22:30:20 2025  hui1lo please don't build swastikas
Fri Feb  7 22:30:20 2025 [Global] Naja (Blue): we still on this map?
Fri Feb  7 22:30:21 2025 Control (Blue) [SMG] Y.O.B.A. (Red)
Fri Feb  7 22:30:24 2025 [Global] Naja (Blue): hello
Fri Feb  7 22:30:28 2025 Alexander joined Blue team
Fri Feb  7 22:30:28 2025 [Global] Y.O.B.A. (Red): wwant   aa
Fri Feb  7 22:30:38 2025 [Global] Y.O.B.A. (Red): hi
Fri Feb  7 22:30:39 2025 Harry (Red) [Fall]
Fri Feb  7 22:30:42 2025 Deuce (Red) [Headshot] Otiinbr (Blue)
Fri Feb  7 22:30:44 2025 you are fired (Red) [Headshot] Control (Blue)
Fri Feb  7 22:30:48 2025 Keevos (Blue) [Headshot] piss_and_poop (Red)
Fri Feb  7 22:30:50 2025 princesa savi (Red) [Headshot] Naja (Blue)
Fri Feb  7 22:30:50 2025 Deuce (Red) [Melee] Keevos (Blue)
Fri Feb  7 22:30:55 2025 You must be closer to the enemy's base to grenade blocks!
Fri Feb  7 22:30:55 2025 [Global] Y.O.B.A. (Red): hello naja
Fri Feb  7 22:30:56 2025 You must be closer to the enemy's base to grenade blocks!
Fri Feb  7 22:30:57 2025 You must be closer to the enemy's base to grenade blocks!
Fri Feb  7 22:30:58 2025 princesa savi (Red) [SMG] Jemo (Blue)
Fri Feb  7 22:30:58 2025  Capture your team's 5th intel to unlock /APOC for your team's best builder!
Fri Feb  7 22:30:59 2025 Catodamex (Blue) [Headshot] you are fired (Red)
Fri Feb  7 22:31:02 2025 [Global] Naja (Blue): hello yoba
Fri Feb  7 22:31:07 2025 Alexander (Blue) [Headshot] Harry (Red)
Fri Feb  7 22:31:07 2025 [Global] Keevos (Blue): the shovel O.o
Fri Feb  7 22:31:12 2025 [Global] Y.O.B.A. (Red): waanna?
Fri Feb  7 22:31:20 2025 princesa savi picked up Blue's Intel.
Fri Feb  7 22:31:21 2025 Keevos (Blue) [Headshot] piss_and_poop (Red)
Fri Feb  7 22:31:22 2025 hui1lo (Red) [Headshot] Keevos (Blue)
Fri Feb  7 22:31:28 2025 Naja (Blue) [SMG] Y.O.B.A. (Red)
Fri Feb  7 22:31:28 2025 Harry (Red) [Headshot] Naja (Blue)
Fri Feb  7 22:31:29 2025 Otiinbr (Blue) [SMG] Lewis (Red)
Fri Feb  7 22:31:34 2025 princesa savi dropped Blue's Intel
Fri Feb  7 22:31:34 2025  The intel has returned to the heavens
Fri Feb  7 22:31:34 2025 Alexander (Blue) [Headshot] princesa savi (Red)
Fri Feb  7 22:31:38 2025 [Global] Lewis (Red): y
Fri Feb  7 22:31:42 2025 Lewis (Red) [Weapon Change]
Fri Feb  7 22:31:43 2025 Harry (Red) [Headshot] Jemo (Blue)
Fri Feb  7 22:31:44 2025 You must be closer to the enemy's base to shoot blocks!
Fri Feb  7 22:31:44 2025 Control (Blue) [SMG] Harry (Red)
Fri Feb  7 22:31:47 2025 Keevos (Blue) [Headshot] you are fired (Red)
Fri Feb  7 22:31:49 2025 teiy (Blue) [Grenade]
Fri Feb  7 22:31:50 2025 piss_and_poop (Red) [Grenade] Alexander (Blue)
Fri Feb  7 22:31:54 2025 [Global] piss_and_poop (Red): GOTCGA
Fri Feb  7 22:31:56 2025 [Global] piss_and_poop (Red): OOO
Fri Feb  7 22:31:58 2025  Mahalo for playing aloha.pk tower of babel
Fri Feb  7 22:31:59 2025 [Global] piss_and_poop (Red): BIG BRAIN PAY
Fri Feb  7 22:32:00 2025 princesa savi (Red) [SMG] Otiinbr (Blue)
Fri Feb  7 22:32:05 2025 [Global] Y.O.B.A. (Red): Naja
Fri Feb  7 22:32:12 2025 Alexander (Blue) [Headshot] princesa savi (Red)
Fri Feb  7 22:32:13 2025 you are fired (Red) [Headshot] ENTUSSIASMAO (Blue)
Fri Feb  7 22:32:16 2025 [Global] Naja (Blue): ye
Fri Feb  7 22:32:16 2025 Harry (Red) [Fall]
Fri Feb  7 22:32:21 2025 Alexander (Blue) [Headshot] Lewis (Red)
Fri Feb  7 22:32:21 2025 Alexander (Blue) [Headshot] piss_and_poop (Red)
Fri Feb  7 22:32:22 2025 Player hui1lo has left
Fri Feb  7 22:32:24 2025 Player Lewis has left
Fri Feb  7 22:32:26 2025 Alexander (Blue) [Rifle] Deuce (Red)
Fri Feb  7 22:32:26 2025 [Global] Y.O.B.A. (Red): i got a aan apartmenss
Fri Feb  7 22:32:29 2025 ENTUSSIASMAO (Blue) [Headshot] you are fired (Red)
Fri Feb  7 22:32:30 2025 Jemo (Blue) [Grenade]
Fri Feb  7 22:32:30 2025  40 minutes remaining.
Fri Feb  7 22:32:31 2025 [Global] Naja (Blue): cognrats man
Fri Feb  7 22:32:32 2025 [Global] Naja (Blue): where?
Fri Feb  7 22:32:33 2025 Keevos (Blue) [Headshot] Harry (Red)
Fri Feb  7 22:32:39 2025 Control (Blue) [Headshot] piss_and_poop (Red)
Fri Feb  7 22:32:45 2025 Keevos (Blue) [Headshot] Deuce (Red)
Fri Feb  7 22:32:50 2025 Keevos (Blue) [Headshot] Harry (Red)
Fri Feb  7 22:32:54 2025 princesa savi (Red) [Headshot] Otiinbr (Blue)
Fri Feb  7 22:32:57 2025 [Global] Y.O.B.A. (Red): got aa srug~
Fri Feb  7 22:32:58 2025  Build a tower to get the enemy's intel. Take it to your team's tent to win!
Fri Feb  7 22:33:04 2025 Harry (Red) [Headshot] Keevos (Blue)
Fri Feb  7 22:33:06 2025 Deuce (Red) [Headshot] Naja (Blue)
Fri Feb  7 22:33:09 2025 Herobrine joined Red team
Fri Feb  7 22:33:09 2025 Harry (Red) [Headshot] Jemo (Blue)
Fri Feb  7 22:33:15 2025 Catodamex (Blue) [Headshot] you are fired (Red)
Fri Feb  7 22:33:19 2025 haritom joined Red team
Fri Feb  7 22:33:20 2025 ENTUSSIASMAO (Blue) [Fall]
Fri Feb  7 22:33:23 2025 [Global] Naja (Blue): this is why the rifle is limiting sometimes
Fri Feb  7 22:33:28 2025 [Global] haritom (Red): NAJAAAAAAAAA
Fri Feb  7 22:33:29 2025 Deuce (Red) [Headshot] Control (Blue)
Fri Feb  7 22:33:31 2025 Herobrine (Red) [SMG] Naja (Blue)
Fri Feb  7 22:33:33 2025 piss_and_poop (Red) [Headshot] Otiinbr (Blue)
Fri Feb  7 22:33:33 2025 Alexander (Blue) [Headshot] princesa savi (Red)
Fri Feb  7 22:33:35 2025 [Global] Naja (Blue): haritommmm hola
Fri Feb  7 22:33:35 2025 [Global] Y.O.B.A. (Red): kay whch  uwat
Fri Feb  7 22:33:37 2025 Deuce (Red) [Headshot] Jemo (Blue)
Fri Feb  7 22:33:42 2025 Keevos (Blue) [Headshot] haritom (Red)
Fri Feb  7 22:33:44 2025 you are fired (Red) [SMG] Catodamex (Blue)
Fri Feb  7 22:33:47 2025 Keevos (Blue) [Fall]
Fri Feb  7 22:33:49 2025 [Global] haritom (Red): HOLA NAJAAAAAAAAA
Fri Feb  7 22:33:50 2025 you are fired (Red) [Headshot] ENTUSSIASMAO (Blue)
Fri Feb  7 22:33:50 2025 teiy picked up Red's Intel.
Fri Feb  7 22:33:57 2025 Alexander (Blue) [Headshot] haritom (Red)
Fri Feb  7 22:33:58 2025 Alexander (Blue) [Headshot] Y.O.B.A. (Red)
Fri Feb  7 22:33:58 2025  Type /HELP for info & commands
Fri Feb  7 22:33:58 2025 [Global] haritom (Red): A
Fri Feb  7 22:34:03 2025 ENTUSSIASMAO (Blue) [Headshot] you are fired (Red)
Fri Feb  7 22:34:03 2025 [Global] haritom (Red): A
Fri Feb  7 22:34:07 2025 princesa savi (Red) [Headshot] ENTUSSIASMAO (Blue)
Fri Feb  7 22:34:14 2025 Naja (Blue) [Headshot] haritom (Red)
Fri Feb  7 22:34:15 2025 [Global] Deuce (Red): lol
Fri Feb  7 22:34:15 2025 [Global] haritom (Red): LAG ;)
Fri Feb  7 22:34:18 2025 haritom (Red) [Headshot] Naja (Blue)
Fri Feb  7 22:34:18 2025 Deuce (Red) [SMG] Keevos (Blue)
Fri Feb  7 22:34:21 2025 Deuce (Red) [SMG] Catodamex (Blue)
Fri Feb  7 22:34:22 2025 [Global] haritom (Red): A
Fri Feb  7 22:34:28 2025 IPLAYROBLO69 joined Red team
Fri Feb  7 22:34:30 2025 princesa savi (Red) [SMG] Naja (Blue)
Fri Feb  7 22:34:31 2025 [Global] haritom (Red): GG
Fri Feb  7 22:34:31 2025 ENTUSSIASMAO (Blue) [Grenade] Herobrine (Red)
Fri Feb  7 22:34:32 2025 princesa savi (Red) [SMG] Keevos (Blue)
Fri Feb  7 22:34:36 2025 Catodamex (Blue) [Headshot] princesa savi (Red)
Fri Feb  7 22:34:38 2025 Alexander (Blue) [Headshot] IPLAYROBLO69 (Red)
Fri Feb  7 22:34:40 2025 Deuce (Red) [Headshot] Catodamex (Blue)
Fri Feb  7 22:34:44 2025 teiy (Blue) [SMG] Deuce (Red)
Fri Feb  7 22:34:49 2025 Alexander (Blue) [Rifle] princesa savi (Red)
Fri Feb  7 22:34:49 2025 Harry (Red) [Headshot] Otiinbr (Blue)
Fri Feb  7 22:34:58 2025  Visit our community forums at https://aloha.pk/
Fri Feb  7 22:34:59 2025 Alexander (Blue) [Headshot] princesa savi (Red)
Fri Feb  7 22:35:01 2025 piss_and_poop (Red) [Fall]
Fri Feb  7 22:35:02 2025 Herobrine (Red) [SMG] Naja (Blue)
Fri Feb  7 22:35:04 2025 Keevos (Blue) [SMG] you are fired (Red)
Fri Feb  7 22:35:07 2025 Deuce (Red) [Melee] Jemo (Blue)
Fri Feb  7 22:35:07 2025 Alexander (Blue) [Headshot] Deuce (Red)
Fri Feb  7 22:35:08 2025 IPLAYROBLO69 (Red) [Rifle]
Fri Feb  7 22:35:08 2025 teiy dropped Red's Intel
Fri Feb  7 22:35:08 2025 princesa savi (Red) [SMG] teiy (Blue)
Fri Feb  7 22:35:09 2025 Harry (Red) [Fall]
Fri Feb  7 22:35:16 2025 Control (Blue) [Fall]
Fri Feb  7 22:35:18 2025 Naja (Blue) [SMG] Y.O.B.A. (Red)
Fri Feb  7 22:35:19 2025 [Global] haritom (Red): A
Fri Feb  7 22:35:19 2025 Herobrine (Red) [SMG] Catodamex (Blue)
Fri Feb  7 22:35:29 2025 Herobrine (Red) [Headshot] Naja (Blue)
Fri Feb  7 22:35:30 2025 haritom (Red) [Headshot] Catodamex (Blue)
Fri Feb  7 22:35:32 2025 ENTUSSIASMAO (Blue) [SMG] princesa savi (Red)
Fri Feb  7 22:35:35 2025 Keevos (Blue) [Headshot] IPLAYROBLO69 (Red)
Fri Feb  7 22:35:36 2025 Harry (Red) [Headshot] ENTUSSIASMAO (Blue)
Fri Feb  7 22:35:36 2025 [Global] haritom (Red): GGGG
Fri Feb  7 22:35:44 2025 IPLAYROBLO69 (Red) [Team Change]
Fri Feb  7 22:35:49 2025 Control (Blue) [SMG] you are fired (Red)
Fri Feb  7 22:35:52 2025 IPLAYROBLO69 joined Blue team
Fri Feb  7 22:35:53 2025 haritom (Red) [Rifle] Naja (Blue)
Fri Feb  7 22:35:54 2025 Herobrine (Red) [SMG] Control (Blue)
Fri Feb  7 22:35:55 2025 Deuce (Red) [Headshot] Otiinbr (Blue)
Fri Feb  7 22:35:55 2025 Harry (Red) [Headshot] teiy (Blue)
Fri Feb  7 22:35:56 2025 Deuce (Red) [Headshot] Jemo (Blue)
Fri Feb  7 22:35:58 2025  Come chat with us at https://discord.aloha.pk/
Fri Feb  7 22:35:59 2025 [Global] haritom (Red): A NAJA
Fri Feb  7 22:36:00 2025 Deuce (Red) [Grenade] Alexander (Blue)
Fri Feb  7 22:36:03 2025 Harry (Red) [Headshot] Keevos (Blue)
Fri Feb  7 22:36:06 2025 Herobrine (Red) [SMG] Catodamex (Blue)
Fri Feb  7 22:36:14 2025 you are fired (Red) [SMG] Naja (Blue)
Fri Feb  7 22:36:15 2025 ENTUSSIASMAO (Blue) [Headshot] Deuce (Red)
Fri Feb  7 22:36:16 2025 Deuce (Red) [Grenade] IPLAYROBLO69 (Blue)
Fri Feb  7 22:36:19 2025 Alexander (Blue) [Headshot] you are fired (Red)
Fri Feb  7 22:36:21 2025 Herobrine (Red) [SMG] Otiinbr (Blue)
Fri Feb  7 22:36:22 2025 [Global] Control (Blue): how change weapon?
Fri Feb  7 22:36:24 2025 Jemo (Blue) [Rifle] princesa savi (Red)
Fri Feb  7 22:36:25 2025 Alexander (Blue) [Grenade] Herobrine (Red)
Fri Feb  7 22:36:25 2025 [Global] Deuce (Red): L or .
Fri Feb  7 22:36:32 2025 Control (Blue) [Weapon Change]
Fri Feb  7 22:36:36 2025 [Global] Control (Blue): thanks
Fri Feb  7 22:36:39 2025 IPLAYROBLO69 (Blue) [Fall]
Fri Feb  7 22:36:39 2025 Catodamex (Blue) [Fall]
Fri Feb  7 22:36:41 2025 Naja (Blue) [Headshot] Herobrine (Red)
Fri Feb  7 22:36:44 2025 Player Herobrine has left
Fri Feb  7 22:36:46 2025 you are fired (Red) [SMG] Naja (Blue)
Fri Feb  7 22:36:47 2025 teiy (Blue) [SMG] Deuce (Red)
Fri Feb  7 22:36:50 2025 princesa savi (Red) [SMG] Keevos (Blue)
Fri Feb  7 22:36:58 2025  If you believe a player is breaking the rules, please let us know with /ADMIN
Fri Feb  7 22:36:59 2025 Harry (Red) [Headshot] teiy (Blue)
Fri Feb  7 22:37:06 2025 Harry (Red) [Grenade] Jemo (Blue)
Fri Feb  7 22:37:06 2025 You must be closer to the enemy's base to grenade blocks!
Fri Feb  7 22:37:10 2025 Alexander (Blue) [Headshot] you are fired (Red)
Fri Feb  7 22:37:16 2025 haritom (Red) [Headshot] Catodamex (Blue)
Fri Feb  7 22:37:19 2025 [Global] haritom (Red): GG
Fri Feb  7 22:37:23 2025 you are fired (Red) [Headshot] Naja (Blue)
Fri Feb  7 22:37:25 2025 IPLAYROBLO69 (Blue) [SMG] Y.O.B.A. (Red)
Fri Feb  7 22:37:32 2025 ENTUSSIASMAO (Blue) [Fall]
Fri Feb  7 22:37:33 2025 IPLAYROBLO69 (Blue) [SMG] Y.O.B.A. (Red)
Fri Feb  7 22:37:35 2025 teiy (Blue) [Headshot] Harry (Red)
Fri Feb  7 22:37:37 2025 Deuce (Red) [Grenade] IPLAYROBLO69 (Blue)
Fri Feb  7 22:37:38 2025 piss_and_poop (Red) [Headshot] Jemo (Blue)
Fri Feb  7 22:37:39 2025 [Global] Y.O.B.A. (Red): Deuce
Fri Feb  7 22:37:40 2025 piss_and_poop (Red) [Headshot] Keevos (Blue)
Fri Feb  7 22:37:42 2025 Control (Blue) [Rifle] piss_and_poop (Red)
Fri Feb  7 22:37:47 2025 haritom (Red) [Rifle] Catodamex (Blue)
Fri Feb  7 22:37:47 2025 [Global] Deuce (Red): Y.O.B.A.
Fri Feb  7 22:37:47 2025 you are fired (Red) [SMG] Otiinbr (Blue)
Fri Feb  7 22:37:47 2025 [Global] haritom (Red): GGG
Fri Feb  7 22:37:48 2025 Alexander (Blue) [Headshot] you are fired (Red)
Fri Feb  7 22:37:53 2025 Harry (Red) [Headshot] teiy (Blue)
Fri Feb  7 22:37:58 2025  This server runs imger and glow. Use /IMG or /GLOW to toggle them.
Fri Feb  7 22:37:59 2025 Catodamex (Blue) [Headshot] haritom (Red)
Fri Feb  7 22:38:02 2025 Naja (Blue) [Headshot] you are fired (Red)
Fri Feb  7 22:38:02 2025 [Global] haritom (Red): AAAAAAAAAAAAAAAAAAAAAAAAAAAAAAA
Fri Feb  7 22:38:03 2025 [Global] Y.O.B.A. (Red): that  Deuce are u?
Fri Feb  7 22:38:14 2025 IPLAYROBLO69 (Blue) [Fall]
Fri Feb  7 22:38:14 2025 [Global] Keevos (Blue): yeaaah thats enough for me. i'm satisfied.   Have a great day guys
Fri Feb  7 22:38:15 2025 Player IPLAYROBLO69 has left
Fri Feb  7 22:38:17 2025 [Global] Deuce (Red): maybe
Fri Feb  7 22:38:21 2025 Player Deuce2 has left
Fri Feb  7 22:38:27 2025 Naja (Blue) [Headshot] Y.O.B.A. (Red)
Fri Feb  7 22:38:28 2025 [Global] Y.O.B.A. (Red): may be
Fri Feb  7 22:38:31 2025 Naja (Blue) [Headshot] Y.O.B.A. (Red)
Fri Feb  7 22:38:31 2025 princesa savi (Red) [Headshot] Otiinbr (Blue)
Fri Feb  7 22:38:31 2025 ENTUSSIASMAO (Blue) [Headshot] you are fired (Red)
Fri Feb  7 22:38:35 2025 [Global] Keevos (Blue): good bye people
Fri Feb  7 22:38:35 2025 Deuce (Red) [Grenade] Naja (Blue)
Fri Feb  7 22:38:35 2025 [Global] Jemo (Blue): R
Fri Feb  7 22:38:36 2025 princesa savi (Red) [SMG] Control (Blue)
Fri Feb  7 22:38:39 2025 [Global] Naja (Blue): hax
Fri Feb  7 22:38:41 2025 ENTUSSIASMAO (Blue) [Headshot] piss_and_poop (Red)
Fri Feb  7 22:38:45 2025 Player Keevos has left
Fri Feb  7 22:38:50 2025 [Global] piss_and_poop (Red): anal
Fri Feb  7 22:38:51 2025 princesa savi (Red) [Headshot] Jemo (Blue)
Fri Feb  7 22:38:55 2025 teiy (Blue) [Headshot] piss_and_poop (Red)
Fri Feb  7 22:38:56 2025 haritom picked up Blue's Intel.
Fri Feb  7 22:38:57 2025 Player piss_and_poop has left
Fri Feb  7 22:38:58 2025  Use /EMOTE to draw an emote on the map!
Fri Feb  7 22:38:59 2025 [Global] haritom (Red): A
Fri Feb  7 22:39:00 2025 princesa savi (Red) [SMG] Otiinbr (Blue)
Fri Feb  7 22:39:04 2025 Deuce (Red) [Fall]
Fri Feb  7 22:39:05 2025 [Global] Y.O.B.A. (Red): will be ?
Fri Feb  7 22:39:10 2025 Naja (Blue) [SMG] Y.O.B.A. (Red)
Fri Feb  7 22:39:12 2025 Alexander (Blue) [Headshot] you are fired (Red)
Fri Feb  7 22:39:16 2025 haritom captured Blue's Intel.
Fri Feb  7 22:39:21 2025 you are fired (Red) [Headshot] Naja (Blue)
Fri Feb  7 22:39:23 2025 haritom (Red) [Rifle]
Fri Feb  7 22:39:26 2025 [Global] haritom (Red): AAAAAAAAAAAAAAAAAAAAAA
Fri Feb  7 22:39:28 2025 [Global] Naja (Blue): hax
Fri Feb  7 22:39:30 2025 teiy (Blue) [SMG] Harry (Red)
Fri Feb  7 22:39:32 2025 [Global] Y.O.B.A. (Red): i  kno
Fri Feb  7 22:39:32 2025 [Global] haritom (Red): A
Fri Feb  7 22:39:39 2025 Deuce (Red) [Headshot] Control (Blue)
Fri Feb  7 22:39:48 2025 [Global] Deuce (Red): i took control
Fri Feb  7 22:39:55 2025 You must be closer to the enemy's base to grenade blocks!
Fri Feb  7 22:39:56 2025 Harry (Red) [Headshot] Otiinbr (Blue)
Fri Feb  7 22:39:57 2025 Naja (Blue) [SMG] you are fired (Red)
Fri Feb  7 22:39:58 2025  Use /HEAVEN to paint the babel platform!
Fri Feb  7 22:40:00 2025 princesa savi (Red) [SMG] Catodamex (Blue)
Fri Feb  7 22:40:05 2025 Alexander (Blue) [Headshot] Deuce (Red)
Fri Feb  7 22:40:10 2025 You must be closer to the enemy's base to shoot blocks!
Fri Feb  7 22:40:11 2025 you are fired (Red) [SMG] Naja (Blue)
Fri Feb  7 22:40:12 2025 Harry (Red) [Rifle] teiy (Blue)
Fri Feb  7 22:40:19 2025 Control (Blue) [Headshot] haritom (Red)
Fri Feb  7 22:40:19 2025 You must be closer to the enemy's base to grenade blocks!
Fri Feb  7 22:40:26 2025 Otiinbr (Blue) [Headshot] Y.O.B.A. (Red)
Fri Feb  7 22:40:26 2025 [Global] haritom (Red): QUE WAHT
Fri Feb  7 22:40:27 2025 princesa savi (Red) [Fall]
Fri Feb  7 22:40:27 2025 teiy (Blue) [Headshot] you are fired (Red)
Fri Feb  7 22:40:32 2025 Deuce (Red) [Headshot] Jemo (Blue)
Fri Feb  7 22:40:38 2025 Otiinbr (Blue) [Headshot] Harry (Red)
Fri Feb  7 22:40:44 2025 haritom (Red) [Rifle] teiy (Blue)
Fri Feb  7 22:40:47 2025 [Global] haritom (Red): GG
Fri Feb  7 22:40:50 2025 Deuce (Red) [SMG] Otiinbr (Blue)
Fri Feb  7 22:40:58 2025  Get a 20 killstreak and 1 intel capture(s) to unlock /APOC!
Fri Feb  7 22:40:58 2025 Alexander (Blue) [Headshot] you are fired (Red)
Fri Feb  7 22:41:07 2025 Deuce (Red) [Grenade] Jemo (Blue)
Fri Feb  7 22:41:10 2025 teiy (Blue) [SMG] haritom (Red)
Fri Feb  7 22:41:12 2025 [Global] haritom (Red): AAAAA
Fri Feb  7 22:41:17 2025 Harry (Red) [Headshot] Naja (Blue)
Fri Feb  7 22:41:17 2025 Alexander (Blue) [Headshot] princesa savi (Red)
Fri Feb  7 22:41:18 2025 [Global] Naja (Blue): wtf
Fri Feb  7 22:41:23 2025  ENTUSSIASMAO has reached 1000 blocks placed! /heaven unlocked.
Fri Feb  7 22:41:30 2025 teiy (Blue) [SMG] haritom (Red)
Fri Feb  7 22:41:32 2025 Deuce (Red) [Grenade] Otiinbr (Blue)
Fri Feb  7 22:41:34 2025 [Global] haritom (Red): QUE
Fri Feb  7 22:41:42 2025 [Global] haritom (Red): GGG HMMMMMMMMMMMMMMMM GGAAHA
Fri Feb  7 22:41:43 2025 Jemo (Blue) [Rifle]
Fri Feb  7 22:41:45 2025 princesa savi (Red) [Headshot] Control (Blue)
Fri Feb  7 22:41:48 2025 princesa savi (Red) [Headshot] Alexander (Blue)
Fri Feb  7 22:41:52 2025 Deuce (Red) [SMG] Otiinbr (Blue)
Fri Feb  7 22:41:54 2025 Harry (Red) [Headshot] teiy (Blue)
Fri Feb  7 22:41:54 2025 [Global] Y.O.B.A. (Red): tso
Fri Feb  7 22:41:54 2025 you are fired (Red) [Headshot] ENTUSSIASMAO (Blue)
Fri Feb  7 22:41:58 2025  Capture your team's 5th intel to unlock /APOC for your team's best builder!
Fri Feb  7 22:41:59 2025 Deuce (Red) [SMG] Control (Blue)
Fri Feb  7 22:42:01 2025 Alexander (Blue) [Headshot] you are fired (Red)
Fri Feb  7 22:42:02 2025 You must be closer to the enemy's base to grenade blocks!
Fri Feb  7 22:42:04 2025 Naja (Blue) [SMG] Harry (Red)
Fri Feb  7 22:42:08 2025 Deuce (Red) [Grenade] teiy (Blue)
Fri Feb  7 22:42:08 2025 Deuce (Red) [Grenade] Control (Blue)
Fri Feb  7 22:42:12 2025 Naja (Blue) [SMG] haritom (Red)
Fri Feb  7 22:42:13 2025 you are fired (Red) [SMG] Naja (Blue)
Fri Feb  7 22:42:13 2025 Otiinbr (Blue) [Headshot] Deuce (Red)
Fri Feb  7 22:42:25 2025 [Global] Deuce (Red): i like to Kah-boom things
Fri Feb  7 22:42:30 2025 Harry (Red) [Headshot] Naja (Blue)
Fri Feb  7 22:42:30 2025  30 minutes remaining.
Fri Feb  7 22:42:32 2025 ENTUSSIASMAO (Blue) [SMG] you are fired (Red)
Fri Feb  7 22:42:36 2025 Player haritom has left
Fri Feb  7 22:42:53 2025 Roger joined Red team
Fri Feb  7 22:42:58 2025  Mahalo for playing aloha.pk tower of babel
Fri Feb  7 22:43:03 2025 [Global] Y.O.B.A. (Red): Kkabum? :3 will do
Fri Feb  7 22:43:04 2025 teiy (Blue) [Headshot] princesa savi (Red)
Fri Feb  7 22:43:07 2025 you are fired (Red) [Headshot] Control (Blue)
Fri Feb  7 22:43:13 2025 Naja (Blue) [Headshot] Y.O.B.A. (Red)
Fri Feb  7 22:43:14 2025 Naja (Blue) [Headshot] Roger (Red)
Fri Feb  7 22:43:19 2025 [Global] Deuce (Red): do u like kah'boom? -w-
Fri Feb  7 22:43:24 2025 you are fired (Red) [Headshot] Otiinbr (Blue)
Fri Feb  7 22:43:24 2025 Alexander (Blue) [Headshot] you are fired (Red)
Fri Feb  7 22:43:27 2025 teiy (Blue) [Headshot] Roger (Red)
Fri Feb  7 22:43:28 2025 Deuce (Red) [SMG] Jemo (Blue)
Fri Feb  7 22:43:29 2025 teiy (Blue) [Headshot] Y.O.B.A. (Red)
Fri Feb  7 22:43:30 2025 [Global] Y.O.B.A. (Red): not redy?  do
Fri Feb  7 22:43:31 2025 teiy (Blue) [SMG] you are fired (Red)
Fri Feb  7 22:43:31 2025 princesa savi (Red) [SMG] Naja (Blue)
Fri Feb  7 22:43:32 2025 [Global] Naja (Blue): lol
Fri Feb  7 22:43:38 2025 teiy (Blue) [SMG] Roger (Red)
Fri Feb  7 22:43:41 2025 teiy (Blue) [Fall]
Fri Feb  7 22:43:55 2025 You can't destroy your team's blocks in this area. Attack the enemy's tower!
Fri Feb  7 22:43:55 2025 You can't destroy your team's blocks in this area. Attack the enemy's tower!
Fri Feb  7 22:43:58 2025  Build a tower to get the enemy's intel. Take it to your team's tent to win!
Fri Feb  7 22:44:02 2025 you are fired (Red) [Headshot] Control (Blue)
Fri Feb  7 22:44:06 2025 princesa savi (Red) [SMG] Jemo (Blue)
Fri Feb  7 22:44:10 2025 Control (Blue) [Weapon Change]
Fri Feb  7 22:44:15 2025 Naja (Blue) [Headshot] Y.O.B.A. (Red)
Fri Feb  7 22:44:19 2025 [Global] Y.O.B.A. (Red): dont  ready? 
Fri Feb  7 22:44:20 2025 Naja (Blue) [SMG] Y.O.B.A. (Red)
Fri Feb  7 22:44:23 2025 [Global] Naja (Blue): huh
Fri Feb  7 22:44:26 2025 [Global] Deuce (Red): idk, r u ready?
Fri Feb  7 22:44:33 2025 teiy (Blue) [SMG] Deuce (Red)
Fri Feb  7 22:44:37 2025 You must be closer to the enemy's base to grenade blocks!
Fri Feb  7 22:44:38 2025 yoti joined Red team
Fri Feb  7 22:44:39 2025 Naja (Blue) [Headshot] Harry (Red)
Fri Feb  7 22:44:39 2025 [Global] Y.O.B.A. (Red): im asked
Fri Feb  7 22:44:39 2025 export joined Red team
Fri Feb  7 22:44:42 2025 Harry (Red) [Headshot] Naja (Blue)
Fri Feb  7 22:44:45 2025 [Global] yoti (Red): hola deuse
Fri Feb  7 22:44:45 2025 Control (Blue) [Rifle] you are fired (Red)
Fri Feb  7 22:44:51 2025 teiy (Blue) [Headshot] Roger (Red)
Fri Feb  7 22:44:52 2025 Alexander (Blue) [Fall]
Fri Feb  7 22:44:54 2025 princesa savi (Red) [SMG] Jemo (Blue)
Fri Feb  7 22:44:54 2025 [Global] Y.O.B.A. (Red): ready?
Fri Feb  7 22:44:57 2025 You must be closer to the enemy's base to grenade blocks!
Fri Feb  7 22:44:57 2025 You must be closer to the enemy's base to grenade blocks!
Fri Feb  7 22:44:58 2025 [Global] Naja (Blue): for
Fri Feb  7 22:44:58 2025 You must be closer to the enemy's base to grenade blocks!
Fri Feb  7 22:44:58 2025  Type /HELP for info & commands
Fri Feb  7 22:45:02 2025 [Global] Deuce (Red): ready
Fri Feb  7 22:45:06 2025 teiy (Blue) [SMG] Roger (Red)
Fri Feb  7 22:45:08 2025 [Global] Y.O.B.A. (Red): for that:3
Fri Feb  7 22:45:11 2025 you are fired (Red) [Headshot] Otiinbr (Blue)
Fri Feb  7 22:45:11 2025 Deuce (Red) [Headshot] Control (Blue)
Fri Feb  7 22:45:14 2025 export (Red) [Headshot] Naja (Blue)
Fri Feb  7 22:45:15 2025 [Global] Naja (Blue): ha
Fri Feb  7 22:45:21 2025 Roger (Red) [SMG] teiy (Blue)
Fri Feb  7 22:45:24 2025 [Global] yoti (Red): deuse
Fri Feb  7 22:45:26 2025 i will try joined Blue team
Fri Feb  7 22:45:27 2025 export (Red) [Headshot] Jemo (Blue)
Fri Feb  7 22:45:40 2025  Otiinbr has reached 1000 blocks placed! /heaven unlocked.
Fri Feb  7 22:45:41 2025 export (Red) [Headshot] Jemo (Blue)
Fri Feb  7 22:45:42 2025 [Global] Deuce (Red): idk why, but i think you didnt understand
Fri Feb  7 22:45:43 2025 [Global] Y.O.B.A. (Red): im  sstarin
Fri Feb  7 22:45:46 2025 Alexander (Blue) [Headshot] export (Red)
Fri Feb  7 22:45:49 2025 Harry (Red) [Headshot] Alexander (Blue)
Fri Feb  7 22:45:53 2025 [Global] yoti (Red): deuse spanish ?
Fri Feb  7 22:45:54 2025 Control (Blue) [Grenade] you are fired (Red)
Fri Feb  7 22:45:57 2025 Naja (Blue) [Fall]
Fri Feb  7 22:45:58 2025  Visit our community forums at https://aloha.pk/
Fri Feb  7 22:46:07 2025 [Global] Deuce (Red): yori, goddamn
Fri Feb  7 22:46:08 2025 Control (Blue) [Rifle] princesa savi (Red)
Fri Feb  7 22:46:14 2025 [Global] Deuce (Red): yo no te conozco
Fri Feb  7 22:46:14 2025 export (Red) [Headshot] teiy (Blue)
Fri Feb  7 22:46:17 2025 Harry (Red) [Headshot] Control (Blue)
Fri Feb  7 22:46:21 2025 [Global] yoti (Red): ami
Fri Feb  7 22:46:32 2025 [Global] Deuce (Red): Deuce es el nick predefinido/por defecto/default
Fri Feb  7 22:46:35 2025 you are fired (Red) [Headshot] Otiinbr (Blue)
Fri Feb  7 22:46:40 2025 export (Red) [Headshot] Alexander (Blue)
Fri Feb  7 22:46:42 2025 you are fired (Red) [SMG] ENTUSSIASMAO (Blue)
Fri Feb  7 22:46:43 2025 Naja (Blue) [Headshot] Y.O.B.A. (Red)
Fri Feb  7 22:46:45 2025 Naja (Blue) [SMG] Harry (Red)
Fri Feb  7 22:46:49 2025 teiy (Blue) [Headshot] yoti (Red)
Fri Feb  7 22:46:56 2025 Otiinbr (Blue) [Headshot] you are fired (Red)
Fri Feb  7 22:46:58 2025  Come chat with us at https://discord.aloha.pk/
Fri Feb  7 22:46:58 2025 princesa savi (Red) [SMG] Jemo (Blue)
Fri Feb  7 22:46:59 2025 Harry (Red) [Headshot] Naja (Blue)
Fri Feb  7 22:47:01 2025 [Global] yoti (Red): deuse porfavor disculpas
Fri Feb  7 22:47:21 2025 teiy (Blue) [SMG] Roger (Red)
Fri Feb  7 22:47:23 2025 [Global] yoti (Red): deuse gay mamaguevo
Fri Feb  7 22:47:24 2025 Naja (Blue) [SMG] you are fired (Red)
Fri Feb  7 22:47:25 2025 Player yoti has left
Fri Feb  7 22:47:25 2025 Harry (Red) [Headshot] teiy (Blue)
Fri Feb  7 22:47:27 2025 princesa savi picked up Blue's Intel.
Fri Feb  7 22:47:36 2025 export (Red) [Headshot] i will try (Blue)
Fri Feb  7 22:47:39 2025 You must be closer to the enemy's base to grenade blocks!
Fri Feb  7 22:47:40 2025 You must be closer to the enemy's base to grenade blocks!
Fri Feb  7 22:47:40 2025 You must be closer to the enemy's base to grenade blocks!
Fri Feb  7 22:47:42 2025 Alexander (Blue) [Headshot] export (Red)
Fri Feb  7 22:47:45 2025 Nick joined Red team
Fri Feb  7 22:47:53 2025 Harry (Red) [Fall]
Fri Feb  7 22:47:54 2025 princesa savi captured Blue's Intel.
Fri Feb  7 22:47:54 2025 [Global] Deuce (Red): i dont know that guy, and he joins every tyme sayin hes sorry
Fri Feb  7 22:48:00 2025  If you believe a player is breaking the rules, please let us know with /ADMIN
Fri Feb  7 22:48:17 2025 Control (Blue) [Fall]
Fri Feb  7 22:48:18 2025 princesa savi (Red) [Headshot] Naja (Blue)
Fri Feb  7 22:48:26 2025 teiy (Blue) [Headshot] Deuce (Red)
Fri Feb  7 22:48:27 2025 Harry (Red) [Headshot] Jemo (Blue)
Fri Feb  7 22:48:42 2025 Control (Blue) [Rifle] you are fired (Red)
Fri Feb  7 22:48:51 2025 Alexander (Blue) [Headshot] Nick (Red)
Fri Feb  7 22:48:53 2025 Luis joined Blue team
Fri Feb  7 22:48:56 2025 princesa savi picked up Blue's Intel.
Fri Feb  7 22:48:58 2025  This server runs imger and glow. Use /IMG or /GLOW to toggle them.
Fri Feb  7 22:49:02 2025 teiy (Blue) [Headshot] Deuce (Red)
Fri Feb  7 22:49:02 2025 export (Red) [Headshot] Naja (Blue)
Fri Feb  7 22:49:03 2025 princesa savi dropped Blue's Intel
Fri Feb  7 22:49:03 2025  The intel has returned to the heavens
Fri Feb  7 22:49:03 2025 Alexander (Blue) [Headshot] princesa savi (Red)
Fri Feb  7 22:49:04 2025 you are fired (Red) [SMG] Alexander (Blue)
Fri Feb  7 22:49:05 2025 Player Naja has left
Fri Feb  7 22:49:05 2025 [Global] Y.O.B.A. (Red): naa im  in  int
Fri Feb  7 22:49:08 2025 Neneh joined Red team
Fri Feb  7 22:49:11 2025 Harry (Red) [Headshot] teiy (Blue)
Fri Feb  7 22:49:15 2025 Alexander (Blue) [Headshot] you are fired (Red)
Fri Feb  7 22:49:16 2025 Jemo (Blue) [Headshot] Y.O.B.A. (Red)
Fri Feb  7 22:49:19 2025 [Global] Neneh (Red): hello everyone
Fri Feb  7 22:49:29 2025 [Global] export (Red): hey
Fri Feb  7 22:49:30 2025 Alexander (Blue) [Headshot] you are fired (Red)
Fri Feb  7 22:49:32 2025 Luis (Blue) [Fall]
Fri Feb  7 22:49:35 2025 Alexander (Blue) [Headshot] princesa savi (Red)
Fri Feb  7 22:49:37 2025 Neneh (Red) [SMG] Catodamex (Blue)
Fri Feb  7 22:49:40 2025 Alexander (Blue) [Rifle] Nick (Red)
Fri Feb  7 22:49:41 2025 Harry (Red) [Headshot] Alexander (Blue)
Fri Feb  7 22:49:45 2025 pososo joined Blue team
Fri Feb  7 22:49:51 2025 export (Red) [Rifle] Jemo (Blue)
Fri Feb  7 22:49:52 2025 Control (Blue) [Headshot] export (Red)
Fri Feb  7 22:49:58 2025 Deuce (Red) [Grenade] i will try (Blue)
Fri Feb  7 22:49:58 2025 Deuce picked up Blue's Intel.
Fri Feb  7 22:49:58 2025  Use /EMOTE to draw an emote on the map!
Fri Feb  7 22:50:08 2025 teiy (Blue) [Headshot] Roger (Red)
Fri Feb  7 22:50:10 2025 Neneh (Red) [SMG] Alexander (Blue)
Fri Feb  7 22:50:11 2025 you are fired (Red) [SMG] teiy (Blue)
Fri Feb  7 22:50:12 2025 Nick (Red) [Headshot] pososo (Blue)
Fri Feb  7 22:50:17 2025 ENTUSSIASMAO (Blue) [Headshot] Nick (Red)
Fri Feb  7 22:50:20 2025 Luis (Blue) [Fall]
Fri Feb  7 22:50:22 2025 Player Alexander has left
Fri Feb  7 22:50:22 2025 Deuce captured Blue's Intel.
Fri Feb  7 22:50:22 2025 export (Red) [Melee] Control (Blue)
Fri Feb  7 22:50:25 2025 i will try (Blue) [Headshot] you are fired (Red)
Fri Feb  7 22:50:26 2025 princesa savi (Red) [SMG] Catodamex (Blue)
Fri Feb  7 22:50:27 2025 Jemo (Blue) [Headshot] Neneh (Red)
Fri Feb  7 22:50:42 2025 Player Luis has left
Fri Feb  7 22:50:43 2025 pososo (Blue) [Rifle] princesa savi (Red)
Fri Feb  7 22:50:53 2025 Neneh (Red) [SMG] Jemo (Blue)
Fri Feb  7 22:50:57 2025 you are fired (Red) [Headshot] i will try (Blue)
Fri Feb  7 22:50:58 2025  Use /HEAVEN to paint the babel platform!
Fri Feb  7 22:51:01 2025 Neneh (Red) [Headshot] Otiinbr (Blue)
Fri Feb  7 22:51:04 2025 Nick (Red) [SMG] Control (Blue)
Fri Feb  7 22:51:11 2025 Deuce (Red) [SMG] pososo (Blue)
Fri Feb  7 22:51:12 2025 Catodamex (Blue) [Fall]
Fri Feb  7 22:51:14 2025 you are fired (Red) [Grenade] i will try (Blue)
Fri Feb  7 22:51:15 2025 Deuce picked up Blue's Intel.
Fri Feb  7 22:51:15 2025 teiy (Blue) [Headshot] you are fired (Red)
Fri Feb  7 22:51:35 2025 export (Red) [Melee] Jemo (Blue)
Fri Feb  7 22:51:36 2025  With 4101 blocks placed, princesa savi is granted the right to unleash the apocalypse.
Fri Feb  7 22:51:36 2025 Deuce captured Blue's Intel.
Fri Feb  7 22:51:38 2025 pososo (Blue) [Headshot] princesa savi (Red)
Fri Feb  7 22:51:38 2025 [Global] Deuce (Red): churros
Fri Feb  7 22:51:41 2025 teiy (Blue) [Headshot] you are fired (Red)
Fri Feb  7 22:51:48 2025 Neneh (Red) [SMG] Control (Blue)
Fri Feb  7 22:51:50 2025 i will try (Blue) [Headshot] Neneh (Red)
Fri Feb  7 22:51:58 2025  Get a 20 killstreak and 1 intel capture(s) to unlock /APOC!
Fri Feb  7 22:51:59 2025 [Global] Y.O.B.A. (Red): THERE  U R
Fri Feb  7 22:52:08 2025 Neneh (Red) [Headshot] Jemo (Blue)
Fri Feb  7 22:52:09 2025 [Global] i will try (Blue): who?
Fri Feb  7 22:52:09 2025 Nick (Red) [Headshot] pososo (Blue)
Fri Feb  7 22:52:12 2025 You can't destroy your team's blocks in this area. Attack the enemy's tower!
Fri Feb  7 22:52:12 2025 You can't destroy your team's blocks in this area. Attack the enemy's tower!
Fri Feb  7 22:52:13 2025 You can't destroy your team's blocks in this area. Attack the enemy's tower!
Fri Feb  7 22:52:15 2025 you are fired (Red) [SMG] Otiinbr (Blue)
Fri Feb  7 22:52:17 2025 you are fired (Red) [SMG] Catodamex (Blue)
Fri Feb  7 22:52:17 2025 Player Roger has left
Fri Feb  7 22:52:23 2025 [Global] Y.O.B.A. (Red): dunno
Fri Feb  7 22:52:26 2025 export (Red) [Headshot] teiy (Blue)
Fri Feb  7 22:52:28 2025 princesa savi picked up Blue's Intel.
Fri Feb  7 22:52:28 2025 Deuce (Red) [Headshot] i will try (Blue)
Fri Feb  7 22:52:30 2025  20 minutes remaining.
Fri Feb  7 22:52:35 2025 princesa savi dropped Blue's Intel
Fri Feb  7 22:52:35 2025  The intel has returned to the heavens
Fri Feb  7 22:52:35 2025 Control (Blue) [SMG] princesa savi (Red)
Fri Feb  7 22:52:38 2025 You can't destroy your team's blocks in this area. Attack the enemy's tower!
Fri Feb  7 22:52:38 2025 You can't destroy your team's blocks in this area. Attack the enemy's tower!
Fri Feb  7 22:52:38 2025 You can't destroy your team's blocks in this area. Attack the enemy's tower!
Fri Feb  7 22:52:39 2025 Roger joined Red team
Fri Feb  7 22:52:39 2025 Deuce (Red) [SMG] Jemo (Blue)
Fri Feb  7 22:52:41 2025 talpselgoog joined Blue team
Fri Feb  7 22:52:41 2025 Control (Blue) [Headshot] Harry (Red)
Fri Feb  7 22:52:49 2025 you are fired (Red) [Headshot] pososo (Blue)
Fri Feb  7 22:52:53 2025 abdullah joined Blue team
Fri Feb  7 22:52:57 2025 export (Red) [Headshot] abdullah (Blue)
Fri Feb  7 22:52:58 2025 Neneh (Red) [SMG] ENTUSSIASMAO (Blue)
Fri Feb  7 22:52:58 2025  Capture your team's 5th intel to unlock /APOC for your team's best builder!
Fri Feb  7 22:53:08 2025 teiy (Blue) [SMG] Deuce (Red)
Fri Feb  7 22:53:12 2025 Otiinbr (Blue) [Headshot] Nick (Red)
Fri Feb  7 22:53:13 2025 talpselgoog (Blue) [Headshot] export (Red)
Fri Feb  7 22:53:13 2025 Neneh (Red) [Headshot] Otiinbr (Blue)
Fri Feb  7 22:53:19 2025 teiy (Blue) [Headshot] princesa savi (Red)
Fri Feb  7 22:53:20 2025 Deuce (Red) [Headshot] i will try (Blue)
Fri Feb  7 22:53:21 2025 Harry (Red) [Headshot] teiy (Blue)
Fri Feb  7 22:53:22 2025 The Jesus joined Red team
Fri Feb  7 22:53:26 2025 Harry (Red) [Headshot] Control (Blue)
Fri Feb  7 22:53:26 2025 Neneh (Red) [Headshot] pososo (Blue)
Fri Feb  7 22:53:26 2025 talpselgoog (Blue) [Headshot] Neneh (Red)
Fri Feb  7 22:53:42 2025 export (Red) [Headshot] ENTUSSIASMAO (Blue)
Fri Feb  7 22:53:47 2025 talpselgoog (Blue) [Grenade] you are fired (Red)
Fri Feb  7 22:53:49 2025 export (Red) [Headshot] i will try (Blue)
Fri Feb  7 22:53:51 2025 Player abdullah has left
Fri Feb  7 22:53:56 2025 export (Red) [Headshot] Otiinbr (Blue)
Fri Feb  7 22:53:57 2025 Roger (Red) [Fall]
Fri Feb  7 22:53:58 2025  Mahalo for playing aloha.pk tower of babel
Fri Feb  7 22:53:59 2025 export (Red) [Headshot] Control (Blue)
Fri Feb  7 22:53:59 2025 Deuce (Red) [Grenade] Catodamex (Blue)
Fri Feb  7 22:54:01 2025 Nick (Red) [SMG] pososo (Blue)
Fri Feb  7 22:54:12 2025 talpselgoog (Blue) [Headshot] Deuce (Red)
Fri Feb  7 22:54:15 2025 [Team] Deuce (Red): they up
Fri Feb  7 22:54:16 2025 talpselgoog (Blue) [Headshot] princesa savi (Red)
Fri Feb  7 22:54:19 2025 Deuce (Red) [SMG] talpselgoog (Blue)
Fri Feb  7 22:54:26 2025 ENTUSSIASMAO (Blue) [SMG] Neneh (Red)
Fri Feb  7 22:54:30 2025 [Global] Deuce (Red): hm, googlesplats
Fri Feb  7 22:54:30 2025 talpselgoog (Blue) [Headshot] export (Red)
Fri Feb  7 22:54:33 2025 Catodamex (Blue) [Rifle] you are fired (Red)
Fri Feb  7 22:54:38 2025 princesa savi (Red) [SMG] i will try (Blue)
Fri Feb  7 22:54:40 2025 Nick (Red) [SMG] Otiinbr (Blue)
Fri Feb  7 22:54:46 2025 Neneh (Red) [Headshot] ENTUSSIASMAO (Blue)
Fri Feb  7 22:54:52 2025 Catodamex (Blue) [Headshot] you are fired (Red)
Fri Feb  7 22:54:58 2025  Build a tower to get the enemy's intel. Take it to your team's tent to win!
Fri Feb  7 22:55:02 2025 Nick (Red) [Headshot] Control (Blue)
Fri Feb  7 22:55:05 2025 princesa savi (Red) [Headshot] Otiinbr (Blue)
Fri Feb  7 22:55:06 2025 pososo picked up Red's Intel.
Fri Feb  7 22:55:12 2025 talpselgoog (Blue) [Headshot] Neneh (Red)
Fri Feb  7 22:55:13 2025 talpselgoog (Blue) [Melee] Roger (Red)
Fri Feb  7 22:55:20 2025 pososo dropped Red's Intel
Fri Feb  7 22:55:20 2025 Neneh (Red) [Headshot] pososo (Blue)
Fri Feb  7 22:55:22 2025 teiy (Blue) [Headshot] you are fired (Red)
Fri Feb  7 22:55:25 2025 ENTUSSIASMAO (Blue) [Headshot] princesa savi (Red)
Fri Feb  7 22:55:33 2025 export (Red) [Headshot] Jemo (Blue)
Fri Feb  7 22:55:35 2025 You must be closer to the enemy's base to grenade blocks!
Fri Feb  7 22:55:36 2025 talpselgoog (Blue) [Headshot] Harry (Red)
Fri Feb  7 22:55:37 2025 Neneh (Red) [Headshot] talpselgoog (Blue)
Fri Feb  7 22:55:37 2025 You must be closer to the enemy's base to grenade blocks!
Fri Feb  7 22:55:39 2025 export (Red) [Headshot] Catodamex (Blue)
Fri Feb  7 22:55:43 2025 Control (Blue) [SMG] export (Red)
Fri Feb  7 22:55:44 2025 [Global] talpselgoog (Blue): ww
Fri Feb  7 22:55:49 2025 Catodamex (Blue) [Headshot] Nick (Red)
Fri Feb  7 22:55:50 2025 Otiinbr (Blue) [Fall]
Fri Feb  7 22:55:55 2025 Control (Blue) [Headshot] princesa savi (Red)
Fri Feb  7 22:55:58 2025  Type /HELP for info & commands
Fri Feb  7 22:56:04 2025 Deuce (Red) [SMG] teiy (Blue)
Fri Feb  7 22:56:05 2025 talpselgoog (Blue) [Headshot] Deuce (Red)
Fri Feb  7 22:56:06 2025 talpselgoog (Blue) [Headshot] you are fired (Red)
Fri Feb  7 22:56:11 2025 Neneh (Red) [Headshot] Control (Blue)
Fri Feb  7 22:56:21 2025 Neneh (Red) [Grenade]
Fri Feb  7 22:56:22 2025 pososo (Blue) [Fall]
Fri Feb  7 22:56:25 2025 Catodamex (Blue) [Headshot] princesa savi (Red)
Fri Feb  7 22:56:30 2025 You must be closer to the enemy's base to grenade blocks!
Fri Feb  7 22:56:31 2025 export (Red) [Headshot] Catodamex (Blue)
Fri Feb  7 22:56:31 2025 You must be closer to the enemy's base to grenade blocks!
Fri Feb  7 22:56:32 2025 You must be closer to the enemy's base to grenade blocks!
Fri Feb  7 22:56:35 2025 talpselgoog (Blue) [Headshot] Harry (Red)
Fri Feb  7 22:56:44 2025 export (Red) [Headshot] Jemo (Blue)
Fri Feb  7 22:56:52 2025 talpselgoog (Blue) [Headshot] Deuce (Red)
Fri Feb  7 22:56:55 2025 Neneh (Red) [Grenade] talpselgoog (Blue)
Fri Feb  7 22:56:58 2025  Visit our community forums at https://aloha.pk/
Fri Feb  7 22:57:04 2025 talpselgoog (Blue) [Weapon Change]
Fri Feb  7 22:57:11 2025 princesa savi picked up Blue's Intel.
Fri Feb  7 22:57:16 2025 Neneh (Red) [SMG] teiy (Blue)
Fri Feb  7 22:57:20 2025 Deuce (Red) [Grenade] Catodamex (Blue)
Fri Feb  7 22:57:28 2025 Neneh (Red) [SMG] pososo (Blue)
Fri Feb  7 22:57:30 2025  15 minutes remaining.
Fri Feb  7 22:57:34 2025 princesa savi captured Blue's Intel.
Fri Feb  7 22:57:39 2025 Otiinbr (Blue) [SMG] Neneh (Red)
Fri Feb  7 22:57:44 2025 Nick (Red) [Headshot] ENTUSSIASMAO (Blue)
Fri Feb  7 22:57:44 2025 Player Roger has left
Fri Feb  7 22:57:46 2025 [Global] Y.O.B.A. (Red): zaebalik  vse nah
Fri Feb  7 22:57:56 2025 talpselgoog (Blue) [Headshot] princesa savi (Red)
Fri Feb  7 22:57:58 2025  Come chat with us at https://discord.aloha.pk/
Fri Feb  7 22:58:02 2025 The Jesus (Red) [Grenade] Catodamex (Blue)
Fri Feb  7 22:58:14 2025 Control picked up Red's Intel.
Fri Feb  7 22:58:14 2025 talpselgoog (Blue) [SMG] Neneh (Red)
Fri Feb  7 22:58:14 2025 talpselgoog (Blue) [SMG] you are fired (Red)
Fri Feb  7 22:58:19 2025 You must be closer to the enemy's base to shoot blocks!
Fri Feb  7 22:58:20 2025 Deuce (Red) [Headshot] teiy (Blue)
Fri Feb  7 22:58:21 2025 talpselgoog (Blue) [SMG] Harry (Red)
Fri Feb  7 22:58:21 2025 Catodamex (Blue) [Headshot] Deuce (Red)
Fri Feb  7 22:58:25 2025 princesa savi (Red) [Headshot] talpselgoog (Blue)
Fri Feb  7 22:58:36 2025 Control captured Red's Intel.
Fri Feb  7 22:58:36 2025 Roger joined Blue team
Fri Feb  7 22:58:37 2025 [Team] Deuce (Red): who got apoc?
Fri Feb  7 22:58:41 2025 export (Red) [Headshot] Catodamex (Blue)
Fri Feb  7 22:58:41 2025 [Team] Deuce (Red): did you launch it?
Fri Feb  7 22:58:43 2025 ENTUSSIASMAO (Blue) [SMG] Nick (Red)
Fri Feb  7 22:58:43 2025 abdullah joined Spectator team
Fri Feb  7 22:58:46 2025 you are fired (Red) [Grenade] pososo (Blue)
Fri Feb  7 22:58:50 2025 i will try (Blue) [Grenade] princesa savi (Red)
Fri Feb  7 22:58:52 2025 a Silver Bullet joined Blue team
Fri Feb  7 22:58:53 2025 export (Red) [Rifle] Jemo (Blue)
Fri Feb  7 22:58:54 2025 Harry (Red) [Headshot] i will try (Blue)
Fri Feb  7 22:58:58 2025  If you believe a player is breaking the rules, please let us know with /ADMIN
Fri Feb  7 22:59:02 2025 talpselgoog (Blue) [Headshot] Deuce (Red)
Fri Feb  7 22:59:04 2025 abdullah joined Red team
Fri Feb  7 22:59:04 2025 teiy picked up Red's Intel.
Fri Feb  7 22:59:10 2025 talpselgoog (Blue) [SMG] Nick (Red)
Fri Feb  7 22:59:11 2025 princesa savi (Red) [SMG] talpselgoog (Blue)
Fri Feb  7 22:59:17 2025 export (Red) [Headshot] i will try (Blue)
Fri Feb  7 22:59:19 2025 abdullah (Red) [Team Change]
Fri Feb  7 22:59:23 2025 Jemo (Blue) [Headshot] export (Red)
Fri Feb  7 22:59:24 2025 Player pososo has left
Fri Feb  7 22:59:27 2025 princesa savi (Red) [Headshot] Control (Blue)
Fri Feb  7 22:59:28 2025 abdullah joined Blue team
Fri Feb  7 22:59:37 2025 a Silver Bullet (Blue) [Headshot] Harry (Red)
Fri Feb  7 22:59:42 2025 Neneh (Red) [SMG] Otiinbr (Blue)
Fri Feb  7 22:59:42 2025 export (Red) [Rifle] ENTUSSIASMAO (Blue)
Fri Feb  7 22:59:42 2025 princesa savi (Red) [Headshot] a Silver Bullet (Blue)
Fri Feb  7 22:59:44 2025 a Silver Bullet (Blue) [Grenade] The Jesus (Red)
Fri Feb  7 22:59:48 2025 Player a Silver Bullet has left
Fri Feb  7 22:59:49 2025 export (Red) [Headshot] Roger (Blue)
Fri Feb  7 22:59:50 2025 talpselgoog (Blue) [Grenade] Deuce (Red)
Fri Feb  7 22:59:58 2025  This server runs imger and glow. Use /IMG or /GLOW to toggle them.
Fri Feb  7 23:00:00 2025 princesa savi (Red) [SMG] talpselgoog (Blue)
Fri Feb  7 23:00:01 2025 Catodamex (Blue) [Headshot] Harry (Red)
Fri Feb  7 23:00:15 2025 Catodamex (Blue) [Headshot] princesa savi (Red)
Fri Feb  7 23:00:21 2025 [Global] talpselgoog (Blue): teiy
Fri Feb  7 23:00:21 2025 export (Red) [Headshot] Catodamex (Blue)
Fri Feb  7 23:00:22 2025 [Global] talpselgoog (Blue): go cap intel
Fri Feb  7 23:00:24 2025 Deuce (Red) [Headshot] i will try (Blue)
Fri Feb  7 23:00:27 2025 pososo joined Blue team
Fri Feb  7 23:00:28 2025 [Global] Control (Blue): go back teyli
Fri Feb  7 23:00:31 2025 [Global] Y.O.B.A. (Red): 'gonna do some  hush
Fri Feb  7 23:00:36 2025 Neneh (Red) [SMG] talpselgoog (Blue)
Fri Feb  7 23:00:38 2025 Neneh (Red) [Headshot] Otiinbr (Blue)
Fri Feb  7 23:00:50 2025 Deuce (Red) [Headshot] i will try (Blue)
Fri Feb  7 23:00:51 2025 Deuce (Red) [SMG] Catodamex (Blue)
Fri Feb  7 23:00:57 2025 talpselgoog (Blue) [Headshot] princesa savi (Red)
Fri Feb  7 23:00:58 2025 pososo (Blue) [Headshot] Deuce (Red)
Fri Feb  7 23:00:58 2025 pososo (Blue) [Grenade] export (Red)
Fri Feb  7 23:00:58 2025  Use /EMOTE to draw an emote on the map!
Fri Feb  7 23:00:59 2025 Neneh (Red) [SMG] pososo (Blue)
Fri Feb  7 23:01:03 2025 [Global] Control (Blue): teily follow me
Fri Feb  7 23:01:14 2025 teiy captured Red's Intel.
Fri Feb  7 23:01:14 2025 talpselgoog (Blue) [Headshot] Neneh (Red)
Fri Feb  7 23:01:17 2025 Deuce (Red) [Grenade] Jemo (Blue)
Fri Feb  7 23:01:17 2025 Deuce (Red) [Grenade] abdullah (Blue)
Fri Feb  7 23:01:22 2025 [Global] Deuce (Red): map is takin forever
Fri Feb  7 23:01:25 2025 [Global] Deuce (Red): im sleepy
Fri Feb  7 23:01:27 2025 Catodamex picked up Red's Intel.
Fri Feb  7 23:01:28 2025 talpselgoog (Blue) [Grenade] Harry (Red)
Fri Feb  7 23:01:29 2025 Player pososo has left
Fri Feb  7 23:01:32 2025 talpselgoog (Blue) [SMG] princesa savi (Red)
Fri Feb  7 23:01:32 2025 [Global] abdullah (Blue): twwwwwwwwdwAsda
Fri Feb  7 23:01:33 2025 Neneh (Red) [SMG] talpselgoog (Blue)
Fri Feb  7 23:01:37 2025 Deuce (Red) [Headshot] i will try (Blue)
Fri Feb  7 23:01:47 2025 Deuce (Red) [SMG] Jemo (Blue)
Fri Feb  7 23:01:57 2025 princesa savi (Red) [Headshot] teiy (Blue)
Fri Feb  7 23:01:57 2025 Deuce (Red) [Headshot] ENTUSSIASMAO (Blue)
Fri Feb  7 23:01:58 2025  Use /HEAVEN to paint the babel platform!
Fri Feb  7 23:02:01 2025 Catodamex captured Red's Intel.
Fri Feb  7 23:02:01 2025 pososo joined Blue team
Fri Feb  7 23:02:03 2025 Deuce (Red) [SMG] Jemo (Blue)
Fri Feb  7 23:02:04 2025 princesa savi (Red) [SMG] Control (Blue)
Fri Feb  7 23:02:06 2025 Roger picked up Red's Intel.
Fri Feb  7 23:02:06 2025 Roger (Blue) [Headshot] princesa savi (Red)
Fri Feb  7 23:02:08 2025 Neneh (Red) [SMG] abdullah (Blue)
Fri Feb  7 23:02:10 2025 [Global] Y.O.B.A. (Red): we  can change ur slepy?
Fri Feb  7 23:02:17 2025 talpselgoog (Blue) [Grenade] Nick (Red)
Fri Feb  7 23:02:18 2025 Roger dropped Red's Intel
Fri Feb  7 23:02:18 2025  The intel has returned to the heavens
Fri Feb  7 23:02:18 2025 Deuce (Red) [SMG] Roger (Blue)
Fri Feb  7 23:02:19 2025 talpselgoog (Blue) [Headshot] Harry (Red)
Fri Feb  7 23:02:19 2025 Jemo (Blue) [Headshot] Deuce (Red)
Fri Feb  7 23:02:22 2025 princesa savi (Red) [Headshot] talpselgoog (Blue)
Fri Feb  7 23:02:23 2025 [Global] Deuce (Red): change how?
Fri Feb  7 23:02:25 2025 Neneh (Red) [Headshot] Otiinbr (Blue)
Fri Feb  7 23:02:30 2025 [Global] Deuce (Red): i want to hug u
Fri Feb  7 23:02:30 2025  10 minutes remaining.
Fri Feb  7 23:02:30 2025 Catodamex picked up Red's Intel.
Fri Feb  7 23:02:38 2025 Control (Blue) [Headshot] The Jesus (Red)
Fri Feb  7 23:02:41 2025 [Global] Y.O.B.A. (Red): ssay  wwhat u wanty?
Fri Feb  7 23:02:42 2025 abdullah (Blue) [Headshot] Neneh (Red)
Fri Feb  7 23:02:44 2025 Harry (Red) [Headshot] pososo (Blue)
Fri Feb  7 23:02:46 2025 Harry (Red) [Headshot] i will try (Blue)
Fri Feb  7 23:02:50 2025 Control (Blue) [Grenade] Deuce (Red)
Fri Feb  7 23:02:54 2025 talpselgoog (Blue) [Headshot] export (Red)
Fri Feb  7 23:02:56 2025 [Global] Deuce (Red): i dont want, but i need to sleep
Fri Feb  7 23:02:58 2025  Get a 20 killstreak and 1 intel capture(s) to unlock /APOC!
Fri Feb  7 23:02:59 2025 Nick (Red) [SMG] Control (Blue)
Fri Feb  7 23:02:59 2025 talpselgoog (Blue) [Headshot] Nick (Red)
Fri Feb  7 23:03:02 2025 Catodamex captured Red's Intel.
Fri Feb  7 23:03:05 2025 Roger picked up Red's Intel.
Fri Feb  7 23:03:10 2025 talpselgoog (Blue) [SMG] princesa savi (Red)
Fri Feb  7 23:03:11 2025 talpselgoog (Blue) [Headshot] Harry (Red)
Fri Feb  7 23:03:14 2025 talpselgoog (Blue) [Headshot] The Jesus (Red)
Fri Feb  7 23:03:15 2025 Neneh (Red) [SMG] talpselgoog (Blue)
Fri Feb  7 23:03:15 2025 [Global] Deuce (Red): im gettin a headachea
Fri Feb  7 23:03:22 2025 Deuce (Red) [SMG] ENTUSSIASMAO (Blue)
Fri Feb  7 23:03:23 2025 [Global] Y.O.B.A. (Red): may be  next  week?
Fri Feb  7 23:03:27 2025 i will try (Blue) [SMG] you are fired (Red)
Fri Feb  7 23:03:30 2025 Deuce (Red) [SMG] Jemo (Blue)
Fri Feb  7 23:03:36 2025 pososo (Blue) [Headshot] Harry (Red)
Fri Feb  7 23:03:36 2025 Neneh (Red) [Headshot] pososo (Blue)
Fri Feb  7 23:03:39 2025 [Global] Deuce (Red): i dont want a headache next week
Fri Feb  7 23:03:40 2025 i will try (Blue) [Grenade] The Jesus (Red)
Fri Feb  7 23:03:46 2025  With 3478 blocks placed, ENTUSSIASMAO is granted the right to unleash the apocalypse.
Fri Feb  7 23:03:46 2025 Roger captured Red's Intel.
Fri Feb  7 23:03:47 2025 export (Red) [Headshot] i will try (Blue)
Fri Feb  7 23:03:48 2025 Control (Blue) [Grenade] princesa savi (Red)
Fri Feb  7 23:03:49 2025 export (Red) [Headshot] Catodamex (Blue)
Fri Feb  7 23:03:51 2025 Control (Blue) [Grenade] export (Red)
Fri Feb  7 23:03:51 2025 teiy (Blue) [SMG] you are fired (Red)
Fri Feb  7 23:03:55 2025 Neneh (Red) [Headshot] talpselgoog (Blue)
Fri Feb  7 23:03:56 2025 Neneh (Red) [Headshot] Control (Blue)
Fri Feb  7 23:03:58 2025  Capture your team's 5th intel to unlock /APOC for your team's best builder!
Fri Feb  7 23:03:59 2025 abdullah picked up Red's Intel.
Fri Feb  7 23:04:05 2025 You must be closer to the enemy's base to grenade blocks!
Fri Feb  7 23:04:06 2025 You must be closer to the enemy's base to grenade blocks!
Fri Feb  7 23:04:07 2025 abdullah dropped Red's Intel
Fri Feb  7 23:04:07 2025 Harry (Red) [Grenade] abdullah (Blue)
Fri Feb  7 23:04:07 2025 You must be closer to the enemy's base to grenade blocks!
Fri Feb  7 23:04:16 2025 Harry (Red) [Rifle] pososo (Blue)
Fri Feb  7 23:04:18 2025 [Global] talpselgoog (Blue): ENTUSS type /apoc
Fri Feb  7 23:04:19 2025 Harry (Red) [Rifle] Catodamex (Blue)
Fri Feb  7 23:04:19 2025 [Global] abdullah (Blue): YUI455WWDWW'
Fri Feb  7 23:04:20 2025  ENTUSSIASMAO has unleashed an apocalypse from God.
Fri Feb  7 23:04:22 2025 ticomia joined Red team
Fri Feb  7 23:04:22 2025  The apocalypse begins in 5
Fri Feb  7 23:04:23 2025  The apocalypse begins in 4
Fri Feb  7 23:04:24 2025  The apocalypse begins in 3
Fri Feb  7 23:04:25 2025 Deuce (Red) [Headshot] Jemo (Blue)
Fri Feb  7 23:04:25 2025  The apocalypse begins in 2
Fri Feb  7 23:04:25 2025 teiy (Blue) [SMG] ticomia (Red)
Fri Feb  7 23:04:26 2025  The apocalypse begins in 1
Fri Feb  7 23:04:26 2025 Harry picked up Blue's Intel.
Fri Feb  7 23:04:27 2025 [Global] Y.O.B.A. (Red): u likee aa  hurin
Fri Feb  7 23:04:28 2025 The Jesus (Red) [Headshot] talpselgoog (Blue)
Fri Feb  7 23:04:28 2025 ENTUSSIASMAO (Blue) [Grenade] Deuce (Red)
Fri Feb  7 23:04:30 2025 Control (Blue) [SMG] The Jesus (Red)
Fri Feb  7 23:04:32 2025 ENTUSSIASMAO (Blue) [Grenade] princesa savi (Red)
Fri Feb  7 23:04:33 2025 ticomia (Red) [SMG] teiy (Blue)
Fri Feb  7 23:04:34 2025 export (Red) [Headshot] Roger (Blue)
Fri Feb  7 23:04:37 2025 Control (Blue) [Grenade] export (Red)
Fri Feb  7 23:04:38 2025 Control (Blue) [Grenade]
Fri Feb  7 23:04:39 2025 Harry dropped Blue's Intel
Fri Feb  7 23:04:39 2025  The intel has returned to the heavens
Fri Feb  7 23:04:39 2025 Harry (Red) [Fall]
Fri Feb  7 23:04:39 2025 [Global] talpselgoog (Blue): oh shit
Fri Feb  7 23:04:43 2025  The apocalypse has ended.
Fri Feb  7 23:04:45 2025 [Global] export (Red): oof
Fri Feb  7 23:04:49 2025 [Global] Deuce (Red): did red launch apoc?
Fri Feb  7 23:04:54 2025 [Global] talpselgoog (Blue): blue builde
Fri Feb  7 23:04:54 2025 [Global] Deuce (Red): i cant remember
Fri Feb  7 23:04:55 2025 Harry (Red) [Headshot] i will try (Blue)
Fri Feb  7 23:04:56 2025 Catodamex picked up Red's Intel.
Fri Feb  7 23:04:58 2025  Mahalo for playing aloha.pk tower of babel
Fri Feb  7 23:05:01 2025 ticomia (Red) [Headshot] Otiinbr (Blue)
Fri Feb  7 23:05:03 2025 ticomia (Red) [Fall]
Fri Feb  7 23:05:04 2025 princesa savi (Red) [SMG] pososo (Blue)
Fri Feb  7 23:05:04 2025 Pedro joined Blue team
Fri Feb  7 23:05:04 2025 pososo (Blue) [Grenade] The Jesus (Red)
Fri Feb  7 23:05:05 2025 [Global] Y.O.B.A. (Red): u can
Fri Feb  7 23:05:05 2025 talpselgoog (Blue) [SMG] princesa savi (Red)
Fri Feb  7 23:05:08 2025 Jemo (Blue) [Fall]
Fri Feb  7 23:05:10 2025 talpselgoog (Blue) [Headshot] Neneh (Red)
Fri Feb  7 23:05:14 2025 You must be closer to the enemy's base to grenade blocks!
Fri Feb  7 23:05:15 2025 You must be closer to the enemy's base to grenade blocks!
Fri Feb  7 23:05:16 2025 You must be closer to the enemy's base to grenade blocks!
Fri Feb  7 23:05:17 2025 export (Red) [Headshot] talpselgoog (Blue)
Fri Feb  7 23:05:17 2025 talpselgoog (Blue) [Grenade] export (Red)
Fri Feb  7 23:05:18 2025 [Global] Deuce (Red): no, i cant
Fri Feb  7 23:05:18 2025 Player Neneh has left
Fri Feb  7 23:05:19 2025 Control (Blue) [Headshot] Harry (Red)
Fri Feb  7 23:05:25 2025 Catodamex captured Red's Intel.
Fri Feb  7 23:05:29 2025 abdullah (Blue) [Headshot] The Jesus (Red)
Fri Feb  7 23:05:30 2025 Harry (Red) [Headshot] teiy (Blue)
Fri Feb  7 23:05:31 2025 export (Red) [Headshot] abdullah (Blue)
Fri Feb  7 23:05:31 2025 Roger picked up Red's Intel.
Fri Feb  7 23:05:34 2025 Player abdullah has left
Fri Feb  7 23:05:45 2025 Deuce (Red) [Headshot] Jemo (Blue)
Fri Feb  7 23:05:50 2025 ATORRES_BR! joined Spectator team
Fri Feb  7 23:05:53 2025 Harry (Red) [Headshot] pososo (Blue)
Fri Feb  7 23:05:54 2025 teiy (Blue) [Headshot] you are fired (Red)
Fri Feb  7 23:05:54 2025 Pedro (Blue) [Headshot] princesa savi (Red)
Fri Feb  7 23:05:54 2025 [Global] ATORRES_BR! (): HMMMMMMM
Fri Feb  7 23:05:55 2025 export (Red) [Headshot] i will try (Blue)
Fri Feb  7 23:05:56 2025 [Global] Deuce (Red): well, gg
Fri Feb  7 23:05:56 2025 [Global] ATORRES_BR! (): lobes
Fri Feb  7 23:05:58 2025  Build a tower to get the enemy's intel. Take it to your team's tent to win!
Fri Feb  7 23:06:00 2025 talpselgoog (Blue) [Grenade] export (Red)
Fri Feb  7 23:06:03 2025 Pedro (Blue) [SMG] Harry (Red)
Fri Feb  7 23:06:05 2025 Roger captured Red's Intel.
Fri Feb  7 23:06:06 2025 Harry (Red) [Headshot] talpselgoog (Blue)
Fri Feb  7 23:06:07 2025 Control picked up Red's Intel.
Fri Feb  7 23:06:13 2025 Player Deuce has left
Fri Feb  7 23:06:19 2025 [Global] Y.O.B.A. (Red): bay  stop  bein  like that  afk 5  minns
Fri Feb  7 23:06:22 2025 talpselgoog (Blue) [SMG] Nick (Red)
Fri Feb  7 23:06:24 2025 [Global] Harry (Red): balance
Fri Feb  7 23:06:27 2025 export (Red) [Headshot] teiy (Blue)
Fri Feb  7 23:06:27 2025 ATORRES_BR! joined Red team
Fri Feb  7 23:06:29 2025 export (Red) [Headshot] Catodamex (Blue)
Fri Feb  7 23:06:30 2025 Control captured Red's Intel.
Fri Feb  7 23:06:32 2025 Harry (Red) [Headshot] Jemo (Blue)
Fri Feb  7 23:06:33 2025 Pedro (Blue) [SMG] princesa savi (Red)
Fri Feb  7 23:06:36 2025 Roger (Blue) [Fall]
Fri Feb  7 23:06:43 2025 pososo (Blue) [Shotgun] ATORRES_BR! (Red)
Fri Feb  7 23:06:46 2025 Harry (Red) [Fall]
Fri Feb  7 23:06:50 2025 Jemo (Blue) [Headshot] The Jesus (Red)
Fri Feb  7 23:06:58 2025  Type /HELP for info & commands
Fri Feb  7 23:07:00 2025 talpselgoog (Blue) [Headshot] export (Red)
Fri Feb  7 23:07:00 2025 Control picked up Red's Intel.
Fri Feb  7 23:07:09 2025 talpselgoog (Blue) [Headshot] princesa savi (Red)
Fri Feb  7 23:07:10 2025 The Jesus (Red) [SMG] Pedro (Blue)
Fri Feb  7 23:07:14 2025 Harry (Red) [Headshot] talpselgoog (Blue)
Fri Feb  7 23:07:18 2025 Roger (Blue) [Headshot] The Jesus (Red)
Fri Feb  7 23:07:20 2025 pososo (Blue) [Headshot] ticomia (Red)
Fri Feb  7 23:07:20 2025 princesa savi (Red) [SMG] pososo (Blue)
Fri Feb  7 23:07:23 2025 Control captured Red's Intel.
Fri Feb  7 23:07:29 2025 teiy (Blue) [Headshot] export (Red)
Fri Feb  7 23:07:29 2025 Catodamex (Blue) [Headshot] Harry (Red)
Fri Feb  7 23:07:30 2025  5 minutes remaining.
Fri Feb  7 23:07:34 2025 Disconnecting
