Wed Mar  5 17:56:00 2025 ------ World Loaded ------
Wed Mar  5 17:56:00 2025 Chingu (Red) [Headshot] Deuce1 (Blue)
Wed Mar  5 17:56:00 2025 e (Red) [Headshot] Deuce (Blue)
Wed Mar  5 17:56:00 2025 e (Red) [Headshot] stonked (Blue)
Wed Mar  5 17:56:00 2025 Welcome to aloha.pk tower of babel
Wed Mar  5 17:56:01 2025 zHROMz (Red) [Rifle] Venon (Blue)
Wed Mar  5 17:56:02 2025 Map: ZaporizhianSich by HiBreck_
Wed Mar  5 17:56:04 2025 Chingu (Red) [Headshot] Y.O.B.A. (Blue)
Wed Mar  5 17:56:04 2025 Game mode: babel
Wed Mar  5 17:56:05 2025 mariosteve (Red) [Headshot] Y.O.B.A. (Blue)
Wed Mar  5 17:56:06 2025 Build a tower to get the enemy's intel. Take it to your team's tent to win!
Wed Mar  5 17:56:08 2025 Visit our community forum at https://aloha.pk/
Wed Mar  5 17:56:09 2025 stonked (Blue) [Headshot] e (Red)
Wed Mar  5 17:56:10 2025 Come chat with us at https://discord.aloha.pk/
Wed Mar  5 17:56:11 2025 Deuce (Blue) [Melee] mariosteve (Red)
Wed Mar  5 17:56:11 2025 Chingu (Red) [Headshot] Venon (Blue)
Wed Mar  5 17:56:12 2025 mariosteve (Red) [Fall]
Wed Mar  5 17:56:12 2025 Y.O.B.A. (Blue) [Fall]
Wed Mar  5 17:56:12 2025 Venon (Blue) [Fall]
Wed Mar  5 17:56:12 2025 e (Red) [Fall]
Wed Mar  5 17:56:13 2025 ale joined Blue team
Wed Mar  5 17:56:13 2025  With 3125 blocks placed, 1232 is granted the right to unleash the apocalypse.
Wed Mar  5 17:56:13 2025 laws of physics captured Blue's Intel.
Wed Mar  5 17:56:14 2025 stonked (Blue) [Headshot] Chingu (Red)
Wed Mar  5 17:56:17 2025 [Global] mariosteve (Red): OOOOO
Wed Mar  5 17:56:18 2025  1232 has unleashed an apocalypse from God.
Wed Mar  5 17:56:20 2025  The apocalypse begins in 5
Wed Mar  5 17:56:21 2025  The apocalypse begins in 4
Wed Mar  5 17:56:22 2025  The apocalypse begins in 3
Wed Mar  5 17:56:23 2025  The apocalypse begins in 2
Wed Mar  5 17:56:23 2025 [Global] Y.O.B.A. (Blue): HIDE
Wed Mar  5 17:56:24 2025  The apocalypse begins in 1
Wed Mar  5 17:56:27 2025 1232 (Red) [Grenade] Deuce1 (Blue)
Wed Mar  5 17:56:27 2025 1232 (Red) [Grenade] stonked (Blue)
Wed Mar  5 17:56:27 2025 1232 (Red) [Grenade] Harry (Blue)
Wed Mar  5 17:56:28 2025 1232 (Red) [Grenade] stonked (Blue)
Wed Mar  5 17:56:28 2025 1232 (Red) [Grenade] Harry (Blue)
Wed Mar  5 17:56:29 2025 1232 (Red) [Grenade] Y.O.B.A. (Blue)
Wed Mar  5 17:56:30 2025 1232 (Red) [Grenade] Venon (Blue)
Wed Mar  5 17:56:34 2025  Mahalo for playing aloha.pk tower of babel
Wed Mar  5 17:56:35 2025 sam (Blue) [Headshot] mariosteve (Red)
Wed Mar  5 17:56:36 2025 1232 (Red) [Grenade] sam (Blue)
Wed Mar  5 17:56:46 2025  The apocalypse has ended.
Wed Mar  5 17:56:49 2025 stonked (Blue) [Headshot] e (Red)
Wed Mar  5 17:56:50 2025 Chingu (Red) [Grenade] Deuce1 (Blue)
Wed Mar  5 17:56:54 2025 Chingu (Red) [Headshot] Harry (Blue)
Wed Mar  5 17:57:02 2025 1232 picked up Blue's Intel.
Wed Mar  5 17:57:05 2025 Chingu (Red) [Headshot] Deuce1 (Blue)
Wed Mar  5 17:57:10 2025 mariosteve (Red) [Headshot] Venon (Blue)
Wed Mar  5 17:57:15 2025 Harry (Blue) [Rifle] Chingu (Red)
Wed Mar  5 17:57:17 2025 e (Red) [Rifle] stonked (Blue)
Wed Mar  5 17:57:18 2025 sam (Blue) [Headshot] mariosteve (Red)
Wed Mar  5 17:57:25 2025 e (Red) [Headshot] sam (Blue)
Wed Mar  5 17:57:28 2025 1232 captured Blue's Intel.
Wed Mar  5 17:57:29 2025 e (Red) [Headshot] Harry (Blue)
Wed Mar  5 17:57:30 2025 ale (Blue) [Headshot] laws of physics (Red)
Wed Mar  5 17:57:31 2025 stonked (Blue) [Headshot] e (Red)
Wed Mar  5 17:57:34 2025  Build a tower to get the enemy's intel. Take it to your team's tent to win!
Wed Mar  5 17:57:35 2025 JesterFrom3dShi joined Red team
Wed Mar  5 17:57:49 2025 e (Red) [Rifle] Venon (Blue)
Wed Mar  5 17:57:50 2025 zHROMz (Red) [Fall]
Wed Mar  5 17:57:56 2025 Deuce1 (Blue) [Headshot] e (Red)
Wed Mar  5 17:57:58 2025 Deuce1 (Blue) [Headshot] mariosteve (Red)
Wed Mar  5 17:57:58 2025 Player JesterFrom3dShi has left
Wed Mar  5 17:58:04 2025 JesterFrom3dShi joined Red team
Wed Mar  5 17:58:09 2025 sam (Blue) [Rifle] Chingu (Red)
Wed Mar  5 17:58:11 2025 Deuce1 (Blue) [Headshot] 1232 (Red)
Wed Mar  5 17:58:15 2025 Player JesterFrom3dShi has left
Wed Mar  5 17:58:23 2025 Deuce1 (Blue) [Grenade] mariosteve (Red)
Wed Mar  5 17:58:23 2025 JesterFrom3dShi joined Red team
Wed Mar  5 17:58:24 2025 zHROMz (Red) [Headshot] Venon (Blue)
Wed Mar  5 17:58:29 2025 Deuce1 (Blue) [Melee] JesterFrom3dShi (Red)
Wed Mar  5 17:58:33 2025 zHROMz (Red) [Headshot] sam (Blue)
Wed Mar  5 17:58:33 2025 mariosteve (Red) [Rifle] Deuce1 (Blue)
Wed Mar  5 17:58:34 2025  Type /HELP for info & commands
Wed Mar  5 17:58:42 2025 sam (Blue) [Team Change]
Wed Mar  5 17:58:43 2025 Player JesterFrom3dShi has left
Wed Mar  5 17:58:45 2025 e (Red) [Headshot] stonked (Blue)
Wed Mar  5 17:58:48 2025 JesterFrom3dShi joined Blue team
Wed Mar  5 17:58:50 2025 e (Red) [Headshot] Harry (Blue)
Wed Mar  5 17:58:52 2025 Player Deuce1 has left
Wed Mar  5 17:58:52 2025 sam joined Spectator team
Wed Mar  5 17:58:57 2025 e (Red) [Headshot] Harry (Blue)
Wed Mar  5 17:58:59 2025 stonked (Blue) [SMG] e (Red)
Wed Mar  5 17:59:00 2025 zHROMz (Red) [Headshot] Y.O.B.A. (Blue)
Wed Mar  5 17:59:02 2025 Chingu (Red) [Headshot] Deuce (Blue)
Wed Mar  5 17:59:04 2025 stonked (Blue) [Headshot] Chingu (Red)
Wed Mar  5 17:59:04 2025 zHROMz (Red) [Rifle] JesterFrom3dShi (Blue)
Wed Mar  5 17:59:09 2025 TITAN Nova. joined Red team
Wed Mar  5 17:59:19 2025 Player JesterFrom3dShi has left
Wed Mar  5 17:59:31 2025 e (Red) [Rifle] stonked (Blue)
Wed Mar  5 17:59:34 2025  Visit our community forums at https://aloha.pk/
Wed Mar  5 17:59:35 2025 zHROMz (Red) [Fall]
Wed Mar  5 17:59:37 2025 Harry (Blue) [Headshot] Chingu (Red)
Wed Mar  5 17:59:38 2025 1232 picked up Blue's Intel.
Wed Mar  5 17:59:39 2025 e (Red) [Headshot] Harry (Blue)
Wed Mar  5 17:59:44 2025 laws of physics (Red) [Melee] ale (Blue)
Wed Mar  5 17:59:45 2025 mariosteve (Red) [Headshot] Y.O.B.A. (Blue)
Wed Mar  5 17:59:46 2025 stonked (Blue) [SMG] mariosteve (Red)
Wed Mar  5 17:59:55 2025 stonked (Blue) [SMG] e (Red)
Wed Mar  5 17:59:58 2025 [Global] laws of physics (Red): well
Wed Mar  5 17:59:59 2025 [Global] laws of physics (Red): gtg
Wed Mar  5 18:00:01 2025 zHROMz (Red) [Headshot] Venon (Blue)
Wed Mar  5 18:00:01 2025 1232 captured Blue's Intel.
Wed Mar  5 18:00:01 2025 [Global] laws of physics (Red): gg
Wed Mar  5 18:00:03 2025 [Global] mariosteve (Red): bye
Wed Mar  5 18:00:06 2025 [Global] laws of physics (Red): bb
Wed Mar  5 18:00:08 2025 Player laws of physics has left
Wed Mar  5 18:00:19 2025 TITAN Nova. picked up Blue's Intel.
Wed Mar  5 18:00:23 2025 Chingu (Red) [Headshot] Venon (Blue)
Wed Mar  5 18:00:29 2025 mariosteve (Red) [Melee] Harry (Blue)
Wed Mar  5 18:00:31 2025 1232 (Red) [Grenade] stonked (Blue)
Wed Mar  5 18:00:33 2025 TITAN Nova. (Red) [Headshot] Y.O.B.A. (Blue)
Wed Mar  5 18:00:33 2025 Venon (Blue) [Headshot] 1232 (Red)
Wed Mar  5 18:00:33 2025 zHROMz (Red) [Headshot] Deuce (Blue)
Wed Mar  5 18:00:34 2025  Come chat with us at https://discord.aloha.pk/
Wed Mar  5 18:00:50 2025 Chingu (Red) [Headshot] Y.O.B.A. (Blue)
Wed Mar  5 18:00:53 2025 Deuce (Blue) [Headshot] mariosteve (Red)
Wed Mar  5 18:00:54 2025 Chingu (Red) [Rifle] Deuce (Blue)
Wed Mar  5 18:00:55 2025 Chingu (Red) [Headshot] Y.O.B.A. (Blue)
Wed Mar  5 18:01:05 2025 TITAN Nova. captured Blue's Intel.
Wed Mar  5 18:01:07 2025 Chingu picked up Blue's Intel.
Wed Mar  5 18:01:21 2025 mariosteve (Red) [Headshot] ale (Blue)
Wed Mar  5 18:01:24 2025 zHROMz (Red) [Headshot] Y.O.B.A. (Blue)
Wed Mar  5 18:01:26 2025 Chingu captured Blue's Intel.
Wed Mar  5 18:01:27 2025 1232 picked up Blue's Intel.
Wed Mar  5 18:01:32 2025 Harry (Blue) [Headshot] mariosteve (Red)
Wed Mar  5 18:01:34 2025 stonked (Blue) [Headshot] TITAN Nova. (Red)
Wed Mar  5 18:01:34 2025  If you believe a player is breaking the rules, please let us know with /ADMIN
Wed Mar  5 18:01:35 2025 stonked (Blue) [Headshot] zHROMz (Red)
Wed Mar  5 18:01:47 2025 Player sam has left
Wed Mar  5 18:01:48 2025 stonked (Blue) [Headshot] Chingu (Red)
Wed Mar  5 18:01:48 2025 1232 captured Blue's Intel.
Wed Mar  5 18:01:48 2025 Red Wins!
Wed Mar  5 18:01:48 2025  Game finished! Next map: Aourmgh.
Wed Mar  5 18:01:50 2025 TITAN Nova. (Red) [Shotgun] ale (Blue)
Wed Mar  5 18:01:50 2025 Harry (Blue) [Headshot] mariosteve (Red)
Wed Mar  5 18:01:51 2025 TITAN Nova. (Red) [Shotgun] Y.O.B.A. (Blue)
Wed Mar  5 18:01:51 2025 TITAN Nova. (Red) [Shotgun] Y.O.B.A. (Blue)
Wed Mar  5 18:01:51 2025 TITAN Nova. (Red) [Headshot] Y.O.B.A. (Blue)
Wed Mar  5 18:01:51 2025 zHROMz (Red) [Headshot] Harry (Blue)
Wed Mar  5 18:01:53 2025 TITAN Nova. (Red) [Shotgun] Deuce (Blue)
Wed Mar  5 18:01:53 2025 zHROMz (Red) [Rifle] Deuce (Blue)
Wed Mar  5 18:01:53 2025 Chingu (Red) [Headshot] Deuce (Blue)
Wed Mar  5 18:01:53 2025 Venon (Blue) [Fall]
Wed Mar  5 18:01:53 2025 stonked (Blue) [Fall]
Wed Mar  5 18:01:56 2025 1232 (Red) [Fall]
Wed Mar  5 18:01:57 2025 TITAN Nova. (Red) [Fall]
Wed Mar  5 18:01:58 2025 e (Red) [Fall]
Wed Mar  5 18:01:58 2025 zHROMz picked up Blue's Intel.
Wed Mar  5 18:01:58 2025 [Global] mariosteve (Red): gg
Wed Mar  5 18:01:59 2025 ------ World Unloaded ------
Wed Mar  5 18:02:05 2025 ------ World Loaded ------
Wed Mar  5 18:02:05 2025 e joined Red team
Wed Mar  5 18:02:05 2025 Welcome to aloha.pk tower of babel
Wed Mar  5 18:02:05 2025 1232 joined Blue team
Wed Mar  5 18:02:05 2025 stonked joined Red team
Wed Mar  5 18:02:06 2025 zHROMz joined Blue team
Wed Mar  5 18:02:06 2025 Map: Aourmgh by Kahcerus
Wed Mar  5 18:02:08 2025 Deuce joined Spectator team
Wed Mar  5 18:02:08 2025 Game mode: babel
Wed Mar  5 18:02:09 2025 Venon joined Blue team
Wed Mar  5 18:02:09 2025 mariosteve joined Red team
Wed Mar  5 18:02:10 2025 Build a tower to get the enemy's intel. Take it to your team's tent to win!
Wed Mar  5 18:02:12 2025 Visit our community forum at https://aloha.pk/
Wed Mar  5 18:02:14 2025 Y.O.B.A. joined Red team
Wed Mar  5 18:02:14 2025 Come chat with us at https://discord.aloha.pk/
Wed Mar  5 18:02:15 2025 ale joined Red team
Wed Mar  5 18:02:21 2025 stonked (Red) [Headshot] Venon (Blue)
Wed Mar  5 18:02:21 2025 e (Red) [Headshot] zHROMz (Blue)
Wed Mar  5 18:02:25 2025 Harry (Blue) [Headshot] stonked (Red)
Wed Mar  5 18:02:26 2025 e (Red) [Headshot] Harry (Blue)
Wed Mar  5 18:02:27 2025 e (Red) [Headshot] 1232 (Blue)
Wed Mar  5 18:02:33 2025 e (Red) [Headshot] 1232 (Blue)
Wed Mar  5 18:02:34 2025  This server runs imger and glow. Use /IMG or /GLOW to toggle them.
Wed Mar  5 18:02:34 2025 e (Red) [Headshot] Harry (Blue)
Wed Mar  5 18:02:39 2025 e (Red) [Headshot] Venon (Blue)
Wed Mar  5 18:02:45 2025 mariosteve (Red) [Rifle] zHROMz (Blue)
Wed Mar  5 18:02:48 2025 e (Red) [Headshot] Venon (Blue)
Wed Mar  5 18:02:50 2025 e (Red) [Headshot] 1232 (Blue)
Wed Mar  5 18:02:53 2025 stonked (Red) [Headshot] Harry (Blue)
Wed Mar  5 18:02:54 2025 mariosteve (Red) [Headshot] Venon (Blue)
Wed Mar  5 18:02:55 2025 stonked (Red) [Headshot] zHROMz (Blue)
Wed Mar  5 18:02:57 2025 e (Red) [Headshot] 1232 (Blue)
Wed Mar  5 18:03:06 2025 zHROMz (Blue) [Rifle] e (Red)
Wed Mar  5 18:03:07 2025 Roy! joined Blue team
Wed Mar  5 18:03:10 2025 stonked (Red) [Headshot] Venon (Blue)
Wed Mar  5 18:03:15 2025 zHROMz (Blue) [Rifle] mariosteve (Red)
Wed Mar  5 18:03:20 2025 stonked (Red) [Headshot] 1232 (Blue)
Wed Mar  5 18:03:23 2025 zHROMz (Blue) [Headshot] stonked (Red)
Wed Mar  5 18:03:29 2025 vivian<3 joined Red team
Wed Mar  5 18:03:30 2025 [Global] mariosteve (Red): rip blue
Wed Mar  5 18:03:34 2025  Use /EMOTE to draw an emote on the map!
Wed Mar  5 18:03:36 2025 zHROMz (Blue) [Headshot] mariosteve (Red)
Wed Mar  5 18:03:37 2025 Artoria joined Red team
Wed Mar  5 18:03:39 2025 e (Red) [Headshot] zHROMz (Blue)
Wed Mar  5 18:03:48 2025 e (Red) [Headshot] Roy! (Blue)
Wed Mar  5 18:03:49 2025 e (Red) [Headshot] Harry (Blue)
Wed Mar  5 18:03:57 2025 stonked (Red) [Headshot] zHROMz (Blue)
Wed Mar  5 18:04:00 2025 GOLDXPERT joined Blue team
Wed Mar  5 18:04:01 2025 1000Babies joined Blue team
Wed Mar  5 18:04:01 2025 e (Red) [Headshot] 1232 (Blue)
Wed Mar  5 18:04:04 2025 stonked (Red) [Headshot] Venon (Blue)
Wed Mar  5 18:04:08 2025 e (Red) [Headshot] GOLDXPERT (Blue)
Wed Mar  5 18:04:10 2025 stonked (Red) [Headshot] Harry (Blue)
Wed Mar  5 18:04:11 2025 stonked (Red) [Headshot] Venon (Blue)
Wed Mar  5 18:04:12 2025 zHROMz (Blue) [Rifle] stonked (Red)
Wed Mar  5 18:04:13 2025 e (Red) [Headshot] 1232 (Blue)
Wed Mar  5 18:04:14 2025 e (Red) [Rifle] Roy! (Blue)
Wed Mar  5 18:04:18 2025 zHROMz (Blue) [Rifle] e (Red)
Wed Mar  5 18:04:21 2025 mariosteve (Red) [Headshot] 1000Babies (Blue)
Wed Mar  5 18:04:21 2025 Harry (Blue) [Headshot] vivian<3 (Red)
Wed Mar  5 18:04:34 2025  Use /HEAVEN to paint the babel platform!
Wed Mar  5 18:04:43 2025 stonked (Red) [Headshot] 1232 (Blue)
Wed Mar  5 18:04:45 2025 mariosteve (Red) [Headshot] Roy! (Blue)
Wed Mar  5 18:04:48 2025 Y.O.B.A. (Red) [SMG] GOLDXPERT (Blue)
Wed Mar  5 18:04:49 2025 Harry (Blue) [Headshot] Y.O.B.A. (Red)
Wed Mar  5 18:04:50 2025 stonked (Red) [SMG] 1000Babies (Blue)
Wed Mar  5 18:04:52 2025 stonked (Red) [SMG] Harry (Blue)
Wed Mar  5 18:04:52 2025 Roy! (Blue) [Weapon Change]
Wed Mar  5 18:04:54 2025 e (Red) [Headshot] zHROMz (Blue)
Wed Mar  5 18:04:59 2025 Harry (Blue) [Headshot] ale (Red)
Wed Mar  5 18:05:03 2025 e (Red) [Headshot] Harry (Blue)
Wed Mar  5 18:05:08 2025 stonked (Red) [Headshot] Venon (Blue)
Wed Mar  5 18:05:08 2025 stonked (Red) [Headshot] zHROMz (Blue)
Wed Mar  5 18:05:09 2025 e (Red) [Headshot] 1000Babies (Blue)
Wed Mar  5 18:05:14 2025 mariosteve (Red) [Headshot] GOLDXPERT (Blue)
Wed Mar  5 18:05:19 2025 mariosteve (Red) [Headshot] Harry (Blue)
Wed Mar  5 18:05:21 2025 e (Red) [Headshot] Roy! (Blue)
Wed Mar  5 18:05:23 2025 zHROMz (Blue) [Headshot] mariosteve (Red)
Wed Mar  5 18:05:26 2025 1000Babies (Blue) [SMG] stonked (Red)
Wed Mar  5 18:05:27 2025 e (Red) [Headshot] 1000Babies (Blue)
Wed Mar  5 18:05:28 2025 Artoria picked up Blue's Intel.
Wed Mar  5 18:05:30 2025 Goldorak joined Spectator team
Wed Mar  5 18:05:33 2025 e (Red) [Headshot] Harry (Blue)
Wed Mar  5 18:05:34 2025  Get a 20 killstreak and 1 intel capture(s) to unlock /APOC!
Wed Mar  5 18:05:34 2025 e (Red) [Headshot] 1000Babies (Blue)
Wed Mar  5 18:05:40 2025 e (Red) [Headshot] Roy! (Blue)
Wed Mar  5 18:05:42 2025 Harry (Blue) [Headshot] e (Red)
Wed Mar  5 18:05:46 2025 Player Roy! has left
Wed Mar  5 18:05:52 2025 stonked (Red) [Headshot] Harry (Blue)
Wed Mar  5 18:06:02 2025 Goldorak joined Red team
Wed Mar  5 18:06:03 2025 stonked (Red) [Headshot] GOLDXPERT (Blue)
Wed Mar  5 18:06:04 2025 Artoria captured Blue's Intel.
Wed Mar  5 18:06:05 2025 stonked (Red) [Headshot] Harry (Blue)
Wed Mar  5 18:06:06 2025 stonked (Red) [Headshot] 1000Babies (Blue)
Wed Mar  5 18:06:09 2025 stonked (Red) [Headshot] GOLDXPERT (Blue)
Wed Mar  5 18:06:10 2025 zHROMz (Blue) [Headshot] mariosteve (Red)
Wed Mar  5 18:06:10 2025 Disconnecting
