Sun Feb  2 19:27:50 2025 ------ World Loaded ------
Sun Feb  2 19:27:50 2025 Welcome to aloha.pk tower of babel
Sun Feb  2 19:27:51 2025 Map: xmasfire2 by TheGrandmaster + Danke
Sun Feb  2 19:27:53 2025 Game mode: babel
Sun Feb  2 19:27:55 2025 Build a tower to get the enemy's intel. Take it to your team's tent to win!
Sun Feb  2 19:27:57 2025 Visit our community forum at https://aloha.pk/
Sun Feb  2 19:27:58 2025 KillerPollo (Blue) [Headshot] LS 23 (Red)
Sun Feb  2 19:27:59 2025 KillerPollo (Blue) [SMG] Cao (Red)
Sun Feb  2 19:27:59 2025 Come chat with us at https://discord.aloha.pk/
Sun Feb  2 19:28:15 2025 Bizonho (Red) [SMG] Toddy3557 (Blue)
Sun Feb  2 19:28:22 2025 KillerPollo (Blue) [SMG] LS 23 (Red)
Sun Feb  2 19:28:23 2025 KillerPollo (Blue) [SMG] Cao (Red)
Sun Feb  2 19:28:26 2025 [Global] LS 23 (Red): daaa
Sun Feb  2 19:28:32 2025  This server runs imger and glow. Use /IMG or /GLOW to toggle them.
Sun Feb  2 19:28:39 2025 Bizonho (Red) [Headshot] Harry (Blue)
Sun Feb  2 19:28:41 2025 Bizonho (Red) [Fall]
Sun Feb  2 19:28:47 2025 KillerPollo (Blue) [SMG] LS 23 (Red)
Sun Feb  2 19:28:48 2025 zekebird (Red) [Grenade] UsedToiletPaper (Blue)
Sun Feb  2 19:29:00 2025 a (Red) [Headshot] noob (Blue)
Sun Feb  2 19:29:09 2025 zekebird (Red) [Grenade] noob (Blue)
Sun Feb  2 19:29:14 2025 [OS] LEADER (Red) [Headshot] i will try (Blue)
Sun Feb  2 19:29:14 2025 zekebird (Red) [Fall]
Sun Feb  2 19:29:16 2025 [OS] LEADER (Red) [Headshot] UsedToiletPaper (Blue)
Sun Feb  2 19:29:18 2025 [OS] LEADER (Red) [Headshot] noob (Blue)
Sun Feb  2 19:29:25 2025 [Team] noob (Blue): no tower?
Sun Feb  2 19:29:32 2025  Use /EMOTE to draw an emote on the map!
Sun Feb  2 19:29:37 2025 [OS] LEADER (Red) [Headshot] noob (Blue)
Sun Feb  2 19:29:40 2025 Toddy3557 (Blue) [SMG] zekebird (Red)
Sun Feb  2 19:29:50 2025 You can't destroy your team's blocks in this area. Attack the enemy's tower!
Sun Feb  2 19:29:50 2025 You can't destroy your team's blocks in this area. Attack the enemy's tower!
Sun Feb  2 19:29:51 2025 You can't destroy your team's blocks in this area. Attack the enemy's tower!
Sun Feb  2 19:29:51 2025 You can't destroy your team's blocks in this area. Attack the enemy's tower!
Sun Feb  2 19:29:51 2025 You can't destroy your team's blocks in this area. Attack the enemy's tower!
Sun Feb  2 19:29:51 2025 You can't destroy your team's blocks in this area. Attack the enemy's tower!
Sun Feb  2 19:29:52 2025 You can't destroy your team's blocks in this area. Attack the enemy's tower!
Sun Feb  2 19:29:52 2025 You can't destroy your team's blocks in this area. Attack the enemy's tower!
Sun Feb  2 19:29:52 2025 You can't destroy your team's blocks in this area. Attack the enemy's tower!
Sun Feb  2 19:29:52 2025 You can't destroy your team's blocks in this area. Attack the enemy's tower!
Sun Feb  2 19:29:52 2025 You can't destroy your team's blocks in this area. Attack the enemy's tower!
Sun Feb  2 19:29:53 2025 You can't destroy your team's blocks in this area. Attack the enemy's tower!
Sun Feb  2 19:29:56 2025 Harry (Blue) [Rifle]
Sun Feb  2 19:30:00 2025 zekebird (Red) [Fall]
Sun Feb  2 19:30:00 2025 [OS] LEADER (Red) [Headshot] UsedToiletPaper (Blue)
Sun Feb  2 19:30:05 2025 a (Red) [Headshot] i will try (Blue)
Sun Feb  2 19:30:07 2025 a (Red) [Headshot] noob (Blue)
Sun Feb  2 19:30:12 2025 Player UsedToiletPaper has left
Sun Feb  2 19:30:14 2025 Arsenka picked up Blue's Intel.
Sun Feb  2 19:30:21 2025 a (Red) [Headshot] noob (Blue)
Sun Feb  2 19:30:23 2025 a (Red) [Headshot] Harry (Blue)
Sun Feb  2 19:30:31 2025 Harry (Blue) [Headshot] a (Red)
Sun Feb  2 19:30:32 2025  Use /HEAVEN to paint the babel platform!
Sun Feb  2 19:30:42 2025 [OS] LEADER (Red) [Headshot] noob (Blue)
Sun Feb  2 19:30:45 2025 zekebird (Red) [SMG] i will try (Blue)
Sun Feb  2 19:30:50 2025 Player noob has left
Sun Feb  2 19:30:50 2025 Arsenka captured Blue's Intel.
Sun Feb  2 19:30:59 2025 Harry (Blue) [Headshot] zekebird (Red)
Sun Feb  2 19:30:59 2025 Arsenka (Red) [Weapon Change]
Sun Feb  2 19:30:59 2025 Bizonho picked up Blue's Intel.
Sun Feb  2 19:30:59 2025 KillerPollo (Blue) [SMG] Cao (Red)
Sun Feb  2 19:31:02 2025 Player zekebird has left
Sun Feb  2 19:31:04 2025 [Global] LS 23 (Red): balance xd
Sun Feb  2 19:31:09 2025 [Global] Arsenka (Red): +
Sun Feb  2 19:31:13 2025 Arsenka (Red) [SMG] Toddy3557 (Blue)
Sun Feb  2 19:31:14 2025 [OS] LEADER (Red) [Headshot] Harry (Blue)
Sun Feb  2 19:31:21 2025 Bizonho captured Blue's Intel.
Sun Feb  2 19:31:31 2025 [OS] LEADER (Red) [Rifle] Toddy3557 (Blue)
Sun Feb  2 19:31:32 2025  Get a 20 killstreak and 1 intel capture(s) to unlock /APOC!
Sun Feb  2 19:31:38 2025 Arsenka picked up Blue's Intel.
Sun Feb  2 19:31:48 2025 Toddy3557 (Blue) [Weapon Change]
Sun Feb  2 19:31:56 2025 Bizonho (Red) [Grenade] Toddy3557 (Blue)
Sun Feb  2 19:32:04 2025 [Global] Toddy3557 (Blue): GAY AS ***AS
Sun Feb  2 19:32:05 2025 KillerPollo (Blue) [SMG] Cao (Red)
Sun Feb  2 19:32:05 2025 Arsenka captured Blue's Intel.
Sun Feb  2 19:32:06 2025 [OS] LEADER (Red) [Headshot] Toddy3557 (Blue)
Sun Feb  2 19:32:08 2025 Bizonho picked up Blue's Intel.
Sun Feb  2 19:32:20 2025 LS 23 (Red) [Headshot] Harry (Blue)
Sun Feb  2 19:32:32 2025  Capture your team's 5th intel to unlock /APOC for your team's best builder!
Sun Feb  2 19:32:32 2025 Bizonho captured Blue's Intel.
Sun Feb  2 19:32:32 2025 LS 23 (Red) [Headshot] Harry (Blue)
Sun Feb  2 19:32:36 2025 [OS] LEADER picked up Blue's Intel.
Sun Feb  2 19:32:50 2025 Harry (Blue) [Rifle] LS 23 (Red)
Sun Feb  2 19:32:51 2025 Arsenka (Red) [SMG] Toddy3557 (Blue)
Sun Feb  2 19:32:52 2025 KillerPollo (Blue) [SMG] Cao (Red)
Sun Feb  2 19:32:54 2025 Noaa joined Blue team
Sun Feb  2 19:32:56 2025 Harry (Blue) [Rifle] Arsenka (Red)
Sun Feb  2 19:33:00 2025 [Global] Cao (Red): LOAN
Sun Feb  2 19:33:28 2025  With 2287 blocks placed, Cao is granted the right to unleash the apocalypse.
Sun Feb  2 19:33:28 2025 [OS] LEADER captured Blue's Intel.
Sun Feb  2 19:33:32 2025  Mahalo for playing aloha.pk tower of babel
Sun Feb  2 19:33:33 2025 Arsenka picked up Blue's Intel.
Sun Feb  2 19:33:33 2025 Bizonho (Red) [Headshot] Noaa (Blue)
Sun Feb  2 19:33:37 2025 Toddy3557 (Blue) [Headshot] Cao (Red)
Sun Feb  2 19:33:40 2025 [Global] Cao (Red): lol
Sun Feb  2 19:33:44 2025 Arsenka (Red) [SMG] Noaa (Blue)
Sun Feb  2 19:33:44 2025 Cao (Red) [SMG] Toddy3557 (Blue)
Sun Feb  2 19:33:49 2025 Player Toddy3557 has left
Sun Feb  2 19:33:53 2025 Harry (Blue) [Headshot] LS 23 (Red)
Sun Feb  2 19:33:56 2025 [Global] LS 23 (Red): deee
Sun Feb  2 19:34:05 2025 Player Noaa has left
Sun Feb  2 19:34:10 2025 Player KillerPollo has left
Sun Feb  2 19:34:16 2025 [Global] Cao (Red): re gays 
Sun Feb  2 19:34:17 2025 [Global] [OS] LEADER (Red): GG
Sun Feb  2 19:34:17 2025 Arsenka captured Blue's Intel.
Sun Feb  2 19:34:21 2025 Bizonho picked up Blue's Intel.
Sun Feb  2 19:34:29 2025 [Global] Arsenka (Red): 2/6
Sun Feb  2 19:34:29 2025 [Global] LS 23 (Red): aqui quedo
Sun Feb  2 19:34:32 2025  Build a tower to get the enemy's intel. Take it to your team's tent to win!
Sun Feb  2 19:34:32 2025 [Global] [OS] LEADER (Red): They'll gonna cry XD
Sun Feb  2 19:34:45 2025 Bizonho captured Blue's Intel.
Sun Feb  2 19:34:46 2025 comecucomexerec joined Blue team
Sun Feb  2 19:34:54 2025 [OS] LEADER picked up Blue's Intel.
Sun Feb  2 19:35:03 2025 a (Red) [Headshot] comecucomexerec (Blue)
Sun Feb  2 19:35:07 2025 a (Red) [Rifle] comecucomexerec (Blue)
Sun Feb  2 19:35:20 2025 Bizonho (Red) [Grenade] i will try (Blue)
Sun Feb  2 19:35:25 2025 [OS] LEADER captured Blue's Intel.
Sun Feb  2 19:35:27 2025 Noaa joined Blue team
Sun Feb  2 19:35:29 2025 Bizonho picked up Blue's Intel.
Sun Feb  2 19:35:30 2025 LS 23 (Red) [Headshot] Noaa (Blue)
Sun Feb  2 19:35:32 2025  Type /HELP for info & commands
Sun Feb  2 19:35:32 2025 a (Red) [Headshot] i will try (Blue)
Sun Feb  2 19:35:38 2025 [Global] Arsenka (Red): XD
Sun Feb  2 19:35:41 2025 Noaa (Blue) [Headshot] Arsenka (Red)
Sun Feb  2 19:35:44 2025 [Global] LS 23 (Red): apoc xD
Sun Feb  2 19:35:45 2025 a (Red) [Headshot] Noaa (Blue)
Sun Feb  2 19:35:53 2025 [Global] Noaa (Blue): nooo
Sun Feb  2 19:35:53 2025 a (Red) [Headshot] Noaa (Blue)
Sun Feb  2 19:35:53 2025 Bizonho captured Blue's Intel.
Sun Feb  2 19:35:58 2025 [Global] LS 23 (Red): jajaja
Sun Feb  2 19:36:02 2025 [Global] LS 23 (Red): alr alr
Sun Feb  2 19:36:06 2025 a (Red) [Headshot] Noaa (Blue)
Sun Feb  2 19:36:08 2025 [Global] Noaa (Blue): :D
Sun Feb  2 19:36:09 2025 Deuce joined Blue team
Sun Feb  2 19:36:11 2025 LS 23 (Red) [Team Change]
Sun Feb  2 19:36:11 2025 [OS] LEADER (Red) [Headshot] Deuce (Blue)
Sun Feb  2 19:36:16 2025 LS 23 joined Blue team
Sun Feb  2 19:36:18 2025 Bizonho picked up Blue's Intel.
Sun Feb  2 19:36:19 2025 Player Cao has left
Sun Feb  2 19:36:19 2025 a (Red) [Headshot] Noaa (Blue)
Sun Feb  2 19:36:20 2025  Harry has reached 1000 blocks placed! /heaven unlocked.
Sun Feb  2 19:36:20 2025 Type /heavenlist to view available images. /heaven <name> to confirm.
Sun Feb  2 19:36:20 2025 Want your country's flag instead? Type /heaven country (or any alpha-2 code)
Sun Feb  2 19:36:22 2025 a (Red) [Headshot] LS 23 (Blue)
Sun Feb  2 19:36:26 2025 [Global] [OS] LEADER (Red): Good job, guys
Sun Feb  2 19:36:32 2025 a (Red) [Headshot] LS 23 (Blue)
Sun Feb  2 19:36:32 2025  Visit our community forums at https://aloha.pk/
Sun Feb  2 19:36:32 2025 Deuce (Blue) [Headshot] a (Red)
Sun Feb  2 19:36:34 2025 Player a has left
Sun Feb  2 19:36:34 2025 Noaa (Blue) [Headshot] Arsenka (Red)
Sun Feb  2 19:36:37 2025 Harry (Blue) [Fall]
Sun Feb  2 19:36:47 2025 ENTUSSIASMAO joined Red team
Sun Feb  2 19:36:52 2025 Bizonho captured Blue's Intel.
Sun Feb  2 19:36:52 2025 Red Wins!
Sun Feb  2 19:36:52 2025  Game finished! Next map: ChristmasPinpoint.
Sun Feb  2 19:36:54 2025 [OS] LEADER (Red) [Headshot] Harry (Blue)
Sun Feb  2 19:36:55 2025 Deuce (Blue) [Headshot] ENTUSSIASMAO (Red)
Sun Feb  2 19:36:55 2025 i will try (Blue) [Headshot] Arsenka (Red)
Sun Feb  2 19:36:57 2025 Noaa (Blue) [Rifle] Bizonho (Red)
Sun Feb  2 19:36:57 2025 ENTUSSIASMAO (Red) [Grenade] comecucomexerec (Blue)
Sun Feb  2 19:36:57 2025 ENTUSSIASMAO (Red) [Grenade] Deuce (Blue)
Sun Feb  2 19:37:00 2025 [OS] LEADER (Red) [Rifle] i will try (Blue)
Sun Feb  2 19:37:03 2025 LS 23 (Blue) [Rifle] [OS] LEADER (Red)
Sun Feb  2 19:37:03 2025 Noaa (Blue) [Fall]
Sun Feb  2 19:37:03 2025 ------ World Unloaded ------
Sun Feb  2 19:37:05 2025 ------ World Loaded ------
Sun Feb  2 19:37:05 2025 Welcome to aloha.pk tower of babel
Sun Feb  2 19:37:07 2025 comecucomexerec joined Blue team
Sun Feb  2 19:37:07 2025 Map: christmas by Team R3S and co- Massilia - Goneskill
Sun Feb  2 19:37:08 2025 Noaa joined Red team
Sun Feb  2 19:37:09 2025 Game mode: babel
Sun Feb  2 19:37:09 2025 ENTUSSIASMAO joined Red team
Sun Feb  2 19:37:09 2025 Deuce joined Red team
Sun Feb  2 19:37:09 2025 LS 23 joined Blue team
Sun Feb  2 19:37:11 2025 Build a tower to get the enemy's intel. Take it to your team's tent to win!
Sun Feb  2 19:37:12 2025 Arsenka joined Red team
Sun Feb  2 19:37:13 2025 i will try joined Red team
Sun Feb  2 19:37:13 2025 Visit our community forum at https://aloha.pk/
Sun Feb  2 19:37:15 2025 Come chat with us at https://discord.aloha.pk/
Sun Feb  2 19:37:23 2025 [Global] LS 23 (Blue): weno ahi se ven
Sun Feb  2 19:37:24 2025 [OS] LEADER joined Blue team
Sun Feb  2 19:37:26 2025 Player LS 23 has left
Sun Feb  2 19:37:31 2025 Deuce1 joined Spectator team
Sun Feb  2 19:37:32 2025  Come chat with us at https://discord.aloha.pk/
Sun Feb  2 19:37:36 2025 [OS] LEADER (Blue) [Team Change]
Sun Feb  2 19:37:40 2025 [OS] LEADER joined Spectator team
Sun Feb  2 19:37:52 2025 Player [OS] LEADER has left
Sun Feb  2 19:37:52 2025 ENTUSSIASMAO (Red) [Headshot] comecucomexerec (Blue)
Sun Feb  2 19:37:56 2025 [Global] Harry (Blue): balance
Sun Feb  2 19:37:57 2025 Greasyhamster joined Blue team
Sun Feb  2 19:38:01 2025 Player comecucomexerec has left
Sun Feb  2 19:38:03 2025 ThePoopMan joined Blue team
Sun Feb  2 19:38:09 2025 i will try (Red) [Team Change]
Sun Feb  2 19:38:12 2025 Player Deuce1 has left
Sun Feb  2 19:38:16 2025 i will try joined Blue team
Sun Feb  2 19:38:24 2025 Harry (Blue) [Headshot] ENTUSSIASMAO (Red)
Sun Feb  2 19:38:28 2025 Harry (Blue) [Headshot] Arsenka (Red)
Sun Feb  2 19:38:32 2025  If you believe a player is breaking the rules, please let us know with /ADMIN
Sun Feb  2 19:38:37 2025 Harry (Blue) [Headshot] Deuce (Red)
Sun Feb  2 19:38:38 2025 ENTUSSIASMAO (Red) [SMG] Greasyhamster (Blue)
Sun Feb  2 19:38:49 2025 Harry (Blue) [Rifle] ENTUSSIASMAO (Red)
Sun Feb  2 19:38:57 2025 Deuce (Red) [SMG] i will try (Blue)
Sun Feb  2 19:39:00 2025 Harry (Blue) [Headshot] Deuce (Red)
Sun Feb  2 19:39:14 2025 Greasyhamster (Blue) [Headshot] Deuce (Red)
Sun Feb  2 19:39:17 2025 Player ThePoopMan has left
Sun Feb  2 19:39:23 2025 Player Greasyhamster has left
Sun Feb  2 19:39:32 2025  This server runs imger and glow. Use /IMG or /GLOW to toggle them.
Sun Feb  2 19:39:41 2025 ENTUSSIASMAO (Red) [Headshot] i will try (Blue)
Sun Feb  2 19:39:45 2025 Deuce (Red) [SMG] Harry (Blue)
Sun Feb  2 19:39:56 2025 Pedro joined Spectator team
Sun Feb  2 19:40:05 2025 ENTUSSIASMAO (Red) [SMG] i will try (Blue)
Sun Feb  2 19:40:08 2025 Harry (Blue) [Headshot] ENTUSSIASMAO (Red)
Sun Feb  2 19:40:16 2025 Pedro joined Blue team
Sun Feb  2 19:40:19 2025 You must be closer to the enemy's base to grenade blocks!
Sun Feb  2 19:40:25 2025 You must be closer to the enemy's base to grenade blocks!
Sun Feb  2 19:40:30 2025 You must be closer to the enemy's base to grenade blocks!
Sun Feb  2 19:40:32 2025  Use /EMOTE to draw an emote on the map!
Sun Feb  2 19:40:47 2025 Harry (Blue) [Headshot] Deuce (Red)
Sun Feb  2 19:41:13 2025 Deuce (Red) [Headshot] Harry (Blue)
Sun Feb  2 19:41:15 2025 Pedro (Blue) [Headshot] Deuce (Red)
Sun Feb  2 19:41:21 2025 Pedro (Blue) [Headshot] ENTUSSIASMAO (Red)
Sun Feb  2 19:41:28 2025 Pedro (Blue) [Headshot] Arsenka (Red)
Sun Feb  2 19:41:32 2025 Noaa (Red) [SMG] i will try (Blue)
Sun Feb  2 19:41:32 2025  Use /HEAVEN to paint the babel platform!
Sun Feb  2 19:41:48 2025 Pedro (Blue) [Headshot] ENTUSSIASMAO (Red)
Sun Feb  2 19:41:54 2025 Pedro (Blue) [Headshot] Arsenka (Red)
Sun Feb  2 19:42:02 2025 Pedro (Blue) [Headshot] Deuce (Red)
Sun Feb  2 19:42:05 2025 Pedro (Blue) [Headshot] ENTUSSIASMAO (Red)
Sun Feb  2 19:42:06 2025 Noaa (Red) [Headshot] Pedro (Blue)
Sun Feb  2 19:42:32 2025  Get a 20 killstreak and 1 intel capture(s) to unlock /APOC!
Sun Feb  2 19:42:37 2025 Commander Green joined Red team
Sun Feb  2 19:42:58 2025 Deuce1 joined Spectator team
Sun Feb  2 19:42:59 2025 Pedro (Blue) [Headshot] Commander Green (Red)
Sun Feb  2 19:43:03 2025 Alexander joined Blue team
Sun Feb  2 19:43:06 2025 Player Commander Green has left
Sun Feb  2 19:43:22 2025 Pedro (Blue) [Headshot] Arsenka (Red)
Sun Feb  2 19:43:31 2025 Commander Green joined Red team
Sun Feb  2 19:43:31 2025 Deuce (Red) [Grenade] Pedro (Blue)
Sun Feb  2 19:43:32 2025  Capture your team's 5th intel to unlock /APOC for your team's best builder!
Sun Feb  2 19:43:46 2025 Player Deuce1 has left
Sun Feb  2 19:43:58 2025 Pedro (Blue) [SMG] Arsenka (Red)
Sun Feb  2 19:44:01 2025 Commander Green (Red) [Rifle]
Sun Feb  2 19:44:25 2025 Pedro (Blue) [Headshot] Commander Green (Red)
Sun Feb  2 19:44:32 2025  Mahalo for playing aloha.pk tower of babel
Sun Feb  2 19:44:42 2025 Pedro (Blue) [SMG] Deuce (Red)
Sun Feb  2 19:44:48 2025 Pedro (Blue) [SMG] Arsenka (Red)
Sun Feb  2 19:45:01 2025 Pedro (Blue) [Headshot] Noaa (Red)
Sun Feb  2 19:45:03 2025 Pedro (Blue) [Headshot] Commander Green (Red)
Sun Feb  2 19:45:16 2025 Pedro (Blue) [Headshot] Arsenka (Red)
Sun Feb  2 19:45:23 2025 Alexander (Blue) [Headshot] Deuce (Red)
Sun Feb  2 19:45:25 2025 ENTUSSIASMAO (Red) [Fall]
Sun Feb  2 19:45:32 2025  Build a tower to get the enemy's intel. Take it to your team's tent to win!
Sun Feb  2 19:45:43 2025 Alexander (Blue) [Melee] Commander Green (Red)
Sun Feb  2 19:45:51 2025 You must be closer to the enemy's base to grenade blocks!
Sun Feb  2 19:45:53 2025 Noaa (Red) [Headshot] Pedro (Blue)
Sun Feb  2 19:45:55 2025 You must be closer to the enemy's base to grenade blocks!
Sun Feb  2 19:45:56 2025 You must be closer to the enemy's base to grenade blocks!
Sun Feb  2 19:45:57 2025 Harry (Blue) [Rifle]
Sun Feb  2 19:46:01 2025 Noaa (Red) [Fall]
Sun Feb  2 19:46:12 2025 Alexander (Blue) [Grenade] Deuce (Red)
Sun Feb  2 19:46:15 2025 You must be closer to the enemy's base to grenade blocks!
Sun Feb  2 19:46:16 2025 You must be closer to the enemy's base to grenade blocks!
Sun Feb  2 19:46:17 2025 You must be closer to the enemy's base to grenade blocks!
Sun Feb  2 19:46:20 2025 i will try (Blue) [SMG] Commander Green (Red)
Sun Feb  2 19:46:32 2025  Type /HELP for info & commands
Sun Feb  2 19:46:36 2025 Deuce (Red) [SMG] Harry (Blue)
Sun Feb  2 19:46:43 2025 Pedro (Blue) [SMG] Deuce (Red)
Sun Feb  2 19:46:49 2025 Commander Green (Red) [Headshot] Alexander (Blue)
Sun Feb  2 19:46:56 2025 Commander Green (Red) [Headshot] Pedro (Blue)
Sun Feb  2 19:47:15 2025 Alexander (Blue) [Rifle] Commander Green (Red)
Sun Feb  2 19:47:25 2025 Alexander (Blue) [Headshot] Deuce (Red)
Sun Feb  2 19:47:32 2025  Visit our community forums at https://aloha.pk/
Sun Feb  2 19:47:38 2025 Pedro (Blue) [Headshot] Commander Green (Red)
Sun Feb  2 19:47:50 2025 Deuce (Red) [Headshot] i will try (Blue)
Sun Feb  2 19:47:58 2025 Harry (Blue) [Headshot] Deuce (Red)
Sun Feb  2 19:48:04 2025 Pedro (Blue) [Headshot] Commander Green (Red)
Sun Feb  2 19:48:05 2025 KillerPollo joined Red team
Sun Feb  2 19:48:10 2025 Pedro (Blue) [SMG] ENTUSSIASMAO (Red)
Sun Feb  2 19:48:22 2025 Alexander (Blue) [Headshot] Deuce (Red)
Sun Feb  2 19:48:28 2025 Pedro (Blue) [Headshot] Noaa (Red)
Sun Feb  2 19:48:32 2025 Alexander (Blue) [Headshot] Commander Green (Red)
Sun Feb  2 19:48:32 2025  Come chat with us at https://discord.aloha.pk/
Sun Feb  2 19:48:35 2025 Alexander (Blue) [Headshot] Deuce (Red)
Sun Feb  2 19:48:42 2025 [Global] Deuce (Red): Alexander you suck! Fucking griefer1
Sun Feb  2 19:48:54 2025 Bizonho joined Spectator team
Sun Feb  2 19:48:57 2025 Alexander (Blue) [Headshot] Commander Green (Red)
Sun Feb  2 19:49:01 2025 [Global] Deuce (Red): you just ruined the entire map
Sun Feb  2 19:49:03 2025 KillerPollo (Red) [SMG] Pedro (Blue)
Sun Feb  2 19:49:08 2025 Alexander (Blue) [Headshot] Commander Green (Red)
Sun Feb  2 19:49:24 2025 Bizonho joined Blue team
Sun Feb  2 19:49:25 2025 Commander Green (Red) [Headshot] Alexander (Blue)
Sun Feb  2 19:49:30 2025 Pedro (Blue) [SMG] Deuce (Red)
Sun Feb  2 19:49:32 2025  If you believe a player is breaking the rules, please let us know with /ADMIN
Sun Feb  2 19:49:35 2025 i will try (Blue) [Fall]
Sun Feb  2 19:49:51 2025 Pedro (Blue) [Headshot] Commander Green (Red)
Sun Feb  2 19:49:54 2025 Deuce1 joined Blue team
Sun Feb  2 19:50:03 2025 Pedro (Blue) [SMG] Deuce (Red)
Sun Feb  2 19:50:11 2025 Bizonho (Blue) [SMG] Arsenka (Red)
Sun Feb  2 19:50:12 2025 Pedro (Blue) [SMG] Commander Green (Red)
Sun Feb  2 19:50:13 2025 KillerPollo (Red) [Headshot] Bizonho (Blue)
Sun Feb  2 19:50:16 2025 KillerPollo (Red) [SMG] Pedro (Blue)
Sun Feb  2 19:50:25 2025 i will try (Blue) [Headshot] KillerPollo (Red)
Sun Feb  2 19:50:30 2025 KillerPollo (Red) [Team Change]
Sun Feb  2 19:50:32 2025  This server runs imger and glow. Use /IMG or /GLOW to toggle them.
Sun Feb  2 19:50:40 2025 KillerPollo joined Blue team
Sun Feb  2 19:50:44 2025 Bizonho (Blue) [Headshot] Deuce (Red)
Sun Feb  2 19:50:45 2025 Commander Green (Red) [Headshot] Bizonho (Blue)
Sun Feb  2 19:51:02 2025 Alexander picked up Red's Intel.
Sun Feb  2 19:51:04 2025 Commander Green (Red) [Headshot] Harry (Blue)
Sun Feb  2 19:51:04 2025 Player Deuce1 has left
Sun Feb  2 19:51:13 2025 Bizonho (Blue) [Headshot] Deuce (Red)
Sun Feb  2 19:51:23 2025 Arsenka (Red) [Headshot] KillerPollo (Blue)
Sun Feb  2 19:51:24 2025 Arsenka (Red) [Headshot] i will try (Blue)
Sun Feb  2 19:51:29 2025 [Global] Arsenka (Red): H
Sun Feb  2 19:51:32 2025  Use /EMOTE to draw an emote on the map!
Sun Feb  2 19:51:35 2025 Alexander captured Red's Intel.
Sun Feb  2 19:51:35 2025 Pedro (Blue) [Headshot] Deuce (Red)
Sun Feb  2 19:51:43 2025 Noaa (Red) [SMG] Bizonho (Blue)
Sun Feb  2 19:51:59 2025 Pedro (Blue) [Headshot] Noaa (Red)
Sun Feb  2 19:52:03 2025 KillerPollo (Blue) [SMG] Arsenka (Red)
Sun Feb  2 19:52:03 2025 Alexander picked up Red's Intel.
Sun Feb  2 19:52:07 2025 Bizonho (Blue) [SMG] Commander Green (Red)
Sun Feb  2 19:52:07 2025 Deuce (Red) [Headshot] Pedro (Blue)
Sun Feb  2 19:52:14 2025 Noaa (Red) [SMG] i will try (Blue)
Sun Feb  2 19:52:15 2025 by joined Red team
Sun Feb  2 19:52:21 2025 KillerPollo (Blue) [Headshot] Arsenka (Red)
Sun Feb  2 19:52:25 2025 Bizonho (Blue) [SMG] Deuce (Red)
Sun Feb  2 19:52:30 2025 Alexander captured Red's Intel.
Sun Feb  2 19:52:32 2025  Use /HEAVEN to paint the babel platform!
Sun Feb  2 19:52:32 2025 Player Arsenka has left
Sun Feb  2 19:52:38 2025 Bizonho (Blue) [SMG] Commander Green (Red)
Sun Feb  2 19:52:42 2025 by (Red) [Headshot] i will try (Blue)
Sun Feb  2 19:52:47 2025 Pedro (Blue) [Headshot] by (Red)
Sun Feb  2 19:52:50 2025 Pedro (Blue) [Headshot] Deuce (Red)
Sun Feb  2 19:52:55 2025 Commander Green (Red) [Headshot] Bizonho (Blue)
Sun Feb  2 19:52:56 2025 KillerPollo (Blue) [Headshot] Noaa (Red)
Sun Feb  2 19:52:57 2025 KillerPollo (Blue) [Fall]
Sun Feb  2 19:52:59 2025 Alexander picked up Red's Intel.
Sun Feb  2 19:53:02 2025 [Global] KillerPollo (Blue): flying kill mdfkrs
Sun Feb  2 19:53:18 2025 i will try (Blue) [SMG] Commander Green (Red)
Sun Feb  2 19:53:21 2025 Bizonho (Blue) [SMG] Deuce (Red)
Sun Feb  2 19:53:24 2025 Alexander captured Red's Intel.
Sun Feb  2 19:53:32 2025 Bizonho (Blue) [Grenade] by (Red)
Sun Feb  2 19:53:32 2025  Get a 20 killstreak and 1 intel capture(s) to unlock /APOC!
Sun Feb  2 19:53:48 2025 by (Red) [Headshot] Bizonho (Blue)
Sun Feb  2 19:53:52 2025 Alexander picked up Red's Intel.
Sun Feb  2 19:54:04 2025 Commander Green (Red) [Headshot] Bizonho (Blue)
Sun Feb  2 19:54:05 2025 Bizonho (Blue) [Grenade] Commander Green (Red)
Sun Feb  2 19:54:08 2025 Pedro (Blue) [Headshot] Deuce (Red)
Sun Feb  2 19:54:27 2025 Alexander captured Red's Intel.
Sun Feb  2 19:54:32 2025  Capture your team's 5th intel to unlock /APOC for your team's best builder!
Sun Feb  2 19:54:37 2025 [Global] i will try (Blue): i can't place blocks?
Sun Feb  2 19:54:39 2025 Bizonho (Blue) [Headshot] Deuce (Red)
Sun Feb  2 19:54:40 2025 Noaa (Red) [SMG] KillerPollo (Blue)
Sun Feb  2 19:54:54 2025 Pedro (Blue) [Headshot] Commander Green (Red)
Sun Feb  2 19:54:55 2025 Deuce (Red) [Headshot] Pedro (Blue)
Sun Feb  2 19:54:55 2025 Bizonho (Blue) [Grenade] Deuce (Red)
Sun Feb  2 19:55:13 2025 Alexander picked up Red's Intel.
Sun Feb  2 19:55:16 2025  Noaa has reached 1000 blocks placed! /heaven unlocked.
Sun Feb  2 19:55:20 2025 Bizonho (Blue) [SMG] Noaa (Red)
Sun Feb  2 19:55:25 2025 Pedro (Blue) [Headshot] Deuce (Red)
Sun Feb  2 19:55:25 2025 Pedro (Blue) [Headshot] Commander Green (Red)
Sun Feb  2 19:55:28 2025 Commander Green (Red) [Weapon Change]
Sun Feb  2 19:55:32 2025  Mahalo for playing aloha.pk tower of babel
Sun Feb  2 19:55:39 2025 by (Red) [Headshot] KillerPollo (Blue)
Sun Feb  2 19:55:42 2025 Noaa (Red) [Headshot] Bizonho (Blue)
Sun Feb  2 19:55:55 2025 Pedro (Blue) [Headshot] Commander Green (Red)
Sun Feb  2 19:55:56 2025 Pedro (Blue) [Headshot] Deuce (Red)
Sun Feb  2 19:56:03 2025  With 2306 blocks placed, Harry is granted the right to unleash the apocalypse.
Sun Feb  2 19:56:03 2025 God has given you the right to unleash the apocalypse.
Sun Feb  2 19:56:03 2025 Use /APOC to unleash the apocalypse.
Sun Feb  2 19:56:03 2025 Alexander captured Red's Intel.
Sun Feb  2 19:56:21 2025 Commander Green (Red) [SMG] Bizonho (Blue)
Sun Feb  2 19:56:23 2025 coik joined Red team
Sun Feb  2 19:56:24 2025 by (Red) [Headshot] i will try (Blue)
Sun Feb  2 19:56:25 2025 Noaa (Red) [Headshot] KillerPollo (Blue)
Sun Feb  2 19:56:28 2025 Pedro (Blue) [Headshot] Deuce (Red)
Sun Feb  2 19:56:32 2025  Build a tower to get the enemy's intel. Take it to your team's tent to win!
Sun Feb  2 19:56:34 2025 Commander Green (Red) [SMG] Pedro (Blue)
Sun Feb  2 19:56:35 2025 Bizonho (Blue) [Headshot] Commander Green (Red)
Sun Feb  2 19:57:00 2025 coik (Red) [Headshot] Bizonho (Blue)
Sun Feb  2 19:57:01 2025 Pedro (Blue) [SMG] coik (Red)
Sun Feb  2 19:57:08 2025 KillerPollo (Blue) [SMG] Noaa (Red)
Sun Feb  2 19:57:11 2025 Pedro (Blue) [Headshot] Deuce (Red)
Sun Feb  2 19:57:19 2025 Deuhh joined Blue team
Sun Feb  2 19:57:22 2025 Alexander picked up Red's Intel.
Sun Feb  2 19:57:27 2025 KillerPollo (Blue) [Headshot] Noaa (Red)
Sun Feb  2 19:57:29 2025 Commander Green (Red) [SMG] i will try (Blue)
Sun Feb  2 19:57:30 2025 coik (Red) [Rifle] KillerPollo (Blue)
Sun Feb  2 19:57:30 2025 Pedro (Blue) [Headshot] Deuce (Red)
Sun Feb  2 19:57:31 2025 MAX PAYNE joined Spectator team
Sun Feb  2 19:57:32 2025  Type /HELP for info & commands
Sun Feb  2 19:57:34 2025 Alexander (Blue) [Rifle] Commander Green (Red)
Sun Feb  2 19:57:35 2025 Bizonho (Blue) [Grenade] coik (Red)
Sun Feb  2 19:57:48 2025 [Global] MAX PAYNE (): yojaaaaaaa
Sun Feb  2 19:57:55 2025 Alexander captured Red's Intel.
Sun Feb  2 19:57:57 2025 [Global] MAX PAYNE (): joyayy
Sun Feb  2 19:57:58 2025 Commander Green (Red) [Headshot] i will try (Blue)
Sun Feb  2 19:58:01 2025 coik (Red) [Headshot] Pedro (Blue)
Sun Feb  2 19:58:07 2025 by (Red) [Headshot] Deuhh (Blue)
Sun Feb  2 19:58:09 2025 coik (Red) [Headshot] KillerPollo (Blue)
Sun Feb  2 19:58:10 2025 KillerPollo (Blue) [Grenade] Deuce (Red)
Sun Feb  2 19:58:14 2025 [Global] KillerPollo (Blue): boom
Sun Feb  2 19:58:14 2025 Player Deuhh has left
Sun Feb  2 19:58:27 2025 [Global] MAX PAYNE (): hhola aalexandder
Sun Feb  2 19:58:29 2025 i will try (Blue) [Headshot] coik (Red)
Sun Feb  2 19:58:29 2025 Alexander picked up Red's Intel.
Sun Feb  2 19:58:32 2025  Visit our community forums at https://aloha.pk/
Sun Feb  2 19:58:38 2025 Deuce (Red) [Headshot] i will try (Blue)
Sun Feb  2 19:58:41 2025 Commander Green (Red) [Headshot] KillerPollo (Blue)
Sun Feb  2 19:58:41 2025 Pedro (Blue) [Headshot] Deuce (Red)
Sun Feb  2 19:58:42 2025 [Global] Alexander (Blue): hi
Sun Feb  2 19:58:56 2025 Alexander captured Red's Intel.
Sun Feb  2 19:59:00 2025 Pedro (Blue) [Headshot] Commander Green (Red)
Sun Feb  2 19:59:09 2025 coik (Red) [Rifle] Bizonho (Blue)
Sun Feb  2 19:59:14 2025 [Global] MAX PAYNE (): ale  ssearch nnukkeeetown
Sun Feb  2 19:59:17 2025 coik (Red) [Rifle] i will try (Blue)
Sun Feb  2 19:59:23 2025 Commander Green (Red) [Headshot] KillerPollo (Blue)
Sun Feb  2 19:59:27 2025 Alexander picked up Red's Intel.
Sun Feb  2 19:59:29 2025 Pedro (Blue) [Headshot] Noaa (Red)
Sun Feb  2 19:59:30 2025 Deuce (Red) [SMG] Pedro (Blue)
Sun Feb  2 19:59:30 2025 Bizonho (Blue) [Headshot] Deuce (Red)
Sun Feb  2 19:59:32 2025  Come chat with us at https://discord.aloha.pk/
Sun Feb  2 19:59:34 2025 Commander Green (Red) [Headshot] Bizonho (Blue)
Sun Feb  2 19:59:45 2025 Noaa (Red) [Team Change]
Sun Feb  2 19:59:47 2025 coik (Red) [Headshot] KillerPollo (Blue)
Sun Feb  2 19:59:52 2025 Noaa joined Spectator team
Sun Feb  2 19:59:52 2025 Alexander captured Red's Intel.
Sun Feb  2 19:59:57 2025 Pedro (Blue) [SMG] coik (Red)
Sun Feb  2 20:00:03 2025 KillerPollo (Blue) [SMG] Commander Green (Red)
Sun Feb  2 20:00:10 2025 Pedro (Blue) [SMG] Deuce (Red)
Sun Feb  2 20:00:20 2025 Bizonho (Blue) [SMG] by (Red)
Sun Feb  2 20:00:20 2025 Alexander picked up Red's Intel.
Sun Feb  2 20:00:23 2025 coik (Red) [Headshot] Bizonho (Blue)
Sun Feb  2 20:00:26 2025 coik (Red) [Headshot] Pedro (Blue)
Sun Feb  2 20:00:32 2025  If you believe a player is breaking the rules, please let us know with /ADMIN
Sun Feb  2 20:00:33 2025 Commander Green (Red) [Headshot] KillerPollo (Blue)
Sun Feb  2 20:00:34 2025 Player MAX PAYNE has left
Sun Feb  2 20:00:36 2025 El Chopo joined Spectator team
Sun Feb  2 20:00:40 2025 Pedro (Blue) [SMG] coik (Red)
Sun Feb  2 20:00:44 2025 Alexander captured Red's Intel.
Sun Feb  2 20:00:50 2025 [Global] coik (Red): gg
Sun Feb  2 20:00:53 2025 Player El Chopo has left
Sun Feb  2 20:00:53 2025 [Global] coik (Red): go next map
Sun Feb  2 20:00:54 2025 Commander Green (Red) [Headshot] Pedro (Blue)
Sun Feb  2 20:00:56 2025 [Global] i will try (Blue): gg
Sun Feb  2 20:01:07 2025 coik (Red) [Team Change]
Sun Feb  2 20:01:08 2025 KillerPollo picked up Red's Intel.
Sun Feb  2 20:01:16 2025 coik joined Spectator team
Sun Feb  2 20:01:23 2025 KillerPollo dropped Red's Intel
Sun Feb  2 20:01:23 2025  The intel has returned to the heavens
Sun Feb  2 20:01:23 2025 KillerPollo (Blue) [Fall]
Sun Feb  2 20:01:28 2025 by (Red) [Weapon Change]
Sun Feb  2 20:01:32 2025 i will try picked up Red's Intel.
Sun Feb  2 20:01:32 2025  This server runs imger and glow. Use /IMG or /GLOW to toggle them.
Sun Feb  2 20:01:39 2025 Bizonho (Blue) [Headshot] Commander Green (Red)
Sun Feb  2 20:01:55 2025 Deuce (Red) [SMG]
Sun Feb  2 20:02:04 2025 Commander Green (Red) [Headshot] Bizonho (Blue)
Sun Feb  2 20:02:08 2025 Commander Green (Red) [Headshot] Harry (Blue)
Sun Feb  2 20:02:21 2025 [Global] i will try (Blue): what's up?
Sun Feb  2 20:02:24 2025 adrian joined Red team
Sun Feb  2 20:02:26 2025 i will try captured Red's Intel.
Sun Feb  2 20:02:26 2025 Blue Wins!
Sun Feb  2 20:02:26 2025  Game finished! Next map: CallOfDutyArray.
Sun Feb  2 20:02:27 2025 Use /APOC to unleash the apocalypse.
Sun Feb  2 20:02:27 2025 Harry (Blue) [Headshot] by (Red)
Sun Feb  2 20:02:29 2025 Alexander (Blue) [Rifle] Deuce (Red)
Sun Feb  2 20:02:30 2025 i will try (Blue) [SMG] Commander Green (Red)
Sun Feb  2 20:02:31 2025 Bizonho (Blue) [Grenade] adrian (Red)
Sun Feb  2 20:02:31 2025 Deuce (Red) [Grenade] Bizonho (Blue)
Sun Feb  2 20:02:31 2025 Deuce (Red) [Grenade] KillerPollo (Blue)
Sun Feb  2 20:02:32 2025 Use /APOC to unleash the apocalypse.
Sun Feb  2 20:02:32 2025 Harry (Blue) [Rifle] ENTUSSIASMAO (Red)
Sun Feb  2 20:02:32 2025  Use /EMOTE to draw an emote on the map!
Sun Feb  2 20:02:36 2025 ------ World Unloaded ------
Sun Feb  2 20:02:40 2025 ------ World Loaded ------
Sun Feb  2 20:02:40 2025 Welcome to aloha.pk tower of babel
Sun Feb  2 20:02:40 2025 adrian joined Spectator team
Sun Feb  2 20:02:40 2025 KillerPollo joined Blue team
Sun Feb  2 20:02:40 2025 coik joined Red team
Sun Feb  2 20:02:41 2025 Pedro joined Blue team
Sun Feb  2 20:02:41 2025 Map: CallOfDutyArray by onigiri
Sun Feb  2 20:02:43 2025 Noaa joined Red team
Sun Feb  2 20:02:43 2025 Game mode: babel
Sun Feb  2 20:02:45 2025 Deuce joined Red team
Sun Feb  2 20:02:45 2025 Build a tower to get the enemy's intel. Take it to your team's tent to win!
Sun Feb  2 20:02:47 2025 adrian joined Red team
Sun Feb  2 20:02:47 2025 Alexander joined Blue team
Sun Feb  2 20:02:47 2025 Commander Green joined Red team
Sun Feb  2 20:02:47 2025 Visit our community forum at https://aloha.pk/
Sun Feb  2 20:02:47 2025 Team is full, moved to Blue
Sun Feb  2 20:02:49 2025 Come chat with us at https://discord.aloha.pk/
Sun Feb  2 20:02:51 2025 by joined Red team
Sun Feb  2 20:03:15 2025 Harry (Blue) [SMG] adrian (Red)
Sun Feb  2 20:03:25 2025 Pedro (Blue) [Headshot] Deuce (Red)
Sun Feb  2 20:03:28 2025 adrian (Red) [Headshot] Harry (Blue)
Sun Feb  2 20:03:28 2025 Pedro (Blue) [SMG] by (Red)
Sun Feb  2 20:03:32 2025  Use /HEAVEN to paint the babel platform!
Sun Feb  2 20:03:38 2025 coik (Red) [Team Change]
Sun Feb  2 20:03:39 2025 Kyon joined Spectator team
Sun Feb  2 20:03:40 2025 coik joined Blue team
Sun Feb  2 20:03:40 2025 Pedro (Blue) [Headshot] Deuce (Red)
Sun Feb  2 20:03:52 2025 Commander Green (Red) [Headshot] coik (Blue)
Sun Feb  2 20:03:59 2025 adrian (Red) [Grenade]
Sun Feb  2 20:04:03 2025 Pedro (Blue) [Headshot] by (Red)
Sun Feb  2 20:04:12 2025 KillerPollo (Blue) [SMG] adrian (Red)
Sun Feb  2 20:04:14 2025 Pedro (Blue) [Headshot] by (Red)
Sun Feb  2 20:04:15 2025 Deuce (Red) [Headshot] Alexander (Blue)
Sun Feb  2 20:04:18 2025 Pedro (Blue) [SMG] Noaa (Red)
Sun Feb  2 20:04:19 2025 KillerPollo (Blue) [SMG] adrian (Red)
Sun Feb  2 20:04:20 2025 Commander Green (Red) [Headshot] coik (Blue)
Sun Feb  2 20:04:21 2025 KillerPollo (Blue) [SMG] by (Red)
Sun Feb  2 20:04:22 2025 Teky75 joined Blue team
Sun Feb  2 20:04:23 2025 Deuce (Red) [Headshot] Alexander (Blue)
Sun Feb  2 20:04:23 2025 Bizonho joined Blue team
Sun Feb  2 20:04:32 2025  Get a 20 killstreak and 1 intel capture(s) to unlock /APOC!
Sun Feb  2 20:04:32 2025 Alexander (Blue) [Headshot] Deuce (Red)
Sun Feb  2 20:04:43 2025 Pedro (Blue) [Headshot] by (Red)
Sun Feb  2 20:04:43 2025 Harry (Blue) [Headshot] Noaa (Red)
Sun Feb  2 20:04:50 2025 Player Alexander has left
Sun Feb  2 20:04:52 2025 Teky75 (Blue) [Headshot] Deuce (Red)
Sun Feb  2 20:04:52 2025 Pedro (Blue) [Headshot] adrian (Red)
Sun Feb  2 20:04:55 2025 1 joined Red team
Sun Feb  2 20:04:59 2025 Player Deuce has left
Sun Feb  2 20:05:10 2025 Harry (Blue) [Headshot] by (Red)
Sun Feb  2 20:05:15 2025 Noaa (Red) [SMG] Harry (Blue)
Sun Feb  2 20:05:16 2025 coik (Blue) [Headshot] Commander Green (Red)
Sun Feb  2 20:05:20 2025 [Global] coik (Blue): nice try
Sun Feb  2 20:05:22 2025 Pedro (Blue) [Headshot] Noaa (Red)
Sun Feb  2 20:05:28 2025 Pedro (Blue) [Headshot] 1 (Red)
Sun Feb  2 20:05:30 2025 KillerPollo (Blue) [Headshot] Noaa (Red)
Sun Feb  2 20:05:31 2025 KillerPollo (Blue) [SMG] adrian (Red)
Sun Feb  2 20:05:32 2025  Capture your team's 5th intel to unlock /APOC for your team's best builder!
Sun Feb  2 20:05:32 2025 KillerPollo (Blue) [SMG] by (Red)
Sun Feb  2 20:05:38 2025 KillerPollo (Blue) [SMG] Commander Green (Red)
Sun Feb  2 20:05:40 2025 KillerPollo (Blue) [SMG] Commander Green (Red)
Sun Feb  2 20:05:41 2025 KillerPollo (Blue) [Headshot] by (Red)
Sun Feb  2 20:05:46 2025 KillerPollo (Blue) [Weapon Change]
Sun Feb  2 20:05:51 2025 [Global] KillerPollo (Blue): killer polooooo
Sun Feb  2 20:05:56 2025 KillerPollo (Blue) [Weapon Change]
Sun Feb  2 20:06:03 2025 [Global] Noaa (Red): spawncamper's paradise
Sun Feb  2 20:06:06 2025 Noaa (Red) [Headshot] Pedro (Blue)
Sun Feb  2 20:06:10 2025 Noaa (Red) [SMG] Teky75 (Blue)
Sun Feb  2 20:06:15 2025 [Global] Teky75 (Blue): demonios
Sun Feb  2 20:06:19 2025 coik (Blue) [Rifle] Noaa (Red)
Sun Feb  2 20:06:27 2025 1 (Red) [Headshot] Bizonho (Blue)
Sun Feb  2 20:06:32 2025  Mahalo for playing aloha.pk tower of babel
Sun Feb  2 20:06:33 2025 by (Red) [Shotgun] Pedro (Blue)
Sun Feb  2 20:06:44 2025 1 (Red) [Headshot] Teky75 (Blue)
Sun Feb  2 20:06:44 2025 coik (Blue) [Headshot] Noaa (Red)
Sun Feb  2 20:06:47 2025 [Global] Pedro (Blue): fuck, dont scare me like that
Sun Feb  2 20:06:48 2025 Harry (Blue) [Headshot] 1 (Red)
Sun Feb  2 20:06:50 2025 [Global] Teky75 (Blue): NO WAY
Sun Feb  2 20:07:07 2025 KillerPollo (Blue) [SMG] 1 (Red)
Sun Feb  2 20:07:12 2025 adrian (Red) [Fall]
Sun Feb  2 20:07:16 2025 Player adrian has left
Sun Feb  2 20:07:17 2025 Commander Green (Red) [Headshot] Pedro (Blue)
Sun Feb  2 20:07:19 2025 KillerPollo (Blue) [Headshot] Noaa (Red)
Sun Feb  2 20:07:29 2025 KillerPollo (Blue) [Headshot] 1 (Red)
Sun Feb  2 20:07:32 2025  Build a tower to get the enemy's intel. Take it to your team's tent to win!
Sun Feb  2 20:07:36 2025 coik (Blue) [Headshot] by (Red)
Sun Feb  2 20:07:39 2025 coik (Blue) [Headshot] Noaa (Red)
Sun Feb  2 20:07:43 2025 Harry (Blue) [Fall]
Sun Feb  2 20:07:43 2025 coik (Blue) [Team Change]
Sun Feb  2 20:07:52 2025 coik joined Red team
Sun Feb  2 20:07:53 2025 Commander Green (Red) [SMG] Bizonho (Blue)
Sun Feb  2 20:07:54 2025 KillerPollo (Blue) [SMG] 1 (Red)
Sun Feb  2 20:08:04 2025  @FerrariFlunker changed map rotation to minihills, abridgetoofar, steelmaze,
Sun Feb  2 20:08:04 2025  bigasssideforts, skullcourse_babel, VietGong, pinpoint2, oasis2, pinpointj, offshore,
Sun Feb  2 20:08:04 2025  trademorph, tradeoff.
Sun Feb  2 20:08:09 2025 El Chopo joined Blue team
Sun Feb  2 20:08:16 2025 Commander Green (Red) [Headshot] El Chopo (Blue)
Sun Feb  2 20:08:17 2025 KillerPollo (Blue) [Headshot] 1 (Red)
Sun Feb  2 20:08:19 2025 Kyon joined Red team
Sun Feb  2 20:08:23 2025 coik (Red) [Headshot] KillerPollo (Blue)
Sun Feb  2 20:08:25 2025 [Global] KillerPollo (Blue): dam
Sun Feb  2 20:08:30 2025 Teky75 (Blue) [Headshot] Kyon (Red)
Sun Feb  2 20:08:32 2025  Type /HELP for info & commands
Sun Feb  2 20:08:34 2025 Teky75 (Blue) [Headshot] 1 (Red)
Sun Feb  2 20:08:39 2025 Player Kyon has left
Sun Feb  2 20:08:43 2025 1 (Red) [Headshot] Teky75 (Blue)
Sun Feb  2 20:08:55 2025 KillerPollo (Blue) [SMG] 1 (Red)
Sun Feb  2 20:09:04 2025 Player 1 has left
Sun Feb  2 20:09:08 2025 Pedro (Blue) [SMG] Noaa (Red)
Sun Feb  2 20:09:10 2025 coik (Red) [Headshot] Bizonho (Blue)
Sun Feb  2 20:09:15 2025 coik (Red) [Headshot] El Chopo (Blue)
Sun Feb  2 20:09:17 2025 KillerPollo (Blue) [SMG] Noaa (Red)
Sun Feb  2 20:09:22 2025 Commander Green (Red) [SMG] Bizonho (Blue)
Sun Feb  2 20:09:26 2025 coik (Red) [Headshot] Harry (Blue)
Sun Feb  2 20:09:32 2025  Visit our community forums at https://aloha.pk/
Sun Feb  2 20:09:35 2025 coik (Red) [Rifle] El Chopo (Blue)
Sun Feb  2 20:09:42 2025 Commander Green (Red) [SMG] Bizonho (Blue)
Sun Feb  2 20:10:02 2025 Pedro (Blue) [Headshot] Noaa (Red)
Sun Feb  2 20:10:12 2025 Pedro (Blue) [Headshot] Noaa (Red)
Sun Feb  2 20:10:12 2025 by (Red) [Headshot] Harry (Blue)
Sun Feb  2 20:10:20 2025 Noaa (Red) [Headshot] Teky75 (Blue)
Sun Feb  2 20:10:21 2025 coik (Red) [Headshot] El Chopo (Blue)
Sun Feb  2 20:10:23 2025 Harry (Blue) [Headshot] by (Red)
Sun Feb  2 20:10:24 2025 Bizonho (Blue) [Headshot] Commander Green (Red)
Sun Feb  2 20:10:24 2025 [Global] Teky75 (Blue): NOOOOOOOOOOOOOOOOOOOOO
Sun Feb  2 20:10:32 2025  Come chat with us at https://discord.aloha.pk/
Sun Feb  2 20:10:40 2025 Noaa (Red) [SMG] KillerPollo (Blue)
Sun Feb  2 20:10:46 2025 Bizonho (Blue) [SMG] coik (Red)
Sun Feb  2 20:10:51 2025 Commander Green (Red) [Headshot] El Chopo (Blue)
Sun Feb  2 20:10:58 2025 Teky75 (Blue) [SMG] by (Red)
Sun Feb  2 20:10:58 2025 Player El Chopo has left
Sun Feb  2 20:10:59 2025 Bizonho (Blue) [Grenade] Commander Green (Red)
Sun Feb  2 20:11:02 2025 Player Commander Green has left
Sun Feb  2 20:11:08 2025 Pedro (Blue) [Headshot] coik (Red)
Sun Feb  2 20:11:11 2025 Teky75 (Blue) [Headshot] by (Red)
Sun Feb  2 20:11:15 2025 Teky75 (Blue) [SMG] Noaa (Red)
Sun Feb  2 20:11:16 2025 coik (Red) [SMG] Teky75 (Blue)
Sun Feb  2 20:11:32 2025  If you believe a player is breaking the rules, please let us know with /ADMIN
Sun Feb  2 20:11:34 2025 Pedro (Blue) [Headshot] coik (Red)
Sun Feb  2 20:11:37 2025 Player Teky75 has left
Sun Feb  2 20:11:46 2025 Pedro (Blue) [Headshot] by (Red)
Sun Feb  2 20:11:54 2025 KillerPollo (Blue) [SMG] coik (Red)
Sun Feb  2 20:11:54 2025 Teky75 joined Blue team
Sun Feb  2 20:11:56 2025 Noaa (Red) [Headshot] Pedro (Blue)
Sun Feb  2 20:12:13 2025 Pedro (Blue) [Team Change]
Sun Feb  2 20:12:16 2025 Pedro joined Red team
Sun Feb  2 20:12:27 2025 KillerPollo (Blue) [SMG] coik (Red)
Sun Feb  2 20:12:27 2025 owlcbyx joined Spectator team
Sun Feb  2 20:12:32 2025  This server runs imger and glow. Use /IMG or /GLOW to toggle them.
Sun Feb  2 20:12:38 2025 Deuce joined Spectator team
Sun Feb  2 20:12:55 2025 owlcbyx joined Blue team
Sun Feb  2 20:12:58 2025 Deuce joined Red team
Sun Feb  2 20:13:03 2025 by (Red) [Headshot] Teky75 (Blue)
Sun Feb  2 20:13:09 2025 Pedro (Red) [Headshot] Harry (Blue)
Sun Feb  2 20:13:12 2025 owlcbyx (Blue) [Headshot] Pedro (Red)
Sun Feb  2 20:13:28 2025 Harry (Blue) [Headshot] by (Red)
Sun Feb  2 20:13:31 2025 coik (Red) [Melee] KillerPollo (Blue)
Sun Feb  2 20:13:32 2025  Use /EMOTE to draw an emote on the map!
Sun Feb  2 20:13:33 2025 Pedro (Red) [SMG] Bizonho (Blue)
Sun Feb  2 20:13:34 2025 [Global] KillerPollo (Blue): dammmm xD
Sun Feb  2 20:13:38 2025 Deuce picked up Blue's Intel.
Sun Feb  2 20:13:38 2025 You must be closer to the enemy's base to shoot blocks!
Sun Feb  2 20:13:39 2025 [Global] coik (Red): :)
Sun Feb  2 20:13:39 2025 Pedro (Red) [Headshot] Harry (Blue)
Sun Feb  2 20:13:42 2025 $partan5852 joined Red team
Sun Feb  2 20:13:45 2025 owlcbyx (Blue) [Team Change]
Sun Feb  2 20:13:52 2025 owlcbyx joined Red team
Sun Feb  2 20:13:53 2025 KillerPollo (Blue) [SMG] Pedro (Red)
Sun Feb  2 20:13:57 2025 coik (Red) [Headshot] Bizonho (Blue)
Sun Feb  2 20:13:58 2025 Player $partan5852 has left
Sun Feb  2 20:14:00 2025 Noaa (Red) [Headshot] Teky75 (Blue)
Sun Feb  2 20:14:04 2025 Deuce captured Blue's Intel.
Sun Feb  2 20:14:16 2025 Player by has left
Sun Feb  2 20:14:25 2025 Harry (Blue) [Headshot] Pedro (Red)
Sun Feb  2 20:14:32 2025  Use /HEAVEN to paint the babel platform!
Sun Feb  2 20:14:32 2025 KillerPollo (Blue) [Headshot] coik (Red)
Sun Feb  2 20:14:33 2025 Deuce picked up Blue's Intel.
Sun Feb  2 20:14:34 2025 owlcbyx (Red) [Headshot] Teky75 (Blue)
Sun Feb  2 20:14:45 2025 Pedro (Red) [SMG] Harry (Blue)
Sun Feb  2 20:14:50 2025 coik (Red) [Headshot] KillerPollo (Blue)
Sun Feb  2 20:14:58 2025 Deuce captured Blue's Intel.
Sun Feb  2 20:15:07 2025 Dingus joined Blue team
Sun Feb  2 20:15:08 2025 coik (Red) [Headshot] Harry (Blue)
Sun Feb  2 20:15:17 2025 You must be closer to the enemy's base to shoot blocks!
Sun Feb  2 20:15:18 2025 You must be closer to the enemy's base to shoot blocks!
Sun Feb  2 20:15:18 2025 You must be closer to the enemy's base to shoot blocks!
Sun Feb  2 20:15:18 2025 coik (Red) [Headshot] Teky75 (Blue)
Sun Feb  2 20:15:18 2025 Harry (Blue) [Headshot] coik (Red)
Sun Feb  2 20:15:26 2025 Dingus (Blue) [Headshot] Pedro (Red)
Sun Feb  2 20:15:27 2025 Deuce picked up Blue's Intel.
Sun Feb  2 20:15:29 2025 Teky75 (Blue) [Weapon Change]
Sun Feb  2 20:15:31 2025 Vagabond joined Blue team
Sun Feb  2 20:15:32 2025  Get a 20 killstreak and 1 intel capture(s) to unlock /APOC!
Sun Feb  2 20:15:41 2025 Harry (Blue) [Headshot] Pedro (Red)
Sun Feb  2 20:15:45 2025 Deuce dropped Blue's Intel
Sun Feb  2 20:15:45 2025  The intel has returned to the heavens
Sun Feb  2 20:15:45 2025 Harry (Blue) [Headshot] Deuce (Red)
Sun Feb  2 20:15:45 2025 owlcbyx picked up Blue's Intel.
Sun Feb  2 20:15:55 2025 coik (Red) [SMG] Harry (Blue)
Sun Feb  2 20:15:58 2025 [Global] Vagabond (Blue): HEY JEWS, HEY SHEMALE LOVERS, HEY GOYIMS, HEY THAI LADYBOYS, HELLO TRUMP SUPPORTERS
Sun Feb  2 20:15:59 2025 coik (Red) [Headshot] Teky75 (Blue)
Sun Feb  2 20:16:01 2025 [Global] Vagabond (Blue): HEY ALL
Sun Feb  2 20:16:07 2025 Deuce (Red) [Fall]
Sun Feb  2 20:16:10 2025 [Global] Noaa (Red): yikes
Sun Feb  2 20:16:11 2025 [Global] coik (Red): hm
Sun Feb  2 20:16:14 2025 Harry (Blue) [Headshot] coik (Red)
Sun Feb  2 20:16:15 2025 [Global] Dingus (Blue): ayo
Sun Feb  2 20:16:16 2025 Pedro (Red) [Headshot] Teky75 (Blue)
Sun Feb  2 20:16:23 2025 Deuce (Red) [SMG] Bizonho (Blue)
Sun Feb  2 20:16:24 2025 Pedro (Red) [Melee] Vagabond (Blue)
Sun Feb  2 20:16:25 2025 [Global] Vagabond (Blue): HEY BLIGGERS, HEY REDTARDS
Sun Feb  2 20:16:28 2025 KillerPollo (Blue) [Headshot] Deuce (Red)
Sun Feb  2 20:16:32 2025 [Global] Teky75 (Blue): bro wtf
Sun Feb  2 20:16:32 2025  Capture your team's 5th intel to unlock /APOC for your team's best builder!
Sun Feb  2 20:16:38 2025 [Global] Teky75 (Blue): ***s
Sun Feb  2 20:16:42 2025 [Global] Vagabond (Blue): fucking sigma blue tower nice
Sun Feb  2 20:16:46 2025 owlcbyx captured Blue's Intel.
Sun Feb  2 20:16:47 2025 Harry (Blue) [Headshot] coik (Red)
Sun Feb  2 20:16:50 2025 [Global] Teky75 (Blue): brooooooooo
Sun Feb  2 20:16:54 2025 owlcbyx (Red) [Headshot] KillerPollo (Blue)
Sun Feb  2 20:16:57 2025 [Global] KillerPollo (Blue): brooo
Sun Feb  2 20:17:03 2025 Harry (Blue) [SMG] Deuce (Red)
Sun Feb  2 20:17:09 2025 Noaa (Red) [Fall]
Sun Feb  2 20:17:27 2025 Teky75 (Blue) [Shotgun] owlcbyx (Red)
Sun Feb  2 20:17:28 2025 KillerPollo (Blue) [SMG] Deuce (Red)
Sun Feb  2 20:17:32 2025  Mahalo for playing aloha.pk tower of babel
Sun Feb  2 20:17:32 2025 [Global] KillerPollo (Blue): rip deuce
Sun Feb  2 20:17:34 2025 Bizonho picked up Red's Intel.
Sun Feb  2 20:17:43 2025 Pedro (Red) [SMG] Harry (Blue)
Sun Feb  2 20:17:51 2025 coik (Red) [Headshot] Vagabond (Blue)
Sun Feb  2 20:17:52 2025 Teky75 (Blue) [Shotgun] Deuce (Red)
Sun Feb  2 20:17:56 2025 [Global] Vagabond (Blue): gg
Sun Feb  2 20:17:56 2025 Player Deuce has left
Sun Feb  2 20:17:57 2025 Postroutine joined Red team
Sun Feb  2 20:18:00 2025 Bizonho captured Red's Intel.
Sun Feb  2 20:18:05 2025 KillerPollo (Blue) [SMG] owlcbyx (Red)
Sun Feb  2 20:18:07 2025 coik (Red) [Rifle] Vagabond (Blue)
Sun Feb  2 20:18:15 2025 Dingus (Blue) [Fall]
Sun Feb  2 20:18:16 2025 Pedro (Red) [SMG] Bizonho (Blue)
Sun Feb  2 20:18:17 2025 Noaa (Red) [Headshot] Teky75 (Blue)
Sun Feb  2 20:18:19 2025 KillerPollo (Blue) [SMG] Postroutine (Red)
Sun Feb  2 20:18:20 2025 KillerPollo (Blue) [Headshot] owlcbyx (Red)
Sun Feb  2 20:18:21 2025 You must be closer to the enemy's base to grenade blocks!
Sun Feb  2 20:18:24 2025 [Global] KillerPollo (Blue): rip mam
Sun Feb  2 20:18:24 2025 Harry (Blue) [SMG] Pedro (Red)
Sun Feb  2 20:18:30 2025 coik (Red) [Rifle] Vagabond (Blue)
Sun Feb  2 20:18:32 2025  Build a tower to get the enemy's intel. Take it to your team's tent to win!
Sun Feb  2 20:18:49 2025 coik (Red) [Headshot] Vagabond (Blue)
Sun Feb  2 20:18:49 2025 Teky75 (Blue) [Shotgun] Noaa (Red)
Sun Feb  2 20:18:53 2025 Teky75 (Blue) [Headshot] Postroutine (Red)
Sun Feb  2 20:18:58 2025 Noaa (Red) [SMG] Teky75 (Blue)
Sun Feb  2 20:18:59 2025 owlcbyx picked up Blue's Intel.
Sun Feb  2 20:19:02 2025 Harry (Blue) [Headshot] Pedro (Red)
Sun Feb  2 20:19:03 2025 You must be closer to the enemy's base to shoot blocks!
Sun Feb  2 20:19:07 2025 Pedro (Red) [Headshot] Dingus (Blue)
Sun Feb  2 20:19:09 2025 owlcbyx dropped Blue's Intel
Sun Feb  2 20:19:09 2025  The intel has returned to the heavens
Sun Feb  2 20:19:09 2025 Bizonho (Blue) [SMG] owlcbyx (Red)
Sun Feb  2 20:19:10 2025 KillerPollo (Blue) [SMG] Postroutine (Red)
Sun Feb  2 20:19:10 2025 Bizonho (Blue) [Headshot] Noaa (Red)
Sun Feb  2 20:19:12 2025 KillerPollo (Blue) [Headshot] Pedro (Red)
Sun Feb  2 20:19:16 2025 [Global] KillerPollo (Blue): no rape here
Sun Feb  2 20:19:21 2025 [Global] KillerPollo (Blue): bad pedro 
Sun Feb  2 20:19:23 2025 [Global] Pedro (Red): lmao
Sun Feb  2 20:19:23 2025 You must be closer to the enemy's base to shoot blocks!
Sun Feb  2 20:19:24 2025 You must be closer to the enemy's base to shoot blocks!
Sun Feb  2 20:19:24 2025 You must be closer to the enemy's base to shoot blocks!
Sun Feb  2 20:19:24 2025 You must be closer to the enemy's base to shoot blocks!
Sun Feb  2 20:19:24 2025 You must be closer to the enemy's base to shoot blocks!
Sun Feb  2 20:19:24 2025 You must be closer to the enemy's base to shoot blocks!
Sun Feb  2 20:19:25 2025 You must be closer to the enemy's base to shoot blocks!
Sun Feb  2 20:19:25 2025 You must be closer to the enemy's base to shoot blocks!
Sun Feb  2 20:19:25 2025 You must be closer to the enemy's base to shoot blocks!
Sun Feb  2 20:19:25 2025 You must be closer to the enemy's base to shoot blocks!
Sun Feb  2 20:19:25 2025 coik (Red) [Rifle] Vagabond (Blue)
Sun Feb  2 20:19:25 2025 You must be closer to the enemy's base to shoot blocks!
Sun Feb  2 20:19:26 2025 You must be closer to the enemy's base to shoot blocks!
Sun Feb  2 20:19:26 2025 You must be closer to the enemy's base to shoot blocks!
Sun Feb  2 20:19:26 2025 You must be closer to the enemy's base to shoot blocks!
Sun Feb  2 20:19:26 2025 You must be closer to the enemy's base to shoot blocks!
Sun Feb  2 20:19:27 2025 [Global] Vagabond (Blue): omg
Sun Feb  2 20:19:29 2025 [Global] coik (Red): haha
Sun Feb  2 20:19:30 2025 You must be closer to the enemy's base to shoot blocks!
Sun Feb  2 20:19:30 2025 You must be closer to the enemy's base to shoot blocks!
Sun Feb  2 20:19:30 2025 You must be closer to the enemy's base to shoot blocks!
Sun Feb  2 20:19:30 2025 You must be closer to the enemy's base to shoot blocks!
Sun Feb  2 20:19:30 2025 owlcbyx (Red) [Headshot] Bizonho (Blue)
Sun Feb  2 20:19:32 2025  Type /HELP for info & commands
Sun Feb  2 20:19:34 2025 Harry (Blue) [Headshot] owlcbyx (Red)
Sun Feb  2 20:19:34 2025 You must be closer to the enemy's base to shoot blocks!
Sun Feb  2 20:19:35 2025 [Global] coik (Red): 1hp
Sun Feb  2 20:19:37 2025 KillerPollo (Blue) [SMG] Noaa (Red)
Sun Feb  2 20:19:38 2025 [Global] Vagabond (Blue): oh
Sun Feb  2 20:19:43 2025 Vagabond (Blue) [Rifle] coik (Red)
Sun Feb  2 20:19:45 2025 [Global] Vagabond (Blue): aha
Sun Feb  2 20:19:46 2025 [Global] coik (Red): nice shot
Sun Feb  2 20:19:50 2025 [Global] Vagabond (Blue): thx
Sun Feb  2 20:19:52 2025 KillerPollo (Blue) [SMG] owlcbyx (Red)
Sun Feb  2 20:19:52 2025 KillerPollo (Blue) [Fall]
Sun Feb  2 20:19:53 2025 owlcbyx (Red) [Grenade] Harry (Blue)
Sun Feb  2 20:20:00 2025 [Team] KillerPollo (Blue): flyng kill
Sun Feb  2 20:20:23 2025 Pedro (Red) [Headshot] Bizonho (Blue)
Sun Feb  2 20:20:27 2025 KillerPollo (Blue) [SMG] coik (Red)
Sun Feb  2 20:20:31 2025 Noaa (Red) [SMG] Vagabond (Blue)
Sun Feb  2 20:20:32 2025  Visit our community forums at https://aloha.pk/
Sun Feb  2 20:20:32 2025 Vagabond (Blue) [Grenade] Noaa (Red)
Sun Feb  2 20:20:33 2025 [Global] KillerPollo (Blue): chinguenguencha
Sun Feb  2 20:20:33 2025 [Global] Vagabond (Blue): aha
Sun Feb  2 20:20:36 2025 [Global] Vagabond (Blue): xd
Sun Feb  2 20:20:37 2025 [Global] Noaa (Red): lol
Sun Feb  2 20:20:39 2025 You must be closer to the enemy's base to shoot blocks!
Sun Feb  2 20:20:39 2025 owlcbyx (Red) [Headshot] Harry (Blue)
Sun Feb  2 20:20:48 2025 Bizonho (Blue) [Headshot] Pedro (Red)
Sun Feb  2 20:20:53 2025 Bizonho picked up Red's Intel.
Sun Feb  2 20:20:59 2025 Harry (Blue) [Headshot] coik (Red)
Sun Feb  2 20:21:05 2025 Postroutine (Red) [Rifle] Teky75 (Blue)
Sun Feb  2 20:21:06 2025 KillerPollo (Blue) [Headshot] coik (Red)
Sun Feb  2 20:21:11 2025 Pedro (Red) [SMG] Dingus (Blue)
Sun Feb  2 20:21:19 2025 coik (Red) [Headshot] Harry (Blue)
Sun Feb  2 20:21:20 2025 KillerPollo (Blue) [Headshot] coik (Red)
Sun Feb  2 20:21:23 2025 Bizonho captured Red's Intel.
Sun Feb  2 20:21:30 2025 Noaa picked up Blue's Intel.
Sun Feb  2 20:21:32 2025  Come chat with us at https://discord.aloha.pk/
Sun Feb  2 20:21:45 2025 Harry (Blue) [Headshot] Pedro (Red)
Sun Feb  2 20:21:49 2025 Postroutine (Red) [Headshot] Teky75 (Blue)
Sun Feb  2 20:21:58 2025 Noaa dropped Blue's Intel
Sun Feb  2 20:21:58 2025  The intel has returned to the heavens
Sun Feb  2 20:21:58 2025 KillerPollo (Blue) [Headshot] Noaa (Red)
Sun Feb  2 20:22:00 2025 Bizonho (Blue) [Grenade] coik (Red)
Sun Feb  2 20:22:05 2025 KillerPollo (Blue) [SMG] Noaa (Red)
Sun Feb  2 20:22:11 2025 Teky75 (Blue) [Shotgun] Postroutine (Red)
Sun Feb  2 20:22:14 2025 Bizonho picked up Red's Intel.
Sun Feb  2 20:22:21 2025 KillerPollo (Blue) [Fall]
Sun Feb  2 20:22:29 2025 coik (Red) [Headshot] Vagabond (Blue)
Sun Feb  2 20:22:30 2025 pedro] joined Red team
Sun Feb  2 20:22:31 2025 [Global] KillerPollo (Blue): red taking the intel from below
Sun Feb  2 20:22:32 2025  If you believe a player is breaking the rules, please let us know with /ADMIN
Sun Feb  2 20:22:32 2025 [Global] Vagabond (Blue): a
Sun Feb  2 20:22:37 2025 Bizonho captured Red's Intel.
Sun Feb  2 20:22:37 2025 Pedro picked up Blue's Intel.
Sun Feb  2 20:22:38 2025 Pedro (Red) [Headshot] Dingus (Blue)
Sun Feb  2 20:22:43 2025 KillerPollo (Blue) [SMG] coik (Red)
Sun Feb  2 20:22:43 2025 Bizonho (Blue) [Headshot] owlcbyx (Red)
Sun Feb  2 20:23:10 2025 pedro] (Red) [Rifle] Bizonho (Blue)
Sun Feb  2 20:23:14 2025 Postroutine (Red) [Rifle]
Sun Feb  2 20:23:15 2025 Noaa (Red) [Headshot] KillerPollo (Blue)
Sun Feb  2 20:23:19 2025 Pedro captured Blue's Intel.
Sun Feb  2 20:23:20 2025 Bizonho (Blue) [Headshot] pedro] (Red)
Sun Feb  2 20:23:28 2025 pedro] joined Spectator team
Sun Feb  2 20:23:28 2025 Harry (Blue) [Fall]
Sun Feb  2 20:23:29 2025 Player pedro] has left
Sun Feb  2 20:23:32 2025  This server runs imger and glow. Use /IMG or /GLOW to toggle them.
Sun Feb  2 20:23:35 2025 owlcbyx (Red) [Headshot] Bizonho (Blue)
Sun Feb  2 20:23:37 2025 owlcbyx (Red) [Fall]
Sun Feb  2 20:23:40 2025 Player owlcbyx has left
Sun Feb  2 20:23:54 2025 coik (Red) [Headshot] Bizonho (Blue)
Sun Feb  2 20:23:54 2025 KillerPollo (Blue) [Fall]
Sun Feb  2 20:23:59 2025 GUSS joined Spectator team
Sun Feb  2 20:24:00 2025 Deuce joined Red team
Sun Feb  2 20:24:06 2025 coik (Red) [Rifle] Bizonho (Blue)
Sun Feb  2 20:24:19 2025 KillerPollo (Blue) [SMG] Postroutine (Red)
Sun Feb  2 20:24:22 2025 coik (Red) [Headshot] KillerPollo (Blue)
Sun Feb  2 20:24:23 2025 Pedro (Red) [Melee] Teky75 (Blue)
Sun Feb  2 20:24:32 2025  Use /EMOTE to draw an emote on the map!
Sun Feb  2 20:24:39 2025 coik (Red) [Headshot] KillerPollo (Blue)
Sun Feb  2 20:24:45 2025 Pedro (Red) [SMG] Harry (Blue)
Sun Feb  2 20:24:48 2025 Vagabond (Blue) [Melee] Noaa (Red)
Sun Feb  2 20:24:50 2025 KillerPollo (Blue) [SMG] coik (Red)
Sun Feb  2 20:24:54 2025 coik (Red) [Headshot] Vagabond (Blue)
Sun Feb  2 20:24:57 2025 Dingus (Blue) [Headshot] Deuce (Red)
Sun Feb  2 20:25:01 2025 Dingus (Blue) [Headshot] Pedro (Red)
Sun Feb  2 20:25:02 2025 [Global] Deuce (Red): Cockus
Sun Feb  2 20:25:08 2025 Player GUSS has left
Sun Feb  2 20:25:11 2025 coik (Red) [SMG] Bizonho (Blue)
Sun Feb  2 20:25:24 2025 Deuce (Red) [SMG] Dingus (Blue)
Sun Feb  2 20:25:29 2025 coik (Red) [SMG] Bizonho (Blue)
Sun Feb  2 20:25:30 2025 You must be closer to the enemy's base to shoot blocks!
Sun Feb  2 20:25:30 2025 You must be closer to the enemy's base to shoot blocks!
Sun Feb  2 20:25:32 2025  Use /HEAVEN to paint the babel platform!
Sun Feb  2 20:25:35 2025 coik (Red) [SMG] Harry (Blue)
Sun Feb  2 20:25:36 2025 You must be closer to the enemy's base to grenade blocks!
Sun Feb  2 20:25:37 2025 You must be closer to the enemy's base to grenade blocks!
Sun Feb  2 20:25:38 2025 GUSS joined Red team
Sun Feb  2 20:25:40 2025 Deuce (Red) [Headshot] Harry (Blue)
Sun Feb  2 20:25:42 2025 Noaa (Red) [Headshot] KillerPollo (Blue)
Sun Feb  2 20:25:51 2025 Pedro (Red) [SMG] Vagabond (Blue)
Sun Feb  2 20:25:58 2025 coik (Red) [SMG] Dingus (Blue)
Sun Feb  2 20:26:01 2025 Vagabond (Blue) [SMG] coik (Red)
Sun Feb  2 20:26:05 2025 Deuce (Red) [Headshot] Dingus (Blue)
Sun Feb  2 20:26:06 2025 Teky75 (Blue) [Headshot] coik (Red)
Sun Feb  2 20:26:12 2025 Deuce (Red) [Grenade] Bizonho (Blue)
Sun Feb  2 20:26:16 2025 Harry (Blue) [SMG] Pedro (Red)
Sun Feb  2 20:26:23 2025 Harry (Blue) [Headshot] GUSS (Red)
Sun Feb  2 20:26:26 2025 coik (Red) [SMG] Teky75 (Blue)
Sun Feb  2 20:26:26 2025 Deuce (Red) [SMG] Bizonho (Blue)
Sun Feb  2 20:26:31 2025 Player Teky75 has left
Sun Feb  2 20:26:32 2025  Get a 20 killstreak and 1 intel capture(s) to unlock /APOC!
Sun Feb  2 20:26:45 2025 Pedro (Red) [Headshot] KillerPollo (Blue)
Sun Feb  2 20:26:46 2025 Bizonho (Blue) [Headshot] coik (Red)
Sun Feb  2 20:26:48 2025 Dingus picked up Red's Intel.
Sun Feb  2 20:26:52 2025 Pedro (Red) [Headshot] Vagabond (Blue)
Sun Feb  2 20:26:54 2025 Noaa (Red) [Fall]
Sun Feb  2 20:26:56 2025 Dingus dropped Red's Intel
Sun Feb  2 20:26:56 2025  The intel has returned to the heavens
Sun Feb  2 20:26:56 2025 Dingus (Blue) [Fall]
Sun Feb  2 20:26:59 2025 Deuce picked up Blue's Intel.
Sun Feb  2 20:27:18 2025 Deuce (Red) [Headshot] Bizonho (Blue)
Sun Feb  2 20:27:18 2025 Vagabond (Blue) [SMG] coik (Red)
Sun Feb  2 20:27:21 2025 Pedro (Red) [Headshot] Vagabond (Blue)
Sun Feb  2 20:27:25 2025 GUSS (Red) [Headshot] Dingus (Blue)
Sun Feb  2 20:27:30 2025 GUSS (Red) [Fall]
Sun Feb  2 20:27:32 2025  Capture your team's 5th intel to unlock /APOC for your team's best builder!
Sun Feb  2 20:27:32 2025  With 1348 blocks placed, Noaa is granted the right to unleash the apocalypse.
Sun Feb  2 20:27:32 2025 Deuce captured Blue's Intel.
Sun Feb  2 20:27:43 2025 Vagabond (Blue) [Headshot] Pedro (Red)
Sun Feb  2 20:27:48 2025 Deuce (Red) [SMG] Vagabond (Blue)
Sun Feb  2 20:27:49 2025  Noaa has unleashed an apocalypse from God.
Sun Feb  2 20:27:50 2025 Bizonho picked up Red's Intel.
Sun Feb  2 20:27:51 2025  The apocalypse begins in 5
Sun Feb  2 20:27:52 2025  The apocalypse begins in 4
Sun Feb  2 20:27:53 2025 [Global] Vagabond (Blue): fuck
Sun Feb  2 20:27:53 2025  The apocalypse begins in 3
Sun Feb  2 20:27:54 2025  The apocalypse begins in 2
Sun Feb  2 20:27:55 2025  The apocalypse begins in 1
Sun Feb  2 20:27:57 2025 Bizonho (Blue) [Grenade] Pedro (Red)
Sun Feb  2 20:27:58 2025 Noaa (Red) [Grenade] Vagabond (Blue)
Sun Feb  2 20:28:02 2025 Noaa (Red) [Grenade]
Sun Feb  2 20:28:05 2025 coik (Red) [Melee] KillerPollo (Blue)
Sun Feb  2 20:28:05 2025 Noaa (Red) [Grenade] Vagabond (Blue)
Sun Feb  2 20:28:09 2025 [Global] KillerPollo (Blue): dam
Sun Feb  2 20:28:10 2025 Noaa (Red) [Grenade] Harry (Blue)
Sun Feb  2 20:28:11 2025 [Team] Vagabond (Blue): guys we need to put that tower down faster
Sun Feb  2 20:28:12 2025  The apocalypse has ended.
Sun Feb  2 20:28:12 2025 [Global] coik (Red): :)
Sun Feb  2 20:28:24 2025 Bizonho dropped Red's Intel
Sun Feb  2 20:28:24 2025  The intel has returned to the heavens
Sun Feb  2 20:28:24 2025 coik (Red) [Headshot] Bizonho (Blue)
Sun Feb  2 20:28:24 2025 Harry (Blue) [SMG] Deuce (Red)
Sun Feb  2 20:28:28 2025 Harry (Blue) [Headshot] GUSS (Red)
Sun Feb  2 20:28:32 2025  Mahalo for playing aloha.pk tower of babel
Sun Feb  2 20:28:41 2025 GUSS (Red) [Weapon Change]
Sun Feb  2 20:28:42 2025 Pedro (Red) [Headshot] Vagabond (Blue)
Sun Feb  2 20:28:47 2025 Harry (Blue) [Melee] Deuce (Red)
Sun Feb  2 20:28:58 2025 [Global] Vagabond (Blue): tu sentou na cabea da pika
Sun Feb  2 20:28:59 2025 GUSS (Red) [SMG] Dingus (Blue)
Sun Feb  2 20:29:01 2025 Noaa (Red) [Headshot] Bizonho (Blue)
Sun Feb  2 20:29:06 2025 Deuce (Red) [Melee] KillerPollo (Blue)
Sun Feb  2 20:29:10 2025 Noaa (Red) [SMG] Vagabond (Blue)
Sun Feb  2 20:29:10 2025 Pedro (Red) [SMG] Bizonho (Blue)
Sun Feb  2 20:29:12 2025 Deuce (Red) [SMG] Harry (Blue)
Sun Feb  2 20:29:23 2025 Pedro (Red) [Grenade] Bizonho (Blue)
Sun Feb  2 20:29:24 2025 Pedro (Red) [Grenade] KillerPollo (Blue)
Sun Feb  2 20:29:32 2025  Build a tower to get the enemy's intel. Take it to your team's tent to win!
Sun Feb  2 20:29:33 2025 coik (Red) [SMG] Bizonho (Blue)
Sun Feb  2 20:29:34 2025 Pedro (Red) [Headshot] Harry (Blue)
Sun Feb  2 20:29:38 2025 coik (Red) [Headshot] KillerPollo (Blue)
Sun Feb  2 20:29:47 2025 KillerPollo (Blue) [SMG] Deuce (Red)
Sun Feb  2 20:29:53 2025 Pedro (Red) [Melee] Harry (Blue)
Sun Feb  2 20:29:59 2025 Noaa (Red) [SMG] Dingus (Blue)
Sun Feb  2 20:30:01 2025 GUSS picked up Blue's Intel.
Sun Feb  2 20:30:01 2025 Vagabond (Blue) [SMG] Noaa (Red)
Sun Feb  2 20:30:10 2025 Deuce (Red) [Headshot] Harry (Blue)
Sun Feb  2 20:30:14 2025 Noaa (Red) [SMG] Bizonho (Blue)
Sun Feb  2 20:30:18 2025 coik (Red) [Headshot] Harry (Blue)
Sun Feb  2 20:30:21 2025 coik (Red) [Headshot] Dingus (Blue)
Sun Feb  2 20:30:32 2025  Type /HELP for info & commands
Sun Feb  2 20:30:34 2025 Dingus (Blue) [Headshot] Pedro (Red)
Sun Feb  2 20:30:36 2025 Deuce (Red) [Headshot] Dingus (Blue)
Sun Feb  2 20:30:39 2025 Harry (Blue) [SMG] Deuce (Red)
Sun Feb  2 20:30:39 2025 GUSS (Red) [Grenade] Harry (Blue)
Sun Feb  2 20:30:41 2025 Bizonho (Blue) [SMG] coik (Red)
Sun Feb  2 20:30:41 2025 GUSS dropped Blue's Intel
Sun Feb  2 20:30:41 2025  The intel has returned to the heavens
Sun Feb  2 20:30:41 2025 Harry (Blue) [Headshot] GUSS (Red)
Sun Feb  2 20:30:50 2025 Pedro (Red) [Headshot] Vagabond (Blue)
Sun Feb  2 20:30:52 2025 KillerPollo (Blue) [SMG] Pedro (Red)
Sun Feb  2 20:31:00 2025 GUSS (Red) [Weapon Change]
Sun Feb  2 20:31:03 2025 Deuce (Red) [Headshot] Harry (Blue)
Sun Feb  2 20:31:09 2025 Deuce (Red) [Headshot] Harry (Blue)
Sun Feb  2 20:31:13 2025 coik (Red) [SMG] KillerPollo (Blue)
Sun Feb  2 20:31:20 2025 Vagabond (Blue) [SMG] Noaa (Red)
Sun Feb  2 20:31:27 2025 coik (Red) [Headshot] Dingus (Blue)
Sun Feb  2 20:31:28 2025 Harry (Blue) [SMG] coik (Red)
Sun Feb  2 20:31:32 2025  Visit our community forums at https://aloha.pk/
Sun Feb  2 20:31:34 2025 Pedro (Red) [SMG] Harry (Blue)
Sun Feb  2 20:31:39 2025 Pedro (Red) [SMG] KillerPollo (Blue)
Sun Feb  2 20:31:46 2025 Player Dingus has left
Sun Feb  2 20:31:49 2025 Harry (Blue) [Headshot] GUSS (Red)
Sun Feb  2 20:32:10 2025 coik (Red) [SMG] Vagabond (Blue)
Sun Feb  2 20:32:13 2025 Dingus joined Blue team
Sun Feb  2 20:32:14 2025 Deuce (Red) [Melee] Harry (Blue)
Sun Feb  2 20:32:15 2025 coik (Red) [Melee] Bizonho (Blue)
Sun Feb  2 20:32:18 2025 [Global] Deuce (Red): eat my ass
Sun Feb  2 20:32:23 2025 Player Deuce has left
Sun Feb  2 20:32:24 2025 Pedro (Red) [SMG] Harry (Blue)
Sun Feb  2 20:32:32 2025  Come chat with us at https://discord.aloha.pk/
Sun Feb  2 20:32:34 2025 coik (Red) [Headshot] Vagabond (Blue)
Sun Feb  2 20:32:36 2025 Harry (Blue) [Headshot] GUSS (Red)
Sun Feb  2 20:32:38 2025 Player GUSS has left
Sun Feb  2 20:32:46 2025 Bizonho picked up Red's Intel.
Sun Feb  2 20:32:56 2025 [Team] Bizonho (Blue): left 1
Sun Feb  2 20:33:02 2025 Player Dingus has left
Sun Feb  2 20:33:32 2025  If you believe a player is breaking the rules, please let us know with /ADMIN
Sun Feb  2 20:33:33 2025 Bizonho dropped Red's Intel
Sun Feb  2 20:33:33 2025  The intel has returned to the heavens
Sun Feb  2 20:33:33 2025 coik (Red) [SMG] Bizonho (Blue)
Sun Feb  2 20:33:53 2025 Postroutine (Red) [Weapon Change]
Sun Feb  2 20:34:08 2025 Vagabond (Blue) [Headshot] Postroutine (Red)
Sun Feb  2 20:34:11 2025 Bizonho (Blue) [Headshot] coik (Red)
Sun Feb  2 20:34:14 2025 xzx joined Red team
Sun Feb  2 20:34:19 2025 coik (Red) [SMG] Vagabond (Blue)
Sun Feb  2 20:34:20 2025 {LAG} Irongears joined Blue team
Sun Feb  2 20:34:27 2025 KillerPollo (Blue) [Fall]
Sun Feb  2 20:34:31 2025 KillerPollo (Blue) [Headshot] Pedro (Red)
Sun Feb  2 20:34:32 2025  This server runs imger and glow. Use /IMG or /GLOW to toggle them.
Sun Feb  2 20:34:36 2025 Vagabond (Blue) [Headshot] Noaa (Red)
Sun Feb  2 20:34:39 2025 [Global] Vagabond (Blue): xd
Sun Feb  2 20:34:46 2025 Bizonho picked up Red's Intel.
Sun Feb  2 20:34:51 2025 coik (Red) [SMG] Vagabond (Blue)
Sun Feb  2 20:34:56 2025 Pedro (Red) [Headshot] Harry (Blue)
Sun Feb  2 20:34:56 2025 coik (Red) [Headshot] KillerPollo (Blue)
Sun Feb  2 20:35:10 2025 Bizonho captured Red's Intel.
Sun Feb  2 20:35:15 2025 coik (Red) [Headshot] Vagabond (Blue)
Sun Feb  2 20:35:16 2025 Harry (Blue) [SMG] Postroutine (Red)
Sun Feb  2 20:35:18 2025 Pedro (Red) [SMG] {LAG} Irongears (Blue)
Sun Feb  2 20:35:19 2025 coik (Red) [SMG] Vagabond (Blue)
Sun Feb  2 20:35:22 2025 Harry (Blue) [SMG] Pedro (Red)
Sun Feb  2 20:35:22 2025 You must be closer to the enemy's base to shoot blocks!
Sun Feb  2 20:35:22 2025 You must be closer to the enemy's base to shoot blocks!
Sun Feb  2 20:35:25 2025 Bizonho (Blue) [SMG] coik (Red)
Sun Feb  2 20:35:32 2025  Use /EMOTE to draw an emote on the map!
Sun Feb  2 20:35:38 2025 Postroutine (Red) [Fall]
Sun Feb  2 20:35:46 2025 Bizonho picked up Red's Intel.
Sun Feb  2 20:35:47 2025 coik (Red) [Headshot] Vagabond (Blue)
Sun Feb  2 20:36:00 2025 coik (Red) [Headshot] Vagabond (Blue)
Sun Feb  2 20:36:11 2025 rinonel joined Blue team
Sun Feb  2 20:36:12 2025  With 2441 blocks placed, Bizonho is granted the right to unleash the apocalypse.
Sun Feb  2 20:36:12 2025 Bizonho captured Red's Intel.
Sun Feb  2 20:36:16 2025 coik (Red) [SMG] Vagabond (Blue)
Sun Feb  2 20:36:16 2025 Pedro (Red) [SMG] rinonel (Blue)
Sun Feb  2 20:36:18 2025  Bizonho has unleashed an apocalypse from God.
Sun Feb  2 20:36:20 2025  The apocalypse begins in 5
Sun Feb  2 20:36:21 2025  The apocalypse begins in 4
Sun Feb  2 20:36:22 2025  The apocalypse begins in 3
Sun Feb  2 20:36:23 2025  The apocalypse begins in 2
Sun Feb  2 20:36:26 2025  The apocalypse begins in 1
Sun Feb  2 20:36:30 2025 Bizonho (Blue) [Grenade] xzx (Red)
Sun Feb  2 20:36:31 2025 Pedro (Red) [Headshot] Bizonho (Blue)
Sun Feb  2 20:36:31 2025 Bizonho (Blue) [Grenade] Postroutine (Red)
Sun Feb  2 20:36:31 2025 Bizonho (Blue) [Grenade] coik (Red)
Sun Feb  2 20:36:32 2025  Use /HEAVEN to paint the babel platform!
Sun Feb  2 20:36:33 2025 Bizonho (Blue) [Grenade] Noaa (Red)
Sun Feb  2 20:36:34 2025 Dingus joined Red team
Sun Feb  2 20:36:35 2025 [Global] Noaa (Red): shit
Sun Feb  2 20:36:36 2025 {LAG} Irongears (Blue) [Headshot] Dingus (Red)
Sun Feb  2 20:36:41 2025  The apocalypse has ended.
Sun Feb  2 20:36:41 2025 [Global] Postroutine (Red): Haaaaaaa
Sun Feb  2 20:36:42 2025 {LAG} Irongears (Blue) [Headshot] Dingus (Red)
Sun Feb  2 20:36:43 2025 {LAG} Irongears (Blue) [Headshot] Noaa (Red)
Sun Feb  2 20:36:46 2025 Pedro (Red) [Headshot] Bizonho (Blue)
Sun Feb  2 20:36:53 2025 coik (Red) [Headshot] rinonel (Blue)
Sun Feb  2 20:36:57 2025 {LAG} Irongears (Blue) [Headshot] Dingus (Red)
Sun Feb  2 20:37:03 2025 {LAG} Irongears (Blue) [Rifle] xzx (Red)
Sun Feb  2 20:37:14 2025 coik (Red) [SMG] Vagabond (Blue)
Sun Feb  2 20:37:14 2025 xzx (Red) [Headshot] Harry (Blue)
Sun Feb  2 20:37:15 2025 Pedro (Red) [Headshot] Bizonho (Blue)
Sun Feb  2 20:37:21 2025 Pedro (Red) [Headshot] Vagabond (Blue)
Sun Feb  2 20:37:22 2025 coik (Red) [Headshot] Harry (Blue)
Sun Feb  2 20:37:22 2025 Pedro (Red) [Headshot] Bizonho (Blue)
Sun Feb  2 20:37:28 2025 Vagabond (Blue) [SMG] Pedro (Red)
Sun Feb  2 20:37:29 2025 You must be closer to the enemy's base to shoot blocks!
Sun Feb  2 20:37:32 2025  Get a 20 killstreak and 1 intel capture(s) to unlock /APOC!
Sun Feb  2 20:37:37 2025 KillerPollo (Blue) [Weapon Change]
Sun Feb  2 20:37:46 2025 coik (Red) [Headshot] KillerPollo (Blue)
Sun Feb  2 20:37:49 2025 Vagabond (Blue) [Headshot] coik (Red)
Sun Feb  2 20:37:49 2025 rinonel (Blue) [Headshot] Pedro (Red)
Sun Feb  2 20:37:51 2025 splats joined Red team
Sun Feb  2 20:37:51 2025 {LAG} Irongears (Blue) [Headshot] Noaa (Red)
Sun Feb  2 20:37:55 2025 Pedro (Red) [Headshot] {LAG} Irongears (Blue)
Sun Feb  2 20:38:00 2025 You must be closer to the enemy's base to shoot blocks!
Sun Feb  2 20:38:00 2025 You must be closer to the enemy's base to shoot blocks!
Sun Feb  2 20:38:01 2025 You must be closer to the enemy's base to shoot blocks!
Sun Feb  2 20:38:01 2025 You must be closer to the enemy's base to shoot blocks!
Sun Feb  2 20:38:02 2025 You must be closer to the enemy's base to shoot blocks!
Sun Feb  2 20:38:02 2025 Dingus (Red) [Headshot] Harry (Blue)
Sun Feb  2 20:38:03 2025 Pedro (Red) [Headshot] rinonel (Blue)
Sun Feb  2 20:38:18 2025 Dingus (Red) [Headshot] rinonel (Blue)
Sun Feb  2 20:38:18 2025 KillerPollo (Blue) [SMG] Dingus (Red)
Sun Feb  2 20:38:19 2025 KillerPollo (Blue) [SMG] Postroutine (Red)
Sun Feb  2 20:38:29 2025 Bizonho picked up Red's Intel.
Sun Feb  2 20:38:29 2025 coik (Red) [SMG] Harry (Blue)
Sun Feb  2 20:38:32 2025  Capture your team's 5th intel to unlock /APOC for your team's best builder!
Sun Feb  2 20:38:33 2025 coik (Red) [SMG] rinonel (Blue)
Sun Feb  2 20:38:45 2025 {LAG} Irongears (Blue) [Rifle] Dingus (Red)
Sun Feb  2 20:38:46 2025 Harry (Blue) [Headshot] coik (Red)
Sun Feb  2 20:38:50 2025 Harry (Blue) [SMG] Pedro (Red)
Sun Feb  2 20:38:52 2025 Bizonho captured Red's Intel.
Sun Feb  2 20:38:53 2025 KillerPollo (Blue) [Headshot] xzx (Red)
Sun Feb  2 20:38:55 2025 Noaa (Red) [Fall]
Sun Feb  2 20:38:59 2025 {LAG} Irongears picked up Red's Intel.
Sun Feb  2 20:39:05 2025 KillerPollo (Blue) [Headshot] splats (Red)
Sun Feb  2 20:39:09 2025 [Global] KillerPollo (Blue): pikabuuu
Sun Feb  2 20:39:15 2025 coik (Red) [SMG] rinonel (Blue)
Sun Feb  2 20:39:16 2025 Harry (Blue) [Headshot] coik (Red)
Sun Feb  2 20:39:18 2025 KillerPollo (Blue) [SMG] xzx (Red)
Sun Feb  2 20:39:22 2025 [Global] KillerPollo (Blue): pikabuuu
Sun Feb  2 20:39:26 2025 [Global] rinonel (Blue): xD
Sun Feb  2 20:39:26 2025 {LAG} Irongears captured Red's Intel.
Sun Feb  2 20:39:31 2025 KillerPollo (Blue) [SMG] Pedro (Red)
Sun Feb  2 20:39:31 2025 Bizonho picked up Red's Intel.
Sun Feb  2 20:39:32 2025  Mahalo for playing aloha.pk tower of babel
Sun Feb  2 20:39:34 2025 [Global] KillerPollo (Blue): rip
Sun Feb  2 20:39:40 2025 KillerPollo (Blue) [Headshot] splats (Red)
Sun Feb  2 20:39:41 2025 KillerPollo (Blue) [SMG] Pedro (Red)
Sun Feb  2 20:39:45 2025 [Global] KillerPollo (Blue): rip
Sun Feb  2 20:39:53 2025 coik (Red) [SMG] rinonel (Blue)
Sun Feb  2 20:39:57 2025 Harry (Blue) [SMG] Dingus (Red)
Sun Feb  2 20:39:59 2025 [Global] rinonel (Blue): pikachu's boobs pikaboobs
Sun Feb  2 20:39:59 2025 KillerPollo (Blue) [SMG] splats (Red)
Sun Feb  2 20:40:02 2025 Harry (Blue) [SMG] Postroutine (Red)
Sun Feb  2 20:40:05 2025 Bizonho captured Red's Intel.
Sun Feb  2 20:40:06 2025 [Global] KillerPollo (Blue): rip men
Sun Feb  2 20:40:07 2025 coik (Red) [SMG] Vagabond (Blue)
Sun Feb  2 20:40:08 2025 [Global] Vagabond (Blue): gg
Sun Feb  2 20:40:09 2025 [Global] coik (Red): no doubt
Sun Feb  2 20:40:09 2025 {LAG} Irongears picked up Red's Intel.
Sun Feb  2 20:40:10 2025 [Global] Vagabond (Blue): gg
Sun Feb  2 20:40:11 2025 [Global] Vagabond (Blue): ez
Sun Feb  2 20:40:13 2025 KillerPollo (Blue) [SMG] Postroutine (Red)
Sun Feb  2 20:40:14 2025 KillerPollo (Blue) [Headshot] Dingus (Red)
Sun Feb  2 20:40:17 2025 [Global] KillerPollo (Blue): rip
Sun Feb  2 20:40:21 2025 coik (Red) [SMG] rinonel (Blue)
Sun Feb  2 20:40:22 2025 Harry (Blue) [Headshot] coik (Red)
Sun Feb  2 20:40:27 2025 ENTUSSIASMAO joined Blue team
Sun Feb  2 20:40:32 2025  Build a tower to get the enemy's intel. Take it to your team's tent to win!
Sun Feb  2 20:40:34 2025 {LAG} Irongears captured Red's Intel.
Sun Feb  2 20:40:35 2025 Vagabond (Blue) [Headshot] Pedro (Red)
Sun Feb  2 20:40:38 2025 KillerPollo (Blue) [Headshot] Dingus (Red)
Sun Feb  2 20:40:40 2025 Bizonho picked up Red's Intel.
Sun Feb  2 20:40:42 2025 [Global] KillerPollo (Blue): rip
Sun Feb  2 20:40:54 2025 ENTUSSIASMAO (Blue) [SMG] Dingus (Red)
Sun Feb  2 20:40:54 2025 KillerPollo (Blue) [SMG] coik (Red)
Sun Feb  2 20:40:57 2025 Vagabond (Blue) [Grenade] Postroutine (Red)
Sun Feb  2 20:40:59 2025 Pedro (Red) [Headshot] Vagabond (Blue)
Sun Feb  2 20:40:59 2025 Player KillerPollo has left
Sun Feb  2 20:41:01 2025 [Global] Vagabond (Blue): gg
Sun Feb  2 20:41:01 2025 Harry (Blue) [SMG] splats (Red)
Sun Feb  2 20:41:05 2025 [Global] Vagabond (Blue): ez
Sun Feb  2 20:41:07 2025 [Global] coik (Red): gg
Sun Feb  2 20:41:10 2025 Noaa (Red) [Headshot] Harry (Blue)
Sun Feb  2 20:41:10 2025 coik (Red) [Headshot] ENTUSSIASMAO (Blue)
Sun Feb  2 20:41:10 2025 [Global] rinonel (Blue): gg
Sun Feb  2 20:41:12 2025 Postroutine (Red) [Weapon Change]
Sun Feb  2 20:41:13 2025 Player xzx has left
Sun Feb  2 20:41:15 2025 [Global] Pedro (Red): gg
Sun Feb  2 20:41:18 2025 {LAG} Irongears (Blue) [Rifle] coik (Red)
Sun Feb  2 20:41:19 2025 Bizonho captured Red's Intel.
Sun Feb  2 20:41:19 2025 Blue Wins!
Sun Feb  2 20:41:19 2025  Game finished! Next map: minihills.
Sun Feb  2 20:41:20 2025 coik (Red) [Headshot] Harry (Blue)
Sun Feb  2 20:41:20 2025 rinonel (Blue) [Headshot] Postroutine (Red)
Sun Feb  2 20:41:21 2025 Noaa (Red) [Headshot] ENTUSSIASMAO (Blue)
Sun Feb  2 20:41:21 2025 Noaa (Red) [SMG] ENTUSSIASMAO (Blue)
Sun Feb  2 20:41:21 2025 Dingus (Red) [SMG] rinonel (Blue)
Sun Feb  2 20:41:22 2025 splats (Red) [Headshot] Bizonho (Blue)
Sun Feb  2 20:41:23 2025 splats (Red) [Rifle] Vagabond (Blue)
Sun Feb  2 20:41:24 2025 splats (Red) [Headshot] {LAG} Irongears (Blue)
Sun Feb  2 20:41:24 2025 Bizonho (Blue) [Grenade] Dingus (Red)
Sun Feb  2 20:41:24 2025 Vagabond (Blue) [Grenade] splats (Red)
Sun Feb  2 20:41:25 2025 Bizonho (Blue) [Grenade] coik (Red)
Sun Feb  2 20:41:25 2025 Noaa (Red) [Fall]
Sun Feb  2 20:41:26 2025 Pedro (Red) [Fall]
Sun Feb  2 20:41:27 2025 Player Noaa has left
Sun Feb  2 20:41:28 2025 [Global] Vagabond (Blue): gg
Sun Feb  2 20:41:29 2025 ------ World Unloaded ------
Sun Feb  2 20:41:30 2025 Disconnecting
