Mon Jan  6 10:35:43 2025 ------ World Loaded ------
Mon Jan  6 10:35:43 2025 Mouse (Blue) [Headshot] eletro (Red)
Mon Jan  6 10:35:43 2025 Welcome to aloha.pk tower of babel
Mon Jan  6 10:35:45 2025 Map: Island Winter by izzy, ei8htx, shywolf91
Mon Jan  6 10:35:46 2025 spader () [Fall]
Mon Jan  6 10:35:46 2025 eletro (Red) [Fall]
Mon Jan  6 10:35:47 2025 Game mode: babel
Mon Jan  6 10:35:48 2025  If you believe a player is breaking the rules, please let us know with /ADMIN
Mon Jan  6 10:35:49 2025 Build a tower to get the enemy's intel. Take it to your team's tent to win!
Mon Jan  6 10:35:51 2025 Visit our community forum at https://aloha.pk/
Mon Jan  6 10:35:53 2025 Come chat with us at https://discord.aloha.pk/
Mon Jan  6 10:35:57 2025 Harry (Red) [Headshot] Astralypsis (Blue)
Mon Jan  6 10:36:06 2025 Player filipevs has left
Mon Jan  6 10:36:19 2025 IlikeTrains (Blue) [Rifle] Pagani (Red)
Mon Jan  6 10:36:39 2025 Harry (Red) [Headshot] Astralypsis (Blue)
Mon Jan  6 10:36:46 2025 Harry (Red) [Headshot] IlikeTrains (Blue)
Mon Jan  6 10:36:47 2025 Pagani (Red) [Headshot] Mouse (Blue)
Mon Jan  6 10:36:48 2025  This server runs imger and glow. Use /IMG or /GLOW to toggle them.
Mon Jan  6 10:36:54 2025 Goldorak (Blue) [SMG] Pagani (Red)
Mon Jan  6 10:37:02 2025 [Global] IlikeTrains (Blue): spader recording us? hahaha
Mon Jan  6 10:37:10 2025 IlikeTrains (Blue) [Rifle] eletro (Red)
Mon Jan  6 10:37:12 2025 Harry (Red) [Headshot] Astralypsis (Blue)
Mon Jan  6 10:37:18 2025 Bierhoff joined Red team
Mon Jan  6 10:37:19 2025 Mouse (Blue) [Headshot] Pagani (Red)
Mon Jan  6 10:37:24 2025 [Global] TheRollingStone (Blue): Hi mom! I'm on YouTube!
Mon Jan  6 10:37:25 2025 Bierhoff (Red) [Headshot] IlikeTrains (Blue)
Mon Jan  6 10:37:28 2025 DeereJohn3 joined Blue team
Mon Jan  6 10:37:31 2025 Mouse (Blue) [Headshot] Bierhoff (Red)
Mon Jan  6 10:37:31 2025 Harry (Red) [Headshot] Mouse (Blue)
Mon Jan  6 10:37:36 2025 [Global] IlikeTrains (Blue): I want to thanks all my fans
Mon Jan  6 10:37:38 2025 Harry (Red) [Headshot] TheRollingStone (Blue)
Mon Jan  6 10:37:44 2025 [Global] IlikeTrains (Blue): please like and subscribe to spader
Mon Jan  6 10:37:46 2025 Harry (Red) [Headshot] Astralypsis (Blue)
Mon Jan  6 10:37:48 2025  Use /EMOTE to draw an emote on the map!
Mon Jan  6 10:37:50 2025 [Global] Mouse (Blue): lol
Mon Jan  6 10:38:13 2025 IlikeTrains (Blue) [Headshot] Pagani (Red)
Mon Jan  6 10:38:15 2025 Bierhoff (Red) [Headshot] IlikeTrains (Blue)
Mon Jan  6 10:38:17 2025 Bierhoff (Red) [Headshot] Mouse (Blue)
Mon Jan  6 10:38:24 2025 Bierhoff (Red) [Headshot] DeereJohn3 (Blue)
Mon Jan  6 10:38:25 2025 Harry (Red) [Headshot] Astralypsis (Blue)
Mon Jan  6 10:38:36 2025 Bierhoff (Red) [Headshot] IlikeTrains (Blue)
Mon Jan  6 10:38:39 2025 Bierhoff (Red) [Headshot] TheRollingStone (Blue)
Mon Jan  6 10:38:45 2025 G15 joined Red team
Mon Jan  6 10:38:48 2025  Use /HEAVEN to paint the babel platform!
Mon Jan  6 10:38:49 2025 xd joined Blue team
Mon Jan  6 10:38:49 2025 Mouse (Blue) [Headshot] Bierhoff (Red)
Mon Jan  6 10:38:56 2025 Mouse (Blue) [Headshot] G15 (Red)
Mon Jan  6 10:38:57 2025 [Global] spader (): I have everything recorded automatically.
Mon Jan  6 10:39:02 2025 IlikeTrains (Blue) [Headshot] Pagani (Red)
Mon Jan  6 10:39:05 2025 [Global] spader (): while watching the demo I can switch to the players and see if you used cheats or not.
Mon Jan  6 10:39:10 2025 xd (Blue) [Fall]
Mon Jan  6 10:39:12 2025 Bierhoff (Red) [Headshot] Astralypsis (Blue)
Mon Jan  6 10:39:14 2025 [Global] IlikeTrains (Blue): and do I?
Mon Jan  6 10:39:24 2025 IlikeTrains (Blue) [Headshot] G15 (Red)
Mon Jan  6 10:39:24 2025 Noaa joined Red team
Mon Jan  6 10:39:25 2025 Bierhoff (Red) [Headshot] DeereJohn3 (Blue)
Mon Jan  6 10:39:31 2025 IlikeTrains (Blue) [SMG] Noaa (Red)
Mon Jan  6 10:39:31 2025 Mouse (Blue) [Headshot] Harry (Red)
Mon Jan  6 10:39:32 2025 Bierhoff (Red) [Headshot] IlikeTrains (Blue)
Mon Jan  6 10:39:37 2025 Player xd has left
Mon Jan  6 10:39:38 2025 [Global] Goldorak (Blue): s, guys, stop cheating as long as he films
Mon Jan  6 10:39:39 2025 Mouse (Blue) [Rifle] eletro (Red)
Mon Jan  6 10:39:44 2025 [Global] TheRollingStone (Blue): lkol
Mon Jan  6 10:39:48 2025  Get a 20 killstreak and 1 intel capture(s) to unlock /APOC!
Mon Jan  6 10:40:00 2025 TheRollingStone (Blue) [SMG] Pagani (Red)
Mon Jan  6 10:40:01 2025 Harry (Red) [Headshot] TheRollingStone (Blue)
Mon Jan  6 10:40:02 2025 Mouse (Blue) [Headshot] G15 (Red)
Mon Jan  6 10:40:05 2025 IlikeTrains (Blue) [Headshot] zfh (Red)
Mon Jan  6 10:40:07 2025 Bierhoff (Red) [Headshot] Astralypsis (Blue)
Mon Jan  6 10:40:08 2025 IlikeTrains (Blue) [Headshot] Oktavis (Red)
Mon Jan  6 10:40:12 2025 xd joined Blue team
Mon Jan  6 10:40:16 2025 IlikeTrains (Blue) [Grenade] Noaa (Red)
Mon Jan  6 10:40:18 2025 HuMaNeTa12345 joined Blue team
Mon Jan  6 10:40:20 2025 IlikeTrains (Blue) [Headshot] zfh (Red)
Mon Jan  6 10:40:25 2025 Mouse (Blue) [Headshot] Harry (Red)
Mon Jan  6 10:40:25 2025 IlikeTrains (Blue) [Headshot] Noaa (Red)
Mon Jan  6 10:40:27 2025 Mouse (Blue) [Headshot] Pagani (Red)
Mon Jan  6 10:40:27 2025 G15 (Red) [Headshot] IlikeTrains (Blue)
Mon Jan  6 10:40:27 2025 Name (Red) [Headshot] Goldorak (Blue)
Mon Jan  6 10:40:33 2025 [Global] Noaa (Red): 101 kills?\
Mon Jan  6 10:40:38 2025 [Global] IlikeTrains (Blue): IlikeTrains known cheater
Mon Jan  6 10:40:41 2025 Harry (Red) [Headshot] xd (Blue)
Mon Jan  6 10:40:43 2025 [Global] Noaa (Red): grats i guess but wow you guys have been here a while
Mon Jan  6 10:40:45 2025 Mouse (Blue) [Headshot] Pagani (Red)
Mon Jan  6 10:40:48 2025  Capture your team's 5th intel to unlock /APOC for your team's best builder!
Mon Jan  6 10:40:48 2025 [Global] IlikeTrains (Blue): yeah
Mon Jan  6 10:40:54 2025 [Global] IlikeTrains (Blue): look at the size of our base
Mon Jan  6 10:40:57 2025 Bierhoff (Red) [Headshot] Astralypsis (Blue)
Mon Jan  6 10:41:01 2025 [Global] Noaa (Red): cool
Mon Jan  6 10:41:07 2025 IlikeTrains (Blue) [Headshot] Name (Red)
Mon Jan  6 10:41:08 2025 Mouse (Blue) [Headshot] zfh (Red)
Mon Jan  6 10:41:10 2025 Bierhoff (Red) [Headshot] Astralypsis (Blue)
Mon Jan  6 10:41:11 2025 Mouse (Blue) [Headshot] eletro (Red)
Mon Jan  6 10:41:12 2025 Bierhoff (Red) [Headshot] HuMaNeTa12345 (Blue)
Mon Jan  6 10:41:12 2025 Bierhoff (Red) [Headshot] Goldorak (Blue)
Mon Jan  6 10:41:13 2025 DeereJohn3 (Blue) [Headshot] G15 (Red)
Mon Jan  6 10:41:18 2025 Mouse (Blue) [Headshot] Name (Red)
Mon Jan  6 10:41:21 2025 Bierhoff (Red) [Headshot] HuMaNeTa12345 (Blue)
Mon Jan  6 10:41:26 2025 Bierhoff (Red) [Headshot] Astralypsis (Blue)
Mon Jan  6 10:41:29 2025 IlikeTrains (Blue) [Grenade] Noaa (Red)
Mon Jan  6 10:41:34 2025 Bierhoff (Red) [Headshot] xd (Blue)
Mon Jan  6 10:41:35 2025 IlikeTrains (Blue) [Headshot] Pagani (Red)
Mon Jan  6 10:41:39 2025 Noaa (Red) [Headshot] Mouse (Blue)
Mon Jan  6 10:41:40 2025 IlikeTrains (Blue) [Headshot] G15 (Red)
Mon Jan  6 10:41:40 2025 Bierhoff (Red) [Headshot] DeereJohn3 (Blue)
Mon Jan  6 10:41:44 2025 IlikeTrains (Blue) [SMG] Name (Red)
Mon Jan  6 10:41:48 2025  Mahalo for playing aloha.pk tower of babel
Mon Jan  6 10:41:50 2025 Bierhoff (Red) [Headshot] Goldorak (Blue)
Mon Jan  6 10:41:57 2025 IlikeTrains picked up Red's Intel.
Mon Jan  6 10:41:58 2025 [Global] IlikeTrains (Blue): lol
Mon Jan  6 10:42:02 2025 Pagani (Red) [Headshot] xd (Blue)
Mon Jan  6 10:42:04 2025 filipevs joined Blue team
Mon Jan  6 10:42:06 2025 Pagani (Red) [Headshot] TheRollingStone (Blue)
Mon Jan  6 10:42:11 2025 IlikeTrains dropped Red's Intel
Mon Jan  6 10:42:11 2025  The intel has returned to the heavens
Mon Jan  6 10:42:11 2025 Bierhoff (Red) [Headshot] IlikeTrains (Blue)
Mon Jan  6 10:42:16 2025 Bierhoff (Red) [Headshot] DeereJohn3 (Blue)
Mon Jan  6 10:42:17 2025 [Global] spader (): I sit in the spectors to drink tea or eat.
Mon Jan  6 10:42:19 2025 HuMaNeTa12345 (Blue) [Headshot] Oktavis (Red)
Mon Jan  6 10:42:23 2025 [Global] DeereJohn3 (Blue): cmon
Mon Jan  6 10:42:25 2025 Bierhoff (Red) [Headshot] filipevs (Blue)
Mon Jan  6 10:42:26 2025 Bierhoff (Red) [Headshot] Goldorak (Blue)
Mon Jan  6 10:42:28 2025 Mouse (Blue) [Headshot] Harry (Red)
Mon Jan  6 10:42:29 2025 Oktavis (Red) [Headshot] HuMaNeTa12345 (Blue)
Mon Jan  6 10:42:32 2025 [Global] spader (): and there is no point in watching whether you cheat or not, since everything is recorded automatically.
Mon Jan  6 10:42:33 2025 xd (Blue) [Headshot] Pagani (Red)
Mon Jan  6 10:42:38 2025 Bierhoff (Red) [Grenade] xd (Blue)
Mon Jan  6 10:42:38 2025 DeereJohn3 (Blue) [SMG] Bierhoff (Red)
Mon Jan  6 10:42:39 2025 [Global] spader (): )
Mon Jan  6 10:42:47 2025 Mouse (Blue) [Headshot] Noaa (Red)
Mon Jan  6 10:42:48 2025  Build a tower to get the enemy's intel. Take it to your team's tent to win!
Mon Jan  6 10:42:49 2025 [Global] DeereJohn3 (Blue): BB
Mon Jan  6 10:42:50 2025 Mouse (Blue) [Headshot] Pagani (Red)
Mon Jan  6 10:42:55 2025 Mouse (Blue) [Headshot] Harry (Red)
Mon Jan  6 10:42:57 2025 [Global] IlikeTrains (Blue): but then what do you do with the demos
Mon Jan  6 10:43:02 2025 Mouse (Blue) [Headshot] Oktavis (Red)
Mon Jan  6 10:43:07 2025 Player Oktavis has left
Mon Jan  6 10:43:12 2025 Harry (Red) [Headshot] DeereJohn3 (Blue)
Mon Jan  6 10:43:14 2025 G15 (Red) [Headshot] TheRollingStone (Blue)
Mon Jan  6 10:43:24 2025 [Global] TheRollingStone (Blue): personally I watch them and jer off
Mon Jan  6 10:43:26 2025 Oktavis joined Blue team
Mon Jan  6 10:43:32 2025 Bierhoff (Red) [Headshot] Mouse (Blue)
Mon Jan  6 10:43:35 2025 Astralypsis (Blue) [Headshot] Pagani (Red)
Mon Jan  6 10:43:36 2025 Oktavis (Blue) [Headshot] G15 (Red)
Mon Jan  6 10:43:38 2025 Bierhoff (Red) [Headshot] xd (Blue)
Mon Jan  6 10:43:38 2025 filipevs picked up Red's Intel.
Mon Jan  6 10:43:40 2025 Bierhoff (Red) [Rifle] Astralypsis (Blue)
Mon Jan  6 10:43:48 2025  Type /HELP for info & commands
Mon Jan  6 10:43:49 2025 Player G15 has left
Mon Jan  6 10:43:50 2025 Bierhoff (Red) [Headshot] DeereJohn3 (Blue)
Mon Jan  6 10:43:52 2025 spader joined Red team
Mon Jan  6 10:43:54 2025 IlikeTrains (Blue) [SMG] Harry (Red)
Mon Jan  6 10:43:55 2025 IlikeTrains (Blue) [SMG] Bierhoff (Red)
Mon Jan  6 10:44:00 2025 [Global] DeereJohn3 (Blue): deactivate you auto aim 
Mon Jan  6 10:44:02 2025 [Global] DeereJohn3 (Blue): pls
Mon Jan  6 10:44:03 2025 Bierhoff (Red) [Headshot] HuMaNeTa12345 (Blue)
Mon Jan  6 10:44:03 2025 xd (Blue) [Headshot] Pagani (Red)
Mon Jan  6 10:44:13 2025 filipevs captured Red's Intel.
Mon Jan  6 10:44:13 2025 Bierhoff (Red) [Headshot] xd (Blue)
Mon Jan  6 10:44:18 2025 IlikeTrains (Blue) [Grenade] spader (Red)
Mon Jan  6 10:44:20 2025 Oktavis (Blue) [Headshot] zfh (Red)
Mon Jan  6 10:44:25 2025 Oktavis (Blue) [Rifle] Pagani (Red)
Mon Jan  6 10:44:25 2025 IlikeTrains (Blue) [Headshot] eletro (Red)
Mon Jan  6 10:44:26 2025 Oktavis (Blue) [Headshot] Name (Red)
Mon Jan  6 10:44:27 2025 spader (Red) [Headshot] Oktavis (Blue)
Mon Jan  6 10:44:31 2025 IlikeTrains (Blue) [Headshot] spader (Red)
Mon Jan  6 10:44:43 2025 Goldorak (Blue) [Fall]
Mon Jan  6 10:44:44 2025 Bierhoff (Red) [Headshot] xd (Blue)
Mon Jan  6 10:44:45 2025 IlikeTrains (Blue) [Headshot] Name (Red)
Mon Jan  6 10:44:48 2025 Pagani (Red) [Headshot] filipevs (Blue)
Mon Jan  6 10:44:48 2025  Visit our community forums at https://aloha.pk/
Mon Jan  6 10:44:48 2025 Player xd has left
Mon Jan  6 10:44:49 2025 DeereJohn3 (Blue) [Headshot] Harry (Red)
Mon Jan  6 10:44:52 2025 Bierhoff (Red) [Headshot] DeereJohn3 (Blue)
Mon Jan  6 10:44:53 2025 IlikeTrains (Blue) [SMG] Bierhoff (Red)
Mon Jan  6 10:44:54 2025 Noaa (Red) [Headshot] Mouse (Blue)
Mon Jan  6 10:44:55 2025 Deuce joined Red team
Mon Jan  6 10:44:58 2025 Deuce (Red) [Headshot] IlikeTrains (Blue)
Mon Jan  6 10:45:02 2025 [Global] DeereJohn3 (Blue): thanks ilt
Mon Jan  6 10:45:06 2025 Disconnecting
