Sun Feb 23 19:48:08 2025 ------ World Loaded ------
Sun Feb 23 19:48:09 2025 Welcome to aloha.pk tower of babel
Sun Feb 23 19:48:10 2025 Map: Ruins by Danke
Sun Feb 23 19:48:11 2025 Apollo68 (Blue) [Fall]
Sun Feb 23 19:48:11 2025 Cornballs (Red) [Headshot] Max-Kill (Blue)
Sun Feb 23 19:48:12 2025 Game mode: babel
Sun Feb 23 19:48:14 2025 Build a tower to get the enemy's intel. Take it to your team's tent to win!
Sun Feb 23 19:48:16 2025 Visit our community forum at https://aloha.pk/
Sun Feb 23 19:48:18 2025 Come chat with us at https://discord.aloha.pk/
Sun Feb 23 19:48:18 2025 Marshmello (Red) [Headshot] noob (Blue)
Sun Feb 23 19:48:20 2025 Jamal (Blue) [SMG] Cornballs (Red)
Sun Feb 23 19:48:21 2025  Use /EMOTE to draw an emote on the map!
Sun Feb 23 19:48:25 2025 DE (Blue) [Headshot] KomaR (Red)
Sun Feb 23 19:48:25 2025 Jamal (Blue) [Headshot] rinonel (Red)
Sun Feb 23 19:48:33 2025 Marshmello (Red) [Melee] Postroutine (Blue)
Sun Feb 23 19:48:34 2025 coik joined Red team
Sun Feb 23 19:48:34 2025 sov1 (Blue) [Headshot] Cornballs (Red)
Sun Feb 23 19:48:37 2025 sov1 (Blue) [SMG] KomaR (Red)
Sun Feb 23 19:48:37 2025 regice202 picked up Blue's Intel.
Sun Feb 23 19:48:38 2025 [Global] Cornballs (Red): bruh
Sun Feb 23 19:48:40 2025 DE (Blue) [Headshot] KomaR (Red)
Sun Feb 23 19:48:42 2025 rinonel (Red) [Rifle] sov1 (Blue)
Sun Feb 23 19:48:44 2025 DE (Blue) [SMG] Architect (Red)
Sun Feb 23 19:48:45 2025 [Global] sov1 (Blue): lmao sorry corn
Sun Feb 23 19:48:46 2025 Harry (Red) [Rifle] Jamal (Blue)
Sun Feb 23 19:48:47 2025 DunberK (Blue) [Headshot] gigi (Red)
Sun Feb 23 19:48:48 2025 noob (Blue) [Headshot] Harry (Red)
Sun Feb 23 19:48:49 2025 regice202 (Red) [Rifle] DE (Blue)
Sun Feb 23 19:48:51 2025 DunberK (Blue) [Headshot] The Jesus (Red)
Sun Feb 23 19:49:00 2025 DE (Blue) [Headshot] Marshmello (Red)
Sun Feb 23 19:49:00 2025 Max-Kill (Blue) [Fall]
Sun Feb 23 19:49:02 2025 You must be closer to the enemy's base to grenade blocks!
Sun Feb 23 19:49:08 2025 DunberK (Blue) [Headshot] Harry (Red)
Sun Feb 23 19:49:10 2025 DunberK (Blue) [Headshot] The Jesus (Red)
Sun Feb 23 19:49:10 2025 Jamal (Blue) [Headshot] rinonel (Red)
Sun Feb 23 19:49:10 2025 KomaR (Red) [SMG] Apollo68 (Blue)
Sun Feb 23 19:49:11 2025 regice202 captured Blue's Intel.
Sun Feb 23 19:49:13 2025 KomaR (Red) [SMG] DunberK (Blue)
Sun Feb 23 19:49:18 2025 KomaR (Red) [SMG] vivian<3 (Blue)
Sun Feb 23 19:49:21 2025  Use /HEAVEN to paint the babel platform!
Sun Feb 23 19:49:21 2025 Cornballs (Red) [Headshot] Yarleybr (Blue)
Sun Feb 23 19:49:23 2025 Cornballs (Red) [Headshot] Toddy3557 (Blue)
Sun Feb 23 19:49:28 2025 Cornballs (Red) [Headshot] Max-Kill (Blue)
Sun Feb 23 19:49:30 2025 DE (Blue) [Headshot] Harry (Red)
Sun Feb 23 19:49:30 2025 DunberK (Blue) [Headshot] Cornballs (Red)
Sun Feb 23 19:49:30 2025 Y.O.B.A. (Red) [Headshot] Yarleybr (Blue)
Sun Feb 23 19:49:32 2025 sov1 (Blue) [Headshot] rinonel (Red)
Sun Feb 23 19:49:32 2025 [Global] Cornballs (Red): bruh
Sun Feb 23 19:49:34 2025 DE (Blue) [Headshot] coik (Red)
Sun Feb 23 19:49:35 2025 regice202 (Red) [Headshot] Postroutine (Blue)
Sun Feb 23 19:49:36 2025 DE (Blue) [SMG] gigi (Red)
Sun Feb 23 19:49:37 2025 Jamal (Blue) [SMG] elgord0tet0n (Red)
Sun Feb 23 19:49:38 2025 Y.O.B.A. picked up Blue's Intel.
Sun Feb 23 19:49:38 2025 coik (Red) [Weapon Change]
Sun Feb 23 19:49:40 2025 Marshmello (Red) [SMG] DunberK (Blue)
Sun Feb 23 19:49:42 2025 regice202 (Red) [Headshot] DE (Blue)
Sun Feb 23 19:49:42 2025 sov1 (Blue) [SMG] rinonel (Red)
Sun Feb 23 19:49:43 2025 Apollo68 (Blue) [SMG] Marshmello (Red)
Sun Feb 23 19:49:44 2025 sov1 (Blue) [Headshot] gigi (Red)
Sun Feb 23 19:49:45 2025 Y.O.B.A. (Red) [Headshot] sov1 (Blue)
Sun Feb 23 19:49:45 2025 Player Gabriel has left
Sun Feb 23 19:49:45 2025 Jamal (Blue) [SMG] regice202 (Red)
Sun Feb 23 19:49:47 2025 Architect (Red) [Headshot] Yarleybr (Blue)
Sun Feb 23 19:49:52 2025 Architect (Red) [SMG] sov1 (Blue)
Sun Feb 23 19:49:56 2025 Y.O.B.A. dropped Blue's Intel
Sun Feb 23 19:49:56 2025  The intel has returned to the heavens
Sun Feb 23 19:49:56 2025 Jamal (Blue) [SMG] Y.O.B.A. (Red)
Sun Feb 23 19:49:57 2025 DE (Blue) [Headshot] KomaR (Red)
Sun Feb 23 19:50:00 2025 The Jesus (Red) [SMG] Jamal (Blue)
Sun Feb 23 19:50:04 2025 Cornballs (Red) [SMG] vivian<3 (Blue)
Sun Feb 23 19:50:04 2025 [Global] Y.O.B.A. (Red): fox
Sun Feb 23 19:50:04 2025 sov1 (Blue) [Headshot] Architect (Red)
Sun Feb 23 19:50:07 2025 [Global] rinonel (Red): i like the constant battle
Sun Feb 23 19:50:11 2025 [Global] Deuce (): wolf
Sun Feb 23 19:50:11 2025 [Global] sov1 (Blue): me too
Sun Feb 23 19:50:11 2025 POP_OS joined Blue team
Sun Feb 23 19:50:11 2025 [Global] vivian<3 (Blue): 2 girls 1 cup
Sun Feb 23 19:50:14 2025 [Global] DE (Blue): yeah itsd an intense map
Sun Feb 23 19:50:14 2025 [Global] Cornballs (Red): erm
Sun Feb 23 19:50:16 2025 [Global] Jamal (Blue): so does Israel
Sun Feb 23 19:50:19 2025 [Global] rinonel (Red): LOL
Sun Feb 23 19:50:20 2025 [Global] Cornballs (Red): ...
Sun Feb 23 19:50:21 2025 [Global] sov1 (Blue): LMAO
Sun Feb 23 19:50:21 2025  Get a 20 killstreak and 1 intel capture(s) to unlock /APOC!
Sun Feb 23 19:50:23 2025 rinonel (Red) [Headshot] sov1 (Blue)
Sun Feb 23 19:50:23 2025 coik (Red) [SMG] Apollo68 (Blue)
Sun Feb 23 19:50:24 2025 regice202 picked up Blue's Intel.
Sun Feb 23 19:50:30 2025 Postroutine (Blue) [Headshot] coik (Red)
Sun Feb 23 19:50:31 2025 Cornballs (Red) [SMG] Postroutine (Blue)
Sun Feb 23 19:50:33 2025 regice202 (Red) [Rifle] noob (Blue)
Sun Feb 23 19:50:35 2025 Player Architect has left
Sun Feb 23 19:50:38 2025 KomaR (Red) [SMG] POP_OS (Blue)
Sun Feb 23 19:50:38 2025 Marshmello (Red) [SMG] Toddy3557 (Blue)
Sun Feb 23 19:50:40 2025 sov1 (Blue) [Headshot] Marshmello (Red)
Sun Feb 23 19:50:41 2025 DE (Blue) [SMG] coik (Red)
Sun Feb 23 19:50:43 2025 rinonel (Red) [Headshot] vivian<3 (Blue)
Sun Feb 23 19:50:44 2025 Jamal (Blue) [SMG] The Jesus (Red)
Sun Feb 23 19:50:46 2025 rinonel (Red) [Headshot] Jamal (Blue)
Sun Feb 23 19:50:52 2025 regice202 (Red) [Headshot] DE (Blue)
Sun Feb 23 19:50:53 2025 Apollo68 (Blue) [Headshot] rinonel (Red)
Sun Feb 23 19:50:58 2025 Cornballs (Red) [Headshot] DunberK (Blue)
Sun Feb 23 19:51:03 2025 regice202 captured Blue's Intel.
Sun Feb 23 19:51:06 2025 sov1 (Blue) [Headshot] elgord0tet0n (Red)
Sun Feb 23 19:51:06 2025 Cornballs (Red) [Headshot] Jamal (Blue)
Sun Feb 23 19:51:07 2025 sov1 (Blue) [Headshot] gigi (Red)
Sun Feb 23 19:51:07 2025 KomaR (Red) [SMG] Apollo68 (Blue)
Sun Feb 23 19:51:10 2025 sov1 (Blue) [SMG] Marshmello (Red)
Sun Feb 23 19:51:11 2025 Toddy3557 (Blue) [SMG] Cornballs (Red)
Sun Feb 23 19:51:12 2025 sov1 (Blue) [Headshot] rinonel (Red)
Sun Feb 23 19:51:13 2025 sov1 (Blue) [Headshot] regice202 (Red)
Sun Feb 23 19:51:14 2025 [Team] rinonel (Red): 2 >>
Sun Feb 23 19:51:16 2025 regice202 (Red) [Headshot] noob (Blue)
Sun Feb 23 19:51:17 2025 sov1 (Blue) [SMG] Y.O.B.A. (Red)
Sun Feb 23 19:51:17 2025 DE (Blue) [Headshot] KomaR (Red)
Sun Feb 23 19:51:18 2025 sov1 (Blue) [Headshot] gigi (Red)
Sun Feb 23 19:51:18 2025 sov1 (Blue) [Headshot] Cornballs (Red)
Sun Feb 23 19:51:19 2025 sov1 (Blue) [SMG] rinonel (Red)
Sun Feb 23 19:51:21 2025  Capture your team's 5th intel to unlock /APOC for your team's best builder!
Sun Feb 23 19:51:21 2025 [Global] rinonel (Red): hoy shit
Sun Feb 23 19:51:22 2025 sov1 (Blue) [SMG] Alekos (Red)
Sun Feb 23 19:51:24 2025 [Team] rinonel (Red): 3
Sun Feb 23 19:51:25 2025 sov1 (Blue) [Headshot] regice202 (Red)
Sun Feb 23 19:51:27 2025 You must be closer to the enemy's base to grenade blocks!
Sun Feb 23 19:51:29 2025 sov1 (Blue) [Headshot] rinonel (Red)
Sun Feb 23 19:51:29 2025 Harry (Red) [Grenade] sov1 (Blue)
Sun Feb 23 19:51:29 2025 You must be closer to the enemy's base to grenade blocks!
Sun Feb 23 19:51:31 2025 [Global] DE (Blue): oof komaR not having a lot of luck against me today
Sun Feb 23 19:51:31 2025 You must be closer to the enemy's base to grenade blocks!
Sun Feb 23 19:51:33 2025 [Global] sov1 (Blue): nice nade
Sun Feb 23 19:51:33 2025 Harry (Red) [Headshot] Postroutine (Blue)
Sun Feb 23 19:51:33 2025 vivian<3 (Blue) [Grenade] regice202 (Red)
Sun Feb 23 19:51:34 2025 vivian<3 (Blue) [Grenade] KomaR (Red)
Sun Feb 23 19:51:34 2025 Jamal (Blue) [Headshot] coik (Red)
Sun Feb 23 19:51:36 2025 Player Postroutine has left
Sun Feb 23 19:51:38 2025 vivian<3 (Blue) [Headshot] Y.O.B.A. (Red)
Sun Feb 23 19:51:40 2025 gigi (Red) [Headshot] vivian<3 (Blue)
Sun Feb 23 19:51:46 2025 POP_OS (Blue) [Headshot] The Jesus (Red)
Sun Feb 23 19:51:47 2025 Max-Kill (Blue) [Fall]
Sun Feb 23 19:51:48 2025 DE (Blue) [Headshot] KomaR (Red)
Sun Feb 23 19:51:48 2025 rinonel (Red) [Headshot] POP_OS (Blue)
Sun Feb 23 19:51:52 2025 Cornballs (Red) [Headshot] Jamal (Blue)
Sun Feb 23 19:51:56 2025 DE (Blue) [Headshot] regice202 (Red)
Sun Feb 23 19:51:56 2025 Harry (Red) [Headshot] DE (Blue)
Sun Feb 23 19:51:59 2025 Cornballs (Red) [Headshot] noob (Blue)
Sun Feb 23 19:52:03 2025 Cornballs (Red) [SMG] DunberK (Blue)
Sun Feb 23 19:52:04 2025 sov1 (Blue) [SMG] rinonel (Red)
Sun Feb 23 19:52:08 2025 Cornballs (Red) [Headshot] vivian<3 (Blue)
Sun Feb 23 19:52:11 2025 regice202 (Red) [Headshot] sov1 (Blue)
Sun Feb 23 19:52:12 2025 Cornballs picked up Blue's Intel.
Sun Feb 23 19:52:14 2025 [Global] DE (Blue): oh hey blue started to build finally, nice
Sun Feb 23 19:52:15 2025 Cornballs dropped Blue's Intel
Sun Feb 23 19:52:15 2025 POP_OS (Blue) [SMG] Cornballs (Red)
Sun Feb 23 19:52:19 2025 [Global] DE (Blue): bit late but nice
Sun Feb 23 19:52:21 2025  Mahalo for playing aloha.pk tower of babel
Sun Feb 23 19:52:22 2025 Marshmello (Red) [Headshot] POP_OS (Blue)
Sun Feb 23 19:52:23 2025 KomaR (Red) [Headshot] Apollo68 (Blue)
Sun Feb 23 19:52:28 2025 regice202 (Red) [Headshot] Jamal (Blue)
Sun Feb 23 19:52:29 2025 gigi picked up Blue's Intel.
Sun Feb 23 19:52:30 2025 [Global] Cornballs (Red): guys blue started to build
Sun Feb 23 19:52:30 2025 Marshmello (Red) [SMG] Max-Kill (Blue)
Sun Feb 23 19:52:32 2025 POP_OS (Blue) [Weapon Change]
Sun Feb 23 19:52:33 2025 Marshmello (Red) [SMG] Toddy3557 (Blue)
Sun Feb 23 19:52:34 2025 [Global] Cornballs (Red): secret intel i iuncovered
Sun Feb 23 19:52:37 2025 KomaR (Red) [Headshot] noob (Blue)
Sun Feb 23 19:52:39 2025 [Global] Jamal (Blue): did they?
Sun Feb 23 19:52:42 2025 [Global] Cornballs (Red): ye
Sun Feb 23 19:52:44 2025 KomaR (Red) [SMG] vivian<3 (Blue)
Sun Feb 23 19:52:48 2025 [Global] Jamal (Blue): Cool, I'll join in :)
Sun Feb 23 19:52:56 2025 DE (Blue) [Headshot] rinonel (Red)
Sun Feb 23 19:52:58 2025 Y.O.B.A. (Red) [Headshot] Toddy3557 (Blue)
Sun Feb 23 19:52:58 2025 Y.O.B.A. (Red) [SMG] Jamal (Blue)
Sun Feb 23 19:53:03 2025 sov1 (Blue) [SMG] Alekos (Red)
Sun Feb 23 19:53:05 2025 Marshmello (Red) [SMG] Jamal (Blue)
Sun Feb 23 19:53:05 2025 [Global] Jamal (Blue): I'm such a team player
Sun Feb 23 19:53:10 2025 DE (Blue) [Headshot] elgord0tet0n (Red)
Sun Feb 23 19:53:12 2025 The Jesus (Red) [Melee] DE (Blue)
Sun Feb 23 19:53:13 2025 [Global] regice202 (Red): Since when?
Sun Feb 23 19:53:13 2025 sov1 (Blue) [Melee] Harry (Red)
Sun Feb 23 19:53:15 2025 KomaR (Red) [Headshot] Toddy3557 (Blue)
Sun Feb 23 19:53:17 2025 sov1 (Blue) [Melee] rinonel (Red)
Sun Feb 23 19:53:18 2025 Cornballs (Red) [Headshot] POP_OS (Blue)
Sun Feb 23 19:53:20 2025 [Global] sov1 (Blue): LMAOOOO
Sun Feb 23 19:53:20 2025 KomaR (Red) [SMG] vivian<3 (Blue)
Sun Feb 23 19:53:21 2025  Build a tower to get the enemy's intel. Take it to your team's tent to win!
Sun Feb 23 19:53:23 2025 [Global] rinonel (Red): LOL?
Sun Feb 23 19:53:27 2025 [Global] Jamal (Blue): sincce now
Sun Feb 23 19:53:31 2025 sov1 (Blue) [Headshot] elgord0tet0n (Red)
Sun Feb 23 19:53:33 2025 sov1 (Blue) [SMG] Alekos (Red)
Sun Feb 23 19:53:36 2025 POP_OS (Blue) [Headshot] Marshmello (Red)
Sun Feb 23 19:53:36 2025 Cornballs (Red) [SMG] Jamal (Blue)
Sun Feb 23 19:53:37 2025 You must be closer to the enemy's base to shoot blocks!
Sun Feb 23 19:53:38 2025 Harry (Red) [Headshot] sov1 (Blue)
Sun Feb 23 19:53:40 2025 Cornballs (Red) [Headshot] DunberK (Blue)
Sun Feb 23 19:53:40 2025 [Global] sov1 (Blue): fair enough
Sun Feb 23 19:53:40 2025 [Global] regice202 (Red): git sum corn
Sun Feb 23 19:53:40 2025 Cornballs (Red) [SMG] Max-Kill (Blue)
Sun Feb 23 19:53:41 2025 vivian<3 (Blue) [Headshot] Cornballs (Red)
Sun Feb 23 19:53:41 2025 CYBINT joined Blue team
Sun Feb 23 19:53:46 2025 [Global] Cornballs (Red): yeyeye
Sun Feb 23 19:53:50 2025 gigi captured Blue's Intel.
Sun Feb 23 19:53:51 2025 Yarleybr (Blue) [SMG] Y.O.B.A. (Red)
Sun Feb 23 19:53:52 2025 regice202 picked up Blue's Intel.
Sun Feb 23 19:53:53 2025 coik (Red) [SMG] Toddy3557 (Blue)
Sun Feb 23 19:53:59 2025 Cornballs (Red) [SMG] Apollo68 (Blue)
Sun Feb 23 19:53:59 2025 Player gigi has left
Sun Feb 23 19:53:59 2025 KomaR (Red) [Headshot] Jamal (Blue)
Sun Feb 23 19:54:01 2025 coik (Red) [SMG] CYBINT (Blue)
Sun Feb 23 19:54:02 2025 POP_OS (Blue) [Headshot] KomaR (Red)
Sun Feb 23 19:54:14 2025 rinonel (Red) [Headshot] DE (Blue)
Sun Feb 23 19:54:16 2025 coik (Red) [SMG] sov1 (Blue)
Sun Feb 23 19:54:18 2025 [Global] sov1 (Blue): cock
Sun Feb 23 19:54:20 2025 [Global] regice202 (Red): bro wth
Sun Feb 23 19:54:21 2025  Type /HELP for info & commands
Sun Feb 23 19:54:21 2025 noob (Blue) [Headshot] elgord0tet0n (Red)
Sun Feb 23 19:54:25 2025 [Global] coik (Red): *coik
Sun Feb 23 19:54:26 2025 Jamal (Blue) [Headshot] The Jesus (Red)
Sun Feb 23 19:54:26 2025 Marshmello (Red) [Headshot] Max-Kill (Blue)
Sun Feb 23 19:54:26 2025 [Global] regice202 (Red): someone blocked tent hallway
Sun Feb 23 19:54:27 2025 noob (Blue) [Headshot] Cornballs (Red)
Sun Feb 23 19:54:29 2025 [Global] Cornballs (Red): wat
Sun Feb 23 19:54:30 2025 You can't destroy your team's blocks in this area. Attack the enemy's tower!
Sun Feb 23 19:54:30 2025 You can't destroy your team's blocks in this area. Attack the enemy's tower!
Sun Feb 23 19:54:33 2025 CYBINT (Blue) [Rifle] Marshmello (Red)
Sun Feb 23 19:54:34 2025 vivian<3 (Blue) [Headshot] Alekos (Red)
Sun Feb 23 19:54:38 2025 [Global] Cornballs (Red): coiked
Sun Feb 23 19:54:42 2025 regice202 captured Blue's Intel.
Sun Feb 23 19:54:43 2025 vivian<3 (Blue) [Headshot] elgord0tet0n (Red)
Sun Feb 23 19:54:43 2025 Harry (Red) [Rifle]
Sun Feb 23 19:54:44 2025 Y.O.B.A. (Red) [Headshot] POP_OS (Blue)
Sun Feb 23 19:54:44 2025 rinonel (Red) [Headshot] vivian<3 (Blue)
Sun Feb 23 19:54:46 2025 KomaR (Red) [SMG] Jamal (Blue)
Sun Feb 23 19:54:51 2025 [Global] Cornballs (Red): regicide202
Sun Feb 23 19:54:54 2025 KomaR (Red) [SMG] Apollo68 (Blue)
Sun Feb 23 19:54:57 2025 coik picked up Blue's Intel.
Sun Feb 23 19:54:58 2025 [Global] regice202 (Red): yessir
Sun Feb 23 19:54:58 2025 KomaR (Red) [Headshot] Toddy3557 (Blue)
Sun Feb 23 19:54:59 2025 sov1 (Blue) [SMG] Harry (Red)
Sun Feb 23 19:55:00 2025 KomaR (Red) [SMG] Max-Kill (Blue)
Sun Feb 23 19:55:01 2025 POP_OS (Blue) [Headshot] KomaR (Red)
Sun Feb 23 19:55:03 2025 noob (Blue) [Headshot] elgord0tet0n (Red)
Sun Feb 23 19:55:06 2025 [Global] Cornballs (Red): get corny widdit
Sun Feb 23 19:55:07 2025 sov1 (Blue) [Headshot] Harry (Red)
Sun Feb 23 19:55:09 2025 sov1 (Blue) [SMG] The Jesus (Red)
Sun Feb 23 19:55:11 2025 rinonel (Red) [Rifle] CYBINT (Blue)
Sun Feb 23 19:55:12 2025 Player The Jesus has left
Sun Feb 23 19:55:13 2025 rinonel (Red) [Headshot] Jamal (Blue)
Sun Feb 23 19:55:15 2025 sov1 (Blue) [Headshot] Cornballs (Red)
Sun Feb 23 19:55:15 2025  Yarleybr has reached 1000 blocks placed! /heaven unlocked.
Sun Feb 23 19:55:16 2025 rinonel (Red) [Headshot] sov1 (Blue)
Sun Feb 23 19:55:17 2025 [Global] Cornballs (Red): RBO
Sun Feb 23 19:55:18 2025 rinonel (Red) [Headshot] DE (Blue)
Sun Feb 23 19:55:18 2025 POP_OS (Blue) [SMG] Y.O.B.A. (Red)
Sun Feb 23 19:55:19 2025 [Global] Cornballs (Red): HOW
Sun Feb 23 19:55:20 2025 YOELUCHIJA joined Red team
Sun Feb 23 19:55:21 2025  Visit our community forums at https://aloha.pk/
Sun Feb 23 19:55:22 2025 [Global] sov1 (Blue): i aim
Sun Feb 23 19:55:25 2025 [Global] sov1 (Blue): i see you
Sun Feb 23 19:55:25 2025 [Global] Cornballs (Red): interesting
Sun Feb 23 19:55:25 2025 elgord0tet0n (Red) [SMG] noob (Blue)
Sun Feb 23 19:55:26 2025 vivian<3 (Blue) [Headshot] Marshmello (Red)
Sun Feb 23 19:55:26 2025 [Global] sov1 (Blue): i shoot
Sun Feb 23 19:55:27 2025 [Global] regice202 (Red): ya boi took out the queen last
Sun Feb 23 19:55:27 2025 [Global] sov1 (Blue): simple
Sun Feb 23 19:55:27 2025 [Global] Cornballs (Red): tell me more
Sun Feb 23 19:55:29 2025  With 956 blocks placed, rinonel is granted the right to unleash the apocalypse.
Sun Feb 23 19:55:29 2025 coik captured Blue's Intel.
Sun Feb 23 19:55:31 2025 [Global] Marshmello (Red): nice!
Sun Feb 23 19:55:32 2025 POP_OS (Blue) [Headshot] KomaR (Red)
Sun Feb 23 19:55:33 2025 [Global] YOELUCHIJA (Red): aspioc
Sun Feb 23 19:55:36 2025 regice202 picked up Blue's Intel.
Sun Feb 23 19:55:36 2025 [Global] YOELUCHIJA (Red): apoc
Sun Feb 23 19:55:36 2025 [Global] Cornballs (Red): uh huh uh huh
Sun Feb 23 19:55:38 2025 rinonel (Red) [Headshot] Jamal (Blue)
Sun Feb 23 19:55:46 2025 [Global] Cornballs (Red): rinonel bomb them to sluttownm
Sun Feb 23 19:55:49 2025 CYBINT (Blue) [Headshot] elgord0tet0n (Red)
Sun Feb 23 19:55:52 2025 sov1 (Blue) [Headshot] YOELUCHIJA (Red)
Sun Feb 23 19:55:58 2025 sov1 (Blue) [SMG] rinonel (Red)
Sun Feb 23 19:56:02 2025 Harry (Red) [Headshot] DE (Blue)
Sun Feb 23 19:56:03 2025 Apollo68 (Blue) [Headshot] Harry (Red)
Sun Feb 23 19:56:05 2025 KomaR (Red) [SMG] Apollo68 (Blue)
Sun Feb 23 19:56:06 2025 CYBINT (Blue) [Headshot] elgord0tet0n (Red)
Sun Feb 23 19:56:08 2025 [Global] Cornballs (Red):  /apoc
Sun Feb 23 19:56:09 2025 POP_OS (Blue) [SMG] KomaR (Red)
Sun Feb 23 19:56:11 2025 regice202 captured Blue's Intel.
Sun Feb 23 19:56:13 2025 sov1 (Blue) [Headshot] YOELUCHIJA (Red)
Sun Feb 23 19:56:14 2025 rinonel (Red) [Headshot] DunberK (Blue)
Sun Feb 23 19:56:15 2025 Cornballs (Red) [Grenade] Yarleybr (Blue)
Sun Feb 23 19:56:15 2025  rinonel has unleashed an apocalypse from God.
Sun Feb 23 19:56:17 2025 Cornballs (Red) [Headshot] vivian<3 (Blue)
Sun Feb 23 19:56:17 2025  The apocalypse begins in 5
Sun Feb 23 19:56:18 2025  The apocalypse begins in 4
Sun Feb 23 19:56:18 2025 [Global] DE (Blue): Rinonel is such a girls name
Sun Feb 23 19:56:19 2025  The apocalypse begins in 3
Sun Feb 23 19:56:20 2025 POP_OS (Blue) [Headshot] Y.O.B.A. (Red)
Sun Feb 23 19:56:20 2025  The apocalypse begins in 2
Sun Feb 23 19:56:20 2025 [Global] YOELUCHIJA (Red): apoc
Sun Feb 23 19:56:21 2025  Come chat with us at https://discord.aloha.pk/
Sun Feb 23 19:56:21 2025  The apocalypse begins in 1
Sun Feb 23 19:56:22 2025 sov1 (Blue) [Headshot] elgord0tet0n (Red)
Sun Feb 23 19:56:22 2025 sov1 (Blue) [Headshot] KomaR (Red)
Sun Feb 23 19:56:24 2025 rinonel (Red) [Grenade] Apollo68 (Blue)
Sun Feb 23 19:56:25 2025 rinonel (Red) [Grenade] Jamal (Blue)
Sun Feb 23 19:56:25 2025 rinonel (Red) [Grenade] DE (Blue)
Sun Feb 23 19:56:26 2025 rinonel (Red) [Grenade] Jamal (Blue)
Sun Feb 23 19:56:27 2025 rinonel (Red) [Grenade] POP_OS (Blue)
Sun Feb 23 19:56:27 2025 Cornballs (Red) [Headshot] Max-Kill (Blue)
Sun Feb 23 19:56:28 2025 sov1 (Blue) [Headshot] KomaR (Red)
Sun Feb 23 19:56:29 2025 rinonel (Red) [Grenade] vivian<3 (Blue)
Sun Feb 23 19:56:29 2025 Harry (Red) [Headshot] sov1 (Blue)
Sun Feb 23 19:56:31 2025 rinonel (Red) [Grenade] DE (Blue)
Sun Feb 23 19:56:32 2025 rinonel (Red) [Grenade] DunberK (Blue)
Sun Feb 23 19:56:34 2025 rinonel (Red) [Grenade] Yarleybr (Blue)
Sun Feb 23 19:56:35 2025 Cornballs (Red) [Headshot] Toddy3557 (Blue)
Sun Feb 23 19:56:35 2025 rinonel (Red) [Grenade] Apollo68 (Blue)
Sun Feb 23 19:56:36 2025 [Global] rinonel (Red): i think i was messing with some other player trying to copy their name and just ended up with this
Sun Feb 23 19:56:38 2025  The apocalypse has ended.
Sun Feb 23 19:56:40 2025 regice202 (Red) [Headshot] CYBINT (Blue)
Sun Feb 23 19:56:41 2025 sov1 (Blue) [SMG] Cornballs (Red)
Sun Feb 23 19:56:44 2025 [Global] sov1 (Blue): :3
Sun Feb 23 19:56:44 2025 [Global] DE (Blue): Its cute
Sun Feb 23 19:56:50 2025 Marshmello (Red) [Headshot] Toddy3557 (Blue)
Sun Feb 23 19:56:56 2025 [Global] DE (Blue): But honestly first i met you I assumed ytou were a girl, or a femboy
Sun Feb 23 19:56:59 2025 [Global] rinonel (Red): LOL
Sun Feb 23 19:57:01 2025 [Global] regice202 (Red): cmere corn
Sun Feb 23 19:57:01 2025 KomaR (Red) [Headshot] noob (Blue)
Sun Feb 23 19:57:02 2025 [Global] Cornballs (Red): DE thinks ur name cute. chaaaaaaaange it
Sun Feb 23 19:57:07 2025 [Global] rinonel (Red): LMAOOO
Sun Feb 23 19:57:08 2025 DunberK (Blue) [Headshot] Marshmello (Red)
Sun Feb 23 19:57:08 2025 sov1 (Blue) [Headshot] elgord0tet0n (Red)
Sun Feb 23 19:57:15 2025 [Global] rinonel (Red): not the first time ppl have thought i was a girl by the way i typed
Sun Feb 23 19:57:18 2025 POP_OS (Blue) [Headshot] YOELUCHIJA (Red)
Sun Feb 23 19:57:19 2025 Max-Kill (Blue) [Fall]
Sun Feb 23 19:57:19 2025 POP_OS (Blue) [Headshot] elgord0tet0n (Red)
Sun Feb 23 19:57:21 2025 regice202 (Red) [Headshot] POP_OS (Blue)
Sun Feb 23 19:57:21 2025  If you believe a player is breaking the rules, please let us know with /ADMIN
Sun Feb 23 19:57:23 2025 [Global] DE (Blue): yup 
Sun Feb 23 19:57:24 2025 [Global] Cornballs (Red): clearly a boi
Sun Feb 23 19:57:24 2025 [Global] regice202 (Red): hey pop
Sun Feb 23 19:57:26 2025 [Global] sov1 (Blue): you're a twink?
Sun Feb 23 19:57:27 2025 KomaR (Red) [Headshot] Toddy3557 (Blue)
Sun Feb 23 19:57:29 2025 DE (Blue) [SMG] Marshmello (Red)
Sun Feb 23 19:57:29 2025 Cornballs picked up Blue's Intel.
Sun Feb 23 19:57:29 2025 DE (Blue) [SMG] YOELUCHIJA (Red)
Sun Feb 23 19:57:32 2025 [Global] rinonel (Red): nah
Sun Feb 23 19:57:33 2025 Harry (Red) [Headshot] Jamal (Blue)
Sun Feb 23 19:57:34 2025 Harry (Red) [Headshot] sov1 (Blue)
Sun Feb 23 19:57:37 2025 vivian<3 (Blue) [Headshot] Harry (Red)
Sun Feb 23 19:57:37 2025 [Global] DE (Blue): Rin has feminine enrgy
Sun Feb 23 19:57:38 2025 Toddy3557 (Blue) [Team Change]
Sun Feb 23 19:57:38 2025 Lespays joined Red team
Sun Feb 23 19:57:38 2025 POP_OS (Blue) [SMG] KomaR (Red)
Sun Feb 23 19:57:39 2025 [Global] sov1 (Blue): you sure?
Sun Feb 23 19:57:39 2025 rinonel (Red) [Headshot] Yarleybr (Blue)
Sun Feb 23 19:57:39 2025 Cornballs (Red) [Grenade] Max-Kill (Blue)
Sun Feb 23 19:57:40 2025 rinonel (Red) [Headshot] POP_OS (Blue)
Sun Feb 23 19:57:44 2025 DE (Blue) [Headshot] Alekos (Red)
Sun Feb 23 19:57:46 2025 [Global] regice202 (Red): Twinkies are good
Sun Feb 23 19:57:47 2025 [Global] rinonel (Red): ye brooo lmaoo
Sun Feb 23 19:57:48 2025 Jamal (Blue) [SMG] Y.O.B.A. (Red)
Sun Feb 23 19:57:49 2025 Toddy3557 joined Red team
Sun Feb 23 19:57:51 2025 [Global] Cornballs (Red): stop feminising rinonel pls
Sun Feb 23 19:57:52 2025 noob (Blue) [Rifle] Harry (Red)
Sun Feb 23 19:57:55 2025 [Global] Cornballs (Red): he is a warrior
Sun Feb 23 19:57:57 2025 [Global] sov1 (Blue): nah im forcing him to weawr a skirt
Sun Feb 23 19:57:58 2025 [Global] rinonel (Red): ayy
Sun Feb 23 19:58:03 2025 Harry (Red) [Headshot] noob (Blue)
Sun Feb 23 19:58:05 2025 sov1 (Blue) [Headshot] Lespays (Red)
Sun Feb 23 19:58:06 2025 CYBINT (Blue) [Headshot] Harry (Red)
Sun Feb 23 19:58:09 2025 regice202 (Red) [Grenade] Yarleybr (Blue)
Sun Feb 23 19:58:11 2025 [Global] Cornballs (Red): he is a brudda of the corn
Sun Feb 23 19:58:12 2025 POP_OS (Blue) [Headshot] rinonel (Red)
Sun Feb 23 19:58:12 2025 [Global] rinonel (Red): ill save that for vier
Sun Feb 23 19:58:14 2025 Harry (Red) [Headshot] DE (Blue)
Sun Feb 23 19:58:15 2025 coik (Red) [Fall]
Sun Feb 23 19:58:17 2025 Jamal (Blue) [Headshot] elgord0tet0n (Red)
Sun Feb 23 19:58:17 2025 [Global] sov1 (Blue): LOL
Sun Feb 23 19:58:21 2025 Harry (Red) [Headshot] sov1 (Blue)
Sun Feb 23 19:58:21 2025  This server runs imger and glow. Use /IMG or /GLOW to toggle them.
Sun Feb 23 19:58:23 2025 [Global] rinonel (Red): also how tf does vier have like the entire fucking server added
Sun Feb 23 19:58:23 2025 Cornballs captured Blue's Intel.
Sun Feb 23 19:58:23 2025 regice202 picked up Blue's Intel.
Sun Feb 23 19:58:26 2025 [Global] DE (Blue): absolutley sussy
Sun Feb 23 19:58:28 2025 You must be closer to the enemy's base to grenade blocks!
Sun Feb 23 19:58:28 2025 You must be closer to the enemy's base to grenade blocks!
Sun Feb 23 19:58:29 2025 [Global] rinonel (Red): literally every single person is on their friends list
Sun Feb 23 19:58:30 2025 You must be closer to the enemy's base to grenade blocks!
Sun Feb 23 19:58:31 2025 [Global] sov1 (Blue): good question
Sun Feb 23 19:58:33 2025 Max-Kill (Blue) [Fall]
Sun Feb 23 19:58:39 2025 CYBINT (Blue) [Headshot] Alekos (Red)
Sun Feb 23 19:58:40 2025 [Global] coik (Red): there are friend lists?
Sun Feb 23 19:58:42 2025 Harry (Red) [Headshot] vivian<3 (Blue)
Sun Feb 23 19:58:45 2025 DunberK (Blue) [Melee] Lespays (Red)
Sun Feb 23 19:58:46 2025 [Global] sov1 (Blue): on discord
Sun Feb 23 19:58:48 2025 [Global] DE (Blue): He means discoprd
Sun Feb 23 19:58:50 2025 [Global] Cornballs (Red): because vier is an FBI informant
Sun Feb 23 19:58:51 2025 [Global] DE (Blue): Discord*
Sun Feb 23 19:58:53 2025 [Global] coik (Red): aha
Sun Feb 23 19:58:54 2025 Harry (Red) [Headshot] Jamal (Blue)
Sun Feb 23 19:58:54 2025 Harry (Red) [Headshot] Apollo68 (Blue)
Sun Feb 23 19:58:56 2025 POP_OS (Blue) [Headshot] rinonel (Red)
Sun Feb 23 19:58:56 2025 [Global] sov1 (Blue): shut up de
Sun Feb 23 19:58:57 2025 regice202 captured Blue's Intel.
Sun Feb 23 19:58:57 2025 KomaR picked up Blue's Intel.
Sun Feb 23 19:58:59 2025 vivian<3 (Blue) [Headshot] Toddy3557 (Red)
Sun Feb 23 19:58:59 2025 CYBINT (Blue) [Headshot] Alekos (Red)
Sun Feb 23 19:58:59 2025 Y.O.B.A. (Red) [Headshot] DE (Blue)
Sun Feb 23 19:59:03 2025 sov1 (Blue) [SMG] regice202 (Red)
Sun Feb 23 19:59:06 2025 Player noob has left
Sun Feb 23 19:59:07 2025 [Global] DE (Blue): Because Vier is a prancing grench femboy
Sun Feb 23 19:59:08 2025 POP_OS (Blue) [Headshot] rinonel (Red)
Sun Feb 23 19:59:11 2025 Harry (Red) [Rifle] POP_OS (Blue)
Sun Feb 23 19:59:11 2025 [Global] DE (Blue): french*
Sun Feb 23 19:59:11 2025 [Global] regice202 (Red): what's your ping sov?
Sun Feb 23 19:59:11 2025 sov1 (Blue) [Headshot] Alekos (Red)
Sun Feb 23 19:59:16 2025 CYBINT (Blue) [Headshot] Alekos (Red)
Sun Feb 23 19:59:17 2025 [Global] sov1 (Blue): 115ms
Sun Feb 23 19:59:21 2025  Use /EMOTE to draw an emote on the map!
Sun Feb 23 19:59:21 2025 [Global] Jamal (Blue): The leader of The Proud Boys was an FBI informant
Sun Feb 23 19:59:24 2025 KomaR captured Blue's Intel.
Sun Feb 23 19:59:30 2025 Toddy3557 picked up Blue's Intel.
Sun Feb 23 19:59:33 2025 POP_OS (Blue) [Headshot] Cornballs (Red)
Sun Feb 23 19:59:35 2025 [Global] Cornballs (Red): ok
Sun Feb 23 19:59:38 2025 [Global] Cornballs (Red): i accept that one
Sun Feb 23 19:59:39 2025 Harry (Red) [Headshot] Apollo68 (Blue)
Sun Feb 23 19:59:40 2025 sov1 (Blue) [Headshot] Alekos (Red)
Sun Feb 23 19:59:40 2025 Jamal (Blue) [SMG] Lespays (Red)
Sun Feb 23 19:59:40 2025 [Global] rinonel (Red): g
Sun Feb 23 19:59:41 2025 KomaR (Red) [Headshot] sov1 (Blue)
Sun Feb 23 19:59:41 2025 [Global] rinonel (Red): g
Sun Feb 23 19:59:42 2025 Harry (Red) [Headshot] Max-Kill (Blue)
Sun Feb 23 19:59:44 2025 [Global] Cornballs (Red): gg
Sun Feb 23 19:59:44 2025 [Global] sov1 (Blue): gg
Sun Feb 23 19:59:46 2025 [Global] coik (Red): gg
Sun Feb 23 19:59:47 2025 [Global] sov1 (Blue): fun map
Sun Feb 23 19:59:47 2025 [Global] regice202 (Red): gg
Sun Feb 23 19:59:48 2025 [Global] Jamal (Blue): gg
Sun Feb 23 19:59:49 2025 DE (Blue) [Headshot] Cornballs (Red)
Sun Feb 23 19:59:50 2025 [Global] YOELUCHIJA (Red): win
Sun Feb 23 19:59:51 2025 DE (Blue) [Headshot] Alekos (Red)
Sun Feb 23 19:59:56 2025 KomaR (Red) [Headshot] POP_OS (Blue)
Sun Feb 23 19:59:57 2025 DE (Blue) [Headshot] Cornballs (Red)
Sun Feb 23 20:00:00 2025 [Global] Toddy3557 (Red): gg
Sun Feb 23 20:00:00 2025 Toddy3557 captured Blue's Intel.
Sun Feb 23 20:00:00 2025 Red Wins!
Sun Feb 23 20:00:00 2025  Game finished! Next map: toast.
Sun Feb 23 20:00:00 2025 [Global] Cornballs (Red): gg
Sun Feb 23 20:00:01 2025 coik (Red) [Grenade] Max-Kill (Blue)
Sun Feb 23 20:00:01 2025 coik (Red) [Grenade] sov1 (Blue)
Sun Feb 23 20:00:01 2025 coik (Red) [Grenade] DunberK (Blue)
Sun Feb 23 20:00:02 2025 Harry (Red) [Rifle] POP_OS (Blue)
Sun Feb 23 20:00:02 2025 regice202 (Red) [Headshot] POP_OS (Blue)
Sun Feb 23 20:00:03 2025 elgord0tet0n (Red) [Headshot] DE (Blue)
Sun Feb 23 20:00:03 2025 Jamal (Blue) [SMG] Marshmello (Red)
Sun Feb 23 20:00:03 2025 Yarleybr (Blue) [Headshot] YOELUCHIJA (Red)
Sun Feb 23 20:00:03 2025 KomaR (Red) [Headshot] CYBINT (Blue)
Sun Feb 23 20:00:03 2025 Harry (Red) [Headshot] vivian<3 (Blue)
Sun Feb 23 20:00:03 2025 Jamal (Blue) [Headshot] regice202 (Red)
Sun Feb 23 20:00:04 2025 Yarleybr (Blue) [SMG] Cornballs (Red)
Sun Feb 23 20:00:04 2025 coik (Red) [Headshot] Apollo68 (Blue)
Sun Feb 23 20:00:05 2025 Cornballs (Red) [Grenade] Yarleybr (Blue)
Sun Feb 23 20:00:05 2025 [Global] Jamal (Blue): gg
Sun Feb 23 20:00:05 2025 rinonel (Red) [Fall]
Sun Feb 23 20:00:05 2025 [Global] YOELUCHIJA (Red): eez
Sun Feb 23 20:00:05 2025 Jamal (Blue) [Fall]
Sun Feb 23 20:00:10 2025 Toddy3557 picked up Blue's Intel.
Sun Feb 23 20:00:10 2025 ------ World Unloaded ------
Sun Feb 23 20:00:18 2025 ------ World Loaded ------
Sun Feb 23 20:00:18 2025 CYBINT joined Blue team
Sun Feb 23 20:00:18 2025 coik joined Red team
Sun Feb 23 20:00:18 2025 regice202 joined Red team
Sun Feb 23 20:00:18 2025 DE joined Spectator team
Sun Feb 23 20:00:18 2025 sov1 joined Spectator team
Sun Feb 23 20:00:18 2025 Jamal joined Blue team
Sun Feb 23 20:00:18 2025 Deuce joined Spectator team
Sun Feb 23 20:00:18 2025 Welcome to aloha.pk tower of babel
Sun Feb 23 20:00:19 2025 Lespays joined Blue team
Sun Feb 23 20:00:19 2025 Map: TOAST by JoJoe-Stinky AKA Jason Bonham
Sun Feb 23 20:00:21 2025 Game mode: babel
Sun Feb 23 20:00:23 2025 Cornballs joined Red team
Sun Feb 23 20:00:23 2025 elgord0tet0n joined Red team
Sun Feb 23 20:00:23 2025 Build a tower to get the enemy's intel. Take it to your team's tent to win!
Sun Feb 23 20:00:23 2025 KomaR joined Red team
Sun Feb 23 20:00:24 2025 YOELUCHIJA joined Blue team
Sun Feb 23 20:00:25 2025 Y.O.B.A. joined Spectator team
Sun Feb 23 20:00:25 2025 Visit our community forum at https://aloha.pk/
Sun Feb 23 20:00:25 2025 Max-Kill joined Blue team
Sun Feb 23 20:00:27 2025 Come chat with us at https://discord.aloha.pk/
Sun Feb 23 20:00:30 2025 Jamal (Blue) [Headshot] regice202 (Red)
Sun Feb 23 20:00:31 2025 Player Cornballs has left
Sun Feb 23 20:00:31 2025 Player YOELUCHIJA has left
Sun Feb 23 20:00:33 2025 [Global] sov1 (): man i cant unleash gremlin energy on this map
Sun Feb 23 20:00:34 2025 DunberK joined Red team
Sun Feb 23 20:00:35 2025 Apollo68 joined Red team
Sun Feb 23 20:00:36 2025 Yarleybr joined Red team
Sun Feb 23 20:00:38 2025 Jamal (Blue) [Headshot] coik (Red)
Sun Feb 23 20:00:41 2025 vivian<3 joined Blue team
Sun Feb 23 20:00:43 2025 [Global] DE (): YOBA, no im not staff
Sun Feb 23 20:00:43 2025 Jamal (Blue) [SMG] Yarleybr (Red)
Sun Feb 23 20:00:44 2025 regice202 (Red) [Headshot] Jamal (Blue)
Sun Feb 23 20:00:49 2025 regice202 (Red) [Headshot] CYBINT (Blue)
Sun Feb 23 20:00:50 2025 regice202 (Red) [Headshot] Lespays (Blue)
Sun Feb 23 20:00:55 2025 [Global] Jamal (Blue): First 3 kills WOO!
Sun Feb 23 20:00:58 2025 Harry (Blue) [Rifle] regice202 (Red)
Sun Feb 23 20:01:00 2025 [Global] regice202 (Red): fail
Sun Feb 23 20:01:01 2025 [Global] DE (): they only put ruins on because i asked them not because i put it on
Sun Feb 23 20:01:02 2025 Apollo68 (Red) [Headshot] Harry (Blue)
Sun Feb 23 20:01:05 2025 Apollo68 (Red) [SMG] Max-Kill (Blue)
Sun Feb 23 20:01:12 2025 Jamal (Blue) [Headshot] coik (Red)
Sun Feb 23 20:01:12 2025 [Global] sov1 (): wtf ruins isnt on aos.party
Sun Feb 23 20:01:16 2025 regice202 (Red) [Headshot] CYBINT (Blue)
Sun Feb 23 20:01:19 2025 Lespays (Blue) [Headshot] Apollo68 (Red)
Sun Feb 23 20:01:19 2025 [Global] DE (): indeed
Sun Feb 23 20:01:21 2025  Get a 20 killstreak and 1 intel capture(s) to unlock /APOC!
Sun Feb 23 20:01:21 2025 DE joined Blue team
Sun Feb 23 20:01:25 2025 [Global] Deuce (): missin nomansland or holes
Sun Feb 23 20:01:26 2025 [Global] Y.O.B.A. (): with Tradeoff was same))
Sun Feb 23 20:01:26 2025 Lespays (Blue) [Headshot] elgord0tet0n (Red)
Sun Feb 23 20:01:33 2025 [Global] Jamal (Blue): They only put ruins on as a tribute of what was there before it was ruined
Sun Feb 23 20:01:37 2025 regice202 (Red) [Headshot] Jamal (Blue)
Sun Feb 23 20:01:39 2025 regice202 (Red) [Headshot] Harry (Blue)
Sun Feb 23 20:01:40 2025 [Global] sov1 (): gonna have to check penguins.win
Sun Feb 23 20:01:41 2025 [Global] sov1 (): smh
Sun Feb 23 20:01:48 2025 regice202 (Red) [Headshot] DE (Blue)
Sun Feb 23 20:01:53 2025 [Global] DE (Blue): holes and nomansland? also two good maps
Sun Feb 23 20:01:54 2025 Jamal (Blue) [SMG] Apollo68 (Red)
Sun Feb 23 20:01:55 2025 Max-Kill (Blue) [Headshot] regice202 (Red)
Sun Feb 23 20:01:59 2025 Player sov1 has left
Sun Feb 23 20:02:01 2025 elgord0tet0n (Red) [Headshot] Jamal (Blue)
Sun Feb 23 20:02:06 2025 Apollo68 (Red) [Weapon Change]
Sun Feb 23 20:02:12 2025 regice202 (Red) [Headshot] Max-Kill (Blue)
Sun Feb 23 20:02:16 2025 [Global] Jamal (Blue): Pinpoint and TurtleSoup are good maps
Sun Feb 23 20:02:16 2025 DE (Blue) [Headshot] elgord0tet0n (Red)
Sun Feb 23 20:02:20 2025 Harry (Blue) [Headshot] regice202 (Red)
Sun Feb 23 20:02:21 2025  Capture your team's 5th intel to unlock /APOC for your team's best builder!
Sun Feb 23 20:02:31 2025 [Global] Deuce (): PinPoint is versatile, but i dont think its a good map for babel
Sun Feb 23 20:02:36 2025 regice202 (Red) [Headshot] Jamal (Blue)
Sun Feb 23 20:02:38 2025 DE (Blue) [Headshot] elgord0tet0n (Red)
Sun Feb 23 20:02:39 2025 [Global] Deuce (): not if ur the builder, its a lot to build
Sun Feb 23 20:02:47 2025 DE (Blue) [Headshot] DunberK (Red)
Sun Feb 23 20:02:51 2025 regice202 (Red) [Grenade] DE (Blue)
Sun Feb 23 20:02:53 2025 [Global] Jamal (Blue): Ok, I've played long enough for today
Sun Feb 23 20:02:55 2025 regice202 (Red) [Headshot] Max-Kill (Blue)
Sun Feb 23 20:02:57 2025 [Global] DE (Blue): later
Sun Feb 23 20:03:00 2025 [Global] Y.O.B.A. (): bb
Sun Feb 23 20:03:00 2025 Apollo68 (Red) [Headshot] Harry (Blue)
Sun Feb 23 20:03:17 2025 Max-Kill (Blue) [SMG] regice202 (Red)
Sun Feb 23 20:03:17 2025 [Global] Jamal (Blue): I'm going to watch the British prison drama film Starred Up now
Sun Feb 23 20:03:18 2025 You must be closer to the enemy's base to shoot blocks!
Sun Feb 23 20:03:21 2025  Mahalo for playing aloha.pk tower of babel
Sun Feb 23 20:03:24 2025 [Global] Jamal (Blue): Goodbye everyone, have a great day :)
Sun Feb 23 20:03:25 2025 Apollo68 (Red) [Rifle] Harry (Blue)
Sun Feb 23 20:03:27 2025 [Global] regice202 (Red): cya
Sun Feb 23 20:03:27 2025 [Global] DE (Blue): havnt seen it, enjoy
Sun Feb 23 20:03:30 2025 Player Jamal has left
Sun Feb 23 20:03:37 2025 Player KomaR has left
Sun Feb 23 20:03:37 2025 CYBINT (Blue) [Headshot] Apollo68 (Red)
Sun Feb 23 20:03:43 2025 Max-Kill (Blue) [SMG] regice202 (Red)
Sun Feb 23 20:03:47 2025 [Global] regice202 (Red): fakin watur
Sun Feb 23 20:03:48 2025 Yarleybr (Red) [SMG] Max-Kill (Blue)
Sun Feb 23 20:03:56 2025 [Global] DE (Blue): ima fuck off for a while too i might be back later
Sun Feb 23 20:04:00 2025 [Global] DE (Blue): later
Sun Feb 23 20:04:01 2025 [Global] regice202 (Red): ttyl
Sun Feb 23 20:04:02 2025 Player DE has left
Sun Feb 23 20:04:17 2025 Alekos joined Red team
Sun Feb 23 20:04:18 2025 regice202 (Red) [Headshot] vivian<3 (Blue)
Sun Feb 23 20:04:21 2025  Build a tower to get the enemy's intel. Take it to your team's tent to win!
Sun Feb 23 20:04:28 2025 regice202 (Red) [Rifle] Max-Kill (Blue)
Sun Feb 23 20:04:32 2025 CYBINT (Blue) [Headshot] Apollo68 (Red)
Sun Feb 23 20:04:34 2025 regice202 (Red) [Melee] CYBINT (Blue)
Sun Feb 23 20:04:35 2025 Harry (Blue) [Headshot] regice202 (Red)
Sun Feb 23 20:04:38 2025 [Global] regice202 (Red): damn
Sun Feb 23 20:04:57 2025 regice202 (Red) [Headshot] Max-Kill (Blue)
Sun Feb 23 20:05:07 2025 [Global] Y.O.B.A. (): imo other is better coz a blocks round holes u know
Sun Feb 23 20:05:10 2025 regice202 (Red) [Headshot] vivian<3 (Blue)
Sun Feb 23 20:05:11 2025 Alekos (Red) [Grenade] CYBINT (Blue)
Sun Feb 23 20:05:13 2025 Apollo68 (Red) [Headshot] Harry (Blue)
Sun Feb 23 20:05:15 2025 Max-Kill (Blue) [Headshot] Alekos (Red)
Sun Feb 23 20:05:16 2025 [Global] Alekos (Red): Grenade
Sun Feb 23 20:05:19 2025 [Global] Deuce (): new holes is cooler
Sun Feb 23 20:05:20 2025 [Global] Alekos (Red): My balls
Sun Feb 23 20:05:21 2025  Type /HELP for info & commands
Sun Feb 23 20:05:22 2025 CYBINT (Blue) [Headshot] Apollo68 (Red)
Sun Feb 23 20:05:33 2025 [Global] Alekos (Red): I got shot in the penis
Sun Feb 23 20:05:37 2025 Max-Kill (Blue) [SMG] regice202 (Red)
Sun Feb 23 20:05:49 2025 Max-Kill (Blue) [SMG] regice202 (Red)
Sun Feb 23 20:06:19 2025 CadNah joined Blue team
Sun Feb 23 20:06:21 2025 Alekos (Red) [SMG] vivian<3 (Blue)
Sun Feb 23 20:06:21 2025  Visit our community forums at https://aloha.pk/
Sun Feb 23 20:06:39 2025 regice202 (Red) [Headshot] Max-Kill (Blue)
Sun Feb 23 20:06:52 2025 Harry (Blue) [Melee] DunberK (Red)
Sun Feb 23 20:06:56 2025 CYBINT (Blue) [Headshot] regice202 (Red)
Sun Feb 23 20:07:02 2025 Apollo68 (Red) [Headshot] Harry (Blue)
Sun Feb 23 20:07:02 2025 coik (Red) [Headshot] CadNah (Blue)
Sun Feb 23 20:07:19 2025 Max-Kill (Blue) [Headshot] regice202 (Red)
Sun Feb 23 20:07:21 2025  Come chat with us at https://discord.aloha.pk/
Sun Feb 23 20:07:22 2025 [Global] regice202 (Red): damnit
Sun Feb 23 20:07:26 2025 coik (Red) [SMG] Max-Kill (Blue)
Sun Feb 23 20:07:33 2025 [Global] CYBINT (Blue): too many water maps i wanna tunnel
Sun Feb 23 20:07:41 2025 Harry (Blue) [Headshot] regice202 (Red)
Sun Feb 23 20:07:48 2025 [Global] regice202 (Red): not doing too hot on this map
Sun Feb 23 20:08:12 2025 regice202 (Red) [Headshot] Harry (Blue)
Sun Feb 23 20:08:15 2025 regice202 (Red) [Headshot] CadNah (Blue)
Sun Feb 23 20:08:20 2025 [Team] CadNah (Blue): how u do that?
Sun Feb 23 20:08:21 2025  If you believe a player is breaking the rules, please let us know with /ADMIN
Sun Feb 23 20:08:24 2025 regice202 (Red) [Headshot] Max-Kill (Blue)
Sun Feb 23 20:08:30 2025 regice202 (Red) [Headshot] Harry (Blue)
Sun Feb 23 20:08:39 2025 regice202 (Red) [Rifle] CadNah (Blue)
Sun Feb 23 20:08:39 2025 [Team] vivian<3 (Blue): im trusted 
Sun Feb 23 20:08:54 2025 [Team] vivian<3 (Blue): and i can destroy blocks
Sun Feb 23 20:08:57 2025 Harry (Blue) [Headshot] regice202 (Red)
Sun Feb 23 20:08:59 2025 Yarleybr (Red) [Headshot] CYBINT (Blue)
Sun Feb 23 20:09:13 2025 [Global] Deuce (): red should build some walls under this tower
Sun Feb 23 20:09:20 2025 Harry (Blue) [Melee] Apollo68 (Red)
Sun Feb 23 20:09:20 2025 DunberK (Red) [Melee] Harry (Blue)
Sun Feb 23 20:09:21 2025 regice202 (Red) [Melee] Max-Kill (Blue)
Sun Feb 23 20:09:21 2025  This server runs imger and glow. Use /IMG or /GLOW to toggle them.
Sun Feb 23 20:09:25 2025 elgord0tet0n (Red) [Fall]
Sun Feb 23 20:09:27 2025 CadNah (Blue) [Headshot] regice202 (Red)
Sun Feb 23 20:09:41 2025 [Global] Y.O.B.A. (): connect these 2 palms
Sun Feb 23 20:09:48 2025 [Global] regice202 (Red): hey naja
Sun Feb 23 20:09:49 2025 Yarleybr (Red) [Fall]
Sun Feb 23 20:09:50 2025 Harry (Blue) [Headshot] Apollo68 (Red)
Sun Feb 23 20:09:55 2025 Yarleybr (Red) [Weapon Change]
Sun Feb 23 20:09:59 2025 Max-Kill (Blue) [Headshot] regice202 (Red)
Sun Feb 23 20:10:11 2025 coik picked up Blue's Intel.
Sun Feb 23 20:10:11 2025 regice202 (Red) [Grenade] Max-Kill (Blue)
Sun Feb 23 20:10:16 2025 DunberK (Red) [Headshot] vivian<3 (Blue)
Sun Feb 23 20:10:21 2025  Use /EMOTE to draw an emote on the map!
Sun Feb 23 20:10:25 2025 DunberK (Red) [Melee] Harry (Blue)
Sun Feb 23 20:10:38 2025 DunberK (Red) [Grenade]
Sun Feb 23 20:10:39 2025 Apollo68 (Red) [Headshot] CadNah (Blue)
Sun Feb 23 20:10:54 2025 Apollo68 (Red) [Headshot] Max-Kill (Blue)
Sun Feb 23 20:10:58 2025 vivian<3 (Blue) [Headshot] Apollo68 (Red)
Sun Feb 23 20:11:01 2025 CadNah (Blue) [Grenade]
Sun Feb 23 20:11:17 2025 coik captured Blue's Intel.
Sun Feb 23 20:11:23 2025  Use /HEAVEN to paint the babel platform!
Sun Feb 23 20:11:27 2025 Max-Kill (Blue) [Headshot] Yarleybr (Red)
Sun Feb 23 20:11:36 2025 Apollo68 (Red) [Rifle] CadNah (Blue)
Sun Feb 23 20:11:43 2025 [Global] CYBINT (Blue): why is this the only gamemode ppl play? its always one sided
Sun Feb 23 20:11:49 2025 regice202 (Red) [Melee] Max-Kill (Blue)
Sun Feb 23 20:11:59 2025 vivian<3 (Blue) [Headshot] DunberK (Red)
Sun Feb 23 20:12:00 2025 [Global] coik (Red): it can be balanced sometimes with 20+ players
Sun Feb 23 20:12:02 2025 coik picked up Blue's Intel.
Sun Feb 23 20:12:06 2025 vivian<3 (Blue) [Headshot] elgord0tet0n (Red)
Sun Feb 23 20:12:16 2025 Yarleybr (Red) [Headshot] Lespays (Blue)
Sun Feb 23 20:12:16 2025 [Global] Deuce (): arena - cs maps and zombie survive - sauerkraut used to be populated too
Sun Feb 23 20:12:18 2025 [Global] CYBINT (Blue): 9 times out of ten it ends 10-0
Sun Feb 23 20:12:21 2025  Get a 20 killstreak and 1 intel capture(s) to unlock /APOC!
Sun Feb 23 20:12:23 2025 [Global] Deuce (): they just dont exist anymoar
Sun Feb 23 20:12:25 2025 coik dropped Blue's Intel
Sun Feb 23 20:12:25 2025  The intel has returned to the heavens
Sun Feb 23 20:12:25 2025 vivian<3 (Blue) [Headshot] coik (Red)
Sun Feb 23 20:12:30 2025 [Global] CYBINT (Blue): i wish ctf were this popular
Sun Feb 23 20:12:32 2025 Alekos (Red) [Headshot] CadNah (Blue)
Sun Feb 23 20:12:33 2025 Harry (Blue) [Headshot] Apollo68 (Red)
Sun Feb 23 20:12:34 2025 Harry (Blue) [Headshot] DunberK (Red)
Sun Feb 23 20:12:35 2025 Harry (Blue) [Headshot] Alekos (Red)
Sun Feb 23 20:12:44 2025 CYBINT (Blue) [Headshot] elgord0tet0n (Red)
Sun Feb 23 20:12:44 2025 Player Lespays has left
Sun Feb 23 20:12:46 2025 vivian<3 (Blue) [Headshot] coik (Red)
Sun Feb 23 20:12:50 2025 [Global] CYBINT (Blue): more ways to tunnel and sneak around map
Sun Feb 23 20:12:51 2025 Yarleybr (Red) [SMG] Harry (Blue)
Sun Feb 23 20:12:55 2025 regice202 (Red) [Rifle] Max-Kill (Blue)
Sun Feb 23 20:12:58 2025 [Global] Deuce (): Zhaba had a wave 4 months ago
Sun Feb 23 20:13:00 2025 CYBINT (Blue) [Headshot] DunberK (Red)
Sun Feb 23 20:13:01 2025 CYBINT (Blue) [Headshot] Apollo68 (Red)
Sun Feb 23 20:13:05 2025 [Global] Deuce (): they even opened a 2nd server
Sun Feb 23 20:13:10 2025 coik (Red) [Headshot] vivian<3 (Blue)
Sun Feb 23 20:13:13 2025 Player elgord0tet0n has left
Sun Feb 23 20:13:20 2025 Alekos (Red) [Headshot] CYBINT (Blue)
Sun Feb 23 20:13:20 2025 [Global] Y.O.B.A. (): coz they called ppl from 2ch
Sun Feb 23 20:13:21 2025  Capture your team's 5th intel to unlock /APOC for your team's best builder!
Sun Feb 23 20:13:23 2025 coik picked up Blue's Intel.
Sun Feb 23 20:13:23 2025 CadNah (Blue) [Headshot] Alekos (Red)
Sun Feb 23 20:13:28 2025 Max-Kill (Blue) [Headshot] regice202 (Red)
Sun Feb 23 20:13:42 2025 Yarleybr (Red) [Headshot] Max-Kill (Blue)
Sun Feb 23 20:13:45 2025 [Global] Y.O.B.A. (): but ppl was a kids and when schools opened after summer...
Sun Feb 23 20:13:49 2025 coik captured Blue's Intel.
Sun Feb 23 20:13:56 2025 Yarleybr (Red) [SMG] CYBINT (Blue)
Sun Feb 23 20:13:58 2025 [Global] Deuce (): hm
Sun Feb 23 20:13:59 2025 cronos gamer yt joined Red team
Sun Feb 23 20:14:06 2025 Den joined Blue team
Sun Feb 23 20:14:11 2025 vivian<3 (Blue) [Headshot] coik (Red)
Sun Feb 23 20:14:13 2025 [Global] Deuce (): anyway, what ruins ctfs imo are the mines and squads
Sun Feb 23 20:14:17 2025 Harry (Blue) [Headshot] Yarleybr (Red)
Sun Feb 23 20:14:19 2025 [Global] Deuce (): sometymes the maps
Sun Feb 23 20:14:21 2025  Mahalo for playing aloha.pk tower of babel
Sun Feb 23 20:14:28 2025 [Global] CYBINT (Blue): agree on mines
Sun Feb 23 20:14:33 2025 [Global] Deuce (): god, i hate hallway, why people like it?
Sun Feb 23 20:14:35 2025 regice202 (Red) [Melee] Max-Kill (Blue)
Sun Feb 23 20:14:37 2025 vivian<3 (Blue) [Headshot] coik (Red)
Sun Feb 23 20:14:45 2025 coik (Red) [Headshot] CadNah (Blue)
Sun Feb 23 20:14:53 2025 [Global] Y.O.B.A. (): DIGG :D
Sun Feb 23 20:14:53 2025 Den (Blue) [Headshot] Apollo68 (Red)
Sun Feb 23 20:14:59 2025 [Global] Y.O.B.A. (): thats why
Sun Feb 23 20:15:11 2025 [Global] CYBINT (Blue): i like the old default map w mountains
Sun Feb 23 20:15:12 2025 [Global] Deuce (): its build'n'shoot, not dig'n'shoot B(
Sun Feb 23 20:15:15 2025 OPDawg303 joined Blue team
Sun Feb 23 20:15:18 2025 Apollo68 (Red) [Headshot] Max-Kill (Blue)
Sun Feb 23 20:15:19 2025 [Global] Deuce (): classicgen?
Sun Feb 23 20:15:20 2025 [Global] Y.O.B.A. (): :))
Sun Feb 23 20:15:20 2025 coik picked up Blue's Intel.
Sun Feb 23 20:15:20 2025 owlcbyx joined Red team
Sun Feb 23 20:15:21 2025  Build a tower to get the enemy's intel. Take it to your team's tent to win!
Sun Feb 23 20:15:22 2025 vivian<3 (Blue) [Headshot] cronos gamer yt (Red)
Sun Feb 23 20:15:23 2025 [Global] CYBINT (Blue): yes
Sun Feb 23 20:15:26 2025 vivian<3 (Blue) [Melee] regice202 (Red)
Sun Feb 23 20:15:28 2025 [Global] regice202 (Red): DAMN
Sun Feb 23 20:15:31 2025 [Global] regice202 (Red): gf viv
Sun Feb 23 20:15:31 2025 coik dropped Blue's Intel
Sun Feb 23 20:15:31 2025  The intel has returned to the heavens
Sun Feb 23 20:15:31 2025 Den (Blue) [Rifle] coik (Red)
Sun Feb 23 20:15:31 2025 [Global] CYBINT (Blue): more room to play around
Sun Feb 23 20:15:34 2025 Den (Blue) [Headshot] DunberK (Red)
Sun Feb 23 20:15:36 2025 Den (Blue) [Headshot] Apollo68 (Red)
Sun Feb 23 20:15:37 2025 [Global] regice202 (Red): very honorable
Sun Feb 23 20:15:38 2025 vivian<3 (Blue) [Grenade] Alekos (Red)
Sun Feb 23 20:15:41 2025 [Global] Deuce (): i like the one w bridges for ctf - i cant even remember the name
Sun Feb 23 20:15:41 2025 cronos gamer yt (Red) [Fall]
Sun Feb 23 20:15:42 2025 coik (Red) [Headshot] vivian<3 (Blue)
Sun Feb 23 20:15:45 2025 [Global] CYBINT (Blue): all these maps are head 2 head feels fights 
Sun Feb 23 20:15:50 2025 owlcbyx (Red) [Headshot] Den (Blue)
Sun Feb 23 20:15:50 2025 [Global] Deuce (): i dont really like ctf, i liked tdm
Sun Feb 23 20:15:54 2025 [Global] Deuce (): tdm and arena
Sun Feb 23 20:15:54 2025 regice202 (Red) [Headshot] Max-Kill (Blue)
Sun Feb 23 20:15:55 2025 CYBINT (Blue) [Rifle] coik (Red)
Sun Feb 23 20:15:56 2025 owlcbyx (Red) [Fall]
Sun Feb 23 20:16:01 2025 CYBINT (Blue) [Headshot] regice202 (Red)
Sun Feb 23 20:16:05 2025 CYBINT (Blue) [Rifle] Apollo68 (Red)
Sun Feb 23 20:16:11 2025 regice202 (Red) [Rifle] CYBINT (Blue)
Sun Feb 23 20:16:12 2025 [Global] Y.O.B.A. (): rip half of tower
Sun Feb 23 20:16:13 2025  Harry has reached 1000 blocks placed! /heaven unlocked.
Sun Feb 23 20:16:13 2025 Type /heavenlist to view available images. /heaven <name> to confirm.
Sun Feb 23 20:16:13 2025 Want your country's flag instead? Type /heaven country (or any alpha-2 code)
Sun Feb 23 20:16:15 2025 Yarleybr (Red) [Rifle] Harry (Blue)
Sun Feb 23 20:16:19 2025 DunberK (Red) [Rifle] CadNah (Blue)
Sun Feb 23 20:16:20 2025 vivian<3 (Blue) [Headshot] DunberK (Red)
Sun Feb 23 20:16:21 2025  Type /HELP for info & commands
Sun Feb 23 20:16:22 2025 regice202 (Red) [Headshot] vivian<3 (Blue)
Sun Feb 23 20:16:26 2025 owlcbyx (Red) [Headshot] Max-Kill (Blue)
Sun Feb 23 20:16:30 2025 Yarleybr (Red) [Headshot] Den (Blue)
Sun Feb 23 20:16:33 2025 owlcbyx (Red) [Headshot] OPDawg303 (Blue)
Sun Feb 23 20:16:33 2025 CYBINT (Blue) [Headshot] owlcbyx (Red)
Sun Feb 23 20:16:50 2025 Yarleybr (Red) [Headshot] vivian<3 (Blue)
Sun Feb 23 20:17:02 2025 regice202 (Red) [Headshot] CYBINT (Blue)
Sun Feb 23 20:17:04 2025 Apollo68 (Red) [Rifle] OPDawg303 (Blue)
Sun Feb 23 20:17:04 2025 Max-Kill (Blue) [Headshot] owlcbyx (Red)
Sun Feb 23 20:17:04 2025 Yarleybr (Red) [Headshot] CadNah (Blue)
Sun Feb 23 20:17:05 2025 Den (Blue) [Headshot] Yarleybr (Red)
Sun Feb 23 20:17:10 2025 regice202 (Red) [Headshot] Harry (Blue)
Sun Feb 23 20:17:15 2025 regice202 (Red) [Headshot] Den (Blue)
Sun Feb 23 20:17:21 2025  Visit our community forums at https://aloha.pk/
Sun Feb 23 20:17:26 2025 owlcbyx (Red) [Headshot] Max-Kill (Blue)
Sun Feb 23 20:17:28 2025 CYBINT (Blue) [Rifle] Apollo68 (Red)
Sun Feb 23 20:17:39 2025 [Global] Y.O.B.A. (): i liked battlebots server with normandies maps it was cool
Sun Feb 23 20:17:52 2025 cronos gamer yt picked up Blue's Intel.
Sun Feb 23 20:17:55 2025 Yarleybr (Red) [Headshot] vivian<3 (Blue)
Sun Feb 23 20:17:59 2025 Max-Kill (Blue) [SMG] Apollo68 (Red)
Sun Feb 23 20:18:01 2025 [Global] Y.O.B.A. (): just to relax
Sun Feb 23 20:18:05 2025 [Global] Deuce (): where is/was that?
Sun Feb 23 20:18:09 2025 owlcbyx (Red) [Headshot] CadNah (Blue)
Sun Feb 23 20:18:14 2025 owlcbyx (Red) [Rifle] vivian<3 (Blue)
Sun Feb 23 20:18:18 2025 owlcbyx (Red) [Headshot] CadNah (Blue)
Sun Feb 23 20:18:21 2025  Come chat with us at https://discord.aloha.pk/
Sun Feb 23 20:18:26 2025 regice202 (Red) [Grenade] Max-Kill (Blue)
Sun Feb 23 20:18:29 2025 [Global] Y.O.B.A. (): with powers, bots u know
Sun Feb 23 20:18:31 2025 Yarleybr (Red) [Fall]
Sun Feb 23 20:18:35 2025 coik (Red) [Fall]
Sun Feb 23 20:18:37 2025 Apollo68 (Red) [Headshot] Den (Blue)
Sun Feb 23 20:18:38 2025 cronos gamer yt dropped Blue's Intel
Sun Feb 23 20:18:38 2025 Harry (Blue) [Headshot] cronos gamer yt (Red)
Sun Feb 23 20:18:45 2025 Max-Kill (Blue) [Headshot] owlcbyx (Red)
Sun Feb 23 20:18:46 2025 OPDawg303 (Blue) [Headshot] regice202 (Red)
Sun Feb 23 20:18:48 2025 [Global] Deuce (): w bots? normandie?
Sun Feb 23 20:19:05 2025 [Global] Y.O.B.A. (): all of thems WWII maps
Sun Feb 23 20:19:07 2025 regice202 (Red) [Rifle] CYBINT (Blue)
Sun Feb 23 20:19:10 2025 owlcbyx (Red) [Headshot] Max-Kill (Blue)
Sun Feb 23 20:19:12 2025 OPDawg303 (Blue) [SMG] owlcbyx (Red)
Sun Feb 23 20:19:12 2025 Den (Blue) [Headshot] Alekos (Red)
Sun Feb 23 20:19:14 2025 regice202 (Red) [Headshot] OPDawg303 (Blue)
Sun Feb 23 20:19:17 2025 Yarleybr (Red) [Headshot] Den (Blue)
Sun Feb 23 20:19:19 2025 [Global] Y.O.B.A. (): and another ofc
Sun Feb 23 20:19:21 2025  If you believe a player is breaking the rules, please let us know with /ADMIN
Sun Feb 23 20:19:28 2025 CYBINT (Blue) [Headshot] DunberK (Red)
Sun Feb 23 20:19:32 2025 [Global] Deuce (): i liked the japanese server, it was somethin like ANAL OMAHA BEACH
Sun Feb 23 20:19:35 2025 Max-Kill (Blue) [Headshot] cronos gamer yt (Red)
Sun Feb 23 20:19:47 2025 [Global] Deuce (): had a script w workin machine guns in some bunkers
Sun Feb 23 20:19:51 2025 [Global] Y.O.B.A. (): lel dat map name
Sun Feb 23 20:19:56 2025 owlcbyx (Red) [Headshot] Den (Blue)
Sun Feb 23 20:19:59 2025 [Global] Y.O.B.A. (): wow thats cool
Sun Feb 23 20:20:02 2025 [Global] Deuce (): was the server name
Sun Feb 23 20:20:03 2025 Yarleybr (Red) [Headshot] CYBINT (Blue)
Sun Feb 23 20:20:07 2025 OPDawg303 (Blue) [Headshot] Apollo68 (Red)
Sun Feb 23 20:20:08 2025 Max-Kill (Blue) [Headshot] cronos gamer yt (Red)
Sun Feb 23 20:20:14 2025 Max-Kill (Blue) [SMG] regice202 (Red)
Sun Feb 23 20:20:21 2025  This server runs imger and glow. Use /IMG or /GLOW to toggle them.
Sun Feb 23 20:20:24 2025 owlcbyx (Red) [Headshot] Den (Blue)
Sun Feb 23 20:20:25 2025 Apollo68 (Red) [Headshot] Max-Kill (Blue)
Sun Feb 23 20:20:37 2025 [Global] Deuce (): i think anal in this case refers to..
Sun Feb 23 20:20:38 2025 vivian<3 (Blue) [Headshot] DunberK (Red)
Sun Feb 23 20:20:40 2025 CYBINT (Blue) [Rifle] Apollo68 (Red)
Sun Feb 23 20:20:44 2025 Harry (Blue) [Headshot] cronos gamer yt (Red)
Sun Feb 23 20:20:49 2025 vivian<3 (Blue) [Headshot] regice202 (Red)
Sun Feb 23 20:20:53 2025 [Global] Y.O.B.A. (): an all
Sun Feb 23 20:20:57 2025 [Global] Deuce (): wtf, i dont know, but im sure its not bout ass
Sun Feb 23 20:21:01 2025 Yarleybr (Red) [Headshot] CYBINT (Blue)
Sun Feb 23 20:21:03 2025 CadNah (Blue) [Fall]
Sun Feb 23 20:21:08 2025 Marshmello joined Red team
Sun Feb 23 20:21:11 2025 DunberK (Red) [Rifle] vivian<3 (Blue)
Sun Feb 23 20:21:13 2025 cronos gamer yt (Red) [Fall]
Sun Feb 23 20:21:19 2025 Greasyhamster joined Blue team
Sun Feb 23 20:21:21 2025  Use /EMOTE to draw an emote on the map!
Sun Feb 23 20:21:22 2025 [Global] Deuce (): maybe it was misspelled annals
Sun Feb 23 20:21:29 2025 CYBINT (Blue) [Headshot] DunberK (Red)
Sun Feb 23 20:21:32 2025 Apollo68 (Red) [Headshot] Greasyhamster (Blue)
Sun Feb 23 20:21:37 2025 [Global] Deuce (): or somethin in japanese, idk
Sun Feb 23 20:21:43 2025 Apollo68 (Red) [Headshot] OPDawg303 (Blue)
Sun Feb 23 20:21:45 2025 [Global] Marshmello (Red): hey Deuce
Sun Feb 23 20:21:45 2025 vivian<3 (Blue) [Headshot] Yarleybr (Red)
Sun Feb 23 20:21:46 2025 [Global] Y.O.B.A. (): hehe mb
Sun Feb 23 20:21:47 2025 Apollo68 (Red) [Rifle] CadNah (Blue)
Sun Feb 23 20:21:50 2025 Max-Kill picked up Red's Intel.
Sun Feb 23 20:21:51 2025 CYBINT (Blue) [Headshot] DunberK (Red)
Sun Feb 23 20:21:52 2025 [Global] Deuce (): hey Marsh'
Sun Feb 23 20:21:59 2025 Max-Kill (Blue) [Grenade] Apollo68 (Red)
Sun Feb 23 20:22:08 2025 coik (Red) [Headshot] Greasyhamster (Blue)
Sun Feb 23 20:22:09 2025 [Team] CadNah (Blue): how get intel
Sun Feb 23 20:22:12 2025 Yarleybr (Red) [Rifle] vivian<3 (Blue)
Sun Feb 23 20:22:18 2025 Max-Kill captured Red's Intel.
Sun Feb 23 20:22:23 2025  Use /HEAVEN to paint the babel platform!
Sun Feb 23 20:22:28 2025 CYBINT (Blue) [Headshot] Yarleybr (Red)
Sun Feb 23 20:22:28 2025 owlcbyx (Red) [Headshot] OPDawg303 (Blue)
Sun Feb 23 20:22:28 2025 coik picked up Blue's Intel.
Sun Feb 23 20:22:32 2025 vivian<3 (Blue) [Headshot] owlcbyx (Red)
Sun Feb 23 20:22:42 2025 Harry (Blue) [Headshot] cronos gamer yt (Red)
Sun Feb 23 20:22:49 2025 CYBINT (Blue) [Rifle] Apollo68 (Red)
Sun Feb 23 20:22:53 2025 coik captured Blue's Intel.
Sun Feb 23 20:23:02 2025 Greasyhamster (Blue) [Headshot] Marshmello (Red)
Sun Feb 23 20:23:07 2025 Greasyhamster (Blue) [Headshot] Alekos (Red)
Sun Feb 23 20:23:08 2025 Greasyhamster (Blue) [Headshot] Marshmello (Red)
Sun Feb 23 20:23:10 2025 Greasyhamster (Blue) [SMG] owlcbyx (Red)
Sun Feb 23 20:23:12 2025 CadNah picked up Red's Intel.
Sun Feb 23 20:23:13 2025 Max-Kill (Blue) [Melee] coik (Red)
Sun Feb 23 20:23:14 2025 [Global] vivian<3 (Blue): gj den
Sun Feb 23 20:23:14 2025 Max-Kill (Blue) [Melee] cronos gamer yt (Red)
Sun Feb 23 20:23:16 2025 owlcbyx (Red) [Headshot] Den (Blue)
Sun Feb 23 20:23:17 2025 CYBINT (Blue) [Headshot] Apollo68 (Red)
Sun Feb 23 20:23:21 2025  Get a 20 killstreak and 1 intel capture(s) to unlock /APOC!
Sun Feb 23 20:23:22 2025 coik (Red) [SMG] Max-Kill (Blue)
Sun Feb 23 20:23:30 2025 CadNah dropped Red's Intel
Sun Feb 23 20:23:30 2025  The intel has returned to the heavens
Sun Feb 23 20:23:30 2025 CadNah (Blue) [Fall]
Sun Feb 23 20:23:31 2025 Greasyhamster (Blue) [Headshot] coik (Red)
Sun Feb 23 20:23:33 2025 Greasyhamster (Blue) [Headshot] Apollo68 (Red)
Sun Feb 23 20:23:34 2025 owlcbyx (Red) [Headshot] vivian<3 (Blue)
Sun Feb 23 20:23:35 2025 Greasyhamster (Blue) [Headshot] Alekos (Red)
Sun Feb 23 20:23:41 2025 DunberK (Red) [Rifle] Harry (Blue)
Sun Feb 23 20:23:41 2025 owlcbyx (Red) [Headshot] CYBINT (Blue)
Sun Feb 23 20:23:44 2025 Greasyhamster (Blue) [Headshot] cronos gamer yt (Red)
Sun Feb 23 20:23:52 2025 Max-Kill picked up Red's Intel.
Sun Feb 23 20:23:53 2025 Greasyhamster (Blue) [Headshot] Apollo68 (Red)
Sun Feb 23 20:23:56 2025 Greasyhamster (Blue) [SMG] coik (Red)
Sun Feb 23 20:23:57 2025 Den (Blue) [Rifle] owlcbyx (Red)
Sun Feb 23 20:23:59 2025 cronos gamer yt (Red) [Headshot] Greasyhamster (Blue)
Sun Feb 23 20:24:03 2025 Max-Kill dropped Red's Intel
Sun Feb 23 20:24:03 2025 regice202 (Red) [Headshot] Max-Kill (Blue)
Sun Feb 23 20:24:11 2025 Greasyhamster (Blue) [Headshot] DunberK (Red)
Sun Feb 23 20:24:21 2025  Capture your team's 5th intel to unlock /APOC for your team's best builder!
Sun Feb 23 20:24:23 2025 Greasyhamster (Blue) [Headshot] Apollo68 (Red)
Sun Feb 23 20:24:35 2025 Greasyhamster (Blue) [Headshot] cronos gamer yt (Red)
Sun Feb 23 20:24:41 2025 Max-Kill (Blue) [SMG] coik (Red)
Sun Feb 23 20:24:43 2025 owlcbyx (Red) [Fall]
Sun Feb 23 20:24:43 2025 DunberK (Red) [Headshot] Greasyhamster (Blue)
Sun Feb 23 20:24:45 2025 regice202 (Red) [Headshot] Max-Kill (Blue)
Sun Feb 23 20:24:45 2025 Yarleybr (Red) [Headshot] vivian<3 (Blue)
Sun Feb 23 20:24:48 2025 CYBINT (Blue) [Headshot] Apollo68 (Red)
Sun Feb 23 20:24:59 2025 Yarleybr (Red) [Headshot] vivian<3 (Blue)
Sun Feb 23 20:25:12 2025 Max-Kill (Blue) [SMG] cronos gamer yt (Red)
Sun Feb 23 20:25:14 2025 Den (Blue) [Rifle] regice202 (Red)
Sun Feb 23 20:25:17 2025 owlcbyx (Red) [Headshot] Den (Blue)
Sun Feb 23 20:25:18 2025 DunberK (Red) [Rifle] vivian<3 (Blue)
Sun Feb 23 20:25:21 2025  Mahalo for playing aloha.pk tower of babel
Sun Feb 23 20:25:22 2025 coik (Red) [Fall]
Sun Feb 23 20:25:24 2025 Greasyhamster (Blue) [SMG] owlcbyx (Red)
Sun Feb 23 20:25:25 2025 Yarleybr (Red) [Headshot] CadNah (Blue)
Sun Feb 23 20:25:27 2025 Max-Kill picked up Red's Intel.
Sun Feb 23 20:25:38 2025 Yarleybr (Red) [Headshot] vivian<3 (Blue)
Sun Feb 23 20:25:39 2025 owlcbyx (Red) [Headshot] Greasyhamster (Blue)
Sun Feb 23 20:25:41 2025 Yarleybr (Red) [Headshot] Den (Blue)
Sun Feb 23 20:25:43 2025 CYBINT (Blue) [Headshot] owlcbyx (Red)
Sun Feb 23 20:25:49 2025 CYBINT (Blue) [Rifle] cronos gamer yt (Red)
Sun Feb 23 20:25:51 2025 [Team] vivian<3 (Blue): save tower
Sun Feb 23 20:25:54 2025 [Team] vivian<3 (Blue): !!
Sun Feb 23 20:25:55 2025 Greasyhamster (Blue) [SMG] Apollo68 (Red)
Sun Feb 23 20:26:01 2025 Max-Kill dropped Red's Intel
Sun Feb 23 20:26:01 2025  The intel has returned to the heavens
Sun Feb 23 20:26:01 2025 Yarleybr (Red) [Rifle] Max-Kill (Blue)
Sun Feb 23 20:26:03 2025 DunberK (Red) [Headshot] vivian<3 (Blue)
Sun Feb 23 20:26:06 2025 coik picked up Blue's Intel.
Sun Feb 23 20:26:06 2025 Den (Blue) [Headshot] Yarleybr (Red)
Sun Feb 23 20:26:08 2025 [Team] vivian<3 (Blue): save tower
Sun Feb 23 20:26:17 2025 Greasyhamster (Blue) [Headshot] DunberK (Red)
Sun Feb 23 20:26:21 2025 regice202 (Red) [Headshot] Harry (Blue)
Sun Feb 23 20:26:21 2025  Build a tower to get the enemy's intel. Take it to your team's tent to win!
Sun Feb 23 20:26:32 2025 CadNah (Blue) [Rifle] Marshmello (Red)
Sun Feb 23 20:26:33 2025 Greasyhamster (Blue) [Headshot] Yarleybr (Red)
Sun Feb 23 20:26:35 2025 owlcbyx (Red) [Headshot] Den (Blue)
Sun Feb 23 20:26:36 2025 coik captured Blue's Intel.
Sun Feb 23 20:26:41 2025 Player Marshmello has left
Sun Feb 23 20:26:43 2025 You must be closer to the enemy's base to grenade blocks!
Sun Feb 23 20:26:43 2025 owlcbyx (Red) [Headshot] OPDawg303 (Blue)
Sun Feb 23 20:26:43 2025 regice202 picked up Blue's Intel.
Sun Feb 23 20:26:44 2025 You must be closer to the enemy's base to grenade blocks!
Sun Feb 23 20:26:45 2025 You must be closer to the enemy's base to grenade blocks!
Sun Feb 23 20:26:47 2025 Yarleybr (Red) [Headshot] Greasyhamster (Blue)
Sun Feb 23 20:26:47 2025 regice202 (Red) [Headshot] Harry (Blue)
Sun Feb 23 20:26:51 2025 CYBINT (Blue) [Rifle] Yarleybr (Red)
Sun Feb 23 20:26:53 2025 Player Greasyhamster has left
Sun Feb 23 20:26:57 2025 Den (Blue) [SMG] owlcbyx (Red)
Sun Feb 23 20:26:59 2025 Den (Blue) [SMG] cronos gamer yt (Red)
Sun Feb 23 20:27:04 2025 coik (Red) [SMG] Max-Kill (Blue)
Sun Feb 23 20:27:04 2025 Marshmello joined Red team
Sun Feb 23 20:27:06 2025 Den (Blue) [SMG] coik (Red)
Sun Feb 23 20:27:14 2025  With 2282 blocks placed, coik is granted the right to unleash the apocalypse.
Sun Feb 23 20:27:14 2025 regice202 captured Blue's Intel.
Sun Feb 23 20:27:16 2025 CadNah (Blue) [Headshot] Marshmello (Red)
Sun Feb 23 20:27:19 2025  coik has unleashed an apocalypse from God.
Sun Feb 23 20:27:25 2025  Type /HELP for info & commands
Sun Feb 23 20:27:25 2025  The apocalypse begins in 5
Sun Feb 23 20:27:25 2025 OPDawg303 picked up Red's Intel.
Sun Feb 23 20:27:25 2025 Den (Blue) [SMG] Yarleybr (Red)
Sun Feb 23 20:27:25 2025  The apocalypse begins in 4
Sun Feb 23 20:27:25 2025  The apocalypse begins in 3
Sun Feb 23 20:27:25 2025  The apocalypse begins in 2
Sun Feb 23 20:27:25 2025 You must be closer to the enemy's base to grenade blocks!
Sun Feb 23 20:27:25 2025  The apocalypse begins in 1
Sun Feb 23 20:27:26 2025 You must be closer to the enemy's base to grenade blocks!
Sun Feb 23 20:27:28 2025 coik (Red) [Grenade] CadNah (Blue)
Sun Feb 23 20:27:32 2025 Harry (Blue) [Headshot] owlcbyx (Red)
Sun Feb 23 20:27:39 2025 regice202 (Red) [Headshot] Harry (Blue)
Sun Feb 23 20:27:39 2025 Den (Blue) [SMG] regice202 (Red)
Sun Feb 23 20:27:39 2025 coik (Red) [Grenade] CYBINT (Blue)
Sun Feb 23 20:27:39 2025 coik (Red) [Grenade] vivian<3 (Blue)
Sun Feb 23 20:27:40 2025 coik (Red) [SMG] Den (Blue)
Sun Feb 23 20:27:42 2025 Player vivian<3 has left
Sun Feb 23 20:27:42 2025  The apocalypse has ended.
Sun Feb 23 20:27:43 2025 Max-Kill (Blue) [SMG] coik (Red)
Sun Feb 23 20:27:55 2025 [Global] Deuce (): Marsh', ur so sweet
Sun Feb 23 20:27:59 2025 OPDawg303 captured Red's Intel.
Sun Feb 23 20:28:02 2025 Den (Blue) [Headshot] DunberK (Red)
Sun Feb 23 20:28:03 2025 owlcbyx (Red) [Fall]
Sun Feb 23 20:28:09 2025 Yarleybr (Red) [Headshot] Den (Blue)
Sun Feb 23 20:28:10 2025 Yarleybr (Red) [Rifle] Harry (Blue)
Sun Feb 23 20:28:11 2025 Apollo68 (Red) [Headshot] OPDawg303 (Blue)
Sun Feb 23 20:28:13 2025 [Global] Marshmello (Red): thanks Deuce :p
Sun Feb 23 20:28:13 2025 Apollo68 (Red) [Headshot] CadNah (Blue)
Sun Feb 23 20:28:15 2025 OPDawg303 (Blue) [Headshot] Apollo68 (Red)
Sun Feb 23 20:28:17 2025 regice202 (Red) [Fall]
Sun Feb 23 20:28:18 2025 CYBINT (Blue) [Rifle] coik (Red)
Sun Feb 23 20:28:21 2025  Visit our community forums at https://aloha.pk/
Sun Feb 23 20:28:28 2025  cronos gamer yt was kicked: Rapid hack detected
Sun Feb 23 20:28:28 2025 Player cronos gamer yt has left
Sun Feb 23 20:28:29 2025 [Global] Deuce (): ur not supposed to say that
Sun Feb 23 20:28:30 2025 CYBINT (Blue) [Grenade] DunberK (Red)
Sun Feb 23 20:28:33 2025 Yarleybr (Red) [Headshot] CadNah (Blue)
Sun Feb 23 20:28:38 2025 Yarleybr (Red) [Headshot] OPDawg303 (Blue)
Sun Feb 23 20:28:39 2025 [Global] Marshmello (Red): thats gay asf
Sun Feb 23 20:28:43 2025 Den (Blue) [SMG] Yarleybr (Red)
Sun Feb 23 20:28:47 2025 [Global] Deuce (): looks better
Sun Feb 23 20:28:49 2025 coik (Red) [Headshot] Harry (Blue)
Sun Feb 23 20:28:53 2025 [Global] Marshmello (Red): yes
Sun Feb 23 20:28:53 2025 Apollo68 (Red) [Headshot] CYBINT (Blue)
Sun Feb 23 20:28:58 2025 regice202 (Red) [Headshot] Max-Kill (Blue)
Sun Feb 23 20:28:59 2025 coik (Red) [Fall]
Sun Feb 23 20:29:02 2025 Apollo68 (Red) [Headshot] Den (Blue)
Sun Feb 23 20:29:05 2025 CadNah (Blue) [Fall]
Sun Feb 23 20:29:17 2025 Harry (Blue) [Headshot] Apollo68 (Red)
Sun Feb 23 20:29:21 2025  Come chat with us at https://discord.aloha.pk/
Sun Feb 23 20:29:28 2025 Max-Kill picked up Red's Intel.
Sun Feb 23 20:29:28 2025 coik (Red) [Headshot] OPDawg303 (Blue)
Sun Feb 23 20:29:39 2025 Yarleybr (Red) [Headshot] CYBINT (Blue)
Sun Feb 23 20:29:56 2025 Den (Blue) [SMG] regice202 (Red)
Sun Feb 23 20:29:56 2025 Max-Kill captured Red's Intel.
Sun Feb 23 20:29:58 2025 Harry (Blue) [Headshot] owlcbyx (Red)
Sun Feb 23 20:30:00 2025 Den (Blue) [Headshot] coik (Red)
Sun Feb 23 20:30:02 2025 Y.O.B.A. joined Blue team
Sun Feb 23 20:30:07 2025 CadNah picked up Red's Intel.
Sun Feb 23 20:30:07 2025 Deuce joined Red team
Sun Feb 23 20:30:12 2025 Y.O.B.A. (Blue) [Team Change]
Sun Feb 23 20:30:13 2025 Y.O.B.A. joined Spectator team
Sun Feb 23 20:30:14 2025 Yarleybr (Red) [Fall]
Sun Feb 23 20:30:16 2025 Den (Blue) [Headshot] regice202 (Red)
Sun Feb 23 20:30:21 2025  If you believe a player is breaking the rules, please let us know with /ADMIN
Sun Feb 23 20:30:25 2025 CadNah dropped Red's Intel
Sun Feb 23 20:30:25 2025  The intel has returned to the heavens
Sun Feb 23 20:30:25 2025 CadNah (Blue) [Fall]
Sun Feb 23 20:30:28 2025 Player coik has left
Sun Feb 23 20:30:32 2025 Den (Blue) [SMG] owlcbyx (Red)
Sun Feb 23 20:30:34 2025 DunberK (Red) [Fall]
Sun Feb 23 20:30:35 2025 Den (Blue) [SMG] Marshmello (Red)
Sun Feb 23 20:30:35 2025 Yarleybr (Red) [Rifle] Den (Blue)
Sun Feb 23 20:30:38 2025 Max-Kill picked up Red's Intel.
Sun Feb 23 20:30:42 2025 Max-Kill (Blue) [Grenade] owlcbyx (Red)
Sun Feb 23 20:30:58 2025 Y.O.B.A. joined Blue team
Sun Feb 23 20:31:11 2025 Max-Kill captured Red's Intel.
Sun Feb 23 20:31:13 2025 Deuce (Red) [SMG] OPDawg303 (Blue)
Sun Feb 23 20:31:14 2025 Den (Blue) [Headshot] Yarleybr (Red)
Sun Feb 23 20:31:21 2025 Harry (Blue) [Headshot] DunberK (Red)
Sun Feb 23 20:31:21 2025  This server runs imger and glow. Use /IMG or /GLOW to toggle them.
Sun Feb 23 20:31:27 2025 Den picked up Red's Intel.
Sun Feb 23 20:31:40 2025 Max-Kill (Blue) [Grenade] Marshmello (Red)
Sun Feb 23 20:31:41 2025 Harry (Blue) [Fall]
Sun Feb 23 20:31:44 2025 Max-Kill (Blue) [Headshot] owlcbyx (Red)
Sun Feb 23 20:31:48 2025 Yarleybr (Red) [Headshot] Max-Kill (Blue)
Sun Feb 23 20:31:52 2025  With 2153 blocks placed, Harry is granted the right to unleash the apocalypse.
Sun Feb 23 20:31:52 2025 God has given you the right to unleash the apocalypse.
Sun Feb 23 20:31:52 2025 Use /APOC to unleash the apocalypse.
Sun Feb 23 20:31:52 2025 Den captured Red's Intel.
Sun Feb 23 20:32:04 2025 owlcbyx (Red) [Headshot] OPDawg303 (Blue)
Sun Feb 23 20:32:05 2025 Use /APOC to unleash the apocalypse.
Sun Feb 23 20:32:05 2025 Harry (Blue) [Headshot] Deuce (Red)
Sun Feb 23 20:32:09 2025 CYBINT (Blue) [Headshot] DunberK (Red)
Sun Feb 23 20:32:20 2025 CadNah (Blue) [Fall]
Sun Feb 23 20:32:20 2025 Max-Kill picked up Red's Intel.
Sun Feb 23 20:32:21 2025 Den (Blue) [SMG] Yarleybr (Red)
Sun Feb 23 20:32:21 2025  Use /EMOTE to draw an emote on the map!
Sun Feb 23 20:32:29 2025 Den (Blue) [SMG] owlcbyx (Red)
Sun Feb 23 20:32:34 2025 Deuce (Red) [SMG] Den (Blue)
Sun Feb 23 20:32:35 2025 Max-Kill dropped Red's Intel
Sun Feb 23 20:32:35 2025 Deuce (Red) [SMG] Max-Kill (Blue)
Sun Feb 23 20:32:39 2025 Y.O.B.A. picked up Red's Intel.
Sun Feb 23 20:32:41 2025 CYBINT (Blue) [Headshot] Yarleybr (Red)
Sun Feb 23 20:32:42 2025 CYBINT (Blue) [Rifle] Deuce (Red)
Sun Feb 23 20:32:46 2025 Use /APOC to unleash the apocalypse.
Sun Feb 23 20:32:46 2025 Harry (Blue) [Headshot] Apollo68 (Red)
Sun Feb 23 20:32:54 2025 Y.O.B.A. captured Red's Intel.
Sun Feb 23 20:32:57 2025 Max-Kill (Blue) [SMG] DunberK (Red)
Sun Feb 23 20:33:06 2025 DunberK (Red) [Weapon Change]
Sun Feb 23 20:33:06 2025 Max-Kill picked up Red's Intel.
Sun Feb 23 20:33:06 2025 Den (Blue) [SMG] Marshmello (Red)
Sun Feb 23 20:33:08 2025 Apollo68 (Red) [Headshot] OPDawg303 (Blue)
Sun Feb 23 20:33:10 2025 Max-Kill (Blue) [Headshot] owlcbyx (Red)
Sun Feb 23 20:33:21 2025  Use /HEAVEN to paint the babel platform!
Sun Feb 23 20:33:28 2025 Yarleybr (Red) [Headshot] Harry (Blue)
Sun Feb 23 20:33:28 2025 CadNah (Blue) [Rifle] Apollo68 (Red)
Sun Feb 23 20:33:30 2025 Player Alekos has left
Sun Feb 23 20:33:35 2025 Max-Kill captured Red's Intel.
Sun Feb 23 20:33:36 2025 Yarleybr (Red) [Rifle] CadNah (Blue)
Sun Feb 23 20:33:41 2025 Den (Blue) [SMG] DunberK (Red)
Sun Feb 23 20:33:41 2025 CYBINT (Blue) [Headshot] Deuce (Red)
Sun Feb 23 20:33:41 2025 Den picked up Red's Intel.
Sun Feb 23 20:33:51 2025 Y.O.B.A. (Blue) [Grenade] Marshmello (Red)
Sun Feb 23 20:33:52 2025 Yarleybr (Red) [Headshot] OPDawg303 (Blue)
Sun Feb 23 20:34:00 2025 CadNah (Blue) [Rifle] Yarleybr (Red)
Sun Feb 23 20:34:04 2025 Den captured Red's Intel.
Sun Feb 23 20:34:08 2025 CYBINT (Blue) [Rifle] Apollo68 (Red)
Sun Feb 23 20:34:14 2025 owlcbyx (Red) [Grenade]
Sun Feb 23 20:34:16 2025 Player DunberK has left
Sun Feb 23 20:34:18 2025 Player Apollo68 has left
Sun Feb 23 20:34:18 2025 Deuce (Red) [Grenade] Y.O.B.A. (Blue)
Sun Feb 23 20:34:19 2025 Max-Kill (Blue) [Melee] Deuce (Red)
Sun Feb 23 20:34:21 2025  Get a 20 killstreak and 1 intel capture(s) to unlock /APOC!
Sun Feb 23 20:34:23 2025 regice202 (Red) [Rifle] Max-Kill (Blue)
Sun Feb 23 20:34:25 2025 Marshmello (Red) [Headshot] CadNah (Blue)
Sun Feb 23 20:34:27 2025 Yarleybr (Red) [Headshot] OPDawg303 (Blue)
Sun Feb 23 20:34:32 2025 KillerPollo joined Red team
Sun Feb 23 20:34:41 2025 Yarleybr (Red) [Headshot] Max-Kill (Blue)
Sun Feb 23 20:34:42 2025 Den (Blue) [Grenade] Deuce (Red)
Sun Feb 23 20:34:44 2025 You must be closer to the enemy's base to shoot blocks!
Sun Feb 23 20:34:45 2025 Y.O.B.A. (Blue) [Headshot] Yarleybr (Red)
Sun Feb 23 20:34:45 2025 You must be closer to the enemy's base to shoot blocks!
Sun Feb 23 20:34:45 2025 You must be closer to the enemy's base to shoot blocks!
Sun Feb 23 20:34:52 2025 Player Yarleybr has left
Sun Feb 23 20:34:53 2025 KillerPollo (Red) [Grenade] Den (Blue)
Sun Feb 23 20:34:58 2025 Y.O.B.A. picked up Red's Intel.
Sun Feb 23 20:35:02 2025 Y.O.B.A. (Blue) [SMG] KillerPollo (Red)
Sun Feb 23 20:35:11 2025 CYBINT (Blue) [Headshot] owlcbyx (Red)
Sun Feb 23 20:35:15 2025 Den (Blue) [SMG] Marshmello (Red)
Sun Feb 23 20:35:20 2025 Y.O.B.A. captured Red's Intel.
Sun Feb 23 20:35:21 2025  Capture your team's 5th intel to unlock /APOC for your team's best builder!
Sun Feb 23 20:35:25 2025 KillerPollo (Red) [SMG] CYBINT (Blue)
Sun Feb 23 20:35:26 2025 [Global] regice202 (Red): gg
Sun Feb 23 20:35:29 2025 markony joined Spectator team
Sun Feb 23 20:35:30 2025 CadNah (Blue) [Headshot] owlcbyx (Red)
Sun Feb 23 20:35:32 2025 Deuce (Red) [SMG] CadNah (Blue)
Sun Feb 23 20:35:36 2025 KillerPollo (Red) [SMG] Harry (Blue)
Sun Feb 23 20:35:40 2025 OPDawg303 (Blue) [Fall]
Sun Feb 23 20:35:47 2025 Max-Kill picked up Red's Intel.
Sun Feb 23 20:35:49 2025 Max-Kill dropped Red's Intel
Sun Feb 23 20:35:49 2025 Deuce (Red) [Headshot] Max-Kill (Blue)
Sun Feb 23 20:36:08 2025 KillerPollo (Red) [Headshot] Max-Kill (Blue)
Sun Feb 23 20:36:08 2025  Marshmello has reached 1000 blocks placed! /heaven unlocked.
Sun Feb 23 20:36:21 2025 Deuce picked up Blue's Intel.
Sun Feb 23 20:36:21 2025  Mahalo for playing aloha.pk tower of babel
Sun Feb 23 20:36:21 2025 Deuce (Red) [Grenade] CYBINT (Blue)
Sun Feb 23 20:36:27 2025 KillerPollo (Red) [Headshot] Max-Kill (Blue)
Sun Feb 23 20:36:41 2025 Marshmello (Red) [Headshot] CadNah (Blue)
Sun Feb 23 20:36:42 2025 Marshmello (Red) [Headshot] CYBINT (Blue)
Sun Feb 23 20:36:43 2025 Deuce captured Blue's Intel.
Sun Feb 23 20:36:44 2025 [Global] Deuce (Red): yay
Sun Feb 23 20:36:46 2025 [Global] Deuce (Red): im helpin
Sun Feb 23 20:36:47 2025 Den (Blue) [Headshot] KillerPollo (Red)
Sun Feb 23 20:36:48 2025 Marshmello picked up Blue's Intel.
Sun Feb 23 20:37:04 2025 Use /APOC to unleash the apocalypse.
Sun Feb 23 20:37:04 2025 Harry (Blue) [Headshot] KillerPollo (Red)
Sun Feb 23 20:37:11 2025 Use /APOC to unleash the apocalypse.
Sun Feb 23 20:37:11 2025 Harry (Blue) [Rifle] Deuce (Red)
Sun Feb 23 20:37:13 2025 Player OPDawg303 has left
Sun Feb 23 20:37:21 2025  Build a tower to get the enemy's intel. Take it to your team's tent to win!
Sun Feb 23 20:37:23 2025 KillerPollo (Red) [Headshot] Harry (Blue)
Sun Feb 23 20:37:30 2025 regice202 (Red) [Headshot] Max-Kill (Blue)
Sun Feb 23 20:37:34 2025 Den (Blue) [SMG] Deuce (Red)
Sun Feb 23 20:37:42 2025 Den (Blue) [SMG] Deuce (Red)
Sun Feb 23 20:38:06 2025 Use /APOC to unleash the apocalypse.
Sun Feb 23 20:38:06 2025 Harry (Blue) [Headshot] KillerPollo (Red)
Sun Feb 23 20:38:12 2025  Harry has unleashed an apocalypse from God.
Sun Feb 23 20:38:14 2025  The apocalypse begins in 5
Sun Feb 23 20:38:15 2025  The apocalypse begins in 4
Sun Feb 23 20:38:16 2025  The apocalypse begins in 3
Sun Feb 23 20:38:17 2025  The apocalypse begins in 2
Sun Feb 23 20:38:18 2025  The apocalypse begins in 1
Sun Feb 23 20:38:21 2025  Type /HELP for info & commands
Sun Feb 23 20:38:21 2025 Harry (Blue) [Grenade] owlcbyx (Red)
Sun Feb 23 20:38:22 2025 Marshmello captured Blue's Intel.
Sun Feb 23 20:38:24 2025 Harry (Blue) [Grenade] Marshmello (Red)
Sun Feb 23 20:38:24 2025 Harry (Blue) [Grenade]
Sun Feb 23 20:38:26 2025 CYBINT picked up Red's Intel.
Sun Feb 23 20:38:27 2025 Harry (Blue) [Grenade] owlcbyx (Red)
Sun Feb 23 20:38:28 2025 Harry (Blue) [Grenade] KillerPollo (Red)
Sun Feb 23 20:38:32 2025 Harry (Blue) [Grenade] Marshmello (Red)
Sun Feb 23 20:38:33 2025 [Global] Marshmello (Red): gg
Sun Feb 23 20:38:35 2025  The apocalypse has ended.
Sun Feb 23 20:38:37 2025 Den (Blue) [Headshot] Deuce (Red)
Sun Feb 23 20:38:41 2025 [Global] Deuce (Red): Den
Sun Feb 23 20:38:42 2025 Player CadNah has left
Sun Feb 23 20:38:46 2025 regice202 (Red) [Grenade] Den (Blue)
Sun Feb 23 20:38:51 2025 [Global] Den (Blue): ?
Sun Feb 23 20:38:56 2025 CYBINT captured Red's Intel.
Sun Feb 23 20:38:56 2025 Blue Wins!
Sun Feb 23 20:38:56 2025  Game finished! Next map: crossfire2.
Sun Feb 23 20:38:57 2025 Deuce (Red) [Grenade]
Sun Feb 23 20:38:58 2025 CYBINT (Blue) [Headshot] KillerPollo (Red)
Sun Feb 23 20:38:59 2025 [Global] Deuce (Red): damn*
Sun Feb 23 20:38:59 2025 Den (Blue) [Fall]
Sun Feb 23 20:38:59 2025 regice202 (Red) [Headshot] Harry (Blue)
Sun Feb 23 20:38:59 2025 owlcbyx (Red) [Rifle] Harry (Blue)
Sun Feb 23 20:39:00 2025 Max-Kill (Blue) [Headshot] owlcbyx (Red)
Sun Feb 23 20:39:01 2025 regice202 (Red) [Headshot] CYBINT (Blue)
Sun Feb 23 20:39:05 2025 Marshmello (Red) [Fall]
Sun Feb 23 20:39:06 2025 [Global] KillerPollo (Red): .i. suc
Sun Feb 23 20:39:07 2025 regice202 (Red) [Headshot] Y.O.B.A. (Blue)
Sun Feb 23 20:39:07 2025 ------ World Unloaded ------
Sun Feb 23 20:39:08 2025 Disconnecting
