Sun Jan  5 22:04:21 2025 ------ World Loaded ------
Sun Jan  5 22:04:21 2025 Stand up and be counted
Sun Jan  5 22:04:23 2025 Show the world that you're a man
Sun Jan  5 22:04:23 2025 You have 1 medkit!
Sun Jan  5 22:04:25 2025 Stand up and be counted
Sun Jan  5 22:04:26 2025 CAFbIM6EK captured NSLF's Intel.
Sun Jan  5 22:04:27 2025 Go with the Ku Klux Klan
Sun Jan  5 22:04:53 2025 Nelson (FBI) [Headshot] Harry (NSLF)
Sun Jan  5 22:04:57 2025 You have 1 medkit!
Sun Jan  5 22:05:00 2025 Harry (NSLF) [Headshot] Nelson (FBI)
Sun Jan  5 22:05:36 2025 Harry (NSLF) [Headshot] Nelson (FBI)
Sun Jan  5 22:05:50 2025 Harry (NSLF) [Headshot] Nelson (FBI)
Sun Jan  5 22:05:58 2025 [Global] CAFbIM6EK (FBI): THOSE BLACKS DESTROYED OUR BASE!!!
Sun Jan  5 22:06:00 2025 Nelson (FBI) [Headshot] Harry (NSLF)
Sun Jan  5 22:06:06 2025 [Global] CAFbIM6EK (FBI): WE NEED TO REVENGE
Sun Jan  5 22:06:07 2025 You have 1 medkit!
Sun Jan  5 22:06:27 2025 Unknown command
Sun Jan  5 22:06:29 2025 You have been healed
Sun Jan  5 22:06:31 2025 Nelson (FBI) [Headshot] Harry (NSLF)
Sun Jan  5 22:06:35 2025 You have 1 medkit!
Sun Jan  5 22:06:38 2025 >.<Palitamaster joined NSLF team
Sun Jan  5 22:06:47 2025 Nelson (FBI) [Rifle] Harry (NSLF)
Sun Jan  5 22:06:49 2025 You have 1 medkit!
Sun Jan  5 22:06:50 2025 Harry (NSLF) [Headshot] Nelson (FBI)
Sun Jan  5 22:07:24 2025 JaoPredo joined FBI team
Sun Jan  5 22:07:30 2025 Harry (NSLF) [Headshot] Nelson (FBI)
Sun Jan  5 22:07:44 2025 Harry (NSLF) [Rifle] Nelson (FBI)
Sun Jan  5 22:07:46 2025 Harry (NSLF) [Headshot] JaoPredo (FBI)
Sun Jan  5 22:07:58 2025 Harry (NSLF) [Headshot] Nelson (FBI)
Sun Jan  5 22:08:02 2025 Nelson (FBI) [Headshot] Harry (NSLF)
Sun Jan  5 22:08:13 2025 You have 1 medkit!
Sun Jan  5 22:08:27 2025 CAFbIM6EK picked up NSLF's Intel.
Sun Jan  5 22:08:32 2025 Nelson (FBI) [Headshot] Harry (NSLF)
Sun Jan  5 22:08:41 2025 You have 1 medkit!
Sun Jan  5 22:08:43 2025 CAFbIM6EK dropped NSLF's Intel
Sun Jan  5 22:08:43 2025 Harry (NSLF) [Headshot] CAFbIM6EK (FBI)
Sun Jan  5 22:08:43 2025 Nelson (FBI) [Headshot] Harry (NSLF)
Sun Jan  5 22:08:55 2025 You have 1 medkit!
Sun Jan  5 22:08:57 2025 Harry (NSLF) [Headshot] Nelson (FBI)
Sun Jan  5 22:09:02 2025 Harry (NSLF) [Headshot] JaoPredo (FBI)
Sun Jan  5 22:09:06 2025 Player JaoPredo has left
Sun Jan  5 22:09:33 2025 Nelson (FBI) [Rifle] Harry (NSLF)
Sun Jan  5 22:09:37 2025 You have 1 medkit!
Sun Jan  5 22:09:43 2025 >.<Palitamaster (NSLF) [Headshot] Nelson (FBI)
Sun Jan  5 22:10:06 2025 Harry (NSLF) [Headshot] Nelson (FBI)
Sun Jan  5 22:10:18 2025 Yamaha joined FBI team
Sun Jan  5 22:10:21 2025 Harry (NSLF) [Headshot] Nelson (FBI)
Sun Jan  5 22:10:31 2025 CAFbIM6EK picked up NSLF's Intel.
Sun Jan  5 22:11:12 2025 Nelson (FBI) [Headshot] >.<Palitamaster (NSLF)
Sun Jan  5 22:11:20 2025 >.<Palitamaster (NSLF) [Headshot] Yamaha (FBI)
Sun Jan  5 22:11:49 2025 CAFbIM6EK captured NSLF's Intel.
Sun Jan  5 22:11:50 2025 >.<Palitamaster (NSLF) [Headshot] Nelson (FBI)
Sun Jan  5 22:11:51 2025 Harry (NSLF) [Headshot] CAFbIM6EK (FBI)
Sun Jan  5 22:11:54 2025 Harry (NSLF) [Rifle] Yamaha (FBI)
Sun Jan  5 22:11:59 2025 Harry picked up FBI's Intel.
Sun Jan  5 22:12:02 2025 Harry dropped FBI's Intel
Sun Jan  5 22:12:02 2025 CAFbIM6EK (FBI) [Headshot] Harry (NSLF)
Sun Jan  5 22:12:11 2025 You have 1 medkit!
Sun Jan  5 22:12:37 2025 >.<Palitamaster (NSLF) [Rifle] Nelson (FBI)
Sun Jan  5 22:12:45 2025 >.<Palitamaster (NSLF) [Grenade] Nelson (FBI)
Sun Jan  5 22:12:49 2025 >.<Palitamaster (NSLF) [Headshot] Yamaha (FBI)
Sun Jan  5 22:12:54 2025 >.<Palitamaster (NSLF) [Headshot] CAFbIM6EK (FBI)
Sun Jan  5 22:12:55 2025 Nelson (FBI) [Rifle] >.<Palitamaster (NSLF)
Sun Jan  5 22:12:59 2025 Harry (NSLF) [Headshot] Nelson (FBI)
Sun Jan  5 22:13:04 2025 Harry (NSLF) [Headshot] Yamaha (FBI)
Sun Jan  5 22:13:09 2025 Harry (NSLF) [Headshot] Yamaha (FBI)
Sun Jan  5 22:13:10 2025 Harry (NSLF) [Headshot] CAFbIM6EK (FBI)
Sun Jan  5 22:13:14 2025 Harry picked up FBI's Intel.
Sun Jan  5 22:13:19 2025 Harry dropped FBI's Intel
Sun Jan  5 22:13:19 2025 Nelson (FBI) [Headshot] Harry (NSLF)
Sun Jan  5 22:13:21 2025 You have 1 medkit!
Sun Jan  5 22:13:21 2025 Disconnecting
