Sat Feb  1 19:36:52 2025 ------ World Loaded ------
Sat Feb  1 19:36:53 2025 not a burner (Red) [Grenade] { Blocky } (Blue)
Sat Feb  1 19:36:53 2025 ├ÿ├ÿGeForce (Blue) [Headshot] by (Red)
Sat Feb  1 19:36:53 2025 oddly_skeptical joined Blue team
Sat Feb  1 19:36:53 2025 ENTUSSIASMAO (Red) [SMG] David (Blue)
Sat Feb  1 19:36:53 2025 splats captured Blue's Intel.
Sat Feb  1 19:36:53 2025 Welcome to aloha.pk tower of babel
Sat Feb  1 19:36:54 2025 Cris (Blue) [Headshot] ENTUSSIASMAO (Red)
Sat Feb  1 19:36:54 2025 Map: Trademas by ei8htx + Danke
Sat Feb  1 19:36:56 2025 Game mode: babel
Sat Feb  1 19:36:57 2025 ├ÿ├ÿGeForce (Blue) [Headshot] Googlesplat (Red)
Sat Feb  1 19:36:58 2025 Build a tower to get the enemy's intel. Take it to your team's tent to win!
Sat Feb  1 19:36:58 2025 Googlesplat (Red) [Fall]
Sat Feb  1 19:36:58 2025 ENTUSSIASMAO (Red) [Fall]
Sat Feb  1 19:37:00 2025 Visit our community forum at https://aloha.pk/
Sat Feb  1 19:37:02 2025 Come chat with us at https://discord.aloha.pk/
Sat Feb  1 19:37:04 2025 David (Blue) [Headshot] KomaR (Red)
Sat Feb  1 19:37:05 2025 Pedro (Red) [Fall]
Sat Feb  1 19:37:05 2025 David (Blue) [Headshot] splats (Red)
Sat Feb  1 19:37:06 2025 Deuce1 (Blue) [Headshot] yoti (Red)
Sat Feb  1 19:37:11 2025 Born (Red) [SMG] oddly_skeptical (Blue)
Sat Feb  1 19:37:11 2025 ├ÿ├ÿGeForce (Blue) [Headshot] Born (Red)
Sat Feb  1 19:37:13 2025 { Blocky } (Blue) [Fall]
Sat Feb  1 19:37:16 2025 [Global] ├ÿ├ÿGeForce (Blue): IDIOT
Sat Feb  1 19:37:19 2025 Googlesplat (Red) [Headshot] ├ÿ├ÿGeForce (Blue)
Sat Feb  1 19:37:20 2025 Deuce1 (Blue) [Headshot] ENTUSSIASMAO (Red)
Sat Feb  1 19:37:21 2025 cannon fodder (Blue) [Shotgun] yoti (Red)
Sat Feb  1 19:37:22 2025 Deuce1 (Blue) [Headshot] splats (Red)
Sat Feb  1 19:37:23 2025 Deuce1 (Blue) [Headshot] coik (Red)
Sat Feb  1 19:37:33 2025 Deuce1 (Blue) [Headshot] by (Red)
Sat Feb  1 19:37:34 2025 Pedro (Red) [Melee] CarlosDuty (Blue)
Sat Feb  1 19:37:36 2025 Deuce1 (Blue) [Headshot] ENTUSSIASMAO (Red)
Sat Feb  1 19:37:36 2025 cannon fodder (Blue) [Headshot] Harry (Red)
Sat Feb  1 19:37:37 2025 leonel  XD 305 (Red) [Headshot] stonked (Blue)
Sat Feb  1 19:37:37 2025 . (Blue) [Headshot] Googlesplat (Red)
Sat Feb  1 19:37:39 2025 [Team] Googlesplat (Red): left
Sat Feb  1 19:37:39 2025 . (Blue) [Headshot] coik (Red)
Sat Feb  1 19:37:41 2025  Build a tower to get the enemy's intel. Take it to your team's tent to win!
Sat Feb  1 19:37:41 2025 leonel  XD 305 (Red) [Headshot] stonked (Blue)
Sat Feb  1 19:37:42 2025 cannon fodder (Blue) [Shotgun] ENTUSSIASMAO (Red)
Sat Feb  1 19:37:43 2025 oddly_skeptical picked up Red's Intel.
Sat Feb  1 19:37:46 2025 cannon fodder (Blue) [Headshot] by (Red)
Sat Feb  1 19:37:47 2025 oddly_skeptical dropped Red's Intel
Sat Feb  1 19:37:47 2025 Born (Red) [Headshot] oddly_skeptical (Blue)
Sat Feb  1 19:37:48 2025 Deuce1 (Blue) [Headshot] Harry (Red)
Sat Feb  1 19:37:48 2025 [Global] { Blocky } (Blue): hullo
Sat Feb  1 19:37:50 2025 cannon fodder (Blue) [Headshot] splats (Red)
Sat Feb  1 19:37:51 2025 Deuce1 (Blue) [Headshot] coik (Red)
Sat Feb  1 19:37:51 2025 . (Blue) [Headshot] Googlesplat (Red)
Sat Feb  1 19:37:52 2025 splats (Red) [Weapon Change]
Sat Feb  1 19:37:55 2025 . (Blue) [Headshot] KomaR (Red)
Sat Feb  1 19:37:57 2025 leonel  XD 305 (Red) [SMG] David (Blue)
Sat Feb  1 19:37:57 2025 ENTUSSIASMAO (Red) [SMG] cannon fodder (Blue)
Sat Feb  1 19:37:58 2025 Deuce1 (Blue) [Headshot] Harry (Red)
Sat Feb  1 19:38:01 2025 not a burner (Red) [Headshot] { Blocky } (Blue)
Sat Feb  1 19:38:02 2025 [Global] not a burner (Red): heyo
Sat Feb  1 19:38:02 2025 Deuce1 (Blue) [Headshot] coik (Red)
Sat Feb  1 19:38:03 2025 leonel  XD 305 (Red) [SMG] oddly_skeptical (Blue)
Sat Feb  1 19:38:06 2025 asdasd picked up Red's Intel.
Sat Feb  1 19:38:06 2025 asdasd dropped Red's Intel
Sat Feb  1 19:38:06 2025 Born (Red) [SMG] asdasd (Blue)
Sat Feb  1 19:38:06 2025 [Global] { Blocky } (Blue): truce?
Sat Feb  1 19:38:06 2025 Googlesplat (Red) [Headshot] . (Blue)
Sat Feb  1 19:38:06 2025 Deuce1 (Blue) [Headshot] yoti (Red)
Sat Feb  1 19:38:07 2025 leonel  XD 305 (Red) [SMG] { Blocky } (Blue)
Sat Feb  1 19:38:07 2025 David (Blue) [SMG] leonel  XD 305 (Red)
Sat Feb  1 19:38:08 2025 Player oddly_skeptical has left
Sat Feb  1 19:38:09 2025 Deuce1 (Blue) [Headshot] Googlesplat (Red)
Sat Feb  1 19:38:10 2025  Born has reached 1000 blocks placed! /heaven unlocked.
Sat Feb  1 19:38:10 2025 Harry (Red) [Headshot] Deuce1 (Blue)
Sat Feb  1 19:38:13 2025 rinonel joined Red team
Sat Feb  1 19:38:13 2025 [Global] not a burner (Red): maybe
Sat Feb  1 19:38:20 2025 ├ÿ├ÿGeForce (Blue) [Rifle] Born (Red)
Sat Feb  1 19:38:23 2025 CYBINT (Blue) [Rifle] ENTUSSIASMAO (Red)
Sat Feb  1 19:38:25 2025 CYBINT (Blue) [Headshot] splats (Red)
Sat Feb  1 19:38:26 2025 Googlesplat (Red) [Headshot] ├ÿ├ÿGeForce (Blue)
Sat Feb  1 19:38:32 2025 Deuce1 (Blue) [Headshot] rinonel (Red)
Sat Feb  1 19:38:34 2025 Googlesplat (Red) [Headshot] Deuce1 (Blue)
Sat Feb  1 19:38:36 2025 oddly_skeptical joined Red team
Sat Feb  1 19:38:39 2025 leonel  XD 305 (Red) [Fall]
Sat Feb  1 19:38:40 2025 Googlesplat (Red) [Headshot] CYBINT (Blue)
Sat Feb  1 19:38:41 2025  Type /HELP for info & commands
Sat Feb  1 19:38:43 2025 Googlesplat (Red) [Headshot] Cris (Blue)
Sat Feb  1 19:38:45 2025 ENTUSSIASMAO picked up Blue's Intel.
Sat Feb  1 19:38:49 2025 Deuce1 (Blue) [Headshot] coik (Red)
Sat Feb  1 19:38:51 2025 Pedro (Red) [SMG] Deuce1 (Blue)
Sat Feb  1 19:38:53 2025 yoti (Red) [Shotgun] David (Blue)
Sat Feb  1 19:38:53 2025 ENTUSSIASMAO dropped Blue's Intel
Sat Feb  1 19:38:53 2025  The intel has returned to the heavens
Sat Feb  1 19:38:53 2025 ENTUSSIASMAO (Red) [Fall]
Sat Feb  1 19:38:54 2025 asdasd (Blue) [Headshot] yoti (Red)
Sat Feb  1 19:38:59 2025 splats picked up Blue's Intel.
Sat Feb  1 19:39:02 2025 splats (Red) [Headshot] asdasd (Blue)
Sat Feb  1 19:39:02 2025 Bizonho (Blue) [Headshot] not a burner (Red)
Sat Feb  1 19:39:04 2025 Pedro (Red) [Headshot] { Blocky } (Blue)
Sat Feb  1 19:39:05 2025 splats dropped Blue's Intel
Sat Feb  1 19:39:05 2025 Deuce1 (Blue) [Headshot] splats (Red)
Sat Feb  1 19:39:08 2025 rinonel (Red) [Headshot] Cris (Blue)
Sat Feb  1 19:39:08 2025 oddly_skeptical (Red) [Headshot] CYBINT (Blue)
Sat Feb  1 19:39:10 2025 Deuce1 (Blue) [Headshot] rinonel (Red)
Sat Feb  1 19:39:10 2025 [Global] { Blocky } (Blue): lol
Sat Feb  1 19:39:12 2025 by picked up Blue's Intel.
Sat Feb  1 19:39:16 2025 CarlosDuty (Blue) [Headshot] not a burner (Red)
Sat Feb  1 19:39:16 2025 CarlosDuty (Blue) [Headshot] coik (Red)
Sat Feb  1 19:39:17 2025 Deuce1 (Blue) [Headshot] Googlesplat (Red)
Sat Feb  1 19:39:19 2025 oddly_skeptical (Red) [Headshot] David (Blue)
Sat Feb  1 19:39:20 2025 [Global] { Blocky } (Blue): shake that ahh
Sat Feb  1 19:39:21 2025 Deuce1 (Blue) [Headshot] leonel  XD 305 (Red)
Sat Feb  1 19:39:23 2025 . (Blue) [SMG] splats (Red)
Sat Feb  1 19:39:26 2025 oddly_skeptical (Red) [Shotgun] Deuce1 (Blue)
Sat Feb  1 19:39:29 2025 by captured Blue's Intel.
Sat Feb  1 19:39:34 2025 Elprosaso joined Blue team
Sat Feb  1 19:39:35 2025 oddly_skeptical (Red) [Shotgun] CYBINT (Blue)
Sat Feb  1 19:39:38 2025 ├ÿ├ÿGeForce (Blue) [Headshot] Pedro (Red)
Sat Feb  1 19:39:38 2025 oddly_skeptical (Red) [Headshot] stonked (Blue)
Sat Feb  1 19:39:41 2025 Deuce1 (Blue) [Headshot] ENTUSSIASMAO (Red)
Sat Feb  1 19:39:41 2025  Visit our community forums at https://aloha.pk/
Sat Feb  1 19:39:43 2025 Born (Red) [Headshot] Deuce1 (Blue)
Sat Feb  1 19:39:45 2025 Born (Red) [SMG] ├ÿ├ÿGeForce (Blue)
Sat Feb  1 19:39:47 2025 { Blocky } (Blue) [Fall]
Sat Feb  1 19:39:51 2025 CarlosDuty (Blue) [SMG] leonel  XD 305 (Red)
Sat Feb  1 19:39:52 2025 [Global] { Blocky } (Blue): my leg
Sat Feb  1 19:39:52 2025 [Global] not a burner (Red): what the fuck
Sat Feb  1 19:39:53 2025 Googlesplat (Red) [Headshot] Elprosaso (Blue)
Sat Feb  1 19:39:53 2025 oddly_skeptical (Red) [Headshot] CYBINT (Blue)
Sat Feb  1 19:39:54 2025 stonked (Blue) [SMG] coik (Red)
Sat Feb  1 19:39:55 2025 Cris (Blue) [Headshot] not a burner (Red)
Sat Feb  1 19:39:58 2025 stonked (Blue) [Headshot] oddly_skeptical (Red)
Sat Feb  1 19:39:59 2025 [Global] rinonel (Red): ?
Sat Feb  1 19:39:59 2025 Googlesplat (Red) [Headshot] stonked (Blue)
Sat Feb  1 19:40:01 2025 ENTUSSIASMAO (Red) [Headshot] asdasd (Blue)
Sat Feb  1 19:40:06 2025 Cris (Blue) [Fall]
Sat Feb  1 19:40:08 2025 splats picked up Blue's Intel.
Sat Feb  1 19:40:09 2025 splats dropped Blue's Intel
Sat Feb  1 19:40:09 2025 David (Blue) [SMG] splats (Red)
Sat Feb  1 19:40:10 2025 ENTUSSIASMAO picked up Blue's Intel.
Sat Feb  1 19:40:10 2025 ENTUSSIASMAO dropped Blue's Intel
Sat Feb  1 19:40:10 2025 Deuce1 (Blue) [Headshot] ENTUSSIASMAO (Red)
Sat Feb  1 19:40:14 2025 David (Blue) [Headshot] leonel  XD 305 (Red)
Sat Feb  1 19:40:14 2025 Pedro (Red) [Headshot] David (Blue)
Sat Feb  1 19:40:15 2025 [Global] not a burner (Red): i think i was just perfectly on the edge of a block so as my client thought i was falling while the server d
Sat Feb  1 19:40:16 2025 Player asdasd has left
Sat Feb  1 19:40:19 2025 Deuce1 (Blue) [Headshot] rinonel (Red)
Sat Feb  1 19:40:21 2025 Googlesplat (Red) [Headshot] Deuce1 (Blue)
Sat Feb  1 19:40:22 2025 [Global] not a burner (Red): id not
Sat Feb  1 19:40:27 2025 CYBINT (Blue) [Rifle] oddly_skeptical (Red)
Sat Feb  1 19:40:30 2025 not a burner (Red) [Headshot] . (Blue)
Sat Feb  1 19:40:30 2025 ENTUSSIASMAO (Red) [Headshot] David (Blue)
Sat Feb  1 19:40:32 2025 Cris (Blue) [Headshot] KomaR (Red)
Sat Feb  1 19:40:33 2025 Pedro (Red) [Headshot] Cris (Blue)
Sat Feb  1 19:40:33 2025 stonked (Blue) [Headshot] ENTUSSIASMAO (Red)
Sat Feb  1 19:40:36 2025 Pedro (Red) [Headshot] ├ÿ├ÿGeForce (Blue)
Sat Feb  1 19:40:39 2025 stonked (Blue) [Headshot] Pedro (Red)
Sat Feb  1 19:40:41 2025  Come chat with us at https://discord.aloha.pk/
Sat Feb  1 19:40:43 2025 splats (Red) [Headshot] Deuce1 (Blue)
Sat Feb  1 19:40:46 2025 Googlesplat (Red) [Headshot] CYBINT (Blue)
Sat Feb  1 19:40:46 2025 by picked up Blue's Intel.
Sat Feb  1 19:40:47 2025 Googlesplat (Red) [Headshot] stonked (Blue)
Sat Feb  1 19:40:50 2025 cannon fodder (Blue) [Weapon Change]
Sat Feb  1 19:40:52 2025 by dropped Blue's Intel
Sat Feb  1 19:40:52 2025 Cris (Blue) [Headshot] by (Red)
Sat Feb  1 19:40:54 2025 coik (Red) [Headshot] Cris (Blue)
Sat Feb  1 19:40:55 2025 KomaR (Red) [Headshot] David (Blue)
Sat Feb  1 19:40:57 2025 [Global] leonel  XD 305 (Red): xd
Sat Feb  1 19:40:57 2025 Bizonho (Blue) [Rifle]
Sat Feb  1 19:40:57 2025 Googlesplat (Red) [Headshot] ├ÿ├ÿGeForce (Blue)
Sat Feb  1 19:41:00 2025 splats (Red) [Headshot] Elprosaso (Blue)
Sat Feb  1 19:41:01 2025 Deuce1 (Blue) [Headshot] splats (Red)
Sat Feb  1 19:41:04 2025 [Global] leonel  XD 305 (Red): .
Sat Feb  1 19:41:04 2025 coik picked up Blue's Intel.
Sat Feb  1 19:41:05 2025 Deuce1 (Blue) [Headshot] ENTUSSIASMAO (Red)
Sat Feb  1 19:41:07 2025 CarlosDuty (Blue) [Headshot] Googlesplat (Red)
Sat Feb  1 19:41:07 2025 Deuce1 (Blue) [Headshot] KomaR (Red)
Sat Feb  1 19:41:11 2025 oddly_skeptical (Red) [Shotgun] CYBINT (Blue)
Sat Feb  1 19:41:11 2025 Deuce1 (Blue) [Headshot] leonel  XD 305 (Red)
Sat Feb  1 19:41:12 2025 Born (Red) [SMG] CarlosDuty (Blue)
Sat Feb  1 19:41:14 2025 oddly_skeptical (Red) [Shotgun] stonked (Blue)
Sat Feb  1 19:41:17 2025 Deuce1 (Blue) [Rifle] Harry (Red)
Sat Feb  1 19:41:17 2025 rinonel (Red) [Headshot] Deuce1 (Blue)
Sat Feb  1 19:41:20 2025 Bizonho (Blue) [Headshot] splats (Red)
Sat Feb  1 19:41:29 2025 ------ World Unloaded ------
Sat Feb  1 19:41:29 2025 Disconnected because of error:
Disconnected: Unknown Reason
at /tmp/openspades-1902958381911645150/openspades/src/openspades-0.1.3/Sources/Client/NetClient.cpp:498
void spades::client::NetClient::DoEvents(int) at NetClient.cpp:477
virtual void spades::client::Client::RunFrame(float) at Client.cpp:380
virtual void spades::gui::MainScreen::RunFrame(float) at MainScreen.cpp:232
void spades::gui::SDLRunner::Run(int, int) at SDLRunner.cpp:427
void spades::gui::Runner::Run() at Runner.cpp:70
void spades::gui::Runner::RunProtected() at Runner.cpp:42
int main(int, char**) at Main.cpp:312

Sat Feb  1 19:41:29 2025 Disconnecting
