Sun Feb  2 21:25:22 2025 ------ World Loaded ------
Sun Feb  2 21:25:22 2025 Welcome to aloha.pk tower of babel
Sun Feb  2 21:25:23 2025 Map: steelmaze by (unknown)
Sun Feb  2 21:25:24 2025 DDT (Blue) [Fall]
Sun Feb  2 21:25:25 2025 Game mode: babel
Sun Feb  2 21:25:27 2025 Build a tower to get the enemy's intel. Take it to your team's tent to win!
Sun Feb  2 21:25:27 2025 Deuce2 (Blue) [Rifle] Cpt.Shiitoh (Red)
Sun Feb  2 21:25:29 2025 Visit our community forum at https://aloha.pk/
Sun Feb  2 21:25:29 2025 [Global] {LAG} Irongears (Blue): adios
Sun Feb  2 21:25:31 2025 Player Deuce1 has left
Sun Feb  2 21:25:31 2025 [Global] DDT (Blue): bye
Sun Feb  2 21:25:31 2025 Come chat with us at https://discord.aloha.pk/
Sun Feb  2 21:25:32 2025  Type /HELP for info & commands
Sun Feb  2 21:25:34 2025 PinkRose (Red) [Headshot] Vagabond (Blue)
Sun Feb  2 21:25:35 2025 ENTUSSIASMAO joined Red team
Sun Feb  2 21:25:36 2025 PinkRose (Red) [Weapon Change]
Sun Feb  2 21:25:43 2025 Cpt.Shiitoh (Red) [SMG] {LAG} Irongears (Blue)
Sun Feb  2 21:25:47 2025 bangbang (Red) [SMG] Dingus (Blue)
Sun Feb  2 21:25:49 2025 Vagabond (Blue) [SMG] bangbang (Red)
Sun Feb  2 21:25:50 2025 Cpt.Shiitoh (Red) [Headshot] Deuce2 (Blue)
Sun Feb  2 21:26:02 2025 Cpt.Shiitoh (Red) [SMG] DDT (Blue)
Sun Feb  2 21:26:05 2025 ENTUSSIASMAO (Red) [SMG] Vagabond (Blue)
Sun Feb  2 21:26:17 2025 Cpt.Shiitoh (Red) [Headshot] {LAG} Irongears (Blue)
Sun Feb  2 21:26:24 2025 Cpt.Shiitoh (Red) [SMG] Vagabond (Blue)
Sun Feb  2 21:26:29 2025 Dick'd joined Blue team
Sun Feb  2 21:26:31 2025 ENTUSSIASMAO (Red) [Headshot] DDT (Blue)
Sun Feb  2 21:26:32 2025  Visit our community forums at https://aloha.pk/
Sun Feb  2 21:26:37 2025 Player Dingus has left
Sun Feb  2 21:26:38 2025 Vagabond (Blue) [SMG] PinkRose (Red)
Sun Feb  2 21:26:41 2025 Player PinkRose has left
Sun Feb  2 21:26:44 2025 Cpt.Shiitoh (Red) [Headshot] Dick'd (Blue)
Sun Feb  2 21:26:54 2025 Greasyhamster joined Red team
Sun Feb  2 21:26:56 2025 Harry (Red) [Headshot] Deuce2 (Blue)
Sun Feb  2 21:26:57 2025 Cpt.Shiitoh (Red) [SMG] Deuce (Blue)
Sun Feb  2 21:26:58 2025 Player Deuce2 has left
Sun Feb  2 21:27:09 2025 {LAG} Irongears (Blue) [Headshot] Cpt.Shiitoh (Red)
Sun Feb  2 21:27:11 2025 [Global] Cpt.Shiitoh (Red): NS
Sun Feb  2 21:27:19 2025 Deuce (Blue) [Headshot] Greasyhamster (Red)
Sun Feb  2 21:27:32 2025 Vagabond (Blue) [Grenade] Bizonho (Red)
Sun Feb  2 21:27:32 2025  Come chat with us at https://discord.aloha.pk/
Sun Feb  2 21:27:32 2025 Deuce (Blue) [Headshot] Harry (Red)
Sun Feb  2 21:27:35 2025 Deuce (Blue) [Headshot] splats (Red)
Sun Feb  2 21:27:35 2025 Vagabond (Blue) [Headshot] Greasyhamster (Red)
Sun Feb  2 21:27:42 2025 Cpt.Shiitoh (Red) [SMG] Vagabond (Blue)
Sun Feb  2 21:27:50 2025 You can't destroy your team's blocks in this area. Attack the enemy's tower!
Sun Feb  2 21:27:51 2025 DDS joined Blue team
Sun Feb  2 21:27:52 2025 You can't destroy your team's blocks in this area. Attack the enemy's tower!
Sun Feb  2 21:27:53 2025 You can't destroy your team's blocks in this area. Attack the enemy's tower!
Sun Feb  2 21:27:53 2025 You can't destroy your team's blocks in this area. Attack the enemy's tower!
Sun Feb  2 21:27:53 2025 {LAG} Irongears (Blue) [Headshot] Cpt.Shiitoh (Red)
Sun Feb  2 21:27:53 2025 You can't destroy your team's blocks in this area. Attack the enemy's tower!
Sun Feb  2 21:28:11 2025 Greasyhamster (Red) [Headshot] DDT (Blue)
Sun Feb  2 21:28:13 2025 Greasyhamster (Red) [Headshot] Vagabond (Blue)
Sun Feb  2 21:28:15 2025 Deuce (Blue) [Headshot] Greasyhamster (Red)
Sun Feb  2 21:28:18 2025 Player Greasyhamster has left
Sun Feb  2 21:28:20 2025 Cpt.Shiitoh (Red) [Headshot] saci_pagodeiro (Blue)
Sun Feb  2 21:28:30 2025 Deuce (Blue) [Headshot] splats (Red)
Sun Feb  2 21:28:30 2025 stonked joined Red team
Sun Feb  2 21:28:32 2025  If you believe a player is breaking the rules, please let us know with /ADMIN
Sun Feb  2 21:28:33 2025 ENTUSSIASMAO (Red) [Headshot] saci_pagodeiro (Blue)
Sun Feb  2 21:28:34 2025 Cpt.Shiitoh (Red) [SMG] Vagabond (Blue)
Sun Feb  2 21:28:45 2025 ENTUSSIASMAO (Red) [SMG] saci_pagodeiro (Blue)
Sun Feb  2 21:28:47 2025 Bizonho (Red) [Headshot] Dick'd (Blue)
Sun Feb  2 21:28:53 2025 {LAG} Irongears (Blue) [Headshot] bangbang (Red)
Sun Feb  2 21:28:54 2025 Vagabond (Blue) [SMG] Cpt.Shiitoh (Red)
Sun Feb  2 21:28:55 2025 DDT (Blue) [Fall]
Sun Feb  2 21:28:55 2025 Deuce (Blue) [SMG] The Jesus (Red)
Sun Feb  2 21:29:12 2025 {LAG} Irongears (Blue) [Headshot] splats (Red)
Sun Feb  2 21:29:15 2025 {LAG} Irongears (Blue) [SMG] Cpt.Shiitoh (Red)
Sun Feb  2 21:29:30 2025 DDT (Blue) [Headshot] Bizonho (Red)
Sun Feb  2 21:29:32 2025  This server runs imger and glow. Use /IMG or /GLOW to toggle them.
Sun Feb  2 21:29:36 2025 Deuce (Blue) [SMG] splats (Red)
Sun Feb  2 21:29:40 2025 bangbang (Red) [Headshot] Deuce (Blue)
Sun Feb  2 21:29:41 2025 You must be closer to the enemy's base to grenade blocks!
Sun Feb  2 21:29:43 2025 You must be closer to the enemy's base to grenade blocks!
Sun Feb  2 21:29:44 2025 Cpt.Shiitoh (Red) [SMG] Dick'd (Blue)
Sun Feb  2 21:29:45 2025 You must be closer to the enemy's base to grenade blocks!
Sun Feb  2 21:29:49 2025 {LAG} Irongears (Blue) [Headshot] splats (Red)
Sun Feb  2 21:29:53 2025 ENTUSSIASMAO (Red) [Headshot] Dick'd (Blue)
Sun Feb  2 21:29:57 2025 stonked (Red) [SMG] {LAG} Irongears (Blue)
Sun Feb  2 21:29:57 2025 Cpt.Shiitoh (Red) [SMG] Vagabond (Blue)
Sun Feb  2 21:29:59 2025 Cpt.Shiitoh (Red) [Headshot] DDT (Blue)
Sun Feb  2 21:30:03 2025 Deuce (Blue) [SMG] ENTUSSIASMAO (Red)
Sun Feb  2 21:30:20 2025 Vagabond (Blue) [Headshot] Cpt.Shiitoh (Red)
Sun Feb  2 21:30:22 2025 [Global] Cpt.Shiitoh (Red): NS
Sun Feb  2 21:30:27 2025 Bizonho (Red) [Headshot] DDS (Blue)
Sun Feb  2 21:30:28 2025 [Global] Vagabond (Blue): scope yes
Sun Feb  2 21:30:32 2025  Use /EMOTE to draw an emote on the map!
Sun Feb  2 21:30:33 2025 Deuce (Blue) [SMG] Bizonho (Red)
Sun Feb  2 21:30:39 2025 Deuce (Blue) [SMG] splats (Red)
Sun Feb  2 21:30:50 2025 Cpt.Shiitoh (Red) [Grenade] Dick'd (Blue)
Sun Feb  2 21:30:50 2025 Dick'd (Blue) [Grenade] Cpt.Shiitoh (Red)
Sun Feb  2 21:30:53 2025 [Global] Cpt.Shiitoh (Red): boom XD
Sun Feb  2 21:31:01 2025 Deuce (Blue) [SMG] splats (Red)
Sun Feb  2 21:31:02 2025 Bizonho (Red) [Headshot] DDT (Blue)
Sun Feb  2 21:31:04 2025 Vagabond (Blue) [Fall]
Sun Feb  2 21:31:11 2025 Deuce (Blue) [Headshot] Harry (Red)
Sun Feb  2 21:31:17 2025 stonked (Red) [Headshot] DDT (Blue)
Sun Feb  2 21:31:18 2025 Vagabond (Blue) [Headshot] stonked (Red)
Sun Feb  2 21:31:20 2025 Cpt.Shiitoh (Red) [SMG] DDS (Blue)
Sun Feb  2 21:31:21 2025 Deuce (Blue) [Headshot] splats (Red)
Sun Feb  2 21:31:26 2025 {LAG} Irongears (Blue) [SMG] Harry (Red)
Sun Feb  2 21:31:29 2025 Cpt.Shiitoh (Red) [Headshot] Vagabond (Blue)
Sun Feb  2 21:31:32 2025  Use /HEAVEN to paint the babel platform!
Sun Feb  2 21:31:32 2025 Bizonho (Red) [Rifle] saci_pagodeiro (Blue)
Sun Feb  2 21:31:32 2025 Deuce (Blue) [Headshot] bangbang (Red)
Sun Feb  2 21:31:36 2025 Bizonho (Red) [Headshot] Dick'd (Blue)
Sun Feb  2 21:31:46 2025 Deuce (Blue) [Headshot] The Jesus (Red)
Sun Feb  2 21:31:53 2025 Deuce (Blue) [Headshot] Harry (Red)
Sun Feb  2 21:31:55 2025 Nassa joined Blue team
Sun Feb  2 21:31:55 2025 r3algood joined Blue team
Sun Feb  2 21:32:05 2025 ENTUSSIASMAO (Red) [SMG] Vagabond (Blue)
Sun Feb  2 21:32:10 2025 Cpt.Shiitoh (Red) [Headshot] Nassa (Blue)
Sun Feb  2 21:32:23 2025 Bizonho (Red) [Rifle] Dick'd (Blue)
Sun Feb  2 21:32:24 2025 saci_pagodeiro (Blue) [Rifle] Bizonho (Red)
Sun Feb  2 21:32:25 2025 ENTUSSIASMAO (Red) [SMG] Vagabond (Blue)
Sun Feb  2 21:32:27 2025 DDS (Blue) [Headshot] Cpt.Shiitoh (Red)
Sun Feb  2 21:32:27 2025 Harry (Red) [Headshot] Deuce (Blue)
Sun Feb  2 21:32:28 2025 r3algood (Blue) [Headshot] bangbang (Red)
Sun Feb  2 21:32:29 2025 ENTUSSIASMAO (Red) [Headshot] Dick'd (Blue)
Sun Feb  2 21:32:31 2025 ENTUSSIASMAO (Red) [SMG] Deuce (Blue)
Sun Feb  2 21:32:32 2025  Get a 20 killstreak and 1 intel capture(s) to unlock /APOC!
Sun Feb  2 21:32:32 2025 Vagabond (Blue) [Headshot] ENTUSSIASMAO (Red)
Sun Feb  2 21:32:34 2025 r3algood (Blue) [SMG] The Jesus (Red)
Sun Feb  2 21:32:36 2025 stonked (Red) [Fall]
Sun Feb  2 21:32:38 2025 stonked (Red) [Grenade] DDT (Blue)
Sun Feb  2 21:32:39 2025 Harry (Red) [Headshot] r3algood (Blue)
Sun Feb  2 21:32:42 2025 DDS (Blue) [Headshot] Harry (Red)
Sun Feb  2 21:32:51 2025 ENTUSSIASMAO (Red) [Headshot] saci_pagodeiro (Blue)
Sun Feb  2 21:32:58 2025 Bizonho (Red) [Headshot] Dick'd (Blue)
Sun Feb  2 21:33:00 2025 Cpt.Shiitoh (Red) [Headshot] DDT (Blue)
Sun Feb  2 21:33:01 2025 splats picked up Blue's Intel.
Sun Feb  2 21:33:05 2025 [Team] splats (Red): tower up
Sun Feb  2 21:33:05 2025 ENTUSSIASMAO (Red) [Headshot] r3algood (Blue)
Sun Feb  2 21:33:05 2025 Deuce (Blue) [Headshot] ENTUSSIASMAO (Red)
Sun Feb  2 21:33:08 2025 {LAG} Irongears (Blue) [SMG] Harry (Red)
Sun Feb  2 21:33:13 2025 stonked (Red) [SMG] {LAG} Irongears (Blue)
Sun Feb  2 21:33:14 2025 Cpt.Shiitoh (Red) [Headshot] Deuce (Blue)
Sun Feb  2 21:33:14 2025 splats dropped Blue's Intel
Sun Feb  2 21:33:14 2025  The intel has returned to the heavens
Sun Feb  2 21:33:14 2025 Nassa (Blue) [Headshot] splats (Red)
Sun Feb  2 21:33:17 2025 Cpt.Shiitoh (Red) [SMG] Dick'd (Blue)
Sun Feb  2 21:33:17 2025 splats (Red) [Weapon Change]
Sun Feb  2 21:33:19 2025 Vagabond (Blue) [Headshot] Cpt.Shiitoh (Red)
Sun Feb  2 21:33:19 2025 Bizonho (Red) [Headshot] Nassa (Blue)
Sun Feb  2 21:33:32 2025  Capture your team's 5th intel to unlock /APOC for your team's best builder!
Sun Feb  2 21:33:34 2025 {LAG} Irongears (Blue) [Headshot] Harry (Red)
Sun Feb  2 21:33:37 2025 {LAG} Irongears (Blue) [Headshot] ENTUSSIASMAO (Red)
Sun Feb  2 21:33:38 2025 Cpt.Shiitoh (Red) [SMG] {LAG} Irongears (Blue)
Sun Feb  2 21:33:42 2025 Cpt.Shiitoh (Red) [Headshot] Dick'd (Blue)
Sun Feb  2 21:33:42 2025 DDS (Blue) [Rifle] bangbang (Red)
Sun Feb  2 21:33:43 2025 Bizonho (Red) [Headshot] DDS (Blue)
Sun Feb  2 21:33:49 2025 splats (Red) [SMG] r3algood (Blue)
Sun Feb  2 21:33:51 2025 splats (Red) [Headshot] saci_pagodeiro (Blue)
Sun Feb  2 21:33:53 2025 splats (Red) [SMG] Nassa (Blue)
Sun Feb  2 21:33:56 2025 Cpt.Shiitoh (Red) [SMG] Vagabond (Blue)
Sun Feb  2 21:34:00 2025 Deuce (Blue) [SMG] Bizonho (Red)
Sun Feb  2 21:34:03 2025 saci_pagodeiro (Blue) [Rifle] splats (Red)
Sun Feb  2 21:34:06 2025 Cpt.Shiitoh (Red) [SMG] Deuce (Blue)
Sun Feb  2 21:34:15 2025 Bizonho (Red) [Headshot] DDT (Blue)
Sun Feb  2 21:34:17 2025 stonked (Red) [Headshot] r3algood (Blue)
Sun Feb  2 21:34:19 2025 ENTUSSIASMAO (Red) [Headshot] saci_pagodeiro (Blue)
Sun Feb  2 21:34:20 2025 {LAG} Irongears (Blue) [Headshot] Cpt.Shiitoh (Red)
Sun Feb  2 21:34:26 2025 [Global] Cpt.Shiitoh (Red): Iron, ping?
Sun Feb  2 21:34:27 2025 Nassa (Blue) [Headshot] stonked (Red)
Sun Feb  2 21:34:29 2025 splats (Red) [SMG] {LAG} Irongears (Blue)
Sun Feb  2 21:34:30 2025 [Global] r3algood (Blue): get off my tower stonked
Sun Feb  2 21:34:32 2025 [Global] {LAG} Irongears (Blue): 47
Sun Feb  2 21:34:32 2025  Mahalo for playing aloha.pk tower of babel
Sun Feb  2 21:34:34 2025 Vagabond (Blue) [Fall]
Sun Feb  2 21:34:36 2025 splats picked up Blue's Intel.
Sun Feb  2 21:34:47 2025 Deuce (Blue) [Headshot] ENTUSSIASMAO (Red)
Sun Feb  2 21:35:04 2025 Vagabond (Blue) [Fall]
Sun Feb  2 21:35:06 2025 Cpt.Shiitoh (Red) [SMG] DDT (Blue)
Sun Feb  2 21:35:08 2025 [Global] Vagabond (Blue): lag do caraiooooooooo
Sun Feb  2 21:35:08 2025 Nassa (Blue) [Headshot] Bizonho (Red)
Sun Feb  2 21:35:09 2025 Cpt.Shiitoh (Red) [SMG] {LAG} Irongears (Blue)
Sun Feb  2 21:35:13 2025 You must be closer to the enemy's base to grenade blocks!
Sun Feb  2 21:35:14 2025 You must be closer to the enemy's base to grenade blocks!
Sun Feb  2 21:35:14 2025 stonked (Red) [Fall]
Sun Feb  2 21:35:16 2025 You must be closer to the enemy's base to grenade blocks!
Sun Feb  2 21:35:17 2025 splats captured Blue's Intel.
Sun Feb  2 21:35:18 2025 [Global] Vagabond (Blue): co,mo que o saci vai pagodar sem perna carai se liga
Sun Feb  2 21:35:19 2025 You must be closer to the enemy's base to shoot blocks!
Sun Feb  2 21:35:21 2025 You must be closer to the enemy's base to shoot blocks!
Sun Feb  2 21:35:26 2025 Nassa (Blue) [Headshot] ENTUSSIASMAO (Red)
Sun Feb  2 21:35:29 2025 {LAG} Irongears (Blue) [SMG] Cpt.Shiitoh (Red)
Sun Feb  2 21:35:31 2025 ENTUSSIASMAO (Red) [SMG] Dick'd (Blue)
Sun Feb  2 21:35:31 2025 [Global] Cpt.Shiitoh (Red): HAHAHHA
Sun Feb  2 21:35:32 2025  Build a tower to get the enemy's intel. Take it to your team's tent to win!
Sun Feb  2 21:35:33 2025 splats (Red) [SMG] saci_pagodeiro (Blue)
Sun Feb  2 21:35:34 2025 Nassa (Blue) [Headshot] The Jesus (Red)
Sun Feb  2 21:35:37 2025 Bizonho (Red) [Rifle] Deuce (Blue)
Sun Feb  2 21:35:38 2025 Player saci_pagodeiro has left
Sun Feb  2 21:35:42 2025 [Global] Vagabond (Blue): saiu
Sun Feb  2 21:35:43 2025 [Global] Vagabond (Blue): JKKKKKKKJKJKJKJKJKJKJK
Sun Feb  2 21:35:44 2025 splats picked up Blue's Intel.
Sun Feb  2 21:35:54 2025 splats dropped Blue's Intel
Sun Feb  2 21:35:54 2025  The intel has returned to the heavens
Sun Feb  2 21:35:54 2025 Nassa (Blue) [Headshot] splats (Red)
Sun Feb  2 21:35:54 2025 Cpt.Shiitoh (Red) [Headshot] Deuce (Blue)
Sun Feb  2 21:35:58 2025 stonked (Red) [SMG] DDT (Blue)
Sun Feb  2 21:36:00 2025 Nassa (Blue) [Headshot] ENTUSSIASMAO (Red)
Sun Feb  2 21:36:07 2025 Cpt.Shiitoh (Red) [SMG] {LAG} Irongears (Blue)
Sun Feb  2 21:36:08 2025 r3algood (Blue) [SMG] Harry (Red)
Sun Feb  2 21:36:10 2025 [Global] Cpt.Shiitoh (Red): nt
Sun Feb  2 21:36:12 2025 Dick'd (Blue) [SMG] bangbang (Red)
Sun Feb  2 21:36:15 2025 Nassa (Blue) [Rifle] The Jesus (Red)
Sun Feb  2 21:36:17 2025 stonked (Red) [Grenade] Vagabond (Blue)
Sun Feb  2 21:36:17 2025 stonked (Red) [Grenade]
Sun Feb  2 21:36:21 2025 [Global] Vagabond (Blue): omg
Sun Feb  2 21:36:23 2025 [Global] Vagabond (Blue): fuck u
Sun Feb  2 21:36:25 2025 Nassa (Blue) [Headshot] ENTUSSIASMAO (Red)
Sun Feb  2 21:36:26 2025 Harry (Red) [Headshot] Dick'd (Blue)
Sun Feb  2 21:36:29 2025 Deuce (Blue) [Headshot] Cpt.Shiitoh (Red)
Sun Feb  2 21:36:32 2025  Type /HELP for info & commands
Sun Feb  2 21:36:33 2025 splats picked up Blue's Intel.
Sun Feb  2 21:36:33 2025 [Global] Cpt.Shiitoh (Red): Vaga relax xd
Sun Feb  2 21:36:42 2025 Harry (Red) [Headshot] DDS (Blue)
Sun Feb  2 21:36:42 2025 splats dropped Blue's Intel
Sun Feb  2 21:36:42 2025 Nassa (Blue) [Headshot] splats (Red)
Sun Feb  2 21:36:47 2025 ENTUSSIASMAO (Red) [Melee] r3algood (Blue)
Sun Feb  2 21:36:49 2025 The Jesus (Red) [Headshot] Nassa (Blue)
Sun Feb  2 21:37:01 2025 Cpt.Shiitoh (Red) [SMG] Vagabond (Blue)
Sun Feb  2 21:37:20 2025 stonked (Red) [SMG] Nassa (Blue)
Sun Feb  2 21:37:23 2025 Cpt.Shiitoh (Red) [SMG] Vagabond (Blue)
Sun Feb  2 21:37:28 2025 stonked (Red) [SMG] r3algood (Blue)
Sun Feb  2 21:37:32 2025  Visit our community forums at https://aloha.pk/
Sun Feb  2 21:37:44 2025 stonked (Red) [Fall]
Sun Feb  2 21:37:49 2025 Cpt.Shiitoh (Red) [SMG] Dick'd (Blue)
Sun Feb  2 21:37:59 2025 {LAG} Irongears (Blue) [SMG] splats (Red)
Sun Feb  2 21:38:03 2025 Harry (Red) [Headshot] Vagabond (Blue)
Sun Feb  2 21:38:04 2025 Cpt.Shiitoh (Red) [Headshot] Nassa (Blue)
Sun Feb  2 21:38:14 2025 bangbang picked up Blue's Intel.
Sun Feb  2 21:38:20 2025 Naja joined Blue team
Sun Feb  2 21:38:22 2025 Nassa (Blue) [Headshot] ENTUSSIASMAO (Red)
Sun Feb  2 21:38:26 2025 Cpt.Shiitoh (Red) [SMG] Naja (Blue)
Sun Feb  2 21:38:29 2025 stonked (Red) [Fall]
Sun Feb  2 21:38:29 2025 bangbang dropped Blue's Intel
Sun Feb  2 21:38:29 2025  The intel has returned to the heavens
Sun Feb  2 21:38:29 2025 Deuce (Blue) [SMG] bangbang (Red)
Sun Feb  2 21:38:30 2025 The Jesus (Red) [Fall]
Sun Feb  2 21:38:32 2025  Come chat with us at https://discord.aloha.pk/
Sun Feb  2 21:38:33 2025 ENTUSSIASMAO (Red) [Headshot] {LAG} Irongears (Blue)
Sun Feb  2 21:38:40 2025 Naja (Blue) [SMG] Cpt.Shiitoh (Red)
Sun Feb  2 21:38:42 2025 [Global] Cpt.Shiitoh (Red): HAHAH
Sun Feb  2 21:38:46 2025 bangbang (Red) [SMG] DDT (Blue)
Sun Feb  2 21:38:50 2025 splats picked up Blue's Intel.
Sun Feb  2 21:38:54 2025 DDS (Blue) [Headshot] stonked (Red)
Sun Feb  2 21:38:57 2025 Harry (Red) [Headshot] Vagabond (Blue)
Sun Feb  2 21:39:01 2025 ENTUSSIASMAO (Red) [Headshot] Deuce (Blue)
Sun Feb  2 21:39:05 2025 Cpt.Shiitoh (Red) [Headshot] Dick'd (Blue)
Sun Feb  2 21:39:06 2025 DDS (Blue) [Headshot] Cpt.Shiitoh (Red)
Sun Feb  2 21:39:11 2025 The Jesus (Red) [Headshot] Naja (Blue)
Sun Feb  2 21:39:13 2025 [Global] Naja (Blue): hax
Sun Feb  2 21:39:14 2025 [Global] Cpt.Shiitoh (Red): Haahah DICK UR BAD
Sun Feb  2 21:39:19 2025 splats captured Blue's Intel.
Sun Feb  2 21:39:19 2025 {LAG} Irongears (Blue) [SMG] Cpt.Shiitoh (Red)
Sun Feb  2 21:39:22 2025 {LAG} Irongears (Blue) [SMG] splats (Red)
Sun Feb  2 21:39:30 2025 Bizonho (Red) [Rifle]
Sun Feb  2 21:39:32 2025  If you believe a player is breaking the rules, please let us know with /ADMIN
Sun Feb  2 21:39:32 2025 Naja (Blue) [SMG] ENTUSSIASMAO (Red)
Sun Feb  2 21:39:34 2025 Cpt.Shiitoh (Red) [Headshot] Naja (Blue)
Sun Feb  2 21:39:41 2025 DDS (Blue) [Headshot] Cpt.Shiitoh (Red)
Sun Feb  2 21:39:45 2025 ENTUSSIASMAO (Red) [SMG] {LAG} Irongears (Blue)
Sun Feb  2 21:39:49 2025 Vagabond (Blue) [Headshot] stonked (Red)
Sun Feb  2 21:39:55 2025 splats (Red) [Headshot] Vagabond (Blue)
Sun Feb  2 21:39:58 2025 ENTUSSIASMAO (Red) [SMG] Naja (Blue)
Sun Feb  2 21:39:59 2025 Deuce (Blue) [SMG] The Jesus (Red)
Sun Feb  2 21:39:59 2025 Cpt.Shiitoh (Red) [Headshot] DDS (Blue)
Sun Feb  2 21:40:04 2025 Cpt.Shiitoh (Red) [SMG] Dick'd (Blue)
Sun Feb  2 21:40:07 2025 Deuce (Blue) [SMG] splats (Red)
Sun Feb  2 21:40:16 2025 Cpt.Shiitoh (Red) [Headshot] Naja (Blue)
Sun Feb  2 21:40:22 2025 ENTUSSIASMAO (Red) [SMG] Vagabond (Blue)
Sun Feb  2 21:40:23 2025 Deuce (Blue) [Headshot] Bizonho (Red)
Sun Feb  2 21:40:24 2025 Cpt.Shiitoh (Red) [SMG] Dick'd (Blue)
Sun Feb  2 21:40:27 2025 [Global] Cpt.Shiitoh (Red): :v
Sun Feb  2 21:40:30 2025 {LAG} Irongears (Blue) [SMG] ENTUSSIASMAO (Red)
Sun Feb  2 21:40:31 2025 Harry (Red) [Headshot] Deuce (Blue)
Sun Feb  2 21:40:32 2025  This server runs imger and glow. Use /IMG or /GLOW to toggle them.
Sun Feb  2 21:40:32 2025 DDS (Blue) [Headshot] Cpt.Shiitoh (Red)
Sun Feb  2 21:40:36 2025 stonked (Red) [Grenade] DDT (Blue)
Sun Feb  2 21:40:41 2025 stonked (Red) [Headshot] DDT (Blue)
Sun Feb  2 21:40:43 2025 stonked (Red) [Headshot] Deuce (Blue)
Sun Feb  2 21:40:48 2025 {LAG} Irongears (Blue) [Headshot] The Jesus (Red)
Sun Feb  2 21:40:52 2025 splats picked up Blue's Intel.
Sun Feb  2 21:40:54 2025 ENTUSSIASMAO (Red) [Headshot] Naja (Blue)
Sun Feb  2 21:40:57 2025 DDS (Blue) [Headshot] Cpt.Shiitoh (Red)
Sun Feb  2 21:40:59 2025 stonked (Red) [SMG] DDS (Blue)
Sun Feb  2 21:41:01 2025 ^w^ joined Blue team
Sun Feb  2 21:41:06 2025 stonked (Red) [Headshot] Naja (Blue)
Sun Feb  2 21:41:07 2025 splats dropped Blue's Intel
Sun Feb  2 21:41:07 2025  The intel has returned to the heavens
Sun Feb  2 21:41:07 2025 r3algood (Blue) [Headshot] splats (Red)
Sun Feb  2 21:41:09 2025 Deuce (Blue) [SMG] Bizonho (Red)
Sun Feb  2 21:41:13 2025 stonked (Red) [SMG] ^w^ (Blue)
Sun Feb  2 21:41:14 2025 Deuce (Blue) [Headshot] ENTUSSIASMAO (Red)
Sun Feb  2 21:41:19 2025 Cpt.Shiitoh (Red) [Headshot] Dick'd (Blue)
Sun Feb  2 21:41:21 2025 stonked (Red) [Headshot] Deuce (Blue)
Sun Feb  2 21:41:22 2025 {LAG} Irongears (Blue) [SMG] Harry (Red)
Sun Feb  2 21:41:26 2025 ^w^ (Blue) [Headshot] stonked (Red)
Sun Feb  2 21:41:27 2025 {LAG} Irongears (Blue) [SMG] The Jesus (Red)
Sun Feb  2 21:41:29 2025 {LAG} Irongears (Blue) [Headshot] bangbang (Red)
Sun Feb  2 21:41:32 2025  Use /EMOTE to draw an emote on the map!
Sun Feb  2 21:41:35 2025 Harry (Red) [Headshot] {LAG} Irongears (Blue)
Sun Feb  2 21:41:39 2025 Cpt.Shiitoh (Red) [Headshot] Dick'd (Blue)
Sun Feb  2 21:41:40 2025 splats picked up Blue's Intel.
Sun Feb  2 21:41:42 2025 [Global] Cpt.Shiitoh (Red): xd
Sun Feb  2 21:41:46 2025 r3algood (Blue) [Headshot] bangbang (Red)
Sun Feb  2 21:41:50 2025 Cpt.Shiitoh (Red) [SMG] Vagabond (Blue)
Sun Feb  2 21:41:52 2025 splats dropped Blue's Intel
Sun Feb  2 21:41:52 2025  The intel has returned to the heavens
Sun Feb  2 21:41:52 2025 r3algood (Blue) [Headshot] splats (Red)
Sun Feb  2 21:41:58 2025 Harry (Red) [Rifle] Naja (Blue)
Sun Feb  2 21:41:59 2025 [Global] Naja (Blue): hax
Sun Feb  2 21:42:01 2025 Bizonho (Red) [Rifle]
Sun Feb  2 21:42:04 2025 Cpt.Shiitoh (Red) [SMG] Dick'd (Blue)
Sun Feb  2 21:42:09 2025 Deuce (Blue) [SMG] The Jesus (Red)
Sun Feb  2 21:42:14 2025 Harry (Red) [Headshot] Deuce (Blue)
Sun Feb  2 21:42:16 2025 stonked (Red) [SMG] Vagabond (Blue)
Sun Feb  2 21:42:16 2025 ^w^ (Blue) [Fall]
Sun Feb  2 21:42:17 2025 {LAG} Irongears (Blue) [Headshot] stonked (Red)
Sun Feb  2 21:42:19 2025 r3algood (Blue) [Headshot] bangbang (Red)
Sun Feb  2 21:42:23 2025 splats (Red) [Headshot] Naja (Blue)
Sun Feb  2 21:42:25 2025 [Global] Naja (Blue): y
Sun Feb  2 21:42:32 2025  Use /HEAVEN to paint the babel platform!
Sun Feb  2 21:42:37 2025 Dick'd (Blue) [SMG] Cpt.Shiitoh (Red)
Sun Feb  2 21:42:40 2025 [Global] Cpt.Shiitoh (Red): asg
Sun Feb  2 21:42:41 2025 Deuce (Blue) [Headshot] splats (Red)
Sun Feb  2 21:42:44 2025 Bizonho (Red) [Grenade] {LAG} Irongears (Blue)
Sun Feb  2 21:42:44 2025 Bizonho (Red) [Grenade] Naja (Blue)
Sun Feb  2 21:42:47 2025 [Global] Naja (Blue): all star game?
Sun Feb  2 21:42:47 2025 ^w^ (Blue) [Fall]
Sun Feb  2 21:42:51 2025 Cpt.Shiitoh (Red) [Grenade] Dick'd (Blue)
Sun Feb  2 21:42:55 2025 [Global] Cpt.Shiitoh (Red): boom
Sun Feb  2 21:42:59 2025 Bizonho picked up Blue's Intel.
Sun Feb  2 21:43:04 2025 Cpt.Shiitoh (Red) [SMG] Vagabond (Blue)
Sun Feb  2 21:43:07 2025 Bizonho dropped Blue's Intel
Sun Feb  2 21:43:07 2025  The intel has returned to the heavens
Sun Feb  2 21:43:07 2025 Nassa (Blue) [Rifle] Bizonho (Red)
Sun Feb  2 21:43:09 2025 [Global] Vagabond (Blue): quase hein
Sun Feb  2 21:43:10 2025 Cpt.Shiitoh (Red) [Headshot] Dick'd (Blue)
Sun Feb  2 21:43:12 2025 Deuce (Blue) [Headshot] bangbang (Red)
Sun Feb  2 21:43:13 2025 [Global] r3algood (Blue): ns nassa
Sun Feb  2 21:43:13 2025 stonked (Red) [SMG] DDT (Blue)
Sun Feb  2 21:43:14 2025 ^w^ (Blue) [Headshot] Cpt.Shiitoh (Red)
Sun Feb  2 21:43:15 2025 [Global] Naja (Blue): ty
Sun Feb  2 21:43:16 2025 splats picked up Blue's Intel.
Sun Feb  2 21:43:20 2025 stonked (Red) [SMG] Deuce (Blue)
Sun Feb  2 21:43:24 2025 splats dropped Blue's Intel
Sun Feb  2 21:43:24 2025  The intel has returned to the heavens
Sun Feb  2 21:43:24 2025 r3algood (Blue) [Rifle] splats (Red)
Sun Feb  2 21:43:29 2025 Nassa (Blue) [Headshot] stonked (Red)
Sun Feb  2 21:43:32 2025  Get a 20 killstreak and 1 intel capture(s) to unlock /APOC!
Sun Feb  2 21:43:34 2025 r3algood (Blue) [Rifle] Cpt.Shiitoh (Red)
Sun Feb  2 21:43:39 2025 Harry (Red) [Headshot] Naja (Blue)
Sun Feb  2 21:43:45 2025 stonked (Red) [SMG] r3algood (Blue)
Sun Feb  2 21:43:48 2025 splats (Red) [SMG] {LAG} Irongears (Blue)
Sun Feb  2 21:43:48 2025 Harry (Red) [Headshot] Naja (Blue)
Sun Feb  2 21:43:49 2025 ^w^ (Blue) [Rifle] Harry (Red)
Sun Feb  2 21:43:51 2025 Cpt.Shiitoh (Red) [Headshot] Nassa (Blue)
Sun Feb  2 21:43:55 2025 splats picked up Blue's Intel.
Sun Feb  2 21:43:56 2025 Dick'd (Blue) [Headshot] Cpt.Shiitoh (Red)
Sun Feb  2 21:43:56 2025  stonked has reached 1000 blocks placed! /heaven unlocked.
Sun Feb  2 21:43:57 2025 ENTUSSIASMAO (Red) [SMG] {LAG} Irongears (Blue)
Sun Feb  2 21:44:01 2025 splats dropped Blue's Intel
Sun Feb  2 21:44:01 2025  The intel has returned to the heavens
Sun Feb  2 21:44:01 2025 Deuce (Blue) [SMG] splats (Red)
Sun Feb  2 21:44:08 2025 Deuce picked up Red's Intel.
Sun Feb  2 21:44:10 2025 ENTUSSIASMAO (Red) [Headshot] r3algood (Blue)
Sun Feb  2 21:44:12 2025 Harry (Red) [Headshot] Dick'd (Blue)
Sun Feb  2 21:44:14 2025 Deuce dropped Red's Intel
Sun Feb  2 21:44:14 2025 stonked (Red) [Headshot] Deuce (Blue)
Sun Feb  2 21:44:14 2025 Deuce (Blue) [Grenade] stonked (Red)
Sun Feb  2 21:44:18 2025 ENTUSSIASMAO (Red) [Headshot] r3algood (Blue)
Sun Feb  2 21:44:22 2025 ^w^ (Blue) [Headshot] splats (Red)
Sun Feb  2 21:44:26 2025 Vagabond picked up Red's Intel.
Sun Feb  2 21:44:27 2025 Vagabond (Blue) [Grenade] Cpt.Shiitoh (Red)
Sun Feb  2 21:44:32 2025  Capture your team's 5th intel to unlock /APOC for your team's best builder!
Sun Feb  2 21:44:34 2025 [Team] Cpt.Shiitoh (Red): end game
Sun Feb  2 21:44:38 2025 Vagabond dropped Red's Intel
Sun Feb  2 21:44:38 2025 ^w^ (Blue) [Headshot] Harry (Red)
Sun Feb  2 21:44:38 2025 {LAG} Irongears picked up Red's Intel.
Sun Feb  2 21:44:40 2025 {LAG} Irongears dropped Red's Intel
Sun Feb  2 21:44:40 2025 stonked (Red) [SMG] {LAG} Irongears (Blue)
Sun Feb  2 21:44:42 2025 Vagabond (Blue) [Headshot] stonked (Red)
Sun Feb  2 21:44:46 2025 Deuce picked up Red's Intel.
Sun Feb  2 21:44:48 2025 splats (Red) [SMG] Vagabond (Blue)
Sun Feb  2 21:44:50 2025 Deuce dropped Red's Intel
Sun Feb  2 21:44:50 2025  The intel has returned to the heavens
Sun Feb  2 21:44:50 2025 ENTUSSIASMAO (Red) [SMG] Deuce (Blue)
Sun Feb  2 21:44:51 2025 DDT (Blue) [Fall]
Sun Feb  2 21:44:51 2025 ENTUSSIASMAO (Red) [SMG] r3algood (Blue)
Sun Feb  2 21:44:53 2025 ^w^ (Blue) [Headshot] ENTUSSIASMAO (Red)
Sun Feb  2 21:44:57 2025 splats picked up Blue's Intel.
Sun Feb  2 21:45:09 2025 Cpt.Shiitoh (Red) [Headshot] Vagabond (Blue)
Sun Feb  2 21:45:10 2025 r3algood (Blue) [SMG] Cpt.Shiitoh (Red)
Sun Feb  2 21:45:15 2025 splats dropped Blue's Intel
Sun Feb  2 21:45:15 2025  The intel has returned to the heavens
Sun Feb  2 21:45:15 2025 Naja (Blue) [SMG] splats (Red)
Sun Feb  2 21:45:16 2025 stonked (Red) [SMG] r3algood (Blue)
Sun Feb  2 21:45:21 2025 ^w^ (Blue) [Headshot] stonked (Red)
Sun Feb  2 21:45:32 2025  Mahalo for playing aloha.pk tower of babel
Sun Feb  2 21:45:34 2025 splats (Red) [SMG] Nassa (Blue)
Sun Feb  2 21:45:37 2025 Nassa (Blue) [Grenade] Cpt.Shiitoh (Red)
Sun Feb  2 21:45:40 2025 Deuce (Blue) [Headshot] splats (Red)
Sun Feb  2 21:45:42 2025 DDT (Blue) [Fall]
Sun Feb  2 21:45:46 2025 Deuce picked up Red's Intel.
Sun Feb  2 21:45:48 2025 stonked (Red) [SMG] Vagabond (Blue)
Sun Feb  2 21:45:48 2025 Deuce dropped Red's Intel
Sun Feb  2 21:45:48 2025 stonked (Red) [Headshot] Deuce (Blue)
Sun Feb  2 21:45:50 2025 [Global] Vagabond (Blue): omg
Sun Feb  2 21:45:56 2025 stonked (Red) [SMG] r3algood (Blue)
Sun Feb  2 21:46:00 2025 stonked (Red) [Headshot] {LAG} Irongears (Blue)
Sun Feb  2 21:46:02 2025 Cpt.Shiitoh (Red) [Headshot] Nassa (Blue)
Sun Feb  2 21:46:02 2025 stonked (Red) [Headshot] Dick'd (Blue)
Sun Feb  2 21:46:06 2025 ^w^ (Blue) [Headshot] Harry (Red)
Sun Feb  2 21:46:08 2025 Naja (Blue) [SMG] ENTUSSIASMAO (Red)
Sun Feb  2 21:46:08 2025 Player bangbang has left
Sun Feb  2 21:46:10 2025 stonked picked up Blue's Intel.
Sun Feb  2 21:46:11 2025 stonked dropped Blue's Intel
Sun Feb  2 21:46:11 2025 Deuce (Blue) [SMG] stonked (Red)
Sun Feb  2 21:46:12 2025 Cpt.Shiitoh (Red) [Grenade] r3algood (Blue)
Sun Feb  2 21:46:12 2025 Deuce (Blue) [Headshot] Cpt.Shiitoh (Red)
Sun Feb  2 21:46:13 2025 stonked (Red) [Grenade] Deuce (Blue)
Sun Feb  2 21:46:13 2025 DDS (Blue) [Headshot] splats (Red)
Sun Feb  2 21:46:20 2025 ^w^ (Blue) [Fall]
Sun Feb  2 21:46:32 2025 Cpt.Shiitoh (Red) [SMG] Vagabond (Blue)
Sun Feb  2 21:46:32 2025  Build a tower to get the enemy's intel. Take it to your team's tent to win!
Sun Feb  2 21:46:34 2025 DDS (Blue) [Headshot] Harry (Red)
Sun Feb  2 21:46:36 2025 Deuce (Blue) [Headshot] stonked (Red)
Sun Feb  2 21:46:37 2025 Cpt.Shiitoh (Red) [Headshot] Deuce (Blue)
Sun Feb  2 21:46:37 2025 Cpt.Shiitoh (Red) [Headshot] r3algood (Blue)
Sun Feb  2 21:46:40 2025 Nassa (Blue) [Rifle] Cpt.Shiitoh (Red)
Sun Feb  2 21:46:41 2025 splats (Red) [Headshot] Nassa (Blue)
Sun Feb  2 21:46:44 2025 Bizonho (Red) [SMG] {LAG} Irongears (Blue)
Sun Feb  2 21:46:46 2025 [Team] Cpt.Shiitoh (Red): Lets go all 
Sun Feb  2 21:46:49 2025 splats picked up Blue's Intel.
Sun Feb  2 21:46:57 2025 ^w^ (Blue) [Headshot] Bizonho (Red)
Sun Feb  2 21:46:58 2025 rinonel joined Red team
Sun Feb  2 21:47:00 2025 splats dropped Blue's Intel
Sun Feb  2 21:47:00 2025  The intel has returned to the heavens
Sun Feb  2 21:47:00 2025 splats (Red) [Fall]
Sun Feb  2 21:47:00 2025 Deuce (Blue) [SMG] ENTUSSIASMAO (Red)
Sun Feb  2 21:47:02 2025 ENTUSSIASMAO (Red) [Grenade] DDT (Blue)
Sun Feb  2 21:47:02 2025 stonked (Red) [SMG] Deuce (Blue)
Sun Feb  2 21:47:03 2025 Naja (Blue) [SMG] The Jesus (Red)
Sun Feb  2 21:47:03 2025 stonked (Red) [Headshot] r3algood (Blue)
Sun Feb  2 21:47:06 2025 ^w^ (Blue) [Rifle] stonked (Red)
Sun Feb  2 21:47:10 2025 Player rinonel has left
Sun Feb  2 21:47:15 2025 {LAG} Irongears (Blue) [SMG] Harry (Red)
Sun Feb  2 21:47:16 2025 ^w^ (Blue) [Rifle] Cpt.Shiitoh (Red)
Sun Feb  2 21:47:20 2025 ENTUSSIASMAO (Red) [SMG] Vagabond (Blue)
Sun Feb  2 21:47:21 2025 ENTUSSIASMAO (Red) [Grenade] ^w^ (Blue)
Sun Feb  2 21:47:22 2025 Nassa (Blue) [SMG] ENTUSSIASMAO (Red)
Sun Feb  2 21:47:28 2025 Deuce picked up Red's Intel.
Sun Feb  2 21:47:28 2025 r3algood (Blue) [Grenade] splats (Red)
Sun Feb  2 21:47:32 2025  Type /HELP for info & commands
Sun Feb  2 21:47:34 2025 Nassa (Blue) [SMG] stonked (Red)
Sun Feb  2 21:47:35 2025 Naja (Blue) [Headshot] ENTUSSIASMAO (Red)
Sun Feb  2 21:47:37 2025 Nassa (Blue) [Headshot] Harry (Red)
Sun Feb  2 21:47:38 2025 {LAG} Irongears (Blue) [SMG] Bizonho (Red)
Sun Feb  2 21:47:41 2025 stonked (Red) [Headshot] Nassa (Blue)
Sun Feb  2 21:47:48 2025 ^w^ (Blue) [Headshot] Cpt.Shiitoh (Red)
Sun Feb  2 21:47:50 2025 Player Cpt.Shiitoh has left
Sun Feb  2 21:47:52 2025 Deuce captured Red's Intel.
Sun Feb  2 21:47:54 2025 Greasyhamster joined Red team
Sun Feb  2 21:47:56 2025 [Global] Naja (Blue): GREASY
Sun Feb  2 21:47:57 2025 Vagabond picked up Red's Intel.
Sun Feb  2 21:47:57 2025 stonked (Red) [Headshot] r3algood (Blue)
Sun Feb  2 21:47:59 2025 [Global] Greasyhamster (Red): NAJA
Sun Feb  2 21:48:01 2025 DDS (Blue) [Headshot] splats (Red)
Sun Feb  2 21:48:02 2025 Vagabond dropped Red's Intel
Sun Feb  2 21:48:02 2025 stonked (Red) [SMG] Vagabond (Blue)
Sun Feb  2 21:48:02 2025 ^w^ (Blue) [Rifle] stonked (Red)
Sun Feb  2 21:48:05 2025 Harry (Red) [Headshot] ^w^ (Blue)
Sun Feb  2 21:48:12 2025 Bizonho (Red) [Grenade] Dick'd (Blue)
Sun Feb  2 21:48:14 2025 Harry (Red) [Grenade] Nassa (Blue)
Sun Feb  2 21:48:14 2025 You must be closer to the enemy's base to grenade blocks!
Sun Feb  2 21:48:15 2025 You must be closer to the enemy's base to grenade blocks!
Sun Feb  2 21:48:16 2025 You must be closer to the enemy's base to grenade blocks!
Sun Feb  2 21:48:16 2025 Harry picked up Blue's Intel.
Sun Feb  2 21:48:21 2025 Naja (Blue) [Headshot] splats (Red)
Sun Feb  2 21:48:22 2025 Bizonho (Red) [Headshot] r3algood (Blue)
Sun Feb  2 21:48:25 2025 Player splats has left
Sun Feb  2 21:48:26 2025 ENTUSSIASMAO (Red) [Melee] ^w^ (Blue)
Sun Feb  2 21:48:29 2025 DDT (Blue) [Fall]
Sun Feb  2 21:48:30 2025 Bizonho (Red) [Headshot] Deuce (Blue)
Sun Feb  2 21:48:32 2025  Visit our community forums at https://aloha.pk/
Sun Feb  2 21:48:34 2025 ENTUSSIASMAO (Red) [SMG] r3algood (Blue)
Sun Feb  2 21:48:35 2025 Greasyhamster (Red) [SMG] Vagabond (Blue)
Sun Feb  2 21:48:35 2025 Greasyhamster (Red) [Grenade] Dick'd (Blue)
Sun Feb  2 21:48:35 2025 ^w^ (Blue) [Headshot] ENTUSSIASMAO (Red)
Sun Feb  2 21:48:37 2025 Ketsuidachi joined Red team
Sun Feb  2 21:48:40 2025 Greasyhamster (Red) [Headshot] Nassa (Blue)
Sun Feb  2 21:48:48 2025 stonked (Red) [SMG] Vagabond (Blue)
Sun Feb  2 21:48:50 2025 DDS (Blue) [Headshot] The Jesus (Red)
Sun Feb  2 21:48:51 2025 Greasyhamster (Red) [Headshot] Dick'd (Blue)
Sun Feb  2 21:48:52 2025 Greasyhamster (Red) [Headshot] ^w^ (Blue)
Sun Feb  2 21:48:53 2025 Deuce (Blue) [SMG] Greasyhamster (Red)
Sun Feb  2 21:48:59 2025 Bizonho (Red) [Headshot] Deuce (Blue)
Sun Feb  2 21:48:59 2025 [Team] Harry (Red): THERES A BLUE NEAR THE TENT
Sun Feb  2 21:49:04 2025 Bizonho (Red) [SMG] Dick'd (Blue)
Sun Feb  2 21:49:08 2025 {LAG} Irongears (Blue) [SMG] Ketsuidachi (Red)
Sun Feb  2 21:49:15 2025 Harry dropped Blue's Intel
Sun Feb  2 21:49:15 2025  The intel has returned to the heavens
Sun Feb  2 21:49:15 2025 Naja (Blue) [Headshot] Harry (Red)
Sun Feb  2 21:49:21 2025 The Jesus picked up Blue's Intel.
Sun Feb  2 21:49:21 2025 ENTUSSIASMAO (Red) [SMG] Deuce (Blue)
Sun Feb  2 21:49:26 2025 stonked (Red) [Headshot] Dick'd (Blue)
Sun Feb  2 21:49:28 2025 r3algood (Blue) [Grenade]
Sun Feb  2 21:49:31 2025 ENTUSSIASMAO (Red) [SMG] ^w^ (Blue)
Sun Feb  2 21:49:32 2025  Come chat with us at https://discord.aloha.pk/
Sun Feb  2 21:49:37 2025 Greasyhamster (Red) [Headshot] DDS (Blue)
Sun Feb  2 21:49:44 2025 The Jesus dropped Blue's Intel
Sun Feb  2 21:49:44 2025  The intel has returned to the heavens
Sun Feb  2 21:49:44 2025 Naja (Blue) [Headshot] The Jesus (Red)
Sun Feb  2 21:49:46 2025 ^w^ (Blue) [Rifle] Bizonho (Red)
Sun Feb  2 21:49:48 2025 ^w^ (Blue) [Rifle] ENTUSSIASMAO (Red)
Sun Feb  2 21:49:50 2025 {LAG} Irongears (Blue) [SMG] Ketsuidachi (Red)
Sun Feb  2 21:49:51 2025 Harry picked up Blue's Intel.
Sun Feb  2 21:49:53 2025 Deuce (Blue) [Grenade]
Sun Feb  2 21:49:58 2025 Player Deuce has left
Sun Feb  2 21:50:02 2025 Greasyhamster (Red) [Headshot] DDT (Blue)
Sun Feb  2 21:50:02 2025 The Jesus (Red) [Headshot] Naja (Blue)
Sun Feb  2 21:50:03 2025 Greasyhamster (Red) [Headshot] Dick'd (Blue)
Sun Feb  2 21:50:03 2025 [Global] Naja (Blue): lol
Sun Feb  2 21:50:10 2025 stonked (Red) [SMG] DDT (Blue)
Sun Feb  2 21:50:13 2025 Vagabond (Blue) [Melee] Ketsuidachi (Red)
Sun Feb  2 21:50:14 2025 Greasyhamster (Red) [SMG] Nassa (Blue)
Sun Feb  2 21:50:15 2025 DDS (Blue) [Rifle] Greasyhamster (Red)
Sun Feb  2 21:50:20 2025 Harry captured Blue's Intel.
Sun Feb  2 21:50:21 2025 stonked (Red) [SMG] DDS (Blue)
Sun Feb  2 21:50:26 2025 Googlesplat joined Red team
Sun Feb  2 21:50:28 2025 {LAG} Irongears (Blue) [Headshot] Googlesplat (Red)
Sun Feb  2 21:50:28 2025 ENTUSSIASMAO picked up Blue's Intel.
Sun Feb  2 21:50:32 2025 Vagabond (Blue) [Headshot] Ketsuidachi (Red)
Sun Feb  2 21:50:32 2025  If you believe a player is breaking the rules, please let us know with /ADMIN
Sun Feb  2 21:50:34 2025 [Global] Googlesplat (Red): vaga!
Sun Feb  2 21:50:34 2025 DDS (Blue) [Rifle] stonked (Red)
Sun Feb  2 21:50:44 2025 {LAG} Irongears (Blue) [Headshot] Ketsuidachi (Red)
Sun Feb  2 21:50:44 2025 Googlesplat (Red) [Headshot] {LAG} Irongears (Blue)
Sun Feb  2 21:50:47 2025 [Global] Greasyhamster (Red): hello googles plat
Sun Feb  2 21:50:56 2025 Googlesplat (Red) [Rifle] Vagabond (Blue)
Sun Feb  2 21:50:57 2025 r3algood (Blue) [Headshot] Ketsuidachi (Red)
Sun Feb  2 21:51:00 2025 Harry (Red) [Headshot] r3algood (Blue)
Sun Feb  2 21:51:00 2025 Naja (Blue) [Headshot] stonked (Red)
Sun Feb  2 21:51:01 2025 Nassa (Blue) [Headshot] Greasyhamster (Red)
Sun Feb  2 21:51:02 2025 [Global] Vagabond (Blue): omg tFINALLY THE LEGEND
Sun Feb  2 21:51:04 2025 Naja (Blue) [Headshot] Googlesplat (Red)
Sun Feb  2 21:51:04 2025 [Global] Vagabond (Blue): GOOGLE
Sun Feb  2 21:51:04 2025 Bizonho (Red) [Headshot] ^w^ (Blue)
Sun Feb  2 21:51:06 2025 ENTUSSIASMAO captured Blue's Intel.
Sun Feb  2 21:51:06 2025 [Global] Vagabond (Blue): FUCKING 
Sun Feb  2 21:51:08 2025 [Global] Vagabond (Blue): SPLAT
Sun Feb  2 21:51:08 2025 YOELUCHIJA joined Red team
Sun Feb  2 21:51:08 2025 Greasyhamster (Red) [Headshot] Naja (Blue)
Sun Feb  2 21:51:09 2025 Harry (Red) [Headshot] Dick'd (Blue)
Sun Feb  2 21:51:11 2025 [Global] Naja (Blue): hacks
Sun Feb  2 21:51:14 2025 [Global] Greasyhamster (Red): yup
Sun Feb  2 21:51:17 2025 [Global] Vagabond (Blue): OMG
Sun Feb  2 21:51:20 2025 Bizonho (Red) [Headshot] r3algood (Blue)
Sun Feb  2 21:51:22 2025 DDS (Blue) [Headshot] YOELUCHIJA (Red)
Sun Feb  2 21:51:25 2025 [Global] Vagabond (Blue): HELLO GOOGLE
Sun Feb  2 21:51:29 2025 ENTUSSIASMAO picked up Blue's Intel.
Sun Feb  2 21:51:32 2025  This server runs imger and glow. Use /IMG or /GLOW to toggle them.
Sun Feb  2 21:51:33 2025 Bizonho (Red) [Headshot] Vagabond (Blue)
Sun Feb  2 21:51:35 2025 DDS (Blue) [Rifle] Googlesplat (Red)
Sun Feb  2 21:51:36 2025 [Global] Googlesplat (Red): lol
Sun Feb  2 21:51:40 2025 ^w^ (Blue) [Grenade] Bizonho (Red)
Sun Feb  2 21:51:41 2025 Greasyhamster (Red) [Headshot] ^w^ (Blue)
Sun Feb  2 21:51:42 2025 Dick'd (Blue) [Grenade]
Sun Feb  2 21:51:44 2025 DDS (Blue) [Headshot] YOELUCHIJA (Red)
Sun Feb  2 21:51:44 2025 [Global] Vagabond (Blue): MISS U BRO
Sun Feb  2 21:51:45 2025 Naja (Blue) [Headshot] Harry (Red)
Sun Feb  2 21:51:51 2025 Greasyhamster (Red) [Grenade] Vagabond (Blue)
Sun Feb  2 21:51:58 2025  With 1814 blocks placed, Bizonho is granted the right to unleash the apocalypse.
Sun Feb  2 21:51:58 2025 ENTUSSIASMAO captured Blue's Intel.
Sun Feb  2 21:51:58 2025 Harry (Red) [Headshot] Naja (Blue)
Sun Feb  2 21:51:58 2025 Greasyhamster (Red) [Headshot] r3algood (Blue)
Sun Feb  2 21:52:01 2025 Greasyhamster (Red) [Headshot] DDT (Blue)
Sun Feb  2 21:52:04 2025 [Global] Googlesplat (Red): you been good?
Sun Feb  2 21:52:10 2025 [Global] Vagabond (Blue): yeah, and u
Sun Feb  2 21:52:11 2025 [Global] Naja (Blue): yes he goood
Sun Feb  2 21:52:12 2025 ^w^ (Blue) [Headshot] Bizonho (Red)
Sun Feb  2 21:52:12 2025 Googlesplat (Red) [Headshot] DDS (Blue)
Sun Feb  2 21:52:13 2025 Greasyhamster (Red) [SMG] Vagabond (Blue)
Sun Feb  2 21:52:16 2025 [Global] Googlesplat (Red): yep pretty good
Sun Feb  2 21:52:19 2025 Dick'd (Blue) [Headshot] Ketsuidachi (Red)
Sun Feb  2 21:52:22 2025 ENTUSSIASMAO picked up Blue's Intel.
Sun Feb  2 21:52:28 2025 Bizonho (Red) [Headshot] r3algood (Blue)
Sun Feb  2 21:52:32 2025  Use /EMOTE to draw an emote on the map!
Sun Feb  2 21:52:37 2025 Greasyhamster (Red) [Headshot] DDS (Blue)
Sun Feb  2 21:52:37 2025 Googlesplat (Red) [Headshot] Dick'd (Blue)
Sun Feb  2 21:52:42 2025 Greasyhamster (Red) [Headshot] ^w^ (Blue)
Sun Feb  2 21:52:45 2025 ENTUSSIASMAO captured Blue's Intel.
Sun Feb  2 21:52:45 2025 Greasyhamster (Red) [Headshot] Vagabond (Blue)
Sun Feb  2 21:52:47 2025 Greasyhamster (Red) [Fall]
Sun Feb  2 21:52:49 2025  Bizonho has unleashed an apocalypse from God.
Sun Feb  2 21:52:51 2025  The apocalypse begins in 5
Sun Feb  2 21:52:52 2025  The apocalypse begins in 4
Sun Feb  2 21:52:52 2025 Googlesplat (Red) [Headshot] Dick'd (Blue)
Sun Feb  2 21:52:53 2025  The apocalypse begins in 3
Sun Feb  2 21:52:54 2025  The apocalypse begins in 2
Sun Feb  2 21:52:54 2025 You must be closer to the enemy's base to grenade blocks!
Sun Feb  2 21:52:55 2025 Googlesplat (Red) [Headshot] r3algood (Blue)
Sun Feb  2 21:52:55 2025  The apocalypse begins in 1
Sun Feb  2 21:52:55 2025 You must be closer to the enemy's base to grenade blocks!
Sun Feb  2 21:52:56 2025 Harry picked up Blue's Intel.
Sun Feb  2 21:52:59 2025 [Global] Greasyhamster (Red): gg!
Sun Feb  2 21:53:00 2025 Player Greasyhamster has left
Sun Feb  2 21:53:00 2025 stonked (Red) [SMG] DDS (Blue)
Sun Feb  2 21:53:06 2025 Bizonho (Red) [Grenade] r3algood (Blue)
Sun Feb  2 21:53:06 2025 Bizonho (Red) [Grenade] {LAG} Irongears (Blue)
Sun Feb  2 21:53:06 2025 Bizonho (Red) [Grenade] Vagabond (Blue)
Sun Feb  2 21:53:06 2025 Bizonho (Red) [Grenade] Nassa (Blue)
Sun Feb  2 21:53:07 2025 Bizonho (Red) [Grenade] DDS (Blue)
Sun Feb  2 21:53:07 2025 Bizonho (Red) [Grenade] Dick'd (Blue)
Sun Feb  2 21:53:12 2025  The apocalypse has ended.
Sun Feb  2 21:53:16 2025 Ketsuidachi (Red) [Headshot] Naja (Blue)
Sun Feb  2 21:53:17 2025 Goldorak joined Spectator team
Sun Feb  2 21:53:17 2025 [Global] Naja (Blue): luckt
Sun Feb  2 21:53:18 2025 Harry captured Blue's Intel.
Sun Feb  2 21:53:22 2025 ENTUSSIASMAO picked up Blue's Intel.
Sun Feb  2 21:53:27 2025 Googlesplat (Red) [Headshot] {LAG} Irongears (Blue)
Sun Feb  2 21:53:32 2025 Toddy3557 joined Red team
Sun Feb  2 21:53:32 2025  Use /HEAVEN to paint the babel platform!
Sun Feb  2 21:53:33 2025 Googlesplat (Red) [Headshot] Dick'd (Blue)
Sun Feb  2 21:53:37 2025 Googlesplat (Red) [Headshot] DDT (Blue)
Sun Feb  2 21:53:38 2025 [Global] Goldorak (): WPW, NICE MAP
Sun Feb  2 21:53:39 2025 Googlesplat (Red) [Rifle] Naja (Blue)
Sun Feb  2 21:53:41 2025 Googlesplat (Red) [Headshot] DDT (Blue)
Sun Feb  2 21:53:42 2025 ^w^ (Blue) [Headshot] YOELUCHIJA (Red)
Sun Feb  2 21:53:43 2025 {LAG} Irongears (Blue) [Headshot] Googlesplat (Red)
Sun Feb  2 21:53:44 2025 stonked (Red) [Headshot] Vagabond (Blue)
Sun Feb  2 21:53:49 2025 ENTUSSIASMAO captured Blue's Intel.
Sun Feb  2 21:53:50 2025 You must be closer to the enemy's base to grenade blocks!
Sun Feb  2 21:53:50 2025 [Global] Vagabond (Blue): ahhhhhhhhhhhhhhhhhhhhhhhhhhhhhh
Sun Feb  2 21:53:51 2025 You must be closer to the enemy's base to grenade blocks!
Sun Feb  2 21:53:51 2025 Dingus joined Red team
Sun Feb  2 21:53:51 2025 ^w^ (Blue) [Headshot] ENTUSSIASMAO (Red)
Sun Feb  2 21:53:53 2025 [Global] Naja (Blue): ding
Sun Feb  2 21:53:55 2025 Harry (Red) [Headshot] DDT (Blue)
Sun Feb  2 21:53:56 2025 Nassa (Blue) [Headshot] Ketsuidachi (Red)
Sun Feb  2 21:53:56 2025 Vagabond (Blue) [SMG] stonked (Red)
Sun Feb  2 21:54:00 2025 Dingus (Red) [Headshot] ^w^ (Blue)
Sun Feb  2 21:54:04 2025 Googlesplat (Red) [Headshot] Nassa (Blue)
Sun Feb  2 21:54:08 2025 Vagabond (Blue) [Headshot] Dingus (Red)
Sun Feb  2 21:54:09 2025 The Jesus (Red) [Headshot] Naja (Blue)
Sun Feb  2 21:54:16 2025 [Global] Goldorak (): fun to play ?
Sun Feb  2 21:54:16 2025 DDS (Blue) [Rifle] The Jesus (Red)
Sun Feb  2 21:54:20 2025 ENTUSSIASMAO picked up Blue's Intel.
Sun Feb  2 21:54:21 2025 Googlesplat (Red) [Rifle] Vagabond (Blue)
Sun Feb  2 21:54:22 2025 Harry (Red) [Headshot] DDT (Blue)
Sun Feb  2 21:54:23 2025 ^w^ (Blue) [Headshot] Bizonho (Red)
Sun Feb  2 21:54:26 2025 [Global] Vagabond (Blue): hey goldo
Sun Feb  2 21:54:28 2025 {LAG} Irongears (Blue) [SMG] Toddy3557 (Red)
Sun Feb  2 21:54:31 2025 [Global] Googlesplat (Red): dad!
Sun Feb  2 21:54:32 2025  Get a 20 killstreak and 1 intel capture(s) to unlock /APOC!
Sun Feb  2 21:54:32 2025 ENTUSSIASMAO dropped Blue's Intel
Sun Feb  2 21:54:32 2025  The intel has returned to the heavens
Sun Feb  2 21:54:32 2025 r3algood (Blue) [Headshot] ENTUSSIASMAO (Red)
Sun Feb  2 21:54:32 2025 [Global] Goldorak (): hey Vaga
Sun Feb  2 21:54:35 2025 Harry (Red) [Headshot] DDT (Blue)
Sun Feb  2 21:54:38 2025 Googlesplat (Red) [Headshot] ^w^ (Blue)
Sun Feb  2 21:54:40 2025 Vagabond (Blue) [Headshot] Harry (Red)
Sun Feb  2 21:54:41 2025 DDS (Blue) [Rifle] The Jesus (Red)
Sun Feb  2 21:54:42 2025 Googlesplat (Red) [Headshot] Nassa (Blue)
Sun Feb  2 21:54:42 2025 [Global] Goldorak (): hey googlesplat
Sun Feb  2 21:54:43 2025 Naja (Blue) [Headshot] Ketsuidachi (Red)
Sun Feb  2 21:54:44 2025 Googlesplat (Red) [Headshot] Naja (Blue)
Sun Feb  2 21:54:46 2025 [Global] Naja (Blue): wtf
Sun Feb  2 21:54:51 2025 stonked (Red) [Headshot] DDT (Blue)
Sun Feb  2 21:54:51 2025 Dingus picked up Blue's Intel.
Sun Feb  2 21:54:52 2025 Vagabond (Blue) [Headshot] stonked (Red)
Sun Feb  2 21:54:53 2025 [Global] Googlesplat (Red): i was above you
Sun Feb  2 21:54:55 2025 ^w^ (Blue) [Headshot] Toddy3557 (Red)
Sun Feb  2 21:54:58 2025 ^w^ (Blue) [Rifle] Googlesplat (Red)
Sun Feb  2 21:55:03 2025 Dingus dropped Blue's Intel
Sun Feb  2 21:55:03 2025  The intel has returned to the heavens
Sun Feb  2 21:55:03 2025 r3algood (Blue) [Headshot] Dingus (Red)
Sun Feb  2 21:55:05 2025 {LAG} Irongears (Blue) [Headshot] Bizonho (Red)
Sun Feb  2 21:55:05 2025 YOELUCHIJA (Red) [Headshot] r3algood (Blue)
Sun Feb  2 21:55:06 2025 Googlesplat (Red) [Headshot] ^w^ (Blue)
Sun Feb  2 21:55:06 2025 ENTUSSIASMAO picked up Blue's Intel.
Sun Feb  2 21:55:10 2025 [Global] YOELUCHIJA (Red): WINN
Sun Feb  2 21:55:18 2025 Googlesplat (Red) [Headshot] Vagabond (Blue)
Sun Feb  2 21:55:28 2025 Harry (Red) [Headshot] Naja (Blue)
Sun Feb  2 21:55:29 2025 [Global] Naja (Blue): fuck
Sun Feb  2 21:55:30 2025 Bizonho (Red) [Headshot] {LAG} Irongears (Blue)
Sun Feb  2 21:55:32 2025  Capture your team's 5th intel to unlock /APOC for your team's best builder!
Sun Feb  2 21:55:36 2025 stonked (Red) [Headshot] Vagabond (Blue)
Sun Feb  2 21:55:36 2025 ENTUSSIASMAO captured Blue's Intel.
Sun Feb  2 21:55:38 2025 ^w^ (Blue) [Headshot] stonked (Red)
Sun Feb  2 21:55:39 2025 Harry (Red) [Rifle] Dick'd (Blue)
Sun Feb  2 21:55:43 2025 Dingus (Red) [SMG] DDS (Blue)
Sun Feb  2 21:55:47 2025 ^w^ (Blue) [Headshot] Harry (Red)
Sun Feb  2 21:55:51 2025 Googlesplat (Red) [Headshot] Dick'd (Blue)
Sun Feb  2 21:55:58 2025 ENTUSSIASMAO picked up Blue's Intel.
Sun Feb  2 21:56:05 2025 Googlesplat (Red) [Headshot] {LAG} Irongears (Blue)
Sun Feb  2 21:56:05 2025 Player DDT has left
Sun Feb  2 21:56:06 2025 ^w^ (Blue) [Rifle] Toddy3557 (Red)
Sun Feb  2 21:56:08 2025 Googlesplat (Red) [Headshot] r3algood (Blue)
Sun Feb  2 21:56:08 2025 Dingus (Red) [SMG] Vagabond (Blue)
Sun Feb  2 21:56:09 2025 stonked (Red) [SMG] ^w^ (Blue)
Sun Feb  2 21:56:10 2025 Googlesplat (Red) [Headshot] Nassa (Blue)
Sun Feb  2 21:56:15 2025 Dick'd (Blue) [SMG] Harry (Red)
Sun Feb  2 21:56:19 2025 Googlesplat (Red) [Headshot] {LAG} Irongears (Blue)
Sun Feb  2 21:56:20 2025 stonked (Red) [Headshot] Vagabond (Blue)
Sun Feb  2 21:56:20 2025 ^w^ (Blue) [Headshot] stonked (Red)
Sun Feb  2 21:56:21 2025 Dingus (Red) [Headshot] Dick'd (Blue)
Sun Feb  2 21:56:23 2025 DDS (Blue) [Headshot] Dingus (Red)
Sun Feb  2 21:56:25 2025 Googlesplat (Red) [Headshot] Nassa (Blue)
Sun Feb  2 21:56:27 2025 DDS (Blue) [Headshot] Harry (Red)
Sun Feb  2 21:56:28 2025 ENTUSSIASMAO captured Blue's Intel.
Sun Feb  2 21:56:28 2025 Red Wins!
Sun Feb  2 21:56:28 2025  Game finished! Next map: bigasssideforts.
Sun Feb  2 21:56:30 2025 Harry (Red) [Headshot] ^w^ (Blue)
Sun Feb  2 21:56:31 2025 {LAG} Irongears (Blue) [Headshot] Bizonho (Red)
Sun Feb  2 21:56:31 2025 Harry (Red) [Headshot] Dick'd (Blue)
Sun Feb  2 21:56:31 2025 Googlesplat (Red) [Headshot] DDS (Blue)
Sun Feb  2 21:56:31 2025 stonked (Red) [Headshot] Nassa (Blue)
Sun Feb  2 21:56:32 2025 Harry (Red) [Headshot] r3algood (Blue)
Sun Feb  2 21:56:32 2025  Mahalo for playing aloha.pk tower of babel
Sun Feb  2 21:56:32 2025 {LAG} Irongears (Blue) [Headshot] ENTUSSIASMAO (Red)
Sun Feb  2 21:56:32 2025 Bizonho (Red) [Grenade] {LAG} Irongears (Blue)
Sun Feb  2 21:56:33 2025 The Jesus (Red) [Grenade] Naja (Blue)
Sun Feb  2 21:56:33 2025 YOELUCHIJA (Red) [Grenade] Vagabond (Blue)
Sun Feb  2 21:56:34 2025 Vagabond (Blue) [Grenade] Ketsuidachi (Red)
Sun Feb  2 21:56:34 2025 Vagabond (Blue) [Grenade] Googlesplat (Red)
Sun Feb  2 21:56:34 2025 Vagabond (Blue) [Grenade] Dingus (Red)
Sun Feb  2 21:56:34 2025 Vagabond (Blue) [Grenade] Toddy3557 (Red)
Sun Feb  2 21:56:34 2025 The Jesus picked up Blue's Intel.
Sun Feb  2 21:56:35 2025 Vagabond (Blue) [Grenade] Harry (Red)
Sun Feb  2 21:56:35 2025 Vagabond (Blue) [Grenade] stonked (Red)
Sun Feb  2 21:56:36 2025 [Global] YOELUCHIJA (Red): EZ
Sun Feb  2 21:56:37 2025 [Global] Vagabond (Blue): YEAH
Sun Feb  2 21:56:38 2025 [Global] Googlesplat (Red): gg lol
Sun Feb  2 21:56:39 2025 ------ World Unloaded ------
Sun Feb  2 21:56:40 2025 Disconnecting
