Thu Jan 23 21:10:13 2025 ------ World Loaded ------
Thu Jan 23 21:10:13 2025 Welcome to aloha.pk tower of babel
Thu Jan 23 21:10:14 2025 Map: babel_arena by Danke
Thu Jan 23 21:10:16 2025 Elprosaso (Red) [Headshot] KKK (Blue)
Thu Jan 23 21:10:16 2025 Soviet Senko captured Blue's Intel.
Thu Jan 23 21:10:16 2025 Game mode: babel
Thu Jan 23 21:10:18 2025 KKK (Blue) [Fall]
Thu Jan 23 21:10:18 2025 Build a tower to get the enemy's intel. Take it to your team's tent to win!
Thu Jan 23 21:10:20 2025 Visit our community forum at https://aloha.pk/
Thu Jan 23 21:10:21 2025 Cloroformo (Red) [Headshot] Rruiz07 (Blue)
Thu Jan 23 21:10:22 2025 Come chat with us at https://discord.aloha.pk/
Thu Jan 23 21:10:28 2025 Player Rruiz07 has left
Thu Jan 23 21:10:28 2025 CarlosDuty (Red) [SMG] Tito Calderon (Blue)
Thu Jan 23 21:10:45 2025 KKK (Blue) [Headshot] CarlosDuty (Red)
Thu Jan 23 21:10:47 2025 KKK (Blue) [Headshot] Elprosaso (Red)
Thu Jan 23 21:10:49 2025 [Global] CarlosDuty (Red): XD
Thu Jan 23 21:10:56 2025 Cloroformo (Red) [Fall]
Thu Jan 23 21:10:57 2025 Soviet Senko picked up Blue's Intel.
Thu Jan 23 21:11:18 2025  If you believe a player is breaking the rules, please let us know with /ADMIN
Thu Jan 23 21:11:21 2025 KKK (Blue) [Headshot] Elprosaso (Red)
Thu Jan 23 21:11:21 2025 CarlosDuty (Red) [Headshot] KKK (Blue)
Thu Jan 23 21:11:22 2025 Soviet Senko captured Blue's Intel.
Thu Jan 23 21:11:29 2025 KKK (Blue) [SMG] CarlosDuty (Red)
Thu Jan 23 21:11:32 2025 [Global] CarlosDuty (Red): XD
Thu Jan 23 21:11:36 2025 Cloroformo (Red) [Fall]
Thu Jan 23 21:11:40 2025 Soviet Senko (Red) [SMG] Tito Calderon (Blue)
Thu Jan 23 21:11:42 2025 [Global] Tito Calderon (Blue): aaaaaa
Thu Jan 23 21:11:48 2025 [Global] Tito Calderon (Blue): balanceen
Thu Jan 23 21:11:51 2025 [Global] Tito Calderon (Blue): gordos
Thu Jan 23 21:11:57 2025 Soviet Senko (Red) [Headshot] KKK (Blue)
Thu Jan 23 21:12:05 2025 KKK (Blue) [SMG] Elprosaso (Red)
Thu Jan 23 21:12:11 2025 CarlosDuty (Red) [Headshot] Tito Calderon (Blue)
Thu Jan 23 21:12:15 2025 [Global] Tito Calderon (Blue): pasese uno
Thu Jan 23 21:12:23 2025  This server runs imger and glow. Use /IMG or /GLOW to toggle them.
Thu Jan 23 21:12:23 2025 [Global] Elprosaso (Red): cierto balance
Thu Jan 23 21:12:24 2025 Player Elprosaso has left
Thu Jan 23 21:12:29 2025 CarlosDuty (Red) [Headshot] Tito Calderon (Blue)
Thu Jan 23 21:12:32 2025 [Global] Tito Calderon (Blue): yo me tengo que ir a come
Thu Jan 23 21:12:36 2025 [Global] Tito Calderon (Blue): que lastima
Thu Jan 23 21:12:37 2025 KKK (Blue) [Fall]
Thu Jan 23 21:12:40 2025 [Global] Tito Calderon (Blue): bye ***as
Thu Jan 23 21:12:44 2025 Player Tito Calderon has left
Thu Jan 23 21:12:48 2025 Player KKK has left
Thu Jan 23 21:13:18 2025  Use /EMOTE to draw an emote on the map!
Thu Jan 23 21:13:34 2025 You can't destroy your team's blocks in this area. Attack the enemy's tower!
Thu Jan 23 21:13:35 2025 You can't destroy your team's blocks in this area. Attack the enemy's tower!
Thu Jan 23 21:13:36 2025 You can't destroy your team's blocks in this area. Attack the enemy's tower!
Thu Jan 23 21:13:36 2025 [Global] Soviet Senko (Red): blue rq
Thu Jan 23 21:13:36 2025 You can't destroy your team's blocks in this area. Attack the enemy's tower!
Thu Jan 23 21:13:36 2025 You can't destroy your team's blocks in this area. Attack the enemy's tower!
Thu Jan 23 21:13:47 2025 Disconnecting
