Sun Feb  2 21:17:33 2025 ------ World Loaded ------
Sun Feb  2 21:17:33 2025 Welcome to aloha.pk tower of babel
Sun Feb  2 21:17:34 2025 splats (Blue) [Rifle] Cpt.Shiitoh (Red)
Sun Feb  2 21:17:34 2025 Map: A Bridge Too Far by ei8htx
Sun Feb  2 21:17:36 2025 splats (Blue) [Headshot] The Jesus (Red)
Sun Feb  2 21:17:36 2025 Game mode: babel
Sun Feb  2 21:17:37 2025 Cpt.Shiitoh (Red) [Fall]
Sun Feb  2 21:17:37 2025 The Jesus (Red) [Fall]
Sun Feb  2 21:17:38 2025 Build a tower to get the enemy's intel. Take it to your team's tent to win!
Sun Feb  2 21:17:38 2025 Vagabond (Red) [Grenade] saci_pagodeiro (Blue)
Sun Feb  2 21:17:39 2025 ASR RUS captured Blue's Intel.
Sun Feb  2 21:17:40 2025 Visit our community forum at https://aloha.pk/
Sun Feb  2 21:17:41 2025 Vagabond (Red) [Headshot] Deuce (Blue)
Sun Feb  2 21:17:42 2025 Come chat with us at https://discord.aloha.pk/
Sun Feb  2 21:17:43 2025 splats (Blue) [Headshot] Vagabond (Red)
Sun Feb  2 21:17:43 2025 Bizonho (Red) [SMG] splats (Blue)
Sun Feb  2 21:17:46 2025 [Team] Vagabond (Red): SHOOT SHOOT
Sun Feb  2 21:17:54 2025 Harry (Red) [Headshot] DDT (Blue)
Sun Feb  2 21:17:54 2025 Dingus (Blue) [SMG] bangbang (Red)
Sun Feb  2 21:18:01 2025 Cpt.Shiitoh (Red) [Headshot] {LAG} Irongears (Blue)
Sun Feb  2 21:18:03 2025 splats (Blue) [Rifle] Cpt.Shiitoh (Red)
Sun Feb  2 21:18:06 2025 Dingus (Blue) [Headshot] ASR RUS (Red)
Sun Feb  2 21:18:09 2025 Harry (Red) [Headshot] splats (Blue)
Sun Feb  2 21:18:14 2025 You must be closer to the enemy's base to shoot blocks!
Sun Feb  2 21:18:14 2025 Deuce1 (Blue) [Headshot] Vagabond (Red)
Sun Feb  2 21:18:15 2025 Harry (Red) [Headshot] Deuce (Blue)
Sun Feb  2 21:18:16 2025 {LAG} Irongears (Blue) [Headshot] The Jesus (Red)
Sun Feb  2 21:18:20 2025 bangbang (Red) [Headshot] saci_pagodeiro (Blue)
Sun Feb  2 21:18:22 2025 Cpt.Shiitoh (Red) [Headshot] Dingus (Blue)
Sun Feb  2 21:18:23 2025 You must be closer to the enemy's base to shoot blocks!
Sun Feb  2 21:18:27 2025 splats (Blue) [Headshot] Bizonho (Red)
Sun Feb  2 21:18:29 2025 Cpt.Shiitoh picked up Blue's Intel.
Sun Feb  2 21:18:32 2025  This server runs imger and glow. Use /IMG or /GLOW to toggle them.
Sun Feb  2 21:18:33 2025 DDT (Blue) [Fall]
Sun Feb  2 21:18:40 2025 Vagabond (Red) [SMG] ENTUSSIASMAO (Blue)
Sun Feb  2 21:18:40 2025 Dingus (Blue) [Headshot] bangbang (Red)
Sun Feb  2 21:18:41 2025 Harry (Red) [Headshot] splats (Blue)
Sun Feb  2 21:18:45 2025 Bizonho (Red) [Headshot] Deuce1 (Blue)
Sun Feb  2 21:18:47 2025 Dingus (Blue) [SMG] The Jesus (Red)
Sun Feb  2 21:18:49 2025 Dingus (Blue) [SMG] Vagabond (Red)
Sun Feb  2 21:18:50 2025 You must be closer to the enemy's base to shoot blocks!
Sun Feb  2 21:18:52 2025 Bizonho (Red) [Headshot] Nassa (Blue)
Sun Feb  2 21:18:57 2025 Harry (Red) [Headshot] Dingus (Blue)
Sun Feb  2 21:19:01 2025 Cpt.Shiitoh captured Blue's Intel.
Sun Feb  2 21:19:02 2025 Harry (Red) [Headshot] splats (Blue)
Sun Feb  2 21:19:13 2025 splats (Blue) [Headshot] Harry (Red)
Sun Feb  2 21:19:18 2025 Dingus (Blue) [SMG] Cpt.Shiitoh (Red)
Sun Feb  2 21:19:18 2025 splats (Blue) [Headshot] ASR RUS (Red)
Sun Feb  2 21:19:22 2025 splats (Blue) [Headshot] Vagabond (Red)
Sun Feb  2 21:19:23 2025 splats (Blue) [Headshot] bangbang (Red)
Sun Feb  2 21:19:29 2025 [Global] Vagabond (Red): hero
Sun Feb  2 21:19:31 2025 The Jesus (Red) [Headshot] DDT (Blue)
Sun Feb  2 21:19:32 2025  Use /EMOTE to draw an emote on the map!
Sun Feb  2 21:19:33 2025 Cpt.Shiitoh (Red) [Headshot] splats (Blue)
Sun Feb  2 21:19:34 2025 Deuce (Blue) [Headshot] The Jesus (Red)
Sun Feb  2 21:19:35 2025 Cpt.Shiitoh (Red) [SMG] Dingus (Blue)
Sun Feb  2 21:19:40 2025 Deuce (Blue) [Headshot] Vagabond (Red)
Sun Feb  2 21:19:50 2025 Deuce (Blue) [Headshot] ASR RUS (Red)
Sun Feb  2 21:19:52 2025 The Jesus (Red) [SMG] splats (Blue)
Sun Feb  2 21:19:53 2025 Deuce (Blue) [Headshot] Cpt.Shiitoh (Red)
Sun Feb  2 21:19:57 2025 [Team] Cpt.Shiitoh (Red): sTOP BUILD
Sun Feb  2 21:19:59 2025 Player saci_pagodeiro has left
Sun Feb  2 21:19:59 2025 Deuce1 (Blue) [SMG] bangbang (Red)
Sun Feb  2 21:20:00 2025 [Team] Cpt.Shiitoh (Red): GO FIGTHJ
Sun Feb  2 21:20:01 2025 Deuce (Blue) [Headshot] Harry (Red)
Sun Feb  2 21:20:02 2025 Deuce (Blue) [Headshot] ASR RUS (Red)
Sun Feb  2 21:20:04 2025 Vagabond (Red) [Headshot] Deuce (Blue)
Sun Feb  2 21:20:06 2025 ENTUSSIASMAO (Blue) [SMG] Cpt.Shiitoh (Red)
Sun Feb  2 21:20:10 2025 saci_pagodeiro joined Blue team
Sun Feb  2 21:20:11 2025 ASR RUS (Red) [Fall]
Sun Feb  2 21:20:13 2025 splats (Blue) [Headshot] The Jesus (Red)
Sun Feb  2 21:20:21 2025 Harry (Red) [Headshot] splats (Blue)
Sun Feb  2 21:20:26 2025 Cpt.Shiitoh (Red) [SMG] ENTUSSIASMAO (Blue)
Sun Feb  2 21:20:30 2025 Deuce (Blue) [Headshot] The Jesus (Red)
Sun Feb  2 21:20:32 2025 Vagabond (Red) [Headshot] Deuce (Blue)
Sun Feb  2 21:20:32 2025  Use /HEAVEN to paint the babel platform!
Sun Feb  2 21:20:36 2025 {LAG} Irongears (Blue) [Fall]
Sun Feb  2 21:20:38 2025 Harry (Red) [Headshot] DDT (Blue)
Sun Feb  2 21:20:44 2025 Harry (Red) [Headshot] saci_pagodeiro (Blue)
Sun Feb  2 21:20:44 2025 splats (Blue) [Headshot] Cpt.Shiitoh (Red)
Sun Feb  2 21:20:45 2025 splats (Blue) [Headshot] ASR RUS (Red)
Sun Feb  2 21:20:47 2025 ENTUSSIASMAO (Blue) [Fall]
Sun Feb  2 21:20:50 2025 Dingus (Blue) [SMG] bangbang (Red)
Sun Feb  2 21:20:52 2025 [Global] Cpt.Shiitoh (Red): bALANCE
Sun Feb  2 21:20:58 2025 splats (Blue) [Headshot] The Jesus (Red)
Sun Feb  2 21:21:01 2025 Harry (Red) [Headshot] Dingus (Blue)
Sun Feb  2 21:21:03 2025 Deuce (Blue) [SMG] Harry (Red)
Sun Feb  2 21:21:04 2025 bangbang (Red) [Weapon Change]
Sun Feb  2 21:21:05 2025 ENTUSSIASMAO (Blue) [Fall]
Sun Feb  2 21:21:08 2025 Cpt.Shiitoh (Red) [Headshot] Deuce (Blue)
Sun Feb  2 21:21:09 2025 Dingus (Blue) [Fall]
Sun Feb  2 21:21:10 2025 Cpt.Shiitoh (Red) [SMG] splats (Blue)
Sun Feb  2 21:21:12 2025 saci_pagodeiro (Blue) [Headshot] Bizonho (Red)
Sun Feb  2 21:21:19 2025 The Jesus (Red) [SMG] DDT (Blue)
Sun Feb  2 21:21:27 2025 ENTUSSIASMAO (Blue) [SMG] Cpt.Shiitoh (Red)
Sun Feb  2 21:21:27 2025 {LAG} Irongears (Blue) [Headshot] Vagabond (Red)
Sun Feb  2 21:21:27 2025 Harry (Red) [Headshot] ENTUSSIASMAO (Blue)
Sun Feb  2 21:21:32 2025  Get a 20 killstreak and 1 intel capture(s) to unlock /APOC!
Sun Feb  2 21:21:33 2025 splats (Blue) [Headshot] ASR RUS (Red)
Sun Feb  2 21:21:37 2025 splats (Blue) [Headshot] bangbang (Red)
Sun Feb  2 21:21:42 2025 Harry (Red) [Headshot] DDT (Blue)
Sun Feb  2 21:21:43 2025 splats (Blue) [Headshot] Bizonho (Red)
Sun Feb  2 21:21:43 2025  Deuce1 was kicked: Rapid hack detected
Sun Feb  2 21:21:43 2025 Player Deuce1 has left
Sun Feb  2 21:21:44 2025 ENTUSSIASMAO (Blue) [Headshot] The Jesus (Red)
Sun Feb  2 21:21:44 2025 Harry (Red) [Rifle] ENTUSSIASMAO (Blue)
Sun Feb  2 21:21:49 2025 Dick'd joined Red team
Sun Feb  2 21:21:50 2025 Deuce1 joined Blue team
Sun Feb  2 21:21:50 2025 Harry (Red) [Rifle] splats (Blue)
Sun Feb  2 21:21:51 2025 Harry (Red) [Rifle] Nassa (Blue)
Sun Feb  2 21:21:52 2025 Vagabond (Red) [Fall]
Sun Feb  2 21:21:57 2025 [Team] Vagabond (Red): SHOOT SHOOT
Sun Feb  2 21:21:58 2025 [Team] Vagabond (Red): SHOOT SHOOT
Sun Feb  2 21:21:59 2025 Dingus (Blue) [SMG] bangbang (Red)
Sun Feb  2 21:21:59 2025 Harry (Red) [Headshot] Dingus (Blue)
Sun Feb  2 21:22:02 2025 ENTUSSIASMAO (Blue) [Headshot] ASR RUS (Red)
Sun Feb  2 21:22:03 2025 splats (Blue) [Rifle] Dick'd (Red)
Sun Feb  2 21:22:03 2025 bangbang (Red) [Weapon Change]
Sun Feb  2 21:22:04 2025 splats (Blue) [Headshot] The Jesus (Red)
Sun Feb  2 21:22:04 2025 Harry (Red) [Headshot] ENTUSSIASMAO (Blue)
Sun Feb  2 21:22:05 2025 Nassa (Blue) [Headshot] Harry (Red)
Sun Feb  2 21:22:07 2025 Cpt.Shiitoh (Red) [SMG] Deuce (Blue)
Sun Feb  2 21:22:08 2025 ASR RUS (Red) [Weapon Change]
Sun Feb  2 21:22:08 2025 Deuce1 (Blue) [Headshot] Bizonho (Red)
Sun Feb  2 21:22:17 2025 [Global] splats (Blue): i hate it when it devolves into this kind of trench war
Sun Feb  2 21:22:23 2025 splats (Blue) [Headshot] Vagabond (Red)
Sun Feb  2 21:22:27 2025 ENTUSSIASMAO (Blue) [SMG] bangbang (Red)
Sun Feb  2 21:22:27 2025 The Jesus (Red) [Headshot] Deuce1 (Blue)
Sun Feb  2 21:22:27 2025 The Jesus (Red) [Headshot] DDT (Blue)
Sun Feb  2 21:22:28 2025 Harry (Red) [Headshot] splats (Blue)
Sun Feb  2 21:22:29 2025 The Jesus (Red) [SMG] Nassa (Blue)
Sun Feb  2 21:22:30 2025 Harry (Red) [Rifle] ENTUSSIASMAO (Blue)
Sun Feb  2 21:22:32 2025  Capture your team's 5th intel to unlock /APOC for your team's best builder!
Sun Feb  2 21:22:35 2025 [Global] Harry (Red): ww1
Sun Feb  2 21:22:39 2025 Deuce (Blue) [Fall]
Sun Feb  2 21:22:39 2025 Cpt.Shiitoh (Red) [SMG] Dingus (Blue)
Sun Feb  2 21:22:42 2025 Bizonho (Red) [Fall]
Sun Feb  2 21:22:44 2025 [Global] Harry (Red): bring the tanks
Sun Feb  2 21:22:45 2025 The Jesus picked up Blue's Intel.
Sun Feb  2 21:22:46 2025 The Jesus dropped Blue's Intel
Sun Feb  2 21:22:46 2025 Deuce1 (Blue) [SMG] The Jesus (Red)
Sun Feb  2 21:22:47 2025 Deuce1 (Blue) [Headshot] Cpt.Shiitoh (Red)
Sun Feb  2 21:22:50 2025 Nassa (Blue) [SMG] bangbang (Red)
Sun Feb  2 21:22:51 2025 Vagabond (Red) [Fall]
Sun Feb  2 21:22:52 2025 [Team] Vagabond (Red): SHOOT SHOOT
Sun Feb  2 21:22:53 2025 [Global] Dingus (Blue): wwi simulator
Sun Feb  2 21:22:57 2025 Harry (Red) [Headshot] ENTUSSIASMAO (Blue)
Sun Feb  2 21:23:02 2025 ASR RUS (Red) [SMG] splats (Blue)
Sun Feb  2 21:23:04 2025 Dingus (Blue) [Headshot] ASR RUS (Red)
Sun Feb  2 21:23:12 2025 You must be closer to the enemy's base to shoot blocks!
Sun Feb  2 21:23:13 2025 Deuce1 (Blue) [Headshot] Dick'd (Red)
Sun Feb  2 21:23:14 2025 Deuce picked up Red's Intel.
Sun Feb  2 21:23:16 2025 ENTUSSIASMAO (Blue) [SMG] bangbang (Red)
Sun Feb  2 21:23:17 2025 Cpt.Shiitoh (Red) [Headshot] ENTUSSIASMAO (Blue)
Sun Feb  2 21:23:18 2025 splats (Blue) [Headshot] Cpt.Shiitoh (Red)
Sun Feb  2 21:23:18 2025 Harry (Red) [Headshot] splats (Blue)
Sun Feb  2 21:23:20 2025 Deuce1 (Blue) [SMG] Harry (Red)
Sun Feb  2 21:23:25 2025 saci_pagodeiro (Blue) [Headshot] The Jesus (Red)
Sun Feb  2 21:23:26 2025 [Global] Vagabond (Red): ythey built below
Sun Feb  2 21:23:27 2025 [Global] Vagabond (Red): gg
Sun Feb  2 21:23:32 2025  Mahalo for playing aloha.pk tower of babel
Sun Feb  2 21:23:35 2025 [Global] The Jesus (Red): gg
Sun Feb  2 21:23:35 2025 Nassa (Blue) [Headshot] Vagabond (Red)
Sun Feb  2 21:23:41 2025 Cpt.Shiitoh (Red) [SMG] ENTUSSIASMAO (Blue)
Sun Feb  2 21:23:42 2025 [Global] Deuce (Blue): :problem?:
Sun Feb  2 21:23:43 2025 bangbang (Red) [SMG] splats (Blue)
Sun Feb  2 21:23:44 2025 [Global] splats (Blue): deuce clutch
Sun Feb  2 21:23:44 2025 Deuce captured Red's Intel.
Sun Feb  2 21:23:44 2025 Blue Wins!
Sun Feb  2 21:23:44 2025  Game finished! Next map: steelmaze.
Sun Feb  2 21:23:44 2025 [Global] Nassa (Blue): socket reds
Sun Feb  2 21:23:46 2025 {LAG} Irongears (Blue) [Headshot] Harry (Red)
Sun Feb  2 21:23:46 2025 Cpt.Shiitoh (Red) [Headshot] DDT (Blue)
Sun Feb  2 21:23:46 2025 bangbang (Red) [SMG] Dingus (Blue)
Sun Feb  2 21:23:46 2025 Deuce1 (Blue) [SMG] Vagabond (Red)
Sun Feb  2 21:23:47 2025 {LAG} Irongears (Blue) [SMG] ASR RUS (Red)
Sun Feb  2 21:23:47 2025 bangbang (Red) [Headshot] Nassa (Blue)
Sun Feb  2 21:23:47 2025 bangbang (Red) [Headshot] saci_pagodeiro (Blue)
Sun Feb  2 21:23:47 2025 splats (Blue) [Headshot] The Jesus (Red)
Sun Feb  2 21:23:48 2025 Bizonho (Red) [SMG] Deuce (Blue)
Sun Feb  2 21:23:48 2025 splats (Blue) [Headshot] Dick'd (Red)
Sun Feb  2 21:23:48 2025 bangbang (Red) [Headshot] Deuce1 (Blue)
Sun Feb  2 21:23:48 2025 Bizonho (Red) [Grenade] ENTUSSIASMAO (Blue)
Sun Feb  2 21:23:48 2025 {LAG} Irongears (Blue) [Headshot] Bizonho (Red)
Sun Feb  2 21:23:49 2025 Deuce (Blue) [Grenade] Cpt.Shiitoh (Red)
Sun Feb  2 21:23:49 2025 Bizonho (Red) [Grenade] splats (Blue)
Sun Feb  2 21:23:49 2025 [Global] Deuce (Blue): :trollface:
Sun Feb  2 21:23:53 2025 {LAG} Irongears (Blue) [SMG] bangbang (Red)
Sun Feb  2 21:23:54 2025 ------ World Unloaded ------
Sun Feb  2 21:23:56 2025 Disconnecting
