Thu Apr 17 14:23:54 2025 ------ World Loaded ------
Thu Apr 17 14:23:54 2025 Welcome to aloha.pk tower of babel
Thu Apr 17 14:23:55 2025 Map: NemesisClass by guardian1200
Thu Apr 17 14:23:56 2025 Jamal (Blue) [SMG] Cesar11b (Red)
Thu Apr 17 14:23:57 2025 Game mode: babel
Thu Apr 17 14:23:57 2025 Cesar11b (Red) [Fall]
Thu Apr 17 14:23:58 2025 Bizonho picked up Blue's Intel.
Thu Apr 17 14:23:59 2025 [Global] Jamal (Blue): amazing shot
Thu Apr 17 14:23:59 2025 Build a tower to get the enemy's intel. Take it to your team's tent to win!
Thu Apr 17 14:24:01 2025 Visit our community forum at https://aloha.pk/
Thu Apr 17 14:24:03 2025 Come chat with us at https://discord.aloha.pk/
Thu Apr 17 14:24:09 2025  Get a 20 killstreak and 1 intel capture(s) to unlock /APOC!
Thu Apr 17 14:24:21 2025 Jamal (Blue) [Headshot] Cesar11b (Red)
Thu Apr 17 14:24:24 2025 MAXMAX1 joined Blue team
Thu Apr 17 14:24:24 2025 Bizonho captured Blue's Intel.
Thu Apr 17 14:24:52 2025 Bizonho (Red) [Headshot] Jamal (Blue)
Thu Apr 17 14:24:53 2025 Cesar11b (Red) [Headshot] gui (Blue)
Thu Apr 17 14:24:54 2025 You must be closer to the enemy's base to shoot blocks!
Thu Apr 17 14:24:54 2025 Harry (Blue) [Headshot] Bizonho (Red)
Thu Apr 17 14:25:01 2025 Player gui has left
Thu Apr 17 14:25:03 2025 [Global] Cesar11b (Red): nah im awesome
Thu Apr 17 14:25:08 2025 [Global] Cesar11b (Red): he left xD
Thu Apr 17 14:25:09 2025  Capture your team's 5th intel to unlock /APOC for your team's best builder!
Thu Apr 17 14:25:18 2025 Jamal (Blue) [SMG] EerbareEen (Red)
Thu Apr 17 14:25:20 2025 Cesar11b (Red) [Headshot] Jamal (Blue)
Thu Apr 17 14:25:29 2025 Harry (Blue) [Headshot] Cesar11b (Red)
Thu Apr 17 14:25:38 2025 Bizonho (Red) [Headshot] Harry (Blue)
Thu Apr 17 14:25:45 2025 MilaFFA joined Blue team
Thu Apr 17 14:25:56 2025 Harry (Blue) [Headshot] EerbareEen (Red)
Thu Apr 17 14:25:58 2025 PinkHair2 joined Blue team
Thu Apr 17 14:26:07 2025 Cesar11b picked up Blue's Intel.
Thu Apr 17 14:26:09 2025  Mahalo for playing aloha.pk tower of babel
Thu Apr 17 14:26:10 2025 Bizonho (Red) [SMG] Jamal (Blue)
Thu Apr 17 14:26:28 2025 Drudoqr joined Spectator team
Thu Apr 17 14:26:29 2025 Cesar11b captured Blue's Intel.
Thu Apr 17 14:26:33 2025 Harry (Blue) [Rifle] Cesar11b (Red)
Thu Apr 17 14:26:34 2025 MilaFFA (Blue) [SMG] EerbareEen (Red)
Thu Apr 17 14:26:38 2025 [Global] Jamal (Blue): @Bizonho, stop shooting me and then repairing the damage I did to your tower!
Thu Apr 17 14:26:38 2025 Bizonho (Red) [SMG] Harry (Blue)
Thu Apr 17 14:26:46 2025 Cesar11b (Red) [SMG] MilaFFA (Blue)
Thu Apr 17 14:27:09 2025  Build a tower to get the enemy's intel. Take it to your team's tent to win!
Thu Apr 17 14:27:11 2025 Harry (Blue) [Headshot] Cesar11b (Red)
Thu Apr 17 14:27:12 2025 Player Drudoqr has left
Thu Apr 17 14:27:17 2025 Bizonho (Red) [SMG] Jamal (Blue)
Thu Apr 17 14:27:26 2025 EerbareEen picked up Blue's Intel.
Thu Apr 17 14:27:26 2025 MilaFFA (Blue) [SMG] Bizonho (Red)
Thu Apr 17 14:27:30 2025 MilaFFA (Blue) [SMG] Cesar11b (Red)
Thu Apr 17 14:27:31 2025 EerbareEen (Red) [Headshot] Harry (Blue)
Thu Apr 17 14:27:32 2025 Drudoqr joined Red team
Thu Apr 17 14:27:47 2025 You must be closer to the enemy's base to grenade blocks!
Thu Apr 17 14:27:48 2025 You must be closer to the enemy's base to grenade blocks!
Thu Apr 17 14:27:49 2025 You must be closer to the enemy's base to grenade blocks!
Thu Apr 17 14:27:54 2025 Bizonho (Red) [Headshot] MilaFFA (Blue)
Thu Apr 17 14:27:55 2025 Jamal (Blue) [Headshot] Bizonho (Red)
Thu Apr 17 14:27:55 2025 Cesar11b (Red) [Headshot] Jamal (Blue)
Thu Apr 17 14:27:57 2025 EerbareEen dropped Blue's Intel
Thu Apr 17 14:27:57 2025 Harry (Blue) [Rifle] EerbareEen (Red)
Thu Apr 17 14:28:03 2025 Harry (Blue) [Fall]
Thu Apr 17 14:28:09 2025  Type /HELP for info & commands
Thu Apr 17 14:28:12 2025 PinkHair2 (Blue) [Grenade] EerbareEen (Red)
Thu Apr 17 14:28:15 2025 PinkHair2 (Blue) [Melee] Bizonho (Red)
Thu Apr 17 14:28:20 2025 Player MilaFFA has left
Thu Apr 17 14:28:20 2025 Drudoqr (Red) [Headshot] MAXMAX1 (Blue)
Thu Apr 17 14:28:23 2025 Cesar11b (Red) [SMG] PinkHair2 (Blue)
Thu Apr 17 14:28:36 2025 Jamal (Blue) [Headshot] EerbareEen (Red)
Thu Apr 17 14:28:44 2025 Jamal (Blue) [Headshot] Bizonho (Red)
Thu Apr 17 14:28:50 2025 Drudoqr (Red) [Rifle] PinkHair2 (Blue)
Thu Apr 17 14:28:54 2025 MAXMAX1 (Blue) [Grenade] Cesar11b (Red)
Thu Apr 17 14:28:56 2025 Player PinkHair2 has left
Thu Apr 17 14:29:02 2025 EerbareEen (Red) [Headshot] Jamal (Blue)
Thu Apr 17 14:29:09 2025  Visit our community forums at https://aloha.pk/
Thu Apr 17 14:29:37 2025 Harry (Blue) [Headshot] Drudoqr (Red)
Thu Apr 17 14:29:40 2025 Harry (Blue) [Headshot] Cesar11b (Red)
Thu Apr 17 14:29:42 2025 Bizonho (Red) [Headshot] Jamal (Blue)
Thu Apr 17 14:30:02 2025 Jamal (Blue) [SMG] Bizonho (Red)
Thu Apr 17 14:30:07 2025 Harry (Blue) [Headshot] Cesar11b (Red)
Thu Apr 17 14:30:09 2025 Harry (Blue) [Headshot] Drudoqr (Red)
Thu Apr 17 14:30:09 2025  Come chat with us at https://discord.aloha.pk/
Thu Apr 17 14:30:11 2025 [Global] EerbareEen (Red): how do i respawn?
Thu Apr 17 14:30:30 2025 Bizonho (Red) [Headshot] Harry (Blue)
Thu Apr 17 14:30:34 2025 Jamal (Blue) [SMG] Cesar11b (Red)
Thu Apr 17 14:30:58 2025 Cesar11b (Red) [SMG] Jamal (Blue)
Thu Apr 17 14:31:03 2025 You must be closer to the enemy's base to grenade blocks!
Thu Apr 17 14:31:09 2025  If you believe a player is breaking the rules, please let us know with /ADMIN
Thu Apr 17 14:31:11 2025 Harry (Blue) [Headshot] Bizonho (Red)
Thu Apr 17 14:31:18 2025 Harry (Blue) [Headshot] EerbareEen (Red)
Thu Apr 17 14:31:32 2025 Drudoqr (Red) [Headshot] Harry (Blue)
Thu Apr 17 14:31:42 2025 Jamal (Blue) [SMG] Bizonho (Red)
Thu Apr 17 14:31:48 2025 Cesar11b (Red) [Headshot] Jamal (Blue)
Thu Apr 17 14:32:07 2025 YEI joined Blue team
Thu Apr 17 14:32:09 2025  This server runs imger and glow. Use /IMG or /GLOW to toggle them.
Thu Apr 17 14:32:17 2025 Harry (Blue) [Headshot] EerbareEen (Red)
Thu Apr 17 14:32:20 2025 You must be closer to the enemy's base to shoot blocks!
Thu Apr 17 14:32:22 2025 Cesar11b (Red) [SMG] Jamal (Blue)
Thu Apr 17 14:32:24 2025 [Global] EerbareEen (Red): harry you ass
Thu Apr 17 14:32:37 2025 Harry (Blue) [Headshot] Bizonho (Red)
Thu Apr 17 14:32:45 2025 You must be closer to the enemy's base to grenade blocks!
Thu Apr 17 14:32:45 2025 Harry picked up Red's Intel.
Thu Apr 17 14:32:46 2025 Harry (Blue) [Grenade] Cesar11b (Red)
Thu Apr 17 14:32:46 2025 You must be closer to the enemy's base to grenade blocks!
Thu Apr 17 14:32:46 2025 You must be closer to the enemy's base to grenade blocks!
Thu Apr 17 14:32:57 2025 YEI (Blue) [Grenade]
Thu Apr 17 14:32:58 2025 EerbareEen (Red) [Grenade] Jamal (Blue)
Thu Apr 17 14:33:06 2025 Harry captured Red's Intel.
Thu Apr 17 14:33:09 2025  Use /EMOTE to draw an emote on the map!
Thu Apr 17 14:33:20 2025 Mangle joined Red team
Thu Apr 17 14:33:21 2025 Bizonho (Red) [Headshot] YEI (Blue)
Thu Apr 17 14:33:24 2025 Bizonho picked up Blue's Intel.
Thu Apr 17 14:33:24 2025 Bizonho dropped Blue's Intel
Thu Apr 17 14:33:24 2025 Jamal (Blue) [SMG] Bizonho (Red)
Thu Apr 17 14:33:26 2025 Harry (Blue) [Rifle] EerbareEen (Red)
Thu Apr 17 14:33:33 2025 Harry picked up Red's Intel.
Thu Apr 17 14:33:36 2025 You must be closer to the enemy's base to grenade blocks!
Thu Apr 17 14:33:37 2025 You must be closer to the enemy's base to grenade blocks!
Thu Apr 17 14:33:38 2025 You must be closer to the enemy's base to grenade blocks!
Thu Apr 17 14:33:43 2025 Jamal (Blue) [SMG] Cesar11b (Red)
Thu Apr 17 14:33:43 2025 Drudoqr (Red) [Fall]
Thu Apr 17 14:34:01 2025 Harry (Blue) [Rifle] Mangle (Red)
Thu Apr 17 14:34:09 2025 Jamal (Blue) [Headshot] Bizonho (Red)
Thu Apr 17 14:34:09 2025  Use /HEAVEN to paint the babel platform!
Thu Apr 17 14:34:10 2025 Drudoqr (Red) [Rifle] MAXMAX1 (Blue)
Thu Apr 17 14:34:14 2025 Harry captured Red's Intel.
Thu Apr 17 14:34:20 2025 Jamal (Blue) [Melee] Cesar11b (Red)
Thu Apr 17 14:34:29 2025 Bizonho (Red) [SMG] Jamal (Blue)
Thu Apr 17 14:34:33 2025 Player YEI has left
Thu Apr 17 14:34:34 2025 [Global] Jamal (Blue): I'm a pro
Thu Apr 17 14:34:37 2025 ChaoticSpice :V joined Blue team
Thu Apr 17 14:34:39 2025 You must be closer to the enemy's base to grenade blocks!
Thu Apr 17 14:34:40 2025 Harry (Blue) [Grenade] Cesar11b (Red)
Thu Apr 17 14:34:40 2025 You must be closer to the enemy's base to grenade blocks!
Thu Apr 17 14:34:40 2025 Harry picked up Red's Intel.
Thu Apr 17 14:34:41 2025 You must be closer to the enemy's base to grenade blocks!
Thu Apr 17 14:34:45 2025 YEI joined Blue team
Thu Apr 17 14:34:46 2025 Bizonho (Red) [SMG] MAXMAX1 (Blue)
Thu Apr 17 14:34:48 2025 Goldorak joined Red team
Thu Apr 17 14:34:53 2025 Jamal (Blue) [Headshot] Bizonho (Red)
Thu Apr 17 14:35:01 2025 Mangle (Red) [Grenade] Jamal (Blue)
Thu Apr 17 14:35:02 2025 EerbareEen (Red) [Headshot] ChaoticSpice :V (Blue)
Thu Apr 17 14:35:09 2025 Harry captured Red's Intel.
Thu Apr 17 14:35:09 2025  Get a 20 killstreak and 1 intel capture(s) to unlock /APOC!
Thu Apr 17 14:35:23 2025 MAXMAX1 (Blue) [Grenade] Bizonho (Red)
Thu Apr 17 14:35:23 2025 Player Goldorak has left
Thu Apr 17 14:35:25 2025 MAXMAX1 (Blue) [Fall]
Thu Apr 17 14:35:27 2025 EerbareEen (Red) [Headshot] Jamal (Blue)
Thu Apr 17 14:35:40 2025 Harry picked up Red's Intel.
Thu Apr 17 14:35:42 2025 You must be closer to the enemy's base to grenade blocks!
Thu Apr 17 14:35:43 2025 You must be closer to the enemy's base to grenade blocks!
Thu Apr 17 14:35:44 2025 You must be closer to the enemy's base to grenade blocks!
Thu Apr 17 14:35:46 2025 Harry (Blue) [Headshot] Bizonho (Red)
Thu Apr 17 14:36:00 2025 You must be closer to the enemy's base to shoot blocks!
Thu Apr 17 14:36:03 2025 Bizonho (Red) [SMG] ChaoticSpice :V (Blue)
Thu Apr 17 14:36:05 2025 Harry dropped Red's Intel
Thu Apr 17 14:36:05 2025  The intel has returned to the heavens
Thu Apr 17 14:36:05 2025 EerbareEen (Red) [Rifle] Harry (Blue)
Thu Apr 17 14:36:08 2025 Jamal (Blue) [SMG] Mangle (Red)
Thu Apr 17 14:36:09 2025  Capture your team's 5th intel to unlock /APOC for your team's best builder!
Thu Apr 17 14:36:16 2025 Jamal picked up Red's Intel.
Thu Apr 17 14:36:23 2025 ChaoticSpice :V (Blue) [Headshot] EerbareEen (Red)
Thu Apr 17 14:36:24 2025 Jamal dropped Red's Intel
Thu Apr 17 14:36:24 2025 Bizonho (Red) [SMG] Jamal (Blue)
Thu Apr 17 14:36:32 2025 Bizonho (Red) [Grenade] Harry (Blue)
Thu Apr 17 14:36:34 2025 Cesar11b (Red) [Weapon Change]
Thu Apr 17 14:36:50 2025 Mangle picked up Blue's Intel.
Thu Apr 17 14:36:54 2025 ChaoticSpice :V (Blue) [Headshot] Cesar11b (Red)
Thu Apr 17 14:36:54 2025 Mangle dropped Blue's Intel
Thu Apr 17 14:36:54 2025 Harry (Blue) [Headshot] Mangle (Red)
Thu Apr 17 14:36:55 2025 Bizonho (Red) [SMG] Harry (Blue)
Thu Apr 17 14:37:01 2025 Jamal picked up Red's Intel.
Thu Apr 17 14:37:03 2025 Jamal (Blue) [SMG] Bizonho (Red)
Thu Apr 17 14:37:09 2025  Mahalo for playing aloha.pk tower of babel
Thu Apr 17 14:37:12 2025 Jamal dropped Red's Intel
Thu Apr 17 14:37:16 2025 Harry picked up Red's Intel.
Thu Apr 17 14:37:26 2025 Bizonho (Red) [SMG] ChaoticSpice :V (Blue)
Thu Apr 17 14:37:28 2025 Harry (Blue) [Rifle] Drudoqr (Red)
Thu Apr 17 14:37:33 2025 Harry dropped Red's Intel
Thu Apr 17 14:37:33 2025  The intel has returned to the heavens
Thu Apr 17 14:37:33 2025 EerbareEen (Red) [Headshot] Harry (Blue)
Thu Apr 17 14:37:33 2025 Jamal (Blue) [SMG] Bizonho (Red)
Thu Apr 17 14:37:35 2025 [Global] ChaoticSpice :V (Blue): red tower down
Thu Apr 17 14:37:37 2025 Cesar11b (Red) [Rifle] Jamal (Blue)
Thu Apr 17 14:37:47 2025 EerbareEen (Red) [Headshot] Harry (Blue)
Thu Apr 17 14:37:57 2025 YEI (Blue) [Rifle] Drudoqr (Red)
Thu Apr 17 14:38:00 2025 Bizonho (Red) [SMG] YEI (Blue)
Thu Apr 17 14:38:09 2025  Build a tower to get the enemy's intel. Take it to your team's tent to win!
Thu Apr 17 14:38:16 2025 Cesar11b (Red) [Rifle] ChaoticSpice :V (Blue)
Thu Apr 17 14:38:35 2025 DUROV IS FREE joined Blue team
Thu Apr 17 14:38:36 2025 Harry (Blue) [Headshot] EerbareEen (Red)
Thu Apr 17 14:38:37 2025 Jamal (Blue) [Grenade] Mangle (Red)
Thu Apr 17 14:38:41 2025 Harry (Blue) [Rifle] Cesar11b (Red)
Thu Apr 17 14:38:47 2025 Bizonho (Red) [Headshot] YEI (Blue)
Thu Apr 17 14:38:48 2025 Mangle joined Blue team
Thu Apr 17 14:38:53 2025 Bizonho (Red) [Grenade] YEI (Blue)
Thu Apr 17 14:38:55 2025 Bizonho picked up Blue's Intel.
Thu Apr 17 14:39:07 2025 Cesar11b (Red) [Headshot] ChaoticSpice :V (Blue)
Thu Apr 17 14:39:09 2025  Type /HELP for info & commands
Thu Apr 17 14:39:21 2025 You must be closer to the enemy's base to grenade blocks!
Thu Apr 17 14:39:21 2025 [Global] Jamal (Blue): YEAH!
Thu Apr 17 14:39:22 2025 You must be closer to the enemy's base to grenade blocks!
Thu Apr 17 14:39:22 2025 Drudoqr (Red) [Headshot] Jamal (Blue)
Thu Apr 17 14:39:23 2025 You must be closer to the enemy's base to grenade blocks!
Thu Apr 17 14:39:27 2025  With 1008 blocks placed, Bizonho is granted the right to unleash the apocalypse.
Thu Apr 17 14:39:27 2025 Bizonho captured Blue's Intel.
Thu Apr 17 14:39:27 2025 Harry (Blue) [Headshot] Bizonho (Red)
Thu Apr 17 14:39:27 2025 EerbareEen (Red) [Headshot] ChaoticSpice :V (Blue)
Thu Apr 17 14:39:30 2025 Player ChaoticSpice :V has left
Thu Apr 17 14:39:31 2025 Mangle picked up Red's Intel.
Thu Apr 17 14:39:33 2025  Bizonho has unleashed an apocalypse from God.
Thu Apr 17 14:39:35 2025  The apocalypse begins in 5
Thu Apr 17 14:39:36 2025  The apocalypse begins in 4
Thu Apr 17 14:39:37 2025  The apocalypse begins in 3
Thu Apr 17 14:39:38 2025  The apocalypse begins in 2
Thu Apr 17 14:39:39 2025  The apocalypse begins in 1
Thu Apr 17 14:39:41 2025 [Global] Jamal (Blue): Make it rain bitch!
Thu Apr 17 14:39:47 2025 Bizonho (Red) [Grenade] Jamal (Blue)
Thu Apr 17 14:39:49 2025 Mangle captured Red's Intel.
Thu Apr 17 14:39:50 2025 Bizonho (Red) [Grenade] Jamal (Blue)
Thu Apr 17 14:39:50 2025 DUROV IS FREE picked up Red's Intel.
Thu Apr 17 14:39:52 2025 DUROV IS FREE dropped Red's Intel
Thu Apr 17 14:39:52 2025  The intel has returned to the heavens
Thu Apr 17 14:39:52 2025 DUROV IS FREE (Blue) [Fall]
Thu Apr 17 14:39:52 2025 Harry (Blue) [Fall]
Thu Apr 17 14:39:56 2025  The apocalypse has ended.
Thu Apr 17 14:40:12 2025  Visit our community forums at https://aloha.pk/
Thu Apr 17 14:40:34 2025 Jamal (Blue) [SMG] Bizonho (Red)
Thu Apr 17 14:40:45 2025 Drudoqr (Red) [Headshot] DUROV IS FREE (Blue)
Thu Apr 17 14:40:54 2025 You must be closer to the enemy's base to grenade blocks!
Thu Apr 17 14:40:56 2025 Bizonho (Red) [Headshot] MAXMAX1 (Blue)
Thu Apr 17 14:41:02 2025 Drudoqr (Red) [Headshot] Jamal (Blue)
Thu Apr 17 14:41:09 2025 DUROV IS FREE (Blue) [Headshot] Bizonho (Red)
Thu Apr 17 14:41:09 2025  Come chat with us at https://discord.aloha.pk/
Thu Apr 17 14:41:12 2025 DUROV IS FREE picked up Red's Intel.
Thu Apr 17 14:41:13 2025 Player EerbareEen has left
Thu Apr 17 14:41:30 2025  With 427 blocks placed, Harry is granted the right to unleash the apocalypse.
Thu Apr 17 14:41:30 2025 God has given you the right to unleash the apocalypse.
Thu Apr 17 14:41:30 2025 Use /APOC to unleash the apocalypse.
Thu Apr 17 14:41:30 2025 DUROV IS FREE captured Red's Intel.
Thu Apr 17 14:41:37 2025 Mangle picked up Red's Intel.
Thu Apr 17 14:41:38 2025 Bizonho (Red) [Fall]
Thu Apr 17 14:41:46 2025 YEI (Blue) [Fall]
Thu Apr 17 14:41:47 2025 Jamal (Blue) [Grenade] Drudoqr (Red)
Thu Apr 17 14:41:53 2025 Harry (Blue) [Team Change]
Thu Apr 17 14:41:53 2025  Cesar11b was kicked: Rapid hack detected
Thu Apr 17 14:41:53 2025 Player Cesar11b has left
Thu Apr 17 14:41:53 2025 Drudoqr (Red) [Headshot] Jamal (Blue)
Thu Apr 17 14:41:54 2025 Mangle captured Red's Intel.
Thu Apr 17 14:42:00 2025 [Global] Jamal (Blue): Balance
Thu Apr 17 14:42:09 2025  If you believe a player is breaking the rules, please let us know with /ADMIN
Thu Apr 17 14:42:10 2025 Jamal (Blue) [Team Change]
Thu Apr 17 14:42:12 2025 Jamal joined Red team
Thu Apr 17 14:42:17 2025 Cesar11b joined Red team
Thu Apr 17 14:42:18 2025 [Global] Jamal (Red): I switched teams for balance
Thu Apr 17 14:42:19 2025 Mangle picked up Red's Intel.
Thu Apr 17 14:42:26 2025 Mangle dropped Red's Intel
Thu Apr 17 14:42:26 2025  The intel has returned to the heavens
Thu Apr 17 14:42:26 2025 Mangle (Blue) [Fall]
Thu Apr 17 14:42:31 2025 [Global] Drudoqr (Red): This game have rules?
Thu Apr 17 14:42:37 2025 YEI picked up Red's Intel.
Thu Apr 17 14:42:52 2025 Preacher098 joined Blue team
Thu Apr 17 14:43:01 2025 YEI (Blue) [Grenade] Bizonho (Red)
Thu Apr 17 14:43:08 2025 YEI captured Red's Intel.
Thu Apr 17 14:43:09 2025  This server runs imger and glow. Use /IMG or /GLOW to toggle them.
Thu Apr 17 14:43:14 2025 Jamal (Red) [SMG] Preacher098 (Blue)
Thu Apr 17 14:43:15 2025 MAXMAX1 (Blue) [Headshot] Harry (Red)
Thu Apr 17 14:43:17 2025 Player Preacher098 has left
Thu Apr 17 14:43:20 2025 Mangle picked up Red's Intel.
Thu Apr 17 14:43:30 2025 Mangle dropped Red's Intel
Thu Apr 17 14:43:30 2025  The intel has returned to the heavens
Thu Apr 17 14:43:30 2025 Jamal (Red) [Headshot] Mangle (Blue)
Thu Apr 17 14:43:31 2025 DUROV IS FREE (Blue) [Grenade] Bizonho (Red)
Thu Apr 17 14:43:31 2025 DUROV IS FREE (Blue) [Grenade] Drudoqr (Red)
Thu Apr 17 14:43:31 2025 DUROV IS FREE picked up Red's Intel.
Thu Apr 17 14:43:35 2025 YEI (Blue) [Grenade]
Thu Apr 17 14:43:39 2025 You must be closer to the enemy's base to grenade blocks!
Thu Apr 17 14:43:40 2025 You must be closer to the enemy's base to grenade blocks!
Thu Apr 17 14:43:42 2025 You must be closer to the enemy's base to grenade blocks!
Thu Apr 17 14:43:49 2025 DUROV IS FREE captured Red's Intel.
Thu Apr 17 14:43:51 2025 Jamal (Red) [SMG] Mangle (Blue)
Thu Apr 17 14:43:52 2025 DUROV IS FREE (Blue) [Headshot] Jamal (Red)
Thu Apr 17 14:44:05 2025 Harry (Red) [Headshot] MAXMAX1 (Blue)
Thu Apr 17 14:44:05 2025 [Global] Jamal (Red): I'll switch back to blue team for balance
Thu Apr 17 14:44:07 2025 Harry (Red) [Headshot] DUROV IS FREE (Blue)
Thu Apr 17 14:44:08 2025 Jamal (Red) [Team Change]
Thu Apr 17 14:44:09 2025  Use /EMOTE to draw an emote on the map!
Thu Apr 17 14:44:12 2025 Jamal joined Blue team
Thu Apr 17 14:44:13 2025 Harry picked up Blue's Intel.
Thu Apr 17 14:44:27 2025 Bizonho (Red) [Grenade] MAXMAX1 (Blue)
Thu Apr 17 14:44:31 2025 Jamal (Blue) [Headshot] Bizonho (Red)
Thu Apr 17 14:44:31 2025 [Global] Jamal (Blue): HP is 8
Thu Apr 17 14:44:35 2025 Harry captured Blue's Intel.
Thu Apr 17 14:44:38 2025 Harry (Red) [Headshot] Jamal (Blue)
Thu Apr 17 14:44:40 2025 Mangle picked up Red's Intel.
Thu Apr 17 14:44:54 2025 Harry (Red) [Headshot] DUROV IS FREE (Blue)
Thu Apr 17 14:44:57 2025 Mangle captured Red's Intel.
Thu Apr 17 14:44:59 2025 Bizonho (Red) [SMG] MAXMAX1 (Blue)
Thu Apr 17 14:45:00 2025 YEI (Blue) [Grenade]
Thu Apr 17 14:45:06 2025 Bizonho picked up Blue's Intel.
Thu Apr 17 14:45:07 2025 Bizonho (Red) [Grenade] Jamal (Blue)
Thu Apr 17 14:45:08 2025 Cesar11b (Red) [Grenade]
Thu Apr 17 14:45:09 2025  Use /HEAVEN to paint the babel platform!
Thu Apr 17 14:45:10 2025 [Team] Drudoqr (Red): Why did you runin my tower?
Thu Apr 17 14:45:11 2025 You must be closer to the enemy's base to grenade blocks!
Thu Apr 17 14:45:12 2025 Harry (Red) [Grenade] MAXMAX1 (Blue)
Thu Apr 17 14:45:12 2025 Harry (Red) [Grenade] Mangle (Blue)
Thu Apr 17 14:45:12 2025 You must be closer to the enemy's base to grenade blocks!
Thu Apr 17 14:45:13 2025 You must be closer to the enemy's base to grenade blocks!
Thu Apr 17 14:45:22 2025 [Team] Drudoqr (Red): Go around!
Thu Apr 17 14:45:25 2025 DUROV IS FREE (Blue) [Headshot] Harry (Red)
Thu Apr 17 14:45:30 2025 Bizonho captured Blue's Intel.
Thu Apr 17 14:45:32 2025 DUROV IS FREE picked up Red's Intel.
Thu Apr 17 14:45:42 2025 Harry (Red) [Headshot] Jamal (Blue)
Thu Apr 17 14:45:49 2025 [Global] Jamal (Blue): gg
Thu Apr 17 14:45:49 2025 YEI (Blue) [Headshot] Bizonho (Red)
Thu Apr 17 14:45:51 2025 DUROV IS FREE captured Red's Intel.
Thu Apr 17 14:45:51 2025 Blue Wins!
Thu Apr 17 14:45:51 2025  Game finished! Next map: pinnacle2.
Thu Apr 17 14:45:53 2025 Jamal (Blue) [SMG] Drudoqr (Red)
Thu Apr 17 14:45:55 2025 Harry (Red) [Rifle] MAXMAX1 (Blue)
Thu Apr 17 14:45:56 2025 DUROV IS FREE (Blue) [Headshot] Cesar11b (Red)
Thu Apr 17 14:45:56 2025 DUROV IS FREE (Blue) [Grenade] Bizonho (Red)
Thu Apr 17 14:45:56 2025 Mangle (Blue) [Fall]
Thu Apr 17 14:45:56 2025 Harry (Red) [Rifle] DUROV IS FREE (Blue)
Thu Apr 17 14:45:57 2025 Jamal (Blue) [Fall]
Thu Apr 17 14:45:58 2025 Player Jamal has left
Thu Apr 17 14:46:01 2025 ------ World Unloaded ------
Thu Apr 17 14:46:03 2025 ------ World Loaded ------
Thu Apr 17 14:46:03 2025 Welcome to aloha.pk tower of babel
Thu Apr 17 14:46:05 2025 Map: pinnacle2 by JoJoe Stinky
Thu Apr 17 14:46:07 2025 Game mode: babel
Thu Apr 17 14:46:08 2025 Mangle joined Blue team
Thu Apr 17 14:46:08 2025 DUROV IS FREE joined Blue team
Thu Apr 17 14:46:09 2025 Build a tower to get the enemy's intel. Take it to your team's tent to win!
Thu Apr 17 14:46:09 2025  Get a 20 killstreak and 1 intel capture(s) to unlock /APOC!
Thu Apr 17 14:46:09 2025 YEI joined Blue team
Thu Apr 17 14:46:10 2025 MAXMAX1 joined Red team
Thu Apr 17 14:46:10 2025 Drudoqr joined Red team
Thu Apr 17 14:46:11 2025 Visit our community forum at https://aloha.pk/
Thu Apr 17 14:46:13 2025 Come chat with us at https://discord.aloha.pk/
Thu Apr 17 14:46:38 2025 Drudoqr (Red) [Rifle] Mangle (Blue)
Thu Apr 17 14:46:49 2025 Mangle (Blue) [Weapon Change]
Thu Apr 17 14:46:56 2025 Soopy joined Blue team
Thu Apr 17 14:47:09 2025  Capture your team's 5th intel to unlock /APOC for your team's best builder!
Thu Apr 17 14:47:11 2025 DUROV IS FREE picked up Red's Intel.
Thu Apr 17 14:47:49 2025 DUROV IS FREE captured Red's Intel.
Thu Apr 17 14:47:50 2025 Soopy (Blue) [Headshot] MAXMAX1 (Red)
Thu Apr 17 14:47:54 2025 [Global] Soopy (Blue): sirrt
Thu Apr 17 14:47:59 2025 You must be closer to the enemy's base to shoot blocks!
Thu Apr 17 14:48:02 2025 Harry (Red) [Headshot] Soopy (Blue)
Thu Apr 17 14:48:09 2025  Mahalo for playing aloha.pk tower of babel
Thu Apr 17 14:48:13 2025 Drudoqr (Red) [Headshot] Mangle (Blue)
Thu Apr 17 14:48:16 2025 Ashy joined Red team
Thu Apr 17 14:48:26 2025 Drudoqr (Red) [Rifle] YEI (Blue)
Thu Apr 17 14:48:33 2025 DUROV IS FREE picked up Red's Intel.
Thu Apr 17 14:48:37 2025 Ashy (Red) [Fall]
Thu Apr 17 14:48:55 2025 Preacher098 joined Red team
Thu Apr 17 14:49:09 2025  Build a tower to get the enemy's intel. Take it to your team's tent to win!
Thu Apr 17 14:49:10 2025 DUROV IS FREE captured Red's Intel.
Thu Apr 17 14:49:11 2025 Deuce joined Red team
Thu Apr 17 14:49:12 2025 Deuce (Red) [Headshot] Mangle (Blue)
Thu Apr 17 14:49:20 2025 Deuce (Red) [Headshot] YEI (Blue)
Thu Apr 17 14:49:20 2025 Deuce (Red) [Headshot] DUROV IS FREE (Blue)
Thu Apr 17 14:49:39 2025 Deuce (Red) [Headshot] DUROV IS FREE (Blue)
Thu Apr 17 14:49:40 2025 Deuce (Red) [Headshot] Soopy (Blue)
Thu Apr 17 14:49:40 2025 Deuce (Red) [Headshot] Mangle (Blue)
Thu Apr 17 14:49:41 2025 Deuce (Red) [Headshot] YEI (Blue)
Thu Apr 17 14:49:49 2025 [Global] Soopy (Blue): Why
Thu Apr 17 14:49:52 2025 Deuce (Red) [Headshot] DUROV IS FREE (Blue)
Thu Apr 17 14:49:53 2025 Deuce (Red) [Headshot] Mangle (Blue)
Thu Apr 17 14:49:54 2025 Deuce (Red) [Headshot] Soopy (Blue)
Thu Apr 17 14:49:55 2025 Deuce (Red) [Headshot] YEI (Blue)
Thu Apr 17 14:49:55 2025  Deuce has a kill-death ratio of 11.00 (11 kills, 0 deaths, 14.88 kills per minute).
Thu Apr 17 14:49:55 2025  Deuce removed 3 blocks in the last 2.0 minutes. All of them were map blocks. Last one
Thu Apr 17 14:49:55 2025  was destroyed 6 seconds ago. Deuce joined Red team 44 seconds ago.
Thu Apr 17 14:49:55 2025  DUROV IS FREE (#8) started a VOTEKICK against Deuce (#11). Say /Y to agree
Thu Apr 17 14:49:55 2025  Reason: hacker?????
Thu Apr 17 14:49:56 2025 [Global] Ashy (Red): sus
Thu Apr 17 14:49:58 2025  Ashy (#9) voted YES
Thu Apr 17 14:49:59 2025 gui joined Blue team
Thu Apr 17 14:50:00 2025 [Global] Deuce (Red): its skill
Thu Apr 17 14:50:00 2025  Soopy (#7) voted YES
Thu Apr 17 14:50:03 2025 [Global] Deuce (Red): dw guys
Thu Apr 17 14:50:03 2025 Deuce (Red) [Headshot] YEI (Blue)
Thu Apr 17 14:50:04 2025 Deuce (Red) [Headshot] DUROV IS FREE (Blue)
Thu Apr 17 14:50:04 2025 Deuce (Red) [Headshot] gui (Blue)
Thu Apr 17 14:50:05 2025  gui (#12) voted YES
Thu Apr 17 14:50:05 2025 Deuce (Red) [Headshot] Mangle (Blue)
Thu Apr 17 14:50:06 2025 Deuce (Red) [Headshot] Soopy (Blue)
Thu Apr 17 14:50:06 2025 Ashy picked up Blue's Intel.
Thu Apr 17 14:50:06 2025 [Global] Mangle (Blue): hmm using hacks
Thu Apr 17 14:50:09 2025  Type /HELP for info & commands
Thu Apr 17 14:50:12 2025 [Global] Deuce (Red): nah just good aim bro
Thu Apr 17 14:50:14 2025 [Global] Soopy (Blue): loser behavior
Thu Apr 17 14:50:16 2025 Deuce (Red) [Headshot] YEI (Blue)
Thu Apr 17 14:50:17 2025 Deuce (Red) [Headshot] Soopy (Blue)
Thu Apr 17 14:50:17 2025 Deuce (Red) [Headshot] Mangle (Blue)
Thu Apr 17 14:50:18 2025 Deuce (Red) [Headshot] gui (Blue)
Thu Apr 17 14:50:18 2025 Deuce (Red) [Headshot] DUROV IS FREE (Blue)
Thu Apr 17 14:50:22 2025 [Global] gui (Blue): VOTE YES
Thu Apr 17 14:50:22 2025 [Global] Drudoqr (Red): how to vote?
Thu Apr 17 14:50:22 2025 [Global] Mangle (Blue): using aimbot
Thu Apr 17 14:50:25 2025  DUROV IS FREE (#8) is votekicking Deuce (#11). /Y to vote (2 left)
Thu Apr 17 14:50:25 2025  Reason: hacker?????
Thu Apr 17 14:50:29 2025 Deuce (Red) [Headshot] DUROV IS FREE (Blue)
Thu Apr 17 14:50:30 2025 Deuce (Red) [Headshot] YEI (Blue)
Thu Apr 17 14:50:30 2025 Deuce (Red) [Headshot] Soopy (Blue)
Thu Apr 17 14:50:31 2025 Deuce (Red) [Headshot] gui (Blue)
Thu Apr 17 14:50:31 2025 Deuce (Red) [Headshot] Mangle (Blue)
Thu Apr 17 14:50:32 2025 [Global] DUROV IS FREE (Blue): type /y in chat
Thu Apr 17 14:50:39 2025 Harry (Red) [Headshot] DUROV IS FREE (Blue)
Thu Apr 17 14:50:39 2025 vivian<3 joined Blue team
Thu Apr 17 14:50:41 2025 [Global] DUROV IS FREE (Blue): press t and type /y  enter
Thu Apr 17 14:50:42 2025 Deuce (Red) [Headshot] YEI (Blue)
Thu Apr 17 14:50:42 2025 Soopy (Blue) [Headshot] Harry (Red)
Thu Apr 17 14:50:43 2025 Deuce (Red) [Headshot] Mangle (Blue)
Thu Apr 17 14:50:43 2025 Deuce (Red) [Headshot] vivian<3 (Blue)
Thu Apr 17 14:50:44 2025 [Global] Mangle (Blue): inluding wallhacks
Thu Apr 17 14:50:45 2025 Deuce (Red) [Headshot] Soopy (Blue)
Thu Apr 17 14:50:45 2025 Deuce (Red) [Headshot] gui (Blue)
Thu Apr 17 14:50:45 2025 Ashy captured Blue's Intel.
Thu Apr 17 14:50:46 2025 [Team] Drudoqr (Red): I need proof to vote
Thu Apr 17 14:50:52 2025 Deuce (Red) [Headshot] gui (Blue)
Thu Apr 17 14:50:53 2025 Deuce (Red) [Headshot] DUROV IS FREE (Blue)
Thu Apr 17 14:50:53 2025  vivian<3 (#13) voted YES
Thu Apr 17 14:50:53 2025 Deuce (Red) [Headshot] YEI (Blue)
Thu Apr 17 14:50:54 2025 Deuce (Red) [Headshot] Soopy (Blue)
Thu Apr 17 14:50:54 2025 Deuce (Red) [Headshot] Mangle (Blue)
Thu Apr 17 14:50:55 2025 Deuce (Red) [Headshot] vivian<3 (Blue)
Thu Apr 17 14:50:55 2025  DUROV IS FREE (#8) is votekicking Deuce (#11). /Y to vote (1 left)
Thu Apr 17 14:50:55 2025  Reason: hacker?????
Thu Apr 17 14:50:55 2025 [Global] Ashy (Red): theyre headshotting everyone constantly 
Thu Apr 17 14:50:59 2025 [Global] gui (Blue): just one more guys
Thu Apr 17 14:51:00 2025 [Global] vivian<3 (Blue): 1 more /y
Thu Apr 17 14:51:02 2025 Preacher098 (Red) [Headshot] Mangle (Blue)
Thu Apr 17 14:51:02 2025 [Global] Mangle (Blue): i guess marsh was right 
Thu Apr 17 14:51:05 2025 [Global] Ashy (Red): theres like 10 headshots in the killfeed right nopw
Thu Apr 17 14:51:06 2025 Deuce (Red) [Headshot] DUROV IS FREE (Blue)
Thu Apr 17 14:51:06 2025 Player Preacher098 has left
Thu Apr 17 14:51:07 2025 Deuce (Red) [Headshot] YEI (Blue)
Thu Apr 17 14:51:09 2025  Visit our community forums at https://aloha.pk/
Thu Apr 17 14:51:09 2025 Deuce (Red) [Headshot] Soopy (Blue)
Thu Apr 17 14:51:10 2025 Deuce (Red) [Headshot] vivian<3 (Blue)
Thu Apr 17 14:51:11 2025 Deuce (Red) [Headshot] gui (Blue)
Thu Apr 17 14:51:15 2025 Deuce (Red) [Headshot] Mangle (Blue)
Thu Apr 17 14:51:15 2025 Player vivian<3 has left
Thu Apr 17 14:51:17 2025 Deuce (Red) [Headshot] YEI (Blue)
Thu Apr 17 14:51:18 2025 [Global] Soopy (Blue): more like deucebag am I right
Thu Apr 17 14:51:20 2025 Deuce (Red) [Headshot] DUROV IS FREE (Blue)
Thu Apr 17 14:51:23 2025 vivian<3 joined Blue team
Thu Apr 17 14:51:24 2025 Mangle joined Red team
Thu Apr 17 14:51:25 2025  DUROV IS FREE (#8) is votekicking Deuce (#11). /Y to vote (2 left)
Thu Apr 17 14:51:25 2025  Reason: hacker?????
Thu Apr 17 14:51:27 2025  vivian<3 (#10) voted YES
Thu Apr 17 14:51:28 2025 Deuce (Red) [Headshot] vivian<3 (Blue)
Thu Apr 17 14:51:28 2025 gigi joined Spectator team
Thu Apr 17 14:51:30 2025 Deuce (Red) [Headshot] YEI (Blue)
Thu Apr 17 14:51:31 2025 Deuce (Red) [Headshot] gui (Blue)
Thu Apr 17 14:51:32 2025 Deuce (Red) [Headshot] Soopy (Blue)
Thu Apr 17 14:51:36 2025 [Global] gui (Blue): PLS VOTE YES
Thu Apr 17 14:51:38 2025 Harry (Red) [Rifle]
Thu Apr 17 14:51:40 2025 [Team] Drudoqr (Red): Any proof of cheating?
Thu Apr 17 14:51:41 2025 Deuce (Red) [Rifle] YEI (Blue)
Thu Apr 17 14:51:42 2025 Deuce (Red) [Headshot] Soopy (Blue)
Thu Apr 17 14:51:43 2025 Deuce (Red) [Headshot] vivian<3 (Blue)
Thu Apr 17 14:51:47 2025 Deuce (Red) [Headshot] gui (Blue)
Thu Apr 17 14:51:49 2025 Deuce (Red) [Headshot] vivian<3 (Blue)
Thu Apr 17 14:51:50 2025 Deuce (Red) [Headshot] gui (Blue)
Thu Apr 17 14:51:51 2025 Ashy1 joined Blue team
Thu Apr 17 14:51:54 2025 Cesar11b joined Blue team
Thu Apr 17 14:51:55 2025  Votekick for Deuce (#11) has ended. Votekick timed out
Thu Apr 17 14:51:55 2025 Player Ashy1 has left
Thu Apr 17 14:51:56 2025 Deuce (Red) [Weapon Change]
Thu Apr 17 14:51:57 2025  DUROV IS FREE has a kill-death ratio of 0.36 (5 kills, 14 deaths, 0.37 kills per
Thu Apr 17 14:51:57 2025  minute).
Thu Apr 17 14:51:57 2025  DUROV IS FREE removed no blocks in the last 2.0 minutes.
Thu Apr 17 14:51:57 2025  Deuce (#11) started a VOTEKICK against DUROV IS FREE (#8). Say /Y to agree
Thu Apr 17 14:51:57 2025  Reason: BAD
Thu Apr 17 14:52:01 2025  Ashy (#9) voted YES
Thu Apr 17 14:52:04 2025  Mangle (#4) voted YES
Thu Apr 17 14:52:05 2025 DUROV IS FREE picked up Red's Intel.
Thu Apr 17 14:52:05 2025 gigi joined Blue team
Thu Apr 17 14:52:06 2025 DUROV IS FREE dropped Red's Intel
Thu Apr 17 14:52:06 2025  The intel has returned to the heavens
Thu Apr 17 14:52:06 2025 Deuce (Red) [Headshot] DUROV IS FREE (Blue)
Thu Apr 17 14:52:07 2025 [Global] Soopy (Blue): youre fucking joking
Thu Apr 17 14:52:09 2025  Come chat with us at https://discord.aloha.pk/
Thu Apr 17 14:52:09 2025 [Team] Drudoqr (Red): ....
Thu Apr 17 14:52:09 2025 Player Cesar11b has left
Thu Apr 17 14:52:15 2025 DUROV IS FREE (Blue) [Team Change]
Thu Apr 17 14:52:15 2025 Deuce (Red) [Headshot] gigi (Blue)
Thu Apr 17 14:52:18 2025 [Global] gui (Blue): deuce is hacking.
Thu Apr 17 14:52:22 2025 Deuce (Red) [Headshot] YEI (Blue)
Thu Apr 17 14:52:23 2025 Deuce (Red) [Headshot] Soopy (Blue)
Thu Apr 17 14:52:24 2025 DUROV IS FREE joined Spectator team
Thu Apr 17 14:52:25 2025 Deuce (Red) [SMG] vivian<3 (Blue)
Thu Apr 17 14:52:26 2025 Deuce (Red) [SMG] YEI (Blue)
Thu Apr 17 14:52:27 2025 Deuce (Red) [Headshot] Soopy (Blue)
Thu Apr 17 14:52:27 2025  Deuce (#11) is votekicking DUROV IS FREE (#8). /Y to vote (3 left)
Thu Apr 17 14:52:27 2025  Reason: BAD
Thu Apr 17 14:52:28 2025 Deuce (Red) [Headshot] gigi (Blue)
Thu Apr 17 14:52:34 2025 Deuce (Red) [Headshot] gui (Blue)
Thu Apr 17 14:52:38 2025 Deuce (Red) [Headshot] Soopy (Blue)
Thu Apr 17 14:52:39 2025 Deuce (Red) [Headshot] vivian<3 (Blue)
Thu Apr 17 14:52:39 2025 Deuce (Red) [Headshot] gui (Blue)
Thu Apr 17 14:52:40 2025 Deuce (Red) [Headshot] gigi (Blue)
Thu Apr 17 14:52:42 2025 Deuce (Red) [Headshot] YEI (Blue)
Thu Apr 17 14:52:46 2025 Ashy picked up Blue's Intel.
Thu Apr 17 14:52:51 2025 vivian<3 joined Spectator team
Thu Apr 17 14:52:52 2025 Soopy (Blue) [Headshot] Deuce (Red)
Thu Apr 17 14:52:57 2025  Deuce (#11) is votekicking DUROV IS FREE (#8). /Y to vote (3 left)
Thu Apr 17 14:52:57 2025  Reason: BAD
Thu Apr 17 14:53:04 2025 Drudoqr (Red) [Rifle] gigi (Blue)
Thu Apr 17 14:53:06 2025  Harry has reached 1000 blocks placed! /heaven unlocked.
Thu Apr 17 14:53:06 2025 Type /heavenlist to view available images. /heaven <name> to confirm.
Thu Apr 17 14:53:06 2025 Want your country's flag instead? Type /heaven country (or any alpha-2 code)
Thu Apr 17 14:53:06 2025 [Global] Deuce (Red): bluds mad lol
Thu Apr 17 14:53:09 2025  If you believe a player is breaking the rules, please let us know with /ADMIN
Thu Apr 17 14:53:11 2025 Mangle (Red) [Fall]
Thu Apr 17 14:53:17 2025 Pye joined Blue team
Thu Apr 17 14:53:20 2025 YEI (Blue) [Headshot] Drudoqr (Red)
Thu Apr 17 14:53:20 2025 gui (Blue) [Team Change]
Thu Apr 17 14:53:22 2025 Deuce (Red) [Headshot] gigi (Blue)
Thu Apr 17 14:53:24 2025 gui joined Red team
Thu Apr 17 14:53:25 2025 [Team] Drudoqr (Red): Darn
Thu Apr 17 14:53:27 2025 Player Pye has left
Thu Apr 17 14:53:27 2025  Deuce (#11) is votekicking DUROV IS FREE (#8). /Y to vote (3 left)
Thu Apr 17 14:53:27 2025  Reason: BAD
Thu Apr 17 14:53:29 2025 Deuce (Red) [Headshot] YEI (Blue)
Thu Apr 17 14:53:30 2025 Deuce (Red) [Headshot] gigi (Blue)
Thu Apr 17 14:53:31 2025 Deuce (Red) [Headshot] Soopy (Blue)
Thu Apr 17 14:53:32 2025 [Global] Soopy (Blue): I wonder why someone be mad
Thu Apr 17 14:53:38 2025 Ashy captured Blue's Intel.
Thu Apr 17 14:53:38 2025 Deuce (Red) [Headshot] gigi (Blue)
Thu Apr 17 14:53:39 2025 Deuce (Red) [Headshot] Soopy (Blue)
Thu Apr 17 14:53:41 2025 Deuce (Red) [Headshot] YEI (Blue)
Thu Apr 17 14:53:43 2025 Mangle picked up Blue's Intel.
Thu Apr 17 14:53:50 2025 Deuce (Red) [Headshot] gigi (Blue)
Thu Apr 17 14:53:51 2025 Deuce (Red) [Headshot] YEI (Blue)
Thu Apr 17 14:53:52 2025 Deuce (Red) [Headshot] Soopy (Blue)
Thu Apr 17 14:53:56 2025 [Team] Drudoqr (Red): Stop grefing
Thu Apr 17 14:53:57 2025  Votekick for DUROV IS FREE (#8) has ended. Votekick timed out
Thu Apr 17 14:53:58 2025  Deuce has a kill-death ratio of 39.50 (79 kills, 2 deaths, 16.49 kills per minute).
Thu Apr 17 14:53:58 2025  Deuce removed 4 blocks in the last 2.0 minutes. All of them were map blocks. Last one
Thu Apr 17 14:53:58 2025  was destroyed 1 minute, 8 seconds ago.
Thu Apr 17 14:53:58 2025  DUROV IS FREE (#8) started a VOTEKICK against Deuce (#11). Say /Y to agree
Thu Apr 17 14:53:58 2025  Reason: hacker!!!!!!
Thu Apr 17 14:53:58 2025 [Global] Soopy (Blue): Like imagine NOT ruining a game for everyone
Thu Apr 17 14:54:01 2025 Deuce (Red) [Headshot] gigi (Blue)
Thu Apr 17 14:54:01 2025 Deuce (Red) [Headshot] Soopy (Blue)
Thu Apr 17 14:54:02 2025  Ashy (#9) voted YES
Thu Apr 17 14:54:02 2025 [Global] gui (Red): then stop hacking :)
Thu Apr 17 14:54:03 2025 [Global] Soopy (Blue): impossible
Thu Apr 17 14:54:03 2025 Deuce (Red) [Headshot] YEI (Blue)
Thu Apr 17 14:54:04 2025  vivian<3 (#10) voted YES
Thu Apr 17 14:54:09 2025  This server runs imger and glow. Use /IMG or /GLOW to toggle them.
Thu Apr 17 14:54:12 2025 Pye joined Blue team
Thu Apr 17 14:54:13 2025 [Global] gigi (Blue): mmmmmmm que aburrido
Thu Apr 17 14:54:13 2025 [Global] vivian<3 (): all /y
Thu Apr 17 14:54:20 2025 [Team] Drudoqr (Red): Gui what on eath are you doing!
Thu Apr 17 14:54:20 2025 [Global] DUROV IS FREE (): please vote /y
Thu Apr 17 14:54:22 2025  gui (#12) voted YES
Thu Apr 17 14:54:23 2025 [Global] vivian<3 ():                                                      all /y
Thu Apr 17 14:54:25 2025  gigi (#13) voted YES
Thu Apr 17 14:54:25 2025 Deuce (Red) [Headshot] gigi (Blue)
Thu Apr 17 14:54:26 2025 Deuce (Red) [Headshot] Pye (Blue)
Thu Apr 17 14:54:27 2025 Deuce (Red) [Headshot] Soopy (Blue)
Thu Apr 17 14:54:28 2025  DUROV IS FREE (#8) is votekicking Deuce (#11). /Y to vote (2 left)
Thu Apr 17 14:54:28 2025  Reason: hacker!!!!!!
Thu Apr 17 14:54:29 2025 Deuce (Red) [Headshot] YEI (Blue)
Thu Apr 17 14:54:35 2025  Mangle (#4) voted YES
Thu Apr 17 14:54:35 2025 [Team] gui (Red): VOTE FOR HIM
Thu Apr 17 14:54:36 2025 [Global] vivian<3 ():                                                                                                             
Thu Apr 17 14:54:37 2025 Deuce (Red) [Headshot] Soopy (Blue)
Thu Apr 17 14:54:37 2025 Deuce (Red) [Headshot] Pye (Blue)
Thu Apr 17 14:54:39 2025 Deuce (Red) [Headshot] gigi (Blue)
Thu Apr 17 14:54:39 2025 Deuce (Red) [Headshot] YEI (Blue)
Thu Apr 17 14:54:41 2025  Soopy (#7) voted YES
Thu Apr 17 14:54:41 2025  Votekick for Deuce (#11) has ended. Player kicked
Thu Apr 17 14:54:41 2025  Deuce was banned.
Thu Apr 17 14:54:41 2025 Player Deuce has left
Thu Apr 17 14:54:45 2025 [Global] Soopy (Blue): thank fuck
Thu Apr 17 14:54:46 2025 [Global] gigi (Blue): aja
Thu Apr 17 14:54:46 2025 [Team] gui (Red): FINALLY[
Thu Apr 17 14:54:50 2025 DUROV IS FREE joined Blue team
Thu Apr 17 14:54:56 2025 [Global] Ashy (Red): lol
Thu Apr 17 14:55:01 2025 [Global] vivian<3 (): he will return back
Thu Apr 17 14:55:01 2025 [Team] Drudoqr (Red): Callming me a hacker. Clever must have taken your only brain cell to come up with that.
Thu Apr 17 14:55:08 2025 [Global] Soopy (Blue): ofc
Thu Apr 17 14:55:08 2025 [Global] Mangle (Red): ay
Thu Apr 17 14:55:09 2025  Use /EMOTE to draw an emote on the map!
Thu Apr 17 14:55:12 2025 elgord0tet0n joined Red team
Thu Apr 17 14:55:13 2025 Fofao joined Blue team
Thu Apr 17 14:55:16 2025 gigi (Blue) [Team Change]
Thu Apr 17 14:55:18 2025 Ashy (Red) [Headshot] Pye (Blue)
Thu Apr 17 14:55:18 2025 DUROV IS FREE picked up Red's Intel.
Thu Apr 17 14:55:21 2025 Player Pye has left
Thu Apr 17 14:55:21 2025 DUROV IS FREE (Blue) [Melee] Ashy (Red)
Thu Apr 17 14:55:24 2025 gigi joined Red team
Thu Apr 17 14:55:39 2025 Harry (Red) [Headshot] Soopy (Blue)
Thu Apr 17 14:55:42 2025 [Team] Drudoqr (Red): Gui stop it!
Thu Apr 17 14:55:45 2025 Pye joined Blue team
Thu Apr 17 14:55:47 2025 [Team] gui (Red): now i stop theres no more hackers
Thu Apr 17 14:55:53 2025 Fofao (Blue) [Rifle] Ashy (Red)
Thu Apr 17 14:55:56 2025 FL | Benshamort joined Blue team
Thu Apr 17 14:55:59 2025 DUROV IS FREE captured Red's Intel.
Thu Apr 17 14:56:09 2025  Use /HEAVEN to paint the babel platform!
Thu Apr 17 14:56:09 2025 [Global] Mangle (Red): tf are u doing
Thu Apr 17 14:56:13 2025 Mangle (Red) [Shotgun]
Thu Apr 17 14:56:13 2025  God punished Mangle for holding the intel too long
Thu Apr 17 14:56:19 2025 Fofao (Blue) [Headshot] Ashy (Red)
Thu Apr 17 14:56:22 2025 Fofao (Blue) [Headshot] gui (Red)
Thu Apr 17 14:56:23 2025 Fofao (Blue) [Headshot] Harry (Red)
Thu Apr 17 14:56:26 2025 Fofao (Blue) [Rifle] MAXMAX1 (Red)
Thu Apr 17 14:56:28 2025 DUROV IS FREE picked up Red's Intel.
Thu Apr 17 14:56:28 2025 GEPARD joined Blue team
Thu Apr 17 14:56:34 2025 Ashy (Red) [Rifle] Soopy (Blue)
Thu Apr 17 14:56:37 2025 Fofao (Blue) [Grenade] gui (Red)
Thu Apr 17 14:56:38 2025 Fofao (Blue) [Grenade]
Thu Apr 17 14:56:42 2025 Pye (Blue) [Fall]
Thu Apr 17 14:56:42 2025 [Team] Drudoqr (Red): What is wrong with you? That's not how to behave when a "hacker" is on the server!
Thu Apr 17 14:56:52 2025 [Global] gui (Red): IT IS]
Thu Apr 17 14:56:52 2025 FL | Benshamort (Blue) [Fall]
Thu Apr 17 14:56:56 2025 Soopy (Blue) [Fall]
Thu Apr 17 14:57:00 2025 DUROV IS FREE captured Red's Intel.
Thu Apr 17 14:57:03 2025 YEI (Blue) [Fall]
Thu Apr 17 14:57:04 2025 DUROV IS FREE (Blue) [Headshot] Harry (Red)
Thu Apr 17 14:57:09 2025  Get a 20 killstreak and 1 intel capture(s) to unlock /APOC!
Thu Apr 17 14:57:21 2025 Fofao picked up Red's Intel.
Thu Apr 17 14:57:24 2025 FL | Benshamort (Blue) [Headshot] gui (Red)
Thu Apr 17 14:57:29 2025 Mangle (Red) [Team Change]
Thu Apr 17 14:57:30 2025 elgord0tet0n (Red) [Fall]
Thu Apr 17 14:57:33 2025 [Team] Ashy (Red): cut middle people
Thu Apr 17 14:57:36 2025 Ashy (Red) [Headshot] GEPARD (Blue)
Thu Apr 17 14:57:36 2025 Mangle joined Blue team
Thu Apr 17 14:57:37 2025 FL | Benshamort (Blue) [Headshot] Harry (Red)
Thu Apr 17 14:57:39 2025 Player elgord0tet0n has left
Thu Apr 17 14:57:40 2025 Ashy (Red) [Headshot] Mangle (Blue)
Thu Apr 17 14:57:46 2025 Ashy (Red) [Headshot] YEI (Blue)
Thu Apr 17 14:57:47 2025 FL | Benshamort (Blue) [SMG] MAXMAX1 (Red)
Thu Apr 17 14:57:58 2025 GEPARD (Blue) [Headshot] Ashy (Red)
Thu Apr 17 14:58:00 2025 Fofao captured Red's Intel.
Thu Apr 17 14:58:00 2025 Blue Wins!
Thu Apr 17 14:58:00 2025  Game finished! Next map: TempleOfHephaistos.
Thu Apr 17 14:58:01 2025 GEPARD (Blue) [Headshot] gigi (Red)
Thu Apr 17 14:58:02 2025 Player DUROV IS FREE has left
Thu Apr 17 14:58:02 2025 gui (Red) [Headshot] Fofao (Blue)
Thu Apr 17 14:58:03 2025 Ashy (Red) [Rifle] YEI (Blue)
Thu Apr 17 14:58:04 2025 FL | Benshamort (Blue) [Headshot] Ashy (Red)
Thu Apr 17 14:58:04 2025 gui (Red) [Headshot] Soopy (Blue)
Thu Apr 17 14:58:04 2025 FL | Benshamort (Blue) [Headshot] gui (Red)
Thu Apr 17 14:58:05 2025 Pye (Blue) [Headshot] Harry (Red)
Thu Apr 17 14:58:05 2025 Drudoqr (Red) [Fall]
Thu Apr 17 14:58:06 2025 Pye (Blue) [SMG] MAXMAX1 (Red)
Thu Apr 17 14:58:06 2025 Pye (Blue) [SMG] MAXMAX1 (Red)
Thu Apr 17 14:58:08 2025 Player Ashy has left
Thu Apr 17 14:58:09 2025  Capture your team's 5th intel to unlock /APOC for your team's best builder!
Thu Apr 17 14:58:09 2025 FL | Benshamort (Blue) [Fall]
Thu Apr 17 14:58:09 2025 Pye picked up Red's Intel.
Thu Apr 17 14:58:10 2025 ------ World Unloaded ------
Thu Apr 17 14:58:10 2025 Disconnecting
