Sat Feb 22 21:10:06 2025 ------ World Loaded ------
Sat Feb 22 21:10:06 2025 klop (Blue) [Headshot] BigGoat (Red)
Sat Feb 22 21:10:06 2025 Welcome to aloha.pk tower of babel
Sat Feb 22 21:10:07 2025 Map: OASIS 2 by JoJoe-Stinky AKA Jason Bonham
Sat Feb 22 21:10:08 2025 Falk3n (Red) [Headshot] awskleth (Blue)
Sat Feb 22 21:10:08 2025 e (Blue) [SMG] noob (Red)
Sat Feb 22 21:10:09 2025 Jamal (Blue) [SMG] YOELUCHIJA (Red)
Sat Feb 22 21:10:09 2025 Game mode: babel
Sat Feb 22 21:10:10 2025 BigGoat (Red) [Fall]
Sat Feb 22 21:10:10 2025 YOELUCHIJA (Red) [Fall]
Sat Feb 22 21:10:10 2025 awskleth (Blue) [Fall]
Sat Feb 22 21:10:10 2025 noob (Red) [Fall]
Sat Feb 22 21:10:10 2025 [Global] haloplayer2003 (Blue): salute yeoluchija
Sat Feb 22 21:10:11 2025 Build a tower to get the enemy's intel. Take it to your team's tent to win!
Sat Feb 22 21:10:13 2025 Visit our community forum at https://aloha.pk/
Sat Feb 22 21:10:13 2025 Falk3n (Red) [Headshot] klop (Blue)
Sat Feb 22 21:10:14 2025 Router (Red) [SMG] Jamal (Blue)
Sat Feb 22 21:10:15 2025 export (Blue) [Headshot] Router (Red)
Sat Feb 22 21:10:15 2025 Come chat with us at https://discord.aloha.pk/
Sat Feb 22 21:10:17 2025 a coffin (Red) [Headshot] e (Blue)
Sat Feb 22 21:10:18 2025 [Global] piss_and_poop (Blue): 000000000000000000000000000000000000000000000000000000000000000000
Sat Feb 22 21:10:18 2025 [Global] BigGoat (Red): HAIL MOSLEY!
Sat Feb 22 21:10:20 2025  Type /HELP for info & commands
Sat Feb 22 21:10:21 2025 [Global] piss_and_poop (Blue): 000000000000000000000000000000000000000000000000000000000000000000
Sat Feb 22 21:10:21 2025 Falk3n (Red) [Headshot] export (Blue)
Sat Feb 22 21:10:22 2025 [Global] piss_and_poop (Blue): 000000000000000000000000000000000000000000000000000000000000000000
Sat Feb 22 21:10:22 2025 NEGUINDAFAVELA (Blue) [Headshot] Harry (Red)
Sat Feb 22 21:10:25 2025 NEGUINDAFAVELA (Blue) [Headshot] BigGoat (Red)
Sat Feb 22 21:10:28 2025 a coffin (Red) [Headshot] haloplayer2003 (Blue)
Sat Feb 22 21:10:29 2025 [Global] haloplayer2003 (Blue): mosley was gay as fuck
Sat Feb 22 21:10:32 2025 Falk3n (Red) [Headshot] buzzed drivah (Blue)
Sat Feb 22 21:10:34 2025 [Global] piss_and_poop (Blue): 000000000000000000000000000000000000000000000000000000000000000000
Sat Feb 22 21:10:36 2025 NEGUINDAFAVELA (Blue) [Headshot] Vagabond (Red)
Sat Feb 22 21:10:38 2025 [Global] haloplayer2003 (Blue): queer
Sat Feb 22 21:10:40 2025 Jamal (Blue) [Headshot] Harry (Red)
Sat Feb 22 21:10:41 2025 Max-Kill joined Red team
Sat Feb 22 21:10:42 2025 awskleth (Blue) [SMG] Falk3n (Red)
Sat Feb 22 21:10:43 2025 [Global] BigGoat (Red): Church was a fat pig
Sat Feb 22 21:10:47 2025 [Global] haloplayer2003 (Blue): no shit
Sat Feb 22 21:10:48 2025 NEGUINDAFAVELA (Blue) [Headshot] POP_OS (Red)
Sat Feb 22 21:10:49 2025 NEGUINDAFAVELA (Blue) [Headshot] noob (Red)
Sat Feb 22 21:10:49 2025 klop (Blue) [Headshot] YOELUCHIJA (Red)
Sat Feb 22 21:10:49 2025 a coffin (Red) [Headshot] trololololololo (Blue)
Sat Feb 22 21:10:50 2025 [Global] piss_and_poop (Blue): 000000000000000000000000000000000000000000000000000000000000000000
Sat Feb 22 21:10:50 2025 a coffin (Red) [Headshot] buzzed drivah (Blue)
Sat Feb 22 21:10:53 2025 Noaa (Red) [SMG] NEGUINDAFAVELA (Blue)
Sat Feb 22 21:10:54 2025 BigGoat (Red) [SMG] piss_and_poop (Blue)
Sat Feb 22 21:10:55 2025 Router (Red) [SMG] Jamal (Blue)
Sat Feb 22 21:10:56 2025 a coffin (Red) [Headshot] haloplayer2003 (Blue)
Sat Feb 22 21:10:57 2025 e (Blue) [Headshot] BigGoat (Red)
Sat Feb 22 21:10:57 2025 export (Blue) [Headshot] Noaa (Red)
Sat Feb 22 21:10:58 2025 [Global] haloplayer2003 (Blue): so are fascists
Sat Feb 22 21:11:00 2025 [Global] Vagabond (Red): so, USA sending money to HAMAS in the last 2 years via USAID
Sat Feb 22 21:11:01 2025 Router (Red) [SMG] klop (Blue)
Sat Feb 22 21:11:03 2025 export (Blue) [Headshot] Harry (Red)
Sat Feb 22 21:11:05 2025 [Team] Joel Games 220 (Red): nunca faltei o respeito com ninguem, no faz sentido esse hate
Sat Feb 22 21:11:05 2025 [Global] YOELUCHIJA (Red): KKILL ALL FACIST
Sat Feb 22 21:11:05 2025 export (Blue) [Headshot] Falk3n (Red)
Sat Feb 22 21:11:05 2025 NEGUINDAFAVELA (Blue) [Fall]
Sat Feb 22 21:11:11 2025 blanquist joined Red team
Sat Feb 22 21:11:13 2025 POP_OS (Red) [Headshot] export (Blue)
Sat Feb 22 21:11:15 2025 [Global] Vagabond (Red): KILL YOELU ENTIRE FAMILY
Sat Feb 22 21:11:15 2025 [Global] BigGoat (Red): I'm a socialist
Sat Feb 22 21:11:17 2025 Router (Red) [Headshot] whalefish >'^'> (Blue)
Sat Feb 22 21:11:17 2025 e (Blue) [Headshot] Noaa (Red)
Sat Feb 22 21:11:19 2025 POP_OS (Red) [Rifle] e (Blue)
Sat Feb 22 21:11:20 2025  Visit our community forums at https://aloha.pk/
Sat Feb 22 21:11:25 2025 NEGUINDAFAVELA (Blue) [Headshot] Router (Red)
Sat Feb 22 21:11:28 2025 [Global] piss_and_poop (Blue): ANGLO DOMINATED THE WORLD
Sat Feb 22 21:11:29 2025 [Global] noob (Red): libertarian
Sat Feb 22 21:11:29 2025 [Team] Router (Red): left
Sat Feb 22 21:11:29 2025 [Global] Jamal (Blue): Pakistanis would have to impregnate every underage white girl to become the majority in UK
Sat Feb 22 21:11:31 2025 klop (Blue) [Headshot] YOELUCHIJA (Red)
Sat Feb 22 21:11:31 2025 a coffin (Red) [Headshot] Jamal (Blue)
Sat Feb 22 21:11:32 2025 a coffin (Red) [Headshot] haloplayer2003 (Blue)
Sat Feb 22 21:11:32 2025 Player blanquist has left
Sat Feb 22 21:11:34 2025 [Global] Jamal (Blue): They can't do it
Sat Feb 22 21:11:35 2025 Falk3n (Red) [Rifle] awskleth (Blue)
Sat Feb 22 21:11:36 2025 NEGUINDAFAVELA (Blue) [Headshot] Max-Kill (Red)
Sat Feb 22 21:11:37 2025 Router (Red) [Headshot] klop (Blue)
Sat Feb 22 21:11:40 2025 NEGUINDAFAVELA (Blue) [Headshot] Vagabond (Red)
Sat Feb 22 21:11:41 2025 [Global] Router (Red): theyre already doing that jamal
Sat Feb 22 21:11:43 2025 POP_OS (Red) [Rifle] export (Blue)
Sat Feb 22 21:11:44 2025 YOELUCHIJA (Red) [Fall]
Sat Feb 22 21:11:45 2025 [Global] Vagabond (Red): lol
Sat Feb 22 21:11:45 2025 NEGUINDAFAVELA (Blue) [Headshot] BigGoat (Red)
Sat Feb 22 21:11:47 2025 a coffin (Red) [Headshot] haloplayer2003 (Blue)
Sat Feb 22 21:11:51 2025 [Global] YOELUCHIJA (Red): KILL JAML
Sat Feb 22 21:11:51 2025 Router (Red) [Headshot] e (Blue)
Sat Feb 22 21:11:58 2025 YOELUCHIJA (Red) [Fall]
Sat Feb 22 21:11:59 2025 NEGUINDAFAVELA (Blue) [Headshot] Max-Kill (Red)
Sat Feb 22 21:12:03 2025 [Global] Jamal (Blue): They're not raping enough of them to become the majority though @Router
Sat Feb 22 21:12:03 2025 Router (Red) [SMG] klop (Blue)
Sat Feb 22 21:12:04 2025 a coffin (Red) [Headshot] elgord0tet0n (Blue)
Sat Feb 22 21:12:05 2025 whalefish >'^'> (Blue) [Headshot] Router (Red)
Sat Feb 22 21:12:05 2025 Max-Kill (Red) [Fall]
Sat Feb 22 21:12:06 2025 NEGUINDAFAVELA (Blue) [Headshot] Falk3n (Red)
Sat Feb 22 21:12:06 2025 [Global] Vagabond (Red): they will not suceed, hitler is coming back tomorrow in germany
Sat Feb 22 21:12:07 2025 [Team] Joel Games 220 (Red): tudo bem, eu no sei falar english de forma decente ainda mas ninguem nasceu sab
Sat Feb 22 21:12:09 2025 YOELUCHIJA (Red) [Fall]
Sat Feb 22 21:12:11 2025 Noaa (Red) [SMG] piss_and_poop (Blue)
Sat Feb 22 21:12:12 2025 [Global] Router (Red): alhamdulillah!!!
Sat Feb 22 21:12:14 2025 whalefish >'^'> (Blue) [Headshot] Noaa (Red)
Sat Feb 22 21:12:16 2025 [Global] piss_and_poop (Blue): UR MOM 
Sat Feb 22 21:12:17 2025 [Global] piss_and_poop (Blue): UR MOM 
Sat Feb 22 21:12:20 2025  Come chat with us at https://discord.aloha.pk/
Sat Feb 22 21:12:20 2025 a coffin (Red) [Headshot] piss_and_poop (Blue)
Sat Feb 22 21:12:21 2025 [Global] BigGoat (Red): Hitler is my favorite kind of socialism
Sat Feb 22 21:12:21 2025 [Global] klop (Blue): jamal hows your first youtube video
Sat Feb 22 21:12:21 2025 [Global] Router (Red): he will kill the jews!!
Sat Feb 22 21:12:25 2025 export (Blue) [Rifle] Vagabond (Red)
Sat Feb 22 21:12:26 2025 POP_OS (Red) [Headshot] trololololololo (Blue)
Sat Feb 22 21:12:30 2025 Falk3n (Red) [Rifle] buzzed drivah (Blue)
Sat Feb 22 21:12:32 2025 e (Blue) [Headshot] BigGoat (Red)
Sat Feb 22 21:12:35 2025 e (Blue) [Headshot] Max-Kill (Red)
Sat Feb 22 21:12:36 2025 whalefish >'^'> (Blue) [Headshot] noob (Red)
Sat Feb 22 21:12:37 2025 e (Blue) [Headshot] YOELUCHIJA (Red)
Sat Feb 22 21:12:39 2025 [Global] Jamal (Blue): I'm just writing the script for it
Sat Feb 22 21:12:40 2025 Noaa (Red) [Headshot] awskleth (Blue)
Sat Feb 22 21:12:40 2025 [Global] piss_and_poop (Blue): BRO WHOS PMING ME ON DISCORD "HEIL HITLER"
Sat Feb 22 21:12:40 2025 [Global] Vagabond (Red): LONG LIVE ALOHA CHAT SIEG HEIL
Sat Feb 22 21:12:41 2025 [Team] Joel Games 220 (Red): corrigindo mas ninguem nasceu sabendo de tudo
Sat Feb 22 21:12:44 2025 [Global] Jamal (Blue): I procrastinate alot
Sat Feb 22 21:12:44 2025 e (Blue) [SMG] YOELUCHIJA (Red)
Sat Feb 22 21:12:47 2025 Router (Red) [SMG] export (Blue)
Sat Feb 22 21:12:50 2025 Router (Red) [Headshot] e (Blue)
Sat Feb 22 21:12:53 2025 whalefish >'^'> (Blue) [Rifle] POP_OS (Red)
Sat Feb 22 21:12:54 2025 [Global] BigGoat (Red): BAAAAAAASD
Sat Feb 22 21:13:00 2025 Vagabond (Red) [Headshot] klop (Blue)
Sat Feb 22 21:13:03 2025 Max-Kill (Red) [SMG] NEGUINDAFAVELA (Blue)
Sat Feb 22 21:13:07 2025 awskleth (Blue) [Headshot] Vagabond (Red)
Sat Feb 22 21:13:09 2025 YOELUCHIJA (Red) [Rifle] piss_and_poop (Blue)
Sat Feb 22 21:13:10 2025 trololololololo (Blue) [Headshot] YOELUCHIJA (Red)
Sat Feb 22 21:13:10 2025 e (Blue) [SMG] Max-Kill (Red)
Sat Feb 22 21:13:11 2025 [Global] piss_and_poop (Blue): GAYNAL
Sat Feb 22 21:13:12 2025 POP_OS (Red) [Headshot] haloplayer2003 (Blue)
Sat Feb 22 21:13:14 2025 whalefish >'^'> (Blue) [Headshot] BigGoat (Red)
Sat Feb 22 21:13:16 2025 Router (Red) [Headshot] trololololololo (Blue)
Sat Feb 22 21:13:16 2025 a coffin (Red) [Headshot] NEGUINDAFAVELA (Blue)
Sat Feb 22 21:13:18 2025 BigGoat (Red) [Weapon Change]
Sat Feb 22 21:13:18 2025 [Global] Jamal (Blue): I was having technical problems with the AI Video Generator
Sat Feb 22 21:13:18 2025 Router (Red) [Headshot] whalefish >'^'> (Blue)
Sat Feb 22 21:13:20 2025 e (Blue) [SMG] Noaa (Red)
Sat Feb 22 21:13:20 2025  If you believe a player is breaking the rules, please let us know with /ADMIN
Sat Feb 22 21:13:24 2025 Jamal (Blue) [SMG] noob (Red)
Sat Feb 22 21:13:25 2025 e (Blue) [SMG] Router (Red)
Sat Feb 22 21:13:25 2025 e (Blue) [Headshot] Max-Kill (Red)
Sat Feb 22 21:13:28 2025 mallang joined Red team
Sat Feb 22 21:13:28 2025 Falk3n (Red) [Headshot] klop (Blue)
Sat Feb 22 21:13:28 2025 NEGUINDAFAVELA (Blue) [Headshot] a coffin (Red)
Sat Feb 22 21:13:29 2025 [Global] Vagabond (Red): add me in discord: vagabond176
Sat Feb 22 21:13:29 2025 e (Blue) [Headshot] YOELUCHIJA (Red)
Sat Feb 22 21:13:30 2025 [Global] piss_and_poop (Blue): what genreator do u use jamal
Sat Feb 22 21:13:30 2025 [Global] Vagabond (Red): add me in discord: vagabond176
Sat Feb 22 21:13:32 2025 POP_OS (Red) [Headshot] Jamal (Blue)
Sat Feb 22 21:13:34 2025 Player trololololololo has left
Sat Feb 22 21:13:36 2025 e (Blue) [SMG] Harry (Red)
Sat Feb 22 21:13:36 2025 [Global] klop (Blue): what is the subject
Sat Feb 22 21:13:38 2025 whalefish >'^'> (Blue) [Headshot] Falk3n (Red)
Sat Feb 22 21:13:40 2025 POP_OS (Red) [Headshot] buzzed drivah (Blue)
Sat Feb 22 21:13:41 2025 YOELUCHIJA (Red) [Fall]
Sat Feb 22 21:13:43 2025 [Global] Jamal (Blue): Invideo.io
Sat Feb 22 21:13:45 2025 sam joined Blue team
Sat Feb 22 21:13:48 2025 Player Falk3n has left
Sat Feb 22 21:13:49 2025 [Global] piss_and_poop (Blue): is it good
Sat Feb 22 21:13:52 2025 [Global] Router (Red): reporting discord user vagabond176 to the feds right now
Sat Feb 22 21:13:53 2025 Jamal (Blue) [Fall]
Sat Feb 22 21:13:54 2025 Player e has left
Sat Feb 22 21:13:56 2025 sam (Blue) [Fall]
Sat Feb 22 21:13:56 2025 Harry (Red) [Headshot] piss_and_poop (Blue)
Sat Feb 22 21:13:58 2025 [Global] Vagabond (Red): invidious is BASED
Sat Feb 22 21:14:02 2025 Player noob has left
Sat Feb 22 21:14:05 2025 Router (Red) [Headshot] klop (Blue)
Sat Feb 22 21:14:11 2025 NEGUINDAFAVELA (Blue) [Headshot] Max-Kill (Red)
Sat Feb 22 21:14:12 2025 NEGUINDAFAVELA (Blue) [Headshot] mallang (Red)
Sat Feb 22 21:14:20 2025  This server runs imger and glow. Use /IMG or /GLOW to toggle them.
Sat Feb 22 21:14:23 2025 [Global] BigGoat (Red): reporting him for speaking freely
Sat Feb 22 21:14:25 2025 [Global] Jamal (Blue): I did a lot of research into every AI video generator and Invideo.io is the best
Sat Feb 22 21:14:27 2025 NEGUINDAFAVELA (Blue) [Headshot] Noaa (Red)
Sat Feb 22 21:14:28 2025 NEGUINDAFAVELA (Blue) [Headshot] mallang (Red)
Sat Feb 22 21:14:29 2025 [Global] BigGoat (Red): huh?
Sat Feb 22 21:14:30 2025 [Global] Jamal (Blue): but also the most expensive
Sat Feb 22 21:14:35 2025 POP_OS (Red) [Headshot] awskleth (Blue)
Sat Feb 22 21:14:36 2025 whalefish >'^'> (Blue) [Headshot] BigGoat (Red)
Sat Feb 22 21:14:37 2025 Jamal (Blue) [Headshot] a coffin (Red)
Sat Feb 22 21:14:43 2025 NEGUINDAFAVELA (Blue) [Headshot] Max-Kill (Red)
Sat Feb 22 21:14:43 2025 [Global] haloplayer2003 (Blue): no surprise nazi loser uses AI
Sat Feb 22 21:14:44 2025 [Global] piss_and_poop (Blue): iis that like the hd videos u see on insta reels?
Sat Feb 22 21:14:44 2025 POP_OS (Red) [Headshot] buzzed drivah (Blue)
Sat Feb 22 21:14:46 2025 NEGUINDAFAVELA (Blue) [Headshot] Router (Red)
Sat Feb 22 21:14:49 2025 [Team] Router (Red): two left
Sat Feb 22 21:14:52 2025 NEGUINDAFAVELA (Blue) [Headshot] Noaa (Red)
Sat Feb 22 21:14:54 2025 whalefish >'^'> (Blue) [Headshot] Vagabond (Red)
Sat Feb 22 21:14:59 2025 NEGUINDAFAVELA (Blue) [Rifle] YOELUCHIJA (Red)
Sat Feb 22 21:15:01 2025 [Global] Jamal (Blue): I'm not a Nazi and what's wrong with AI?
Sat Feb 22 21:15:03 2025 whalefish >'^'> (Blue) [Headshot] mallang (Red)
Sat Feb 22 21:15:07 2025 Router (Red) [Headshot] awskleth (Blue)
Sat Feb 22 21:15:09 2025 whalefish >'^'> (Blue) [Headshot] Router (Red)
Sat Feb 22 21:15:10 2025 [Global] haloplayer2003 (Blue): you probably trade crypto as well
Sat Feb 22 21:15:11 2025 [Global] YOELUCHIJA (Red): KILL JAML NAZI
Sat Feb 22 21:15:15 2025 Harry (Red) [Headshot] haloplayer2003 (Blue)
Sat Feb 22 21:15:15 2025 NEGUINDAFAVELA (Blue) [Headshot] a coffin (Red)
Sat Feb 22 21:15:17 2025 [Global] Router (Red): BASED YOELUCHIJA
Sat Feb 22 21:15:17 2025 NEGUINDAFAVELA (Blue) [Headshot] Harry (Red)
Sat Feb 22 21:15:18 2025 [Global] Noaa (Red): im not a nazi i just think jews run the world
Sat Feb 22 21:15:19 2025 [Global] Jamal (Blue): I used to
Sat Feb 22 21:15:19 2025 whalefish >'^'> (Blue) [Rifle] Max-Kill (Red)
Sat Feb 22 21:15:20 2025  Use /EMOTE to draw an emote on the map!
Sat Feb 22 21:15:26 2025 [Global] Noaa (Red): -nazis
Sat Feb 22 21:15:28 2025 Router (Red) [Headshot] whalefish >'^'> (Blue)
Sat Feb 22 21:15:29 2025 mallang (Red) [Headshot] Jamal (Blue)
Sat Feb 22 21:15:32 2025 [Global] haloplayer2003 (Blue): "not a nazi just hate jews bro" "just blame the jews for everything we are doing to ourselves not a nazi bro
Sat Feb 22 21:15:39 2025 [Global] Jamal (Blue): I'm not a Nazi I just hate Zionism
Sat Feb 22 21:15:40 2025 NEGUINDAFAVELA (Blue) [Headshot] BigGoat (Red)
Sat Feb 22 21:15:40 2025 Max-Kill (Red) [Fall]
Sat Feb 22 21:15:41 2025 NEGUINDAFAVELA (Blue) [Headshot] a coffin (Red)
Sat Feb 22 21:15:43 2025 [Global] Vagabond (Red): we are using AI on all elections around the world while commies uses zionist media
Sat Feb 22 21:15:45 2025 [Global] haloplayer2003 (Blue): whatever
Sat Feb 22 21:15:45 2025 [Global] Noaa (Red): the classic
Sat Feb 22 21:15:46 2025 [Global] Router (Red): you said you hated jews jamal curious
Sat Feb 22 21:15:58 2025 [Global] YOELUCHIJA (Red): KILL ALL ZIONIST AND ALL NAZIS TOO
Sat Feb 22 21:16:01 2025 mallang (Red) [Headshot] Jamal (Blue)
Sat Feb 22 21:16:01 2025 [Global] Router (Red): typical of people named jamaluddin
Sat Feb 22 21:16:02 2025 [Global] BigGoat (Red): HAIL ROCKWELL
Sat Feb 22 21:16:08 2025 [Global] haloplayer2003 (Blue): "comies use zionist media" youre retarded
Sat Feb 22 21:16:09 2025 NEGUINDAFAVELA (Blue) [Headshot] a coffin (Red)
Sat Feb 22 21:16:14 2025 Player whalefish >'^'> has left
Sat Feb 22 21:16:17 2025 NEGUINDAFAVELA (Blue) [Headshot] BigGoat (Red)
Sat Feb 22 21:16:20 2025 NEGUINDAFAVELA (Blue) [Headshot] Max-Kill (Red)
Sat Feb 22 21:16:20 2025  Use /HEAVEN to paint the babel platform!
Sat Feb 22 21:16:21 2025 [Global] Vagabond (Red): no u
Sat Feb 22 21:16:21 2025 NEGUINDAFAVELA (Blue) [Headshot] YOELUCHIJA (Red)
Sat Feb 22 21:16:25 2025 Router (Red) [Headshot] Jamal (Blue)
Sat Feb 22 21:16:31 2025 [Global] BigGoat (Red): Vaga acceptme
Sat Feb 22 21:16:34 2025 NEGUINDAFAVELA (Blue) [Headshot] Vagabond (Red)
Sat Feb 22 21:16:36 2025 POP_OS (Red) [Headshot] awskleth (Blue)
Sat Feb 22 21:16:39 2025 [Global] Vagabond (Red): ok wait a sec
Sat Feb 22 21:16:41 2025 [Global] Vagabond (Red): brb
Sat Feb 22 21:16:42 2025 [Global] BigGoat (Red): .
Sat Feb 22 21:16:44 2025 [Global] BigGoat (Red): .
Sat Feb 22 21:16:48 2025 Router (Red) [SMG] NEGUINDAFAVELA (Blue)
Sat Feb 22 21:17:10 2025 a coffin (Red) [SMG] Jamal (Blue)
Sat Feb 22 21:17:12 2025 NEGUINDAFAVELA (Blue) [Headshot] BigGoat (Red)
Sat Feb 22 21:17:16 2025 Harry (Red) [Headshot] haloplayer2003 (Blue)
Sat Feb 22 21:17:17 2025 NEGUINDAFAVELA (Blue) [Headshot] a coffin (Red)
Sat Feb 22 21:17:18 2025 Router (Red) [Headshot] NEGUINDAFAVELA (Blue)
Sat Feb 22 21:17:20 2025  Get a 20 killstreak and 1 intel capture(s) to unlock /APOC!
Sat Feb 22 21:17:30 2025 mallang (Red) [Fall]
Sat Feb 22 21:17:32 2025 Jamal (Blue) [SMG] Max-Kill (Red)
Sat Feb 22 21:17:36 2025 sam (Blue) [Headshot] Noaa (Red)
Sat Feb 22 21:17:39 2025 Router (Red) [SMG] Jamal (Blue)
Sat Feb 22 21:17:42 2025 elgord0tet0n (Blue) [Fall]
Sat Feb 22 21:17:45 2025 NEGUINDAFAVELA (Blue) [Headshot] Router (Red)
Sat Feb 22 21:17:48 2025 NEGUINDAFAVELA (Blue) [Headshot] BigGoat (Red)
Sat Feb 22 21:17:50 2025 NEGUINDAFAVELA (Blue) [Rifle] POP_OS (Red)
Sat Feb 22 21:17:51 2025 YOELUCHIJA (Red) [Headshot] piss_and_poop (Blue)
Sat Feb 22 21:17:53 2025 [Global] Router (Red): YOELUCHIJA BEHIND YOU
Sat Feb 22 21:17:55 2025 [Global] Jamal (Blue): UK
Sat Feb 22 21:17:55 2025 NEGUINDAFAVELA (Blue) [Headshot] YOELUCHIJA (Red)
Sat Feb 22 21:17:56 2025 Noaa (Red) [Headshot] NEGUINDAFAVELA (Blue)
Sat Feb 22 21:18:01 2025 BigGoat (Red) [Fall]
Sat Feb 22 21:18:01 2025 [Global] YOELUCHIJA (Red): XD
Sat Feb 22 21:18:07 2025 sam (Blue) [Headshot] mallang (Red)
Sat Feb 22 21:18:07 2025 a coffin (Red) [Headshot] sam (Blue)
Sat Feb 22 21:18:14 2025 Harry (Red) [Fall]
Sat Feb 22 21:18:14 2025 Jamal (Blue) [Headshot] a coffin (Red)
Sat Feb 22 21:18:14 2025 Joel Games 220 (Red) [Rifle] Jamal (Blue)
Sat Feb 22 21:18:20 2025  Capture your team's 5th intel to unlock /APOC for your team's best builder!
Sat Feb 22 21:18:22 2025 [Global] YOELUCHIJA (Red): NEXT MAP
Sat Feb 22 21:18:24 2025 Player POP_OS has left
Sat Feb 22 21:18:24 2025 [Team] a coffin (Red): tHEIR TOWER ALMOST UP AGAIN
Sat Feb 22 21:18:24 2025 YOELUCHIJA (Red) [Fall]
Sat Feb 22 21:18:26 2025 [Team] Joel Games 220 (Red): uuu nice
Sat Feb 22 21:18:31 2025 NEGUINDAFAVELA (Blue) [Headshot] Max-Kill (Red)
Sat Feb 22 21:18:33 2025 NEGUINDAFAVELA (Blue) [Headshot] Router (Red)
Sat Feb 22 21:18:34 2025 [Global] a coffin (Red): KIKC MAP
Sat Feb 22 21:18:35 2025 NEGUINDAFAVELA (Blue) [Headshot] BigGoat (Red)
Sat Feb 22 21:18:39 2025 [Global] YOELUCHIJA (Red): KIKC MAP
Sat Feb 22 21:18:42 2025 NEGUINDAFAVELA (Blue) [Headshot] a coffin (Red)
Sat Feb 22 21:18:43 2025 [Global] piss_and_poop (Blue): next map
Sat Feb 22 21:18:43 2025 NEGUINDAFAVELA (Blue) [Headshot] Noaa (Red)
Sat Feb 22 21:18:44 2025 NEGUINDAFAVELA (Blue) [Headshot] Harry (Red)
Sat Feb 22 21:18:46 2025 Router (Red) [Headshot] buzzed drivah (Blue)
Sat Feb 22 21:18:48 2025 [Global] YOELUCHIJA (Red): KIKC HAKER
Sat Feb 22 21:18:49 2025 NEGUINDAFAVELA (Blue) [Headshot] mallang (Red)
Sat Feb 22 21:18:49 2025 Router (Red) [SMG] NEGUINDAFAVELA (Blue)
Sat Feb 22 21:18:57 2025 [Global] a coffin (Red): HAKC ***R
Sat Feb 22 21:19:03 2025 [Global] YOELUCHIJA (Red): NIGUNFDAFAVLA 
Sat Feb 22 21:19:06 2025 Jamal (Blue) [SMG] Router (Red)
Sat Feb 22 21:19:07 2025 Jamal (Blue) [Headshot] Max-Kill (Red)
Sat Feb 22 21:19:08 2025 [Global] BigGoat (Red): WHO HAK?
Sat Feb 22 21:19:10 2025 [Team] Joel Games 220 (Red): please med kit
Sat Feb 22 21:19:13 2025 Jamal (Blue) [Headshot] BigGoat (Red)
Sat Feb 22 21:19:14 2025 Noaa (Red) [Grenade] Jamal (Blue)
Sat Feb 22 21:19:15 2025 YOELUCHIJA (Red) [Grenade] sam (Blue)
Sat Feb 22 21:19:16 2025  YOELUCHIJA has a kill-death ratio of 0.46 (18 kills, 39 deaths, 0.49 kills per minute).
Sat Feb 22 21:19:16 2025  YOELUCHIJA removed no blocks in the last 2.0 minutes.
Sat Feb 22 21:19:16 2025  piss_and_poop (#19) started a VOTEKICK against YOELUCHIJA (#2). Say /Y to agree
Sat Feb 22 21:19:16 2025  Reason: hackngay
Sat Feb 22 21:19:16 2025 [Global] a coffin (Red): HAKC KICKER
Sat Feb 22 21:19:19 2025 BigGoat (Red) [Weapon Change]
Sat Feb 22 21:19:20 2025  Mahalo for playing aloha.pk tower of babel
Sat Feb 22 21:19:24 2025 frantic joined Red team
Sat Feb 22 21:19:24 2025 [Global] Router (Red): KICK EVERYONE WITH MORE THAN 60 KILLS
Sat Feb 22 21:19:26 2025 a coffin (Red) [SMG] klop (Blue)
Sat Feb 22 21:19:28 2025 [Global] Jamal (Blue): I use LifeHax
Sat Feb 22 21:19:32 2025 NEGUINDAFAVELA picked up Red's Intel.
Sat Feb 22 21:19:33 2025 [Global] YOELUCHIJA (Red): 30 KILLS
Sat Feb 22 21:19:38 2025 NEGUINDAFAVELA (Blue) [Headshot] Vagabond (Red)
Sat Feb 22 21:19:38 2025 NEGUINDAFAVELA (Blue) [Headshot] Joel Games 220 (Red)
Sat Feb 22 21:19:42 2025 NEGUINDAFAVELA (Blue) [Headshot] Harry (Red)
Sat Feb 22 21:19:43 2025 mallang (Red) [Headshot] klop (Blue)
Sat Feb 22 21:19:46 2025 NEGUINDAFAVELA (Blue) [Headshot] Noaa (Red)
Sat Feb 22 21:19:46 2025  piss_and_poop (#19) is votekicking YOELUCHIJA (#2). /Y to vote (10 left)
Sat Feb 22 21:19:46 2025  Reason: hackngay
Sat Feb 22 21:19:47 2025 NEGUINDAFAVELA (Blue) [Headshot] Vagabond (Red)
Sat Feb 22 21:19:47 2025 a coffin (Red) [SMG] export (Blue)
Sat Feb 22 21:19:49 2025  Router (#22) voted YES
Sat Feb 22 21:19:50 2025 NEGUINDAFAVELA (Blue) [Rifle] YOELUCHIJA (Red)
Sat Feb 22 21:19:52 2025 [Global] Joel Games 220 (Red): y
Sat Feb 22 21:19:52 2025 [Global] YOELUCHIJA (Red): FAVELA HACKER
Sat Feb 22 21:19:52 2025 NEGUINDAFAVELA dropped Red's Intel
Sat Feb 22 21:19:52 2025 Harry (Red) [Headshot] NEGUINDAFAVELA (Blue)
Sat Feb 22 21:19:55 2025  klop has reached 1000 blocks placed! /heaven unlocked.
Sat Feb 22 21:19:55 2025 export (Blue) [Headshot] mallang (Red)
Sat Feb 22 21:19:56 2025 [Global] YOELUCHIJA (Red): NO HACK NO WIIN
Sat Feb 22 21:19:58 2025 Player NEGUINDAFAVELA has left
Sat Feb 22 21:19:59 2025 [Global] YOELUCHIJA (Red): FUKERD NOOB
Sat Feb 22 21:20:00 2025 frantic (Red) [Headshot] Jamal (Blue)
Sat Feb 22 21:20:03 2025  Joel Games 220 (#7) voted YES
Sat Feb 22 21:20:03 2025 alejandrinho xD joined Blue team
Sat Feb 22 21:20:04 2025 Harry (Red) [Rifle] buzzed drivah (Blue)
Sat Feb 22 21:20:05 2025 sam (Blue) [Headshot] Max-Kill (Red)
Sat Feb 22 21:20:07 2025 export (Blue) [Headshot] a coffin (Red)
Sat Feb 22 21:20:10 2025 frantic (Red) [Headshot] export (Blue)
Sat Feb 22 21:20:12 2025 Jamal (Blue) [Headshot] Router (Red)
Sat Feb 22 21:20:13 2025 Player Max-Kill has left
Sat Feb 22 21:20:13 2025 [Team] a coffin (Red): nearly shot their tower, SMG rush it
Sat Feb 22 21:20:14 2025 frantic (Red) [SMG] alejandrinho xD (Blue)
Sat Feb 22 21:20:14 2025 klop (Blue) [Headshot] frantic (Red)
Sat Feb 22 21:20:14 2025 [Global] YOELUCHIJA (Red): NOW KIKC JAMAL
Sat Feb 22 21:20:16 2025  piss_and_poop (#19) is votekicking YOELUCHIJA (#2). /Y to vote (7 left)
Sat Feb 22 21:20:16 2025  Reason: hackngay
Sat Feb 22 21:20:17 2025 sam (Blue) [Headshot] BigGoat (Red)
Sat Feb 22 21:20:19 2025 [Global] piss_and_poop (Blue): type /y 
Sat Feb 22 21:20:20 2025  Build a tower to get the enemy's intel. Take it to your team's tent to win!
Sat Feb 22 21:20:24 2025  BigGoat (#5) voted YES
Sat Feb 22 21:20:37 2025 Router (Red) [Headshot] sam (Blue)
Sat Feb 22 21:20:37 2025 a coffin (Red) [Headshot] awskleth (Blue)
Sat Feb 22 21:20:38 2025 frantic (Red) [Fall]
Sat Feb 22 21:20:38 2025 [Global] Jamal (Blue): No, I only use LifeHax when playing this game
Sat Feb 22 21:20:40 2025 a coffin (Red) [SMG] haloplayer2003 (Blue)
Sat Feb 22 21:20:42 2025 [Global] Jamal (Blue): no other Hax
Sat Feb 22 21:20:46 2025  piss_and_poop (#19) is votekicking YOELUCHIJA (#2). /Y to vote (6 left)
Sat Feb 22 21:20:46 2025  Reason: hackngay
Sat Feb 22 21:20:47 2025 [Global] BigGoat (Red): what is?
Sat Feb 22 21:20:53 2025 Router (Red) [SMG] elgord0tet0n (Blue)
Sat Feb 22 21:20:55 2025 Router (Red) [Headshot] piss_and_poop (Blue)
Sat Feb 22 21:20:56 2025 export (Blue) [Headshot] Router (Red)
Sat Feb 22 21:21:00 2025 BigGoat (Red) [Headshot] export (Blue)
Sat Feb 22 21:21:02 2025 [Global] Router (Red): export you a bitch
Sat Feb 22 21:21:04 2025 sam (Blue) [Rifle] mallang (Red)
Sat Feb 22 21:21:04 2025 Noaa (Red) [Headshot] buzzed drivah (Blue)
Sat Feb 22 21:21:05 2025 [Global] piss_and_poop (Blue): BIG FAT NIGER COCK
Sat Feb 22 21:21:08 2025 klop (Blue) [Headshot] BigGoat (Red)
Sat Feb 22 21:21:08 2025  Votekick for YOELUCHIJA (#2) has ended. Instigator piss_and_poop (#19) left
Sat Feb 22 21:21:08 2025 Player piss_and_poop has left
Sat Feb 22 21:21:08 2025 Harry (Red) [Headshot] awskleth (Blue)
Sat Feb 22 21:21:09 2025 [Global] export (Blue): :O
Sat Feb 22 21:21:09 2025 a coffin (Red) [Headshot] alejandrinho xD (Blue)
Sat Feb 22 21:21:20 2025  Type /HELP for info & commands
Sat Feb 22 21:21:23 2025 sam (Blue) [Rifle] Harry (Red)
Sat Feb 22 21:21:25 2025 klop picked up Red's Intel.
Sat Feb 22 21:21:26 2025 sam (Blue) [Headshot] Router (Red)
Sat Feb 22 21:21:27 2025 YOELUCHIJA (Red) [Headshot] elgord0tet0n (Blue)
Sat Feb 22 21:21:29 2025 [Global] Jamal (Blue): You mean fat African-American cock
Sat Feb 22 21:21:31 2025 [Global] Jamal (Blue): ?
Sat Feb 22 21:21:34 2025 [Team] Joel Games 220 (Red): its hack, you doing no complied ????
Sat Feb 22 21:21:37 2025 export (Blue) [Headshot] a coffin (Red)
Sat Feb 22 21:21:38 2025 sam (Blue) [Rifle] mallang (Red)
Sat Feb 22 21:21:39 2025 export (Blue) [Headshot] frantic (Red)
Sat Feb 22 21:21:39 2025 Harry (Red) [Rifle] sam (Blue)
Sat Feb 22 21:21:50 2025 klop dropped Red's Intel
Sat Feb 22 21:21:50 2025  The intel has returned to the heavens
Sat Feb 22 21:21:50 2025 Router (Red) [SMG] klop (Blue)
Sat Feb 22 21:21:52 2025 export (Blue) [Headshot] YOELUCHIJA (Red)
Sat Feb 22 21:22:04 2025 buzzed drivah (Blue) [SMG] BigGoat (Red)
Sat Feb 22 21:22:05 2025 export (Blue) [Melee] Router (Red)
Sat Feb 22 21:22:06 2025 [Team] a coffin (Red): SMG their tower quick!
Sat Feb 22 21:22:08 2025 [Global] Vagabond (Red): im bacj
Sat Feb 22 21:22:09 2025 [Global] Router (Red): EXPORT FUCK OFF
Sat Feb 22 21:22:12 2025 [Global] Vagabond (Red): LETS GO AFD
Sat Feb 22 21:22:15 2025 [Global] Vagabond (Red): LETS GO AFD
Sat Feb 22 21:22:17 2025 [Global] Vagabond (Red): SIEEEG
Sat Feb 22 21:22:20 2025 [Global] YOELUCHIJA (Red): Y DRESTROY RED TOWER
Sat Feb 22 21:22:20 2025  Visit our community forums at https://aloha.pk/
Sat Feb 22 21:22:20 2025 sam (Blue) [Headshot] frantic (Red)
Sat Feb 22 21:22:21 2025 [Global] Router (Red): HEIL
Sat Feb 22 21:22:23 2025 mallang (Red) [Headshot] buzzed drivah (Blue)
Sat Feb 22 21:22:23 2025 sam (Blue) [Headshot] Noaa (Red)
Sat Feb 22 21:22:25 2025 Jamal (Blue) [Headshot] a coffin (Red)
Sat Feb 22 21:22:28 2025 [Global] YOELUCHIJA (Red): BLE XD
Sat Feb 22 21:22:31 2025 awskleth (Blue) [Headshot] YOELUCHIJA (Red)
Sat Feb 22 21:22:33 2025 Jamal (Blue) [Headshot] Router (Red)
Sat Feb 22 21:22:34 2025 Noaa (Red) [Headshot] awskleth (Blue)
Sat Feb 22 21:22:39 2025 [Team] YOELUCHIJA (Red):  DESTROY BLUE TOWER
Sat Feb 22 21:22:43 2025 mallang (Red) [Rifle] sam (Blue)
Sat Feb 22 21:22:44 2025 [Global] YOELUCHIJA (Red): GOGOGO
Sat Feb 22 21:22:46 2025 Jamal (Blue) [Headshot] Harry (Red)
Sat Feb 22 21:22:48 2025 Jamal (Blue) [SMG] YOELUCHIJA (Red)
Sat Feb 22 21:22:52 2025 [Global] YOELUCHIJA (Red): KIKC JAMAL
Sat Feb 22 21:22:54 2025 [Global] Router (Red): i think future employers should see the stuff we say on AoS
Sat Feb 22 21:23:04 2025 Jamal (Blue) [SMG] Router (Red)
Sat Feb 22 21:23:05 2025 [Team] Vagabond (Red): EYEAH
Sat Feb 22 21:23:07 2025 mallang (Red) [Headshot] export (Blue)
Sat Feb 22 21:23:07 2025 [Global] Vagabond (Red): EYEAH
Sat Feb 22 21:23:08 2025 frantic (Red) [SMG] Jamal (Blue)
Sat Feb 22 21:23:09 2025 sam (Blue) [Headshot] mallang (Red)
Sat Feb 22 21:23:11 2025 Max-Kill joined Blue team
Sat Feb 22 21:23:11 2025 elgord0tet0n (Blue) [Fall]
Sat Feb 22 21:23:15 2025 [Global] YOELUCHIJA (Red): SIUUU
Sat Feb 22 21:23:18 2025 Noaa (Red) [SMG] klop (Blue)
Sat Feb 22 21:23:20 2025  Come chat with us at https://discord.aloha.pk/
Sat Feb 22 21:23:22 2025 frantic (Red) [SMG] Max-Kill (Blue)
Sat Feb 22 21:23:23 2025 Player klop has left
Sat Feb 22 21:23:25 2025 sam (Blue) [Headshot] YOELUCHIJA (Red)
Sat Feb 22 21:23:26 2025 a coffin (Red) [Headshot] export (Blue)
Sat Feb 22 21:23:30 2025 frantic (Red) [SMG] elgord0tet0n (Blue)
Sat Feb 22 21:23:31 2025 Vagabond picked up Blue's Intel.
Sat Feb 22 21:23:32 2025 YOELUCHIJA (Red) [Fall]
Sat Feb 22 21:23:32 2025 [Global] Vagabond (Red): vamoooooooooooooooooooos
Sat Feb 22 21:23:33 2025 frantic (Red) [Headshot] Max-Kill (Blue)
Sat Feb 22 21:23:36 2025 Router (Red) [Headshot] sam (Blue)
Sat Feb 22 21:23:38 2025 export (Blue) [Headshot] a coffin (Red)
Sat Feb 22 21:23:39 2025 Noaa (Red) [Fall]
Sat Feb 22 21:23:40 2025 frantic (Red) [Headshot] Jamal (Blue)
Sat Feb 22 21:23:41 2025 Max-Kill (Blue) [Fall]
Sat Feb 22 21:23:43 2025 [Team] a coffin (Red): Got top off their tower
Sat Feb 22 21:23:47 2025 YOELUCHIJA (Red) [Fall]
Sat Feb 22 21:23:47 2025 elgord0tet0n (Blue) [Team Change]
Sat Feb 22 21:23:50 2025 elgord0tet0n joined Red team
Sat Feb 22 21:23:51 2025 mallang (Red) [Headshot] export (Blue)
Sat Feb 22 21:23:57 2025 sam (Blue) [Headshot] Router (Red)
Sat Feb 22 21:23:59 2025 [Global] Jamal (Blue): I think all employers should agree with killing all Zionist employees for Tax purposes
Sat Feb 22 21:24:04 2025 mallang (Red) [Headshot] Max-Kill (Blue)
Sat Feb 22 21:24:11 2025 [Global] Vagabond (Red): xddddd
Sat Feb 22 21:24:11 2025 export (Blue) [Headshot] mallang (Red)
Sat Feb 22 21:24:18 2025 Router (Red) [Headshot] sam (Blue)
Sat Feb 22 21:24:20 2025 a coffin (Red) [Headshot] haloplayer2003 (Blue)
Sat Feb 22 21:24:20 2025  If you believe a player is breaking the rules, please let us know with /ADMIN
Sat Feb 22 21:24:21 2025 export (Blue) [Headshot] YOELUCHIJA (Red)
Sat Feb 22 21:24:25 2025 Router (Red) [Fall]
Sat Feb 22 21:24:26 2025 frantic (Red) [Headshot] Jamal (Blue)
Sat Feb 22 21:24:28 2025 awskleth (Blue) [Headshot] a coffin (Red)
Sat Feb 22 21:24:29 2025 frantic (Red) [SMG] haloplayer2003 (Blue)
Sat Feb 22 21:24:32 2025 [Global] Jamal (Blue): Less money sent to Israel = Less taxes to pay
Sat Feb 22 21:24:35 2025 [Global] Jamal (Blue): #LifeHax
Sat Feb 22 21:24:37 2025 [Team] a coffin (Red): our big building basically undermined entirely
Sat Feb 22 21:24:39 2025 sam (Blue) [Rifle] frantic (Red)
Sat Feb 22 21:24:42 2025 [Global] YOELUCHIJA (Red): FALSE
Sat Feb 22 21:24:43 2025 Player mallang has left
Sat Feb 22 21:24:50 2025 BigGoat (Red) [Fall]
Sat Feb 22 21:24:51 2025 Vagabond captured Blue's Intel.
Sat Feb 22 21:24:52 2025 Greasyhamster joined Blue team
Sat Feb 22 21:24:54 2025 [Global] Router (Red): the israelis are keeping the terrorists in the middle east in check
Sat Feb 22 21:24:54 2025 a coffin (Red) [Melee] awskleth (Blue)
Sat Feb 22 21:24:54 2025 [Global] Vagabond (Red): LETS GOOOOOOOOOOOOOOOOOOOOOOO
Sat Feb 22 21:24:56 2025 [Global] haloplayer2003 (Blue): your country invented israel
Sat Feb 22 21:24:59 2025 a coffin (Red) [Headshot] buzzed drivah (Blue)
Sat Feb 22 21:25:00 2025 Noaa (Red) [Headshot] Jamal (Blue)
Sat Feb 22 21:25:01 2025 Vagabond (Red) [Headshot] Max-Kill (Blue)
Sat Feb 22 21:25:01 2025 elgord0tet0n picked up Blue's Intel.
Sat Feb 22 21:25:01 2025 alejandrinho xD (Blue) [Headshot] Harry (Red)
Sat Feb 22 21:25:05 2025 [Global] Router (Red): less money to israel = more terrorists attack the US
Sat Feb 22 21:25:05 2025 Greasyhamster (Blue) [Team Change]
Sat Feb 22 21:25:06 2025 [Global] Jamal (Blue): I know :(
Sat Feb 22 21:25:09 2025 elgord0tet0n dropped Blue's Intel
Sat Feb 22 21:25:09 2025 Max-Kill (Blue) [Headshot] elgord0tet0n (Red)
Sat Feb 22 21:25:14 2025 export (Blue) [Headshot] Harry (Red)
Sat Feb 22 21:25:14 2025 Greasyhamster joined Red team
Sat Feb 22 21:25:16 2025 export (Blue) [Headshot] Joel Games 220 (Red)
Sat Feb 22 21:25:16 2025 sam (Blue) [Headshot] YOELUCHIJA (Red)
Sat Feb 22 21:25:16 2025 Router (Red) [Headshot] sam (Blue)
Sat Feb 22 21:25:17 2025 [Global] frantic (Red): its the other way round
Sat Feb 22 21:25:18 2025 [Global] Jamal (Blue): The Balfour Declaration sucks
Sat Feb 22 21:25:20 2025  This server runs imger and glow. Use /IMG or /GLOW to toggle them.
Sat Feb 22 21:25:21 2025 Noaa picked up Blue's Intel.
Sat Feb 22 21:25:24 2025 Noaa dropped Blue's Intel
Sat Feb 22 21:25:24 2025  The intel has returned to the heavens
Sat Feb 22 21:25:24 2025 Noaa (Red) [Fall]
Sat Feb 22 21:25:28 2025 [Team] Joel Games 220 (Red): front down tower
Sat Feb 22 21:25:29 2025 [Global] Vagabond (Red): u cannot stop terrorism with guns and bombs,
Sat Feb 22 21:25:30 2025 Router (Red) [Headshot] awskleth (Blue)
Sat Feb 22 21:25:34 2025 sam (Blue) [Fall]
Sat Feb 22 21:25:38 2025 [Team] Joel Games 220 (Red): enemy blue
Sat Feb 22 21:25:38 2025 export (Blue) [Headshot] Harry (Red)
Sat Feb 22 21:25:39 2025 Jamal (Blue) [Fall]
Sat Feb 22 21:25:40 2025 export (Blue) [Headshot] BigGoat (Red)
Sat Feb 22 21:25:43 2025 a coffin (Red) [SMG] buzzed drivah (Blue)
Sat Feb 22 21:25:44 2025 Max-Kill (Blue) [Headshot] a coffin (Red)
Sat Feb 22 21:25:47 2025 export (Blue) [Headshot] Joel Games 220 (Red)
Sat Feb 22 21:25:49 2025 [Global] BigGoat (Red): I sent u books
Sat Feb 22 21:25:57 2025 [Global] Router (Red): the quran
Sat Feb 22 21:25:57 2025 export (Blue) [Headshot] Noaa (Red)
Sat Feb 22 21:25:57 2025 YOELUCHIJA (Red) [Headshot] Max-Kill (Blue)
Sat Feb 22 21:26:00 2025 export (Blue) [Headshot] Router (Red)
Sat Feb 22 21:26:03 2025 elgord0tet0n (Red) [Grenade]
Sat Feb 22 21:26:03 2025 [Team] Router (Red): ON BRIDGE
Sat Feb 22 21:26:03 2025 [Global] BigGoat (Red): The Protocols
Sat Feb 22 21:26:04 2025 export (Blue) [Headshot] a coffin (Red)
Sat Feb 22 21:26:07 2025 [Global] frantic (Red): its the bolsheviks fault
Sat Feb 22 21:26:09 2025 export (Blue) [Headshot] Noaa (Red)
Sat Feb 22 21:26:09 2025 [Team] a coffin (Red): OIN TOWER
Sat Feb 22 21:26:11 2025 [Global] Jamal (Blue): You can only stop terrorists with hugs, that's how the US defeated the Taliban in Afghanistan
Sat Feb 22 21:26:16 2025 [Global] BigGoat (Red): And the Creature From Jekyl Is
Sat Feb 22 21:26:16 2025 Greasyhamster (Red) [Headshot] Max-Kill (Blue)
Sat Feb 22 21:26:19 2025 sam (Blue) [Headshot] YOELUCHIJA (Red)
Sat Feb 22 21:26:20 2025  Use /EMOTE to draw an emote on the map!
Sat Feb 22 21:26:23 2025 trololololololo joined Blue team
Sat Feb 22 21:26:23 2025 Router (Red) [Headshot] export (Blue)
Sat Feb 22 21:26:24 2025 [Global] frantic (Red): they leaked the sykes picot treaty to the world 
Sat Feb 22 21:26:24 2025 sam (Blue) [Headshot] BigGoat (Red)
Sat Feb 22 21:26:25 2025 You must be closer to the enemy's base to shoot blocks!
Sat Feb 22 21:26:28 2025 export (Blue) [Headshot] frantic (Red)
Sat Feb 22 21:26:28 2025 You must be closer to the enemy's base to shoot blocks!
Sat Feb 22 21:26:29 2025 Harry (Red) [Rifle] alejandrinho xD (Blue)
Sat Feb 22 21:26:31 2025 Greasyhamster (Red) [Headshot] awskleth (Blue)
Sat Feb 22 21:26:32 2025 Router (Red) [SMG] sam (Blue)
Sat Feb 22 21:26:40 2025 Greasyhamster (Red) [SMG] awskleth (Blue)
Sat Feb 22 21:26:44 2025 Joel Games 220 (Red) [Rifle] haloplayer2003 (Blue)
Sat Feb 22 21:26:49 2025 Greasyhamster (Red) [Headshot] buzzed drivah (Blue)
Sat Feb 22 21:26:51 2025 trololololololo (Blue) [Grenade] BigGoat (Red)
Sat Feb 22 21:26:53 2025 YOELUCHIJA (Red) [Headshot] Jamal (Blue)
Sat Feb 22 21:26:54 2025 export (Blue) [Headshot] YOELUCHIJA (Red)
Sat Feb 22 21:26:59 2025 [Global] YOELUCHIJA (Red): KIKC JAMAL
Sat Feb 22 21:27:00 2025 Router (Red) [Headshot] export (Blue)
Sat Feb 22 21:27:11 2025 sam (Blue) [Headshot] Harry (Red)
Sat Feb 22 21:27:11 2025 [Global] Vagabond (Red): u cannot stop terrorism globally, cause u arent god, they always come back and reunite
Sat Feb 22 21:27:14 2025 Router (Red) [Headshot] Jamal (Blue)
Sat Feb 22 21:27:17 2025 Player Greasyhamster has left
Sat Feb 22 21:27:19 2025 Vagabond (Red) [SMG] alejandrinho xD (Blue)
Sat Feb 22 21:27:21 2025  Use /HEAVEN to paint the babel platform!
Sat Feb 22 21:27:22 2025 export (Blue) [Headshot] Router (Red)
Sat Feb 22 21:27:24 2025 trololololololo (Blue) [Headshot] BigGoat (Red)
Sat Feb 22 21:27:25 2025 [Global] frantic (Red): geopolitics with jamal
Sat Feb 22 21:27:28 2025 awskleth (Blue) [SMG] Vagabond (Red)
Sat Feb 22 21:27:29 2025 [Global] Router (Red): ITS CAUSE THEYRE GOD TELLS THEM TO KILL PEOPLE
Sat Feb 22 21:27:30 2025 You must be closer to the enemy's base to grenade blocks!
Sat Feb 22 21:27:31 2025 Harry (Red) [Fall]
Sat Feb 22 21:27:31 2025 You must be closer to the enemy's base to grenade blocks!
Sat Feb 22 21:27:32 2025 You must be closer to the enemy's base to grenade blocks!
Sat Feb 22 21:27:33 2025 sam (Blue) [Headshot] BigGoat (Red)
Sat Feb 22 21:27:38 2025 A_Nerd joined Blue team
Sat Feb 22 21:27:39 2025 YOELUCHIJA (Red) [Rifle] export (Blue)
Sat Feb 22 21:27:42 2025 [Team] Joel Games 220 (Red): enemy right spawn
Sat Feb 22 21:27:42 2025 [Global] frantic (Red): your brain is routed
Sat Feb 22 21:27:44 2025 sam (Blue) [Headshot] Noaa (Red)
Sat Feb 22 21:27:45 2025 a coffin (Red) [Grenade] sam (Blue)
Sat Feb 22 21:27:50 2025 [Global] Jamal (Blue): You cannot stop terrorism by supporting Israel, you must support Hamas and Hezbolla
Sat Feb 22 21:27:53 2025 [Global] Vagabond (Red): if u stop hamas, soon they will made another group, and particularly muslins, they always do this
Sat Feb 22 21:27:56 2025 frantic (Red) [Fall]
Sat Feb 22 21:27:57 2025 Max-Kill (Blue) [Headshot] Router (Red)
Sat Feb 22 21:27:57 2025 [Global] Router (Red): hey im a muslim i can shit talk my own religion
Sat Feb 22 21:27:57 2025 Joel Games 220 (Red) [Grenade] trololololololo (Blue)
Sat Feb 22 21:28:00 2025 awskleth (Blue) [SMG] Harry (Red)
Sat Feb 22 21:28:04 2025 [Global] Noaa (Red): stop terrorism by stfu about politics in game
Sat Feb 22 21:28:04 2025 Max-Kill (Blue) [Headshot] elgord0tet0n (Red)
Sat Feb 22 21:28:06 2025 BigGoat (Red) [Headshot] alejandrinho xD (Blue)
Sat Feb 22 21:28:13 2025 haloplayer2003 (Blue) [Headshot] Harry (Red)
Sat Feb 22 21:28:13 2025 Noaa (Red) [Headshot] Max-Kill (Blue)
Sat Feb 22 21:28:16 2025 [Global] BigGoat (Red): nope its part of te game
Sat Feb 22 21:28:18 2025 [Global] YOELUCHIJA (Red):  END USA  TO END TERRORIST
Sat Feb 22 21:28:18 2025 Max-Kill (Blue) [Fall]
Sat Feb 22 21:28:20 2025  Get a 20 killstreak and 1 intel capture(s) to unlock /APOC!
Sat Feb 22 21:28:20 2025 Harry (Red) [Rifle] awskleth (Blue)
Sat Feb 22 21:28:23 2025 [Global] Jamal (Blue): Muslims can be defeated in battle but not in war
Sat Feb 22 21:28:23 2025 [Global] Vagabond (Red): YEAH
Sat Feb 22 21:28:23 2025 [Global] A_Nerd (Blue): Red are terrorists, Blue are heroes
Sat Feb 22 21:28:26 2025 Jamal (Blue) [Fall]
Sat Feb 22 21:28:26 2025 a coffin (Red) [SMG] alejandrinho xD (Blue)
Sat Feb 22 21:28:28 2025 export (Blue) [Headshot] a coffin (Red)
Sat Feb 22 21:28:29 2025 awskleth (Blue) [Fall]
Sat Feb 22 21:28:30 2025 BigGoat (Red) [Shotgun] export (Blue)
Sat Feb 22 21:28:31 2025 [Global] Router (Red): NOAA THE GOVERNMENT HAS ASKED TO DISCUSS HOW TO STOP TERRORISM
Sat Feb 22 21:28:39 2025 alejandrinho xD (Blue) [Weapon Change]
Sat Feb 22 21:28:39 2025 Jamal (Blue) [Fall]
Sat Feb 22 21:28:42 2025 [Global] Vagabond (Red): xddd
Sat Feb 22 21:28:43 2025 [Global] A_Nerd (Blue): Nobody tell him about the first crusade lol
Sat Feb 22 21:28:44 2025 export (Blue) [Headshot] BigGoat (Red)
Sat Feb 22 21:28:47 2025 [Global] a coffin (Red): Noaa can't talk about the government, he's already on their wanted list
Sat Feb 22 21:28:49 2025 Vagabond (Red) [Headshot] trololololololo (Blue)
Sat Feb 22 21:28:51 2025 Harry (Red) [Headshot] haloplayer2003 (Blue)
Sat Feb 22 21:28:53 2025 [Global] Router (Red): lmaooooo
Sat Feb 22 21:28:57 2025 sam (Blue) [Fall]
Sat Feb 22 21:29:00 2025 Player trololololololo has left
Sat Feb 22 21:29:01 2025 [Global] BigGoat (Red): UND DAS HEIST
Sat Feb 22 21:29:02 2025 alejandrinho xD (Blue) [Fall]
Sat Feb 22 21:29:08 2025 [Global] A_Nerd (Blue): Salafism predates the US lol
Sat Feb 22 21:29:09 2025 Jamal (Blue) [Headshot] YOELUCHIJA (Red)
Sat Feb 22 21:29:14 2025 Jamal (Blue) [SMG] Router (Red)
Sat Feb 22 21:29:14 2025 [Global] YOELUCHIJA (Red): KIKC JAMAL
Sat Feb 22 21:29:16 2025 [Team] Joel Games 220 (Red): thanks support harry
Sat Feb 22 21:29:16 2025 [Global] YOELUCHIJA (Red): AIMBOT
Sat Feb 22 21:29:18 2025 Jamal (Blue) [SMG] a coffin (Red)
Sat Feb 22 21:29:20 2025  Capture your team's 5th intel to unlock /APOC for your team's best builder!
Sat Feb 22 21:29:21 2025 [Global] frantic (Red): shut up nerd
Sat Feb 22 21:29:27 2025 sam (Blue) [Headshot] Noaa (Red)
Sat Feb 22 21:29:29 2025 frantic (Red) [Headshot] haloplayer2003 (Blue)
Sat Feb 22 21:29:30 2025 Router (Red) [SMG] sam (Blue)
Sat Feb 22 21:29:33 2025 alejandrinho xD (Blue) [Fall]
Sat Feb 22 21:29:33 2025 BigGoat (Red) [Fall]
Sat Feb 22 21:29:38 2025 buzzed drivah (Blue) [Fall]
Sat Feb 22 21:29:40 2025 A_Nerd (Blue) [Headshot] YOELUCHIJA (Red)
Sat Feb 22 21:29:41 2025 Router (Red) [Headshot] A_Nerd (Blue)
Sat Feb 22 21:29:41 2025 [Global] Vagabond (Red): everyone knows USA is not fighting terrorism, even Bin Laden was a USA colaborator, google search
Sat Feb 22 21:29:41 2025 frantic (Red) [SMG] sam (Blue)
Sat Feb 22 21:29:44 2025 elgord0tet0n (Red) [Fall]
Sat Feb 22 21:29:45 2025 lock him up! joined Blue team
Sat Feb 22 21:29:47 2025 export (Blue) [Headshot] Router (Red)
Sat Feb 22 21:29:48 2025 export (Blue) [Headshot] a coffin (Red)
Sat Feb 22 21:29:49 2025 [Global] BigGoat (Red): Its all fake
Sat Feb 22 21:30:02 2025 [Global] YOELUCHIJA (Red): USATUSA MAKE ISSIS 
Sat Feb 22 21:30:05 2025 [Global] Router (Red): ITS ALL FAKE THATS WHY WE PLAY THIS GAME TO DISTRACT OURSELVES
Sat Feb 22 21:30:07 2025 [Global] Router (Red): WAKE UP SHEEPLE
Sat Feb 22 21:30:08 2025 BigGoat (Red) [Shotgun] alejandrinho xD (Blue)
Sat Feb 22 21:30:11 2025 [Global] Jamal (Blue): Google search?  you mean duckduckgo or Yandex search?
Sat Feb 22 21:30:12 2025 awskleth (Blue) [SMG] Joel Games 220 (Red)
Sat Feb 22 21:30:15 2025 awskleth (Blue) [Headshot] Harry (Red)
Sat Feb 22 21:30:16 2025 [Global] lock him up! (Blue): wtf did i just come into?
Sat Feb 22 21:30:18 2025 [Global] Vagabond (Red): no, google
Sat Feb 22 21:30:20 2025  Mahalo for playing aloha.pk tower of babel
Sat Feb 22 21:30:21 2025 frantic (Red) [Grenade] lock him up! (Blue)
Sat Feb 22 21:30:21 2025 [Global] BigGoat (Red): Try startpage
Sat Feb 22 21:30:24 2025 frantic (Red) [Headshot] sam (Blue)
Sat Feb 22 21:30:27 2025 [Global] A_Nerd (Blue): Yandex, lol ok comrade
Sat Feb 22 21:30:27 2025 [Global] Vagabond (Red): u can read about this everywhere
Sat Feb 22 21:30:29 2025 Harry (Red) [Headshot] Jamal (Blue)
Sat Feb 22 21:30:29 2025 [Global] a coffin (Red): lock: The chat is more Brazilian than normal today
Sat Feb 22 21:30:30 2025 Noaa (Red) [Headshot] buzzed drivah (Blue)
Sat Feb 22 21:30:30 2025 frantic (Red) [SMG] alejandrinho xD (Blue)
Sat Feb 22 21:30:31 2025 [Global] lock him up! (Blue): the nazis are *never* the voice of reason
Sat Feb 22 21:30:32 2025 [Global] Jamal (Blue): Startpage is also good
Sat Feb 22 21:30:32 2025 [Global] Router (Red): IMAGINE THINKING DUCKDUCKGO IS TRUSTWORTHY
Sat Feb 22 21:30:35 2025 [Team] Joel Games 220 (Red): back foundation tower
Sat Feb 22 21:30:42 2025 alejandrinho xD (Blue) [SMG] a coffin (Red)
Sat Feb 22 21:30:47 2025 [Team] Router (Red): where
Sat Feb 22 21:30:47 2025 YOELUCHIJA picked up Blue's Intel.
Sat Feb 22 21:30:48 2025 [Global] A_Nerd (Blue): I only trust Bing and AskJeeves
Sat Feb 22 21:30:48 2025 Harry (Red) [Headshot] awskleth (Blue)
Sat Feb 22 21:30:55 2025 lock him up! (Blue) [SMG] frantic (Red)
Sat Feb 22 21:30:59 2025 [Global] Vagabond (Red): duckgo sells ur data to google, the owner said that
Sat Feb 22 21:31:03 2025 Jamal (Blue) [SMG] a coffin (Red)
Sat Feb 22 21:31:11 2025 export (Blue) [Grenade] Joel Games 220 (Red)
Sat Feb 22 21:31:14 2025 alejandrinho xD (Blue) [Headshot] BigGoat (Red)
Sat Feb 22 21:31:15 2025 Jamal (Blue) [Grenade]
Sat Feb 22 21:31:15 2025 sam (Blue) [Fall]
Sat Feb 22 21:31:19 2025 [Global] a coffin (Red): DDG was in trouble for allowing MS to monitor some ads, and Startpage is a Google proxy
Sat Feb 22 21:31:20 2025  Build a tower to get the enemy's intel. Take it to your team's tent to win!
Sat Feb 22 21:31:23 2025 [Global] Router (Red): thats why you use google
Sat Feb 22 21:31:25 2025 [Global] BigGoat (Red): 97% of all inventions came from germanic descended peoples
Sat Feb 22 21:31:26 2025 [Global] YOELUCHIJA (Red): HES TENT
Sat Feb 22 21:31:28 2025 [Global] Router (Red): who are they gonna sell the date to? google?
Sat Feb 22 21:31:33 2025 [Global] BigGoat (Red): I think they might be right
Sat Feb 22 21:31:33 2025 YOELUCHIJA (Red) [Headshot] export (Blue)
Sat Feb 22 21:31:34 2025 [Global] Vagabond (Red): and i think duckgo founder is jewish, dont remember rn
Sat Feb 22 21:31:35 2025 Joel Games 220 (Red) [Grenade] haloplayer2003 (Blue)
Sat Feb 22 21:31:35 2025 Joel Games 220 (Red) [Grenade] awskleth (Blue)
Sat Feb 22 21:31:38 2025 Router (Red) [Headshot] Max-Kill (Blue)
Sat Feb 22 21:31:39 2025 [Global] YOELUCHIJA (Red): WHWRWWW
Sat Feb 22 21:31:40 2025 Router (Red) [Headshot] Max-Kill (Blue)
Sat Feb 22 21:31:42 2025 Router (Red) [Headshot] A_Nerd (Blue)
Sat Feb 22 21:31:43 2025 [Global] Jamal (Blue): Hezbolla and Hamas are Israeli proxies
Sat Feb 22 21:31:44 2025 Router (Red) [Headshot] awskleth (Blue)
Sat Feb 22 21:31:46 2025 [Global] YOELUCHIJA (Red): WHWERE
Sat Feb 22 21:31:51 2025 DDT joined Blue team
Sat Feb 22 21:31:52 2025 Router (Red) [Headshot] Jamal (Blue)
Sat Feb 22 21:31:52 2025 export (Blue) [Headshot] Router (Red)
Sat Feb 22 21:31:55 2025 BigGoat (Red) [Shotgun] lock him up! (Blue)
Sat Feb 22 21:31:56 2025 frantic (Red) [SMG] awskleth (Blue)
Sat Feb 22 21:31:57 2025 buzzed drivah (Blue) [SMG] Joel Games 220 (Red)
Sat Feb 22 21:31:57 2025 [Global] Router (Red): DDT
Sat Feb 22 21:32:02 2025 [Global] Router (Red): DDT IS JEWISH DUTCH MAN
Sat Feb 22 21:32:02 2025 [Team] Joel Games 220 (Red): enemy up purple blocks
Sat Feb 22 21:32:03 2025 [Global] lock him up! (Blue): ah, i see that it's nazi hour :-/
Sat Feb 22 21:32:05 2025 Joel Games 220 (Red) [Weapon Change]
Sat Feb 22 21:32:08 2025 [Global] haloplayer2003 (Blue): bro is retarded
Sat Feb 22 21:32:08 2025 [Global] DDT (Blue): fuck no
Sat Feb 22 21:32:11 2025 elgord0tet0n (Red) [Weapon Change]
Sat Feb 22 21:32:14 2025 [Global] YOELUCHIJA (Red): NETNT
Sat Feb 22 21:32:15 2025 sam (Blue) [Headshot] a coffin (Red)
Sat Feb 22 21:32:20 2025  Type /HELP for info & commands
Sat Feb 22 21:32:22 2025 YOELUCHIJA dropped Blue's Intel
Sat Feb 22 21:32:22 2025  The intel has returned to the heavens
Sat Feb 22 21:32:22 2025 sam (Blue) [Headshot] YOELUCHIJA (Red)
Sat Feb 22 21:32:23 2025 Router (Red) [SMG] lock him up! (Blue)
Sat Feb 22 21:32:32 2025 Vagabond (Red) [SMG] A_Nerd (Blue)
Sat Feb 22 21:32:34 2025 frantic (Red) [Grenade] lock him up! (Blue)
Sat Feb 22 21:32:34 2025 [Global] Router (Red): i get my information from the local library
Sat Feb 22 21:32:37 2025 sam (Blue) [Headshot] a coffin (Red)
Sat Feb 22 21:32:37 2025 frantic (Red) [SMG] DDT (Blue)
Sat Feb 22 21:32:40 2025 Router picked up Blue's Intel.
Sat Feb 22 21:32:40 2025 [Global] lock him up! (Blue): kill nazis and never feel bad about it
Sat Feb 22 21:32:48 2025 [Global] BigGoat (Red): Only 5% of the global population are white europeans, however there are NO 3rd world white countries?
Sat Feb 22 21:32:48 2025 [Global] Vagabond (Red): we talking about these things cause we are in 20's again, so, naturally
Sat Feb 22 21:32:49 2025 Router dropped Blue's Intel
Sat Feb 22 21:32:49 2025  The intel has returned to the heavens
Sat Feb 22 21:32:49 2025 Jamal (Blue) [SMG] Router (Red)
Sat Feb 22 21:32:50 2025 [Global] BigGoat (Red): Wow!
Sat Feb 22 21:32:52 2025 Router (Red) [Headshot] Jamal (Blue)
Sat Feb 22 21:33:02 2025 a coffin (Red) [Headshot] alejandrinho xD (Blue)
Sat Feb 22 21:33:04 2025 [Global] A_Nerd (Blue): Bro has never been to West Virginia
Sat Feb 22 21:33:05 2025 buzzed drivah (Blue) [SMG] BigGoat (Red)
Sat Feb 22 21:33:06 2025 Noaa picked up Blue's Intel.
Sat Feb 22 21:33:07 2025 [Global] lock him up! (Blue): USA is 3rd world now, dummy
Sat Feb 22 21:33:10 2025 sam (Blue) [Headshot] Joel Games 220 (Red)
Sat Feb 22 21:33:11 2025 export (Blue) [Headshot] elgord0tet0n (Red)
Sat Feb 22 21:33:11 2025 [Global] Router (Red): no 3rd world white countries when east europe exists
Sat Feb 22 21:33:12 2025 [Global] BigGoat (Red): Its beautiful
Sat Feb 22 21:33:13 2025 a coffin (Red) [Headshot] haloplayer2003 (Blue)
Sat Feb 22 21:33:16 2025 [Global] Jamal (Blue): I get my information from Zionists owned news media outlets
Sat Feb 22 21:33:16 2025 elgord0tet0n (Red) [Weapon Change]
Sat Feb 22 21:33:17 2025 a coffin (Red) [Headshot] awskleth (Blue)
Sat Feb 22 21:33:17 2025 Router (Red) [Headshot] sam (Blue)
Sat Feb 22 21:33:18 2025 [Team] Joel Games 220 (Red): left enemy
Sat Feb 22 21:33:18 2025 frantic (Red) [Melee] lock him up! (Blue)
Sat Feb 22 21:33:20 2025  Visit our community forums at https://aloha.pk/
Sat Feb 22 21:33:26 2025 alejandrinho xD (Blue) [SMG] Router (Red)
Sat Feb 22 21:33:27 2025 Player sam has left
Sat Feb 22 21:33:28 2025 [Global] BigGoat (Red): Why is it 3rd world now Lock?
Sat Feb 22 21:33:30 2025 [Global] A_Nerd (Blue): Bro has never heard of the Balkans
Sat Feb 22 21:33:30 2025 Noaa captured Blue's Intel.
Sat Feb 22 21:33:31 2025 [Global] Router (Red): if you want to see the truest definition of 3rd world just go to east europe
Sat Feb 22 21:33:37 2025 frantic (Red) [Melee] A_Nerd (Blue)
Sat Feb 22 21:33:37 2025 Jamal (Blue) [SMG] a coffin (Red)
Sat Feb 22 21:33:38 2025 [Global] BigGoat (Red): Maybe because it's no longer WHITE?
Sat Feb 22 21:33:39 2025 [Global] Vagabond (Red): xddd
Sat Feb 22 21:33:43 2025 [Team] a coffin (Red): They're just about undermined our whole tower lol
Sat Feb 22 21:33:50 2025 Router (Red) [SMG] alejandrinho xD (Blue)
Sat Feb 22 21:33:51 2025 a coffin (Red) [Headshot] DDT (Blue)
Sat Feb 22 21:33:51 2025 [Global] BigGoat (Red): BALKANS ARE NOT WHITE
Sat Feb 22 21:33:52 2025 awskleth (Blue) [Headshot] frantic (Red)
Sat Feb 22 21:33:54 2025 Vagabond picked up Blue's Intel.
Sat Feb 22 21:33:55 2025 YOELUCHIJA (Red) [Fall]
Sat Feb 22 21:33:56 2025 Jamal (Blue) [SMG] BigGoat (Red)
Sat Feb 22 21:33:56 2025 coik joined Red team
Sat Feb 22 21:33:58 2025 [Global] A_Nerd (Blue): LOL cope
Sat Feb 22 21:33:58 2025 [Global] YOELUCHIJA (Red): OGOGO
Sat Feb 22 21:33:58 2025 You must be closer to the enemy's base to shoot blocks!
Sat Feb 22 21:33:59 2025 coik (Red) [Fall]
Sat Feb 22 21:34:00 2025 Jamal (Blue) [SMG] elgord0tet0n (Red)
Sat Feb 22 21:34:01 2025 [Global] YOELUCHIJA (Red): FUCK USA
Sat Feb 22 21:34:01 2025 [Global] frantic (Red): where is the goat from
Sat Feb 22 21:34:02 2025 export (Blue) [Rifle] Harry (Red)
Sat Feb 22 21:34:03 2025 [Global] BigGoat (Red): HECK BULGARIA
Sat Feb 22 21:34:03 2025 [Global] Router (Red): THE WORD SLAVES COMES FROM SLAVA
Sat Feb 22 21:34:07 2025 [Global] BigGoat (Red): HECK ROMANIA
Sat Feb 22 21:34:07 2025 Jamal (Blue) [Headshot] Noaa (Red)
Sat Feb 22 21:34:12 2025 awskleth (Blue) [Fall]
Sat Feb 22 21:34:14 2025 [Global] A_Nerd (Blue): Bro has never heard of Portugal
Sat Feb 22 21:34:14 2025 Jamal (Blue) [SMG] Joel Games 220 (Red)
Sat Feb 22 21:34:14 2025 haloplayer2003 (Blue) [SMG] a coffin (Red)
Sat Feb 22 21:34:15 2025 BigGoat (Red) [Fall]
Sat Feb 22 21:34:15 2025 Harry (Red) [Headshot] buzzed drivah (Blue)
Sat Feb 22 21:34:15 2025 Router (Red) [SMG] alejandrinho xD (Blue)
Sat Feb 22 21:34:16 2025 Vagabond captured Blue's Intel.
Sat Feb 22 21:34:20 2025 elgord0tet0n (Red) [SMG] Jamal (Blue)
Sat Feb 22 21:34:20 2025  Come chat with us at https://discord.aloha.pk/
Sat Feb 22 21:34:23 2025 [Global] Vagabond (Red): ALL PRAISE AFD FUCK USA FUCK ISRAEL
Sat Feb 22 21:34:24 2025 trololololololo joined Blue team
Sat Feb 22 21:34:24 2025 Noaa (Red) [SMG] export (Blue)
Sat Feb 22 21:34:26 2025 coik picked up Blue's Intel.
Sat Feb 22 21:34:28 2025 [Global] BigGoat (Red): Tbh Portugal is not very white
Sat Feb 22 21:34:34 2025 [Global] BigGoat (Red): There are some though
Sat Feb 22 21:34:38 2025 frantic (Red) [Headshot] export (Blue)
Sat Feb 22 21:34:39 2025 Router (Red) [Headshot] awskleth (Blue)
Sat Feb 22 21:34:39 2025 [Global] Jamal (Blue): I've been playing too long and I need to urinate 
Sat Feb 22 21:34:41 2025 Router (Red) [Headshot] DDT (Blue)
Sat Feb 22 21:34:42 2025 [Global] A_Nerd (Blue): Portugal not white, ok buddy
Sat Feb 22 21:34:43 2025 alejandrinho xD (Blue) [Headshot] Router (Red)
Sat Feb 22 21:34:43 2025 Harry (Red) [Headshot] haloplayer2003 (Blue)
Sat Feb 22 21:34:45 2025 [Team] Joel Games 220 (Red): enemys left
Sat Feb 22 21:34:46 2025 [Global] Jamal (Blue): It was great playing with you guys
Sat Feb 22 21:34:47 2025 [Global] lock him up! (Blue): why does this game attract to many fucking nazis?
Sat Feb 22 21:34:48 2025 export (Blue) [Headshot] frantic (Red)
Sat Feb 22 21:34:49 2025 [Global] BigGoat (Red): SOME OF THEM ARE
Sat Feb 22 21:34:54 2025 coik captured Blue's Intel.
Sat Feb 22 21:34:55 2025 elgord0tet0n (Red) [Headshot] A_Nerd (Blue)
Sat Feb 22 21:34:56 2025 [Global] Vagabond (Red): portugal was invaded by muslins centuries ago, half of pt people are mixed
Sat Feb 22 21:34:57 2025 lock him up! (Blue) [SMG] elgord0tet0n (Red)
Sat Feb 22 21:34:58 2025 [Global] Router (Red): CAUSE THIS GAME IS FILLED WITH LATINOS BABYYYYY
Sat Feb 22 21:35:01 2025 [Global] Jamal (Blue): Goodbye everyone, have a great day :)
Sat Feb 22 21:35:02 2025 [Global] a coffin (Red): lock: Looks like mods have allowed some nazi words
Sat Feb 22 21:35:03 2025 YOELUCHIJA picked up Blue's Intel.
Sat Feb 22 21:35:07 2025 [Global] a coffin (Red): bye jamal
Sat Feb 22 21:35:08 2025 [Global] Router (Red): LATINO NUMERO UNOOOOOO
Sat Feb 22 21:35:12 2025 elgord0tet0n (Red) [Fall]
Sat Feb 22 21:35:14 2025 Player Jamal has left
Sat Feb 22 21:35:16 2025 Router (Red) [SMG] alejandrinho xD (Blue)
Sat Feb 22 21:35:20 2025  If you believe a player is breaking the rules, please let us know with /ADMIN
Sat Feb 22 21:35:21 2025 a coffin (Red) [Headshot] DDT (Blue)
Sat Feb 22 21:35:23 2025 coik (Red) [Headshot] export (Blue)
Sat Feb 22 21:35:25 2025 [Global] BigGoat (Red): There were a LOT of sephardos in Portugal
Sat Feb 22 21:35:25 2025 a coffin (Red) [SMG] A_Nerd (Blue)
Sat Feb 22 21:35:29 2025 a coffin (Red) [Headshot] haloplayer2003 (Blue)
Sat Feb 22 21:35:29 2025  With 6818 blocks placed, Noaa is granted the right to unleash the apocalypse.
Sat Feb 22 21:35:29 2025 YOELUCHIJA captured Blue's Intel.
Sat Feb 22 21:35:30 2025 awskleth (Blue) [Headshot] a coffin (Red)
Sat Feb 22 21:35:34 2025 Noaa (Red) [Headshot] buzzed drivah (Blue)
Sat Feb 22 21:35:34 2025 Vagabond (Red) [Grenade] awskleth (Blue)
Sat Feb 22 21:35:36 2025 [Global] YOELUCHIJA (Red): APOC
Sat Feb 22 21:35:40 2025 export (Blue) [Headshot] BigGoat (Red)
Sat Feb 22 21:35:42 2025 [Global] YOELUCHIJA (Red): NO DO APOC
Sat Feb 22 21:35:47 2025 coik (Red) [Headshot] trololololololo (Blue)
Sat Feb 22 21:35:49 2025 export (Blue) [Rifle] coik (Red)
Sat Feb 22 21:35:49 2025 [Global] Router (Red): APOC
Sat Feb 22 21:35:52 2025 Player trololololololo has left
Sat Feb 22 21:35:58 2025 export (Blue) [Headshot] Harry (Red)
Sat Feb 22 21:35:58 2025  Noaa has unleashed an apocalypse from God.
Sat Feb 22 21:36:00 2025  The apocalypse begins in 5
Sat Feb 22 21:36:01 2025  The apocalypse begins in 4
Sat Feb 22 21:36:02 2025  The apocalypse begins in 3
Sat Feb 22 21:36:03 2025  The apocalypse begins in 2
Sat Feb 22 21:36:04 2025  The apocalypse begins in 1
Sat Feb 22 21:36:09 2025 Noaa (Red) [Grenade] A_Nerd (Blue)
Sat Feb 22 21:36:09 2025 [Global] Router (Red): who is the him that should be locked up
Sat Feb 22 21:36:09 2025 Noaa (Red) [Grenade] haloplayer2003 (Blue)
Sat Feb 22 21:36:10 2025 Noaa (Red) [Grenade] Max-Kill (Blue)
Sat Feb 22 21:36:10 2025 coik picked up Blue's Intel.
Sat Feb 22 21:36:15 2025 Noaa (Red) [Grenade] haloplayer2003 (Blue)
Sat Feb 22 21:36:17 2025 mallang joined Blue team
Sat Feb 22 21:36:17 2025 [Global] lock him up! (Blue): you know who
Sat Feb 22 21:36:20 2025 [Global] Vagabond (Red): yeah who, im curious
Sat Feb 22 21:36:20 2025  This server runs imger and glow. Use /IMG or /GLOW to toggle them.
Sat Feb 22 21:36:21 2025  The apocalypse has ended.
Sat Feb 22 21:36:22 2025 [Global] lock him up! (Blue): don't act like you don't
Sat Feb 22 21:36:23 2025 [Global] Router (Red): voldemort?
Sat Feb 22 21:36:26 2025 [Global] frantic (Red): napoleon the 3rd
Sat Feb 22 21:36:30 2025 Harry (Red) [Fall]
Sat Feb 22 21:36:31 2025 export (Blue) [Headshot] elgord0tet0n (Red)
Sat Feb 22 21:36:35 2025 [Global] a coffin (Red): elon?
Sat Feb 22 21:36:36 2025 [Global] coik (Red): great napolean
Sat Feb 22 21:36:39 2025 coik captured Blue's Intel.
Sat Feb 22 21:36:39 2025 YOELUCHIJA picked up Blue's Intel.
Sat Feb 22 21:36:39 2025 mallang (Blue) [Headshot] a coffin (Red)
Sat Feb 22 21:36:41 2025 buzzed drivah (Blue) [SMG] BigGoat (Red)
Sat Feb 22 21:36:42 2025 [Global] Router (Red): elon trump biden who
Sat Feb 22 21:36:47 2025 [Global] Router (Red): this depends on your political compass
Sat Feb 22 21:36:50 2025 [Global] lock him up! (Blue): lol
Sat Feb 22 21:36:53 2025 elgord0tet0n (Red) [Fall]
Sat Feb 22 21:36:58 2025 Harry (Red) [Headshot] export (Blue)
Sat Feb 22 21:36:58 2025 DDT (Blue) [SMG] Noaa (Red)
Sat Feb 22 21:37:00 2025 [Global] lock him up! (Blue): you're right on the money there #1 & #2
Sat Feb 22 21:37:00 2025 Router (Red) [Headshot] buzzed drivah (Blue)
Sat Feb 22 21:37:00 2025 YOELUCHIJA captured Blue's Intel.
Sat Feb 22 21:37:01 2025 haloplayer2003 (Blue) [Headshot] Vagabond (Red)
Sat Feb 22 21:37:01 2025 alejandrinho xD (Blue) [Headshot] Harry (Red)
Sat Feb 22 21:37:03 2025 coik picked up Blue's Intel.
Sat Feb 22 21:37:05 2025 DDT (Blue) [SMG] BigGoat (Red)
Sat Feb 22 21:37:15 2025 haloplayer2003 (Blue) [Fall]
Sat Feb 22 21:37:16 2025 a coffin (Red) [SMG] DDT (Blue)
Sat Feb 22 21:37:17 2025 [Global] A_Nerd (Blue): Wasnt trump gonna put hillary in jail?
Sat Feb 22 21:37:18 2025 a coffin (Red) [Headshot] mallang (Blue)
Sat Feb 22 21:37:20 2025  Use /EMOTE to draw an emote on the map!
Sat Feb 22 21:37:21 2025 [Global] A_Nerd (Blue): What happened to that?
Sat Feb 22 21:37:21 2025 alejandrinho xD (Blue) [SMG] Harry (Red)
Sat Feb 22 21:37:25 2025 [Global] Router (Red): wasnt trump supposed to go to jail
Sat Feb 22 21:37:27 2025 [Global] Vagabond (Red): i think he is talking about ALL THE LGBT TRANS WHO GO TO SCHOOLS TO "TEACH" CHILDREN
Sat Feb 22 21:37:28 2025 Router (Red) [Headshot] export (Blue)
Sat Feb 22 21:37:31 2025 coik captured Blue's Intel.
Sat Feb 22 21:37:32 2025 Router (Red) [SMG] lock him up! (Blue)
Sat Feb 22 21:37:34 2025 YOELUCHIJA (Red) [Fall]
Sat Feb 22 21:37:37 2025 Harry (Red) [Rifle] alejandrinho xD (Blue)
Sat Feb 22 21:37:40 2025 a coffin (Red) [SMG] Max-Kill (Blue)
Sat Feb 22 21:37:41 2025 export (Blue) [Headshot] a coffin (Red)
Sat Feb 22 21:37:41 2025 Router (Red) [Headshot] mallang (Blue)
Sat Feb 22 21:37:43 2025 Router (Red) [Headshot] DDT (Blue)
Sat Feb 22 21:37:47 2025 [Global] BigGoat (Red): Trump is to loyal to his owners to be touched legally
Sat Feb 22 21:37:47 2025 haloplayer2003 (Blue) [Headshot] elgord0tet0n (Red)
Sat Feb 22 21:37:49 2025 [Team] Joel Games 220 (Red): right tower
Sat Feb 22 21:37:53 2025 BigGoat (Red) [Fall]
Sat Feb 22 21:37:55 2025 coik picked up Blue's Intel.
Sat Feb 22 21:37:56 2025 [Global] lock him up! (Blue): russian puppet
Sat Feb 22 21:37:56 2025 [Team] Router (Red): where
Sat Feb 22 21:37:59 2025 [Global] BigGoat (Red): LOL
Sat Feb 22 21:38:05 2025 Router (Red) [Headshot] export (Blue)
Sat Feb 22 21:38:07 2025 Noaa (Red) [SMG] haloplayer2003 (Blue)
Sat Feb 22 21:38:08 2025 [Global] BigGoat (Red): HE SAID TRUMP IS A  RUSSO PUPPET
Sat Feb 22 21:38:16 2025 frantic (Red) [SMG] export (Blue)
Sat Feb 22 21:38:17 2025 coik captured Blue's Intel.
Sat Feb 22 21:38:17 2025 YOELUCHIJA picked up Blue's Intel.
Sat Feb 22 21:38:17 2025 frantic (Red) [SMG] haloplayer2003 (Blue)
Sat Feb 22 21:38:20 2025 [Global] Router (Red): RUSSO BROTHERS WHO MADE THE AVENGERS MOVIES
Sat Feb 22 21:38:20 2025  Use /HEAVEN to paint the babel platform!
Sat Feb 22 21:38:22 2025 BigGoat (Red) [Fall]
Sat Feb 22 21:38:24 2025 [Global] Vagabond (Red): xddd
Sat Feb 22 21:38:30 2025 seu madruga joined Red team
Sat Feb 22 21:38:31 2025 [Global] YOELUCHIJA (Red): EZZZZZZZZZZZZ
Sat Feb 22 21:38:40 2025 frantic (Red) [SMG] A_Nerd (Blue)
Sat Feb 22 21:38:40 2025 [Global] A_Nerd (Blue): Elon has to wait his turn after putin
Sat Feb 22 21:38:41 2025 a coffin (Red) [Headshot] awskleth (Blue)
Sat Feb 22 21:38:41 2025 [Global] lock him up! (Blue): if he's not a russian puppet, then what would he be doing different if he *was*?
Sat Feb 22 21:38:41 2025 elgord0tet0n (Red) [SMG] alejandrinho xD (Blue)
Sat Feb 22 21:38:43 2025 [Global] YOELUCHIJA (Red): DO IT?
Sat Feb 22 21:38:44 2025 [Global] Vagabond (Red): marvel is woke propaganda
Sat Feb 22 21:38:49 2025 Noaa (Red) [Fall]
Sat Feb 22 21:38:52 2025 Router (Red) [Headshot] mallang (Blue)
Sat Feb 22 21:38:52 2025 [Global] BigGoat (Red): Guys did you know? It's acutally the Russians
Sat Feb 22 21:38:52 2025 YOELUCHIJA captured Blue's Intel.
Sat Feb 22 21:38:52 2025 Red Wins!
Sat Feb 22 21:38:52 2025  Game finished! Next map: pinpointj.
Sat Feb 22 21:38:53 2025 [Global] frantic (Red): woke is woke propaganda 
Sat Feb 22 21:38:53 2025 awskleth (Blue) [Headshot] a coffin (Red)
Sat Feb 22 21:38:55 2025 A_Nerd (Blue) [Headshot] Router (Red)
Sat Feb 22 21:38:55 2025 haloplayer2003 (Blue) [Headshot] BigGoat (Red)
Sat Feb 22 21:38:55 2025 [Global] a coffin (Red): GG
Sat Feb 22 21:38:56 2025 export (Blue) [Headshot] Harry (Red)
Sat Feb 22 21:38:56 2025 A_Nerd (Blue) [Rifle] YOELUCHIJA (Red)
Sat Feb 22 21:38:56 2025 alejandrinho xD (Blue) [Headshot] YOELUCHIJA (Red)
Sat Feb 22 21:38:56 2025 [Global] BigGoat (Red): ITS THE RUSSIANS!
Sat Feb 22 21:38:57 2025 [Global] Noaa (Red): gg
Sat Feb 22 21:38:57 2025 coik (Red) [Headshot] mallang (Blue)
Sat Feb 22 21:38:57 2025 frantic (Red) [Grenade] awskleth (Blue)
Sat Feb 22 21:38:57 2025 DDT (Blue) [Fall]
Sat Feb 22 21:38:57 2025 seu madruga (Red) [SMG] awskleth (Blue)
Sat Feb 22 21:38:58 2025 Noaa (Red) [Fall]
Sat Feb 22 21:38:58 2025 YOELUCHIJA (Red) [Grenade] export (Blue)
Sat Feb 22 21:38:58 2025 frantic (Red) [Grenade] lock him up! (Blue)
Sat Feb 22 21:38:58 2025 frantic (Red) [SMG] export (Blue)
Sat Feb 22 21:38:58 2025 frantic (Red) [SMG] export (Blue)
Sat Feb 22 21:38:58 2025 coik (Red) [Rifle] buzzed drivah (Blue)
Sat Feb 22 21:38:59 2025 A_Nerd (Blue) [Rifle] Vagabond (Red)
Sat Feb 22 21:39:00 2025 coik (Red) [Headshot] alejandrinho xD (Blue)
Sat Feb 22 21:39:00 2025 elgord0tet0n (Red) [Headshot] haloplayer2003 (Blue)
Sat Feb 22 21:39:01 2025 [Global] export (Blue): gg
Sat Feb 22 21:39:01 2025 seu madruga (Red) [Fall]
Sat Feb 22 21:39:01 2025 elgord0tet0n (Red) [Headshot] A_Nerd (Blue)
Sat Feb 22 21:39:01 2025 elgord0tet0n (Red) [SMG] A_Nerd (Blue)
Sat Feb 22 21:39:01 2025 coik (Red) [Headshot] Max-Kill (Blue)
Sat Feb 22 21:39:02 2025 ------ World Unloaded ------
Sat Feb 22 21:39:03 2025 ------ World Loaded ------
Sat Feb 22 21:39:03 2025 Welcome to aloha.pk tower of babel
Sat Feb 22 21:39:03 2025 BigGoat joined Spectator team
Sat Feb 22 21:39:05 2025 coik joined Red team
Sat Feb 22 21:39:05 2025 Map: pinpointj by (unknown)
Sat Feb 22 21:39:06 2025 Vagabond joined Blue team
Sat Feb 22 21:39:07 2025 Game mode: babel
Sat Feb 22 21:39:08 2025 lock him up! joined Blue team
Sat Feb 22 21:39:08 2025 a coffin joined Red team
Sat Feb 22 21:39:08 2025 mallang joined Blue team
Sat Feb 22 21:39:09 2025 Build a tower to get the enemy's intel. Take it to your team's tent to win!
Sat Feb 22 21:39:09 2025 alejandrinho xD joined Blue team
Sat Feb 22 21:39:11 2025 Visit our community forum at https://aloha.pk/
Sat Feb 22 21:39:11 2025 A_Nerd joined Red team
Sat Feb 22 21:39:11 2025 elgord0tet0n joined Red team
Sat Feb 22 21:39:13 2025 Come chat with us at https://discord.aloha.pk/
Sat Feb 22 21:39:13 2025 seu madruga joined Red team
Sat Feb 22 21:39:14 2025 frantic joined Blue team
Sat Feb 22 21:39:16 2025 Router joined Red team
Sat Feb 22 21:39:16 2025 Joel Games 220 joined Blue team
Sat Feb 22 21:39:17 2025 DDT joined Blue team
Sat Feb 22 21:39:18 2025 BigGoat joined Red team
Sat Feb 22 21:39:18 2025 Vagabond (Blue) [SMG] coik (Red)
Sat Feb 22 21:39:20 2025 alejandrinho xD (Blue) [SMG] Harry (Red)
Sat Feb 22 21:39:20 2025  Get a 20 killstreak and 1 intel capture(s) to unlock /APOC!
Sat Feb 22 21:39:24 2025 [Global] frantic (Blue): sadist map
Sat Feb 22 21:39:24 2025 YOELUCHIJA joined Red team
Sat Feb 22 21:39:28 2025 [Global] Router (Red): of course marvel is woke, you need to be awake to watch movies 5head
Sat Feb 22 21:39:31 2025 alejandrinho xD (Blue) [Headshot] BigGoat (Red)
Sat Feb 22 21:39:36 2025 [Global] YOELUCHIJA (Red): NEXT MAP
Sat Feb 22 21:39:38 2025 Harry (Red) [Headshot] frantic (Blue)
Sat Feb 22 21:39:40 2025 Harry (Red) [Rifle] alejandrinho xD (Blue)
Sat Feb 22 21:39:43 2025 a coffin (Red) [Rifle] DDT (Blue)
Sat Feb 22 21:39:47 2025 [Global] Vagabond (Blue): i joined blue to convert some players to NS, dont worry
Sat Feb 22 21:39:50 2025 Max-Kill joined Blue team
Sat Feb 22 21:39:53 2025 a coffin (Red) [Headshot] mallang (Blue)
Sat Feb 22 21:39:53 2025 [Global] A_Nerd (Red): NS?
Sat Feb 22 21:39:56 2025 [Global] BigGoat (Red): REAL
Sat Feb 22 21:39:57 2025 [Global] Vagabond (Blue): no scope
Sat Feb 22 21:39:58 2025 alejandrinho xD (Blue) [Headshot] seu madruga (Red)
Sat Feb 22 21:40:06 2025 YOELUCHIJA (Red) [Headshot] alejandrinho xD (Blue)
Sat Feb 22 21:40:10 2025 BigGoat (Red) [SMG] Max-Kill (Blue)
Sat Feb 22 21:40:15 2025 seu madruga (Red) [Headshot] Vagabond (Blue)
Sat Feb 22 21:40:16 2025 frantic (Blue) [Headshot] BigGoat (Red)
Sat Feb 22 21:40:20 2025  Capture your team's 5th intel to unlock /APOC for your team's best builder!
Sat Feb 22 21:40:22 2025 [Global] BigGoat (Red): Arbeit Macht Frei
Sat Feb 22 21:40:24 2025 Router (Red) [Headshot] frantic (Blue)
Sat Feb 22 21:40:25 2025 Router (Red) [Shotgun] lock him up! (Blue)
Sat Feb 22 21:40:27 2025 Router (Red) [Shotgun] alejandrinho xD (Blue)
Sat Feb 22 21:40:29 2025 Router (Red) [Shotgun] DDT (Blue)
Sat Feb 22 21:40:30 2025 Router (Red) [Shotgun] mallang (Blue)
Sat Feb 22 21:40:31 2025 [Global] Vagabond (Blue): im on bligger territory right now, its like a german in africa
Sat Feb 22 21:40:42 2025 Vagabond (Blue) [Headshot] Router (Red)
Sat Feb 22 21:40:42 2025 [Global] BigGoat (Red): afrikakorps
Sat Feb 22 21:40:49 2025 [Global] Vagabond (Blue): xdddd
Sat Feb 22 21:40:50 2025 alejandrinho xD (Blue) [Headshot] BigGoat (Red)
Sat Feb 22 21:40:50 2025 [Global] Router (Red): vaginal bondage i will kill you
Sat Feb 22 21:40:56 2025 frantic (Blue) [SMG] A_Nerd (Red)
Sat Feb 22 21:41:00 2025 frantic (Blue) [SMG] YOELUCHIJA (Red)
Sat Feb 22 21:41:06 2025 [Global] YOELUCHIJA (Red): BACK YPU
Sat Feb 22 21:41:07 2025 [Global] Vagabond (Blue): hmmmmm
Sat Feb 22 21:41:07 2025 frantic (Blue) [Melee] a coffin (Red)
Sat Feb 22 21:41:07 2025 alejandrinho xD (Blue) [SMG] Router (Red)
Sat Feb 22 21:41:15 2025 alejandrinho xD (Blue) [Headshot] BigGoat (Red)
Sat Feb 22 21:41:15 2025 [Team] a coffin (Red): they're onto our digging below their base
Sat Feb 22 21:41:21 2025  Mahalo for playing aloha.pk tower of babel
Sat Feb 22 21:41:21 2025 A_Nerd (Red) [SMG] alejandrinho xD (Blue)
Sat Feb 22 21:41:26 2025 A_Nerd (Red) [SMG] frantic (Blue)
Sat Feb 22 21:41:28 2025 [Team] BigGoat (Red): DIG FASTER
Sat Feb 22 21:41:34 2025 mallang (Blue) [Headshot] Router (Red)
Sat Feb 22 21:41:37 2025 frantic (Blue) [Grenade]
Sat Feb 22 21:41:38 2025 frantic (Blue) [Grenade] YOELUCHIJA (Red)
Sat Feb 22 21:41:47 2025 Router (Red) [Headshot] mallang (Blue)
Sat Feb 22 21:41:49 2025 Harry (Red) [Fall]
Sat Feb 22 21:41:52 2025 Max-Kill (Blue) [SMG] BigGoat (Red)
Sat Feb 22 21:41:55 2025 lock him up! (Blue) [SMG] Router (Red)
Sat Feb 22 21:41:59 2025 Max-Kill (Blue) [Headshot] elgord0tet0n (Red)
Sat Feb 22 21:42:04 2025 YOELUCHIJA (Red) [Headshot] Max-Kill (Blue)
Sat Feb 22 21:42:04 2025 [Global] Router (Red): notice how jamal left and chat became better
Sat Feb 22 21:42:08 2025 [Global] Vagabond (Blue): xddddd
Sat Feb 22 21:42:13 2025 mallang (Blue) [Rifle] YOELUCHIJA (Red)
Sat Feb 22 21:42:20 2025  Build a tower to get the enemy's intel. Take it to your team's tent to win!
Sat Feb 22 21:42:21 2025 mallang (Blue) [Headshot] BigGoat (Red)
Sat Feb 22 21:42:21 2025 You must be closer to the enemy's base to shoot blocks!
Sat Feb 22 21:42:22 2025 Harry (Red) [Headshot] DDT (Blue)
Sat Feb 22 21:42:25 2025 Router (Red) [Headshot] mallang (Blue)
Sat Feb 22 21:42:26 2025 Harry (Red) [Headshot] alejandrinho xD (Blue)
Sat Feb 22 21:42:31 2025 Harry (Red) [Headshot] Max-Kill (Blue)
Sat Feb 22 21:42:31 2025 coik (Red) [Fall]
Sat Feb 22 21:42:41 2025 Router (Red) [Headshot] mallang (Blue)
Sat Feb 22 21:42:44 2025 lock him up! (Blue) [Headshot] Router (Red)
Sat Feb 22 21:42:50 2025 YOELUCHIJA (Red) [Headshot] lock him up! (Blue)
Sat Feb 22 21:42:55 2025 Harry (Red) [Headshot] Vagabond (Blue)
Sat Feb 22 21:42:59 2025 frantic (Blue) [Headshot] coik (Red)
Sat Feb 22 21:43:00 2025 YOELUCHIJA (Red) [Headshot] Max-Kill (Blue)
Sat Feb 22 21:43:01 2025 mallang (Blue) [Headshot] YOELUCHIJA (Red)
Sat Feb 22 21:43:09 2025 Router (Red) [Headshot] mallang (Blue)
Sat Feb 22 21:43:20 2025 Max-Kill (Blue) [Headshot] Harry (Red)
Sat Feb 22 21:43:20 2025  Type /HELP for info & commands
Sat Feb 22 21:43:20 2025 frantic (Blue) [Headshot] BigGoat (Red)
Sat Feb 22 21:43:25 2025 Router (Red) [Headshot] alejandrinho xD (Blue)
Sat Feb 22 21:43:26 2025 Max-Kill (Blue) [Headshot] Router (Red)
Sat Feb 22 21:43:28 2025 DDT (Blue) [Fall]
Sat Feb 22 21:43:37 2025 YOELUCHIJA (Red) [Headshot] Max-Kill (Blue)
Sat Feb 22 21:43:47 2025 frantic (Blue) [Headshot] coik (Red)
Sat Feb 22 21:43:48 2025 Vagabond (Blue) [Headshot] YOELUCHIJA (Red)
Sat Feb 22 21:43:50 2025 Max-Kill (Blue) [SMG] BigGoat (Red)
Sat Feb 22 21:43:51 2025 [Global] Vagabond (Blue): ahaaaaaaaa
Sat Feb 22 21:43:53 2025 elgord0tet0n (Red) [Grenade] alejandrinho xD (Blue)
Sat Feb 22 21:43:53 2025 [Global] YOELUCHIJA (Red): NOO
Sat Feb 22 21:43:55 2025 lock him up! (Blue) [Melee] Router (Red)
Sat Feb 22 21:43:58 2025 [Global] Router (Red): WTF
Sat Feb 22 21:43:59 2025 Max-Kill (Blue) [Headshot] seu madruga (Red)
Sat Feb 22 21:44:00 2025 [Global] Router (Red): SPADE KILL
Sat Feb 22 21:44:02 2025 Router (Red) [Weapon Change]
Sat Feb 22 21:44:05 2025 [Global] lock him up! (Blue): lol
Sat Feb 22 21:44:06 2025 a coffin (Red) [Headshot] Max-Kill (Blue)
Sat Feb 22 21:44:07 2025 coik (Red) [Melee] frantic (Blue)
Sat Feb 22 21:44:09 2025 [Team] Router (Red): water base
Sat Feb 22 21:44:13 2025 lock him up! (Blue) [Rifle] Harry (Red)
Sat Feb 22 21:44:17 2025 lock him up! (Blue) [Headshot] seu madruga (Red)
Sat Feb 22 21:44:19 2025 You must be closer to the enemy's base to shoot blocks!
Sat Feb 22 21:44:20 2025 You must be closer to the enemy's base to shoot blocks!
Sat Feb 22 21:44:20 2025  Visit our community forums at https://aloha.pk/
Sat Feb 22 21:44:20 2025 frantic (Blue) [Fall]
Sat Feb 22 21:44:20 2025 Joel Games 220 (Blue) [Fall]
Sat Feb 22 21:44:20 2025 DDT (Blue) [Fall]
Sat Feb 22 21:44:21 2025 alejandrinho xD (Blue) [Fall]
Sat Feb 22 21:44:21 2025 mallang (Blue) [Fall]
Sat Feb 22 21:44:23 2025 Max-Kill (Blue) [SMG] elgord0tet0n (Red)
Sat Feb 22 21:44:23 2025 lock him up! (Blue) [Rifle] a coffin (Red)
Sat Feb 22 21:44:24 2025 [Global] Router (Red): woah
Sat Feb 22 21:44:25 2025 [Global] Router (Red): noice
Sat Feb 22 21:44:26 2025 [Global] a coffin (Red): EHEHEEH
Sat Feb 22 21:44:26 2025 A_Nerd (Red) [SMG] lock him up! (Blue)
Sat Feb 22 21:44:26 2025 Max-Kill (Blue) [SMG] A_Nerd (Red)
Sat Feb 22 21:44:27 2025 You must be closer to the enemy's base to shoot blocks!
Sat Feb 22 21:44:27 2025 coik (Red) [Headshot] Vagabond (Blue)
Sat Feb 22 21:44:29 2025 [Global] lock him up! (Blue): fuck
Sat Feb 22 21:44:32 2025 [Global] Vagabond (Blue): sieeeeeeeeeeg
Sat Feb 22 21:44:33 2025 [Team] elgord0tet0n (Red): hehehehehehehhe
Sat Feb 22 21:44:36 2025 [Global] Router (Red): you got distracted lock
Sat Feb 22 21:44:38 2025 Router (Red) [Headshot] alejandrinho xD (Blue)
Sat Feb 22 21:44:42 2025 frantic (Blue) [Headshot] a coffin (Red)
Sat Feb 22 21:44:44 2025 [Global] Router (Red): it was my plan to get killed by you
Sat Feb 22 21:44:46 2025 Router (Red) [SMG] mallang (Blue)
Sat Feb 22 21:44:47 2025 Router (Red) [Headshot] frantic (Blue)
Sat Feb 22 21:44:47 2025 [Team] elgord0tet0n (Red): i am fucking ***as
Sat Feb 22 21:44:47 2025 [Global] lock him up! (Blue): lol
Sat Feb 22 21:44:48 2025 Router (Red) [SMG] Vagabond (Blue)
Sat Feb 22 21:44:54 2025 Router (Red) [Headshot] DDT (Blue)
Sat Feb 22 21:44:55 2025 [Team] a coffin (Red): can someone /heaven niccetowerblue :P
Sat Feb 22 21:44:55 2025 Router (Red) [Headshot] Joel Games 220 (Blue)
Sat Feb 22 21:45:00 2025 Vagabond (Blue) [SMG] A_Nerd (Red)
Sat Feb 22 21:45:05 2025 YOELUCHIJA (Red) [Rifle] Max-Kill (Blue)
Sat Feb 22 21:45:09 2025 Router (Red) [Headshot] mallang (Blue)
Sat Feb 22 21:45:12 2025 BigGoat (Red) [Headshot] Vagabond (Blue)
Sat Feb 22 21:45:17 2025 [Global] BigGoat (Red): BTFO
Sat Feb 22 21:45:18 2025 lock him up! (Blue) [Rifle] elgord0tet0n (Red)
Sat Feb 22 21:45:18 2025 lock him up! (Blue) [Rifle] seu madruga (Red)
Sat Feb 22 21:45:19 2025 Router (Red) [Headshot] lock him up! (Blue)
Sat Feb 22 21:45:20 2025 Harry (Red) [Headshot] Joel Games 220 (Blue)
Sat Feb 22 21:45:20 2025  Come chat with us at https://discord.aloha.pk/
Sat Feb 22 21:45:23 2025 YOELUCHIJA (Red) [Headshot] Max-Kill (Blue)
Sat Feb 22 21:45:24 2025 BigGoat (Red) [Headshot] frantic (Blue)
Sat Feb 22 21:45:26 2025 Vagabond (Blue) [Headshot] A_Nerd (Red)
Sat Feb 22 21:45:29 2025 Vagabond (Blue) [Headshot] BigGoat (Red)
Sat Feb 22 21:45:29 2025 YOELUCHIJA (Red) [Rifle] Vagabond (Blue)
Sat Feb 22 21:45:32 2025 Harry (Red) [Rifle] DDT (Blue)
Sat Feb 22 21:45:33 2025 mallang (Blue) [Headshot] YOELUCHIJA (Red)
Sat Feb 22 21:45:34 2025 Harry (Red) [Headshot] Joel Games 220 (Blue)
Sat Feb 22 21:45:37 2025 Router (Red) [Headshot] frantic (Blue)
Sat Feb 22 21:45:37 2025 Harry (Red) [Headshot] mallang (Blue)
Sat Feb 22 21:45:43 2025 Harry (Red) [Headshot] mallang (Blue)
Sat Feb 22 21:45:44 2025 [Global] Router (Red): blue btfo
Sat Feb 22 21:45:47 2025 seu madruga (Red) [SMG] Max-Kill (Blue)
Sat Feb 22 21:45:49 2025 a coffin (Red) [Headshot] Vagabond (Blue)
Sat Feb 22 21:45:49 2025 Harry (Red) [Headshot] DDT (Blue)
Sat Feb 22 21:45:52 2025 frantic (Blue) [Headshot] Router (Red)
Sat Feb 22 21:45:52 2025 Harry (Red) [Headshot] alejandrinho xD (Blue)
Sat Feb 22 21:45:53 2025 Max-Kill (Blue) [Headshot] Harry (Red)
Sat Feb 22 21:45:53 2025 a coffin (Red) [Headshot] frantic (Blue)
Sat Feb 22 21:45:55 2025 a coffin (Red) [Headshot] lock him up! (Blue)
Sat Feb 22 21:45:57 2025 [Global] Router (Red): THEYRE GOING TO THE SEA
Sat Feb 22 21:46:01 2025 Vagabond (Blue) [SMG] seu madruga (Red)
Sat Feb 22 21:46:02 2025 Router (Red) [Weapon Change]
Sat Feb 22 21:46:08 2025 Max-Kill (Blue) [Headshot] A_Nerd (Red)
Sat Feb 22 21:46:08 2025 a coffin (Red) [Headshot] Vagabond (Blue)
Sat Feb 22 21:46:11 2025 a coffin (Red) [Headshot] DDT (Blue)
Sat Feb 22 21:46:13 2025 a coffin (Red) [Headshot] lock him up! (Blue)
Sat Feb 22 21:46:17 2025 YOELUCHIJA (Red) [Headshot] alejandrinho xD (Blue)
Sat Feb 22 21:46:20 2025 a coffin (Red) [Headshot] DDT (Blue)
Sat Feb 22 21:46:20 2025  If you believe a player is breaking the rules, please let us know with /ADMIN
Sat Feb 22 21:46:22 2025 Vagabond (Blue) [SMG] BigGoat (Red)
Sat Feb 22 21:46:23 2025 frantic (Blue) [SMG] seu madruga (Red)
Sat Feb 22 21:46:24 2025 a coffin (Red) [Rifle] Vagabond (Blue)
Sat Feb 22 21:46:30 2025 a coffin (Red) [Headshot] lock him up! (Blue)
Sat Feb 22 21:46:31 2025 a coffin (Red) [Headshot] Vagabond (Blue)
Sat Feb 22 21:46:31 2025 frantic (Blue) [SMG] Router (Red)
Sat Feb 22 21:46:35 2025 [Global] Router (Red): SEA
Sat Feb 22 21:46:35 2025 A_Nerd (Red) [Headshot] frantic (Blue)
Sat Feb 22 21:46:36 2025 [Global] Router (Red): LEFT
Sat Feb 22 21:46:37 2025 a coffin (Red) [Headshot] alejandrinho xD (Blue)
Sat Feb 22 21:46:37 2025 z pro joined Blue team
Sat Feb 22 21:46:39 2025 YOELUCHIJA (Red) [Headshot] DDT (Blue)
Sat Feb 22 21:46:40 2025 A_Nerd (Red) [Headshot] Max-Kill (Blue)
Sat Feb 22 21:46:43 2025 a coffin (Red) [Headshot] mallang (Blue)
Sat Feb 22 21:46:44 2025 YOELUCHIJA (Red) [Headshot] lock him up! (Blue)
Sat Feb 22 21:46:48 2025 a coffin (Red) [Headshot] frantic (Blue)
Sat Feb 22 21:46:50 2025 [Global] Vagabond (Blue): i think my work in Africa is done, keep doing the good job bliggers
Sat Feb 22 21:46:53 2025 a coffin (Red) [Headshot] DDT (Blue)
Sat Feb 22 21:46:54 2025 Vagabond (Blue) [Team Change]
Sat Feb 22 21:46:55 2025 Max-Kill (Blue) [SMG] seu madruga (Red)
Sat Feb 22 21:46:57 2025 Max-Kill (Blue) [SMG] A_Nerd (Red)
Sat Feb 22 21:46:59 2025 lock him up! (Blue) [Headshot] coik (Red)
Sat Feb 22 21:47:00 2025 [Global] A_Nerd (Red): What?
Sat Feb 22 21:47:02 2025 BigGoat (Red) [Headshot] alejandrinho xD (Blue)
Sat Feb 22 21:47:02 2025 a coffin (Red) [Headshot] frantic (Blue)
Sat Feb 22 21:47:02 2025 Vagabond joined Red team
Sat Feb 22 21:47:05 2025 Max-Kill (Blue) [SMG] a coffin (Red)
Sat Feb 22 21:47:11 2025 [Team] a coffin (Red): blue gettin' rekt
Sat Feb 22 21:47:16 2025 frantic (Blue) [Headshot] Router (Red)
Sat Feb 22 21:47:18 2025 frantic (Blue) [SMG] A_Nerd (Red)
Sat Feb 22 21:47:20 2025 [Global] Router (Red): woah with the hard R vaga?
Sat Feb 22 21:47:20 2025  This server runs imger and glow. Use /IMG or /GLOW to toggle them.
Sat Feb 22 21:47:21 2025 seu madruga (Red) [Headshot] Max-Kill (Blue)
Sat Feb 22 21:47:22 2025 alejandrinho xD (Blue) [Headshot] YOELUCHIJA (Red)
Sat Feb 22 21:47:22 2025 [Global] Router (Red): you cant say that
Sat Feb 22 21:47:24 2025 z pro (Blue) [Headshot] BigGoat (Red)
Sat Feb 22 21:47:29 2025 [Global] Vagabond (Red): xdddddd
Sat Feb 22 21:47:30 2025 frantic (Blue) [SMG] seu madruga (Red)
Sat Feb 22 21:47:30 2025 Harry (Red) [Headshot] Joel Games 220 (Blue)
Sat Feb 22 21:47:31 2025 a coffin (Red) [Headshot] frantic (Blue)
Sat Feb 22 21:47:32 2025 Player frantic has left
Sat Feb 22 21:47:32 2025 a coffin (Red) [Headshot] mallang (Blue)
Sat Feb 22 21:47:34 2025 Harry (Red) [Headshot] DDT (Blue)
Sat Feb 22 21:47:36 2025 Harry (Red) [Headshot] Max-Kill (Blue)
Sat Feb 22 21:47:39 2025 Harry (Red) [Headshot] z pro (Blue)
Sat Feb 22 21:47:44 2025 Router (Red) [Headshot] lock him up! (Blue)
Sat Feb 22 21:47:48 2025 Harry (Red) [Headshot] Joel Games 220 (Blue)
Sat Feb 22 21:47:50 2025 a coffin (Red) [Headshot] mallang (Blue)
Sat Feb 22 21:47:52 2025 Harry (Red) [Headshot] Max-Kill (Blue)
Sat Feb 22 21:47:52 2025 Vagabond (Red) [Fall]
Sat Feb 22 21:47:56 2025 z pro (Blue) [Headshot] Harry (Red)
Sat Feb 22 21:47:58 2025 Router (Red) [Headshot] mallang (Blue)
Sat Feb 22 21:48:00 2025 coik picked up Blue's Intel.
Sat Feb 22 21:48:00 2025 Joel Games 220 (Blue) [Weapon Change]
Sat Feb 22 21:48:03 2025 [Global] lock him up! (Blue): capture and be done with it already
Sat Feb 22 21:48:03 2025 Harry (Red) [Team Change]
Sat Feb 22 21:48:04 2025 Router (Red) [Headshot] mallang (Blue)
Sat Feb 22 21:48:06 2025 Joel Games 220 (Blue) [Weapon Change]
Sat Feb 22 21:48:07 2025 coik dropped Blue's Intel
Sat Feb 22 21:48:07 2025  The intel has returned to the heavens
Sat Feb 22 21:48:07 2025 coik (Red) [Fall]
Sat Feb 22 21:48:07 2025 A_Nerd (Red) [Headshot] Max-Kill (Blue)
Sat Feb 22 21:48:13 2025 a coffin (Red) [Headshot] z pro (Blue)
Sat Feb 22 21:48:13 2025 elgord0tet0n (Red) [Fall]
Sat Feb 22 21:48:13 2025 [Global] coik (Red): trying
Sat Feb 22 21:48:15 2025 BigGoat (Red) [Headshot] DDT (Blue)
Sat Feb 22 21:48:17 2025 BigGoat (Red) [Headshot] Max-Kill (Blue)
Sat Feb 22 21:48:18 2025 z pro (Blue) [Headshot] a coffin (Red)
Sat Feb 22 21:48:18 2025 BigGoat (Red) [Headshot] Joel Games 220 (Blue)
Sat Feb 22 21:48:18 2025 Harry (Blue) [Headshot] seu madruga (Red)
Sat Feb 22 21:48:20 2025 z pro (Blue) [Headshot] Router (Red)
Sat Feb 22 21:48:20 2025  Use /EMOTE to draw an emote on the map!
Sat Feb 22 21:48:21 2025 YOELUCHIJA (Red) [Headshot] mallang (Blue)
Sat Feb 22 21:48:22 2025 Harry (Blue) [Headshot] BigGoat (Red)
Sat Feb 22 21:48:24 2025 z pro (Blue) [Headshot] A_Nerd (Red)
Sat Feb 22 21:48:26 2025 YOELUCHIJA (Red) [Headshot] lock him up! (Blue)
Sat Feb 22 21:48:28 2025 [Global] a coffin (Red): nice level design actually
Sat Feb 22 21:48:33 2025 YOELUCHIJA (Red) [Grenade] DDT (Blue)
Sat Feb 22 21:48:33 2025 Max-Kill (Blue) [Headshot] YOELUCHIJA (Red)
Sat Feb 22 21:48:35 2025 [Global] Router (Red): nah its dumb
Sat Feb 22 21:48:41 2025 Max-Kill (Blue) [SMG] seu madruga (Red)
Sat Feb 22 21:48:42 2025 a Silver Bullet joined Blue team
Sat Feb 22 21:48:44 2025 [Global] Router (Red): the water should kill at least
Sat Feb 22 21:48:45 2025 Harry (Blue) [Headshot] BigGoat (Red)
Sat Feb 22 21:48:52 2025 A_Nerd (Red) [Headshot] lock him up! (Blue)
Sat Feb 22 21:48:54 2025 Max-Kill (Blue) [SMG] YOELUCHIJA (Red)
Sat Feb 22 21:48:54 2025 Harry (Blue) [Headshot] Router (Red)
Sat Feb 22 21:48:56 2025 [Global] Vagabond (Red): yeah
Sat Feb 22 21:48:59 2025 Harry (Blue) [Headshot] A_Nerd (Red)
Sat Feb 22 21:48:59 2025 [Global] a coffin (Red): well yeah it's dumb, but I like dropping entire sides of the map :P
Sat Feb 22 21:49:01 2025 coik picked up Blue's Intel.
Sat Feb 22 21:49:02 2025 Max-Kill (Blue) [Headshot] seu madruga (Red)
Sat Feb 22 21:49:04 2025 Vagabond (Red) [Grenade] a Silver Bullet (Blue)
Sat Feb 22 21:49:05 2025 a coffin (Red) [Headshot] Max-Kill (Blue)
Sat Feb 22 21:49:11 2025 [Global] a coffin (Red): and yeah agree water should be lethal here
Sat Feb 22 21:49:12 2025 elgord0tet0n (Red) [Fall]
Sat Feb 22 21:49:15 2025 Harry (Blue) [Headshot] BigGoat (Red)
Sat Feb 22 21:49:17 2025 a coffin (Red) [Headshot] Harry (Blue)
Sat Feb 22 21:49:20 2025  Use /HEAVEN to paint the babel platform!
Sat Feb 22 21:49:20 2025 z pro (Blue) [Headshot] a coffin (Red)
Sat Feb 22 21:49:22 2025 Vagabond (Red) [SMG] Joel Games 220 (Blue)
Sat Feb 22 21:49:24 2025 Max-Kill (Blue) [Headshot] Router (Red)
Sat Feb 22 21:49:24 2025 Vagabond (Red) [Headshot] DDT (Blue)
Sat Feb 22 21:49:26 2025 coik captured Blue's Intel.
Sat Feb 22 21:49:26 2025 z pro (Blue) [Headshot] YOELUCHIJA (Red)
Sat Feb 22 21:49:28 2025 [Global] Vagabond (Red): should be lava
Sat Feb 22 21:49:31 2025 mallang (Blue) [Headshot] seu madruga (Red)
Sat Feb 22 21:49:31 2025 BIG-KNOB joined Blue team
Sat Feb 22 21:49:31 2025 [Global] Router (Red): thank you coik
Sat Feb 22 21:49:39 2025 Router (Red) [Rifle] a Silver Bullet (Blue)
Sat Feb 22 21:49:41 2025 a coffin (Red) [Rifle] mallang (Blue)
Sat Feb 22 21:49:42 2025 a coffin (Red) [Headshot] Max-Kill (Blue)
Sat Feb 22 21:49:43 2025 Vagabond (Red) [Fall]
Sat Feb 22 21:49:43 2025 BigGoat (Red) [Fall]
Sat Feb 22 21:49:46 2025 z pro (Blue) [Headshot] YOELUCHIJA (Red)
Sat Feb 22 21:49:47 2025 a coffin (Red) [Rifle] Harry (Blue)
Sat Feb 22 21:49:50 2025 [Team] Joel Games 220 (Blue): you hackers ?
Sat Feb 22 21:49:57 2025 Player mallang has left
Sat Feb 22 21:50:04 2025 z pro (Blue) [Rifle] Router (Red)
Sat Feb 22 21:50:04 2025 BIG-KNOB (Blue) [Headshot] BigGoat (Red)
Sat Feb 22 21:50:11 2025 YOELUCHIJA (Red) [Headshot] BIG-KNOB (Blue)
Sat Feb 22 21:50:16 2025 a coffin (Red) [Headshot] Max-Kill (Blue)
Sat Feb 22 21:50:20 2025 coik picked up Blue's Intel.
Sat Feb 22 21:50:20 2025  Get a 20 killstreak and 1 intel capture(s) to unlock /APOC!
Sat Feb 22 21:50:21 2025 a coffin (Red) [Headshot] DDT (Blue)
Sat Feb 22 21:50:22 2025 a coffin (Red) [Headshot] a Silver Bullet (Blue)
Sat Feb 22 21:50:30 2025 Harry (Blue) [Headshot] a coffin (Red)
Sat Feb 22 21:50:30 2025 Vagabond (Red) [Grenade] a Silver Bullet (Blue)
Sat Feb 22 21:50:31 2025 [Global] lock him up! (Blue): so, uh.. what's going on there DDT?
Sat Feb 22 21:50:32 2025 Vagabond (Red) [Grenade] Harry (Blue)
Sat Feb 22 21:50:32 2025 Vagabond (Red) [Grenade] lock him up! (Blue)
Sat Feb 22 21:50:34 2025 Vagabond (Red) [SMG] DDT (Blue)
Sat Feb 22 21:50:36 2025 Max-Kill (Blue) [SMG] YOELUCHIJA (Red)
Sat Feb 22 21:50:36 2025 Vagabond (Red) [Headshot] Max-Kill (Blue)
Sat Feb 22 21:50:38 2025 z pro (Blue) [Headshot] seu madruga (Red)
Sat Feb 22 21:50:42 2025 coik captured Blue's Intel.
Sat Feb 22 21:50:43 2025 [Global] DDT (Blue): what?
Sat Feb 22 21:50:45 2025 Vagabond (Red) [Headshot] a Silver Bullet (Blue)
Sat Feb 22 21:50:49 2025 Harry (Blue) [Headshot] Vagabond (Red)
Sat Feb 22 21:50:52 2025 a coffin (Red) [Headshot] Max-Kill (Blue)
Sat Feb 22 21:50:54 2025 Harry (Blue) [Headshot] a coffin (Red)
Sat Feb 22 21:51:00 2025 A_Nerd (Red) [Headshot] Joel Games 220 (Blue)
Sat Feb 22 21:51:01 2025 Naja joined Blue team
Sat Feb 22 21:51:04 2025 [Global] Router (Red): NAJA
Sat Feb 22 21:51:07 2025 [Team] Joel Games 220 (Blue): enemy spawn
Sat Feb 22 21:51:09 2025 YOELUCHIJA (Red) [Grenade]
Sat Feb 22 21:51:12 2025 [Global] a coffin (Red): NAJA = HECKER?!?!
Sat Feb 22 21:51:12 2025 Max-Kill (Blue) [SMG] A_Nerd (Red)
Sat Feb 22 21:51:12 2025 [Global] Naja (Blue): routaaa oh routaaa
Sat Feb 22 21:51:13 2025 [Global] Router (Red): you joined the shit team
Sat Feb 22 21:51:14 2025 z pro (Blue) [Rifle] seu madruga (Red)
Sat Feb 22 21:51:16 2025 coik picked up Blue's Intel.
Sat Feb 22 21:51:17 2025 You must be closer to the enemy's base to grenade blocks!
Sat Feb 22 21:51:18 2025 You must be closer to the enemy's base to grenade blocks!
Sat Feb 22 21:51:19 2025 You must be closer to the enemy's base to grenade blocks!
Sat Feb 22 21:51:20 2025  Capture your team's 5th intel to unlock /APOC for your team's best builder!
Sat Feb 22 21:51:22 2025 toost joined Blue team
Sat Feb 22 21:51:22 2025 [Global] Naja (Blue): lies
Sat Feb 22 21:51:25 2025 Harry (Blue) [Rifle] seu madruga (Red)
Sat Feb 22 21:51:27 2025 BigGoat (Red) [Headshot] toost (Blue)
Sat Feb 22 21:51:28 2025 [Global] a coffin (Red): Good on you for joining the team that needs the help!
Sat Feb 22 21:51:33 2025 BigGoat (Red) [Rifle] Joel Games 220 (Blue)
Sat Feb 22 21:51:33 2025 a coffin (Red) [Headshot] DDT (Blue)
Sat Feb 22 21:51:37 2025 coik captured Blue's Intel.
Sat Feb 22 21:51:37 2025 A_Nerd (Red) [Headshot] alejandrinho xD (Blue)
Sat Feb 22 21:51:39 2025 [Global] Router (Red): balance please! theres more blue than red
Sat Feb 22 21:51:39 2025 BigGoat (Red) [Headshot] lock him up! (Blue)
Sat Feb 22 21:51:41 2025 A_Nerd (Red) [Headshot] a Silver Bullet (Blue)
Sat Feb 22 21:51:44 2025 seu madruga (Red) [SMG] Naja (Blue)
Sat Feb 22 21:51:45 2025 ATORRES_BR! joined Spectator team
Sat Feb 22 21:51:46 2025 seu madruga (Red) [Headshot] Harry (Blue)
Sat Feb 22 21:51:47 2025 Max-Kill (Blue) [SMG] a coffin (Red)
Sat Feb 22 21:51:47 2025 YOELUCHIJA picked up Blue's Intel.
Sat Feb 22 21:51:49 2025 z pro (Blue) [Headshot] seu madruga (Red)
Sat Feb 22 21:51:49 2025 [Global] ATORRES_BR! (): im here <3
Sat Feb 22 21:51:50 2025 [Global] coik (Red): but were winning so its chill
Sat Feb 22 21:51:51 2025 [Global] Naja (Blue): ik u love this shitty map
Sat Feb 22 21:51:55 2025 [Global] a coffin (Red): Yeah! Let's make ratio 1:2 and still win!
Sat Feb 22 21:52:02 2025 alejandrinho xD (Blue) [SMG] A_Nerd (Red)
Sat Feb 22 21:52:03 2025 Router (Red) [Headshot] lock him up! (Blue)
Sat Feb 22 21:52:05 2025 Router (Red) [Headshot] z pro (Blue)
Sat Feb 22 21:52:06 2025 a coffin (Red) [Rifle] alejandrinho xD (Blue)
Sat Feb 22 21:52:08 2025 BigGoat (Red) [Headshot] Joel Games 220 (Blue)
Sat Feb 22 21:52:08 2025 YOELUCHIJA captured Blue's Intel.
Sat Feb 22 21:52:10 2025 [Global] ATORRES_BR! (): hmmmmm, coffin 
Sat Feb 22 21:52:10 2025 coik picked up Blue's Intel.
Sat Feb 22 21:52:12 2025 [Global] ATORRES_BR! (): xD
Sat Feb 22 21:52:14 2025 BigGoat (Red) [Headshot] toost (Blue)
Sat Feb 22 21:52:14 2025 [Global] ATORRES_BR! (): LOL
Sat Feb 22 21:52:15 2025 Naja (Blue) [Headshot] A_Nerd (Red)
Sat Feb 22 21:52:15 2025 BigGoat (Red) [Rifle] BIG-KNOB (Blue)
Sat Feb 22 21:52:15 2025 Router (Red) [Headshot] Joel Games 220 (Blue)
Sat Feb 22 21:52:16 2025 Router (Red) [Headshot] lock him up! (Blue)
Sat Feb 22 21:52:18 2025 Router (Red) [Headshot] alejandrinho xD (Blue)
Sat Feb 22 21:52:19 2025 [Global] ATORRES_BR! (): SOPA du coffin
Sat Feb 22 21:52:20 2025 Router (Red) [Headshot] toost (Blue)
Sat Feb 22 21:52:20 2025  Mahalo for playing aloha.pk tower of babel
Sat Feb 22 21:52:21 2025 a coffin (Red) [Rifle] Naja (Blue)
Sat Feb 22 21:52:22 2025 a coffin (Red) [Headshot] a Silver Bullet (Blue)
Sat Feb 22 21:52:22 2025 [Global] Naja (Blue): wt
Sat Feb 22 21:52:22 2025 Player toost has left
Sat Feb 22 21:52:26 2025 Router (Red) [Headshot] DDT (Blue)
Sat Feb 22 21:52:27 2025 Harry (Blue) [Headshot] a coffin (Red)
Sat Feb 22 21:52:28 2025 BigGoat (Red) [Headshot] z pro (Blue)
Sat Feb 22 21:52:28 2025 a Silver Bullet (Blue) [Headshot] Router (Red)
Sat Feb 22 21:52:29 2025 BigGoat (Red) [Headshot] a Silver Bullet (Blue)
Sat Feb 22 21:52:29 2025 [Team] Joel Games 220 (Blue): what??
Sat Feb 22 21:52:30 2025 BIG-KNOB (Blue) [Headshot] BigGoat (Red)
Sat Feb 22 21:52:32 2025 [Global] a coffin (Red): oh lordy all of Brazil is here
Sat Feb 22 21:52:34 2025  With 1341 blocks placed, coik is granted the right to unleash the apocalypse.
Sat Feb 22 21:52:34 2025 coik captured Blue's Intel.
Sat Feb 22 21:52:40 2025 [Global] ATORRES_BR! (): thnaks
Sat Feb 22 21:52:42 2025 [Global] Router (Red): deuce would kill himself if he saw all the brazilians
Sat Feb 22 21:52:43 2025  coik has unleashed an apocalypse from God.
Sat Feb 22 21:52:43 2025 seu madruga (Red) [Headshot] alejandrinho xD (Blue)
Sat Feb 22 21:52:45 2025  The apocalypse begins in 5
Sat Feb 22 21:52:46 2025  The apocalypse begins in 4
Sat Feb 22 21:52:47 2025  The apocalypse begins in 3
Sat Feb 22 21:52:48 2025  The apocalypse begins in 2
Sat Feb 22 21:52:49 2025  The apocalypse begins in 1
Sat Feb 22 21:52:52 2025 coik (Red) [Grenade] BIG-KNOB (Blue)
Sat Feb 22 21:52:52 2025 coik (Red) [Grenade] a Silver Bullet (Blue)
Sat Feb 22 21:52:52 2025 coik (Red) [Grenade] Harry (Blue)
Sat Feb 22 21:52:55 2025 YOELUCHIJA picked up Blue's Intel.
Sat Feb 22 21:52:56 2025 coik (Red) [Grenade] DDT (Blue)
Sat Feb 22 21:53:00 2025 a coffin (Red) [Headshot] Max-Kill (Blue)
Sat Feb 22 21:53:01 2025 coik (Red) [Grenade] Naja (Blue)
Sat Feb 22 21:53:04 2025 BIG-KNOB (Blue) [Headshot] seu madruga (Red)
Sat Feb 22 21:53:06 2025  The apocalypse has ended.
Sat Feb 22 21:53:10 2025 Router (Red) [Headshot] lock him up! (Blue)
Sat Feb 22 21:53:13 2025 z pro (Blue) [Headshot] Router (Red)
Sat Feb 22 21:53:20 2025  Build a tower to get the enemy's intel. Take it to your team's tent to win!
Sat Feb 22 21:53:21 2025 Max-Kill (Blue) [Headshot] A_Nerd (Red)
Sat Feb 22 21:53:28 2025 BigGoat (Red) [Headshot] Joel Games 220 (Blue)
Sat Feb 22 21:53:31 2025 seu madruga (Red) [Headshot] Max-Kill (Blue)
Sat Feb 22 21:53:35 2025 YOELUCHIJA captured Blue's Intel.
Sat Feb 22 21:53:37 2025 too much vodka joined Red team
Sat Feb 22 21:53:38 2025 BigGoat (Red) [Headshot] DDT (Blue)
Sat Feb 22 21:53:42 2025 [Team] Joel Games 220 (Blue): fuck you campers
Sat Feb 22 21:53:42 2025 coik picked up Blue's Intel.
Sat Feb 22 21:53:45 2025 BigGoat (Red) [Headshot] DDT (Blue)
Sat Feb 22 21:53:48 2025 A_Nerd (Red) [Headshot] Naja (Blue)
Sat Feb 22 21:53:48 2025 [Global] too much vodka (Red): i ordered vodka 
Sat Feb 22 21:53:50 2025 seu madruga (Red) [SMG] a Silver Bullet (Blue)
Sat Feb 22 21:53:54 2025 BigGoat (Red) [Headshot] BIG-KNOB (Blue)
Sat Feb 22 21:53:55 2025 [Global] Naja (Blue): from where
Sat Feb 22 21:53:56 2025 lock him up! (Blue) [Headshot] Router (Red)
Sat Feb 22 21:54:01 2025 [Global] too much vodka (Red): the liquor store
Sat Feb 22 21:54:04 2025 coik captured Blue's Intel.
Sat Feb 22 21:54:04 2025 BigGoat (Red) [Headshot] Max-Kill (Blue)
Sat Feb 22 21:54:05 2025 too much vodka (Red) [Headshot] Naja (Blue)
Sat Feb 22 21:54:06 2025 a Silver Bullet (Blue) [Headshot] BigGoat (Red)
Sat Feb 22 21:54:08 2025 [Global] Naja (Blue): arent u underaged
Sat Feb 22 21:54:12 2025 [Global] too much vodka (Red): bro what
Sat Feb 22 21:54:13 2025 [Global] too much vodka (Red): lol
Sat Feb 22 21:54:14 2025 [Global] Router (Red): did you order too much of it
Sat Feb 22 21:54:16 2025 a Silver Bullet (Blue) [Grenade] A_Nerd (Red)
Sat Feb 22 21:54:16 2025 a Silver Bullet (Blue) [Grenade] seu madruga (Red)
Sat Feb 22 21:54:18 2025 YOELUCHIJA picked up Blue's Intel.
Sat Feb 22 21:54:20 2025  Type /HELP for info & commands
Sat Feb 22 21:54:22 2025 [Global] too much vodka (Red): we talked about this we're in our 20s
Sat Feb 22 21:54:23 2025 Harry (Blue) [Headshot] too much vodka (Red)
Sat Feb 22 21:54:23 2025 [Global] Naja (Blue): u said u were 17
Sat Feb 22 21:54:28 2025 [Global] too much vodka (Red): no
Sat Feb 22 21:54:29 2025 [Global] too much vodka (Red): 27
Sat Feb 22 21:54:29 2025 [Global] Naja (Blue): im joking
Sat Feb 22 21:54:32 2025 z pro (Blue) [Headshot] a coffin (Red)
Sat Feb 22 21:54:33 2025 [Global] too much vodka (Red): lol
Sat Feb 22 21:54:34 2025 BigGoat (Red) [Fall]
Sat Feb 22 21:54:36 2025 YOELUCHIJA captured Blue's Intel.
Sat Feb 22 21:54:39 2025 [Global] too much vodka (Red): tism got triggered
Sat Feb 22 21:54:40 2025 A_Nerd (Red) [Headshot] a Silver Bullet (Blue)
Sat Feb 22 21:54:41 2025 coik picked up Blue's Intel.
Sat Feb 22 21:54:42 2025 Naja (Blue) [Headshot] A_Nerd (Red)
Sat Feb 22 21:54:46 2025 elgord0tet0n (Red) [Fall]
Sat Feb 22 21:54:46 2025 a coffin (Red) [Headshot] alejandrinho xD (Blue)
Sat Feb 22 21:54:51 2025 too much vodka (Red) [SMG] Max-Kill (Blue)
Sat Feb 22 21:54:52 2025 Naja (Blue) [Headshot] BigGoat (Red)
Sat Feb 22 21:54:55 2025 too much vodka (Red) [SMG] Naja (Blue)
Sat Feb 22 21:54:56 2025 [Global] Naja (Blue): f
Sat Feb 22 21:55:02 2025 seu madruga (Red) [Fall]
Sat Feb 22 21:55:02 2025 coik captured Blue's Intel.
Sat Feb 22 21:55:03 2025 too much vodka (Red) [Headshot] alejandrinho xD (Blue)
Sat Feb 22 21:55:08 2025 too much vodka (Red) [SMG] a Silver Bullet (Blue)
Sat Feb 22 21:55:11 2025 [Global] Naja (Blue): no admins on?
Sat Feb 22 21:55:12 2025 seu madruga (Red) [Headshot] z pro (Blue)
Sat Feb 22 21:55:14 2025 alejandrinho xD joined Red team
Sat Feb 22 21:55:16 2025 Player z pro has left
Sat Feb 22 21:55:17 2025 [Global] Naja (Blue): havent been on tradeoff in weeks
Sat Feb 22 21:55:18 2025 [Global] Router (Red): no
Sat Feb 22 21:55:19 2025 BIG-KNOB (Blue) [Headshot] BigGoat (Red)
Sat Feb 22 21:55:20 2025  Visit our community forums at https://aloha.pk/
Sat Feb 22 21:55:23 2025 coik picked up Blue's Intel.
Sat Feb 22 21:55:26 2025 [Global] too much vodka (Red): i like pin point because it condenses the combat
Sat Feb 22 21:55:26 2025 Naja (Blue) [Headshot] seu madruga (Red)
Sat Feb 22 21:55:27 2025 BIG-KNOB (Blue) [Headshot] elgord0tet0n (Red)
Sat Feb 22 21:55:32 2025 Naja (Blue) [Headshot] A_Nerd (Red)
Sat Feb 22 21:55:33 2025 BIG-KNOB (Blue) [Headshot] too much vodka (Red)
Sat Feb 22 21:55:33 2025 Router (Red) [Shotgun] Joel Games 220 (Blue)
Sat Feb 22 21:55:34 2025 Router (Red) [Shotgun] Harry (Blue)
Sat Feb 22 21:55:36 2025 Router (Red) [Shotgun] Max-Kill (Blue)
Sat Feb 22 21:55:40 2025 Harry (Blue) [Headshot] Router (Red)
Sat Feb 22 21:55:44 2025 coik captured Blue's Intel.
Sat Feb 22 21:55:44 2025 Red Wins!
Sat Feb 22 21:55:44 2025  Game finished! Next map: offshore.
Sat Feb 22 21:55:45 2025 A_Nerd (Red) [SMG] Joel Games 220 (Blue)
Sat Feb 22 21:55:45 2025 a coffin (Red) [Headshot] DDT (Blue)
Sat Feb 22 21:55:46 2025 [Global] Router (Red): gg
Sat Feb 22 21:55:46 2025 too much vodka (Red) [SMG] Max-Kill (Blue)
Sat Feb 22 21:55:46 2025 seu madruga (Red) [SMG] Harry (Blue)
Sat Feb 22 21:55:47 2025 Naja (Blue) [Headshot] elgord0tet0n (Red)
Sat Feb 22 21:55:47 2025 Naja (Blue) [SMG] Vagabond (Red)
Sat Feb 22 21:55:47 2025 coik (Red) [Rifle] BIG-KNOB (Blue)
Sat Feb 22 21:55:48 2025 coik (Red) [Headshot] lock him up! (Blue)
Sat Feb 22 21:55:49 2025 coik (Red) [Rifle] Naja (Blue)
Sat Feb 22 21:55:50 2025 a coffin (Red) [Rifle] a Silver Bullet (Blue)
Sat Feb 22 21:55:52 2025 [Global] a coffin (Red): GG
Sat Feb 22 21:55:52 2025 a Silver Bullet (Blue) [Grenade] too much vodka (Red)
Sat Feb 22 21:55:53 2025 Player a Silver Bullet has left
Sat Feb 22 21:55:54 2025 seu madruga picked up Blue's Intel.
Sat Feb 22 21:55:54 2025 ------ World Unloaded ------
Sat Feb 22 21:55:57 2025 ------ World Loaded ------
Sat Feb 22 21:55:57 2025 too much vodka joined Red team
Sat Feb 22 21:55:57 2025 Naja joined Blue team
Sat Feb 22 21:55:57 2025 coik joined Red team
Sat Feb 22 21:55:57 2025 Welcome to aloha.pk tower of babel
Sat Feb 22 21:55:58 2025 Max-Kill joined Blue team
Sat Feb 22 21:55:58 2025 Map: Offshore by Danke
Sat Feb 22 21:55:58 2025 A_Nerd joined Red team
Sat Feb 22 21:55:58 2025 seu madruga joined Red team
Sat Feb 22 21:55:59 2025 a coffin joined Red team
Sat Feb 22 21:56:00 2025 Game mode: babel
Sat Feb 22 21:56:00 2025 BigGoat joined Spectator team
Sat Feb 22 21:56:00 2025 lock him up! joined Blue team
Sat Feb 22 21:56:01 2025 Disconnecting
