Sat Jan 25 20:21:38 2025 ------ World Loaded ------
Sat Jan 25 20:21:38 2025 Nassa (Red) [Grenade]
Sat Jan 25 20:21:38 2025 Welcome to aloha.pk tower of babel
Sat Jan 25 20:21:39 2025 Map: Prauda by onigiri
Sat Jan 25 20:21:41 2025 Game mode: babel
Sat Jan 25 20:21:43 2025 Build a tower to get the enemy's intel. Take it to your team's tent to win!
Sat Jan 25 20:21:44 2025 TANO (Red) [Weapon Change]
Sat Jan 25 20:21:45 2025 Visit our community forum at https://aloha.pk/
Sat Jan 25 20:21:47 2025 Googlesplat (Blue) [Rifle] Dan (Red)
Sat Jan 25 20:21:47 2025 Come chat with us at https://discord.aloha.pk/
Sat Jan 25 20:21:49 2025 Dan (Red) [Fall]
Sat Jan 25 20:21:49 2025 TANO (Red) [Fall]
Sat Jan 25 20:21:54 2025 Ben Askoy (Blue) [Headshot] a coffin (Red)
Sat Jan 25 20:22:00 2025 chazzconi (Blue) [Headshot] lock him up! (Red)
Sat Jan 25 20:22:00 2025 Googlesplat (Blue) [Headshot] TANO (Red)
Sat Jan 25 20:22:00 2025 [Global] Y.O.B.A. (Blue): money?
Sat Jan 25 20:22:00 2025 Googlesplat (Blue) [Headshot] Dan (Red)
Sat Jan 25 20:22:03 2025 Ben Askoy (Blue) [Headshot] Nassa (Red)
Sat Jan 25 20:22:04 2025 [Global] Y.O.B.A. (Blue): weight?
Sat Jan 25 20:22:04 2025 Googlesplat (Blue) [Headshot] Dan (Red)
Sat Jan 25 20:22:07 2025 Googlesplat (Blue) [Headshot] lock him up! (Red)
Sat Jan 25 20:22:07 2025 a coffin (Red) [SMG] Googlesplat (Blue)
Sat Jan 25 20:22:08 2025 [Global] Y.O.B.A. (Blue): face?
Sat Jan 25 20:22:10 2025 [Global] Nassa (Red): balance
Sat Jan 25 20:22:13 2025 [Global] lock him up! (Red): wow nice aimbot
Sat Jan 25 20:22:20 2025 Ben Askoy (Blue) [Headshot] Dan (Red)
Sat Jan 25 20:22:21 2025 TANO (Red) [Headshot] Harry (Blue)
Sat Jan 25 20:22:22 2025 [Global] Y.O.B.A. (Blue): may be u r shorty?
Sat Jan 25 20:22:24 2025 Ben Askoy (Blue) [Headshot] Nassa (Red)
Sat Jan 25 20:22:24 2025  Get a 20 killstreak and 1 intel capture(s) to unlock /APOC!
Sat Jan 25 20:22:28 2025 [Global] a coffin (Red): google stop stealin' ben's aimbot
Sat Jan 25 20:22:37 2025 Ben Askoy (Blue) [Headshot] Dan (Red)
Sat Jan 25 20:22:37 2025 [Global] Googlesplat (Blue): been stealing it since 2015
Sat Jan 25 20:22:39 2025 a coffin (Red) [SMG] Ben Askoy (Blue)
Sat Jan 25 20:22:44 2025 [Global] Y.O.B.A. (Blue): i am fell from 16m
Sat Jan 25 20:22:45 2025 chazzconi (Blue) [Grenade] a coffin (Red)
Sat Jan 25 20:22:47 2025 Harry (Blue) [Rifle] TANO (Red)
Sat Jan 25 20:22:48 2025 chazzconi (Blue) [Grenade] lock him up! (Red)
Sat Jan 25 20:22:48 2025 [Global] a coffin (Red): This is the way
Sat Jan 25 20:22:49 2025 TANO (Red) [Grenade] chazzconi (Blue)
Sat Jan 25 20:22:49 2025 [Global] Ben Askoy (Blue): okie
Sat Jan 25 20:22:55 2025 [Global] Y.O.B.A. (Blue): my legs r in fire
Sat Jan 25 20:23:00 2025 Nassa (Red) [Headshot] Googlesplat (Blue)
Sat Jan 25 20:23:01 2025 [Global] Y.O.B.A. (Blue): but i dont care
Sat Jan 25 20:23:04 2025 a coffin (Red) [Headshot] Harry (Blue)
Sat Jan 25 20:23:04 2025 [Global] Googlesplat (Blue): ns
Sat Jan 25 20:23:06 2025 [Global] Ben Askoy (Blue): how long have i known you guys for?
Sat Jan 25 20:23:14 2025 The Mole (Blue) [Fall]
Sat Jan 25 20:23:15 2025 [Global] Y.O.B.A. (Blue): im workin on hard shit
Sat Jan 25 20:23:18 2025 Router joined Red team
Sat Jan 25 20:23:20 2025 Ben Askoy (Blue) [Headshot] a coffin (Red)
Sat Jan 25 20:23:20 2025 [Global] Y.O.B.A. (Blue): you guys
Sat Jan 25 20:23:24 2025  Capture your team's 5th intel to unlock /APOC for your team's best builder!
Sat Jan 25 20:23:26 2025 [Global] Ben Askoy (Blue): 5-6 years?
Sat Jan 25 20:23:29 2025 [Global] Y.O.B.A. (Blue): can do what u want
Sat Jan 25 20:23:30 2025 Ben Askoy (Blue) [SMG] Router (Red)
Sat Jan 25 20:23:39 2025 [Global] Googlesplat (Blue): been playing off and on for 9 years
Sat Jan 25 20:23:40 2025 [Global] Y.O.B.A. (Blue): through the pain
Sat Jan 25 20:23:42 2025 chazzconi (Blue) [Melee] TANO (Red)
Sat Jan 25 20:23:42 2025 Googlesplat (Blue) [Headshot] a coffin (Red)
Sat Jan 25 20:23:46 2025 [Team] Ben Askoy (Blue): s
Sat Jan 25 20:23:50 2025 [Global] Y.O.B.A. (Blue): through shit
Sat Jan 25 20:23:51 2025 lock him up! (Red) [SMG] Harry (Blue)
Sat Jan 25 20:23:51 2025 Ben Askoy (Blue) [Headshot] Dan (Red)
Sat Jan 25 20:23:53 2025 Googlesplat (Blue) [Headshot] a coffin (Red)
Sat Jan 25 20:23:57 2025 [Global] Ben Askoy (Blue): same
Sat Jan 25 20:23:57 2025 TANO (Red) [SMG] chazzconi (Blue)
Sat Jan 25 20:23:58 2025 Googlesplat (Blue) [Headshot] TANO (Red)
Sat Jan 25 20:23:59 2025 Ben Askoy (Blue) [Headshot] Router (Red)
Sat Jan 25 20:24:00 2025 [Global] Y.O.B.A. (Blue): just do it
Sat Jan 25 20:24:03 2025 Googlesplat (Blue) [Headshot] TANO (Red)
Sat Jan 25 20:24:06 2025 Googlesplat (Blue) [Headshot] Dan (Red)
Sat Jan 25 20:24:08 2025 Googlesplat (Blue) [Headshot] a coffin (Red)
Sat Jan 25 20:24:09 2025 Nassa (Red) [Headshot] Ben Askoy (Blue)
Sat Jan 25 20:24:11 2025 [Global] Y.O.B.A. (Blue): You are nomber 1
Sat Jan 25 20:24:12 2025 Googlesplat (Blue) [Headshot] Router (Red)
Sat Jan 25 20:24:17 2025 a coffin (Red) [SMG] Googlesplat (Blue)
Sat Jan 25 20:24:20 2025 Nassa (Red) [Headshot] Harry (Blue)
Sat Jan 25 20:24:23 2025 [Global] Y.O.B.A. (Blue): others - doesnt exist
Sat Jan 25 20:24:24 2025  Mahalo for playing aloha.pk tower of babel
Sat Jan 25 20:24:25 2025 chazzconi (Blue) [Headshot] Nassa (Red)
Sat Jan 25 20:24:32 2025 a coffin (Red) [Headshot] chazzconi (Blue)
Sat Jan 25 20:24:35 2025 a coffin (Red) [Headshot] Y.O.B.A. (Blue)
Sat Jan 25 20:24:37 2025 Googlesplat (Blue) [Headshot] a coffin (Red)
Sat Jan 25 20:24:41 2025 Googlesplat (Blue) [Headshot] Router (Red)
Sat Jan 25 20:24:43 2025 The Mole (Blue) [Fall]
Sat Jan 25 20:24:45 2025 [Global] Router (Red): fuck this
Sat Jan 25 20:24:45 2025 Googlesplat (Blue) [Headshot] Nassa (Red)
Sat Jan 25 20:24:46 2025 Player Router has left
Sat Jan 25 20:24:56 2025 [Global] Googlesplat (Blue): i missed him 6 times
Sat Jan 25 20:24:56 2025 [Global] Y.O.B.A. (Blue): sure fuck it:)
Sat Jan 25 20:25:04 2025 Ben Askoy (Blue) [Headshot] TANO (Red)
Sat Jan 25 20:25:15 2025 Y.O.B.A. (Blue) [Headshot] a coffin (Red)
Sat Jan 25 20:25:16 2025 Ben Askoy (Blue) [SMG] TANO (Red)
Sat Jan 25 20:25:18 2025 [Global] a coffin (Red): aaah lag
Sat Jan 25 20:25:21 2025 lock him up! (Red) [Headshot] Y.O.B.A. (Blue)
Sat Jan 25 20:25:24 2025  Build a tower to get the enemy's intel. Take it to your team's tent to win!
Sat Jan 25 20:25:27 2025 Googlesplat (Blue) [Headshot] a coffin (Red)
Sat Jan 25 20:25:28 2025 [Global] a coffin (Red): BALANCE PLS?
Sat Jan 25 20:25:30 2025 Googlesplat (Blue) [Headshot] TANO (Red)
Sat Jan 25 20:25:32 2025  a coffin has a kill-death ratio of 1.04 (47 kills, 45 deaths, 0.89 kills per minute).
Sat Jan 25 20:25:32 2025  a coffin removed no blocks in the last 2.0 minutes.
Sat Jan 25 20:25:32 2025  Ben Askoy (#1) started a VOTEKICK against a coffin (#4). Say /Y to agree
Sat Jan 25 20:25:32 2025  Reason: faker???
Sat Jan 25 20:25:37 2025 [Global] Ben Askoy (Blue): coffin login
Sat Jan 25 20:25:37 2025 Harry (Blue) [Headshot] Dan (Red)
Sat Jan 25 20:25:40 2025 [Global] a coffin (Red): not again :P
Sat Jan 25 20:25:40 2025 lock him up! (Red) [SMG] Googlesplat (Blue)
Sat Jan 25 20:25:43 2025 a coffin (Red) [Headshot] emart (Blue)
Sat Jan 25 20:25:44 2025 Harry (Blue) [Headshot] lock him up! (Red)
Sat Jan 25 20:25:45 2025 [Global] Y.O.B.A. (Blue): yas he is a faker:3
Sat Jan 25 20:25:49 2025 [Global] Ben Askoy (Blue): istg you were trusted
Sat Jan 25 20:25:50 2025 Googlesplat joined Red team
Sat Jan 25 20:25:51 2025 [Global] Googlesplat (Red): anything for you
Sat Jan 25 20:25:53 2025 Ben Askoy (Blue) [Headshot] lock him up! (Red)
Sat Jan 25 20:25:53 2025 Harry (Blue) [Rifle] Dan (Red)
Sat Jan 25 20:25:53 2025 a coffin (Red) [Headshot] Y.O.B.A. (Blue)
Sat Jan 25 20:25:55 2025 Harry (Blue) [Headshot] a coffin (Red)
Sat Jan 25 20:25:57 2025 Googlesplat (Red) [Headshot] Harry (Blue)
Sat Jan 25 20:26:01 2025 Googlesplat (Red) [Headshot] Ben Askoy (Blue)
Sat Jan 25 20:26:01 2025 [Global] a coffin (Red): real coffin much better looking
Sat Jan 25 20:26:02 2025  Ben Askoy (#1) is votekicking a coffin (#4). /Y to vote (5 left)
Sat Jan 25 20:26:02 2025  Reason: faker???
Sat Jan 25 20:26:09 2025  Votekick for a coffin (#4) has ended. Cancelled
Sat Jan 25 20:26:10 2025 lock him up! (Red) [SMG] chazzconi (Blue)
Sat Jan 25 20:26:14 2025 TANO (Red) [SMG] The Mole (Blue)
Sat Jan 25 20:26:15 2025 Ben Askoy (Blue) [Headshot] a coffin (Red)
Sat Jan 25 20:26:17 2025 Ben Askoy (Blue) [SMG] TANO (Red)
Sat Jan 25 20:26:20 2025 Googlesplat (Red) [Headshot] Y.O.B.A. (Blue)
Sat Jan 25 20:26:20 2025  emart has reached 1000 blocks placed! /heaven unlocked.
Sat Jan 25 20:26:24 2025 [Global] a coffin (Red): thanks google
Sat Jan 25 20:26:24 2025  Type /HELP for info & commands
Sat Jan 25 20:26:25 2025 Ben Askoy (Blue) [Headshot] Dan (Red)
Sat Jan 25 20:26:34 2025 Ben Askoy (Blue) [SMG] lock him up! (Red)
Sat Jan 25 20:26:38 2025 TANO (Red) [Headshot] Harry (Blue)
Sat Jan 25 20:26:41 2025 Googlesplat (Red) [Rifle] Y.O.B.A. (Blue)
Sat Jan 25 20:26:46 2025 chazzconi picked up Red's Intel.
Sat Jan 25 20:26:51 2025 chazzconi dropped Red's Intel
Sat Jan 25 20:26:51 2025 Googlesplat (Red) [Headshot] chazzconi (Blue)
Sat Jan 25 20:26:53 2025 a coffin (Red) [Headshot] Harry (Blue)
Sat Jan 25 20:26:54 2025 chazzconi (Blue) [Grenade] Googlesplat (Red)
Sat Jan 25 20:26:57 2025 [Global] Googlesplat (Red): :( 20 hp
Sat Jan 25 20:27:01 2025 [Global] chazzconi (Blue): lol
Sat Jan 25 20:27:02 2025 a coffin (Red) [Headshot] The Mole (Blue)
Sat Jan 25 20:27:12 2025 Harry (Blue) [Headshot] Nassa (Red)
Sat Jan 25 20:27:16 2025 Googlesplat (Red) [Headshot] Ben Askoy (Blue)
Sat Jan 25 20:27:20 2025 [Global] Ben Askoy (Blue): ns
Sat Jan 25 20:27:21 2025 lock him up! (Red) [Headshot] Y.O.B.A. (Blue)
Sat Jan 25 20:27:24 2025  Visit our community forums at https://aloha.pk/
Sat Jan 25 20:27:25 2025 Deuce joined Red team
Sat Jan 25 20:27:25 2025 Googlesplat (Red) [Headshot] Harry (Blue)
Sat Jan 25 20:27:27 2025 The Mole (Blue) [SMG] a coffin (Red)
Sat Jan 25 20:27:31 2025 Googlesplat (Red) [Headshot] chazzconi (Blue)
Sat Jan 25 20:27:33 2025 Googlesplat (Red) [Headshot] emart (Blue)
Sat Jan 25 20:27:42 2025 Ben Askoy (Blue) [SMG] TANO (Red)
Sat Jan 25 20:27:49 2025 Googlesplat (Red) [Headshot] emart (Blue)
Sat Jan 25 20:27:52 2025 Googlesplat (Red) [Headshot] chazzconi (Blue)
Sat Jan 25 20:27:57 2025 Googlesplat (Red) [Headshot] emart (Blue)
Sat Jan 25 20:27:58 2025 Nassa (Red) [Headshot] Y.O.B.A. (Blue)
Sat Jan 25 20:28:05 2025 a coffin (Red) [SMG] Harry (Blue)
Sat Jan 25 20:28:07 2025 Googlesplat (Red) [Headshot] chazzconi (Blue)
Sat Jan 25 20:28:09 2025 Googlesplat (Red) [Headshot] emart (Blue)
Sat Jan 25 20:28:17 2025 Ben Askoy (Blue) [Headshot] Googlesplat (Red)
Sat Jan 25 20:28:17 2025 TANO (Red) [SMG] Y.O.B.A. (Blue)
Sat Jan 25 20:28:22 2025 [Global] Y.O.B.A. (Blue): rude
Sat Jan 25 20:28:24 2025  Come chat with us at https://discord.aloha.pk/
Sat Jan 25 20:28:28 2025 Googlesplat (Red) [Headshot] Ben Askoy (Blue)
Sat Jan 25 20:28:30 2025 Harry (Blue) [Headshot] Nassa (Red)
Sat Jan 25 20:28:31 2025 Player Ben Askoy has left
Sat Jan 25 20:28:40 2025 Googlesplat (Red) [Headshot] Y.O.B.A. (Blue)
Sat Jan 25 20:28:40 2025 Nassa (Red) [Weapon Change]
Sat Jan 25 20:28:42 2025 Dan picked up Blue's Intel.
Sat Jan 25 20:28:43 2025 Dan dropped Blue's Intel
Sat Jan 25 20:28:43 2025 chazzconi (Blue) [Rifle] Dan (Red)
Sat Jan 25 20:28:46 2025 Googlesplat (Red) [Headshot] chazzconi (Blue)
Sat Jan 25 20:28:46 2025 [Team] Y.O.B.A. (Blue): <<
Sat Jan 25 20:28:49 2025 Harry (Blue) [Grenade] a coffin (Red)
Sat Jan 25 20:28:49 2025 You must be closer to the enemy's base to grenade blocks!
Sat Jan 25 20:28:50 2025 emart (Blue) [SMG] Googlesplat (Red)
Sat Jan 25 20:29:00 2025 The Mole (Blue) [SMG] TANO (Red)
Sat Jan 25 20:29:02 2025 Y.O.B.A. (Blue) [Headshot] Deuce (Red)
Sat Jan 25 20:29:03 2025 Nassa (Red) [Headshot] Y.O.B.A. (Blue)
Sat Jan 25 20:29:04 2025 emart picked up Red's Intel.
Sat Jan 25 20:29:14 2025 Nassa (Red) [SMG] The Mole (Blue)
Sat Jan 25 20:29:24 2025  If you believe a player is breaking the rules, please let us know with /ADMIN
Sat Jan 25 20:29:25 2025 Harry (Blue) [SMG] Nassa (Red)
Sat Jan 25 20:29:32 2025 The Mole (Blue) [SMG] a coffin (Red)
Sat Jan 25 20:29:33 2025 Googlesplat (Red) [Headshot] chazzconi (Blue)
Sat Jan 25 20:29:46 2025  50 minutes remaining.
Sat Jan 25 20:29:55 2025 [Global] a coffin (Red): My /heaven is a lie, blue has a nice tower now :P
Sat Jan 25 20:30:06 2025 emart dropped Red's Intel
Sat Jan 25 20:30:06 2025  The intel has returned to the heavens
Sat Jan 25 20:30:06 2025 Nassa (Red) [Headshot] emart (Blue)
Sat Jan 25 20:30:06 2025 chazzconi (Blue) [Headshot] Nassa (Red)
Sat Jan 25 20:30:10 2025 clint eastwood joined Blue team
Sat Jan 25 20:30:11 2025 Googlesplat (Red) [Headshot] chazzconi (Blue)
Sat Jan 25 20:30:14 2025 Harry (Blue) [Headshot] Deuce (Red)
Sat Jan 25 20:30:24 2025  This server runs imger and glow. Use /IMG or /GLOW to toggle them.
Sat Jan 25 20:30:32 2025 a coffin (Red) [SMG] The Mole (Blue)
Sat Jan 25 20:30:37 2025 Googlesplat (Red) [Headshot] chazzconi (Blue)
Sat Jan 25 20:30:40 2025 Googlesplat (Red) [Headshot] Harry (Blue)
Sat Jan 25 20:30:47 2025 Deuce (Red) [SMG] Y.O.B.A. (Blue)
Sat Jan 25 20:30:49 2025 emart (Blue) [Headshot] Deuce (Red)
Sat Jan 25 20:30:53 2025 Nassa (Red) [Headshot] emart (Blue)
Sat Jan 25 20:30:59 2025 a coffin (Red) [SMG] The Mole (Blue)
Sat Jan 25 20:31:08 2025 TANO (Red) [Headshot] clint eastwood (Blue)
Sat Jan 25 20:31:09 2025 Nassa (Red) [Headshot] The Mole (Blue)
Sat Jan 25 20:31:15 2025 Harry (Blue) [SMG] a coffin (Red)
Sat Jan 25 20:31:15 2025 You must be closer to the enemy's base to shoot blocks!
Sat Jan 25 20:31:24 2025  Use /EMOTE to draw an emote on the map!
Sat Jan 25 20:31:26 2025 Harry (Blue) [Headshot] TANO (Red)
Sat Jan 25 20:31:33 2025 lock him up! (Red) [SMG] chazzconi (Blue)
Sat Jan 25 20:31:38 2025 chazzconi (Blue) [Weapon Change]
Sat Jan 25 20:31:39 2025 Dan picked up Blue's Intel.
Sat Jan 25 20:31:39 2025 a coffin (Red) [Headshot] The Mole (Blue)
Sat Jan 25 20:31:47 2025 Player The Mole has left
Sat Jan 25 20:32:01 2025 Nassa (Red) [Headshot] clint eastwood (Blue)
Sat Jan 25 20:32:02 2025 Dan captured Blue's Intel.
Sat Jan 25 20:32:10 2025 You must be closer to the enemy's base to shoot blocks!
Sat Jan 25 20:32:10 2025 You must be closer to the enemy's base to shoot blocks!
Sat Jan 25 20:32:11 2025 You must be closer to the enemy's base to shoot blocks!
Sat Jan 25 20:32:15 2025 Harry (Blue) [SMG] TANO (Red)
Sat Jan 25 20:32:16 2025 You must be closer to the enemy's base to shoot blocks!
Sat Jan 25 20:32:20 2025 Googlesplat (Red) [Headshot] Harry (Blue)
Sat Jan 25 20:32:23 2025 a coffin (Red) [Headshot] emart (Blue)
Sat Jan 25 20:32:24 2025  Use /HEAVEN to paint the babel platform!
Sat Jan 25 20:32:25 2025 Googlesplat (Red) [Fall]
Sat Jan 25 20:32:26 2025 [Global] Googlesplat (Red): oop
Sat Jan 25 20:32:26 2025 Nassa (Red) [SMG] chazzconi (Blue)
Sat Jan 25 20:32:29 2025 Nassa (Red) [Headshot] emart (Blue)
Sat Jan 25 20:32:35 2025 Nassa (Red) [Headshot] clint eastwood (Blue)
Sat Jan 25 20:32:36 2025 Nassa (Red) [Headshot] Y.O.B.A. (Blue)
Sat Jan 25 20:32:38 2025 Harry (Blue) [Headshot] a coffin (Red)
Sat Jan 25 20:32:41 2025 chazzconi (Blue) [SMG] lock him up! (Red)
Sat Jan 25 20:32:51 2025 Nassa (Red) [Fall]
Sat Jan 25 20:32:53 2025 Googlesplat (Red) [Headshot] Harry (Blue)
Sat Jan 25 20:32:55 2025 [Global] a coffin (Red): Balance do be hard, google!
Sat Jan 25 20:32:58 2025 chazzconi (Blue) [Headshot] Googlesplat (Red)
Sat Jan 25 20:33:10 2025 Harry (Blue) [Headshot] Deuce (Red)
Sat Jan 25 20:33:17 2025 [Global] a coffin (Red): especially with Blue's traditional RQs :P
Sat Jan 25 20:33:24 2025  Get a 20 killstreak and 1 intel capture(s) to unlock /APOC!
Sat Jan 25 20:33:26 2025 lock him up! (Red) [SMG] Y.O.B.A. (Blue)
Sat Jan 25 20:33:32 2025 Googlesplat (Red) [Rifle] emart (Blue)
Sat Jan 25 20:33:46 2025 You must be closer to the enemy's base to shoot blocks!
Sat Jan 25 20:33:47 2025 emart (Blue) [SMG] Googlesplat (Red)
Sat Jan 25 20:33:49 2025 Harry (Blue) [Headshot] lock him up! (Red)
Sat Jan 25 20:33:49 2025 a coffin (Red) [Headshot] Y.O.B.A. (Blue)
Sat Jan 25 20:33:54 2025 emart (Blue) [SMG] a coffin (Red)
Sat Jan 25 20:34:00 2025 You must be closer to the enemy's base to shoot blocks!
Sat Jan 25 20:34:02 2025 You must be closer to the enemy's base to shoot blocks!
Sat Jan 25 20:34:02 2025 You must be closer to the enemy's base to shoot blocks!
Sat Jan 25 20:34:02 2025 You must be closer to the enemy's base to shoot blocks!
Sat Jan 25 20:34:07 2025 Harry (Blue) [SMG] TANO (Red)
Sat Jan 25 20:34:07 2025 You must be closer to the enemy's base to shoot blocks!
Sat Jan 25 20:34:10 2025 Deuce (Red) [Headshot] Y.O.B.A. (Blue)
Sat Jan 25 20:34:12 2025 Harry (Blue) [SMG] Deuce (Red)
Sat Jan 25 20:34:17 2025 Googlesplat (Red) [Headshot] Harry (Blue)
Sat Jan 25 20:34:18 2025 Googlesplat (Red) [Rifle] emart (Blue)
Sat Jan 25 20:34:24 2025  Capture your team's 5th intel to unlock /APOC for your team's best builder!
Sat Jan 25 20:34:25 2025 Deuce1 joined Blue team
Sat Jan 25 20:34:25 2025 Googlesplat (Red) [Headshot] Y.O.B.A. (Blue)
Sat Jan 25 20:34:30 2025 Googlesplat (Red) [Headshot] Harry (Blue)
Sat Jan 25 20:34:32 2025 lock him up! (Red) [Headshot] Y.O.B.A. (Blue)
Sat Jan 25 20:34:32 2025 Googlesplat (Red) [Headshot] emart (Blue)
Sat Jan 25 20:34:35 2025 KillerPollo joined Red team
Sat Jan 25 20:34:40 2025 Harry (Blue) [SMG] lock him up! (Red)
Sat Jan 25 20:34:40 2025 Nassa (Red) [SMG] Harry (Blue)
Sat Jan 25 20:34:43 2025 Googlesplat (Red) [Headshot] Deuce1 (Blue)
Sat Jan 25 20:34:48 2025 Player emart has left
Sat Jan 25 20:34:50 2025 Deuce (Red) [SMG] clint eastwood (Blue)
Sat Jan 25 20:34:50 2025 TANO (Red) [Fall]
Sat Jan 25 20:35:01 2025 Googlesplat (Red) [Headshot] Deuce1 (Blue)
Sat Jan 25 20:35:01 2025 Harry (Blue) [Headshot] Nassa (Red)
Sat Jan 25 20:35:09 2025 Deuce1 (Blue) [Headshot] Googlesplat (Red)
Sat Jan 25 20:35:14 2025 KillerPollo (Red) [SMG] Deuce1 (Blue)
Sat Jan 25 20:35:23 2025 You must be closer to the enemy's base to grenade blocks!
Sat Jan 25 20:35:24 2025  Mahalo for playing aloha.pk tower of babel
Sat Jan 25 20:35:25 2025 You must be closer to the enemy's base to grenade blocks!
Sat Jan 25 20:35:26 2025 KillerPollo (Red) [SMG] Deuce1 (Blue)
Sat Jan 25 20:35:27 2025 a coffin (Red) [Headshot] Harry (Blue)
Sat Jan 25 20:35:28 2025 You must be closer to the enemy's base to grenade blocks!
Sat Jan 25 20:35:28 2025 Dan picked up Blue's Intel.
Sat Jan 25 20:35:40 2025 Deuce (Red) [Headshot] Deuce1 (Blue)
Sat Jan 25 20:35:46 2025 Harry (Blue) [Headshot] Deuce (Red)
Sat Jan 25 20:35:46 2025 You must be closer to the enemy's base to shoot blocks!
Sat Jan 25 20:35:46 2025 You must be closer to the enemy's base to shoot blocks!
Sat Jan 25 20:35:49 2025 lock him up! (Red) [SMG] Y.O.B.A. (Blue)
Sat Jan 25 20:35:55 2025 KillerPollo (Red) [SMG] clint eastwood (Blue)
Sat Jan 25 20:35:55 2025 Nassa (Red) [Headshot] Deuce1 (Blue)
Sat Jan 25 20:36:11 2025 Disconnecting
