Tue Mar  4 16:25:50 2025 ------ World Loaded ------
Tue Mar  4 16:25:50 2025 Deuce1 (Blue) [Headshot] Tacha (Red)
Tue Mar  4 16:25:50 2025 Welcome to aloha.pk tower of babel
Tue Mar  4 16:25:52 2025 Map: PeakSakuraIsland by Alhich
Tue Mar  4 16:25:54 2025 Game mode: babel
Tue Mar  4 16:25:54 2025 albert03343 (Red) [Headshot] eltikin (Blue)
Tue Mar  4 16:25:56 2025 Build a tower to get the enemy's intel. Take it to your team's tent to win!
Tue Mar  4 16:25:58 2025 Visit our community forum at https://aloha.pk/
Tue Mar  4 16:25:59 2025 Player Tacha has left
Tue Mar  4 16:26:00 2025 Come chat with us at https://discord.aloha.pk/
Tue Mar  4 16:26:01 2025 [Global] Deuce (Blue): its close to a good map
Tue Mar  4 16:26:02 2025 Deuce1 (Blue) [Headshot] albert03343 (Red)
Tue Mar  4 16:26:04 2025 Deuce1 (Blue) [Headshot] Y.O.B.A. (Red)
Tue Mar  4 16:26:06 2025 Deuce (Blue) [Headshot] Tiger (Red)
Tue Mar  4 16:26:10 2025 Max-Kill (Red) [Headshot] Deuce1 (Blue)
Tue Mar  4 16:26:17 2025 Max-Kill (Red) [Headshot] palay (Blue)
Tue Mar  4 16:26:18 2025 Deuce (Blue) [Headshot] Tiger (Red)
Tue Mar  4 16:26:24 2025 Max-Kill (Red) [SMG] Deuce (Blue)
Tue Mar  4 16:26:30 2025 Deuce (Blue) [Weapon Change]
Tue Mar  4 16:26:32 2025  Capture your team's 5th intel to unlock /APOC for your team's best builder!
Tue Mar  4 16:26:46 2025 [Global] Qult--- (Blue): the original was twice the size
Tue Mar  4 16:26:55 2025 [Global] Qult--- (Blue): 1000x1000
Tue Mar  4 16:27:01 2025 albert03343 (Red) [Headshot] palay (Blue)
Tue Mar  4 16:27:03 2025 Player jefejlan has left
Tue Mar  4 16:27:05 2025 Hazzah joined Red team
Tue Mar  4 16:27:07 2025 Qult--- (Blue) [Headshot] Y.O.B.A. (Red)
Tue Mar  4 16:27:08 2025 eltikin (Blue) [SMG] albert03343 (Red)
Tue Mar  4 16:27:09 2025 Schwarzenegger joined Blue team
Tue Mar  4 16:27:15 2025 Qult--- (Blue) [Headshot] Hazzah (Red)
Tue Mar  4 16:27:20 2025 Player Schwarzenegger has left
Tue Mar  4 16:27:20 2025 Qult--- (Blue) [Headshot] Hazzah (Red)
Tue Mar  4 16:27:21 2025 Deuce2 joined Blue team
Tue Mar  4 16:27:26 2025 Qult--- (Blue) [Headshot] albert03343 (Red)
Tue Mar  4 16:27:32 2025  Mahalo for playing aloha.pk tower of babel
Tue Mar  4 16:27:33 2025 Max-Kill (Red) [Headshot] Qult--- (Blue)
Tue Mar  4 16:27:39 2025 [Global] Qult--- (Blue): Deuce
Tue Mar  4 16:27:42 2025 Harry (Red) [Headshot] Deuce (Blue)
Tue Mar  4 16:27:43 2025 Deuce1 (Blue) [Headshot] Tiger (Red)
Tue Mar  4 16:27:46 2025 [Global] Deuce (Blue): ye?
Tue Mar  4 16:27:50 2025 [Global] Max-Kill (Red): THE HECK
Tue Mar  4 16:27:51 2025 [Global] Deuce (Blue):  
Tue Mar  4 16:27:56 2025 Hazzah (Red) [Fall]
Tue Mar  4 16:28:03 2025 Harry (Red) [Fall]
Tue Mar  4 16:28:03 2025 Max-Kill (Red) [Grenade] Deuce2 (Blue)
Tue Mar  4 16:28:15 2025 [Global] Qult--- (Blue): when is the next map?
Tue Mar  4 16:28:32 2025  Build a tower to get the enemy's intel. Take it to your team's tent to win!
Tue Mar  4 16:28:38 2025 Deuce1 (Blue) [Headshot] Tiger (Red)
Tue Mar  4 16:28:44 2025 [Global] Deuce (Blue): eyyy didnt leak my pass that time
Tue Mar  4 16:28:45 2025 fart-sniffer (Blue) [Fall]
Tue Mar  4 16:28:49 2025 Deuce2 (Blue) [SMG] Y.O.B.A. (Red)
Tue Mar  4 16:28:54 2025 [Global] Deuce (Blue): anyone in disagreement about skipping map?
Tue Mar  4 16:28:55 2025 Hazzah (Red) [Fall]
Tue Mar  4 16:28:59 2025 You must be closer to the enemy's base to shoot blocks!
Tue Mar  4 16:28:59 2025 Deuce (Blue) [Headshot] Harry (Red)
Tue Mar  4 16:28:59 2025 Deuce2 (Blue) [Headshot] Tiger (Red)
Tue Mar  4 16:29:02 2025 Player Hazzah has left
Tue Mar  4 16:29:02 2025 Deuce (Blue) [Headshot] Max-Kill (Red)
Tue Mar  4 16:29:04 2025 Deuce2 (Blue) [SMG] Y.O.B.A. (Red)
Tue Mar  4 16:29:05 2025 [Global] fart-sniffer (Blue): dont skip
Tue Mar  4 16:29:10 2025 Deuce (Blue) [Headshot] albert03343 (Red)
Tue Mar  4 16:29:10 2025 Deuce2 (Blue) [Headshot] R.I.O.T. (Red)
Tue Mar  4 16:29:14 2025 Deuce (Blue) [Headshot] Tiger (Red)
Tue Mar  4 16:29:17 2025 Player Tiger has left
Tue Mar  4 16:29:30 2025 Deuce2 (Blue) [SMG] Harry (Red)
Tue Mar  4 16:29:32 2025  Type /HELP for info & commands
Tue Mar  4 16:29:35 2025 palay (Blue) [Headshot] albert03343 (Red)
Tue Mar  4 16:29:35 2025 Deuce (Blue) [SMG] Max-Kill (Red)
Tue Mar  4 16:29:36 2025 Deuce2 (Blue) [Headshot] R.I.O.T. (Red)
Tue Mar  4 16:29:40 2025 Y.O.B.A. (Red) [SMG] eltikin (Blue)
Tue Mar  4 16:29:41 2025 Qult--- (Blue) [Headshot] Y.O.B.A. (Red)
Tue Mar  4 16:29:44 2025 Qult--- (Blue) [Headshot] Harry (Red)
Tue Mar  4 16:29:49 2025 palay (Blue) [Melee] Max-Kill (Red)
Tue Mar  4 16:29:51 2025 albert03343 (Red) [Rifle] palay (Blue)
Tue Mar  4 16:29:52 2025 R.I.O.T. (Red) [Headshot] Deuce2 (Blue)
Tue Mar  4 16:29:55 2025 palay (Blue) [Fall]
Tue Mar  4 16:30:00 2025 Deuce (Blue) [Headshot] Y.O.B.A. (Red)
Tue Mar  4 16:30:02 2025 Max-Kill (Red) [Headshot] Deuce (Blue)
Tue Mar  4 16:30:10 2025 Qult--- (Blue) [Headshot] R.I.O.T. (Red)
Tue Mar  4 16:30:17 2025 Qult--- (Blue) [Rifle] Max-Kill (Red)
Tue Mar  4 16:30:18 2025 Qult--- (Blue) [Headshot] albert03343 (Red)
Tue Mar  4 16:30:19 2025 Qult--- (Blue) [Headshot] Harry (Red)
Tue Mar  4 16:30:22 2025 Player Max-Kill has left
Tue Mar  4 16:30:27 2025 Qult--- (Blue) [Headshot] Y.O.B.A. (Red)
Tue Mar  4 16:30:32 2025  Visit our community forums at https://aloha.pk/
Tue Mar  4 16:30:34 2025 Qult--- (Blue) [Team Change]
Tue Mar  4 16:30:38 2025 dragunowkad1 joined Blue team
Tue Mar  4 16:30:38 2025 [Global] Y.O.B.A. (Red): ok rq
Tue Mar  4 16:30:40 2025 Player Y.O.B.A. has left
Tue Mar  4 16:30:40 2025 Qult--- joined Red team
Tue Mar  4 16:30:42 2025 [Global] Deuce (Blue): aight 2 in agreement to skip one not, i think with all the people leving too, imma skip
Tue Mar  4 16:30:51 2025  Map advance forced. Next map: UkrainianVillage.
Tue Mar  4 16:30:52 2025 Qult--- (Red) [Headshot] eltikin (Blue)
Tue Mar  4 16:30:54 2025 dragunowkad1 (Blue) [Team Change]
Tue Mar  4 16:30:58 2025 [Global] Deuce (Blue): this is a good mapw
Tue Mar  4 16:30:58 2025 Deuce2 (Blue) [Headshot] albert03343 (Red)
Tue Mar  4 16:31:01 2025 ------ World Unloaded ------
Tue Mar  4 16:31:06 2025 ------ World Loaded ------
Tue Mar  4 16:31:06 2025 Welcome to aloha.pk tower of babel
Tue Mar  4 16:31:07 2025 Map: UkrainianVillage by HiBreck_
Tue Mar  4 16:31:07 2025 Deuce joined Blue team
Tue Mar  4 16:31:08 2025 Deuce1 joined Red team
Tue Mar  4 16:31:09 2025 Qult--- joined Blue team
Tue Mar  4 16:31:09 2025 Game mode: babel
Tue Mar  4 16:31:09 2025 fart-sniffer joined Spectator team
Tue Mar  4 16:31:11 2025 Build a tower to get the enemy's intel. Take it to your team's tent to win!
Tue Mar  4 16:31:11 2025 eltikin joined Blue team
Tue Mar  4 16:31:13 2025 Visit our community forum at https://aloha.pk/
Tue Mar  4 16:31:13 2025 albert03343 joined Red team
Tue Mar  4 16:31:15 2025 R.I.O.T. joined Blue team
Tue Mar  4 16:31:15 2025 Come chat with us at https://discord.aloha.pk/
Tue Mar  4 16:31:16 2025 [Global] fart-sniffer (): jesus christ fuck you
Tue Mar  4 16:31:19 2025 palay joined Red team
Tue Mar  4 16:31:20 2025 Deuce2 joined Blue team
Tue Mar  4 16:31:21 2025 dragunowkad1 joined Red team
Tue Mar  4 16:31:22 2025 Deuce1 (Red) [Headshot] Deuce (Blue)
Tue Mar  4 16:31:23 2025 [Global] Qult--- (Blue): hahah
Tue Mar  4 16:31:26 2025 [Global] fart-sniffer (): whats the point if a mod will skip the map if he doesnt like
Tue Mar  4 16:31:28 2025 [Global] fart-sniffer (): eat shit
Tue Mar  4 16:31:31 2025 Player fart-sniffer has left
Tue Mar  4 16:31:32 2025  Come chat with us at https://discord.aloha.pk/
Tue Mar  4 16:31:35 2025 [Global] Deuce (Blue): it wasnt just you fart lmao
Tue Mar  4 16:31:36 2025 albert03343 (Red) [Headshot] eltikin (Blue)
Tue Mar  4 16:31:36 2025 [Global] Deuce (Blue): aand hes gone
Tue Mar  4 16:31:39 2025 Deuce1 (Red) [Headshot] Deuce2 (Blue)
Tue Mar  4 16:31:42 2025 Commander Green joined Red team
Tue Mar  4 16:31:44 2025 palay (Red) [Fall]
Tue Mar  4 16:31:44 2025 Deuce1 (Red) [SMG] eltikin (Blue)
Tue Mar  4 16:31:48 2025 Deuce (Blue) [Headshot] Deuce1 (Red)
Tue Mar  4 16:31:49 2025 Deuce2 (Blue) [Rifle] albert03343 (Red)
Tue Mar  4 16:31:55 2025 Johnny99 joined Red team
Tue Mar  4 16:32:15 2025 R.I.O.T. (Blue) [SMG] dragunowkad1 (Red)
Tue Mar  4 16:32:16 2025 Deuce1 (Red) [Headshot] Qult--- (Blue)
Tue Mar  4 16:32:19 2025 Deuce2 (Blue) [Headshot] albert03343 (Red)
Tue Mar  4 16:32:24 2025 palay (Red) [Headshot] Deuce (Blue)
Tue Mar  4 16:32:30 2025 Player Commander Green has left
Tue Mar  4 16:32:32 2025  If you believe a player is breaking the rules, please let us know with /ADMIN
Tue Mar  4 16:32:35 2025 Deuce2 (Blue) [Headshot] dragunowkad1 (Red)
Tue Mar  4 16:32:38 2025 Deuce1 (Red) [SMG] Deuce2 (Blue)
Tue Mar  4 16:32:41 2025 Deuce (Blue) [Headshot] Deuce1 (Red)
Tue Mar  4 16:32:43 2025 Johnny99 (Red) [SMG] Qult--- (Blue)
Tue Mar  4 16:32:53 2025 Deuce (Blue) [SMG] palay (Red)
Tue Mar  4 16:32:55 2025 Qult--- (Blue) [Headshot] Johnny99 (Red)
Tue Mar  4 16:32:59 2025 Player Johnny99 has left
Tue Mar  4 16:33:08 2025 Deuce1 (Red) [Headshot] Deuce2 (Blue)
Tue Mar  4 16:33:12 2025 albert03343 (Red) [Rifle] Deuce (Blue)
Tue Mar  4 16:33:23 2025 Deuce1 (Red) [SMG] Deuce2 (Blue)
Tue Mar  4 16:33:24 2025 R.I.O.T. (Blue) [SMG] Deuce1 (Red)
Tue Mar  4 16:33:26 2025 albert03343 (Red) [Headshot] R.I.O.T. (Blue)
Tue Mar  4 16:33:28 2025 [Global] Deuce (Blue): aight i am gonna head out, gl hf all, call us with /admin if you need us
Tue Mar  4 16:33:32 2025  This server runs imger and glow. Use /IMG or /GLOW to toggle them.
Tue Mar  4 16:33:33 2025 Player Deuce has left
Tue Mar  4 16:33:39 2025 Qult--- (Blue) [Headshot] Harry (Red)
Tue Mar  4 16:33:39 2025 [Global] Deuce1 (Red): I miss old masterpiece maps
Tue Mar  4 16:33:41 2025 Player Deuce1 has left
Tue Mar  4 16:33:49 2025 Deuce2 (Blue) [Rifle] albert03343 (Red)
Tue Mar  4 16:34:05 2025 Duncan joined Spectator team
Tue Mar  4 16:34:08 2025 Deuce2 (Blue) [Rifle] palay (Red)
Tue Mar  4 16:34:09 2025 Harry (Red) [Headshot] Deuce2 (Blue)
Tue Mar  4 16:34:23 2025 Qult--- (Blue) [Headshot] albert03343 (Red)
Tue Mar  4 16:34:25 2025 Qult--- (Blue) [Headshot] Harry (Red)
Tue Mar  4 16:34:30 2025 Qult--- (Blue) [Headshot] albert03343 (Red)
Tue Mar  4 16:34:30 2025 Harry (Red) [Headshot] Qult--- (Blue)
Tue Mar  4 16:34:32 2025  Use /EMOTE to draw an emote on the map!
Tue Mar  4 16:34:34 2025 Player Qult--- has left
Tue Mar  4 16:34:36 2025 Player Duncan has left
Tue Mar  4 16:34:37 2025 Deuce2 (Blue) [Headshot] Harry (Red)
Tue Mar  4 16:34:45 2025 Harry (Red) [Headshot] Deuce2 (Blue)
Tue Mar  4 16:35:01 2025 R.I.O.T. (Blue) [SMG] palay (Red)
Tue Mar  4 16:35:08 2025 Deuce2 (Blue) [Headshot] albert03343 (Red)
Tue Mar  4 16:35:16 2025 Deuce2 (Blue) [Headshot] Harry (Red)
Tue Mar  4 16:35:19 2025 Deuce2 (Blue) [Headshot] palay (Red)
Tue Mar  4 16:35:31 2025 dragunowkad1 (Red) [Headshot] Deuce2 (Blue)
Tue Mar  4 16:35:32 2025  Use /HEAVEN to paint the babel platform!
Tue Mar  4 16:35:55 2025 Deuce2 (Blue) [Headshot] albert03343 (Red)
Tue Mar  4 16:35:58 2025 Harry (Red) [Headshot] Deuce2 (Blue)
Tue Mar  4 16:36:17 2025 Deuce2 (Blue) [Headshot] Harry (Red)
Tue Mar  4 16:36:26 2025 Deuce2 (Blue) [Headshot] albert03343 (Red)
Tue Mar  4 16:36:32 2025  Get a 20 killstreak and 1 intel capture(s) to unlock /APOC!
Tue Mar  4 16:36:44 2025 Deuce2 (Blue) [Headshot] albert03343 (Red)
Tue Mar  4 16:36:46 2025 Tacha joined Blue team
Tue Mar  4 16:36:55 2025 Deuce2 (Blue) [Headshot] albert03343 (Red)
Tue Mar  4 16:37:01 2025 You must be closer to the enemy's base to shoot blocks!
Tue Mar  4 16:37:02 2025 Deuce2 (Blue) [Headshot] Harry (Red)
Tue Mar  4 16:37:03 2025 sezey joined Spectator team
Tue Mar  4 16:37:05 2025 Deuce2 (Blue) [Headshot] Harry (Red)
Tue Mar  4 16:37:06 2025 R.I.O.T. (Blue) [SMG] albert03343 (Red)
Tue Mar  4 16:37:20 2025 R.I.O.T. (Blue) [SMG] albert03343 (Red)
Tue Mar  4 16:37:32 2025  Capture your team's 5th intel to unlock /APOC for your team's best builder!
Tue Mar  4 16:37:33 2025 Deuce2 (Blue) [Headshot] Harry (Red)
Tue Mar  4 16:37:45 2025 Tacha (Blue) [Headshot] albert03343 (Red)
Tue Mar  4 16:37:47 2025 palay (Red) [Rifle] Tacha (Blue)
Tue Mar  4 16:37:50 2025 palay (Red) [Headshot] Deuce2 (Blue)
Tue Mar  4 16:37:57 2025 albert03343 (Red) [Headshot] eltikin (Blue)
Tue Mar  4 16:38:00 2025 1 joined Red team
Tue Mar  4 16:38:14 2025 Deuce2 (Blue) [Headshot] 1 (Red)
Tue Mar  4 16:38:15 2025 Duncan joined Blue team
Tue Mar  4 16:38:21 2025 Player sezey has left
Tue Mar  4 16:38:25 2025 Abaddon joined Blue team
Tue Mar  4 16:38:25 2025 Deuce2 (Blue) [Headshot] albert03343 (Red)
Tue Mar  4 16:38:30 2025 palay (Red) [Headshot] Deuce2 (Blue)
Tue Mar  4 16:38:31 2025 Abaddon (Blue) [Weapon Change]
Tue Mar  4 16:38:32 2025  Mahalo for playing aloha.pk tower of babel
Tue Mar  4 16:38:33 2025 albert03343 (Red) [Rifle] R.I.O.T. (Blue)
Tue Mar  4 16:38:38 2025 Player R.I.O.T. has left
Tue Mar  4 16:38:40 2025 dragunowkad1 (Red) [Headshot] Duncan (Blue)
Tue Mar  4 16:38:41 2025 sezey joined Blue team
Tue Mar  4 16:38:42 2025 Abaddon (Blue) [Weapon Change]
Tue Mar  4 16:38:42 2025 Harry (Red) [Headshot] Tacha (Blue)
Tue Mar  4 16:38:43 2025 Deuce2 (Blue) [Headshot] 1 (Red)
Tue Mar  4 16:38:58 2025 Deuce2 (Blue) [Headshot] palay (Red)
Tue Mar  4 16:39:12 2025 Abaddon (Blue) [Headshot] albert03343 (Red)
Tue Mar  4 16:39:14 2025 1 (Red) [SMG] sezey (Blue)
Tue Mar  4 16:39:16 2025 Deuce2 (Blue) [Headshot] Harry (Red)
Tue Mar  4 16:39:17 2025 palay (Red) [Headshot] Deuce2 (Blue)
Tue Mar  4 16:39:26 2025 BernardBerBen joined Blue team
Tue Mar  4 16:39:26 2025 Tacha (Blue) [Headshot] 1 (Red)
Tue Mar  4 16:39:32 2025  Build a tower to get the enemy's intel. Take it to your team's tent to win!
Tue Mar  4 16:39:35 2025 Abaddon (Blue) [SMG] albert03343 (Red)
Tue Mar  4 16:39:36 2025 dragunowkad1 (Red) [Headshot] Abaddon (Blue)
Tue Mar  4 16:39:45 2025 1 (Red) [Headshot] Tacha (Blue)
Tue Mar  4 16:39:48 2025 Player Tacha has left
Tue Mar  4 16:39:49 2025 dragunowkad1 (Red) [Headshot] Deuce2 (Blue)
Tue Mar  4 16:39:50 2025 1 (Red) [Headshot] Duncan (Blue)
Tue Mar  4 16:39:55 2025 dragunowkad1 (Red) [Headshot] eltikin (Blue)
Tue Mar  4 16:40:00 2025 Abaddon (Blue) [Headshot] palay (Red)
Tue Mar  4 16:40:11 2025 Abaddon (Blue) [Headshot] albert03343 (Red)
Tue Mar  4 16:40:12 2025 Duncan (Blue) [Headshot] 1 (Red)
Tue Mar  4 16:40:19 2025 Deuce2 (Blue) [Headshot] Harry (Red)
Tue Mar  4 16:40:26 2025 Deuce2 (Blue) [Rifle] albert03343 (Red)
Tue Mar  4 16:40:32 2025 dragunowkad1 (Red) [Headshot] BernardBerBen (Blue)
Tue Mar  4 16:40:32 2025  Type /HELP for info & commands
Tue Mar  4 16:40:38 2025 1 (Red) [Headshot] Duncan (Blue)
Tue Mar  4 16:40:43 2025 1 (Red) [Headshot] sezey (Blue)
Tue Mar  4 16:40:48 2025 Deuce2 (Blue) [Headshot] palay (Red)
Tue Mar  4 16:40:52 2025 Deuce2 (Blue) [Headshot] Harry (Red)
Tue Mar  4 16:40:53 2025 dragunowkad1 (Red) [Headshot] Duncan (Blue)
Tue Mar  4 16:40:59 2025 Harry (Red) [Rifle] Deuce2 (Blue)
Tue Mar  4 16:41:11 2025 1 (Red) [SMG] BernardBerBen (Blue)
Tue Mar  4 16:41:12 2025 1 (Red) [Headshot] Duncan (Blue)
Tue Mar  4 16:41:21 2025 albert03343 (Red) [Headshot] Abaddon (Blue)
Tue Mar  4 16:41:32 2025  Visit our community forums at https://aloha.pk/
Tue Mar  4 16:41:39 2025 dragunowkad1 (Red) [Headshot] Deuce2 (Blue)
Tue Mar  4 16:41:43 2025 albert03343 (Red) [Headshot] Abaddon (Blue)
Tue Mar  4 16:41:43 2025 BernardBerBen (Blue) [Headshot] 1 (Red)
Tue Mar  4 16:41:48 2025 Deuce2 (Blue) [Headshot] albert03343 (Red)
Tue Mar  4 16:41:50 2025 palay (Red) [Rifle] sezey (Blue)
Tue Mar  4 16:42:04 2025 Deuce2 (Blue) [Rifle] palay (Red)
Tue Mar  4 16:42:13 2025 1 (Red) [Headshot] Deuce2 (Blue)
Tue Mar  4 16:42:21 2025 Abaddon (Blue) [Rifle] 1 (Red)
Tue Mar  4 16:42:21 2025 1 (Red) [Grenade] Duncan (Blue)
Tue Mar  4 16:42:21 2025 1 (Red) [Grenade] BernardBerBen (Blue)
Tue Mar  4 16:42:32 2025 Deuce2 (Blue) [Headshot] dragunowkad1 (Red)
Tue Mar  4 16:42:32 2025 Abaddon (Blue) [Headshot] albert03343 (Red)
Tue Mar  4 16:42:32 2025  Come chat with us at https://discord.aloha.pk/
Tue Mar  4 16:42:35 2025 Deuce2 (Blue) [Headshot] Harry (Red)
Tue Mar  4 16:42:38 2025 Deuce2 (Blue) [Headshot] 1 (Red)
Tue Mar  4 16:42:43 2025 albert03343 (Red) [Fall]
Tue Mar  4 16:42:48 2025 Deuce2 (Blue) [Headshot] 1 (Red)
Tue Mar  4 16:42:49 2025 Deuce2 (Blue) [Headshot] palay (Red)
Tue Mar  4 16:42:51 2025 Player albert03343 has left
Tue Mar  4 16:42:52 2025 Harry (Red) [Headshot] Deuce2 (Blue)
Tue Mar  4 16:43:07 2025 Deuce2 (Blue) [Headshot] 1 (Red)
Tue Mar  4 16:43:09 2025 Deuce2 (Blue) [Headshot] Harry (Red)
Tue Mar  4 16:43:13 2025 Abaddon (Blue) [Headshot] palay (Red)
Tue Mar  4 16:43:17 2025 Player palay has left
Tue Mar  4 16:43:21 2025 Deuce2 (Blue) [Headshot] 1 (Red)
Tue Mar  4 16:43:26 2025 Player 1 has left
Tue Mar  4 16:43:29 2025 Deuce2 (Blue) [Rifle] Harry (Red)
Tue Mar  4 16:43:31 2025 [Global] BernardBerBen (Blue): how to switch teams?
Tue Mar  4 16:43:32 2025  If you believe a player is breaking the rules, please let us know with /ADMIN
Tue Mar  4 16:43:43 2025 Duncan (Blue) [Headshot] Harry (Red)
Tue Mar  4 16:43:47 2025 [Global] Abaddon (Blue): l
Tue Mar  4 16:43:49 2025 [Global] Harry (Red): balance
Tue Mar  4 16:43:49 2025 [Global] Abaddon (Blue): L
Tue Mar  4 16:43:54 2025 Duncan (Blue) [Headshot] Harry (Red)
Tue Mar  4 16:43:56 2025 BernardBerBen (Blue) [Team Change]
Tue Mar  4 16:44:06 2025 [Global] Abaddon (Blue): press L
Tue Mar  4 16:44:06 2025 Duncan (Blue) [Grenade]
Tue Mar  4 16:44:06 2025 [Global] BernardBerBen (Blue): i switched
Tue Mar  4 16:44:06 2025 BernardBerBen joined Red team
Tue Mar  4 16:44:06 2025 David joined Red team
Tue Mar  4 16:44:17 2025 [Global] David (Red): UKRANIAN VILLAGE?
Tue Mar  4 16:44:17 2025 Abaddon (Blue) [Headshot] BernardBerBen (Red)
Tue Mar  4 16:44:29 2025 Deuce2 (Blue) [Headshot] Harry (Red)
Tue Mar  4 16:44:32 2025 [Global] David (Red): WAHTS RUSSIA?
Tue Mar  4 16:44:32 2025  This server runs imger and glow. Use /IMG or /GLOW to toggle them.
Tue Mar  4 16:44:33 2025 sezey (Blue) [Headshot] BernardBerBen (Red)
Tue Mar  4 16:44:36 2025 [Global] David (Red): RED?
Tue Mar  4 16:44:41 2025 Deuce2 (Blue) [Headshot] Harry (Red)
Tue Mar  4 16:44:43 2025 Deuce2 (Blue) [Headshot] BernardBerBen (Red)
Tue Mar  4 16:44:43 2025 Player Duncan has left
Tue Mar  4 16:44:45 2025 Abaddon (Blue) [Rifle] David (Red)
Tue Mar  4 16:44:58 2025 Abaddon (Blue) [Headshot] Harry (Red)
Tue Mar  4 16:45:05 2025 Deuce2 (Blue) [Headshot] David (Red)
Tue Mar  4 16:45:08 2025 The Mighty D joined Blue team
Tue Mar  4 16:45:09 2025 Abaddon (Blue) [Headshot] Harry (Red)
Tue Mar  4 16:45:16 2025 qweqwe joined Spectator team
Tue Mar  4 16:45:19 2025 Harry (Red) [Headshot] eltikin (Blue)
Tue Mar  4 16:45:20 2025 Abaddon (Blue) [Headshot] Harry (Red)
Tue Mar  4 16:45:21 2025 Player The Mighty D has left
Tue Mar  4 16:45:22 2025 BernardBerBen (Red) [Headshot] Deuce2 (Blue)
Tue Mar  4 16:45:28 2025 Abaddon (Blue) [Headshot] David (Red)
Tue Mar  4 16:45:32 2025 Harry (Red) [Rifle] sezey (Blue)
Tue Mar  4 16:45:32 2025  Use /EMOTE to draw an emote on the map!
Tue Mar  4 16:45:40 2025 BernardBerBen (Red) [Headshot] Abaddon (Blue)
Tue Mar  4 16:45:44 2025 Player sezey has left
Tue Mar  4 16:45:53 2025 You can't destroy your team's blocks in this area. Attack the enemy's tower!
Tue Mar  4 16:45:53 2025 You can't destroy your team's blocks in this area. Attack the enemy's tower!
Tue Mar  4 16:45:53 2025 You can't destroy your team's blocks in this area. Attack the enemy's tower!
Tue Mar  4 16:45:54 2025 You can't destroy your team's blocks in this area. Attack the enemy's tower!
Tue Mar  4 16:45:57 2025 You can't destroy your team's blocks in this area. Attack the enemy's tower!
Tue Mar  4 16:45:58 2025 You can't destroy your team's blocks in this area. Attack the enemy's tower!
Tue Mar  4 16:45:58 2025 You can't destroy your team's blocks in this area. Attack the enemy's tower!
Tue Mar  4 16:45:58 2025 You can't destroy your team's blocks in this area. Attack the enemy's tower!
Tue Mar  4 16:45:59 2025 You can't destroy your team's blocks in this area. Attack the enemy's tower!
Tue Mar  4 16:45:59 2025 You can't destroy your team's blocks in this area. Attack the enemy's tower!
Tue Mar  4 16:46:00 2025 You can't destroy your team's blocks in this area. Attack the enemy's tower!
Tue Mar  4 16:46:01 2025 Player dragunowkad1 has left
Tue Mar  4 16:46:04 2025 The Mighty D joined Blue team
Tue Mar  4 16:46:14 2025 eltikin (Blue) [Headshot] David (Red)
Tue Mar  4 16:46:24 2025 Abaddon (Blue) [Headshot] Harry (Red)
Tue Mar  4 16:46:32 2025  Use /HEAVEN to paint the babel platform!
Tue Mar  4 16:46:33 2025 BernardBerBen (Red) [Headshot] Abaddon (Blue)
Tue Mar  4 16:46:40 2025 BernardBerBen (Red) [Headshot] eltikin (Blue)
Tue Mar  4 16:46:42 2025 Player qweqwe has left
Tue Mar  4 16:46:53 2025 dragunowkad1 joined Red team
Tue Mar  4 16:47:04 2025 Abaddon (Blue) [Headshot] David (Red)
Tue Mar  4 16:47:12 2025 Harry (Red) [Headshot] Deuce2 (Blue)
Tue Mar  4 16:47:15 2025 Abaddon (Blue) [Headshot] Harry (Red)
Tue Mar  4 16:47:18 2025 BernardBerBen (Red) [Rifle] The Mighty D (Blue)
Tue Mar  4 16:47:27 2025 Harry (Red) [Headshot] Abaddon (Blue)
Tue Mar  4 16:47:32 2025  Get a 20 killstreak and 1 intel capture(s) to unlock /APOC!
Tue Mar  4 16:47:45 2025 Abaddon (Blue) [Headshot] David (Red)
Tue Mar  4 16:47:48 2025 Deuce2 (Blue) [Headshot] dragunowkad1 (Red)
Tue Mar  4 16:47:50 2025 Harry (Red) [Headshot] Deuce2 (Blue)
Tue Mar  4 16:47:52 2025 eltikin (Blue) [SMG] Harry (Red)
Tue Mar  4 16:47:59 2025 David (Red) [SMG] eltikin (Blue)
Tue Mar  4 16:48:05 2025 BernardBerBen (Red) [Headshot] Abaddon (Blue)
Tue Mar  4 16:48:19 2025 Deuce2 (Blue) [Headshot] BernardBerBen (Red)
Tue Mar  4 16:48:22 2025 Deuce2 (Blue) [Headshot] David (Red)
Tue Mar  4 16:48:30 2025 You must be closer to the enemy's base to shoot blocks!
Tue Mar  4 16:48:31 2025 Deuce2 (Blue) [Headshot] Harry (Red)
Tue Mar  4 16:48:32 2025  Capture your team's 5th intel to unlock /APOC for your team's best builder!
Tue Mar  4 16:48:47 2025 Harry (Red) [Headshot] eltikin (Blue)
Tue Mar  4 16:48:47 2025 Deuce2 (Blue) [Headshot] BernardBerBen (Red)
Tue Mar  4 16:48:54 2025 Harry (Red) [Rifle] Deuce2 (Blue)
Tue Mar  4 16:48:59 2025 Abaddon (Blue) [Headshot] Harry (Red)
Tue Mar  4 16:49:21 2025 Abaddon (Blue) [Headshot] David (Red)
Tue Mar  4 16:49:22 2025  Harry has reached 1000 blocks placed! /heaven unlocked.
Tue Mar  4 16:49:22 2025 Type /heavenlist to view available images. /heaven <name> to confirm.
Tue Mar  4 16:49:22 2025 Want your country's flag instead? Type /heaven country (or any alpha-2 code)
Tue Mar  4 16:49:23 2025 Deuce2 (Blue) [Headshot] BernardBerBen (Red)
Tue Mar  4 16:49:25 2025 Deuce2 (Blue) [Headshot] Harry (Red)
Tue Mar  4 16:49:32 2025  Mahalo for playing aloha.pk tower of babel
Tue Mar  4 16:49:46 2025 Harry (Red) [Rifle] Deuce2 (Blue)
Tue Mar  4 16:49:50 2025 Abaddon (Blue) [Headshot] BernardBerBen (Red)
Tue Mar  4 16:50:03 2025 Abaddon (Blue) [Headshot] BernardBerBen (Red)
Tue Mar  4 16:50:06 2025 Player BernardBerBen has left
Tue Mar  4 16:50:13 2025 Abaddon (Blue) [Headshot] Harry (Red)
Tue Mar  4 16:50:30 2025 Grey joined Blue team
Tue Mar  4 16:50:31 2025 Harry (Red) [Headshot] Deuce2 (Blue)
Tue Mar  4 16:50:32 2025  Build a tower to get the enemy's intel. Take it to your team's tent to win!
Tue Mar  4 16:50:43 2025 eltikin (Blue) [SMG] Harry (Red)
Tue Mar  4 16:50:43 2025 gus joined Red team
Tue Mar  4 16:50:49 2025 Player gus has left
Tue Mar  4 16:50:56 2025 eltikin (Blue) [Headshot] Harry (Red)
Tue Mar  4 16:51:01 2025 eltikin (Blue) [SMG] David (Red)
Tue Mar  4 16:51:09 2025 dragunowkad1 (Red) [Headshot] Deuce2 (Blue)
Tue Mar  4 16:51:13 2025 eltikin (Blue) [SMG] David (Red)
Tue Mar  4 16:51:19 2025 David (Red) [SMG] eltikin (Blue)
Tue Mar  4 16:51:20 2025 Harry (Red) [Rifle] Grey (Blue)
Tue Mar  4 16:51:29 2025 The Mighty D (Blue) [Headshot] David (Red)
Tue Mar  4 16:51:30 2025 TUCKFRUMP joined Red team
Tue Mar  4 16:51:32 2025  Type /HELP for info & commands
Tue Mar  4 16:51:39 2025 [Global] eltikin (Blue): come
Tue Mar  4 16:51:41 2025 Harry (Red) [Headshot] The Mighty D (Blue)
Tue Mar  4 16:51:44 2025 Player The Mighty D has left
Tue Mar  4 16:51:46 2025 [Global] eltikin (Blue): vengan sigunanme
Tue Mar  4 16:51:59 2025 Deuce2 (Blue) [Headshot] dragunowkad1 (Red)
Tue Mar  4 16:52:07 2025 Deuce2 (Blue) [Headshot] Harry (Red)
Tue Mar  4 16:52:17 2025 Player Grey has left
Tue Mar  4 16:52:20 2025 dragunowkad1 (Red) [Headshot] Deuce2 (Blue)
Tue Mar  4 16:52:32 2025  Visit our community forums at https://aloha.pk/
Tue Mar  4 16:52:49 2025 Deuce2 (Blue) [Headshot] dragunowkad1 (Red)
Tue Mar  4 16:52:54 2025 Deuce2 (Blue) [Rifle] TUCKFRUMP (Red)
Tue Mar  4 16:52:55 2025 Harry (Red) [Headshot] Deuce2 (Blue)
Tue Mar  4 16:52:57 2025 Abaddon (Blue) [Headshot] David (Red)
Tue Mar  4 16:53:07 2025 TUCKFRUMP (Red) [Fall]
Tue Mar  4 16:53:19 2025 BernardBerBen joined Blue team
Tue Mar  4 16:53:22 2025 Abaddon (Blue) [Headshot] David (Red)
Tue Mar  4 16:53:22 2025 Deuce2 (Blue) [Rifle] Harry (Red)
Tue Mar  4 16:53:32 2025  Come chat with us at https://discord.aloha.pk/
Tue Mar  4 16:53:36 2025 David (Red) [SMG] eltikin (Blue)
Tue Mar  4 16:53:37 2025 Deuce2 (Blue) [Headshot] TUCKFRUMP (Red)
Tue Mar  4 16:53:42 2025  Deuce2 has reached 1000 blocks placed! /heaven unlocked.
Tue Mar  4 16:53:42 2025 Abaddon (Blue) [Headshot] TUCKFRUMP (Red)
Tue Mar  4 16:53:48 2025 Abaddon (Blue) [Headshot] Harry (Red)
Tue Mar  4 16:54:02 2025 Abaddon (Blue) [Headshot] David (Red)
Tue Mar  4 16:54:10 2025 Abaddon (Blue) [Headshot] Harry (Red)
Tue Mar  4 16:54:16 2025 Deuce2 (Blue) [Headshot] TUCKFRUMP (Red)
Tue Mar  4 16:54:18 2025 dragunowkad1 (Red) [Headshot] Deuce2 (Blue)
Tue Mar  4 16:54:32 2025  If you believe a player is breaking the rules, please let us know with /ADMIN
Tue Mar  4 16:54:38 2025 TUCKFRUMP (Red) [Headshot] Deuce2 (Blue)
Tue Mar  4 16:54:57 2025 eltikin (Blue) [SMG] David (Red)
Tue Mar  4 16:55:00 2025 BernardBerBen (Blue) [Headshot] Harry (Red)
Tue Mar  4 16:55:15 2025 eltikin (Blue) [SMG] David (Red)
Tue Mar  4 16:55:27 2025 Harry (Red) [Headshot] eltikin (Blue)
Tue Mar  4 16:55:32 2025  This server runs imger and glow. Use /IMG or /GLOW to toggle them.
Tue Mar  4 16:55:39 2025 dragunowkad1 (Red) [Headshot] Deuce2 (Blue)
Tue Mar  4 16:55:49 2025 Harry (Red) [Headshot] BernardBerBen (Blue)
Tue Mar  4 16:55:54 2025 bigusdikus joined Blue team
Tue Mar  4 16:55:56 2025 Deuce2 (Blue) [Headshot] dragunowkad1 (Red)
Tue Mar  4 16:55:59 2025 Abaddon (Blue) [Headshot] David (Red)
Tue Mar  4 16:56:00 2025 yuuisd joined Red team
Tue Mar  4 16:56:01 2025 Abaddon (Blue) [Headshot] Harry (Red)
Tue Mar  4 16:56:12 2025 Abaddon (Blue) [Headshot] yuuisd (Red)
Tue Mar  4 16:56:15 2025 dragunowkad1 (Red) [Headshot] Deuce2 (Blue)
Tue Mar  4 16:56:16 2025 Abaddon (Blue) [Headshot] dragunowkad1 (Red)
Tue Mar  4 16:56:19 2025 Abaddon (Blue) [Headshot] David (Red)
Tue Mar  4 16:56:26 2025 Abaddon (Blue) [Headshot] Harry (Red)
Tue Mar  4 16:56:31 2025 Abaddon (Blue) [Headshot] Harry (Red)
Tue Mar  4 16:56:32 2025  Use /EMOTE to draw an emote on the map!
Tue Mar  4 16:56:33 2025 yuuisd (Red) [Headshot] eltikin (Blue)
Tue Mar  4 16:56:37 2025 Abaddon (Blue) [Headshot] David (Red)
Tue Mar  4 16:56:41 2025 BernardBerBen (Blue) [Rifle] dragunowkad1 (Red)
Tue Mar  4 16:56:48 2025 yuuisd (Red) [Headshot] BernardBerBen (Blue)
Tue Mar  4 16:57:08 2025 TUCKFRUMP (Red) [SMG]
Tue Mar  4 16:57:10 2025 You must be closer to the enemy's base to shoot blocks!
Tue Mar  4 16:57:10 2025 Harry (Red) [Headshot] Abaddon (Blue)
Tue Mar  4 16:57:16 2025 POP_OS joined Blue team
Tue Mar  4 16:57:32 2025 bigusdikus (Blue) [Headshot] yuuisd (Red)
Tue Mar  4 16:57:32 2025  Use /HEAVEN to paint the babel platform!
Tue Mar  4 16:57:37 2025 bigusdikus (Blue) [Headshot] Harry (Red)
Tue Mar  4 16:57:41 2025 Tacha joined Red team
Tue Mar  4 16:57:48 2025 bigusdikus (Blue) [Headshot] David (Red)
Tue Mar  4 16:57:53 2025 Harry (Red) [Rifle] BernardBerBen (Blue)
Tue Mar  4 16:58:03 2025 Abaddon (Blue) [Headshot] Harry (Red)
Tue Mar  4 16:58:06 2025 Abaddon (Blue) [Headshot] Tacha (Red)
Tue Mar  4 16:58:21 2025 Abaddon (Blue) [Grenade] David (Red)
Tue Mar  4 16:58:27 2025 Celestina joined Blue team
Tue Mar  4 16:58:30 2025 Harry (Red) [Rifle] Abaddon (Blue)
Tue Mar  4 16:58:32 2025  Get a 20 killstreak and 1 intel capture(s) to unlock /APOC!
Tue Mar  4 16:58:55 2025 dragunowkad1 (Red) [Rifle] Deuce2 (Blue)
Tue Mar  4 16:58:59 2025 Celestina (Blue) [Headshot] yuuisd (Red)
Tue Mar  4 16:59:06 2025 Harry (Red) [Headshot] Celestina (Blue)
Tue Mar  4 16:59:07 2025 dragunowkad1 (Red) [Headshot] bigusdikus (Blue)
Tue Mar  4 16:59:10 2025 Deuce2 (Blue) [Rifle] dragunowkad1 (Red)
Tue Mar  4 16:59:16 2025 [Global] BernardBerBen (Blue): who the hell is digging
Tue Mar  4 16:59:17 2025 Abaddon (Blue) [Rifle] Tacha (Red)
Tue Mar  4 16:59:20 2025 Abaddon (Blue) [Headshot] Harry (Red)
Tue Mar  4 16:59:28 2025 Abaddon (Blue) [Headshot] David (Red)
Tue Mar  4 16:59:37 2025  Capture your team's 5th intel to unlock /APOC for your team's best builder!
Tue Mar  4 16:59:46 2025 David (Red) [Headshot] eltikin (Blue)
Tue Mar  4 16:59:48 2025 Player BernardBerBen has left
Tue Mar  4 17:00:04 2025 Deuce2 (Blue) [Headshot] Harry (Red)
Tue Mar  4 17:00:07 2025 BernardBerBen joined Blue team
Tue Mar  4 17:00:20 2025 Harry (Red) [Headshot] Deuce2 (Blue)
Tue Mar  4 17:00:20 2025 BernardBerBen (Blue) [Shotgun] TUCKFRUMP (Red)
Tue Mar  4 17:00:28 2025 Player TUCKFRUMP has left
Tue Mar  4 17:00:32 2025  Mahalo for playing aloha.pk tower of babel
Tue Mar  4 17:00:42 2025 BernardBerBen (Blue) [Headshot] yuuisd (Red)
Tue Mar  4 17:00:59 2025 Deuce2 (Blue) [Headshot] Harry (Red)
Tue Mar  4 17:01:04 2025 Deuce2 (Blue) [Headshot] Tacha (Red)
Tue Mar  4 17:01:12 2025 BernardBerBen (Blue) [Shotgun] yuuisd (Red)
Tue Mar  4 17:01:14 2025 Tacha (Red) [SMG] BernardBerBen (Blue)
Tue Mar  4 17:01:22 2025 dragunowkad1 (Red) [Headshot] bigusdikus (Blue)
Tue Mar  4 17:01:23 2025 Deuce2 (Blue) [Headshot] Tacha (Red)
Tue Mar  4 17:01:28 2025 Player Tacha has left
Tue Mar  4 17:01:32 2025  Build a tower to get the enemy's intel. Take it to your team's tent to win!
Tue Mar  4 17:01:48 2025 dragunowkad1 (Red) [Headshot] Deuce2 (Blue)
Tue Mar  4 17:01:49 2025 Abaddon (Blue) [Headshot] Harry (Red)
Tue Mar  4 17:01:59 2025 Harry (Red) [Headshot] eltikin (Blue)
Tue Mar  4 17:02:01 2025 bigusdikus (Blue) [Headshot] dragunowkad1 (Red)
Tue Mar  4 17:02:20 2025 BernardBerBen (Blue) [Shotgun] dragunowkad1 (Red)
Tue Mar  4 17:02:32 2025  Type /HELP for info & commands
Tue Mar  4 17:02:36 2025 You can't destroy your team's blocks in this area. Attack the enemy's tower!
Tue Mar  4 17:02:36 2025 You can't destroy your team's blocks in this area. Attack the enemy's tower!
Tue Mar  4 17:02:36 2025 You can't destroy your team's blocks in this area. Attack the enemy's tower!
Tue Mar  4 17:02:37 2025 You can't destroy your team's blocks in this area. Attack the enemy's tower!
Tue Mar  4 17:02:37 2025 You can't destroy your team's blocks in this area. Attack the enemy's tower!
Tue Mar  4 17:02:38 2025 You can't destroy your team's blocks in this area. Attack the enemy's tower!
Tue Mar  4 17:02:38 2025 You can't destroy your team's blocks in this area. Attack the enemy's tower!
Tue Mar  4 17:02:38 2025 You can't destroy your team's blocks in this area. Attack the enemy's tower!
Tue Mar  4 17:02:38 2025 You can't destroy your team's blocks in this area. Attack the enemy's tower!
Tue Mar  4 17:02:47 2025 Harry (Red) [Rifle]
Tue Mar  4 17:02:59 2025 dragunowkad1 (Red) [Headshot] eltikin (Blue)
Tue Mar  4 17:02:59 2025 Deuce2 (Blue) [Headshot] dragunowkad1 (Red)
Tue Mar  4 17:03:02 2025 Deuce2 (Blue) [Headshot] Harry (Red)
Tue Mar  4 17:03:04 2025 bigusdikus (Blue) [Headshot] yuuisd (Red)
Tue Mar  4 17:03:06 2025 Deuce2 (Blue) [Headshot] yuuisd (Red)
Tue Mar  4 17:03:07 2025 Deuce2 (Blue) [Headshot] Harry (Red)
Tue Mar  4 17:03:20 2025 Deuce2 (Blue) [Rifle] dragunowkad1 (Red)
Tue Mar  4 17:03:30 2025 Deuce2 (Blue) [Headshot] dragunowkad1 (Red)
Tue Mar  4 17:03:31 2025 BernardBerBen (Blue) [Shotgun] Harry (Red)
Tue Mar  4 17:03:31 2025 Deuce2 (Blue) [Rifle] yuuisd (Red)
Tue Mar  4 17:03:33 2025  Visit our community forums at https://aloha.pk/
Tue Mar  4 17:03:35 2025 Player yuuisd has left
Tue Mar  4 17:03:43 2025 BernardBerBen (Blue) [Fall]
Tue Mar  4 17:03:44 2025 Deuce2 picked up Red's Intel.
Tue Mar  4 17:03:56 2025 BernardBerBen (Blue) [Team Change]
Tue Mar  4 17:04:04 2025 BernardBerBen joined Red team
Tue Mar  4 17:04:06 2025 BernardBerBen (Red) [Headshot] Abaddon (Blue)
Tue Mar  4 17:04:15 2025 Deuce2 captured Red's Intel.
Tue Mar  4 17:04:21 2025 bigusdikus (Blue) [Fall]
Tue Mar  4 17:04:32 2025  Come chat with us at https://discord.aloha.pk/
Tue Mar  4 17:04:50 2025 eltikin (Blue) [Headshot] BernardBerBen (Red)
Tue Mar  4 17:04:50 2025 dragunowkad1 (Red) [Headshot] Celestina (Blue)
Tue Mar  4 17:04:53 2025 Deuce2 (Blue) [Headshot] dragunowkad1 (Red)
Tue Mar  4 17:04:56 2025 eltikin (Blue) [SMG] BernardBerBen (Red)
Tue Mar  4 17:05:10 2025 Disconnecting
