Sun Feb  2 22:00:24 2025 ------ World Loaded ------
Sun Feb  2 22:00:24 2025 Welcome to aloha.pk tower of babel
Sun Feb  2 22:00:26 2025 Map: Big Ass Side Forts by Lostmotel
Sun Feb  2 22:00:28 2025 Game mode: babel
Sun Feb  2 22:00:29 2025 [Global] Vagabond (Blue): please tradeoff next
Sun Feb  2 22:00:30 2025 Build a tower to get the enemy's intel. Take it to your team's tent to win!
Sun Feb  2 22:00:32 2025 Visit our community forum at https://aloha.pk/
Sun Feb  2 22:00:32 2025  Come chat with us at https://discord.aloha.pk/
Sun Feb  2 22:00:34 2025 Come chat with us at https://discord.aloha.pk/
Sun Feb  2 22:00:35 2025 [Global] Naja (Blue): tradeoff x2
Sun Feb  2 22:00:37 2025 stonked (Red) [Headshot] {LAG} Irongears (Blue)
Sun Feb  2 22:00:42 2025 stonked (Red) [Headshot] Harry (Blue)
Sun Feb  2 22:00:43 2025 Vagabond (Blue) [Fall]
Sun Feb  2 22:00:44 2025 Player Dingus has left
Sun Feb  2 22:00:44 2025 [Global] r3algood (Blue): christmas pinpoint!
Sun Feb  2 22:00:45 2025 Googlesplat (Red) [Headshot] DDS (Blue)
Sun Feb  2 22:00:46 2025 Ketsuidachi (Blue) [Headshot] stonked (Red)
Sun Feb  2 22:00:47 2025 Googlesplat (Red) [Headshot] YOELUCHIJA (Blue)
Sun Feb  2 22:00:48 2025 ^w^ (Red) [Headshot] Ketsuidachi (Blue)
Sun Feb  2 22:00:51 2025 ^w^ (Red) [Headshot] r3algood (Blue)
Sun Feb  2 22:00:55 2025 ^w^ (Red) [Headshot] Vagabond (Blue)
Sun Feb  2 22:00:56 2025 ENTUSSIASMAO (Blue) [SMG] ^w^ (Red)
Sun Feb  2 22:00:58 2025 Googlesplat (Red) [Headshot] r3algood (Blue)
Sun Feb  2 22:01:00 2025 Harry (Blue) [Headshot] Googlesplat (Red)
Sun Feb  2 22:01:05 2025 Naja (Blue) [Headshot] Bizonho (Red)
Sun Feb  2 22:01:05 2025 Toddy3557 (Red) [SMG] YOELUCHIJA (Blue)
Sun Feb  2 22:01:06 2025 {LAG} Irongears (Blue) [Fall]
Sun Feb  2 22:01:09 2025 Harry (Blue) [Headshot] Toddy3557 (Red)
Sun Feb  2 22:01:11 2025 ^w^ (Red) [Headshot] Naja (Blue)
Sun Feb  2 22:01:15 2025 Nassa (Red) [Headshot] ENTUSSIASMAO (Blue)
Sun Feb  2 22:01:16 2025 [Global] Vagabond (Blue): chrxmas pin is all white i cant see chat xd
Sun Feb  2 22:01:19 2025 Naja (Blue) [Fall]
Sun Feb  2 22:01:19 2025 [Global] Naja (Blue): tradoeff
Sun Feb  2 22:01:20 2025 Player ENTUSSIASMAO has left
Sun Feb  2 22:01:20 2025 [Global] Goldorak (Red): you knpow tradeoff and trademorh are now in new rotation ?
Sun Feb  2 22:01:25 2025  Goldorak changed next map to tradeoff
Sun Feb  2 22:01:25 2025 Nassa (Red) [Rifle] Ketsuidachi (Blue)
Sun Feb  2 22:01:27 2025 stonked (Red) [Headshot] DDS (Blue)
Sun Feb  2 22:01:29 2025 [Global] Vagabond (Blue): oh in a new rot
Sun Feb  2 22:01:30 2025 Nassa (Red) [Headshot] YOELUCHIJA (Blue)
Sun Feb  2 22:01:32 2025  If you believe a player is breaking the rules, please let us know with /ADMIN
Sun Feb  2 22:01:33 2025 [Global] YOELUCHIJA (Blue): NO
Sun Feb  2 22:01:34 2025 [Global] Naja (Blue): thank you on behalf of myself and vagabond
Sun Feb  2 22:01:37 2025 [Global] Goldorak (Red): type /showrotation
Sun Feb  2 22:01:42 2025 YOELUCHIJA (Blue) [Fall]
Sun Feb  2 22:01:43 2025 {LAG} Irongears (Blue) [Headshot] Nassa (Red)
Sun Feb  2 22:01:45 2025 [Global] Vagabond (Blue): ohhh ok
Sun Feb  2 22:01:45 2025 [Global] ^w^ (Red): goldo why is this server only 30 tick?
Sun Feb  2 22:01:49 2025 stonked (Red) [Melee] {LAG} Irongears (Blue)
Sun Feb  2 22:01:51 2025 Naja (Blue) [Headshot] stonked (Red)
Sun Feb  2 22:01:52 2025 Googlesplat (Red) [Fall]
Sun Feb  2 22:01:56 2025 [Global] Goldorak (Red): 30 tick ? what is a tick ?
Sun Feb  2 22:02:01 2025 Dick'd (Red) [SMG] Naja (Blue)
Sun Feb  2 22:02:05 2025 [Global] ^w^ (Red): the "UPS"
Sun Feb  2 22:02:06 2025 Vagabond (Blue) [Rifle] Bizonho (Red)
Sun Feb  2 22:02:12 2025 Dick'd (Red) [SMG] Ketsuidachi (Blue)
Sun Feb  2 22:02:18 2025 [Global] Goldorak (Red): what's a ups? beside a mail carrier?
Sun Feb  2 22:02:20 2025 Naja (Blue) [Rifle] Dick'd (Red)
Sun Feb  2 22:02:23 2025 Naja (Blue) [Headshot] stonked (Red)
Sun Feb  2 22:02:26 2025 ^w^ (Red) [Headshot] Naja (Blue)
Sun Feb  2 22:02:29 2025 ^w^ (Red) [Headshot] Harry (Blue)
Sun Feb  2 22:02:29 2025 [Global] Naja (Blue): relaoding
Sun Feb  2 22:02:32 2025  This server runs imger and glow. Use /IMG or /GLOW to toggle them.
Sun Feb  2 22:02:34 2025 Vagabond (Blue) [Headshot] Bizonho (Red)
Sun Feb  2 22:02:34 2025 Goldorak (Red) [SMG] YOELUCHIJA (Blue)
Sun Feb  2 22:02:35 2025 Googlesplat (Red) [Rifle] r3algood (Blue)
Sun Feb  2 22:02:39 2025 Toddy3557 (Red) [Headshot] Vagabond (Blue)
Sun Feb  2 22:02:40 2025 {LAG} Irongears (Blue) [Headshot] Goldorak (Red)
Sun Feb  2 22:02:40 2025 [Global] Goldorak (Red): ho, bullets?%
Sun Feb  2 22:02:47 2025 ^w^ (Red) [Headshot] {LAG} Irongears (Blue)
Sun Feb  2 22:02:51 2025 Naja (Blue) [Headshot] mieu (Red)
Sun Feb  2 22:02:55 2025 ^w^ (Red) [Headshot] r3algood (Blue)
Sun Feb  2 22:02:56 2025 [Global] Goldorak (Red): good question... why 50 blcosk ?
Sun Feb  2 22:03:01 2025 Googlesplat (Red) [Headshot] Ketsuidachi (Blue)
Sun Feb  2 22:03:01 2025 Naja (Blue) [Headshot] Toddy3557 (Red)
Sun Feb  2 22:03:03 2025 [Global] Vagabond (Blue): why not
Sun Feb  2 22:03:04 2025 Googlesplat (Red) [Headshot] Naja (Blue)
Sun Feb  2 22:03:04 2025 [Global] Vagabond (Blue): xd
Sun Feb  2 22:03:08 2025 [Global] Naja (Blue): hax
Sun Feb  2 22:03:08 2025 Googlesplat (Red) [Headshot] Harry (Blue)
Sun Feb  2 22:03:10 2025 DDS (Blue) [Headshot] Googlesplat (Red)
Sun Feb  2 22:03:14 2025 stonked (Red) [Headshot] r3algood (Blue)
Sun Feb  2 22:03:15 2025 [Global] Googlesplat (Red): i was  in tree lol
Sun Feb  2 22:03:18 2025 Vagabond (Blue) [Headshot] stonked (Red)
Sun Feb  2 22:03:20 2025 [Global] Goldorak (Red): why am i still virgin ?
Sun Feb  2 22:03:21 2025 Dick'd (Red) [SMG] Vagabond (Blue)
Sun Feb  2 22:03:25 2025 [Global] Vagabond (Blue): OMG
Sun Feb  2 22:03:29 2025 [Global] Googlesplat (Red): come over and i can fix that goldy
Sun Feb  2 22:03:32 2025  Use /EMOTE to draw an emote on the map!
Sun Feb  2 22:03:35 2025 Dick'd (Red) [SMG] YOELUCHIJA (Blue)
Sun Feb  2 22:03:37 2025 Harry (Blue) [Headshot] Dick'd (Red)
Sun Feb  2 22:03:42 2025 [Global] Goldorak (Red): nah, i'm scared it hurts
Sun Feb  2 22:03:48 2025 Naja (Blue) [Headshot] Toddy3557 (Red)
Sun Feb  2 22:03:51 2025 [Global] ^w^ (Red): ticks is basically updates per second, think of it like FPS but for game logic
Sun Feb  2 22:03:51 2025 Googlesplat (Red) [Headshot] DDS (Blue)
Sun Feb  2 22:03:55 2025 [Global] Goldorak (Red): never had it in the ass, still virgin
Sun Feb  2 22:03:59 2025 Player Toddy3557 has left
Sun Feb  2 22:04:01 2025 [Global] Naja (Blue): wtf gold
Sun Feb  2 22:04:01 2025 stonked (Red) [Headshot] YOELUCHIJA (Blue)
Sun Feb  2 22:04:01 2025 Dick'd (Red) [Headshot] Naja (Blue)
Sun Feb  2 22:04:04 2025 stonked (Red) [Headshot] Ketsuidachi (Blue)
Sun Feb  2 22:04:06 2025 Googlesplat (Red) [Headshot] Harry (Blue)
Sun Feb  2 22:04:08 2025 stonked (Red) [Headshot] r3algood (Blue)
Sun Feb  2 22:04:14 2025 [Global] ^w^ (Red): SpadesX for example is 60
Sun Feb  2 22:04:15 2025 stonked (Red) [Headshot] Vagabond (Blue)
Sun Feb  2 22:04:17 2025 stonked (Red) [Headshot] r3algood (Blue)
Sun Feb  2 22:04:19 2025 [Global] ^w^ (Red): CS:GO is 60
Sun Feb  2 22:04:19 2025 [Global] Dick'd (Red): naja is abit uninspired today
Sun Feb  2 22:04:21 2025 Goldorak (Red) [SMG] YOELUCHIJA (Blue)
Sun Feb  2 22:04:22 2025 Googlesplat (Red) [Headshot] DDS (Blue)
Sun Feb  2 22:04:24 2025 Harry (Blue) [Headshot] stonked (Red)
Sun Feb  2 22:04:31 2025 [Global] Googlesplat (Red): thought cs was 64 tick?
Sun Feb  2 22:04:32 2025  Use /HEAVEN to paint the babel platform!
Sun Feb  2 22:04:33 2025 Goldorak (Red) [Headshot] Ketsuidachi (Blue)
Sun Feb  2 22:04:37 2025 [Global] ^w^ (Red): CS Competitive is 120 tick
Sun Feb  2 22:04:37 2025 Naja (Blue) [Headshot] Bizonho (Red)
Sun Feb  2 22:04:38 2025 [Global] Googlesplat (Red): well now its "tickless"
Sun Feb  2 22:04:41 2025 YOELUCHIJA (Blue) [Grenade]
Sun Feb  2 22:04:43 2025 Goldorak (Red) [SMG] Harry (Blue)
Sun Feb  2 22:04:46 2025 [Global] ^w^ (Red): now its shit
Sun Feb  2 22:04:49 2025 Googlesplat (Red) [Rifle] r3algood (Blue)
Sun Feb  2 22:04:50 2025 [Global] ^w^ (Red): fuck CS2 
Sun Feb  2 22:04:54 2025 Googlesplat (Red) [Headshot] Vagabond (Blue)
Sun Feb  2 22:04:56 2025 Bizonho (Red) [Headshot] Naja (Blue)
Sun Feb  2 22:04:56 2025 Googlesplat (Red) [Headshot] YOELUCHIJA (Blue)
Sun Feb  2 22:05:00 2025 [Global] YOELUCHIJA (Blue): HACKS
Sun Feb  2 22:05:02 2025 [Global] Naja (Blue): who
Sun Feb  2 22:05:03 2025 [Global] YOELUCHIJA (Blue): NO HACK NO KIÑLÑ
Sun Feb  2 22:05:06 2025 [Global] ^w^ (Red): CS:S tho <3
Sun Feb  2 22:05:08 2025 Goldorak (Red) [Headshot] Ketsuidachi (Blue)
Sun Feb  2 22:05:08 2025 Googlesplat (Red) [Headshot] Vagabond (Blue)
Sun Feb  2 22:05:13 2025 Harry (Blue) [Headshot] stonked (Red)
Sun Feb  2 22:05:16 2025 Googlesplat (Red) [Rifle] r3algood (Blue)
Sun Feb  2 22:05:18 2025 Harry (Blue) [Headshot] Dick'd (Red)
Sun Feb  2 22:05:19 2025 [Global] r3algood (Blue): no way
Sun Feb  2 22:05:20 2025 [Global] YOELUCHIJA (Blue): GOOLGEL HACKER GaY AND SYUCK MY CUM
Sun Feb  2 22:05:23 2025 Goldorak (Red) [Headshot] Harry (Blue)
Sun Feb  2 22:05:26 2025 Googlesplat (Red) [Headshot] YOELUCHIJA (Blue)
Sun Feb  2 22:05:32 2025  Get a 20 killstreak and 1 intel capture(s) to unlock /APOC!
Sun Feb  2 22:05:33 2025 [Global] r3algood (Blue): theres no way you saw me coming up the stairs google
Sun Feb  2 22:05:35 2025 [Global] YOELUCHIJA (Blue): HACKER GAY STOP SUCK MY CUM
Sun Feb  2 22:05:36 2025 Googlesplat (Red) [Headshot] Harry (Blue)
Sun Feb  2 22:05:43 2025 Googlesplat (Red) [Headshot] {LAG} Irongears (Blue)
Sun Feb  2 22:05:47 2025 Vagabond (Blue) [Grenade]
Sun Feb  2 22:05:56 2025 Googlesplat (Red) [Headshot] YOELUCHIJA (Blue)
Sun Feb  2 22:05:59 2025 stonked (Red) [Rifle] Harry (Blue)
Sun Feb  2 22:06:00 2025 [Global] YOELUCHIJA (Blue): HJACKER GAY
Sun Feb  2 22:06:01 2025 Googlesplat (Red) [Headshot] r3algood (Blue)
Sun Feb  2 22:06:03 2025 Naja (Blue) [Headshot] Bizonho (Red)
Sun Feb  2 22:06:04 2025 ^w^ (Red) [Melee] Ketsuidachi (Blue)
Sun Feb  2 22:06:05 2025 Ketsuidachi (Blue) [Grenade] ^w^ (Red)
Sun Feb  2 22:06:05 2025 Googlesplat (Red) [Headshot] {LAG} Irongears (Blue)
Sun Feb  2 22:06:07 2025 Vagabond (Blue) [Grenade] Googlesplat (Red)
Sun Feb  2 22:06:08 2025 [Global] YOELUCHIJA (Blue):  I FUCK YOUR FATN A NIG G ER MOM
Sun Feb  2 22:06:12 2025 [Global] Googlesplat (Red): whoa buddy
Sun Feb  2 22:06:14 2025 [Global] Vagabond (Blue): xd
Sun Feb  2 22:06:20 2025 Bizonho (Red) [Headshot] Naja (Blue)
Sun Feb  2 22:06:22 2025 [Global] Naja (Blue): hax
Sun Feb  2 22:06:23 2025  YOELUCHIJA has a kill-death ratio of 0.17 (3 kills, 18 deaths, 0.20 kills per minute).
Sun Feb  2 22:06:23 2025  YOELUCHIJA removed no blocks in the last 2.0 minutes. YOELUCHIJA killed 1 teammates in
Sun Feb  2 22:06:23 2025  the last 2.0 minutes.
Sun Feb  2 22:06:23 2025  r3algood (#10) started a VOTEKICK against YOELUCHIJA (#19). Say /Y to agree
Sun Feb  2 22:06:23 2025  Reason: language buddy
Sun Feb  2 22:06:23 2025 Harry (Blue) [Headshot] stonked (Red)
Sun Feb  2 22:06:24 2025 [Global] ^w^ (Red): thats a foul
Sun Feb  2 22:06:29 2025 [Global] Googlesplat (Red): ah beat me to it
Sun Feb  2 22:06:29 2025  Googlesplat (#6) voted YES
Sun Feb  2 22:06:32 2025  Capture your team's 5th intel to unlock /APOC for your team's best builder!
Sun Feb  2 22:06:33 2025 [Team] Vagabond (Blue): they are building REALLY RREALLY FAST, LETS GOOOO
Sun Feb  2 22:06:34 2025 [Global] YOELUCHIJA (Blue): NO HACK NO WIN
Sun Feb  2 22:06:37 2025 Harry (Blue) [Headshot] Dick'd (Red)
Sun Feb  2 22:06:37 2025 Player Goldorak has left
Sun Feb  2 22:06:38 2025 [Global] YOELUCHIJA (Blue):  ALL SUCK MY CUMM
Sun Feb  2 22:06:42 2025  Vagabond (#9) voted YES
Sun Feb  2 22:06:42 2025  Dick'd (#15) voted YES
Sun Feb  2 22:06:44 2025 Player {LAG} Irongears has left
Sun Feb  2 22:06:45 2025 Vagabond (Blue) [Headshot] Bizonho (Red)
Sun Feb  2 22:06:50 2025 [Global] ^w^ (Red):  /lol
Sun Feb  2 22:06:53 2025  r3algood (#10) is votekicking YOELUCHIJA (#19). /Y to vote (3 left)
Sun Feb  2 22:06:53 2025  Reason: language buddy
Sun Feb  2 22:06:53 2025 [Global] YOELUCHIJA (Blue): FUCK ISRRAEL
Sun Feb  2 22:06:54 2025 Vagabond (Blue) [Headshot] ^w^ (Red)
Sun Feb  2 22:06:57 2025 stonked (Red) [Headshot] Naja (Blue)
Sun Feb  2 22:07:00 2025 [Global] Vagabond (Blue): fuck israelw!!!
Sun Feb  2 22:07:05 2025 Vagabond (Blue) [Headshot] Bizonho (Red)
Sun Feb  2 22:07:05 2025 JESUSITO joined Blue team
Sun Feb  2 22:07:08 2025 [Global] YOELUCHIJA (Blue): KILL ALL JWES
Sun Feb  2 22:07:08 2025 Googlesplat (Red) [Headshot] Vagabond (Blue)
Sun Feb  2 22:07:10 2025 [Global] YOELUCHIJA (Blue): VOTEW
Sun Feb  2 22:07:11 2025 Goldorak joined Red team
Sun Feb  2 22:07:11 2025 stonked (Red) [Headshot] Ketsuidachi (Blue)
Sun Feb  2 22:07:13 2025 Googlesplat (Red) [Headshot] Harry (Blue)
Sun Feb  2 22:07:14 2025  Nassa (#11) voted YES
Sun Feb  2 22:07:14 2025 [Global] Naja (Blue): vagahacks
Sun Feb  2 22:07:17 2025 [Global] Vagabond (Blue): KILL ALL
Sun Feb  2 22:07:17 2025 Player JESUSITO has left
Sun Feb  2 22:07:18 2025 [Global] Vagabond (Blue): lol
Sun Feb  2 22:07:19 2025 stonked (Red) [Headshot] YOELUCHIJA (Blue)
Sun Feb  2 22:07:21 2025 Googlesplat (Red) [Melee] DDS (Blue)
Sun Feb  2 22:07:23 2025  r3algood (#10) is votekicking YOELUCHIJA (#19). /Y to vote (3 left)
Sun Feb  2 22:07:23 2025  Reason: language buddy
Sun Feb  2 22:07:24 2025 stonked (Red) [Rifle] Naja (Blue)
Sun Feb  2 22:07:25 2025 r3algood (Blue) [Headshot] Googlesplat (Red)
Sun Feb  2 22:07:28 2025 [Global] Naja (Blue): vagahock
Sun Feb  2 22:07:28 2025 Harry (Blue) [Headshot] stonked (Red)
Sun Feb  2 22:07:32 2025  Mahalo for playing aloha.pk tower of babel
Sun Feb  2 22:07:34 2025  stonked (#14) voted YES
Sun Feb  2 22:07:39 2025 [Global] YOELUCHIJA (Blue): FUCK GIRNGOS
Sun Feb  2 22:07:43 2025 ^w^ (Red) [Headshot] Vagabond (Blue)
Sun Feb  2 22:07:43 2025 [Global] Vagabond (Blue): fuckkk
Sun Feb  2 22:07:45 2025 [Global] YOELUCHIJA (Blue): FUCK USA
Sun Feb  2 22:07:47 2025 [Global] Goldorak (Red): i'm the only one allowed to use hax here
Sun Feb  2 22:07:48 2025 [Global] r3algood (Blue): one more /y
Sun Feb  2 22:07:48 2025 JESUSITO joined Red team
Sun Feb  2 22:07:52 2025 Goldorak (Red) [SMG] Naja (Blue)
Sun Feb  2 22:07:52 2025 Googlesplat (Red) [Headshot] r3algood (Blue)
Sun Feb  2 22:07:53 2025  r3algood (#10) is votekicking YOELUCHIJA (#19). /Y to vote (2 left)
Sun Feb  2 22:07:53 2025  Reason: language buddy
Sun Feb  2 22:07:54 2025 [Global] Dick'd (Red): israelies will get what they deserve when trump abandons them
Sun Feb  2 22:07:55 2025 Ketsuidachi (Blue) [Fall]
Sun Feb  2 22:07:56 2025 [Global] Naja (Blue): goldorak clear hacks
Sun Feb  2 22:07:57 2025 [Global] ^w^ (Red):  /yeet
Sun Feb  2 22:07:59 2025 Harry (Blue) [Headshot] Nassa (Red)
Sun Feb  2 22:08:00 2025 Goldorak (Red) [SMG] YOELUCHIJA (Blue)
Sun Feb  2 22:08:03 2025 [Global] YOELUCHIJA (Blue): DO IT
Sun Feb  2 22:08:10 2025 [Global] Vagabond (Blue): trump is the maximum israeli supporter
Sun Feb  2 22:08:16 2025 [Global] YOELUCHIJA (Blue): FUCK TRUMP
Sun Feb  2 22:08:18 2025 Vagabond (Blue) [Headshot] JESUSITO (Red)
Sun Feb  2 22:08:19 2025 stonked (Red) [Headshot] Harry (Blue)
Sun Feb  2 22:08:20 2025 stonked (Red) [Headshot] r3algood (Blue)
Sun Feb  2 22:08:21 2025 ^w^ (Red) [Headshot] DDS (Blue)
Sun Feb  2 22:08:23 2025  Votekick for YOELUCHIJA (#19) has ended. Votekick timed out
Sun Feb  2 22:08:25 2025 stonked (Red) [Headshot] Ketsuidachi (Blue)
Sun Feb  2 22:08:26 2025 Googlesplat (Red) [Headshot] Vagabond (Blue)
Sun Feb  2 22:08:26 2025 YOELUCHIJA (Blue) [Headshot] Goldorak (Red)
Sun Feb  2 22:08:28 2025 stonked (Red) [Headshot] YOELUCHIJA (Blue)
Sun Feb  2 22:08:30 2025 [Global] ^w^ (Red):  /vetoed
Sun Feb  2 22:08:32 2025 [Global] Vagabond (Blue): lag
Sun Feb  2 22:08:32 2025  Build a tower to get the enemy's intel. Take it to your team's tent to win!
Sun Feb  2 22:08:34 2025 Googlesplat (Red) [Headshot] Naja (Blue)
Sun Feb  2 22:08:37 2025 [Global] YOELUCHIJA (Blue): HACKS
Sun Feb  2 22:08:38 2025 Nassa (Red) [Grenade]
Sun Feb  2 22:08:45 2025 [Global] Dick'd (Red): he's pulling patriot missiles from israel rn. israel is fucked
Sun Feb  2 22:08:49 2025 Player DDS has left
Sun Feb  2 22:09:00 2025 JESUSITO (Red) [Grenade]
Sun Feb  2 22:09:01 2025 [Global] YOELUCHIJA (Blue): ISRRALE IS EVIL
Sun Feb  2 22:09:09 2025 Goldorak (Red) [SMG] r3algood (Blue)
Sun Feb  2 22:09:13 2025 stonked (Red) [Headshot] Ketsuidachi (Blue)
Sun Feb  2 22:09:17 2025 [Global] Dick'd (Red): israel must cease to exist
Sun Feb  2 22:09:18 2025 YOELUCHIJA (Blue) [Grenade]
Sun Feb  2 22:09:20 2025 Dick'd (Red) [Headshot] Naja (Blue)
Sun Feb  2 22:09:23 2025 Goldorak (Red) [Headshot] Vagabond (Blue)
Sun Feb  2 22:09:23 2025 Harry (Blue) [Headshot] Goldorak (Red)
Sun Feb  2 22:09:27 2025 r3algood (Blue) [Headshot] Dick'd (Red)
Sun Feb  2 22:09:28 2025 [Global] Goldorak (Red): bad Harry
Sun Feb  2 22:09:31 2025 [Global] YOELUCHIJA (Blue): ISRRAEL DONT MUST EXIST
Sun Feb  2 22:09:32 2025 ^w^ (Red) [Headshot] r3algood (Blue)
Sun Feb  2 22:09:32 2025  Type /HELP for info & commands
Sun Feb  2 22:09:35 2025 [Global] Dick'd (Red): Naja wtf, why u playing so bad
Sun Feb  2 22:09:38 2025 [Global] Naja (Blue): tired
Sun Feb  2 22:09:41 2025 Googlesplat (Red) [Headshot] Harry (Blue)
Sun Feb  2 22:09:42 2025 [Global] Vagabond (Blue): israel is not a legitimate country
Sun Feb  2 22:09:43 2025 Googlesplat (Red) [Headshot] Naja (Blue)
Sun Feb  2 22:09:54 2025 ^w^ (Red) [Headshot] YOELUCHIJA (Blue)
Sun Feb  2 22:09:55 2025 stonked (Red) [Headshot] Vagabond (Blue)
Sun Feb  2 22:09:57 2025 Ketsuidachi (Blue) [Headshot] stonked (Red)
Sun Feb  2 22:09:58 2025 Harry (Blue) [Headshot] Googlesplat (Red)
Sun Feb  2 22:10:01 2025 [Global] YOELUCHIJA (Blue): KIKC ME
Sun Feb  2 22:10:05 2025 JESUSITO (Red) [Headshot] Naja (Blue)
Sun Feb  2 22:10:05 2025 r3algood (Blue) [Headshot] JESUSITO (Red)
Sun Feb  2 22:10:07 2025 Player Naja has left
Sun Feb  2 22:10:08 2025 ^w^ (Red) [Headshot] r3algood (Blue)
Sun Feb  2 22:10:18 2025  YOELUCHIJA has a kill-death ratio of 0.17 (4 kills, 23 deaths, 0.21 kills per minute).
Sun Feb  2 22:10:18 2025  YOELUCHIJA removed 15 blocks in the last 2.0 minutes. Some of them were placed by
Sun Feb  2 22:10:18 2025  Goldorak, stonked. Last one was destroyed 1 minute, 3 seconds ago, and belonged to
Sun Feb  2 22:10:18 2025  stonked. YOELUCHIJA killed 1 teammates in the last 2.0 minutes.
Sun Feb  2 22:10:18 2025  Vagabond (#9) started a VOTEKICK against YOELUCHIJA (#19). Say /Y to agree
Sun Feb  2 22:10:18 2025  Reason: ISRAEL HATER
Sun Feb  2 22:10:22 2025 Dick'd (Red) [Headshot] YOELUCHIJA (Blue)
Sun Feb  2 22:10:22 2025 [Global] YOELUCHIJA (Blue): NO HACK NOO WINWW
Sun Feb  2 22:10:26 2025 Harry (Blue) [Headshot] Dick'd (Red)
Sun Feb  2 22:10:30 2025 ^w^ (Red) [Headshot] r3algood (Blue)
Sun Feb  2 22:10:32 2025  Visit our community forums at https://aloha.pk/
Sun Feb  2 22:10:34 2025 [Global] Dick'd (Red): no hax
Sun Feb  2 22:10:34 2025 stonked (Red) [Headshot] Harry (Blue)
Sun Feb  2 22:10:35 2025 stonked (Red) [Headshot] Vagabond (Blue)
Sun Feb  2 22:10:36 2025  Votekick for YOELUCHIJA (#19) has ended. Cancelled
Sun Feb  2 22:10:37 2025 [Global] Dick'd (Red): u was distracted
Sun Feb  2 22:10:41 2025 [Global] Harry (Blue): balance
Sun Feb  2 22:10:44 2025 [Global] YOELUCHIJA (Blue): GOOGLE HACK
Sun Feb  2 22:10:50 2025 [Global] r3algood (Blue): why is everyone better than me hacking and everyone worse not?!?
Sun Feb  2 22:10:53 2025 stonked (Red) [Headshot] Harry (Blue)
Sun Feb  2 22:11:00 2025 Goldorak (Red) [Headshot] Vagabond (Blue)
Sun Feb  2 22:11:02 2025 [Global] Vagabond (Blue): xd
Sun Feb  2 22:11:03 2025 Ketsuidachi (Blue) [Headshot] Goldorak (Red)
Sun Feb  2 22:11:04 2025 [Global] Dick'd (Red): r3al is a true hacker
Sun Feb  2 22:11:11 2025 crash joined Blue team
Sun Feb  2 22:11:12 2025 r3algood (Blue) [Headshot] stonked (Red)
Sun Feb  2 22:11:13 2025 ^w^ (Red) [Rifle] r3algood (Blue)
Sun Feb  2 22:11:17 2025 [Global] r3algood (Blue): all i hack is the intel
Sun Feb  2 22:11:17 2025 YOELUCHIJA (Blue) [Melee] Dick'd (Red)
Sun Feb  2 22:11:32 2025  Come chat with us at https://discord.aloha.pk/
Sun Feb  2 22:11:36 2025 [Global] ^w^ (Red): you dont even know how to open the breifcase
Sun Feb  2 22:11:38 2025 r3algood (Blue) [Headshot] JESUSITO (Red)
Sun Feb  2 22:11:40 2025 ^w^ (Red) [Headshot] r3algood (Blue)
Sun Feb  2 22:11:43 2025 ^w^ (Red) [Headshot] crash (Blue)
Sun Feb  2 22:11:44 2025 YOELUCHIJA (Blue) [Headshot] Goldorak (Red)
Sun Feb  2 22:11:47 2025 Googlesplat (Red) [Headshot] Harry (Blue)
Sun Feb  2 22:11:49 2025 Vagabond (Blue) [Headshot] Dick'd (Red)
Sun Feb  2 22:11:49 2025 stonked (Red) [Headshot] Vagabond (Blue)
Sun Feb  2 22:11:52 2025 [Global] Harry (Blue): balance
Sun Feb  2 22:11:54 2025 [Global] r3algood (Blue): right click with spade on intel to read it
Sun Feb  2 22:11:56 2025 Googlesplat (Red) [Headshot] Vagabond (Blue)
Sun Feb  2 22:11:58 2025 Googlesplat (Red) [Headshot] Harry (Blue)
Sun Feb  2 22:12:00 2025 stonked (Red) [Melee] Ketsuidachi (Blue)
Sun Feb  2 22:12:02 2025 Googlesplat (Red) [Headshot] crash (Blue)
Sun Feb  2 22:12:06 2025 Googlesplat (Red) [Headshot] r3algood (Blue)
Sun Feb  2 22:12:10 2025 [Global] crash (Blue): left click with grenade 
Sun Feb  2 22:12:13 2025 Googlesplat (Red) [Headshot] Harry (Blue)
Sun Feb  2 22:12:18 2025 JESUSITO (Red) [Headshot] Vagabond (Blue)
Sun Feb  2 22:12:18 2025 [Global] Vagabond (Blue): whats inside the intels
Sun Feb  2 22:12:19 2025 crash (Blue) [Headshot] stonked (Red)
Sun Feb  2 22:12:20 2025 Googlesplat (Red) [Headshot] r3algood (Blue)
Sun Feb  2 22:12:22 2025 [Global] r3algood (Blue): the intel on vagabond is pretty juicy
Sun Feb  2 22:12:25 2025 [Global] YOELUCHIJA (Blue): HACK
Sun Feb  2 22:12:25 2025 [Global] Vagabond (Blue): xd
Sun Feb  2 22:12:28 2025 JESUSITO (Red) [Grenade] Ketsuidachi (Blue)
Sun Feb  2 22:12:32 2025  If you believe a player is breaking the rules, please let us know with /ADMIN
Sun Feb  2 22:12:33 2025 Googlesplat (Red) [Fall]
Sun Feb  2 22:12:34 2025 JESUSITO (Red) [Headshot] YOELUCHIJA (Blue)
Sun Feb  2 22:12:37 2025 Harry (Blue) [Headshot] JESUSITO (Red)
Sun Feb  2 22:12:44 2025 Ketsuidachi (Blue) [Fall]
Sun Feb  2 22:12:46 2025 [Global] r3algood (Blue): googlesplat falling outta the damn sky headshotting blues
Sun Feb  2 22:12:46 2025 [Global] ^w^ (Red): pretty sure its poop
Sun Feb  2 22:12:48 2025 Nassa (Red) [Headshot] Harry (Blue)
Sun Feb  2 22:12:53 2025 crash (Blue) [Headshot] Dick'd (Red)
Sun Feb  2 22:12:53 2025 [Global] YOELUCHIJA (Blue): I S HACK
Sun Feb  2 22:12:54 2025 Nassa (Red) [Headshot] crash (Blue)
Sun Feb  2 22:12:57 2025 Ketsuidachi (Blue) [Fall]
Sun Feb  2 22:12:57 2025 [Team] crash (Blue): tower front
Sun Feb  2 22:13:06 2025 [Team] crash (Blue): inside tower
Sun Feb  2 22:13:06 2025 [Global] Vagabond (Blue): hmmm, my theory is every single intel have a dildo inside
Sun Feb  2 22:13:08 2025 ^w^ (Red) [Headshot] Harry (Blue)
Sun Feb  2 22:13:11 2025 Ketsuidachi (Blue) [Weapon Change]
Sun Feb  2 22:13:13 2025 Disconnecting
