Tue Feb 25 21:59:03 2025 ------ World Loaded ------
Tue Feb 25 21:59:03 2025 Welcome to aloha.pk tower of babel
Tue Feb 25 21:59:04 2025 SkibidiFartGod joined Blue team
Tue Feb 25 21:59:04 2025 Map: pinpoint2 by TheGrandmaster
Tue Feb 25 21:59:06 2025 Game mode: babel
Tue Feb 25 21:59:08 2025 Build a tower to get the enemy's intel. Take it to your team's tent to win!
Tue Feb 25 21:59:09 2025 Sithis (Red) [SMG] Vagabond (Blue)
Tue Feb 25 21:59:10 2025 Randy Orton (Blue) [Headshot] Sithis (Red)
Tue Feb 25 21:59:10 2025 Vagabond (Blue) [Fall]
Tue Feb 25 21:59:10 2025 Sithis (Red) [Fall]
Tue Feb 25 21:59:10 2025 Visit our community forum at https://aloha.pk/
Tue Feb 25 21:59:10 2025 Randy Orton (Blue) [Headshot] Noaa (Red)
Tue Feb 25 21:59:10 2025 tyjsnd (Red) [Headshot] Forneuzz (Blue)
Tue Feb 25 21:59:11 2025 Max-Kill (Red) [Headshot] NickHogg (Blue)
Tue Feb 25 21:59:11 2025 Rezon (Blue) [Headshot] Max-Kill (Red)
Tue Feb 25 21:59:12 2025 Come chat with us at https://discord.aloha.pk/
Tue Feb 25 21:59:13 2025 gus (Red) [Headshot] Randy Orton (Blue)
Tue Feb 25 21:59:14 2025  Randy Orton was banned.
Tue Feb 25 21:59:14 2025 Player Randy Orton has left
Tue Feb 25 21:59:15 2025 CarlosDuty (Blue) [Headshot] David (Red)
Tue Feb 25 21:59:16 2025 SkibidiFartGod (Blue) [SMG] tyjsnd (Red)
Tue Feb 25 21:59:17 2025 tyjsnd (Red) [Grenade] SkibidiFartGod (Blue)
Tue Feb 25 21:59:22 2025 literally (Blue) [Fall]
Tue Feb 25 21:59:25 2025  Come chat with us at https://discord.aloha.pk/
Tue Feb 25 21:59:28 2025 Rezon (Blue) [Headshot] stonked (Red)
Tue Feb 25 21:59:29 2025 too much vodka (Blue) [Fall]
Tue Feb 25 21:59:37 2025 Rezon (Blue) [Headshot] gus (Red)
Tue Feb 25 21:59:46 2025 Rezon (Blue) [Rifle] Sithis (Red)
Tue Feb 25 21:59:56 2025 Rezon (Blue) [Headshot] David (Red)
Tue Feb 25 21:59:57 2025 stonked (Red) [SMG] NickHogg (Blue)
Tue Feb 25 21:59:58 2025 Player SkibidiFartGod has left
Tue Feb 25 22:00:01 2025 tyjsnd (Red) [Headshot] Tyberiuns (Blue)
Tue Feb 25 22:00:04 2025 Rezon (Blue) [Headshot] stonked (Red)
Tue Feb 25 22:00:06 2025 Max-Kill (Red) [Headshot] CarlosDuty (Blue)
Tue Feb 25 22:00:09 2025 Harry (Red) [Headshot] Forneuzz (Blue)
Tue Feb 25 22:00:10 2025 tyjsnd (Red) [Headshot] Rezon (Blue)
Tue Feb 25 22:00:11 2025 Vagabond (Blue) [Headshot] Sithis (Red)
Tue Feb 25 22:00:13 2025 SkibidiFartGod joined Blue team
Tue Feb 25 22:00:16 2025 [Global] SkibidiFartGod (Blue): the game is not working
Tue Feb 25 22:00:23 2025 [Global] SkibidiFartGod (Blue): it's randomly teleporting or falling
Tue Feb 25 22:00:25 2025 Rezon (Blue) [Headshot] Max-Kill (Red)
Tue Feb 25 22:00:25 2025  If you believe a player is breaking the rules, please let us know with /ADMIN
Tue Feb 25 22:00:30 2025 [Global] Rezon (Blue): :(
Tue Feb 25 22:00:33 2025 NickHogg (Blue) [Headshot] gus (Red)
Tue Feb 25 22:00:34 2025 David (Red) [Headshot] Tyberiuns (Blue)
Tue Feb 25 22:00:36 2025 Rezon (Blue) [Rifle] Harry (Red)
Tue Feb 25 22:00:37 2025 [Global] Vagabond (Blue): i love when we reach this level of battle in aloha
Tue Feb 25 22:00:38 2025 [Global] SkibidiFartGod (Blue): they got to fix the server
Tue Feb 25 22:00:40 2025 [Global] Vagabond (Blue): in babel*
Tue Feb 25 22:00:41 2025 stonked (Red) [Headshot] NickHogg (Blue)
Tue Feb 25 22:00:42 2025 Player SkibidiFartGod has left
Tue Feb 25 22:00:49 2025 stonked (Red) [SMG] elbow (Blue)
Tue Feb 25 22:00:50 2025 David (Red) [Rifle] Vagabond (Blue)
Tue Feb 25 22:00:52 2025 Rezon (Blue) [Headshot] Harry (Red)
Tue Feb 25 22:00:55 2025 stonked (Red) [Headshot] too much vodka (Blue)
Tue Feb 25 22:00:55 2025 Max-Kill picked up Blue's Intel.
Tue Feb 25 22:01:03 2025 [Noob]Link.ep joined Red team
Tue Feb 25 22:01:04 2025 stonked (Red) [SMG] Tyberiuns (Blue)
Tue Feb 25 22:01:06 2025 Vagabond (Blue) [Headshot] stonked (Red)
Tue Feb 25 22:01:10 2025 tyjsnd (Red) [Headshot] Vagabond (Blue)
Tue Feb 25 22:01:14 2025 tyjsnd (Red) [Headshot] elbow (Blue)
Tue Feb 25 22:01:15 2025 David (Red) [Fall]
Tue Feb 25 22:01:16 2025 Max-Kill (Red) [SMG] Rezon (Blue)
Tue Feb 25 22:01:22 2025 too much vodka (Blue) [Headshot] Slut Hunter (Red)
Tue Feb 25 22:01:23 2025 [Team] David (Red): xdddddddddddd
Tue Feb 25 22:01:24 2025 too much vodka (Blue) [Headshot] gigi (Red)
Tue Feb 25 22:01:24 2025 tyjsnd (Red) [Headshot] Vagabond (Blue)
Tue Feb 25 22:01:25 2025  This server runs imger and glow. Use /IMG or /GLOW to toggle them.
Tue Feb 25 22:01:27 2025 Max-Kill captured Blue's Intel.
Tue Feb 25 22:01:30 2025 too much vodka (Blue) [Melee] tyjsnd (Red)
Tue Feb 25 22:01:35 2025 Sithis picked up Blue's Intel.
Tue Feb 25 22:01:36 2025 [Team] tyjsnd (Red): blue > under tower
Tue Feb 25 22:01:38 2025 Tyberiuns (Blue) [Grenade] gus (Red)
Tue Feb 25 22:01:41 2025 stonked (Red) [Headshot] Tyberiuns (Blue)
Tue Feb 25 22:01:42 2025 tyjsnd (Red) [Headshot] CarlosDuty (Blue)
Tue Feb 25 22:01:45 2025 [Team] tyjsnd (Red): ded
Tue Feb 25 22:01:49 2025 too much vodka (Blue) [SMG]
Tue Feb 25 22:01:52 2025 Vagabond (Blue) [SMG] stonked (Red)
Tue Feb 25 22:01:52 2025 David (Red) [Headshot] Vagabond (Blue)
Tue Feb 25 22:01:56 2025 Rezon (Blue) [Headshot] gus (Red)
Tue Feb 25 22:01:57 2025 Max-Kill (Red) [Headshot] elbow (Blue)
Tue Feb 25 22:02:00 2025 Sithis captured Blue's Intel.
Tue Feb 25 22:02:03 2025 David picked up Blue's Intel.
Tue Feb 25 22:02:08 2025 Tyberiuns (Blue) [Grenade] gigi (Red)
Tue Feb 25 22:02:10 2025 NickHogg (Blue) [Fall]
Tue Feb 25 22:02:11 2025 too much vodka (Blue) [Headshot] Slut Hunter (Red)
Tue Feb 25 22:02:12 2025 You must be closer to the enemy's base to grenade blocks!
Tue Feb 25 22:02:13 2025 Rezon (Blue) [Headshot] stonked (Red)
Tue Feb 25 22:02:13 2025 Harry (Red) [Grenade] Vagabond (Blue)
Tue Feb 25 22:02:13 2025 You must be closer to the enemy's base to grenade blocks!
Tue Feb 25 22:02:13 2025 Max-Kill (Red) [Headshot] too much vodka (Blue)
Tue Feb 25 22:02:14 2025 You must be closer to the enemy's base to grenade blocks!
Tue Feb 25 22:02:14 2025 Rezon (Blue) [Headshot] Noaa (Red)
Tue Feb 25 22:02:15 2025 Rezon (Blue) [Headshot] gigi (Red)
Tue Feb 25 22:02:18 2025 Max-Kill (Red) [Headshot] Tyberiuns (Blue)
Tue Feb 25 22:02:21 2025 gus (Red) [SMG] CarlosDuty (Blue)
Tue Feb 25 22:02:24 2025 Slut Hunter (Red) [Headshot] Rezon (Blue)
Tue Feb 25 22:02:25 2025  Use /EMOTE to draw an emote on the map!
Tue Feb 25 22:02:31 2025 David captured Blue's Intel.
Tue Feb 25 22:02:31 2025 elbow (Blue) [SMG] Harry (Red)
Tue Feb 25 22:02:33 2025 elbow (Blue) [Headshot] Max-Kill (Red)
Tue Feb 25 22:02:33 2025 NickHogg (Blue) [Grenade]
Tue Feb 25 22:02:37 2025 Rezon (Blue) [Headshot] [Noob]Link.ep (Red)
Tue Feb 25 22:02:47 2025 stonked (Red) [Headshot] Vagabond (Blue)
Tue Feb 25 22:02:54 2025 tyjsnd (Red) [SMG] Rezon (Blue)
Tue Feb 25 22:02:55 2025 Sithis picked up Blue's Intel.
Tue Feb 25 22:02:56 2025 tyjsnd (Red) [Fall]
Tue Feb 25 22:02:57 2025 Vagabond (Blue) [SMG] Slut Hunter (Red)
Tue Feb 25 22:03:00 2025 Harry (Red) [Headshot] Tyberiuns (Blue)
Tue Feb 25 22:03:05 2025 too much vodka (Blue) [Headshot] David (Red)
Tue Feb 25 22:03:09 2025 stonked (Red) [Headshot] NickHogg (Blue)
Tue Feb 25 22:03:09 2025 [Noob]Link.ep (Red) [Headshot] Forneuzz (Blue)
Tue Feb 25 22:03:09 2025 too much vodka (Blue) [Headshot] stonked (Red)
Tue Feb 25 22:03:14 2025 Rezon (Blue) [Headshot] gus (Red)
Tue Feb 25 22:03:15 2025 too much vodka (Blue) [Fall]
Tue Feb 25 22:03:16 2025 Rezon (Blue) [Headshot] [Noob]Link.ep (Red)
Tue Feb 25 22:03:20 2025 Harry (Red) [Headshot] Rezon (Blue)
Tue Feb 25 22:03:21 2025 Sithis captured Blue's Intel.
Tue Feb 25 22:03:25 2025  Use /HEAVEN to paint the babel platform!
Tue Feb 25 22:03:28 2025 Max-Kill (Red) [Headshot] Tyberiuns (Blue)
Tue Feb 25 22:03:30 2025 Slut Hunter picked up Blue's Intel.
Tue Feb 25 22:03:32 2025 Slut Hunter dropped Blue's Intel
Tue Feb 25 22:03:32 2025 elbow (Blue) [Headshot] Slut Hunter (Red)
Tue Feb 25 22:03:37 2025 elbow (Blue) [SMG] Max-Kill (Red)
Tue Feb 25 22:03:38 2025 Harry (Red) [Headshot] Forneuzz (Blue)
Tue Feb 25 22:03:40 2025 Rezon (Blue) [Headshot] Harry (Red)
Tue Feb 25 22:03:40 2025 stonked (Red) [Headshot] Vagabond (Blue)
Tue Feb 25 22:03:43 2025 tyjsnd picked up Blue's Intel.
Tue Feb 25 22:03:46 2025 stonked (Red) [Headshot] too much vodka (Blue)
Tue Feb 25 22:03:47 2025 [Global] Vagabond (Blue): we cooked
Tue Feb 25 22:03:47 2025 [Global] Vagabond (Blue): gg
Tue Feb 25 22:03:48 2025 elbow (Blue) [Headshot] David (Red)
Tue Feb 25 22:03:50 2025 [Noob]Link.ep (Red) [Headshot] NickHogg (Blue)
Tue Feb 25 22:03:51 2025 stonked (Red) [SMG] elbow (Blue)
Tue Feb 25 22:03:56 2025 stonked (Red) [SMG] NickHogg (Blue)
Tue Feb 25 22:03:58 2025 [Noob]Link.ep (Red) [Grenade] Vagabond (Blue)
Tue Feb 25 22:03:58 2025 [Global] too much vodka (Blue): gg 
Tue Feb 25 22:04:01 2025 stonked (Red) [SMG] Tyberiuns (Blue)
Tue Feb 25 22:04:02 2025 Harry (Red) [Headshot] Forneuzz (Blue)
Tue Feb 25 22:04:02 2025 stonked (Red) [Headshot] too much vodka (Blue)
Tue Feb 25 22:04:03 2025 Rezon (Blue) [Headshot] Max-Kill (Red)
Tue Feb 25 22:04:04 2025 [Global] too much vodka (Blue): i prolonged blues fate lol
Tue Feb 25 22:04:09 2025  Noaa has unleashed an apocalypse from God.
Tue Feb 25 22:04:09 2025 Rezon (Blue) [Headshot] gigi (Red)
Tue Feb 25 22:04:10 2025 [Noob]Link.ep (Red) [Headshot] CarlosDuty (Blue)
Tue Feb 25 22:04:11 2025  The apocalypse begins in 5
Tue Feb 25 22:04:12 2025  The apocalypse begins in 4
Tue Feb 25 22:04:12 2025 [Global] Noaa (Red): gg
Tue Feb 25 22:04:13 2025  The apocalypse begins in 3
Tue Feb 25 22:04:14 2025  The apocalypse begins in 2
Tue Feb 25 22:04:14 2025 [Global] Max-Kill (Red): gg some has more kills but we have more flags captured
Tue Feb 25 22:04:15 2025  The apocalypse begins in 1
Tue Feb 25 22:04:15 2025 tyjsnd captured Blue's Intel.
Tue Feb 25 22:04:15 2025 Red Wins!
Tue Feb 25 22:04:15 2025  Game finished! Next map: oasis2.
Tue Feb 25 22:04:16 2025 Forneuzz (Blue) [Shotgun] tyjsnd (Red)
Tue Feb 25 22:04:16 2025 Sithis (Red) [SMG] Rezon (Blue)
Tue Feb 25 22:04:17 2025 Harry (Red) [Headshot] NickHogg (Blue)
Tue Feb 25 22:04:17 2025 Sithis (Red) [Headshot] Forneuzz (Blue)
Tue Feb 25 22:04:17 2025 Slut Hunter (Red) [SMG] Forneuzz (Blue)
Tue Feb 25 22:04:18 2025 Noaa (Red) [Headshot] Tyberiuns (Blue)
Tue Feb 25 22:04:18 2025 Noaa (Red) [SMG] Tyberiuns (Blue)
Tue Feb 25 22:04:18 2025 Slut Hunter (Red) [SMG] Forneuzz (Blue)
Tue Feb 25 22:04:18 2025 Slut Hunter (Red) [SMG] Forneuzz (Blue)
Tue Feb 25 22:04:18 2025 Slut Hunter (Red) [Headshot] Forneuzz (Blue)
Tue Feb 25 22:04:18 2025 Slut Hunter (Red) [SMG] Forneuzz (Blue)
Tue Feb 25 22:04:19 2025 Slut Hunter (Red) [SMG] Tyberiuns (Blue)
Tue Feb 25 22:04:19 2025 Harry (Red) [Rifle] elbow (Blue)
Tue Feb 25 22:04:19 2025 Noaa (Red) [SMG] too much vodka (Blue)
Tue Feb 25 22:04:19 2025 Noaa (Red) [SMG] too much vodka (Blue)
Tue Feb 25 22:04:19 2025 [Noob]Link.ep (Red) [Grenade] Vagabond (Blue)
Tue Feb 25 22:04:20 2025 CarlosDuty (Blue) [Fall]
Tue Feb 25 22:04:20 2025 stonked (Red) [Fall]
Tue Feb 25 22:04:21 2025 [Global] tyjsnd (Red): gg
Tue Feb 25 22:04:21 2025 Noaa (Red) [Grenade]
Tue Feb 25 22:04:21 2025 Slut Hunter (Red) [Fall]
Tue Feb 25 22:04:22 2025 [Noob]Link.ep (Red) [Fall]
Tue Feb 25 22:04:22 2025 gus (Red) [Fall]
Tue Feb 25 22:04:22 2025 Sithis (Red) [Fall]
Tue Feb 25 22:04:22 2025 Harry (Red) [Fall]
Tue Feb 25 22:04:22 2025 gigi (Red) [Fall]
Tue Feb 25 22:04:22 2025 [Global] too much vodka (Blue): lol
Tue Feb 25 22:04:22 2025 Max-Kill (Red) [Fall]
Tue Feb 25 22:04:24 2025 [Global] Noaa (Red): ayy lmao
Tue Feb 25 22:04:25 2025 ------ World Unloaded ------
Tue Feb 25 22:04:30 2025 ------ World Loaded ------
Tue Feb 25 22:04:30 2025 Sithis joined Red team
Tue Feb 25 22:04:30 2025 Welcome to aloha.pk tower of babel
Tue Feb 25 22:04:30 2025 Rezon joined Blue team
Tue Feb 25 22:04:30 2025 too much vodka joined Red team
Tue Feb 25 22:04:31 2025 Max-Kill joined Red team
Tue Feb 25 22:04:31 2025 Map: OASIS 2 by JoJoe-Stinky AKA Jason Bonham
Tue Feb 25 22:04:32 2025 [Noob]Link.ep joined Blue team
Tue Feb 25 22:04:32 2025 Slut Hunter joined Red team
Tue Feb 25 22:04:32 2025 tyjsnd joined Blue team
Tue Feb 25 22:04:33 2025 Disconnecting
