Sat Apr 12 16:08:57 2025 ------ World Loaded ------
Sat Apr 12 16:08:58 2025 liberal (Red) [SMG] desy (Blue)
Sat Apr 12 16:08:58 2025 Welcome to aloha.pk tower of babel
Sat Apr 12 16:08:58 2025 Gay guy [GAY] dropped Blue's Intel
Sat Apr 12 16:08:58 2025 HackMaster2000 (Blue) [Headshot] Gay guy [GAY] (Red)
Sat Apr 12 16:08:59 2025 Map: WarmKnot by AquaLessPantsu
Sat Apr 12 16:09:01 2025 Game mode: babel
Sat Apr 12 16:09:01 2025 KillerPollo (Red) [Grenade] mariosteve (Blue)
Sat Apr 12 16:09:01 2025 mariosteve (Blue) [Fall]
Sat Apr 12 16:09:03 2025 Build a tower to get the enemy's intel. Take it to your team's tent to win!
Sat Apr 12 16:09:04 2025 [Team] Pseudo (Blue): red is outrageous
Sat Apr 12 16:09:05 2025 Visit our community forum at https://aloha.pk/
Sat Apr 12 16:09:07 2025 Come chat with us at https://discord.aloha.pk/
Sat Apr 12 16:09:18 2025 capibara (Red) [Headshot] Pseudo (Blue)
Sat Apr 12 16:09:23 2025 capibara (Red) [Headshot] filco (Blue)
Sat Apr 12 16:09:24 2025 KillerPollo (Red) [SMG] mariosteve (Blue)
Sat Apr 12 16:09:29 2025 capibara (Red) [Headshot] Harry (Blue)
Sat Apr 12 16:09:30 2025 [Global] mariosteve (Blue): deaths are so slow
Sat Apr 12 16:09:31 2025 capibara (Red) [Headshot] Pseudo (Blue)
Sat Apr 12 16:09:34 2025  Visit our community forums at https://aloha.pk/
Sat Apr 12 16:09:38 2025 KillerPollo (Red) [SMG] mariosteve (Blue)
Sat Apr 12 16:09:39 2025 Harry (Blue) [Headshot] Gay guy [GAY] (Red)
Sat Apr 12 16:09:39 2025 KillerPollo (Red) [SMG] Pseudo (Blue)
Sat Apr 12 16:09:39 2025 SHURA joined Red team
Sat Apr 12 16:09:44 2025 [Global] mariosteve (Blue): that lag
Sat Apr 12 16:09:45 2025 Deuce (Blue) [Grenade] chop (Red)
Sat Apr 12 16:09:45 2025 [Global] Pseudo (Blue): real like 8 seconds is eternal
Sat Apr 12 16:09:49 2025 KillerPollo (Red) [SMG] Pseudo (Blue)
Sat Apr 12 16:09:49 2025 KillerPollo (Red) [Headshot] mariosteve (Blue)
Sat Apr 12 16:09:52 2025 capibara (Red) [SMG] Harry (Blue)
Sat Apr 12 16:09:56 2025 [Global] mariosteve (Blue): I saw you shooting in the direction opposite to me
Sat Apr 12 16:09:59 2025 Deuce picked up Red's Intel.
Sat Apr 12 16:10:00 2025 Deuce1 joined Spectator team
Sat Apr 12 16:10:01 2025 KillerPollo (Red) [Headshot] mariosteve (Blue)
Sat Apr 12 16:10:02 2025 KillerPollo (Red) [Headshot] Pseudo (Blue)
Sat Apr 12 16:10:03 2025 Deuce (Blue) [Shotgun] SHURA (Red)
Sat Apr 12 16:10:03 2025 KillerPollo (Red) [Headshot] Harry (Blue)
Sat Apr 12 16:10:07 2025 Jamal joined Blue team
Sat Apr 12 16:10:08 2025 [Global] mariosteve (Blue): stop it
Sat Apr 12 16:10:11 2025 liberal (Red) [Headshot] Jamal (Blue)
Sat Apr 12 16:10:13 2025 vivian<3 (Red) [Headshot] filco (Blue)
Sat Apr 12 16:10:14 2025 KillerPollo (Red) [SMG] mariosteve (Blue)
Sat Apr 12 16:10:15 2025 KillerPollo (Red) [SMG] Pseudo (Blue)
Sat Apr 12 16:10:16 2025 [Global] Pseudo (Blue): ok this is infuriating
Sat Apr 12 16:10:19 2025 Jamal (Blue) [SMG] liberal (Red)
Sat Apr 12 16:10:21 2025 Deuce dropped Red's Intel
Sat Apr 12 16:10:21 2025  The intel has returned to the heavens
Sat Apr 12 16:10:21 2025 Deuce (Blue) [Fall]
Sat Apr 12 16:10:23 2025 Harry (Blue) [Headshot] KillerPollo (Red)
Sat Apr 12 16:10:25 2025 liberal (Red) [Team Change]
Sat Apr 12 16:10:29 2025 Harry (Blue) [Headshot] capibara (Red)
Sat Apr 12 16:10:30 2025 Ulemek_JSO (Blue) [Headshot] RemuS (Red)
Sat Apr 12 16:10:32 2025 vivian<3 (Red) [Headshot] filco (Blue)
Sat Apr 12 16:10:32 2025 Player Deuce1 has left
Sat Apr 12 16:10:33 2025 [Global] capibara (Red): apoc?
Sat Apr 12 16:10:34 2025  Come chat with us at https://discord.aloha.pk/
Sat Apr 12 16:10:36 2025 liberal joined Blue team
Sat Apr 12 16:10:37 2025 [Global] mariosteve (Blue): no
Sat Apr 12 16:10:39 2025 [Global] capibara (Red): ye
Sat Apr 12 16:10:40 2025 filco (Blue) [Headshot] Gay guy [GAY] (Red)
Sat Apr 12 16:10:41 2025 vivian<3 (Red) [Headshot] filco (Blue)
Sat Apr 12 16:10:42 2025 [Global] capibara (Red): do /apoc reds
Sat Apr 12 16:10:43 2025 KillerPollo (Red) [SMG] Jamal (Blue)
Sat Apr 12 16:10:43 2025 [Global] mariosteve (Blue): that'd be stupid
Sat Apr 12 16:10:44 2025 [Global] RemuS (Red): useless
Sat Apr 12 16:10:50 2025 mariosteve (Blue) [Headshot] KillerPollo (Red)
Sat Apr 12 16:10:56 2025 [Global] KillerPollo (Red): finish them
Sat Apr 12 16:10:57 2025 capibara (Red) [Headshot] Pseudo (Blue)
Sat Apr 12 16:10:58 2025 capibara (Red) [Headshot] liberal (Blue)
Sat Apr 12 16:10:59 2025 mariosteve (Blue) [Rifle] capibara (Red)
Sat Apr 12 16:11:01 2025 SHURA (Red) [SMG] Deuce (Blue)
Sat Apr 12 16:11:01 2025 Player liberal has left
Sat Apr 12 16:11:03 2025 vivian<3 (Red) [SMG] filco (Blue)
Sat Apr 12 16:11:07 2025 mariosteve (Blue) [Headshot] Gay guy [GAY] (Red)
Sat Apr 12 16:11:11 2025 capibara (Red) [SMG] mariosteve (Blue)
Sat Apr 12 16:11:13 2025 capibara (Red) [Headshot] Jamal (Blue)
Sat Apr 12 16:11:13 2025 SHURA (Red) [Headshot] desy (Blue)
Sat Apr 12 16:11:17 2025 filco (Blue) [Grenade]
Sat Apr 12 16:11:19 2025 Player desy has left
Sat Apr 12 16:11:20 2025 capibara (Red) [SMG] Pseudo (Blue)
Sat Apr 12 16:11:21 2025 Ulemek_JSO (Blue) [Headshot] RemuS (Red)
Sat Apr 12 16:11:24 2025 KillerPollo (Red) [SMG] mariosteve (Blue)
Sat Apr 12 16:11:26 2025 KillerPollo (Red) [SMG] filco (Blue)
Sat Apr 12 16:11:28 2025 Deuce (Blue) [Grenade] capibara (Red)
Sat Apr 12 16:11:29 2025 HackMaster2000 (Blue) [Headshot] KillerPollo (Red)
Sat Apr 12 16:11:34 2025  If you believe a player is breaking the rules, please let us know with /ADMIN
Sat Apr 12 16:11:36 2025 [Global] KillerPollo (Red): one lue monkey
Sat Apr 12 16:11:37 2025 ChaoticSpice :V joined Red team
Sat Apr 12 16:11:38 2025 Jamal (Blue) [Headshot] Gay guy [GAY] (Red)
Sat Apr 12 16:11:55 2025 Jamal (Blue) [Headshot] chop (Red)
Sat Apr 12 16:11:55 2025 capibara (Red) [Headshot] Jamal (Blue)
Sat Apr 12 16:11:55 2025 vivian<3 (Red) [Melee] filco (Blue)
Sat Apr 12 16:11:55 2025 [Global] Gay guy [GAY] (Red): 2 blue monkeys
Sat Apr 12 16:11:55 2025 Pseudo (Blue) [Fall]
Sat Apr 12 16:11:59 2025 KillerPollo (Red) [SMG] Deuce (Blue)
Sat Apr 12 16:12:01 2025 Ulemek_JSO (Blue) [Headshot] RemuS (Red)
Sat Apr 12 16:12:02 2025 capibara (Red) [Headshot] Harry (Blue)
Sat Apr 12 16:12:06 2025 ChaoticSpice :V picked up Blue's Intel.
Sat Apr 12 16:12:06 2025 HackMaster2000 (Blue) [Rifle] KillerPollo (Red)
Sat Apr 12 16:12:09 2025 mariosteve (Blue) [Headshot] capibara (Red)
Sat Apr 12 16:12:11 2025 [Global] capibara (Red): fuck
Sat Apr 12 16:12:12 2025 [Global] capibara (Red): ns
Sat Apr 12 16:12:17 2025 Gay guy [GAY] (Red) [Headshot] mariosteve (Blue)
Sat Apr 12 16:12:20 2025 Deuce (Blue) [Shotgun] Gay guy [GAY] (Red)
Sat Apr 12 16:12:20 2025 [Global] mariosteve (Blue): but I missed so many
Sat Apr 12 16:12:22 2025 RemuS (Red) [Headshot] Deuce (Blue)
Sat Apr 12 16:12:26 2025 Jamal (Blue) [Headshot] RemuS (Red)
Sat Apr 12 16:12:28 2025 capibara (Red) [Headshot] Pseudo (Blue)
Sat Apr 12 16:12:28 2025 SHURA (Red) [SMG] Deuce (Blue)
Sat Apr 12 16:12:30 2025 capibara (Red) [Headshot] Jamal (Blue)
Sat Apr 12 16:12:35 2025 mariosteve (Blue) [Rifle] SHURA (Red)
Sat Apr 12 16:12:35 2025  This server runs imger and glow. Use /IMG or /GLOW to toggle them.
Sat Apr 12 16:12:38 2025 ChaoticSpice :V captured Blue's Intel.
Sat Apr 12 16:12:39 2025 HackMaster2000 (Blue) [Headshot] capibara (Red)
Sat Apr 12 16:12:43 2025 KillerPollo (Red) [Headshot] mariosteve (Blue)
Sat Apr 12 16:12:48 2025 KillerPollo (Red) [SMG] Jamal (Blue)
Sat Apr 12 16:12:49 2025 Harry (Blue) [Headshot] Gay guy [GAY] (Red)
Sat Apr 12 16:12:50 2025 KillerPollo (Red) [Headshot] Pseudo (Blue)
Sat Apr 12 16:12:52 2025 SHURA (Red) [Headshot] Deuce (Blue)
Sat Apr 12 16:12:53 2025 Harry (Blue) [Headshot] SHURA (Red)
Sat Apr 12 16:12:58 2025 HackMaster2000 (Blue) [Headshot] KillerPollo (Red)
Sat Apr 12 16:13:00 2025 ChaoticSpice :V picked up Blue's Intel.
Sat Apr 12 16:13:01 2025 [Global] Pseudo (Blue): a
Sat Apr 12 16:13:10 2025 capibara (Red) [Headshot] mariosteve (Blue)
Sat Apr 12 16:13:11 2025 Jamal (Blue) [Headshot] RemuS (Red)
Sat Apr 12 16:13:11 2025 vivian<3 (Red) [Headshot] filco (Blue)
Sat Apr 12 16:13:12 2025 capibara (Red) [SMG] Deuce (Blue)
Sat Apr 12 16:13:14 2025 capibara (Red) [SMG] Jamal (Blue)
Sat Apr 12 16:13:14 2025 capibara (Red) [Headshot] Pseudo (Blue)
Sat Apr 12 16:13:14 2025 HackMaster2000 (Blue) [Headshot] capibara (Red)
Sat Apr 12 16:13:18 2025 Harry (Blue) [Headshot] SHURA (Red)
Sat Apr 12 16:13:20 2025 ChaoticSpice :V captured Blue's Intel.
Sat Apr 12 16:13:22 2025 Harry (Blue) [Headshot] Gay guy [GAY] (Red)
Sat Apr 12 16:13:24 2025 Pseudo joined Red team
Sat Apr 12 16:13:32 2025 KillerPollo (Red) [Headshot] Deuce (Blue)
Sat Apr 12 16:13:34 2025  Use /EMOTE to draw an emote on the map!
Sat Apr 12 16:13:41 2025 KillerPollo (Red) [SMG] Jamal (Blue)
Sat Apr 12 16:13:41 2025 ChaoticSpice :V picked up Blue's Intel.
Sat Apr 12 16:13:43 2025 Harry (Blue) [Headshot] chop (Red)
Sat Apr 12 16:13:49 2025 capibara (Red) [Headshot] mariosteve (Blue)
Sat Apr 12 16:13:50 2025 Gay guy [GAY] (Red) [Headshot] Harry (Blue)
Sat Apr 12 16:13:53 2025 HackMaster2000 (Blue) [Headshot] Pseudo (Red)
Sat Apr 12 16:13:54 2025 Ulemek_JSO (Blue) [Rifle] Gay guy [GAY] (Red)
Sat Apr 12 16:13:59 2025 vivian<3 (Red) [Headshot] filco (Blue)
Sat Apr 12 16:14:02 2025 ChaoticSpice :V captured Blue's Intel.
Sat Apr 12 16:14:03 2025 Ulemek_JSO (Blue) [Headshot] RemuS (Red)
Sat Apr 12 16:14:03 2025 Jamal (Blue) [Headshot] SHURA (Red)
Sat Apr 12 16:14:14 2025 Gay guy [GAY] (Red) [Headshot] Jamal (Blue)
Sat Apr 12 16:14:19 2025 HackMaster2000 (Blue) [Headshot] KillerPollo (Red)
Sat Apr 12 16:14:23 2025 ChaoticSpice :V picked up Blue's Intel.
Sat Apr 12 16:14:30 2025 capibara (Red) [Grenade] Jamal (Blue)
Sat Apr 12 16:14:31 2025 filco (Blue) [SMG] vivian<3 (Red)
Sat Apr 12 16:14:32 2025 capibara (Red) [Headshot] HackMaster2000 (Blue)
Sat Apr 12 16:14:33 2025 [Global] KillerPollo (Red): this is the end
Sat Apr 12 16:14:34 2025  Use /HEAVEN to paint the babel platform!
Sat Apr 12 16:14:36 2025 Ulemek_JSO (Blue) [Rifle] capibara (Red)
Sat Apr 12 16:14:38 2025 Ulemek_JSO (Blue) [Headshot] Pseudo (Red)
Sat Apr 12 16:14:40 2025  RemuS has unleashed an apocalypse from God.
Sat Apr 12 16:14:42 2025  The apocalypse begins in 5
Sat Apr 12 16:14:43 2025 [Global] Ulemek_JSO (Blue): gg
Sat Apr 12 16:14:44 2025  The apocalypse begins in 4
Sat Apr 12 16:14:46 2025  The apocalypse begins in 3
Sat Apr 12 16:14:46 2025  The apocalypse begins in 2
Sat Apr 12 16:14:46 2025 ChaoticSpice :V captured Blue's Intel.
Sat Apr 12 16:14:46 2025 Red Wins!
Sat Apr 12 16:14:46 2025  Game finished! Next map: minihills.
Sat Apr 12 16:14:46 2025  The apocalypse begins in 1
Sat Apr 12 16:14:47 2025 Ulemek_JSO (Blue) [Headshot] vivian<3 (Red)
Sat Apr 12 16:14:48 2025 [Global] Jamal (Blue): gg
Sat Apr 12 16:14:48 2025 Ulemek_JSO (Blue) [Headshot] chop (Red)
Sat Apr 12 16:14:49 2025 filco (Blue) [Headshot] KillerPollo (Red)
Sat Apr 12 16:14:49 2025 filco (Blue) [SMG] KillerPollo (Red)
Sat Apr 12 16:14:50 2025 KillerPollo (Red) [Grenade] Ulemek_JSO (Blue)
Sat Apr 12 16:14:50 2025 KillerPollo (Red) [Grenade] filco (Blue)
Sat Apr 12 16:14:50 2025 HackMaster2000 (Blue) [Fall]
Sat Apr 12 16:14:50 2025 SHURA (Red) [Grenade] Deuce (Blue)
Sat Apr 12 16:14:51 2025 KillerPollo (Red) [Grenade] Jamal (Blue)
Sat Apr 12 16:14:52 2025 SHURA (Red) [Grenade] Harry (Blue)
Sat Apr 12 16:14:52 2025 RemuS (Red) [Fall]
Sat Apr 12 16:14:52 2025 SHURA (Red) [Fall]
Sat Apr 12 16:14:52 2025 Pseudo (Red) [Fall]
Sat Apr 12 16:14:52 2025 capibara (Red) [Fall]
Sat Apr 12 16:14:52 2025 ChaoticSpice :V (Red) [Fall]
Sat Apr 12 16:14:53 2025 [Global] capibara (Red): nice
Sat Apr 12 16:14:53 2025 mariosteve (Blue) [Fall]
Sat Apr 12 16:14:53 2025 [Global] KillerPollo (Red): pollooooo
Sat Apr 12 16:14:53 2025 [Global] mariosteve (Blue): gg
Sat Apr 12 16:14:53 2025 Gay guy [GAY] (Red) [Fall]
Sat Apr 12 16:14:56 2025 ------ World Unloaded ------
Sat Apr 12 16:14:59 2025 ------ World Loaded ------
Sat Apr 12 16:14:59 2025 Welcome to aloha.pk tower of babel
Sat Apr 12 16:14:59 2025 KillerPollo joined Red team
Sat Apr 12 16:15:00 2025 Map: Mini Hills by Kuma
Sat Apr 12 16:15:01 2025 capibara joined Red team
Sat Apr 12 16:15:01 2025 RemuS joined Blue team
Sat Apr 12 16:15:01 2025 chop joined Red team
Sat Apr 12 16:15:02 2025 Game mode: babel
Sat Apr 12 16:15:02 2025 Pseudo joined Red team
Sat Apr 12 16:15:03 2025  The apocalypse has ended.
Sat Apr 12 16:15:04 2025 Jamal joined Blue team
Sat Apr 12 16:15:04 2025 Build a tower to get the enemy's intel. Take it to your team's tent to win!
Sat Apr 12 16:15:04 2025 Gay guy [GAY] joined Red team
Sat Apr 12 16:15:05 2025 filco joined Blue team
Sat Apr 12 16:15:06 2025 Visit our community forum at https://aloha.pk/
Sat Apr 12 16:15:06 2025 SHURA joined Red team
Sat Apr 12 16:15:07 2025 ChaoticSpice :V joined Blue team
Sat Apr 12 16:15:08 2025 Come chat with us at https://discord.aloha.pk/
Sat Apr 12 16:15:09 2025 vivian<3 joined Red team
Sat Apr 12 16:15:09 2025 mariosteve joined Blue team
Sat Apr 12 16:15:10 2025 Ulemek_JSO joined Blue team
Sat Apr 12 16:15:10 2025 HackMaster2000 joined Blue team
Sat Apr 12 16:15:11 2025 [Global] Pseudo (Red): gl everyone
Sat Apr 12 16:15:13 2025 RemuS (Blue) [Headshot] Gay guy [GAY] (Red)
Sat Apr 12 16:15:16 2025 Player Gay guy [GAY] has left
Sat Apr 12 16:15:17 2025 [Global] Ulemek_JSO (Blue): No this gay map
Sat Apr 12 16:15:20 2025 You must be closer to the enemy's base to shoot blocks!
Sat Apr 12 16:15:24 2025 RemuS (Blue) [Headshot] SHURA (Red)
Sat Apr 12 16:15:30 2025 KillerPollo (Red) [Grenade]
Sat Apr 12 16:15:33 2025 Harry (Blue) [Headshot] capibara (Red)
Sat Apr 12 16:15:34 2025  Get a 20 killstreak and 1 intel capture(s) to unlock /APOC!
Sat Apr 12 16:15:43 2025 RemuS (Blue) [Headshot] vivian<3 (Red)
Sat Apr 12 16:15:48 2025 SHURA (Red) [SMG] mariosteve (Blue)
Sat Apr 12 16:16:04 2025 RemuS (Blue) [SMG] Pseudo (Red)
Sat Apr 12 16:16:10 2025 RemuS (Blue) [Headshot] KillerPollo (Red)
Sat Apr 12 16:16:15 2025 mariosteve (Blue) [Headshot] vivian<3 (Red)
Sat Apr 12 16:16:19 2025 Harry (Blue) [Rifle] chop (Red)
Sat Apr 12 16:16:23 2025 KillerPollo (Red) [SMG] mariosteve (Blue)
Sat Apr 12 16:16:24 2025 RemuS (Blue) [SMG] KillerPollo (Red)
Sat Apr 12 16:16:27 2025 Jamal (Blue) [Fall]
Sat Apr 12 16:16:32 2025 Ulemek_JSO (Blue) [Team Change]
Sat Apr 12 16:16:32 2025 chop (Red) [Headshot] RemuS (Blue)
Sat Apr 12 16:16:35 2025  Capture your team's 5th intel to unlock /APOC for your team's best builder!
Sat Apr 12 16:16:37 2025 Ulemek_JSO joined Red team
Sat Apr 12 16:16:38 2025 capibara (Red) [Headshot] mariosteve (Blue)
Sat Apr 12 16:16:38 2025 capibara (Red) [Headshot] Harry (Blue)
Sat Apr 12 16:16:40 2025 [Global] mariosteve (Blue): capi
Sat Apr 12 16:16:47 2025 Player RemuS has left
Sat Apr 12 16:16:48 2025 [Global] mariosteve (Blue): can you stay in your bas
Sat Apr 12 16:16:50 2025 [Global] mariosteve (Blue): base
Sat Apr 12 16:16:54 2025 [Global] capibara (Red): i am
Sat Apr 12 16:17:01 2025 capibara (Red) [Headshot] ChaoticSpice :V (Blue)
Sat Apr 12 16:17:01 2025 capibara (Red) [Headshot] Harry (Blue)
Sat Apr 12 16:17:01 2025 You must be closer to the enemy's base to shoot blocks!
Sat Apr 12 16:17:02 2025 You must be closer to the enemy's base to shoot blocks!
Sat Apr 12 16:17:03 2025 Ulemek_JSO (Red) [Headshot] mariosteve (Blue)
Sat Apr 12 16:17:07 2025 capibara (Red) [SMG] Jamal (Blue)
Sat Apr 12 16:17:10 2025 HackMaster2000 (Blue) [Headshot] Pseudo (Red)
Sat Apr 12 16:17:15 2025 capibara (Red) [SMG] ChaoticSpice :V (Blue)
Sat Apr 12 16:17:34 2025  Mahalo for playing aloha.pk tower of babel
Sat Apr 12 16:17:46 2025 RemuS joined Blue team
Sat Apr 12 16:17:46 2025 capibara (Red) [SMG] ChaoticSpice :V (Blue)
Sat Apr 12 16:17:50 2025 HackMaster2000 (Blue) [Rifle] Pseudo (Red)
Sat Apr 12 16:17:51 2025 mariosteve (Blue) [Headshot] Ulemek_JSO (Red)
Sat Apr 12 16:17:57 2025 peach blossom joined Blue team
Sat Apr 12 16:17:57 2025 capibara (Red) [Headshot] mariosteve (Blue)
Sat Apr 12 16:17:59 2025 capibara (Red) [Headshot] Jamal (Blue)
Sat Apr 12 16:18:07 2025 capibara (Red) [Headshot] HackMaster2000 (Blue)
Sat Apr 12 16:18:08 2025 KillerPollo (Red) [SMG] ChaoticSpice :V (Blue)
Sat Apr 12 16:18:09 2025 KillerPollo (Red) [SMG] Harry (Blue)
Sat Apr 12 16:18:10 2025 MisterD joined Spectator team
Sat Apr 12 16:18:17 2025 peach blossom (Blue) [SMG] Pseudo (Red)
Sat Apr 12 16:18:17 2025 Ulemek_JSO (Red) [Headshot] peach blossom (Blue)
Sat Apr 12 16:18:21 2025 RemuS (Blue) [Headshot] Ulemek_JSO (Red)
Sat Apr 12 16:18:27 2025 capibara (Red) [Headshot] mariosteve (Blue)
Sat Apr 12 16:18:28 2025 RemuS (Blue) [Headshot] KillerPollo (Red)
Sat Apr 12 16:18:30 2025 You must be closer to the enemy's base to shoot blocks!
Sat Apr 12 16:18:31 2025 KillerPollo (Red) [Grenade] RemuS (Blue)
Sat Apr 12 16:18:33 2025 [Global] KillerPollo (Red): vooommmm
Sat Apr 12 16:18:34 2025 MisterD joined Blue team
Sat Apr 12 16:18:34 2025  Build a tower to get the enemy's intel. Take it to your team's tent to win!
Sat Apr 12 16:18:42 2025 peach blossom (Blue) [Headshot] Ulemek_JSO (Red)
Sat Apr 12 16:18:42 2025 capibara (Red) [Headshot] Harry (Blue)
Sat Apr 12 16:18:43 2025 Jamal (Blue) [Headshot] Pseudo (Red)
Sat Apr 12 16:18:46 2025 capibara (Red) [SMG] ChaoticSpice :V (Blue)
Sat Apr 12 16:18:51 2025 [Global] Ulemek_JSO (Red): Nice shot
Sat Apr 12 16:18:54 2025 capibara (Red) [SMG] mariosteve (Blue)
Sat Apr 12 16:18:54 2025 KillerPollo (Red) [SMG] filco (Blue)
Sat Apr 12 16:19:00 2025 KillerPollo (Red) [SMG] peach blossom (Blue)
Sat Apr 12 16:19:00 2025 Deuce joined Spectator team
Sat Apr 12 16:19:05 2025 HackMaster2000 (Blue) [Headshot] capibara (Red)
Sat Apr 12 16:19:12 2025 uvofrgla joined Red team
Sat Apr 12 16:19:18 2025 [Global] Deuce (): MisterD, r u ok?
Sat Apr 12 16:19:19 2025 Ulemek_JSO (Red) [Rifle] ChaoticSpice :V (Blue)
Sat Apr 12 16:19:24 2025 HackMaster2000 (Blue) [Headshot] Ulemek_JSO (Red)
Sat Apr 12 16:19:26 2025 MisterD (Blue) [Headshot] chop (Red)
Sat Apr 12 16:19:32 2025 RemuS (Blue) [Headshot] KillerPollo (Red)
Sat Apr 12 16:19:34 2025 [Global] MisterD (Blue): Im fine
Sat Apr 12 16:19:34 2025  Type /HELP for info & commands
Sat Apr 12 16:19:36 2025 peach blossom (Blue) [Rifle]
Sat Apr 12 16:19:37 2025 Harry (Blue) [Rifle] uvofrgla (Red)
Sat Apr 12 16:19:37 2025 [Global] Deuce (): nice
Sat Apr 12 16:19:38 2025 KillerPollo (Red) [Team Change]
Sat Apr 12 16:19:44 2025 [Global] Deuce (): sorry for botherin u
Sat Apr 12 16:19:48 2025 KillerPollo joined Blue team
Sat Apr 12 16:19:49 2025 capibara (Red) [Headshot] Harry (Blue)
Sat Apr 12 16:19:49 2025 HackMaster2000 (Blue) [Headshot] Ulemek_JSO (Red)
Sat Apr 12 16:19:50 2025 [Global] MisterD (Blue): no problem
Sat Apr 12 16:19:50 2025 capibara (Red) [SMG] Jamal (Blue)
Sat Apr 12 16:19:51 2025 [Global] Deuce (): good luck ☻7
Sat Apr 12 16:19:52 2025 capibara (Red) [Headshot] ChaoticSpice :V (Blue)
Sat Apr 12 16:19:53 2025 Player Deuce has left
Sat Apr 12 16:19:55 2025 capibara (Red) [Headshot] MisterD (Blue)
Sat Apr 12 16:20:00 2025 [Global] MisterD (Blue): thx
Sat Apr 12 16:20:00 2025 capibara (Red) [Headshot] mariosteve (Blue)
Sat Apr 12 16:20:05 2025 peach blossom (Blue) [Grenade]
Sat Apr 12 16:20:20 2025 capibara (Red) [Headshot] Harry (Blue)
Sat Apr 12 16:20:25 2025 chop (Red) [Headshot] filco (Blue)
Sat Apr 12 16:20:27 2025 Ulemek_JSO (Red) [Headshot] peach blossom (Blue)
Sat Apr 12 16:20:28 2025 Pseudo (Red) [Headshot] ChaoticSpice :V (Blue)
Sat Apr 12 16:20:28 2025 capibara (Red) [Headshot] mariosteve (Blue)
Sat Apr 12 16:20:30 2025 Player peach blossom has left
Sat Apr 12 16:20:32 2025 [Global] mariosteve (Blue): gn
Sat Apr 12 16:20:33 2025 capibara (Red) [Headshot] Harry (Blue)
Sat Apr 12 16:20:34 2025  Visit our community forums at https://aloha.pk/
Sat Apr 12 16:20:42 2025 Player mariosteve has left
Sat Apr 12 16:20:42 2025 MisterD (Blue) [Headshot] chop (Red)
Sat Apr 12 16:20:45 2025 RemuS (Blue) [SMG] Pseudo (Red)
Sat Apr 12 16:20:45 2025 capibara (Red) [Headshot] MisterD (Blue)
Sat Apr 12 16:20:48 2025 Ulemek_JSO (Red) [Headshot] Jamal (Blue)
Sat Apr 12 16:20:54 2025 Ulemek_JSO (Red) [Headshot] ChaoticSpice :V (Blue)
Sat Apr 12 16:21:00 2025 vivian<3 (Red) [SMG] filco (Blue)
Sat Apr 12 16:21:00 2025 Harry (Blue) [Headshot] Ulemek_JSO (Red)
Sat Apr 12 16:21:01 2025 MisterD (Blue) [Rifle] uvofrgla (Red)
Sat Apr 12 16:21:04 2025 Player uvofrgla has left
Sat Apr 12 16:21:04 2025 KillerPollo (Blue) [Headshot] vivian<3 (Red)
Sat Apr 12 16:21:09 2025 KillerPollo (Blue) [SMG] Pseudo (Red)
Sat Apr 12 16:21:10 2025 Harry (Blue) [Rifle] capibara (Red)
Sat Apr 12 16:21:17 2025 [Team] MisterD (Blue): digger near our tent
Sat Apr 12 16:21:25 2025 Harry (Blue) [Headshot] Ulemek_JSO (Red)
Sat Apr 12 16:21:29 2025 Harry (Blue) [Headshot] capibara (Red)
Sat Apr 12 16:21:32 2025 [Global] Pseudo (Red): killerpollo do you eat pollo?
Sat Apr 12 16:21:32 2025 HackMaster2000 (Blue) [Headshot] vivian<3 (Red)
Sat Apr 12 16:21:32 2025 [Global] capibara (Red): ns
Sat Apr 12 16:21:33 2025 [Global] capibara (Red): gg
Sat Apr 12 16:21:34 2025  Come chat with us at https://discord.aloha.pk/
Sat Apr 12 16:21:34 2025 Player capibara has left
Sat Apr 12 16:21:36 2025 [Global] KillerPollo (Blue): yes
Sat Apr 12 16:21:43 2025 ChaoticSpice :V (Blue) [SMG]
Sat Apr 12 16:21:50 2025 MisterD (Blue) [Grenade] SHURA (Red)
Sat Apr 12 16:21:53 2025 HackMaster2000 (Blue) [Headshot] vivian<3 (Red)
Sat Apr 12 16:21:55 2025 Ulemek_JSO (Red) [Headshot] filco (Blue)
Sat Apr 12 16:21:56 2025 Harry (Blue) [Headshot] chop (Red)
Sat Apr 12 16:21:57 2025 Player vivian<3 has left
Sat Apr 12 16:22:00 2025 [Global] SHURA (Red): not good
Sat Apr 12 16:22:06 2025 Ulemek_JSO (Red) [Headshot] Harry (Blue)
Sat Apr 12 16:22:14 2025 KillerPollo (Blue) [Headshot] chop (Red)
Sat Apr 12 16:22:16 2025 Ulemek_JSO (Red) [Headshot] MisterD (Blue)
Sat Apr 12 16:22:22 2025 filco (Blue) [SMG] Pseudo (Red)
Sat Apr 12 16:22:24 2025 Ulemek_JSO (Red) [Headshot] filco (Blue)
Sat Apr 12 16:22:25 2025 ChaoticSpice :V picked up Red's Intel.
Sat Apr 12 16:22:34 2025  If you believe a player is breaking the rules, please let us know with /ADMIN
Sat Apr 12 16:22:36 2025 Jamal (Blue) [Headshot] Ulemek_JSO (Red)
Sat Apr 12 16:22:37 2025 chop (Red) [Headshot] RemuS (Blue)
Sat Apr 12 16:22:39 2025 [Global] SHURA (Red): bananse
Sat Apr 12 16:22:42 2025 [Global] Jamal (Blue): extraordinary shot
Sat Apr 12 16:22:48 2025 ChaoticSpice :V captured Red's Intel.
Sat Apr 12 16:22:49 2025 KillerPollo (Blue) [SMG] chop (Red)
Sat Apr 12 16:22:55 2025 Player MisterD has left
Sat Apr 12 16:22:55 2025 [Global] Ulemek_JSO (Red): Where disappeared capibara?
Sat Apr 12 16:23:11 2025 RemuS (Blue) [SMG] SHURA (Red)
Sat Apr 12 16:23:13 2025 Ulemek_JSO (Red) [Headshot] Jamal (Blue)
Sat Apr 12 16:23:15 2025 HackMaster2000 (Blue) [Headshot] Ulemek_JSO (Red)
Sat Apr 12 16:23:17 2025 [Global] SHURA (Red): not good!!
Sat Apr 12 16:23:18 2025 MAXMAX1 joined Red team
Sat Apr 12 16:23:25 2025 [Global] Ulemek_JSO (Red): Where is balance?
Sat Apr 12 16:23:31 2025 Pseudo (Red) [Headshot] KillerPollo (Blue)
Sat Apr 12 16:23:32 2025 ChaoticSpice :V picked up Red's Intel.
Sat Apr 12 16:23:32 2025 [Global] KillerPollo (Blue): xD
Sat Apr 12 16:23:34 2025 [Global] SHURA (Red): no bananse
Sat Apr 12 16:23:34 2025 [Global] KillerPollo (Blue): dam
Sat Apr 12 16:23:34 2025  This server runs imger and glow. Use /IMG or /GLOW to toggle them.
Sat Apr 12 16:23:35 2025 Ulemek_JSO (Red) [Rifle] HackMaster2000 (Blue)
Sat Apr 12 16:23:36 2025 [Global] Jamal (Blue): In the basement
Sat Apr 12 16:23:37 2025 filco (Blue) [SMG]
Sat Apr 12 16:23:47 2025 Jamal (Blue) [Headshot] MAXMAX1 (Red)
Sat Apr 12 16:23:51 2025 Ulemek_JSO (Red) [Headshot] Jamal (Blue)
Sat Apr 12 16:23:55 2025 ChaoticSpice :V captured Red's Intel.
Sat Apr 12 16:24:03 2025 HackMaster2000 (Blue) [Headshot] Ulemek_JSO (Red)
Sat Apr 12 16:24:08 2025 ChaoticSpice :V (Blue) [Fall]
Sat Apr 12 16:24:09 2025 Jamal (Blue) [SMG] MAXMAX1 (Red)
Sat Apr 12 16:24:13 2025 HackMaster2000 (Blue) [Headshot] Pseudo (Red)
Sat Apr 12 16:24:16 2025 HackMaster2000 (Blue) [Headshot] chop (Red)
Sat Apr 12 16:24:22 2025 Ulemek_JSO (Red) [Headshot] Jamal (Blue)
Sat Apr 12 16:24:32 2025 SHURA (Red) [Headshot] Jamal (Blue)
Sat Apr 12 16:24:34 2025  Use /EMOTE to draw an emote on the map!
Sat Apr 12 16:24:37 2025 KillerPollo (Blue) [Headshot] Ulemek_JSO (Red)
Sat Apr 12 16:24:38 2025 filco picked up Red's Intel.
Sat Apr 12 16:24:42 2025 SHURA (Red) [Headshot] Harry (Blue)
Sat Apr 12 16:24:43 2025 Jamal (Blue) [Headshot] SHURA (Red)
Sat Apr 12 16:24:49 2025 HackMaster2000 (Blue) [Headshot] MAXMAX1 (Red)
Sat Apr 12 16:25:06 2025 SHURA (Red) [Headshot] Jamal (Blue)
Sat Apr 12 16:25:07 2025 KillerPollo (Blue) [Headshot] Pseudo (Red)
Sat Apr 12 16:25:07 2025 HackMaster2000 (Blue) [Rifle] SHURA (Red)
Sat Apr 12 16:25:11 2025 ChaoticSpice :V (Blue) [Headshot] MAXMAX1 (Red)
Sat Apr 12 16:25:12 2025 KillerPollo (Blue) [Fall]
Sat Apr 12 16:25:12 2025 filco captured Red's Intel.
Sat Apr 12 16:25:14 2025 Pseudo (Red) [Weapon Change]
Sat Apr 12 16:25:17 2025 Ulemek_JSO (Red) [Headshot] ChaoticSpice :V (Blue)
Sat Apr 12 16:25:24 2025 Ulemek_JSO (Red) [Headshot] Jamal (Blue)
Sat Apr 12 16:25:27 2025 chop (Red) [SMG] RemuS (Blue)
Sat Apr 12 16:25:27 2025 HackMaster2000 (Blue) [Headshot] chop (Red)
Sat Apr 12 16:25:29 2025 HackMaster2000 (Blue) [Headshot] Ulemek_JSO (Red)
Sat Apr 12 16:25:34 2025  Use /HEAVEN to paint the babel platform!
Sat Apr 12 16:25:39 2025  Harry has reached 1000 blocks placed! /heaven unlocked.
Sat Apr 12 16:25:39 2025 Type /heavenlist to view available images. /heaven <name> to confirm.
Sat Apr 12 16:25:39 2025 Want your country's flag instead? Type /heaven country (or any alpha-2 code)
Sat Apr 12 16:25:40 2025 HackMaster2000 (Blue) [Headshot] Pseudo (Red)
Sat Apr 12 16:25:40 2025 filco picked up Red's Intel.
Sat Apr 12 16:25:50 2025 chop (Red) [Headshot] ChaoticSpice :V (Blue)
Sat Apr 12 16:25:53 2025 HackMaster2000 (Blue) [Headshot] MAXMAX1 (Red)
Sat Apr 12 16:25:56 2025 Ulemek_JSO (Red) [Headshot] RemuS (Blue)
Sat Apr 12 16:26:00 2025 Ulemek_JSO (Red) [Headshot] Jamal (Blue)
Sat Apr 12 16:26:11 2025 filco captured Red's Intel.
Sat Apr 12 16:26:12 2025 RemuS (Blue) [Headshot] Pseudo (Red)
Sat Apr 12 16:26:14 2025 RemuS (Blue) [SMG] MAXMAX1 (Red)
Sat Apr 12 16:26:22 2025 SHURA (Red) [SMG] filco (Blue)
Sat Apr 12 16:26:24 2025 RemuS (Blue) [SMG] Ulemek_JSO (Red)
Sat Apr 12 16:26:33 2025 SHURA (Red) [SMG] HackMaster2000 (Blue)
Sat Apr 12 16:26:34 2025  Get a 20 killstreak and 1 intel capture(s) to unlock /APOC!
Sat Apr 12 16:26:35 2025 KillerPollo (Blue) [Headshot] Pseudo (Red)
Sat Apr 12 16:26:37 2025 SHURA (Red) [Headshot] filco (Blue)
Sat Apr 12 16:26:38 2025 Ulemek_JSO (Red) [Headshot] KillerPollo (Blue)
Sat Apr 12 16:26:44 2025 Jamal (Blue) [Headshot] chop (Red)
Sat Apr 12 16:26:51 2025 Jamal (Blue) [Headshot] Pseudo (Red)
Sat Apr 12 16:27:05 2025 Harry (Blue) [Fall]
Sat Apr 12 16:27:19 2025 RemuS (Blue) [Melee] MAXMAX1 (Red)
Sat Apr 12 16:27:19 2025 filco picked up Red's Intel.
Sat Apr 12 16:27:19 2025 Pseudo (Red) [SMG] ChaoticSpice :V (Blue)
Sat Apr 12 16:27:19 2025 Pseudo (Red) [SMG] RemuS (Blue)
Sat Apr 12 16:27:27 2025 filco dropped Red's Intel
Sat Apr 12 16:27:27 2025 Ulemek_JSO (Red) [Headshot] filco (Blue)
Sat Apr 12 16:27:28 2025 Player chop has left
Sat Apr 12 16:27:29 2025 Pseudo (Red) [Headshot] Jamal (Blue)
Sat Apr 12 16:27:34 2025  Capture your team's 5th intel to unlock /APOC for your team's best builder!
Sat Apr 12 16:27:46 2025 Jamal (Blue) [Headshot] Pseudo (Red)
Sat Apr 12 16:27:48 2025 MAXMAX1 (Red) [SMG] KillerPollo (Blue)
Sat Apr 12 16:27:48 2025 RemuS (Blue) [SMG]
Sat Apr 12 16:27:59 2025 Ulemek_JSO (Red) [Headshot] Jamal (Blue)
Sat Apr 12 16:28:08 2025 filco picked up Red's Intel.
Sat Apr 12 16:28:13 2025 Ulemek_JSO (Red) [Grenade]
Sat Apr 12 16:28:14 2025 Jamal (Blue) [Headshot] Pseudo (Red)
Sat Apr 12 16:28:23 2025 RemuS (Blue) [Grenade] SHURA (Red)
Sat Apr 12 16:28:26 2025 samir joined Spectator team
Sat Apr 12 16:28:28 2025 [Global] SHURA (Red): not good!
Sat Apr 12 16:28:34 2025  Mahalo for playing aloha.pk tower of babel
Sat Apr 12 16:28:39 2025 Pseudo (Red) [Headshot] ChaoticSpice :V (Blue)
Sat Apr 12 16:28:47 2025 Pseudo (Red) [Headshot] Jamal (Blue)
Sat Apr 12 16:28:50 2025  With 1670 blocks placed, Harry is granted the right to unleash the apocalypse.
Sat Apr 12 16:28:50 2025 God has given you the right to unleash the apocalypse.
Sat Apr 12 16:28:50 2025 Use /APOC to unleash the apocalypse.
Sat Apr 12 16:28:50 2025 filco captured Red's Intel.
Sat Apr 12 16:29:05 2025 Jamal (Blue) [SMG] MAXMAX1 (Red)
Sat Apr 12 16:29:08 2025 KillerPollo (Blue) [Fall]
Sat Apr 12 16:29:16 2025 [Global] SHURA (Red): bananse!
Sat Apr 12 16:29:34 2025  Build a tower to get the enemy's intel. Take it to your team's tent to win!
Sat Apr 12 16:29:48 2025 instajesr joined Red team
Sat Apr 12 16:29:50 2025 Player instajesr has left
Sat Apr 12 16:29:56 2025 [Global] samir (): red
Sat Apr 12 16:30:02 2025 Ulemek_JSO (Red) [Headshot] KillerPollo (Blue)
Sat Apr 12 16:30:03 2025 MAXMAX1 (Red) [Fall]
Sat Apr 12 16:30:13 2025 [Global] Jamal (Blue): YEAH!!!
Sat Apr 12 16:30:19 2025 [Global] KillerPollo (Blue): nice jamal
Sat Apr 12 16:30:26 2025 Jamal (Blue) [Headshot] MAXMAX1 (Red)
Sat Apr 12 16:30:29 2025 RemuS (Blue) [Headshot] SHURA (Red)
Sat Apr 12 16:30:31 2025 Ulemek_JSO (Red) [Headshot] ChaoticSpice :V (Blue)
Sat Apr 12 16:30:34 2025  Type /HELP for info & commands
Sat Apr 12 16:30:35 2025 [Global] samir (): follow a player
Sat Apr 12 16:30:37 2025 Jamal (Blue) [SMG] Ulemek_JSO (Red)
Sat Apr 12 16:30:45 2025 [Global] Ulemek_JSO (Red): ...
Sat Apr 12 16:30:47 2025 instajesr joined Red team
Sat Apr 12 16:30:48 2025 Jamal (Blue) [SMG] SHURA (Red)
Sat Apr 12 16:30:50 2025 [Global] filco (Blue): why cant i destroy blocks
Sat Apr 12 16:30:51 2025 Ulemek_JSO (Red) [Headshot] Jamal (Blue)
Sat Apr 12 16:31:00 2025 Ulemek_JSO (Red) [Headshot] KillerPollo (Blue)
Sat Apr 12 16:31:01 2025 Q.I NEGATIVO joined Red team
Sat Apr 12 16:31:08 2025 Player KillerPollo has left
Sat Apr 12 16:31:13 2025 Player samir has left
Sat Apr 12 16:31:14 2025 RemuS (Blue) [Headshot] Pseudo (Red)
Sat Apr 12 16:31:15 2025 [Global] Jamal (Blue): Because me and my N words be hustlin on the block
Sat Apr 12 16:31:16 2025 filco (Blue) [SMG]
Sat Apr 12 16:31:17 2025 [Global] Pseudo (Red): Oh no
Sat Apr 12 16:31:24 2025 [Global] Pseudo (Red): they found my tunnel
Sat Apr 12 16:31:27 2025 RemuS (Blue) [SMG]
Sat Apr 12 16:31:30 2025 Player MAXMAX1 has left
Sat Apr 12 16:31:34 2025  Visit our community forums at https://aloha.pk/
Sat Apr 12 16:31:35 2025 [Global] RemuS (Blue): yes
Sat Apr 12 16:31:44 2025 Jamal (Blue) [SMG] SHURA (Red)
Sat Apr 12 16:31:47 2025 Q.I NEGATIVO (Red) [Headshot] Jamal (Blue)
Sat Apr 12 16:31:49 2025 RemuS (Blue) [Headshot] Q.I NEGATIVO (Red)
Sat Apr 12 16:31:50 2025 MAXMAX1 joined Blue team
Sat Apr 12 16:31:54 2025 Ulemek_JSO (Red) [Headshot] RemuS (Blue)
Sat Apr 12 16:32:02 2025 instajesr (Red) [Headshot] Jamal (Blue)
Sat Apr 12 16:32:07 2025 Q.I NEGATIVO (Red) [SMG] Harry (Blue)
Sat Apr 12 16:32:10 2025 instajesr (Red) [Headshot] MAXMAX1 (Blue)
Sat Apr 12 16:32:11 2025 SHURA (Red) [Headshot] RemuS (Blue)
Sat Apr 12 16:32:14 2025 filco (Blue) [SMG]
Sat Apr 12 16:32:25 2025 Jamal (Blue) [Headshot] Q.I NEGATIVO (Red)
Sat Apr 12 16:32:25 2025 instajesr (Red) [SMG] Jamal (Blue)
Sat Apr 12 16:32:25 2025 Ulemek_JSO (Red) [Headshot] HackMaster2000 (Blue)
Sat Apr 12 16:32:30 2025 RemuS (Blue) [Grenade] SHURA (Red)
Sat Apr 12 16:32:34 2025  Come chat with us at https://discord.aloha.pk/
Sat Apr 12 16:32:36 2025 Ulemek_JSO (Red) [Rifle] Harry (Blue)
Sat Apr 12 16:32:47 2025 HackMaster2000 (Blue) [Rifle] Q.I NEGATIVO (Red)
Sat Apr 12 16:32:51 2025 Ulemek_JSO (Red) [Rifle] Jamal (Blue)
Sat Apr 12 16:32:54 2025 SHURA (Red) [Headshot] MAXMAX1 (Blue)
Sat Apr 12 16:32:57 2025 Ulemek_JSO (Red) [Headshot] filco (Blue)
Sat Apr 12 16:33:02 2025 HackMaster2000 (Blue) [Headshot] Ulemek_JSO (Red)
Sat Apr 12 16:33:07 2025 Use /APOC to unleash the apocalypse.
Sat Apr 12 16:33:07 2025 Harry (Blue) [Headshot] SHURA (Red)
Sat Apr 12 16:33:10 2025 Use /APOC to unleash the apocalypse.
Sat Apr 12 16:33:10 2025 Harry (Blue) [Headshot] Q.I NEGATIVO (Red)
Sat Apr 12 16:33:17 2025 instajesr (Red) [SMG] Jamal (Blue)
Sat Apr 12 16:33:18 2025 Q.I NEGATIVO (Red) [Weapon Change]
Sat Apr 12 16:33:20 2025 You must be closer to the enemy's base to shoot blocks!
Sat Apr 12 16:33:26 2025 Use /APOC to unleash the apocalypse.
Sat Apr 12 16:33:26 2025 Harry (Blue) [Headshot] instajesr (Red)
Sat Apr 12 16:33:34 2025  If you believe a player is breaking the rules, please let us know with /ADMIN
Sat Apr 12 16:33:42 2025 Q.I NEGATIVO (Red) [Rifle] Harry (Blue)
Sat Apr 12 16:33:46 2025 Ulemek_JSO (Red) [Headshot] RemuS (Blue)
Sat Apr 12 16:33:56 2025 Q.I NEGATIVO (Red) [Headshot] Jamal (Blue)
Sat Apr 12 16:33:59 2025 filco (Blue) [SMG] Ulemek_JSO (Red)
Sat Apr 12 16:34:00 2025 RemuS (Blue) [Headshot] Q.I NEGATIVO (Red)
Sat Apr 12 16:34:02 2025 LPmitCG joined Red team
Sat Apr 12 16:34:12 2025 Player LPmitCG has left
Sat Apr 12 16:34:13 2025 Ulemek_JSO (Red) [Headshot] RemuS (Blue)
Sat Apr 12 16:34:16 2025 You must be closer to the enemy's base to shoot blocks!
Sat Apr 12 16:34:16 2025 instajesr (Red) [Headshot] Harry (Blue)
Sat Apr 12 16:34:17 2025 Pseudo (Red) [Grenade]
Sat Apr 12 16:34:26 2025 HoggieDoggie joined Spectator team
Sat Apr 12 16:34:30 2025 filco (Blue) [Headshot] instajesr (Red)
Sat Apr 12 16:34:34 2025  This server runs imger and glow. Use /IMG or /GLOW to toggle them.
Sat Apr 12 16:34:39 2025 Jamal (Blue) [SMG] Ulemek_JSO (Red)
Sat Apr 12 16:34:44 2025 HackMaster2000 (Blue) [Headshot] Pseudo (Red)
Sat Apr 12 16:34:58 2025 Ulemek_JSO (Red) [Headshot] Jamal (Blue)
Sat Apr 12 16:35:02 2025 Deuce joined Red team
Sat Apr 12 16:35:04 2025 Ulemek_JSO (Red) [Rifle] HackMaster2000 (Blue)
Sat Apr 12 16:35:11 2025 Use /APOC to unleash the apocalypse.
Sat Apr 12 16:35:11 2025 Harry (Blue) [Headshot] SHURA (Red)
Sat Apr 12 16:35:14 2025 Deuce (Red) [Headshot] MAXMAX1 (Blue)
Sat Apr 12 16:35:18 2025 instajesr (Red) [Headshot] Jamal (Blue)
Sat Apr 12 16:35:26 2025 Deuce (Red) [Grenade] HackMaster2000 (Blue)
Sat Apr 12 16:35:28 2025 Player HoggieDoggie has left
Sat Apr 12 16:35:32 2025 Jamal (Blue) [Headshot] Deuce (Red)
Sat Apr 12 16:35:34 2025  Use /EMOTE to draw an emote on the map!
Sat Apr 12 16:35:37 2025 SHURA (Red) [SMG] MAXMAX1 (Blue)
Sat Apr 12 16:35:37 2025 instajesr (Red) [Headshot] Jamal (Blue)
Sat Apr 12 16:35:44 2025 Q.I NEGATIVO (Red) [Rifle]
Sat Apr 12 16:35:44 2025 Harry picked up Red's Intel.
Sat Apr 12 16:35:45 2025 HoggieDoggie joined Red team
Sat Apr 12 16:35:49 2025 SHURA (Red) [Grenade] filco (Blue)
Sat Apr 12 16:35:58 2025 Deuce (Red) [Grenade]
Sat Apr 12 16:36:00 2025 RemuS (Blue) [SMG] Pseudo (Red)
Sat Apr 12 16:36:00 2025 HoggieDoggie (Red) [Headshot] MAXMAX1 (Blue)
Sat Apr 12 16:36:03 2025 Jamal (Blue) [SMG] Q.I NEGATIVO (Red)
Sat Apr 12 16:36:03 2025 HackMaster2000 (Blue) [Headshot] Ulemek_JSO (Red)
Sat Apr 12 16:36:04 2025 instajesr (Red) [Headshot] Jamal (Blue)
Sat Apr 12 16:36:09 2025 Use /APOC to unleash the apocalypse.
Sat Apr 12 16:36:09 2025 Harry captured Red's Intel.
Sat Apr 12 16:36:18 2025 HoggieDoggie (Red) [Headshot] MAXMAX1 (Blue)
Sat Apr 12 16:36:24 2025 Deuce (Red) [Headshot] Jamal (Blue)
Sat Apr 12 16:36:28 2025 Use /APOC to unleash the apocalypse.
Sat Apr 12 16:36:28 2025 Harry (Blue) [Headshot] Deuce (Red)
Sat Apr 12 16:36:32 2025 Jamal (Blue) [Headshot] Pseudo (Red)
Sat Apr 12 16:36:34 2025  Use /HEAVEN to paint the babel platform!
Sat Apr 12 16:36:37 2025 RemuS (Blue) [Headshot] Q.I NEGATIVO (Red)
Sat Apr 12 16:36:38 2025 Player Pseudo has left
Sat Apr 12 16:36:40 2025 instajesr (Red) [Headshot] MAXMAX1 (Blue)
Sat Apr 12 16:36:45 2025 HackMaster2000 (Blue) [Headshot] Ulemek_JSO (Red)
Sat Apr 12 16:36:53 2025 HackMaster2000 (Blue) [Headshot] instajesr (Red)
Sat Apr 12 16:36:54 2025 Jamal (Blue) [Headshot] Deuce (Red)
Sat Apr 12 16:37:06 2025 Ulemek_JSO (Red) [Headshot] HackMaster2000 (Blue)
Sat Apr 12 16:37:14 2025 Deuce (Red) [Shotgun] MAXMAX1 (Blue)
Sat Apr 12 16:37:17 2025 Q.I NEGATIVO (Red) [Melee] RemuS (Blue)
Sat Apr 12 16:37:19 2025 HoggieDoggie (Red) [Headshot] ChaoticSpice :V (Blue)
Sat Apr 12 16:37:21 2025 HoggieDoggie (Red) [Headshot] HackMaster2000 (Blue)
Sat Apr 12 16:37:31 2025 HackMaster2000 (Blue) [Rifle] HoggieDoggie (Red)
Sat Apr 12 16:37:31 2025 Deuce (Red) [Grenade] RemuS (Blue)
Sat Apr 12 16:37:31 2025 MAXMAX1 (Blue) [SMG] Deuce (Red)
Sat Apr 12 16:37:32 2025 Use /APOC to unleash the apocalypse.
Sat Apr 12 16:37:32 2025 Harry (Blue) [Headshot] SHURA (Red)
Sat Apr 12 16:37:34 2025  Get a 20 killstreak and 1 intel capture(s) to unlock /APOC!
Sat Apr 12 16:37:44 2025 HackMaster2000 (Blue) [Headshot] Ulemek_JSO (Red)
Sat Apr 12 16:37:46 2025 filco (Blue) [SMG] Deuce (Red)
Sat Apr 12 16:37:46 2025 SHURA (Red) [Headshot] filco (Blue)
Sat Apr 12 16:37:48 2025 Jamal (Blue) [Headshot] HoggieDoggie (Red)
Sat Apr 12 16:37:49 2025 SHURA (Red) [Headshot] Jamal (Blue)
Sat Apr 12 16:37:52 2025 instajesr (Red) [Headshot] RemuS (Blue)
Sat Apr 12 16:38:01 2025 HackMaster2000 (Blue) [Headshot] SHURA (Red)
Sat Apr 12 16:38:07 2025 RemuS (Blue) [SMG] Deuce (Red)
Sat Apr 12 16:38:08 2025 Harry picked up Red's Intel.
Sat Apr 12 16:38:17 2025 instajesr (Red) [Headshot] MAXMAX1 (Blue)
Sat Apr 12 16:38:28 2025 Use /APOC to unleash the apocalypse.
Sat Apr 12 16:38:28 2025 Harry captured Red's Intel.
Sat Apr 12 16:38:30 2025 learn joined Red team
Sat Apr 12 16:38:34 2025  Capture your team's 5th intel to unlock /APOC for your team's best builder!
Sat Apr 12 16:38:34 2025 RemuS (Blue) [SMG] HoggieDoggie (Red)
Sat Apr 12 16:38:35 2025 ChaoticSpice :V picked up Red's Intel.
Sat Apr 12 16:38:36 2025 Jamal (Blue) [SMG] Deuce (Red)
Sat Apr 12 16:38:36 2025 instajesr (Red) [Headshot] Jamal (Blue)
Sat Apr 12 16:38:45 2025 Pseudo joined Blue team
Sat Apr 12 16:38:53 2025 Use /APOC to unleash the apocalypse.
Sat Apr 12 16:38:53 2025 Harry (Blue) [Headshot] SHURA (Red)
Sat Apr 12 16:38:57 2025 HackMaster2000 (Blue) [Headshot] Ulemek_JSO (Red)
Sat Apr 12 16:38:59 2025 Use /APOC to unleash the apocalypse.
Sat Apr 12 16:38:59 2025 Harry (Blue) [Headshot] Deuce (Red)
Sat Apr 12 16:39:00 2025 ChaoticSpice :V captured Red's Intel.
Sat Apr 12 16:39:01 2025 instajesr (Red) [Headshot] Jamal (Blue)
Sat Apr 12 16:39:01 2025 HackMaster2000 (Blue) [Headshot] HoggieDoggie (Red)
Sat Apr 12 16:39:03 2025 Ulemek_JSO (Red) [Headshot] MAXMAX1 (Blue)
Sat Apr 12 16:39:03 2025 HackMaster2000 (Blue) [Rifle] learn (Red)
Sat Apr 12 16:39:10 2025 Pseudo picked up Red's Intel.
Sat Apr 12 16:39:12 2025 HackMaster2000 (Blue) [Headshot] Deuce (Red)
Sat Apr 12 16:39:15 2025 instajesr (Red) [Headshot] ChaoticSpice :V (Blue)
Sat Apr 12 16:39:19 2025 HackMaster2000 (Blue) [Rifle] SHURA (Red)
Sat Apr 12 16:39:26 2025 instajesr (Red) [Headshot] Jamal (Blue)
Sat Apr 12 16:39:29 2025 Ulemek_JSO (Red) [Grenade]
Sat Apr 12 16:39:30 2025 HackMaster2000 (Blue) [Headshot] HoggieDoggie (Red)
Sat Apr 12 16:39:34 2025  Mahalo for playing aloha.pk tower of babel
Sat Apr 12 16:39:37 2025 HackMaster2000 (Blue) [Headshot] Deuce (Red)
Sat Apr 12 16:39:38 2025 HackMaster2000 (Blue) [Headshot] SHURA (Red)
Sat Apr 12 16:39:38 2025 Pseudo captured Red's Intel.
Sat Apr 12 16:39:42 2025 instajesr (Red) [Headshot] Harry (Blue)
Sat Apr 12 16:39:44 2025 HackMaster2000 (Blue) [Rifle] learn (Red)
Sat Apr 12 16:39:44 2025 [Global] Pseudo (Blue): gg
Sat Apr 12 16:39:47 2025 ChaoticSpice :V picked up Red's Intel.
Sat Apr 12 16:39:54 2025 instajesr (Red) [Headshot] Jamal (Blue)
Sat Apr 12 16:39:59 2025 HackMaster2000 (Blue) [Rifle] Deuce (Red)
Sat Apr 12 16:40:03 2025 [Global] Jamal (Blue): gg
Sat Apr 12 16:40:06 2025 HackMaster2000 (Blue) [Headshot] Ulemek_JSO (Red)
Sat Apr 12 16:40:07 2025 ChaoticSpice :V captured Red's Intel.
Sat Apr 12 16:40:07 2025 Blue Wins!
Sat Apr 12 16:40:07 2025  Game finished! Next map: abridgetoofar.
Sat Apr 12 16:40:07 2025 [Global] Pseudo (Blue): gGGGGGGGG
Sat Apr 12 16:40:09 2025 Use /APOC to unleash the apocalypse.
Sat Apr 12 16:40:09 2025 Harry (Blue) [Headshot] instajesr (Red)
Sat Apr 12 16:40:09 2025 Use /APOC to unleash the apocalypse.
Sat Apr 12 16:40:09 2025 Harry (Blue) [Headshot] Ulemek_JSO (Red)
Sat Apr 12 16:40:10 2025 Jamal (Blue) [Headshot] HoggieDoggie (Red)
Sat Apr 12 16:40:10 2025 RemuS (Blue) [Headshot] Q.I NEGATIVO (Red)
Sat Apr 12 16:40:11 2025 Pseudo (Blue) [Headshot] learn (Red)
Sat Apr 12 16:40:11 2025 Deuce (Red) [Grenade] filco (Blue)
Sat Apr 12 16:40:11 2025 Deuce (Red) [Grenade] MAXMAX1 (Blue)
Sat Apr 12 16:40:12 2025 SHURA (Red) [Grenade] Pseudo (Blue)
Sat Apr 12 16:40:12 2025 SHURA (Red) [SMG] Pseudo (Blue)
Sat Apr 12 16:40:13 2025 Deuce (Red) [Grenade] Harry (Blue)
Sat Apr 12 16:40:13 2025 HackMaster2000 (Blue) [Fall]
Sat Apr 12 16:40:13 2025 [Global] instajesr (Red): .l.
Sat Apr 12 16:40:13 2025 Jamal (Blue) [Fall]
Sat Apr 12 16:40:14 2025 SHURA (Red) [Headshot] ChaoticSpice :V (Blue)
Sat Apr 12 16:40:14 2025 SHURA (Red) [SMG] ChaoticSpice :V (Blue)
Sat Apr 12 16:40:15 2025 Deuce (Red) [Shotgun] RemuS (Blue)
Sat Apr 12 16:40:15 2025 [Global] Ulemek_JSO (Red): gg
Sat Apr 12 16:40:17 2025 Player Jamal has left
Sat Apr 12 16:40:17 2025 ------ World Unloaded ------
Sat Apr 12 16:40:20 2025 ------ World Loaded ------
Sat Apr 12 16:40:20 2025 Welcome to aloha.pk tower of babel
Sat Apr 12 16:40:21 2025 RemuS joined Red team
Sat Apr 12 16:40:21 2025 Map: A Bridge Too Far by ei8htx
Sat Apr 12 16:40:23 2025 filco joined Red team
Sat Apr 12 16:40:23 2025 Team is full, moved to Blue
Sat Apr 12 16:40:23 2025 Game mode: babel
Sat Apr 12 16:40:25 2025 Build a tower to get the enemy's intel. Take it to your team's tent to win!
Sat Apr 12 16:40:25 2025 Pseudo joined Red team
Sat Apr 12 16:40:26 2025 Ulemek_JSO joined Blue team
Sat Apr 12 16:40:26 2025 Deuce joined Red team
Sat Apr 12 16:40:27 2025 Visit our community forum at https://aloha.pk/
Sat Apr 12 16:40:27 2025 MAXMAX1 joined Blue team
Sat Apr 12 16:40:29 2025 learn joined Blue team
Sat Apr 12 16:40:29 2025 [Global] Pseudo (Red): gl everyone
Sat Apr 12 16:40:29 2025 Come chat with us at https://discord.aloha.pk/
Sat Apr 12 16:40:31 2025 HackMaster2000 joined Blue team
Sat Apr 12 16:40:33 2025 SHURA joined Red team
Sat Apr 12 16:40:34 2025  Build a tower to get the enemy's intel. Take it to your team's tent to win!
Sat Apr 12 16:40:51 2025 [Global] Ulemek_JSO (Blue): Bye guys, pleasure to play with you
Sat Apr 12 16:40:55 2025 [Global] Ulemek_JSO (Blue): As always
Sat Apr 12 16:40:56 2025 Deuce (Red) [Fall]
Sat Apr 12 16:41:01 2025 [Global] Pseudo (Red): byee
Sat Apr 12 16:41:05 2025 Harry (Blue) [Fall]
Sat Apr 12 16:41:13 2025 RemuS (Red) [Headshot] learn (Blue)
Sat Apr 12 16:41:13 2025 RemuS (Red) [SMG] MAXMAX1 (Blue)
Sat Apr 12 16:41:17 2025 HackMaster2000 (Blue) [Rifle] Deuce (Red)
Sat Apr 12 16:41:20 2025 Player Ulemek_JSO has left
Sat Apr 12 16:41:23 2025 Q.I NEGATIVO joined Blue team
Sat Apr 12 16:41:32 2025 Pseudo (Red) [Grenade]
Sat Apr 12 16:41:34 2025  Type /HELP for info & commands
Sat Apr 12 16:41:37 2025 Harry (Blue) [Fall]
Sat Apr 12 16:41:57 2025 Harry (Blue) [Fall]
Sat Apr 12 16:42:00 2025 Pseudo (Red) [Fall]
Sat Apr 12 16:42:01 2025 HackMaster2000 (Blue) [Headshot] Deuce (Red)
Sat Apr 12 16:42:20 2025 HackMaster2000 (Blue) [Headshot] SHURA (Red)
Sat Apr 12 16:42:22 2025 HackMaster2000 (Blue) [Headshot] Pseudo (Red)
Sat Apr 12 16:42:24 2025 Deuce (Red) [Grenade] HackMaster2000 (Blue)
Sat Apr 12 16:42:34 2025  Visit our community forums at https://aloha.pk/
Sat Apr 12 16:42:36 2025 Q.I NEGATIVO (Blue) [Fall]
Sat Apr 12 16:42:41 2025 SHURA (Red) [Headshot] learn (Blue)
Sat Apr 12 16:42:46 2025 [Global] Q.I NEGATIVO (Blue): idiot
Sat Apr 12 16:42:48 2025 You must be closer to the enemy's base to shoot blocks!
Sat Apr 12 16:43:10 2025 HackMaster2000 (Blue) [Headshot] Deuce (Red)
Sat Apr 12 16:43:20 2025 HackMaster2000 (Blue) [Headshot] SHURA (Red)
Sat Apr 12 16:43:25 2025 Deuce (Red) [Grenade] HackMaster2000 (Blue)
Sat Apr 12 16:43:34 2025  Come chat with us at https://discord.aloha.pk/
Sat Apr 12 16:43:40 2025 RemuS (Red) [SMG] MAXMAX1 (Blue)
Sat Apr 12 16:43:46 2025 Q.I NEGATIVO (Blue) [Fall]
Sat Apr 12 16:44:00 2025 RemuS (Red) [SMG] HackMaster2000 (Blue)
Sat Apr 12 16:44:05 2025 Deuce picked up Blue's Intel.
Sat Apr 12 16:44:06 2025 Harry (Blue) [Fall]
Sat Apr 12 16:44:09 2025 Ghostwarrior joined Blue team
Sat Apr 12 16:44:12 2025 Q.I NEGATIVO (Blue) [Fall]
Sat Apr 12 16:44:17 2025 RemuS (Red) [Headshot] learn (Blue)
Sat Apr 12 16:44:20 2025 Pseudo (Red) [Fall]
Sat Apr 12 16:44:21 2025 Harry (Blue) [Headshot] RemuS (Red)
Sat Apr 12 16:44:23 2025 Deuce captured Blue's Intel.
Sat Apr 12 16:44:33 2025 Q.I NEGATIVO (Blue) [Fall]
Sat Apr 12 16:44:34 2025  If you believe a player is breaking the rules, please let us know with /ADMIN
Sat Apr 12 16:44:34 2025 learn (Blue) [Fall]
Sat Apr 12 16:44:39 2025 Deuce (Red) [Fall]
Sat Apr 12 16:44:53 2025 learn (Blue) [Fall]
Sat Apr 12 16:44:56 2025 Pseudo picked up Blue's Intel.
Sat Apr 12 16:45:00 2025 [Global] SHURA (Red): dont block path!
Sat Apr 12 16:45:02 2025 [Global] SHURA (Red): !
Sat Apr 12 16:45:06 2025 Pseudo dropped Blue's Intel
Sat Apr 12 16:45:06 2025  The intel has returned to the heavens
Sat Apr 12 16:45:06 2025 HackMaster2000 (Blue) [Headshot] Pseudo (Red)
Sat Apr 12 16:45:13 2025 Deuce (Red) [Fall]
Sat Apr 12 16:45:15 2025 [Global] Pseudo (Red): fucking hell
Sat Apr 12 16:45:21 2025 Ghostwarrior (Blue) [Fall]
Sat Apr 12 16:45:34 2025  This server runs imger and glow. Use /IMG or /GLOW to toggle them.
Sat Apr 12 16:45:43 2025 Pseudo picked up Blue's Intel.
Sat Apr 12 16:45:46 2025 HackMaster2000 (Blue) [Headshot] RemuS (Red)
Sat Apr 12 16:45:50 2025 HackMaster2000 (Blue) [Headshot] SHURA (Red)
Sat Apr 12 16:45:50 2025 Harry (Blue) [Headshot] filco (Red)
Sat Apr 12 16:45:51 2025 Deuce (Red) [Fall]
Sat Apr 12 16:45:55 2025 Pseudo dropped Blue's Intel
Sat Apr 12 16:45:55 2025  The intel has returned to the heavens
Sat Apr 12 16:45:55 2025 Pseudo (Red) [Fall]
Sat Apr 12 16:45:59 2025 Q.I NEGATIVO (Blue) [Fall]
Sat Apr 12 16:46:02 2025 gabigol joined Red team
Sat Apr 12 16:46:03 2025 [Global] Pseudo (Red): ARE YOU RETARD
Sat Apr 12 16:46:16 2025 [Global] gabigol (Red): this is a nice moment to suck dick
Sat Apr 12 16:46:26 2025 HackMaster2000 (Blue) [Headshot] filco (Red)
Sat Apr 12 16:46:28 2025 Deuce (Red) [Fall]
Sat Apr 12 16:46:28 2025 Pseudo (Red) [Fall]
Sat Apr 12 16:46:29 2025 gabigol (Red) [Fall]
Sat Apr 12 16:46:34 2025  Use /EMOTE to draw an emote on the map!
Sat Apr 12 16:46:37 2025 SHURA (Red) [Fall]
Sat Apr 12 16:46:37 2025 RemuS (Red) [Fall]
Sat Apr 12 16:46:48 2025 [Global] gabigol (Red): harry fuck my wife pls
Sat Apr 12 16:46:54 2025 Pseudo (Red) [Fall]
Sat Apr 12 16:46:57 2025 Q.I NEGATIVO (Blue) [Headshot] filco (Red)
Sat Apr 12 16:46:59 2025 Player MAXMAX1 has left
Sat Apr 12 16:47:04 2025 Deuce (Red) [Fall]
Sat Apr 12 16:47:05 2025 Q.I NEGATIVO (Blue) [Grenade] SHURA (Red)
Sat Apr 12 16:47:05 2025 [Global] Harry (Blue): the office reference?
Sat Apr 12 16:47:07 2025 Q.I NEGATIVO (Blue) [Headshot] RemuS (Red)
Sat Apr 12 16:47:07 2025 Ghostwarrior picked up Red's Intel.
Sat Apr 12 16:47:12 2025 Q.I NEGATIVO (Blue) [Shotgun] Pseudo (Red)
Sat Apr 12 16:47:13 2025 filco (Red) [Weapon Change]
Sat Apr 12 16:47:14 2025 RemuS (Red) [Headshot] learn (Blue)
Sat Apr 12 16:47:15 2025 Q.I NEGATIVO (Blue) [Shotgun] Deuce (Red)
Sat Apr 12 16:47:16 2025 RemuS (Red) [Headshot] Q.I NEGATIVO (Blue)
Sat Apr 12 16:47:21 2025 Ghostwarrior dropped Red's Intel
Sat Apr 12 16:47:21 2025 RemuS (Red) [Headshot] Ghostwarrior (Blue)
Sat Apr 12 16:47:23 2025 Billy Bob joined Blue team
Sat Apr 12 16:47:26 2025 [Global] gabigol (Red): u can fuck my wife
Sat Apr 12 16:47:28 2025 [Global] Pseudo (Red): whoever broke the bridge, fuck you.
Sat Apr 12 16:47:30 2025 [Global] gabigol (Red): i aproved this
Sat Apr 12 16:47:34 2025  Use /HEAVEN to paint the babel platform!
Sat Apr 12 16:47:43 2025 HackMaster2000 (Blue) [Headshot] Pseudo (Red)
Sat Apr 12 16:47:48 2025 HackMaster2000 (Blue) [Headshot] filco (Red)
Sat Apr 12 16:47:49 2025 Deuce (Red) [Grenade] HackMaster2000 (Blue)
Sat Apr 12 16:47:50 2025 RemuS (Red) [Headshot] learn (Blue)
Sat Apr 12 16:47:57 2025 Billy Bob (Blue) [Headshot] SHURA (Red)
Sat Apr 12 16:48:05 2025 RemuS (Red) [SMG] Billy Bob (Blue)
Sat Apr 12 16:48:19 2025 RemuS (Red) [SMG] Ghostwarrior (Blue)
Sat Apr 12 16:48:26 2025 learn (Blue) [Fall]
Sat Apr 12 16:48:30 2025 filco (Red) [Fall]
Sat Apr 12 16:48:33 2025 RemuS (Red) [SMG] Billy Bob (Blue)
Sat Apr 12 16:48:34 2025  Get a 20 killstreak and 1 intel capture(s) to unlock /APOC!
Sat Apr 12 16:48:35 2025 HackMaster2000 (Blue) [SMG] Pseudo (Red)
Sat Apr 12 16:48:37 2025 Player Pseudo has left
Sat Apr 12 16:48:42 2025 filco (Red) [Weapon Change]
Sat Apr 12 16:48:45 2025 RemuS (Red) [SMG] Q.I NEGATIVO (Blue)
Sat Apr 12 16:48:54 2025 Deuce (Red) [Shotgun] HackMaster2000 (Blue)
Sat Apr 12 16:48:59 2025 MAXMAX1 joined Blue team
Sat Apr 12 16:49:02 2025 SHURA (Red) [Headshot] learn (Blue)
Sat Apr 12 16:49:09 2025 RemuS (Red) [Headshot] Q.I NEGATIVO (Blue)
Sat Apr 12 16:49:19 2025 Pseudo joined Red team
Sat Apr 12 16:49:29 2025 SHURA (Red) [Headshot] Harry (Blue)
Sat Apr 12 16:49:40 2025  Capture your team's 5th intel to unlock /APOC for your team's best builder!
Sat Apr 12 16:49:40 2025 HackMaster2000 (Blue) [Headshot] RemuS (Red)
Sat Apr 12 16:49:47 2025 Deuce (Red) [Shotgun] Q.I NEGATIVO (Blue)
Sat Apr 12 16:49:51 2025 HackMaster2000 (Blue) [SMG] Pseudo (Red)
Sat Apr 12 16:49:52 2025 RemuS (Red) [Headshot] HackMaster2000 (Blue)
Sat Apr 12 16:49:58 2025 gabigol (Red) [Fall]
Sat Apr 12 16:50:00 2025 Ghostwarrior (Blue) [Headshot] Deuce (Red)
Sat Apr 12 16:50:08 2025 SHURA (Red) [SMG] Billy Bob (Blue)
Sat Apr 12 16:50:09 2025 RemuS (Red) [SMG] MAXMAX1 (Blue)
Sat Apr 12 16:50:09 2025 filco (Red) [Headshot] learn (Blue)
Sat Apr 12 16:50:16 2025 SHURA (Red) [Fall]
Sat Apr 12 16:50:22 2025 noob joined Red team
Sat Apr 12 16:50:34 2025  Mahalo for playing aloha.pk tower of babel
Sat Apr 12 16:50:35 2025 Billy Bob picked up Red's Intel.
Sat Apr 12 16:50:35 2025 Harry (Blue) [Headshot] gabigol (Red)
Sat Apr 12 16:50:36 2025 SHURA (Red) [SMG] Ghostwarrior (Blue)
Sat Apr 12 16:50:38 2025 MAXMAX1 (Blue) [Headshot] filco (Red)
Sat Apr 12 16:50:41 2025 RemuS (Red) [SMG] Harry (Blue)
Sat Apr 12 16:50:42 2025 Deuce (Red) [Headshot] MAXMAX1 (Blue)
Sat Apr 12 16:50:43 2025 Billy Bob dropped Red's Intel
Sat Apr 12 16:50:43 2025 SHURA (Red) [SMG] Billy Bob (Blue)
Sat Apr 12 16:50:48 2025 HackMaster2000 (Blue) [Headshot] SHURA (Red)
Sat Apr 12 16:50:49 2025 gabigol (Red) [Headshot] HackMaster2000 (Blue)
Sat Apr 12 16:51:00 2025 Ghostwarrior (Blue) [Fall]
Sat Apr 12 16:51:05 2025 Player Pseudo has left
Sat Apr 12 16:51:13 2025 SHURA (Red) [SMG] MAXMAX1 (Blue)
Sat Apr 12 16:51:15 2025 Harry (Blue) [Headshot] RemuS (Red)
Sat Apr 12 16:51:18 2025 HackMaster2000 (Blue) [Team Change]
Sat Apr 12 16:51:26 2025 HackMaster2000 joined Spectator team
Sat Apr 12 16:51:26 2025 SHURA (Red) [SMG] Harry (Blue)
Sat Apr 12 16:51:29 2025 Billy Bob (Blue) [Headshot] noob (Red)
Sat Apr 12 16:51:34 2025  Build a tower to get the enemy's intel. Take it to your team's tent to win!
Sat Apr 12 16:51:36 2025 gabigol (Red) [SMG] Billy Bob (Blue)
Sat Apr 12 16:51:47 2025 Harry (Blue) [Headshot] Deuce (Red)
Sat Apr 12 16:51:52 2025 You must be closer to the enemy's base to shoot blocks!
Sat Apr 12 16:51:52 2025 You must be closer to the enemy's base to shoot blocks!
Sat Apr 12 16:51:54 2025 You must be closer to the enemy's base to shoot blocks!
Sat Apr 12 16:51:58 2025 Ghostwarrior (Blue) [Weapon Change]
Sat Apr 12 16:52:01 2025 [Global] SHURA (Red): filco stop grief!
Sat Apr 12 16:52:04 2025 RemuS (Red) [Headshot] Harry (Blue)
Sat Apr 12 16:52:09 2025 filco (Red) [Rifle] Billy Bob (Blue)
Sat Apr 12 16:52:12 2025 Deuce picked up Blue's Intel.
Sat Apr 12 16:52:12 2025 [Team] Harry (Blue): remus left coast
Sat Apr 12 16:52:15 2025 Deuce1 joined Blue team
Sat Apr 12 16:52:26 2025 Deuce captured Blue's Intel.
Sat Apr 12 16:52:28 2025 gabigol (Red) [Headshot] Ghostwarrior (Blue)
Sat Apr 12 16:52:29 2025 gabigol (Red) [Headshot] learn (Blue)
Sat Apr 12 16:52:31 2025 Player Ghostwarrior has left
Sat Apr 12 16:52:34 2025  Type /HELP for info & commands
Sat Apr 12 16:52:35 2025 gabigol picked up Blue's Intel.
Sat Apr 12 16:52:38 2025 Player Billy Bob has left
Sat Apr 12 16:52:39 2025 gabigol dropped Blue's Intel
Sat Apr 12 16:52:39 2025 Harry (Blue) [Headshot] gabigol (Red)
Sat Apr 12 16:52:40 2025 RemuS (Red) [Headshot] Q.I NEGATIVO (Blue)
Sat Apr 12 16:52:40 2025 Harry (Blue) [Headshot] noob (Red)
Sat Apr 12 16:52:43 2025 Deuce (Red) [Headshot] MAXMAX1 (Blue)
Sat Apr 12 16:52:54 2025 Harry (Blue) [Rifle] Deuce (Red)
Sat Apr 12 16:52:56 2025 [Global] gabigol (Red): harry i can suck ur dick?
Sat Apr 12 16:52:56 2025 Deuce1 (Blue) [Grenade]
Sat Apr 12 16:52:58 2025 SHURA (Red) [Fall]
Sat Apr 12 16:53:04 2025 Harry (Blue) [Headshot] noob (Red)
Sat Apr 12 16:53:11 2025 Harry (Blue) [Headshot] gabigol (Red)
Sat Apr 12 16:53:31 2025  filco has a kill-death ratio of 0.25 (9 kills, 36 deaths, 0.17 kills per minute).
Sat Apr 12 16:53:31 2025  filco removed 39 blocks in the last 2.0 minutes. Some of them were placed by SHURA. Last
Sat Apr 12 16:53:31 2025  one was destroyed 12 seconds ago, and belonged to SHURA.
Sat Apr 12 16:53:31 2025  SHURA (#6) started a VOTEKICK against filco (#11). Say /Y to agree
Sat Apr 12 16:53:31 2025  Reason: griefer
Sat Apr 12 16:53:33 2025 noob picked up Blue's Intel.
Sat Apr 12 16:53:33 2025 noob dropped Blue's Intel
Sat Apr 12 16:53:33 2025 Harry (Blue) [Headshot] noob (Red)
Sat Apr 12 16:53:34 2025  Visit our community forums at https://aloha.pk/
Sat Apr 12 16:53:35 2025 gabigol (Red) [Fall]
Sat Apr 12 16:53:36 2025 RemuS (Red) [SMG] Q.I NEGATIVO (Blue)
Sat Apr 12 16:53:43 2025 Deuce1 (Blue) [Headshot] Deuce (Red)
Sat Apr 12 16:53:48 2025  Deuce (#15) voted YES
Sat Apr 12 16:53:52 2025 gabigol (Red) [Headshot] learn (Blue)
Sat Apr 12 16:53:54 2025 Player Deuce1 has left
Sat Apr 12 16:53:54 2025 Harry (Blue) [Headshot] noob (Red)
Sat Apr 12 16:53:59 2025 Harry (Blue) [Headshot] Deuce (Red)
Sat Apr 12 16:54:01 2025  SHURA (#6) is votekicking filco (#11). /Y to vote (4 left)
Sat Apr 12 16:54:01 2025  Reason: griefer
Sat Apr 12 16:54:08 2025  gabigol (#9) voted YES
Sat Apr 12 16:54:09 2025 Deuce (Red) [Shotgun] MAXMAX1 (Blue)
Sat Apr 12 16:54:11 2025 MAXMAX1 (Blue) [Grenade] gabigol (Red)
Sat Apr 12 16:54:12 2025 Harry (Blue) [Headshot] noob (Red)
Sat Apr 12 16:54:13 2025 Only 10 more kills in your killstreak until you unlock the apocalypse!
Sat Apr 12 16:54:13 2025 You need 1 intel capture(s) to unlock the apocalypse!
Sat Apr 12 16:54:13 2025 Harry (Blue) [Headshot] Deuce (Red)
Sat Apr 12 16:54:19 2025 [Global] Deuce (Red): todos /y pls
Sat Apr 12 16:54:21 2025 Harry (Blue) [Headshot] gabigol (Red)
Sat Apr 12 16:54:23 2025  Votekick for filco (#11) has ended. filco (#11) left during votekick
Sat Apr 12 16:54:23 2025  filco was banned.
Sat Apr 12 16:54:23 2025 Player filco has left
Sat Apr 12 16:54:24 2025 gabigol (Red) [Weapon Change]
Sat Apr 12 16:54:28 2025 [Global] SHURA (Red): thx
Sat Apr 12 16:54:30 2025 Harry (Blue) [Headshot] noob (Red)
Sat Apr 12 16:54:34 2025  Come chat with us at https://discord.aloha.pk/
Sat Apr 12 16:54:36 2025 Deuce (Red) [Grenade] MAXMAX1 (Blue)
Sat Apr 12 16:54:37 2025 Deuce (Red) [Grenade] Harry (Blue)
Sat Apr 12 16:54:41 2025 Deuce picked up Blue's Intel.
Sat Apr 12 16:54:53 2025 Deuce captured Blue's Intel.
Sat Apr 12 16:54:58 2025 noob picked up Blue's Intel.
Sat Apr 12 16:55:01 2025 noob dropped Blue's Intel
Sat Apr 12 16:55:01 2025 Harry (Blue) [Headshot] noob (Red)
Sat Apr 12 16:55:01 2025 RemuS (Red) [Headshot] learn (Blue)
Sat Apr 12 16:55:04 2025 Harry (Blue) [Headshot] gabigol (Red)
Sat Apr 12 16:55:05 2025 Deuce (Red) [Shotgun] MAXMAX1 (Blue)
Sat Apr 12 16:55:08 2025 Harry (Blue) [Headshot] SHURA (Red)
Sat Apr 12 16:55:12 2025 Harry (Blue) [Headshot] Deuce (Red)
Sat Apr 12 16:55:21 2025 export joined Blue team
Sat Apr 12 16:55:22 2025 SHURA (Red) [SMG] Q.I NEGATIVO (Blue)
Sat Apr 12 16:55:23 2025 Harry (Blue) [Headshot] noob (Red)
Sat Apr 12 16:55:29 2025 Player Q.I NEGATIVO has left
Sat Apr 12 16:55:29 2025 Harry picked up Red's Intel.
Sat Apr 12 16:55:31 2025 gabigol (Red) [Fall]
Sat Apr 12 16:55:32 2025 Spider joined Blue team
Sat Apr 12 16:55:34 2025  If you believe a player is breaking the rules, please let us know with /ADMIN
Sat Apr 12 16:55:34 2025 Deuce (Red) [Headshot] MAXMAX1 (Blue)
Sat Apr 12 16:55:38 2025 export (Blue) [SMG] Deuce (Red)
Sat Apr 12 16:55:46 2025 Harry captured Red's Intel.
Sat Apr 12 16:55:47 2025 noob (Red) [Headshot] export (Blue)
Sat Apr 12 16:55:56 2025 MAXMAX1 picked up Red's Intel.
Sat Apr 12 16:56:02 2025 You must be closer to the enemy's base to shoot blocks!
Sat Apr 12 16:56:03 2025 gabigol (Red) [Headshot] learn (Blue)
Sat Apr 12 16:56:06 2025 export (Blue) [SMG] gabigol (Red)
Sat Apr 12 16:56:08 2025 Harry (Blue) [Rifle] Deuce (Red)
Sat Apr 12 16:56:13 2025 MAXMAX1 captured Red's Intel.
Sat Apr 12 16:56:18 2025 export (Blue) [Headshot] noob (Red)
Sat Apr 12 16:56:18 2025 Deuce (Red) [Headshot] Harry (Blue)
Sat Apr 12 16:56:21 2025 Deuce (Red) [Fall]
Sat Apr 12 16:56:27 2025 Deuce (Red) [Headshot] export (Blue)
Sat Apr 12 16:56:33 2025 MAXMAX1 picked up Red's Intel.
Sat Apr 12 16:56:33 2025 MAXMAX1 dropped Red's Intel
Sat Apr 12 16:56:33 2025 gabigol (Red) [Headshot] MAXMAX1 (Blue)
Sat Apr 12 16:56:34 2025  This server runs imger and glow. Use /IMG or /GLOW to toggle them.
Sat Apr 12 16:56:40 2025 Spider (Blue) [SMG] RemuS (Red)
Sat Apr 12 16:56:40 2025 Harry (Blue) [Headshot] Deuce (Red)
Sat Apr 12 16:56:41 2025 RemuS (Red) [Grenade] Spider (Blue)
Sat Apr 12 16:56:42 2025 Harry (Blue) [Rifle] noob (Red)
Sat Apr 12 16:56:49 2025 Harry picked up Red's Intel.
Sat Apr 12 16:56:54 2025 Deuce (Red) [Shotgun] learn (Blue)
Sat Apr 12 16:56:57 2025 noob (Red) [Headshot] export (Blue)
Sat Apr 12 16:56:58 2025 HackMaster2000 joined Blue team
Sat Apr 12 16:56:59 2025 MAXMAX1 (Blue) [Grenade] gabigol (Red)
Sat Apr 12 16:57:00 2025 noob (Red) [Rifle] MAXMAX1 (Blue)
Sat Apr 12 16:57:01 2025 SHURA (Red) [SMG] Spider (Blue)
Sat Apr 12 16:57:04 2025 Harry captured Red's Intel.
Sat Apr 12 16:57:06 2025 Player learn has left
Sat Apr 12 16:57:20 2025 gabigol picked up Blue's Intel.
Sat Apr 12 16:57:25 2025 Deuce (Red) [Shotgun] MAXMAX1 (Blue)
Sat Apr 12 16:57:28 2025 RemuS (Red) [SMG] Spider (Blue)
Sat Apr 12 16:57:29 2025 Harry (Blue) [Rifle] Deuce (Red)
Sat Apr 12 16:57:31 2025 learn joined Blue team
Sat Apr 12 16:57:32 2025 SHURA (Red) [Grenade] HackMaster2000 (Blue)
Sat Apr 12 16:57:34 2025  Use /EMOTE to draw an emote on the map!
Sat Apr 12 16:57:36 2025 SHURA (Red) [SMG] export (Blue)
Sat Apr 12 16:57:41 2025 gabigol captured Blue's Intel.
Sat Apr 12 16:57:42 2025 noob (Red) [Headshot] Harry (Blue)
Sat Apr 12 16:57:48 2025 HackMaster2000 (Blue) [Headshot] SHURA (Red)
Sat Apr 12 16:57:54 2025 learn (Blue) [Fall]
Sat Apr 12 16:57:57 2025 HackMaster2000 (Blue) [Fall]
Sat Apr 12 16:57:57 2025 Spider (Blue) [Fall]
Sat Apr 12 16:57:58 2025 Deuce (Red) [Grenade] MAXMAX1 (Blue)
Sat Apr 12 16:57:58 2025 Deuce picked up Blue's Intel.
Sat Apr 12 16:57:59 2025 Deuce dropped Blue's Intel
Sat Apr 12 16:57:59 2025 Harry (Blue) [Headshot] Deuce (Red)
Sat Apr 12 16:58:06 2025 Harry (Blue) [Headshot] gabigol (Red)
Sat Apr 12 16:58:14 2025 Harry (Blue) [Headshot] Deuce (Red)
Sat Apr 12 16:58:16 2025 RemuS (Red) [Headshot] Spider (Blue)
Sat Apr 12 16:58:21 2025 noob (Red) [Headshot] export (Blue)
Sat Apr 12 16:58:23 2025 noob (Red) [Headshot] Harry (Blue)
Sat Apr 12 16:58:29 2025 Deuce (Red) [Shotgun] MAXMAX1 (Blue)
Sat Apr 12 16:58:31 2025 HackMaster2000 (Blue) [Headshot] SHURA (Red)
Sat Apr 12 16:58:31 2025 Spider (Blue) [Fall]
Sat Apr 12 16:58:32 2025 RemuS (Red) [SMG] HackMaster2000 (Blue)
Sat Apr 12 16:58:34 2025 Deuce (Red) [Shotgun] learn (Blue)
Sat Apr 12 16:58:34 2025  Use /HEAVEN to paint the babel platform!
Sat Apr 12 16:58:43 2025 Deuce (Red) [Headshot] Harry (Blue)
Sat Apr 12 16:58:47 2025 Deuce picked up Blue's Intel.
Sat Apr 12 16:58:58 2025 SHURA (Red) [Headshot] export (Blue)
Sat Apr 12 16:59:03 2025  With 619 blocks placed, Deuce is granted the right to unleash the apocalypse.
Sat Apr 12 16:59:03 2025 Deuce captured Blue's Intel.
Sat Apr 12 16:59:06 2025  Deuce has unleashed an apocalypse from God.
Sat Apr 12 16:59:07 2025 Harry (Blue) [Rifle] noob (Red)
Sat Apr 12 16:59:08 2025 Harry picked up Red's Intel.
Sat Apr 12 16:59:08 2025  The apocalypse begins in 5
Sat Apr 12 16:59:09 2025  The apocalypse begins in 4
Sat Apr 12 16:59:10 2025  The apocalypse begins in 3
Sat Apr 12 16:59:11 2025  The apocalypse begins in 2
Sat Apr 12 16:59:12 2025  The apocalypse begins in 1
Sat Apr 12 16:59:14 2025 Deuce (Red) [Headshot] MAXMAX1 (Blue)
Sat Apr 12 16:59:15 2025 Deuce (Red) [Grenade] Spider (Blue)
Sat Apr 12 16:59:16 2025 export (Blue) [Headshot] SHURA (Red)
Sat Apr 12 16:59:20 2025 Player Spider has left
Sat Apr 12 16:59:26 2025 Deuce (Red) [Grenade] export (Blue)
Sat Apr 12 16:59:29 2025 Harry (Blue) [Rifle] noob (Red)
Sat Apr 12 16:59:29 2025  The apocalypse has ended.
Sat Apr 12 16:59:34 2025  Get a 20 killstreak and 1 intel capture(s) to unlock /APOC!
Sat Apr 12 16:59:35 2025 RemuS (Red) [SMG] HackMaster2000 (Blue)
Sat Apr 12 16:59:39 2025 MAXMAX1 (Blue) [Headshot] Deuce (Red)
Sat Apr 12 16:59:42 2025 SHURA (Red) [Headshot] MAXMAX1 (Blue)
Sat Apr 12 16:59:50 2025 HackMaster2000 (Blue) [Headshot] RemuS (Red)
Sat Apr 12 16:59:52 2025 [Team] Harry (Blue): GET READY TO CAPTURE
Sat Apr 12 16:59:55 2025 noob (Red) [Headshot] learn (Blue)
Sat Apr 12 17:00:00 2025 HackMaster2000 (Blue) [Headshot] SHURA (Red)
Sat Apr 12 17:00:00 2025 Harry (Blue) [Headshot] noob (Red)
Sat Apr 12 17:00:03 2025 noob (Red) [Grenade] MAXMAX1 (Blue)
Sat Apr 12 17:00:13 2025 HackMaster2000 (Blue) [Headshot] gabigol (Red)
Sat Apr 12 17:00:15 2025 Deuce (Red) [Shotgun] learn (Blue)
Sat Apr 12 17:00:26 2025 Deuce (Red) [Headshot] MAXMAX1 (Blue)
Sat Apr 12 17:00:28 2025 Harry (Blue) [Headshot] Deuce (Red)
Sat Apr 12 17:00:29 2025 Harry (Blue) [Headshot] SHURA (Red)
Sat Apr 12 17:00:30 2025 Harry captured Red's Intel.
Sat Apr 12 17:00:30 2025 noob (Red) [Grenade] HackMaster2000 (Blue)
Sat Apr 12 17:00:31 2025 RemuS (Red) [SMG] export (Blue)
Sat Apr 12 17:00:34 2025  Capture your team's 5th intel to unlock /APOC for your team's best builder!
Sat Apr 12 17:00:43 2025 Harry (Blue) [Headshot] noob (Red)
Sat Apr 12 17:00:44 2025 MAXMAX1 (Blue) [Fall]
Sat Apr 12 17:00:45 2025 HackMaster2000 (Blue) [Team Change]
Sat Apr 12 17:00:47 2025 Harry (Blue) [Headshot] SHURA (Red)
Sat Apr 12 17:00:48 2025 HackMaster2000 joined Spectator team
Sat Apr 12 17:01:03 2025 Harry (Blue) [Rifle] Deuce (Red)
Sat Apr 12 17:01:05 2025 Deuce (Red) [Grenade] learn (Blue)
Sat Apr 12 17:01:10 2025 Harry (Blue) [Headshot] SHURA (Red)
Sat Apr 12 17:01:11 2025 Player learn has left
Sat Apr 12 17:01:12 2025 Only 10 more kills in your killstreak until you unlock the apocalypse!
Sat Apr 12 17:01:12 2025 Harry (Blue) [Rifle] noob (Red)
Sat Apr 12 17:01:14 2025 noob (Red) [Grenade] Harry (Blue)
Sat Apr 12 17:01:16 2025 Bizonho joined Blue team
Sat Apr 12 17:01:22 2025 [Team] Harry (Blue): go
Sat Apr 12 17:01:27 2025 export (Blue) [Headshot] RemuS (Red)
Sat Apr 12 17:01:29 2025 Bizonho (Blue) [SMG] Deuce (Red)
Sat Apr 12 17:01:30 2025 Deuce (Red) [Grenade] MAXMAX1 (Blue)
Sat Apr 12 17:01:34 2025  Mahalo for playing aloha.pk tower of babel
Sat Apr 12 17:01:36 2025 Bizonho (Blue) [Headshot] gabigol (Red)
Sat Apr 12 17:01:40 2025 noob (Red) [Headshot] export (Blue)
Sat Apr 12 17:01:41 2025 Harry (Blue) [Headshot] noob (Red)
Sat Apr 12 17:01:46 2025 Deuce (Red) [Shotgun] Harry (Blue)
Sat Apr 12 17:01:49 2025 Deuce (Red) [Headshot] Bizonho (Blue)
Sat Apr 12 17:01:51 2025 Deuce (Red) [Shotgun] MAXMAX1 (Blue)
Sat Apr 12 17:01:56 2025 Deuce picked up Blue's Intel.
Sat Apr 12 17:01:58 2025 Harry (Blue) [Headshot] RemuS (Red)
Sat Apr 12 17:02:04 2025 You must be closer to the enemy's base to grenade blocks!
Sat Apr 12 17:02:05 2025 You must be closer to the enemy's base to grenade blocks!
Sat Apr 12 17:02:12 2025 Deuce captured Blue's Intel.
Sat Apr 12 17:02:14 2025 Harry (Blue) [Rifle] noob (Red)
Sat Apr 12 17:02:16 2025  Deuce has a kill-death ratio of 0.65 (44 kills, 68 deaths, 0.75 kills per minute).
Sat Apr 12 17:02:16 2025  Deuce removed no blocks in the last 2.0 minutes.
Sat Apr 12 17:02:16 2025  HackMaster2000 (#2) started a VOTEKICK against Deuce (#15). Say /Y to agree
Sat Apr 12 17:02:16 2025  Reason: aimbot
Sat Apr 12 17:02:16 2025 SHURA (Red) [SMG] Harry (Blue)
Sat Apr 12 17:02:22 2025 Deuce (Red) [Shotgun] MAXMAX1 (Blue)
Sat Apr 12 17:02:29 2025 Bizonho (Blue) [Headshot] SHURA (Red)
Sat Apr 12 17:02:31 2025 Bizonho (Blue) [Headshot] gabigol (Red)
Sat Apr 12 17:02:34 2025  Build a tower to get the enemy's intel. Take it to your team's tent to win!
Sat Apr 12 17:02:34 2025 Deuce picked up Blue's Intel.
Sat Apr 12 17:02:35 2025 Deuce (Red) [Grenade] Harry (Blue)
Sat Apr 12 17:02:35 2025 Deuce (Red) [Grenade] Bizonho (Blue)
Sat Apr 12 17:02:37 2025 Deuce dropped Blue's Intel
Sat Apr 12 17:02:37 2025 MAXMAX1 (Blue) [Headshot] Deuce (Red)
Sat Apr 12 17:02:41 2025 noob picked up Blue's Intel.
Sat Apr 12 17:02:43 2025 noob dropped Blue's Intel
Sat Apr 12 17:02:43 2025 MAXMAX1 (Blue) [Headshot] noob (Red)
Sat Apr 12 17:02:46 2025  HackMaster2000 (#2) is votekicking Deuce (#15). /Y to vote (4 left)
Sat Apr 12 17:02:46 2025  Reason: aimbot
Sat Apr 12 17:02:47 2025 SHURA (Red) [SMG] MAXMAX1 (Blue)
Sat Apr 12 17:02:50 2025 RemuS (Red) [SMG] export (Blue)
Sat Apr 12 17:02:52 2025 Bizonho (Blue) [Headshot] SHURA (Red)
Sat Apr 12 17:02:58 2025 Harry (Blue) [Headshot] noob (Red)
Sat Apr 12 17:03:05 2025 Player noob has left
Sat Apr 12 17:03:09 2025 Harry (Blue) [Headshot] Deuce (Red)
Sat Apr 12 17:03:11 2025 gabigol (Red) [Fall]
Sat Apr 12 17:03:14 2025 RemuS (Red) [SMG] export (Blue)
Sat Apr 12 17:03:15 2025 Deuce (Red) [Shotgun] MAXMAX1 (Blue)
Sat Apr 12 17:03:16 2025  HackMaster2000 (#2) is votekicking Deuce (#15). /Y to vote (4 left)
Sat Apr 12 17:03:16 2025  Reason: aimbot
Sat Apr 12 17:03:19 2025 Harry (Blue) [Headshot] gabigol (Red)
Sat Apr 12 17:03:25 2025 Helen joined Blue team
Sat Apr 12 17:03:28 2025 Harry (Blue) [Headshot] Deuce (Red)
Sat Apr 12 17:03:32 2025 RemuS (Red) [Grenade]
Sat Apr 12 17:03:34 2025  Type /HELP for info & commands
Sat Apr 12 17:03:46 2025  HackMaster2000 (#2) is votekicking Deuce (#15). /Y to vote (4 left)
Sat Apr 12 17:03:46 2025  Reason: aimbot
Sat Apr 12 17:03:47 2025 Bizonho picked up Red's Intel.
Sat Apr 12 17:03:49 2025 Harry (Blue) [Headshot] Deuce (Red)
Sat Apr 12 17:03:54 2025 RemuS (Red) [Headshot] MAXMAX1 (Blue)
Sat Apr 12 17:04:06 2025 Deuce (Red) [Headshot] Harry (Blue)
Sat Apr 12 17:04:08 2025  With 1275 blocks placed, Harry is granted the right to unleash the apocalypse.
Sat Apr 12 17:04:08 2025 God has given you the right to unleash the apocalypse.
Sat Apr 12 17:04:08 2025 Use /APOC to unleash the apocalypse.
Sat Apr 12 17:04:08 2025 Bizonho captured Red's Intel.
Sat Apr 12 17:04:09 2025 Deuce (Red) [Shotgun] Helen (Blue)
Sat Apr 12 17:04:10 2025 export picked up Red's Intel.
Sat Apr 12 17:04:17 2025  Votekick for Deuce (#15) has ended. Votekick timed out
Sat Apr 12 17:04:21 2025 Deuce (Red) [Shotgun] MAXMAX1 (Blue)
Sat Apr 12 17:04:24 2025 Bizonho (Blue) [SMG] Deuce (Red)
Sat Apr 12 17:04:26 2025 export captured Red's Intel.
Sat Apr 12 17:04:31 2025 Bizonho picked up Red's Intel.
Sat Apr 12 17:04:34 2025  Visit our community forums at https://aloha.pk/
Sat Apr 12 17:04:34 2025 export (Blue) [Headshot] SHURA (Red)
Sat Apr 12 17:04:39 2025 Deuce (Red) [Fall]
Sat Apr 12 17:04:45 2025 gabigol (Red) [Headshot] MAXMAX1 (Blue)
Sat Apr 12 17:04:46 2025 gabigol (Red) [Headshot] export (Blue)
Sat Apr 12 17:04:47 2025 Bizonho captured Red's Intel.
Sat Apr 12 17:04:54 2025 Player HackMaster2000 has left
Sat Apr 12 17:04:59 2025 Use /APOC to unleash the apocalypse.
Sat Apr 12 17:04:59 2025 Harry (Blue) [Headshot] RemuS (Red)
Sat Apr 12 17:04:59 2025 [Global] gabigol (Red): oh guy i love this aimbot
Sat Apr 12 17:05:02 2025 Deuce (Red) [Headshot] Bizonho (Blue)
Sat Apr 12 17:05:09 2025 Deuce picked up Blue's Intel.
Sat Apr 12 17:05:10 2025 Deuce (Red) [Grenade] Harry (Blue)
Sat Apr 12 17:05:10 2025 Deuce (Red) [Grenade] MAXMAX1 (Blue)
Sat Apr 12 17:05:10 2025 Deuce (Red) [Grenade] Helen (Blue)
Sat Apr 12 17:05:15 2025 SHURA (Red) [SMG] export (Blue)
Sat Apr 12 17:05:15 2025 Helen (Blue) [SMG] SHURA (Red)
Sat Apr 12 17:05:18 2025 peach blossom joined Blue team
Sat Apr 12 17:05:21 2025 gabigol (Red) [Headshot] peach blossom (Blue)
Sat Apr 12 17:05:25 2025 Deuce captured Blue's Intel.
Sat Apr 12 17:05:25 2025 gabigol (Red) [Rifle] Bizonho (Blue)
Sat Apr 12 17:05:26 2025 You must be closer to the enemy's base to grenade blocks!
Sat Apr 12 17:05:27 2025 Use /APOC to unleash the apocalypse.
Sat Apr 12 17:05:27 2025 Harry (Blue) [Grenade] RemuS (Red)
Sat Apr 12 17:05:27 2025 You must be closer to the enemy's base to grenade blocks!
Sat Apr 12 17:05:28 2025 Use /APOC to unleash the apocalypse.
Sat Apr 12 17:05:28 2025 Harry (Blue) [Grenade] gabigol (Red)
Sat Apr 12 17:05:28 2025 You must be closer to the enemy's base to grenade blocks!
Sat Apr 12 17:05:32 2025 Orange joined Red team
Sat Apr 12 17:05:33 2025 Deuce (Red) [Headshot] MAXMAX1 (Blue)
Sat Apr 12 17:05:34 2025  Come chat with us at https://discord.aloha.pk/
Sat Apr 12 17:05:36 2025 Use /APOC to unleash the apocalypse.
Sat Apr 12 17:05:36 2025 Harry (Blue) [Headshot] SHURA (Red)
Sat Apr 12 17:05:42 2025 Use /APOC to unleash the apocalypse.
Sat Apr 12 17:05:42 2025 Harry (Blue) [Headshot] Deuce (Red)
Sat Apr 12 17:05:45 2025 Use /APOC to unleash the apocalypse.
Sat Apr 12 17:05:45 2025 Harry (Blue) [Rifle] Orange (Red)
Sat Apr 12 17:05:47 2025 SHURA (Red) [Headshot] export (Blue)
Sat Apr 12 17:05:47 2025 RemuS (Red) [SMG] Helen (Blue)
Sat Apr 12 17:05:52 2025 gabigol (Red) [Headshot] MAXMAX1 (Blue)
Sat Apr 12 17:05:53 2025 Use /APOC to unleash the apocalypse.
Sat Apr 12 17:05:53 2025 Harry (Blue) [Headshot] gabigol (Red)
Sat Apr 12 17:05:54 2025 SHURA (Red) [SMG] Harry (Blue)
Sat Apr 12 17:06:05 2025 Bizonho (Blue) [SMG] Deuce (Red)
Sat Apr 12 17:06:06 2025 Bizonho (Blue) [SMG] Orange (Red)
Sat Apr 12 17:06:07 2025  Harry has unleashed an apocalypse from God.
Sat Apr 12 17:06:07 2025 gabigol (Red) [Fall]
Sat Apr 12 17:06:07 2025 SHURA (Red) [Grenade] MAXMAX1 (Blue)
Sat Apr 12 17:06:07 2025 SHURA (Red) [Grenade] Bizonho (Blue)
Sat Apr 12 17:06:08 2025 SHURA picked up Blue's Intel.
Sat Apr 12 17:06:09 2025  The apocalypse begins in 5
Sat Apr 12 17:06:11 2025  The apocalypse begins in 4
Sat Apr 12 17:06:14 2025  The apocalypse begins in 3
Sat Apr 12 17:06:14 2025  The apocalypse begins in 2
Sat Apr 12 17:06:14 2025 SHURA dropped Blue's Intel
Sat Apr 12 17:06:14 2025 Harry (Blue) [Rifle] SHURA (Red)
Sat Apr 12 17:06:14 2025  The apocalypse begins in 1
Sat Apr 12 17:06:18 2025 RemuS (Red) [SMG] Harry (Blue)
Sat Apr 12 17:06:19 2025 Harry (Blue) [Grenade] Orange (Red)
Sat Apr 12 17:06:21 2025 RemuS picked up Blue's Intel.
Sat Apr 12 17:06:25 2025 RemuS dropped Blue's Intel
Sat Apr 12 17:06:25 2025 Bizonho (Blue) [Headshot] RemuS (Red)
Sat Apr 12 17:06:26 2025 Deuce picked up Blue's Intel.
Sat Apr 12 17:06:27 2025 Deuce dropped Blue's Intel
Sat Apr 12 17:06:27 2025 Bizonho (Blue) [SMG] Deuce (Red)
Sat Apr 12 17:06:30 2025  The apocalypse has ended.
Sat Apr 12 17:06:34 2025 Orange (Red) [Headshot] Bizonho (Blue)
Sat Apr 12 17:06:34 2025  If you believe a player is breaking the rules, please let us know with /ADMIN
Sat Apr 12 17:06:36 2025 gabigol (Red) [Headshot] MAXMAX1 (Blue)
Sat Apr 12 17:06:44 2025 Harry (Blue) [Rifle] Orange (Red)
Sat Apr 12 17:06:47 2025 gabigol (Red) [Headshot] Bizonho (Blue)
Sat Apr 12 17:06:50 2025 Deuce (Red) [Grenade] export (Blue)
Sat Apr 12 17:06:51 2025 Deuce (Red) [Fall]
Sat Apr 12 17:06:53 2025 [Global] export (Blue): lol
Sat Apr 12 17:07:01 2025 Harry (Blue) [Rifle] gabigol (Red)
Sat Apr 12 17:07:02 2025 LizardWizard joined Red team
Sat Apr 12 17:07:15 2025 RemuS (Red) [Headshot] MAXMAX1 (Blue)
Sat Apr 12 17:07:22 2025 Harry (Blue) [Headshot] LizardWizard (Red)
Sat Apr 12 17:07:23 2025 RemuS (Red) [Headshot] Helen (Blue)
Sat Apr 12 17:07:26 2025 Harry (Blue) [Rifle] Deuce (Red)
Sat Apr 12 17:07:28 2025 Harry (Blue) [Headshot] SHURA (Red)
Sat Apr 12 17:07:32 2025 Harry (Blue) [Headshot] Orange (Red)
Sat Apr 12 17:07:34 2025  This server runs imger and glow. Use /IMG or /GLOW to toggle them.
Sat Apr 12 17:07:34 2025 RemuS (Red) [SMG] peach blossom (Blue)
Sat Apr 12 17:07:37 2025 Harry (Blue) [Headshot] RemuS (Red)
Sat Apr 12 17:07:46 2025 Harry (Blue) [Headshot] LizardWizard (Red)
Sat Apr 12 17:07:49 2025 Harry (Blue) [Headshot] gabigol (Red)
Sat Apr 12 17:07:51 2025 You must be closer to the enemy's base to shoot blocks!
Sat Apr 12 17:07:52 2025 MAXMAX1 (Blue) [Grenade] Orange (Red)
Sat Apr 12 17:07:59 2025 SHURA (Red) [Melee] export (Blue)
Sat Apr 12 17:08:01 2025 RemuS (Red) [SMG] MAXMAX1 (Blue)
Sat Apr 12 17:08:06 2025 Only 10 more kills in your killstreak until you unlock the apocalypse!
Sat Apr 12 17:08:06 2025 You need 1 intel capture(s) to unlock the apocalypse!
Sat Apr 12 17:08:06 2025 Harry (Blue) [Headshot] Orange (Red)
Sat Apr 12 17:08:06 2025 LizardWizard (Red) [SMG] Harry (Blue)
Sat Apr 12 17:08:08 2025 peach blossom (Blue) [SMG] SHURA (Red)
Sat Apr 12 17:08:11 2025 RemuS (Red) [SMG] Helen (Blue)
Sat Apr 12 17:08:16 2025 export (Blue) [Headshot] LizardWizard (Red)
Sat Apr 12 17:08:16 2025 gabigol (Red) [Headshot] export (Blue)
Sat Apr 12 17:08:22 2025 RemuS (Red) [SMG] peach blossom (Blue)
Sat Apr 12 17:08:24 2025 Harry (Blue) [Headshot] gabigol (Red)
Sat Apr 12 17:08:27 2025 RemuS (Red) [Fall]
Sat Apr 12 17:08:31 2025 Harry (Blue) [Headshot] Orange (Red)
Sat Apr 12 17:08:34 2025  Use /EMOTE to draw an emote on the map!
Sat Apr 12 17:08:38 2025 Harry (Blue) [Headshot] LizardWizard (Red)
Sat Apr 12 17:08:38 2025 MAXMAX1 (Blue) [Grenade]
Sat Apr 12 17:08:39 2025 Player LizardWizard has left
Sat Apr 12 17:08:40 2025 Player gabigol has left
Sat Apr 12 17:08:44 2025 RemuS (Red) [SMG] Harry (Blue)
Sat Apr 12 17:08:51 2025 export (Blue) [Headshot] Orange (Red)
Sat Apr 12 17:08:51 2025 Deuce (Red) [Shotgun] export (Blue)
Sat Apr 12 17:08:53 2025 peach blossom (Blue) [Headshot] SHURA (Red)
Sat Apr 12 17:09:07 2025 Harry (Blue) [Rifle] Deuce (Red)
Sat Apr 12 17:09:07 2025 SHURA (Red) [Fall]
Sat Apr 12 17:09:08 2025 Bizonho (Blue) [Headshot] RemuS (Red)
Sat Apr 12 17:09:10 2025 Harry (Blue) [Headshot] Orange (Red)
Sat Apr 12 17:09:16 2025 SHURA (Red) [Headshot] peach blossom (Blue)
Sat Apr 12 17:09:17 2025 RemuS (Red) [SMG] Helen (Blue)
Sat Apr 12 17:09:22 2025 Deuce (Red) [Fall]
Sat Apr 12 17:09:22 2025 Harry (Blue) [Headshot] Orange (Red)
Sat Apr 12 17:09:24 2025 SHURA (Red) [Headshot] MAXMAX1 (Blue)
Sat Apr 12 17:09:26 2025 Bizonho (Blue) [SMG]
Sat Apr 12 17:09:27 2025 export (Blue) [SMG] SHURA (Red)
Sat Apr 12 17:09:32 2025 export (Blue) [Headshot] Deuce (Red)
Sat Apr 12 17:09:34 2025  Use /HEAVEN to paint the babel platform!
Sat Apr 12 17:09:35 2025 export picked up Red's Intel.
Sat Apr 12 17:09:36 2025 Player Deuce has left
Sat Apr 12 17:09:42 2025 Harry (Blue) [Headshot] SHURA (Red)
Sat Apr 12 17:09:49 2025 Player SHURA has left
Sat Apr 12 17:09:51 2025 You must be closer to the enemy's base to grenade blocks!
Sat Apr 12 17:09:53 2025 You must be closer to the enemy's base to grenade blocks!
Sat Apr 12 17:09:53 2025 Helen (Blue) [Fall]
Sat Apr 12 17:09:55 2025 export captured Red's Intel.
Sat Apr 12 17:09:58 2025 MAXMAX1 picked up Red's Intel.
Sat Apr 12 17:10:00 2025 Harry (Blue) [Headshot] RemuS (Red)
Sat Apr 12 17:10:01 2025 Harry (Blue) [Headshot] Orange (Red)
Sat Apr 12 17:10:09 2025 Harry (Blue) [Fall]
Sat Apr 12 17:10:17 2025 MAXMAX1 captured Red's Intel.
Sat Apr 12 17:10:18 2025 RemuS (Red) [SMG] export (Blue)
Sat Apr 12 17:10:22 2025 Bizonho (Blue) [SMG] RemuS (Red)
Sat Apr 12 17:10:24 2025 Helen (Blue) [Grenade]
Sat Apr 12 17:10:30 2025 Harry picked up Red's Intel.
Sat Apr 12 17:10:34 2025  Get a 20 killstreak and 1 intel capture(s) to unlock /APOC!
Sat Apr 12 17:10:35 2025 Deuce4 joined Spectator team
Sat Apr 12 17:10:36 2025 RemuS (Red) [SMG] peach blossom (Blue)
Sat Apr 12 17:10:41 2025 Orange (Red) [SMG] Bizonho (Blue)
Sat Apr 12 17:10:41 2025 Orange (Red) [Fall]
Sat Apr 12 17:10:41 2025 Deuce4 joined Red team
Sat Apr 12 17:10:44 2025 RemuS (Red) [Headshot] MAXMAX1 (Blue)
Sat Apr 12 17:10:45 2025 [Global] Bizonho (Blue): haha
Sat Apr 12 17:10:52 2025 [Global] Harry (Blue): gg
Sat Apr 12 17:10:54 2025 Harry captured Red's Intel.
Sat Apr 12 17:10:54 2025 Blue Wins!
Sat Apr 12 17:10:54 2025  Game finished! Next map: steelmaze.
Sat Apr 12 17:10:56 2025 Orange (Red) [Headshot] MAXMAX1 (Blue)
Sat Apr 12 17:10:57 2025 export (Blue) [SMG] RemuS (Red)
Sat Apr 12 17:10:57 2025 Harry (Blue) [Headshot] Deuce4 (Red)
Sat Apr 12 17:10:57 2025 export (Blue) [SMG] RemuS (Red)
Sat Apr 12 17:10:58 2025 Bizonho (Blue) [SMG] Orange (Red)
Sat Apr 12 17:10:58 2025 Bizonho (Blue) [SMG] Orange (Red)
Sat Apr 12 17:11:03 2025 export (Blue) [Fall]
Sat Apr 12 17:11:03 2025 Player peach blossom has left
Sat Apr 12 17:11:04 2025 ------ World Unloaded ------
Sat Apr 12 17:11:08 2025 Disconnecting
