Tue Feb  4 15:19:51 2025 ------ World Loaded ------
Tue Feb  4 15:19:51 2025 Pokimane feet (Red) [Team Change]
Tue Feb  4 15:19:51 2025 Welcome to aloha.pk tower of babel
Tue Feb  4 15:19:52 2025 Pokimane feet joined Blue team
Tue Feb  4 15:19:52 2025 Map: Big Ass Side Forts by Lostmotel
Tue Feb  4 15:19:53 2025 z (Blue) [Headshot] Deuce (Red)
Tue Feb  4 15:19:54 2025 Game mode: babel
Tue Feb  4 15:19:56 2025 DJDDCEC (Red) [SMG] Gorod (Blue)
Tue Feb  4 15:19:56 2025 Gorod (Blue) [Fall]
Tue Feb  4 15:19:56 2025 Deuce (Red) [Fall]
Tue Feb  4 15:19:56 2025 Build a tower to get the enemy's intel. Take it to your team's tent to win!
Tue Feb  4 15:19:58 2025 Visit our community forum at https://aloha.pk/
Tue Feb  4 15:19:59 2025 z (Blue) [Headshot] NakedProphet (Red)
Tue Feb  4 15:20:00 2025 KillerPollo (Blue) [Headshot] akvan (Red)
Tue Feb  4 15:20:00 2025 Come chat with us at https://discord.aloha.pk/
Tue Feb  4 15:20:01 2025 DJDDCEC (Red) [Headshot] Hand of God (Blue)
Tue Feb  4 15:20:03 2025 Player NakedProphet has left
Tue Feb  4 15:20:04 2025 ENTUSSIASMAO captured Red's Intel.
Tue Feb  4 15:20:10 2025 Player Hand of God has left
Tue Feb  4 15:20:12 2025 Merkatz picked up Red's Intel.
Tue Feb  4 15:20:14 2025 WasK4 (Red) [Headshot] PixelPizza (Blue)
Tue Feb  4 15:20:15 2025 z (Blue) [Headshot] Marshmello (Red)
Tue Feb  4 15:20:17 2025 WasK4 (Red) [SMG] Jolly_Roger (Blue)
Tue Feb  4 15:20:17 2025 z (Blue) [Headshot] Babbie isntmade (Red)
Tue Feb  4 15:20:19 2025  Type /HELP for info & commands
Tue Feb  4 15:20:21 2025 Pokimane feet (Blue) [Fall]
Tue Feb  4 15:20:24 2025 Souppy (Blue) [Headshot] Elprosaso (Red)
Tue Feb  4 15:20:26 2025 z (Blue) [Rifle] DJDDCEC (Red)
Tue Feb  4 15:20:29 2025 PixelPizza (Blue) [Headshot] WasK4 (Red)
Tue Feb  4 15:20:33 2025 KillerPollo (Blue) [Fall]
Tue Feb  4 15:20:34 2025 PixelPizza (Blue) [Rifle] MegaPenis (Red)
Tue Feb  4 15:20:36 2025 Player WasK4 has left
Tue Feb  4 15:20:36 2025 Marshmello (Red) [Headshot] Souppy (Blue)
Tue Feb  4 15:20:39 2025  With 1650 blocks placed, Otiinbr is granted the right to unleash the apocalypse.
Tue Feb  4 15:20:39 2025 Merkatz captured Red's Intel.
Tue Feb  4 15:20:40 2025 Pokimane feet (Blue) [Fall]
Tue Feb  4 15:20:43 2025 ENTUSSIASMAO picked up Red's Intel.
Tue Feb  4 15:20:44 2025 [Global] PixelPizza (Blue): megapenis :)
Tue Feb  4 15:20:46 2025 Bizonho (Blue) [Headshot] ►F@LLO$ (Red)
Tue Feb  4 15:20:50 2025 Player ►F@LLO$ has left
Tue Feb  4 15:20:51 2025 z (Blue) [Headshot] DJDDCEC (Red)
Tue Feb  4 15:20:55 2025 Souppy (Blue) [Fall]
Tue Feb  4 15:20:55 2025 z (Blue) [Headshot] i will try (Red)
Tue Feb  4 15:20:59 2025 Player Deuce has left
Tue Feb  4 15:21:00 2025 Bizonho (Blue) [Grenade] Elprosaso (Red)
Tue Feb  4 15:21:00 2025 z (Blue) [Headshot] Marshmello (Red)
Tue Feb  4 15:21:01 2025 ENTUSSIASMAO captured Red's Intel.
Tue Feb  4 15:21:03 2025 [Global] Marshmello (Red): soupy
Tue Feb  4 15:21:04 2025 Merkatz picked up Red's Intel.
Tue Feb  4 15:21:04 2025 Jolly_Roger (Blue) [Headshot] Babbie isntmade (Red)
Tue Feb  4 15:21:10 2025 z (Blue) [Headshot] akvan (Red)
Tue Feb  4 15:21:10 2025 [Global] KillerPollo (Blue): apocccc
Tue Feb  4 15:21:11 2025 Bizonho (Blue) [SMG] DJDDCEC (Red)
Tue Feb  4 15:21:19 2025  Visit our community forums at https://aloha.pk/
Tue Feb  4 15:21:24 2025 z (Blue) [Headshot] Marshmello (Red)
Tue Feb  4 15:21:24 2025 ►F@LLO$ joined Red team
Tue Feb  4 15:21:26 2025 xBigchungus420x (Blue) [SMG] DJDDCEC (Red)
Tue Feb  4 15:21:28 2025 Merkatz captured Red's Intel.
Tue Feb  4 15:21:29 2025 Bizonho (Blue) [Headshot] akvan (Red)
Tue Feb  4 15:21:34 2025 ►F@LLO$ (Red) [Headshot] Pokimane feet (Blue)
Tue Feb  4 15:21:35 2025 Bizonho picked up Red's Intel.
Tue Feb  4 15:21:37 2025 DJDDCEC (Red) [SMG] ENTUSSIASMAO (Blue)
Tue Feb  4 15:21:39 2025 ENTUSSIASMAO (Blue) [Grenade] Marshmello (Red)
Tue Feb  4 15:21:40 2025 DJDDCEC (Red) [Headshot] xBigchungus420x (Blue)
Tue Feb  4 15:21:41 2025 zombi (Red) [SMG] Pokimane feet (Blue)
Tue Feb  4 15:21:42 2025 Jolly_Roger (Blue) [Headshot] akvan (Red)
Tue Feb  4 15:21:43 2025 ←sardid (Blue) [Grenade] zombi (Red)
Tue Feb  4 15:21:44 2025 Souppy (Blue) [Headshot] i will try (Red)
Tue Feb  4 15:21:45 2025 KillerPollo (Blue) [Headshot] Babbie isntmade (Red)
Tue Feb  4 15:21:51 2025 Jolly_Roger (Blue) [Headshot] DJDDCEC (Red)
Tue Feb  4 15:21:52 2025 [Global] Marshmello (Red): ass spawn
Tue Feb  4 15:21:53 2025 Bizonho captured Red's Intel.
Tue Feb  4 15:21:54 2025 Merkatz picked up Red's Intel.
Tue Feb  4 15:21:57 2025 akvan (Red) [Fall]
Tue Feb  4 15:22:03 2025 DJDDCEC (Red) [Headshot] Jolly_Roger (Blue)
Tue Feb  4 15:22:08 2025 [Global] zombi (Red): ***ggerlink\
Tue Feb  4 15:22:16 2025 Merkatz captured Red's Intel.
Tue Feb  4 15:22:17 2025 [Global] Marshmello (Red): chill
Tue Feb  4 15:22:17 2025 KillerPollo (Blue) [Fall]
Tue Feb  4 15:22:19 2025  Come chat with us at https://discord.aloha.pk/
Tue Feb  4 15:22:20 2025 Bizonho picked up Red's Intel.
Tue Feb  4 15:22:20 2025 Babbie isntmade (Red) [Headshot] ENTUSSIASMAO (Blue)
Tue Feb  4 15:22:21 2025 [Global] KillerPollo (Blue): helo
Tue Feb  4 15:22:22 2025 [Global] KillerPollo (Blue): xD
Tue Feb  4 15:22:23 2025 [Global] Merkatz (Blue): cla lappom cheecks
Tue Feb  4 15:22:25 2025 ←sardid (Blue) [Fall]
Tue Feb  4 15:22:25 2025 Bizonho (Blue) [Grenade] Marshmello (Red)
Tue Feb  4 15:22:28 2025 DJDDCEC (Red) [Headshot] Jolly_Roger (Blue)
Tue Feb  4 15:22:29 2025 DE joined Spectator team
Tue Feb  4 15:22:30 2025 z (Blue) [Headshot] DJDDCEC (Red)
Tue Feb  4 15:22:34 2025 [Team] akvan (Red): zoroastrianism is the ttrue religion of thhe Aryan race
Tue Feb  4 15:22:41 2025 z (Blue) [Rifle] Babbie isntmade (Red)
Tue Feb  4 15:22:42 2025 KillerPollo (Blue) [Fall]
Tue Feb  4 15:22:45 2025 Bizonho captured Red's Intel.
Tue Feb  4 15:22:45 2025 Blue Wins!
Tue Feb  4 15:22:45 2025  Game finished! Next map: skullcourse_babel.
Tue Feb  4 15:22:46 2025 z (Blue) [Headshot] i will try (Red)
Tue Feb  4 15:22:46 2025 DJDDCEC (Red) [Headshot] Merkatz (Blue)
Tue Feb  4 15:22:46 2025 DJDDCEC (Red) [Headshot] Merkatz (Blue)
Tue Feb  4 15:22:47 2025 Souppy (Blue) [Headshot] ►F@LLO$ (Red)
Tue Feb  4 15:22:47 2025 PixelPizza (Blue) [Headshot] Babbie isntmade (Red)
Tue Feb  4 15:22:47 2025 Elprosaso (Red) [Headshot] z (Blue)
Tue Feb  4 15:22:47 2025 MegaPenis (Red) [Headshot] Gorod (Blue)
Tue Feb  4 15:22:47 2025 Elprosaso (Red) [Headshot] Otiinbr (Blue)
Tue Feb  4 15:22:47 2025 Elprosaso (Red) [SMG] Otiinbr (Blue)
Tue Feb  4 15:22:48 2025 DJDDCEC (Red) [Headshot] ENTUSSIASMAO (Blue)
Tue Feb  4 15:22:48 2025 PixelPizza (Blue) [Headshot] DJDDCEC (Red)
Tue Feb  4 15:22:48 2025 MegaPenis (Red) [Rifle] ENTUSSIASMAO (Blue)
Tue Feb  4 15:22:48 2025 xBigchungus420x (Blue) [Headshot] akvan (Red)
Tue Feb  4 15:22:48 2025 [Global] Marshmello (Red): never heard of that
Tue Feb  4 15:22:49 2025 xBigchungus420x (Blue) [Headshot] MegaPenis (Red)
Tue Feb  4 15:22:49 2025 Harry (Red) [Headshot] Souppy (Blue)
Tue Feb  4 15:22:50 2025 ENTUSSIASMAO (Blue) [Grenade] Harry (Red)
Tue Feb  4 15:22:50 2025 PixelPizza (Blue) [Rifle] Marshmello (Red)
Tue Feb  4 15:22:50 2025 Bizonho (Blue) [Grenade] Elprosaso (Red)
Tue Feb  4 15:22:51 2025 zombi (Red) [Fall]
Tue Feb  4 15:22:52 2025 Bizonho (Blue) [SMG] DJDDCEC (Red)
Tue Feb  4 15:22:52 2025 [Global] z (Blue): gg
Tue Feb  4 15:22:52 2025 Bizonho (Blue) [Headshot] DJDDCEC (Red)
Tue Feb  4 15:22:53 2025 KillerPollo (Blue) [Fall]
Tue Feb  4 15:22:54 2025 [Global] Marshmello (Red): gg
Tue Feb  4 15:22:55 2025 ------ World Unloaded ------
Tue Feb  4 15:22:59 2025 ------ World Loaded ------
Tue Feb  4 15:22:59 2025 Welcome to aloha.pk tower of babel
Tue Feb  4 15:22:59 2025 Merkatz joined Blue team
Tue Feb  4 15:23:01 2025 Map: skullcourse by jojoe
Tue Feb  4 15:23:02 2025 Marshmello joined Red team
Tue Feb  4 15:23:02 2025 akvan joined Blue team
Tue Feb  4 15:23:02 2025 Pokimane feet joined Blue team
Tue Feb  4 15:23:02 2025 xBigchungus420x joined Blue team
Tue Feb  4 15:23:03 2025 Game mode: babel
Tue Feb  4 15:23:03 2025 Babbie isntmade joined Red team
Tue Feb  4 15:23:03 2025 Jolly_Roger joined Blue team
Tue Feb  4 15:23:03 2025 DE joined Spectator team
Tue Feb  4 15:23:04 2025 ►F@LLO$ joined Red team
Tue Feb  4 15:23:04 2025 i will try joined Red team
Tue Feb  4 15:23:04 2025 Gorod joined Blue team
Tue Feb  4 15:23:04 2025 WARRIOR1337 joined Blue team
Tue Feb  4 15:23:05 2025 Build a tower to get the enemy's intel. Take it to your team's tent to win!
Tue Feb  4 15:23:06 2025 MegaPenis joined Red team
Tue Feb  4 15:23:06 2025 DJDDCEC joined Blue team
Tue Feb  4 15:23:07 2025 PixelPizza joined Spectator team
Tue Feb  4 15:23:07 2025 Visit our community forum at https://aloha.pk/
Tue Feb  4 15:23:07 2025 ←sardid joined Spectator team
Tue Feb  4 15:23:07 2025 Elprosaso joined Red team
Tue Feb  4 15:23:08 2025 Otiinbr joined Red team
Tue Feb  4 15:23:08 2025 zombi joined Red team
Tue Feb  4 15:23:09 2025 Come chat with us at https://discord.aloha.pk/
Tue Feb  4 15:23:12 2025 Elprosaso (Red) [Weapon Change]
Tue Feb  4 15:23:19 2025 Souppy joined Red team
Tue Feb  4 15:23:19 2025  If you believe a player is breaking the rules, please let us know with /ADMIN
Tue Feb  4 15:23:20 2025 Harry (Red) [Headshot] DJDDCEC (Blue)
Tue Feb  4 15:23:21 2025 [Global] DE (): even mix of good and homosexual maps in this new rotation gj aloha
Tue Feb  4 15:23:25 2025 Harry (Red) [Headshot] WARRIOR1337 (Blue)
Tue Feb  4 15:23:26 2025 Harry (Red) [Headshot] akvan (Blue)
Tue Feb  4 15:23:27 2025 KillerPollo joined Blue team
Tue Feb  4 15:23:31 2025 Babbie isntmade (Red) [Headshot] Pokimane feet (Blue)
Tue Feb  4 15:23:36 2025 DJDDCEC (Blue) [Headshot] i will try (Red)
Tue Feb  4 15:23:36 2025 Jolly_Roger (Blue) [Headshot] Babbie isntmade (Red)
Tue Feb  4 15:23:43 2025 Harry (Red) [Headshot] Jolly_Roger (Blue)
Tue Feb  4 15:23:49 2025 DJDDCEC (Blue) [Headshot] Souppy (Red)
Tue Feb  4 15:23:50 2025 Harry (Red) [Headshot] Gorod (Blue)
Tue Feb  4 15:23:58 2025 Pokimane feet (Blue) [SMG] Babbie isntmade (Red)
Tue Feb  4 15:24:00 2025 Harry (Red) [Headshot] akvan (Blue)
Tue Feb  4 15:24:10 2025 Pokimane feet (Blue) [SMG] Harry (Red)
Tue Feb  4 15:24:11 2025 zombi (Red) [Rifle] Pokimane feet (Blue)
Tue Feb  4 15:24:11 2025 Jolly_Roger (Blue) [Headshot] Souppy (Red)
Tue Feb  4 15:24:12 2025 Gorod (Blue) [Headshot] ►F@LLO$ (Red)
Tue Feb  4 15:24:15 2025 Marshmello (Red) [Headshot] WARRIOR1337 (Blue)
Tue Feb  4 15:24:19 2025  This server runs imger and glow. Use /IMG or /GLOW to toggle them.
Tue Feb  4 15:24:26 2025 You must be closer to the enemy's base to shoot blocks!
Tue Feb  4 15:24:27 2025 KillerPollo (Blue) [SMG] Babbie isntmade (Red)
Tue Feb  4 15:24:28 2025 ←sardid joined Blue team
Tue Feb  4 15:24:32 2025 [Global] DE (): wish i could spectate other spectaters
Tue Feb  4 15:24:32 2025 DJDDCEC (Blue) [Headshot] Harry (Red)
Tue Feb  4 15:24:35 2025 Merkatz (Blue) [Headshot] ►F@LLO$ (Red)
Tue Feb  4 15:24:37 2025 Jolly_Roger (Blue) [Headshot] Souppy (Red)
Tue Feb  4 15:24:39 2025 [Global] Marshmello (Red): hm
Tue Feb  4 15:24:39 2025 DJDDCEC (Blue) [Headshot] Babbie isntmade (Red)
Tue Feb  4 15:24:40 2025 Jolly_Roger (Blue) [Headshot] Elprosaso (Red)
Tue Feb  4 15:24:47 2025 KillerPollo (Blue) [SMG] Otiinbr (Red)
Tue Feb  4 15:24:48 2025 ←sardid (Blue) [Fall]
Tue Feb  4 15:24:48 2025 [Global] DE (): catch those dirty spectator hackers in action
Tue Feb  4 15:24:48 2025 Pokimane feet (Blue) [SMG] zombi (Red)
Tue Feb  4 15:24:49 2025 WARRIOR1337 (Blue) [Headshot] Marshmello (Red)
Tue Feb  4 15:24:49 2025 Jolly_Roger (Blue) [Headshot] ►F@LLO$ (Red)
Tue Feb  4 15:24:50 2025 Harry (Red) [Headshot] Jolly_Roger (Blue)
Tue Feb  4 15:24:53 2025 Harry (Red) [Headshot] WARRIOR1337 (Blue)
Tue Feb  4 15:24:55 2025 Souppy (Red) [Headshot] Pokimane feet (Blue)
Tue Feb  4 15:24:59 2025 DJDDCEC (Blue) [Headshot] Souppy (Red)
Tue Feb  4 15:25:03 2025 akvan (Blue) [Headshot] Elprosaso (Red)
Tue Feb  4 15:25:07 2025 akvan (Blue) [Headshot] Otiinbr (Red)
Tue Feb  4 15:25:08 2025 Harry (Red) [Headshot] Jolly_Roger (Blue)
Tue Feb  4 15:25:13 2025 zombi (Red) [Headshot] akvan (Blue)
Tue Feb  4 15:25:13 2025 xBigchungus420x (Blue) [Fall]
Tue Feb  4 15:25:14 2025 [Global] PixelPizza (): i am in marshmello's butthole
Tue Feb  4 15:25:19 2025 KillerPollo (Blue) [Headshot] i will try (Red)
Tue Feb  4 15:25:19 2025  Use /EMOTE to draw an emote on the map!
Tue Feb  4 15:25:22 2025 DJDDCEC (Blue) [Rifle] Harry (Red)
Tue Feb  4 15:25:23 2025 [Global] Marshmello (Red): ew
Tue Feb  4 15:25:25 2025 [Global] DE (): I will observe you observing his butthole
Tue Feb  4 15:25:26 2025 [Global] Merkatz (Blue): I love men and I love eating poop
Tue Feb  4 15:25:27 2025 KillerPollo (Blue) [SMG] Otiinbr (Red)
Tue Feb  4 15:25:31 2025 Deuce joined Blue team
Tue Feb  4 15:25:31 2025 zombi (Red) [Headshot] WARRIOR1337 (Blue)
Tue Feb  4 15:25:32 2025 Souppy (Red) [Headshot] Pokimane feet (Blue)
Tue Feb  4 15:25:33 2025 KillerPollo (Blue) [Headshot] Harry (Red)
Tue Feb  4 15:25:36 2025 zombi (Red) [Headshot] akvan (Blue)
Tue Feb  4 15:25:37 2025 [Global] DE (): Merkatz, apply for a staff posistion
Tue Feb  4 15:25:41 2025 DJDDCEC (Blue) [Headshot] Souppy (Red)
Tue Feb  4 15:25:41 2025 i will try (Red) [Headshot] KillerPollo (Blue)
Tue Feb  4 15:25:42 2025 [Global] PixelPizza (): good for you, bro
Tue Feb  4 15:25:42 2025 DJDDCEC (Blue) [Headshot] i will try (Red)
Tue Feb  4 15:25:44 2025 [Global] Marshmello (Red): ban
Tue Feb  4 15:25:46 2025 [Global] KillerPollo (Blue): helo cxd
Tue Feb  4 15:25:55 2025 i will try (Red) [Headshot] Jolly_Roger (Blue)
Tue Feb  4 15:25:58 2025 [Global] Marshmello (Red): yes, helo
Tue Feb  4 15:25:58 2025 Gorod (Blue) [Grenade]
Tue Feb  4 15:25:59 2025 zombi (Red) [Headshot] Deuce (Blue)
Tue Feb  4 15:26:07 2025 DJDDCEC (Blue) [Headshot] Marshmello (Red)
Tue Feb  4 15:26:07 2025 Harry (Red) [Headshot] akvan (Blue)
Tue Feb  4 15:26:11 2025 [Global] DE (): oof marsh
Tue Feb  4 15:26:14 2025 [Global] Marshmello (Red): he is richard bro
Tue Feb  4 15:26:15 2025 [Global] DE (): what a way to die
Tue Feb  4 15:26:17 2025 [Global] Marshmello (Red): fr
Tue Feb  4 15:26:18 2025 Jolly_Roger (Blue) [Headshot] i will try (Red)
Tue Feb  4 15:26:19 2025  Use /HEAVEN to paint the babel platform!
Tue Feb  4 15:26:25 2025 DJDDCEC (Blue) [Headshot] Babbie isntmade (Red)
Tue Feb  4 15:26:27 2025 Harry (Red) [Headshot] Gorod (Blue)
Tue Feb  4 15:26:33 2025 Iron_15 joined Red team
Tue Feb  4 15:26:34 2025 [Global] Marshmello (Red): i made a richard flag, should i put it on??
Tue Feb  4 15:26:37 2025 Deuce (Blue) [Headshot] i will try (Red)
Tue Feb  4 15:26:37 2025 Harry (Red) [Headshot] ←sardid (Blue)
Tue Feb  4 15:26:41 2025 DJDDCEC (Blue) [Headshot] Otiinbr (Red)
Tue Feb  4 15:26:41 2025 DJDDCEC (Blue) [Headshot] Babbie isntmade (Red)
Tue Feb  4 15:26:46 2025 WARRIOR1337 (Blue) [Headshot] i will try (Red)
Tue Feb  4 15:26:47 2025 [Global] PixelPizza (): yeah
Tue Feb  4 15:26:47 2025 Harry (Red) [Headshot] Gorod (Blue)
Tue Feb  4 15:26:53 2025 Harry (Red) [Headshot] xBigchungus420x (Blue)
Tue Feb  4 15:26:55 2025 Souppy (Red) [Headshot] KillerPollo (Blue)
Tue Feb  4 15:26:56 2025 Jolly_Roger (Blue) [Headshot] Marshmello (Red)
Tue Feb  4 15:26:56 2025 [Global] Marshmello (Red): alr need 1000 b
Tue Feb  4 15:26:56 2025 Gorod (Blue) [Headshot] Harry (Red)
Tue Feb  4 15:26:57 2025 Jolly_Roger (Blue) [Headshot] i will try (Red)
Tue Feb  4 15:26:58 2025 Otiinbr (Red) [Headshot] Jolly_Roger (Blue)
Tue Feb  4 15:27:00 2025 ←sardid (Blue) [Headshot] zombi (Red)
Tue Feb  4 15:27:02 2025 Deuce (Blue) [Headshot] Otiinbr (Red)
Tue Feb  4 15:27:08 2025 Deuce (Blue) [Headshot] Souppy (Red)
Tue Feb  4 15:27:19 2025 Deuce (Blue) [Headshot] Babbie isntmade (Red)
Tue Feb  4 15:27:19 2025  Get a 20 killstreak and 1 intel capture(s) to unlock /APOC!
Tue Feb  4 15:27:23 2025 Player Babbie isntmade has left
Tue Feb  4 15:27:24 2025 Iron_15 (Red) [SMG] WARRIOR1337 (Blue)
Tue Feb  4 15:27:29 2025 Harry (Red) [Headshot] akvan (Blue)
Tue Feb  4 15:27:30 2025 Souppy (Red) [Headshot] Jolly_Roger (Blue)
Tue Feb  4 15:27:31 2025 Deuce (Blue) [Headshot] Souppy (Red)
Tue Feb  4 15:27:32 2025 KillerPollo (Blue) [SMG] Iron_15 (Red)
Tue Feb  4 15:27:32 2025 ←sardid (Blue) [Headshot] Harry (Red)
Tue Feb  4 15:27:36 2025 Deuce (Blue) [Headshot] Otiinbr (Red)
Tue Feb  4 15:27:38 2025 Deuce (Blue) [Headshot] zombi (Red)
Tue Feb  4 15:27:40 2025 Deuce (Blue) [Headshot] Marshmello (Red)
Tue Feb  4 15:27:41 2025 Deuce (Blue) [Headshot] Harry (Red)
Tue Feb  4 15:27:42 2025 Deuce (Blue) [Headshot] Iron_15 (Red)
Tue Feb  4 15:27:43 2025 [Global] Marshmello (Red): hax
Tue Feb  4 15:27:47 2025 Merkatz (Blue) [SMG] zombi (Red)
Tue Feb  4 15:27:51 2025 Souppy (Red) [Headshot] Deuce (Blue)
Tue Feb  4 15:27:53 2025 Souppy (Red) [SMG] ←sardid (Blue)
Tue Feb  4 15:27:55 2025 Bizonho joined Spectator team
Tue Feb  4 15:27:56 2025 Player Pokimane feet has left
Tue Feb  4 15:27:56 2025 [Global] DE (): aimbot
Tue Feb  4 15:27:59 2025 Merkatz (Blue) [SMG] MegaPenis (Red)
Tue Feb  4 15:28:07 2025 Deuce (Blue) [Headshot] Souppy (Red)
Tue Feb  4 15:28:09 2025 Jolly_Roger (Blue) [Headshot] Iron_15 (Red)
Tue Feb  4 15:28:10 2025 WARRIOR1337 (Blue) [Headshot] zombi (Red)
Tue Feb  4 15:28:12 2025 Jolly_Roger (Blue) [Headshot] Marshmello (Red)
Tue Feb  4 15:28:13 2025 Deuce (Blue) [Headshot] Harry (Red)
Tue Feb  4 15:28:18 2025 Otiinbr (Red) [SMG] Jolly_Roger (Blue)
Tue Feb  4 15:28:19 2025  Capture your team's 5th intel to unlock /APOC for your team's best builder!
Tue Feb  4 15:28:20 2025 MegaPenis (Red) [Rifle] Merkatz (Blue)
Tue Feb  4 15:28:21 2025 Deuce (Blue) [Headshot] Harry (Red)
Tue Feb  4 15:28:25 2025 Deuce (Blue) [Headshot] Souppy (Red)
Tue Feb  4 15:28:26 2025 Deuce (Blue) [Headshot] Marshmello (Red)
Tue Feb  4 15:28:28 2025 Deuce (Blue) [Headshot] Otiinbr (Red)
Tue Feb  4 15:28:32 2025 Deuce (Blue) [Headshot] Otiinbr (Red)
Tue Feb  4 15:28:33 2025 ruzz joined Red team
Tue Feb  4 15:28:35 2025 Deuce (Blue) [Headshot] Harry (Red)
Tue Feb  4 15:28:36 2025 Deuce (Blue) [Headshot] zombi (Red)
Tue Feb  4 15:28:45 2025 WARRIOR1337 (Blue) [Headshot] MegaPenis (Red)
Tue Feb  4 15:28:48 2025 Deuce (Blue) [Headshot] Harry (Red)
Tue Feb  4 15:28:48 2025 Deuce (Blue) [Grenade] Souppy (Red)
Tue Feb  4 15:28:49 2025 Otiinbr (Red) [SMG] Deuce (Blue)
Tue Feb  4 15:28:55 2025 Marshmello (Red) [Headshot] Jolly_Roger (Blue)
Tue Feb  4 15:28:56 2025 ←sardid (Blue) [Headshot] zombi (Red)
Tue Feb  4 15:29:01 2025 [Global] DE (): >spawn killing, the map
Tue Feb  4 15:29:01 2025 ←sardid (Blue) [Headshot] Marshmello (Red)
Tue Feb  4 15:29:08 2025 MegaPenis (Red) [Headshot] WARRIOR1337 (Blue)
Tue Feb  4 15:29:10 2025 KillerPollo (Blue) [SMG] zombi (Red)
Tue Feb  4 15:29:10 2025 [Global] Marshmello (Red): fr
Tue Feb  4 15:29:11 2025 KillerPollo (Blue) [Headshot] ruzz (Red)
Tue Feb  4 15:29:13 2025 ←sardid (Blue) [Headshot] Marshmello (Red)
Tue Feb  4 15:29:13 2025 Iron_15 (Red) [Rifle] Gorod (Blue)
Tue Feb  4 15:29:17 2025 Deuce (Blue) [Rifle] Souppy (Red)
Tue Feb  4 15:29:19 2025  Mahalo for playing aloha.pk tower of babel
Tue Feb  4 15:29:20 2025 Merkatz (Blue) [Fall]
Tue Feb  4 15:29:20 2025 Deuce (Blue) [Headshot] Harry (Red)
Tue Feb  4 15:29:24 2025 DJDDCEC (Blue) [Headshot] Otiinbr (Red)
Tue Feb  4 15:29:24 2025 Gorod (Blue) [SMG] Iron_15 (Red)
Tue Feb  4 15:29:26 2025 Jolly_Roger (Blue) [Headshot] ruzz (Red)
Tue Feb  4 15:29:26 2025 Deuce (Blue) [Headshot] Marshmello (Red)
Tue Feb  4 15:29:27 2025 ←sardid (Blue) [Headshot] Elprosaso (Red)
Tue Feb  4 15:29:30 2025 Jolly_Roger (Blue) [Headshot] zombi (Red)
Tue Feb  4 15:29:31 2025 ←sardid (Blue) [Headshot] Elprosaso (Red)
Tue Feb  4 15:29:31 2025 Gorod (Blue) [SMG] i will try (Red)
Tue Feb  4 15:29:35 2025 Deuce (Blue) [Headshot] Harry (Red)
Tue Feb  4 15:29:42 2025 Deuce (Blue) [Headshot] Otiinbr (Red)
Tue Feb  4 15:29:42 2025 Jolly_Roger (Blue) [Headshot] zombi (Red)
Tue Feb  4 15:29:42 2025 jh601 joined Blue team
Tue Feb  4 15:29:43 2025 DJDDCEC (Blue) [Headshot] Marshmello (Red)
Tue Feb  4 15:29:43 2025 Iron_15 (Red) [Headshot] Deuce (Blue)
Tue Feb  4 15:29:46 2025 Jolly_Roger (Blue) [Headshot] Souppy (Red)
Tue Feb  4 15:29:56 2025 [Global] DE (): brb
Tue Feb  4 15:29:57 2025 Player DE has left
Tue Feb  4 15:30:00 2025 KillerPollo (Blue) [Headshot] Souppy (Red)
Tue Feb  4 15:30:01 2025 Iron_15 (Red) [Rifle] WARRIOR1337 (Blue)
Tue Feb  4 15:30:01 2025 Player Otiinbr has left
Tue Feb  4 15:30:06 2025 Jolly_Roger (Blue) [Headshot] i will try (Red)
Tue Feb  4 15:30:08 2025 Iron_15 (Red) [Headshot] Merkatz (Blue)
Tue Feb  4 15:30:11 2025 Deuce (Blue) [Headshot] Iron_15 (Red)
Tue Feb  4 15:30:13 2025 DE the f@gg0t joined Red team
Tue Feb  4 15:30:15 2025 Jolly_Roger (Blue) [Headshot] ruzz (Red)
Tue Feb  4 15:30:15 2025 DE the f@gg0t (Red) [Headshot] Jolly_Roger (Blue)
Tue Feb  4 15:30:17 2025 Harry (Red) [Headshot] jh601 (Blue)
Tue Feb  4 15:30:18 2025 KillerPollo (Blue) [Headshot] DE the f@gg0t (Red)
Tue Feb  4 15:30:19 2025  Build a tower to get the enemy's intel. Take it to your team's tent to win!
Tue Feb  4 15:30:21 2025 DE joined Spectator team
Tue Feb  4 15:30:22 2025 KillerPollo (Blue) [SMG] i will try (Red)
Tue Feb  4 15:30:25 2025 Harry (Red) [Headshot] Deuce (Blue)
Tue Feb  4 15:30:26 2025 [Global] Marshmello (Red): wb
Tue Feb  4 15:30:27 2025 Harry (Red) [Headshot] WARRIOR1337 (Blue)
Tue Feb  4 15:30:30 2025 [Global] DE the f@gg0t (Red): ty
Tue Feb  4 15:30:31 2025 KillerPollo (Blue) [Headshot] ruzz (Red)
Tue Feb  4 15:30:31 2025 Iron_15 (Red) [Headshot] KillerPollo (Blue)
Tue Feb  4 15:30:36 2025 akvan (Blue) [Headshot] zombi (Red)
Tue Feb  4 15:30:38 2025 Player WARRIOR1337 has left
Tue Feb  4 15:30:39 2025 Player KillerPollo has left
Tue Feb  4 15:30:39 2025 DJDDCEC (Blue) [Headshot] DE the f@gg0t (Red)
Tue Feb  4 15:30:41 2025 Jolly_Roger (Blue) [Headshot] Marshmello (Red)
Tue Feb  4 15:30:44 2025 Harry (Red) [Headshot] jh601 (Blue)
Tue Feb  4 15:30:44 2025 [Global] Marshmello (Red): wait, wht
Tue Feb  4 15:30:48 2025 Jolly_Roger (Blue) [Headshot] DE the f@gg0t (Red)
Tue Feb  4 15:30:56 2025 ←sardid (Blue) [Headshot] zombi (Red)
Tue Feb  4 15:30:56 2025 Jolly_Roger (Blue) [Headshot] DE the f@gg0t (Red)
Tue Feb  4 15:30:56 2025 Marshmello (Red) [Headshot] Jolly_Roger (Blue)
Tue Feb  4 15:30:59 2025 Deuce (Blue) [Headshot] Iron_15 (Red)
Tue Feb  4 15:31:00 2025 Player Iron_15 has left
Tue Feb  4 15:31:05 2025 Souppy (Red) [Fall]
Tue Feb  4 15:31:11 2025 Deuce (Blue) [Headshot] ruzz (Red)
Tue Feb  4 15:31:13 2025 DE the f@gg0t (Red) [Grenade] DJDDCEC (Blue)
Tue Feb  4 15:31:13 2025 Deuce (Blue) [Headshot] i will try (Red)
Tue Feb  4 15:31:14 2025 MegaPenis (Red) [Rifle]
Tue Feb  4 15:31:14 2025 Harry (Red) [Headshot] Gorod (Blue)
Tue Feb  4 15:31:16 2025 who joined Blue team
Tue Feb  4 15:31:18 2025 akvan (Blue) [Headshot] MegaPenis (Red)
Tue Feb  4 15:31:18 2025 ←sardid (Blue) [Headshot] i will try (Red)
Tue Feb  4 15:31:19 2025  Type /HELP for info & commands
Tue Feb  4 15:31:22 2025 akvan (Blue) [Headshot] Souppy (Red)
Tue Feb  4 15:31:23 2025 Jolly_Roger (Blue) [Headshot] Marshmello (Red)
Tue Feb  4 15:31:26 2025 Deuce (Blue) [Headshot] ruzz (Red)
Tue Feb  4 15:31:29 2025 Deuce (Blue) [Headshot] Marshmello (Red)
Tue Feb  4 15:31:29 2025 Deuce (Blue) [Headshot] ruzz (Red)
Tue Feb  4 15:31:30 2025 Gorod (Blue) [SMG] Harry (Red)
Tue Feb  4 15:31:30 2025 Deuce (Blue) [Headshot] MegaPenis (Red)
Tue Feb  4 15:31:36 2025 Player jh601 has left
Tue Feb  4 15:31:36 2025 ←sardid (Blue) [Headshot] Souppy (Red)
Tue Feb  4 15:31:40 2025 PixelPizza joined Red team
Tue Feb  4 15:31:41 2025 Deuce (Blue) [Headshot] Souppy (Red)
Tue Feb  4 15:31:42 2025 PixelPizza (Red) [Headshot] Jolly_Roger (Blue)
Tue Feb  4 15:31:43 2025 Deuce (Blue) [Headshot] Elprosaso (Red)
Tue Feb  4 15:31:46 2025 Deuce (Blue) [Headshot] Harry (Red)
Tue Feb  4 15:31:47 2025 DJDDCEC (Blue) [Headshot] DE the f@gg0t (Red)
Tue Feb  4 15:31:48 2025 akvan (Blue) [Headshot] PixelPizza (Red)
Tue Feb  4 15:31:58 2025 Disconnecting
