Mon Jan 13 19:22:24 2025 ------ World Loaded ------
Mon Jan 13 19:22:24 2025 Welcome to aloha.pk tower of babel
Mon Jan 13 19:22:24 2025 DaJew (Blue) [Headshot] Noaa (Red)
Mon Jan 13 19:22:24 2025 DaJew (Blue) [Headshot] coik (Red)
Mon Jan 13 19:22:25 2025 DaJew (Blue) [Headshot] PJB (Red)
Mon Jan 13 19:22:25 2025 DaJew (Blue) [Headshot] DDP (Red)
Mon Jan 13 19:22:25 2025 Map: CallOfDutyArray by onigiri
Mon Jan 13 19:22:27 2025 Game mode: babel
Mon Jan 13 19:22:28 2025 PJB (Red) [Fall]
Mon Jan 13 19:22:28 2025 Noaa (Red) [Fall]
Mon Jan 13 19:22:28 2025 DDP (Red) [Fall]
Mon Jan 13 19:22:28 2025 coik (Red) [Fall]
Mon Jan 13 19:22:28 2025 [Global] DaJew (Blue): no im good
Mon Jan 13 19:22:29 2025 Build a tower to get the enemy's intel. Take it to your team's tent to win!
Mon Jan 13 19:22:29 2025 DaJew (Blue) [Headshot] Harry (Red)
Mon Jan 13 19:22:31 2025 Visit our community forum at https://aloha.pk/
Mon Jan 13 19:22:33 2025 Come chat with us at https://discord.aloha.pk/
Mon Jan 13 19:22:36 2025 DaJew (Blue) [Headshot] coik (Red)
Mon Jan 13 19:22:36 2025 DaJew (Blue) [Headshot] Harry (Red)
Mon Jan 13 19:22:37 2025 DaJew (Blue) [Headshot] DDP (Red)
Mon Jan 13 19:22:38 2025 DaJew (Blue) [Headshot] Noaa (Red)
Mon Jan 13 19:22:39 2025 DaJew (Blue) [Headshot] PJB (Red)
Mon Jan 13 19:22:39 2025 [Global] >.<Palitamaster (Blue): distrraccion
Mon Jan 13 19:22:43 2025 [Global] PJB (Red): go to hell
Mon Jan 13 19:22:43 2025  Talmage1915 (#0) voted YES
Mon Jan 13 19:22:43 2025  Votekick for DaJew (#9) has ended. Player kicked
Mon Jan 13 19:22:43 2025  DaJew was banned.
Mon Jan 13 19:22:43 2025 Player DaJew has left
Mon Jan 13 19:22:45 2025 [Global] >.<Palitamaster (Blue): DF
Mon Jan 13 19:22:46 2025  This server runs imger and glow. Use /IMG or /GLOW to toggle them.
Mon Jan 13 19:22:49 2025 [Global] Noaa (Red): good job
Mon Jan 13 19:22:50 2025 Jipeks joined Blue team
Mon Jan 13 19:22:51 2025 Goldorak joined Blue team
Mon Jan 13 19:22:57 2025 >.<Palitamaster (Blue) [Headshot] DDP (Red)
Mon Jan 13 19:22:59 2025 >.<Palitamaster (Blue) [Headshot] Noaa (Red)
Mon Jan 13 19:22:59 2025 Player Jipeks has left
Mon Jan 13 19:23:03 2025 >.<Palitamaster (Blue) [Headshot] Noaa (Red)
Mon Jan 13 19:23:08 2025 DDP (Red) [Shotgun] >.<Palitamaster (Blue)
Mon Jan 13 19:23:10 2025  Goldorak changed next map to tradeoff
Mon Jan 13 19:23:10 2025 Talmage1915 (Blue) [Headshot] Harry (Red)
Mon Jan 13 19:23:12 2025 PJB (Red) [Headshot] Talmage1915 (Blue)
Mon Jan 13 19:23:21 2025 Goldorak (Blue) [Headshot] coik (Red)
Mon Jan 13 19:23:27 2025 [Global] Goldorak (Blue): 2 hp
Mon Jan 13 19:23:35 2025 Jipeks joined Blue team
Mon Jan 13 19:23:38 2025 >.<Palitamaster (Blue) [Headshot] Noaa (Red)
Mon Jan 13 19:23:38 2025 reagon joined Red team
Mon Jan 13 19:23:38 2025 DDP (Red) [Shotgun] >.<Palitamaster (Blue)
Mon Jan 13 19:23:46 2025  Use /EMOTE to draw an emote on the map!
Mon Jan 13 19:23:46 2025 PJB (Red) [SMG] Spider (Blue)
Mon Jan 13 19:23:47 2025 reagon (Red) [SMG] Goldorak (Blue)
Mon Jan 13 19:23:49 2025 DDP (Red) [Shotgun] Talmage1915 (Blue)
Mon Jan 13 19:23:55 2025 Spider (Blue) [Headshot] DDP (Red)
Mon Jan 13 19:23:55 2025 Harry (Red) [Headshot] Jipeks (Blue)
Mon Jan 13 19:23:59 2025 PJB (Red) [SMG] Spider (Blue)
Mon Jan 13 19:24:01 2025 coik (Red) [Rifle] Goldorak (Blue)
Mon Jan 13 19:24:04 2025 Skaliwag joined Red team
Mon Jan 13 19:24:07 2025 BigAs joined Blue team
Mon Jan 13 19:24:11 2025 Player Jipeks has left
Mon Jan 13 19:24:17 2025 Jipeks joined Blue team
Mon Jan 13 19:24:19 2025 Harry (Red) [Rifle] Talmage1915 (Blue)
Mon Jan 13 19:24:19 2025 Cadet Nosegay (Blue) [SMG] PJB (Red)
Mon Jan 13 19:24:23 2025 Goldorak (Blue) [Headshot] coik (Red)
Mon Jan 13 19:24:24 2025 DDP (Red) [Shotgun] Spider (Blue)
Mon Jan 13 19:24:26 2025 [Global] PJB (Red): chihuahua squirts
Mon Jan 13 19:24:28 2025 Player Jipeks has left
Mon Jan 13 19:24:29 2025 Harry (Red) [Headshot] Talmage1915 (Blue)
Mon Jan 13 19:24:31 2025 reagon (Red) [Headshot] Goldorak (Blue)
Mon Jan 13 19:24:39 2025 You must be closer to the enemy's base to shoot blocks!
Mon Jan 13 19:24:46 2025  Use /HEAVEN to paint the babel platform!
Mon Jan 13 19:24:48 2025 Goldorak (Blue) [Team Change]
Mon Jan 13 19:24:50 2025 DDP (Red) [Headshot] Spider (Blue)
Mon Jan 13 19:24:52 2025 >.<Palitamaster (Blue) [Headshot] reagon (Red)
Mon Jan 13 19:24:53 2025 DDP (Red) [Shotgun] BigAs (Blue)
Mon Jan 13 19:24:53 2025 >.<Palitamaster (Blue) [SMG] PJB (Red)
Mon Jan 13 19:24:53 2025 Skaliwag (Red) [SMG] >.<Palitamaster (Blue)
Mon Jan 13 19:24:57 2025 [Global] PJB (Red): tit
Mon Jan 13 19:24:59 2025 Goldorak joined Spectator team
Mon Jan 13 19:25:00 2025 Harry (Red) [Headshot] Talmage1915 (Blue)
Mon Jan 13 19:25:11 2025 coik (Red) [Headshot] Spider (Blue)
Mon Jan 13 19:25:22 2025 >.<Palitamaster (Blue) [Headshot] PJB (Red)
Mon Jan 13 19:25:22 2025 reagon (Red) [SMG] >.<Palitamaster (Blue)
Mon Jan 13 19:25:24 2025 Noaa picked up Blue's Intel.
Mon Jan 13 19:25:27 2025 Harry (Red) [Headshot] Talmage1915 (Blue)
Mon Jan 13 19:25:31 2025 >.<Palitamaster (Blue) [Headshot] coik (Red)
Mon Jan 13 19:25:34 2025 ATORRES_BR! joined Spectator team
Mon Jan 13 19:25:36 2025 DDP (Red) [Headshot] BigAs (Blue)
Mon Jan 13 19:25:43 2025 Harry (Red) [Headshot] Spider (Blue)
Mon Jan 13 19:25:44 2025 >.<Palitamaster (Blue) [SMG] reagon (Red)
Mon Jan 13 19:25:46 2025  Get a 20 killstreak and 1 intel capture(s) to unlock /APOC!
Mon Jan 13 19:25:47 2025 Skaliwag (Red) [Grenade]
Mon Jan 13 19:25:50 2025 Cadet Nosegay (Blue) [Headshot] DDP (Red)
Mon Jan 13 19:25:54 2025 PJB (Red) [Headshot] Talmage1915 (Blue)
Mon Jan 13 19:25:57 2025 You must be closer to the enemy's base to grenade blocks!
Mon Jan 13 19:25:58 2025 You must be closer to the enemy's base to grenade blocks!
Mon Jan 13 19:26:01 2025 You must be closer to the enemy's base to grenade blocks!
Mon Jan 13 19:26:02 2025 Noaa captured Blue's Intel.
Mon Jan 13 19:26:08 2025 coik (Red) [Headshot] BigAs (Blue)
Mon Jan 13 19:26:09 2025 coik (Red) [Rifle] >.<Palitamaster (Blue)
Mon Jan 13 19:26:11 2025 [Global] ATORRES_BR! (): sopa du noaa
Mon Jan 13 19:26:12 2025 Spider (Blue) [SMG] PJB (Red)
Mon Jan 13 19:26:23 2025 [Global] Noaa (Red): peanut butter jelly and double dicked pussy carrying
Mon Jan 13 19:26:24 2025 >.<Palitamaster (Blue) [SMG] Skaliwag (Red)
Mon Jan 13 19:26:26 2025 >.<Palitamaster (Blue) [Headshot] reagon (Red)
Mon Jan 13 19:26:29 2025 Harry (Red) [Headshot] Talmage1915 (Blue)
Mon Jan 13 19:26:30 2025 DDP (Red) [Headshot] BigAs (Blue)
Mon Jan 13 19:26:48 2025 coik (Red) [Rifle] >.<Palitamaster (Blue)
Mon Jan 13 19:26:48 2025 [Global] PJB (Red): peaunut buriul
Mon Jan 13 19:26:48 2025  Capture your team's 5th intel to unlock /APOC for your team's best builder!
Mon Jan 13 19:26:57 2025 PJB (Red) [Headshot] Spider (Blue)
Mon Jan 13 19:26:58 2025 BigAs (Blue) [Headshot] DDP (Red)
Mon Jan 13 19:27:00 2025 PJB (Red) [SMG] Cadet Nosegay (Blue)
Mon Jan 13 19:27:01 2025 Spider (Blue) [Headshot] PJB (Red)
Mon Jan 13 19:27:02 2025 coik (Red) [Headshot] Spider (Blue)
Mon Jan 13 19:27:03 2025 coik (Red) [Headshot] Talmage1915 (Blue)
Mon Jan 13 19:27:06 2025 Harry (Red) [Headshot] BigAs (Blue)
Mon Jan 13 19:27:06 2025 >.<Palitamaster (Blue) [Headshot] Skaliwag (Red)
Mon Jan 13 19:27:13 2025 Noaa picked up Blue's Intel.
Mon Jan 13 19:27:21 2025 coik (Red) [Grenade]
Mon Jan 13 19:27:24 2025 [Global] >.<Palitamaster (Blue): XDDDD
Mon Jan 13 19:27:26 2025 ATORRES_BR! joined Blue team
Mon Jan 13 19:27:41 2025 PJB (Red) [SMG] Spider (Blue)
Mon Jan 13 19:27:41 2025 DDP (Red) [Rifle] >.<Palitamaster (Blue)
Mon Jan 13 19:27:41 2025 Noaa captured Blue's Intel.
Mon Jan 13 19:27:46 2025  Mahalo for playing aloha.pk tower of babel
Mon Jan 13 19:27:47 2025 Cadet Nosegay (Blue) [SMG] PJB (Red)
Mon Jan 13 19:27:47 2025 San4Craft joined Blue team
Mon Jan 13 19:27:48 2025 PJB (Red) [Grenade] Cadet Nosegay (Blue)
Mon Jan 13 19:28:00 2025 Skaliwag (Red) [Grenade] Cadet Nosegay (Blue)
Mon Jan 13 19:28:00 2025 >.<Palitamaster (Blue) [Headshot] DDP (Red)
Mon Jan 13 19:28:05 2025 coik (Red) [Headshot] Spider (Blue)
Mon Jan 13 19:28:07 2025 Talmage1915 (Blue) [Headshot] reagon (Red)
Mon Jan 13 19:28:09 2025 reagon (Red) [Grenade] >.<Palitamaster (Blue)
Mon Jan 13 19:28:11 2025 [Global] >.<Palitamaster (Blue): AA
Mon Jan 13 19:28:15 2025 Harry (Red) [Rifle] Spider (Blue)
Mon Jan 13 19:28:15 2025 Talmage1915 (Blue) [Headshot] Skaliwag (Red)
Mon Jan 13 19:28:19 2025 reagon (Red) [SMG] San4Craft (Blue)
Mon Jan 13 19:28:27 2025 San4Craft (Blue) [SMG] coik (Red)
Mon Jan 13 19:28:33 2025 BigAs (Blue) [Fall]
Mon Jan 13 19:28:35 2025 PJB (Red) [SMG] >.<Palitamaster (Blue)
Mon Jan 13 19:28:38 2025 Only 10 more kills in your killstreak until you unlock the apocalypse!
Mon Jan 13 19:28:38 2025 You need 1 intel capture(s) to unlock the apocalypse!
Mon Jan 13 19:28:38 2025 Harry (Red) [Rifle] San4Craft (Blue)
Mon Jan 13 19:28:41 2025 Talmage1915 (Blue) [Headshot] Harry (Red)
Mon Jan 13 19:28:46 2025  Build a tower to get the enemy's intel. Take it to your team's tent to win!
Mon Jan 13 19:28:46 2025 Talmage1915 (Blue) [Headshot] PJB (Red)
Mon Jan 13 19:28:59 2025 [Global] PJB (Red): BREAST SHRRR
Mon Jan 13 19:29:07 2025 DDP (Red) [Headshot] BigAs (Blue)
Mon Jan 13 19:29:14 2025 Skaliwag (Red) [SMG] BigAs (Blue)
Mon Jan 13 19:29:17 2025 coik (Red) [Rifle] San4Craft (Blue)
Mon Jan 13 19:29:20 2025 DDP (Red) [Headshot] Talmage1915 (Blue)
Mon Jan 13 19:29:23 2025 PJB (Red) [SMG] Spider (Blue)
Mon Jan 13 19:29:23 2025 >.<Palitamaster (Blue) [Headshot] reagon (Red)
Mon Jan 13 19:29:24 2025 Harry (Red) [Headshot] San4Craft (Blue)
Mon Jan 13 19:29:25 2025 Harry (Red) [Headshot] Talmage1915 (Blue)
Mon Jan 13 19:29:27 2025 BigAs (Blue) [Headshot] PJB (Red)
Mon Jan 13 19:29:29 2025 Harry (Red) [Headshot] BigAs (Blue)
Mon Jan 13 19:29:36 2025 [Global] PJB (Red): women's breast pictures google
Mon Jan 13 19:29:37 2025 DDP (Red) [Headshot] San4Craft (Blue)
Mon Jan 13 19:29:39 2025 Harry (Red) [Rifle] Spider (Blue)
Mon Jan 13 19:29:42 2025 Talmage1915 (Blue) [Rifle] DDP (Red)
Mon Jan 13 19:29:45 2025 Talmage1915 (Blue) [Headshot] coik (Red)
Mon Jan 13 19:29:46 2025  Type /HELP for info & commands
Mon Jan 13 19:29:58 2025 DDP (Red) [Rifle] >.<Palitamaster (Blue)
Mon Jan 13 19:29:58 2025 Harry (Red) [Headshot] Talmage1915 (Blue)
Mon Jan 13 19:29:59 2025 [Global] >.<Palitamaster (Blue): wtf
Mon Jan 13 19:30:04 2025 Harry (Red) [Headshot] Talmage1915 (Blue)
Mon Jan 13 19:30:05 2025 pierre t stone joined Red team
Mon Jan 13 19:30:09 2025 coik (Red) [Headshot] San4Craft (Blue)
Mon Jan 13 19:30:14 2025 Player pierre t stone has left
Mon Jan 13 19:30:17 2025 Skaliwag (Red) [Headshot] Spider (Blue)
Mon Jan 13 19:30:18 2025 BigAs (Blue) [Headshot] PJB (Red)
Mon Jan 13 19:30:20 2025 Jipeks joined Blue team
Mon Jan 13 19:30:25 2025 San4Craft (Blue) [Headshot] coik (Red)
Mon Jan 13 19:30:25 2025 Harry (Red) [Headshot] Spider (Blue)
Mon Jan 13 19:30:30 2025 Skaliwag (Red) [Headshot] >.<Palitamaster (Blue)
Mon Jan 13 19:30:36 2025 Jipeks (Blue) [Headshot] Harry (Red)
Mon Jan 13 19:30:36 2025 San4Craft (Blue) [SMG] PJB (Red)
Mon Jan 13 19:30:38 2025 Skaliwag (Red) [Fall]
Mon Jan 13 19:30:40 2025 [Global] >.<Palitamaster (Blue): XD
Mon Jan 13 19:30:41 2025 BigAs (Blue) [SMG] DDP (Red)
Mon Jan 13 19:30:46 2025  Visit our community forums at https://aloha.pk/
Mon Jan 13 19:30:47 2025 coik (Red) [Headshot] San4Craft (Blue)
Mon Jan 13 19:30:51 2025 Cadet Nosegay (Blue) [Headshot] Noaa (Red)
Mon Jan 13 19:30:58 2025 TOMY joined Red team
Mon Jan 13 19:31:07 2025 Jipeks (Blue) [Headshot] coik (Red)
Mon Jan 13 19:31:14 2025 pierre t stone joined Blue team
Mon Jan 13 19:31:14 2025 reagon (Red) [Headshot] BigAs (Blue)
Mon Jan 13 19:31:17 2025 Harry (Red) [Rifle] Spider (Blue)
Mon Jan 13 19:31:18 2025 Talmage1915 (Blue) [Headshot] reagon (Red)
Mon Jan 13 19:31:25 2025 >.<Palitamaster (Blue) [Headshot] coik (Red)
Mon Jan 13 19:31:26 2025 Player Jipeks has left
Mon Jan 13 19:31:28 2025 Player pierre t stone has left
Mon Jan 13 19:31:33 2025 pierre t stone joined Blue team
Mon Jan 13 19:31:34 2025 Harry (Red) [Headshot] Talmage1915 (Blue)
Mon Jan 13 19:31:36 2025 Jipeks joined Blue team
Mon Jan 13 19:31:39 2025 >.<Palitamaster (Blue) [Headshot] PJB (Red)
Mon Jan 13 19:31:42 2025 DDP picked up Blue's Intel.
Mon Jan 13 19:31:43 2025 Harry (Red) [Headshot] pierre t stone (Blue)
Mon Jan 13 19:31:46 2025  Come chat with us at https://discord.aloha.pk/
Mon Jan 13 19:31:54 2025 You must be closer to the enemy's base to shoot blocks!
Mon Jan 13 19:31:54 2025 Player pierre t stone has left
Mon Jan 13 19:31:57 2025 >.<Palitamaster (Blue) [Headshot] PJB (Red)
Mon Jan 13 19:32:00 2025 coik (Red) [Grenade] >.<Palitamaster (Blue)
Mon Jan 13 19:32:01 2025  TOMY has a kill-death ratio of 0.00 (0 kills, 0 deaths, 0.00 kills per minute).
Mon Jan 13 19:32:01 2025  TOMY removed no blocks in the last 2.0 minutes. TOMY joined Red team 1 minute, 2 seconds
Mon Jan 13 19:32:01 2025  ago.
Mon Jan 13 19:32:01 2025  reagon (#9) started a VOTEKICK against TOMY (#16). Say /Y to agree
Mon Jan 13 19:32:01 2025  Reason: griefing base
Mon Jan 13 19:32:03 2025 DDP dropped Blue's Intel
Mon Jan 13 19:32:03 2025  The intel has returned to the heavens
Mon Jan 13 19:32:03 2025 San4Craft (Blue) [Headshot] DDP (Red)
Mon Jan 13 19:32:03 2025 Harry (Red) [Headshot] Jipeks (Blue)
Mon Jan 13 19:32:06 2025  >.<Palitamaster (#3) voted YES
Mon Jan 13 19:32:09 2025 Skaliwag (Red) [Grenade] Cadet Nosegay (Blue)
Mon Jan 13 19:32:09 2025  DDP (#1) voted YES
Mon Jan 13 19:32:19 2025 Cadet Nosegay (Blue) [Headshot] coik (Red)
Mon Jan 13 19:32:21 2025 You must be closer to the enemy's base to shoot blocks!
Mon Jan 13 19:32:27 2025 [Global] ATORRES_BR! (Blue): TOMY kill 0 players 
Mon Jan 13 19:32:27 2025 You must be closer to the enemy's base to grenade blocks!
Mon Jan 13 19:32:28 2025 You must be closer to the enemy's base to grenade blocks!
Mon Jan 13 19:32:29 2025 You must be closer to the enemy's base to grenade blocks!
Mon Jan 13 19:32:29 2025 Jipeks (Blue) [Headshot] Harry (Red)
Mon Jan 13 19:32:31 2025  reagon (#9) is votekicking TOMY (#16). /Y to vote (6 left)
Mon Jan 13 19:32:31 2025  Reason: griefing base
Mon Jan 13 19:32:31 2025 DDP (Red) [Headshot] San4Craft (Blue)
Mon Jan 13 19:32:33 2025 [Global] ATORRES_BR! (Blue): whats is that ?
Mon Jan 13 19:32:36 2025 coik (Red) [Headshot] >.<Palitamaster (Blue)
Mon Jan 13 19:32:38 2025 Noaa (Red) [Headshot] Jipeks (Blue)
Mon Jan 13 19:32:44 2025 Skaliwag (Red) [SMG] Cadet Nosegay (Blue)
Mon Jan 13 19:32:46 2025  If you believe a player is breaking the rules, please let us know with /ADMIN
Mon Jan 13 19:32:46 2025 reagon (Red) [Headshot] Talmage1915 (Blue)
Mon Jan 13 19:32:50 2025 coik (Red) [Headshot] San4Craft (Blue)
Mon Jan 13 19:32:53 2025 pierre t stone joined Red team
Mon Jan 13 19:32:54 2025 coik (Red) [Headshot] BigAs (Blue)
Mon Jan 13 19:32:58 2025 reagon (Red) [Headshot] Talmage1915 (Blue)
Mon Jan 13 19:33:00 2025 Jipeks (Blue) [Headshot] coik (Red)
Mon Jan 13 19:33:01 2025  reagon (#9) is votekicking TOMY (#16). /Y to vote (6 left)
Mon Jan 13 19:33:01 2025  Reason: griefing base
Mon Jan 13 19:33:02 2025 DDP (Red) [Grenade] Talmage1915 (Blue)
Mon Jan 13 19:33:02 2025 [Global] ATORRES_BR! (Blue): Ok reago
Mon Jan 13 19:33:03 2025 PJB (Red) [SMG] Cadet Nosegay (Blue)
Mon Jan 13 19:33:04 2025 Cadet Nosegay (Blue) [Grenade] PJB (Red)
Mon Jan 13 19:33:06 2025 [Global] ATORRES_BR! (Blue): i will speak u
Mon Jan 13 19:33:07 2025 DDP picked up Blue's Intel.
Mon Jan 13 19:33:14 2025 [Global] ATORRES_BR! (Blue): spec
Mon Jan 13 19:33:15 2025 Harry (Red) [Headshot] Talmage1915 (Blue)
Mon Jan 13 19:33:19 2025 Player pierre t stone has left
Mon Jan 13 19:33:19 2025 Noaa (Red) [Headshot] Spider (Blue)
Mon Jan 13 19:33:22 2025 BigAs (Blue) [SMG]
Mon Jan 13 19:33:23 2025 Jipeks (Blue) [Headshot] PJB (Red)
Mon Jan 13 19:33:25 2025 Noaa (Red) [SMG] >.<Palitamaster (Blue)
Mon Jan 13 19:33:26 2025 DDP captured Blue's Intel.
Mon Jan 13 19:33:27 2025 Noaa (Red) [Headshot] Spider (Blue)
Mon Jan 13 19:33:27 2025 PJB (Red) [Headshot] Jipeks (Blue)
Mon Jan 13 19:33:28 2025 San4Craft (Blue) [SMG] coik (Red)
Mon Jan 13 19:33:31 2025 reagon picked up Blue's Intel.
Mon Jan 13 19:33:31 2025  reagon (#9) is votekicking TOMY (#16). /Y to vote (6 left)
Mon Jan 13 19:33:31 2025  Reason: griefing base
Mon Jan 13 19:33:34 2025 [Global] coik (Red): little gopher
Mon Jan 13 19:33:36 2025 San4Craft (Blue) [Headshot] DDP (Red)
Mon Jan 13 19:33:37 2025 Harry (Red) [Headshot] >.<Palitamaster (Blue)
Mon Jan 13 19:33:39 2025 Talmage1915 (Blue) [Rifle]
Mon Jan 13 19:33:39 2025 reagon (Red) [SMG] San4Craft (Blue)
Mon Jan 13 19:33:39 2025 Noaa (Red) [Headshot] Spider (Blue)
Mon Jan 13 19:33:46 2025  This server runs imger and glow. Use /IMG or /GLOW to toggle them.
Mon Jan 13 19:33:47 2025 Harry (Red) [Headshot] Jipeks (Blue)
Mon Jan 13 19:33:48 2025 Jipeks1 joined Blue team
Mon Jan 13 19:33:49 2025 Player Jipeks has left
Mon Jan 13 19:33:52 2025 San4Craft (Blue) [Headshot] PJB (Red)
Mon Jan 13 19:33:53 2025 Harry (Red) [Headshot] Spider (Blue)
Mon Jan 13 19:33:54 2025 Harry (Red) [Headshot] Jipeks1 (Blue)
Mon Jan 13 19:33:56 2025 reagon captured Blue's Intel.
Mon Jan 13 19:33:56 2025 coik (Red) [Grenade] BigAs (Blue)
Mon Jan 13 19:33:57 2025 Harry (Red) [Team Change]
Mon Jan 13 19:33:57 2025 Noaa picked up Blue's Intel.
Mon Jan 13 19:34:01 2025  Votekick for TOMY (#16) has ended. Votekick timed out
Mon Jan 13 19:34:17 2025 pierre t stone joined Red team
Mon Jan 13 19:34:17 2025 San4Craft (Blue) [SMG] DDP (Red)
Mon Jan 13 19:34:18 2025  With 3235 blocks placed, Noaa is granted the right to unleash the apocalypse.
Mon Jan 13 19:34:18 2025 Noaa captured Blue's Intel.
Mon Jan 13 19:34:23 2025 Harry (Blue) [Headshot] coik (Red)
Mon Jan 13 19:34:29 2025 Skaliwag (Red) [SMG] BigAs (Blue)
Mon Jan 13 19:34:32 2025 -__- joined Blue team
Mon Jan 13 19:34:37 2025 Noaa (Red) [SMG] Jipeks1 (Blue)
Mon Jan 13 19:34:38 2025 DDP (Red) [Grenade] San4Craft (Blue)
Mon Jan 13 19:34:39 2025 reagon (Red) [Grenade] -__- (Blue)
Mon Jan 13 19:34:46 2025  Use /EMOTE to draw an emote on the map!
Mon Jan 13 19:34:47 2025 Harry (Blue) [Headshot] reagon (Red)
Mon Jan 13 19:34:47 2025 >.<Palitamaster (Blue) [Headshot] pierre t stone (Red)
Mon Jan 13 19:34:49 2025 reagon (Red) [Grenade] Jipeks1 (Blue)
Mon Jan 13 19:34:50 2025 DDP (Red) [Headshot] >.<Palitamaster (Blue)
Mon Jan 13 19:34:50 2025 Skaliwag (Red) [SMG]
Mon Jan 13 19:34:57 2025 Harry (Blue) [Headshot] PJB (Red)
Mon Jan 13 19:35:00 2025 KomaR joined Red team
Mon Jan 13 19:35:03 2025 San4Craft (Blue) [Headshot] TOMY (Red)
Mon Jan 13 19:35:08 2025 DDP (Red) [Rifle] Harry (Blue)
Mon Jan 13 19:35:10 2025 San4Craft (Blue) [Headshot] PJB (Red)
Mon Jan 13 19:35:13 2025 BigAs (Blue) [SMG] DDP (Red)
Mon Jan 13 19:35:16 2025 San4Craft (Blue) [SMG] reagon (Red)
Mon Jan 13 19:35:16 2025 [Global] PJB (Red): Pissing tits
Mon Jan 13 19:35:18 2025 Player pierre t stone has left
Mon Jan 13 19:35:18 2025 Player Jipeks1 has left
Mon Jan 13 19:35:18 2025 Skaliwag (Red) [SMG] Cadet Nosegay (Blue)
Mon Jan 13 19:35:18 2025 Jipeks joined Blue team
Mon Jan 13 19:35:20 2025 coik (Red) [Grenade] BigAs (Blue)
Mon Jan 13 19:35:21 2025 Harry (Blue) [Headshot] coik (Red)
Mon Jan 13 19:35:38 2025 coik (Red) [Headshot] >.<Palitamaster (Blue)
Mon Jan 13 19:35:39 2025 Harry (Blue) [Headshot] DDP (Red)
Mon Jan 13 19:35:40 2025 Harry (Blue) [Headshot] coik (Red)
Mon Jan 13 19:35:46 2025  Use /HEAVEN to paint the babel platform!
Mon Jan 13 19:35:48 2025 KomaR (Red) [SMG] San4Craft (Blue)
Mon Jan 13 19:35:54 2025 Jipeks (Blue) [Melee] PJB (Red)
Mon Jan 13 19:35:55 2025 Harry (Blue) [Headshot] coik (Red)
Mon Jan 13 19:35:56 2025 DDP (Red) [SMG] Harry (Blue)
Mon Jan 13 19:35:56 2025 KomaR (Red) [Fall]
Mon Jan 13 19:35:57 2025 TOMY (Red) [Headshot] BigAs (Blue)
Mon Jan 13 19:35:58 2025 TOMY (Red) [Fall]
Mon Jan 13 19:36:10 2025 >.<Palitamaster (Blue) [Headshot] coik (Red)
Mon Jan 13 19:36:18 2025 Harry (Blue) [Headshot] DDP (Red)
Mon Jan 13 19:36:21 2025 KomaR (Red) [SMG] San4Craft (Blue)
Mon Jan 13 19:36:23 2025 KomaR (Red) [SMG] >.<Palitamaster (Blue)
Mon Jan 13 19:36:27 2025 reagon (Red) [SMG] Jipeks (Blue)
Mon Jan 13 19:36:33 2025 KomaR (Red) [SMG] BigAs (Blue)
Mon Jan 13 19:36:42 2025 pierre t stone joined Red team
Mon Jan 13 19:36:42 2025 DDP (Red) [SMG] >.<Palitamaster (Blue)
Mon Jan 13 19:36:43 2025 San4Craft (Blue) [Headshot] coik (Red)
Mon Jan 13 19:36:43 2025 Harry (Blue) [Headshot] DDP (Red)
Mon Jan 13 19:36:46 2025  Get a 20 killstreak and 1 intel capture(s) to unlock /APOC!
Mon Jan 13 19:36:49 2025 Jipeks (Blue) [Headshot] reagon (Red)
Mon Jan 13 19:36:49 2025 Harry (Blue) [Headshot] TOMY (Red)
Mon Jan 13 19:36:51 2025 PJB (Red) [SMG] San4Craft (Blue)
Mon Jan 13 19:36:59 2025 PJB (Red) [SMG] Harry (Blue)
Mon Jan 13 19:36:59 2025 Skaliwag (Red) [SMG] Jipeks (Blue)
Mon Jan 13 19:37:11 2025 BigAs (Blue) [Headshot] PJB (Red)
Mon Jan 13 19:37:12 2025 KomaR (Red) [SMG] >.<Palitamaster (Blue)
Mon Jan 13 19:37:13 2025 coik (Red) [Headshot] Harry (Blue)
Mon Jan 13 19:37:18 2025 Skaliwag (Red) [Headshot] Talmage1915 (Blue)
Mon Jan 13 19:37:20 2025 reagon (Red) [Headshot] ATORRES_BR! (Blue)
Mon Jan 13 19:37:22 2025 Jipeks (Blue) [Headshot] Skaliwag (Red)
Mon Jan 13 19:37:22 2025 pierre t stone (Red) [Headshot] Jipeks (Blue)
Mon Jan 13 19:37:24 2025 San4Craft (Blue) [SMG] coik (Red)
Mon Jan 13 19:37:25 2025 [Team] ATORRES_BR! (Blue): SOUPY are so delicious <3
Mon Jan 13 19:37:29 2025 KomaR (Red) [Headshot] San4Craft (Blue)
Mon Jan 13 19:37:29 2025 Jipeks (Blue) [Rifle] pierre t stone (Red)
Mon Jan 13 19:37:32 2025 [Global] ATORRES_BR! (Blue): REAGON USING SPY
Mon Jan 13 19:37:35 2025 TOMY (Red) [Headshot] Spider (Blue)
Mon Jan 13 19:37:35 2025 >.<Palitamaster (Blue) [Headshot] DDP (Red)
Mon Jan 13 19:37:39 2025 Player Jipeks has left
Mon Jan 13 19:37:39 2025 Player pierre t stone has left
Mon Jan 13 19:37:39 2025 KomaR (Red) [SMG] >.<Palitamaster (Blue)
Mon Jan 13 19:37:40 2025 Jipeks joined Blue team
Mon Jan 13 19:37:40 2025 pierre t stone joined Red team
Mon Jan 13 19:37:43 2025 KomaR (Red) [SMG] San4Craft (Blue)
Mon Jan 13 19:37:46 2025  Capture your team's 5th intel to unlock /APOC for your team's best builder!
Mon Jan 13 19:37:49 2025 Skaliwag (Red) [Grenade]
Mon Jan 13 19:37:54 2025  reagon has a kill-death ratio of 1.44 (13 kills, 9 deaths, 0.91 kills per minute).
Mon Jan 13 19:37:54 2025  reagon removed no blocks in the last 2.0 minutes.
Mon Jan 13 19:37:54 2025  ATORRES_BR! (#12) started a VOTEKICK against reagon (#9). Say /Y to agree
Mon Jan 13 19:37:54 2025  Reason: reason SPYING TROUGH WALL, VOTES !
Mon Jan 13 19:37:55 2025 Harry (Blue) [Headshot] KomaR (Red)
Mon Jan 13 19:37:55 2025 TOMY (Red) [Grenade] Harry (Blue)
Mon Jan 13 19:37:56 2025 coik (Red) [Headshot] BigAs (Blue)
Mon Jan 13 19:37:58 2025 >.<Palitamaster (Blue) [Headshot] TOMY (Red)
Mon Jan 13 19:38:02 2025 [Global] ATORRES_BR! (Blue): please, vote all
Mon Jan 13 19:38:02 2025 San4Craft (Blue) [Headshot] pierre t stone (Red)
Mon Jan 13 19:38:04 2025 Jipeks (Blue) [Headshot] PJB (Red)
Mon Jan 13 19:38:05 2025 Player DDP has left
Mon Jan 13 19:38:07 2025 [Global] ATORRES_BR! (Blue): hes using SPY
Mon Jan 13 19:38:07 2025 San4Craft (Blue) [SMG] coik (Red)
Mon Jan 13 19:38:09 2025 Skaliwag (Red) [Headshot] Cadet Nosegay (Blue)
Mon Jan 13 19:38:18 2025 [Global] Cadet Nosegay (Blue): aweeee cheat codes
Mon Jan 13 19:38:20 2025 PJB (Red) [Headshot] Jipeks (Blue)
Mon Jan 13 19:38:22 2025 [Global] ATORRES_BR! (Blue): FALSE GOLDORAK PROFILE TO SPY
Mon Jan 13 19:38:24 2025  ATORRES_BR! (#12) is votekicking reagon (#9). /Y to vote (9 left)
Mon Jan 13 19:38:24 2025  Reason: reason SPYING TROUGH WALL, VOTES !
Mon Jan 13 19:38:27 2025 reagon (Red) [Headshot] -__- (Blue)
Mon Jan 13 19:38:29 2025 San4Craft (Blue) [Headshot] coik (Red)
Mon Jan 13 19:38:29 2025 TOMY (Red) [Fall]
Mon Jan 13 19:38:30 2025 coik (Red) [Grenade] >.<Palitamaster (Blue)
Mon Jan 13 19:38:33 2025  -__- (#19) voted YES
Mon Jan 13 19:38:33 2025 [Global] >.<Palitamaster (Blue): wtf
Mon Jan 13 19:38:33 2025 ddp joined Spectator team
Mon Jan 13 19:38:35 2025 San4Craft (Blue) [Headshot] Skaliwag (Red)
Mon Jan 13 19:38:36 2025 KomaR (Red) [Headshot] BigAs (Blue)
Mon Jan 13 19:38:37 2025 Jipeks (Blue) [Headshot] PJB (Red)
Mon Jan 13 19:38:37 2025  >.<Palitamaster (#3) voted YES
Mon Jan 13 19:38:39 2025 [Global] coik (Red): lol
Mon Jan 13 19:38:41 2025 [Global] reagon (Red): lol I can hear you digging idiots
Mon Jan 13 19:38:44 2025 [Global] ATORRES_BR! (Blue): TMORE 3 PLS
Mon Jan 13 19:38:44 2025 Player ddp has left
Mon Jan 13 19:38:46 2025  Mahalo for playing aloha.pk tower of babel
Mon Jan 13 19:38:49 2025 >.<Palitamaster (Blue) [Headshot] KomaR (Red)
Mon Jan 13 19:38:54 2025  ATORRES_BR! (#12) is votekicking reagon (#9). /Y to vote (7 left)
Mon Jan 13 19:38:54 2025  Reason: reason SPYING TROUGH WALL, VOTES !
Mon Jan 13 19:38:58 2025 [Global] reagon (Red): yall gonna kick me for having headphones?
Mon Jan 13 19:38:59 2025 Harry (Blue) [Headshot] coik (Red)
Mon Jan 13 19:39:00 2025 Jipeks (Blue) [Headshot] Skaliwag (Red)
Mon Jan 13 19:39:00 2025 Noaa picked up Blue's Intel.
Mon Jan 13 19:39:03 2025 San4Craft (Blue) [Headshot] coik (Red)
Mon Jan 13 19:39:04 2025 Cadet Nosegay (Blue) [Headshot] pierre t stone (Red)
Mon Jan 13 19:39:06 2025 Harry (Blue) [Headshot] TOMY (Red)
Mon Jan 13 19:39:09 2025 [Global] ATORRES_BR! (Blue): hes using FALSE GOLDO OPRAK PROFILE TO SPY
Mon Jan 13 19:39:11 2025 Noaa dropped Blue's Intel
Mon Jan 13 19:39:11 2025  The intel has returned to the heavens
Mon Jan 13 19:39:11 2025 San4Craft (Blue) [SMG] Noaa (Red)
Mon Jan 13 19:39:13 2025 Skaliwag (Red) [SMG] Jipeks (Blue)
Mon Jan 13 19:39:13 2025 San4Craft (Blue) [Headshot] coik (Red)
Mon Jan 13 19:39:17 2025 Reimu Hakurei joined Spectator team
Mon Jan 13 19:39:20 2025 pierre t stone (Red) [Rifle] San4Craft (Blue)
Mon Jan 13 19:39:22 2025 reagon (Red) [Headshot] -__- (Blue)
Mon Jan 13 19:39:22 2025 Harry (Blue) [Headshot] TOMY (Red)
Mon Jan 13 19:39:24 2025  ATORRES_BR! (#12) is votekicking reagon (#9). /Y to vote (7 left)
Mon Jan 13 19:39:24 2025  Reason: reason SPYING TROUGH WALL, VOTES !
Mon Jan 13 19:39:25 2025 pierre t stone (Red) [Fall]
Mon Jan 13 19:39:27 2025 [Global] ATORRES_BR! (Blue): REIMU
Mon Jan 13 19:39:28 2025 Player pierre t stone has left
Mon Jan 13 19:39:29 2025 Player Jipeks has left
Mon Jan 13 19:39:30 2025 Jipeks joined Red team
Mon Jan 13 19:39:31 2025 coik (Red) [Rifle] >.<Palitamaster (Blue)
Mon Jan 13 19:39:34 2025 [Global] reagon (Red): lol spectate me idiots
Mon Jan 13 19:39:34 2025 KomaR (Red) [Headshot] Harry (Blue)
Mon Jan 13 19:39:40 2025 San4Craft (Blue) [Headshot] KomaR (Red)
Mon Jan 13 19:39:41 2025 Player Jipeks has left
Mon Jan 13 19:39:43 2025 PJB (Red) [Headshot] Harry (Blue)
Mon Jan 13 19:39:43 2025 Jipeks joined Red team
Mon Jan 13 19:39:46 2025  Build a tower to get the enemy's intel. Take it to your team's tent to win!
Mon Jan 13 19:39:46 2025 [Global] ATORRES_BR! (Blue): REAGON is using FALSE Goldorak profile to spy the game
Mon Jan 13 19:39:47 2025 pierre t stone joined Blue team
Mon Jan 13 19:39:49 2025 coik (Red) [Grenade] San4Craft (Blue)
Mon Jan 13 19:39:52 2025 reagon (Red) [Headshot] -__- (Blue)
Mon Jan 13 19:39:53 2025 Harry (Blue) [Headshot] PJB (Red)
Mon Jan 13 19:39:54 2025  Votekick for reagon (#9) has ended. Votekick timed out
Mon Jan 13 19:39:58 2025 reagon (Red) [Headshot] ATORRES_BR! (Blue)
Mon Jan 13 19:39:58 2025 Skaliwag (Red) [SMG] Cadet Nosegay (Blue)
Mon Jan 13 19:40:01 2025 coik (Red) [Headshot] Spider (Blue)
Mon Jan 13 19:40:02 2025 >.<Palitamaster (Blue) [Rifle] coik (Red)
Mon Jan 13 19:40:06 2025 Jipeks (Red) [Fall]
Mon Jan 13 19:40:12 2025 Player pierre t stone has left
Mon Jan 13 19:40:12 2025 Player Jipeks has left
Mon Jan 13 19:40:12 2025 pierre t stone joined Red team
Mon Jan 13 19:40:13 2025 [Global] reagon (Red): nerd is mad I found their tunnel
Mon Jan 13 19:40:16 2025 Jipeks joined Blue team
Mon Jan 13 19:40:17 2025 march joined Spectator team
Mon Jan 13 19:40:18 2025 KomaR (Red) [Headshot] >.<Palitamaster (Blue)
Mon Jan 13 19:40:19 2025 San4Craft (Blue) [Headshot] KomaR (Red)
Mon Jan 13 19:40:23 2025 Skaliwag (Red) [SMG] Spider (Blue)
Mon Jan 13 19:40:23 2025 Talmage1915 (Blue) [Headshot] Skaliwag (Red)
Mon Jan 13 19:40:24 2025 TOMY (Red) [Headshot] San4Craft (Blue)
Mon Jan 13 19:40:28 2025 [Global] Jipeks (Blue): why is the game keeps kicking me and my friend ?
Mon Jan 13 19:40:31 2025 Harry (Blue) [Headshot] TOMY (Red)
Mon Jan 13 19:40:36 2025 coik (Red) [Headshot] Harry (Blue)
Mon Jan 13 19:40:41 2025 >.<Palitamaster (Blue) [Headshot] KomaR (Red)
Mon Jan 13 19:40:43 2025 coik (Red) [Headshot] Spider (Blue)
Mon Jan 13 19:40:46 2025  Type /HELP for info & commands
Mon Jan 13 19:40:46 2025 coik (Red) [Rifle]
Mon Jan 13 19:40:51 2025 gui244 joined Red team
Mon Jan 13 19:40:52 2025 pierre t stone (Red) [Fall]
Mon Jan 13 19:40:52 2025 Noaa (Red) [Headshot] >.<Palitamaster (Blue)
Mon Jan 13 19:40:55 2025 [Global] >.<Palitamaster (Blue): xd?
Mon Jan 13 19:40:56 2025 Player pierre t stone has left
Mon Jan 13 19:40:56 2025 Player Jipeks has left
Mon Jan 13 19:40:57 2025 pierre t stone joined Blue team
Mon Jan 13 19:40:58 2025 reagon (Red) [Headshot] -__- (Blue)
Mon Jan 13 19:40:58 2025 reagon (Red) [Headshot] ATORRES_BR! (Blue)
Mon Jan 13 19:41:02 2025 Harry (Blue) [Headshot] Noaa (Red)
Mon Jan 13 19:41:03 2025 PJB (Red) [Grenade] -__- (Blue)
Mon Jan 13 19:41:06 2025 Harry (Blue) [Headshot] coik (Red)
Mon Jan 13 19:41:08 2025 coik (Red) [Grenade] Harry (Blue)
Mon Jan 13 19:41:08 2025  Noaa has unleashed an apocalypse from God.
Mon Jan 13 19:41:09 2025 PJB picked up Blue's Intel.
Mon Jan 13 19:41:10 2025  The apocalypse begins in 5
Mon Jan 13 19:41:10 2025 [Global] coik (Red): lol
Mon Jan 13 19:41:11 2025  The apocalypse begins in 4
Mon Jan 13 19:41:12 2025  The apocalypse begins in 3
Mon Jan 13 19:41:13 2025  The apocalypse begins in 2
Mon Jan 13 19:41:14 2025 reagon (Red) [SMG] ATORRES_BR! (Blue)
Mon Jan 13 19:41:14 2025  The apocalypse begins in 1
Mon Jan 13 19:41:17 2025 Noaa (Red) [Grenade] Harry (Blue)
Mon Jan 13 19:41:22 2025 Noaa (Red) [Grenade] Spider (Blue)
Mon Jan 13 19:41:22 2025 -__- (Blue) [Headshot] reagon (Red)
Mon Jan 13 19:41:23 2025 Noaa (Red) [Grenade] Harry (Blue)
Mon Jan 13 19:41:23 2025 Noaa (Red) [Grenade] ATORRES_BR! (Blue)
Mon Jan 13 19:41:28 2025 Noaa (Red) [Grenade] Spider (Blue)
Mon Jan 13 19:41:28 2025 PJB captured Blue's Intel.
Mon Jan 13 19:41:31 2025  The apocalypse has ended.
Mon Jan 13 19:41:45 2025 San4Craft (Blue) [SMG] KomaR (Red)
Mon Jan 13 19:41:46 2025  Visit our community forums at https://aloha.pk/
Mon Jan 13 19:41:48 2025 San4Craft (Blue) [Headshot] Noaa (Red)
Mon Jan 13 19:41:52 2025 Skaliwag picked up Blue's Intel.
Mon Jan 13 19:42:13 2025 Skaliwag captured Blue's Intel.
Mon Jan 13 19:42:14 2025 KomaR (Red) [Headshot] Spider (Blue)
Mon Jan 13 19:42:15 2025 KomaR (Red) [SMG] San4Craft (Blue)
Mon Jan 13 19:42:18 2025 PJB picked up Blue's Intel.
Mon Jan 13 19:42:25 2025 Harry (Blue) [Rifle] TOMY (Red)
Mon Jan 13 19:42:29 2025 KomaR (Red) [SMG] pierre t stone (Blue)
Mon Jan 13 19:42:31 2025 coik (Red) [Grenade] Spider (Blue)
Mon Jan 13 19:42:31 2025 coik (Red) [Grenade]
Mon Jan 13 19:42:32 2025 -__- (Blue) [SMG] reagon (Red)
Mon Jan 13 19:42:33 2025 Talmage1915 (Blue) [Headshot] gui244 (Red)
Mon Jan 13 19:42:34 2025 Player pierre t stone has left
Mon Jan 13 19:42:39 2025 [Global] ATORRES_BR! (Blue): sopa
Mon Jan 13 19:42:46 2025  Come chat with us at https://discord.aloha.pk/
Mon Jan 13 19:42:46 2025 TOMY (Red) [Headshot] Cadet Nosegay (Blue)
Mon Jan 13 19:42:49 2025 Harry (Blue) [Headshot] coik (Red)
Mon Jan 13 19:42:51 2025 San4Craft (Blue) [Headshot] KomaR (Red)
Mon Jan 13 19:42:56 2025 Skaliwag (Red) [Headshot] -__- (Blue)
Mon Jan 13 19:43:00 2025 Harry (Blue) [Headshot] TOMY (Red)
Mon Jan 13 19:43:04 2025 San4Craft (Blue) [Headshot] KomaR (Red)
Mon Jan 13 19:43:04 2025 PJB captured Blue's Intel.
Mon Jan 13 19:43:08 2025 Harry (Blue) [Headshot] coik (Red)
Mon Jan 13 19:43:08 2025 ATORRES_BR! (Blue) [Grenade]
Mon Jan 13 19:43:12 2025 San4Craft (Blue) [Headshot] gui244 (Red)
Mon Jan 13 19:43:15 2025 KomaR (Red) [Headshot] San4Craft (Blue)
Mon Jan 13 19:43:15 2025 coik (Red) [Fall]
Mon Jan 13 19:43:16 2025 GeneralGEEGA joined Red team
Mon Jan 13 19:43:21 2025 Player TOMY has left
Mon Jan 13 19:43:23 2025 Spider (Blue) [SMG] GeneralGEEGA (Red)
Mon Jan 13 19:43:27 2025 Player >.<Palitamaster has left
Mon Jan 13 19:43:30 2025 GeneralGEEGA (Red) [SMG] Spider (Blue)
Mon Jan 13 19:43:30 2025 KomaR (Red) [SMG] Harry (Blue)
Mon Jan 13 19:43:40 2025 KomaR (Red) [Grenade] BigAs (Blue)
Mon Jan 13 19:43:45 2025 -__- (Blue) [Headshot] reagon (Red)
Mon Jan 13 19:43:45 2025 coik (Red) [Fall]
Mon Jan 13 19:43:46 2025  If you believe a player is breaking the rules, please let us know with /ADMIN
Mon Jan 13 19:43:49 2025 [Global] ATORRES_BR! (Blue): nice
Mon Jan 13 19:43:51 2025 PJB (Red) [Grenade] BigAs (Blue)
Mon Jan 13 19:43:56 2025 GeneralGEEGA (Red) [Headshot] Cadet Nosegay (Blue)
Mon Jan 13 19:44:01 2025 Talmage1915 (Blue) [Headshot] PJB (Red)
Mon Jan 13 19:44:05 2025 San4Craft (Blue) [Headshot] coik (Red)
Mon Jan 13 19:44:06 2025 Noaa (Red) [Headshot] San4Craft (Blue)
Mon Jan 13 19:44:11 2025 Noaa (Red) [Headshot] Harry (Blue)
Mon Jan 13 19:44:33 2025 Harry (Blue) [Headshot] GeneralGEEGA (Red)
Mon Jan 13 19:44:36 2025 KomaR (Red) [SMG] Spider (Blue)
Mon Jan 13 19:44:40 2025 KomaR (Red) [SMG] San4Craft (Blue)
Mon Jan 13 19:44:42 2025 Noaa picked up Blue's Intel.
Mon Jan 13 19:44:43 2025 Harry (Blue) [Headshot] coik (Red)
Mon Jan 13 19:44:46 2025  This server runs imger and glow. Use /IMG or /GLOW to toggle them.
Mon Jan 13 19:44:52 2025 Harry (Blue) [Headshot] gui244 (Red)
Mon Jan 13 19:44:55 2025 Skaliwag (Red) [Headshot] -__- (Blue)
Mon Jan 13 19:45:01 2025 Noaa captured Blue's Intel.
Mon Jan 13 19:45:02 2025 -__- (Blue) [SMG] GeneralGEEGA (Red)
Mon Jan 13 19:45:02 2025 KomaR (Red) [Headshot] Spider (Blue)
Mon Jan 13 19:45:03 2025 Harry (Blue) [Headshot] coik (Red)
Mon Jan 13 19:45:03 2025 San4Craft (Blue) [Headshot] KomaR (Red)
Mon Jan 13 19:45:03 2025 PJB picked up Blue's Intel.
Mon Jan 13 19:45:04 2025 ATORRES_BR! (Blue) [Grenade] Skaliwag (Red)
Mon Jan 13 19:45:08 2025 lacruse joined Blue team
Mon Jan 13 19:45:17 2025 coik (Red) [Headshot] Harry (Blue)
Mon Jan 13 19:45:19 2025 [Global] ATORRES_BR! (Blue): sopa
Mon Jan 13 19:45:21 2025 Cadet Nosegay (Blue) [Headshot] KomaR (Red)
Mon Jan 13 19:45:21 2025 [Global] Noaa (Red): ggez :D
Mon Jan 13 19:45:24 2025 PJB captured Blue's Intel.
Mon Jan 13 19:45:24 2025 Red Wins!
Mon Jan 13 19:45:24 2025  Game finished! Next map: tradeoff.
Mon Jan 13 19:45:26 2025 coik (Red) [Headshot] Talmage1915 (Blue)
Mon Jan 13 19:45:27 2025 San4Craft (Blue) [Headshot] GeneralGEEGA (Red)
Mon Jan 13 19:45:27 2025 Spider (Blue) [Headshot] coik (Red)
Mon Jan 13 19:45:28 2025 Skaliwag (Red) [SMG] lacruse (Blue)
Mon Jan 13 19:45:28 2025 KomaR (Red) [Headshot] Harry (Blue)
Mon Jan 13 19:45:28 2025 PJB (Red) [SMG] -__- (Blue)
Mon Jan 13 19:45:28 2025 reagon (Red) [Headshot] -__- (Blue)
Mon Jan 13 19:45:28 2025 KomaR (Red) [SMG] Harry (Blue)
Mon Jan 13 19:45:28 2025 Noaa (Red) [Headshot] ATORRES_BR! (Blue)
Mon Jan 13 19:45:30 2025 -__- (Blue) [Grenade] reagon (Red)
Mon Jan 13 19:45:36 2025 PJB (Red) [SMG] Cadet Nosegay (Blue)
Mon Jan 13 19:45:37 2025 Noaa (Red) [Fall]
Mon Jan 13 19:45:37 2025 San4Craft (Blue) [Headshot] PJB (Red)
Mon Jan 13 19:45:37 2025 [Global] Cadet Nosegay (Blue): gg
Mon Jan 13 19:45:37 2025 Spider (Blue) [Fall]
Mon Jan 13 19:45:37 2025 Skaliwag (Red) [Headshot] San4Craft (Blue)
Mon Jan 13 19:45:37 2025 Skaliwag (Red) [SMG] San4Craft (Blue)
Mon Jan 13 19:45:37 2025 ------ World Unloaded ------
Mon Jan 13 19:45:38 2025 Disconnecting
