Sun Feb 23 15:31:43 2025 ------ World Loaded ------
Sun Feb 23 15:31:43 2025 Welcome to aloha.pk tower of babel
Sun Feb 23 15:31:44 2025 Map: OASIS 2 by JoJoe-Stinky AKA Jason Bonham
Sun Feb 23 15:31:46 2025 Game mode: babel
Sun Feb 23 15:31:47 2025 ATORRES_BR! () [Fall]
Sun Feb 23 15:31:47 2025 TNSPOL (Red) [Headshot] Diego (Blue)
Sun Feb 23 15:31:48 2025 Build a tower to get the enemy's intel. Take it to your team's tent to win!
Sun Feb 23 15:31:50 2025 Visit our community forum at https://aloha.pk/
Sun Feb 23 15:31:50 2025 POP_OS (Red) [Rifle] vdsz (Blue)
Sun Feb 23 15:31:52 2025 Come chat with us at https://discord.aloha.pk/
Sun Feb 23 15:31:57 2025  seu madruga has a kill-death ratio of 0.75 (9 kills, 12 deaths, 0.37 kills per minute).
Sun Feb 23 15:31:57 2025  seu madruga removed 62 blocks in the last 2.0 minutes. Some of them were placed by  ,
Sun Feb 23 15:31:57 2025  MoDeR. Last one was destroyed less than a second ago, and was part of the map.
Sun Feb 23 15:31:57 2025    (#5) started a VOTEKICK against seu madruga (#13). Say /Y to agree
Sun Feb 23 15:31:57 2025  Reason: griefer
Sun Feb 23 15:31:59 2025 Cornballs joined Red team
Sun Feb 23 15:32:01 2025  Votekick for seu madruga (#13) has ended. Cancelled
Sun Feb 23 15:32:05 2025 TNSPOL (Red) [Headshot] Diego (Blue)
Sun Feb 23 15:32:06 2025 TNSPOL (Red) [Headshot] seqLL (Blue)
Sun Feb 23 15:32:06 2025 [Global] MoDeR (Blue): what are u doing noname
Sun Feb 23 15:32:08 2025 [Global] Cornballs (Red): Born i dont see message on discord
Sun Feb 23 15:32:09 2025 MoDeR (Blue) [Headshot] ale (Red)
Sun Feb 23 15:32:10 2025 MoDeR (Blue) [Headshot] POP_OS (Red)
Sun Feb 23 15:32:11 2025 Mysterion (Blue) [SMG] mariosteve (Red)
Sun Feb 23 15:32:14 2025 TNSPOL (Red) [Headshot]   (Blue)
Sun Feb 23 15:32:15 2025 Hucul_AAaaA (Blue) [Fall]
Sun Feb 23 15:32:19 2025 Deuce (Blue) [Headshot] Harry (Red)
Sun Feb 23 15:32:19 2025 [Global] Born (): Corn in chat
Sun Feb 23 15:32:20 2025 Deuce (Blue) [SMG] Alekos (Red)
Sun Feb 23 15:32:21 2025  Come chat with us at https://discord.aloha.pk/
Sun Feb 23 15:32:22 2025 [Global] rinonel (Red): Bornballs
Sun Feb 23 15:32:23 2025 Player Marshmello has left
Sun Feb 23 15:32:24 2025 Diego (Blue) [Headshot] TNSPOL (Red)
Sun Feb 23 15:32:26 2025 MoDeR (Blue) [Headshot] POP_OS (Red)
Sun Feb 23 15:32:28 2025 MoDeR (Blue) [Headshot] Alekos (Red)
Sun Feb 23 15:32:28 2025 [Global] Cornballs (Red): what?
Sun Feb 23 15:32:28 2025 TNSPOL (Red) [Headshot] Mysterion (Blue)
Sun Feb 23 15:32:29 2025 MoDeR (Blue) [Headshot] Harry (Red)
Sun Feb 23 15:32:31 2025 [Global] Cornballs (Red): oh this chat>?
Sun Feb 23 15:32:31 2025 TNSPOL (Red) [Headshot] Deuce (Blue)
Sun Feb 23 15:32:32 2025 Deuce (Blue) [Grenade] mariosteve (Red)
Sun Feb 23 15:32:32 2025   (Blue) [Team Change]
Sun Feb 23 15:32:36 2025 [Global] Alekos (Red): I wasnt building, I just needed health
Sun Feb 23 15:32:36 2025 [Global] seqLL (Blue): oke i think u guys are real
Sun Feb 23 15:32:37 2025 Player ale has left
Sun Feb 23 15:32:37 2025   joined Red team
Sun Feb 23 15:32:38 2025 [Global] Deuce (Blue): :problem?:
Sun Feb 23 15:32:40 2025 Diego (Blue) [Headshot] rinonel (Red)
Sun Feb 23 15:32:44 2025 vdsz (Blue) [Fall]
Sun Feb 23 15:32:45 2025 MoDeR (Blue) [Headshot] Harry (Red)
Sun Feb 23 15:32:46 2025 seu madruga (Red) [Headshot] Mysterion (Blue)
Sun Feb 23 15:32:48 2025 Hucul_AAaaA (Blue) [Headshot] seu madruga (Red)
Sun Feb 23 15:32:48 2025 MoDeR (Blue) [Headshot] mariosteve (Red)
Sun Feb 23 15:32:48 2025 Player Cornballs has left
Sun Feb 23 15:32:48 2025 [Team]   (Red):  griefer
Sun Feb 23 15:32:51 2025 TNSPOL (Red) [Headshot] Diego (Blue)
Sun Feb 23 15:32:54 2025 Pedro (Red) [Headshot] noob (Blue)
Sun Feb 23 15:32:55 2025 MoDeR (Blue) [Headshot] Harry (Red)
Sun Feb 23 15:32:55 2025 MoDeR (Blue) [Headshot] mariosteve (Red)
Sun Feb 23 15:32:57 2025 MoDeR (Blue) [Headshot] seu madruga (Red)
Sun Feb 23 15:32:58 2025 Pedro (Red) [SMG] Mysterion (Blue)
Sun Feb 23 15:32:58 2025 [Team]   (Red): seumadruga griefer
Sun Feb 23 15:32:59 2025 R joined Red team
Sun Feb 23 15:33:00 2025 [Global] Deuce (Blue): the only server w bots is Voxide
Sun Feb 23 15:33:04 2025 [Global] Deuce (Blue): stop asking if we are bots
Sun Feb 23 15:33:05 2025 [Global] mariosteve (Red): Guys did you know you can make money with crypto?
Sun Feb 23 15:33:05 2025 MoDeR (Blue) [Headshot] mariosteve (Red)
Sun Feb 23 15:33:07 2025 Player   has left
Sun Feb 23 15:33:11 2025 Pedro (Red) [Headshot] Mysterion (Blue)
Sun Feb 23 15:33:16 2025 MoDeR (Blue) [Headshot] Alekos (Red)
Sun Feb 23 15:33:16 2025 TNSPOL (Red) [Headshot] Hucul_AAaaA (Blue)
Sun Feb 23 15:33:17 2025 MoDeR (Blue) [Headshot] mariosteve (Red)
Sun Feb 23 15:33:17 2025 POP_OS (Red) [Rifle] MoDeR (Blue)
Sun Feb 23 15:33:20 2025 BomberMan joined Red team
Sun Feb 23 15:33:21 2025  If you believe a player is breaking the rules, please let us know with /ADMIN
Sun Feb 23 15:33:21 2025 TNSPOL (Red) [Headshot] x__Glitch__X (Blue)
Sun Feb 23 15:33:21 2025 Diego (Blue) [Headshot] TNSPOL (Red)
Sun Feb 23 15:33:22 2025 [Global] mariosteve (Red): add me on discord so I can send you a link to a trustworthy income source
Sun Feb 23 15:33:23 2025 noob (Blue) [Fall]
Sun Feb 23 15:33:23 2025 Pedro (Red) [SMG] Mysterion (Blue)
Sun Feb 23 15:33:24 2025 Player POP_OS has left
Sun Feb 23 15:33:28 2025 Mysterion (Blue) [Fall]
Sun Feb 23 15:33:31 2025 MoDeR (Blue) [Fall]
Sun Feb 23 15:33:33 2025 [Global] rinonel (Red): lel
Sun Feb 23 15:33:34 2025   joined Blue team
Sun Feb 23 15:33:35 2025 mariosteve (Red) [Headshot] Deuce (Blue)
Sun Feb 23 15:33:38 2025    is disabled from building
Sun Feb 23 15:33:38 2025 Diego (Blue) [Headshot] seu madruga (Red)
Sun Feb 23 15:33:39 2025 [Global] seqLL (Blue): im just curius bro its like 15 year old game
Sun Feb 23 15:33:45 2025 Diego (Blue) [Headshot] R (Red)
Sun Feb 23 15:33:45 2025 Marshmello joined Red team
Sun Feb 23 15:33:46 2025 TNSPOL (Red) [Headshot] vdsz (Blue)
Sun Feb 23 15:33:50 2025 Cornballs joined Red team
Sun Feb 23 15:33:51 2025 [Global] Cornballs (Red): lmao born
Sun Feb 23 15:33:53 2025 [Global] Marshmello (Red): ugh lag
Sun Feb 23 15:33:54 2025 [Global] Cornballs (Red): thats perfect
Sun Feb 23 15:33:55 2025 Diego (Blue) [Headshot] Harry (Red)
Sun Feb 23 15:33:56 2025 mariosteve (Red) [Headshot] x__Glitch__X (Blue)
Sun Feb 23 15:33:56 2025 Pedro (Red) [Headshot] seqLL (Blue)
Sun Feb 23 15:34:00 2025 [Global] Marshmello (Red): baws did u see em lol
Sun Feb 23 15:34:00 2025 [Global] Cornballs (Red): captured my essence perfectly
Sun Feb 23 15:34:01 2025 TNSPOL (Red) [Headshot] vdsz (Blue)
Sun Feb 23 15:34:02 2025 Diego (Blue) [Headshot] rinonel (Red)
Sun Feb 23 15:34:07 2025 Pedro (Red) [Headshot]   (Blue)
Sun Feb 23 15:34:08 2025 Diego (Blue) [Headshot] seu madruga (Red)
Sun Feb 23 15:34:11 2025 [Global] rinonel (Red): oh the corn heavens?
Sun Feb 23 15:34:12 2025 Deuce (Blue) [Headshot] mariosteve (Red)
Sun Feb 23 15:34:12 2025 Player x__Glitch__X has left
Sun Feb 23 15:34:14 2025 Diego (Blue) [Headshot] R (Red)
Sun Feb 23 15:34:14 2025 Player seqLL has left
Sun Feb 23 15:34:16 2025 [Global] Cornballs (Red): my fav is myteam, cornballs and ball
Sun Feb 23 15:34:16 2025 Pedro (Red) [Headshot]   (Blue)
Sun Feb 23 15:34:16 2025 seu madruga (Red) [Fall]
Sun Feb 23 15:34:18 2025 Deuce (Blue) [Melee] Alekos (Red)
Sun Feb 23 15:34:18 2025 MoDeR (Blue) [Team Change]
Sun Feb 23 15:34:19 2025 BomberMan (Red) [SMG] Deuce (Blue)
Sun Feb 23 15:34:21 2025  This server runs imger and glow. Use /IMG or /GLOW to toggle them.
Sun Feb 23 15:34:23 2025 [Global] Marshmello (Red): lmao yeah
Sun Feb 23 15:34:24 2025 [Global] rinonel (Red): i havent seen ball in a long time
Sun Feb 23 15:34:25 2025 TNSPOL (Red) [Headshot] vdsz (Blue)
Sun Feb 23 15:34:25 2025 MoDeR joined Spectator team
Sun Feb 23 15:34:26 2025 [Global] Alekos (Red): Lag
Sun Feb 23 15:34:28 2025 [Global] Marshmello (Red): they look amazing 
Sun Feb 23 15:34:28 2025 Diego (Blue) [Headshot] Alekos (Red)
Sun Feb 23 15:34:30 2025 [Global] Cornballs (Red): where ball :(
Sun Feb 23 15:34:32 2025 You must be closer to the enemy's base to grenade blocks!
Sun Feb 23 15:34:32 2025 TNSPOL (Red) [Headshot] Deuce (Blue)
Sun Feb 23 15:34:32 2025 [Global] rinonel (Red): :(
Sun Feb 23 15:34:32 2025 [Global] Alekos (Red): I blame the lag
Sun Feb 23 15:34:33 2025 You must be closer to the enemy's base to grenade blocks!
Sun Feb 23 15:34:33 2025 [Global] Marshmello (Red): Ball yeah :(
Sun Feb 23 15:34:35 2025 Pedro (Red) [Headshot] vdsz (Blue)
Sun Feb 23 15:34:36 2025 Diego (Blue) [Headshot] Cornballs (Red)
Sun Feb 23 15:34:39 2025 [Global] Cornballs (Red): ball <3
Sun Feb 23 15:34:40 2025 Diego (Blue) [Headshot] Alekos (Red)
Sun Feb 23 15:34:40 2025 [Global] rinonel (Red): my building buddy
Sun Feb 23 15:34:41 2025 [Global] Born (): Marsh did ferrari not allow them?
Sun Feb 23 15:34:42 2025   (Blue) [Headshot] TNSPOL (Red)
Sun Feb 23 15:34:43 2025 Diego (Blue) [Headshot] seu madruga (Red)
Sun Feb 23 15:34:48 2025 Diego (Blue) [Headshot] Harry (Red)
Sun Feb 23 15:34:50 2025  Diego was banned.
Sun Feb 23 15:34:50 2025 Player Diego has left
Sun Feb 23 15:34:50 2025 MoDeR joined Blue team
Sun Feb 23 15:34:51 2025 [Global] rinonel (Red): knew it
Sun Feb 23 15:34:52 2025 [Global] Marshmello (Red): Born i will ask now
Sun Feb 23 15:34:53 2025 [Team] Alekos (Red): Left, sniper
Sun Feb 23 15:34:53 2025 ale joined Blue team
Sun Feb 23 15:35:00 2025 [Global] rinonel (Red): fucker was aimbotting for a long time
Sun Feb 23 15:35:02 2025 [Global] Cornballs (Red): the cornballs face is honestly perfect lol
Sun Feb 23 15:35:07 2025 [Global] Marshmello (Red): yes damn
Sun Feb 23 15:35:11 2025 R (Red) [Headshot] Mysterion (Blue)
Sun Feb 23 15:35:19 2025 TNSPOL (Red) [Headshot] Mysterion (Blue)
Sun Feb 23 15:35:21 2025  Use /EMOTE to draw an emote on the map!
Sun Feb 23 15:35:25 2025 [Global] Marshmello (Red): Born
Sun Feb 23 15:35:28 2025 [Global] Cornballs (Red): hopefully ferrari acceopts
Sun Feb 23 15:35:31 2025 ale (Blue) [Fall]
Sun Feb 23 15:35:32 2025 TNSPOL (Red) [Headshot] MoDeR (Blue)
Sun Feb 23 15:35:33 2025 [Global] rinonel (Red): where are you guys seeing this?
Sun Feb 23 15:35:34 2025 [Global] Born (): I found a bunch of pixel art and merged it
Sun Feb 23 15:35:36 2025 [Global] Marshmello (Red): can we make more? so we upload em all at once
Sun Feb 23 15:35:38 2025 R (Red) [Headshot] Mysterion (Blue)
Sun Feb 23 15:35:39 2025 Deuce (Blue) [Headshot] mariosteve (Red)
Sun Feb 23 15:35:40 2025 Pedro (Red) [Headshot]   (Blue)
Sun Feb 23 15:35:41 2025 Deuce (Blue) [SMG] R (Red)
Sun Feb 23 15:35:44 2025 [Global] rinonel (Red): what channel
Sun Feb 23 15:35:45 2025 MoDeR (Blue) [Fall]
Sun Feb 23 15:35:46 2025 Cornballs (Red) [Headshot] noob (Blue)
Sun Feb 23 15:35:53 2025 TNSPOL (Red) [Headshot] MoDeR (Blue)
Sun Feb 23 15:35:55 2025 Deuce (Blue) [Headshot] Cornballs (Red)
Sun Feb 23 15:36:00 2025 [Global] rinonel (Red): corn are you cornbawls or did i dm the wrong person?
Sun Feb 23 15:36:00 2025 vdsz (Blue) [Headshot] Pedro (Red)
Sun Feb 23 15:36:02 2025 seu madruga (Red) [SMG] ale (Blue)
Sun Feb 23 15:36:03 2025  seu madruga has a kill-death ratio of 0.61 (11 kills, 18 deaths, 0.39 kills per minute).
Sun Feb 23 15:36:03 2025  seu madruga removed no blocks in the last 2.0 minutes.
Sun Feb 23 15:36:03 2025    (#11) started a VOTEKICK against seu madruga (#13). Say /Y to agree
Sun Feb 23 15:36:03 2025  Reason: griefer
Sun Feb 23 15:36:03 2025 noob (Blue) [Headshot] seu madruga (Red)
Sun Feb 23 15:36:04 2025 Deuce (Blue) [Headshot] TNSPOL (Red)
Sun Feb 23 15:36:08 2025 [Global] Cornballs (Red): im cawnbawls
Sun Feb 23 15:36:09 2025 [Global] Alekos (Red): Right side on their side
Sun Feb 23 15:36:11 2025 [Global] rinonel (Red): ye
Sun Feb 23 15:36:12 2025 [Team] Alekos (Red): Right side on their side
Sun Feb 23 15:36:13 2025 [Global] Born (): Marshmellow what kind?
Sun Feb 23 15:36:13 2025 [Global] Cornballs (Red): yeye
Sun Feb 23 15:36:15 2025 R (Red) [Shotgun] noob (Blue)
Sun Feb 23 15:36:15 2025 Deuce (Blue) [Headshot] R (Red)
Sun Feb 23 15:36:16 2025 vdsz (Blue) [Fall]
Sun Feb 23 15:36:21 2025  Use /HEAVEN to paint the babel platform!
Sun Feb 23 15:36:22 2025 rinonel (Red) [Headshot] Deuce (Blue)
Sun Feb 23 15:36:25 2025 [Global] Cornballs (Red): did you dm some ball pics?
Sun Feb 23 15:36:28 2025 [Global] Cornballs (Red): nice
Sun Feb 23 15:36:29 2025 MoDeR (Blue) [Rifle] Alekos (Red)
Sun Feb 23 15:36:32 2025 [Global] Deuce (Blue): i thought we were friends, rinonelis
Sun Feb 23 15:36:33 2025 Mysterion (Blue) [Headshot] BomberMan (Red)
Sun Feb 23 15:36:33 2025    (#11) is votekicking seu madruga (#13). /Y to vote (10 left)
Sun Feb 23 15:36:33 2025  Reason: griefer
Sun Feb 23 15:36:33 2025 Cornballs (Red) [Headshot]   (Blue)
Sun Feb 23 15:36:35 2025 [Global] rinonel (Red): i shaved for you <3
Sun Feb 23 15:36:36 2025 TNSPOL (Red) [Headshot] Mysterion (Blue)
Sun Feb 23 15:36:36 2025 MoDeR (Blue) [Headshot] seu madruga (Red)
Sun Feb 23 15:36:36 2025 [Global] Marshmello (Red): Born - Baws we need to make one file together that contains all heavens
Sun Feb 23 15:36:39 2025 [Global] Cornballs (Red): <3
Sun Feb 23 15:36:41 2025 Alekos (Red) [Fall]
Sun Feb 23 15:36:41 2025 mariosteve (Red) [Headshot] noob (Blue)
Sun Feb 23 15:36:41 2025 Mysterion (Blue) [Fall]
Sun Feb 23 15:36:42 2025 MoDeR (Blue) [Headshot] R (Red)
Sun Feb 23 15:36:43 2025 Amir joined Blue team
Sun Feb 23 15:36:44 2025 Hucul_AAaaA (Blue) [Headshot] Cornballs (Red)
Sun Feb 23 15:36:48 2025 [Global] Marshmello (Red): we dont wanna spam ferrari(s chat lol
Sun Feb 23 15:36:50 2025 MoDeR (Blue) [Headshot] BomberMan (Red)
Sun Feb 23 15:36:51 2025 [Global] Cornballs (Red): oh like a spritesheet?
Sun Feb 23 15:36:52 2025 MoDeR (Blue) [Headshot] seu madruga (Red)
Sun Feb 23 15:36:53 2025 [Global] Deuce (Blue): (°J°)
Sun Feb 23 15:36:53 2025 MoDeR (Blue) [Headshot] Harry (Red)
Sun Feb 23 15:36:55 2025  Votekick for seu madruga (#13) has ended. seu madruga (#13) left during votekick
Sun Feb 23 15:36:55 2025  seu madruga was banned.
Sun Feb 23 15:36:55 2025 Player seu madruga has left
Sun Feb 23 15:36:56 2025 MoDeR (Blue) [Headshot] Alekos (Red)
Sun Feb 23 15:36:58 2025 [Global] Marshmello (Red): no i mean we collab
Sun Feb 23 15:36:58 2025 Deuce (Blue) [Headshot] mariosteve (Red)
Sun Feb 23 15:37:00 2025 Deuce (Blue) [SMG] Pedro (Red)
Sun Feb 23 15:37:00 2025 [Global] Cornballs (Red): oh ok
Sun Feb 23 15:37:01 2025 Mysterion (Blue) [SMG] TNSPOL (Red)
Sun Feb 23 15:37:02 2025 Hucul_AAaaA (Blue) [Headshot] Cornballs (Red)
Sun Feb 23 15:37:06 2025 Hucul_AAaaA (Blue) [Headshot] Pedro (Red)
Sun Feb 23 15:37:07 2025 [Global] Alekos (Red): Just attack dudes. We cant build if we dont advance
Sun Feb 23 15:37:13 2025 [Global] Marshmello (Red): because ferrari will be annoyed if we all start dming him
Sun Feb 23 15:37:15 2025 [Global] Cornballs (Red): the server could actually use one file for all heavens as a sprite sheet
Sun Feb 23 15:37:20 2025 [Global] Born (): so you need even more :O
Sun Feb 23 15:37:21 2025  Get a 20 killstreak and 1 intel capture(s) to unlock /APOC!
Sun Feb 23 15:37:22 2025 noob (Blue) [Headshot] R (Red)
Sun Feb 23 15:37:23 2025 TNSPOL (Red) [Headshot] Deuce (Blue)
Sun Feb 23 15:37:23 2025 TNSPOL (Red) [Headshot] MoDeR (Blue)
Sun Feb 23 15:37:23 2025 [Global] Cornballs (Red): im smart
Sun Feb 23 15:37:30 2025 Hucul_AAaaA (Blue) [Headshot] Harry (Red)
Sun Feb 23 15:37:31 2025 Pedro (Red) [Headshot] Hucul_AAaaA (Blue)
Sun Feb 23 15:37:32 2025 [Global] Marshmello (Red): Born yeah why not!
Sun Feb 23 15:37:35 2025 Mysterion (Blue) [Headshot] mariosteve (Red)
Sun Feb 23 15:37:36 2025 TNSPOL (Red) [SMG] Mysterion (Blue)
Sun Feb 23 15:37:36 2025 Deuce (Blue) [Grenade] rinonel (Red)
Sun Feb 23 15:37:36 2025 [Global] Marshmello (Red): yours look so good
Sun Feb 23 15:37:38 2025 [Global] rinonel (Red): LOl
Sun Feb 23 15:37:42 2025 [Global] rinonel (Red): not the nade
Sun Feb 23 15:37:43 2025 [Global] Alekos (Red): Who placed the Tent there
Sun Feb 23 15:37:47 2025 TNSPOL (Red) [Headshot] MoDeR (Blue)
Sun Feb 23 15:37:48 2025 Deuce (Blue) [SMG] TNSPOL (Red)
Sun Feb 23 15:37:48 2025 Deuce (Blue) [Headshot] R (Red)
Sun Feb 23 15:37:56 2025 Cornballs (Red) [Headshot] Mysterion (Blue)
Sun Feb 23 15:37:58 2025 mariosteve (Red) [Headshot] noob (Blue)
Sun Feb 23 15:38:05 2025 ATORRES_BR! joined Blue team
Sun Feb 23 15:38:08 2025 TNSPOL (Red) [Headshot] Deuce (Blue)
Sun Feb 23 15:38:10 2025 Mysterion (Blue) [SMG] Cornballs (Red)
Sun Feb 23 15:38:12 2025 [Global] Marshmello (Red): ive already decided to make more, so i dont wanna dm him now
Sun Feb 23 15:38:15 2025 MoDeR (Blue) [Headshot] BomberMan (Red)
Sun Feb 23 15:38:19 2025 Pedro (Red) [Headshot] Hucul_AAaaA (Blue)
Sun Feb 23 15:38:21 2025  Capture your team's 5th intel to unlock /APOC for your team's best builder!
Sun Feb 23 15:38:21 2025 TNSPOL (Red) [Headshot] Amir (Blue)
Sun Feb 23 15:38:22 2025 R (Red) [Headshot] Mysterion (Blue)
Sun Feb 23 15:38:22 2025 [Global] Born (): ok but it will take me some time
Sun Feb 23 15:38:24 2025 [Global] Cornballs (Red): marsh did you start making shoppe one?
Sun Feb 23 15:38:24 2025 TNSPOL (Red) [Headshot] Deuce (Blue)
Sun Feb 23 15:38:24 2025 Player Mysterion has left
Sun Feb 23 15:38:32 2025 TNSPOL (Red) [SMG] Deuce (Blue)
Sun Feb 23 15:38:33 2025 MoDeR (Blue) [Headshot] Harry (Red)
Sun Feb 23 15:38:34 2025 Hucul_AAaaA (Blue) [Rifle] mariosteve (Red)
Sun Feb 23 15:38:41 2025 [Global] Marshmello (Red): yeah, sorry just been busy it wont take time
Sun Feb 23 15:38:43 2025 Deuce (Blue) [Grenade] TNSPOL (Red)
Sun Feb 23 15:38:44 2025 R (Red) [Shotgun] Amir (Blue)
Sun Feb 23 15:38:44 2025 MoDeR (Blue) [Headshot] BomberMan (Red)
Sun Feb 23 15:38:46 2025 Pedro (Red) [Headshot] Deuce (Blue)
Sun Feb 23 15:38:50 2025 [Global] Cornballs (Red): no worries
Sun Feb 23 15:38:55 2025 R (Red) [Shotgun] Deuce (Blue)
Sun Feb 23 15:38:56 2025 rinonel (Red) [Headshot]   (Blue)
Sun Feb 23 15:38:57 2025 MoDeR (Blue) [Headshot] rinonel (Red)
Sun Feb 23 15:38:59 2025 [Global] rinonel (Red): damn
Sun Feb 23 15:39:02 2025 Cornballs (Red) [Headshot] noob (Blue)
Sun Feb 23 15:39:05 2025 MoDeR (Blue) [Headshot] rinonel (Red)
Sun Feb 23 15:39:06 2025 MoDeR (Blue) [Headshot] Alekos (Red)
Sun Feb 23 15:39:07 2025 MoDeR (Blue) [Headshot] mariosteve (Red)
Sun Feb 23 15:39:08 2025 [Team] rinonel (Red): roof right
Sun Feb 23 15:39:08 2025 MoDeR (Blue) [Headshot] BomberMan (Red)
Sun Feb 23 15:39:11 2025 Player BomberMan has left
Sun Feb 23 15:39:13 2025 [Global] Marshmello (Red): also, i can upscale those images easily to a good preview
Sun Feb 23 15:39:14 2025 MoDeR (Blue) [Headshot] rinonel (Red)
Sun Feb 23 15:39:15 2025 MoDeR (Blue) [Headshot] mariosteve (Red)
Sun Feb 23 15:39:18 2025 [Global] Alekos (Red): Right
Sun Feb 23 15:39:18 2025 R (Red) [Headshot] Amir (Blue)
Sun Feb 23 15:39:20 2025 vdsz (Blue) [Headshot] TNSPOL (Red)
Sun Feb 23 15:39:21 2025  Mahalo for playing aloha.pk tower of babel
Sun Feb 23 15:39:22 2025 [Global] Marshmello (Red): the ones Born made
Sun Feb 23 15:39:25 2025 [Global] rinonel (Red): where are you guys posting these?
Sun Feb 23 15:39:27 2025 MoDeR (Blue) [Headshot] TNSPOL (Red)
Sun Feb 23 15:39:30 2025 rinonel (Red) [Rifle] MoDeR (Blue)
Sun Feb 23 15:39:32 2025 Deuce (Blue) [Headshot] R (Red)
Sun Feb 23 15:39:36 2025 [Global] Cornballs (Red): https://postimg.cc/gallery/8f2X9Ln
Sun Feb 23 15:39:37 2025 noob (Blue) [Fall]
Sun Feb 23 15:39:38 2025 [Global] rinonel (Red): ooo
Sun Feb 23 15:39:44 2025 [Global] Marshmello (Red): maybe discord?
Sun Feb 23 15:39:44 2025 Pedro (Red) [Headshot] noob (Blue)
Sun Feb 23 15:39:48 2025 [Global] Born (): Corn go to a website pixeljoint and get tons of pixelart eddit it and thats it you have a heaven
Sun Feb 23 15:39:53 2025   (Blue) [Headshot] Harry (Red)
Sun Feb 23 15:39:58 2025 [Global] Cornballs (Red): lolol
Sun Feb 23 15:39:58 2025 Deuce (Blue) [Headshot] Pedro (Red)
Sun Feb 23 15:40:03 2025   (Blue) [Headshot] Alekos (Red)
Sun Feb 23 15:40:06 2025 [Global] Marshmello (Red): Born yeah, lol
Sun Feb 23 15:40:08 2025 TNSPOL (Red) [SMG] MoDeR (Blue)
Sun Feb 23 15:40:08 2025 [Global] Cornballs (Red): i was trying to make original art
Sun Feb 23 15:40:11 2025 [Global] rinonel (Red): cornballs and myteam best
Sun Feb 23 15:40:13 2025 [Global] Cornballs (Red): but thats a good idea
Sun Feb 23 15:40:14 2025 Player MoDeR has left
Sun Feb 23 15:40:15 2025 Hucul_AAaaA (Blue) [Headshot] Marshmello (Red)
Sun Feb 23 15:40:17 2025 Alekos (Red) [Headshot] ATORRES_BR! (Blue)
Sun Feb 23 15:40:19 2025 [Global] rinonel (Red): but i think the frog needs to be more pepega
Sun Feb 23 15:40:19 2025 [Global] Cornballs (Red): yea agree
Sun Feb 23 15:40:21 2025  Build a tower to get the enemy's intel. Take it to your team's tent to win!
Sun Feb 23 15:40:22 2025 [Global] Marshmello (Red): yes xD urs look cursed
Sun Feb 23 15:40:23 2025 Harry (Red) [Headshot]   (Blue)
Sun Feb 23 15:40:23 2025 Deuce (Blue) [Headshot] R (Red)
Sun Feb 23 15:40:24 2025 [Global] Cornballs (Red): cornballs, myteam and ball
Sun Feb 23 15:40:24 2025 Pedro (Red) [Headshot] Hucul_AAaaA (Blue)
Sun Feb 23 15:40:25 2025 TNSPOL (Red) [SMG] Deuce (Blue)
Sun Feb 23 15:40:27 2025 ATORRES_BR! (Blue) [Team Change]
Sun Feb 23 15:40:28 2025 TNSPOL (Red) [Headshot] noob (Blue)
Sun Feb 23 15:40:30 2025 Cornballs (Red) [Headshot] Hucul_AAaaA (Blue)
Sun Feb 23 15:40:31 2025 Mysterion joined Blue team
Sun Feb 23 15:40:32 2025   (Blue) [Headshot] Cornballs (Red)
Sun Feb 23 15:40:35 2025 TNSPOL (Red) [Headshot] Deuce (Blue)
Sun Feb 23 15:40:37 2025 ATORRES_BR! joined Spectator team
Sun Feb 23 15:40:40 2025 [Global] Marshmello (Red): i feel ashamed cuz i did not make ball one
Sun Feb 23 15:40:40 2025 Deuce (Blue) [Headshot] TNSPOL (Red)
Sun Feb 23 15:40:43 2025 Amir1 joined Red team
Sun Feb 23 15:40:46 2025 Player Amir has left
Sun Feb 23 15:40:48 2025 Mysterion (Blue) [Fall]
Sun Feb 23 15:40:49 2025 [Global] Cornballs (Red): or cornball
Sun Feb 23 15:40:53 2025 mariosteve (Red) [Headshot] ale (Blue)
Sun Feb 23 15:40:54 2025 [Global] Cornballs (Red): seriously how u forget me marsh
Sun Feb 23 15:40:57 2025 [Global] Cornballs (Red): </3
Sun Feb 23 15:40:59 2025 Deuce (Blue) [Headshot] R (Red)
Sun Feb 23 15:40:59 2025  Harry has reached 1000 blocks placed! /heaven unlocked.
Sun Feb 23 15:40:59 2025 Type /heavenlist to view available images. /heaven <name> to confirm.
Sun Feb 23 15:40:59 2025 Want your country's flag instead? Type /heaven country (or any alpha-2 code)
Sun Feb 23 15:41:05 2025 rinonel (Red) [Headshot]   (Blue)
Sun Feb 23 15:41:06 2025 [Global] Marshmello (Red): yeah :(
Sun Feb 23 15:41:07 2025 vdsz (Blue) [Headshot] Harry (Red)
Sun Feb 23 15:41:07 2025 TNSPOL (Red) [SMG] noob (Blue)
Sun Feb 23 15:41:09 2025 [Global] Marshmello (Red): i failed u
Sun Feb 23 15:41:10 2025 TNSPOL (Red) [Headshot] Deuce (Blue)
Sun Feb 23 15:41:12 2025 [Global] Cornballs (Red): bro secretly hates me
Sun Feb 23 15:41:14 2025 Mysterion (Blue) [Headshot] Amir1 (Red)
Sun Feb 23 15:41:15 2025 TNSPOL (Red) [SMG] Mysterion (Blue)
Sun Feb 23 15:41:17 2025 [Global] Cornballs (Red): all this time
Sun Feb 23 15:41:19 2025 vdsz (Blue) [Headshot] TNSPOL (Red)
Sun Feb 23 15:41:19 2025 Deuce (Blue) [SMG] rinonel (Red)
Sun Feb 23 15:41:21 2025  Type /HELP for info & commands
Sun Feb 23 15:41:21 2025 [Global] Born (): ok i gtg
Sun Feb 23 15:41:24 2025 [Global] Cornballs (Red): born is my true frend
Sun Feb 23 15:41:28 2025 [Global] Cornballs (Red): cya
Sun Feb 23 15:41:28 2025 [Global] Marshmello (Red): Born thanks !
Sun Feb 23 15:41:34 2025 vdsz (Blue) [Grenade] Pedro (Red)
Sun Feb 23 15:41:34 2025 [Global] rinonel (Red): cya
Sun Feb 23 15:41:34 2025 R (Red) [Shotgun] ale (Blue)
Sun Feb 23 15:41:43 2025 [Global] Born (): if ill make more ill send it via link
Sun Feb 23 15:41:47 2025 [Global] Cornballs (Red): kk
Sun Feb 23 15:41:47 2025 ale (Blue) [Rifle] R (Red)
Sun Feb 23 15:41:48 2025 [Global] Marshmello (Red): okay
Sun Feb 23 15:41:50 2025   (Blue) [Headshot] Amir1 (Red)
Sun Feb 23 15:41:53 2025 Player Born has left
Sun Feb 23 15:41:54 2025   (Blue) [Headshot] mariosteve (Red)
Sun Feb 23 15:42:00 2025 TNSPOL (Red) [Headshot] Deuce (Blue)
Sun Feb 23 15:42:00 2025 Alekos (Red) [SMG]   (Blue)
Sun Feb 23 15:42:01 2025 [Global] Marshmello (Red): baws
Sun Feb 23 15:42:02 2025 TNSPOL (Red) [Headshot] Hucul_AAaaA (Blue)
Sun Feb 23 15:42:04 2025 TNSPOL (Red) [Headshot] ale (Blue)
Sun Feb 23 15:42:05 2025 TNSPOL (Red) [Headshot] Mysterion (Blue)
Sun Feb 23 15:42:06 2025 Deuce (Blue) [SMG] Cornballs (Red)
Sun Feb 23 15:42:10 2025 [Global] Cornballs (Red): what a hero
Sun Feb 23 15:42:11 2025 Deuce (Blue) [SMG] TNSPOL (Red)
Sun Feb 23 15:42:14 2025 [Global] Marshmello (Red): i wish they could use our script that loads gifs in heaven..
Sun Feb 23 15:42:21 2025  Visit our community forums at https://aloha.pk/
Sun Feb 23 15:42:22 2025 [Global] Cornballs (Red): that would be so cool lol
Sun Feb 23 15:42:23 2025 ATORRES_BR! joined Blue team
Sun Feb 23 15:42:26 2025 [Global] Marshmello (Red): yeah!
Sun Feb 23 15:42:27 2025 [Global] Deuce (Blue): ngl, spawn is ass
Sun Feb 23 15:42:27 2025 [Global] Cornballs (Red): animated heavens
Sun Feb 23 15:42:31 2025 R (Red) [Shotgun] noob (Blue)
Sun Feb 23 15:42:31 2025 [Global] Marshmello (Red): fr
Sun Feb 23 15:42:38 2025 Deuce (Blue) [SMG] R (Red)
Sun Feb 23 15:42:40 2025   (Blue) [Headshot] Marshmello (Red)
Sun Feb 23 15:42:43 2025 Mysterion (Blue) [Headshot] mariosteve (Red)
Sun Feb 23 15:42:44 2025 [Global] Cornballs (Red): surely wouldnt be too hard
Sun Feb 23 15:42:46 2025 Player mariosteve has left
Sun Feb 23 15:42:50 2025 ale (Blue) [Headshot] Pedro (Red)
Sun Feb 23 15:42:50 2025 Alekos (Red) [SMG] Deuce (Blue)
Sun Feb 23 15:42:51 2025 [Global] Cornballs (Red): sprite sheet for gif frames
Sun Feb 23 15:42:51 2025 Alekos (Red) [Headshot] Mysterion (Blue)
Sun Feb 23 15:42:57 2025 [Global] Alekos (Red): Hai l Hiter
Sun Feb 23 15:42:57 2025 [Global] Marshmello (Red): yeah we already done that in build server tho
Sun Feb 23 15:42:58 2025 rinonel (Red) [Headshot] noob (Blue)
Sun Feb 23 15:43:01 2025 [Global] Cornballs (Red): have the game select each on every second
Sun Feb 23 15:43:01 2025 rinonel (Red) [SMG] Hucul_AAaaA (Blue)
Sun Feb 23 15:43:05 2025 Amir1 (Red) [Headshot]   (Blue)
Sun Feb 23 15:43:05 2025 vdsz (Blue) [Headshot] Alekos (Red)
Sun Feb 23 15:43:06 2025 [Global] Cornballs (Red): ah nice
Sun Feb 23 15:43:07 2025 [Global] Alekos (Red): Hail
Sun Feb 23 15:43:12 2025 rinonel (Red) [Headshot] noob (Blue)
Sun Feb 23 15:43:14 2025 R (Red) [Headshot] Deuce (Blue)
Sun Feb 23 15:43:15 2025 rinonel (Red) [Headshot]   (Blue)
Sun Feb 23 15:43:16 2025 DC joined Blue team
Sun Feb 23 15:43:16 2025 Mysterion (Blue) [Headshot] rinonel (Red)
Sun Feb 23 15:43:21 2025 [Global] Marshmello (Red): u can adjust speed too
Sun Feb 23 15:43:21 2025  Come chat with us at https://discord.aloha.pk/
Sun Feb 23 15:43:23 2025 vdsz (Blue) [Headshot] Amir1 (Red)
Sun Feb 23 15:43:24 2025 Pedro (Red) [Headshot] ATORRES_BR! (Blue)
Sun Feb 23 15:43:29 2025 [Global] Cornballs (Red): why not add to babel then?
Sun Feb 23 15:43:30 2025 ATORRES_BR! (Blue) [Team Change]
Sun Feb 23 15:43:32 2025 Mysterion (Blue) [Headshot] R (Red)
Sun Feb 23 15:43:34 2025 TNSPOL (Red) [Headshot] vdsz (Blue)
Sun Feb 23 15:43:37 2025 [Global] Deuce (Blue): map is getting boring, gg
Sun Feb 23 15:43:37 2025 [Global] Marshmello (Red): because admins are gay
Sun Feb 23 15:43:37 2025 ATORRES_BR! joined Spectator team
Sun Feb 23 15:43:38 2025 [Global] Cornballs (Red): ez
Sun Feb 23 15:43:39 2025 [Global] Marshmello (Red): jokes
Sun Feb 23 15:43:39 2025 Player Deuce has left
Sun Feb 23 15:43:41 2025 [Global] Cornballs (Red): pfffffft
Sun Feb 23 15:43:44 2025 Pedro (Red) [SMG] ale (Blue)
Sun Feb 23 15:43:52 2025 rinonel (Red) [Headshot] Hucul_AAaaA (Blue)
Sun Feb 23 15:43:52 2025 [Global] Alekos (Red): SMG in the middle for assaoult. Rifles for range
Sun Feb 23 15:43:53 2025 [Global] Cornballs (Red): alagha cant get any worse lol
Sun Feb 23 15:43:55 2025 [Global] Marshmello (Red): map is shit
Sun Feb 23 15:43:57 2025 [Global] Marshmello (Red): lmao
Sun Feb 23 15:43:58 2025 [Team] Alekos (Red): SMG in the middle for assaoult. Rifles for range
Sun Feb 23 15:44:05 2025 Mysterion (Blue) [Headshot] Amir1 (Red)
Sun Feb 23 15:44:07 2025   (Blue) [SMG] Marshmello (Red)
Sun Feb 23 15:44:07 2025 rinonel (Red) [Headshot] DC (Blue)
Sun Feb 23 15:44:07 2025 noob (Blue) [Headshot] Cornballs (Red)
Sun Feb 23 15:44:10 2025 rinonel (Red) [Headshot] Hucul_AAaaA (Blue)
Sun Feb 23 15:44:15 2025 Pedro (Red) [Headshot] vdsz (Blue)
Sun Feb 23 15:44:16 2025 [Global] Marshmello (Red): SOUPY!
Sun Feb 23 15:44:18 2025 Hucul_AAaaA (Blue) [Rifle] rinonel (Red)
Sun Feb 23 15:44:20 2025 Pedro (Red) [Headshot]   (Blue)
Sun Feb 23 15:44:21 2025  If you believe a player is breaking the rules, please let us know with /ADMIN
Sun Feb 23 15:44:22 2025 Mysterion (Blue) [Headshot] R (Red)
Sun Feb 23 15:44:23 2025 [Global] ATORRES_BR! (): SOUPY bru
Sun Feb 23 15:44:31 2025 ATORRES_BR! joined Blue team
Sun Feb 23 15:44:32 2025 [Global] Marshmello (Red): soupy night
Sun Feb 23 15:44:36 2025 [Global] ATORRES_BR! (Blue): hmmm
Sun Feb 23 15:44:40 2025 Amir1 (Red) [Headshot] DC (Blue)
Sun Feb 23 15:44:40 2025 Pedro (Red) [Headshot] vdsz (Blue)
Sun Feb 23 15:44:41 2025 KillerPollo joined Red team
Sun Feb 23 15:44:42 2025 [Global] ATORRES_BR! (Blue): DAHMER ninght
Sun Feb 23 15:44:43 2025 [Global] Marshmello (Red): dahmer wishes u soupy night all <3
Sun Feb 23 15:44:51 2025   (Blue) [SMG] Pedro (Red)
Sun Feb 23 15:44:52 2025 TNSPOL (Red) [Weapon Change]
Sun Feb 23 15:44:54 2025 R (Red) [Headshot] Hucul_AAaaA (Blue)
Sun Feb 23 15:44:58 2025 rinonel (Red) [Headshot] DC (Blue)
Sun Feb 23 15:45:04 2025 vdsz (Blue) [Headshot] Alekos (Red)
Sun Feb 23 15:45:04 2025 noob (Blue) [Headshot] R (Red)
Sun Feb 23 15:45:08 2025 [Global] Marshmello (Red): wheres rinonel!!!!
Sun Feb 23 15:45:09 2025 [Global] ATORRES_BR! (Blue): DAHMER ishes to make a DELICIOUS, sweet and beloved SOUPY recipe at this night
Sun Feb 23 15:45:15 2025   (Blue) [Headshot] Marshmello (Red)
Sun Feb 23 15:45:16 2025 [Global] Marshmello (Red): yess bru
Sun Feb 23 15:45:18 2025 vdsz (Blue) [Grenade] rinonel (Red)
Sun Feb 23 15:45:19 2025 [Team] rinonel (Red): HI
Sun Feb 23 15:45:19 2025 [Global] Cornballs (Red): bruuu
Sun Feb 23 15:45:20 2025 [Global] rinonel (Red): HI
Sun Feb 23 15:45:21 2025  This server runs imger and glow. Use /IMG or /GLOW to toggle them.
Sun Feb 23 15:45:23 2025 [Global] ATORRES_BR! (Blue): SHEMALES lobes DAHMER soupy recipes
Sun Feb 23 15:45:25 2025 vdsz (Blue) [Headshot] Amir1 (Red)
Sun Feb 23 15:45:27 2025 [Global] Marshmello (Red): Rinoo is souped xD
Sun Feb 23 15:45:31 2025 [Global] rinonel (Red): oh noooo
Sun Feb 23 15:45:36 2025 [Global] ATORRES_BR! (Blue): SOUPED bru RILO
Sun Feb 23 15:45:42 2025 /\ndrew joined Blue team
Sun Feb 23 15:45:43 2025 LizardWizard joined Red team
Sun Feb 23 15:45:45 2025 Marshmello (Red) [Headshot] noob (Blue)
Sun Feb 23 15:45:47 2025 [Global] ATORRES_BR! (Blue): Rilolel
Sun Feb 23 15:45:48 2025 Cornballs (Red) [Headshot] Mysterion (Blue)
Sun Feb 23 15:45:48 2025 [Global] ATORRES_BR! (Blue): hmmmmmmmmmmm
Sun Feb 23 15:45:48 2025   (Blue) [Headshot] rinonel (Red)
Sun Feb 23 15:45:49 2025 DC (Blue) [Headshot] Cornballs (Red)
Sun Feb 23 15:45:50 2025 [Global] ATORRES_BR! (Blue): xD
Sun Feb 23 15:45:50 2025 LizardWizard (Red) [SMG]   (Blue)
Sun Feb 23 15:45:51 2025 [Global] Marshmello (Red): yes mmmmmmmmmmmmmmm
Sun Feb 23 15:45:55 2025 KillerPollo (Red) [SMG] ATORRES_BR! (Blue)
Sun Feb 23 15:45:55 2025 KillerPollo (Red) [Headshot] DC (Blue)
Sun Feb 23 15:46:01 2025 [Global] ATORRES_BR! (Blue): lobes rinonel soupy recipe
Sun Feb 23 15:46:04 2025 DC (Blue) [Headshot] KillerPollo (Red)
Sun Feb 23 15:46:04 2025 R (Red) [Shotgun]   (Blue)
Sun Feb 23 15:46:07 2025 vdsz (Blue) [Headshot] TNSPOL (Red)
Sun Feb 23 15:46:08 2025 [Global] ATORRES_BR! (Blue): SOUPED and SHEMALED <3
Sun Feb 23 15:46:09 2025 [Team] rinonel (Red): in my mind atorres talks like scooby doo
Sun Feb 23 15:46:09 2025 Harry (Red) [Fall]
Sun Feb 23 15:46:13 2025   joined Spectator team
Sun Feb 23 15:46:13 2025 [Global] KillerPollo (Red): nooooo
Sun Feb 23 15:46:15 2025 [Global] Cornballs (Red): lol
Sun Feb 23 15:46:17 2025 vdsz (Blue) [Rifle] Cornballs (Red)
Sun Feb 23 15:46:17 2025 [Global] Marshmello (Red): whoever is builder pls do /heaven sopa
Sun Feb 23 15:46:18 2025 DC (Blue) [Fall]
Sun Feb 23 15:46:20 2025 [Global] ATORRES_BR! (Blue): a shemale CREW takes him ASS <3
Sun Feb 23 15:46:21 2025  Use /EMOTE to draw an emote on the map!
Sun Feb 23 15:46:24 2025 Pedro (Red) [SMG] vdsz (Blue)
Sun Feb 23 15:46:26 2025 Hucul_AAaaA (Blue) [Headshot] rinonel (Red)
Sun Feb 23 15:46:34 2025 laws of physics joined Blue team
Sun Feb 23 15:46:35 2025 DC (Blue) [Headshot] Amir1 (Red)
Sun Feb 23 15:46:36 2025 Marshmello (Red) [SMG] noob (Blue)
Sun Feb 23 15:46:41 2025 Marshmello (Red) [Headshot] /\ndrew (Blue)
Sun Feb 23 15:46:42 2025 R (Red) [Shotgun] ATORRES_BR! (Blue)
Sun Feb 23 15:46:44 2025 Alekos (Red) [Headshot] Mysterion (Blue)
Sun Feb 23 15:46:44 2025 R (Red) [Headshot] noob (Blue)
Sun Feb 23 15:46:45 2025 vdsz (Blue) [Headshot] Pedro (Red)
Sun Feb 23 15:46:46 2025 R (Red) [Shotgun] DC (Blue)
Sun Feb 23 15:46:51 2025 noob (Blue) [Headshot] R (Red)
Sun Feb 23 15:46:54 2025 Hucul_AAaaA (Blue) [Headshot] rinonel (Red)
Sun Feb 23 15:46:55 2025 Player DC has left
Sun Feb 23 15:46:57 2025   joined Blue team
Sun Feb 23 15:46:59 2025 /\ndrew (Blue) [Fall]
Sun Feb 23 15:46:59 2025 vdsz (Blue) [Grenade] LizardWizard (Red)
Sun Feb 23 15:47:01 2025 [Global] rinonel (Red): aight brb
Sun Feb 23 15:47:02 2025 Player rinonel has left
Sun Feb 23 15:47:03 2025 noob (Blue) [Fall]
Sun Feb 23 15:47:05 2025   (Blue) [Team Change]
Sun Feb 23 15:47:06 2025 Player Amir1 has left
Sun Feb 23 15:47:10 2025 Hucul_AAaaA (Blue) [Headshot] Pedro (Red)
Sun Feb 23 15:47:10 2025 vdsz (Blue) [Headshot] KillerPollo (Red)
Sun Feb 23 15:47:13 2025   joined Red team
Sun Feb 23 15:47:20 2025 Cornballs (Red) [Headshot] vdsz (Blue)
Sun Feb 23 15:47:21 2025  Use /HEAVEN to paint the babel platform!
Sun Feb 23 15:47:23 2025 Amir joined Blue team
Sun Feb 23 15:47:24 2025 /\ndrew (Blue) [Headshot] Alekos (Red)
Sun Feb 23 15:47:24 2025 Cornballs (Red) [Headshot] noob (Blue)
Sun Feb 23 15:47:28 2025 Cornballs (Red) [Headshot] noob (Blue)
Sun Feb 23 15:47:30 2025 Hucul_AAaaA (Blue) [Headshot] R (Red)
Sun Feb 23 15:47:31 2025 ale (Blue) [Headshot] Alekos (Red)
Sun Feb 23 15:47:31 2025 vdsz (Blue) [Headshot] Cornballs (Red)
Sun Feb 23 15:47:31 2025 [Team] Alekos (Red): Left side
Sun Feb 23 15:47:33 2025 [Global] Cornballs (Red): hax
Sun Feb 23 15:47:36 2025 [Global] Alekos (Red): Enemies adnancing
Sun Feb 23 15:47:36 2025 Pedro (Red) [SMG] Hucul_AAaaA (Blue)
Sun Feb 23 15:47:38 2025 [Global] noob (Blue): you first
Sun Feb 23 15:47:47 2025 TNSPOL picked up Blue's Intel.
Sun Feb 23 15:47:52 2025 Pedro (Red) [SMG] /\ndrew (Blue)
Sun Feb 23 15:47:55 2025 Pedro (Red) [Headshot] Hucul_AAaaA (Blue)
Sun Feb 23 15:48:04 2025 vdsz (Blue) [Melee] Marshmello (Red)
Sun Feb 23 15:48:05 2025 Mysterion (Blue) [Headshot] R (Red)
Sun Feb 23 15:48:06 2025 KillerPollo (Red) [SMG] /\ndrew (Blue)
Sun Feb 23 15:48:10 2025 laws of physics (Blue) [Melee] Pedro (Red)
Sun Feb 23 15:48:11 2025 Alekos (Red) [Headshot] Mysterion (Blue)
Sun Feb 23 15:48:12 2025 [Global] Marshmello (Red): ezz
Sun Feb 23 15:48:16 2025 Alekos (Red) [Grenade] Amir (Blue)
Sun Feb 23 15:48:16 2025 Mysterion (Blue) [Fall]
Sun Feb 23 15:48:21 2025  Get a 20 killstreak and 1 intel capture(s) to unlock /APOC!
Sun Feb 23 15:48:24 2025 TNSPOL captured Blue's Intel.
Sun Feb 23 15:48:25 2025 Amir joined Red team
Sun Feb 23 15:48:25 2025 LizardWizard (Red) [SMG] /\ndrew (Blue)
Sun Feb 23 15:48:26 2025 [Global] Alekos (Red): Fur deutschland und Hitler
Sun Feb 23 15:48:26 2025 [Global] Marshmello (Red): TNSPOL yo
Sun Feb 23 15:48:27 2025 R (Red) [Headshot] noob (Blue)
Sun Feb 23 15:48:30 2025 KillerPollo (Red) [Headshot] Hucul_AAaaA (Blue)
Sun Feb 23 15:48:38 2025 LizardWizard (Red) [SMG] Mysterion (Blue)
Sun Feb 23 15:48:44 2025 LizardWizard (Red) [SMG] Hucul_AAaaA (Blue)
Sun Feb 23 15:48:46 2025 vdsz (Blue) [Headshot] LizardWizard (Red)
Sun Feb 23 15:48:53 2025 KillerPollo (Red) [SMG] /\ndrew (Blue)
Sun Feb 23 15:48:59 2025 Pedro (Red) [SMG] laws of physics (Blue)
Sun Feb 23 15:49:02 2025 Hucul_AAaaA (Blue) [Headshot] KillerPollo (Red)
Sun Feb 23 15:49:03 2025   picked up Blue's Intel.
Sun Feb 23 15:49:03 2025 [Global] laws of physics (Blue): bruh what
Sun Feb 23 15:49:04 2025 R (Red) [Shotgun] /\ndrew (Blue)
Sun Feb 23 15:49:06 2025 Marshmello (Red) [Headshot] noob (Blue)
Sun Feb 23 15:49:11 2025 R (Red) [Headshot] ATORRES_BR! (Blue)
Sun Feb 23 15:49:11 2025 Marshmello (Red) [Headshot] laws of physics (Blue)
Sun Feb 23 15:49:15 2025 R (Red) [Shotgun] laws of physics (Blue)
Sun Feb 23 15:49:16 2025 /\ndrew (Blue) [Headshot] R (Red)
Sun Feb 23 15:49:16 2025 Cornballs (Red) [Rifle] Mysterion (Blue)
Sun Feb 23 15:49:16 2025 [Global] Marshmello (Red): lawsboi
Sun Feb 23 15:49:21 2025 vdsz (Blue) [Rifle] LizardWizard (Red)
Sun Feb 23 15:49:21 2025  Capture your team's 5th intel to unlock /APOC for your team's best builder!
Sun Feb 23 15:49:22 2025 [Global] laws of physics (Blue): hi marsh
Sun Feb 23 15:49:22 2025 Cornballs (Red) [Headshot] ATORRES_BR! (Blue)
Sun Feb 23 15:49:25 2025 Hucul_AAaaA (Blue) [Headshot] Cornballs (Red)
Sun Feb 23 15:49:27 2025 [Global] Cornballs (Red): HAX
Sun Feb 23 15:49:28 2025 /\ndrew (Blue) [SMG] Amir (Red)
Sun Feb 23 15:49:30 2025 Marshmello (Red) [Headshot] /\ndrew (Blue)
Sun Feb 23 15:49:31 2025 laws of physics (Blue) [Fall]
Sun Feb 23 15:49:36 2025 [Global] Alekos (Red): Got shot
Sun Feb 23 15:49:43 2025   captured Blue's Intel.
Sun Feb 23 15:49:44 2025 Forneuzz joined Blue team
Sun Feb 23 15:49:44 2025 Pedro (Red) [Headshot] /\ndrew (Blue)
Sun Feb 23 15:49:55 2025 Player Amir has left
Sun Feb 23 15:49:55 2025 [Global] Marshmello (Red): skip the map pls
Sun Feb 23 15:49:56 2025 LizardWizard (Red) [Headshot] Forneuzz (Blue)
Sun Feb 23 15:50:01 2025 Cornballs (Red) [Headshot] /\ndrew (Blue)
Sun Feb 23 15:50:02 2025 Hucul_AAaaA (Blue) [Headshot] Cornballs (Red)
Sun Feb 23 15:50:05 2025 LizardWizard (Red) [SMG] noob (Blue)
Sun Feb 23 15:50:06 2025 [Global] Cornballs (Red): yeye
Sun Feb 23 15:50:06 2025 Amir joined Red team
Sun Feb 23 15:50:07 2025 TNSPOL (Red) [Headshot] Mysterion (Blue)
Sun Feb 23 15:50:08 2025   picked up Blue's Intel.
Sun Feb 23 15:50:08 2025 [Global] Cornballs (Red): skeep
Sun Feb 23 15:50:14 2025 [Global] Marshmello (Red): skype
Sun Feb 23 15:50:21 2025  Mahalo for playing aloha.pk tower of babel
Sun Feb 23 15:50:22 2025 Marshmello (Red) [Headshot] Forneuzz (Blue)
Sun Feb 23 15:50:22 2025 LizardWizard (Red) [SMG] ATORRES_BR! (Blue)
Sun Feb 23 15:50:23 2025 noob (Blue) [Rifle] Marshmello (Red)
Sun Feb 23 15:50:29 2025 laws of physics (Blue) [SMG] TNSPOL (Red)
Sun Feb 23 15:50:38 2025 Mysterion (Blue) [Grenade] LizardWizard (Red)
Sun Feb 23 15:50:41 2025 R (Red) [Fall]
Sun Feb 23 15:50:42 2025 Pedro (Red) [Headshot] Mysterion (Blue)
Sun Feb 23 15:50:44 2025 Pedro (Red) [Headshot] Forneuzz (Blue)
Sun Feb 23 15:50:45 2025   captured Blue's Intel.
Sun Feb 23 15:50:47 2025 Cornballs (Red) [Headshot] ATORRES_BR! (Blue)
Sun Feb 23 15:50:48 2025   (Red) [Fall]
Sun Feb 23 15:50:48 2025 Amir (Red) [Headshot] /\ndrew (Blue)
Sun Feb 23 15:50:50 2025 noob (Blue) [Grenade] Amir (Red)
Sun Feb 23 15:50:52 2025 Cornballs (Red) [Headshot] Hucul_AAaaA (Blue)
Sun Feb 23 15:50:53 2025 Cornballs (Red) [Headshot] /\ndrew (Blue)
Sun Feb 23 15:50:53 2025  TNSPOL has reached 1000 blocks placed! /heaven unlocked.
Sun Feb 23 15:50:54 2025 Cornballs (Red) [Headshot] Forneuzz (Blue)
Sun Feb 23 15:51:00 2025 Cornballs (Red) [Headshot] ATORRES_BR! (Blue)
Sun Feb 23 15:51:02 2025 Harry (Red) [Headshot] laws of physics (Blue)
Sun Feb 23 15:51:02 2025 Cornballs (Red) [Headshot] ATORRES_BR! (Blue)
Sun Feb 23 15:51:06 2025 noob (Blue) [Headshot] Marshmello (Red)
Sun Feb 23 15:51:07 2025 HurryUpTomorrow joined Blue team
Sun Feb 23 15:51:08 2025 KillerPollo (Red) [Fall]
Sun Feb 23 15:51:10 2025 [Global] Marshmello (Red): bawswhats the map we played on last time?
Sun Feb 23 15:51:11 2025 Cornballs (Red) [Headshot] HurryUpTomorrow (Blue)
Sun Feb 23 15:51:13 2025 Pedro (Red) [Fall]
Sun Feb 23 15:51:13 2025 vdsz (Blue) [Headshot] Cornballs (Red)
Sun Feb 23 15:51:13 2025   picked up Blue's Intel.
Sun Feb 23 15:51:17 2025 [Global] Cornballs (Red): which one?
Sun Feb 23 15:51:18 2025 [Global] Marshmello (Red): i mean whats the name of it
Sun Feb 23 15:51:19 2025 vdsz (Blue) [Grenade]
Sun Feb 23 15:51:21 2025  Build a tower to get the enemy's intel. Take it to your team's tent to win!
Sun Feb 23 15:51:23 2025 Alekos (Red) [Headshot] /\ndrew (Blue)
Sun Feb 23 15:51:24 2025   (Red) [Headshot] ATORRES_BR! (Blue)
Sun Feb 23 15:51:25 2025 R (Red) [Shotgun] noob (Blue)
Sun Feb 23 15:51:28 2025 LizardWizard (Red) [Headshot] laws of physics (Blue)
Sun Feb 23 15:51:28 2025 [Global] Marshmello (Red): the one u build a sky bridge
Sun Feb 23 15:51:31 2025 ATORRES_BR! (Blue) [Team Change]
Sun Feb 23 15:51:34 2025 [Global] Cornballs (Red): bridge too far?
Sun Feb 23 15:51:37 2025 ATORRES_BR! joined Spectator team
Sun Feb 23 15:51:41 2025 [Global] Marshmello (Red): i think its that one, i think its cool
Sun Feb 23 15:51:43 2025 R (Red) [Headshot] noob (Blue)
Sun Feb 23 15:51:43 2025 [Global] Alekos (Red): Thanks R you 
Sun Feb 23 15:51:44 2025 [Global] Cornballs (Red): yeey 
Sun Feb 23 15:51:45 2025 KillerPollo (Red) [Grenade] Forneuzz (Blue)
Sun Feb 23 15:51:47 2025 [Global] Cornballs (Red): my fav
Sun Feb 23 15:51:48 2025 [Global] KillerPollo (Red): booommmm
Sun Feb 23 15:51:49 2025 [Global] Marshmello (Red): fr
Sun Feb 23 15:51:51 2025 [Global] Alekos (Red): Thanks R you  saved my life
Sun Feb 23 15:51:51 2025 [Global] KillerPollo (Red): bugseye
Sun Feb 23 15:51:53 2025 laws of physics (Blue) [Rifle] Amir (Red)
Sun Feb 23 15:51:53 2025 Pedro (Red) [Fall]
Sun Feb 23 15:51:54 2025 Darkhammer joined Blue team
Sun Feb 23 15:51:56 2025 R (Red) [Shotgun] Forneuzz (Blue)
Sun Feb 23 15:51:57 2025 noob (Blue) [Headshot] R (Red)
Sun Feb 23 15:51:59 2025 Cornballs (Red) [Headshot] Mysterion (Blue)
Sun Feb 23 15:52:05 2025 Mysterion (Blue) [Headshot] Cornballs (Red)
Sun Feb 23 15:52:06 2025 [Team] Alekos (Red): Avant!
Sun Feb 23 15:52:06 2025  With 3015 blocks placed, Harry is granted the right to unleash the apocalypse.
Sun Feb 23 15:52:06 2025 God has given you the right to unleash the apocalypse.
Sun Feb 23 15:52:06 2025 Use /APOC to unleash the apocalypse.
Sun Feb 23 15:52:06 2025   captured Blue's Intel.
Sun Feb 23 15:52:07 2025 KillerPollo (Red) [Headshot] Hucul_AAaaA (Blue)
Sun Feb 23 15:52:10 2025 noob (Blue) [Headshot] Alekos (Red)
Sun Feb 23 15:52:16 2025 Player Forneuzz has left
Sun Feb 23 15:52:19 2025 Use /APOC to unleash the apocalypse.
Sun Feb 23 15:52:19 2025 Harry (Red) [Headshot] HurryUpTomorrow (Blue)
Sun Feb 23 15:52:21 2025  Type /HELP for info & commands
Sun Feb 23 15:52:29 2025   picked up Blue's Intel.
Sun Feb 23 15:52:31 2025  vdsz changed next map to abridgetoofar
Sun Feb 23 15:52:31 2025 /\ndrew (Blue) [Headshot] Alekos (Red)
Sun Feb 23 15:52:32 2025 HurryUpTomorrow (Blue) [Fall]
Sun Feb 23 15:52:36 2025 [Global] Marshmello (Red): wow!
Sun Feb 23 15:52:39 2025 [Global] Marshmello (Red): hell yeah
Sun Feb 23 15:52:40 2025 [Global] Cornballs (Red): yesssss
Sun Feb 23 15:52:43 2025 Darkhammer (Blue) [Weapon Change]
Sun Feb 23 15:52:44 2025 KillerPollo (Red) [Headshot] Mysterion (Blue)
Sun Feb 23 15:52:44 2025 Klinge joined Blue team
Sun Feb 23 15:52:45 2025  No proxy allowed
Sun Feb 23 15:52:45 2025  Klinge was banned.
Sun Feb 23 15:52:45 2025 Player Klinge has left
Sun Feb 23 15:52:46 2025 vdsz (Blue) [Rifle] R (Red)
Sun Feb 23 15:52:48 2025 too much vodka joined Blue team
Sun Feb 23 15:52:48 2025 [Global] Alekos (Red): Hurry up right now
Sun Feb 23 15:52:51 2025 KillerPollo (Red) [SMG] Mysterion (Blue)
Sun Feb 23 15:52:51 2025 Cornballs (Red) [Headshot] too much vodka (Blue)
Sun Feb 23 15:52:52 2025 LizardWizard (Red) [Headshot] Darkhammer (Blue)
Sun Feb 23 15:52:57 2025 [Global] Marshmello (Red): cap cap cap
Sun Feb 23 15:52:58 2025 vdsz (Blue) [Rifle] Amir (Red)
Sun Feb 23 15:52:58 2025 KillerPollo (Red) [Fall]
Sun Feb 23 15:53:00 2025   captured Blue's Intel.
Sun Feb 23 15:53:01 2025 Marshmello picked up Blue's Intel.
Sun Feb 23 15:53:01 2025 Darkhammer joined Red team
Sun Feb 23 15:53:05 2025 noob (Blue) [Melee] R (Red)
Sun Feb 23 15:53:05 2025 Frank joined Blue team
Sun Feb 23 15:53:05 2025 LizardWizard (Red) [Headshot] too much vodka (Blue)
Sun Feb 23 15:53:05 2025 [Global] KillerPollo (Red): fu fuk fuk
Sun Feb 23 15:53:05 2025 vdsz (Blue) [Headshot] Cornballs (Red)
Sun Feb 23 15:53:12 2025 Hucul_AAaaA (Blue) [Headshot] LizardWizard (Red)
Sun Feb 23 15:53:13 2025 [Global] Cornballs (Red): my ass hurst
Sun Feb 23 15:53:13 2025 HurryUpTomorrow (Blue) [Headshot] Amir (Red)
Sun Feb 23 15:53:15 2025 Player LizardWizard has left
Sun Feb 23 15:53:16 2025 Wlady joined Blue team
Sun Feb 23 15:53:18 2025 Marshmello captured Blue's Intel.
Sun Feb 23 15:53:18 2025 Cornballs (Red) [Headshot] HurryUpTomorrow (Blue)
Sun Feb 23 15:53:19 2025   picked up Blue's Intel.
Sun Feb 23 15:53:19 2025 [Global] Marshmello (Red): lol
Sun Feb 23 15:53:21 2025  Visit our community forums at https://aloha.pk/
Sun Feb 23 15:53:24 2025 crash joined Blue team
Sun Feb 23 15:53:25 2025 Alekos (Red) [SMG] /\ndrew (Blue)
Sun Feb 23 15:53:27 2025   (Red) [Grenade] HurryUpTomorrow (Blue)
Sun Feb 23 15:53:28 2025   dropped Blue's Intel
Sun Feb 23 15:53:28 2025 vdsz (Blue) [Headshot]   (Red)
Sun Feb 23 15:53:28 2025 Amir (Red) [Headshot] noob (Blue)
Sun Feb 23 15:53:29 2025 TNSPOL (Red) [Headshot] ale (Blue)
Sun Feb 23 15:53:30 2025 Pedro (Red) [Headshot] Frank (Blue)
Sun Feb 23 15:53:35 2025 [Global] noob (Blue): mad?
Sun Feb 23 15:53:37 2025 [Global] crash (Blue): damn blue you were so close :(
Sun Feb 23 15:53:42 2025 [Global] R (Red): idk
Sun Feb 23 15:53:42 2025 Marshmello picked up Blue's Intel.
Sun Feb 23 15:53:43 2025 Marshmello dropped Blue's Intel
Sun Feb 23 15:53:43 2025 vdsz (Blue) [Headshot] Marshmello (Red)
Sun Feb 23 15:53:46 2025 KillerPollo (Red) [SMG] Hucul_AAaaA (Blue)
Sun Feb 23 15:53:46 2025 [Global] R (Red): just surprised
Sun Feb 23 15:53:47 2025 laws of physics (Blue) [Headshot] Pedro (Red)
Sun Feb 23 15:53:50 2025 Amir (Red) [Headshot] crash (Blue)
Sun Feb 23 15:53:51 2025 laws of physics (Blue) [Headshot] Marshmello (Red)
Sun Feb 23 15:53:54 2025 Darkhammer picked up Blue's Intel.
Sun Feb 23 15:53:54 2025 [Global] Cornballs (Red): woke up and my ass hurt and theres a shemale making soupy in my kitchen
Sun Feb 23 15:53:55 2025 Player ale has left
Sun Feb 23 15:54:00 2025 [Global] Marshmello (Red): dont break bridge pls
Sun Feb 23 15:54:00 2025 HurryUpTomorrow (Blue) [Headshot] Amir (Red)
Sun Feb 23 15:54:00 2025 Pedro (Red) [Headshot] laws of physics (Blue)
Sun Feb 23 15:54:01 2025 Cornballs (Red) [Headshot] too much vodka (Blue)
Sun Feb 23 15:54:03 2025 vdsz (Blue) [Headshot] Cornballs (Red)
Sun Feb 23 15:54:03 2025 KillerPollo (Red) [SMG] too much vodka (Blue)
Sun Feb 23 15:54:04 2025 [Global] Marshmello (Red): lets skip the map
Sun Feb 23 15:54:04 2025 R (Red) [Headshot] Mysterion (Blue)
Sun Feb 23 15:54:06 2025 [Global] Cornballs (Red): yeye
Sun Feb 23 15:54:06 2025 Alekos (Red) [SMG] Wlady (Blue)
Sun Feb 23 15:54:11 2025 R (Red) [Shotgun] laws of physics (Blue)
Sun Feb 23 15:54:12 2025 crash (Blue) [Headshot] R (Red)
Sun Feb 23 15:54:13 2025 Frank (Blue) [SMG] Alekos (Red)
Sun Feb 23 15:54:13 2025 KillerPollo (Red) [SMG] crash (Blue)
Sun Feb 23 15:54:14 2025 [Global] Cornballs (Red):  /skip
Sun Feb 23 15:54:15 2025 Darkhammer captured Blue's Intel.
Sun Feb 23 15:54:17 2025 Amir (Red) [Headshot] HurryUpTomorrow (Blue)
Sun Feb 23 15:54:17 2025 noob (Blue) [Headshot] Amir (Red)
Sun Feb 23 15:54:17 2025 [Global] Marshmello (Red): lmao
Sun Feb 23 15:54:18 2025 KillerPollo (Red) [SMG] /\ndrew (Blue)
Sun Feb 23 15:54:18 2025   picked up Blue's Intel.
Sun Feb 23 15:54:19 2025 [Team] Alekos (Red): Assault in the middle is key
Sun Feb 23 15:54:19 2025 [Global] Marshmello (Red): that ez
Sun Feb 23 15:54:21 2025  Come chat with us at https://discord.aloha.pk/
Sun Feb 23 15:54:21 2025 TNSPOL (Red) [Weapon Change]
Sun Feb 23 15:54:26 2025 [Team] Alekos (Red): Every SMG in the middle NOW
Sun Feb 23 15:54:31 2025 R (Red) [Shotgun] noob (Blue)
Sun Feb 23 15:54:31 2025 Player HurryUpTomorrow has left
Sun Feb 23 15:54:33 2025 Pedro (Red) [Headshot] Hucul_AAaaA (Blue)
Sun Feb 23 15:54:38 2025 [Global] R (Red): not this time boy
Sun Feb 23 15:54:38 2025 Kongo joined Red team
Sun Feb 23 15:54:38 2025 Amir (Red) [SMG] Frank (Blue)
Sun Feb 23 15:54:41 2025 Player Frank has left
Sun Feb 23 15:54:45 2025 Hucul_AAaaA (Blue) [Headshot] Pedro (Red)
Sun Feb 23 15:54:46 2025 Cornballs (Red) [Headshot] too much vodka (Blue)
Sun Feb 23 15:54:47 2025 Cornballs (Red) [Headshot] laws of physics (Blue)
Sun Feb 23 15:54:47 2025 KillerPollo (Red) [Fall]
Sun Feb 23 15:54:48 2025 Cornballs (Red) [Headshot] Mysterion (Blue)
Sun Feb 23 15:54:49 2025   captured Blue's Intel.
Sun Feb 23 15:54:49 2025 Marshmello picked up Blue's Intel.
Sun Feb 23 15:54:49 2025 Alekos (Red) [Grenade] /\ndrew (Blue)
Sun Feb 23 15:54:51 2025 [Global] TNSPOL (Red): gg
Sun Feb 23 15:54:53 2025 crash (Blue) [Headshot] Alekos (Red)
Sun Feb 23 15:54:53 2025 [Global] Marshmello (Red): gg
Sun Feb 23 15:54:55 2025 [Global] R (Red): gg
Sun Feb 23 15:54:55 2025 laws of physics (Blue) [Headshot] Darkhammer (Red)
Sun Feb 23 15:54:56 2025 crash (Blue) [Headshot] Cornballs (Red)
Sun Feb 23 15:54:57 2025 [Global] Alekos (Red): Hahahahaha
Sun Feb 23 15:54:58 2025 [Global] KillerPollo (Red): end this rape
Sun Feb 23 15:54:58 2025 [Global] Cornballs (Red): fok
Sun Feb 23 15:55:02 2025 [Global] Cornballs (Red): gg
Sun Feb 23 15:55:03 2025 Amir (Red) [SMG] Mysterion (Blue)
Sun Feb 23 15:55:06 2025 Marshmello captured Blue's Intel.
Sun Feb 23 15:55:06 2025 Red Wins!
Sun Feb 23 15:55:06 2025  Game finished! Next map: abridgetoofar.
Sun Feb 23 15:55:08 2025 crash (Blue) [Headshot] KillerPollo (Red)
Sun Feb 23 15:55:08 2025 Hucul_AAaaA (Blue) [Headshot] TNSPOL (Red)
Sun Feb 23 15:55:08 2025   (Red) [Headshot] crash (Blue)
Sun Feb 23 15:55:09 2025 Kongo (Red) [Headshot] Mysterion (Blue)
Sun Feb 23 15:55:09 2025 Cornballs (Red) [Headshot] Hucul_AAaaA (Blue)
Sun Feb 23 15:55:09 2025   (Red) [Headshot] too much vodka (Blue)
Sun Feb 23 15:55:09 2025 laws of physics (Blue) [Rifle] Darkhammer (Red)
Sun Feb 23 15:55:10 2025 Pedro (Red) [SMG] Wlady (Blue)
Sun Feb 23 15:55:10 2025 [Global] Alekos (Red): Kill every swine
Sun Feb 23 15:55:11 2025 vdsz (Blue) [Grenade] Cornballs (Red)
Sun Feb 23 15:55:11 2025 R (Red) [Fall]
Sun Feb 23 15:55:11 2025 Amir (Red) [SMG] noob (Blue)
Sun Feb 23 15:55:11 2025 [Global] noob (Blue): gg
Sun Feb 23 15:55:11 2025 vdsz (Blue) [Rifle] Marshmello (Red)
Sun Feb 23 15:55:11 2025 vdsz (Blue) [Grenade] Kongo (Red)
Sun Feb 23 15:55:11 2025 noob (Blue) [Grenade] Harry (Red)
Sun Feb 23 15:55:12 2025 [Global] KillerPollo (Red): fuck blue
Sun Feb 23 15:55:12 2025 noob (Blue) [Grenade] Alekos (Red)
Sun Feb 23 15:55:12 2025 noob (Blue) [Grenade] Amir (Red)
Sun Feb 23 15:55:12 2025 vdsz (Blue) [Grenade] Pedro (Red)
Sun Feb 23 15:55:13 2025 Use /APOC to unleash the apocalypse.
Sun Feb 23 15:55:13 2025 Harry (Red) [Grenade] vdsz (Blue)
Sun Feb 23 15:55:13 2025 You must be closer to the enemy's base to grenade blocks!
Sun Feb 23 15:55:13 2025 Use /APOC to unleash the apocalypse.
Sun Feb 23 15:55:13 2025 Harry (Red) [Grenade] laws of physics (Blue)
Sun Feb 23 15:55:13 2025 You must be closer to the enemy's base to grenade blocks!
Sun Feb 23 15:55:14 2025 [Global] KillerPollo (Red): .i.
Sun Feb 23 15:55:14 2025 You must be closer to the enemy's base to grenade blocks!
Sun Feb 23 15:55:14 2025 /\ndrew (Blue) [SMG]   (Red)
Sun Feb 23 15:55:16 2025 [Global] Alekos (Red): gg
Sun Feb 23 15:55:16 2025 [Global] crash (Blue): spawn kill every swine
Sun Feb 23 15:55:17 2025 ------ World Unloaded ------
Sun Feb 23 15:55:20 2025 ------ World Loaded ------
Sun Feb 23 15:55:20 2025 Welcome to aloha.pk tower of babel
Sun Feb 23 15:55:20 2025 KillerPollo joined Red team
Sun Feb 23 15:55:20 2025 crash joined Red team
Sun Feb 23 15:55:20 2025 Cornballs joined Blue team
Sun Feb 23 15:55:20 2025 vdsz joined Blue team
Sun Feb 23 15:55:20 2025 /\ndrew joined Blue team
Sun Feb 23 15:55:20 2025 Disconnecting
