Fri Jan 31 15:26:57 2025 ------ World Loaded ------
Fri Jan 31 15:26:58 2025 Welcome to aloha.pk tower of babel
Fri Jan 31 15:26:58 2025 Misi (Blue) [Fall]
Fri Jan 31 15:26:59 2025 Map: Mirage by Lostmotel, suggestions by the aloha community
Fri Jan 31 15:27:01 2025 Game mode: babel
Fri Jan 31 15:27:01 2025 Misi (Blue) [Fall]
Fri Jan 31 15:27:01 2025 Yasmin (Red) [Fall]
Fri Jan 31 15:27:02 2025 TITAN - MoDeR (Blue) [Headshot] KissUrDad (Red)
Fri Jan 31 15:27:03 2025 Build a tower to get the enemy's intel. Take it to your team's tent to win!
Fri Jan 31 15:27:03 2025 Commander Green (Red) [Rifle] Lil Mago (Blue)
Fri Jan 31 15:27:05 2025 Commander Green (Red) [Rifle] PixelPizza (Blue)
Fri Jan 31 15:27:05 2025 Visit our community forum at https://aloha.pk/
Fri Jan 31 15:27:07 2025 Come chat with us at https://discord.aloha.pk/
Fri Jan 31 15:27:07 2025 Ribbed4Pleasure (Blue) [Melee] Commander Green (Red)
Fri Jan 31 15:27:08 2025 Y.O.B.A. (Red) [SMG] TITAN - MoDeR (Blue)
Fri Jan 31 15:27:10 2025 PJB joined Red team
Fri Jan 31 15:27:14 2025 Player PJB has left
Fri Jan 31 15:27:17 2025 Bizonho (Red) [Headshot] castorbr1354 (Blue)
Fri Jan 31 15:27:18 2025 Ribbed4Pleasure (Blue) [SMG] Ding (Red)
Fri Jan 31 15:27:18 2025 communist161 (Blue) [Fall]
Fri Jan 31 15:27:20 2025 [Team] Ding (Red): ribbed >
Fri Jan 31 15:27:28 2025 Ribbed4Pleasure (Blue) [Headshot] KissUrDad (Red)
Fri Jan 31 15:27:30 2025 Y.O.B.A. (Red) [Headshot] ├ÿ├ÿGeForce (Blue)
Fri Jan 31 15:27:35 2025 Player gumbo has left
Fri Jan 31 15:27:37 2025 Misi (Blue) [Fall]
Fri Jan 31 15:27:38 2025  If you believe a player is breaking the rules, please let us know with /ADMIN
Fri Jan 31 15:27:42 2025 TITAN - MoDeR (Blue) [Rifle] Y.O.B.A. (Red)
Fri Jan 31 15:27:47 2025 3X3=18 (Red) [Headshot] Lil Mago (Blue)
Fri Jan 31 15:27:47 2025 Ribbed4Pleasure (Blue) [SMG] Bizonho (Red)
Fri Jan 31 15:27:50 2025 TITAN - MoDeR (Blue) [Headshot] Ding (Red)
Fri Jan 31 15:27:52 2025 [Global] Ding (Red): hax
Fri Jan 31 15:27:56 2025 Ribbed4Pleasure (Blue) [Headshot] KissUrDad (Red)
Fri Jan 31 15:27:58 2025 Ribbed4Pleasure (Blue) [SMG] Commander Green (Red)
Fri Jan 31 15:27:59 2025 TITAN - MoDeR (Blue) [Headshot] XxNAIDER21xX (Red)
Fri Jan 31 15:28:02 2025 ├ÿ├ÿGeForce (Blue) [Weapon Change]
Fri Jan 31 15:28:06 2025 gumbo1 (Red) [Headshot] PixelPizza (Blue)
Fri Jan 31 15:28:06 2025 luis joined Blue team
Fri Jan 31 15:28:08 2025 TITAN - MoDeR (Blue) [Headshot] gumbo1 (Red)
Fri Jan 31 15:28:14 2025 Harry (Red) [Fall]
Fri Jan 31 15:28:20 2025 TITAN - MoDeR (Blue) [Headshot] XxNAIDER21xX (Red)
Fri Jan 31 15:28:21 2025 Misi (Blue) [Headshot] 3X3=18 (Red)
Fri Jan 31 15:28:22 2025 Ribbed4Pleasure (Blue) [Headshot] Bizonho (Red)
Fri Jan 31 15:28:23 2025 TITAN - MoDeR (Blue) [Headshot] Commander Green (Red)
Fri Jan 31 15:28:23 2025 Y.O.B.A. (Red) [SMG] TITAN - MoDeR (Blue)
Fri Jan 31 15:28:25 2025 Ribbed4Pleasure (Blue) [Headshot] KissUrDad (Red)
Fri Jan 31 15:28:33 2025 ├ÿ├ÿGeForce (Blue) [Headshot] Ding (Red)
Fri Jan 31 15:28:36 2025 Misi (Blue) [SMG] Y.O.B.A. (Red)
Fri Jan 31 15:28:37 2025 Ribbed4Pleasure (Blue) [Headshot] Harry (Red)
Fri Jan 31 15:28:38 2025  This server runs imger and glow. Use /IMG or /GLOW to toggle them.
Fri Jan 31 15:28:41 2025  PixelPizza has reached 1000 blocks placed! /heaven unlocked.
Fri Jan 31 15:28:41 2025 XxNAIDER21xX (Red) [Headshot] Ribbed4Pleasure (Blue)
Fri Jan 31 15:28:46 2025 TITAN - MoDeR (Blue) [Headshot] gumbo1 (Red)
Fri Jan 31 15:28:51 2025 ├ÿ├ÿGeForce (Blue) [SMG] 3X3=18 (Red)
Fri Jan 31 15:29:02 2025 Souppy joined Blue team
Fri Jan 31 15:29:03 2025 Commander Green (Red) [Fall]
Fri Jan 31 15:29:04 2025 [Global] gumbo1 (Red): thoes blue bitches must pay
Fri Jan 31 15:29:13 2025 TITAN - MoDeR (Blue) [Headshot] Y.O.B.A. (Red)
Fri Jan 31 15:29:20 2025 TITAN - MoDeR (Blue) [Headshot] gumbo1 (Red)
Fri Jan 31 15:29:29 2025 TITAN - MoDeR (Blue) [Headshot] Y.O.B.A. (Red)
Fri Jan 31 15:29:33 2025 TITAN - MoDeR (Blue) [Headshot] KissUrDad (Red)
Fri Jan 31 15:29:35 2025 [Team] Y.O.B.A. (Red): <<< moder
Fri Jan 31 15:29:38 2025  Use /EMOTE to draw an emote on the map!
Fri Jan 31 15:29:38 2025 TITAN - MoDeR (Blue) [Rifle] gumbo1 (Red)
Fri Jan 31 15:29:38 2025 3X3=18 (Red) [Melee] ├ÿ├ÿGeForce (Blue)
Fri Jan 31 15:29:42 2025 TITAN - MoDeR (Blue) [Rifle] XxNAIDER21xX (Red)
Fri Jan 31 15:29:44 2025 macro joined Red team
Fri Jan 31 15:29:44 2025 TITAN - MoDeR (Blue) [Headshot] Harry (Red)
Fri Jan 31 15:29:55 2025 XxNAIDER21xX (Red) [Weapon Change]
Fri Jan 31 15:29:55 2025 TITAN - MoDeR (Blue) [Headshot] Bizonho (Red)
Fri Jan 31 15:29:57 2025 TITAN - MoDeR (Blue) [Headshot] KissUrDad (Red)
Fri Jan 31 15:29:57 2025 [Team] Ding (Red): they are on top
Fri Jan 31 15:29:58 2025 TITAN - MoDeR (Blue) [Headshot] gumbo1 (Red)
Fri Jan 31 15:30:00 2025 Lil Mago (Blue) [Fall]
Fri Jan 31 15:30:01 2025 Y.O.B.A. (Red) [Headshot] TITAN - MoDeR (Blue)
Fri Jan 31 15:30:03 2025 Ribbed4Pleasure (Blue) [SMG] macro (Red)
Fri Jan 31 15:30:04 2025 Yasmin (Red) [SMG] Misi (Blue)
Fri Jan 31 15:30:08 2025 PixelPizza (Blue) [Headshot] Yasmin (Red)
Fri Jan 31 15:30:09 2025 Ding (Red) [Fall]
Fri Jan 31 15:30:16 2025 macro (Red) [Rifle] Souppy (Blue)
Fri Jan 31 15:30:19 2025 Y.O.B.A. (Red) [SMG] ├ÿ├ÿGeForce (Blue)
Fri Jan 31 15:30:21 2025 Ribbed4Pleasure (Blue) [SMG] Bizonho (Red)
Fri Jan 31 15:30:22 2025 Player ├ÿ├ÿGeForce has left
Fri Jan 31 15:30:26 2025 XxNAIDER21xX (Red) [Headshot] PixelPizza (Blue)
Fri Jan 31 15:30:27 2025 Ribbed4Pleasure (Blue) [SMG] XxNAIDER21xX (Red)
Fri Jan 31 15:30:30 2025 TITAN - MoDeR (Blue) [Rifle] KissUrDad (Red)
Fri Jan 31 15:30:33 2025 TITAN - MoDeR (Blue) [Headshot] 3X3=18 (Red)
Fri Jan 31 15:30:37 2025 Ribbed4Pleasure (Blue) [SMG] Harry (Red)
Fri Jan 31 15:30:38 2025  Use /HEAVEN to paint the babel platform!
Fri Jan 31 15:30:39 2025 Ribbed4Pleasure (Blue) [SMG] macro (Red)
Fri Jan 31 15:30:43 2025 TITAN - MoDeR (Blue) [Headshot] Yasmin (Red)
Fri Jan 31 15:30:44 2025 Ribbed4Pleasure (Blue) [SMG] gumbo1 (Red)
Fri Jan 31 15:30:44 2025 Bizonho (Red) [Headshot] Ribbed4Pleasure (Blue)
Fri Jan 31 15:30:45 2025 PixelPizza (Blue) [Headshot] Y.O.B.A. (Red)
Fri Jan 31 15:30:53 2025 Player Yasmin has left
Fri Jan 31 15:30:54 2025 TITAN - MoDeR (Blue) [Headshot] Bizonho (Red)
Fri Jan 31 15:31:03 2025 PixelPizza (Blue) [Headshot] Ding (Red)
Fri Jan 31 15:31:05 2025 Y.O.B.A. (Red) [Headshot] luis (Blue)
Fri Jan 31 15:31:08 2025 TITAN - MoDeR (Blue) [Headshot] Harry (Red)
Fri Jan 31 15:31:13 2025 TITAN - MoDeR (Blue) [Headshot] Bizonho (Red)
Fri Jan 31 15:31:14 2025 macro (Red) [Headshot] communist161 (Blue)
Fri Jan 31 15:31:15 2025 Ribbed4Pleasure (Blue) [Headshot] macro (Red)
Fri Jan 31 15:31:27 2025 TITAN - MoDeR (Blue) [Headshot] KissUrDad (Red)
Fri Jan 31 15:31:31 2025 XxNAIDER21xX (Red) [Headshot] Lil Mago (Blue)
Fri Jan 31 15:31:33 2025 TITAN - MoDeR (Blue) [Headshot] macro (Red)
Fri Jan 31 15:31:36 2025 TITAN - MoDeR (Blue) [Headshot] Y.O.B.A. (Red)
Fri Jan 31 15:31:38 2025  Get a 20 killstreak and 1 intel capture(s) to unlock /APOC!
Fri Jan 31 15:31:38 2025 Ding (Red) [SMG] PixelPizza (Blue)
Fri Jan 31 15:31:42 2025 [Team] Y.O.B.A. (Red): >> moder
Fri Jan 31 15:31:48 2025 TITAN - MoDeR (Blue) [Headshot] Commander Green (Red)
Fri Jan 31 15:31:51 2025 Harry (Red) [Rifle] Ribbed4Pleasure (Blue)
Fri Jan 31 15:31:54 2025 PixelPizza (Blue) [Rifle] gumbo1 (Red)
Fri Jan 31 15:31:54 2025 TITAN - MoDeR (Blue) [Headshot] KissUrDad (Red)
Fri Jan 31 15:31:55 2025 TITAN - MoDeR (Blue) [Headshot] Ding (Red)
Fri Jan 31 15:31:56 2025 Player Lil Mago has left
Fri Jan 31 15:31:58 2025 Harry (Red) [Headshot] castorbr1354 (Blue)
Fri Jan 31 15:31:59 2025 [Team] Ding (Red): he in the bottom
Fri Jan 31 15:32:03 2025 Player luis has left
Fri Jan 31 15:32:04 2025 TITAN - MoDeR (Blue) [Headshot] macro (Red)
Fri Jan 31 15:32:11 2025  communist161 has reached 1000 blocks placed! /heaven unlocked.
Fri Jan 31 15:32:14 2025 Ding (Red) [SMG] TITAN - MoDeR (Blue)
Fri Jan 31 15:32:17 2025 [Global] Ding (Red): bad moder
Fri Jan 31 15:32:20 2025 [Global] TITAN - MoDeR (Blue): :(
Fri Jan 31 15:32:23 2025 PixelPizza (Blue) [Rifle] Bizonho (Red)
Fri Jan 31 15:32:24 2025 PixelPizza (Blue) [Rifle] Harry (Red)
Fri Jan 31 15:32:28 2025 Y.O.B.A. (Red) [SMG] PixelPizza (Blue)
Fri Jan 31 15:32:29 2025 Ribbed4Pleasure (Blue) [SMG] Commander Green (Red)
Fri Jan 31 15:32:38 2025  Capture your team's 5th intel to unlock /APOC for your team's best builder!
Fri Jan 31 15:32:38 2025 TITAN - MoDeR (Blue) [Headshot] Ding (Red)
Fri Jan 31 15:32:39 2025 TITAN - MoDeR (Blue) [Headshot] gumbo1 (Red)
Fri Jan 31 15:32:41 2025 TITAN - MoDeR (Blue) [Headshot] KissUrDad (Red)
Fri Jan 31 15:32:42 2025 [Team] Ding (Red): mdoer mid one <
Fri Jan 31 15:32:47 2025 Ribbed4Pleasure (Blue) [Grenade] macro (Red)
Fri Jan 31 15:32:48 2025 TITAN - MoDeR (Blue) [Headshot] Bizonho (Red)
Fri Jan 31 15:32:53 2025 gumbo1 (Red) [Headshot] castorbr1354 (Blue)
Fri Jan 31 15:32:53 2025 Ribbed4Pleasure (Blue) [SMG] gumbo1 (Red)
Fri Jan 31 15:32:57 2025 Harry (Red) [Headshot] Ribbed4Pleasure (Blue)
Fri Jan 31 15:33:02 2025 TITAN - MoDeR (Blue) [Headshot] Harry (Red)
Fri Jan 31 15:33:10 2025 PixelPizza (Blue) [Rifle] Y.O.B.A. (Red)
Fri Jan 31 15:33:10 2025 TITAN - MoDeR (Blue) [Headshot] Harry (Red)
Fri Jan 31 15:33:26 2025 KissUrDad (Red) [Fall]
Fri Jan 31 15:33:28 2025 TITAN - MoDeR (Blue) [Headshot] Harry (Red)
Fri Jan 31 15:33:34 2025 Salvaturro joined Blue team
Fri Jan 31 15:33:35 2025 Ribbed4Pleasure (Blue) [SMG] Commander Green (Red)
Fri Jan 31 15:33:38 2025  Mahalo for playing aloha.pk tower of babel
Fri Jan 31 15:33:38 2025 TITAN - MoDeR (Blue) [Headshot] 3X3=18 (Red)
Fri Jan 31 15:33:40 2025 Bizonho (Red) [Headshot] Ribbed4Pleasure (Blue)
Fri Jan 31 15:33:44 2025 communist161 picked up Red's Intel.
Fri Jan 31 15:33:44 2025 Harry (Red) [Headshot] TITAN - MoDeR (Blue)
Fri Jan 31 15:33:45 2025 PixelPizza (Blue) [Rifle] Bizonho (Red)
Fri Jan 31 15:33:57 2025 Misi (Blue) [SMG] KissUrDad (Red)
Fri Jan 31 15:34:00 2025 Y.O.B.A. (Red) [SMG] Misi (Blue)
Fri Jan 31 15:34:07 2025 communist161 captured Red's Intel.
Fri Jan 31 15:34:12 2025 TITAN - MoDeR (Blue) [Headshot] Y.O.B.A. (Red)
Fri Jan 31 15:34:12 2025 gumbo1 (Red) [Rifle]
Fri Jan 31 15:34:13 2025 TITAN - MoDeR (Blue) [Headshot] Bizonho (Red)
Fri Jan 31 15:34:16 2025 Harry (Red) [Rifle] PixelPizza (Blue)
Fri Jan 31 15:34:22 2025 Ribbed4Pleasure (Blue) [Grenade] Harry (Red)
Fri Jan 31 15:34:23 2025 Player 3X3=18 has left
Fri Jan 31 15:34:24 2025 Ribbed4Pleasure (Blue) [Headshot] Commander Green (Red)
Fri Jan 31 15:34:26 2025 Bizonho (Red) [Headshot] castorbr1354 (Blue)
Fri Jan 31 15:34:32 2025 Misi (Blue) [Fall]
Fri Jan 31 15:34:38 2025  Build a tower to get the enemy's intel. Take it to your team's tent to win!
Fri Jan 31 15:34:38 2025 TITAN - MoDeR (Blue) [Headshot] gumbo1 (Red)
Fri Jan 31 15:34:42 2025 Ribbed4Pleasure (Blue) [SMG] Y.O.B.A. (Red)
Fri Jan 31 15:34:43 2025 Ribbed4Pleasure (Blue) [Headshot] KissUrDad (Red)
Fri Jan 31 15:34:44 2025 Harry (Red) [Headshot] communist161 (Blue)
Fri Jan 31 15:34:47 2025 Harry (Red) [Headshot] Ribbed4Pleasure (Blue)
Fri Jan 31 15:34:48 2025 Ribbed4Pleasure (Blue) [Grenade] Commander Green (Red)
Fri Jan 31 15:34:50 2025 Bizonho (Red) [Rifle] TITAN - MoDeR (Blue)
Fri Jan 31 15:34:52 2025 [Team] Y.O.B.A. (Red): on top of red stairs
Fri Jan 31 15:34:52 2025 macro (Red) [Headshot] Ribbed4Pleasure (Blue)
Fri Jan 31 15:34:53 2025 macro (Red) [Headshot] communist161 (Blue)
Fri Jan 31 15:34:53 2025 [Global] Ribbed4Pleasure (Blue): noobed
Fri Jan 31 15:34:54 2025 TITAN - MoDeR (Blue) [Headshot] macro (Red)
Fri Jan 31 15:34:54 2025 Player KissUrDad has left
Fri Jan 31 15:35:11 2025 JasonJackGMS joined Blue team
Fri Jan 31 15:35:14 2025 TITAN - MoDeR (Blue) [Headshot] gumbo1 (Red)
Fri Jan 31 15:35:27 2025 macro (Red) [Headshot] castorbr1354 (Blue)
Fri Jan 31 15:35:32 2025 Ribbed4Pleasure (Blue) [SMG] Harry (Red)
Fri Jan 31 15:35:35 2025 [Global] gumbo1 (Red): I hate those blue bozos
Fri Jan 31 15:35:37 2025 JasonJackGMS picked up Red's Intel.
Fri Jan 31 15:35:38 2025  Type /HELP for info & commands
Fri Jan 31 15:35:39 2025 Misi (Blue) [SMG] macro (Red)
Fri Jan 31 15:35:39 2025 Ribbed4Pleasure (Blue) [SMG] Y.O.B.A. (Red)
Fri Jan 31 15:35:41 2025 Player macro has left
Fri Jan 31 15:35:48 2025 Bizonho (Red) [Rifle] PixelPizza (Blue)
Fri Jan 31 15:35:50 2025 Harry (Red) [Rifle] Misi (Blue)
Fri Jan 31 15:35:52 2025 Bizonho (Red) [Headshot] Souppy (Blue)
Fri Jan 31 15:35:53 2025 [Team] Y.O.B.A. (Red): TOWER
Fri Jan 31 15:36:00 2025 [Team] Y.O.B.A. (Red): front! 
Fri Jan 31 15:36:00 2025 Harry (Red) [Headshot] communist161 (Blue)
Fri Jan 31 15:36:01 2025 castorbr1354 (Blue) [Fall]
Fri Jan 31 15:36:15 2025 PixelPizza (Blue) [Headshot] gumbo1 (Red)
Fri Jan 31 15:36:16 2025 JasonJackGMS captured Red's Intel.
Fri Jan 31 15:36:17 2025 TITAN - MoDeR (Blue) [Melee] XxNAIDER21xX (Red)
Fri Jan 31 15:36:21 2025 You must be closer to the enemy's base to shoot blocks!
Fri Jan 31 15:36:22 2025 Misi (Blue) [Headshot] Harry (Red)
Fri Jan 31 15:36:24 2025 TITAN - MoDeR (Blue) [Headshot] Bizonho (Red)
Fri Jan 31 15:36:25 2025 Y.O.B.A. (Red) [SMG] Ribbed4Pleasure (Blue)
Fri Jan 31 15:36:29 2025 [Global] Ribbed4Pleasure (Blue): rude
Fri Jan 31 15:36:38 2025  Visit our community forums at https://aloha.pk/
Fri Jan 31 15:36:38 2025 JasonJackGMS picked up Red's Intel.
Fri Jan 31 15:36:39 2025 Y.O.B.A. (Red) [Fall]
Fri Jan 31 15:36:48 2025 gumbo1 (Red) [Rifle]
Fri Jan 31 15:36:49 2025 TITAN - MoDeR (Blue) [Headshot] XxNAIDER21xX (Red)
Fri Jan 31 15:36:51 2025 Harry (Red) [Headshot] PixelPizza (Blue)
Fri Jan 31 15:36:55 2025 JasonJackGMS captured Red's Intel.
Fri Jan 31 15:36:59 2025 castorbr1354 picked up Red's Intel.
Fri Jan 31 15:37:02 2025 [Global] Misi (Blue): problem?
Fri Jan 31 15:37:02 2025 Ribbed4Pleasure (Blue) [Grenade] Harry (Red)
Fri Jan 31 15:37:03 2025 Ribbed4Pleasure (Blue) [Grenade] Commander Green (Red)
Fri Jan 31 15:37:03 2025 Ribbed4Pleasure (Blue) [Grenade] Bizonho (Red)
Fri Jan 31 15:37:09 2025 TITAN - MoDeR (Blue) [Headshot] Bizonho (Red)
Fri Jan 31 15:37:09 2025 TITAN - MoDeR (Blue) [Headshot] Harry (Red)
Fri Jan 31 15:37:10 2025 TITAN - MoDeR (Blue) [Headshot] Commander Green (Red)
Fri Jan 31 15:37:11 2025 Ribbed4Pleasure (Blue) [Headshot] XxNAIDER21xX (Red)
Fri Jan 31 15:37:14 2025 TITAN - MoDeR (Blue) [Headshot] Y.O.B.A. (Red)
Fri Jan 31 15:37:16 2025 TITAN - MoDeR (Blue) [Headshot] gumbo1 (Red)
Fri Jan 31 15:37:17 2025 MAXMAX1 joined Red team
Fri Jan 31 15:37:18 2025 castorbr1354 captured Red's Intel.
Fri Jan 31 15:37:19 2025 TITAN - MoDeR (Blue) [Headshot] XxNAIDER21xX (Red)
Fri Jan 31 15:37:19 2025 JasonJackGMS picked up Red's Intel.
Fri Jan 31 15:37:25 2025 You must be closer to the enemy's base to shoot blocks!
Fri Jan 31 15:37:27 2025 Bizonho (Red) [Headshot] TITAN - MoDeR (Blue)
Fri Jan 31 15:37:36 2025  With 1931 blocks placed, communist161 is granted the right to unleash the apocalypse.
Fri Jan 31 15:37:36 2025 JasonJackGMS captured Red's Intel.
Fri Jan 31 15:37:38 2025  Come chat with us at https://discord.aloha.pk/
Fri Jan 31 15:37:41 2025 castorbr1354 picked up Red's Intel.
Fri Jan 31 15:37:43 2025 Y.O.B.A. (Red) [Headshot] Misi (Blue)
Fri Jan 31 15:37:51 2025 luis joined Blue team
Fri Jan 31 15:37:53 2025 Commander Green (Red) [Headshot] Ribbed4Pleasure (Blue)
Fri Jan 31 15:37:55 2025 TITAN - MoDeR (Blue) [Headshot] Y.O.B.A. (Red)
Fri Jan 31 15:37:58 2025 [Global] Ribbed4Pleasure (Blue): lagging again
Fri Jan 31 15:38:01 2025 castorbr1354 captured Red's Intel.
Fri Jan 31 15:38:01 2025 JasonJackGMS picked up Red's Intel.
Fri Jan 31 15:38:09 2025 Harry (Red) [Fall]
Fri Jan 31 15:38:11 2025 TITAN - MoDeR (Blue) [Rifle] Commander Green (Red)
Fri Jan 31 15:38:18 2025 JasonJackGMS captured Red's Intel.
Fri Jan 31 15:38:20 2025 Harry (Red) [Headshot] Salvaturro (Blue)
Fri Jan 31 15:38:21 2025 Bizonho (Red) [Headshot] castorbr1354 (Blue)
Fri Jan 31 15:38:22 2025 TITAN - MoDeR (Blue) [Headshot] gumbo1 (Red)
Fri Jan 31 15:38:22 2025 MAXMAX1 (Red) [Headshot] TITAN - MoDeR (Blue)
Fri Jan 31 15:38:24 2025 Harry (Red) [Headshot] Misi (Blue)
Fri Jan 31 15:38:30 2025 Ribbed4Pleasure (Blue) [SMG] Bizonho (Red)
Fri Jan 31 15:38:33 2025 Ribbed4Pleasure picked up Red's Intel.
Fri Jan 31 15:38:38 2025  If you believe a player is breaking the rules, please let us know with /ADMIN
Fri Jan 31 15:38:43 2025 MAXMAX1 (Red) [SMG]
Fri Jan 31 15:38:44 2025 Harry (Red) [Headshot] luis (Blue)
Fri Jan 31 15:38:46 2025 Misi (Blue) [Headshot] Harry (Red)
Fri Jan 31 15:38:48 2025 TITAN - MoDeR (Blue) [Headshot] Y.O.B.A. (Red)
Fri Jan 31 15:38:50 2025 Ribbed4Pleasure captured Red's Intel.
Fri Jan 31 15:38:50 2025 JasonJackGMS picked up Red's Intel.
Fri Jan 31 15:38:51 2025 Player Commander Green has left
Fri Jan 31 15:39:04 2025 Bizonho (Red) [Headshot] communist161 (Blue)
Fri Jan 31 15:39:06 2025 castorbr1354 (Blue) [Headshot] Bizonho (Red)
Fri Jan 31 15:39:08 2025 Y.O.B.A. (Red) [SMG] Misi (Blue)
Fri Jan 31 15:39:20 2025 Harry (Red) [Fall]
Fri Jan 31 15:39:21 2025 Ribbed4Pleasure (Blue) [Fall]
Fri Jan 31 15:39:22 2025 [Global] Ribbed4Pleasure (Blue): lag
Fri Jan 31 15:39:22 2025 TITAN - MoDeR (Blue) [Headshot] Y.O.B.A. (Red)
Fri Jan 31 15:39:22 2025 castorbr1354 (Blue) [Headshot] MAXMAX1 (Red)
Fri Jan 31 15:39:24 2025 [Global] Ribbed4Pleasure (Blue): ffs
Fri Jan 31 15:39:26 2025 [Team] Y.O.B.A. (Red): >>>>>
Fri Jan 31 15:39:29 2025 TITAN - MoDeR (Blue) [Grenade] Y.O.B.A. (Red)
Fri Jan 31 15:39:33 2025 JasonJackGMS captured Red's Intel.
Fri Jan 31 15:39:37 2025 Harry (Red) [Headshot] TITAN - MoDeR (Blue)
Fri Jan 31 15:39:38 2025  This server runs imger and glow. Use /IMG or /GLOW to toggle them.
Fri Jan 31 15:39:46 2025 Harry (Red) [Headshot] castorbr1354 (Blue)
Fri Jan 31 15:39:47 2025 Misi (Blue) [Grenade] Bizonho (Red)
Fri Jan 31 15:39:47 2025 Harry (Red) [Headshot] Misi (Blue)
Fri Jan 31 15:39:53 2025 communist161 (Blue) [SMG] Harry (Red)
Fri Jan 31 15:39:54 2025 JasonJackGMS picked up Red's Intel.
Fri Jan 31 15:40:07 2025 TITAN - MoDeR (Blue) [Headshot] Y.O.B.A. (Red)
Fri Jan 31 15:40:08 2025 JasonJackGMS (Blue) [Grenade] Bizonho (Red)
Fri Jan 31 15:40:24 2025 TITAN - MoDeR (Blue) [Melee] gumbo1 (Red)
Fri Jan 31 15:40:27 2025 luis (Blue) [Headshot] Ding (Red)
Fri Jan 31 15:40:30 2025 JasonJackGMS captured Red's Intel.
Fri Jan 31 15:40:30 2025 Blue Wins!
Fri Jan 31 15:40:30 2025  Game finished! Next map: ChristmasPinpoint.
Fri Jan 31 15:40:31 2025 TITAN - MoDeR (Blue) [Headshot] Bizonho (Red)
Fri Jan 31 15:40:31 2025 TITAN - MoDeR (Blue) [Headshot] Ding (Red)
Fri Jan 31 15:40:31 2025 communist161 (Blue) [Headshot] MAXMAX1 (Red)
Fri Jan 31 15:40:31 2025 Harry (Red) [Headshot] Ribbed4Pleasure (Blue)
Fri Jan 31 15:40:31 2025 communist161 (Blue) [SMG] MAXMAX1 (Red)
Fri Jan 31 15:40:32 2025 Ribbed4Pleasure (Blue) [Grenade] XxNAIDER21xX (Red)
Fri Jan 31 15:40:32 2025 Ribbed4Pleasure (Blue) [Grenade] Harry (Red)
Fri Jan 31 15:40:32 2025 TITAN - MoDeR (Blue) [Headshot] Y.O.B.A. (Red)
Fri Jan 31 15:40:33 2025 Misi (Blue) [Headshot] gumbo1 (Red)
Fri Jan 31 15:40:33 2025 Misi (Blue) [Headshot] gumbo1 (Red)
Fri Jan 31 15:40:36 2025 PixelPizza (Blue) [Fall]
Fri Jan 31 15:40:37 2025 [Global] not a burner (): nooooooooooooo
Fri Jan 31 15:40:38 2025  Use /EMOTE to draw an emote on the map!
Fri Jan 31 15:40:38 2025 [Global] Misi (Blue): gg
Fri Jan 31 15:40:39 2025 JasonJackGMS picked up Red's Intel.
Fri Jan 31 15:40:39 2025 Player TITAN - MoDeR has left
Fri Jan 31 15:40:40 2025 [Global] not a burner (): christma
Fri Jan 31 15:40:40 2025 ------ World Unloaded ------
Fri Jan 31 15:40:41 2025 ------ World Loaded ------
Fri Jan 31 15:40:41 2025 Welcome to aloha.pk tower of babel
Fri Jan 31 15:40:41 2025 not a burner joined Spectator team
Fri Jan 31 15:40:42 2025 XxNAIDER21xX joined Red team
Fri Jan 31 15:40:43 2025 Map: christmas by Team R3S and co- Massilia - Goneskill
Fri Jan 31 15:40:43 2025 Ribbed4Pleasure joined Spectator team
Fri Jan 31 15:40:44 2025 Misi joined Blue team
Fri Jan 31 15:40:45 2025 Game mode: babel
Fri Jan 31 15:40:45 2025 Elprosaso joined Red team
Fri Jan 31 15:40:45 2025 PixelPizza joined Spectator team
Fri Jan 31 15:40:47 2025 Build a tower to get the enemy's intel. Take it to your team's tent to win!
Fri Jan 31 15:40:47 2025 Disconnecting
