Mon Mar 17 11:59:37 2025 ------ World Loaded ------
Mon Mar 17 11:59:37 2025 Strelok;.''2;;~ (Blue) [SMG] Nick (Red)
Mon Mar 17 11:59:37 2025 Welcome to aloha.pk tower of babel
Mon Mar 17 11:59:38 2025 Map: UkrainianVillage by HiBreck_
Mon Mar 17 11:59:39 2025 kkiing (Blue) [Headshot] Bread Orc (Red)
Mon Mar 17 11:59:40 2025 Nick (Red) [Weapon Change]
Mon Mar 17 11:59:40 2025 aksel joined Blue team
Mon Mar 17 11:59:40 2025 Game mode: babel
Mon Mar 17 11:59:42 2025 bwww12 (Red) [Rifle] deogen (Blue)
Mon Mar 17 11:59:42 2025 Build a tower to get the enemy's intel. Take it to your team's tent to win!
Mon Mar 17 11:59:43 2025 . picked up Blue's Intel.
Mon Mar 17 11:59:44 2025 Visit our community forum at https://aloha.pk/
Mon Mar 17 11:59:46 2025 Come chat with us at https://discord.aloha.pk/
Mon Mar 17 11:59:48 2025 RemuS (Red) [SMG] kkiing (Blue)
Mon Mar 17 11:59:48 2025 deogen (Blue) [Fall]
Mon Mar 17 11:59:48 2025 kkiing (Blue) [Fall]
Mon Mar 17 11:59:48 2025 Bread Orc (Red) [Fall]
Mon Mar 17 11:59:48 2025 Nick (Red) [Fall]
Mon Mar 17 11:59:52 2025 Strelok;.''2;;~ (Blue) [Melee] Lil Mago (Red)
Mon Mar 17 11:59:54 2025 elgord0tet0n (Red) [Headshot] crack (Blue)
Mon Mar 17 11:59:55 2025 RemuS (Red) [SMG] JUAN117 (Blue)
Mon Mar 17 11:59:59 2025 bwww12 (Red) [Headshot] kkiing (Blue)
Mon Mar 17 11:59:59 2025 Player JUAN117 has left
Mon Mar 17 12:00:04 2025  Visit our community forums at https://aloha.pk/
Mon Mar 17 12:00:07 2025 bwww12 (Red) [Headshot] crack (Blue)
Mon Mar 17 12:00:08 2025 iusearchbtw (Red) [Headshot] Strelok;.''2;;~ (Blue)
Mon Mar 17 12:00:10 2025 [Global] Harry (Red): Harry reporting for duty
Mon Mar 17 12:00:13 2025 RemuS (Red) [SMG] Martin (Blue)
Mon Mar 17 12:00:19 2025 Lil Mago (Red) [Headshot] kkiing (Blue)
Mon Mar 17 12:00:25 2025 bwww12 (Red) [Fall]
Mon Mar 17 12:00:27 2025 reagon (Red) [Headshot] deogen (Blue)
Mon Mar 17 12:00:27 2025 Martin (Blue) [Headshot] reagon (Red)
Mon Mar 17 12:00:27 2025 Strelok;.''2;;~ (Blue) [SMG] RemuS (Red)
Mon Mar 17 12:00:42 2025 Strelok;.''2;;~ (Blue) [Headshot] Lil Mago (Red)
Mon Mar 17 12:00:43 2025 reagon (Red) [Headshot] crack (Blue)
Mon Mar 17 12:00:45 2025 Strelok;.''2;;~ (Blue) [SMG] Nick (Red)
Mon Mar 17 12:00:49 2025 Harry (Red) [Headshot] kkiing (Blue)
Mon Mar 17 12:00:49 2025 Nick (Red) [Weapon Change]
Mon Mar 17 12:00:57 2025 deogen (Blue) [SMG] Bread Orc (Red)
Mon Mar 17 12:00:59 2025 Strelok;.''2;;~ (Blue) [SMG] reagon (Red)
Mon Mar 17 12:01:00 2025 [Global] Bread Orc (Red): lel
Mon Mar 17 12:01:04 2025  Come chat with us at https://discord.aloha.pk/
Mon Mar 17 12:01:06 2025 [Global] Bread Orc (Red): bye tower
Mon Mar 17 12:01:07 2025 Strelok;.''2;;~ (Blue) [SMG] Lil Mago (Red)
Mon Mar 17 12:01:13 2025 bwww12 (Red) [Headshot] deogen (Blue)
Mon Mar 17 12:01:13 2025 kkiing (Blue) [Headshot] Harry (Red)
Mon Mar 17 12:01:14 2025 Strelok;.''2;;~ (Blue) [Headshot] reagon (Red)
Mon Mar 17 12:01:19 2025 Strelok;.''2;;~ (Blue) [Headshot] Nick (Red)
Mon Mar 17 12:01:21 2025 Strelok;.''2;;~ (Blue) [SMG] Bread Orc (Red)
Mon Mar 17 12:01:26 2025 Player deogen has left
Mon Mar 17 12:01:27 2025 Harry (Red) [Headshot] aksel (Blue)
Mon Mar 17 12:01:29 2025 iusearchbtw (Red) [Headshot] Strelok;.''2;;~ (Blue)
Mon Mar 17 12:01:31 2025 Harry (Red) [Team Change]
Mon Mar 17 12:01:37 2025 [Global] Strelok;.''2;;~ (Blue): arch I found u
Mon Mar 17 12:01:39 2025 Player aksel has left
Mon Mar 17 12:01:41 2025 elgord0tet0n (Red) [Headshot] crack (Blue)
Mon Mar 17 12:01:41 2025 Special One joined Blue team
Mon Mar 17 12:01:43 2025 [Global] Strelok;.''2;;~ (Blue): moving in
Mon Mar 17 12:01:47 2025 i will try (Blue) [Weapon Change]
Mon Mar 17 12:01:48 2025 deogen joined Blue team
Mon Mar 17 12:01:51 2025 bwww12 (Red) [Rifle] Strelok;.''2;;~ (Blue)
Mon Mar 17 12:01:51 2025 Martin (Blue) [Headshot] RemuS (Red)
Mon Mar 17 12:01:54 2025 aksel joined Blue team
Mon Mar 17 12:01:55 2025 . dropped Blue's Intel
Mon Mar 17 12:01:55 2025  The intel has returned to the heavens
Mon Mar 17 12:01:55 2025 Martin (Blue) [Headshot] . (Red)
Mon Mar 17 12:02:01 2025 reagon (Red) [SMG] Special One (Blue)
Mon Mar 17 12:02:03 2025 Martin (Blue) [SMG] RemuS (Red)
Mon Mar 17 12:02:04 2025  If you believe a player is breaking the rules, please let us know with /ADMIN
Mon Mar 17 12:02:05 2025 Nick picked up Blue's Intel.
Mon Mar 17 12:02:06 2025 Martin (Blue) [Headshot] . (Red)
Mon Mar 17 12:02:07 2025 Strelok;.''2;;~ (Blue) [Headshot] reagon (Red)
Mon Mar 17 12:02:13 2025 Strelok;.''2;;~ (Blue) [SMG] Lil Mago (Red)
Mon Mar 17 12:02:16 2025 [Global] iusearchbtw (Red): https://archlinux.org/download/
Mon Mar 17 12:02:18 2025 crack (Blue) [Shotgun] Bread Orc (Red)
Mon Mar 17 12:02:21 2025 Martin (Blue) [SMG] reagon (Red)
Mon Mar 17 12:02:21 2025 bwww12 (Red) [Headshot] aksel (Blue)
Mon Mar 17 12:02:21 2025 elgord0tet0n (Red) [Headshot] kkiing (Blue)
Mon Mar 17 12:02:24 2025 RemuS (Red) [Grenade] Martin (Blue)
Mon Mar 17 12:02:24 2025 [Global] Strelok;.''2;;~ (Blue): im  on gentoo
Mon Mar 17 12:02:26 2025 crack (Blue) [Shotgun] elgord0tet0n (Red)
Mon Mar 17 12:02:29 2025 bwww12 (Red) [Rifle] Strelok;.''2;;~ (Blue)
Mon Mar 17 12:02:30 2025 [Global] iusearchbtw (Red): me too
Mon Mar 17 12:02:41 2025 [Global] Strelok;.''2;;~ (Blue): fuck bwww12 where were u
Mon Mar 17 12:02:43 2025 [Global] Strelok;.''2;;~ (Blue): i didnt see
Mon Mar 17 12:02:47 2025 [Global] Lil Mago (Red): im jus a debian peasant
Mon Mar 17 12:02:50 2025 Nick dropped Blue's Intel
Mon Mar 17 12:02:50 2025 Strelok;.''2;;~ (Blue) [SMG] Nick (Red)
Mon Mar 17 12:02:54 2025 elgord0tet0n (Red) [Shotgun] crack (Blue)
Mon Mar 17 12:02:54 2025 . picked up Blue's Intel.
Mon Mar 17 12:03:03 2025 reagon (Red) [Headshot] Strelok;.''2;;~ (Blue)
Mon Mar 17 12:03:04 2025  This server runs imger and glow. Use /IMG or /GLOW to toggle them.
Mon Mar 17 12:03:04 2025 reagon (Red) [Headshot] aksel (Blue)
Mon Mar 17 12:03:06 2025 RemuS (Red) [Headshot] kkiing (Blue)
Mon Mar 17 12:03:08 2025 RemuS (Red) [Headshot] Harry (Blue)
Mon Mar 17 12:03:09 2025 deogen (Blue) [Headshot] bwww12 (Red)
Mon Mar 17 12:03:17 2025 Player aksel has left
Mon Mar 17 12:03:22 2025 . captured Blue's Intel.
Mon Mar 17 12:03:22 2025 Strelok;.''2;;~ (Blue) [Headshot] RemuS (Red)
Mon Mar 17 12:03:23 2025 Strelok;.''2;;~ (Blue) [SMG] reagon (Red)
Mon Mar 17 12:03:28 2025 Bread Orc (Red) [Headshot] Special One (Blue)
Mon Mar 17 12:03:28 2025 Martin (Blue) [Headshot] bwww12 (Red)
Mon Mar 17 12:03:47 2025 . picked up Blue's Intel.
Mon Mar 17 12:03:48 2025 Nick (Red) [Headshot] Strelok;.''2;;~ (Blue)
Mon Mar 17 12:03:49 2025 crack (Blue) [Shotgun] elgord0tet0n (Red)
Mon Mar 17 12:03:54 2025 Bread Orc (Red) [Headshot] i will try (Blue)
Mon Mar 17 12:03:56 2025 reagon (Red) [Headshot] Special One (Blue)
Mon Mar 17 12:03:57 2025 . dropped Blue's Intel
Mon Mar 17 12:03:57 2025  The intel has returned to the heavens
Mon Mar 17 12:03:57 2025 deogen (Blue) [Headshot] . (Red)
Mon Mar 17 12:04:01 2025 Strelok;.''2;;~ (Blue) [Headshot] reagon (Red)
Mon Mar 17 12:04:04 2025  Use /EMOTE to draw an emote on the map!
Mon Mar 17 12:04:06 2025 Special One (Blue) [Weapon Change]
Mon Mar 17 12:04:08 2025 bwww12 (Red) [Headshot] Martin (Blue)
Mon Mar 17 12:04:08 2025 Nick (Red) [Headshot] kkiing (Blue)
Mon Mar 17 12:04:11 2025 Strelok;.''2;;~ (Blue) [SMG] Nick (Red)
Mon Mar 17 12:04:12 2025 [Global] Bread Orc (Red): blue is sleep playing
Mon Mar 17 12:04:14 2025 Lil Mago (Red) [Headshot] Harry (Blue)
Mon Mar 17 12:04:15 2025 RemuS (Red) [Headshot] deogen (Blue)
Mon Mar 17 12:04:16 2025 reagon (Red) [SMG] crack (Blue)
Mon Mar 17 12:04:20 2025 . picked up Blue's Intel.
Mon Mar 17 12:04:23 2025 Strelok;.''2;;~ (Blue) [Headshot] Bread Orc (Red)
Mon Mar 17 12:04:23 2025 [Global] deogen (Blue): my team is retarded
Mon Mar 17 12:04:30 2025 [Global] Strelok;.''2;;~ (Blue): im just shooting for funa
Mon Mar 17 12:04:33 2025 Strelok;.''2;;~ (Blue) [Headshot] bwww12 (Red)
Mon Mar 17 12:04:37 2025 [Global] Bread Orc (Red): futa?
Mon Mar 17 12:04:37 2025 Strelok;.''2;;~ (Blue) [SMG] Nick (Red)
Mon Mar 17 12:04:38 2025 Harry (Blue) [Headshot] RemuS (Red)
Mon Mar 17 12:04:42 2025 Strelok;.''2;;~ (Blue) [Headshot] bwww12 (Red)
Mon Mar 17 12:04:45 2025 . captured Blue's Intel.
Mon Mar 17 12:04:45 2025 Red Wins!
Mon Mar 17 12:04:45 2025  Game finished! Next map: PineCity.
Mon Mar 17 12:04:46 2025 RemuS (Red) [SMG] crack (Blue)
Mon Mar 17 12:04:46 2025 reagon (Red) [SMG] crack (Blue)
Mon Mar 17 12:04:47 2025 reagon (Red) [Headshot] Special One (Blue)
Mon Mar 17 12:04:47 2025 Martin (Blue) [SMG] Nick (Red)
Mon Mar 17 12:04:47 2025 RemuS (Red) [SMG] deogen (Blue)
Mon Mar 17 12:04:47 2025 Harry (Blue) [Headshot] reagon (Red)
Mon Mar 17 12:04:47 2025 RemuS (Red) [SMG] deogen (Blue)
Mon Mar 17 12:04:47 2025 RemuS (Red) [SMG] deogen (Blue)
Mon Mar 17 12:04:48 2025 RemuS (Red) [SMG] deogen (Blue)
Mon Mar 17 12:04:48 2025 RemuS (Red) [SMG] deogen (Blue)
Mon Mar 17 12:04:48 2025 Martin (Blue) [SMG] elgord0tet0n (Red)
Mon Mar 17 12:04:48 2025 RemuS (Red) [SMG] deogen (Blue)
Mon Mar 17 12:04:48 2025 Lil Mago (Red) [Headshot] i will try (Blue)
Mon Mar 17 12:04:49 2025 bwww12 (Red) [Headshot] Harry (Blue)
Mon Mar 17 12:04:49 2025 Strelok;.''2;;~ (Blue) [SMG] iusearchbtw (Red)
Mon Mar 17 12:04:49 2025 Strelok;.''2;;~ (Blue) [SMG] iusearchbtw (Red)
Mon Mar 17 12:04:50 2025 Martin (Blue) [Headshot] RemuS (Red)
Mon Mar 17 12:04:50 2025 Strelok;.''2;;~ (Blue) [SMG] Lil Mago (Red)
Mon Mar 17 12:04:51 2025 Strelok;.''2;;~ (Blue) [SMG] Lil Mago (Red)
Mon Mar 17 12:04:51 2025 Strelok;.''2;;~ (Blue) [SMG] bwww12 (Red)
Mon Mar 17 12:04:52 2025 elgord0tet0n (Red) [Weapon Change]
Mon Mar 17 12:04:53 2025 Strelok;.''2;;~ (Blue) [Headshot] . (Red)
Mon Mar 17 12:04:54 2025 Strelok;.''2;;~ (Blue) [SMG] Bread Orc (Red)
Mon Mar 17 12:04:55 2025 [Global] Bread Orc (Red): lolk
Mon Mar 17 12:04:56 2025 ------ World Unloaded ------
Mon Mar 17 12:05:00 2025 ------ World Loaded ------
Mon Mar 17 12:05:00 2025 Welcome to aloha.pk tower of babel
Mon Mar 17 12:05:00 2025 deogen joined Blue team
Mon Mar 17 12:05:00 2025 Special One joined Blue team
Mon Mar 17 12:05:01 2025 Map: PineCity by heyitskad
Mon Mar 17 12:05:01 2025 reagon joined Red team
Mon Mar 17 12:05:02 2025 Bread Orc joined Red team
Mon Mar 17 12:05:02 2025 i will try joined Blue team
Mon Mar 17 12:05:02 2025 Martin joined Blue team
Mon Mar 17 12:05:03 2025 Game mode: babel
Mon Mar 17 12:05:05 2025 Build a tower to get the enemy's intel. Take it to your team's tent to win!
Mon Mar 17 12:05:05 2025 Strelok;.''2;;~ joined Spectator team
Mon Mar 17 12:05:06 2025 crack joined Red team
Mon Mar 17 12:05:06 2025 elgord0tet0n joined Blue team
Mon Mar 17 12:05:07 2025 Visit our community forum at https://aloha.pk/
Mon Mar 17 12:05:08 2025 RemuS joined Red team
Mon Mar 17 12:05:09 2025 Come chat with us at https://discord.aloha.pk/
Mon Mar 17 12:05:11 2025 Lil Mago joined Red team
Mon Mar 17 12:05:12 2025 Nick joined Blue team
Mon Mar 17 12:05:17 2025 Nick (Blue) [Team Change]
Mon Mar 17 12:05:21 2025 Nick (Blue) [Fall]
Mon Mar 17 12:05:25 2025 Nick joined Red team
Mon Mar 17 12:05:33 2025 Strelok;.''2;;~ joined Red team
Mon Mar 17 12:05:44 2025 Martin (Blue) [Rifle] Nick (Red)
Mon Mar 17 12:05:46 2025 Strelok;.''2;;~ (Red) [Shotgun] Martin (Blue)
Mon Mar 17 12:05:50 2025 Martin (Blue) [Weapon Change]
Mon Mar 17 12:05:50 2025 Player crack has left
Mon Mar 17 12:05:50 2025 Strelok;.''2;;~ (Red) [Headshot] i will try (Blue)
Mon Mar 17 12:05:52 2025 Strelok;.''2;;~ (Red) [Shotgun] elgord0tet0n (Blue)
Mon Mar 17 12:06:04 2025  Get a 20 killstreak and 1 intel capture(s) to unlock /APOC!
Mon Mar 17 12:06:07 2025 Strelok;.''2;;~ (Red) [Shotgun] elgord0tet0n (Blue)
Mon Mar 17 12:06:07 2025  Strelok;.''2;;~ was banned.
Mon Mar 17 12:06:07 2025 Player Strelok;.''2;;~ has left
Mon Mar 17 12:06:13 2025 reagon (Red) [Headshot] i will try (Blue)
Mon Mar 17 12:06:15 2025 reagon (Red) [Headshot] deogen (Blue)
Mon Mar 17 12:06:17 2025 amirrabbas joined Red team
Mon Mar 17 12:06:18 2025 Nick (Red) [Headshot] Martin (Blue)
Mon Mar 17 12:06:22 2025 reagon (Red) [SMG] Harry (Blue)
Mon Mar 17 12:06:30 2025 Nick (Red) [Headshot] Martin (Blue)
Mon Mar 17 12:06:31 2025 Nick (Red) [Headshot] Harry (Blue)
Mon Mar 17 12:06:35 2025 elgord0tet0n (Blue) [Headshot] Nick (Red)
Mon Mar 17 12:06:47 2025 deogen (Blue) [SMG] reagon (Red)
Mon Mar 17 12:06:57 2025 Player Nick has left
Mon Mar 17 12:06:57 2025 dragunowka joined Blue team
Mon Mar 17 12:07:04 2025  Capture your team's 5th intel to unlock /APOC for your team's best builder!
Mon Mar 17 12:07:06 2025 kkiing joined Red team
Mon Mar 17 12:07:08 2025 elgord0tet0n (Blue) [Headshot] Lil Mago (Red)
Mon Mar 17 12:07:13 2025 Bread Orc (Red) [SMG] elgord0tet0n (Blue)
Mon Mar 17 12:07:13 2025 kkiing (Red) [Weapon Change]
Mon Mar 17 12:07:18 2025 aksel joined Blue team
Mon Mar 17 12:07:25 2025 dragunowka (Blue) [Headshot] amirrabbas (Red)
Mon Mar 17 12:07:28 2025 RemuS (Red) [SMG] dragunowka (Blue)
Mon Mar 17 12:07:38 2025 kkiing (Red) [Weapon Change]
Mon Mar 17 12:07:41 2025 Nick joined Red team
Mon Mar 17 12:07:56 2025 Nick (Red) [Headshot] aksel (Blue)
Mon Mar 17 12:07:56 2025 elgord0tet0n (Blue) [Shotgun] Nick (Red)
Mon Mar 17 12:08:00 2025 reagon (Red) [Headshot] elgord0tet0n (Blue)
Mon Mar 17 12:08:04 2025  Mahalo for playing aloha.pk tower of babel
Mon Mar 17 12:08:09 2025 reagon (Red) [Headshot] Martin (Blue)
Mon Mar 17 12:08:15 2025 dragunowka (Blue) [Headshot] RemuS (Red)
Mon Mar 17 12:08:22 2025 reagon (Red) [Headshot] aksel (Blue)
Mon Mar 17 12:08:23 2025 Martin (Blue) [SMG] reagon (Red)
Mon Mar 17 12:08:24 2025 amirrabbas (Red) [Headshot] elgord0tet0n (Blue)
Mon Mar 17 12:08:26 2025 Martin (Blue) [SMG] amirrabbas (Red)
Mon Mar 17 12:08:32 2025 Player kkiing has left
Mon Mar 17 12:08:55 2025 Martin (Blue) [SMG] reagon (Red)
Mon Mar 17 12:09:01 2025 Martin (Blue) [Headshot] Bread Orc (Red)
Mon Mar 17 12:09:04 2025  Build a tower to get the enemy's intel. Take it to your team's tent to win!
Mon Mar 17 12:09:04 2025 Nick (Red) [Headshot] Harry (Blue)
Mon Mar 17 12:09:09 2025 Nick (Red) [Headshot] aksel (Blue)
Mon Mar 17 12:09:15 2025 Bread Orc (Red) [Headshot] elgord0tet0n (Blue)
Mon Mar 17 12:09:17 2025 You must be closer to the enemy's base to shoot blocks!
Mon Mar 17 12:09:19 2025 Nick (Red) [SMG] Special One (Blue)
Mon Mar 17 12:09:25 2025 Harry (Blue) [Headshot] Nick (Red)
Mon Mar 17 12:09:26 2025 Martin (Blue) [SMG] RemuS (Red)
Mon Mar 17 12:09:29 2025 reagon (Red) [Headshot] Martin (Blue)
Mon Mar 17 12:09:30 2025 Nick (Red) [Weapon Change]
Mon Mar 17 12:09:35 2025 [Global] Bread Orc (Red): elorgd0tet0n you will get shot if you keep standing like that lol
Mon Mar 17 12:09:52 2025 kkiing joined Red team
Mon Mar 17 12:10:00 2025 Bread Orc (Red) [SMG] i will try (Blue)
Mon Mar 17 12:10:02 2025 Lil Mago (Red) [Fall]
Mon Mar 17 12:10:04 2025  Type /HELP for info & commands
Mon Mar 17 12:10:04 2025 Martin (Blue) [SMG] reagon (Red)
Mon Mar 17 12:10:12 2025 iusearchbtw joined Red team
Mon Mar 17 12:10:13 2025 dragunowka (Blue) [Headshot] Nick (Red)
Mon Mar 17 12:10:20 2025 reagon (Red) [Headshot] dragunowka (Blue)
Mon Mar 17 12:10:20 2025 iusearchbtw (Red) [Headshot] elgord0tet0n (Blue)
Mon Mar 17 12:10:21 2025 aksel (Blue) [Headshot] amirrabbas (Red)
Mon Mar 17 12:10:30 2025 Player amirrabbas has left
Mon Mar 17 12:10:34 2025 iusearchbtw (Red) [Headshot] Martin (Blue)
Mon Mar 17 12:10:52 2025 iusearchbtw (Red) [Grenade]
Mon Mar 17 12:11:04 2025  Visit our community forums at https://aloha.pk/
Mon Mar 17 12:11:05 2025 Bread Orc (Red) [Headshot] elgord0tet0n (Blue)
Mon Mar 17 12:11:12 2025 Martin (Blue) [Headshot] Lil Mago (Red)
Mon Mar 17 12:11:13 2025 Bread Orc (Red) [SMG] deogen (Blue)
Mon Mar 17 12:11:24 2025 Martin (Blue) [Headshot] reagon (Red)
Mon Mar 17 12:11:26 2025 Player reagon has left
Mon Mar 17 12:11:28 2025 [Team] deogen (Blue): hes shootingthe wall
Mon Mar 17 12:11:29 2025 dragunowka (Blue) [Rifle] iusearchbtw (Red)
Mon Mar 17 12:11:30 2025 elgord0tet0n (Blue) [Headshot] Bread Orc (Red)
Mon Mar 17 12:11:30 2025 Martin (Blue) [SMG] RemuS (Red)
Mon Mar 17 12:11:45 2025 iusearchbtw (Red) [Headshot] aksel (Blue)
Mon Mar 17 12:11:48 2025 Nick (Red) [Headshot] Martin (Blue)
Mon Mar 17 12:11:50 2025 Martin (Blue) [Grenade] Bread Orc (Red)
Mon Mar 17 12:12:02 2025  Harry has reached 1000 blocks placed! /heaven unlocked.
Mon Mar 17 12:12:02 2025 Type /heavenlist to view available images. /heaven <name> to confirm.
Mon Mar 17 12:12:02 2025 Want your country's flag instead? Type /heaven country (or any alpha-2 code)
Mon Mar 17 12:12:04 2025  Come chat with us at https://discord.aloha.pk/
Mon Mar 17 12:12:05 2025 Bread Orc (Red) [Headshot] elgord0tet0n (Blue)
Mon Mar 17 12:12:10 2025 dragunowka (Blue) [Headshot] iusearchbtw (Red)
Mon Mar 17 12:12:13 2025 RemuS (Red) [SMG] Martin (Blue)
Mon Mar 17 12:12:15 2025 RemuS (Red) [SMG] aksel (Blue)
Mon Mar 17 12:12:37 2025 RemuS (Red) [Headshot] Martin (Blue)
Mon Mar 17 12:12:48 2025 dragunowka (Blue) [Headshot] Nick (Red)
Mon Mar 17 12:12:49 2025 RemuS (Red) [SMG] aksel (Blue)
Mon Mar 17 12:13:02 2025 RemuS (Red) [SMG] Harry (Blue)
Mon Mar 17 12:13:04 2025  If you believe a player is breaking the rules, please let us know with /ADMIN
Mon Mar 17 12:13:09 2025 elgord0tet0n (Blue) [Headshot] RemuS (Red)
Mon Mar 17 12:13:12 2025 Bread Orc (Red) [Headshot] i will try (Blue)
Mon Mar 17 12:13:13 2025 dragunowka (Blue) [Headshot] Bread Orc (Red)
Mon Mar 17 12:13:20 2025 iusearchbtw (Red) [Headshot] elgord0tet0n (Blue)
Mon Mar 17 12:13:27 2025 Martin (Blue) [SMG] iusearchbtw (Red)
Mon Mar 17 12:13:27 2025 ABU joined Red team
Mon Mar 17 12:13:29 2025 RemuS (Red) [SMG] Martin (Blue)
Mon Mar 17 12:13:44 2025 iusearchbtw (Red) [Headshot] aksel (Blue)
Mon Mar 17 12:13:50 2025 Player ABU has left
Mon Mar 17 12:13:51 2025 bwww12 joined Red team
Mon Mar 17 12:13:55 2025 dragunowka (Blue) [Headshot] Lil Mago (Red)
Mon Mar 17 12:14:03 2025 iusearchbtw (Red) [Headshot] Martin (Blue)
Mon Mar 17 12:14:04 2025  This server runs imger and glow. Use /IMG or /GLOW to toggle them.
Mon Mar 17 12:14:07 2025 dragunowka (Blue) [Rifle] Nick (Red)
Mon Mar 17 12:14:09 2025 amirrabbas joined Red team
Mon Mar 17 12:14:11 2025 RemuS (Red) [Headshot] i will try (Blue)
Mon Mar 17 12:14:13 2025 Disconnecting
