Sun Jan  5 11:02:05 2025 ------ World Loaded ------
Sun Jan  5 11:02:06 2025 Welcome to popeyspades 99wins 1month
Sun Jan  5 11:02:07 2025 Map: Hallway by izzy
Sun Jan  5 11:02:07 2025 You have 1 medkit!
Sun Jan  5 11:02:09 2025 Game mode: ctf
Sun Jan  5 11:02:09 2025 [Global] Luxixowo (Good): god
Sun Jan  5 11:02:10 2025 [Global] Deuce (Good): guess hes spanish
Sun Jan  5 11:02:11 2025 Server powered by piqueserver and buildandshoot.com
Sun Jan  5 11:02:13 2025  Type /help for info & commands
Sun Jan  5 11:02:13 2025 Server info: https://popeyspad.es/
Sun Jan  5 11:02:15 2025 Discord: https://popeyspad.es/discord
Sun Jan  5 11:02:15 2025 [Global] Luxixowo (Good): yes
Sun Jan  5 11:02:17 2025 [Global] Zesty Noveda (Evil): equadorian
Sun Jan  5 11:02:23 2025 [Global] Luxixowo (Good): yes xD
Sun Jan  5 11:02:24 2025 [Global] Deuce (Good): pues entonces; hola
Sun Jan  5 11:02:29 2025 [Global] Luxixowo (Good): holaa
Sun Jan  5 11:02:30 2025 Harry picked up Good's Intel.
Sun Jan  5 11:02:33 2025 [Global] Luxixowo (Good): de donde eres?
Sun Jan  5 11:02:35 2025 Harry (Evil) [Headshot] Deuce (Good)
Sun Jan  5 11:02:45 2025 [Global] Deuce (Good): a eso, no importa
Sun Jan  5 11:02:48 2025 Zesty Noveda (Evil) [SMG] Luxixowo (Good)
Sun Jan  5 11:02:52 2025 [Global] Deuce (Good): no soy nadie/nada
Sun Jan  5 11:02:56 2025 Harry captured Good's Intel.
Sun Jan  5 11:03:14 2025 Harry (Evil) [Headshot] Deuce (Good)
Sun Jan  5 11:03:29 2025 Harry (Evil) [Headshot] Deuce (Good)
Sun Jan  5 11:03:37 2025 Harry (Evil) [Headshot] Deuce (Good)
Sun Jan  5 11:03:51 2025 Deuce (Good) [Grenade] Harry (Evil)
Sun Jan  5 11:03:54 2025 You have 1 medkit!
Sun Jan  5 11:04:15 2025 [Global] Luxixowo (Good): ya llego
Sun Jan  5 11:04:29 2025 Zesty Noveda (Evil) [SMG] Deuce (Good)
Sun Jan  5 11:04:35 2025 You have been healed
Sun Jan  5 11:04:43 2025 Deuce (Good) [Headshot] Harry (Evil)
Sun Jan  5 11:04:48 2025 You have 1 medkit!
Sun Jan  5 11:05:09 2025 Harry (Evil) [Headshot] Deuce (Good)
Sun Jan  5 11:05:16 2025 Luxixowo (Good) [Grenade]
Sun Jan  5 11:05:43 2025 [Global] Zesty Noveda (Evil): Harry es demasiado hábil, no necesito hacer nada ahora.
Sun Jan  5 11:05:46 2025 Harry (Evil) [Rifle] Luxixowo (Good)
Sun Jan  5 11:05:51 2025 Zesty Noveda (Evil) [Headshot] Deuce (Good)
Sun Jan  5 11:06:06 2025 Zesty Noveda (Evil) [SMG] Luxixowo (Good)
Sun Jan  5 11:06:07 2025 [Global] Luxixowo (Good): que toca hacer?
Sun Jan  5 11:06:11 2025 Deuce (Good) [Headshot] Harry (Evil)
Sun Jan  5 11:06:12 2025 You have 1 medkit!
Sun Jan  5 11:06:14 2025 [Global] Deuce (Good): ya perdimo'
Sun Jan  5 11:06:16 2025 Deuce (Good) [Headshot] Zesty Noveda (Evil)
Sun Jan  5 11:06:25 2025 Harry (Evil) [Headshot] Deuce (Good)
Sun Jan  5 11:06:41 2025 [Global] Deuce (Good): pero no pueden capturar 99 intels, eso es cierto
Sun Jan  5 11:06:52 2025 Deuce (Good) [Headshot] Zesty Noveda (Evil)
Sun Jan  5 11:06:54 2025 Deuce (Good) [Headshot] Harry (Evil)
Sun Jan  5 11:07:00 2025 You have 1 medkit!
Sun Jan  5 11:07:13 2025  Type /help for info & commands
Sun Jan  5 11:07:14 2025 Harry (Evil) [Headshot] Deuce (Good)
Sun Jan  5 11:07:21 2025 [Global] Deuce (Good): idk why im here, i hate hallway
Sun Jan  5 11:07:25 2025 Harry (Evil) [Headshot] Luxixowo (Good)
Sun Jan  5 11:07:35 2025 Deuce (Good) [Headshot] Harry (Evil)
Sun Jan  5 11:07:36 2025 You have 1 medkit!
Sun Jan  5 11:07:49 2025 Harry (Evil) [Headshot] Deuce (Good)
Sun Jan  5 11:07:50 2025 [Global] Luxixowo (Good): como cambio de arma?
Sun Jan  5 11:07:55 2025 [Global] Deuce (Good): presiona L o .
Sun Jan  5 11:08:04 2025 Luxixowo (Good) [Weapon Change]
Sun Jan  5 11:08:09 2025 [Global] Luxixowo (Good): ga
Sun Jan  5 11:08:14 2025 [Global] Luxixowo (Good): gracias
Sun Jan  5 11:08:17 2025 Deuce (Good) [Melee] Zesty Noveda (Evil)
Sun Jan  5 11:08:19 2025 [Global] Zesty Noveda (Evil): WHAT
Sun Jan  5 11:08:19 2025 [Global] Zesty Noveda (Evil): HWAT
Sun Jan  5 11:08:21 2025 [Global] Zesty Noveda (Evil): DEUCE
Sun Jan  5 11:08:22 2025 [Global] Zesty Noveda (Evil): HOW
Sun Jan  5 11:08:23 2025 Harry (Evil) [Headshot] Deuce (Good)
Sun Jan  5 11:08:33 2025 Harry (Evil) [Headshot] Deuce (Good)
Sun Jan  5 11:08:34 2025 Harry (Evil) [Headshot] Luxixowo (Good)
Sun Jan  5 11:08:40 2025 Deuce (Good) [Grenade] Harry (Evil)
Sun Jan  5 11:08:40 2025 Unknown command
Sun Jan  5 11:08:42 2025 You have 1 medkit!
Sun Jan  5 11:08:50 2025 Zesty Noveda (Evil) [Headshot] Deuce (Good)
Sun Jan  5 11:08:53 2025 Zesty Noveda (Evil) [Headshot] Luxixowo (Good)
Sun Jan  5 11:09:04 2025 Luxixowo (Good) [Grenade]
