Thu Jan  2 12:40:59 2025 ------ World Loaded ------
Thu Jan  2 12:41:00 2025 Welcome to aloha.pk tower of babel
Thu Jan  2 12:41:01 2025 Map: TradeHprom by Qult, Rakete, ei8htx
Thu Jan  2 12:41:03 2025 Game mode: babel
Thu Jan  2 12:41:03 2025 Deuce (Red) [Headshot] Leksam (Blue)
Thu Jan  2 12:41:04 2025 Leksam (Blue) [Fall]
Thu Jan  2 12:41:05 2025 Build a tower to get the enemy's intel. Take it to your team's tent to win!
Thu Jan  2 12:41:07 2025 Visit our community forum at https://aloha.pk/
Thu Jan  2 12:41:07 2025 Deuce (Red) [Headshot] elbow (Blue)
Thu Jan  2 12:41:09 2025 Come chat with us at https://discord.aloha.pk/
Thu Jan  2 12:41:14 2025 duwah (Red) [Fall]
Thu Jan  2 12:41:14 2025 joel joined Red team
Thu Jan  2 12:41:15 2025 fbw (Blue) [Headshot] Deuce Ex (Red)
Thu Jan  2 12:41:19 2025 YOTI (Blue) [Fall]
Thu Jan  2 12:41:20 2025 HuMaNeTa12345 (Blue) [Grenade]
Thu Jan  2 12:41:20 2025 Deuce (Red) [Rifle] Zomenix (Blue)
Thu Jan  2 12:41:23 2025 fbw (Blue) [Rifle] hotpepper4 (Red)
Thu Jan  2 12:41:24 2025 ori (Blue) [Fall]
Thu Jan  2 12:41:25 2025 Baldvin (Blue) [Headshot] aaron exia (Red)
Thu Jan  2 12:41:29 2025 fbw (Blue) [Headshot] Deuce (Red)
Thu Jan  2 12:41:32 2025 You must be closer to the enemy's base to shoot blocks!
Thu Jan  2 12:41:35 2025 ori (Blue) [Fall]
Thu Jan  2 12:41:35 2025 fbw (Blue) [Headshot] Deuce Ex (Red)
Thu Jan  2 12:41:40 2025  Visit our community forums at https://aloha.pk/
Thu Jan  2 12:41:43 2025 rosch (Blue) [Headshot] I0I (Red)
Thu Jan  2 12:41:44 2025 fbw (Blue) [Headshot] Deuce Ex (Red)
Thu Jan  2 12:41:51 2025 YOTI (Blue) [Fall]
Thu Jan  2 12:41:56 2025 Deuce (Red) [Headshot] fbw (Blue)
Thu Jan  2 12:41:58 2025 Harry (Red) [Headshot] HuMaNeTa12345 (Blue)
Thu Jan  2 12:42:05 2025 I0I (Red) [SMG] rosch (Blue)
Thu Jan  2 12:42:09 2025 Deuce Ex (Red) [Headshot] Baldvin (Blue)
Thu Jan  2 12:42:10 2025 hotpepper4 (Red) [Rifle] Devill (Blue)
Thu Jan  2 12:42:15 2025 ori (Blue) [Fall]
Thu Jan  2 12:42:16 2025 Deuce (Red) [Headshot] fbw (Blue)
Thu Jan  2 12:42:19 2025 elbow (Blue) [Headshot] hotpepper4 (Red)
Thu Jan  2 12:42:20 2025 Deuce (Red) [Headshot] CAWWER (Blue)
Thu Jan  2 12:42:21 2025 dmbel (Red) [Fall]
Thu Jan  2 12:42:23 2025 [Team] haritom (Red): QUE
Thu Jan  2 12:42:27 2025 Deuce (Red) [Headshot] Leksam (Blue)
Thu Jan  2 12:42:32 2025 fbw (Blue) [Headshot] Deuce (Red)
Thu Jan  2 12:42:35 2025 fbw (Blue) [Headshot] hotpepper4 (Red)
Thu Jan  2 12:42:36 2025 Harry (Red) [Headshot] BollusFTW (Blue)
Thu Jan  2 12:42:37 2025 Player hotpepper4 has left
Thu Jan  2 12:42:40 2025  Come chat with us at https://discord.aloha.pk/
Thu Jan  2 12:42:40 2025 I0I (Red) [Headshot] YOTI (Blue)
Thu Jan  2 12:42:42 2025 vinchi joined Blue team
Thu Jan  2 12:42:44 2025 S.P. (Red) [Fall]
Thu Jan  2 12:42:49 2025 rosch (Blue) [SMG] I0I (Red)
Thu Jan  2 12:42:50 2025 Deuce (Red) [Headshot] Leksam (Blue)
Thu Jan  2 12:42:50 2025 haritom (Red) [Fall]
Thu Jan  2 12:42:51 2025 Player S.P. has left
Thu Jan  2 12:42:56 2025 fbw (Blue) [Rifle] duwah (Red)
Thu Jan  2 12:42:57 2025 Deuce (Red) [Headshot] HuMaNeTa12345 (Blue)
Thu Jan  2 12:42:58 2025 RemuS1 joined Red team
Thu Jan  2 12:43:00 2025 Deuce (Red) [Headshot] YOTI (Blue)
Thu Jan  2 12:43:01 2025 Player RemuS has left
Thu Jan  2 12:43:04 2025 BollusFTW (Blue) [Fall]
Thu Jan  2 12:43:06 2025 Deuce (Red) [Headshot] fbw (Blue)
Thu Jan  2 12:43:09 2025 joel (Red) [Fall]
Thu Jan  2 12:43:13 2025 Ding joined Red team
Thu Jan  2 12:43:16 2025 Zomenix picked up Red's Intel.
Thu Jan  2 12:43:16 2025 duwah (Red) [Headshot] YOTI (Blue)
Thu Jan  2 12:43:20 2025 Player YOTI has left
Thu Jan  2 12:43:22 2025 vinchi (Blue) [Headshot] Deuce (Red)
Thu Jan  2 12:43:22 2025 RemuS1 (Red) [SMG]
Thu Jan  2 12:43:24 2025 vinchi (Blue) [Headshot] aaron exia (Red)
Thu Jan  2 12:43:28 2025 fbw (Blue) [Headshot] duwah (Red)
Thu Jan  2 12:43:32 2025 fbw (Blue) [Headshot] Ding (Red)
Thu Jan  2 12:43:33 2025 konata joined Red team
Thu Jan  2 12:43:38 2025 Deuce (Red) [Rifle] HuMaNeTa12345 (Blue)
Thu Jan  2 12:43:39 2025 vinchi (Blue) [Headshot] RemuS1 (Red)
Thu Jan  2 12:43:40 2025  If you believe a player is breaking the rules, please let us know with /ADMIN
Thu Jan  2 12:43:41 2025 communist161 (Blue) [Weapon Change]
Thu Jan  2 12:43:42 2025 fbw (Blue) [Headshot] Deuce (Red)
Thu Jan  2 12:43:43 2025 vinchi (Blue) [Headshot] Harry (Red)
Thu Jan  2 12:43:48 2025 Yamadalv999 joined Blue team
Thu Jan  2 12:43:48 2025 I0I (Red) [Fall]
Thu Jan  2 12:43:54 2025 Player I0I has left
Thu Jan  2 12:43:55 2025 Tatu joined Red team
Thu Jan  2 12:43:58 2025 vinchi (Blue) [Headshot] joel (Red)
Thu Jan  2 12:43:58 2025 CAWWER (Blue) [Headshot] haritom (Red)
Thu Jan  2 12:43:59 2025 elbow (Blue) [SMG] nedoo (Red)
Thu Jan  2 12:44:00 2025 Deuce (Red) [Headshot] elbow (Blue)
Thu Jan  2 12:44:03 2025 Yamadalv999 (Blue) [Fall]
Thu Jan  2 12:44:03 2025 Deuce (Red) [Headshot] communist161 (Blue)
Thu Jan  2 12:44:05 2025 You must be closer to the enemy's base to shoot blocks!
Thu Jan  2 12:44:05 2025 Tatu (Red) [Headshot] CAWWER (Blue)
Thu Jan  2 12:44:07 2025 Player ori has left
Thu Jan  2 12:44:09 2025 HuMaNeTa12345 (Blue) [Fall]
Thu Jan  2 12:44:10 2025 vinchi (Blue) [Headshot] konata (Red)
Thu Jan  2 12:44:13 2025 Player konata has left
Thu Jan  2 12:44:14 2025 haritom (Red) [Fall]
Thu Jan  2 12:44:15 2025 Deuce (Red) [Headshot] vinchi (Blue)
Thu Jan  2 12:44:16 2025 Player joel has left
Thu Jan  2 12:44:22 2025 Yamadalv999 (Blue) [Fall]
Thu Jan  2 12:44:23 2025 fbw (Blue) [Headshot] aaron exia (Red)
Thu Jan  2 12:44:25 2025 Deuce (Red) [Rifle] Devill (Blue)
Thu Jan  2 12:44:25 2025 Harry (Red) [Headshot] elbow (Blue)
Thu Jan  2 12:44:30 2025 fbw (Blue) [Headshot] Harry (Red)
Thu Jan  2 12:44:34 2025 vinchi (Blue) [Headshot] Deuce (Red)
Thu Jan  2 12:44:39 2025 Harry (Red) [Headshot] SrCanito (Blue)
Thu Jan  2 12:44:40 2025 YOTI joined Red team
Thu Jan  2 12:44:40 2025  This server runs imger and glow. Use /IMG or /GLOW to toggle them.
Thu Jan  2 12:44:41 2025 fbw (Blue) [Headshot] duwah (Red)
Thu Jan  2 12:44:43 2025 Deuce (Red) [Headshot] CAWWER (Blue)
Thu Jan  2 12:44:46 2025 haritom (Red) [Fall]
Thu Jan  2 12:44:48 2025 vinchi (Blue) [Headshot] Deuce (Red)
Thu Jan  2 12:44:50 2025 CAWWER (Blue) [Weapon Change]
Thu Jan  2 12:44:53 2025 fbw (Blue) [Headshot] RemuS1 (Red)
Thu Jan  2 12:45:02 2025 Harry (Red) [Headshot] HuMaNeTa12345 (Blue)
Thu Jan  2 12:45:05 2025 fbw (Blue) [Headshot] Harry (Red)
Thu Jan  2 12:45:10 2025 Deuce (Red) [Headshot] fbw (Blue)
Thu Jan  2 12:45:13 2025 build and sh*t joined Blue team
Thu Jan  2 12:45:14 2025 Zomenix dropped Red's Intel
Thu Jan  2 12:45:14 2025  The intel has returned to the heavens
Thu Jan  2 12:45:14 2025 Zomenix (Blue) [Fall]
Thu Jan  2 12:45:20 2025 Harry (Red) [Fall]
Thu Jan  2 12:45:24 2025 fbw (Blue) [Headshot] aaron exia (Red)
Thu Jan  2 12:45:29 2025 elbow (Blue) [SMG] haritom (Red)
Thu Jan  2 12:45:30 2025 build and sh*t (Blue) [Fall]
Thu Jan  2 12:45:30 2025 duwah (Red) [Headshot] elbow (Blue)
Thu Jan  2 12:45:35 2025 vinchi (Blue) [Headshot] duwah (Red)
Thu Jan  2 12:45:40 2025  Use /EMOTE to draw an emote on the map!
Thu Jan  2 12:45:43 2025 vinchi (Blue) [Headshot] nedoo (Red)
Thu Jan  2 12:45:43 2025 Harry (Red) [Headshot] Zomenix (Blue)
Thu Jan  2 12:45:47 2025 [Team] nedoo (Red): go up
Thu Jan  2 12:45:47 2025 Y.O.B.A. joined Red team
Thu Jan  2 12:45:54 2025 vinchi (Blue) [Headshot] Tatu (Red)
Thu Jan  2 12:45:54 2025 Deuce (Red) [Headshot] fbw (Blue)
Thu Jan  2 12:45:54 2025 vinchi (Blue) [Headshot] RemuS1 (Red)
Thu Jan  2 12:45:54 2025 vinchi (Blue) [Headshot] haritom (Red)
Thu Jan  2 12:45:55 2025 nedoo (Red) [Headshot] vinchi (Blue)
Thu Jan  2 12:45:58 2025 Deuce (Red) [Headshot] communist161 (Blue)
Thu Jan  2 12:46:02 2025 CAWWER picked up Red's Intel.
Thu Jan  2 12:46:04 2025 Harry (Red) [Rifle] HuMaNeTa12345 (Blue)
Thu Jan  2 12:46:19 2025 [Team] RemuS1 (Red): have theiy a tunnel/bridg ???
Thu Jan  2 12:46:30 2025 aaron exia (Red) [Melee] Zomenix (Blue)
Thu Jan  2 12:46:31 2025 aaron exia (Red) [Melee] vinchi (Blue)
Thu Jan  2 12:46:32 2025 You must be closer to the enemy's base to shoot blocks!
Thu Jan  2 12:46:34 2025 nedoo (Red) [SMG] Yamadalv999 (Blue)
Thu Jan  2 12:46:37 2025 fbw (Blue) [Headshot] Harry (Red)
Thu Jan  2 12:46:39 2025 Ding (Red) [Headshot] fbw (Blue)
Thu Jan  2 12:46:40 2025  Use /HEAVEN to paint the babel platform!
Thu Jan  2 12:46:42 2025 BollusFTW (Blue) [SMG] aaron exia (Red)
Thu Jan  2 12:46:43 2025 CAWWER captured Red's Intel.
Thu Jan  2 12:46:43 2025 nedoo (Red) [SMG] build and sh*t (Blue)
Thu Jan  2 12:46:45 2025 Ding (Red) [Fall]
Thu Jan  2 12:46:45 2025 dmbel (Red) [Fall]
Thu Jan  2 12:46:47 2025 Devill (Blue) [Grenade]
Thu Jan  2 12:46:48 2025 YOTI (Red) [Team Change]
Thu Jan  2 12:46:48 2025 vinchi (Blue) [Headshot] nedoo (Red)
Thu Jan  2 12:46:49 2025 [Team] aaron exia (Red): go up jump on them
Thu Jan  2 12:46:49 2025 YOTI joined Blue team
Thu Jan  2 12:46:52 2025 [Team] aaron exia (Red): now!!!!
Thu Jan  2 12:46:56 2025 vinchi (Blue) [Headshot] Deuce (Red)
Thu Jan  2 12:46:57 2025 elbow (Blue) [SMG] Deuce Ex (Red)
Thu Jan  2 12:46:59 2025 Harry (Red) [Headshot] HuMaNeTa12345 (Blue)
Thu Jan  2 12:47:00 2025 Yamadalv999 (Blue) [Fall]
Thu Jan  2 12:47:01 2025 Harry (Red) [Headshot] elbow (Blue)
Thu Jan  2 12:47:04 2025 fbw (Blue) [Headshot] Harry (Red)
Thu Jan  2 12:47:06 2025 HuMaNeTa12345 (Blue) [Fall]
Thu Jan  2 12:47:10 2025 RemuS1 (Red) [Grenade] build and sh*t (Blue)
Thu Jan  2 12:47:13 2025 fbw (Blue) [Headshot] RemuS1 (Red)
Thu Jan  2 12:47:14 2025 fbw (Blue) [Headshot] nedoo (Red)
Thu Jan  2 12:47:17 2025 nedoo (Red) [Grenade] YOTI (Blue)
Thu Jan  2 12:47:20 2025 vinchi (Blue) [Headshot] duwah (Red)
Thu Jan  2 12:47:22 2025 [Global] nedoo (Red): fbw cheat
Thu Jan  2 12:47:24 2025 vinchi (Blue) [Headshot] haritom (Red)
Thu Jan  2 12:47:31 2025 Zomenix picked up Red's Intel.
Thu Jan  2 12:47:32 2025 Zomenix dropped Red's Intel
Thu Jan  2 12:47:32 2025 aaron exia (Red) [SMG] Zomenix (Blue)
Thu Jan  2 12:47:36 2025 Harry (Red) [Headshot] elbow (Blue)
Thu Jan  2 12:47:37 2025 fbw (Blue) [Headshot] aaron exia (Red)
Thu Jan  2 12:47:37 2025 Yamadalv999 (Blue) [Fall]
Thu Jan  2 12:47:39 2025 RemuS1 (Red) [SMG] fbw (Blue)
Thu Jan  2 12:47:40 2025 vinchi (Blue) [Headshot] Deuce (Red)
Thu Jan  2 12:47:40 2025  Get a 20 killstreak and 1 intel capture(s) to unlock /APOC!
Thu Jan  2 12:47:41 2025 haritom (Red) [Fall]
Thu Jan  2 12:47:44 2025 RemuS1 (Red) [SMG] HuMaNeTa12345 (Blue)
Thu Jan  2 12:47:45 2025 vinchi (Blue) [Fall]
Thu Jan  2 12:47:48 2025 You must be closer to the enemy's base to shoot blocks!
Thu Jan  2 12:47:51 2025 BollusFTW (Blue) [Fall]
Thu Jan  2 12:47:56 2025 You must be closer to the enemy's base to shoot blocks!
Thu Jan  2 12:47:58 2025 RemuS1 (Red) [SMG] CAWWER (Blue)
Thu Jan  2 12:47:58 2025 RemuS1 (Red) [Grenade] elbow (Blue)
Thu Jan  2 12:48:04 2025  fbw has a kill-death ratio of 6.82 (232 kills, 34 deaths, 4.43 kills per minute).
Thu Jan  2 12:48:04 2025  fbw removed 9 blocks in the last 2.0 minutes. Some of them were placed by RemuS1,
Thu Jan  2 12:48:04 2025  hotpepper4, Ding. Last one was destroyed 25 seconds ago, and belonged to hotpepper4.
Thu Jan  2 12:48:04 2025  aaron exia (#16) started a VOTEKICK against fbw (#21). Say /Y to agree
Thu Jan  2 12:48:04 2025  Reason: obvious hack
Thu Jan  2 12:48:04 2025 nedoo picked up Blue's Intel.
Thu Jan  2 12:48:04 2025 RemuS1 (Red) [SMG] fbw (Blue)
Thu Jan  2 12:48:04 2025 You must be closer to the enemy's base to shoot blocks!
Thu Jan  2 12:48:05 2025 rosch (Blue) [SMG]
Thu Jan  2 12:48:06 2025 You must be closer to the enemy's base to shoot blocks!
Thu Jan  2 12:48:07 2025 SrCanito (Blue) [Headshot] Y.O.B.A. (Red)
Thu Jan  2 12:48:08 2025 dmbel (Red) [Fall]
Thu Jan  2 12:48:08 2025 Deuce (Red) [Headshot] HuMaNeTa12345 (Blue)
Thu Jan  2 12:48:08 2025 Baldvin (Blue) [Headshot] Deuce Ex (Red)
Thu Jan  2 12:48:08 2025 RemuS1 (Red) [SMG] Zomenix (Blue)
Thu Jan  2 12:48:08 2025 vinchi (Blue) [Grenade] RemuS1 (Red)
Thu Jan  2 12:48:09 2025 Deuce (Red) [Headshot] Yamadalv999 (Blue)
Thu Jan  2 12:48:13 2025 YOTI (Blue) [Fall]
Thu Jan  2 12:48:15 2025 nedoo dropped Blue's Intel
Thu Jan  2 12:48:15 2025  The intel has returned to the heavens
Thu Jan  2 12:48:15 2025 vinchi (Blue) [Headshot] nedoo (Red)
Thu Jan  2 12:48:15 2025 [Global] Deuce (Red): no
Thu Jan  2 12:48:17 2025 [Global] aaron exia (Red): wholle mag to the face and dooes not  die
Thu Jan  2 12:48:17 2025 [Global] nedoo (Red): omfg
Thu Jan  2 12:48:17 2025 [Global] Deuce (Red): you braindead
Thu Jan  2 12:48:17 2025  nedoo (#5) voted YES
Thu Jan  2 12:48:19 2025 [Global] Deuce (Red): he is not hacking
Thu Jan  2 12:48:23 2025 vinchi (Blue) [Headshot] Deuce (Red)
Thu Jan  2 12:48:23 2025 [Team] haritom (Red): HOLAAAAA DEUCE
Thu Jan  2 12:48:23 2025 [Global] nedoo (Red): yes
Thu Jan  2 12:48:25 2025 vinchi (Blue) [Headshot] Y.O.B.A. (Red)
Thu Jan  2 12:48:26 2025 [Global] nedoo (Red): same experience
Thu Jan  2 12:48:27 2025 vinchi (Blue) [Headshot] Deuce Ex (Red)
Thu Jan  2 12:48:30 2025  aaron exia (#16) is votekicking fbw (#21). /Y to vote (13 left)
Thu Jan  2 12:48:30 2025  Reason: obvious hack
Thu Jan  2 12:48:32 2025 Yamadalv999 (Blue) [Fall]
Thu Jan  2 12:48:34 2025 vinchi (Blue) [Headshot] duwah (Red)
Thu Jan  2 12:48:34 2025 [Global] Deuce (Red): lmao
Thu Jan  2 12:48:34 2025 aaron exia (Red) [Headshot] elbow (Blue)
Thu Jan  2 12:48:35 2025 vinchi (Blue) [Headshot] aaron exia (Red)
Thu Jan  2 12:48:36 2025 HuMaNeTa12345 (Blue) [Fall]
Thu Jan  2 12:48:36 2025 [Global] fbw (Blue): Yeah it was weird how on the platform you missed every shot
Thu Jan  2 12:48:38 2025 [Team] aaron exia (Red): all up
Thu Jan  2 12:48:40 2025  Capture your team's 5th intel to unlock /APOC for your team's best builder!
Thu Jan  2 12:48:42 2025 CAWWER picked up Red's Intel.
Thu Jan  2 12:48:43 2025 nedoo (Red) [SMG] vinchi (Blue)
Thu Jan  2 12:48:44 2025 [Global] fbw (Blue): I got so close I could kiss you xaxaxa
Thu Jan  2 12:48:47 2025 Harry (Red) [Headshot] YOTI (Blue)
Thu Jan  2 12:48:49 2025 build and sh*t (Blue) [Grenade] sago (Red)
Thu Jan  2 12:48:50 2025  Ding has reached 1000 blocks placed! /heaven unlocked.
Thu Jan  2 12:48:50 2025 ori joined Red team
Thu Jan  2 12:48:50 2025 nedoo (Red) [SMG] build and sh*t (Blue)
Thu Jan  2 12:48:54 2025 fbw (Blue) [Headshot] Harry (Red)
Thu Jan  2 12:48:55 2025 Ding (Red) [Headshot] Zomenix (Blue)
Thu Jan  2 12:48:57 2025 Deuce (Red) [Headshot] fbw (Blue)
Thu Jan  2 12:49:00 2025  aaron exia (#16) is votekicking fbw (#21). /Y to vote (13 left)
Thu Jan  2 12:49:00 2025  Reason: obvious hack
Thu Jan  2 12:49:01 2025 Deuce (Red) [Headshot] BollusFTW (Blue)
Thu Jan  2 12:49:02 2025 aaron exia (Red) [Headshot] elbow (Blue)
Thu Jan  2 12:49:08 2025 vinchi (Blue) [Headshot] duwah (Red)
Thu Jan  2 12:49:09 2025 duwah (Red) [Grenade] vinchi (Blue)
Thu Jan  2 12:49:09 2025 duwah (Red) [Grenade] YOTI (Blue)
Thu Jan  2 12:49:09 2025 fbw (Blue) [Headshot] Deuce (Red)
Thu Jan  2 12:49:11 2025 CAWWER captured Red's Intel.
Thu Jan  2 12:49:14 2025 Harry (Red) [Headshot] Devill (Blue)
Thu Jan  2 12:49:14 2025 YOTI (Blue) [Weapon Change]
Thu Jan  2 12:49:16 2025 dmbel (Red) [Fall]
Thu Jan  2 12:49:17 2025 nedoo picked up Blue's Intel.
Thu Jan  2 12:49:19 2025 Y.O.B.A. (Red) [SMG] Baldvin (Blue)
Thu Jan  2 12:49:20 2025 fbw (Blue) [Headshot] Harry (Red)
Thu Jan  2 12:49:21 2025 Y.O.B.A. (Red) [SMG] CAWWER (Blue)
Thu Jan  2 12:49:21 2025 fbw (Blue) [Headshot] Deuce (Red)
Thu Jan  2 12:49:23 2025 Leksam (Blue) [Headshot] haritom (Red)
Thu Jan  2 12:49:26 2025 CAWWER (Blue) [Weapon Change]
Thu Jan  2 12:49:29 2025 fbw (Blue) [Headshot] Deuce Ex (Red)
Thu Jan  2 12:49:30 2025 SrCanito (Blue) [SMG] dmbel (Red)
Thu Jan  2 12:49:30 2025  aaron exia (#16) is votekicking fbw (#21). /Y to vote (13 left)
Thu Jan  2 12:49:30 2025  Reason: obvious hack
Thu Jan  2 12:49:31 2025 Leksam (Blue) [Headshot] Tatu (Red)
Thu Jan  2 12:49:33 2025 Deuce (Red) [Headshot] Zomenix (Blue)
Thu Jan  2 12:49:37 2025 elbow (Blue) [SMG] duwah (Red)
Thu Jan  2 12:49:38 2025 vinchi (Blue) [Headshot] ori (Red)
Thu Jan  2 12:49:40 2025  Mahalo for playing aloha.pk tower of babel
Thu Jan  2 12:49:41 2025  communist161 has reached 1000 blocks placed! /heaven unlocked.
Thu Jan  2 12:49:42 2025 HuMaNeTa12345 (Blue) [Fall]
Thu Jan  2 12:49:42 2025 Leksam (Blue) [Rifle] duwah (Red)
Thu Jan  2 12:49:46 2025 SrCanito (Blue) [SMG] Deuce Ex (Red)
Thu Jan  2 12:49:47 2025 vinchi (Blue) [Headshot] RemuS1 (Red)
Thu Jan  2 12:49:51 2025 vinchi (Blue) [Headshot] dmbel (Red)
Thu Jan  2 12:49:53 2025 build and sh*t (Blue) [SMG] Harry (Red)
Thu Jan  2 12:49:53 2025 vinchi (Blue) [Headshot] haritom (Red)
Thu Jan  2 12:49:54 2025 SrCanito (Blue) [SMG] duwah (Red)
Thu Jan  2 12:49:55 2025 Leksam (Blue) [Rifle] ori (Red)
Thu Jan  2 12:49:56 2025 vinchi (Blue) [Headshot] Ding (Red)
Thu Jan  2 12:49:57 2025 Zomenix (Blue) [Fall]
Thu Jan  2 12:49:59 2025 [Team] Ding (Red): 3 top
Thu Jan  2 12:50:00 2025 Y.O.B.A. (Red) [Headshot] CAWWER (Blue)
Thu Jan  2 12:50:00 2025  Votekick for fbw (#21) has ended. Votekick timed out
Thu Jan  2 12:50:01 2025 nedoo dropped Blue's Intel
Thu Jan  2 12:50:01 2025  The intel has returned to the heavens
Thu Jan  2 12:50:01 2025 Leksam (Blue) [Headshot] nedoo (Red)
Thu Jan  2 12:50:04 2025 aaron exia (Red) [SMG] vinchi (Blue)
Thu Jan  2 12:50:04 2025 SrCanito (Blue) [SMG] nedoo (Red)
Thu Jan  2 12:50:05 2025 aaron exia (Red) [SMG] YOTI (Blue)
Thu Jan  2 12:50:05 2025 Tatu (Red) [Headshot] Leksam (Blue)
Thu Jan  2 12:50:06 2025 Ding (Red) [Headshot] SrCanito (Blue)
Thu Jan  2 12:50:06 2025 [Global] nedoo (Red): where omfg
Thu Jan  2 12:50:08 2025 Player YOTI has left
Thu Jan  2 12:50:12 2025 Minx joined Red team
Thu Jan  2 12:50:16 2025 [Team] aaron exia (Red): go up
Thu Jan  2 12:50:19 2025  fbw has a kill-death ratio of 6.58 (237 kills, 36 deaths, 4.33 kills per minute).
Thu Jan  2 12:50:19 2025  fbw removed 3 blocks in the last 2.0 minutes. All of them were map blocks. Last one was
Thu Jan  2 12:50:19 2025  destroyed 33 seconds ago.
Thu Jan  2 12:50:19 2025  nedoo (#5) started a VOTEKICK against fbw (#21). Say /Y to agree
Thu Jan  2 12:50:19 2025  Reason: obvious hack
Thu Jan  2 12:50:22 2025  Minx (#10) voted YES
Thu Jan  2 12:50:24 2025 haritom (Red) [Fall]
Thu Jan  2 12:50:25 2025 Baldvin (Blue) [Rifle] Y.O.B.A. (Red)
Thu Jan  2 12:50:31 2025  rosch (#14) voted YES
Thu Jan  2 12:50:31 2025 dmbel (Red) [Fall]
Thu Jan  2 12:50:32 2025 vinchi (Blue) [Headshot] RemuS1 (Red)
Thu Jan  2 12:50:33 2025 aaron exia (Red) [Headshot] vinchi (Blue)
Thu Jan  2 12:50:40 2025  Build a tower to get the enemy's intel. Take it to your team's tent to win!
Thu Jan  2 12:50:41 2025 [Team] aaron exia (Red): all up now!!!!!
Thu Jan  2 12:50:43 2025 Deuce (Red) [Headshot] HuMaNeTa12345 (Blue)
Thu Jan  2 12:50:44 2025 build and sh*t (Blue) [SMG] ori (Red)
Thu Jan  2 12:50:45 2025 Deuce (Red) [Headshot] CAWWER (Blue)
Thu Jan  2 12:50:45 2025 nedoo (Red) [Fall]
Thu Jan  2 12:50:46 2025 Harry (Red) [Headshot] elbow (Blue)
Thu Jan  2 12:50:49 2025  nedoo (#5) is votekicking fbw (#21). /Y to vote (12 left)
Thu Jan  2 12:50:49 2025  Reason: obvious hack
Thu Jan  2 12:50:52 2025 Minx (Red) [Headshot] Zomenix (Blue)
Thu Jan  2 12:50:52 2025 duwah (Red) [Headshot] BollusFTW (Blue)
Thu Jan  2 12:50:54 2025 Deuce (Red) [Headshot] vinchi (Blue)
Thu Jan  2 12:50:58 2025 Tatu (Red) [Fall]
Thu Jan  2 12:50:59 2025 Deuce Ex (Red) [Fall]
Thu Jan  2 12:51:01 2025 Y.O.B.A. (Red) [Headshot] rosch (Blue)
Thu Jan  2 12:51:05 2025 ori (Red) [Headshot] build and sh*t (Blue)
Thu Jan  2 12:51:08 2025 dmbel (Red) [Fall]
Thu Jan  2 12:51:08 2025 [Global] Deuce (Red): 3200 dpi g
Thu Jan  2 12:51:10 2025 Harry (Red) [Fall]
Thu Jan  2 12:51:12 2025 Tatu (Red) [Fall]
Thu Jan  2 12:51:19 2025 Leksam (Blue) [Headshot] Y.O.B.A. (Red)
Thu Jan  2 12:51:19 2025 SrCanito (Blue) [Headshot] duwah (Red)
Thu Jan  2 12:51:19 2025 Zomenix (Blue) [Fall]
Thu Jan  2 12:51:19 2025 aaron exia (Red) [Headshot] HuMaNeTa12345 (Blue)
Thu Jan  2 12:51:19 2025 aaron exia (Red) [Headshot] CAWWER (Blue)
Thu Jan  2 12:51:19 2025 Minx (Red) [Fall]
Thu Jan  2 12:51:19 2025  nedoo (#5) is votekicking fbw (#21). /Y to vote (12 left)
Thu Jan  2 12:51:19 2025  Reason: obvious hack
Thu Jan  2 12:51:20 2025 vinchi (Blue) [Headshot] nedoo (Red)
Thu Jan  2 12:51:22 2025 Deuce (Red) [Headshot] elbow (Blue)
Thu Jan  2 12:51:23 2025 fbw (Blue) [Headshot] Tatu (Red)
Thu Jan  2 12:51:25 2025 fbw (Blue) [Headshot] dmbel (Red)
Thu Jan  2 12:51:26 2025 duwah (Red) [Weapon Change]
Thu Jan  2 12:51:26 2025 [Global] nedoo (Red): vinchi camper
Thu Jan  2 12:51:26 2025 CAWWER (Blue) [Weapon Change]
Thu Jan  2 12:51:27 2025 Player Zomenix has left
Thu Jan  2 12:51:27 2025 [Team] haritom (Red): HOLAAAA TATAU
Thu Jan  2 12:51:31 2025 vinchi (Blue) [Headshot] aaron exia (Red)
Thu Jan  2 12:51:34 2025 haritom (Red) [Headshot] fbw (Blue)
Thu Jan  2 12:51:35 2025 vinchi (Blue) [Headshot] Ding (Red)
Thu Jan  2 12:51:36 2025 vinchi (Blue) [Headshot] Deuce (Red)
Thu Jan  2 12:51:39 2025 RemuS1 (Red) [Headshot] BollusFTW (Blue)
Thu Jan  2 12:51:40 2025  Type /HELP for info & commands
Thu Jan  2 12:51:45 2025 [Global] haritom (Red): HOLAAAAA TATU
Thu Jan  2 12:51:45 2025 Y.O.B.A. (Red) [Headshot] SrCanito (Blue)
Thu Jan  2 12:51:46 2025 fbw (Blue) [Headshot] RemuS1 (Red)
Thu Jan  2 12:51:48 2025 Harry (Red) [Headshot] vinchi (Blue)
Thu Jan  2 12:51:48 2025 fbw (Blue) [Headshot] Deuce Ex (Red)
Thu Jan  2 12:51:49 2025 build and sh*t (Blue) [SMG] Harry (Red)
Thu Jan  2 12:51:49 2025 Y.O.B.A. (Red) [Headshot] Leksam (Blue)
Thu Jan  2 12:51:49 2025  nedoo (#5) is votekicking fbw (#21). /Y to vote (12 left)
Thu Jan  2 12:51:49 2025  Reason: obvious hack
Thu Jan  2 12:51:51 2025 fbw (Blue) [Headshot] ori (Red)
Thu Jan  2 12:51:53 2025 SrCanito (Blue) [Fall]
Thu Jan  2 12:51:55 2025 fbw (Blue) [Headshot] Deuce Ex (Red)
Thu Jan  2 12:51:56 2025 Ding (Red) [Headshot] build and sh*t (Blue)
Thu Jan  2 12:52:03 2025 rosch (Blue) [Headshot] Y.O.B.A. (Red)
Thu Jan  2 12:52:06 2025 Harry (Red) [Headshot] CAWWER (Blue)
Thu Jan  2 12:52:13 2025 fbw (Blue) [Headshot] Ding (Red)
Thu Jan  2 12:52:19 2025 Minx (Red) [Rifle] rosch (Blue)
Thu Jan  2 12:52:19 2025  Votekick for fbw (#21) has ended. Votekick timed out
Thu Jan  2 12:52:20 2025 nedoo (Red) [Headshot] vinchi (Blue)
Thu Jan  2 12:52:21 2025 Player rosch has left
Thu Jan  2 12:52:21 2025 haritom (Red) [Fall]
Thu Jan  2 12:52:22 2025 aaron exia (Red) [Fall]
Thu Jan  2 12:52:22 2025 Player Devill has left
Thu Jan  2 12:52:27 2025 fbw (Blue) [Headshot] Harry (Red)
Thu Jan  2 12:52:30 2025 RemuS1 (Red) [Headshot] HuMaNeTa12345 (Blue)
Thu Jan  2 12:52:30 2025 Yamadalv999 (Blue) [Fall]
Thu Jan  2 12:52:31 2025 Devill joined Blue team
Thu Jan  2 12:52:41 2025 nedoo picked up Blue's Intel.
Thu Jan  2 12:52:41 2025  Visit our community forums at https://aloha.pk/
Thu Jan  2 12:52:41 2025 nedoo (Red) [Grenade] CAWWER (Blue)
Thu Jan  2 12:52:41 2025 Leksam (Blue) [Headshot] Minx (Red)
Thu Jan  2 12:52:41 2025 Y.O.B.A. (Red) [SMG] build and sh*t (Blue)
Thu Jan  2 12:52:42 2025 nedoo (Red) [Grenade] communist161 (Blue)
Thu Jan  2 12:52:42 2025 dmbel (Red) [Shotgun]
Thu Jan  2 12:52:47 2025 fbw (Blue) [Rifle] Deuce Ex (Red)
Thu Jan  2 12:52:47 2025 SrCanito (Blue) [Grenade] RemuS1 (Red)
Thu Jan  2 12:52:49 2025 Y.O.B.A. (Red) [Headshot] vinchi (Blue)
Thu Jan  2 12:52:50 2025 Deuce (Red) [Headshot] elbow (Blue)
Thu Jan  2 12:52:53 2025 Leksam (Blue) [Rifle] Tatu (Red)
Thu Jan  2 12:52:54 2025 haritom (Red) [Headshot] fbw (Blue)
Thu Jan  2 12:52:56 2025 Minx (Red) [Fall]
Thu Jan  2 12:52:57 2025 duwah (Red) [Headshot] Baldvin (Blue)
Thu Jan  2 12:52:57 2025 Devill (Blue) [SMG] Y.O.B.A. (Red)
Thu Jan  2 12:52:58 2025 SrCanito (Blue) [SMG] sago (Red)
Thu Jan  2 12:53:00 2025 haritom (Red) [Headshot] Devill (Blue)
Thu Jan  2 12:53:02 2025 SrCanito (Blue) [Headshot] haritom (Red)
Thu Jan  2 12:53:04 2025 aaron exia (Red) [SMG] SrCanito (Blue)
Thu Jan  2 12:53:11 2025 duwah (Red) [Headshot] Yamadalv999 (Blue)
Thu Jan  2 12:53:14 2025 HuMaNeTa12345 (Blue) [Fall]
Thu Jan  2 12:53:17 2025 aaron exia (Red) [SMG] build and sh*t (Blue)
Thu Jan  2 12:53:17 2025 Harry (Red) [Headshot] BollusFTW (Blue)
Thu Jan  2 12:53:22 2025 fbw (Blue) [Headshot] aaron exia (Red)
Thu Jan  2 12:53:23 2025 Deuce (Red) [Headshot] CAWWER (Blue)
Thu Jan  2 12:53:25 2025 fbw (Blue) [Headshot] Y.O.B.A. (Red)
Thu Jan  2 12:53:26 2025 [Global] nedoo (Red): where is our house?
Thu Jan  2 12:53:27 2025 [Global] nedoo (Red): omfg
Thu Jan  2 12:53:27 2025 dmbel (Red) [Fall]
Thu Jan  2 12:53:29 2025 vinchi (Blue) [Headshot] sago (Red)
Thu Jan  2 12:53:30 2025 fbw (Blue) [Headshot] Harry (Red)
Thu Jan  2 12:53:33 2025 [Team] haritom (Red): HOLAAAA HARRI
Thu Jan  2 12:53:36 2025 Yamadalv999 (Blue) [Headshot] Y.O.B.A. (Red)
Thu Jan  2 12:53:36 2025 aaron exia (Red) [Headshot] Yamadalv999 (Blue)
Thu Jan  2 12:53:37 2025 Leksam (Blue) [Headshot] Minx (Red)
Thu Jan  2 12:53:40 2025  Come chat with us at https://discord.aloha.pk/
Thu Jan  2 12:53:40 2025 vinchi (Blue) [Headshot] Deuce (Red)
Thu Jan  2 12:53:41 2025 SrCanito (Blue) [SMG] Deuce Ex (Red)
Thu Jan  2 12:53:42 2025 [Team] Y.O.B.A. (Red): G4G5
Thu Jan  2 12:53:43 2025 Ding (Red) [Headshot] Devill (Blue)
Thu Jan  2 12:53:47 2025 pijuansiyo joined Blue team
Thu Jan  2 12:53:48 2025 Player Devill has left
Thu Jan  2 12:53:50 2025 Ding (Red) [Headshot] vinchi (Blue)
Thu Jan  2 12:53:53 2025 [Team] Deuce Ex (Red): you mean the tent? behind spawn
Thu Jan  2 12:53:59 2025 RemuS1 (Red) [Headshot] CAWWER (Blue)
Thu Jan  2 12:54:02 2025 duwah (Red) [SMG] elbow (Blue)
Thu Jan  2 12:54:02 2025 fbw (Blue) [Headshot] haritom (Red)
Thu Jan  2 12:54:03 2025 Minx (Red) [Headshot] SrCanito (Blue)
Thu Jan  2 12:54:04 2025 vinchi (Blue) [Headshot] ori (Red)
Thu Jan  2 12:54:04 2025 duwah (Red) [Headshot] CAWWER (Blue)
Thu Jan  2 12:54:06 2025 RemuS1 (Red) [Headshot] BollusFTW (Blue)
Thu Jan  2 12:54:08 2025 fbw (Blue) [Headshot] sago (Red)
Thu Jan  2 12:54:08 2025 build and sh*t (Blue) [Headshot] duwah (Red)
Thu Jan  2 12:54:14 2025 pijuansiyo (Blue) [SMG] Y.O.B.A. (Red)
Thu Jan  2 12:54:15 2025 Harry (Red) [Headshot] HuMaNeTa12345 (Blue)
Thu Jan  2 12:54:15 2025 nedoo captured Blue's Intel.
Thu Jan  2 12:54:15 2025 Ding (Red) [SMG] pijuansiyo (Blue)
Thu Jan  2 12:54:17 2025 [Global] nedoo (Red): yes lol
Thu Jan  2 12:54:21 2025 Deuce (Red) [Fall]
Thu Jan  2 12:54:23 2025 Harry (Red) [Headshot] vinchi (Blue)
Thu Jan  2 12:54:28 2025 Harry (Red) [Headshot] build and sh*t (Blue)
Thu Jan  2 12:54:28 2025 fbw (Blue) [Headshot] Harry (Red)
Thu Jan  2 12:54:32 2025 Deuce Ex picked up Blue's Intel.
Thu Jan  2 12:54:36 2025 elbow (Blue) [Headshot] duwah (Red)
Thu Jan  2 12:54:37 2025 RemuS1 (Red) [Headshot] elbow (Blue)
Thu Jan  2 12:54:37 2025 Stinky_hole joined Blue team
Thu Jan  2 12:54:39 2025 fbw (Blue) [Headshot] sago (Red)
Thu Jan  2 12:54:40 2025  If you believe a player is breaking the rules, please let us know with /ADMIN
Thu Jan  2 12:54:40 2025 Minx (Red) [Headshot] SrCanito (Blue)
Thu Jan  2 12:54:42 2025 fbw (Blue) [Headshot] nedoo (Red)
Thu Jan  2 12:54:47 2025 [Global] nedoo (Red): fbw camping cheater
Thu Jan  2 12:54:50 2025 vinchi (Blue) [Headshot] RemuS1 (Red)
Thu Jan  2 12:54:50 2025  fbw has a kill-death ratio of 6.68 (254 kills, 38 deaths, 4.29 kills per minute).
Thu Jan  2 12:54:50 2025  fbw removed 1 block in the last 2.0 minutes. Some of them were placed by fbw. Last one
Thu Jan  2 12:54:50 2025  was destroyed 51 seconds ago, and belonged to fbw.
Thu Jan  2 12:54:50 2025  nedoo (#5) started a VOTEKICK against fbw (#21). Say /Y to agree
Thu Jan  2 12:54:50 2025  Reason: cheat
Thu Jan  2 12:54:53 2025  Minx (#10) voted YES
Thu Jan  2 12:54:54 2025 vinchi (Blue) [Headshot] duwah (Red)
Thu Jan  2 12:55:00 2025 Deuce Ex captured Blue's Intel.
Thu Jan  2 12:55:00 2025 Leksam (Blue) [Headshot] Y.O.B.A. (Red)
Thu Jan  2 12:55:03 2025 [Global] Deuce (Red): bruh
Thu Jan  2 12:55:05 2025 Ding (Red) [Headshot] build and sh*t (Blue)
Thu Jan  2 12:55:06 2025 fbw (Blue) [Headshot] nedoo (Red)
Thu Jan  2 12:55:07 2025  dmbel (#4) voted YES
Thu Jan  2 12:55:07 2025 Harry (Red) [Headshot] vinchi (Blue)
Thu Jan  2 12:55:08 2025 Harry (Red) [Headshot] elbow (Blue)
Thu Jan  2 12:55:10 2025 [Global] nedoo (Red): fbw again
Thu Jan  2 12:55:10 2025 Deuce (Red) [Headshot] Yamadalv999 (Blue)
Thu Jan  2 12:55:11 2025 aaron exia (Red) [Fall]
Thu Jan  2 12:55:11 2025 [Global] nedoo (Red): cheater
Thu Jan  2 12:55:15 2025 [Global] Deuce (Red): he is not 
Thu Jan  2 12:55:15 2025 fbw (Blue) [Headshot] Ding (Red)
Thu Jan  2 12:55:15 2025 Stinky_hole (Blue) [Headshot] sago (Red)
Thu Jan  2 12:55:16 2025 [Global] nedoo (Red): cant even see him he shoots me 
Thu Jan  2 12:55:17 2025 Yamadalv999 (Blue) [Fall]
Thu Jan  2 12:55:19 2025  nedoo (#5) is votekicking fbw (#21). /Y to vote (12 left)
Thu Jan  2 12:55:19 2025  Reason: cheat
Thu Jan  2 12:55:19 2025 [Global] Deuce (Red): he playing on zerospades dumbass
Thu Jan  2 12:55:21 2025 [Global] Deuce (Red): same as me
Thu Jan  2 12:55:22 2025 Harry (Red) [Headshot] fbw (Blue)
Thu Jan  2 12:55:26 2025 pijuansiyo (Blue) [SMG] dmbel (Red)
Thu Jan  2 12:55:26 2025 [Global] Deuce (Red): so how the fuck he could cheat
Thu Jan  2 12:55:26 2025 [Global] nedoo (Red): dude how are you going to explain k/d ratio 7 
Thu Jan  2 12:55:27 2025 [Global] Ding (Red): zerospades hack clienbt
Thu Jan  2 12:55:31 2025 [Global] fbw (Blue): A fellow zerospades bro? Nice.
Thu Jan  2 12:55:32 2025 Harry (Red) [Headshot] vinchi (Blue)
Thu Jan  2 12:55:34 2025 Harry picked up Blue's Intel.
Thu Jan  2 12:55:36 2025 build and sh*t (Blue) [Headshot] RemuS1 (Red)
Thu Jan  2 12:55:38 2025 Harry (Red) [Headshot] elbow (Blue)
Thu Jan  2 12:55:40 2025 ori (Red) [Fall]
Thu Jan  2 12:55:40 2025  This server runs imger and glow. Use /IMG or /GLOW to toggle them.
Thu Jan  2 12:55:45 2025 [Global] Deuce (Red): yea
Thu Jan  2 12:55:47 2025 [Global] nedoo (Red): explain me 7 k/d ratio
Thu Jan  2 12:55:48 2025 Y.O.B.A. (Red) [Headshot] HuMaNeTa12345 (Blue)
Thu Jan  2 12:55:49 2025 [Global] Deuce (Red): 0.6 one
Thu Jan  2 12:55:49 2025  nedoo (#5) is votekicking fbw (#21). /Y to vote (12 left)
Thu Jan  2 12:55:49 2025  Reason: cheat
Thu Jan  2 12:55:50 2025 build and sh*t (Blue) [Headshot] Ding (Red)
Thu Jan  2 12:55:54 2025 vinchi (Blue) [Grenade] Y.O.B.A. (Red)
Thu Jan  2 12:55:55 2025 Yamadalv999 (Blue) [Fall]
Thu Jan  2 12:55:56 2025 aaron exia (Red) [Headshot] build and sh*t (Blue)
Thu Jan  2 12:55:57 2025 CAWWER (Blue) [Rifle]
Thu Jan  2 12:55:58 2025 duwah (Red) [Grenade] vinchi (Blue)
Thu Jan  2 12:55:59 2025 [Global] Deuce (Red): nedoo its normal kd if someone camping n rifle
Thu Jan  2 12:55:59 2025 Harry captured Blue's Intel.
Thu Jan  2 12:55:59 2025 vinchi (Blue) [Grenade] duwah (Red)
Thu Jan  2 12:55:59 2025 haritom picked up Blue's Intel.
Thu Jan  2 12:56:00 2025 pijuansiyo (Blue) [Grenade]
Thu Jan  2 12:56:01 2025 [Global] Deuce (Red): d
Thu Jan  2 12:56:05 2025 CAWWER (Blue) [Fall]
Thu Jan  2 12:56:06 2025 [Global] Deuce (Red): he has pretty good aim too 
Thu Jan  2 12:56:08 2025 [Team] Minx (Red): all /y
Thu Jan  2 12:56:13 2025  Ding (#22) voted YES
Thu Jan  2 12:56:14 2025 communist161 (Blue) [Headshot] Deuce Ex (Red)
Thu Jan  2 12:56:15 2025 communist161 (Blue) [Grenade] RemuS1 (Red)
Thu Jan  2 12:56:15 2025 communist161 (Blue) [Grenade]
Thu Jan  2 12:56:16 2025 SrCanito (Blue) [SMG]
Thu Jan  2 12:56:18 2025 Yamadalv999 (Blue) [Fall]
Thu Jan  2 12:56:19 2025  nedoo (#5) is votekicking fbw (#21). /Y to vote (11 left)
Thu Jan  2 12:56:19 2025  Reason: cheat
Thu Jan  2 12:56:19 2025 Player CAWWER has left
Thu Jan  2 12:56:23 2025 ori (Red) [Fall]
Thu Jan  2 12:56:24 2025 haritom captured Blue's Intel.
Thu Jan  2 12:56:25 2025 pijuansiyo (Blue) [SMG] Harry (Red)
Thu Jan  2 12:56:25 2025 duwah (Red) [Headshot] pijuansiyo (Blue)
Thu Jan  2 12:56:26 2025 vinchi (Blue) [Headshot] nedoo (Red)
Thu Jan  2 12:56:28 2025 [Global] fbw (Blue): I found a bug testing out 0.06, got it fixed. Feels good :-)
Thu Jan  2 12:56:28 2025 vinchi (Blue) [Headshot] Y.O.B.A. (Red)
Thu Jan  2 12:56:28 2025 [Global] nedoo (Red): omfg
Thu Jan  2 12:56:28 2025 Stinky_hole (Blue) [Headshot] Deuce (Red)
Thu Jan  2 12:56:30 2025 [Global] nedoo (Red): dude
Thu Jan  2 12:56:31 2025 vinchi (Blue) [Headshot] duwah (Red)
Thu Jan  2 12:56:34 2025 [Global] nedoo (Red): 7.9 k/d ratio
Thu Jan  2 12:56:34 2025 vinchi (Blue) [Headshot] Ding (Red)
Thu Jan  2 12:56:36 2025 Tatu (Red) [Fall]
Thu Jan  2 12:56:38 2025 aaron exia (Red) [Headshot] build and sh*t (Blue)
Thu Jan  2 12:56:40 2025  Use /EMOTE to draw an emote on the map!
Thu Jan  2 12:56:42 2025 SrCanito (Blue) [SMG] Minx (Red)
Thu Jan  2 12:56:43 2025 Harry (Red) [Rifle] vinchi (Blue)
Thu Jan  2 12:56:47 2025 communist161 (Blue) [Fall]
Thu Jan  2 12:56:49 2025  Votekick for fbw (#21) has ended. Votekick timed out
Thu Jan  2 12:56:50 2025 Harry (Red) [Headshot] HuMaNeTa12345 (Blue)
Thu Jan  2 12:56:53 2025 [Global] fbw (Blue): I'm still on 0.05 because I can't compile zerospades on win7
Thu Jan  2 12:56:53 2025 duwah (Red) [Headshot] pijuansiyo (Blue)
Thu Jan  2 12:56:54 2025 Harry (Red) [Headshot] Yamadalv999 (Blue)
Thu Jan  2 12:56:59 2025 SrCanito (Blue) [SMG] dmbel (Red)
Thu Jan  2 12:56:59 2025 fbw (Blue) [Headshot] Y.O.B.A. (Red)
Thu Jan  2 12:56:59 2025 fbw (Blue) [Headshot] duwah (Red)
Thu Jan  2 12:57:00 2025 fbw (Blue) [Headshot] Deuce Ex (Red)
Thu Jan  2 12:57:03 2025 Deuce1 joined Blue team
Thu Jan  2 12:57:08 2025 fbw (Blue) [Headshot] nedoo (Red)
Thu Jan  2 12:57:09 2025 Harry (Red) [Headshot] fbw (Blue)
Thu Jan  2 12:57:12 2025 [Global] nedoo (Red): fucking cheater
Thu Jan  2 12:57:14 2025 dmbel (Red) [Headshot] BollusFTW (Blue)
Thu Jan  2 12:57:15 2025 RemuS1 (Red) [SMG] Stinky_hole (Blue)
Thu Jan  2 12:57:15 2025 vinchi (Blue) [Headshot] Harry (Red)
Thu Jan  2 12:57:16 2025 [Global] Deuce (Red): hmm but zerospades 0.06 is compiled already
Thu Jan  2 12:57:18 2025 [Global] nedoo (Red): fbw are you a programer?
Thu Jan  2 12:57:19 2025 Grabarz joined Blue team
Thu Jan  2 12:57:19 2025 SrCanito (Blue) [Melee] Ding (Red)
Thu Jan  2 12:57:21 2025 vinchi (Blue) [Headshot] duwah (Red)
Thu Jan  2 12:57:25 2025 ori (Red) [Rifle]
Thu Jan  2 12:57:27 2025 dmbel (Red) [Fall]
Thu Jan  2 12:57:27 2025 vinchi (Blue) [Headshot] Y.O.B.A. (Red)
Thu Jan  2 12:57:28 2025 vinchi (Blue) [Headshot] Deuce Ex (Red)
Thu Jan  2 12:57:31 2025 sago (Red) [SMG] fbw (Blue)
Thu Jan  2 12:57:31 2025 haritom (Red) [Fall]
Thu Jan  2 12:57:31 2025 elbow (Blue) [Headshot] sago (Red)
Thu Jan  2 12:57:32 2025 [Global] fbw (Blue): Yeah but it's a bit fuarked.
Thu Jan  2 12:57:33 2025 build and sh*t picked up Red's Intel.
Thu Jan  2 12:57:40 2025 Harry (Red) [Headshot] pijuansiyo (Blue)
Thu Jan  2 12:57:40 2025  Use /HEAVEN to paint the babel platform!
Thu Jan  2 12:57:42 2025 aaron exia (Red) [Headshot] vinchi (Blue)
Thu Jan  2 12:57:49 2025 duwah (Red) [Headshot] Leksam (Blue)
Thu Jan  2 12:57:49 2025 aaron exia (Red) [Headshot] communist161 (Blue)
Thu Jan  2 12:57:50 2025 [Global] Deuce (Red): welp zero spades best client beacuse of dmg indicator
Thu Jan  2 12:57:51 2025 [Global] Deuce (Red): hit
Thu Jan  2 12:57:56 2025 build and sh*t captured Red's Intel.
Thu Jan  2 12:57:57 2025 Ding (Red) [Headshot] Deuce1 (Blue)
Thu Jan  2 12:57:57 2025 [Global] nedoo (Red): how do you mean fuarked?
Thu Jan  2 12:58:01 2025 ori (Red) [Fall]
Thu Jan  2 12:58:08 2025 Yamadalv999 (Blue) [Fall]
Thu Jan  2 12:58:09 2025 Harry (Red) [Headshot] vinchi (Blue)
Thu Jan  2 12:58:10 2025 [Global] fbw (Blue): Fucked.
Thu Jan  2 12:58:11 2025 pijuansiyo (Blue) [Headshot] Deuce Ex (Red)
Thu Jan  2 12:58:11 2025 duwah (Red) [Headshot] pijuansiyo (Blue)
Thu Jan  2 12:58:16 2025 Y.O.B.A. picked up Blue's Intel.
Thu Jan  2 12:58:17 2025 [Global] fbw (Blue): A few bugs.
Thu Jan  2 12:58:18 2025 ori (Red) [Fall]
Thu Jan  2 12:58:20 2025 Harry (Red) [Headshot] Grabarz (Blue)
Thu Jan  2 12:58:21 2025 Harry (Red) [Headshot] Deuce1 (Blue)
Thu Jan  2 12:58:22 2025 duwah (Red) [Headshot] build and sh*t (Blue)
Thu Jan  2 12:58:27 2025 Ding (Red) [Headshot] BollusFTW (Blue)
Thu Jan  2 12:58:28 2025 elbow (Blue) [SMG] Ding (Red)
Thu Jan  2 12:58:31 2025 HuMaNeTa12345 (Blue) [Fall]
Thu Jan  2 12:58:32 2025 pijuansiyo (Blue) [Grenade] RemuS1 (Red)
Thu Jan  2 12:58:33 2025 Deuce (Red) [Headshot] Yamadalv999 (Blue)
Thu Jan  2 12:58:34 2025 fbw (Blue) [Rifle] Tatu (Red)
Thu Jan  2 12:58:35 2025 pijuansiyo (Blue) [SMG] nedoo (Red)
Thu Jan  2 12:58:36 2025 nedoo (Red) [Grenade] vinchi (Blue)
Thu Jan  2 12:58:37 2025 Harry (Red) [Headshot] pijuansiyo (Blue)
Thu Jan  2 12:58:38 2025 Minx (Red) [Headshot] Yamadalv999 (Blue)
Thu Jan  2 12:58:40 2025 Minx (Red) [Headshot] pijuansiyo (Blue)
Thu Jan  2 12:58:40 2025 Player vinchi has left
Thu Jan  2 12:58:40 2025  Get a 20 killstreak and 1 intel capture(s) to unlock /APOC!
Thu Jan  2 12:58:41 2025 Minx (Red) [Headshot] fbw (Blue)
Thu Jan  2 12:58:46 2025  With 2247 blocks placed, sago is granted the right to unleash the apocalypse.
Thu Jan  2 12:58:46 2025 Y.O.B.A. captured Blue's Intel.
Thu Jan  2 12:58:49 2025 Stinky_hole (Blue) [Headshot] Deuce Ex (Red)
Thu Jan  2 12:58:51 2025 Harry (Red) [Headshot] Deuce1 (Blue)
Thu Jan  2 12:58:52 2025 duwah (Red) [Rifle] build and sh*t (Blue)
Thu Jan  2 12:58:52 2025 elbow (Blue) [SMG] duwah (Red)
Thu Jan  2 12:58:53 2025 Harry picked up Blue's Intel.
Thu Jan  2 12:58:56 2025 ori (Red) [Fall]
Thu Jan  2 12:58:58 2025 pijuansiyo (Blue) [Headshot] Minx (Red)
Thu Jan  2 12:59:00 2025 Player Baldvin has left
Thu Jan  2 12:59:00 2025 fbw (Blue) [Fall]
Thu Jan  2 12:59:01 2025 HuMaNeTa12345 (Blue) [Fall]
Thu Jan  2 12:59:03 2025 aaron exia (Red) [SMG] Stinky_hole (Blue)
Thu Jan  2 12:59:06 2025 Y.O.B.A. (Red) [SMG] elbow (Blue)
Thu Jan  2 12:59:06 2025 Deuce (Red) [Headshot] Yamadalv999 (Blue)
Thu Jan  2 12:59:09 2025 Deuce (Red) [Headshot] Grabarz (Blue)
Thu Jan  2 12:59:14 2025 Harry captured Blue's Intel.
Thu Jan  2 12:59:14 2025 Deuce (Red) [Fall]
Thu Jan  2 12:59:19 2025 fbw (Blue) [Headshot] Y.O.B.A. (Red)
Thu Jan  2 12:59:20 2025 fbw (Blue) [Headshot] Deuce Ex (Red)
Thu Jan  2 12:59:20 2025 Minx (Red) [Fall]
Thu Jan  2 12:59:26 2025 elbow (Blue) [Melee] sago (Red)
Thu Jan  2 12:59:28 2025 RemuS1 (Red) [SMG] pijuansiyo (Blue)
Thu Jan  2 12:59:35 2025 Stinky_hole (Blue) [Headshot] Ding (Red)
Thu Jan  2 12:59:36 2025 BollusFTW (Blue) [Headshot] duwah (Red)
Thu Jan  2 12:59:37 2025 Harry (Red) [Headshot] build and sh*t (Blue)
Thu Jan  2 12:59:39 2025 sago (Red) [Headshot] SrCanito (Blue)
Thu Jan  2 12:59:40 2025 sago (Red) [Headshot] Leksam (Blue)
Thu Jan  2 12:59:40 2025  Capture your team's 5th intel to unlock /APOC for your team's best builder!
Thu Jan  2 12:59:46 2025 aaron exia (Red) [Headshot] Grabarz (Blue)
Thu Jan  2 12:59:53 2025 [Global] fbw (Blue): I wish you could make it so in better spades the blocks also render like in old old voxlap
Thu Jan  2 12:59:54 2025 duwah (Red) [Rifle] Stinky_hole (Blue)
Thu Jan  2 12:59:54 2025 [Global] fbw (Blue): versions
Thu Jan  2 12:59:55 2025 elbow (Blue) [Headshot] duwah (Red)
Thu Jan  2 12:59:58 2025 You must be closer to the enemy's base to shoot blocks!
Thu Jan  2 12:59:59 2025 Minx picked up Blue's Intel.
Thu Jan  2 13:00:02 2025 RemuS1 (Red) [SMG] pijuansiyo (Blue)
Thu Jan  2 13:00:03 2025 Y.O.B.A. (Red) [Headshot] Deuce1 (Blue)
Thu Jan  2 13:00:07 2025 BollusFTW (Blue) [SMG] Deuce Ex (Red)
Thu Jan  2 13:00:08 2025 [Team] aaron exia (Red): go up
Thu Jan  2 13:00:08 2025 leroux joined Spectator team
Thu Jan  2 13:00:08 2025 Y.O.B.A. (Red) [Melee] HuMaNeTa12345 (Blue)
Thu Jan  2 13:00:09 2025 Player pijuansiyo has left
Thu Jan  2 13:00:09 2025 BollusFTW (Blue) [Headshot] RemuS1 (Red)
Thu Jan  2 13:00:12 2025 [Global] fbw (Blue): where the blocks are very rough
Thu Jan  2 13:00:12 2025 elbow (Blue) [SMG] nedoo (Red)
Thu Jan  2 13:00:13 2025 aaron exia (Red) [SMG] build and sh*t (Blue)
Thu Jan  2 13:00:17 2025 Grabarz (Blue) [SMG] Harry (Red)
Thu Jan  2 13:00:17 2025 Minx captured Blue's Intel.
Thu Jan  2 13:00:18 2025 [Global] Deuce (Red): oh i like betterspades too 
Thu Jan  2 13:00:22 2025 [Global] Deuce (Red): but i think
Thu Jan  2 13:00:23 2025 Player build and sh*t has left
Thu Jan  2 13:00:23 2025  sago has unleashed an apocalypse from God.
Thu Jan  2 13:00:24 2025 Ding (Red) [Headshot] Stinky_hole (Blue)
Thu Jan  2 13:00:24 2025  The apocalypse begins in 5
Thu Jan  2 13:00:25 2025 SrCanito (Blue) [Headshot] sago (Red)
Thu Jan  2 13:00:25 2025  The apocalypse begins in 4
Thu Jan  2 13:00:25 2025 SrCanito (Blue) [SMG] duwah (Red)
Thu Jan  2 13:00:26 2025  The apocalypse begins in 3
Thu Jan  2 13:00:27 2025  The apocalypse begins in 2
Thu Jan  2 13:00:27 2025 [Global] Deuce (Red): betterspades have crazy low recoil
Thu Jan  2 13:00:28 2025  The apocalypse begins in 1
Thu Jan  2 13:00:29 2025 leroux joined Blue team
Thu Jan  2 13:00:33 2025 [Team] Deuce Ex (Red): gotta bring that tower down
Thu Jan  2 13:00:37 2025 Minx picked up Blue's Intel.
Thu Jan  2 13:00:38 2025 sago (Red) [Grenade] leroux (Blue)
Thu Jan  2 13:00:39 2025 Minx dropped Blue's Intel
Thu Jan  2 13:00:39 2025 BollusFTW (Blue) [SMG] Minx (Red)
Thu Jan  2 13:00:39 2025 YOTI joined Blue team
Thu Jan  2 13:00:40 2025 BollusFTW (Blue) [SMG] Deuce Ex (Red)
Thu Jan  2 13:00:40 2025  Mahalo for playing aloha.pk tower of babel
Thu Jan  2 13:00:42 2025 [Global] fbw (Blue): Does it? I haven't noticed.
Thu Jan  2 13:00:45 2025  The apocalypse has ended.
Thu Jan  2 13:00:46 2025 Deuce (Red) [Headshot] Grabarz (Blue)
Thu Jan  2 13:00:47 2025 BollusFTW (Blue) [Headshot] Deuce (Red)
Thu Jan  2 13:00:48 2025 Player RemuS1 has left
Thu Jan  2 13:00:48 2025 SrCanito (Blue) [Headshot] ori (Red)
Thu Jan  2 13:00:48 2025 RemuS joined Red team
Thu Jan  2 13:00:50 2025 fbw (Blue) [Headshot] Ding (Red)
Thu Jan  2 13:00:52 2025 Player YOTI has left
Thu Jan  2 13:00:54 2025 aaron exia (Red) [SMG]
Thu Jan  2 13:00:54 2025 [Global] Deuce (Red): Yes
Thu Jan  2 13:00:55 2025 fbw (Blue) [Fall]
Thu Jan  2 13:01:01 2025 Yamadalv999 (Blue) [Fall]
Thu Jan  2 13:01:02 2025 YOTI joined Blue team
Thu Jan  2 13:01:03 2025 [Global] Deuce (Red): compared to classic voxlap huge diff
Thu Jan  2 13:01:07 2025 Leksam (Blue) [Rifle] sago (Red)
Thu Jan  2 13:01:08 2025 haritom (Red) [Fall]
Thu Jan  2 13:01:08 2025 [Global] Deuce (Red): i dont know about zero/open spades 
Thu Jan  2 13:01:10 2025 Harry picked up Blue's Intel.
Thu Jan  2 13:01:12 2025 ori (Red) [Fall]
Thu Jan  2 13:01:12 2025 duwah (Red) [SMG] elbow (Blue)
Thu Jan  2 13:01:13 2025 Yamadalv999 (Blue) [Headshot] Y.O.B.A. (Red)
Thu Jan  2 13:01:15 2025 YOTI (Blue) [Fall]
Thu Jan  2 13:01:16 2025 BollusFTW (Blue) [SMG] duwah (Red)
Thu Jan  2 13:01:17 2025 [Global] Deuce (Red): but i think betterspades have lowest recoil
Thu Jan  2 13:01:17 2025 HuMaNeTa12345 (Blue) [SMG]
Thu Jan  2 13:01:17 2025 duwah (Red) [Grenade] Grabarz (Blue)
Thu Jan  2 13:01:24 2025 BollusFTW (Blue) [Headshot] Minx (Red)
Thu Jan  2 13:01:25 2025 Deuce Ex (Red) [Grenade] BollusFTW (Blue)
Thu Jan  2 13:01:27 2025 Harry captured Blue's Intel.
Thu Jan  2 13:01:33 2025 BollusFTW (Blue) [SMG] Deuce Ex (Red)
Thu Jan  2 13:01:36 2025 YOTI (Blue) [Weapon Change]
Thu Jan  2 13:01:36 2025 You can't destroy your team's blocks in this area. Attack the enemy's tower!
Thu Jan  2 13:01:40 2025  Build a tower to get the enemy's intel. Take it to your team's tent to win!
Thu Jan  2 13:01:41 2025 Deuce (Red) [Rifle] communist161 (Blue)
Thu Jan  2 13:01:41 2025 fbw (Blue) [Headshot] sago (Red)
Thu Jan  2 13:01:44 2025 Y.O.B.A. (Red) [SMG] HuMaNeTa12345 (Blue)
Thu Jan  2 13:01:45 2025 fbw (Blue) [Headshot] Harry (Red)
Thu Jan  2 13:01:46 2025 Stinky_hole (Blue) [Headshot] Deuce (Red)
Thu Jan  2 13:01:52 2025 elbow (Blue) [SMG] duwah (Red)
Thu Jan  2 13:01:54 2025 Minx picked up Blue's Intel.
Thu Jan  2 13:01:56 2025 YOTI (Blue) [Weapon Change]
Thu Jan  2 13:01:57 2025 Yamadalv999 (Blue) [Headshot] RemuS (Red)
Thu Jan  2 13:02:01 2025 aaron exia (Red) [Headshot] BollusFTW (Blue)
Thu Jan  2 13:02:08 2025 sago (Red) [Fall]
Thu Jan  2 13:02:08 2025 Stinky_hole (Blue) [Headshot] aaron exia (Red)
Thu Jan  2 13:02:10 2025 Player YOTI has left
Thu Jan  2 13:02:13 2025 elbow (Blue) [Headshot] Deuce Ex (Red)
Thu Jan  2 13:02:13 2025 Minx captured Blue's Intel.
Thu Jan  2 13:02:13 2025 Deuce Ex (Red) [Grenade] Stinky_hole (Blue)
Thu Jan  2 13:02:21 2025 Y.O.B.A. (Red) [Headshot] fbw (Blue)
Thu Jan  2 13:02:21 2025 Stinky_hole (Blue) [Headshot] Y.O.B.A. (Red)
Thu Jan  2 13:02:22 2025 Deuce1 (Blue) [Rifle] dmbel (Red)
Thu Jan  2 13:02:24 2025 YOTI joined Blue team
Thu Jan  2 13:02:26 2025 duwah (Red) [Headshot] elbow (Blue)
Thu Jan  2 13:02:26 2025 Grabarz (Blue) [Headshot] duwah (Red)
Thu Jan  2 13:02:29 2025 Grabarz (Blue) [Headshot] Harry (Red)
Thu Jan  2 13:02:34 2025 [Global] Deuce (Red): yeah but as far i know betterspades have in sourcecode modified recoil
Thu Jan  2 13:02:36 2025 Tatu picked up Blue's Intel.
Thu Jan  2 13:02:38 2025 communist161 (Blue) [Headshot] Minx (Red)
Thu Jan  2 13:02:39 2025 Grabarz (Blue) [SMG] aaron exia (Red)
Thu Jan  2 13:02:40 2025  Type /HELP for info & commands
Thu Jan  2 13:02:42 2025 Grabarz (Blue) [SMG] Deuce Ex (Red)
Thu Jan  2 13:02:50 2025 sago (Red) [Headshot] BollusFTW (Blue)
Thu Jan  2 13:02:50 2025 [Global] Deuce (Red): when i wanted to play tournament in 2k22 prob or 2k21 i couldn't 
Thu Jan  2 13:02:51 2025 Grabarz (Blue) [Grenade] sago (Red)
Thu Jan  2 13:02:55 2025 Tatu captured Blue's Intel.
Thu Jan  2 13:02:55 2025 Red Wins!
Thu Jan  2 13:02:55 2025  Game finished! Next map: islandwinter.
Thu Jan  2 13:02:55 2025 [Global] Deuce (Red): it was FL clan tournament
Thu Jan  2 13:02:57 2025 Minx (Red) [Headshot] fbw (Blue)
Thu Jan  2 13:02:58 2025 BollusFTW (Blue) [Headshot] Y.O.B.A. (Red)
Thu Jan  2 13:02:58 2025 RemuS (Red) [SMG] Yamadalv999 (Blue)
Thu Jan  2 13:02:58 2025 aaron exia (Red) [Headshot] Grabarz (Blue)
Thu Jan  2 13:02:58 2025 BollusFTW (Blue) [SMG] Y.O.B.A. (Red)
Thu Jan  2 13:02:58 2025 Minx (Red) [Headshot] Yamadalv999 (Blue)
Thu Jan  2 13:03:00 2025 aaron exia (Red) [SMG] Deuce1 (Blue)
Thu Jan  2 13:03:00 2025 elbow (Blue) [SMG] Deuce (Red)
Thu Jan  2 13:03:00 2025 SrCanito (Blue) [SMG] Deuce (Red)
Thu Jan  2 13:03:01 2025 elbow (Blue) [SMG] Deuce (Red)
Thu Jan  2 13:03:01 2025 BollusFTW (Blue) [SMG] Deuce Ex (Red)
Thu Jan  2 13:03:01 2025 elbow (Blue) [SMG] Deuce (Red)
Thu Jan  2 13:03:01 2025 RemuS (Red) [Headshot] communist161 (Blue)
Thu Jan  2 13:03:01 2025 RemuS (Red) [SMG] Deuce1 (Blue)
Thu Jan  2 13:03:01 2025 Minx (Red) [Rifle] HuMaNeTa12345 (Blue)
Thu Jan  2 13:03:01 2025 aaron exia (Red) [SMG] communist161 (Blue)
Thu Jan  2 13:03:01 2025 Stinky_hole (Blue) [SMG] nedoo (Red)
Thu Jan  2 13:03:01 2025 SrCanito (Blue) [SMG] nedoo (Red)
Thu Jan  2 13:03:01 2025 RemuS (Red) [SMG] HuMaNeTa12345 (Blue)
Thu Jan  2 13:03:01 2025 RemuS (Red) [SMG] HuMaNeTa12345 (Blue)
Thu Jan  2 13:03:01 2025 SrCanito (Blue) [Headshot] dmbel (Red)
Thu Jan  2 13:03:01 2025 [Global] Ding (Red): ez
Thu Jan  2 13:03:01 2025 RemuS (Red) [Headshot] communist161 (Blue)
Thu Jan  2 13:03:01 2025 elbow (Blue) [SMG] aaron exia (Red)
Thu Jan  2 13:03:01 2025 RemuS (Red) [Headshot] communist161 (Blue)
Thu Jan  2 13:03:01 2025 SrCanito (Blue) [SMG] sago (Red)
Thu Jan  2 13:03:01 2025 Harry (Red) [Rifle] leroux (Blue)
Thu Jan  2 13:03:01 2025 haritom (Red) [SMG] leroux (Blue)
Thu Jan  2 13:03:01 2025 [Global] fbw (Blue): I see
Thu Jan  2 13:03:01 2025 [Global] Y.O.B.A. (Red): gg
Thu Jan  2 13:03:01 2025 Leksam (Blue) [Headshot] Harry (Red)
Thu Jan  2 13:03:01 2025 Minx (Red) [Headshot] elbow (Blue)
Thu Jan  2 13:03:01 2025 Tatu (Red) [Headshot] elbow (Blue)
Thu Jan  2 13:03:01 2025 SrCanito (Blue) [SMG] RemuS (Red)
Thu Jan  2 13:03:01 2025 Ding (Red) [Fall]
Thu Jan  2 13:03:01 2025 sago (Red) [Grenade] BollusFTW (Blue)
Thu Jan  2 13:03:01 2025 sago (Red) [Grenade] SrCanito (Blue)
Thu Jan  2 13:03:01 2025 sago (Red) [Grenade] Stinky_hole (Blue)
Thu Jan  2 13:03:01 2025 [Global] fbw (Blue): gg
Thu Jan  2 13:03:01 2025 [Global] aaron exia (Red): gg
Thu Jan  2 13:03:01 2025 Player Y.O.B.A. has left
Thu Jan  2 13:03:01 2025 Player duwah has left
Thu Jan  2 13:03:02 2025 ori (Red) [Rifle] YOTI (Blue)
Thu Jan  2 13:03:02 2025 elbow (Blue) [Grenade] haritom (Red)
Thu Jan  2 13:03:02 2025 Leksam (Blue) [Rifle] haritom (Red)
Thu Jan  2 13:03:03 2025 [Global] Deuce Ex (Red): gg nice building
Thu Jan  2 13:03:04 2025 Player Ding has left
Thu Jan  2 13:03:04 2025 haritom (Red) [Grenade] Leksam (Blue)
Thu Jan  2 13:03:05 2025 ------ World Unloaded ------
Thu Jan  2 13:03:07 2025 ------ World Loaded ------
Thu Jan  2 13:03:07 2025 Welcome to aloha.pk tower of babel
Thu Jan  2 13:03:09 2025 Map: Island Winter by izzy, ei8htx, shywolf91
Thu Jan  2 13:03:09 2025 YOTI joined Spectator team
Thu Jan  2 13:03:09 2025 Minx joined Red team
Thu Jan  2 13:03:10 2025 Deuce joined Spectator team
Thu Jan  2 13:03:10 2025 RemuS joined Blue team
Thu Jan  2 13:03:11 2025 Stinky_hole joined Blue team
Thu Jan  2 13:03:11 2025 Game mode: babel
Thu Jan  2 13:03:11 2025 Grabarz joined Red team
Thu Jan  2 13:03:12 2025 haritom joined Red team
Thu Jan  2 13:03:12 2025 elbow joined Blue team
Thu Jan  2 13:03:13 2025 Build a tower to get the enemy's intel. Take it to your team's tent to win!
Thu Jan  2 13:03:14 2025 aaron exia joined Blue team
Thu Jan  2 13:03:14 2025 ori joined Red team
Thu Jan  2 13:03:15 2025 Tatu joined Red team
Thu Jan  2 13:03:15 2025 Visit our community forum at https://aloha.pk/
Thu Jan  2 13:03:16 2025 SrCanito joined Red team
Thu Jan  2 13:03:16 2025 dmbel joined Red team
Thu Jan  2 13:03:16 2025 communist161 joined Blue team
Thu Jan  2 13:03:17 2025 Come chat with us at https://discord.aloha.pk/
Thu Jan  2 13:03:17 2025 BollusFTW joined Blue team
Thu Jan  2 13:03:18 2025 nedoo joined Red team
Thu Jan  2 13:03:20 2025 Leksam joined Red team
Thu Jan  2 13:03:20 2025 YOTI joined Blue team
Thu Jan  2 13:03:21 2025 Deuce1 joined Red team
Thu Jan  2 13:03:23 2025 RemuS (Blue) [Headshot] Grabarz (Red)
Thu Jan  2 13:03:24 2025 Harry (Blue) [Headshot] Tatu (Red)
Thu Jan  2 13:03:28 2025 Bajurf joined Blue team
Thu Jan  2 13:03:28 2025 YOTI (Blue) [Team Change]
Thu Jan  2 13:03:28 2025 Grabarz (Red) [Team Change]
Thu Jan  2 13:03:31 2025 Harry (Blue) [Headshot] haritom (Red)
Thu Jan  2 13:03:34 2025 SrCanito (Red) [Headshot] Harry (Blue)
Thu Jan  2 13:03:35 2025 nedoo (Red) [Grenade] BollusFTW (Blue)
Thu Jan  2 13:03:36 2025 elbow (Blue) [Headshot] Deuce1 (Red)
Thu Jan  2 13:03:37 2025 Grabarz joined Blue team
Thu Jan  2 13:03:37 2025 YOTI joined Red team
Thu Jan  2 13:03:40 2025  Visit our community forums at https://aloha.pk/
Thu Jan  2 13:03:40 2025 RemuS (Blue) [SMG] dmbel (Red)
Thu Jan  2 13:03:42 2025 elbow (Blue) [Headshot] Leksam (Red)
Thu Jan  2 13:03:42 2025 SrCanito (Red) [Headshot] Stinky_hole (Blue)
Thu Jan  2 13:03:42 2025 Deuce Ex joined Red team
Thu Jan  2 13:03:47 2025 Player Deuce1 has left
Thu Jan  2 13:03:49 2025 BollusFTW (Blue) [Headshot] SrCanito (Red)
Thu Jan  2 13:03:57 2025 BollusFTW (Blue) [Headshot] Tatu (Red)
Thu Jan  2 13:04:06 2025 Stinky_hole (Blue) [Headshot] nedoo (Red)
Thu Jan  2 13:04:08 2025 Harry (Blue) [Headshot] YOTI (Red)
Thu Jan  2 13:04:10 2025 BollusFTW (Blue) [SMG] Tatu (Red)
Thu Jan  2 13:04:11 2025 BollusFTW (Blue) [Headshot] SrCanito (Red)
Thu Jan  2 13:04:11 2025 RemuS (Blue) [Headshot] dmbel (Red)
Thu Jan  2 13:04:12 2025 BollusFTW (Blue) [SMG] Deuce Ex (Red)
Thu Jan  2 13:04:19 2025 BollusFTW (Blue) [SMG] nedoo (Red)
Thu Jan  2 13:04:19 2025 aaron exia (Blue) [Headshot] haritom (Red)
Thu Jan  2 13:04:20 2025 Harry (Blue) [Headshot] dmbel (Red)
Thu Jan  2 13:04:21 2025 BollusFTW (Blue) [Headshot] YOTI (Red)
Thu Jan  2 13:04:21 2025 [Global] Bajurf (Blue): jesus no
Thu Jan  2 13:04:23 2025 [Global] nedoo (Red): wtf
Thu Jan  2 13:04:26 2025 SrCanito (Red) [Headshot] elbow (Blue)
Thu Jan  2 13:04:32 2025 DYMAHOD joined Blue team
Thu Jan  2 13:04:32 2025 BollusFTW (Blue) [Headshot] dmbel (Red)
Thu Jan  2 13:04:35 2025 Harry (Blue) [Headshot] haritom (Red)
Thu Jan  2 13:04:36 2025 Harry (Blue) [Headshot] YOTI (Red)
Thu Jan  2 13:04:37 2025 haritom (Red) [Weapon Change]
Thu Jan  2 13:04:38 2025 Minx (Red) [Headshot] elbow (Blue)
Thu Jan  2 13:04:40 2025  Come chat with us at https://discord.aloha.pk/
Thu Jan  2 13:04:41 2025 RemuS (Blue) [Headshot] SrCanito (Red)
Thu Jan  2 13:04:42 2025 DYMAHOD (Blue) [Headshot] Minx (Red)
Thu Jan  2 13:04:45 2025 BollusFTW (Blue) [SMG] dmbel (Red)
Thu Jan  2 13:04:45 2025 Harry (Blue) [Headshot] Deuce Ex (Red)
Thu Jan  2 13:04:49 2025 RemuS (Blue) [Headshot] nedoo (Red)
Thu Jan  2 13:04:53 2025 BollusFTW (Blue) [SMG] Deuce Ex (Red)
Thu Jan  2 13:04:54 2025 BollusFTW (Blue) [SMG] dmbel (Red)
Thu Jan  2 13:04:57 2025 Harry (Blue) [Headshot] ori (Red)
Thu Jan  2 13:05:00 2025 SrCanito (Red) [Headshot] DYMAHOD (Blue)
Thu Jan  2 13:05:04 2025 You must be closer to the enemy's base to shoot blocks!
Thu Jan  2 13:05:04 2025 BollusFTW (Blue) [SMG] YOTI (Red)
Thu Jan  2 13:05:05 2025 You must be closer to the enemy's base to shoot blocks!
Thu Jan  2 13:05:06 2025 Deuce joined Blue team
Thu Jan  2 13:05:07 2025 BollusFTW (Blue) [SMG] nedoo (Red)
Thu Jan  2 13:05:10 2025 [Global] nedoo (Red): bolus cheat
Thu Jan  2 13:05:13 2025 BollusFTW (Blue) [SMG] Deuce Ex (Red)
Thu Jan  2 13:05:14 2025 aaron exia (Blue) [SMG] Leksam (Red)
Thu Jan  2 13:05:14 2025 SrCanito (Red) [Headshot] BollusFTW (Blue)
Thu Jan  2 13:05:14 2025 parawhore joined Red team
Thu Jan  2 13:05:20 2025 Deuce (Blue) [Headshot] SrCanito (Red)
Thu Jan  2 13:05:27 2025 You must be closer to the enemy's base to shoot blocks!
Thu Jan  2 13:05:27 2025 SrCanito (Red) [Weapon Change]
Thu Jan  2 13:05:27 2025 Harry (Blue) [Headshot] YOTI (Red)
Thu Jan  2 13:05:30 2025 Harry (Blue) [Headshot] Deuce Ex (Red)
Thu Jan  2 13:05:36 2025 Deuce (Blue) [Rifle] Leksam (Red)
Thu Jan  2 13:05:39 2025 HuMaNeTa12345 joined Blue team
Thu Jan  2 13:05:40 2025  If you believe a player is breaking the rules, please let us know with /ADMIN
Thu Jan  2 13:05:45 2025 Deuce (Blue) [Headshot] Leksam (Red)
Thu Jan  2 13:05:48 2025 YOTI (Red) [Headshot] Deuce (Blue)
Thu Jan  2 13:05:51 2025 RemuS (Blue) [SMG] Deuce Ex (Red)
Thu Jan  2 13:05:54 2025 RemuS (Blue) [Headshot] YOTI (Red)
Thu Jan  2 13:05:59 2025 Harry (Blue) [Headshot] ori (Red)
Thu Jan  2 13:06:01 2025 aaron exia (Blue) [SMG] Tatu (Red)
Thu Jan  2 13:06:05 2025 Only 10 more kills in your killstreak until you unlock the apocalypse!
Thu Jan  2 13:06:05 2025 You need 1 intel capture(s) to unlock the apocalypse!
Thu Jan  2 13:06:05 2025 Harry (Blue) [Headshot] dmbel (Red)
Thu Jan  2 13:06:06 2025 Harry (Blue) [Headshot] ori (Red)
Thu Jan  2 13:06:09 2025 Minx (Red) [Fall]
Thu Jan  2 13:06:11 2025 BollusFTW (Blue) [Headshot] nedoo (Red)
Thu Jan  2 13:06:15 2025 You can't build near the enemy's tower!
Thu Jan  2 13:06:16 2025 elbow (Blue) [Headshot] Leksam (Red)
Thu Jan  2 13:06:17 2025 You can't build near the enemy's tower!
Thu Jan  2 13:06:18 2025 RemuS (Blue) [SMG] Tatu (Red)
Thu Jan  2 13:06:19 2025 You can't build near the enemy's tower!
Thu Jan  2 13:06:21 2025 BollusFTW (Blue) [Headshot] Deuce Ex (Red)
Thu Jan  2 13:06:22 2025  BollusFTW has a kill-death ratio of 1.27 (38 kills, 30 deaths, 1.10 kills per minute).
Thu Jan  2 13:06:22 2025  BollusFTW removed 34 blocks in the last 2.0 minutes. Some of them were placed by
Thu Jan  2 13:06:22 2025  BollusFTW. Last one was destroyed 15 seconds ago, and was part of the map.
Thu Jan  2 13:06:22 2025  nedoo (#5) started a VOTEKICK against BollusFTW (#24). Say /Y to agree
Thu Jan  2 13:06:22 2025  Reason: hax
Thu Jan  2 13:06:22 2025 haritom (Red) [Headshot] Stinky_hole (Blue)
Thu Jan  2 13:06:24 2025  Minx (#10) voted YES
Thu Jan  2 13:06:25 2025 parawhore (Red) [Headshot] Harry (Blue)
Thu Jan  2 13:06:25 2025 [Team] aaron exia (Blue): cut their wall
Thu Jan  2 13:06:27 2025 RemuS (Blue) [SMG] SrCanito (Red)
Thu Jan  2 13:06:30 2025 [Global] Bajurf (Blue): you are am embicile, stop building on my shit
Thu Jan  2 13:06:31 2025 [Global] BollusFTW (Blue): NO NO NO
Thu Jan  2 13:06:35 2025 haritom (Red) [Melee] BollusFTW (Blue)
Thu Jan  2 13:06:35 2025  dmbel (#4) voted YES
Thu Jan  2 13:06:36 2025 Minx (Red) [Headshot] Deuce (Blue)
Thu Jan  2 13:06:36 2025 Leksam (Red) [Headshot] elbow (Blue)
Thu Jan  2 13:06:40 2025  This server runs imger and glow. Use /IMG or /GLOW to toggle them.
Thu Jan  2 13:06:44 2025 Tatu (Red) [Headshot] RemuS (Blue)
Thu Jan  2 13:06:45 2025 Deuce (Blue) [Headshot] haritom (Red)
Thu Jan  2 13:06:52 2025 nedoo (Red) [Headshot] Deuce (Blue)
Thu Jan  2 13:06:52 2025  nedoo (#5) is votekicking BollusFTW (#24). /Y to vote (9 left)
Thu Jan  2 13:06:52 2025  Reason: hax
Thu Jan  2 13:06:55 2025 DYMAHOD (Blue) [Headshot] Tatu (Red)
Thu Jan  2 13:06:56 2025 [Team] RemuS (Blue): right water two coming !!!!!!
Thu Jan  2 13:06:56 2025 Harry (Blue) [Rifle] SrCanito (Red)
Thu Jan  2 13:06:57 2025 aaron exia (Blue) [SMG] Deuce Ex (Red)
Thu Jan  2 13:07:01 2025 Harry (Blue) [Headshot] dmbel (Red)
Thu Jan  2 13:07:02 2025  Bajurf (#7) voted YES
Thu Jan  2 13:07:05 2025 You must be closer to the enemy's base to shoot blocks!
Thu Jan  2 13:07:06 2025 Harry (Blue) [Rifle] YOTI (Red)
Thu Jan  2 13:07:08 2025 elbow (Blue) [SMG] ori (Red)
Thu Jan  2 13:07:09 2025 elbow (Blue) [SMG] dmbel (Red)
Thu Jan  2 13:07:11 2025 parawhore (Red) [Headshot] elbow (Blue)
Thu Jan  2 13:07:12 2025 BollusFTW (Blue) [Headshot] nedoo (Red)
Thu Jan  2 13:07:14 2025 Leksam (Red) [Headshot] BollusFTW (Blue)
Thu Jan  2 13:07:15 2025 DYMAHOD (Blue) [Headshot] Tatu (Red)
Thu Jan  2 13:07:16 2025 [Global] nedoo (Red): omfg bollus cheater
Thu Jan  2 13:07:17 2025 aaron exia (Blue) [SMG] parawhore (Red)
Thu Jan  2 13:07:18 2025 Harry (Blue) [Headshot] SrCanito (Red)
Thu Jan  2 13:07:19 2025 Deuce (Blue) [Headshot] Deuce Ex (Red)
Thu Jan  2 13:07:22 2025  nedoo (#5) is votekicking BollusFTW (#24). /Y to vote (8 left)
Thu Jan  2 13:07:22 2025  Reason: hax
Thu Jan  2 13:07:23 2025 Harry (Blue) [Headshot] YOTI (Red)
Thu Jan  2 13:07:23 2025 [Global] nedoo (Red): goes at my back and kills me each time
Thu Jan  2 13:07:24 2025 [Global] BollusFTW (Blue): NO
Thu Jan  2 13:07:24 2025 Deuce (Blue) [Headshot] dmbel (Red)
Thu Jan  2 13:07:25 2025 [Global] nedoo (Red): all /y
Thu Jan  2 13:07:27 2025 [Global] nedoo (Red): yes 
Thu Jan  2 13:07:27 2025 Harry (Blue) [Headshot] haritom (Red)
Thu Jan  2 13:07:33 2025 parawhore (Red) [Headshot] Deuce (Blue)
Thu Jan  2 13:07:34 2025 parawhore (Red) [Headshot] Harry (Blue)
Thu Jan  2 13:07:38 2025 Leksam (Red) [Headshot] Stinky_hole (Blue)
Thu Jan  2 13:07:40 2025  Use /EMOTE to draw an emote on the map!
Thu Jan  2 13:07:44 2025 RemuS (Blue) [SMG] Leksam (Red)
Thu Jan  2 13:07:52 2025  nedoo (#5) is votekicking BollusFTW (#24). /Y to vote (8 left)
Thu Jan  2 13:07:52 2025  Reason: hax
Thu Jan  2 13:07:53 2025 SrCanito (Red) [Rifle] Deuce (Blue)
Thu Jan  2 13:07:55 2025 HuMaNeTa12345 picked up Red's Intel.
Thu Jan  2 13:07:57 2025 Harry (Blue) [Headshot] SrCanito (Red)
Thu Jan  2 13:08:02 2025 Minx (Red) [Headshot] aaron exia (Blue)
Thu Jan  2 13:08:02 2025 Harry (Blue) [Headshot] Tatu (Red)
Thu Jan  2 13:08:04 2025 HuMaNeTa12345 dropped Red's Intel
Thu Jan  2 13:08:04 2025  The intel has returned to the heavens
Thu Jan  2 13:08:04 2025 HuMaNeTa12345 (Blue) [Fall]
Thu Jan  2 13:08:06 2025 DYMAHOD (Blue) [Headshot] Deuce Ex (Red)
Thu Jan  2 13:08:07 2025 Harry (Blue) [Headshot] YOTI (Red)
Thu Jan  2 13:08:14 2025 BollusFTW (Blue) [Melee] nedoo (Red)
Thu Jan  2 13:08:15 2025 SrCanito (Red) [Headshot] Harry (Blue)
Thu Jan  2 13:08:16 2025 haritom (Red) [SMG] RemuS (Blue)
Thu Jan  2 13:08:17 2025 [Global] nedoo (Red): omfg fucking moron
Thu Jan  2 13:08:19 2025 [Global] nedoo (Red): stop!
Thu Jan  2 13:08:26 2025 [Global] nedoo (Red): you fucking idiot
Thu Jan  2 13:08:26 2025  Votekick for BollusFTW (#24) has ended. Votekick timed out
Thu Jan  2 13:08:26 2025 [Global] nedoo (Red): stop
Thu Jan  2 13:08:27 2025 SrCanito (Red) [Rifle] Deuce (Blue)
Thu Jan  2 13:08:34 2025 SrCanito (Red) [Headshot] Deuce (Blue)
Thu Jan  2 13:08:40 2025  Use /HEAVEN to paint the babel platform!
Thu Jan  2 13:08:43 2025 Harry (Blue) [Headshot] parawhore (Red)
Thu Jan  2 13:08:46 2025 SrCanito (Red) [Headshot] RemuS (Blue)
Thu Jan  2 13:08:48 2025 SrCanito (Red) [Headshot] Harry (Blue)
Thu Jan  2 13:08:50 2025 Minx (Red) [Fall]
Thu Jan  2 13:08:55 2025 SrCanito (Red) [Headshot] HuMaNeTa12345 (Blue)
Thu Jan  2 13:09:00 2025 Leksam (Red) [Headshot] Deuce (Blue)
Thu Jan  2 13:09:00 2025 DYMAHOD (Blue) [Headshot] Deuce Ex (Red)
Thu Jan  2 13:09:03 2025 elbow (Blue) [Grenade] SrCanito (Red)
Thu Jan  2 13:09:03 2025 BollusFTW (Blue) [Headshot] Tatu (Red)
Thu Jan  2 13:09:04 2025 Harry (Blue) [Rifle] nedoo (Red)
Thu Jan  2 13:09:08 2025 RemuS (Blue) [Headshot] YOTI (Red)
Thu Jan  2 13:09:10 2025 [Global] nedoo (Red): thanks what?
Thu Jan  2 13:09:16 2025 [Global] nedoo (Red): balance!
Thu Jan  2 13:09:19 2025 Leksam (Red) [Headshot] RemuS (Blue)
Thu Jan  2 13:09:26 2025 Deuce (Blue) [Headshot] nedoo (Red)
Thu Jan  2 13:09:27 2025 You must be closer to the enemy's base to shoot blocks!
Thu Jan  2 13:09:29 2025 calm joined Red team
Thu Jan  2 13:09:31 2025 elbow (Blue) [Headshot] SrCanito (Red)
Thu Jan  2 13:09:32 2025 Harry (Blue) [Headshot] parawhore (Red)
Thu Jan  2 13:09:32 2025 [Global] nedoo (Red): not gona balance?
Thu Jan  2 13:09:34 2025 Leksam (Red) [Headshot] Deuce (Blue)
Thu Jan  2 13:09:34 2025 [Global] nedoo (Red): ok
Thu Jan  2 13:09:37 2025 nedoo joined Blue team
Thu Jan  2 13:09:37 2025 Tatu (Red) [Headshot] BollusFTW (Blue)
Thu Jan  2 13:09:40 2025  Get a 20 killstreak and 1 intel capture(s) to unlock /APOC!
Thu Jan  2 13:09:42 2025 You must be closer to the enemy's base to shoot blocks!
Thu Jan  2 13:09:45 2025 [Global] haritom (Red): NOOOOOOOOOOOOOOOOOOOOOOOO
Thu Jan  2 13:09:45 2025 [Global] YOTI (Red): QUI EN ABLA ESPAOL ?
Thu Jan  2 13:09:50 2025 RemuS (Blue) [SMG] YOTI (Red)
Thu Jan  2 13:09:51 2025 BollusFTW (Blue) [Team Change]
Thu Jan  2 13:09:52 2025 [Global] haritom (Red): YO
Thu Jan  2 13:09:52 2025 Harry (Blue) [Headshot] Leksam (Red)
Thu Jan  2 13:09:53 2025 Harry (Blue) [Headshot] Minx (Red)
Thu Jan  2 13:09:55 2025 parawhore (Red) [Headshot] Harry (Blue)
Thu Jan  2 13:09:55 2025 [Global] BollusFTW (Blue): go red
Thu Jan  2 13:09:55 2025 parawhore (Red) [Headshot] RemuS (Blue)
Thu Jan  2 13:09:56 2025 parawhore (Red) [Headshot] Deuce (Blue)
Thu Jan  2 13:10:00 2025 Yamadalv999 joined Blue team
Thu Jan  2 13:10:01 2025 BollusFTW joined Red team
Thu Jan  2 13:10:07 2025 parawhore (Red) [Headshot] HuMaNeTa12345 (Blue)
Thu Jan  2 13:10:07 2025 Grabarz (Blue) [Headshot] Deuce Ex (Red)
Thu Jan  2 13:10:08 2025 Player Leksam has left
Thu Jan  2 13:10:09 2025 calm (Red) [Headshot] Stinky_hole (Blue)
Thu Jan  2 13:10:12 2025 Deuce (Blue) [Headshot] calm (Red)
Thu Jan  2 13:10:12 2025 elbow (Blue) [SMG] SrCanito (Red)
Thu Jan  2 13:10:13 2025 Player SrCanito has left
Thu Jan  2 13:10:15 2025 Harry (Blue) [Headshot] parawhore (Red)
Thu Jan  2 13:10:18 2025 [Global] haritom (Red): HOLAAAAAA CALM
Thu Jan  2 13:10:21 2025 Deuce (Blue) [Headshot] YOTI (Red)
Thu Jan  2 13:10:23 2025 [Global] calm (Red): HOLAAAAAAAAAAAAAAA
Thu Jan  2 13:10:26 2025 elbow (Blue) [Fall]
Thu Jan  2 13:10:26 2025 [Global] calm (Red): HARITOM
Thu Jan  2 13:10:31 2025 calm (Red) [Headshot] Deuce (Blue)
Thu Jan  2 13:10:36 2025 Yamadalv999 picked up Red's Intel.
Thu Jan  2 13:10:38 2025 Minx (Red) [Headshot] Harry (Blue)
Thu Jan  2 13:10:39 2025 Grabarz (Blue) [Grenade] ori (Red)
Thu Jan  2 13:10:40 2025  Capture your team's 5th intel to unlock /APOC for your team's best builder!
Thu Jan  2 13:10:42 2025 Grabarz (Blue) [Headshot] Deuce Ex (Red)
Thu Jan  2 13:10:44 2025 Grabarz (Blue) [SMG] BollusFTW (Red)
Thu Jan  2 13:10:44 2025 Tatu (Red) [Headshot] aaron exia (Blue)
Thu Jan  2 13:10:49 2025 RemuS (Blue) [Fall]
Thu Jan  2 13:10:51 2025 Player ori has left
Thu Jan  2 13:10:52 2025 Deuce (Blue) [Headshot] calm (Red)
Thu Jan  2 13:10:54 2025 Deuce (Blue) [Headshot] Minx (Red)
Thu Jan  2 13:10:54 2025 Yamadalv999 dropped Red's Intel
Thu Jan  2 13:10:54 2025  The intel has returned to the heavens
Thu Jan  2 13:10:54 2025 Tatu (Red) [Headshot] Yamadalv999 (Blue)
Thu Jan  2 13:10:55 2025 Player Yamadalv999 has left
Thu Jan  2 13:11:00 2025 Deuce (Blue) [Headshot] YOTI (Red)
Thu Jan  2 13:11:00 2025 aaron exia (Blue) [SMG] haritom (Red)
Thu Jan  2 13:11:03 2025 YOTI (Red) [Weapon Change]
Thu Jan  2 13:11:03 2025 Grabarz (Blue) [SMG] dmbel (Red)
Thu Jan  2 13:11:06 2025 Tatu (Red) [Headshot] HuMaNeTa12345 (Blue)
Thu Jan  2 13:11:08 2025 DYMAHOD (Blue) [Headshot] Deuce Ex (Red)
Thu Jan  2 13:11:10 2025 DYMAHOD (Blue) [Headshot] BollusFTW (Red)
Thu Jan  2 13:11:11 2025 Harry (Blue) [Headshot] parawhore (Red)
Thu Jan  2 13:11:23 2025 Harry (Blue) [Headshot] YOTI (Red)
Thu Jan  2 13:11:23 2025 Tatu (Red) [Headshot] communist161 (Blue)
Thu Jan  2 13:11:24 2025 aaron exia (Blue) [SMG] Deuce Ex (Red)
Thu Jan  2 13:11:24 2025 calm (Red) [Rifle] Deuce (Blue)
Thu Jan  2 13:11:25 2025 aaron exia (Blue) [Headshot] BollusFTW (Red)
Thu Jan  2 13:11:31 2025 Minx (Red) [Rifle] aaron exia (Blue)
Thu Jan  2 13:11:32 2025 [Global] Stinky_hole (Blue): nedo is spastic
Thu Jan  2 13:11:33 2025 Harry (Blue) [Headshot] calm (Red)
Thu Jan  2 13:11:33 2025 Tatu (Red) [Headshot] nedoo (Blue)
Thu Jan  2 13:11:33 2025 Harry (Blue) [Headshot] haritom (Red)
Thu Jan  2 13:11:33 2025 RemuS (Blue) [Fall]
Thu Jan  2 13:11:36 2025 [Global] nedoo (Blue): no
Thu Jan  2 13:11:37 2025 [Global] calm (Red): OUCHIE
Thu Jan  2 13:11:38 2025 [Global] nedoo (Blue): just balance
Thu Jan  2 13:11:40 2025 Deuce (Blue) [Headshot] YOTI (Red)
Thu Jan  2 13:11:40 2025  Mahalo for playing aloha.pk tower of babel
Thu Jan  2 13:11:43 2025 calm (Red) [Headshot] Harry (Blue)
Thu Jan  2 13:11:44 2025 Grabarz (Blue) [SMG] calm (Red)
Thu Jan  2 13:11:47 2025 dmbel (Red) [Rifle] Grabarz (Blue)
Thu Jan  2 13:11:48 2025 Stinky_hole (Blue) [SMG] Tatu (Red)
Thu Jan  2 13:11:51 2025 Deuce (Blue) [Headshot] Deuce Ex (Red)
Thu Jan  2 13:11:52 2025 Player RemuS has left
Thu Jan  2 13:11:54 2025 calm (Red) [Headshot] elbow (Blue)
Thu Jan  2 13:11:58 2025 BollusFTW (Red) [SMG] aaron exia (Blue)
Thu Jan  2 13:11:59 2025 YOTI (Red) [Weapon Change]
Thu Jan  2 13:12:00 2025 Poet joined Red team
Thu Jan  2 13:12:05 2025 Deuce (Blue) [Headshot] BollusFTW (Red)
Thu Jan  2 13:12:08 2025 Deuce (Blue) [Headshot] Tatu (Red)
Thu Jan  2 13:12:09 2025 Deuce (Blue) [Headshot] calm (Red)
Thu Jan  2 13:12:14 2025 parawhore (Red) [Headshot] Harry (Blue)
Thu Jan  2 13:12:15 2025 parawhore (Red) [Headshot] HuMaNeTa12345 (Blue)
Thu Jan  2 13:12:16 2025 Deuce (Blue) [Headshot] dmbel (Red)
Thu Jan  2 13:12:18 2025 calm (Red) [Headshot] Deuce (Blue)
Thu Jan  2 13:12:18 2025 [Global] Stinky_hole (Blue): what the fuck does that even mean?
Thu Jan  2 13:12:21 2025 [Global] Poet (Red): harry, im comin in
Thu Jan  2 13:12:22 2025 [Global] Stinky_hole (Blue): what r u doing?
Thu Jan  2 13:12:23 2025 aaron exia (Blue) [Headshot] Deuce Ex (Red)
Thu Jan  2 13:12:28 2025 parawhore (Red) [Headshot] aaron exia (Blue)
Thu Jan  2 13:12:29 2025 Minx (Red) [Grenade]
Thu Jan  2 13:12:38 2025 Player HuMaNeTa12345 has left
Thu Jan  2 13:12:40 2025  Build a tower to get the enemy's intel. Take it to your team's tent to win!
Thu Jan  2 13:12:47 2025 Harry (Blue) [Rifle] parawhore (Red)
Thu Jan  2 13:12:49 2025 Poet (Red) [Headshot] elbow (Blue)
Thu Jan  2 13:12:53 2025 elbow (Blue) [Grenade]
Thu Jan  2 13:12:54 2025 Harry (Blue) [Headshot] YOTI (Red)
Thu Jan  2 13:12:54 2025 [Global] Poet (Red): too long
Thu Jan  2 13:12:55 2025 HuMaNeTa12345 joined Blue team
Thu Jan  2 13:12:57 2025 Player YOTI has left
Thu Jan  2 13:13:00 2025 Deuce (Blue) [Headshot] calm (Red)
Thu Jan  2 13:13:02 2025 CAWWER joined Red team
Thu Jan  2 13:13:03 2025 Deuce (Blue) [Headshot] Minx (Red)
Thu Jan  2 13:13:11 2025 Stinky_hole (Blue) [Fall]
Thu Jan  2 13:13:12 2025 DYMAHOD (Blue) [Headshot] Deuce Ex (Red)
Thu Jan  2 13:13:15 2025 DYMAHOD (Blue) [Headshot] haritom (Red)
Thu Jan  2 13:13:17 2025 calm (Red) [Headshot] Deuce (Blue)
Thu Jan  2 13:13:21 2025 [Global] haritom (Red): EEEEEEEEEEEEEEEEE
Thu Jan  2 13:13:24 2025 Deuce Ex (Red) [Headshot] DYMAHOD (Blue)
Thu Jan  2 13:13:25 2025 Tatu (Red) [Headshot] aaron exia (Blue)
Thu Jan  2 13:13:25 2025 Harry (Blue) [Headshot] parawhore (Red)
Thu Jan  2 13:13:27 2025 Stinky_hole (Blue) [SMG] Tatu (Red)
Thu Jan  2 13:13:27 2025 [Global] haritom (Red): AJJAJAJAJJAAJJA
Thu Jan  2 13:13:32 2025 Harry (Blue) [Headshot] calm (Red)
Thu Jan  2 13:13:36 2025 [Global] Bajurf (Blue): hey red the builders on blue are shit, just shoout our tower somewhere and it'll fall
Thu Jan  2 13:13:39 2025 elbow (Blue) [Grenade] Poet (Red)
Thu Jan  2 13:13:40 2025 Grabarz (Blue) [Headshot] BollusFTW (Red)
Thu Jan  2 13:13:40 2025  Type /HELP for info & commands
Thu Jan  2 13:13:42 2025 HuMaNeTa12345 (Blue) [Headshot] dmbel (Red)
Thu Jan  2 13:13:42 2025 [Global] Poet (Red): OK EL
Thu Jan  2 13:13:44 2025 [Global] Poet (Red): come
Thu Jan  2 13:13:48 2025 [Global] Bajurf (Blue): they build without foundation
Thu Jan  2 13:13:50 2025 [Global] CAWWER (Red): im  from belarus
Thu Jan  2 13:13:51 2025 calm (Red) [Headshot] Harry (Blue)
Thu Jan  2 13:14:02 2025 parawhore (Red) [Headshot] Deuce (Blue)
Thu Jan  2 13:14:04 2025 parawhore (Red) [Headshot] Stinky_hole (Blue)
Thu Jan  2 13:14:05 2025 Martin joined Red team
Thu Jan  2 13:14:13 2025 aaron exia (Blue) [SMG] parawhore (Red)
Thu Jan  2 13:14:13 2025 You can't destroy your team's blocks in this area. Attack the enemy's tower!
Thu Jan  2 13:14:14 2025 aaron exia (Blue) [Fall]
Thu Jan  2 13:14:19 2025 HuMaNeTa12345 (Blue) [Headshot] dmbel (Red)
Thu Jan  2 13:14:22 2025 elbow (Blue) [Headshot] Deuce Ex (Red)
Thu Jan  2 13:14:23 2025 Deuce (Blue) [Headshot] Tatu (Red)
Thu Jan  2 13:14:25 2025 calm (Red) [Headshot] Harry (Blue)
Thu Jan  2 13:14:32 2025  parawhore has reached 1000 blocks placed! /heaven unlocked.
Thu Jan  2 13:14:35 2025 parawhore (Red) [Headshot] HuMaNeTa12345 (Blue)
Thu Jan  2 13:14:37 2025 elbow (Blue) [SMG] Tatu (Red)
Thu Jan  2 13:14:37 2025 Poet (Red) [Headshot] elbow (Blue)
Thu Jan  2 13:14:40 2025  Visit our community forums at https://aloha.pk/
Thu Jan  2 13:14:45 2025 Stinky_hole (Blue) [Fall]
Thu Jan  2 13:14:47 2025 Harry (Blue) [Headshot] Martin (Red)
Thu Jan  2 13:14:54 2025 Harry (Blue) [Headshot] calm (Red)
Thu Jan  2 13:15:00 2025 Deuce (Blue) [Headshot] Deuce Ex (Red)
Thu Jan  2 13:15:05 2025 aaron exia (Blue) [SMG] CAWWER (Red)
Thu Jan  2 13:15:17 2025 aaron exia (Blue) [SMG] Poet (Red)
Thu Jan  2 13:15:17 2025 aaron exia (Blue) [SMG] parawhore (Red)
Thu Jan  2 13:15:18 2025 [Global] Stinky_hole (Blue): REDOO what r u doing?????????????????
Thu Jan  2 13:15:19 2025 Deuce (Blue) [Headshot] Deuce Ex (Red)
Thu Jan  2 13:15:21 2025 [Global] Poet (Red): f u exia
Thu Jan  2 13:15:26 2025 Harry (Blue) [Headshot] Martin (Red)
Thu Jan  2 13:15:28 2025 Grabarz (Blue) [SMG] BollusFTW (Red)
Thu Jan  2 13:15:29 2025 parawhore (Red) [SMG] elbow (Blue)
Thu Jan  2 13:15:32 2025 HuMaNeTa12345 (Blue) [Rifle] calm (Red)
Thu Jan  2 13:15:32 2025 communist161 picked up Red's Intel.
Thu Jan  2 13:15:33 2025 [Global] calm (Red): wtf
Thu Jan  2 13:15:36 2025 Minx (Red) [Rifle]
Thu Jan  2 13:15:37 2025 [Global] calm (Red): blues everywhere
Thu Jan  2 13:15:39 2025 [Global] calm (Red): wtff
Thu Jan  2 13:15:40 2025 haritom (Red) [Headshot] DYMAHOD (Blue)
Thu Jan  2 13:15:40 2025  Come chat with us at https://discord.aloha.pk/
Thu Jan  2 13:15:43 2025 parawhore (Red) [SMG] aaron exia (Blue)
Thu Jan  2 13:15:43 2025 [Global] Stinky_hole (Blue): redoo spastic
Thu Jan  2 13:15:44 2025 Harry (Blue) [Headshot] parawhore (Red)
Thu Jan  2 13:15:49 2025 [Team] aaron exia (Blue): go up
Thu Jan  2 13:15:50 2025 [Global] DYMAHOD (Blue): PEEDOR
Thu Jan  2 13:15:51 2025 Harry (Blue) [Headshot] CAWWER (Red)
Thu Jan  2 13:15:55 2025 Harry (Blue) [Headshot] calm (Red)
Thu Jan  2 13:15:58 2025 Deuce (Blue) [Rifle] Poet (Red)
Thu Jan  2 13:16:12 2025 dmbel (Red) [Rifle] HuMaNeTa12345 (Blue)
Thu Jan  2 13:16:19 2025 You must be closer to the enemy's base to shoot blocks!
Thu Jan  2 13:16:19 2025 [Global] Grabarz (Blue): kick 
Thu Jan  2 13:16:20 2025 You must be closer to the enemy's base to shoot blocks!
Thu Jan  2 13:16:21 2025  nedoo has a kill-death ratio of 0.53 (17 kills, 32 deaths, 0.40 kills per minute).
Thu Jan  2 13:16:21 2025  nedoo removed no blocks in the last 2.0 minutes.
Thu Jan  2 13:16:21 2025  aaron exia (#16) started a VOTEKICK against nedoo (#5). Say /Y to agree
Thu Jan  2 13:16:21 2025  Reason: grief
Thu Jan  2 13:16:27 2025 [Global] nedoo (Blue): i said balance dude
Thu Jan  2 13:16:27 2025 [Global] Grabarz (Blue): kick nedoo
Thu Jan  2 13:16:28 2025  calm (#15) voted YES
Thu Jan  2 13:16:29 2025 Deuce (Blue) [Headshot] Martin (Red)
Thu Jan  2 13:16:29 2025 communist161 captured Red's Intel.
Thu Jan  2 13:16:30 2025 DYMAHOD (Blue) [Headshot] Deuce Ex (Red)
Thu Jan  2 13:16:34 2025 calm (Red) [Rifle] Deuce (Blue)
Thu Jan  2 13:16:34 2025 dmbel (Red) [Headshot] HuMaNeTa12345 (Blue)
Thu Jan  2 13:16:36 2025 [Global] Deuce (Blue): y
Thu Jan  2 13:16:38 2025  Deuce (#3) voted YES
Thu Jan  2 13:16:40 2025  If you believe a player is breaking the rules, please let us know with /ADMIN
Thu Jan  2 13:16:41 2025  Bajurf (#7) voted YES
Thu Jan  2 13:16:42 2025 [Global] nedoo (Blue): lol
Thu Jan  2 13:16:43 2025 Grabarz (Blue) [Weapon Change]
Thu Jan  2 13:16:43 2025  Stinky_hole (#12) voted YES
Thu Jan  2 13:16:44 2025 elbow (Blue) [Grenade] parawhore (Red)
Thu Jan  2 13:16:44 2025 elbow (Blue) [Grenade]
Thu Jan  2 13:16:45 2025 [Global] nedoo (Blue): why kick me?
Thu Jan  2 13:16:46 2025 You must be closer to the enemy's base to shoot blocks!
Thu Jan  2 13:16:48 2025 [Global] Poet (Red): ncie nade elbow
Thu Jan  2 13:16:48 2025  Martin (#9) voted YES
Thu Jan  2 13:16:48 2025 Tatu (Red) [Headshot] nedoo (Blue)
Thu Jan  2 13:16:50 2025 aaron exia (Blue) [SMG] Tatu (Red)
Thu Jan  2 13:16:51 2025  aaron exia (#16) is votekicking nedoo (#5). /Y to vote (5 left)
Thu Jan  2 13:16:51 2025  Reason: grief
Thu Jan  2 13:16:53 2025 [Global] Deuce (Blue): all /y
Thu Jan  2 13:16:55 2025 [Global] Deuce (Blue):  /y
Thu Jan  2 13:16:55 2025 [Global] Bajurf (Blue): iunno i just saw the vote
Thu Jan  2 13:16:56 2025 [Global] Deuce (Blue):  /y
Thu Jan  2 13:16:59 2025 [Global] Grabarz (Blue): kick nedoo
Thu Jan  2 13:17:01 2025 aaron exia (Blue) [Headshot] Poet (Red)
Thu Jan  2 13:17:02 2025 aaron exia (Blue) [Fall]
Thu Jan  2 13:17:03 2025 calm (Red) [Headshot] Deuce (Blue)
Thu Jan  2 13:17:05 2025 [Global] Grabarz (Blue): he blocked us
Thu Jan  2 13:17:05 2025 Harry (Blue) [Headshot] CAWWER (Red)
Thu Jan  2 13:17:07 2025 [Global] Poet (Red): gg aron
Thu Jan  2 13:17:12 2025 [Team] aaron exia (Blue): whoo i s griefing
Thu Jan  2 13:17:13 2025 haritom (Red) [Headshot] HuMaNeTa12345 (Blue)
Thu Jan  2 13:17:19 2025 DYMAHOD (Blue) [Headshot] BollusFTW (Red)
Thu Jan  2 13:17:20 2025 calm (Red) [Headshot] Harry (Blue)
Thu Jan  2 13:17:21 2025  aaron exia (#16) is votekicking nedoo (#5). /Y to vote (5 left)
Thu Jan  2 13:17:21 2025  Reason: grief
Thu Jan  2 13:17:22 2025 Deuce (Blue) [Headshot] Deuce Ex (Red)
Thu Jan  2 13:17:23 2025  Votekick for nedoo (#5) has ended. nedoo (#5) left during votekick
Thu Jan  2 13:17:23 2025  nedoo was banned.
Thu Jan  2 13:17:23 2025 Player nedoo has left
Thu Jan  2 13:17:29 2025 [Global] Bajurf (Blue): communist you are such a shit builder
Thu Jan  2 13:17:33 2025 Martin (Red) [Headshot] Deuce (Blue)
Thu Jan  2 13:17:35 2025 parawhore (Red) [Headshot] elbow (Blue)
Thu Jan  2 13:17:36 2025 parawhore (Red) [Headshot] aaron exia (Blue)
Thu Jan  2 13:17:37 2025 parawhore (Red) [SMG] Bajurf (Blue)
Thu Jan  2 13:17:37 2025 Martin (Red) [Headshot] Grabarz (Blue)
Thu Jan  2 13:17:37 2025 parawhore (Red) [SMG] DYMAHOD (Blue)
Thu Jan  2 13:17:40 2025 Tatu picked up Blue's Intel.
Thu Jan  2 13:17:40 2025  This server runs imger and glow. Use /IMG or /GLOW to toggle them.
Thu Jan  2 13:17:41 2025 [Team] aaron exia (Blue): go up they are up
Thu Jan  2 13:17:45 2025 [Global] Grabarz (Blue): kick nedoo
Thu Jan  2 13:17:48 2025 Deuce (Blue) [Headshot] Martin (Red)
Thu Jan  2 13:17:54 2025 Harry (Blue) [Headshot] CAWWER (Red)
Thu Jan  2 13:17:58 2025 Harry (Blue) [Headshot] Deuce Ex (Red)
Thu Jan  2 13:18:02 2025  aaron exia has reached 1000 blocks placed! /heaven unlocked.
Thu Jan  2 13:18:03 2025 Minx (Red) [Headshot] Stinky_hole (Blue)
Thu Jan  2 13:18:06 2025 calm (Red) [Rifle] Deuce (Blue)
Thu Jan  2 13:18:10 2025 Player Deuce has left
Thu Jan  2 13:18:12 2025 Tatu captured Blue's Intel.
Thu Jan  2 13:18:13 2025 elbow (Blue) [SMG] calm (Red)
Thu Jan  2 13:18:14 2025 BollusFTW (Red) [Headshot] Bajurf (Blue)
Thu Jan  2 13:18:14 2025 HuMaNeTa12345 (Blue) [Grenade]
Thu Jan  2 13:18:15 2025 Poet (Red) [Headshot] communist161 (Blue)
Thu Jan  2 13:18:19 2025 Poet (Red) [Headshot] aaron exia (Blue)
Thu Jan  2 13:18:22 2025 [Team] aaron exia (Blue): goo up
Thu Jan  2 13:18:25 2025 Poet (Red) [Melee] elbow (Blue)
Thu Jan  2 13:18:25 2025 Grabarz (Blue) [Fall]
Thu Jan  2 13:18:27 2025 [Team] aaron exia (Blue): diger top
Thu Jan  2 13:18:33 2025 DYMAHOD (Blue) [Headshot] BollusFTW (Red)
Thu Jan  2 13:18:39 2025 Stinky_hole (Blue) [SMG] Deuce Ex (Red)
Thu Jan  2 13:18:40 2025  Use /EMOTE to draw an emote on the map!
Thu Jan  2 13:18:48 2025 aaron exia (Blue) [Fall]
Thu Jan  2 13:18:49 2025 Deuce Ex (Red) [Weapon Change]
Thu Jan  2 13:18:51 2025 [Team] aaron exia (Blue): go up
Thu Jan  2 13:18:51 2025 calm (Red) [Headshot] Stinky_hole (Blue)
Thu Jan  2 13:18:53 2025 DYMAHOD (Blue) [Headshot] parawhore (Red)
Thu Jan  2 13:18:58 2025 calm (Red) [Headshot] communist161 (Blue)
Thu Jan  2 13:19:00 2025 Grabarz (Blue) [SMG] calm (Red)
Thu Jan  2 13:19:03 2025 Minx (Red) [Rifle] Harry (Blue)
Thu Jan  2 13:19:10 2025 Stinky_hole (Blue) [SMG] CAWWER (Red)
Thu Jan  2 13:19:11 2025 DYMAHOD picked up Red's Intel.
Thu Jan  2 13:19:17 2025 communist161 (Blue) [Headshot] Minx (Red)
Thu Jan  2 13:19:22 2025 elbow (Blue) [SMG] Deuce Ex (Red)
Thu Jan  2 13:19:23 2025 Martin (Red) [Headshot] elbow (Blue)
Thu Jan  2 13:19:23 2025 Bajurf (Blue) [Headshot] Poet (Red)
Thu Jan  2 13:19:29 2025 SHURA joined Spectator team
Thu Jan  2 13:19:34 2025 calm (Red) [Headshot] Stinky_hole (Blue)
Thu Jan  2 13:19:34 2025 communist161 (Blue) [Headshot] calm (Red)
Thu Jan  2 13:19:36 2025 [Global] calm (Red): lol
Thu Jan  2 13:19:40 2025  Use /HEAVEN to paint the babel platform!
Thu Jan  2 13:19:42 2025 Tatu (Red) [Headshot] aaron exia (Blue)
Thu Jan  2 13:19:45 2025 [Team] aaron exia (Blue): go up
Thu Jan  2 13:19:46 2025 DYMAHOD (Blue) [Headshot] Tatu (Red)
Thu Jan  2 13:19:48 2025 parawhore (Red) [Grenade] HuMaNeTa12345 (Blue)
Thu Jan  2 13:19:50 2025 SHURA joined Blue team
Thu Jan  2 13:19:51 2025 Harry (Blue) [Headshot] haritom (Red)
Thu Jan  2 13:19:53 2025 [Team] aaron exia (Blue): goo up
Thu Jan  2 13:19:56 2025 SHURA (Blue) [Team Change]
Thu Jan  2 13:19:56 2025 DYMAHOD (Blue) [Headshot] parawhore (Red)
Thu Jan  2 13:19:56 2025 elbow (Blue) [Headshot] Martin (Red)
Thu Jan  2 13:19:56 2025 dmbel (Red) [Headshot] Harry (Blue)
Thu Jan  2 13:20:01 2025 SHURA joined Red team
Thu Jan  2 13:20:01 2025 Grabarz (Blue) [Headshot] Deuce Ex (Red)
Thu Jan  2 13:20:06 2025 Stinky_hole (Blue) [Headshot] dmbel (Red)
Thu Jan  2 13:20:06 2025 aaron exia (Blue) [Headshot] CAWWER (Red)
Thu Jan  2 13:20:11 2025  Stinky_hole has reached 1000 blocks placed! /heaven unlocked.
Thu Jan  2 13:20:17 2025 RemuS joined Blue team
Thu Jan  2 13:20:25 2025 Poet (Red) [SMG] Bajurf (Blue)
Thu Jan  2 13:20:36 2025 Martin (Red) [SMG] Grabarz (Blue)
Thu Jan  2 13:20:37 2025 aaron exia (Blue) [SMG] calm (Red)
Thu Jan  2 13:20:40 2025  Get a 20 killstreak and 1 intel capture(s) to unlock /APOC!
Thu Jan  2 13:20:41 2025 BollusFTW (Red) [Headshot] RemuS (Blue)
Thu Jan  2 13:20:42 2025 [Global] calm (Red): lol
Thu Jan  2 13:20:42 2025 parawhore (Red) [Grenade] Bajurf (Blue)
Thu Jan  2 13:20:44 2025 Stinky_hole (Blue) [Headshot] dmbel (Red)
Thu Jan  2 13:20:46 2025 DYMAHOD captured Red's Intel.
Thu Jan  2 13:20:46 2025 haritom picked up Blue's Intel.
Thu Jan  2 13:20:49 2025 parawhore (Red) [SMG] aaron exia (Blue)
Thu Jan  2 13:20:53 2025 [Team] aaron exia (Blue): go up!!!!!!!!!!!!!!!!!!!!
Thu Jan  2 13:20:55 2025 [Team] aaron exia (Blue): go up!!!!!!!!!!!!!!!!!!!!
Thu Jan  2 13:20:59 2025 parawhore (Red) [Headshot] communist161 (Blue)
Thu Jan  2 13:21:01 2025 HuMaNeTa12345 (Blue) [Fall]
Thu Jan  2 13:21:04 2025 RemuS (Blue) [Headshot] Martin (Red)
Thu Jan  2 13:21:04 2025 aaron exia (Blue) [Headshot] CAWWER (Red)
Thu Jan  2 13:21:04 2025 BollusFTW (Red) [SMG] elbow (Blue)
Thu Jan  2 13:21:05 2025 aaron exia (Blue) [SMG] Minx (Red)
Thu Jan  2 13:21:09 2025 calm (Red) [Headshot] Harry (Blue)
Thu Jan  2 13:21:11 2025 Deuce Ex (Red) [Rifle] RemuS (Blue)
Thu Jan  2 13:21:12 2025 haritom captured Blue's Intel.
Thu Jan  2 13:21:16 2025 BollusFTW (Red) [Headshot] Bajurf (Blue)
Thu Jan  2 13:21:17 2025 BollusFTW (Red) [SMG] Grabarz (Blue)
Thu Jan  2 13:21:17 2025 BollusFTW (Red) [SMG] DYMAHOD (Blue)
Thu Jan  2 13:21:21 2025 communist161 (Blue) [Headshot] BollusFTW (Red)
Thu Jan  2 13:21:21 2025 calm (Red) [Headshot] HuMaNeTa12345 (Blue)
Thu Jan  2 13:21:22 2025 Grifer ZVO joined Blue team
Thu Jan  2 13:21:29 2025 RemuS (Blue) [Headshot] Poet (Red)
Thu Jan  2 13:21:32 2025 [Global] Poet (Red): ye remus cmon
Thu Jan  2 13:21:33 2025 Grabarz (Blue) [Team Change]
Thu Jan  2 13:21:34 2025 aaron exia (Blue) [Headshot] Tatu (Red)
Thu Jan  2 13:21:34 2025 parawhore (Red) [Headshot] aaron exia (Blue)
Thu Jan  2 13:21:35 2025 again joined Blue team
Thu Jan  2 13:21:35 2025 Harry (Blue) [Headshot] calm (Red)
Thu Jan  2 13:21:37 2025 Grabarz joined Red team
Thu Jan  2 13:21:38 2025 Minx picked up Blue's Intel.
Thu Jan  2 13:21:40 2025  Capture your team's 5th intel to unlock /APOC for your team's best builder!
Thu Jan  2 13:21:40 2025 Stinky_hole (Blue) [Headshot] CAWWER (Red)
Thu Jan  2 13:21:45 2025 [Global] Stinky_hole (Blue): bruh
Thu Jan  2 13:21:46 2025 DYMAHOD (Blue) [Headshot] Deuce Ex (Red)
Thu Jan  2 13:21:49 2025 dmbel (Red) [Headshot] Stinky_hole (Blue)
Thu Jan  2 13:21:50 2025 [Global] again (Blue): hi
Thu Jan  2 13:21:50 2025 Harry (Blue) [Rifle] SHURA (Red)
Thu Jan  2 13:21:53 2025 Player aaron exia has left
Thu Jan  2 13:22:00 2025 dmbel (Red) [Headshot] communist161 (Blue)
Thu Jan  2 13:22:01 2025 Stinky_hole joined Spectator team
Thu Jan  2 13:22:04 2025 Minx captured Blue's Intel.
Thu Jan  2 13:22:04 2025 haritom picked up Blue's Intel.
Thu Jan  2 13:22:07 2025 calm (Red) [Fall]
Thu Jan  2 13:22:09 2025 parawhore (Red) [Headshot] Harry (Blue)
Thu Jan  2 13:22:09 2025 Minx (Red) [Headshot] RemuS (Blue)
Thu Jan  2 13:22:09 2025 [Global] calm (Red): ouchie
Thu Jan  2 13:22:10 2025 parawhore (Red) [SMG] Grifer ZVO (Blue)
Thu Jan  2 13:22:11 2025 elbow (Blue) [Headshot] Martin (Red)
Thu Jan  2 13:22:19 2025 [Team] again (Blue): hi
Thu Jan  2 13:22:20 2025 BollusFTW (Red) [SMG] HuMaNeTa12345 (Blue)
Thu Jan  2 13:22:22 2025 Bajurf (Blue) [SMG] BollusFTW (Red)
Thu Jan  2 13:22:26 2025  HuMaNeTa12345 was kicked: packet spam (549 pps): SetTool
Thu Jan  2 13:22:26 2025 Player HuMaNeTa12345 has left
Thu Jan  2 13:22:30 2025 Harry (Blue) [Headshot] CAWWER (Red)
Thu Jan  2 13:22:35 2025 Harry (Blue) [Headshot] Deuce Ex (Red)
Thu Jan  2 13:22:35 2025 haritom captured Blue's Intel.
Thu Jan  2 13:22:35 2025 RemuS (Blue) [SMG] calm (Red)
Thu Jan  2 13:22:40 2025 Harry (Blue) [Headshot] dmbel (Red)
Thu Jan  2 13:22:40 2025  Mahalo for playing aloha.pk tower of babel
Thu Jan  2 13:22:41 2025 communist161 (Blue) [SMG] parawhore (Red)
Thu Jan  2 13:22:47 2025 You must be closer to the enemy's base to grenade blocks!
Thu Jan  2 13:22:48 2025 You must be closer to the enemy's base to grenade blocks!
Thu Jan  2 13:22:49 2025 [Global] Poet (Red): grabarz grief?
Thu Jan  2 13:22:50 2025 You must be closer to the enemy's base to grenade blocks!
Thu Jan  2 13:22:50 2025 calm (Red) [Shotgun] elbow (Blue)
Thu Jan  2 13:22:51 2025 HuMaNeTa12345 joined Blue team
Thu Jan  2 13:22:55 2025 [Global] again (Blue): harintonnnnnnnnnnnnnnnnnnnnn
Thu Jan  2 13:22:58 2025 Poet picked up Blue's Intel.
Thu Jan  2 13:22:59 2025 Grifer ZVO (Blue) [SMG] Deuce Ex (Red)
Thu Jan  2 13:23:02 2025 calm (Red) [Shotgun] communist161 (Blue)
Thu Jan  2 13:23:03 2025 Poet (Red) [Grenade] Bajurf (Blue)
Thu Jan  2 13:23:04 2025 BollusFTW (Red) [SMG] Grifer ZVO (Blue)
Thu Jan  2 13:23:04 2025 Harry (Blue) [Headshot] calm (Red)
Thu Jan  2 13:23:05 2025 BollusFTW (Red) [Headshot] Harry (Blue)
Thu Jan  2 13:23:08 2025 RemuS (Blue) [Headshot] Deuce Ex (Red)
Thu Jan  2 13:23:10 2025 RemuS (Blue) [SMG] parawhore (Red)
Thu Jan  2 13:23:16 2025 communist161 (Blue) [Headshot] Tatu (Red)
Thu Jan  2 13:23:20 2025 calm (Red) [Headshot] RemuS (Blue)
Thu Jan  2 13:23:20 2025 elbow (Blue) [Headshot] Minx (Red)
Thu Jan  2 13:23:20 2025  Grabarz has a kill-death ratio of 1.14 (16 kills, 14 deaths, 0.61 kills per minute).
Thu Jan  2 13:23:20 2025  Grabarz removed no blocks in the last 2.0 minutes. Grabarz joined Red team 1 minute, 46
Thu Jan  2 13:23:20 2025  seconds ago.
Thu Jan  2 13:23:20 2025  SHURA (#3) started a VOTEKICK against Grabarz (#14). Say /Y to agree
Thu Jan  2 13:23:20 2025  Reason: griefer
Thu Jan  2 13:23:21 2025 Minx (Red) [Grenade] communist161 (Blue)
Thu Jan  2 13:23:23 2025  calm (#15) voted YES
Thu Jan  2 13:23:23 2025  BollusFTW (#24) voted YES
Thu Jan  2 13:23:23 2025  Poet (#11) voted YES
Thu Jan  2 13:23:25 2025  Deuce Ex (#1) voted YES
Thu Jan  2 13:23:26 2025  Minx (#10) voted YES
Thu Jan  2 13:23:27 2025 [Team] RemuS (Blue): help destroy plz
Thu Jan  2 13:23:27 2025  With 1624 blocks placed, parawhore is granted the right to unleash the apocalypse.
Thu Jan  2 13:23:27 2025 Poet captured Blue's Intel.
Thu Jan  2 13:23:27 2025  Martin (#9) voted YES
Thu Jan  2 13:23:30 2025  Bajurf (#7) voted YES
Thu Jan  2 13:23:30 2025 Harry (Blue) [Headshot] BollusFTW (Red)
Thu Jan  2 13:23:30 2025  Stinky_hole (#12) voted YES
Thu Jan  2 13:23:30 2025 Grabarz (Red) [Fall]
Thu Jan  2 13:23:30 2025 [Global] dmbel (Red): ..../y
Thu Jan  2 13:23:31 2025 [Global] Tatu (Red): y
Thu Jan  2 13:23:32 2025 [Global] haritom (Red): HOLAAAAA AGAINNNNNNNNNNNNNNNNNN
Thu Jan  2 13:23:33 2025 Martin (Red) [Headshot] HuMaNeTa12345 (Blue)
Thu Jan  2 13:23:34 2025  dmbel (#4) voted YES
Thu Jan  2 13:23:34 2025  Tatu (#23) voted YES
Thu Jan  2 13:23:35 2025 [Global] Grabarz (Red): spierdalaj
Thu Jan  2 13:23:36 2025 elbow (Blue) [Headshot] haritom (Red)
Thu Jan  2 13:23:40 2025 Martin (Red) [Headshot] HuMaNeTa12345 (Blue)
Thu Jan  2 13:23:40 2025 [Global] Grabarz (Red): w
Thu Jan  2 13:23:40 2025  Build a tower to get the enemy's intel. Take it to your team's tent to win!
Thu Jan  2 13:23:41 2025 Harry (Blue) [Headshot] Martin (Red)
Thu Jan  2 13:23:42 2025 haritom (Red) [Team Change]
Thu Jan  2 13:23:43 2025 elbow (Blue) [Headshot] SHURA (Red)
Thu Jan  2 13:23:45 2025 Player Stinky_hole has left
Thu Jan  2 13:23:45 2025 Prout joined Blue team
Thu Jan  2 13:23:46 2025 DYMAHOD (Blue) [Headshot] calm (Red)
Thu Jan  2 13:23:47 2025 Grifer ZVO (Blue) [SMG] Deuce Ex (Red)
Thu Jan  2 13:23:47 2025  parawhore (#6) voted YES
Thu Jan  2 13:23:49 2025 haritom joined Blue team
Thu Jan  2 13:23:50 2025  SHURA (#3) is votekicking Grabarz (#14). /Y to vote (1 left)
Thu Jan  2 13:23:50 2025  Reason: griefer
Thu Jan  2 13:23:57 2025 DYMAHOD (Blue) [Headshot] Deuce Ex (Red)
Thu Jan  2 13:24:00 2025 Grifer ZVO (Blue) [SMG] Minx (Red)
Thu Jan  2 13:24:01 2025 [Global] Bajurf (Blue): one vote left nerds
Thu Jan  2 13:24:01 2025 calm (Red) [Shotgun] DYMAHOD (Blue)
Thu Jan  2 13:24:03 2025 BollusFTW (Red) [SMG] communist161 (Blue)
Thu Jan  2 13:24:04 2025  Grabarz is disabled from building
Thu Jan  2 13:24:04 2025 elbow (Blue) [SMG] CAWWER (Red)
Thu Jan  2 13:24:05 2025 RemuS (Blue) [Grenade]
Thu Jan  2 13:24:05 2025 BollusFTW (Red) [SMG] Grifer ZVO (Blue)
Thu Jan  2 13:24:05 2025 Harry (Blue) [Headshot] BollusFTW (Red)
Thu Jan  2 13:24:07 2025  Votekick for Grabarz (#14) has ended. There aren't enough players to vote
Thu Jan  2 13:24:07 2025 Player Grifer ZVO has left
Thu Jan  2 13:24:09 2025 calm (Red) [Shotgun] Harry (Blue)
Thu Jan  2 13:24:13 2025 [Team] haritom (Blue): againnnnnnn
Thu Jan  2 13:24:13 2025 [Global] Poet (Red): ???????????????????????????????????????
Thu Jan  2 13:24:16 2025 Prout (Blue) [Grenade]
Thu Jan  2 13:24:19 2025 dmbel (Red) [Rifle] elbow (Blue)
Thu Jan  2 13:24:20 2025 [Global] Poet (Red): what was this shit man
Thu Jan  2 13:24:21 2025 Grabarz (Red) [Fall]
Thu Jan  2 13:24:25 2025 Poet (Red) [Headshot] Harry (Blue)
Thu Jan  2 13:24:27 2025 RemuS (Blue) [Headshot] Deuce Ex (Red)
Thu Jan  2 13:24:30 2025 Tatu picked up Blue's Intel.
Thu Jan  2 13:24:32 2025 [Global] SHURA (Red): admin! please kick grifier
Thu Jan  2 13:24:33 2025 dotBlueShoes joined Blue team
Thu Jan  2 13:24:34 2025 Grabarz (Red) [Team Change]
Thu Jan  2 13:24:34 2025 Minx (Red) [Headshot] communist161 (Blue)
Thu Jan  2 13:24:35 2025 HuMaNeTa12345 (Blue) [Rifle] calm (Red)
Thu Jan  2 13:24:37 2025 Grabarz joined Blue team
Thu Jan  2 13:24:40 2025  Type /HELP for info & commands
Thu Jan  2 13:24:41 2025 parawhore (Red) [Headshot] DYMAHOD (Blue)
Thu Jan  2 13:24:42 2025 parawhore (Red) [Grenade] elbow (Blue)
Thu Jan  2 13:24:42 2025 Player Grabarz has left
Thu Jan  2 13:24:43 2025 RemuS (Blue) [SMG] Minx (Red)
Thu Jan  2 13:24:43 2025 parawhore (Red) [Headshot] Bajurf (Blue)
Thu Jan  2 13:24:45 2025 CAWWER (Red) [Fall]
Thu Jan  2 13:24:48 2025 [Global] Poet (Red): tHeRe iS nOt eNoUgH pLaYerS
Thu Jan  2 13:24:48 2025 Harry (Blue) [Rifle] calm (Red)
Thu Jan  2 13:24:49 2025 BollusFTW (Red) [Headshot] RemuS (Blue)
Thu Jan  2 13:24:53 2025 parawhore (Red) [SMG] elbow (Blue)
Thu Jan  2 13:24:54 2025 Grabarz joined Blue team
Thu Jan  2 13:24:55 2025 parawhore (Red) [Headshot] again (Blue)
Thu Jan  2 13:25:05 2025  parawhore has unleashed an apocalypse from God.
Thu Jan  2 13:25:05 2025 Tatu captured Blue's Intel.
Thu Jan  2 13:25:05 2025 Grabarz (Blue) [Team Change]
Thu Jan  2 13:25:05 2025  The apocalypse begins in 5
Thu Jan  2 13:25:05 2025 Grabarz joined Red team
Thu Jan  2 13:25:05 2025  The apocalypse begins in 4
Thu Jan  2 13:25:05 2025  The apocalypse begins in 3
Thu Jan  2 13:25:05 2025 parawhore (Red) [SMG] elbow (Blue)
Thu Jan  2 13:25:05 2025  The apocalypse begins in 2
Thu Jan  2 13:25:05 2025 parawhore (Red) [Headshot] RemuS (Blue)
Thu Jan  2 13:25:05 2025  The apocalypse begins in 1
Thu Jan  2 13:25:05 2025 BollusFTW (Red) [Headshot] DYMAHOD (Blue)
Thu Jan  2 13:25:08 2025 parawhore (Red) [Grenade] Harry (Blue)
Thu Jan  2 13:25:08 2025 parawhore (Red) [Grenade] haritom (Blue)
Thu Jan  2 13:25:08 2025 again (Blue) [SMG] parawhore (Red)
Thu Jan  2 13:25:09 2025 parawhore (Red) [Grenade] again (Blue)
Thu Jan  2 13:25:11 2025 parawhore (Red) [Grenade] communist161 (Blue)
Thu Jan  2 13:25:11 2025 parawhore (Red) [Grenade] HuMaNeTa12345 (Blue)
Thu Jan  2 13:25:14 2025 parawhore (Red) [Grenade] again (Blue)
Thu Jan  2 13:25:14 2025 parawhore (Red) [Grenade] Harry (Blue)
Thu Jan  2 13:25:15 2025 Minx picked up Blue's Intel.
Thu Jan  2 13:25:16 2025 parawhore (Red) [Grenade] Bajurf (Blue)
Thu Jan  2 13:25:20 2025  Grabarz is disabled from building
Thu Jan  2 13:25:22 2025  The apocalypse has ended.
Thu Jan  2 13:25:28 2025 DYMAHOD (Blue) [Headshot] calm (Red)
Thu Jan  2 13:25:29 2025 Player RemuS has left
Thu Jan  2 13:25:35 2025 Player elbow has left
Thu Jan  2 13:25:36 2025 Grabarz (Red) [Team Change]
Thu Jan  2 13:25:36 2025 Bajurf (Blue) [Headshot] CAWWER (Red)
Thu Jan  2 13:25:37 2025 Grabarz joined Blue team
Thu Jan  2 13:25:40 2025  Visit our community forums at https://aloha.pk/
Thu Jan  2 13:25:42 2025 Player Grabarz has left
Thu Jan  2 13:25:43 2025 SHURA (Red) [Headshot] Bajurf (Blue)
Thu Jan  2 13:25:45 2025 Harry (Blue) [Headshot] BollusFTW (Red)
Thu Jan  2 13:25:49 2025 dotBlueShoes (Blue) [Headshot] dmbel (Red)
Thu Jan  2 13:25:50 2025 Harry (Blue) [Headshot] CAWWER (Red)
Thu Jan  2 13:25:50 2025 HuMaNeTa12345 (Blue) [Headshot] Deuce Ex (Red)
Thu Jan  2 13:25:51 2025 Minx captured Blue's Intel.
Thu Jan  2 13:25:52 2025 Grabarz joined Blue team
Thu Jan  2 13:25:55 2025  Grabarz was banned.
Thu Jan  2 13:25:55 2025 Player Grabarz has left
Thu Jan  2 13:25:56 2025 Tatu picked up Blue's Intel.
Thu Jan  2 13:25:57 2025 parawhore (Red) [Headshot] Harry (Blue)
Thu Jan  2 13:26:01 2025 again (Blue) [Headshot] Poet (Red)
Thu Jan  2 13:26:02 2025 Martin (Red) [Headshot] again (Blue)
Thu Jan  2 13:26:02 2025 np256 joined Spectator team
Thu Jan  2 13:26:02 2025 parawhore (Red) [Headshot] HuMaNeTa12345 (Blue)
Thu Jan  2 13:26:05 2025 SHURA (Red) [SMG] dotBlueShoes (Blue)
Thu Jan  2 13:26:09 2025 SHURA (Red) [Headshot] Harry (Blue)
Thu Jan  2 13:26:13 2025 Martin (Red) [SMG] communist161 (Blue)
Thu Jan  2 13:26:15 2025 Harry (Blue) [Headshot] SHURA (Red)
Thu Jan  2 13:26:15 2025 [Team] haritom (Blue): nooooooooo  again
Thu Jan  2 13:26:22 2025 Tatu captured Blue's Intel.
Thu Jan  2 13:26:26 2025 Minx picked up Blue's Intel.
Thu Jan  2 13:26:26 2025 parawhore (Red) [SMG] haritom (Blue)
Thu Jan  2 13:26:26 2025 Deuce Ex (Red) [Headshot] DYMAHOD (Blue)
Thu Jan  2 13:26:32 2025 Bajurf (Blue) [Fall]
Thu Jan  2 13:26:34 2025 Harry (Blue) [Headshot] Deuce Ex (Red)
Thu Jan  2 13:26:36 2025 Deuce Ex (Red) [Grenade] Harry (Blue)
Thu Jan  2 13:26:36 2025 parawhore (Red) [SMG] communist161 (Blue)
Thu Jan  2 13:26:37 2025 Martin (Red) [Headshot] again (Blue)
Thu Jan  2 13:26:38 2025 HuMaNeTa12345 (Blue) [Rifle] parawhore (Red)
Thu Jan  2 13:26:39 2025 calm (Red) [Headshot] HuMaNeTa12345 (Blue)
Thu Jan  2 13:26:40 2025  Come chat with us at https://discord.aloha.pk/
Thu Jan  2 13:26:44 2025 Harry (Blue) [Headshot] calm (Red)
Thu Jan  2 13:26:50 2025 haritom (Blue) [Weapon Change]
Thu Jan  2 13:26:52 2025 DYMAHOD (Blue) [Headshot] CAWWER (Red)
Thu Jan  2 13:26:52 2025 CAWWER (Red) [Weapon Change]
Thu Jan  2 13:26:52 2025 Player Prout has left
Thu Jan  2 13:26:54 2025 Abaddon joined Blue team
Thu Jan  2 13:26:55 2025 Player np256 has left
Thu Jan  2 13:26:59 2025 Minx captured Blue's Intel.
Thu Jan  2 13:27:02 2025 parawhore (Red) [Headshot] DYMAHOD (Blue)
Thu Jan  2 13:27:02 2025 Martin (Red) [SMG] Abaddon (Blue)
Thu Jan  2 13:27:04 2025 parawhore (Red) [Headshot] Harry (Blue)
Thu Jan  2 13:27:04 2025 Tatu (Red) [Headshot] communist161 (Blue)
Thu Jan  2 13:27:05 2025 SHURA (Red) [SMG] again (Blue)
Thu Jan  2 13:27:08 2025 Pagani joined Blue team
Thu Jan  2 13:27:10 2025 Martin (Red) [SMG] HuMaNeTa12345 (Blue)
Thu Jan  2 13:27:10 2025 dotBlueShoes (Blue) [Headshot] Martin (Red)
Thu Jan  2 13:27:12 2025 Poet picked up Blue's Intel.
Thu Jan  2 13:27:12 2025 Tatu (Red) [SMG] dotBlueShoes (Blue)
Thu Jan  2 13:27:15 2025 SHURA (Red) [SMG] DYMAHOD (Blue)
Thu Jan  2 13:27:16 2025 SHURA (Red) [SMG] again (Blue)
Thu Jan  2 13:27:19 2025 Abaddon (Blue) [Headshot] Tatu (Red)
Thu Jan  2 13:27:22 2025 communist161 (Blue) [Headshot] BollusFTW (Red)
Thu Jan  2 13:27:23 2025 SHURA (Red) [SMG] Pagani (Blue)
Thu Jan  2 13:27:25 2025 Bajurf (Blue) [Headshot] CAWWER (Red)
Thu Jan  2 13:27:30 2025 Minx (Red) [Grenade] DYMAHOD (Blue)
Thu Jan  2 13:27:32 2025 [Global] BollusFTW (Red): gg
Thu Jan  2 13:27:34 2025 Abaddon (Blue) [SMG] Martin (Red)
Thu Jan  2 13:27:37 2025 Deuce Ex (Red) [Fall]
Thu Jan  2 13:27:37 2025 Poet captured Blue's Intel.
Thu Jan  2 13:27:37 2025 Red Wins!
Thu Jan  2 13:27:37 2025  Game finished! Next map: icecraft.
Thu Jan  2 13:27:39 2025 BollusFTW (Red) [Headshot] Pagani (Blue)
Thu Jan  2 13:27:39 2025 communist161 (Blue) [Headshot] SHURA (Red)
Thu Jan  2 13:27:39 2025 Harry (Blue) [Headshot] CAWWER (Red)
Thu Jan  2 13:27:39 2025 Martin (Red) [SMG] dotBlueShoes (Blue)
Thu Jan  2 13:27:39 2025 again (Blue) [SMG] Deuce Ex (Red)
Thu Jan  2 13:27:39 2025 BollusFTW (Red) [SMG] dotBlueShoes (Blue)
Thu Jan  2 13:27:40 2025 Harry (Blue) [Headshot] dmbel (Red)
Thu Jan  2 13:27:40 2025 Martin (Red) [SMG] communist161 (Blue)
Thu Jan  2 13:27:40 2025 parawhore (Red) [SMG] communist161 (Blue)
Thu Jan  2 13:27:40 2025 haritom (Blue) [Fall]
Thu Jan  2 13:27:40 2025 Harry (Blue) [Rifle] calm (Red)
Thu Jan  2 13:27:40 2025  If you believe a player is breaking the rules, please let us know with /ADMIN
Thu Jan  2 13:27:40 2025 again (Blue) [SMG] Poet (Red)
Thu Jan  2 13:27:41 2025 parawhore (Red) [SMG] Abaddon (Blue)
Thu Jan  2 13:27:41 2025 parawhore (Red) [SMG] Abaddon (Blue)
Thu Jan  2 13:27:41 2025 BollusFTW (Red) [Headshot] again (Blue)
Thu Jan  2 13:27:42 2025 Minx (Red) [Headshot] DYMAHOD (Blue)
Thu Jan  2 13:27:42 2025 Tatu (Red) [Headshot] Harry (Blue)
Thu Jan  2 13:27:43 2025 Minx (Red) [Headshot] HuMaNeTa12345 (Blue)
Thu Jan  2 13:27:44 2025 Tatu (Red) [Headshot] Bajurf (Blue)
Thu Jan  2 13:27:44 2025 Tatu (Red) [Headshot] Bajurf (Blue)
Thu Jan  2 13:27:45 2025 BollusFTW (Red) [Fall]
Thu Jan  2 13:27:46 2025 [Global] calm (Red): GGGG
Thu Jan  2 13:27:46 2025 parawhore (Red) [Fall]
Thu Jan  2 13:27:48 2025 ------ World Unloaded ------
Thu Jan  2 13:27:50 2025 Disconnecting
