Thu Jan  2 11:29:18 2025 ------ World Loaded ------
Thu Jan  2 11:29:18 2025 microwave (Blue) [SMG] GommistaRosa (Red)
Thu Jan  2 11:29:18 2025 DEMMONIOSS (Blue) [SMG] SHURA (Red)
Thu Jan  2 11:29:18 2025 Y.O.B.A. (Red) [Headshot] microwave (Blue)
Thu Jan  2 11:29:18 2025 Welcome to aloha.pk tower of babel
Thu Jan  2 11:29:18 2025 Qult--- joined Blue team
Thu Jan  2 11:29:19 2025 Delpi99 (Red) [Headshot] CAWWER (Blue)
Thu Jan  2 11:29:19 2025 Map: CallOfDutyArray by onigiri
Thu Jan  2 11:29:21 2025 z (Blue) [Headshot] Delpi99 (Red)
Thu Jan  2 11:29:21 2025 Game mode: babel
Thu Jan  2 11:29:22 2025 microwave (Blue) [Fall]
Thu Jan  2 11:29:22 2025 GommistaRosa (Red) [Fall]
Thu Jan  2 11:29:22 2025 Delpi99 (Red) [Fall]
Thu Jan  2 11:29:22 2025 CAWWER (Blue) [Fall]
Thu Jan  2 11:29:22 2025 SHURA (Red) [Fall]
Thu Jan  2 11:29:22 2025 HuMaNeTa12345 (Blue) [Fall]
Thu Jan  2 11:29:23 2025 garzi (Red) [Headshot] Name (Blue)
Thu Jan  2 11:29:23 2025 Build a tower to get the enemy's intel. Take it to your team's tent to win!
Thu Jan  2 11:29:25 2025 GommistaRosa joined Spectator team
Thu Jan  2 11:29:25 2025 Visit our community forum at https://aloha.pk/
Thu Jan  2 11:29:26 2025 DEMMONIOSS (Blue) [Team Change]
Thu Jan  2 11:29:27 2025 Come chat with us at https://discord.aloha.pk/
Thu Jan  2 11:29:29 2025 WannaCry (Blue) [Headshot] Harry (Red)
Thu Jan  2 11:29:29 2025 WannaCry (Blue) [Headshot] Delpi99 (Red)
Thu Jan  2 11:29:31 2025 WannaCry (Blue) [Headshot] Y.O.B.A. (Red)
Thu Jan  2 11:29:31 2025 level9999999999 (Blue) [SMG] mariosteve (Red)
Thu Jan  2 11:29:32 2025 sago joined Red team
Thu Jan  2 11:29:36 2025 GommistaRosa joined Blue team
Thu Jan  2 11:29:37 2025 DEMMONIOSS joined Red team
Thu Jan  2 11:29:38 2025 Player level9999999999 has left
Thu Jan  2 11:29:40 2025  Use /HEAVEN to paint the babel platform!
Thu Jan  2 11:29:43 2025 WannaCry (Blue) [Headshot] sago (Red)
Thu Jan  2 11:29:46 2025 Harry (Red) [Rifle] WannaCry (Blue)
Thu Jan  2 11:29:48 2025 microwave (Blue) [Headshot] Y.O.B.A. (Red)
Thu Jan  2 11:29:51 2025 Delpi99 (Red) [Weapon Change]
Thu Jan  2 11:29:53 2025 microwave (Blue) [Headshot] mariosteve (Red)
Thu Jan  2 11:29:54 2025 elbow (Blue) [Headshot] Harry (Red)
Thu Jan  2 11:29:56 2025 Y.O.B.A. (Red) [SMG] microwave (Blue)
Thu Jan  2 11:29:59 2025 Name (Blue) [Headshot] Y.O.B.A. (Red)
Thu Jan  2 11:29:59 2025 DEMMONIOSS (Red) [Headshot] HuMaNeTa12345 (Blue)
Thu Jan  2 11:30:03 2025 SHURA (Red) [SMG] GommistaRosa (Blue)
Thu Jan  2 11:30:04 2025 SHURA (Red) [Headshot] HuMaNeTa12345 (Blue)
Thu Jan  2 11:30:04 2025 garzi (Red) [Headshot] WannaCry (Blue)
Thu Jan  2 11:30:06 2025 Name (Blue) [Headshot] Delpi99 (Red)
Thu Jan  2 11:30:10 2025 SHURA (Red) [Headshot] microwave (Blue)
Thu Jan  2 11:30:13 2025 Harry (Red) [Headshot] Name (Blue)
Thu Jan  2 11:30:16 2025 RemuS (Red) [Headshot] HuMaNeTa12345 (Blue)
Thu Jan  2 11:30:18 2025 microwave (Blue) [Headshot] SHURA (Red)
Thu Jan  2 11:30:19 2025 microwave (Blue) [SMG] RemuS (Red)
Thu Jan  2 11:30:29 2025 microwave (Blue) [Headshot] Y.O.B.A. (Red)
Thu Jan  2 11:30:32 2025 elbow (Blue) [SMG] Harry (Red)
Thu Jan  2 11:30:32 2025 microwave (Blue) [Headshot] DEMMONIOSS (Red)
Thu Jan  2 11:30:40 2025  Get a 20 killstreak and 1 intel capture(s) to unlock /APOC!
Thu Jan  2 11:30:43 2025 GommistaRosa (Blue) [SMG]
Thu Jan  2 11:30:44 2025 mariosteve (Red) [Headshot] HuMaNeTa12345 (Blue)
Thu Jan  2 11:30:44 2025 WannaCry (Blue) [Headshot] garzi (Red)
Thu Jan  2 11:30:44 2025 elbow (Blue) [SMG] RemuS (Red)
Thu Jan  2 11:30:44 2025 microwave (Blue) [Headshot] Y.O.B.A. (Red)
Thu Jan  2 11:30:45 2025 SHURA (Red) [Headshot] elbow (Blue)
Thu Jan  2 11:30:46 2025 microwave (Blue) [Headshot] Deuce Ex (Red)
Thu Jan  2 11:30:49 2025 mariosteve (Red) [Headshot] Name (Blue)
Thu Jan  2 11:30:50 2025 Delpi99 (Red) [Rifle] CAWWER (Blue)
Thu Jan  2 11:30:53 2025 microwave (Blue) [SMG] garzi (Red)
Thu Jan  2 11:30:54 2025 microwave (Blue) [SMG] Y.O.B.A. (Red)
Thu Jan  2 11:30:56 2025 microwave (Blue) [Headshot] DEMMONIOSS (Red)
Thu Jan  2 11:30:59 2025 Zom B  (Red) [Headshot] Name (Blue)
Thu Jan  2 11:31:01 2025 barn joined Blue team
Thu Jan  2 11:31:01 2025 DEMMONIOSS joined Blue team
Thu Jan  2 11:31:05 2025 barn (Blue) [Headshot] Zom B  (Red)
Thu Jan  2 11:31:06 2025 Zom B  (Red) [Grenade] DEMMONIOSS (Blue)
Thu Jan  2 11:31:07 2025 mariosteve (Red) [Headshot] HuMaNeTa12345 (Blue)
Thu Jan  2 11:31:07 2025 microwave (Blue) [Headshot] garzi (Red)
Thu Jan  2 11:31:12 2025 WannaCry (Blue) [Headshot] Y.O.B.A. (Red)
Thu Jan  2 11:31:14 2025 Delpi99 (Red) [Headshot] CAWWER (Blue)
Thu Jan  2 11:31:14 2025 mariosteve (Red) [Headshot] elbow (Blue)
Thu Jan  2 11:31:14 2025 Delpi99 (Red) [Headshot] Name (Blue)
Thu Jan  2 11:31:16 2025 WannaCry (Blue) [Headshot] Deuce Ex (Red)
Thu Jan  2 11:31:17 2025 GommistaRosa (Blue) [Team Change]
Thu Jan  2 11:31:20 2025 microwave (Blue) [Headshot] sago (Red)
Thu Jan  2 11:31:21 2025 barn (Blue) [Rifle] SHURA (Red)
Thu Jan  2 11:31:23 2025 SHURA (Red) [Grenade] barn (Blue)
Thu Jan  2 11:31:24 2025 microwave (Blue) [Headshot] Zom B  (Red)
Thu Jan  2 11:31:25 2025 GommistaRosa joined Red team
Thu Jan  2 11:31:26 2025 sago (Red) [SMG] microwave (Blue)
Thu Jan  2 11:31:28 2025 mariosteve (Red) [Headshot] CAWWER (Blue)
Thu Jan  2 11:31:29 2025 Delpi99 (Red) [Headshot] Name (Blue)
Thu Jan  2 11:31:30 2025 WannaCry (Blue) [Headshot] GommistaRosa (Red)
Thu Jan  2 11:31:33 2025 mariosteve (Red) [Headshot] elbow (Blue)
Thu Jan  2 11:31:37 2025 Y.O.B.A. (Red) [SMG] barn (Blue)
Thu Jan  2 11:31:39 2025 WannaCry (Blue) [Headshot] GommistaRosa (Red)
Thu Jan  2 11:31:40 2025 mariosteve (Red) [Headshot] Name (Blue)
Thu Jan  2 11:31:40 2025  Capture your team's 5th intel to unlock /APOC for your team's best builder!
Thu Jan  2 11:31:41 2025 WannaCry (Blue) [Headshot] sago (Red)
Thu Jan  2 11:31:43 2025 CAWWER (Blue) [Shotgun] mariosteve (Red)
Thu Jan  2 11:31:44 2025 barn (Blue) [Rifle] Y.O.B.A. (Red)
Thu Jan  2 11:31:44 2025 Delpi99 (Red) [Headshot] elbow (Blue)
Thu Jan  2 11:31:50 2025 WannaCry (Blue) [Headshot] Deuce Ex (Red)
Thu Jan  2 11:31:54 2025 GommistaRosa (Red) [SMG] WannaCry (Blue)
Thu Jan  2 11:31:54 2025 Harry (Red) [Headshot] barn (Blue)
Thu Jan  2 11:32:00 2025 mariosteve (Red) [Headshot] HuMaNeTa12345 (Blue)
Thu Jan  2 11:32:01 2025 microwave (Blue) [Headshot] garzi (Red)
Thu Jan  2 11:32:06 2025 elbow (Blue) [Headshot] Zom B  (Red)
Thu Jan  2 11:32:07 2025 Delpi99 (Red) [Headshot] WannaCry (Blue)
Thu Jan  2 11:32:20 2025 WannaCry (Blue) [Headshot] Delpi99 (Red)
Thu Jan  2 11:32:21 2025 microwave (Blue) [Headshot] GommistaRosa (Red)
Thu Jan  2 11:32:22 2025 mariosteve (Red) [Rifle] Name (Blue)
Thu Jan  2 11:32:23 2025 microwave (Blue) [Headshot] garzi (Red)
Thu Jan  2 11:32:25 2025 Player Zom B  has left
Thu Jan  2 11:32:26 2025 microwave (Blue) [Headshot] Delpi99 (Red)
Thu Jan  2 11:32:30 2025 WannaCry (Blue) [Headshot] Harry (Red)
Thu Jan  2 11:32:33 2025 microwave (Blue) [Headshot] sago (Red)
Thu Jan  2 11:32:35 2025 microwave (Blue) [Headshot] GommistaRosa (Red)
Thu Jan  2 11:32:35 2025 garzi (Red) [Rifle] microwave (Blue)
Thu Jan  2 11:32:40 2025  Mahalo for playing aloha.pk tower of babel
Thu Jan  2 11:32:41 2025 mariosteve (Red) [Headshot] WannaCry (Blue)
Thu Jan  2 11:32:42 2025 RemuS (Red) [SMG] DEMMONIOSS (Blue)
Thu Jan  2 11:32:50 2025 microwave (Blue) [Headshot] Y.O.B.A. (Red)
Thu Jan  2 11:32:50 2025 barn (Blue) [Rifle] mariosteve (Red)
Thu Jan  2 11:32:55 2025 RemuS (Red) [Grenade] Name (Blue)
Thu Jan  2 11:32:55 2025 barn (Blue) [Headshot] garzi (Red)
Thu Jan  2 11:32:55 2025 S.P. joined Blue team
Thu Jan  2 11:32:57 2025 RemuS (Red) [SMG] WannaCry (Blue)
Thu Jan  2 11:33:04 2025 Qult--- (Blue) [Headshot] Harry (Red)
Thu Jan  2 11:33:06 2025 microwave (Blue) [Headshot] sago (Red)
Thu Jan  2 11:33:07 2025 Qult--- (Blue) [Headshot] garzi (Red)
Thu Jan  2 11:33:08 2025 Qult--- (Blue) [Headshot] Y.O.B.A. (Red)
Thu Jan  2 11:33:08 2025 YOTI joined Red team
Thu Jan  2 11:33:11 2025 RemuS (Red) [SMG] DEMMONIOSS (Blue)
Thu Jan  2 11:33:14 2025 RemuS (Red) [Headshot] DEMMONIOSS (Blue)
Thu Jan  2 11:33:15 2025 RemuS (Red) [SMG] Name (Blue)
Thu Jan  2 11:33:15 2025 GommistaRosa (Red) [Headshot] HuMaNeTa12345 (Blue)
Thu Jan  2 11:33:16 2025 S.P. (Blue) [Headshot] GommistaRosa (Red)
Thu Jan  2 11:33:16 2025 microwave (Blue) [Headshot] mariosteve (Red)
Thu Jan  2 11:33:19 2025 microwave (Blue) [SMG] sago (Red)
Thu Jan  2 11:33:19 2025 S.P. (Blue) [Headshot] YOTI (Red)
Thu Jan  2 11:33:21 2025 Delpi99 (Red) [Headshot] S.P. (Blue)
Thu Jan  2 11:33:23 2025 Harry (Red) [Headshot] z (Blue)
Thu Jan  2 11:33:26 2025 WannaCry (Blue) [Rifle] Delpi99 (Red)
Thu Jan  2 11:33:29 2025 microwave (Blue) [SMG] mariosteve (Red)
Thu Jan  2 11:33:30 2025 microwave (Blue) [Headshot] YOTI (Red)
Thu Jan  2 11:33:31 2025 Harry (Red) [Headshot] microwave (Blue)
Thu Jan  2 11:33:32 2025 [Global] mariosteve (Red): microwave my good friend how you gooing?
Thu Jan  2 11:33:33 2025 barn (Blue) [Headshot] GommistaRosa (Red)
Thu Jan  2 11:33:33 2025 RemuS (Red) [SMG] S.P. (Blue)
Thu Jan  2 11:33:34 2025 Player YOTI has left
Thu Jan  2 11:33:38 2025 RemuS (Red) [SMG] DEMMONIOSS (Blue)
Thu Jan  2 11:33:40 2025  Build a tower to get the enemy's intel. Take it to your team's tent to win!
Thu Jan  2 11:33:42 2025 z (Blue) [Headshot] RemuS (Red)
Thu Jan  2 11:33:43 2025 microwave (Blue) [Headshot] Y.O.B.A. (Red)
Thu Jan  2 11:33:44 2025 WannaCry (Blue) [Headshot] garzi (Red)
Thu Jan  2 11:33:50 2025 WannaCry (Blue) [Headshot] Harry (Red)
Thu Jan  2 11:33:50 2025 SHURA (Red) [Headshot] DEMMONIOSS (Blue)
Thu Jan  2 11:33:53 2025 WannaCry (Blue) [Headshot] sago (Red)
Thu Jan  2 11:33:55 2025 microwave (Blue) [Headshot] mariosteve (Red)
Thu Jan  2 11:33:56 2025 Qult--- (Blue) [Headshot] Delpi99 (Red)
Thu Jan  2 11:34:03 2025 GommistaRosa (Red) [Headshot] WannaCry (Blue)
Thu Jan  2 11:34:03 2025 microwave (Blue) [Headshot] Deuce Ex (Red)
Thu Jan  2 11:34:03 2025 Qult--- (Blue) [Team Change]
Thu Jan  2 11:34:03 2025 leroux joined Spectator team
Thu Jan  2 11:34:03 2025 microwave (Blue) [Headshot] Y.O.B.A. (Red)
Thu Jan  2 11:34:06 2025 GommistaRosa (Red) [Headshot] elbow (Blue)
Thu Jan  2 11:34:08 2025 microwave (Blue) [Headshot] garzi (Red)
Thu Jan  2 11:34:13 2025 Qult--- joined Red team
Thu Jan  2 11:34:17 2025 [Global] leroux (): y
Thu Jan  2 11:34:19 2025 S.P. (Blue) [Headshot] Delpi99 (Red)
Thu Jan  2 11:34:19 2025 microwave (Blue) [Headshot] garzi (Red)
Thu Jan  2 11:34:21 2025 microwave (Blue) [Headshot] sago (Red)
Thu Jan  2 11:34:22 2025 Harry (Red) [Rifle] HuMaNeTa12345 (Blue)
Thu Jan  2 11:34:24 2025 RemuS (Red) [SMG] barn (Blue)
Thu Jan  2 11:34:26 2025 RemuS (Red) [Headshot] WannaCry (Blue)
Thu Jan  2 11:34:28 2025 S.P. (Blue) [Headshot] garzi (Red)
Thu Jan  2 11:34:29 2025 microwave (Blue) [SMG] Y.O.B.A. (Red)
Thu Jan  2 11:34:30 2025 mariosteve (Red) [Rifle] microwave (Blue)
Thu Jan  2 11:34:32 2025 S.P. (Blue) [Headshot] Qult--- (Red)
Thu Jan  2 11:34:33 2025 S.P. (Blue) [Headshot] sago (Red)
Thu Jan  2 11:34:38 2025 Name (Blue) [Headshot] mariosteve (Red)
Thu Jan  2 11:34:39 2025 S.P. (Blue) [Headshot] sago (Red)
Thu Jan  2 11:34:40 2025  Type /HELP for info & commands
Thu Jan  2 11:34:40 2025 Name (Blue) [Headshot] Harry (Red)
Thu Jan  2 11:34:41 2025 microwave (Blue) [SMG] RemuS (Red)
Thu Jan  2 11:34:42 2025 leroux joined Red team
Thu Jan  2 11:34:42 2025 Y.O.B.A. (Red) [SMG] Name (Blue)
Thu Jan  2 11:34:43 2025 GommistaRosa (Red) [Rifle] DEMMONIOSS (Blue)
Thu Jan  2 11:34:47 2025 Qult--- (Red) [Headshot] S.P. (Blue)
Thu Jan  2 11:34:48 2025 SHURA (Red) [SMG] microwave (Blue)
Thu Jan  2 11:34:52 2025 microwave (Blue) [SMG] SHURA (Red)
Thu Jan  2 11:34:52 2025 GommistaRosa (Red) [Rifle] HuMaNeTa12345 (Blue)
Thu Jan  2 11:34:57 2025 WannaCry (Blue) [Rifle] Deuce Ex (Red)
Thu Jan  2 11:35:01 2025 WannaCry (Blue) [Headshot] Y.O.B.A. (Red)
Thu Jan  2 11:35:09 2025 WannaCry (Blue) [Headshot] Harry (Red)
Thu Jan  2 11:35:11 2025 WannaCry (Blue) [Headshot] garzi (Red)
Thu Jan  2 11:35:11 2025 Qult--- (Red) [Rifle] WannaCry (Blue)
Thu Jan  2 11:35:14 2025 microwave (Blue) [Headshot] mariosteve (Red)
Thu Jan  2 11:35:17 2025 GommistaRosa (Red) [Headshot] WannaCry (Blue)
Thu Jan  2 11:35:17 2025 microwave (Blue) [Headshot] Deuce Ex (Red)
Thu Jan  2 11:35:17 2025 Name (Blue) [Headshot] Harry (Red)
Thu Jan  2 11:35:20 2025 Player mariosteve has left
Thu Jan  2 11:35:21 2025 Delpi99 (Red) [Headshot] HuMaNeTa12345 (Blue)
Thu Jan  2 11:35:22 2025 Name (Blue) [Headshot] garzi (Red)
Thu Jan  2 11:35:24 2025 Y.O.B.A. (Red) [SMG] Name (Blue)
Thu Jan  2 11:35:26 2025 GommistaRosa (Red) [Headshot] Name (Blue)
Thu Jan  2 11:35:27 2025 microwave (Blue) [SMG] Deuce Ex (Red)
Thu Jan  2 11:35:29 2025 WannaCry (Blue) [Headshot] GommistaRosa (Red)
Thu Jan  2 11:35:33 2025 S.P. (Blue) [Headshot] Delpi99 (Red)
Thu Jan  2 11:35:34 2025 microwave (Blue) [Grenade] Y.O.B.A. (Red)
Thu Jan  2 11:35:34 2025 microwave (Blue) [SMG] garzi (Red)
Thu Jan  2 11:35:42 2025 [Global] Y.O.B.A. (Red): nice nade
Thu Jan  2 11:35:43 2025  Visit our community forums at https://aloha.pk/
Thu Jan  2 11:35:43 2025 Harry (Red) [Grenade] microwave (Blue)
Thu Jan  2 11:35:43 2025 You must be closer to the enemy's base to grenade blocks!
Thu Jan  2 11:35:43 2025 barn (Blue) [Headshot] Deuce Ex (Red)
Thu Jan  2 11:35:44 2025 S.P. (Blue) [Headshot] Delpi99 (Red)
Thu Jan  2 11:35:45 2025 You must be closer to the enemy's base to grenade blocks!
Thu Jan  2 11:35:45 2025 S.P. (Blue) [Headshot] garzi (Red)
Thu Jan  2 11:35:48 2025 S.P. (Blue) [Headshot] SHURA (Red)
Thu Jan  2 11:35:49 2025 GommistaRosa (Red) [Headshot] S.P. (Blue)
Thu Jan  2 11:35:52 2025 Y.O.B.A. (Red) [SMG] WannaCry (Blue)
Thu Jan  2 11:35:53 2025 barn (Blue) [Headshot] GommistaRosa (Red)
Thu Jan  2 11:35:55 2025 barn (Blue) [Headshot] leroux (Red)
Thu Jan  2 11:36:03 2025 Name (Blue) [Headshot] Deuce Ex (Red)
Thu Jan  2 11:36:06 2025 Y.O.B.A. (Red) [SMG] barn (Blue)
Thu Jan  2 11:36:06 2025 microwave (Blue) [SMG] Y.O.B.A. (Red)
Thu Jan  2 11:36:06 2025 Name (Blue) [Headshot] leroux (Red)
Thu Jan  2 11:36:07 2025 RemuS (Red) [SMG] Name (Blue)
Thu Jan  2 11:36:08 2025 microwave (Blue) [Headshot] Harry (Red)
Thu Jan  2 11:36:22 2025 Y.O.B.A. (Red) [Headshot] WannaCry (Blue)
Thu Jan  2 11:36:23 2025 RemuS (Red) [Fall]
Thu Jan  2 11:36:28 2025 microwave (Blue) [Headshot] leroux (Red)
Thu Jan  2 11:36:31 2025 RemuS (Red) [SMG] microwave (Blue)
Thu Jan  2 11:36:31 2025 Qult--- (Red) [Headshot] S.P. (Blue)
Thu Jan  2 11:36:35 2025 WannaCry (Blue) [Headshot] garzi (Red)
Thu Jan  2 11:36:38 2025 hotpepper4 joined Red team
Thu Jan  2 11:36:40 2025 Name (Blue) [Headshot] Y.O.B.A. (Red)
Thu Jan  2 11:36:40 2025  Come chat with us at https://discord.aloha.pk/
Thu Jan  2 11:36:43 2025 SHURA (Red) [Headshot] WannaCry (Blue)
Thu Jan  2 11:36:44 2025 leroux (Red) [Headshot] Name (Blue)
Thu Jan  2 11:36:49 2025 z (Blue) [Headshot] GommistaRosa (Red)
Thu Jan  2 11:36:56 2025 barn (Blue) [Grenade]
Thu Jan  2 11:37:00 2025 S.P. (Blue) [Headshot] garzi (Red)
Thu Jan  2 11:37:01 2025 S.P. (Blue) [Headshot] sago (Red)
Thu Jan  2 11:37:04 2025 Qult--- (Red) [Rifle] elbow (Blue)
Thu Jan  2 11:37:04 2025 microwave (Blue) [SMG] RemuS (Red)
Thu Jan  2 11:37:06 2025 microwave (Blue) [SMG] hotpepper4 (Red)
Thu Jan  2 11:37:07 2025 Name (Blue) [Headshot] Harry (Red)
Thu Jan  2 11:37:09 2025 barn (Blue) [Rifle] Delpi99 (Red)
Thu Jan  2 11:37:10 2025 S.P. (Blue) [Rifle] Y.O.B.A. (Red)
Thu Jan  2 11:37:13 2025 garzi (Red) [Rifle] HuMaNeTa12345 (Blue)
Thu Jan  2 11:37:13 2025 Name (Blue) [Headshot] leroux (Red)
Thu Jan  2 11:37:15 2025 Harry (Red) [Headshot] Name (Blue)
Thu Jan  2 11:37:16 2025 microwave (Blue) [Headshot] garzi (Red)
Thu Jan  2 11:37:21 2025 [Global] S.P. (Blue): how do u heal?
Thu Jan  2 11:37:21 2025 WannaCry (Blue) [Headshot] Deuce Ex (Red)
Thu Jan  2 11:37:24 2025 SHURA (Red) [Rifle] DEMMONIOSS (Blue)
Thu Jan  2 11:37:24 2025 GommistaRosa (Red) [Headshot] z (Blue)
Thu Jan  2 11:37:26 2025 [Global] Deuce1 (): go to cp
Thu Jan  2 11:37:26 2025 Y.O.B.A. (Red) [Headshot] WannaCry (Blue)
Thu Jan  2 11:37:26 2025 [Global] Ding (): type /medkit
Thu Jan  2 11:37:26 2025 [Global] Deuce Ex (Red): you dont
Thu Jan  2 11:37:26 2025 [Global] Name (Blue):  /m
Thu Jan  2 11:37:27 2025 [Global] barn (Blue): ./m
Thu Jan  2 11:37:31 2025 microwave (Blue) [SMG] Delpi99 (Red)
Thu Jan  2 11:37:36 2025 microwave (Blue) [Headshot] Y.O.B.A. (Red)
Thu Jan  2 11:37:36 2025 Player z has left
Thu Jan  2 11:37:38 2025 microwave (Blue) [Headshot] garzi (Red)
Thu Jan  2 11:37:40 2025  If you believe a player is breaking the rules, please let us know with /ADMIN
Thu Jan  2 11:37:41 2025 [Global] Name (Blue): m
Thu Jan  2 11:37:45 2025 elbow (Blue) [Headshot] leroux (Red)
Thu Jan  2 11:37:46 2025 [Global] Deuce1 (): theres no medkits here, u need to go to the CP
Thu Jan  2 11:37:48 2025 microwave (Blue) [Headshot] Y.O.B.A. (Red)
Thu Jan  2 11:37:52 2025 Player leroux has left
Thu Jan  2 11:37:54 2025 [Global] S.P. (Blue): ok thx
Thu Jan  2 11:37:55 2025 Name (Blue) [Headshot] RemuS (Red)
Thu Jan  2 11:37:55 2025 [Global] SHURA (Red): !medic
Thu Jan  2 11:37:56 2025 Y.O.B.A. (Red) [SMG] microwave (Blue)
Thu Jan  2 11:37:56 2025 DEMMONIOSS (Blue) [Headshot] GommistaRosa (Red)
Thu Jan  2 11:37:58 2025 Name (Blue) [Rifle] hotpepper4 (Red)
Thu Jan  2 11:38:00 2025 WannaCry (Blue) [Rifle] sago (Red)
Thu Jan  2 11:38:02 2025 Y.O.B.A. (Red) [SMG] S.P. (Blue)
Thu Jan  2 11:38:04 2025 CAWWER (Blue) [Headshot] Delpi99 (Red)
Thu Jan  2 11:38:04 2025 WannaCry (Blue) [Headshot] Deuce Ex (Red)
Thu Jan  2 11:38:08 2025 microwave (Blue) [Headshot] Harry (Red)
Thu Jan  2 11:38:09 2025 ori joined Blue team
Thu Jan  2 11:38:10 2025  sago has reached 1000 blocks placed! /heaven unlocked.
Thu Jan  2 11:38:10 2025 [Global] Deuce1 (): the green tent, capture point
Thu Jan  2 11:38:10 2025 Y.O.B.A. (Red) [Headshot] WannaCry (Blue)
Thu Jan  2 11:38:11 2025 sago (Red) [Headshot] HuMaNeTa12345 (Blue)
Thu Jan  2 11:38:21 2025 elbow (Blue) [Headshot] sago (Red)
Thu Jan  2 11:38:21 2025 Name (Blue) [Headshot] Harry (Red)
Thu Jan  2 11:38:21 2025 WannaCry (Blue) [Rifle] Y.O.B.A. (Red)
Thu Jan  2 11:38:22 2025 barn (Blue) [Rifle] garzi (Red)
Thu Jan  2 11:38:25 2025 Name (Blue) [Headshot] Delpi99 (Red)
Thu Jan  2 11:38:27 2025 hotpepper4 (Red) [Headshot] Name (Blue)
Thu Jan  2 11:38:27 2025 microwave (Blue) [Headshot] hotpepper4 (Red)
Thu Jan  2 11:38:29 2025 barn (Blue) [Headshot] Harry (Red)
Thu Jan  2 11:38:40 2025  This server runs imger and glow. Use /IMG or /GLOW to toggle them.
Thu Jan  2 11:38:41 2025 CAWWER (Blue) [Headshot] Deuce Ex (Red)
Thu Jan  2 11:38:43 2025 Harry (Red) [Headshot] CAWWER (Blue)
Thu Jan  2 11:38:44 2025 elbow (Blue) [Headshot] Delpi99 (Red)
Thu Jan  2 11:38:44 2025 Y.O.B.A. (Red) [Headshot] WannaCry (Blue)
Thu Jan  2 11:38:45 2025 GommistaRosa (Red) [Headshot] DEMMONIOSS (Blue)
Thu Jan  2 11:38:47 2025 sago (Red) [Headshot] elbow (Blue)
Thu Jan  2 11:38:47 2025 Harry (Red) [Melee] barn (Blue)
Thu Jan  2 11:38:49 2025 Y.O.B.A. (Red) [Headshot] ori (Blue)
Thu Jan  2 11:38:49 2025 garzi (Red) [Rifle] S.P. (Blue)
Thu Jan  2 11:38:59 2025 WannaCry (Blue) [Headshot] Y.O.B.A. (Red)
Thu Jan  2 11:39:00 2025 DEMMONIOSS (Blue) [Headshot] GommistaRosa (Red)
Thu Jan  2 11:39:02 2025 barn (Blue) [Headshot] Delpi99 (Red)
Thu Jan  2 11:39:02 2025 Name (Blue) [Headshot] Deuce Ex (Red)
Thu Jan  2 11:39:02 2025 hotpepper4 (Red) [Headshot] Name (Blue)
Thu Jan  2 11:39:10 2025 microwave (Blue) [SMG] Y.O.B.A. (Red)
Thu Jan  2 11:39:12 2025 microwave (Blue) [Headshot] garzi (Red)
Thu Jan  2 11:39:12 2025 barn (Blue) [Headshot] Harry (Red)
Thu Jan  2 11:39:12 2025 RemuS (Red) [SMG] HuMaNeTa12345 (Blue)
Thu Jan  2 11:39:13 2025 microwave (Blue) [Headshot] sago (Red)
Thu Jan  2 11:39:15 2025 Y.O.B.A. (Red) [Headshot] microwave (Blue)
Thu Jan  2 11:39:23 2025 WannaCry (Blue) [Headshot] GommistaRosa (Red)
Thu Jan  2 11:39:25 2025 WannaCry (Blue) [Headshot] sago (Red)
Thu Jan  2 11:39:25 2025 RemuS (Red) [Headshot] WannaCry (Blue)
Thu Jan  2 11:39:27 2025 barn (Blue) [Rifle] Qult--- (Red)
Thu Jan  2 11:39:27 2025 S.P. (Blue) [Headshot] RemuS (Red)
Thu Jan  2 11:39:28 2025 sago (Red) [Headshot] barn (Blue)
Thu Jan  2 11:39:32 2025 ori (Blue) [Headshot] garzi (Red)
Thu Jan  2 11:39:36 2025 S.P. (Blue) [Headshot] Deuce Ex (Red)
Thu Jan  2 11:39:37 2025 Harry (Red) [Headshot] CAWWER (Blue)
Thu Jan  2 11:39:39 2025 sago (Red) [SMG] ori (Blue)
Thu Jan  2 11:39:40 2025  Use /EMOTE to draw an emote on the map!
Thu Jan  2 11:39:41 2025 SHURA (Red) [Headshot] WannaCry (Blue)
Thu Jan  2 11:39:50 2025 GommistaRosa (Red) [Headshot] S.P. (Blue)
Thu Jan  2 11:39:50 2025 microwave (Blue) [Shotgun] garzi (Red)
Thu Jan  2 11:39:51 2025 Deuce Ex (Red) [Headshot] microwave (Blue)
Thu Jan  2 11:39:53 2025 Name (Blue) [Headshot] sago (Red)
Thu Jan  2 11:39:55 2025 Y.O.B.A. (Red) [SMG] barn (Blue)
Thu Jan  2 11:39:58 2025 WannaCry (Blue) [Headshot] SHURA (Red)
Thu Jan  2 11:39:58 2025 Deuce Ex (Red) [Fall]
Thu Jan  2 11:40:05 2025 Y.O.B.A. (Red) [SMG] barn (Blue)
Thu Jan  2 11:40:12 2025 ori (Blue) [Grenade]
Thu Jan  2 11:40:12 2025 GommistaRosa (Red) [Headshot] elbow (Blue)
Thu Jan  2 11:40:14 2025 Name (Blue) [Headshot] sago (Red)
Thu Jan  2 11:40:15 2025 microwave (Blue) [Headshot] Y.O.B.A. (Red)
Thu Jan  2 11:40:16 2025 Deuce Ex (Red) [Fall]
Thu Jan  2 11:40:18 2025 SHURA (Red) [Fall]
Thu Jan  2 11:40:20 2025 WannaCry (Blue) [Headshot] garzi (Red)
Thu Jan  2 11:40:22 2025 [Global] Deuce1 (): Delpi, thats not cool
Thu Jan  2 11:40:28 2025 GommistaRosa (Red) [Headshot] S.P. (Blue)
Thu Jan  2 11:40:31 2025 Name (Blue) [Headshot] sago (Red)
Thu Jan  2 11:40:31 2025 WannaCry (Blue) [Headshot] garzi (Red)
Thu Jan  2 11:40:34 2025 WannaCry (Blue) [Headshot] SHURA (Red)
Thu Jan  2 11:40:34 2025 DEMMONIOSS (Blue) [Headshot] GommistaRosa (Red)
Thu Jan  2 11:40:35 2025 TuVieja73 joined Blue team
Thu Jan  2 11:40:37 2025 Delpi99 (Red) [Rifle] Name (Blue)
Thu Jan  2 11:40:40 2025  Use /HEAVEN to paint the babel platform!
Thu Jan  2 11:40:42 2025 barn (Blue) [Headshot] Y.O.B.A. (Red)
Thu Jan  2 11:40:43 2025 Name (Blue) [Headshot] hotpepper4 (Red)
Thu Jan  2 11:40:45 2025 Deuce Ex (Red) [Fall]
Thu Jan  2 11:40:48 2025 RemuS (Red) [Headshot] HuMaNeTa12345 (Blue)
Thu Jan  2 11:40:48 2025 Qult--- (Red) [Melee] CAWWER (Blue)
Thu Jan  2 11:40:50 2025 WannaCry (Blue) [Headshot] SHURA (Red)
Thu Jan  2 11:40:52 2025 WannaCry (Blue) [Headshot] Deuce Ex (Red)
Thu Jan  2 11:40:53 2025 WannaCry (Blue) [Headshot] hotpepper4 (Red)
Thu Jan  2 11:40:56 2025 garzi (Red) [Rifle] DEMMONIOSS (Blue)
Thu Jan  2 11:41:01 2025 GommistaRosa (Red) [Headshot] elbow (Blue)
Thu Jan  2 11:41:02 2025 Y.O.B.A. (Red) [Headshot] TuVieja73 (Blue)
Thu Jan  2 11:41:03 2025 WannaCry (Blue) [Rifle] garzi (Red)
Thu Jan  2 11:41:03 2025 SHURA (Red) [SMG] WannaCry (Blue)
Thu Jan  2 11:41:06 2025 TuVieja73 (Blue) [Weapon Change]
Thu Jan  2 11:41:10 2025 hotpepper4 (Red) [Headshot] Name (Blue)
Thu Jan  2 11:41:10 2025 S.P. (Blue) [Headshot] GommistaRosa (Red)
Thu Jan  2 11:41:15 2025 Y.O.B.A. (Red) [Headshot] elbow (Blue)
Thu Jan  2 11:41:15 2025 CAWWER (Blue) [Headshot] Qult--- (Red)
Thu Jan  2 11:41:17 2025 Delpi99 (Red) [Rifle] HuMaNeTa12345 (Blue)
Thu Jan  2 11:41:19 2025 microwave (Blue) [Headshot] GommistaRosa (Red)
Thu Jan  2 11:41:24 2025 WannaCry (Blue) [Headshot] Y.O.B.A. (Red)
Thu Jan  2 11:41:31 2025 S.P. (Blue) [Headshot] SHURA (Red)
Thu Jan  2 11:41:31 2025 Y.O.B.A. (Red) [SMG] ori (Blue)
Thu Jan  2 11:41:36 2025 You must be closer to the enemy's base to grenade blocks!
Thu Jan  2 11:41:37 2025 CAWWER (Blue) [Shotgun] Harry (Red)
Thu Jan  2 11:41:38 2025 Y.O.B.A. (Red) [Headshot] WannaCry (Blue)
Thu Jan  2 11:41:40 2025  Get a 20 killstreak and 1 intel capture(s) to unlock /APOC!
Thu Jan  2 11:41:45 2025 sago (Red) [Headshot] barn (Blue)
Thu Jan  2 11:41:46 2025 Name (Blue) [Headshot] sago (Red)
Thu Jan  2 11:41:50 2025 RemuS (Red) [SMG] HuMaNeTa12345 (Blue)
Thu Jan  2 11:41:50 2025 microwave (Blue) [Headshot] sago (Red)
Thu Jan  2 11:41:51 2025 Y.O.B.A. (Red) [Headshot] elbow (Blue)
Thu Jan  2 11:41:52 2025 garzi (Red) [Rifle] microwave (Blue)
Thu Jan  2 11:41:52 2025 barn (Blue) [Rifle] Y.O.B.A. (Red)
Thu Jan  2 11:41:58 2025 TuVieja73 (Blue) [SMG] SHURA (Red)
Thu Jan  2 11:42:00 2025 TuVieja73 (Blue) [Headshot] Qult--- (Red)
Thu Jan  2 11:42:09 2025 microwave (Blue) [Headshot] RemuS (Red)
Thu Jan  2 11:42:10 2025 TuVieja73 (Blue) [Headshot] Y.O.B.A. (Red)
Thu Jan  2 11:42:11 2025 You must be closer to the enemy's base to grenade blocks!
Thu Jan  2 11:42:15 2025 microwave (Blue) [SMG] hotpepper4 (Red)
Thu Jan  2 11:42:16 2025 [Global] ori (Blue): ttt9rrwaaswdwdwd
Thu Jan  2 11:42:17 2025 You must be closer to the enemy's base to grenade blocks!
Thu Jan  2 11:42:19 2025 Name (Blue) [Headshot] GommistaRosa (Red)
Thu Jan  2 11:42:19 2025 You must be closer to the enemy's base to grenade blocks!
Thu Jan  2 11:42:20 2025 Harry (Red) [Headshot] CAWWER (Blue)
Thu Jan  2 11:42:23 2025 S.P. (Blue) [Headshot] Deuce Ex (Red)
Thu Jan  2 11:42:23 2025 microwave (Blue) [Headshot] garzi (Red)
Thu Jan  2 11:42:30 2025 S.P. (Blue) [Headshot] garzi (Red)
Thu Jan  2 11:42:32 2025 Qult--- (Red) [Headshot] barn (Blue)
Thu Jan  2 11:42:32 2025 Y.O.B.A. (Red) [Melee] TuVieja73 (Blue)
Thu Jan  2 11:42:32 2025 Name picked up Red's Intel.
Thu Jan  2 11:42:32 2025 microwave (Blue) [Headshot] Y.O.B.A. (Red)
Thu Jan  2 11:42:33 2025 [Global] ori (Blue): ttcdw]
Thu Jan  2 11:42:36 2025 microwave (Blue) [Headshot] GommistaRosa (Red)
Thu Jan  2 11:42:37 2025 microwave (Blue) [Headshot] sago (Red)
Thu Jan  2 11:42:40 2025  Capture your team's 5th intel to unlock /APOC for your team's best builder!
Thu Jan  2 11:42:44 2025 microwave (Blue) [Headshot] Deuce Ex (Red)
Thu Jan  2 11:42:45 2025 microwave (Blue) [Headshot] garzi (Red)
Thu Jan  2 11:42:47 2025 [Global] ori (Blue): tt
Thu Jan  2 11:42:48 2025 microwave (Blue) [Headshot] Y.O.B.A. (Red)
Thu Jan  2 11:42:51 2025 Name (Blue) [Melee] SHURA (Red)
Thu Jan  2 11:42:51 2025 RemuS (Red) [SMG] DEMMONIOSS (Blue)
Thu Jan  2 11:42:51 2025 WannaCry (Blue) [Headshot] GommistaRosa (Red)
Thu Jan  2 11:42:52 2025 microwave (Blue) [SMG] Deuce Ex (Red)
Thu Jan  2 11:42:55 2025 hotpepper4 (Red) [Rifle] barn (Blue)
Thu Jan  2 11:42:56 2025 microwave (Blue) [SMG] garzi (Red)
Thu Jan  2 11:42:58 2025 hotpepper4 (Red) [Headshot] ori (Blue)
Thu Jan  2 11:43:00 2025 [Global] Qult--- (Red): harry no griff
Thu Jan  2 11:43:02 2025 CAWWER (Blue) [Headshot] Qult--- (Red)
Thu Jan  2 11:43:03 2025 RemuS (Red) [SMG] WannaCry (Blue)
Thu Jan  2 11:43:03 2025 Name dropped Red's Intel
Thu Jan  2 11:43:03 2025  The intel has returned to the heavens
Thu Jan  2 11:43:03 2025 hotpepper4 (Red) [Headshot] Name (Blue)
Thu Jan  2 11:43:05 2025 barn (Blue) [Headshot] hotpepper4 (Red)
Thu Jan  2 11:43:07 2025 Player ori has left
Thu Jan  2 11:43:07 2025 S.P. (Blue) [Headshot] Deuce Ex (Red)
Thu Jan  2 11:43:08 2025 microwave (Blue) [Headshot] SHURA (Red)
Thu Jan  2 11:43:15 2025 [Team] Harry (Red): you made the tunnel?
Thu Jan  2 11:43:16 2025 S.P. (Blue) [Headshot] sago (Red)
Thu Jan  2 11:43:16 2025 microwave (Blue) [Headshot] Qult--- (Red)
Thu Jan  2 11:43:17 2025 garzi (Red) [Rifle] microwave (Blue)
Thu Jan  2 11:43:18 2025 Y.O.B.A. (Red) [Headshot] Name (Blue)
Thu Jan  2 11:43:22 2025 RemuS (Red) [Headshot] HuMaNeTa12345 (Blue)
Thu Jan  2 11:43:27 2025 Name (Blue) [Headshot] Y.O.B.A. (Red)
Thu Jan  2 11:43:30 2025 Harry (Red) [Rifle] CAWWER (Blue)
Thu Jan  2 11:43:31 2025 WannaCry (Blue) [Headshot] garzi (Red)
Thu Jan  2 11:43:33 2025 WannaCry (Blue) [Rifle] RemuS (Red)
Thu Jan  2 11:43:37 2025 S.P. (Blue) [Headshot] Deuce Ex (Red)
Thu Jan  2 11:43:38 2025 Delpi99 (Red) [Headshot] HuMaNeTa12345 (Blue)
Thu Jan  2 11:43:40 2025 S.P. (Blue) [Headshot] Deuce Ex (Red)
Thu Jan  2 11:43:40 2025  Mahalo for playing aloha.pk tower of babel
Thu Jan  2 11:43:41 2025 S.P. (Blue) [Headshot] sago (Red)
Thu Jan  2 11:43:44 2025 Delpi99 (Red) [Headshot] microwave (Blue)
Thu Jan  2 11:43:45 2025 WannaCry (Blue) [Headshot] GommistaRosa (Red)
Thu Jan  2 11:43:46 2025 barn (Blue) [Headshot] hotpepper4 (Red)
Thu Jan  2 11:43:48 2025 Y.O.B.A. (Red) [SMG] TuVieja73 (Blue)
Thu Jan  2 11:43:50 2025 Qult--- (Red) [Headshot] WannaCry (Blue)
Thu Jan  2 11:43:50 2025 RemuS (Red) [Fall]
Thu Jan  2 11:43:57 2025 Qult--- (Red) [Headshot] CAWWER (Blue)
Thu Jan  2 11:44:03 2025 S.P. (Blue) [Headshot] Harry (Red)
Thu Jan  2 11:44:05 2025 Delpi99 (Red) [Headshot] CAWWER (Blue)
Thu Jan  2 11:44:05 2025 DEMMONIOSS (Blue) [SMG] SHURA (Red)
Thu Jan  2 11:44:06 2025 WannaCry (Blue) [Headshot] Qult--- (Red)
Thu Jan  2 11:44:07 2025 Name picked up Red's Intel.
Thu Jan  2 11:44:08 2025 barn (Blue) [Headshot] Y.O.B.A. (Red)
Thu Jan  2 11:44:08 2025 Player Qult--- has left
Thu Jan  2 11:44:09 2025 S.P. (Blue) [Headshot] sago (Red)
Thu Jan  2 11:44:12 2025 Deuce Ex (Red) [Grenade] S.P. (Blue)
Thu Jan  2 11:44:12 2025 microwave (Blue) [Headshot] garzi (Red)
Thu Jan  2 11:44:15 2025 barn (Blue) [Headshot] Delpi99 (Red)
Thu Jan  2 11:44:23 2025 microwave (Blue) [Headshot] Y.O.B.A. (Red)
Thu Jan  2 11:44:24 2025 microwave (Blue) [SMG] Harry (Red)
Thu Jan  2 11:44:24 2025 RemuS (Red) [Headshot] microwave (Blue)
Thu Jan  2 11:44:31 2025 microwave (Blue) [Headshot] GommistaRosa (Red)
Thu Jan  2 11:44:35 2025 WannaCry (Blue) [Headshot] garzi (Red)
Thu Jan  2 11:44:38 2025 WannaCry (Blue) [Headshot] sago (Red)
Thu Jan  2 11:44:40 2025 Name captured Red's Intel.
Thu Jan  2 11:44:40 2025  Build a tower to get the enemy's intel. Take it to your team's tent to win!
Thu Jan  2 11:44:41 2025 microwave (Blue) [Headshot] Delpi99 (Red)
Thu Jan  2 11:44:41 2025 WannaCry (Blue) [Headshot] RemuS (Red)
Thu Jan  2 11:44:43 2025 GommistaRosa (Red) [Headshot] TuVieja73 (Blue)
Thu Jan  2 11:44:49 2025 microwave (Blue) [Headshot] Y.O.B.A. (Red)
Thu Jan  2 11:44:50 2025 WannaCry (Blue) [Headshot] Harry (Red)
Thu Jan  2 11:44:53 2025 SHURA (Red) [Headshot] DEMMONIOSS (Blue)
Thu Jan  2 11:44:56 2025 microwave (Blue) [Headshot] Deuce Ex (Red)
Thu Jan  2 11:44:58 2025 WannaCry (Blue) [Headshot] garzi (Red)
Thu Jan  2 11:44:58 2025 GommistaRosa (Red) [Headshot] Name (Blue)
Thu Jan  2 11:45:00 2025 Y.O.B.A. (Red) [Headshot] microwave (Blue)
Thu Jan  2 11:45:03 2025 TuVieja73 (Blue) [Headshot] GommistaRosa (Red)
Thu Jan  2 11:45:04 2025 WannaCry (Blue) [Headshot] Delpi99 (Red)
Thu Jan  2 11:45:07 2025 elbow (Blue) [SMG] sago (Red)
Thu Jan  2 11:45:10 2025 barn (Blue) [Headshot] Harry (Red)
Thu Jan  2 11:45:12 2025 Y.O.B.A. (Red) [SMG] Name (Blue)
Thu Jan  2 11:45:14 2025 microwave (Blue) [Headshot] hotpepper4 (Red)
Thu Jan  2 11:45:15 2025 barn (Blue) [Headshot] garzi (Red)
Thu Jan  2 11:45:16 2025 Y.O.B.A. (Red) [Headshot] TuVieja73 (Blue)
Thu Jan  2 11:45:22 2025 RemuS (Red) [Headshot] barn (Blue)
Thu Jan  2 11:45:24 2025 microwave (Blue) [SMG] sago (Red)
Thu Jan  2 11:45:28 2025 Delpi99 (Red) [Headshot] elbow (Blue)
Thu Jan  2 11:45:29 2025 microwave (Blue) [SMG] RemuS (Red)
Thu Jan  2 11:45:31 2025 WannaCry (Blue) [Headshot] GommistaRosa (Red)
Thu Jan  2 11:45:32 2025 microwave (Blue) [Headshot] Delpi99 (Red)
Thu Jan  2 11:45:39 2025 TuVieja73 (Blue) [Headshot] Y.O.B.A. (Red)
Thu Jan  2 11:45:40 2025 microwave (Blue) [Headshot] Harry (Red)
Thu Jan  2 11:45:40 2025  Type /HELP for info & commands
Thu Jan  2 11:45:40 2025 WannaCry (Blue) [Headshot] sago (Red)
Thu Jan  2 11:45:41 2025 microwave (Blue) [SMG] Delpi99 (Red)
Thu Jan  2 11:45:44 2025 garzi (Red) [Headshot] CAWWER (Blue)
Thu Jan  2 11:45:51 2025 WannaCry (Blue) [Headshot] Deuce Ex (Red)
Thu Jan  2 11:45:53 2025 microwave (Blue) [SMG] garzi (Red)
Thu Jan  2 11:45:54 2025 Name picked up Red's Intel.
Thu Jan  2 11:45:54 2025 RemuS (Red) [SMG] microwave (Blue)
Thu Jan  2 11:45:55 2025 WannaCry (Blue) [Headshot] RemuS (Red)
Thu Jan  2 11:46:06 2025 [Global] Deuce1 (): Hell let loose is free on epic games
Thu Jan  2 11:46:06 2025 GommistaRosa (Red) [Headshot] microwave (Blue)
Thu Jan  2 11:46:13 2025 WannaCry (Blue) [Headshot] garzi (Red)
Thu Jan  2 11:46:15 2025 Name dropped Red's Intel
Thu Jan  2 11:46:15 2025  The intel has returned to the heavens
Thu Jan  2 11:46:15 2025 GommistaRosa (Red) [SMG] Name (Blue)
Thu Jan  2 11:46:17 2025 GommistaRosa (Red) [SMG] CAWWER (Blue)
Thu Jan  2 11:46:19 2025 microwave (Blue) [Headshot] GommistaRosa (Red)
Thu Jan  2 11:46:21 2025 RemuS (Red) [Headshot] barn (Blue)
Thu Jan  2 11:46:21 2025 S.P. (Blue) [Headshot] RemuS (Red)
Thu Jan  2 11:46:22 2025 Y.O.B.A. (Red) [SMG] microwave (Blue)
Thu Jan  2 11:46:23 2025 hotpepper4 (Red) [Headshot] WannaCry (Blue)
Thu Jan  2 11:46:25 2025 sago (Red) [Headshot] HuMaNeTa12345 (Blue)
Thu Jan  2 11:46:28 2025 microwave (Blue) [SMG] Y.O.B.A. (Red)
Thu Jan  2 11:46:30 2025 S.P. (Blue) [Headshot] Harry (Red)
Thu Jan  2 11:46:35 2025 S.P. (Blue) [Headshot] garzi (Red)
Thu Jan  2 11:46:35 2025 sago (Red) [Fall]
Thu Jan  2 11:46:37 2025 elbow (Blue) [Headshot] Deuce Ex (Red)
Thu Jan  2 11:46:40 2025  Visit our community forums at https://aloha.pk/
Thu Jan  2 11:46:42 2025 S.P. (Blue) [Headshot] Deuce Ex (Red)
Thu Jan  2 11:46:44 2025 S.P. (Blue) [Headshot] RemuS (Red)
Thu Jan  2 11:46:46 2025 microwave (Blue) [Headshot] SHURA (Red)
Thu Jan  2 11:46:49 2025 GommistaRosa (Red) [SMG] S.P. (Blue)
Thu Jan  2 11:46:49 2025 TuVieja73 (Blue) [Headshot] garzi (Red)
Thu Jan  2 11:46:54 2025 elbow (Blue) [SMG] Delpi99 (Red)
Thu Jan  2 11:46:55 2025 sago (Red) [SMG] TuVieja73 (Blue)
Thu Jan  2 11:46:56 2025 You must be closer to the enemy's base to shoot blocks!
Thu Jan  2 11:46:57 2025 Harry (Red) [Rifle] elbow (Blue)
Thu Jan  2 11:46:58 2025 Player TuVieja73 has left
Thu Jan  2 11:47:00 2025 Name picked up Red's Intel.
Thu Jan  2 11:47:03 2025 Y.O.B.A. (Red) [Headshot] S.P. (Blue)
Thu Jan  2 11:47:03 2025 SHURA (Red) [Fall]
Thu Jan  2 11:47:04 2025 elbow (Blue) [SMG] Y.O.B.A. (Red)
Thu Jan  2 11:47:10 2025 WannaCry (Blue) [Weapon Change]
Thu Jan  2 11:47:13 2025 RemuS (Red) [SMG] HuMaNeTa12345 (Blue)
Thu Jan  2 11:47:16 2025 microwave (Blue) [Headshot] Deuce Ex (Red)
Thu Jan  2 11:47:18 2025 microwave (Blue) [Headshot] Delpi99 (Red)
Thu Jan  2 11:47:19 2025 microwave (Blue) [Headshot] Y.O.B.A. (Red)
Thu Jan  2 11:47:19 2025 SHURA (Red) [Headshot] microwave (Blue)
Thu Jan  2 11:47:21 2025 You must be closer to the enemy's base to shoot blocks!
Thu Jan  2 11:47:21 2025 You must be closer to the enemy's base to shoot blocks!
Thu Jan  2 11:47:22 2025 You must be closer to the enemy's base to shoot blocks!
Thu Jan  2 11:47:29 2025 WannaCry (Blue) [Headshot] RemuS (Red)
Thu Jan  2 11:47:30 2025 . joined Blue team
Thu Jan  2 11:47:31 2025 Name captured Red's Intel.
Thu Jan  2 11:47:35 2025 Harry (Red) [Headshot] barn (Blue)
Thu Jan  2 11:47:36 2025 GommistaRosa (Red) [Headshot] WannaCry (Blue)
Thu Jan  2 11:47:36 2025 S.P. (Blue) [Headshot] Harry (Red)
Thu Jan  2 11:47:40 2025  Come chat with us at https://discord.aloha.pk/
Thu Jan  2 11:47:41 2025 barn (Blue) [Weapon Change]
Thu Jan  2 11:47:44 2025 microwave (Blue) [Headshot] Delpi99 (Red)
Thu Jan  2 11:47:45 2025 Y.O.B.A. (Red) [Headshot] S.P. (Blue)
Thu Jan  2 11:47:45 2025 microwave (Blue) [Headshot] Y.O.B.A. (Red)
Thu Jan  2 11:47:47 2025 microwave (Blue) [Headshot] Deuce Ex (Red)
Thu Jan  2 11:47:53 2025 microwave (Blue) [Headshot] Harry (Red)
Thu Jan  2 11:47:54 2025 S.P. (Blue) [Headshot] hotpepper4 (Red)
Thu Jan  2 11:47:55 2025 WannaCry (Blue) [Headshot] GommistaRosa (Red)
Thu Jan  2 11:48:00 2025 Y.O.B.A. (Red) [Headshot] . (Blue)
Thu Jan  2 11:48:03 2025 microwave (Blue) [Headshot] Delpi99 (Red)
Thu Jan  2 11:48:05 2025 SHURA (Red) [SMG] microwave (Blue)
Thu Jan  2 11:48:08 2025 Name picked up Red's Intel.
Thu Jan  2 11:48:15 2025 WannaCry (Blue) [Headshot] garzi (Red)
Thu Jan  2 11:48:17 2025 SHURA (Red) [SMG] elbow (Blue)
Thu Jan  2 11:48:17 2025 WannaCry (Blue) [Headshot] sago (Red)
Thu Jan  2 11:48:23 2025 WannaCry (Blue) [Headshot] Delpi99 (Red)
Thu Jan  2 11:48:30 2025 HuMaNeTa12345 (Blue) [Headshot] Y.O.B.A. (Red)
Thu Jan  2 11:48:33 2025 Name (Blue) [Headshot] GommistaRosa (Red)
Thu Jan  2 11:48:35 2025 WannaCry (Blue) [Headshot] garzi (Red)
Thu Jan  2 11:48:40 2025 S.P. (Blue) [Rifle] sago (Red)
Thu Jan  2 11:48:40 2025  If you believe a player is breaking the rules, please let us know with /ADMIN
Thu Jan  2 11:48:41 2025 CAWWER (Blue) [Shotgun] hotpepper4 (Red)
Thu Jan  2 11:48:45 2025 Name captured Red's Intel.
Thu Jan  2 11:48:46 2025 Deuce Ex (Red) [Headshot] HuMaNeTa12345 (Blue)
Thu Jan  2 11:48:46 2025 elbow (Blue) [Headshot] Deuce Ex (Red)
Thu Jan  2 11:48:49 2025 barn (Blue) [Headshot] Delpi99 (Red)
Thu Jan  2 11:48:51 2025 WannaCry (Blue) [Headshot] RemuS (Red)
Thu Jan  2 11:48:51 2025 microwave (Blue) [SMG] GommistaRosa (Red)
Thu Jan  2 11:48:52 2025 Harry (Red) [Headshot] HuMaNeTa12345 (Blue)
Thu Jan  2 11:48:53 2025 WannaCry (Blue) [Headshot] Y.O.B.A. (Red)
Thu Jan  2 11:48:54 2025 WannaCry (Blue) [Headshot] garzi (Red)
Thu Jan  2 11:48:55 2025 Harry (Red) [Headshot] DEMMONIOSS (Blue)
Thu Jan  2 11:48:55 2025 WannaCry (Blue) [Headshot] Deuce Ex (Red)
Thu Jan  2 11:48:55 2025 Delpi99 (Red) [Headshot] WannaCry (Blue)
Thu Jan  2 11:49:00 2025 CAWWER (Blue) [Headshot] Delpi99 (Red)
Thu Jan  2 11:49:00 2025 hotpepper4 (Red) [Headshot] CAWWER (Blue)
Thu Jan  2 11:49:01 2025 elbow (Blue) [Headshot] SHURA (Red)
Thu Jan  2 11:49:04 2025 microwave (Blue) [Headshot] Delpi99 (Red)
Thu Jan  2 11:49:05 2025 Y.O.B.A. (Red) [Fall]
Thu Jan  2 11:49:08 2025 Harry (Red) [Headshot] CAWWER (Blue)
Thu Jan  2 11:49:08 2025 microwave (Blue) [Headshot] SHURA (Red)
Thu Jan  2 11:49:09 2025 Doomguy joined Red team
Thu Jan  2 11:49:09 2025 Harry (Red) [Headshot] DEMMONIOSS (Blue)
Thu Jan  2 11:49:11 2025 GommistaRosa (Red) [Headshot] barn (Blue)
Thu Jan  2 11:49:11 2025 microwave (Blue) [SMG] Deuce Ex (Red)
Thu Jan  2 11:49:15 2025 microwave (Blue) [Headshot] RemuS (Red)
Thu Jan  2 11:49:17 2025 garzi (Red) [Rifle] . (Blue)
Thu Jan  2 11:49:24 2025 WannaCry (Blue) [Headshot] sago (Red)
Thu Jan  2 11:49:24 2025 microwave (Blue) [SMG] SHURA (Red)
Thu Jan  2 11:49:24 2025 microwave (Blue) [Headshot] Delpi99 (Red)
Thu Jan  2 11:49:24 2025 barn (Blue) [Headshot] Harry (Red)
Thu Jan  2 11:49:24 2025 GommistaRosa (Red) [Headshot] WannaCry (Blue)
Thu Jan  2 11:49:26 2025 microwave (Blue) [Headshot] Deuce Ex (Red)
Thu Jan  2 11:49:29 2025 Delpi99 (Red) [Weapon Change]
Thu Jan  2 11:49:32 2025 microwave (Blue) [Headshot] SHURA (Red)
Thu Jan  2 11:49:36 2025 microwave (Blue) [SMG] RemuS (Red)
Thu Jan  2 11:49:37 2025 elbow (Blue) [Headshot] sago (Red)
Thu Jan  2 11:49:39 2025 Harry (Red) [Headshot] elbow (Blue)
Thu Jan  2 11:49:40 2025  This server runs imger and glow. Use /IMG or /GLOW to toggle them.
Thu Jan  2 11:49:41 2025 WannaCry (Blue) [Headshot] Doomguy (Red)
Thu Jan  2 11:49:43 2025 RemuS (Red) [Grenade] microwave (Blue)
Thu Jan  2 11:49:44 2025 barn (Blue) [Headshot] Harry (Red)
Thu Jan  2 11:49:44 2025 Name picked up Red's Intel.
Thu Jan  2 11:49:47 2025 SHURA (Red) [SMG] CAWWER (Blue)
Thu Jan  2 11:49:53 2025 . (Blue) [Rifle] Delpi99 (Red)
Thu Jan  2 11:49:57 2025 Harry (Red) [Headshot] . (Blue)
Thu Jan  2 11:49:59 2025 Doomguy (Red) [Headshot] WannaCry (Blue)
Thu Jan  2 11:49:59 2025 S.P. (Blue) [Headshot] Doomguy (Red)
Thu Jan  2 11:50:00 2025 S.P. (Blue) [Headshot] sago (Red)
Thu Jan  2 11:50:01 2025 barn (Blue) [SMG] SHURA (Red)
Thu Jan  2 11:50:01 2025 Y.O.B.A. (Red) [Headshot] S.P. (Blue)
Thu Jan  2 11:50:03 2025 Harry (Red) [Rifle] barn (Blue)
Thu Jan  2 11:50:04 2025 HuMaNeTa12345 (Blue) [Fall]
Thu Jan  2 11:50:04 2025 GommistaRosa (Red) [Headshot] . (Blue)
Thu Jan  2 11:50:07 2025 Harry (Red) [Headshot] microwave (Blue)
Thu Jan  2 11:50:16 2025 GommistaRosa (Red) [Headshot] S.P. (Blue)
Thu Jan  2 11:50:17 2025 Name (Blue) [Headshot] GommistaRosa (Red)
Thu Jan  2 11:50:22 2025 Name captured Red's Intel.
Thu Jan  2 11:50:25 2025 WannaCry (Blue) [Headshot] RemuS (Red)
Thu Jan  2 11:50:29 2025 . (Blue) [Headshot] Delpi99 (Red)
Thu Jan  2 11:50:29 2025 WannaCry (Blue) [Headshot] Deuce Ex (Red)
Thu Jan  2 11:50:36 2025 S.P. (Blue) [Rifle] Y.O.B.A. (Red)
Thu Jan  2 11:50:38 2025 WannaCry (Blue) [Headshot] garzi (Red)
Thu Jan  2 11:50:38 2025 Doomguy (Red) [Headshot] WannaCry (Blue)
Thu Jan  2 11:50:40 2025  Use /EMOTE to draw an emote on the map!
Thu Jan  2 11:50:42 2025 Harry (Red) [Headshot] microwave (Blue)
Thu Jan  2 11:50:43 2025 . (Blue) [Headshot] GommistaRosa (Red)
Thu Jan  2 11:50:45 2025 SHURA (Red) [SMG] barn (Blue)
Thu Jan  2 11:50:46 2025 Harry (Red) [Headshot] HuMaNeTa12345 (Blue)
Thu Jan  2 11:50:50 2025 Ding joined Red team
Thu Jan  2 11:50:51 2025 microwave (Blue) [SMG] SHURA (Red)
Thu Jan  2 11:50:52 2025 S.P. (Blue) [Headshot] Delpi99 (Red)
Thu Jan  2 11:50:54 2025 S.P. (Blue) [Headshot] Deuce Ex (Red)
Thu Jan  2 11:51:06 2025 Doomguy (Red) [Fall]
Thu Jan  2 11:51:09 2025 microwave (Blue) [SMG] RemuS (Red)
Thu Jan  2 11:51:09 2025 Name picked up Red's Intel.
Thu Jan  2 11:51:11 2025 WannaCry (Blue) [Headshot] Deuce Ex (Red)
Thu Jan  2 11:51:11 2025 S.P. (Blue) [Headshot] Harry (Red)
Thu Jan  2 11:51:13 2025 WannaCry (Blue) [Headshot] Delpi99 (Red)
Thu Jan  2 11:51:15 2025 S.P. (Blue) [Headshot] Ding (Red)
Thu Jan  2 11:51:15 2025 Name dropped Red's Intel
Thu Jan  2 11:51:15 2025  The intel has returned to the heavens
Thu Jan  2 11:51:15 2025 Y.O.B.A. (Red) [SMG] Name (Blue)
Thu Jan  2 11:51:16 2025 tyrgtwn joined Blue team
Thu Jan  2 11:51:16 2025 S.P. (Blue) [Headshot] sago (Red)
Thu Jan  2 11:51:20 2025 WannaCry (Blue) [Headshot] garzi (Red)
Thu Jan  2 11:51:22 2025 WannaCry (Blue) [Headshot] GommistaRosa (Red)
Thu Jan  2 11:51:28 2025 Y.O.B.A. (Red) [Headshot] elbow (Blue)
Thu Jan  2 11:51:32 2025 [Global] SHURA (Red): blues dont have a tower. only attack. they will never win))
Thu Jan  2 11:51:35 2025 S.P. (Blue) [Headshot] RemuS (Red)
Thu Jan  2 11:51:37 2025 CAWWER (Blue) [Headshot] sago (Red)
Thu Jan  2 11:51:38 2025 . (Blue) [Rifle] Doomguy (Red)
Thu Jan  2 11:51:39 2025 Delpi99 (Red) [Rifle] WannaCry (Blue)
Thu Jan  2 11:51:40 2025  Use /HEAVEN to paint the babel platform!
Thu Jan  2 11:51:44 2025 CAWWER (Blue) [Headshot] Ding (Red)
Thu Jan  2 11:51:45 2025 SHURA (Red) [SMG] . (Blue)
Thu Jan  2 11:51:49 2025 [Global] Y.O.B.A. (Red): they takin from mid
Thu Jan  2 11:51:49 2025 S.P. (Blue) [Headshot] Harry (Red)
Thu Jan  2 11:51:53 2025 SHURA (Red) [Headshot] elbow (Blue)
Thu Jan  2 11:51:54 2025 RemuS (Red) [Headshot] S.P. (Blue)
Thu Jan  2 11:51:56 2025 CAWWER (Blue) [Shotgun] Ding (Red)
Thu Jan  2 11:51:57 2025 Name picked up Red's Intel.
Thu Jan  2 11:52:00 2025 [Team] Ding (Red): guy in the tent
Thu Jan  2 11:52:02 2025 SHURA (Red) [SMG] barn (Blue)
Thu Jan  2 11:52:02 2025 Name (Blue) [Headshot] Y.O.B.A. (Red)
Thu Jan  2 11:52:08 2025 microwave (Blue) [SMG] Harry (Red)
Thu Jan  2 11:52:09 2025 microwave (Blue) [Headshot] Doomguy (Red)
Thu Jan  2 11:52:10 2025 Name dropped Red's Intel
Thu Jan  2 11:52:10 2025  The intel has returned to the heavens
Thu Jan  2 11:52:10 2025 SHURA (Red) [SMG] Name (Blue)
Thu Jan  2 11:52:11 2025 microwave (Blue) [Headshot] Delpi99 (Red)
Thu Jan  2 11:52:11 2025 S.P. (Blue) [Headshot] SHURA (Red)
Thu Jan  2 11:52:12 2025 Ding (Red) [SMG] CAWWER (Blue)
Thu Jan  2 11:52:13 2025 WannaCry (Blue) [Headshot] Deuce Ex (Red)
Thu Jan  2 11:52:14 2025 GommistaRosa picked up Blue's Intel.
Thu Jan  2 11:52:17 2025 microwave (Blue) [Grenade] Doomguy (Red)
Thu Jan  2 11:52:17 2025 You can't destroy your team's blocks in this area. Attack the enemy's tower!
Thu Jan  2 11:52:21 2025 microwave (Blue) [Headshot] Delpi99 (Red)
Thu Jan  2 11:52:21 2025 Y.O.B.A. (Red) [SMG] HuMaNeTa12345 (Blue)
Thu Jan  2 11:52:23 2025 hotpepper4 (Red) [Rifle] CAWWER (Blue)
Thu Jan  2 11:52:26 2025 microwave (Blue) [Headshot] Doomguy (Red)
Thu Jan  2 11:52:26 2025 Player CAWWER has left
Thu Jan  2 11:52:27 2025 microwave (Blue) [Headshot] Deuce Ex (Red)
Thu Jan  2 11:52:27 2025 microwave (Blue) [Headshot] Delpi99 (Red)
Thu Jan  2 11:52:32 2025 GommistaRosa dropped Blue's Intel
Thu Jan  2 11:52:32 2025  The intel has returned to the heavens
Thu Jan  2 11:52:32 2025 WannaCry (Blue) [Headshot] GommistaRosa (Red)
Thu Jan  2 11:52:35 2025 Harry (Red) [Headshot] microwave (Blue)
Thu Jan  2 11:52:40 2025  Get a 20 killstreak and 1 intel capture(s) to unlock /APOC!
Thu Jan  2 11:52:43 2025 Name (Blue) [Melee] Y.O.B.A. (Red)
Thu Jan  2 11:52:45 2025 RemuS picked up Blue's Intel.
Thu Jan  2 11:52:50 2025 SHURA (Red) [SMG] microwave (Blue)
Thu Jan  2 11:52:51 2025 GommistaRosa (Red) [Headshot] tyrgtwn (Blue)
Thu Jan  2 11:52:53 2025 RemuS dropped Blue's Intel
Thu Jan  2 11:52:55 2025 Player microwave has left
Thu Jan  2 11:52:56 2025 GommistaRosa (Red) [Rifle] Name (Blue)
Thu Jan  2 11:52:57 2025 SHURA (Red) [SMG] barn (Blue)
Thu Jan  2 11:52:57 2025 Delpi99 (Red) [Headshot] S.P. (Blue)
Thu Jan  2 11:52:58 2025 WannaCry (Blue) [Headshot] Harry (Red)
Thu Jan  2 11:53:07 2025 WannaCry (Blue) [Headshot] Harry (Red)
Thu Jan  2 11:53:08 2025 [Team] Y.O.B.A. (Red): we have to clean tthis structure in mid or we will lose
Thu Jan  2 11:53:08 2025 elbow (Blue) [SMG] Delpi99 (Red)
Thu Jan  2 11:53:09 2025 SHURA (Red) [Headshot] Name (Blue)
Thu Jan  2 11:53:10 2025 GommistaRosa (Red) [Headshot] . (Blue)
Thu Jan  2 11:53:14 2025 WannaCry (Blue) [Rifle] Deuce Ex (Red)
Thu Jan  2 11:53:15 2025 Ding (Red) [Headshot] . (Blue)
Thu Jan  2 11:53:16 2025 Ding (Red) [SMG] Name (Blue)
Thu Jan  2 11:53:20 2025 hotpepper4 (Red) [Headshot] barn (Blue)
Thu Jan  2 11:53:24 2025 WannaCry (Blue) [Headshot] Doomguy (Red)
Thu Jan  2 11:53:27 2025 Ding (Red) [SMG] Name (Blue)
Thu Jan  2 11:53:28 2025 Ding (Red) [Headshot] . (Blue)
Thu Jan  2 11:53:28 2025 SHURA (Red) [Headshot] barn (Blue)
Thu Jan  2 11:53:30 2025 Harry (Red) [Headshot] tyrgtwn (Blue)
Thu Jan  2 11:53:30 2025 S.P. (Blue) [Headshot] Doomguy (Red)
Thu Jan  2 11:53:36 2025 WannaCry (Blue) [Headshot] Harry (Red)
Thu Jan  2 11:53:38 2025 S.P. (Blue) [Grenade] Doomguy (Red)
Thu Jan  2 11:53:38 2025 Ding (Red) [SMG] tyrgtwn (Blue)
Thu Jan  2 11:53:39 2025 DEMMONIOSS (Blue) [SMG] garzi (Red)
Thu Jan  2 11:53:39 2025 SHURA (Red) [Headshot] barn (Blue)
Thu Jan  2 11:53:40 2025  Capture your team's 5th intel to unlock /APOC for your team's best builder!
Thu Jan  2 11:53:41 2025 SHURA (Red) [SMG] Name (Blue)
Thu Jan  2 11:53:42 2025 . (Blue) [Rifle] Ding (Red)
Thu Jan  2 11:53:43 2025 GommistaRosa (Red) [Rifle] elbow (Blue)
Thu Jan  2 11:53:48 2025 WannaCry (Blue) [Headshot] GommistaRosa (Red)
Thu Jan  2 11:53:49 2025 [Global] barn (Blue): you guys are little fukin gbitches]
Thu Jan  2 11:53:49 2025 SHURA (Red) [SMG] . (Blue)
Thu Jan  2 11:53:50 2025 Harry (Red) [Headshot] S.P. (Blue)
Thu Jan  2 11:53:51 2025 SHURA (Red) [Headshot] barn (Blue)
Thu Jan  2 11:53:53 2025 Player barn has left
Thu Jan  2 11:53:54 2025 [Global] Ding (Red): be nice
Thu Jan  2 11:53:56 2025 SHURA (Red) [SMG] elbow (Blue)
Thu Jan  2 11:54:01 2025 SHURA (Red) [SMG] Name (Blue)
Thu Jan  2 11:54:02 2025 Doomguy (Red) [Headshot] WannaCry (Blue)
Thu Jan  2 11:54:03 2025 andreBlea23 joined Blue team
Thu Jan  2 11:54:03 2025 RemuS (Red) [SMG] WannaCry (Blue)
Thu Jan  2 11:54:03 2025 elbow (Blue) [Headshot] SHURA (Red)
Thu Jan  2 11:54:04 2025 RemuS (Red) [Headshot] . (Blue)
Thu Jan  2 11:54:04 2025 garzi (Red) [Headshot] DEMMONIOSS (Blue)
Thu Jan  2 11:54:06 2025 hotpepper4 (Red) [Rifle] S.P. (Blue)
Thu Jan  2 11:54:07 2025 GommistaRosa picked up Blue's Intel.
Thu Jan  2 11:54:11 2025 Harry (Red) [Rifle] tyrgtwn (Blue)
Thu Jan  2 11:54:12 2025 [Global] Y.O.B.A. (Red): finally
Thu Jan  2 11:54:17 2025 Deuce Ex (Red) [Fall]
Thu Jan  2 11:54:23 2025 S.P. (Blue) [Headshot] hotpepper4 (Red)
Thu Jan  2 11:54:27 2025 RemuS (Red) [SMG] WannaCry (Blue)
Thu Jan  2 11:54:32 2025 GommistaRosa captured Blue's Intel.
Thu Jan  2 11:54:32 2025 RemuS picked up Blue's Intel.
Thu Jan  2 11:54:36 2025 SHURA (Red) [Grenade] HuMaNeTa12345 (Blue)
Thu Jan  2 11:54:39 2025 Harry (Red) [Headshot] elbow (Blue)
Thu Jan  2 11:54:39 2025 RemuS dropped Blue's Intel
Thu Jan  2 11:54:40 2025  Mahalo for playing aloha.pk tower of babel
Thu Jan  2 11:54:41 2025 WannaCry (Blue) [Headshot] Y.O.B.A. (Red)
Thu Jan  2 11:54:49 2025 RemuS (Red) [SMG] S.P. (Blue)
Thu Jan  2 11:54:49 2025 . (Blue) [Rifle] Ding (Red)
Thu Jan  2 11:54:50 2025 SHURA (Red) [Headshot] HuMaNeTa12345 (Blue)
Thu Jan  2 11:54:53 2025 GommistaRosa (Red) [Headshot] tyrgtwn (Blue)
Thu Jan  2 11:54:56 2025 Deuce Ex picked up Blue's Intel.
Thu Jan  2 11:55:01 2025 Deuce Ex dropped Blue's Intel
Thu Jan  2 11:55:01 2025  The intel has returned to the heavens
Thu Jan  2 11:55:01 2025 WannaCry (Blue) [Headshot] Deuce Ex (Red)
Thu Jan  2 11:55:02 2025 RemuS (Red) [Headshot] HuMaNeTa12345 (Blue)
Thu Jan  2 11:55:03 2025 i will try joined Blue team
Thu Jan  2 11:55:04 2025 GommistaRosa (Red) [Weapon Change]
Thu Jan  2 11:55:04 2025 RemuS (Red) [SMG] tyrgtwn (Blue)
Thu Jan  2 11:55:06 2025 WannaCry (Blue) [Headshot] Harry (Red)
Thu Jan  2 11:55:09 2025 hotpepper4 (Red) [Headshot] Name (Blue)
Thu Jan  2 11:55:09 2025 SHURA (Red) [SMG] S.P. (Blue)
Thu Jan  2 11:55:09 2025 elbow (Blue) [SMG] hotpepper4 (Red)
Thu Jan  2 11:55:12 2025 andreBlea23 (Blue) [Rifle]
Thu Jan  2 11:55:13 2025 Delpi99 picked up Blue's Intel.
Thu Jan  2 11:55:17 2025 leroux joined Spectator team
Thu Jan  2 11:55:17 2025 S.P. (Blue) [Headshot] Doomguy (Red)
Thu Jan  2 11:55:20 2025 RemuS (Red) [SMG] i will try (Blue)
Thu Jan  2 11:55:24 2025 SHURA (Red) [Headshot] andreBlea23 (Blue)
Thu Jan  2 11:55:27 2025 RemuS (Red) [SMG] tyrgtwn (Blue)
Thu Jan  2 11:55:27 2025 elbow (Blue) [SMG] RemuS (Red)
Thu Jan  2 11:55:34 2025 S.P. (Blue) [Headshot] SHURA (Red)
Thu Jan  2 11:55:35 2025 fbw joined Blue team
Thu Jan  2 11:55:37 2025 [Global] fbw (Blue): sup
Thu Jan  2 11:55:40 2025  Build a tower to get the enemy's intel. Take it to your team's tent to win!
Thu Jan  2 11:55:41 2025 Doomguy (Red) [Headshot] . (Blue)
Thu Jan  2 11:55:42 2025 Delpi99 captured Blue's Intel.
Thu Jan  2 11:55:42 2025 Y.O.B.A. picked up Blue's Intel.
Thu Jan  2 11:55:42 2025 S.P. (Blue) [Headshot] Harry (Red)
Thu Jan  2 11:55:52 2025 S.P. (Blue) [Headshot] Harry (Red)
Thu Jan  2 11:55:53 2025 Doomguy (Red) [Headshot] HuMaNeTa12345 (Blue)
Thu Jan  2 11:55:56 2025 WannaCry (Blue) [Headshot] garzi (Red)
Thu Jan  2 11:56:02 2025 Deuce Ex (Red) [Rifle] tyrgtwn (Blue)
Thu Jan  2 11:56:03 2025 leroux joined Blue team
Thu Jan  2 11:56:06 2025 hotpepper4 (Red) [Headshot] Name (Blue)
Thu Jan  2 11:56:06 2025 Y.O.B.A. captured Blue's Intel.
Thu Jan  2 11:56:07 2025 hotpepper4 (Red) [Headshot] leroux (Blue)
Thu Jan  2 11:56:08 2025 Harry (Red) [Headshot] andreBlea23 (Blue)
Thu Jan  2 11:56:11 2025 Player andreBlea23 has left
Thu Jan  2 11:56:14 2025 Delpi99 picked up Blue's Intel.
Thu Jan  2 11:56:15 2025 hotpepper4 (Red) [Headshot] HuMaNeTa12345 (Blue)
Thu Jan  2 11:56:18 2025 hotpepper4 (Red) [Headshot] tyrgtwn (Blue)
Thu Jan  2 11:56:19 2025 hotpepper4 (Red) [Rifle] Name (Blue)
Thu Jan  2 11:56:24 2025 Harry (Red) [Headshot] fbw (Blue)
Thu Jan  2 11:56:25 2025 [Global] Deuce1 (): gg
Thu Jan  2 11:56:26 2025 Player Deuce1 has left
Thu Jan  2 11:56:27 2025 WannaCry (Blue) [Headshot] Harry (Red)
Thu Jan  2 11:56:30 2025 WannaCry (Blue) [Headshot] garzi (Red)
Thu Jan  2 11:56:31 2025 WannaCry (Blue) [Headshot] RemuS (Red)
Thu Jan  2 11:56:34 2025 Wlady joined Blue team
Thu Jan  2 11:56:35 2025 Delpi99 dropped Blue's Intel
Thu Jan  2 11:56:35 2025  The intel has returned to the heavens
Thu Jan  2 11:56:35 2025 S.P. (Blue) [Headshot] Delpi99 (Red)
Thu Jan  2 11:56:35 2025 Deuce Ex (Red) [Fall]
Thu Jan  2 11:56:35 2025 WannaCry (Blue) [Headshot] sago (Red)
Thu Jan  2 11:56:36 2025 Ding (Red) [Headshot] S.P. (Blue)
Thu Jan  2 11:56:37 2025 . (Blue) [Headshot] Ding (Red)
Thu Jan  2 11:56:38 2025 Doomguy (Red) [Rifle] HuMaNeTa12345 (Blue)
Thu Jan  2 11:56:39 2025 elbow (Blue) [Headshot] GommistaRosa (Red)
Thu Jan  2 11:56:40 2025  Type /HELP for info & commands
Thu Jan  2 11:56:41 2025 hotpepper4 (Red) [Headshot] fbw (Blue)
Thu Jan  2 11:56:43 2025 WannaCry (Blue) [Headshot] Harry (Red)
Thu Jan  2 11:56:45 2025 Player leroux has left
Thu Jan  2 11:56:46 2025 hotpepper4 (Red) [Headshot] S.P. (Blue)
Thu Jan  2 11:56:49 2025 [Global] WannaCry (Blue): ratio
Thu Jan  2 11:56:50 2025 Doomguy (Red) [Rifle] Wlady (Blue)
Thu Jan  2 11:56:52 2025 SHURA (Red) [Headshot] HuMaNeTa12345 (Blue)
Thu Jan  2 11:56:54 2025 S.P. (Blue) [Headshot] SHURA (Red)
Thu Jan  2 11:56:56 2025 retry joined Red team
Thu Jan  2 11:57:01 2025 WannaCry (Blue) [Headshot] GommistaRosa (Red)
Thu Jan  2 11:57:04 2025 Delpi99 picked up Blue's Intel.
Thu Jan  2 11:57:05 2025 Name (Blue) [Headshot] GommistaRosa (Red)
Thu Jan  2 11:57:05 2025 SHURA (Red) [Headshot] Name (Blue)
Thu Jan  2 11:57:12 2025 SHURA (Red) [Melee] tyrgtwn (Blue)
Thu Jan  2 11:57:15 2025 WannaCry (Blue) [Headshot] RemuS (Red)
Thu Jan  2 11:57:15 2025 Delpi99 (Red) [Rifle] . (Blue)
Thu Jan  2 11:57:18 2025 S.P. (Blue) [Headshot] SHURA (Red)
Thu Jan  2 11:57:19 2025 Player . has left
Thu Jan  2 11:57:23 2025 hotpepper4 (Red) [Headshot] Wlady (Blue)
Thu Jan  2 11:57:23 2025 Doomguy (Red) [Headshot] Name (Blue)
Thu Jan  2 11:57:27 2025 Delpi99 captured Blue's Intel.
Thu Jan  2 11:57:27 2025 Y.O.B.A. picked up Blue's Intel.
Thu Jan  2 11:57:28 2025 Wlady (Blue) [Headshot] Doomguy (Red)
Thu Jan  2 11:57:29 2025 hotpepper4 (Red) [Headshot] Wlady (Blue)
Thu Jan  2 11:57:30 2025 S.P. (Blue) [Headshot] SHURA (Red)
Thu Jan  2 11:57:32 2025 GommistaRosa (Red) [Grenade]
Thu Jan  2 11:57:33 2025 WannaCry (Blue) [Headshot] sago (Red)
Thu Jan  2 11:57:34 2025 S.P. (Blue) [Headshot] RemuS (Red)
Thu Jan  2 11:57:38 2025 retry (Red) [Grenade] HuMaNeTa12345 (Blue)
Thu Jan  2 11:57:39 2025 Delpi99 (Red) [Rifle] S.P. (Blue)
Thu Jan  2 11:57:40 2025  Visit our community forums at https://aloha.pk/
Thu Jan  2 11:57:41 2025 retry (Red) [Headshot] Wlady (Blue)
Thu Jan  2 11:57:48 2025  With 3966 blocks placed, sago is granted the right to unleash the apocalypse.
Thu Jan  2 11:57:48 2025 Y.O.B.A. captured Blue's Intel.
Thu Jan  2 11:57:50 2025 WannaCry (Blue) [Headshot] Harry (Red)
Thu Jan  2 11:57:50 2025 retry picked up Blue's Intel.
Thu Jan  2 11:57:55 2025 WannaCry (Blue) [Rifle] Deuce Ex (Red)
Thu Jan  2 11:57:59 2025 WannaCry (Blue) [Headshot] Doomguy (Red)
Thu Jan  2 11:58:05 2025 GommistaRosa (Red) [Grenade] elbow (Blue)
Thu Jan  2 11:58:06 2025 hotpepper4 (Red) [Headshot] Wlady (Blue)
Thu Jan  2 11:58:10 2025 fbw (Blue) [Headshot] GommistaRosa (Red)
Thu Jan  2 11:58:10 2025 retry captured Blue's Intel.
Thu Jan  2 11:58:12 2025 Delpi99 picked up Blue's Intel.
Thu Jan  2 11:58:13 2025 SHURA (Red) [SMG] Name (Blue)
Thu Jan  2 11:58:21 2025 RemuS (Red) [SMG] Wlady (Blue)
Thu Jan  2 11:58:26 2025 RemuS (Red) [SMG] WannaCry (Blue)
Thu Jan  2 11:58:33 2025 RemuS (Red) [SMG] i will try (Blue)
Thu Jan  2 11:58:36 2025 Delpi99 captured Blue's Intel.
Thu Jan  2 11:58:43 2025 fbw (Blue) [Headshot] retry (Red)
Thu Jan  2 11:58:46 2025  Come chat with us at https://discord.aloha.pk/
Thu Jan  2 11:58:46 2025 [Global] Y.O.B.A. (Red): we winin just because wave leaved
Thu Jan  2 11:58:46 2025 sago (Red) [Headshot] fbw (Blue)
Thu Jan  2 11:58:49 2025 Deuce Ex picked up Blue's Intel.
Thu Jan  2 11:58:58 2025 fbw (Blue) [Headshot] hotpepper4 (Red)
Thu Jan  2 11:58:59 2025 WannaCry (Blue) [Headshot] RemuS (Red)
Thu Jan  2 11:59:00 2025 GommistaRosa (Red) [Headshot] tyrgtwn (Blue)
Thu Jan  2 11:59:01 2025 [Global] Deuce Ex (Red): and because they didnt build any tower
Thu Jan  2 11:59:07 2025 fbw (Blue) [Headshot] Harry (Red)
Thu Jan  2 11:59:10 2025 SHURA (Red) [SMG] Wlady (Blue)
Thu Jan  2 11:59:13 2025 Deuce Ex captured Blue's Intel.
Thu Jan  2 11:59:13 2025 Ding picked up Blue's Intel.
Thu Jan  2 11:59:14 2025 Y.O.B.A. (Red) [SMG] WannaCry (Blue)
Thu Jan  2 11:59:17 2025 Harry (Red) [Headshot] HuMaNeTa12345 (Blue)
Thu Jan  2 11:59:22 2025 GommistaRosa (Red) [Headshot] i will try (Blue)
Thu Jan  2 11:59:27 2025 [Global] WannaCry (Blue): wave wouldnt carry whole team beacuse blue doesnt have tower
Thu Jan  2 11:59:30 2025 RemuS (Red) [Headshot] tyrgtwn (Blue)
Thu Jan  2 11:59:31 2025 Ding captured Blue's Intel.
Thu Jan  2 11:59:31 2025 Delpi99 picked up Blue's Intel.
Thu Jan  2 11:59:32 2025 fbw (Blue) [Headshot] RemuS (Red)
Thu Jan  2 11:59:33 2025 fbw (Blue) [Headshot] Deuce Ex (Red)
Thu Jan  2 11:59:40 2025  If you believe a player is breaking the rules, please let us know with /ADMIN
Thu Jan  2 11:59:42 2025 WannaCry (Blue) [Headshot] GommistaRosa (Red)
Thu Jan  2 11:59:42 2025 S.P. (Blue) [Rifle] hotpepper4 (Red)
Thu Jan  2 11:59:46 2025 SHURA (Red) [SMG] i will try (Blue)
Thu Jan  2 11:59:50 2025 fbw (Blue) [Headshot] retry (Red)
Thu Jan  2 11:59:52 2025 Harry (Red) [Headshot] tyrgtwn (Blue)
Thu Jan  2 11:59:53 2025 Delpi99 captured Blue's Intel.
Thu Jan  2 11:59:53 2025 Red Wins!
Thu Jan  2 11:59:53 2025  Game finished! Next map: FaceToFace.
Thu Jan  2 11:59:55 2025 RemuS (Red) [Headshot] DEMMONIOSS (Blue)
Thu Jan  2 11:59:55 2025 Delpi99 (Red) [Rifle] DEMMONIOSS (Blue)
Thu Jan  2 11:59:55 2025 Deuce Ex (Red) [Rifle] elbow (Blue)
Thu Jan  2 11:59:55 2025 fbw (Blue) [Headshot] Ding (Red)
Thu Jan  2 11:59:56 2025 WannaCry (Blue) [Headshot] Y.O.B.A. (Red)
Thu Jan  2 11:59:56 2025 GommistaRosa (Red) [Headshot] Wlady (Blue)
Thu Jan  2 11:59:56 2025 RemuS (Red) [SMG] Wlady (Blue)
Thu Jan  2 11:59:57 2025 i will try (Blue) [Headshot] Delpi99 (Red)
Thu Jan  2 11:59:57 2025 fbw (Blue) [Rifle] Delpi99 (Red)
Thu Jan  2 11:59:57 2025 GommistaRosa (Red) [Rifle] Wlady (Blue)
Thu Jan  2 11:59:57 2025 S.P. (Blue) [Fall]
Thu Jan  2 11:59:57 2025 WannaCry (Blue) [Headshot] RemuS (Red)
Thu Jan  2 11:59:58 2025 fbw (Blue) [Headshot] garzi (Red)
Thu Jan  2 11:59:58 2025 tyrgtwn (Blue) [Shotgun] Doomguy (Red)
Thu Jan  2 11:59:58 2025 hotpepper4 (Red) [Headshot] tyrgtwn (Blue)
Thu Jan  2 11:59:58 2025 retry (Red) [Fall]
Thu Jan  2 11:59:58 2025 i will try (Blue) [Headshot] SHURA (Red)
Thu Jan  2 11:59:58 2025 SHURA (Red) [Grenade] HuMaNeTa12345 (Blue)
Thu Jan  2 11:59:58 2025 SHURA (Red) [Grenade] WannaCry (Blue)
Thu Jan  2 11:59:58 2025 [Global] SHURA (Red): GG
Thu Jan  2 11:59:58 2025 GommistaRosa (Red) [Rifle] i will try (Blue)
Thu Jan  2 11:59:59 2025 fbw (Blue) [Headshot] GommistaRosa (Red)
Thu Jan  2 11:59:59 2025 sago (Red) [Grenade] fbw (Blue)
Thu Jan  2 11:59:59 2025 hotpepper4 (Red) [Headshot] Name (Blue)
Thu Jan  2 12:00:01 2025 Deuce Ex picked up Blue's Intel.
Thu Jan  2 12:00:01 2025 sago (Red) [Fall]
Thu Jan  2 12:00:04 2025 [Global] WannaCry (Blue): gg
Thu Jan  2 12:00:04 2025 ------ World Unloaded ------
Thu Jan  2 12:00:07 2025 ------ World Loaded ------
Thu Jan  2 12:00:07 2025 tomsoyer joined Blue team
Thu Jan  2 12:00:07 2025 Ding joined Spectator team
Thu Jan  2 12:00:07 2025 Welcome to aloha.pk tower of babel
Thu Jan  2 12:00:08 2025 fbw joined Blue team
Thu Jan  2 12:00:09 2025 Player tomsoyer has left
Thu Jan  2 12:00:09 2025 Map: FaceToFace by Qult---(Atelsa)
Thu Jan  2 12:00:10 2025 hotpepper4 joined Red team
Thu Jan  2 12:00:10 2025 retry joined Red team
Thu Jan  2 12:00:11 2025 Game mode: babel
Thu Jan  2 12:00:12 2025 Deuce Ex joined Blue team
Thu Jan  2 12:00:12 2025 sago joined Red team
Thu Jan  2 12:00:12 2025 Disconnecting
