Wed Jan 15 21:11:29 2025 ------ World Loaded ------
Wed Jan 15 21:11:29 2025 Welcome to aloha.pk tower of babel
Wed Jan 15 21:11:30 2025 Map: Royal Parade Night by Bradley & Mile
Wed Jan 15 21:11:32 2025 Game mode: babel
Wed Jan 15 21:11:34 2025 Build a tower to get the enemy's intel. Take it to your team's tent to win!
Wed Jan 15 21:11:36 2025 Visit our community forum at https://aloha.pk/
Wed Jan 15 21:11:38 2025 Come chat with us at https://discord.aloha.pk/
Wed Jan 15 21:11:45 2025 beserk (Red) [SMG] Move 78 (Blue)
Wed Jan 15 21:11:48 2025 Cao dropped Blue's Intel
Wed Jan 15 21:11:48 2025  The intel has returned to the heavens
Wed Jan 15 21:11:48 2025 Duckyy (Blue) [Headshot] Cao (Red)
Wed Jan 15 21:11:48 2025 beserk (Red) [SMG] Duckyy (Blue)
Wed Jan 15 21:11:49 2025 [Global] popierdoleniec (Red): oh my faucci
Wed Jan 15 21:11:51 2025  Visit our community forums at https://aloha.pk/
Wed Jan 15 21:11:51 2025 [Global] Cao (Red): nafg
Wed Jan 15 21:11:58 2025 1223 (Blue) [Melee] Cloroformo (Red)
Wed Jan 15 21:12:02 2025 Cao (Red) [Headshot] Naja (Blue)
Wed Jan 15 21:12:04 2025 [Global] Naja (Blue): cao
Wed Jan 15 21:12:05 2025 Ruben picked up Blue's Intel.
Wed Jan 15 21:12:05 2025 1 (Blue) [Melee] emart (Red)
Wed Jan 15 21:12:06 2025 Y.O.B.A. (Red) [Headshot] Move 78 (Blue)
Wed Jan 15 21:12:08 2025 Exphonic (Blue) [Headshot] Cloroformo (Red)
Wed Jan 15 21:12:09 2025 Duckyy (Blue) [Rifle] Y.O.B.A. (Red)
Wed Jan 15 21:12:12 2025 Disconnecting
