Sat Feb  8 21:38:33 2025 ------ World Loaded ------
Sat Feb  8 21:38:33 2025 Welcome to aloha.pk tower of babel
Sat Feb  8 21:38:34 2025 Map: DividedThrone by Qult---(Atelsa)
Sat Feb  8 21:38:36 2025 Game mode: babel
Sat Feb  8 21:38:38 2025 you are fired joined Red team
Sat Feb  8 21:38:38 2025 Build a tower to get the enemy's intel. Take it to your team's tent to win!
Sat Feb  8 21:38:40 2025 Visit our community forum at https://aloha.pk/
Sat Feb  8 21:38:42 2025 Lt. James (Blue) [SMG] [PL] Dr.Spade (Red)
Sat Feb  8 21:38:42 2025 Cao (Red) [SMG] Lt. James (Blue)
Sat Feb  8 21:38:42 2025 you are fired (Red) [Team Change]
Sat Feb  8 21:38:42 2025 Come chat with us at https://discord.aloha.pk/
Sat Feb  8 21:38:50 2025 You can't destroy your team's blocks in this area. Attack the enemy's tower!
Sat Feb  8 21:38:51 2025 You can't destroy your team's blocks in this area. Attack the enemy's tower!
Sat Feb  8 21:38:52 2025 You can't destroy your team's blocks in this area. Attack the enemy's tower!
Sat Feb  8 21:38:52 2025 you are fired joined Blue team
Sat Feb  8 21:38:53 2025 You can't destroy your team's blocks in this area. Attack the enemy's tower!
Sat Feb  8 21:38:54 2025 You can't destroy your team's blocks in this area. Attack the enemy's tower!
Sat Feb  8 21:39:00 2025  Build a tower to get the enemy's intel. Take it to your team's tent to win!
Sat Feb  8 21:39:08 2025 Harry (Red) [Rifle] R34prZ (Blue)
Sat Feb  8 21:39:12 2025 LuckFB joined Blue team
Sat Feb  8 21:39:13 2025 noob (Blue) [Headshot] Cao (Red)
Sat Feb  8 21:39:17 2025 a coffin (Red) [Headshot] DDT (Blue)
Sat Feb  8 21:39:24 2025 Lt. James (Blue) [Headshot] My Little Pony (Red)
Sat Feb  8 21:39:29 2025 CarlosDuty (Blue) [Headshot] Harry (Red)
Sat Feb  8 21:39:32 2025 splats (Blue) [Rifle] a coffin (Red)
Sat Feb  8 21:39:35 2025 R34prZ (Blue) [Fall]
Sat Feb  8 21:39:36 2025 My Little Pony (Red) [Fall]
Sat Feb  8 21:39:37 2025 [Team] a coffin (Red): wow they're going for a top tower
Sat Feb  8 21:39:42 2025 CarlosDuty (Blue) [SMG] Pumpkinn (Red)
Sat Feb  8 21:39:50 2025 a coffin (Red) [Headshot] LuckFB (Blue)
Sat Feb  8 21:39:56 2025 a coffin (Red) [Headshot] R34prZ (Blue)
Sat Feb  8 21:39:57 2025 Lt. James (Blue) [Headshot] Harry (Red)
Sat Feb  8 21:40:00 2025  Type /HELP for info & commands
Sat Feb  8 21:40:00 2025 a coffin (Red) [Headshot] you are fired (Blue)
Sat Feb  8 21:40:09 2025 Lt. James (Blue) [Headshot] Cao (Red)
Sat Feb  8 21:40:11 2025 CarlosDuty (Blue) [SMG] Pumpkinn (Red)
Sat Feb  8 21:40:11 2025 [Global] Cao (Red): wtffff
Sat Feb  8 21:40:18 2025 you are fired (Blue) [Headshot] My Little Pony (Red)
Sat Feb  8 21:40:20 2025 a coffin (Red) [Rifle] Tesla (Blue)
Sat Feb  8 21:40:21 2025 Lt. James (Blue) [SMG] Pumpkinn (Red)
Sat Feb  8 21:40:25 2025 a coffin (Red) [Rifle] splats (Blue)
Sat Feb  8 21:40:25 2025 Lt. James (Blue) [Headshot] Cao (Red)
Sat Feb  8 21:40:28 2025 [Global] Cao (Red): wtfffff
Sat Feb  8 21:40:29 2025 [Global] Tesla (Blue): big D
Sat Feb  8 21:40:29 2025 Lt. James (Blue) [Fall]
Sat Feb  8 21:40:30 2025 LuckFB (Blue) [Headshot] a coffin (Red)
Sat Feb  8 21:40:30 2025 Pumpkinn (Red) [Headshot] LuckFB (Blue)
Sat Feb  8 21:40:31 2025 [Team] a coffin (Red): BUILD FASTER THEY HAVE A LARGE TOWER
Sat Feb  8 21:40:34 2025 Bizonho joined Spectator team
Sat Feb  8 21:40:35 2025 [Global] Lt. James (Blue): told you
Sat Feb  8 21:40:37 2025 Harry (Red) [Headshot] R34prZ (Blue)
Sat Feb  8 21:40:40 2025 splats (Blue) [Headshot] [PL] Dr.Spade (Red)
Sat Feb  8 21:40:41 2025 R34prZ (Blue) [Weapon Change]
Sat Feb  8 21:40:45 2025 Cao (Red) [Grenade]
Sat Feb  8 21:40:46 2025 Cao (Red) [Grenade] CarlosDuty (Blue)
Sat Feb  8 21:40:47 2025 Pumpkinn (Red) [Rifle] you are fired (Blue)
Sat Feb  8 21:40:47 2025 [Global] a coffin (Red): Also I am impressed at how much of the level both teams have flattened :P
Sat Feb  8 21:40:55 2025 a coffin (Red) [Headshot] splats (Blue)
Sat Feb  8 21:41:00 2025  Visit our community forums at https://aloha.pk/
Sat Feb  8 21:41:01 2025 Lt. James (Blue) [Headshot] My Little Pony (Red)
Sat Feb  8 21:41:01 2025 a coffin (Red) [Rifle] Tesla (Blue)
Sat Feb  8 21:41:02 2025 Pumpkinn (Red) [Headshot] noob (Blue)
Sat Feb  8 21:41:07 2025 Tesla (Blue) [Weapon Change]
Sat Feb  8 21:41:08 2025 export (Blue) [Headshot] [PL] Dr.Spade (Red)
Sat Feb  8 21:41:09 2025 [Global] Pumpkinn (Red): 1hp LOLOLOOLOLOP
Sat Feb  8 21:41:10 2025 Bizonho joined Red team
Sat Feb  8 21:41:11 2025 export (Blue) [Headshot] a coffin (Red)
Sat Feb  8 21:41:13 2025 My Little Pony (Red) [Headshot] Lt. James (Blue)
Sat Feb  8 21:41:14 2025 R34prZ (Blue) [SMG] Pumpkinn (Red)
Sat Feb  8 21:41:17 2025 export (Blue) [Headshot] Harry (Red)
Sat Feb  8 21:41:22 2025 CarlosDuty (Blue) [SMG] xzx (Red)
Sat Feb  8 21:41:32 2025 a coffin (Red) [Headshot] Tesla (Blue)
Sat Feb  8 21:41:36 2025 CarlosDuty (Blue) [Headshot] a coffin (Red)
Sat Feb  8 21:41:39 2025 R34prZ (Blue) [Headshot] Pumpkinn (Red)
Sat Feb  8 21:41:40 2025 CarlosDuty (Blue) [SMG] Bizonho (Red)
Sat Feb  8 21:41:43 2025 Lt. James (Blue) [SMG] My Little Pony (Red)
Sat Feb  8 21:41:46 2025 a coffin (Red) [Headshot] LuckFB (Blue)
Sat Feb  8 21:41:51 2025 Harry (Red) [Headshot] CarlosDuty (Blue)
Sat Feb  8 21:41:57 2025 a coffin (Red) [Headshot] noob (Blue)
Sat Feb  8 21:41:58 2025 Lt. James (Blue) [SMG] My Little Pony (Red)
Sat Feb  8 21:42:00 2025  Come chat with us at https://discord.aloha.pk/
Sat Feb  8 21:42:01 2025 Lt. James (Blue) [Headshot] Bizonho (Red)
Sat Feb  8 21:42:06 2025 Lt. James (Blue) [Headshot] My Little Pony (Red)
Sat Feb  8 21:42:08 2025 Lt. James (Blue) [SMG] Bizonho (Red)
Sat Feb  8 21:42:10 2025 Pumpkinn (Red) [Rifle] R34prZ (Blue)
Sat Feb  8 21:42:12 2025 Lt. James (Blue) [Headshot] Harry (Red)
Sat Feb  8 21:42:17 2025 [Global] My Little Pony (Red): why do people twerk their gyatt on you when you die
Sat Feb  8 21:42:21 2025 Lt. James (Blue) [SMG] Pumpkinn (Red)
Sat Feb  8 21:42:23 2025 [PL] Dr.Spade (Red) [Headshot] Tesla (Blue)
Sat Feb  8 21:42:24 2025 a coffin (Red) [Headshot] LuckFB (Blue)
Sat Feb  8 21:42:25 2025 [PL] Dr.Spade (Red) [Shotgun] R34prZ (Blue)
Sat Feb  8 21:42:26 2025 [Global] R34prZ (Blue): assert dominance
Sat Feb  8 21:42:27 2025 [Global] I_snort_abestos (Red): cuz its funny
Sat Feb  8 21:42:29 2025 a coffin (Red) [Headshot] splats (Blue)
Sat Feb  8 21:42:31 2025 Harry (Red) [Headshot] Lt. James (Blue)
Sat Feb  8 21:42:32 2025 Player LuckFB has left
Sat Feb  8 21:42:38 2025 a coffin (Red) [Headshot] you are fired (Blue)
Sat Feb  8 21:42:43 2025 Deuce joined Spectator team
Sat Feb  8 21:42:47 2025 a coffin (Red) [Headshot] Tesla (Blue)
Sat Feb  8 21:42:51 2025 R34prZ (Blue) [SMG] a coffin (Red)
Sat Feb  8 21:42:52 2025 CarlosDuty (Blue) [Headshot] Pumpkinn (Red)
Sat Feb  8 21:43:00 2025  If you believe a player is breaking the rules, please let us know with /ADMIN
Sat Feb  8 21:43:02 2025 Pedro joined Red team
Sat Feb  8 21:43:04 2025 R34prZ (Blue) [SMG] a coffin (Red)
Sat Feb  8 21:43:06 2025 Lt. James (Blue) [SMG] My Little Pony (Red)
Sat Feb  8 21:43:07 2025 [PL] Dr.Spade (Red) [Headshot] splats (Blue)
Sat Feb  8 21:43:09 2025 Tesla (Blue) [Headshot] Harry (Red)
Sat Feb  8 21:43:10 2025 Pedro (Red) [Headshot] Tesla (Blue)
Sat Feb  8 21:43:11 2025 [Team] a coffin (Red): their tower huge will be hard to take down so build fast
Sat Feb  8 21:43:20 2025 Tesla (Blue) [Headshot] [PL] Dr.Spade (Red)
Sat Feb  8 21:43:22 2025 Lt. James (Blue) [Headshot] Pedro (Red)
Sat Feb  8 21:43:22 2025 My Little Pony (Red) [Headshot] Lt. James (Blue)
Sat Feb  8 21:43:31 2025 Tesla (Blue) [Fall]
Sat Feb  8 21:43:41 2025 R34prZ (Blue) [Headshot] Bizonho (Red)
Sat Feb  8 21:43:41 2025 xzx (Red) [Fall]
Sat Feb  8 21:43:43 2025 Player xzx has left
Sat Feb  8 21:43:51 2025 a coffin (Red) [Headshot] you are fired (Blue)
Sat Feb  8 21:43:51 2025 Cao (Red) [Headshot] DDT (Blue)
Sat Feb  8 21:44:00 2025 Lt. James (Blue) [Headshot] My Little Pony (Red)
Sat Feb  8 21:44:00 2025  This server runs imger and glow. Use /IMG or /GLOW to toggle them.
Sat Feb  8 21:44:02 2025 Bizonho (Red) [Headshot] Tesla (Blue)
Sat Feb  8 21:44:02 2025 Pedro (Red) [Melee] CarlosDuty (Blue)
Sat Feb  8 21:44:09 2025 [Global] My Little Pony (Red): can you stop kiling me for 2  seconds!!!!!!!!!!!!!!!!!!!!!!!!!!!!!!!!!!!!!!!!!!
Sat Feb  8 21:44:09 2025 you are fired (Blue) [SMG] [PL] Dr.Spade (Red)
Sat Feb  8 21:44:16 2025 [Global] Tesla (Blue): xD
Sat Feb  8 21:44:20 2025 splats (Blue) [Headshot] a coffin (Red)
Sat Feb  8 21:44:21 2025 Lt. James (Blue) [Headshot] Pumpkinn (Red)
Sat Feb  8 21:44:21 2025 noob (Blue) [Headshot] Harry (Red)
Sat Feb  8 21:44:24 2025 Lt. James (Blue) [Headshot] [PL] Dr.Spade (Red)
Sat Feb  8 21:44:28 2025 R34prZ (Blue) [SMG] Bizonho (Red)
Sat Feb  8 21:44:30 2025 Lt. James (Blue) [SMG] a coffin (Red)
Sat Feb  8 21:44:31 2025 Lt. James (Blue) [SMG] [PL] Dr.Spade (Red)
Sat Feb  8 21:44:32 2025 Lt. James (Blue) [SMG] Harry (Red)
Sat Feb  8 21:44:33 2025 xzx joined Blue team
Sat Feb  8 21:44:40 2025 [Global] a coffin (Red): LT JAMES RETURN TO BASE
Sat Feb  8 21:44:44 2025 a coffin (Red) [Headshot] Lt. James (Blue)
Sat Feb  8 21:44:48 2025 [Global] Lt. James (Blue): no
Sat Feb  8 21:44:50 2025 R34prZ (Blue) [SMG] Bizonho (Red)
Sat Feb  8 21:44:53 2025 Harry (Red) [Headshot] you are fired (Blue)
Sat Feb  8 21:44:54 2025 [Global] a coffin (Red): THAT's AND ORDER
Sat Feb  8 21:44:55 2025 Bizonho (Red) [Fall]
Sat Feb  8 21:45:00 2025  Use /EMOTE to draw an emote on the map!
Sat Feb  8 21:45:01 2025 noob (Blue) [Rifle] a coffin (Red)
Sat Feb  8 21:45:02 2025 [Global] Lt. James (Blue): no you are my enemy
Sat Feb  8 21:45:06 2025 Player Deuce has left
Sat Feb  8 21:45:07 2025 Harry (Red) [Rifle] splats (Blue)
Sat Feb  8 21:45:09 2025 CarlosDuty (Blue) [Headshot] Harry (Red)
Sat Feb  8 21:45:15 2025 [Global] a coffin (Red): HMM GOOD POINT
Sat Feb  8 21:45:15 2025 Tesla (Blue) [Grenade] [PL] Dr.Spade (Red)
Sat Feb  8 21:45:15 2025 [Global] Lt. James (Blue): I don't take orders from the enemy
Sat Feb  8 21:45:24 2025 noob (Blue) [Headshot] Bizonho (Red)
Sat Feb  8 21:45:26 2025 R34prZ (Blue) [Headshot] Harry (Red)
Sat Feb  8 21:45:28 2025 Tesla (Blue) [Headshot] Pumpkinn (Red)
Sat Feb  8 21:45:32 2025 Tesla (Blue) [Headshot] Pumpkinn (Red)
Sat Feb  8 21:45:32 2025 a coffin (Red) [Headshot] DDT (Blue)
Sat Feb  8 21:45:32 2025 Harry (Red) [Headshot] Tesla (Blue)
Sat Feb  8 21:45:39 2025 Lt. James (Blue) [Headshot] My Little Pony (Red)
Sat Feb  8 21:45:43 2025 a coffin (Red) [Headshot] xzx (Blue)
Sat Feb  8 21:45:44 2025 noob (Blue) [Rifle] Cao (Red)
Sat Feb  8 21:45:49 2025 Bizonho (Red) [Headshot] CarlosDuty (Blue)
Sat Feb  8 21:45:49 2025 a coffin (Red) [Headshot] noob (Blue)
Sat Feb  8 21:45:51 2025 Harry (Red) [Headshot] R34prZ (Blue)
Sat Feb  8 21:45:52 2025 a coffin (Red) [Headshot] Tesla (Blue)
Sat Feb  8 21:45:54 2025 My Little Pony (Red) [Headshot] Lt. James (Blue)
Sat Feb  8 21:45:56 2025 a coffin (Red) [Headshot] DDT (Blue)
Sat Feb  8 21:45:59 2025 a coffin (Red) [Headshot] xzx (Blue)
Sat Feb  8 21:46:00 2025  Use /HEAVEN to paint the babel platform!
Sat Feb  8 21:46:08 2025 Bizonho (Red) [Headshot] splats (Blue)
Sat Feb  8 21:46:16 2025 noob (Blue) [Headshot] a coffin (Red)
Sat Feb  8 21:46:22 2025 Lt. James (Blue) [Headshot] Bizonho (Red)
Sat Feb  8 21:46:29 2025 R34prZ (Blue) [SMG] Pumpkinn (Red)
Sat Feb  8 21:46:40 2025 Bizonho (Red) [Headshot] Tesla (Blue)
Sat Feb  8 21:46:42 2025 Harry (Red) [Headshot] R34prZ (Blue)
Sat Feb  8 21:46:44 2025 Bizonho (Red) [Headshot] Lt. James (Blue)
Sat Feb  8 21:46:51 2025 a coffin (Red) [Headshot] splats (Blue)
Sat Feb  8 21:46:51 2025 noob (Blue) [Headshot] a coffin (Red)
Sat Feb  8 21:46:59 2025 a coffin (Red) [SMG] noob (Blue)
Sat Feb  8 21:47:00 2025 CarlosDuty (Blue) [Headshot] a coffin (Red)
Sat Feb  8 21:47:00 2025  Get a 20 killstreak and 1 intel capture(s) to unlock /APOC!
Sat Feb  8 21:47:05 2025 Harry (Red) [Rifle] CarlosDuty (Blue)
Sat Feb  8 21:47:07 2025 [Team] a coffin (Red): WE NEED MOAR TOWAH
Sat Feb  8 21:47:07 2025 Pedro (Red) [Headshot] Tesla (Blue)
Sat Feb  8 21:47:15 2025 R34prZ (Blue) [Headshot] Bizonho (Red)
Sat Feb  8 21:47:16 2025 Lt. James (Blue) [SMG] My Little Pony (Red)
Sat Feb  8 21:47:26 2025 a coffin (Red) [Headshot] Lt. James (Blue)
Sat Feb  8 21:47:31 2025 Tesla (Blue) [Headshot] Pedro (Red)
Sat Feb  8 21:47:33 2025 Harry (Red) [Grenade]
Sat Feb  8 21:47:33 2025 You must be closer to the enemy's base to grenade blocks!
Sat Feb  8 21:47:37 2025 splats (Blue) [Rifle] My Little Pony (Red)
Sat Feb  8 21:47:38 2025 R34prZ (Blue) [Grenade]
Sat Feb  8 21:47:39 2025 a coffin (Red) [Headshot] splats (Blue)
Sat Feb  8 21:47:54 2025 Harry (Red) [Headshot] DDT (Blue)
Sat Feb  8 21:47:59 2025 noob (Blue) [Headshot] Harry (Red)
Sat Feb  8 21:48:01 2025 Pedro (Red) [Headshot] Tesla (Blue)
Sat Feb  8 21:48:03 2025  Capture your team's 5th intel to unlock /APOC for your team's best builder!
Sat Feb  8 21:48:03 2025 a coffin (Red) [Headshot] Lt. James (Blue)
Sat Feb  8 21:48:04 2025 a coffin (Red) [SMG] R34prZ (Blue)
Sat Feb  8 21:48:07 2025 splats (Blue) [Fall]
Sat Feb  8 21:48:10 2025 ^w^ joined Blue team
Sat Feb  8 21:48:14 2025 Pedro (Red) [SMG] you are fired (Blue)
Sat Feb  8 21:48:16 2025 Lt. James (Blue) [SMG] a coffin (Red)
Sat Feb  8 21:48:22 2025 CarlosDuty (Blue) [Headshot] My Little Pony (Red)
Sat Feb  8 21:48:25 2025 Pedro (Red) [SMG] Tesla (Blue)
Sat Feb  8 21:48:28 2025 Player Tesla has left
Sat Feb  8 21:48:30 2025 Lt. James (Blue) [Headshot] Pedro (Red)
Sat Feb  8 21:48:36 2025 Lt. James (Blue) [Headshot] a coffin (Red)
Sat Feb  8 21:48:36 2025 DE joined Spectator team
Sat Feb  8 21:48:38 2025 noob (Blue) [Rifle] Bizonho (Red)
Sat Feb  8 21:48:44 2025 Lt. James (Blue) [Headshot] Pedro (Red)
Sat Feb  8 21:48:51 2025 Harry (Red) [Headshot] Lt. James (Blue)
Sat Feb  8 21:48:51 2025 noob (Blue) [Headshot] Cao (Red)
Sat Feb  8 21:48:53 2025 CarlosDuty (Blue) [SMG] Harry (Red)
Sat Feb  8 21:48:55 2025 Pedro (Red) [Headshot] R34prZ (Blue)
Sat Feb  8 21:49:00 2025  Mahalo for playing aloha.pk tower of babel
Sat Feb  8 21:49:05 2025 Bizonho (Red) [Headshot] splats (Blue)
Sat Feb  8 21:49:07 2025 DE joined Blue team
Sat Feb  8 21:49:08 2025 ^w^ (Blue) [Rifle] Bizonho (Red)
Sat Feb  8 21:49:10 2025 Lt. James (Blue) [Headshot] Cao (Red)
Sat Feb  8 21:49:12 2025 a coffin (Red) [Headshot] Lt. James (Blue)
Sat Feb  8 21:49:20 2025 DE (Blue) [Fall]
Sat Feb  8 21:49:20 2025 CarlosDuty (Blue) [Headshot] Harry (Red)
Sat Feb  8 21:49:22 2025 splats (Blue) [Melee] [PL] Dr.Spade (Red)
Sat Feb  8 21:49:29 2025 a coffin (Red) [Headshot] you are fired (Blue)
Sat Feb  8 21:49:31 2025 Lt. James (Blue) [Headshot] a coffin (Red)
Sat Feb  8 21:49:35 2025 [Global] DE (Blue): Blue team tower is pure autism
Sat Feb  8 21:49:37 2025 CarlosDuty (Blue) [Headshot] Bizonho (Red)
Sat Feb  8 21:49:38 2025 Pumpkinn (Red) [Headshot] R34prZ (Blue)
Sat Feb  8 21:49:40 2025 [Global] splats (Blue): thanks
Sat Feb  8 21:49:41 2025 Player R34prZ has left
Sat Feb  8 21:49:41 2025 noob (Blue) [Headshot] Pumpkinn (Red)
Sat Feb  8 21:49:45 2025 Pedro (Red) [Headshot] you are fired (Blue)
Sat Feb  8 21:49:45 2025 [Global] Lt. James (Blue): lol
Sat Feb  8 21:49:47 2025 ^w^ (Blue) [Headshot] Pedro (Red)
Sat Feb  8 21:49:49 2025 CarlosDuty (Blue) [Headshot] Harry (Red)
Sat Feb  8 21:49:51 2025 [Global] I_snort_abestos (Red): ight im gonna go now
Sat Feb  8 21:49:55 2025 Lt. James (Blue) [Headshot] [PL] Dr.Spade (Red)
Sat Feb  8 21:49:56 2025 [Global] I_snort_abestos (Red): im getting tired
Sat Feb  8 21:49:58 2025 Lt. James (Blue) [Headshot] Bizonho (Red)
Sat Feb  8 21:50:00 2025 [Global] I_snort_abestos (Red): cya
Sat Feb  8 21:50:00 2025  Build a tower to get the enemy's intel. Take it to your team's tent to win!
Sat Feb  8 21:50:03 2025 Player I_snort_abestos has left
Sat Feb  8 21:50:04 2025 Pedro (Red) [SMG] Lt. James (Blue)
Sat Feb  8 21:50:05 2025 Harry (Red) [Headshot] DDT (Blue)
Sat Feb  8 21:50:06 2025 [Global] My Little Pony (Red): bye
Sat Feb  8 21:50:11 2025 [Global] Lt. James (Blue): at least we have a tower
Sat Feb  8 21:50:13 2025 splats (Blue) [Rifle]
Sat Feb  8 21:50:14 2025 a coffin (Red) [SMG] ^w^ (Blue)
Sat Feb  8 21:50:18 2025 a coffin (Red) [Headshot] you are fired (Blue)
Sat Feb  8 21:50:23 2025 [Global] ^w^ (Blue): sup coff
Sat Feb  8 21:50:26 2025 Lt. James (Blue) [SMG] a coffin (Red)
Sat Feb  8 21:50:30 2025 [Global] DE (Blue): oh im not knocking it, just saying its of the tism
Sat Feb  8 21:50:36 2025 [Team] a coffin (Red): dammit they have linked their towers
Sat Feb  8 21:50:38 2025 Bizonho (Red) [Headshot] DE (Blue)
Sat Feb  8 21:50:39 2025 Lt. James (Blue) [SMG] My Little Pony (Red)
Sat Feb  8 21:50:39 2025 Deuce joined Red team
Sat Feb  8 21:50:40 2025 [Global] a coffin (Red): hi ^w^
Sat Feb  8 21:50:42 2025 you are fired (Blue) [SMG] [PL] Dr.Spade (Red)
Sat Feb  8 21:50:43 2025 Pumpkinn (Red) [Headshot] you are fired (Blue)
Sat Feb  8 21:50:53 2025 Bizonho (Red) [Headshot] ^w^ (Blue)
Sat Feb  8 21:50:56 2025 Pedro (Red) [Headshot] Lt. James (Blue)
Sat Feb  8 21:50:59 2025 a coffin (Red) [SMG] noob (Blue)
Sat Feb  8 21:51:00 2025  Type /HELP for info & commands
Sat Feb  8 21:51:02 2025 Bizonho (Red) [Headshot] DE (Blue)
Sat Feb  8 21:51:07 2025 Pumpkinn (Red) [Headshot] you are fired (Blue)
Sat Feb  8 21:51:08 2025 a coffin (Red) [Headshot] CarlosDuty (Blue)
Sat Feb  8 21:51:11 2025 [Global] DE (Blue): you shot me! hax!
Sat Feb  8 21:51:11 2025 Pumpkinn (Red) [Headshot] DE (Blue)
Sat Feb  8 21:51:13 2025 a coffin (Red) [SMG] noob (Blue)
Sat Feb  8 21:51:16 2025 [Global] you are fired (Blue): Wait, Spade was just killed 5 seconds ago, how is it possible that you're here?
Sat Feb  8 21:51:20 2025 ^w^ (Blue) [Headshot] a coffin (Red)
Sat Feb  8 21:51:26 2025 [Global] you are fired (Blue): how did you cross the entire map in 5 seconds
Sat Feb  8 21:51:31 2025 Cao (Red) [Fall]
Sat Feb  8 21:51:34 2025 you are fired (Blue) [SMG] Pumpkinn (Red)
Sat Feb  8 21:51:34 2025 Bizonho (Red) [Headshot] noob (Blue)
Sat Feb  8 21:51:41 2025 [Global] My Little Pony (Red): he has fast legs
Sat Feb  8 21:51:44 2025 a coffin (Red) [Headshot] Lt. James (Blue)
Sat Feb  8 21:51:45 2025 [Global] DE (Blue): must have been hax /votekick
Sat Feb  8 21:51:52 2025 You must be closer to the enemy's base to shoot blocks!
Sat Feb  8 21:51:54 2025 Harry (Red) [Headshot] CarlosDuty (Blue)
Sat Feb  8 21:51:56 2025 a coffin (Red) [Headshot] you are fired (Blue)
Sat Feb  8 21:52:00 2025  Visit our community forums at https://aloha.pk/
Sat Feb  8 21:52:00 2025 ^w^ (Blue) [Headshot] a coffin (Red)
Sat Feb  8 21:52:11 2025 [Team] a coffin (Red): we are getting WASTED here, everyone build fast!
Sat Feb  8 21:52:11 2025 Bizonho (Red) [Headshot] CarlosDuty (Blue)
Sat Feb  8 21:52:15 2025 Lt. James (Blue) [Headshot] Pedro (Red)
Sat Feb  8 21:52:16 2025 ^w^ (Blue) [Headshot] Harry (Red)
Sat Feb  8 21:52:19 2025 ^w^ (Blue) [Headshot] Pedro (Red)
Sat Feb  8 21:52:19 2025 Lt. James (Blue) [Headshot] Pumpkinn (Red)
Sat Feb  8 21:52:21 2025 Bizonho (Red) [Rifle] DE (Blue)
Sat Feb  8 21:52:24 2025 Lt. James (Blue) [SMG] Deuce (Red)
Sat Feb  8 21:52:24 2025 [Global] Pumpkinn (Red): cocksucka
Sat Feb  8 21:52:26 2025 Harry (Red) [Headshot] Lt. James (Blue)
Sat Feb  8 21:52:29 2025 Player [PL] Dr.Spade has left
Sat Feb  8 21:52:38 2025 a coffin (Red) [Headshot] ^w^ (Blue)
Sat Feb  8 21:52:41 2025 CarlosDuty (Blue) [Headshot] Harry (Red)
Sat Feb  8 21:52:43 2025 a coffin (Red) [Headshot] DE (Blue)
Sat Feb  8 21:52:46 2025 Lt. James (Blue) [Headshot] a coffin (Red)
Sat Feb  8 21:52:52 2025 [Global] DE (Blue): coffin hhhhaaaaxxx
Sat Feb  8 21:52:58 2025 [Global] a coffin (Red): always for you DE
Sat Feb  8 21:53:00 2025  Come chat with us at https://discord.aloha.pk/
Sat Feb  8 21:53:01 2025 [Global] DE (Blue): i know because you shot me
Sat Feb  8 21:53:01 2025 CarlosDuty (Blue) [Headshot] Bizonho (Red)
Sat Feb  8 21:53:02 2025 noob (Blue) [Headshot] Harry (Red)
Sat Feb  8 21:53:04 2025 noob (Blue) [Headshot] Cao (Red)
Sat Feb  8 21:53:05 2025 splats (Blue) [Rifle] Pumpkinn (Red)
Sat Feb  8 21:53:10 2025 Lt. James (Blue) [Headshot] a coffin (Red)
Sat Feb  8 21:53:13 2025 [Global] a coffin (Red): you can tell it be that way because it do
Sat Feb  8 21:53:15 2025 [Global] Pumpkinn (Red): roifl
Sat Feb  8 21:53:16 2025 ^w^ (Blue) [Headshot] Bizonho (Red)
Sat Feb  8 21:53:17 2025 Harry (Red) [Rifle] you are fired (Blue)
Sat Feb  8 21:53:20 2025 a coffin (Red) [Headshot] Lt. James (Blue)
Sat Feb  8 21:53:23 2025 noob (Blue) [Rifle] Cao (Red)
Sat Feb  8 21:53:30 2025 [Global] DE (Blue): ppl dun thnik it be like it is but it du 
Sat Feb  8 21:53:30 2025 CarlosDuty (Blue) [Rifle] Harry (Red)
Sat Feb  8 21:53:39 2025 a coffin (Red) [SMG] splats (Blue)
Sat Feb  8 21:53:40 2025 noob (Blue) [Headshot] Pumpkinn (Red)
Sat Feb  8 21:53:43 2025 a coffin (Red) [SMG] Lt. James (Blue)
Sat Feb  8 21:53:45 2025 Pedro (Red) [SMG] xzx (Blue)
Sat Feb  8 21:53:48 2025 DE (Blue) [Headshot] a coffin (Red)
Sat Feb  8 21:53:51 2025 ^w^ (Blue) [Headshot] Bizonho (Red)
Sat Feb  8 21:53:54 2025 [Global] a coffin (Red): splats unstoppable builder
Sat Feb  8 21:53:55 2025 ^w^ (Blue) [Headshot] Harry (Red)
Sat Feb  8 21:54:00 2025 Pedro (Red) [SMG] splats (Blue)
Sat Feb  8 21:54:00 2025  If you believe a player is breaking the rules, please let us know with /ADMIN
Sat Feb  8 21:54:01 2025 a coffin (Red) [Headshot] ^w^ (Blue)
Sat Feb  8 21:54:02 2025 you are fired (Blue) [SMG] Cao (Red)
Sat Feb  8 21:54:05 2025 Bizonho (Red) [Fall]
Sat Feb  8 21:54:05 2025 a coffin (Red) [SMG] you are fired (Blue)
Sat Feb  8 21:54:05 2025 Lt. James (Blue) [SMG] Pedro (Red)
Sat Feb  8 21:54:13 2025 CarlosDuty (Blue) [Headshot] Harry (Red)
Sat Feb  8 21:54:16 2025 Pumpkinn (Red) [Headshot] export (Blue)
Sat Feb  8 21:54:18 2025 [Global] DE (Blue): unreltenting bob the builder of pure tism, its quite implessive
Sat Feb  8 21:54:21 2025 Lt. James (Blue) [Headshot] Pumpkinn (Red)
Sat Feb  8 21:54:29 2025 ^w^ (Blue) [Headshot] Deuce (Red)
Sat Feb  8 21:54:29 2025 Pumpkinn (Red) [Weapon Change]
Sat Feb  8 21:54:34 2025 noob (Blue) [Headshot] Harry (Red)
Sat Feb  8 21:54:37 2025 Pedro (Red) [Headshot] DDT (Blue)
Sat Feb  8 21:54:38 2025 splats (Blue) [Rifle]
Sat Feb  8 21:54:41 2025 ^w^ (Blue) [Rifle] Bizonho (Red)
Sat Feb  8 21:54:50 2025 noob (Blue) [Headshot] Cao (Red)
Sat Feb  8 21:54:50 2025 export (Blue) [Melee] a coffin (Red)
Sat Feb  8 21:54:51 2025 [Global] export (Blue): bad coffin
Sat Feb  8 21:54:53 2025 [Team] Cao (Red): defend
Sat Feb  8 21:54:53 2025 ^w^ (Blue) [Headshot] Pumpkinn (Red)
Sat Feb  8 21:54:55 2025 [Global] a coffin (Red): me? never
Sat Feb  8 21:54:56 2025 CarlosDuty (Blue) [Headshot] Harry (Red)
Sat Feb  8 21:54:56 2025 [Team] Cao (Red): i cant build
Sat Feb  8 21:55:00 2025  This server runs imger and glow. Use /IMG or /GLOW to toggle them.
Sat Feb  8 21:55:03 2025 Bizonho (Red) [Headshot] ^w^ (Blue)
Sat Feb  8 21:55:05 2025 Player DDT has left
Sat Feb  8 21:55:14 2025 Harry (Red) [Headshot] you are fired (Blue)
Sat Feb  8 21:55:17 2025 splats (Blue) [Fall]
Sat Feb  8 21:55:19 2025 Lt. James (Blue) [SMG] a coffin (Red)
Sat Feb  8 21:55:19 2025 Pedro (Red) [Headshot] you are fired (Blue)
Sat Feb  8 21:55:20 2025 Pumpkinn (Red) [Grenade] noob (Blue)
Sat Feb  8 21:55:28 2025 [Global] Pumpkinn (Red): sit idiot
Sat Feb  8 21:55:28 2025 [Team] a coffin (Red): UNDER TOWER
Sat Feb  8 21:55:28 2025 [Global] DE (Blue): youarefired do you really need to cut red tower down? feel we be dubking on them at this point
Sat Feb  8 21:55:28 2025 [Global] Pumpkinn (Red): xdd
Sat Feb  8 21:55:29 2025 Pumpkinn (Red) [Headshot] Lt. James (Blue)
Sat Feb  8 21:55:32 2025 Bizonho (Red) [Headshot] DE (Blue)
Sat Feb  8 21:55:33 2025 DDT joined Blue team
Sat Feb  8 21:55:33 2025 [Global] Pumpkinn (Red): you too
Sat Feb  8 21:55:34 2025 noob (Blue) [Rifle] Pedro (Red)
Sat Feb  8 21:55:42 2025 Pumpkinn (Red) [Headshot] ^w^ (Blue)
Sat Feb  8 21:55:46 2025 [Global] Pumpkinn (Red): esp you too
Sat Feb  8 21:55:48 2025 [Team] a coffin (Red): Please stop building stuff around our tent and push tower forwards
Sat Feb  8 21:55:48 2025 RD|Cesar joined Red team
Sat Feb  8 21:55:52 2025 CarlosDuty (Blue) [Headshot] Deuce (Red)
Sat Feb  8 21:55:56 2025 [Global] DE (Blue): sussy esp uwu
Sat Feb  8 21:56:00 2025 Cao (Red) [Fall]
Sat Feb  8 21:56:00 2025 DDT (Blue) [Headshot] Pumpkinn (Red)
Sat Feb  8 21:56:00 2025  Use /EMOTE to draw an emote on the map!
Sat Feb  8 21:56:03 2025 a coffin (Red) [Headshot] noob (Blue)
Sat Feb  8 21:56:03 2025 CarlosDuty (Blue) [Headshot] a coffin (Red)
Sat Feb  8 21:56:08 2025 Lt. James (Blue) [Headshot] RD|Cesar (Red)
Sat Feb  8 21:56:09 2025 Bizonho (Red) [Headshot] xzx (Blue)
Sat Feb  8 21:56:10 2025 Pumpkinn (Red) [Weapon Change]
Sat Feb  8 21:56:13 2025 a coffin (Red) [Headshot] Lt. James (Blue)
Sat Feb  8 21:56:15 2025 ^w^ (Blue) [Headshot] Cao (Red)
Sat Feb  8 21:56:17 2025 Pedro (Red) [Headshot] export (Blue)
Sat Feb  8 21:56:18 2025 ^w^ (Blue) [Headshot] a coffin (Red)
Sat Feb  8 21:56:21 2025 ^w^ (Blue) [Headshot] Harry (Red)
Sat Feb  8 21:56:23 2025  you are fired has reached 1000 blocks placed! /heaven unlocked.
Sat Feb  8 21:56:25 2025 Pedro (Red) [Headshot] you are fired (Blue)
Sat Feb  8 21:56:34 2025 noob (Blue) [Headshot] Cao (Red)
Sat Feb  8 21:56:34 2025 Lt. James (Blue) [Headshot] Pedro (Red)
Sat Feb  8 21:56:34 2025 Pumpkinn (Red) [Shotgun] CarlosDuty (Blue)
Sat Feb  8 21:56:35 2025 Lt. James (Blue) [Headshot] Bizonho (Red)
Sat Feb  8 21:56:37 2025 RD|Cesar (Red) [Headshot] noob (Blue)
Sat Feb  8 21:56:42 2025 Lt. James (Blue) [Headshot] Pumpkinn (Red)
Sat Feb  8 21:56:45 2025 [Team] a coffin (Red): MLP please stop digging and build
Sat Feb  8 21:56:47 2025 [Team] Cao (Red): they killme every 0,2 sec
Sat Feb  8 21:56:47 2025 a coffin (Red) [SMG] DDT (Blue)
Sat Feb  8 21:56:58 2025 ^w^ (Blue) [Headshot] Pumpkinn (Red)
Sat Feb  8 21:57:00 2025  Use /HEAVEN to paint the babel platform!
Sat Feb  8 21:57:03 2025 [Global] Pumpkinn (Red): lmao
Sat Feb  8 21:57:04 2025 ^w^ (Blue) [Headshot] Bizonho (Red)
Sat Feb  8 21:57:09 2025 a coffin (Red) [Headshot] noob (Blue)
Sat Feb  8 21:57:10 2025 xzx (Blue) [Headshot] Harry (Red)
Sat Feb  8 21:57:12 2025 Lt. James (Blue) [Headshot] Pumpkinn (Red)
Sat Feb  8 21:57:14 2025 ^w^ (Blue) [Headshot] Cao (Red)
Sat Feb  8 21:57:17 2025 Lt. James (Blue) [Headshot] a coffin (Red)
Sat Feb  8 21:57:17 2025 [Global] Cao (Red): na
Sat Feb  8 21:57:18 2025 Lt. James (Blue) [Headshot] RD|Cesar (Red)
Sat Feb  8 21:57:18 2025 xzx (Blue) [Headshot] Pumpkinn (Red)
Sat Feb  8 21:57:19 2025 ^w^ (Blue) [Headshot] Bizonho (Red)
Sat Feb  8 21:57:21 2025 Pedro (Red) [Headshot] Lt. James (Blue)
Sat Feb  8 21:57:21 2025 Bizonho (Red) [Grenade] xzx (Blue)
Sat Feb  8 21:57:24 2025 [Global] Lt. James (Blue): lol
Sat Feb  8 21:57:24 2025 [Team] a coffin (Red): lol they are building completely undisturbed
Sat Feb  8 21:57:25 2025 ^w^ (Blue) [Rifle] Pedro (Red)
Sat Feb  8 21:57:30 2025 ^w^ (Blue) [Headshot] Cao (Red)
Sat Feb  8 21:57:32 2025 ^w^ (Blue) [Headshot] Pumpkinn (Red)
Sat Feb  8 21:57:37 2025 [Global] Lt. James (Blue): your defenses weak
Sat Feb  8 21:57:39 2025 splats (Blue) [Rifle] My Little Pony (Red)
Sat Feb  8 21:57:41 2025 [Global] Pumpkinn (Red): fr
Sat Feb  8 21:57:45 2025 [Global] My Little Pony (Red): yaeh but you have to admit their tower is really cool
Sat Feb  8 21:57:47 2025 [Global] a coffin (Red): We have defenses?
Sat Feb  8 21:57:51 2025 [Global] My Little Pony (Red): it wouldn't be right to destroy it
Sat Feb  8 21:57:51 2025 [Global] Pumpkinn (Red): defend this dick lmao
Sat Feb  8 21:57:53 2025 a coffin (Red) [Headshot] splats (Blue)
Sat Feb  8 21:57:53 2025 Pedro (Red) [Headshot] DDT (Blue)
Sat Feb  8 21:57:55 2025 a coffin (Red) [Headshot] DE (Blue)
Sat Feb  8 21:57:55 2025 Pumpkinn (Red) [Headshot] noob (Blue)
Sat Feb  8 21:58:00 2025  Get a 20 killstreak and 1 intel capture(s) to unlock /APOC!
Sat Feb  8 21:58:01 2025 ^w^ (Blue) [Rifle] Cao (Red)
Sat Feb  8 21:58:06 2025 ^w^ (Blue) [Headshot] My Little Pony (Red)
Sat Feb  8 21:58:07 2025 a coffin (Red) [Headshot] you are fired (Blue)
Sat Feb  8 21:58:12 2025 Player RD|Cesar has left
Sat Feb  8 21:58:12 2025 a coffin (Red) [Headshot] export (Blue)
Sat Feb  8 21:58:14 2025 [Team] Cao (Red):     I cant buil
Sat Feb  8 21:58:15 2025 xzx (Blue) [Headshot] a coffin (Red)
Sat Feb  8 21:58:17 2025 noob (Blue) [Headshot] Bizonho (Red)
Sat Feb  8 21:58:21 2025 [Global] DE (Blue): this tower is half a map in itself
Sat Feb  8 21:58:26 2025 ^w^ (Blue) [Headshot] My Little Pony (Red)
Sat Feb  8 21:58:28 2025 ^w^ (Blue) [Headshot] Harry (Red)
Sat Feb  8 21:58:32 2025 ^w^ (Blue) [Headshot] Cao (Red)
Sat Feb  8 21:58:32 2025 Lt. James (Blue) [Headshot] Deuce (Red)
Sat Feb  8 21:58:35 2025 Pedro (Red) [Headshot] DDT (Blue)
Sat Feb  8 21:58:38 2025 My Little Pony (Red) [Headshot] Lt. James (Blue)
Sat Feb  8 21:58:38 2025 Harry (Red) [Headshot] ^w^ (Blue)
Sat Feb  8 21:58:42 2025 xzx (Blue) [Headshot] Pumpkinn (Red)
Sat Feb  8 21:58:46 2025 Vagabond joined Red team
Sat Feb  8 21:58:48 2025 [Global] Vagabond (Red): heyaaaaaaaaaaaaaaaaaaaaa
Sat Feb  8 21:58:49 2025 DE (Blue) [Headshot] Harry (Red)
Sat Feb  8 21:58:50 2025 Pedro (Red) [Headshot] xzx (Blue)
Sat Feb  8 21:58:52 2025 Pedro (Red) [SMG] CarlosDuty (Blue)
Sat Feb  8 21:58:53 2025 DE (Blue) [Headshot] Bizonho (Red)
Sat Feb  8 21:58:53 2025 [Global] splats (Blue): autism tower up! get intel gogogog
Sat Feb  8 21:58:54 2025 ^w^ (Blue) [Rifle] My Little Pony (Red)
Sat Feb  8 21:58:59 2025 a coffin (Red) [Headshot] you are fired (Blue)
Sat Feb  8 21:59:00 2025  Capture your team's 5th intel to unlock /APOC for your team's best builder!
Sat Feb  8 21:59:02 2025 [Global] DE (Blue): on it
Sat Feb  8 21:59:04 2025 DE picked up Red's Intel.
Sat Feb  8 21:59:06 2025 Harry (Red) [Headshot] ^w^ (Blue)
Sat Feb  8 21:59:07 2025 splats (Blue) [Headshot] a coffin (Red)
Sat Feb  8 21:59:08 2025 Harry (Red) [Headshot] Lt. James (Blue)
Sat Feb  8 21:59:09 2025 Pedro (Red) [Headshot] DDT (Blue)
Sat Feb  8 21:59:10 2025 Cao (Red) [Headshot] noob (Blue)
Sat Feb  8 21:59:16 2025 Harry (Red) [Headshot] splats (Blue)
Sat Feb  8 21:59:18 2025 xzx (Blue) [Headshot] Pedro (Red)
Sat Feb  8 21:59:19 2025 [Global] a coffin (Red): well done splats that's an incredible build
Sat Feb  8 21:59:22 2025 CarlosDuty (Blue) [Rifle] Harry (Red)
Sat Feb  8 21:59:22 2025 export (Blue) [Headshot] Pumpkinn (Red)
Sat Feb  8 21:59:24 2025 export (Blue) [Headshot] Bizonho (Red)
Sat Feb  8 21:59:29 2025 DE captured Red's Intel.
Sat Feb  8 21:59:30 2025 a coffin (Red) [SMG] you are fired (Blue)
Sat Feb  8 21:59:33 2025 export (Blue) [Headshot] My Little Pony (Red)
Sat Feb  8 21:59:34 2025 Pedro (Red) [SMG] export (Blue)
Sat Feb  8 21:59:40 2025 [Global] DE (Blue): I award splats the DE medal of pure autism
Sat Feb  8 21:59:42 2025 noob picked up Red's Intel.
Sat Feb  8 21:59:43 2025 a coffin (Red) [Headshot] ^w^ (Blue)
Sat Feb  8 21:59:46 2025 Lt. James (Blue) [Headshot] My Little Pony (Red)
Sat Feb  8 21:59:51 2025 Bizonho (Red) [Headshot] Lt. James (Blue)
Sat Feb  8 21:59:54 2025 [Global] My Little Pony (Red): autism autism autism autism autism autism autism autism autism autism autism autism autism autism 
Sat Feb  8 21:59:54 2025 Pedro (Red) [Headshot] export (Blue)
Sat Feb  8 21:59:56 2025 CarlosDuty (Blue) [Headshot] Pumpkinn (Red)
Sat Feb  8 22:00:00 2025  Mahalo for playing aloha.pk tower of babel
Sat Feb  8 22:00:03 2025 [Global] Pumpkinn (Red): xd
Sat Feb  8 22:00:04 2025 [Global] DE (Blue): you forgot to mention autism
Sat Feb  8 22:00:05 2025 Cao (Red) [Headshot] DDT (Blue)
Sat Feb  8 22:00:09 2025 noob captured Red's Intel.
Sat Feb  8 22:00:11 2025 Lt. James (Blue) [Headshot] a coffin (Red)
Sat Feb  8 22:00:12 2025 Pedro (Red) [Headshot] ^w^ (Blue)
Sat Feb  8 22:00:12 2025 DE picked up Red's Intel.
Sat Feb  8 22:00:15 2025 CarlosDuty (Blue) [Headshot] My Little Pony (Red)
Sat Feb  8 22:00:18 2025 [Global] a coffin (Red): Lt James please! I'm just visiting!
Sat Feb  8 22:00:19 2025 export (Blue) [Headshot] Pedro (Red)
Sat Feb  8 22:00:23 2025 CarlosDuty (Blue) [Headshot] Pumpkinn (Red)
Sat Feb  8 22:00:24 2025 [Global] Pumpkinn (Red): fuck ☺♥
Sat Feb  8 22:00:28 2025 CarlosDuty (Blue) [Headshot] Bizonho (Red)
Sat Feb  8 22:00:33 2025 ^w^ (Blue) [Headshot] Vagabond (Red)
Sat Feb  8 22:00:33 2025 [Global] Pumpkinn (Red): g▬♥
Sat Feb  8 22:00:35 2025 Harry (Red) [Headshot] Lt. James (Blue)
Sat Feb  8 22:00:35 2025 Bizonho (Red) [Headshot] splats (Blue)
Sat Feb  8 22:00:36 2025 CarlosDuty (Blue) [Headshot] My Little Pony (Red)
Sat Feb  8 22:00:37 2025 ^w^ (Blue) [Headshot] Harry (Red)
Sat Feb  8 22:00:38 2025 DE captured Red's Intel.
Sat Feb  8 22:00:38 2025 export (Blue) [Headshot] Pumpkinn (Red)
Sat Feb  8 22:00:43 2025 export (Blue) [Rifle] Bizonho (Red)
Sat Feb  8 22:00:47 2025 a coffin (Red) [Headshot] you are fired (Blue)
Sat Feb  8 22:00:48 2025 xzx (Blue) [Headshot] Pumpkinn (Red)
Sat Feb  8 22:00:49 2025 Vagabond (Red) [Headshot] xzx (Blue)
Sat Feb  8 22:00:53 2025 Cao (Red) [Fall]
Sat Feb  8 22:00:59 2025 Harry (Red) [Rifle] export (Blue)
Sat Feb  8 22:01:00 2025  Build a tower to get the enemy's intel. Take it to your team's tent to win!
Sat Feb  8 22:01:01 2025 splats (Blue) [Fall]
Sat Feb  8 22:01:06 2025 Bizonho (Red) [Headshot] CarlosDuty (Blue)
Sat Feb  8 22:01:08 2025 [Global] CarlosDuty (Blue): XD
Sat Feb  8 22:01:09 2025 [Global] DE (Blue): so 3am gmt is when the non shitheads play, noted
Sat Feb  8 22:01:13 2025 Lt. James (Blue) [Headshot] Cao (Red)
Sat Feb  8 22:01:16 2025 Pumpkinn (Red) [Headshot] Lt. James (Blue)
Sat Feb  8 22:01:18 2025 ^w^ (Blue) [Rifle] Pumpkinn (Red)
Sat Feb  8 22:01:19 2025 DE picked up Red's Intel.
Sat Feb  8 22:01:20 2025 xzx (Blue) [Headshot] Harry (Red)
Sat Feb  8 22:01:25 2025 [Team] Cao (Red): go up and build some shit nibbaas
Sat Feb  8 22:01:29 2025 Bizonho (Red) [Headshot] DDT (Blue)
Sat Feb  8 22:01:31 2025 xzx (Blue) [Headshot] Bizonho (Red)
Sat Feb  8 22:01:31 2025 ^w^ (Blue) [Headshot] Harry (Red)
Sat Feb  8 22:01:42 2025 DE captured Red's Intel.
Sat Feb  8 22:01:43 2025 splats picked up Red's Intel.
Sat Feb  8 22:01:44 2025 Pumpkinn (Red) [Fall]
Sat Feb  8 22:01:48 2025 [Global] Pumpkinn (Red): fuk u
Sat Feb  8 22:01:53 2025 splats dropped Red's Intel
Sat Feb  8 22:01:53 2025  The intel has returned to the heavens
Sat Feb  8 22:01:53 2025 a coffin (Red) [SMG] splats (Blue)
Sat Feb  8 22:01:54 2025 a coffin (Red) [Headshot] Lt. James (Blue)
Sat Feb  8 22:01:56 2025 ^w^ (Blue) [Headshot] Vagabond (Red)
Sat Feb  8 22:01:57 2025 noob picked up Red's Intel.
Sat Feb  8 22:01:58 2025 [Global] Lt. James (Blue): base
Sat Feb  8 22:01:59 2025 a coffin (Red) [SMG] DDT (Blue)
Sat Feb  8 22:02:00 2025 Bizonho (Red) [Headshot] CarlosDuty (Blue)
Sat Feb  8 22:02:00 2025 Harry (Red) [Headshot] xzx (Blue)
Sat Feb  8 22:02:00 2025  Type /HELP for info & commands
Sat Feb  8 22:02:01 2025 DE (Blue) [Headshot] a coffin (Red)
Sat Feb  8 22:02:07 2025 [Global] DE (Blue): bad cofin
Sat Feb  8 22:02:10 2025 [Global] a coffin (Red): >:D
Sat Feb  8 22:02:16 2025 CarlosDuty (Blue) [Headshot] Cao (Red)
Sat Feb  8 22:02:17 2025 [Global] xzx (Blue): e we ya
Sat Feb  8 22:02:21 2025 [Global] DE (Blue): very bad coffin!
Sat Feb  8 22:02:25 2025 Player DDT has left
Sat Feb  8 22:02:25 2025 ^w^ (Blue) [Headshot] Vagabond (Red)
Sat Feb  8 22:02:27 2025  With 2403 blocks placed, you are fired is granted the right to unleash the apocalypse.
Sat Feb  8 22:02:27 2025 noob captured Red's Intel.
Sat Feb  8 22:02:28 2025 Pumpkinn (Red) [SMG] export (Blue)
Sat Feb  8 22:02:31 2025 DE picked up Red's Intel.
Sat Feb  8 22:02:32 2025 Vagabond (Red) [Headshot] ^w^ (Blue)
Sat Feb  8 22:02:38 2025 Pumpkinn (Red) [Fall]
Sat Feb  8 22:02:39 2025 xzx (Blue) [Rifle] Harry (Red)
Sat Feb  8 22:02:42 2025 Lt. James (Blue) [Headshot] a coffin (Red)
Sat Feb  8 22:02:43 2025 Player Pumpkinn has left
Sat Feb  8 22:02:43 2025 [Global] Vagabond (Red): receive
Sat Feb  8 22:02:46 2025 Cao (Red) [SMG] Lt. James (Blue)
Sat Feb  8 22:02:50 2025 DE dropped Red's Intel
Sat Feb  8 22:02:50 2025  The intel has returned to the heavens
Sat Feb  8 22:02:50 2025 Pedro (Red) [SMG] DE (Blue)
Sat Feb  8 22:02:52 2025 [Global] splats (Blue): fire them, you are fired
Sat Feb  8 22:02:53 2025 Vagabond (Red) [Headshot] splats (Blue)
Sat Feb  8 22:02:53 2025 Cao (Red) [Grenade]
Sat Feb  8 22:02:54 2025 xzx (Blue) [Headshot] Harry (Red)
Sat Feb  8 22:02:54 2025 [Global] splats (Blue): apoc
Sat Feb  8 22:02:54 2025 [Team] a coffin (Red): lol our tower fromt the top technique
Sat Feb  8 22:02:55 2025 CarlosDuty (Blue) [Grenade]
Sat Feb  8 22:02:57 2025 [Global] DE (Blue): absolute pedro
Sat Feb  8 22:03:00 2025  Visit our community forums at https://aloha.pk/
Sat Feb  8 22:03:00 2025 Vagabond (Red) [Headshot] you are fired (Blue)
Sat Feb  8 22:03:00 2025 you are fired (Blue) [Grenade] Vagabond (Red)
Sat Feb  8 22:03:03 2025 [Global] My Little Pony (Red): WHAT SICKO
Sat Feb  8 22:03:04 2025 [Global] DE (Blue): this tower si so epic io need to film it brb
Sat Feb  8 22:03:05 2025 export picked up Red's Intel.
Sat Feb  8 22:03:09 2025 Player DE has left
Sat Feb  8 22:03:09 2025 [Global] My Little Pony (Red): PUT GREY BLOCKS
Sat Feb  8 22:03:14 2025 export dropped Red's Intel
Sat Feb  8 22:03:14 2025  The intel has returned to the heavens
Sat Feb  8 22:03:14 2025 Pedro (Red) [Headshot] export (Blue)
Sat Feb  8 22:03:15 2025 [Global] My Little Pony (Red): UNDER EACH PILLAR
Sat Feb  8 22:03:15 2025 noob (Blue) [Headshot] Cao (Red)
Sat Feb  8 22:03:18 2025 Bizonho (Red) [Headshot] xzx (Blue)
Sat Feb  8 22:03:19 2025 a coffin (Red) [Headshot] noob (Blue)
Sat Feb  8 22:03:20 2025 Player xzx has left
Sat Feb  8 22:03:21 2025 Vagabond (Red) [Headshot] Lt. James (Blue)
Sat Feb  8 22:03:25 2025 you are fired (Blue) [Headshot] a coffin (Red)
Sat Feb  8 22:03:27 2025 Harry (Red) [Rifle] you are fired (Blue)
Sat Feb  8 22:03:39 2025 Harry (Red) [Headshot] you are fired (Blue)
Sat Feb  8 22:03:49 2025 ^w^ (Blue) [Headshot] Harry (Red)
Sat Feb  8 22:03:52 2025 Lt. James (Blue) [SMG] Vagabond (Red)
Sat Feb  8 22:03:56 2025 noob picked up Red's Intel.
Sat Feb  8 22:04:00 2025  Come chat with us at https://discord.aloha.pk/
Sat Feb  8 22:04:07 2025 splats (Blue) [Rifle] Cao (Red)
Sat Feb  8 22:04:07 2025 noob dropped Red's Intel
Sat Feb  8 22:04:07 2025  The intel has returned to the heavens
Sat Feb  8 22:04:07 2025 Pedro (Red) [SMG] noob (Blue)
Sat Feb  8 22:04:11 2025 Lt. James (Blue) [SMG] Bizonho (Red)
Sat Feb  8 22:04:15 2025 Lt. James (Blue) [SMG] Vagabond (Red)
Sat Feb  8 22:04:16 2025 Harry (Red) [Headshot] Lt. James (Blue)
Sat Feb  8 22:04:17 2025 DE joined Spectator team
Sat Feb  8 22:04:26 2025 You must be closer to the enemy's base to shoot blocks!
Sat Feb  8 22:04:28 2025 You must be closer to the enemy's base to shoot blocks!
Sat Feb  8 22:04:29 2025 Lt. James (Blue) [Headshot] Harry (Red)
Sat Feb  8 22:04:30 2025 splats (Blue) [Headshot] Vagabond (Red)
Sat Feb  8 22:04:34 2025 splats (Blue) [Headshot] Deuce (Red)
Sat Feb  8 22:04:35 2025 [Global] Pedro (Red): stop watching me, DT
Sat Feb  8 22:04:39 2025 [Global] Pedro (Red): DE*
Sat Feb  8 22:04:42 2025 Bizonho (Red) [Rifle] Lt. James (Blue)
Sat Feb  8 22:04:42 2025 CarlosDuty (Blue) [SMG] a coffin (Red)
Sat Feb  8 22:04:44 2025 [Team] a coffin (Red): 2 left
Sat Feb  8 22:04:45 2025 Cao (Red) [SMG] splats (Blue)
Sat Feb  8 22:04:53 2025 Vagabond (Red) [Grenade] you are fired (Blue)
Sat Feb  8 22:04:54 2025 ^w^ (Blue) [Headshot] a coffin (Red)
Sat Feb  8 22:04:55 2025 [Global] a coffin (Red): DE are you a pedrophile? :P
Sat Feb  8 22:04:55 2025 export picked up Red's Intel.
Sat Feb  8 22:04:58 2025 Vagabond (Red) [Headshot] CarlosDuty (Blue)
Sat Feb  8 22:04:58 2025 ^w^ (Blue) [Headshot] Vagabond (Red)
Sat Feb  8 22:05:00 2025 [Global] DE (): im filming splats pure awsome tower
Sat Feb  8 22:05:00 2025  If you believe a player is breaking the rules, please let us know with /ADMIN
Sat Feb  8 22:05:08 2025 ^w^ (Blue) [Headshot] Bizonho (Red)
Sat Feb  8 22:05:13 2025 ^w^ (Blue) [Headshot] Harry (Red)
Sat Feb  8 22:05:15 2025 ^w^ (Blue) [Headshot] a coffin (Red)
Sat Feb  8 22:05:15 2025 [Global] DE (): >pedrophile i c wat u did thar
Sat Feb  8 22:05:20 2025 [Global] a coffin (Red): :P
Sat Feb  8 22:05:20 2025 ^w^ (Blue) [Headshot] Vagabond (Red)
Sat Feb  8 22:05:22 2025 a coffin (Red) [SMG] ^w^ (Blue)
Sat Feb  8 22:05:29 2025 export captured Red's Intel.
Sat Feb  8 22:05:35 2025 Lt. James picked up Red's Intel.
Sat Feb  8 22:05:35 2025 splats (Blue) [Headshot] Harry (Red)
Sat Feb  8 22:05:36 2025 splats (Blue) [Headshot] Cao (Red)
Sat Feb  8 22:05:37 2025 a coffin (Red) [Headshot] ^w^ (Blue)
Sat Feb  8 22:05:41 2025 [Global] ^w^ (Blue): bouncy coffin
Sat Feb  8 22:05:44 2025 Lt. James dropped Red's Intel
Sat Feb  8 22:05:44 2025  The intel has returned to the heavens
Sat Feb  8 22:05:44 2025 Pedro (Red) [Headshot] Lt. James (Blue)
Sat Feb  8 22:05:52 2025 splats (Blue) [Headshot] Cao (Red)
Sat Feb  8 22:05:54 2025 Disconnecting
