Thu Jan 16 15:04:02 2025 ------ World Loaded ------
Thu Jan 16 15:04:02 2025 Desafinao (Green) [Headshot] gun13raven (Blue)
Thu Jan 16 15:04:02 2025 Welcome to [VOXIDE] Push
Thu Jan 16 15:04:03 2025 Map: Vietnam 1970 by IAmYourFriend
Thu Jan 16 15:04:04 2025 qewgrivij (Green) [SMG] gun13raven (Blue)
Thu Jan 16 15:04:05 2025 Game mode: push
Thu Jan 16 15:04:07 2025 Server powered by piqueserver and buildandshoot.com
Thu Jan 16 15:04:08 2025 Jussin (Green) [Headshot] gun13raven (Blue)
Thu Jan 16 15:04:08 2025 Deuce () [Fall]
Thu Jan 16 15:04:08 2025 gun13raven (Blue) [Fall]
Thu Jan 16 15:04:08 2025 Deuce1 (Blue) [Headshot] nun with a gun (Green)
Thu Jan 16 15:04:10 2025 CandyTheSheep (Blue) [Rifle] BALABOL (Green)
Thu Jan 16 15:04:10 2025 Ananas [usa] (Green) [Headshot] rinonel (Blue)
Thu Jan 16 15:04:13 2025  Desafinao banned for 1 day: wb
Thu Jan 16 15:04:13 2025 Player Desafinao has left
Thu Jan 16 15:04:14 2025  The Blue intel has been reset.
Thu Jan 16 15:04:15 2025 gun13raven (Blue) [SMG] Jussin (Green)
Thu Jan 16 15:04:16 2025 Deuce1 (Blue) [Headshot] Justie (Green)
Thu Jan 16 15:04:18 2025 Jussin (Green) [Headshot] gun13raven (Blue)
Thu Jan 16 15:04:24 2025 Justie (Green) [Headshot] CandyTheSheep (Blue)
Thu Jan 16 15:04:24 2025 [Global] Deuce (): meant to be forever but close enough
Thu Jan 16 15:04:29 2025 [Global] rinonel (Blue): xD
Thu Jan 16 15:04:29 2025 FREEDUROV (Blue) [SMG]
Thu Jan 16 15:04:31 2025 Deuce joined Blue team
Thu Jan 16 15:04:33 2025 [Global] rinonel (Blue): wb = wallbang or?
Thu Jan 16 15:04:35 2025 Jussin (Green) [Headshot] Deuce (Blue)
Thu Jan 16 15:04:36 2025 [Global] gun13raven (Blue): lol
Thu Jan 16 15:04:36 2025 [Global] Deuce (Blue): yup
Thu Jan 16 15:04:39 2025 Deuce1 (Blue) [Headshot] Ananas [usa] (Green)
Thu Jan 16 15:04:39 2025 qewgrivij (Green) [SMG]
Thu Jan 16 15:04:40 2025 rinonel (Blue) [Rifle]
Thu Jan 16 15:04:40 2025 spader (Green) [Headshot] Falk3n (Blue)
Thu Jan 16 15:04:41 2025 Deuce1 (Blue) [Headshot] Tatu (Green)
Thu Jan 16 15:04:42 2025 Deuce1 (Blue) [Headshot] Born (Green)
Thu Jan 16 15:04:44 2025 Player BALABOL has left
Thu Jan 16 15:04:44 2025 [Global] rinonel (Blue): which deuce is this
Thu Jan 16 15:04:45 2025 escura dropped Green's Intel
Thu Jan 16 15:04:45 2025 escura (Blue) [SMG]
Thu Jan 16 15:04:47 2025  The Green intel has been reset.
Thu Jan 16 15:04:50 2025 [Global] Deuce (Blue): Detankl
Thu Jan 16 15:04:52 2025 Justie (Green) [Headshot] escura (Blue)
Thu Jan 16 15:04:53 2025 Justie (Green) [Headshot] Deuce (Blue)
Thu Jan 16 15:04:53 2025 [Global] rinonel (Blue): oooo hi detank
Thu Jan 16 15:04:57 2025 [Global] Born (Green): They are all the same
Thu Jan 16 15:04:58 2025 Deuce (Blue) [Headshot] vasekvk (Green)
Thu Jan 16 15:04:59 2025 [Global] rinonel (Blue): xD
Thu Jan 16 15:05:04 2025 Justie (Green) [Headshot] Deuce (Blue)
Thu Jan 16 15:05:06 2025 Deuce (Blue) [Weapon Change]
Thu Jan 16 15:05:06 2025 Cloroformo (Blue) [Headshot] Justie (Green)
Thu Jan 16 15:05:07 2025 qewgrivij (Green) [SMG]
Thu Jan 16 15:05:10 2025 spader (Green) [SMG]
Thu Jan 16 15:05:13 2025 Justie picked up Blue's Intel.
Thu Jan 16 15:05:14 2025 Ananas [usa] (Green) [Headshot] Deuce1 (Blue)
Thu Jan 16 15:05:18 2025 CandyTheSheep (Blue) [Headshot] qewgrivij (Green)
Thu Jan 16 15:05:19 2025 Deuce (Blue) [Headshot] Jussin (Green)
Thu Jan 16 15:05:23 2025 Jussin (Green) [Headshot] Deuce (Blue)
Thu Jan 16 15:05:28 2025 [Global] gun13raven (Blue): gg 
Thu Jan 16 15:05:32 2025 [Global] gun13raven (Blue): gtg
Thu Jan 16 15:05:35 2025 [Global] gun13raven (Blue): cya
Thu Jan 16 15:05:36 2025 Falk3n (Blue) [Headshot] Ananas [usa] (Green)
Thu Jan 16 15:05:36 2025 Player gun13raven has left
Thu Jan 16 15:05:37 2025 Colonel Rust joined Green team
Thu Jan 16 15:05:38 2025 [Global] Deuce (Blue): cya
Thu Jan 16 15:05:39 2025 [Global] valen (Green): DAME BLOQUES
Thu Jan 16 15:05:41 2025 Jussin (Green) [Headshot] Deuce (Blue)
Thu Jan 16 15:05:42 2025 [Global] spader (Green): go intel
Thu Jan 16 15:05:42 2025 Cloroformo (Blue) [Headshot] nun with a gun (Green)
Thu Jan 16 15:05:44 2025 Player Deuce has left
Thu Jan 16 15:05:45 2025 [Team] rinonel (Blue): ppl plz reinforce the bridge when you pass it's not like we have infinite blocks
Thu Jan 16 15:05:45 2025 valen (Green) [Rifle]
Thu Jan 16 15:05:46 2025 ENTUSSIASMAO joined Blue team
Thu Jan 16 15:05:47 2025 Justie dropped Blue's Intel
Thu Jan 16 15:05:47 2025 Cloroformo (Blue) [Headshot] Justie (Green)
Thu Jan 16 15:05:49 2025 Player nun with a gun has left
Thu Jan 16 15:05:51 2025 Deuce1 (Blue) [Headshot] Jussin (Green)
Thu Jan 16 15:05:57 2025 Ananas [usa] (Green) [SMG]
Thu Jan 16 15:05:57 2025 ENTUSSIASMAO (Blue) [SMG]
Thu Jan 16 15:05:59 2025 FREEDUROV picked up Green's Intel.
Thu Jan 16 15:06:02 2025 f joined Blue team
Thu Jan 16 15:06:02 2025 rinonel (Blue) [Rifle]
Thu Jan 16 15:06:05 2025  The Blue intel has been reset.
Thu Jan 16 15:06:06 2025 CandyTheSheep (Blue) [Headshot] Jussin (Green)
Thu Jan 16 15:06:13 2025 [Team] Fizach[RU] (Blue): yeah
Thu Jan 16 15:06:16 2025 Jussin (Green) [Headshot] f (Blue)
Thu Jan 16 15:06:17 2025 PixelPizza (Blue) [Headshot] Born (Green)
Thu Jan 16 15:06:17 2025 escura (Blue) [SMG]
Thu Jan 16 15:06:21 2025 Justie (Green) [Headshot] CandyTheSheep (Blue)
Thu Jan 16 15:06:26 2025 Paintdog joined Green team
Thu Jan 16 15:06:27 2025 macro joined Green team
Thu Jan 16 15:06:27 2025 spader (Green) [SMG]
Thu Jan 16 15:06:30 2025 Out of blocks! Refill at base or type /r
Thu Jan 16 15:06:31 2025 Colonel Rust (Green) [Rifle]
Thu Jan 16 15:06:32 2025 spader picked up Blue's Intel.
Thu Jan 16 15:06:33 2025 PixelPizza (Blue) [Headshot] valen (Green)
Thu Jan 16 15:06:35 2025 Justie (Green) [Headshot] CandyTheSheep (Blue)
Thu Jan 16 15:06:37 2025 Player CandyTheSheep has left
Thu Jan 16 15:06:37 2025 Deuce1 (Blue) [Headshot] Tatu (Green)
Thu Jan 16 15:06:38 2025 Fizach[RU] (Blue) [SMG]
Thu Jan 16 15:06:42 2025 Paintdog (Green) [SMG]
Thu Jan 16 15:06:46 2025 PixelPizza (Blue) [Headshot] Born (Green)
Thu Jan 16 15:06:48 2025 Falk3n (Blue) [Rifle]
Thu Jan 16 15:06:59 2025 macro (Green) [Headshot] PixelPizza (Blue)
Thu Jan 16 15:07:00 2025 [Global] spader (Green): wtf
Thu Jan 16 15:07:04 2025 CandyTheSheep joined Blue team
Thu Jan 16 15:07:04 2025 [Global] spader (Green): gow
Thu Jan 16 15:07:07 2025 macro (Green) [Rifle]
Thu Jan 16 15:07:07 2025 [Global] spader (Green): how
Thu Jan 16 15:07:10 2025 rinonel (Blue) [Rifle]
Thu Jan 16 15:07:13 2025 Justie (Green) [Headshot] Fizach[RU] (Blue)
Thu Jan 16 15:07:17 2025 [Global] rinonel (Blue): god of war
Thu Jan 16 15:07:21 2025 [Global] rinonel (Blue): hod of war
Thu Jan 16 15:07:22 2025 ENTUSSIASMAO (Blue) [SMG]
Thu Jan 16 15:07:25 2025 Deuce1 (Blue) [Headshot] valen (Green)
Thu Jan 16 15:07:26 2025 [Global] spader (Green): How ?
Thu Jan 16 15:07:26 2025 Deuce1 (Blue) [Headshot] Born (Green)
Thu Jan 16 15:07:30 2025 FREEDUROV dropped Green's Intel
Thu Jan 16 15:07:30 2025 Player FREEDUROV has left
Thu Jan 16 15:07:32 2025 [Global] Fizach[RU] (Blue): BLUE ARE THE REAL GODS OF WAR
Thu Jan 16 15:07:32 2025 Player Paintdog has left
Thu Jan 16 15:07:36 2025 [Global] rinonel (Blue): xD
Thu Jan 16 15:07:36 2025 Deuce1 (Blue) [Headshot] Jussin (Green)
Thu Jan 16 15:07:38 2025  You are playing push on [VOXIDE] Push
Thu Jan 16 15:07:44 2025 PixelPizza (Blue) [Rifle] Colonel Rust (Green)
Thu Jan 16 15:07:47 2025 [Global] CandyTheSheep (Blue): GOATS of war
Thu Jan 16 15:07:48 2025 Player Colonel Rust has left
Thu Jan 16 15:07:49 2025 [Global] Ananas [usa] (Green): haha nice jike bro
Thu Jan 16 15:07:50 2025 Cloroformo picked up Green's Intel.
Thu Jan 16 15:07:51 2025 Deuce1 (Blue) [Headshot] Tatu (Green)
Thu Jan 16 15:07:53 2025 Deuce1 (Blue) [Headshot] macro (Green)
Thu Jan 16 15:07:53 2025 [Global] Ananas [usa] (Green): ur mom is mine
Thu Jan 16 15:07:53 2025 PixelPizza (Blue) [Headshot] Justie (Green)
Thu Jan 16 15:07:56 2025 Deuce1 (Blue) [Headshot] Born (Green)
Thu Jan 16 15:07:56 2025 [Global] CandyTheSheep (Blue): Am i rite? haha... ha... ha
Thu Jan 16 15:07:57 2025 Deuce1 (Blue) [Headshot] valen (Green)
Thu Jan 16 15:08:03 2025 PixelPizza (Blue) [Rifle]
Thu Jan 16 15:08:16 2025 Jussin (Green) [Headshot] Fizach[RU] (Blue)
Thu Jan 16 15:08:19 2025 spader dropped Blue's Intel
Thu Jan 16 15:08:19 2025 Deuce1 (Blue) [Headshot] spader (Green)
Thu Jan 16 15:08:20 2025 Tatu picked up Blue's Intel.
Thu Jan 16 15:08:29 2025 Deuce1 (Blue) [Headshot] valen (Green)
Thu Jan 16 15:08:35 2025 Tatu dropped Blue's Intel
Thu Jan 16 15:08:35 2025 Deuce1 (Blue) [Headshot] Tatu (Green)
Thu Jan 16 15:08:36 2025 Deuce1 (Blue) [Headshot] Justie (Green)
Thu Jan 16 15:08:36 2025 Deuce1 (Blue) [Headshot] Born (Green)
Thu Jan 16 15:08:37 2025 macro picked up Blue's Intel.
Thu Jan 16 15:08:53 2025 Deuce1 (Blue) [Headshot] vasekvk (Green)
Thu Jan 16 15:08:53 2025  CandyTheSheep was kicked: Rapid hack detected
Thu Jan 16 15:08:53 2025 Player CandyTheSheep has left
Thu Jan 16 15:09:01 2025 escura (Blue) [SMG]
Thu Jan 16 15:09:02 2025 Player Fizach[RU] has left
Thu Jan 16 15:09:05 2025 CandyTheSheep joined Blue team
Thu Jan 16 15:09:07 2025 Player Ananas [usa] has left
Thu Jan 16 15:09:08 2025 rinonel (Blue) [Weapon Change]
Thu Jan 16 15:09:09 2025 Deuce1 (Blue) [Headshot] Justie (Green)
Thu Jan 16 15:09:11 2025 Ananas [usa] joined Green team
Thu Jan 16 15:09:15 2025 Unknown command
Thu Jan 16 15:09:16 2025 spader (Green) [Headshot] PixelPizza (Blue)
Thu Jan 16 15:09:18 2025 Deuce1 (Blue) [Rifle]
Thu Jan 16 15:09:19 2025 Unknown command
Thu Jan 16 15:09:24 2025 spader (Green) [SMG]
Thu Jan 16 15:09:24 2025 ENTUSSIASMAO (Blue) [SMG]
Thu Jan 16 15:09:25 2025 rinonel (Blue) [Headshot] vasekvk (Green)
Thu Jan 16 15:09:28 2025 Born (Green) [SMG]
Thu Jan 16 15:09:29 2025 Invalid password - you have 2 tries left
Thu Jan 16 15:09:30 2025 spader (Green) [SMG] rinonel (Blue)
Thu Jan 16 15:09:36 2025 ENTUSSIASMAO (Blue) [SMG]
Thu Jan 16 15:09:37 2025 Deuce joined Spectator team
Thu Jan 16 15:09:40 2025 rinonel (Blue) [Headshot] spader (Green)
Thu Jan 16 15:09:46 2025 Falk3n (Blue) [Headshot] Jussin (Green)
Thu Jan 16 15:09:50 2025 Player Deuce has left
Thu Jan 16 15:09:53 2025 Jussin (Green) [Headshot] rinonel (Blue)
Thu Jan 16 15:09:58 2025 rinonel (Blue) [Headshot] Jussin (Green)
Thu Jan 16 15:10:07 2025 f (Blue) [Rifle]
Thu Jan 16 15:10:11 2025 spader (Green) [Headshot] rinonel (Blue)
Thu Jan 16 15:10:21 2025 Justie (Green) [Headshot] Falk3n (Blue)
Thu Jan 16 15:10:27 2025 rinonel (Blue) [Headshot] spader (Green)
Thu Jan 16 15:10:29 2025 San4Craft joined Blue team
Thu Jan 16 15:10:29 2025 Red joined Green team
Thu Jan 16 15:10:31 2025 Ananas [usa] (Green) [Headshot] BomberManxres (Blue)
Thu Jan 16 15:10:32 2025 macro dropped Blue's Intel
Thu Jan 16 15:10:32 2025 macro (Green) [Fall]
Thu Jan 16 15:10:32 2025  The Blue intel has been reset.
Thu Jan 16 15:10:33 2025 Deuce1 (Blue) [Headshot] Jussin (Green)
Thu Jan 16 15:10:33 2025 spader (Green) [SMG] rinonel (Blue)
Thu Jan 16 15:10:37 2025 rinonel (Blue) [Headshot] Red (Green)
Thu Jan 16 15:10:38 2025 macro picked up Blue's Intel.
Thu Jan 16 15:10:44 2025 Fizach[RU] joined Blue team
Thu Jan 16 15:10:53 2025 macro dropped Blue's Intel
Thu Jan 16 15:10:53 2025 macro (Green) [Rifle]
Thu Jan 16 15:10:56 2025 Spider joined Blue team
Thu Jan 16 15:10:59 2025 macro picked up Blue's Intel.
Thu Jan 16 15:10:59 2025 vasekvk (Green) [Headshot] Deuce1 (Blue)
Thu Jan 16 15:11:10 2025 Ananas [usa] (Green) [SMG]
Thu Jan 16 15:11:11 2025 Spider (Blue) [SMG]
Thu Jan 16 15:11:16 2025 Deuce1 (Blue) [Rifle]
Thu Jan 16 15:11:21 2025 Jussin (Green) [Headshot] PixelPizza (Blue)
Thu Jan 16 15:11:23 2025 Falk3n (Blue) [Rifle] Red (Green)
Thu Jan 16 15:11:24 2025 San4Craft (Blue) [SMG]
Thu Jan 16 15:11:25 2025 spader (Green) [SMG]
Thu Jan 16 15:11:26 2025 Born (Green) [Headshot] escura (Blue)
Thu Jan 16 15:11:27 2025 Player San4Craft has left
Thu Jan 16 15:11:29 2025 valen (Green) [Rifle]
Thu Jan 16 15:11:30 2025 Red (Green) [Headshot] rinonel (Blue)
Thu Jan 16 15:11:32 2025  CandyTheSheep was kicked: Rapid hack detected
Thu Jan 16 15:11:32 2025 Player CandyTheSheep has left
Thu Jan 16 15:11:35 2025 Jussin (Green) [Headshot] Spider (Blue)
Thu Jan 16 15:11:38 2025 Born (Green) [SMG] Fizach[RU] (Blue)
Thu Jan 16 15:11:41 2025 Falk3n (Blue) [Headshot] Born (Green)
Thu Jan 16 15:11:41 2025 Player f has left
Thu Jan 16 15:11:47 2025 PixelPizza (Blue) [Headshot] vasekvk (Green)
Thu Jan 16 15:11:49 2025 Jussin (Green) [Headshot] Deuce1 (Blue)
Thu Jan 16 15:11:52 2025 Cloroformo dropped Green's Intel
Thu Jan 16 15:11:52 2025 Tatu (Green) [Headshot] Cloroformo (Blue)
Thu Jan 16 15:11:54 2025 ENTUSSIASMAO (Blue) [SMG]
Thu Jan 16 15:11:59 2025 Falk3n (Blue) [Headshot] qewgrivij (Green)
Thu Jan 16 15:12:06 2025 qewgrivij (Green) [Grenade]
Thu Jan 16 15:12:07 2025 spader (Green) [SMG]
Thu Jan 16 15:12:12 2025 PixelPizza (Blue) [Headshot] Born (Green)
Thu Jan 16 15:12:12 2025 rinonel (Blue) [Headshot] spader (Green)
Thu Jan 16 15:12:21 2025 rinonel (Blue) [SMG] Ananas [usa] (Green)
Thu Jan 16 15:12:22 2025 Jussin (Green) [Headshot] Deuce1 (Blue)
Thu Jan 16 15:12:22 2025 Spider (Blue) [SMG]
Thu Jan 16 15:12:23 2025 [Global] Born (Green): Green team is not good
Thu Jan 16 15:12:23 2025 rinonel (Blue) [Headshot] Born (Green)
Thu Jan 16 15:12:27 2025 spader (Green) [SMG] Spider (Blue)
Thu Jan 16 15:12:29 2025 spader (Green) [SMG] rinonel (Blue)
Thu Jan 16 15:12:32 2025 Tatu (Green) [Headshot] Fizach[RU] (Blue)
Thu Jan 16 15:12:33 2025 PixelPizza (Blue) [Headshot] Red (Green)
Thu Jan 16 15:12:34 2025 Falk3n (Blue) [Headshot] Tatu (Green)
Thu Jan 16 15:12:38 2025  Type /help for info & commands
Thu Jan 16 15:12:40 2025 Red (Green) [Headshot] rinonel (Blue)
Thu Jan 16 15:12:45 2025 Cloroformo (Blue) [Headshot] Justie (Green)
Thu Jan 16 15:12:45 2025 Red (Green) [Headshot] rinonel (Blue)
Thu Jan 16 15:12:48 2025 PixelPizza (Blue) [Headshot] Born (Green)
Thu Jan 16 15:12:52 2025 [Global] Ananas [usa] (Green): give me a mint and ill fuck all blue bithces
Thu Jan 16 15:12:53 2025 rinonel (Blue) [Headshot] Red (Green)
Thu Jan 16 15:12:54 2025 Falk3n (Blue) [Rifle]
Thu Jan 16 15:12:55 2025 Deuce1 (Blue) [Headshot] Jussin (Green)
Thu Jan 16 15:12:55 2025 PIPi joined Green team
Thu Jan 16 15:12:57 2025 rinonel (Blue) [Headshot] Justie (Green)
Thu Jan 16 15:13:00 2025 [Global] PIPi (Green): pipipi!
Thu Jan 16 15:13:01 2025 Deuce1 (Blue) [Headshot] Tatu (Green)
Thu Jan 16 15:13:03 2025 PixelPizza (Blue) [Headshot] Ananas [usa] (Green)
Thu Jan 16 15:13:05 2025 [Global] Ananas [usa] (Green): fffffffffffuuuuuuuuuu our bridge
Thu Jan 16 15:13:06 2025 Cloroformo (Blue) [Rifle]
Thu Jan 16 15:13:09 2025 [Global] Ananas [usa] (Green): what happening
Thu Jan 16 15:13:10 2025 PixelPizza (Blue) [Headshot] Born (Green)
Thu Jan 16 15:13:12 2025 spader (Green) [Headshot] Cloroformo (Blue)
Thu Jan 16 15:13:12 2025 [Global] PIPi (Green): ananas!
Thu Jan 16 15:13:15 2025 Cloroformo (Blue) [Headshot] spader (Green)
Thu Jan 16 15:13:15 2025 [Global] PIPi (Green): hi ananas
Thu Jan 16 15:13:16 2025 Spider (Blue) [SMG]
Thu Jan 16 15:13:20 2025 [Global] Ananas [usa] (Green): hi pipiwww
Thu Jan 16 15:13:23 2025 PixelPizza (Blue) [Headshot] qewgrivij (Green)
Thu Jan 16 15:13:23 2025 Deuce1 (Blue) [Headshot] Jussin (Green)
Thu Jan 16 15:13:36 2025 rinonel (Blue) [SMG] Born (Green)
Thu Jan 16 15:13:39 2025 Fizach[RU] (Blue) [Headshot] valen (Green)
Thu Jan 16 15:13:39 2025 Deuce1 (Blue) [Headshot] Ananas [usa] (Green)
Thu Jan 16 15:13:42 2025 [Global] Born (Green): GG and BB
Thu Jan 16 15:13:42 2025 spader (Green) [Headshot] rinonel (Blue)
Thu Jan 16 15:13:42 2025 Player valen has left
Thu Jan 16 15:13:43 2025 Deuce1 (Blue) [Headshot] Justie (Green)
Thu Jan 16 15:13:47 2025 Spider (Blue) [SMG]
Thu Jan 16 15:13:47 2025 Player Justie has left
Thu Jan 16 15:13:47 2025 [Global] Ananas [usa] (Green): blu bitches using cheats
Thu Jan 16 15:13:49 2025 PixelPizza (Blue) [Headshot] Tatu (Green)
Thu Jan 16 15:13:51 2025 [Global] rinonel (Blue): guys help there's this guy named born and every time i kill him, he's born again
Thu Jan 16 15:13:54 2025 [Global] Ananas [usa] (Green): god save us
Thu Jan 16 15:13:58 2025 spader (Green) [Headshot] rinonel (Blue)
Thu Jan 16 15:13:58 2025 Player Born has left
Thu Jan 16 15:14:10 2025 Bizonho joined Green team
Thu Jan 16 15:14:10 2025 [Global] BomberManxres (Blue): he's just doing reborn
Thu Jan 16 15:14:11 2025 Jussin (Green) [Headshot] Deuce1 (Blue)
Thu Jan 16 15:14:15 2025 PixelPizza (Blue) [Headshot] Tatu (Green)
Thu Jan 16 15:14:18 2025 Spider (Blue) [SMG]
Thu Jan 16 15:14:18 2025 Tatu (Green) [Weapon Change]
Thu Jan 16 15:14:22 2025 Falk3n picked up Green's Intel.
Thu Jan 16 15:14:24 2025 PixelPizza (Blue) [Headshot] qewgrivij (Green)
Thu Jan 16 15:14:33 2025 [Global] Fizach[RU] (Blue):            *  GLORY  TO  THE  BLUE  *
Thu Jan 16 15:14:37 2025 spader (Green) [SMG]
Thu Jan 16 15:14:38 2025 rinonel (Blue) [SMG] Ananas [usa] (Green)
Thu Jan 16 15:14:39 2025 Jussin (Green) [Headshot] rinonel (Blue)
Thu Jan 16 15:14:41 2025 Deuce1 (Blue) [Headshot] Jussin (Green)
Thu Jan 16 15:14:43 2025 [Global] PIPi (Green): pipipi
Thu Jan 16 15:14:46 2025 Jussin (Green) [Headshot] rinonel (Blue)
Thu Jan 16 15:14:46 2025 Spider (Blue) [SMG]
Thu Jan 16 15:14:48 2025 macro dropped Blue's Intel
Thu Jan 16 15:14:48 2025 PixelPizza (Blue) [Headshot] macro (Green)
Thu Jan 16 15:14:51 2025 Falk3n captured Green's Intel.
Thu Jan 16 15:14:52 2025 Jussin (Green) [Headshot] rinonel (Blue)
Thu Jan 16 15:14:56 2025 Jussin (Green) [Headshot] rinonel (Blue)
Thu Jan 16 15:14:57 2025 PixelPizza (Blue) [Headshot] PIPi (Green)
Thu Jan 16 15:14:58 2025 spader picked up Blue's Intel.
Thu Jan 16 15:14:58 2025 BomberManxres (Blue) [SMG]
Thu Jan 16 15:15:00 2025 Jussin (Green) [Headshot] Spider (Blue)
Thu Jan 16 15:15:03 2025 BomberManxres picked up Green's Intel.
Thu Jan 16 15:15:06 2025 spader (Green) [Headshot] Deuce1 (Blue)
Thu Jan 16 15:15:06 2025 [Global] Fizach[RU] (Blue): WE ARE THE KINGS
Thu Jan 16 15:15:07 2025 spader dropped Blue's Intel
Thu Jan 16 15:15:07 2025 PixelPizza (Blue) [Headshot] spader (Green)
Thu Jan 16 15:15:07 2025 Jussin (Green) [Headshot] rinonel (Blue)
Thu Jan 16 15:15:11 2025 macro (Green) [Headshot] Deuce1 (Blue)
Thu Jan 16 15:15:14 2025 PIPi (Green) [Team Change]
Thu Jan 16 15:15:15 2025 PIPi joined Blue team
Thu Jan 16 15:15:15 2025 Jussin (Green) [Headshot] Spider (Blue)
Thu Jan 16 15:15:16 2025 PixelPizza (Blue) [Headshot] Tatu (Green)
Thu Jan 16 15:15:16 2025 Jussin (Green) [Headshot] Deuce1 (Blue)
Thu Jan 16 15:15:17 2025 [Global] PIPi (Blue): YE!!!!!
Thu Jan 16 15:15:22 2025 macro (Green) [Headshot] Spider (Blue)
Thu Jan 16 15:15:23 2025 [Team] rinonel (Blue): someone plz spec jussin i think he's hacking and targetting me
Thu Jan 16 15:15:24 2025 Ananas [usa] (Green) [SMG]
Thu Jan 16 15:15:29 2025 Jussin (Green) [Headshot] Spider (Blue)
Thu Jan 16 15:15:36 2025 Fizach[RU] (Blue) [SMG]
Thu Jan 16 15:15:42 2025 PixelPizza (Blue) [Headshot] Tatu (Green)
Thu Jan 16 15:15:42 2025 Jussin (Green) [Headshot] Fizach[RU] (Blue)
Thu Jan 16 15:15:43 2025 [Team] rinonel (Blue): oh wait nvm he might have just been sniping from spawn but still sus
Thu Jan 16 15:15:47 2025 Jussin (Green) [Headshot] Fizach[RU] (Blue)
Thu Jan 16 15:15:47 2025 escura (Blue) [SMG]
Thu Jan 16 15:15:50 2025 Ananas [usa] (Green) [SMG]
Thu Jan 16 15:15:51 2025 rinonel (Blue) [Headshot] Tatu (Green)
Thu Jan 16 15:15:52 2025 Bizonho (Green) [Headshot] Fizach[RU] (Blue)
Thu Jan 16 15:15:55 2025 [Global] Fizach[RU] (Blue): Jussin is def hacking
Thu Jan 16 15:15:57 2025 PixelPizza (Blue) [Headshot] spader (Green)
Thu Jan 16 15:15:58 2025 Jussin (Green) [Headshot] Fizach[RU] (Blue)
Thu Jan 16 15:16:00 2025 Jussin (Green) [Headshot] Spider (Blue)
Thu Jan 16 15:16:08 2025 [Global] PIPi (Blue): pipi is pipi
Thu Jan 16 15:16:10 2025 Player qewgrivij has left
Thu Jan 16 15:16:12 2025 [Global] Jussin (Green): just aiming bro srry
Thu Jan 16 15:16:13 2025 BomberManxres captured Green's Intel.
Thu Jan 16 15:16:14 2025  Fizach[RU] started a VOTEKICK against Jussin. Say /Y to agree
Thu Jan 16 15:16:14 2025  Reason: hacking
Thu Jan 16 15:16:15 2025 escura picked up Green's Intel.
Thu Jan 16 15:16:16 2025 PixelPizza (Blue) [Headshot] spader (Green)
Thu Jan 16 15:16:17 2025  rinonel voted YES
Thu Jan 16 15:16:17 2025 Tatu (Green) [Headshot] PixelPizza (Blue)
Thu Jan 16 15:16:20 2025  BomberManxres voted YES
Thu Jan 16 15:16:20 2025 escura dropped Green's Intel
Thu Jan 16 15:16:20 2025 macro (Green) [Headshot] escura (Blue)
Thu Jan 16 15:16:23 2025  Deuce1 voted YES
Thu Jan 16 15:16:28 2025  PIPi voted YES
Thu Jan 16 15:16:29 2025 Out of blocks! Refill at base or type /r
Thu Jan 16 15:16:32 2025 Deuce1 (Blue) [Headshot] Tatu (Green)
Thu Jan 16 15:16:36 2025 [Global] Fizach[RU] (Blue):              GREEN APPLIED CHEATS COZ THEY ARE LOSING!
Thu Jan 16 15:16:38 2025 Spider (Blue) [SMG]
Thu Jan 16 15:16:39 2025 Deuce1 (Blue) [Headshot] Bizonho (Green)
Thu Jan 16 15:16:40 2025 Fizach[RU] picked up Green's Intel.
Thu Jan 16 15:16:44 2025  Fizach[RU] is votekicking Jussin. /Y to vote (2 left)
Thu Jan 16 15:16:44 2025  Reason: hacking
Thu Jan 16 15:16:45 2025 Ananas [usa] (Green) [SMG]
Thu Jan 16 15:16:46 2025 Player Bizonho has left
Thu Jan 16 15:16:56 2025 [Global] Red (Green): ah all going out
Thu Jan 16 15:16:57 2025 [Global] Red (Green): gg
Thu Jan 16 15:16:58 2025 Player Red has left
Thu Jan 16 15:17:00 2025 macro picked up Blue's Intel.
Thu Jan 16 15:17:01 2025 macro dropped Blue's Intel
Thu Jan 16 15:17:01 2025 Deuce1 (Blue) [Headshot] macro (Green)
Thu Jan 16 15:17:02 2025 Tatu picked up Blue's Intel.
Thu Jan 16 15:17:06 2025 Ananas [usa] (Green) [SMG]
Thu Jan 16 15:17:07 2025 Spider (Blue) [SMG]
Thu Jan 16 15:17:08 2025 Falk3n (Blue) [Team Change]
Thu Jan 16 15:17:09 2025 Falk3n joined Green team
Thu Jan 16 15:17:09 2025 Tatu dropped Blue's Intel
Thu Jan 16 15:17:09 2025 Deuce1 (Blue) [Headshot] Tatu (Green)
Thu Jan 16 15:17:10 2025 [Global] rinonel (Blue): brb
Thu Jan 16 15:17:11 2025 Player rinonel has left
Thu Jan 16 15:17:14 2025  Fizach[RU] is votekicking Jussin. /Y to vote (2 left)
Thu Jan 16 15:17:14 2025  Reason: hacking
Thu Jan 16 15:17:28 2025 Deuce1 (Blue) [Headshot] Jussin (Green)
Thu Jan 16 15:17:31 2025 Spider (Blue) [SMG]
Thu Jan 16 15:17:37 2025 Deuce1 (Blue) [Headshot] Tatu (Green)
Thu Jan 16 15:17:38 2025  You are playing push on [VOXIDE] Push
Thu Jan 16 15:17:42 2025 Ananas [usa] (Green) [SMG]
Thu Jan 16 15:17:42 2025 Deuce1 (Blue) [Headshot] Falk3n (Green)
Thu Jan 16 15:17:43 2025 Fizach[RU] captured Green's Intel.
Thu Jan 16 15:17:44 2025  Fizach[RU] is votekicking Jussin. /Y to vote (2 left)
Thu Jan 16 15:17:44 2025  Reason: hacking
Thu Jan 16 15:17:46 2025 escura picked up Green's Intel.
Thu Jan 16 15:17:50 2025 escura dropped Green's Intel
Thu Jan 16 15:17:50 2025 Jussin (Green) [Headshot] escura (Blue)
Thu Jan 16 15:17:55 2025 Out of blocks! Refill at base or type /r
Thu Jan 16 15:17:57 2025 escura picked up Green's Intel.
Thu Jan 16 15:18:04 2025 Mint joined Spectator team
Thu Jan 16 15:18:05 2025 Tatu picked up Blue's Intel.
Thu Jan 16 15:18:08 2025 Falk3n (Green) [Rifle]
Thu Jan 16 15:18:11 2025 Spider (Blue) [SMG]
Thu Jan 16 15:18:11 2025 f joined Green team
Thu Jan 16 15:18:13 2025 [Global] Fizach[RU] (Blue):  GG !
Thu Jan 16 15:18:13 2025 Tatu dropped Blue's Intel
Thu Jan 16 15:18:13 2025 Deuce1 (Blue) [Headshot] Tatu (Green)
Thu Jan 16 15:18:14 2025  Votekick for Jussin has ended. Votekick timed out
Thu Jan 16 15:18:16 2025 spader (Green) [SMG]
Thu Jan 16 15:18:16 2025 Player Fizach[RU] has left
Thu Jan 16 15:18:17 2025 Nelson joined Blue team
Thu Jan 16 15:18:24 2025 spader (Green) [SMG]
Thu Jan 16 15:18:24 2025 Ananas [usa] (Green) [Grenade] Nelson (Blue)
Thu Jan 16 15:18:29 2025 Jussin (Green) [Headshot] Nelson (Blue)
Thu Jan 16 15:18:29 2025 Ananas [usa] (Green) [SMG]
Thu Jan 16 15:18:33 2025 spader (Green) [SMG]
Thu Jan 16 15:18:35 2025 Cloroformo (Blue) [Rifle]
Thu Jan 16 15:18:35 2025 PixelPizza (Blue) [Team Change]
Thu Jan 16 15:18:36 2025 PixelPizza joined Spectator team
Thu Jan 16 15:18:36 2025 Spider (Blue) [SMG]
Thu Jan 16 15:18:38 2025 Jussin (Green) [Headshot] Nelson (Blue)
Thu Jan 16 15:18:38 2025 ENTUSSIASMAO (Blue) [SMG]
Thu Jan 16 15:18:39 2025 Cloroformo (Blue) [Headshot] Jussin (Green)
Thu Jan 16 15:18:39 2025 spader (Green) [SMG]
Thu Jan 16 15:18:42 2025 Cloroformo (Blue) [Headshot] Ananas [usa] (Green)
Thu Jan 16 15:18:44 2025 [Global] PIPi (Blue): piza
Thu Jan 16 15:18:50 2025 Jussin (Green) [Headshot] ENTUSSIASMAO (Blue)
Thu Jan 16 15:18:52 2025 f (Green) [Headshot] Cloroformo (Blue)
Thu Jan 16 15:18:56 2025 Jussin (Green) [Headshot] Nelson (Blue)
Thu Jan 16 15:18:57 2025 Cloroformo (Blue) [Headshot] f (Green)
Thu Jan 16 15:18:57 2025 Tatu picked up Blue's Intel.
Thu Jan 16 15:18:58 2025 ENTUSSIASMAO (Blue) [SMG] Jussin (Green)
Thu Jan 16 15:18:59 2025 Cloroformo (Blue) [Headshot] Ananas [usa] (Green)
Thu Jan 16 15:18:59 2025 f (Green) [Headshot] ENTUSSIASMAO (Blue)
Thu Jan 16 15:19:00 2025 f (Green) [Headshot] Cloroformo (Blue)
Thu Jan 16 15:19:02 2025 Deuce1 (Blue) [Headshot] Falk3n (Green)
Thu Jan 16 15:19:03 2025 spader (Green) [Headshot] Deuce1 (Blue)
Thu Jan 16 15:19:06 2025 f (Green) [Headshot] Cloroformo (Blue)
Thu Jan 16 15:19:09 2025 Nelson (Blue) [Headshot] f (Green)
Thu Jan 16 15:19:10 2025 Ananas [usa] (Green) [Headshot] ENTUSSIASMAO (Blue)
Thu Jan 16 15:19:12 2025 Spider (Blue) [SMG]
Thu Jan 16 15:19:12 2025 Cloroformo (Blue) [Headshot] Jussin (Green)
Thu Jan 16 15:19:13 2025 escura captured Green's Intel.
Thu Jan 16 15:19:15 2025 f (Green) [Headshot] Cloroformo (Blue)
Thu Jan 16 15:19:17 2025 f (Green) [Headshot] Nelson (Blue)
Thu Jan 16 15:19:20 2025 vasekvk (Green) [Rifle]
Thu Jan 16 15:19:21 2025 f (Green) [Headshot] Cloroformo (Blue)
Thu Jan 16 15:19:21 2025 Ananas [usa] (Green) [Headshot] ENTUSSIASMAO (Blue)
Thu Jan 16 15:19:24 2025 Ananas [usa] (Green) [SMG]
Thu Jan 16 15:19:24 2025 Nelson (Blue) [Headshot] f (Green)
Thu Jan 16 15:19:28 2025 Jussin (Green) [Rifle] Nelson (Blue)
Thu Jan 16 15:19:30 2025 Cloroformo (Blue) [Headshot] Jussin (Green)
Thu Jan 16 15:19:31 2025 ENTUSSIASMAO (Blue) [Headshot] Ananas [usa] (Green)
Thu Jan 16 15:19:32 2025 f (Green) [Headshot] Nelson (Blue)
Thu Jan 16 15:19:33 2025 f (Green) [Headshot] Cloroformo (Blue)
Thu Jan 16 15:19:39 2025 Nelson picked up Green's Intel.
Thu Jan 16 15:19:42 2025 Tatu dropped Blue's Intel
Thu Jan 16 15:19:42 2025 Deuce1 (Blue) [Rifle] Tatu (Green)
Thu Jan 16 15:19:42 2025 spader picked up Blue's Intel.
Thu Jan 16 15:19:43 2025 f (Green) [Headshot] Cloroformo (Blue)
Thu Jan 16 15:19:46 2025 Cloroformo (Blue) [Headshot] f (Green)
Thu Jan 16 15:19:47 2025 [Global] Ananas [usa] (Green): FUKCIN BLU BITHCES STOP CHIATING
Thu Jan 16 15:19:47 2025 Deuce1 (Blue) [Headshot] Falk3n (Green)
Thu Jan 16 15:19:49 2025 spader dropped Blue's Intel
Thu Jan 16 15:19:49 2025 Deuce1 (Blue) [Headshot] spader (Green)
Thu Jan 16 15:19:51 2025 Nelson dropped Green's Intel
Thu Jan 16 15:19:51 2025 f (Green) [Headshot] Nelson (Blue)
Thu Jan 16 15:19:51 2025 BabaCPDC joined Green team
Thu Jan 16 15:19:51 2025 ENTUSSIASMAO picked up Green's Intel.
Thu Jan 16 15:19:51 2025 ENTUSSIASMAO dropped Green's Intel
Thu Jan 16 15:19:51 2025 f (Green) [Headshot] ENTUSSIASMAO (Blue)
Thu Jan 16 15:19:52 2025 Cloroformo (Blue) [Headshot] Ananas [usa] (Green)
Thu Jan 16 15:19:55 2025 f (Green) [Headshot] ENTUSSIASMAO (Blue)
Thu Jan 16 15:19:58 2025 f (Green) [Headshot] Nelson (Blue)
Thu Jan 16 15:20:04 2025 f (Green) [Headshot] Nelson (Blue)
Thu Jan 16 15:20:04 2025 Cloroformo (Blue) [Headshot] f (Green)
Thu Jan 16 15:20:09 2025 Spider (Blue) [SMG]
Thu Jan 16 15:20:09 2025 BabaCPDC (Green) [Headshot] Cloroformo (Blue)
Thu Jan 16 15:20:10 2025 Cloroformo (Blue) [Headshot] f (Green)
Thu Jan 16 15:20:10 2025 Deuce1 (Blue) [Headshot] Falk3n (Green)
Thu Jan 16 15:20:12 2025 BabaCPDC (Green) [Headshot] Nelson (Blue)
Thu Jan 16 15:20:13 2025 Cloroformo (Blue) [Headshot] BabaCPDC (Green)
Thu Jan 16 15:20:13 2025 Tatu picked up Blue's Intel.
Thu Jan 16 15:20:15 2025 BabaCPDC is spawn-protected for less than a second.
Thu Jan 16 15:20:15 2025 BabaCPDC is spawn-protected for less than a second.
Thu Jan 16 15:20:16 2025 Cloroformo (Blue) [Headshot] BabaCPDC (Green)
Thu Jan 16 15:20:18 2025 Cloroformo (Blue) [Headshot] f (Green)
Thu Jan 16 15:20:23 2025 BomberManxres (Blue) [SMG]
Thu Jan 16 15:20:25 2025 Cloroformo (Blue) [Headshot] Ananas [usa] (Green)
Thu Jan 16 15:20:35 2025 Nelson (Blue) [Headshot] f (Green)
Thu Jan 16 15:20:36 2025 PIPi (Blue) [SMG]
Thu Jan 16 15:20:42 2025 Nelson (Blue) [Headshot] Ananas [usa] (Green)
Thu Jan 16 15:20:44 2025 Player PixelPizza has left
Thu Jan 16 15:20:49 2025 macro (Green) [Rifle] escura (Blue)
Thu Jan 16 15:20:49 2025 Spider (Blue) [SMG]
Thu Jan 16 15:20:57 2025 Ananas [usa] (Green) [Headshot] Nelson (Blue)
Thu Jan 16 15:20:59 2025 Nelson (Blue) [Headshot] Ananas [usa] (Green)
Thu Jan 16 15:21:01 2025 Jussin (Green) [Rifle] Deuce1 (Blue)
Thu Jan 16 15:21:02 2025 escura picked up Green's Intel.
Thu Jan 16 15:21:12 2025 BomberManxres (Blue) [Headshot] Ananas [usa] (Green)
Thu Jan 16 15:21:16 2025 Deuce1 (Blue) [Headshot] BabaCPDC (Green)
Thu Jan 16 15:21:17 2025 f (Green) [Headshot] Nelson (Blue)
Thu Jan 16 15:21:19 2025 [Global] Ananas [usa] (Green): damn
Thu Jan 16 15:21:21 2025 soldat joined Blue team
Thu Jan 16 15:21:23 2025 BabaCPDC (Green) [Headshot] Nelson (Blue)
Thu Jan 16 15:21:25 2025 Cloroformo (Blue) [Rifle]
Thu Jan 16 15:21:27 2025 Spider (Blue) [Grenade]
Thu Jan 16 15:21:27 2025 f (Green) [Headshot] soldat (Blue)
Thu Jan 16 15:21:28 2025 Player Spider has left
Thu Jan 16 15:21:32 2025 f (Green) [Rifle]
Thu Jan 16 15:21:33 2025 BomberManxres (Blue) [SMG] BabaCPDC (Green)
Thu Jan 16 15:21:35 2025 vasekvk (Green) [Rifle]
Thu Jan 16 15:21:36 2025 soldat (Blue) [SMG]
Thu Jan 16 15:21:37 2025 escura dropped Green's Intel
Thu Jan 16 15:21:37 2025 escura (Blue) [SMG]
Thu Jan 16 15:21:38 2025  The Green intel has been reset.
Thu Jan 16 15:21:38 2025 ENTUSSIASMAO (Blue) [SMG]
Thu Jan 16 15:21:42 2025 ENTUSSIASMAO picked up Green's Intel.
Thu Jan 16 15:21:44 2025 Tatu (Green) [Headshot] PIPi (Blue)
Thu Jan 16 15:21:46 2025 BomberManxres (Blue) [Headshot] BabaCPDC (Green)
Thu Jan 16 15:21:47 2025 f (Green) [Rifle]
Thu Jan 16 15:21:49 2025 Player f has left
Thu Jan 16 15:21:50 2025 spader (Green) [SMG]
Thu Jan 16 15:21:52 2025 [Global] PIPi (Blue): pipipi
Thu Jan 16 15:21:55 2025 BabaCPDC (Green) [Headshot] BomberManxres (Blue)
Thu Jan 16 15:21:57 2025 BomberManxres (Blue) [SMG] BabaCPDC (Green)
Thu Jan 16 15:22:08 2025 BomberManxres (Blue) [Headshot] BabaCPDC (Green)
Thu Jan 16 15:22:10 2025 Tatu dropped Blue's Intel
Thu Jan 16 15:22:10 2025 Tatu (Green) [Grenade]
Thu Jan 16 15:22:11 2025 BomberManxres (Blue) [Headshot] BabaCPDC (Green)
Thu Jan 16 15:22:13 2025 BabaCPDC (Green) [Weapon Change]
Thu Jan 16 15:22:17 2025 BabaCPDC (Green) [Headshot] soldat (Blue)
Thu Jan 16 15:22:18 2025 macro picked up Blue's Intel.
Thu Jan 16 15:22:24 2025 soldat (Blue) [SMG]
Thu Jan 16 15:22:30 2025 soldat (Blue) [SMG]
Thu Jan 16 15:22:30 2025 macro dropped Blue's Intel
Thu Jan 16 15:22:30 2025 macro (Green) [Rifle]
Thu Jan 16 15:22:32 2025  The Blue intel has been reset.
Thu Jan 16 15:22:33 2025 BabaCPDC (Green) [Headshot] Nelson (Blue)
Thu Jan 16 15:22:35 2025 [Global] soldat (Blue): oh water is insta eath wat
Thu Jan 16 15:22:36 2025 BabaCPDC (Green) [Headshot] Nelson (Blue)
Thu Jan 16 15:22:38 2025  You are playing push on [VOXIDE] Push
Thu Jan 16 15:22:39 2025 Nelson (Blue) [Headshot] BabaCPDC (Green)
Thu Jan 16 15:22:43 2025 Nelson (Blue) [Headshot] BabaCPDC (Green)
Thu Jan 16 15:22:51 2025 ENTUSSIASMAO captured Green's Intel.
Thu Jan 16 15:22:53 2025 Deuce1 (Blue) [Headshot] Falk3n (Green)
Thu Jan 16 15:22:55 2025 Deuce1 (Blue) [Headshot] vasekvk (Green)
Thu Jan 16 15:22:57 2025 Out of blocks! Refill at base or type /r
Thu Jan 16 15:23:04 2025 [Global] soldat (Blue): whata wierd retarded map
Thu Jan 16 15:23:06 2025 Deuce1 (Blue) [Headshot] Tatu (Green)
Thu Jan 16 15:23:06 2025 BabaCPDC (Green) [Rifle]
Thu Jan 16 15:23:11 2025 Tatu picked up Blue's Intel.
Thu Jan 16 15:23:11 2025 Cloroformo (Blue) [Headshot] Ananas [usa] (Green)
Thu Jan 16 15:23:14 2025 Deuce1 (Blue) [Headshot] macro (Green)
Thu Jan 16 15:23:18 2025 [Global] Falk3n (Green): Have you never played push?
Thu Jan 16 15:23:25 2025 spader (Green) [SMG]
Thu Jan 16 15:23:29 2025 [Global] soldat (Blue): idk what is it
Thu Jan 16 15:23:29 2025 [Global] PIPi (Blue): pipipush
Thu Jan 16 15:23:32 2025 [Global] Ananas [usa] (Green): GO BROTHERS GO
Thu Jan 16 15:23:34 2025 Jussin (Green) [Headshot] BomberManxres (Blue)
Thu Jan 16 15:23:39 2025 BabaCPDC (Green) [Headshot] soldat (Blue)
Thu Jan 16 15:23:39 2025 BomberManxres picked up Green's Intel.
Thu Jan 16 15:23:40 2025 [Global] Falk3n (Green): you build bridges to the end where the tents are
Thu Jan 16 15:23:40 2025 [Global] Ananas [usa] (Green): FUCK GBLU BIRCHS
Thu Jan 16 15:23:40 2025 escura (Blue) [SMG] Jussin (Green)
Thu Jan 16 15:23:45 2025 BabaCPDC (Green) [Headshot] soldat (Blue)
Thu Jan 16 15:23:46 2025 Player soldat has left
Thu Jan 16 15:23:56 2025 ENTUSSIASMAO (Blue) [SMG] Jussin (Green)
Thu Jan 16 15:24:01 2025 Deuce1 (Blue) [Headshot] macro (Green)
Thu Jan 16 15:24:04 2025 Out of blocks! Refill at base or type /r
Thu Jan 16 15:24:07 2025 BabaCPDC (Green) [Headshot] ENTUSSIASMAO (Blue)
Thu Jan 16 15:24:21 2025 spader (Green) [SMG]
Thu Jan 16 15:24:21 2025 Nelson (Blue) [Rifle]
Thu Jan 16 15:24:27 2025 BabaCPDC (Green) [Headshot] Nelson (Blue)
Thu Jan 16 15:24:28 2025 BabaCPDC (Green) [Headshot] ENTUSSIASMAO (Blue)
Thu Jan 16 15:24:30 2025 Nelson (Blue) [Headshot] BabaCPDC (Green)
Thu Jan 16 15:24:31 2025 Falk3n (Green) [Rifle] escura (Blue)
Thu Jan 16 15:24:31 2025 Nelson (Blue) [Headshot] vasekvk (Green)
Thu Jan 16 15:24:36 2025 Deuce joined Green team
Thu Jan 16 15:24:37 2025 escura (Blue) [Weapon Change]
Thu Jan 16 15:24:39 2025 [Global] PIPi (Blue): deuce!
Thu Jan 16 15:24:40 2025 BomberManxres captured Green's Intel.
Thu Jan 16 15:24:40 2025 Out of blocks! Refill at base or type /r
Thu Jan 16 15:24:40 2025 Tatu dropped Blue's Intel
Thu Jan 16 15:24:40 2025 Deuce1 (Blue) [Headshot] Tatu (Green)
Thu Jan 16 15:24:42 2025 ENTUSSIASMAO (Blue) [Headshot] BabaCPDC (Green)
Thu Jan 16 15:24:43 2025 escura picked up Green's Intel.
Thu Jan 16 15:24:47 2025 ENTUSSIASMAO (Blue) [Headshot] Deuce (Green)
Thu Jan 16 15:24:49 2025 [Global] PIPi (Blue): deuce?
Thu Jan 16 15:24:50 2025 BabaCPDC (Green) [Rifle] ENTUSSIASMAO (Blue)
Thu Jan 16 15:24:51 2025 Deuce1 (Blue) [Headshot] Falk3n (Green)
Thu Jan 16 15:24:54 2025 [Global] BomberManxres (Blue): pee pee
Thu Jan 16 15:24:59 2025 Deuce1 (Blue) [Headshot] Ananas [usa] (Green)
Thu Jan 16 15:25:00 2025 [Global] PIPi (Blue): pipipi
Thu Jan 16 15:25:06 2025 [Global] Ananas [usa] (Green): LOL
Thu Jan 16 15:25:07 2025 BabaCPDC (Green) [Headshot] Nelson (Blue)
Thu Jan 16 15:25:13 2025 BabaCPDC (Green) [Headshot] ENTUSSIASMAO (Blue)
Thu Jan 16 15:25:14 2025 Player Mint has left
Thu Jan 16 15:25:18 2025 holA joined Spectator team
Thu Jan 16 15:25:18 2025 BabaCPDC (Green) [Headshot] ENTUSSIASMAO (Blue)
Thu Jan 16 15:25:18 2025 Tatu (Green) [SMG]
Thu Jan 16 15:25:21 2025 [Global] Ananas [usa] (Green): just blue nicknames
Thu Jan 16 15:25:22 2025 Deuce1 (Blue) [Rifle]
Thu Jan 16 15:25:25 2025 BabaCPDC (Green) [Headshot] ENTUSSIASMAO (Blue)
Thu Jan 16 15:25:25 2025 [Global] Ananas [usa] (Green): pee pee
Thu Jan 16 15:25:33 2025 ENTUSSIASMAO (Blue) [SMG] BabaCPDC (Green)
Thu Jan 16 15:25:34 2025 Deuce1 (Blue) [Rifle]
Thu Jan 16 15:25:35 2025 Player holA has left
Thu Jan 16 15:25:36 2025 [Global] PIPi (Blue): pipi is pipi
Thu Jan 16 15:25:37 2025 BabaCPDC (Green) [Rifle]
Thu Jan 16 15:25:41 2025 Deuce1 (Blue) [Weapon Change]
Thu Jan 16 15:25:44 2025 ENTUSSIASMAO (Blue) [SMG] BabaCPDC (Green)
Thu Jan 16 15:25:54 2025 Falk3n (Green) [Rifle]
Thu Jan 16 15:25:54 2025 Jussin (Green) [Rifle]
Thu Jan 16 15:25:55 2025 [Global] Ananas [usa] (Green): poo poo
Thu Jan 16 15:25:55 2025 vasekvk picked up Blue's Intel.
Thu Jan 16 15:25:56 2025 escura captured Green's Intel.
Thu Jan 16 15:25:59 2025 holA joined Blue team
Thu Jan 16 15:26:01 2025 escura (Blue) [Shotgun]
Thu Jan 16 15:26:02 2025 ENTUSSIASMAO picked up Green's Intel.
Thu Jan 16 15:26:07 2025 BabaCPDC (Green) [Headshot] escura (Blue)
Thu Jan 16 15:26:07 2025 Out of blocks! Refill at base or type /r
Thu Jan 16 15:26:09 2025 escura (Blue) [Weapon Change]
Thu Jan 16 15:26:09 2025 Ananas [usa] (Green) [SMG]
Thu Jan 16 15:26:13 2025 vasekvk (Green) [Headshot] BomberManxres (Blue)
Thu Jan 16 15:26:14 2025 Nelson (Blue) [Headshot] Jussin (Green)
Thu Jan 16 15:26:23 2025 Player Jussin has left
Thu Jan 16 15:26:29 2025 [Global] Ananas [usa] (Green): too late green bros
Thu Jan 16 15:26:33 2025 [Global] Ananas [usa] (Green): we lose.........
Thu Jan 16 15:26:40 2025 [Global] Ananas [usa] (Green): we will rise again
Thu Jan 16 15:26:44 2025 [Global] Ananas [usa] (Green): but not this time
Thu Jan 16 15:26:52 2025 [Global] BomberManxres (Blue): it's over
Thu Jan 16 15:26:53 2025 [Global] holA (Blue): ...
Thu Jan 16 15:26:58 2025 [Global] holA (Blue): ñ
Thu Jan 16 15:27:05 2025 ENTUSSIASMAO captured Green's Intel.
Thu Jan 16 15:27:06 2025 Ananas [usa] (Green) [Headshot] holA (Blue)
Thu Jan 16 15:27:07 2025 [Global] PIPi (Blue): BLUE THE BEST!!!!!!!!!!!!
Thu Jan 16 15:27:19 2025 spader (Green) [SMG]
Thu Jan 16 15:27:22 2025 BomberManxres picked up Green's Intel.
Thu Jan 16 15:27:23 2025 Deuce (Green) [SMG] Cloroformo (Blue)
Thu Jan 16 15:27:26 2025 macro (Green) [Rifle] PIPi (Blue)
Thu Jan 16 15:27:31 2025 BabaCPDC (Green) [Headshot] Nelson (Blue)
Thu Jan 16 15:27:32 2025 macro (Green) [Rifle]
Thu Jan 16 15:27:36 2025 [Global] Ananas [usa] (Green): u just have more autists in ut team
Thu Jan 16 15:27:36 2025 BabaCPDC (Green) [Headshot] escura (Blue)
Thu Jan 16 15:27:37 2025 Deuce1 (Blue) [SMG] BabaCPDC (Green)
Thu Jan 16 15:27:38 2025  Type /help for info & commands
Thu Jan 16 15:27:47 2025 BabaCPDC (Green) [Headshot] Nelson (Blue)
Thu Jan 16 15:27:54 2025 Deuce (Green) [SMG]
Thu Jan 16 15:27:56 2025 oktavis joined Blue team
Thu Jan 16 15:27:59 2025 CandyTheSheep joined Blue team
Thu Jan 16 15:28:08 2025 CandyTheSheep (Blue) [Headshot] BabaCPDC (Green)
Thu Jan 16 15:28:11 2025 vasekvk captured Blue's Intel.
Thu Jan 16 15:28:12 2025 oktavis (Blue) [SMG]
Thu Jan 16 15:28:16 2025 holA (Blue) [SMG]
Thu Jan 16 15:28:19 2025 Player holA has left
Thu Jan 16 15:28:24 2025 Cloroformo (Blue) [Headshot] Falk3n (Green)
Thu Jan 16 15:28:28 2025 Falk3n picked up Blue's Intel.
Thu Jan 16 15:28:29 2025 BomberManxres (Blue) [SMG] vasekvk (Green)
Thu Jan 16 15:28:30 2025 oktavis (Blue) [SMG]
Thu Jan 16 15:28:32 2025 BomberManxres dropped Green's Intel
Thu Jan 16 15:28:32 2025 Tatu (Green) [Melee] BomberManxres (Blue)
Thu Jan 16 15:28:35 2025 You can't destroy your team's blocks!
Thu Jan 16 15:28:36 2025 Cloroformo (Blue) [Rifle] Tatu (Green)
Thu Jan 16 15:28:37 2025 BabaCPDC (Green) [Headshot] Nelson (Blue)
Thu Jan 16 15:28:40 2025 Cloroformo picked up Green's Intel.
Thu Jan 16 15:28:40 2025 BabaCPDC (Green) [Headshot] Nelson (Blue)
Thu Jan 16 15:28:41 2025 oktavis (Blue) [SMG]
Thu Jan 16 15:28:45 2025 TheRollingStone joined Blue team
Thu Jan 16 15:28:52 2025 oktavis (Blue) [SMG] BabaCPDC (Green)
Thu Jan 16 15:28:54 2025 Cloroformo captured Green's Intel.
Thu Jan 16 15:28:54 2025 [Team] BomberManxres (Blue): they ruining our bridges near the medic
Thu Jan 16 15:28:56 2025 Cloroformo (Blue) [Headshot] Deuce (Green)
Thu Jan 16 15:28:58 2025 Ananas [usa] (Green) [Fall]
Thu Jan 16 15:29:00 2025 CTPAX joined Green team
Thu Jan 16 15:29:02 2025 Ananas [usa] (Green) [Weapon Change]
Thu Jan 16 15:29:05 2025 BomberManxres picked up Green's Intel.
Thu Jan 16 15:29:09 2025 Ananas [usa] (Green) [Headshot] oktavis (Blue)
Thu Jan 16 15:29:11 2025 Deuce1 (Blue) [Headshot] Tatu (Green)
Thu Jan 16 15:29:13 2025 BabaCPDC (Green) [Headshot] Nelson (Blue)
Thu Jan 16 15:29:22 2025 CandyTheSheep (Blue) [SMG]
Thu Jan 16 15:29:23 2025 CTPAX (Green) [SMG]
Thu Jan 16 15:29:29 2025 Falk3n (Green) [Rifle] Cloroformo (Blue)
Thu Jan 16 15:29:38 2025 vasekvk (Green) [Rifle]
Thu Jan 16 15:29:53 2025 Falk3n (Green) [Rifle] PIPi (Blue)
Thu Jan 16 15:29:56 2025 [Global] PIPi (Blue): hp?
Thu Jan 16 15:30:01 2025 Falk3n captured Blue's Intel.
Thu Jan 16 15:30:03 2025 TheRollingStone (Blue) [SMG] Falk3n (Green)
Thu Jan 16 15:30:06 2025 [Global] Falk3n (Green): 6
Thu Jan 16 15:30:06 2025 [Global] Ananas [usa] (Green): hee pee
Thu Jan 16 15:30:08 2025 Deuce (Green) [SMG] TheRollingStone (Blue)
Thu Jan 16 15:30:10 2025 BomberManxres (Blue) [Headshot] Deuce (Green)
Thu Jan 16 15:30:12 2025 BomberManxres captured Green's Intel.
Thu Jan 16 15:30:12 2025 Blue Wins!
Thu Jan 16 15:30:12 2025  Game finished! Next map: frontier.
Thu Jan 16 15:30:14 2025 [Global] Deuce1 (Blue): gg
Thu Jan 16 15:30:15 2025 [Global] Deuce (Green): gg
Thu Jan 16 15:30:16 2025 [Global] PIPi (Blue): gg
Thu Jan 16 15:30:16 2025 [Global] spader (Green): wtf
Thu Jan 16 15:30:16 2025 Player Deuce1 has left
Thu Jan 16 15:30:19 2025 [Global] spader (Green): hp
Thu Jan 16 15:30:19 2025 escura picked up Green's Intel.
Thu Jan 16 15:30:20 2025 [Global] Ananas [usa] (Green): ggggFUUUUUUUUUUUUUUUUUUUUUUUUUUUUUUUUUUUUUU
Thu Jan 16 15:30:22 2025 CTPAX picked up Blue's Intel.
Thu Jan 16 15:30:22 2025 ------ World Unloaded ------
Thu Jan 16 15:30:23 2025 ------ World Loaded ------
Thu Jan 16 15:30:23 2025 Welcome to [VOXIDE] Push
Thu Jan 16 15:30:24 2025 TheRollingStone joined Blue team
Thu Jan 16 15:30:24 2025 vasekvk joined Green team
Thu Jan 16 15:30:25 2025 Map: frontier by Jdrew
Thu Jan 16 15:30:25 2025 BomberManxres joined Blue team
Thu Jan 16 15:30:26 2025 BabaCPDC joined Blue team
Thu Jan 16 15:30:26 2025 Tatu joined Green team
Thu Jan 16 15:30:26 2025 Ananas [usa] joined Green team
Thu Jan 16 15:30:27 2025 Game mode: push
Thu Jan 16 15:30:27 2025 Deuce joined Green team
Thu Jan 16 15:30:29 2025 Server powered by piqueserver and buildandshoot.com
Thu Jan 16 15:30:29 2025 CandyTheSheep joined Blue team
Thu Jan 16 15:30:29 2025 CTPAX joined Green team
Thu Jan 16 15:30:29 2025 PIPi joined Blue team
Thu Jan 16 15:30:31 2025 oktavis joined Blue team
Thu Jan 16 15:30:35 2025 [Global] PIPi (Blue): deuce go blue team
Thu Jan 16 15:30:36 2025 TheRollingStone (Blue) [Headshot] CTPAX (Green)
Thu Jan 16 15:30:47 2025 ENTUSSIASMAO joined Blue team
Thu Jan 16 15:30:59 2025 Ananas [usa] (Green) [SMG]
Thu Jan 16 15:30:59 2025 Tatu (Green) [Rifle]
Thu Jan 16 15:31:04 2025 Nelson joined Blue team
Thu Jan 16 15:31:05 2025 i will try joined Spectator team
Thu Jan 16 15:31:12 2025 Player BabaCPDC has left
Thu Jan 16 15:31:23 2025 Nelson picked up Green's Intel.
Thu Jan 16 15:31:25 2025 Deuce (Green) [SMG]
Thu Jan 16 15:31:27 2025 PIPi (Blue) [SMG]
Thu Jan 16 15:31:37 2025 TheRollingStone (Blue) [SMG]
Thu Jan 16 15:31:38 2025 Tatu (Green) [Rifle]
Thu Jan 16 15:31:42 2025 Tatu picked up Blue's Intel.
Thu Jan 16 15:31:43 2025 Nelson (Blue) [Headshot] CTPAX (Green)
Thu Jan 16 15:31:45 2025 Nelson (Blue) [Headshot] Deuce (Green)
Thu Jan 16 15:31:47 2025 Player ENTUSSIASMAO has left
Thu Jan 16 15:31:56 2025 Out of blocks! Refill at base or type /r
Thu Jan 16 15:31:58 2025 TheRollingStone (Blue) [SMG]
Thu Jan 16 15:32:02 2025 CandyTheSheep (Blue) [SMG]
Thu Jan 16 15:32:03 2025 Tatu dropped Blue's Intel
Thu Jan 16 15:32:03 2025 Tatu (Green) [Rifle]
Thu Jan 16 15:32:04 2025  The Blue intel has been reset.
Thu Jan 16 15:32:07 2025 Tatu picked up Blue's Intel.
Thu Jan 16 15:32:10 2025 Cloroformo (Green) [Headshot] oktavis (Blue)
Thu Jan 16 15:32:16 2025 Nelson dropped Green's Intel
Thu Jan 16 15:32:16 2025 Cloroformo (Green) [Headshot] Nelson (Blue)
Thu Jan 16 15:32:24 2025 TheRollingStone (Blue) [SMG]
Thu Jan 16 15:32:31 2025 Danio joined Blue team
Thu Jan 16 15:32:33 2025 Cloroformo (Green) [Headshot] oktavis (Blue)
Thu Jan 16 15:32:33 2025 Nelson picked up Green's Intel.
Thu Jan 16 15:32:33 2025 CandyTheSheep (Blue) [SMG]
Thu Jan 16 15:32:38 2025  Type /help for info & commands
Thu Jan 16 15:32:38 2025 BomberManxres (Blue) [Headshot] Ananas [usa] (Green)
Thu Jan 16 15:32:40 2025 PIPi (Blue) [SMG]
Thu Jan 16 15:32:52 2025 Cloroformo (Green) [Rifle]
Thu Jan 16 15:33:02 2025 Gungard joined Green team
Thu Jan 16 15:33:04 2025 Deuce (Green) [SMG]
Thu Jan 16 15:33:10 2025 Ananas [usa] (Green) [SMG] oktavis (Blue)
Thu Jan 16 15:33:13 2025 TheRollingStone (Blue) [Headshot] vasekvk (Green)
Thu Jan 16 15:33:17 2025 Tatu dropped Blue's Intel
Thu Jan 16 15:33:17 2025 Tatu (Green) [Rifle]
Thu Jan 16 15:33:18 2025 Deuce (Green) [SMG]
Thu Jan 16 15:33:19 2025  The Blue intel has been reset.
Thu Jan 16 15:33:20 2025 Out of blocks! Refill at base or type /r
Thu Jan 16 15:33:22 2025 Cloroformo (Green) [Rifle]
Thu Jan 16 15:33:23 2025 Gungard (Green) [SMG]
Thu Jan 16 15:33:33 2025 vasekvk (Green) [Rifle]
Thu Jan 16 15:33:38 2025 vasekvk (Green) [Fall]
Thu Jan 16 15:33:42 2025 oktavis (Blue) [SMG]
Thu Jan 16 15:33:47 2025 Nelson dropped Green's Intel
Thu Jan 16 15:33:47 2025 Cloroformo (Green) [Headshot] Nelson (Blue)
Thu Jan 16 15:34:00 2025 Danio (Blue) [Grenade]
Thu Jan 16 15:34:07 2025 TheRollingStone (Blue) [SMG]
Thu Jan 16 15:34:13 2025 Tatu (Green) [Headshot] CandyTheSheep (Blue)
Thu Jan 16 15:34:14 2025 macro joined Green team
Thu Jan 16 15:34:17 2025 Gungard (Green) [SMG]
Thu Jan 16 15:34:21 2025 Tatu (Green) [Rifle]
Thu Jan 16 15:34:22 2025 BomberManxres (Blue) [SMG] Cloroformo (Green)
Thu Jan 16 15:34:24 2025 oktavis (Blue) [SMG]
Thu Jan 16 15:34:32 2025 Nelson picked up Green's Intel.
Thu Jan 16 15:34:32 2025 TheRollingStone (Blue) [SMG]
Thu Jan 16 15:34:46 2025 TheRollingStone (Blue) [SMG] Ananas [usa] (Green)
Thu Jan 16 15:34:49 2025 Cloroformo (Green) [Headshot] PIPi (Blue)
Thu Jan 16 15:34:50 2025 Deuce picked up Blue's Intel.
Thu Jan 16 15:34:50 2025 Ananas [usa] (Green) [Headshot] TheRollingStone (Blue)
Thu Jan 16 15:34:53 2025 PIPi (Blue) [Weapon Change]
Thu Jan 16 15:34:55 2025 Nelson (Blue) [Headshot] Cloroformo (Green)
Thu Jan 16 15:34:58 2025 Nelson (Blue) [Headshot] Gungard (Green)
Thu Jan 16 15:35:00 2025 Tatu (Green) [Rifle]
Thu Jan 16 15:35:01 2025 vasekvk (Green) [Rifle]
Thu Jan 16 15:35:13 2025 TheRollingStone (Blue) [SMG]
Thu Jan 16 15:35:21 2025 Ananas [usa] (Green) [Fall]
Thu Jan 16 15:35:27 2025 Deuce dropped Blue's Intel
Thu Jan 16 15:35:27 2025 oktavis (Blue) [Headshot] Deuce (Green)
Thu Jan 16 15:35:30 2025 Tatu (Green) [Rifle]
Thu Jan 16 15:35:31 2025 Cloroformo (Green) [Headshot] PIPi (Blue)
Thu Jan 16 15:35:34 2025 Cloroformo (Green) [Headshot] oktavis (Blue)
Thu Jan 16 15:35:36 2025 Danio (Blue) [Rifle]
Thu Jan 16 15:35:39 2025 macro (Green) [Headshot] CandyTheSheep (Blue)
Thu Jan 16 15:35:39 2025 TheRollingStone (Blue) [SMG]
Thu Jan 16 15:35:45 2025 Gungard (Green) [SMG]
Thu Jan 16 15:35:49 2025 Ananas [usa] (Green) [Fall]
Thu Jan 16 15:35:59 2025 vasekvk (Green) [Rifle]
Thu Jan 16 15:36:00 2025 Deuce picked up Blue's Intel.
Thu Jan 16 15:36:03 2025 PIPi (Blue) [Headshot] Cloroformo (Green)
Thu Jan 16 15:36:06 2025 ENTUSSIASMAO joined Blue team
Thu Jan 16 15:36:07 2025 Deuce dropped Blue's Intel
Thu Jan 16 15:36:07 2025 Deuce (Green) [SMG]
Thu Jan 16 15:36:08 2025  The Blue intel has been reset.
Thu Jan 16 15:36:08 2025 Tatu (Green) [Rifle]
Thu Jan 16 15:36:17 2025 macro (Green) [Headshot] Danio (Blue)
Thu Jan 16 15:36:20 2025 Ananas [usa] (Green) [SMG]
Thu Jan 16 15:36:23 2025 Player i will try has left
Thu Jan 16 15:36:28 2025 Deuce picked up Blue's Intel.
Thu Jan 16 15:36:34 2025 Cloroformo (Green) [Headshot] PIPi (Blue)
Thu Jan 16 15:36:35 2025 CandyTheSheep (Blue) [SMG] Gungard (Green)
Thu Jan 16 15:36:39 2025 Tatu (Green) [Rifle]
Thu Jan 16 15:36:53 2025 Ananas [usa] (Green) [SMG]
Thu Jan 16 15:37:00 2025 Deuce dropped Blue's Intel
Thu Jan 16 15:37:00 2025 Deuce (Green) [SMG]
Thu Jan 16 15:37:01 2025  The Blue intel has been reset.
Thu Jan 16 15:37:03 2025 PIPi (Blue) [Headshot] Cloroformo (Green)
Thu Jan 16 15:37:04 2025 TheRollingStone (Blue) [SMG]
Thu Jan 16 15:37:04 2025 oktavis (Blue) [SMG] Gungard (Green)
Thu Jan 16 15:37:06 2025 Deuce picked up Blue's Intel.
Thu Jan 16 15:37:08 2025 oktavis (Blue) [Headshot] Tatu (Green)
Thu Jan 16 15:37:09 2025 Nelson (Blue) [Headshot] Ananas [usa] (Green)
Thu Jan 16 15:37:15 2025 Nelson (Blue) [Headshot] Gungard (Green)
Thu Jan 16 15:37:18 2025 Nelson dropped Green's Intel
Thu Jan 16 15:37:18 2025 Cloroformo (Green) [Headshot] Nelson (Blue)
Thu Jan 16 15:37:18 2025 Deuce dropped Blue's Intel
Thu Jan 16 15:37:18 2025 oktavis (Blue) [Headshot] Deuce (Green)
Thu Jan 16 15:37:21 2025 Cloroformo picked up Blue's Intel.
Thu Jan 16 15:37:25 2025 Cloroformo (Green) [Headshot] ENTUSSIASMAO (Blue)
Thu Jan 16 15:37:26 2025 Tatu (Green) [Headshot] oktavis (Blue)
Thu Jan 16 15:37:26 2025 [Team] CTPAX (Green): sec 
Thu Jan 16 15:37:30 2025 [Team] CTPAX (Green): sha
Thu Jan 16 15:37:38 2025  Type /help for info & commands
Thu Jan 16 15:37:50 2025 Ananas [usa] (Green) [SMG] Danio (Blue)
Thu Jan 16 15:37:53 2025 Player Danio has left
Thu Jan 16 15:37:53 2025 PIPi (Blue) [Headshot] Deuce (Green)
Thu Jan 16 15:37:57 2025 Chico joined Blue team
Thu Jan 16 15:37:58 2025 Cloroformo (Green) [Headshot] Nelson (Blue)
Thu Jan 16 15:37:59 2025 Ananas [usa] (Green) [Headshot] ENTUSSIASMAO (Blue)
Thu Jan 16 15:38:01 2025 Chico (Blue) [Team Change]
Thu Jan 16 15:38:02 2025 Chico joined Green team
Thu Jan 16 15:38:02 2025 Gungard (Green) [SMG]
Thu Jan 16 15:38:13 2025 Ananas [usa] (Green) [Headshot] TheRollingStone (Blue)
Thu Jan 16 15:38:15 2025 Danio joined Blue team
Thu Jan 16 15:38:19 2025 Cloroformo dropped Blue's Intel
Thu Jan 16 15:38:19 2025 Nelson (Blue) [Headshot] Cloroformo (Green)
Thu Jan 16 15:38:26 2025 Deuce picked up Blue's Intel.
Thu Jan 16 15:38:37 2025 Deuce dropped Blue's Intel
Thu Jan 16 15:38:41 2025 Chico (Green) [SMG] Nelson (Blue)
Thu Jan 16 15:38:42 2025 Ananas [usa] picked up Blue's Intel.
Thu Jan 16 15:38:45 2025 Chico (Green) [Headshot] oktavis (Blue)
Thu Jan 16 15:38:49 2025 Ananas [usa] dropped Blue's Intel
Thu Jan 16 15:38:49 2025 BomberManxres (Blue) [SMG] Ananas [usa] (Green)
Thu Jan 16 15:38:54 2025 Chico (Green) [Headshot] BomberManxres (Blue)
Thu Jan 16 15:38:56 2025 BomberManxres (Blue) [Grenade] macro (Green)
Thu Jan 16 15:39:05 2025 Player CandyTheSheep has left
Thu Jan 16 15:39:07 2025 Nelson (Blue) [Headshot] Deuce (Green)
Thu Jan 16 15:39:07 2025 Minensucher joined Blue team
Thu Jan 16 15:39:11 2025 Chico (Green) [Headshot] Nelson (Blue)
Thu Jan 16 15:39:16 2025 Chico (Green) [SMG] TheRollingStone (Blue)
Thu Jan 16 15:39:17 2025 Cloroformo (Green) [Headshot] Danio (Blue)
Thu Jan 16 15:39:26 2025 Cloroformo (Green) [Headshot] PIPi (Blue)
Thu Jan 16 15:39:29 2025 ENTUSSIASMAO (Blue) [SMG] Cloroformo (Green)
Thu Jan 16 15:39:31 2025 Nelson (Blue) [Headshot] CTPAX (Green)
Thu Jan 16 15:39:37 2025 Danio (Blue) [Rifle]
Thu Jan 16 15:39:43 2025 Ananas [usa] (Green) [SMG] BomberManxres (Blue)
Thu Jan 16 15:39:46 2025 Chico (Green) [Headshot] Nelson (Blue)
Thu Jan 16 15:39:47 2025 Ananas [usa] (Green) [Headshot] BomberManxres (Blue)
Thu Jan 16 15:39:49 2025 oktavis (Blue) [Headshot] Deuce (Green)
Thu Jan 16 15:39:49 2025 oktavis (Blue) [Headshot] Gungard (Green)
Thu Jan 16 15:39:51 2025 CandyTheSheep joined Blue team
Thu Jan 16 15:39:52 2025 BomberManxres (Blue) [SMG] Ananas [usa] (Green)
Thu Jan 16 15:39:52 2025 Minensucher (Blue) [SMG]
Thu Jan 16 15:39:53 2025 Chico (Green) [Headshot] oktavis (Blue)
Thu Jan 16 15:39:59 2025 ENTUSSIASMAO (Blue) [Grenade]
Thu Jan 16 15:40:04 2025 TheRollingStone (Blue) [SMG]
Thu Jan 16 15:40:05 2025 CandyTheSheep (Blue) [Headshot] CTPAX (Green)
Thu Jan 16 15:40:11 2025 Chico (Green) [Headshot] Nelson (Blue)
Thu Jan 16 15:40:16 2025  The Green intel has been reset.
Thu Jan 16 15:40:18 2025 Minensucher (Blue) [SMG]
Thu Jan 16 15:40:32 2025 Danio (Blue) [Rifle]
Thu Jan 16 15:40:34 2025 Deuce (Green) [SMG]
Thu Jan 16 15:40:34 2025 Nelson (Blue) [Headshot] Cloroformo (Green)
Thu Jan 16 15:40:37 2025 Player Deuce has left
Thu Jan 16 15:40:39 2025 oktavis (Blue) [SMG] Ananas [usa] (Green)
Thu Jan 16 15:40:40 2025 Gungard (Green) [SMG]
Thu Jan 16 15:40:41 2025 TheRollingStone picked up Green's Intel.
Thu Jan 16 15:40:44 2025 Nelson (Blue) [Headshot] Tatu (Green)
Thu Jan 16 15:40:47 2025 CAMMOR joined Green team
Thu Jan 16 15:40:53 2025 ENTUSSIASMAO (Blue) [SMG]
Thu Jan 16 15:40:55 2025 Chico (Green) [SMG] Nelson (Blue)
Thu Jan 16 15:40:56 2025 oktavis (Blue) [Headshot] Chico (Green)
Thu Jan 16 15:40:58 2025 Ananas [usa] (Green) [SMG] CandyTheSheep (Blue)
Thu Jan 16 15:40:59 2025 Player Tatu has left
Thu Jan 16 15:41:01 2025 CAMMOR (Green) [Fall]
Thu Jan 16 15:41:01 2025 PixelPizza joined Spectator team
Thu Jan 16 15:41:03 2025 Gungard (Green) [Headshot] PIPi (Blue)
Thu Jan 16 15:41:03 2025 Ananas [usa] (Green) [SMG] Minensucher (Blue)
Thu Jan 16 15:41:03 2025 oktavis (Blue) [SMG] Cloroformo (Green)
Thu Jan 16 15:41:05 2025 [Global] Chico (Green): sex
Thu Jan 16 15:41:06 2025 macro (Green) [Rifle]
Thu Jan 16 15:41:07 2025 Player Chico has left
Thu Jan 16 15:41:08 2025 oktavis (Blue) [SMG] CTPAX (Green)
Thu Jan 16 15:41:10 2025 Ananas [usa] (Green) [SMG] oktavis (Blue)
Thu Jan 16 15:41:17 2025 Nelson (Blue) [Team Change]
Thu Jan 16 15:41:18 2025 Nelson joined Green team
Thu Jan 16 15:41:22 2025 Tatu joined Green team
Thu Jan 16 15:41:22 2025 BomberManxres (Blue) [Headshot] Ananas [usa] (Green)
Thu Jan 16 15:41:26 2025 BomberManxres (Blue) [SMG] Gungard (Green)
Thu Jan 16 15:41:28 2025 Cloroformo (Green) [Headshot] BomberManxres (Blue)
Thu Jan 16 15:41:38 2025 Danio (Blue) [Rifle]
Thu Jan 16 15:41:46 2025  The Blue intel has been reset.
Thu Jan 16 15:41:48 2025 vasekvk (Green) [Headshot] Minensucher (Blue)
Thu Jan 16 15:41:52 2025 oktavis (Blue) [SMG] Nelson (Green)
Thu Jan 16 15:41:56 2025 TheRollingStone captured Green's Intel.
Thu Jan 16 15:42:02 2025 Ananas [usa] (Green) [Headshot] oktavis (Blue)
Thu Jan 16 15:42:06 2025 oktavis picked up Green's Intel.
Thu Jan 16 15:42:09 2025 CTPAX (Green) [SMG]
Thu Jan 16 15:42:14 2025 vasekvk (Green) [Headshot] PIPi (Blue)
Thu Jan 16 15:42:20 2025 ENTUSSIASMAO (Blue) [SMG] vasekvk (Green)
Thu Jan 16 15:42:20 2025 ENTUSSIASMAO (Blue) [SMG] Cloroformo (Green)
Thu Jan 16 15:42:21 2025 CAMMOR (Green) [Rifle]
Thu Jan 16 15:42:21 2025 Minensucher (Blue) [SMG] Ananas [usa] (Green)
Thu Jan 16 15:42:24 2025 vasekvk picked up Blue's Intel.
Thu Jan 16 15:42:26 2025 macro (Green) [Rifle]
Thu Jan 16 15:42:34 2025 Nelson (Green) [SMG] ENTUSSIASMAO (Blue)
Thu Jan 16 15:42:38 2025 PIPi (Blue) [Headshot] Tatu (Green)
Thu Jan 16 15:42:38 2025  Type /help for info & commands
Thu Jan 16 15:42:41 2025 Tatu (Green) [Weapon Change]
Thu Jan 16 15:42:44 2025 Minensucher (Blue) [SMG] Nelson (Green)
Thu Jan 16 15:42:46 2025 CandyTheSheep (Blue) [Headshot] Cloroformo (Green)
Thu Jan 16 15:42:47 2025 Deuce joined Blue team
Thu Jan 16 15:42:52 2025 vasekvk dropped Blue's Intel
Thu Jan 16 15:42:52 2025 PIPi (Blue) [Headshot] vasekvk (Green)
Thu Jan 16 15:42:53 2025 Minensucher (Blue) [SMG] CAMMOR (Green)
Thu Jan 16 15:42:56 2025 BomberManxres (Blue) [SMG] CTPAX (Green)
Thu Jan 16 15:42:58 2025 oktavis (Blue) [Headshot] Ananas [usa] (Green)
Thu Jan 16 15:43:05 2025 oktavis (Blue) [Headshot] Gungard (Green)
Thu Jan 16 15:43:09 2025 Cloroformo picked up Blue's Intel.
Thu Jan 16 15:43:10 2025 Cloroformo (Green) [Headshot] PIPi (Blue)
Thu Jan 16 15:43:11 2025 Minensucher (Blue) [Headshot] CAMMOR (Green)
Thu Jan 16 15:43:12 2025 oktavis dropped Green's Intel
Thu Jan 16 15:43:12 2025 Nelson (Green) [SMG] oktavis (Blue)
Thu Jan 16 15:43:13 2025 Cloroformo (Green) [Headshot] CandyTheSheep (Blue)
Thu Jan 16 15:43:14 2025 Minensucher (Blue) [Headshot] vasekvk (Green)
Thu Jan 16 15:43:21 2025 Ananas [usa] (Green) [SMG] Minensucher (Blue)
Thu Jan 16 15:43:27 2025 Cloroformo (Green) [Headshot] BomberManxres (Blue)
Thu Jan 16 15:43:30 2025 TheRollingStone (Blue) [SMG] macro (Green)
Thu Jan 16 15:43:33 2025 Nelson (Green) [SMG] Minensucher (Blue)
Thu Jan 16 15:43:37 2025 [Global] PIPi (Blue): idk
Thu Jan 16 15:43:37 2025 Cloroformo (Green) [Headshot] ENTUSSIASMAO (Blue)
Thu Jan 16 15:43:41 2025 [Global] PIPi (Blue): just pipi
Thu Jan 16 15:43:43 2025 Cloroformo (Green) [Rifle] Danio (Blue)
Thu Jan 16 15:43:44 2025 CandyTheSheep (Blue) [SMG] Gungard (Green)
Thu Jan 16 15:43:44 2025 [Global] PIPi (Blue): PIPi
Thu Jan 16 15:43:46 2025 [Global] PIPi (Blue): pipipi
Thu Jan 16 15:43:48 2025 [Global] Deuce (Blue): PIPi
Thu Jan 16 15:43:51 2025 [Global] CandyTheSheep (Blue): pipípipi
Thu Jan 16 15:43:53 2025 TheRollingStone (Blue) [Headshot] Ananas [usa] (Green)
Thu Jan 16 15:43:53 2025 Player Tatu has left
Thu Jan 16 15:43:56 2025 [Global] PIPi (Blue): good deuce
Thu Jan 16 15:43:56 2025 Cloroformo dropped Blue's Intel
Thu Jan 16 15:43:56 2025 Deuce (Blue) [SMG] Cloroformo (Green)
Thu Jan 16 15:44:00 2025 [Global] PIPi (Blue): deuce-w-
Thu Jan 16 15:44:01 2025 CandyTheSheep (Blue) [SMG] Nelson (Green)
Thu Jan 16 15:44:01 2025 CandyTheSheep (Blue) [Headshot] CAMMOR (Green)
Thu Jan 16 15:44:02 2025 [Global] Deuce (Blue): good PIPi
Thu Jan 16 15:44:06 2025 oktavis (Blue) [Headshot] CTPAX (Green)
Thu Jan 16 15:44:08 2025 BomberManxres picked up Green's Intel.
Thu Jan 16 15:44:09 2025 [Global] Deuce (Blue): PIPi-w-
Thu Jan 16 15:44:16 2025 TheRollingStone (Blue) [Headshot] Gungard (Green)
Thu Jan 16 15:44:17 2025 [Global] PIPi (Blue): deuce UwU
Thu Jan 16 15:44:23 2025 oktavis (Blue) [SMG]
Thu Jan 16 15:44:24 2025 Cloroformo (Green) [Headshot] TheRollingStone (Blue)
Thu Jan 16 15:44:25 2025 Ananas [usa] (Green) [Headshot] Minensucher (Blue)
Thu Jan 16 15:44:25 2025 Cloroformo picked up Blue's Intel.
Thu Jan 16 15:44:28 2025 [Global] Deuce (Blue): PIPi OwO
Thu Jan 16 15:44:29 2025 CandyTheSheep (Blue) [SMG] Ananas [usa] (Green)
Thu Jan 16 15:44:32 2025 Nelson (Green) [Headshot] CandyTheSheep (Blue)
Thu Jan 16 15:44:35 2025 [Global] PIPi (Blue): deuce??????????????????~~~~~~~~~~~~~~~~~
Thu Jan 16 15:44:40 2025 Cloroformo (Green) [Rifle] ENTUSSIASMAO (Blue)
Thu Jan 16 15:44:42 2025 Nelson (Green) [SMG] PIPi (Blue)
Thu Jan 16 15:44:42 2025 [Global] CandyTheSheep (Blue): omg deuce-san
Thu Jan 16 15:44:43 2025 oktavis (Blue) [Headshot] Nelson (Green)
Thu Jan 16 15:44:45 2025 oktavis (Blue) [SMG] CAMMOR (Green)
Thu Jan 16 15:44:45 2025 [Global] Deuce (Blue): PIPi???????????????????~~~~~~~~
Thu Jan 16 15:44:45 2025 Tatu joined Green team
Thu Jan 16 15:44:48 2025 [Global] PIPi (Blue): yeah'
Thu Jan 16 15:44:51 2025 BomberManxres captured Green's Intel.
Thu Jan 16 15:44:51 2025 CTPAX (Green) [SMG] Minensucher (Blue)
Thu Jan 16 15:44:52 2025 [Global] PIPi (Blue): deuce-saN!!!!!!!
Thu Jan 16 15:44:56 2025 oktavis (Blue) [Headshot] Gungard (Green)
Thu Jan 16 15:44:56 2025 TheRollingStone picked up Green's Intel.
Thu Jan 16 15:45:01 2025 Ananas [usa] (Green) [Headshot] oktavis (Blue)
Thu Jan 16 15:45:01 2025 CandyTheSheep (Blue) [Headshot] Ananas [usa] (Green)
Thu Jan 16 15:45:03 2025 pepito777 joined Spectator team
Thu Jan 16 15:45:04 2025 CTPAX (Green) [Headshot] CandyTheSheep (Blue)
Thu Jan 16 15:45:10 2025 Minensucher (Blue) [Headshot] macro (Green)
Thu Jan 16 15:45:11 2025 Minensucher (Blue) [SMG] CTPAX (Green)
Thu Jan 16 15:45:14 2025 CAMMOR (Green) [Rifle]
Thu Jan 16 15:45:16 2025 [Global] Deuce (Blue): :c
Thu Jan 16 15:45:18 2025 CAMMOR (Green) [Fall]
Thu Jan 16 15:45:20 2025 Cloroformo dropped Blue's Intel
Thu Jan 16 15:45:20 2025 PIPi (Blue) [Headshot] Cloroformo (Green)
Thu Jan 16 15:45:23 2025 oktavis (Blue) [Headshot] Nelson (Green)
Thu Jan 16 15:45:24 2025 [Global] PIPi (Blue): deuce!!}
Thu Jan 16 15:45:24 2025 Tatu (Green) [Headshot] Minensucher (Blue)
Thu Jan 16 15:45:25 2025 Player CTPAX has left
Thu Jan 16 15:45:25 2025 [Global] Deuce (Blue): i cant even make a visual joke, all blocks r blue
Thu Jan 16 15:45:25 2025 Tatu (Green) [Headshot] oktavis (Blue)
Thu Jan 16 15:45:25 2025  The Blue intel has been reset.
Thu Jan 16 15:45:26 2025 [Global] PIPi (Blue): im heere
Thu Jan 16 15:45:28 2025 [Global] PIPi (Blue): de9ce!!!
Thu Jan 16 15:45:30 2025 Player CAMMOR has left
Thu Jan 16 15:45:36 2025 [Global] PIPi (Blue): hey deuce
Thu Jan 16 15:45:40 2025 CTPAX joined Green team
Thu Jan 16 15:45:41 2025 [Global] Deuce (Blue): hey PIPi
Thu Jan 16 15:45:43 2025 [Global] Deuce (Blue): i dont see u
Thu Jan 16 15:45:48 2025 CandyTheSheep (Blue) [SMG] Tatu (Green)
Thu Jan 16 15:45:49 2025 [Global] PIPi (Blue): also///
Thu Jan 16 15:45:50 2025 Ananas [usa] (Green) [SMG] oktavis (Blue)
Thu Jan 16 15:45:51 2025 Minensucher (Blue) [Headshot] Gungard (Green)
Thu Jan 16 15:45:53 2025 PixelPizza joined Green team
Thu Jan 16 15:45:53 2025 ENTUSSIASMAO (Blue) [Headshot] Cloroformo (Green)
Thu Jan 16 15:45:56 2025 TheRollingStone captured Green's Intel.
Thu Jan 16 15:45:58 2025 Nelson (Green) [Headshot] Danio (Blue)
Thu Jan 16 15:45:58 2025 [Global] PIPi (Blue): im D%
Thu Jan 16 15:46:02 2025 CandyTheSheep (Blue) [Headshot] Ananas [usa] (Green)
Thu Jan 16 15:46:02 2025 [Global] PIPi (Blue): D5
Thu Jan 16 15:46:04 2025 Nelson (Green) [Headshot] CandyTheSheep (Blue)
Thu Jan 16 15:46:06 2025 [Global] Deuce (Blue): hello D%, im Deuce
Thu Jan 16 15:46:16 2025 Danio picked up Green's Intel.
Thu Jan 16 15:46:17 2025 TheRollingStone (Blue) [Headshot] Cloroformo (Green)
Thu Jan 16 15:46:19 2025 [Global] PIPi (Blue): lol
Thu Jan 16 15:46:21 2025 oktavis (Blue) [Headshot] macro (Green)
Thu Jan 16 15:46:22 2025 [Global] Ananas [usa] (Green): helo peepee im ananas
Thu Jan 16 15:46:30 2025 [Global] PIPi (Blue): im pipi 
Thu Jan 16 15:46:32 2025 ENTUSSIASMAO (Blue) [SMG] Nelson (Green)
Thu Jan 16 15:46:33 2025 bobble joined Blue team
Thu Jan 16 15:46:34 2025 [Global] PIPi (Blue): not peepee
Thu Jan 16 15:46:34 2025 Ananas [usa] (Green) [Headshot] BomberManxres (Blue)
Thu Jan 16 15:46:34 2025 oktavis (Blue) [Grenade] Gungard (Green)
Thu Jan 16 15:46:35 2025 Deuce (Blue) [SMG] Tatu (Green)
Thu Jan 16 15:46:35 2025 Minensucher (Blue) [Headshot] PixelPizza (Green)
Thu Jan 16 15:46:39 2025 [Global] PIPi (Blue): nanais
Thu Jan 16 15:46:40 2025 Cloroformo (Green) [Headshot] ENTUSSIASMAO (Blue)
Thu Jan 16 15:46:43 2025 TheRollingStone (Blue) [Headshot] Ananas [usa] (Green)
Thu Jan 16 15:46:44 2025 oktavis (Blue) [Grenade] CTPAX (Green)
Thu Jan 16 15:46:55 2025 [Global] CandyTheSheep (Blue): Why my peepee white
Thu Jan 16 15:47:05 2025 [Global] Deuce (Blue): PIPi -w-
Thu Jan 16 15:47:05 2025 TheRollingStone (Blue) [SMG] Gungard (Green)
Thu Jan 16 15:47:08 2025 Minensucher (Blue) [SMG] Nelson (Green)
Thu Jan 16 15:47:09 2025 [Global] Deuce (Blue): well, gg
Thu Jan 16 15:47:10 2025 Ananas [usa] (Green) [Headshot] bobble (Blue)
Thu Jan 16 15:47:10 2025 Player Gungard has left
Thu Jan 16 15:47:12 2025 [Global] Deuce (Blue): cya ☻7
Thu Jan 16 15:47:13 2025 Nelson (Green) [Weapon Change]
Thu Jan 16 15:47:13 2025 Ananas [usa] (Green) [SMG] CandyTheSheep (Blue)
Thu Jan 16 15:47:13 2025 [Global] PIPi (Blue): gg
Thu Jan 16 15:47:13 2025 Player Deuce has left
Thu Jan 16 15:47:15 2025 Cloroformo (Green) [Headshot] TheRollingStone (Blue)
Thu Jan 16 15:47:16 2025 [Global] PIPi (Blue): deuce UWu
Thu Jan 16 15:47:18 2025 Cloroformo (Green) [Headshot] Minensucher (Blue)
Thu Jan 16 15:47:18 2025 macro (Green) [Rifle] oktavis (Blue)
Thu Jan 16 15:47:25 2025 EmperorJot joined Green team
Thu Jan 16 15:47:29 2025 CTPAX (Green) [Headshot] PIPi (Blue)
Thu Jan 16 15:47:32 2025 CTPAX (Green) [SMG]
Thu Jan 16 15:47:32 2025 EmperorJot picked up Blue's Intel.
Thu Jan 16 15:47:36 2025 vivian<3 joined Blue team
Thu Jan 16 15:47:38 2025  Type /help for info & commands
Thu Jan 16 15:47:42 2025 PixelPizza (Green) [Headshot] oktavis (Blue)
Thu Jan 16 15:47:48 2025 Cloroformo (Green) [Headshot] BomberManxres (Blue)
Thu Jan 16 15:47:48 2025 Minensucher (Blue) [Headshot] Tatu (Green)
Thu Jan 16 15:47:53 2025 CAMMOR joined Green team
Thu Jan 16 15:47:53 2025 Minensucher (Blue) [Headshot] Nelson (Green)
Thu Jan 16 15:47:53 2025 macro (Green) [Headshot] Minensucher (Blue)
Thu Jan 16 15:47:54 2025 macro (Green) [Headshot] TheRollingStone (Blue)
Thu Jan 16 15:48:02 2025 [Global] CandyTheSheep (Blue): pipi 7w7
Thu Jan 16 15:48:03 2025 Danio captured Green's Intel.
Thu Jan 16 15:48:06 2025 PixelPizza (Green) [Headshot] oktavis (Blue)
Thu Jan 16 15:48:07 2025 San4Craft joined Blue team
Thu Jan 16 15:48:11 2025 CTPAX (Green) [SMG] CandyTheSheep (Blue)
Thu Jan 16 15:48:12 2025 macro (Green) [Headshot] Minensucher (Blue)
Thu Jan 16 15:48:13 2025 ENTUSSIASMAO (Blue) [SMG] Cloroformo (Green)
Thu Jan 16 15:48:17 2025 CAMMOR (Green) [SMG]
Thu Jan 16 15:48:20 2025 PixelPizza (Green) [SMG]
Thu Jan 16 15:48:22 2025 EmperorJot dropped Blue's Intel
Thu Jan 16 15:48:22 2025 BomberManxres (Blue) [SMG] EmperorJot (Green)
Thu Jan 16 15:48:23 2025 CandyTheSheep (Blue) [Headshot] CTPAX (Green)
Thu Jan 16 15:48:23 2025 BomberManxres (Blue) [SMG] Ananas [usa] (Green)
Thu Jan 16 15:48:26 2025 Nelson (Green) [Headshot] BomberManxres (Blue)
Thu Jan 16 15:48:30 2025 Player San4Craft has left
Thu Jan 16 15:48:31 2025 TheRollingStone (Blue) [Headshot] Nelson (Green)
Thu Jan 16 15:48:34 2025 BomberManxres picked up Green's Intel.
Thu Jan 16 15:48:37 2025 Y.O.B.A. joined Green team
Thu Jan 16 15:48:42 2025 macro (Green) [Rifle] oktavis (Blue)
Thu Jan 16 15:48:49 2025 Cloroformo (Green) [Headshot] ENTUSSIASMAO (Blue)
Thu Jan 16 15:48:49 2025 [Global] PIPi (Blue): yobaaaaaa
Thu Jan 16 15:48:49 2025 CAMMOR picked up Blue's Intel.
Thu Jan 16 15:48:52 2025 [Global] Y.O.B.A. (Green): aight
Thu Jan 16 15:48:53 2025 CandyTheSheep (Blue) [Headshot] CTPAX (Green)
Thu Jan 16 15:48:53 2025 [Global] PIPi (Blue): go blue 
Thu Jan 16 15:48:55 2025 macro (Green) [Headshot] vivian<3 (Blue)
Thu Jan 16 15:48:57 2025 Cloroformo (Green) [Headshot] TheRollingStone (Blue)
Thu Jan 16 15:48:58 2025 [Global] Y.O.B.A. (Green): im back <3
Thu Jan 16 15:49:00 2025 BomberManxres dropped Green's Intel
Thu Jan 16 15:49:00 2025 PixelPizza (Green) [SMG] BomberManxres (Blue)
Thu Jan 16 15:49:05 2025 [Global] PIPi (Blue): yoba!Yo
Thu Jan 16 15:49:06 2025 macro (Green) [Headshot] PIPi (Blue)
Thu Jan 16 15:49:06 2025 bobble (Blue) [SMG]
Thu Jan 16 15:49:06 2025 oktavis (Blue) [Grenade] Tatu (Green)
Thu Jan 16 15:49:06 2025 CAMMOR dropped Blue's Intel
Thu Jan 16 15:49:06 2025 oktavis (Blue) [Grenade] CAMMOR (Green)
Thu Jan 16 15:49:08 2025 Player vivian<3 has left
Thu Jan 16 15:49:12 2025 Cloroformo (Green) [Headshot] CandyTheSheep (Blue)
Thu Jan 16 15:49:16 2025 [Global] Y.O.B.A. (Green): hi hi hi PI:)
Thu Jan 16 15:49:21 2025 [Global] PIPi (Blue): hi hi hi]
Thu Jan 16 15:49:22 2025 Nelson (Green) [Headshot] oktavis (Blue)
Thu Jan 16 15:49:25 2025 [Global] Ananas [usa] (Green): no its PEEE PEEE
Thu Jan 16 15:49:25 2025 Y.O.B.A. (Green) [Weapon Change]
Thu Jan 16 15:49:25 2025 [Global] PIPi (Blue): go blue team
Thu Jan 16 15:49:33 2025 bobble (Blue) [SMG] EmperorJot (Green)
Thu Jan 16 15:49:33 2025 CAMMOR (Green) [SMG]
Thu Jan 16 15:49:34 2025 macro (Green) [Rifle] bobble (Blue)
Thu Jan 16 15:49:34 2025 [Global] Y.O.B.A. (Green): did :P
Thu Jan 16 15:49:37 2025 Ananas [usa] (Green) [Headshot] oktavis (Blue)
Thu Jan 16 15:49:38 2025 [Global] Y.O.B.A. (Green): wa
Thu Jan 16 15:49:39 2025 TheRollingStone picked up Green's Intel.
Thu Jan 16 15:49:40 2025 capibara joined Blue team
Thu Jan 16 15:49:40 2025 Minensucher (Blue) [SMG] Cloroformo (Green)
Thu Jan 16 15:49:44 2025 [Global] PIPi (Blue): pipibara!
Thu Jan 16 15:49:46 2025 Y.O.B.A. (Green) [Team Change]
Thu Jan 16 15:49:47 2025 Y.O.B.A. joined Blue team
Thu Jan 16 15:49:47 2025 PixelPizza (Green) [SMG]
Thu Jan 16 15:49:53 2025 [Global] capibara (Blue): pipi pipi
Thu Jan 16 15:49:54 2025 Ananas [usa] (Green) [Headshot] CandyTheSheep (Blue)
Thu Jan 16 15:49:54 2025 raccoon joined Green team
Thu Jan 16 15:49:55 2025 CTPAX picked up Blue's Intel.
Thu Jan 16 15:49:59 2025 PixelPizza (Green) [SMG] Y.O.B.A. (Blue)
Thu Jan 16 15:50:00 2025 Minensucher (Blue) [SMG] Nelson (Green)
Thu Jan 16 15:50:03 2025 Cloroformo (Green) [Headshot] Minensucher (Blue)
Thu Jan 16 15:50:06 2025 PixelPizza (Green) [Headshot] ENTUSSIASMAO (Blue)
Thu Jan 16 15:50:06 2025 capibara (Blue) [Headshot] macro (Green)
Thu Jan 16 15:50:07 2025 TheRollingStone captured Green's Intel.
Thu Jan 16 15:50:08 2025 CTPAX dropped Blue's Intel
Thu Jan 16 15:50:08 2025 capibara (Blue) [Headshot] CTPAX (Green)
Thu Jan 16 15:50:08 2025 EmperorJot (Green) [Headshot] oktavis (Blue)
Thu Jan 16 15:50:10 2025 ENTUSSIASMAO picked up Green's Intel.
Thu Jan 16 15:50:13 2025 bobble (Blue) [SMG]
Thu Jan 16 15:50:14 2025 capibara (Blue) [SMG] Tatu (Green)
Thu Jan 16 15:50:17 2025 pepito777 joined Blue team
Thu Jan 16 15:50:19 2025 PixelPizza (Green) [Headshot] pepito777 (Blue)
Thu Jan 16 15:50:23 2025 CandyTheSheep (Blue) [Headshot] Ananas [usa] (Green)
Thu Jan 16 15:50:24 2025 Danio (Blue) [Headshot] Cloroformo (Green)
Thu Jan 16 15:50:24 2025 [Team] Tatu (Green): we need to cutt their bridge!
Thu Jan 16 15:50:27 2025 TheRollingStone (Blue) [Headshot] EmperorJot (Green)
Thu Jan 16 15:50:28 2025 TheRollingStone (Blue) [Headshot] CAMMOR (Green)
Thu Jan 16 15:50:29 2025 PixelPizza (Green) [SMG] pepito777 (Blue)
Thu Jan 16 15:50:31 2025 Nelson (Green) [Headshot] Danio (Blue)
Thu Jan 16 15:50:33 2025 PixelPizza (Green) [SMG] pepito777 (Blue)
Thu Jan 16 15:50:34 2025 Y.O.B.A. (Blue) [SMG]
Thu Jan 16 15:50:36 2025 TheRollingStone (Blue) [Headshot] CTPAX (Green)
Thu Jan 16 15:50:37 2025 capibara (Blue) [Headshot] raccoon (Green)
Thu Jan 16 15:50:43 2025 Nelson (Green) [Rifle]
Thu Jan 16 15:50:45 2025 capibara (Blue) [SMG]
Thu Jan 16 15:50:49 2025 PixelPizza (Green) [SMG] capibara (Blue)
Thu Jan 16 15:50:49 2025 bobble (Blue) [SMG]
Thu Jan 16 15:50:53 2025 PixelPizza (Green) [Fall]
Thu Jan 16 15:50:55 2025 EmperorJot (Green) [SMG]
Thu Jan 16 15:50:55 2025 Cloroformo (Green) [Grenade] TheRollingStone (Blue)
Thu Jan 16 15:50:59 2025 CandyTheSheep (Blue) [Headshot] macro (Green)
Thu Jan 16 15:51:01 2025 macro (Green) [Grenade] oktavis (Blue)
Thu Jan 16 15:51:01 2025 macro (Green) [Grenade] Minensucher (Blue)
Thu Jan 16 15:51:04 2025 pepito777 (Blue) [Headshot] CTPAX (Green)
Thu Jan 16 15:51:11 2025 Cloroformo (Green) [Headshot] CandyTheSheep (Blue)
Thu Jan 16 15:51:18 2025 [Global] PIPi (Blue): hi bomber
Thu Jan 16 15:51:21 2025 Nelson (Green) [Rifle]
Thu Jan 16 15:51:24 2025 [Global] BomberManxres (Blue): hi pee pee
Thu Jan 16 15:51:26 2025 PixelPizza (Green) [Headshot] capibara (Blue)
Thu Jan 16 15:51:26 2025 Cloroformo (Green) [Rifle] TheRollingStone (Blue)
Thu Jan 16 15:51:28 2025 Cloroformo (Green) [Rifle] pepito777 (Blue)
Thu Jan 16 15:51:28 2025 [Global] PIPi (Blue): ...
Thu Jan 16 15:51:30 2025 [Global] PIPi (Blue): pipi
Thu Jan 16 15:51:35 2025 [Global] BomberManxres (Blue): sorry pipi
Thu Jan 16 15:51:35 2025 oktavis (Blue) [SMG] EmperorJot (Green)
Thu Jan 16 15:51:35 2025 macro (Green) [Rifle] bobble (Blue)
Thu Jan 16 15:51:38 2025 [Global] CandyTheSheep (Blue): pipi :c
Thu Jan 16 15:51:39 2025 [Global] PIPi (Blue): only pipi
Thu Jan 16 15:51:44 2025 [Global] PIPi (Blue): oK)
Thu Jan 16 15:51:49 2025 oktavis (Blue) [Headshot] Ananas [usa] (Green)
Thu Jan 16 15:51:52 2025 [Global] PIPi (Blue): good bomber
Thu Jan 16 15:51:54 2025 PixelPizza (Green) [Weapon Change]
Thu Jan 16 15:51:54 2025 CandyTheSheep (Blue) [Headshot] macro (Green)
Thu Jan 16 15:51:56 2025 CAMMOR (Green) [SMG] oktavis (Blue)
Thu Jan 16 15:51:56 2025 BomberManxres (Blue) [SMG] Nelson (Green)
Thu Jan 16 15:51:56 2025 capibara (Blue) [Headshot] CAMMOR (Green)
Thu Jan 16 15:51:59 2025 [Global] CandyTheSheep (Blue): PeeWee
Thu Jan 16 15:51:59 2025 PixelPizza (Green) [Headshot] bobble (Blue)
Thu Jan 16 15:51:59 2025 CTPAX (Green) [Headshot] TheRollingStone (Blue)
Thu Jan 16 15:52:00 2025 [Global] Y.O.B.A. (Blue): kay
Thu Jan 16 15:52:00 2025 [Global] Ananas [usa] (Green): I LOVE PEPE
Thu Jan 16 15:52:03 2025 CAMMOR (Green) [Weapon Change]
Thu Jan 16 15:52:05 2025 raccoon (Green) [Headshot] Minensucher (Blue)
Thu Jan 16 15:52:07 2025 Cloroformo (Green) [Rifle] Y.O.B.A. (Blue)
Thu Jan 16 15:52:09 2025 PixelPizza (Green) [Headshot] bobble (Blue)
Thu Jan 16 15:52:09 2025 Player Minensucher has left
Thu Jan 16 15:52:11 2025 [Global] Ananas [usa] (Green): be my wife pls
Thu Jan 16 15:52:12 2025 CTPAX (Green) [Headshot] pepito777 (Blue)
Thu Jan 16 15:52:17 2025 PixelPizza (Green) [Headshot] Y.O.B.A. (Blue)
Thu Jan 16 15:52:18 2025 capibara (Blue) [Headshot] Tatu (Green)
Thu Jan 16 15:52:18 2025 Cloroformo (Green) [Headshot] capibara (Blue)
Thu Jan 16 15:52:20 2025 [Global] PIPi (Blue): no 
Thu Jan 16 15:52:22 2025 Nelson (Green) [Headshot] BomberManxres (Blue)
Thu Jan 16 15:52:23 2025 [Global] PIPi (Blue): im pipi
Thu Jan 16 15:52:26 2025 PixelPizza (Green) [Headshot] pepito777 (Blue)
Thu Jan 16 15:52:27 2025 EmperorJot (Green) [SMG] TheRollingStone (Blue)
Thu Jan 16 15:52:27 2025 [Global] Ananas [usa] (Green): but...... why
Thu Jan 16 15:52:28 2025 Cloroformo (Green) [Headshot] Danio (Blue)
Thu Jan 16 15:52:28 2025 Player macro has left
Thu Jan 16 15:52:28 2025 PIPi (Blue) [Headshot] Nelson (Green)
Thu Jan 16 15:52:31 2025 PixelPizza (Green) [Headshot] Y.O.B.A. (Blue)
Thu Jan 16 15:52:32 2025 [Team] Tatu (Green): i cut one ṕart
Thu Jan 16 15:52:33 2025 CTPAX (Green) [Headshot] oktavis (Blue)
Thu Jan 16 15:52:35 2025 [Global] PIPi (Blue): im pipi
Thu Jan 16 15:52:37 2025 pepito777 (Blue) [Weapon Change]
Thu Jan 16 15:52:37 2025 [Global] PIPi (Blue): not pee pee
Thu Jan 16 15:52:38 2025  Type /help for info & commands
Thu Jan 16 15:52:40 2025 [Team] Tatu (Green): ggogogo
Thu Jan 16 15:52:41 2025 Cloroformo (Green) [Headshot] PIPi (Blue)
Thu Jan 16 15:52:44 2025 EmperorJot picked up Blue's Intel.
Thu Jan 16 15:52:45 2025 [Global] Ananas [usa] (Green): maybe Pepe like memes
Thu Jan 16 15:52:54 2025 PixelPizza (Green) [Rifle] pepito777 (Blue)
Thu Jan 16 15:52:56 2025 Ananas [usa] (Green) [SMG] bobble (Blue)
Thu Jan 16 15:52:56 2025 TheRollingStone (Blue) [SMG] Cloroformo (Green)
Thu Jan 16 15:52:56 2025 Danio (Blue) [Rifle] Ananas [usa] (Green)
Thu Jan 16 15:52:58 2025 CTPAX (Green) [SMG] oktavis (Blue)
Thu Jan 16 15:53:01 2025 [Global] PIPi (Blue): hm
Thu Jan 16 15:53:01 2025 bobble (Blue) [Weapon Change]
Thu Jan 16 15:53:03 2025 Nelson (Green) [Headshot] TheRollingStone (Blue)
Thu Jan 16 15:53:04 2025 CandyTheSheep (Blue) [SMG] Tatu (Green)
Thu Jan 16 15:53:09 2025 Nelson (Green) [Rifle]
Thu Jan 16 15:53:10 2025 [Global] Y.O.B.A. (Blue): be my pipi, PIPi ;)
Thu Jan 16 15:53:13 2025 Player raccoon has left
Thu Jan 16 15:53:14 2025 oktavis (Blue) [SMG] CTPAX (Green)
Thu Jan 16 15:53:17 2025 [Global] Ananas [usa] (Green): noooo
Thu Jan 16 15:53:19 2025 [Global] PIPi (Blue): YES YOBA!
Thu Jan 16 15:53:20 2025 [Team] EmperorJot (Green): where tf do we bring the intel to
Thu Jan 16 15:53:22 2025 [Global] Y.O.B.A. (Blue): :)
Thu Jan 16 15:53:24 2025 capibara (Blue) [Headshot] Cloroformo (Green)
Thu Jan 16 15:53:25 2025 [Global] PIPi (Blue): im ur pIPI!!
Thu Jan 16 15:53:26 2025 [Global] Ananas [usa] (Green): shes mine!!!
Thu Jan 16 15:53:26 2025 [Global] Y.O.B.A. (Blue): see
Thu Jan 16 15:53:27 2025 [Global] CandyTheSheep (Blue): OMGGG
Thu Jan 16 15:53:28 2025 CAMMOR (Green) [Headshot] oktavis (Blue)
Thu Jan 16 15:53:31 2025 Nelson (Green) [Headshot] capibara (Blue)
Thu Jan 16 15:53:32 2025 Danio (Blue) [Headshot] CAMMOR (Green)
Thu Jan 16 15:53:33 2025 oktavis (Blue) [Weapon Change]
Thu Jan 16 15:53:33 2025 [Global] Y.O.B.A. (Blue): Pipi!:)
Thu Jan 16 15:53:34 2025 CandyTheSheep (Blue) [SMG]
Thu Jan 16 15:53:39 2025 [Global] Ananas [usa] (Green): ffuuuuuuuuu
Thu Jan 16 15:53:42 2025 Danio (Blue) [Headshot] Tatu (Green)
Thu Jan 16 15:53:48 2025 [Global] Y.O.B.A. (Blue): Pipi, pi not pipi
Thu Jan 16 15:53:50 2025 oktavis (Blue) [Headshot] CTPAX (Green)
Thu Jan 16 15:53:52 2025 TheRollingStone (Blue) [Headshot] Cloroformo (Green)
Thu Jan 16 15:53:53 2025 TheRollingStone (Blue) [SMG] Nelson (Green)
Thu Jan 16 15:53:59 2025 [Global] PIPi (Blue): decide whose i an in the duel!!!!!!
Thu Jan 16 15:53:59 2025 EmperorJot dropped Blue's Intel
Thu Jan 16 15:53:59 2025 bobble (Blue) [Headshot] EmperorJot (Green)
Thu Jan 16 15:54:01 2025 Ananas [usa] (Green) [SMG]
Thu Jan 16 15:54:01 2025 [Global] CandyTheSheep (Blue): Pipi, pi, pipipi pi pipi?
Thu Jan 16 15:54:05 2025 [Team] Tatu (Green): we need to cur their bridge
Thu Jan 16 15:54:06 2025 [Global] Y.O.B.A. (Blue): O_O
Thu Jan 16 15:54:07 2025 CAMMOR picked up Blue's Intel.
Thu Jan 16 15:54:12 2025 [Global] Y.O.B.A. (Blue): OwO
Thu Jan 16 15:54:12 2025 [Global] Ananas [usa] (Green): mmmmm
Thu Jan 16 15:54:14 2025 BomberManxres (Blue) [Headshot] Tatu (Green)
Thu Jan 16 15:54:17 2025 vlado           joined Green team
Thu Jan 16 15:54:19 2025 Cloroformo (Green) [Headshot] TheRollingStone (Blue)
Thu Jan 16 15:54:19 2025 [Global] Ananas [usa] (Green): do u good at sucking
Thu Jan 16 15:54:19 2025 [Global] PIPi (Blue): ananas VS YOBA
Thu Jan 16 15:54:21 2025 [Global] Y.O.B.A. (Blue): jk
Thu Jan 16 15:54:23 2025 CandyTheSheep (Blue) [Headshot] Cloroformo (Green)
Thu Jan 16 15:54:24 2025 CTPAX (Green) [Headshot] bobble (Blue)
Thu Jan 16 15:54:25 2025 capibara (Blue) [Headshot] Nelson (Green)
Thu Jan 16 15:54:31 2025 vlado           (Green) [Headshot] bobble (Blue)
Thu Jan 16 15:54:31 2025 Player Nelson has left
Thu Jan 16 15:54:32 2025 capibara (Blue) [Headshot] Ananas [usa] (Green)
Thu Jan 16 15:54:33 2025 capibara (Blue) [Headshot] EmperorJot (Green)
Thu Jan 16 15:54:35 2025 CTPAX (Green) [Headshot] pepito777 (Blue)
Thu Jan 16 15:54:37 2025 vlado           (Green) [Headshot] bobble (Blue)
Thu Jan 16 15:54:38 2025 TheRollingStone (Blue) [Headshot] CTPAX (Green)
Thu Jan 16 15:54:39 2025 vlado           (Green) [Headshot] pepito777 (Blue)
Thu Jan 16 15:54:40 2025 Player EmperorJot has left
Thu Jan 16 15:54:40 2025 kasketorage joined Green team
Thu Jan 16 15:54:40 2025 PixelPizza (Green) [Fall]
Thu Jan 16 15:54:41 2025 capibara (Blue) [SMG] Tatu (Green)
Thu Jan 16 15:54:42 2025 pepito777 (Blue) [Weapon Change]
Thu Jan 16 15:54:45 2025 [Global] PIPi (Blue): Winner will get me!
Thu Jan 16 15:54:47 2025 Cloroformo (Green) [Rifle] capibara (Blue)
Thu Jan 16 15:54:47 2025 pepito777 (Blue) [SMG]
Thu Jan 16 15:54:51 2025 bobble (Blue) [Rifle]
Thu Jan 16 15:54:54 2025 [Global] Y.O.B.A. (Blue): no, Pipi, i pipi Pipie, but pipi..
Thu Jan 16 15:54:55 2025 [Global] capibara (Blue): smelly yoba
Thu Jan 16 15:54:56 2025 Noaa joined Spectator team
Thu Jan 16 15:54:57 2025 TheRollingStone (Blue) [SMG] Tatu (Green)
Thu Jan 16 15:55:02 2025 [Global] PIPi (Blue): hi noaa
Thu Jan 16 15:55:03 2025 TheRollingStone (Blue) [SMG] CTPAX (Green)
Thu Jan 16 15:55:04 2025 Cloroformo (Green) [Headshot] Danio (Blue)
Thu Jan 16 15:55:05 2025 kasketorage (Green) [Fall]
Thu Jan 16 15:55:05 2025 CandyTheSheep (Blue) [Headshot] Cloroformo (Green)
Thu Jan 16 15:55:07 2025 [Global] PIPi (Blue): ananas?
Thu Jan 16 15:55:11 2025 [Global] Noaa (): wow im not sure ive ever seen push this busy
Thu Jan 16 15:55:12 2025 kasketorage (Green) [Rifle]
Thu Jan 16 15:55:14 2025 Tatu (Green) [Headshot] TheRollingStone (Blue)
Thu Jan 16 15:55:15 2025 [Global] Noaa (): hi pipi
Thu Jan 16 15:55:17 2025 vlado           (Green) [Headshot] TheRollingStone (Blue)
Thu Jan 16 15:55:20 2025 [Global] PIPi (Blue): hi hih ih
Thu Jan 16 15:55:28 2025 bobble (Blue) [Rifle]
Thu Jan 16 15:55:29 2025 BomberManxres (Blue) [Headshot] Cloroformo (Green)
Thu Jan 16 15:55:29 2025 [Global] PIPi (Blue): ananas?
Thu Jan 16 15:55:32 2025 Disconnecting
