Sat Mar 29 13:03:03 2025 ------ World Loaded ------
Sat Mar 29 13:03:03 2025 Welcome to aloha.pk tower of babel
Sat Mar 29 13:03:03 2025 Born (Red) [Headshot] fritzel (Blue)
Sat Mar 29 13:03:05 2025 Map: WarmKnot by AquaLessPantsu
Sat Mar 29 13:03:06 2025 fritzel (Blue) [Fall]
Sat Mar 29 13:03:06 2025 Stefanonimo () [Fall]
Sat Mar 29 13:03:07 2025 Game mode: babel
Sat Mar 29 13:03:08 2025 [Global] Barrack_Kamala (Blue): Enemy team
Sat Mar 29 13:03:09 2025 VERONICA (Blue) [Headshot] Detank (Red)
Sat Mar 29 13:03:09 2025 Build a tower to get the enemy's intel. Take it to your team's tent to win!
Sat Mar 29 13:03:09 2025 B-7 [LV .99] (Red) [Team Change]
Sat Mar 29 13:03:11 2025 Visit our community forum at https://aloha.pk/
Sat Mar 29 13:03:12 2025 [Global] Barrack_Kamala (Blue): please come kill me
Sat Mar 29 13:03:12 2025 PixelPizza (Blue) [Headshot] Starfish (Red)
Sat Mar 29 13:03:12 2025 B-7 [LV .99] joined Spectator team
Sat Mar 29 13:03:13 2025  Use /EMOTE to draw an emote on the map!
Sat Mar 29 13:03:13 2025 Come chat with us at https://discord.aloha.pk/
Sat Mar 29 13:03:13 2025 PixelPizza (Blue) [Headshot] FlatHorizon (Red)
Sat Mar 29 13:03:14 2025 [Global] Y.O.B.A. (): hits by bita  wouldn  bad   :p
Sat Mar 29 13:03:15 2025 Martin (Blue) [Headshot] Detank (Red)
Sat Mar 29 13:03:16 2025 Barrack_Kamala dropped Red's Intel
Sat Mar 29 13:03:16 2025  The intel has returned to the heavens
Sat Mar 29 13:03:16 2025 Barrack_Kamala (Blue) [Grenade]
Sat Mar 29 13:03:17 2025 FerrariFlunker (Red) [Headshot] Loudenboomer (Blue)
Sat Mar 29 13:03:18 2025 Jos picked up Red's Intel.
Sat Mar 29 13:03:18 2025 [Global] Detank (Red): uh
Sat Mar 29 13:03:18 2025 Martin (Blue) [Headshot] Starfish (Red)
Sat Mar 29 13:03:19 2025 microwave (Blue) [Headshot] FerrariFlunker (Red)
Sat Mar 29 13:03:21 2025 Born (Red) [SMG] microwave (Blue)
Sat Mar 29 13:03:21 2025 [Global] Barrack_Kamala (Blue): Nevermind
Sat Mar 29 13:03:21 2025 PixelPizza (Blue) [Headshot] uwu (Red)
Sat Mar 29 13:03:30 2025 FerrariFlunker (Red) [Headshot] CHiNPUi (Blue)
Sat Mar 29 13:03:32 2025 microwave (Blue) [Grenade] Born (Red)
Sat Mar 29 13:03:35 2025 Gungard joined Red team
Sat Mar 29 13:03:40 2025 Bread Orc (Red) [SMG]
Sat Mar 29 13:03:41 2025 microwave (Blue) [Headshot] FerrariFlunker (Red)
Sat Mar 29 13:03:43 2025 microwave (Blue) [Headshot] FlatHorizon (Red)
Sat Mar 29 13:03:44 2025 Harry (Red) [Headshot] microwave (Blue)
Sat Mar 29 13:03:47 2025 Player B-7 [LV .99] has left
Sat Mar 29 13:03:47 2025 danil0609 (Blue) [Fall]
Sat Mar 29 13:03:52 2025 [Global] Detank (Red): holy shit i think im like a minute behind on updates lmfao
Sat Mar 29 13:03:52 2025 Martin (Blue) [Headshot] FerrariFlunker (Red)
Sat Mar 29 13:03:55 2025 [Global] [FX]Phoenix+ (Blue): ceasbed?
Sat Mar 29 13:03:57 2025 [Global] Detank (Red): lag i sgoin wild jesus
Sat Mar 29 13:04:02 2025 fritzel (Blue) [Grenade] uwu (Red)
Sat Mar 29 13:04:02 2025 You must be closer to the enemy's base to shoot blocks!
Sat Mar 29 13:04:04 2025 [Global] Y.O.B.A. (): red  Khabarovski]
Sat Mar 29 13:04:05 2025 microwave (Blue) [Headshot] Harry (Red)
Sat Mar 29 13:04:07 2025 FlatHorizon (Red) [Headshot] Martin (Blue)
Sat Mar 29 13:04:07 2025 Jos captured Red's Intel.
Sat Mar 29 13:04:11 2025 fritzel (Blue) [Headshot] Born (Red)
Sat Mar 29 13:04:15 2025 Starfish (Red) [SMG] danil0609 (Blue)
Sat Mar 29 13:04:15 2025 microwave (Blue) [Headshot] Starfish (Red)
Sat Mar 29 13:04:15 2025 Barrack_Kamala (Blue) [Headshot] FlatHorizon (Red)
Sat Mar 29 13:04:15 2025  Use /HEAVEN to paint the babel platform!
Sat Mar 29 13:04:15 2025 [Global] Y.O.B.A. (): i want them <3
Sat Mar 29 13:04:15 2025 Barrack_Kamala picked up Red's Intel.
Sat Mar 29 13:04:21 2025 Amir joined Red team
Sat Mar 29 13:04:24 2025 Player [FX]Phoenix+ has left
Sat Mar 29 13:04:24 2025 Jigsaw joined Blue team
Sat Mar 29 13:04:26 2025 VERONICA (Blue) [SMG] mariosteve (Red)
Sat Mar 29 13:04:29 2025 CHiNPUi (Blue) [SMG] Bread Orc (Red)
Sat Mar 29 13:04:29 2025 uwu (Red) [Headshot] fritzel (Blue)
Sat Mar 29 13:04:31 2025 FlatHorizon (Red) [Headshot] CHiNPUi (Blue)
Sat Mar 29 13:04:37 2025 PixelPizza (Blue) [Headshot] uwu (Red)
Sat Mar 29 13:04:37 2025 microwave (Blue) [Headshot] FerrariFlunker (Red)
Sat Mar 29 13:04:39 2025 Detank (Red) [Headshot] Martin (Blue)
Sat Mar 29 13:04:40 2025 microwave (Blue) [Headshot] FlatHorizon (Red)
Sat Mar 29 13:04:41 2025 [Global] uwu (Red): wtf
Sat Mar 29 13:04:44 2025 [Team] Bread Orc (Red): go go go
Sat Mar 29 13:04:44 2025 Detank (Red) [Headshot] Jigsaw (Blue)
Sat Mar 29 13:04:44 2025  With 113 blocks placed, Jos is granted the right to unleash the apocalypse.
Sat Mar 29 13:04:44 2025 Barrack_Kamala captured Red's Intel.
Sat Mar 29 13:04:46 2025 [Global] Y.O.B.A. (): 1  khaabarovsk =  505
Sat Mar 29 13:04:46 2025 [Global] Born (Red): What?
Sat Mar 29 13:04:46 2025 [Global] uwu (Red): ups goes insane
Sat Mar 29 13:04:51 2025 Harry (Red) [Headshot] PixelPizza (Blue)
Sat Mar 29 13:04:52 2025 Detank (Red) [Headshot] VERONICA (Blue)
Sat Mar 29 13:04:52 2025 Jos picked up Red's Intel.
Sat Mar 29 13:04:52 2025 microwave (Blue) [Headshot] Harry (Red)
Sat Mar 29 13:04:52 2025 Detank (Red) [Headshot] microwave (Blue)
Sat Mar 29 13:04:54 2025 [Global] Bread Orc (Red): LAGGG
Sat Mar 29 13:04:55 2025 Born (Red) [Headshot] Loudenboomer (Blue)
Sat Mar 29 13:04:56 2025 Born (Red) [Headshot] CHiNPUi (Blue)
Sat Mar 29 13:04:59 2025 Barrack_Kamala (Blue) [SMG] Born (Red)
Sat Mar 29 13:05:05 2025 Bread Orc (Red) [SMG] 1232 (Blue)
Sat Mar 29 13:05:07 2025 fritzel (Blue) [Melee] Moomoo the Cow (Red)
Sat Mar 29 13:05:08 2025 Jigsaw (Blue) [Headshot] Bread Orc (Red)
Sat Mar 29 13:05:11 2025 Detank (Red) [Headshot] Martin (Blue)
Sat Mar 29 13:05:13 2025  Get a 20 killstreak and 1 intel capture(s) to unlock /APOC!
Sat Mar 29 13:05:13 2025 Jigsaw (Blue) [Headshot] Detank (Red)
Sat Mar 29 13:05:13 2025 PixelPizza (Blue) [Headshot] mariosteve (Red)
Sat Mar 29 13:05:15 2025 [Team] Bread Orc (Red): from the sea
Sat Mar 29 13:05:19 2025 Elucidate (Red) [Melee] fritzel (Blue)
Sat Mar 29 13:05:21 2025 PixelPizza (Blue) [Headshot] FlatHorizon (Red)
Sat Mar 29 13:05:21 2025 [Team] Detank (Red): 3
Sat Mar 29 13:05:21 2025 Jos captured Red's Intel.
Sat Mar 29 13:05:26 2025 PixelPizza (Blue) [Headshot] uwu (Red)
Sat Mar 29 13:05:29 2025 You must be closer to the enemy's base to shoot blocks!
Sat Mar 29 13:05:33 2025 Bread Orc (Red) [Headshot] VERONICA (Blue)
Sat Mar 29 13:05:35 2025 FlatHorizon (Red) [Headshot] CHiNPUi (Blue)
Sat Mar 29 13:05:36 2025 Barrack_Kamala picked up Red's Intel.
Sat Mar 29 13:05:40 2025 [BAS]StrawHat joined Blue team
Sat Mar 29 13:05:40 2025 Starfish (Red) [Headshot] microwave (Blue)
Sat Mar 29 13:05:41 2025 fritzel (Blue) [Headshot] Bread Orc (Red)
Sat Mar 29 13:05:43 2025 Jigsaw (Blue) [Headshot] mariosteve (Red)
Sat Mar 29 13:05:43 2025 PixelPizza (Blue) [Headshot] Harry (Red)
Sat Mar 29 13:05:46 2025 Detank (Red) [Headshot] Jigsaw (Blue)
Sat Mar 29 13:05:48 2025 Amir (Red) [Headshot] fritzel (Blue)
Sat Mar 29 13:05:52 2025 Martin (Blue) [Headshot] Detank (Red)
Sat Mar 29 13:06:00 2025 Born (Red) [Headshot] 1232 (Blue)
Sat Mar 29 13:06:00 2025 [Global] Y.O.B.A. (): THAAT LIFE  ISS  SHIT
Sat Mar 29 13:06:03 2025 Barrack_Kamala captured Red's Intel.
Sat Mar 29 13:06:05 2025 microwave (Blue) [Headshot] uwu (Red)
Sat Mar 29 13:06:05 2025 Starfish (Red) [Headshot] microwave (Blue)
Sat Mar 29 13:06:08 2025 Jos picked up Red's Intel.
Sat Mar 29 13:06:08 2025 PixelPizza (Blue) [Headshot] Amir (Red)
Sat Mar 29 13:06:11 2025 Player uwu has left
Sat Mar 29 13:06:11 2025 Loudenboomer (Blue) [Headshot] Elucidate (Red)
Sat Mar 29 13:06:12 2025 Starfish (Red) [Headshot] fritzel (Blue)
Sat Mar 29 13:06:13 2025  Capture your team's 5th intel to unlock /APOC for your team's best builder!
Sat Mar 29 13:06:13 2025 0_0 joined Red team
Sat Mar 29 13:06:17 2025 [Global] Y.O.B.A. (): capss  ye
Sat Mar 29 13:06:23 2025 Detank (Red) [Rifle] Martin (Blue)
Sat Mar 29 13:06:26 2025 PixelPizza (Blue) [Headshot] Starfish (Red)
Sat Mar 29 13:06:31 2025 microwave (Blue) [Headshot] FlatHorizon (Red)
Sat Mar 29 13:06:31 2025 microwave (Blue) [Headshot] mariosteve (Red)
Sat Mar 29 13:06:32 2025 fritzel (Blue) [Headshot] Amir (Red)
Sat Mar 29 13:06:33 2025 microwave (Blue) [Headshot] Elucidate (Red)
Sat Mar 29 13:06:33 2025 CHiNPUi (Blue) [SMG] Harry (Red)
Sat Mar 29 13:06:34 2025 Noaa joined Spectator team
Sat Mar 29 13:06:34 2025 microwave (Blue) [Headshot] Bread Orc (Red)
Sat Mar 29 13:06:36 2025 Barrack_Kamala (Blue) [Headshot] 0_0 (Red)
Sat Mar 29 13:06:40 2025 Player Martin has left
Sat Mar 29 13:06:40 2025 Jos captured Red's Intel.
Sat Mar 29 13:06:44 2025 CHiNPUi (Blue) [Headshot] Harry (Red)
Sat Mar 29 13:06:45 2025 Barrack_Kamala picked up Red's Intel.
Sat Mar 29 13:06:45 2025 Born (Red) [Headshot] 1232 (Blue)
Sat Mar 29 13:06:46 2025 Starfish (Red) [Headshot] Jigsaw (Blue)
Sat Mar 29 13:06:51 2025 microwave (Blue) [Headshot] 0_0 (Red)
Sat Mar 29 13:06:52 2025 fritzel (Blue) [Headshot] Amir (Red)
Sat Mar 29 13:06:55 2025 microwave (Blue) [Headshot] Elucidate (Red)
Sat Mar 29 13:06:59 2025 VERONICA (Blue) [Headshot] Bread Orc (Red)
Sat Mar 29 13:06:59 2025 fritzel (Blue) [Headshot] FlatHorizon (Red)
Sat Mar 29 13:07:00 2025 microwave (Blue) [Grenade] mariosteve (Red)
Sat Mar 29 13:07:01 2025 Barrack_Kamala dropped Red's Intel
Sat Mar 29 13:07:01 2025  The intel has returned to the heavens
Sat Mar 29 13:07:01 2025 Gungard (Red) [Headshot] Barrack_Kamala (Blue)
Sat Mar 29 13:07:03 2025 Harry (Red) [Headshot] CHiNPUi (Blue)
Sat Mar 29 13:07:03 2025 microwave (Blue) [Headshot] Harry (Red)
Sat Mar 29 13:07:05 2025 [Global] Y.O.B.A. (): red  hkkkabarosski  cut  pie on the peeaces
Sat Mar 29 13:07:05 2025 microwave (Blue) [Headshot] 0_0 (Red)
Sat Mar 29 13:07:06 2025 Detank (Red) [Headshot] [BAS]StrawHat (Blue)
Sat Mar 29 13:07:12 2025 microwave (Blue) [Headshot] Amir (Red)
Sat Mar 29 13:07:12 2025 Jigsaw (Blue) [Headshot] Moomoo the Cow (Red)
Sat Mar 29 13:07:13 2025  Mahalo for playing aloha.pk tower of babel
Sat Mar 29 13:07:16 2025 Harry (Red) [Headshot] microwave (Blue)
Sat Mar 29 13:07:21 2025 Born (Red) [SMG] Jos (Blue)
Sat Mar 29 13:07:21 2025 Barrack_Kamala (Blue) [Headshot] Born (Red)
Sat Mar 29 13:07:24 2025 fritzel (Blue) [Headshot] FlatHorizon (Red)
Sat Mar 29 13:07:24 2025 [Global] Barrack_Kamala (Blue): You guys are blind
Sat Mar 29 13:07:29 2025 Bread Orc (Red) [Headshot] VERONICA (Blue)
Sat Mar 29 13:07:33 2025 Harry (Red) [Headshot] fritzel (Blue)
Sat Mar 29 13:07:33 2025 fritzel (Blue) [Grenade] Harry (Red)
Sat Mar 29 13:07:40 2025 PixelPizza (Blue) [Headshot] Bread Orc (Red)
Sat Mar 29 13:07:46 2025 [Global] Born (Red): No. How can i be blind and cut blue bridge
Sat Mar 29 13:07:47 2025 mariosteve (Red) [Headshot] Barrack_Kamala (Blue)
Sat Mar 29 13:07:47 2025 Detank (Red) [Headshot] VERONICA (Blue)
Sat Mar 29 13:07:53 2025 FlatHorizon (Red) [Headshot] 1232 (Blue)
Sat Mar 29 13:07:54 2025 Jigsaw (Blue) [Fall]
Sat Mar 29 13:07:54 2025 microwave (Blue) [Headshot] FlatHorizon (Red)
Sat Mar 29 13:07:57 2025 Player Stefanonimo has left
Sat Mar 29 13:07:59 2025 Jos (Blue) [Grenade]
Sat Mar 29 13:08:01 2025 Starfish (Red) [SMG] VERONICA (Blue)
Sat Mar 29 13:08:02 2025 [Global] mariosteve (Red): how can I be blind and kill you in 0.3s
Sat Mar 29 13:08:02 2025 Barrack_Kamala (Blue) [Headshot] FerrariFlunker (Red)
Sat Mar 29 13:08:04 2025 Gungard (Red) [SMG] microwave (Blue)
Sat Mar 29 13:08:06 2025 [Global] Y.O.B.A. (): 1 khabarovski  - 5000r  itdd  gooc ccase
Sat Mar 29 13:08:08 2025 mariosteve (Red) [Headshot] CHiNPUi (Blue)
Sat Mar 29 13:08:12 2025 Bread Orc (Red) [SMG] Loudenboomer (Blue)
Sat Mar 29 13:08:13 2025  Build a tower to get the enemy's intel. Take it to your team's tent to win!
Sat Mar 29 13:08:15 2025 Moomoo the Cow (Red) [Melee] [BAS]StrawHat (Blue)
Sat Mar 29 13:08:18 2025 Detank (Red) [Headshot] fritzel (Blue)
Sat Mar 29 13:08:21 2025 Loudenboomer (Blue) [Shotgun] Gungard (Red)
Sat Mar 29 13:08:29 2025 microwave (Blue) [Headshot] Moomoo the Cow (Red)
Sat Mar 29 13:08:32 2025 mariosteve (Red) [Rifle] Jigsaw (Blue)
Sat Mar 29 13:08:34 2025 FlatHorizon (Red) [Headshot] 1232 (Blue)
Sat Mar 29 13:08:36 2025 FerrariFlunker (Red) [Headshot] microwave (Blue)
Sat Mar 29 13:08:38 2025 Harry (Red) [Headshot] PixelPizza (Blue)
Sat Mar 29 13:08:41 2025 CHiNPUi (Blue) [Fall]
Sat Mar 29 13:08:45 2025 Detank (Red) [Headshot] VERONICA (Blue)
Sat Mar 29 13:08:48 2025 microwave (Blue) [Headshot] Starfish (Red)
Sat Mar 29 13:08:49 2025 Detank (Red) [Headshot] microwave (Blue)
Sat Mar 29 13:08:49 2025 Amir (Red) [SMG] [BAS]StrawHat (Blue)
Sat Mar 29 13:08:51 2025 [Global] Ding (): lol good heaven
Sat Mar 29 13:08:53 2025 Jigsaw (Blue) [Headshot] mariosteve (Red)
Sat Mar 29 13:08:54 2025 1232 (Blue) [Headshot] Amir (Red)
Sat Mar 29 13:08:55 2025 Player danil0609 has left
Sat Mar 29 13:08:56 2025 Detank (Red) [Rifle] fritzel (Blue)
Sat Mar 29 13:09:01 2025 Detank (Red) [Headshot] VERONICA (Blue)
Sat Mar 29 13:09:04 2025 1232 (Blue) [Headshot] Bread Orc (Red)
Sat Mar 29 13:09:04 2025 FerrariFlunker (Red) [Headshot] 1232 (Blue)
Sat Mar 29 13:09:04 2025 [Global] Noaa (): yo isnt there a full-server-themed heaven now that says 32/32 on it?
Sat Mar 29 13:09:06 2025 [Global] Born (Red): Thats mine :D
Sat Mar 29 13:09:07 2025 CHiNPUi (Blue) [Headshot] Born (Red)
Sat Mar 29 13:09:11 2025 [Global] Detank (Red): yup
Sat Mar 29 13:09:11 2025 Barrack_Kamala (Blue) [Fall]
Sat Mar 29 13:09:11 2025 [Global] Noaa (): im looking on the /heavenlist but cant find
Sat Mar 29 13:09:12 2025 [Global] FerrariFlunker (Red):  /heaven 32
Sat Mar 29 13:09:13 2025  Type /HELP for info & commands
Sat Mar 29 13:09:14 2025 PixelPizza (Blue) [Headshot] 0_0 (Red)
Sat Mar 29 13:09:16 2025 Detank (Red) [Headshot] VERONICA (Blue)
Sat Mar 29 13:09:16 2025 Harry (Red) [Headshot] Jigsaw (Blue)
Sat Mar 29 13:09:17 2025 [Global] Noaa (): ahh oka
Sat Mar 29 13:09:19 2025 Loudenboomer (Blue) [Shotgun] FlatHorizon (Red)
Sat Mar 29 13:09:22 2025 [Global] Noaa (): full server yay!
Sat Mar 29 13:09:26 2025 microwave (Blue) [Headshot] Harry (Red)
Sat Mar 29 13:09:28 2025 microwave (Blue) [Headshot] Starfish (Red)
Sat Mar 29 13:09:29 2025 Detank (Red) [Headshot] VERONICA (Blue)
Sat Mar 29 13:09:33 2025 Moomoo the Cow (Red) [SMG] Barrack_Kamala (Blue)
Sat Mar 29 13:09:37 2025 [Global] Barrack_Kamala (Blue): HE"S UNDERGROUND
Sat Mar 29 13:09:38 2025 CHiNPUi (Blue) [SMG] Bread Orc (Red)
Sat Mar 29 13:09:39 2025 microwave (Blue) [Headshot] FlatHorizon (Red)
Sat Mar 29 13:09:40 2025 [BAS]StrawHat (Blue) [Headshot] Moomoo the Cow (Red)
Sat Mar 29 13:09:42 2025 Detank (Red) [Headshot] fritzel (Blue)
Sat Mar 29 13:09:44 2025 [Global] Moomoo the Cow (Red): ignore him
Sat Mar 29 13:09:45 2025 CHiNPUi (Blue) [SMG] FerrariFlunker (Red)
Sat Mar 29 13:09:49 2025 Harry (Red) [Headshot] CHiNPUi (Blue)
Sat Mar 29 13:09:52 2025 [Global] Born (Red): ban ferrari fake Ferrari:D
Sat Mar 29 13:09:54 2025 Jigsaw (Blue) [Headshot] Starfish (Red)
Sat Mar 29 13:09:57 2025 microwave (Blue) [Headshot] Harry (Red)
Sat Mar 29 13:10:00 2025 [Global] FerrariFlunker (Red): :D
Sat Mar 29 13:10:06 2025 Detank (Red) [Headshot] CHiNPUi (Blue)
Sat Mar 29 13:10:07 2025 1232 (Blue) [Headshot] Elucidate (Red)
Sat Mar 29 13:10:07 2025 Jigsaw (Blue) [Headshot] FerrariFlunker (Red)
Sat Mar 29 13:10:07 2025 Ding joined Blue team
Sat Mar 29 13:10:08 2025 Born (Red) [SMG] PixelPizza (Blue)
Sat Mar 29 13:10:11 2025 Spaten0 joined Blue team
Sat Mar 29 13:10:12 2025 Detank (Red) [Headshot] fritzel (Blue)
Sat Mar 29 13:10:12 2025 hijitus joined Red team
Sat Mar 29 13:10:13 2025  Visit our community forums at https://aloha.pk/
Sat Mar 29 13:10:13 2025 Born (Red) [Headshot] 1232 (Blue)
Sat Mar 29 13:10:15 2025 [Global] Y.O.B.A. (): у  моуго  райлнв  серык  глаза
Sat Mar 29 13:10:15 2025 Player Spaten0 has left
Sat Mar 29 13:10:17 2025 Jigsaw (Blue) [Headshot] Harry (Red)
Sat Mar 29 13:10:18 2025 Bread Orc (Red) [SMG] Jigsaw (Blue)
Sat Mar 29 13:10:20 2025 Ding (Blue) [SMG] Born (Red)
Sat Mar 29 13:10:21 2025 Born (Red) [Grenade] Loudenboomer (Blue)
Sat Mar 29 13:10:22 2025 Player Jos has left
Sat Mar 29 13:10:25 2025 [BAS]StrawHat picked up Red's Intel.
Sat Mar 29 13:10:26 2025 PixelPizza (Blue) [Headshot] Gungard (Red)
Sat Mar 29 13:10:29 2025 microwave (Blue) [Headshot] Starfish (Red)
Sat Mar 29 13:10:32 2025 microwave (Blue) [Rifle] FerrariFlunker (Red)
Sat Mar 29 13:10:32 2025 [Global] Bread Orc (Red): combination of lag and my stupidity saved me
Sat Mar 29 13:10:32 2025 kkiing joined Blue team
Sat Mar 29 13:10:33 2025 fritzel (Blue) [Headshot] mariosteve (Red)
Sat Mar 29 13:10:37 2025 microwave (Blue) [Headshot] Bread Orc (Red)
Sat Mar 29 13:10:37 2025 Player hijitus has left
Sat Mar 29 13:10:38 2025 Elucidate (Red) [Headshot] microwave (Blue)
Sat Mar 29 13:10:40 2025 0_0 (Red) [Headshot] Ding (Blue)
Sat Mar 29 13:10:41 2025 PixelPizza (Blue) [Headshot] Elucidate (Red)
Sat Mar 29 13:10:41 2025 Starfish (Red) [Weapon Change]
Sat Mar 29 13:10:46 2025 0_0 (Red) [Headshot] Loudenboomer (Blue)
Sat Mar 29 13:10:46 2025 1232 (Blue) [Headshot] 0_0 (Red)
Sat Mar 29 13:10:46 2025 Jigsaw (Blue) [Headshot] Harry (Red)
Sat Mar 29 13:10:48 2025 [Global] Loudenboomer (Blue): fuk
Sat Mar 29 13:10:49 2025 Jigsaw (Blue) [Headshot] FlatHorizon (Red)
Sat Mar 29 13:10:55 2025 FerrariFlunker (Red) [Headshot] Jigsaw (Blue)
Sat Mar 29 13:10:55 2025 [BAS]StrawHat captured Red's Intel.
Sat Mar 29 13:10:59 2025 [Global] Jigsaw (Blue): what a map
Sat Mar 29 13:11:01 2025 Moomoo the Cow picked up Blue's Intel.
Sat Mar 29 13:11:04 2025 [Global] Barrack_Kamala (Blue): gg
Sat Mar 29 13:11:10 2025 [Global] Detank (Red): gg
Sat Mar 29 13:11:14 2025 PixelPizza (Blue) [Headshot] Amir (Red)
Sat Mar 29 13:11:14 2025  Come chat with us at https://discord.aloha.pk/
Sat Mar 29 13:11:14 2025 [Global] Y.O.B.A. (): сука  как  яя хочу  назад   в  9  год
Sat Mar 29 13:11:15 2025 Detank (Red) [Headshot] fritzel (Blue)
Sat Mar 29 13:11:16 2025 Bread Orc (Red) [SMG] 1232 (Blue)
Sat Mar 29 13:11:22 2025 Noaa joined Blue team
Sat Mar 29 13:11:23 2025 PixelPizza (Blue) [Headshot] Bread Orc (Red)
Sat Mar 29 13:11:27 2025 Jigsaw (Blue) [Headshot] Starfish (Red)
Sat Mar 29 13:11:31 2025 Jigsaw (Blue) [Headshot] Harry (Red)
Sat Mar 29 13:11:31 2025 microwave (Blue) [Headshot] mariosteve (Red)
Sat Mar 29 13:11:33 2025 PixelPizza (Blue) [Headshot] FlatHorizon (Red)
Sat Mar 29 13:11:36 2025 Barrack_Kamala (Blue) [Grenade] FerrariFlunker (Red)
Sat Mar 29 13:11:36 2025 Born (Red) [Grenade]
Sat Mar 29 13:11:37 2025 [Global] Bread Orc (Red): 9 god? 
Sat Mar 29 13:11:40 2025 [BAS]StrawHat (Blue) [Headshot] Amir (Red)
Sat Mar 29 13:11:41 2025 CHiNPUi (Blue) [Headshot] Elucidate (Red)
Sat Mar 29 13:11:44 2025 [Global] Bread Orc (Red): 9 let?
Sat Mar 29 13:11:44 2025 Harry (Red) [Headshot] Barrack_Kamala (Blue)
Sat Mar 29 13:11:46 2025 [Global] mariosteve (Red): WE'RE GONNA MAKE IT
Sat Mar 29 13:11:47 2025 microwave (Blue) [SMG] Harry (Red)
Sat Mar 29 13:11:49 2025 Moomoo the Cow captured Blue's Intel.
Sat Mar 29 13:11:52 2025 [Global] Bread Orc (Red): 2009?
Sat Mar 29 13:11:53 2025 [BAS]StrawHat (Blue) [Rifle] FlatHorizon (Red)
Sat Mar 29 13:11:53 2025 Ding picked up Red's Intel.
Sat Mar 29 13:11:56 2025 Jigsaw (Blue) [Headshot] mariosteve (Red)
Sat Mar 29 13:11:56 2025 Bread Orc (Red) [SMG] [BAS]StrawHat (Blue)
Sat Mar 29 13:11:57 2025 PixelPizza (Blue) [Headshot] Starfish (Red)
Sat Mar 29 13:11:57 2025 microwave (Blue) [Grenade] Amir (Red)
Sat Mar 29 13:12:00 2025 microwave (Blue) [Headshot] Bread Orc (Red)
Sat Mar 29 13:12:03 2025 Ding dropped Red's Intel
Sat Mar 29 13:12:03 2025  The intel has returned to the heavens
Sat Mar 29 13:12:03 2025 0_0 (Red) [Rifle] Ding (Blue)
Sat Mar 29 13:12:03 2025 [Global] mariosteve (Red): that blue screammer
Sat Mar 29 13:12:03 2025 microwave (Blue) [Headshot] Elucidate (Red)
Sat Mar 29 13:12:03 2025 Jigsaw (Blue) [Headshot] Harry (Red)
Sat Mar 29 13:12:06 2025 Jigsaw (Blue) [Headshot] Born (Red)
Sat Mar 29 13:12:07 2025 FlatHorizon (Red) [Headshot] Jigsaw (Blue)
Sat Mar 29 13:12:08 2025 [Global] 0_0 (Red): LATS GO!!!
Sat Mar 29 13:12:12 2025 microwave (Blue) [Headshot] mariosteve (Red)
Sat Mar 29 13:12:13 2025  If you believe a player is breaking the rules, please let us know with /ADMIN
Sat Mar 29 13:12:13 2025 microwave (Blue) [Headshot] Amir (Red)
Sat Mar 29 13:12:14 2025 Elucidate (Red) [Team Change]
Sat Mar 29 13:12:18 2025 Harry (Red) [Headshot] PixelPizza (Blue)
Sat Mar 29 13:12:18 2025 microwave (Blue) [Headshot] FlatHorizon (Red)
Sat Mar 29 13:12:19 2025 You must be closer to the enemy's base to shoot blocks!
Sat Mar 29 13:12:20 2025 microwave (Blue) [SMG] Harry (Red)
Sat Mar 29 13:12:20 2025 Qult--- joined Spectator team
Sat Mar 29 13:12:20 2025 Barrack_Kamala picked up Red's Intel.
Sat Mar 29 13:12:22 2025 microwave (Blue) [Headshot] Starfish (Red)
Sat Mar 29 13:12:22 2025 kkiing (Blue) [Headshot] Born (Red)
Sat Mar 29 13:12:22 2025 Bread Orc (Red) [Melee] CHiNPUi (Blue)
Sat Mar 29 13:12:24 2025 Elucidate joined Spectator team
Sat Mar 29 13:12:29 2025 Harry (Red) [Headshot] microwave (Blue)
Sat Mar 29 13:12:34 2025 Player CHiNPUi has left
Sat Mar 29 13:12:36 2025 0_0 (Red) [Headshot] Ding (Blue)
Sat Mar 29 13:12:37 2025 [Global] Ding (Blue): ez
Sat Mar 29 13:12:38 2025 Harry (Red) [Headshot] [BAS]StrawHat (Blue)
Sat Mar 29 13:12:39 2025 Jigsaw (Blue) [Headshot] mariosteve (Red)
Sat Mar 29 13:12:40 2025 Jigsaw (Blue) [Headshot] Amir (Red)
Sat Mar 29 13:12:41 2025 Loudenboomer (Blue) [Fall]
Sat Mar 29 13:12:43 2025 Harry (Red) [Headshot] VERONICA (Blue)
Sat Mar 29 13:12:45 2025 [Global] Born (Red): 3 more maps till bridgetofar
Sat Mar 29 13:12:45 2025 Noaa (Blue) [Headshot] Bread Orc (Red)
Sat Mar 29 13:12:47 2025 Player Qult--- has left
Sat Mar 29 13:12:48 2025 Jigsaw (Blue) [Headshot] Starfish (Red)
Sat Mar 29 13:12:50 2025 Loudenboomer (Blue) [Weapon Change]
Sat Mar 29 13:12:50 2025 Barrack_Kamala captured Red's Intel.
Sat Mar 29 13:12:50 2025 Blue Wins!
Sat Mar 29 13:12:50 2025  Game finished! Next map: alexandria.
Sat Mar 29 13:12:52 2025 Harry (Red) [Headshot] VERONICA (Blue)
Sat Mar 29 13:12:52 2025 Jigsaw (Blue) [Headshot] FerrariFlunker (Red)
Sat Mar 29 13:12:52 2025 Detank (Red) [Headshot] Barrack_Kamala (Blue)
Sat Mar 29 13:12:52 2025 [Global] FerrariFlunker (Red): gggggg
Sat Mar 29 13:12:52 2025 microwave (Blue) [Headshot] 0_0 (Red)
Sat Mar 29 13:12:53 2025 [Global] Y.O.B.A. (): ррфрф
Sat Mar 29 13:12:53 2025 Moomoo the Cow (Red) [Headshot] [BAS]StrawHat (Blue)
Sat Mar 29 13:12:53 2025 PixelPizza (Blue) [Headshot] FlatHorizon (Red)
Sat Mar 29 13:12:53 2025 Bread Orc (Red) [Headshot] fritzel (Blue)
Sat Mar 29 13:12:53 2025 Loudenboomer (Blue) [SMG] Starfish (Red)
Sat Mar 29 13:12:53 2025 Amir (Red) [SMG] [BAS]StrawHat (Blue)
Sat Mar 29 13:12:53 2025 Loudenboomer (Blue) [SMG] Starfish (Red)
Sat Mar 29 13:12:53 2025 [Global] Barrack_Kamala (Blue): gg
Sat Mar 29 13:12:53 2025 Ding (Blue) [Fall]
Sat Mar 29 13:12:54 2025 Jigsaw (Blue) [Headshot] mariosteve (Red)
Sat Mar 29 13:12:54 2025 Noaa (Blue) [Fall]
Sat Mar 29 13:12:54 2025 Detank (Red) [Headshot] kkiing (Blue)
Sat Mar 29 13:12:55 2025 [Global] Barrack_Kamala (Blue): YAY
Sat Mar 29 13:12:55 2025 PixelPizza (Blue) [Rifle] green tea (Red)
Sat Mar 29 13:12:55 2025 1232 (Blue) [Grenade] Gungard (Red)
Sat Mar 29 13:12:56 2025 1232 (Blue) [Grenade] Bread Orc (Red)
Sat Mar 29 13:12:56 2025 [Global] mariosteve (Red): gg
Sat Mar 29 13:12:56 2025 Born (Red) [Fall]
Sat Mar 29 13:12:56 2025 Jigsaw (Blue) [Headshot] Amir (Red)
Sat Mar 29 13:12:56 2025 PixelPizza (Blue) [Headshot] Detank (Red)
Sat Mar 29 13:12:57 2025 Harry (Red) [Headshot] PixelPizza (Blue)
Sat Mar 29 13:12:57 2025 microwave (Blue) [Headshot] Moomoo the Cow (Red)
Sat Mar 29 13:12:57 2025 Jigsaw (Blue) [Headshot] Moomoo the Cow (Red)
Sat Mar 29 13:12:57 2025 1232 (Blue) [Fall]
Sat Mar 29 13:12:58 2025 [Global] Barrack_Kamala (Blue): LAST BLOOD
Sat Mar 29 13:12:59 2025 [Global] Detank (Red): gg
Sat Mar 29 13:12:59 2025 Harry (Red) [Fall]
Sat Mar 29 13:13:00 2025 ------ World Unloaded ------
Sat Mar 29 13:13:04 2025 ------ World Loaded ------
Sat Mar 29 13:13:04 2025 Ding joined Red team
Sat Mar 29 13:13:04 2025 Welcome to aloha.pk tower of babel
Sat Mar 29 13:13:05 2025 Loudenboomer joined Red team
Sat Mar 29 13:13:05 2025 FerrariFlunker joined Blue team
Sat Mar 29 13:13:05 2025 Jigsaw joined Blue team
Sat Mar 29 13:13:05 2025 Born joined Red team
Sat Mar 29 13:13:06 2025 Barrack_Kamala joined Blue team
Sat Mar 29 13:13:06 2025 Elucidate joined Red team
Sat Mar 29 13:13:06 2025 Map: Alexandria by Lostmotel
Sat Mar 29 13:13:06 2025 Detank joined Blue team
Sat Mar 29 13:13:07 2025 1232 joined Red team
Sat Mar 29 13:13:07 2025 microwave joined Blue team
Sat Mar 29 13:13:07 2025 Noaa joined Red team
Sat Mar 29 13:13:08 2025 fritzel joined Red team
Sat Mar 29 13:13:08 2025 Game mode: babel
Sat Mar 29 13:13:09 2025 Bread Orc joined Blue team
Sat Mar 29 13:13:09 2025 Moomoo the Cow joined Blue team
Sat Mar 29 13:13:09 2025 mariosteve joined Red team
Sat Mar 29 13:13:09 2025 [Global] Detank (Blue): oh she
Sat Mar 29 13:13:09 2025 VERONICA joined Red team
Sat Mar 29 13:13:09 2025 FlatHorizon joined Blue team
Sat Mar 29 13:13:09 2025 Y.O.B.A. joined Spectator team
Sat Mar 29 13:13:10 2025 Build a tower to get the enemy's intel. Take it to your team's tent to win!
Sat Mar 29 13:13:10 2025 PixelPizza joined Blue team
Sat Mar 29 13:13:10 2025 FerrariFlunker (Blue) [Team Change]
Sat Mar 29 13:13:11 2025 CHiNPUi joined Blue team
Sat Mar 29 13:13:11 2025 0_0 joined Blue team
Sat Mar 29 13:13:12 2025 Visit our community forum at https://aloha.pk/
Sat Mar 29 13:13:12 2025 FerrariFlunker joined Red team
Sat Mar 29 13:13:13 2025  This server runs imger and glow. Use /IMG or /GLOW to toggle them.
Sat Mar 29 13:13:14 2025 Come chat with us at https://discord.aloha.pk/
Sat Mar 29 13:13:16 2025 Amir joined Red team
Sat Mar 29 13:13:19 2025 [BAS]StrawHat joined Blue team
Sat Mar 29 13:13:20 2025 Jigsaw (Blue) [Headshot] mariosteve (Red)
Sat Mar 29 13:13:20 2025 Player Barrack_Kamala has left
Sat Mar 29 13:13:23 2025 Loudenboomer (Red) [Headshot] Bread Orc (Blue)
Sat Mar 29 13:13:23 2025 Detank (Blue) [Headshot] fritzel (Red)
Sat Mar 29 13:13:23 2025 kkiing joined Blue team
Sat Mar 29 13:13:24 2025 Jigsaw (Blue) [Headshot] Born (Red)
Sat Mar 29 13:13:27 2025 [Global] FerrariFlunker (Red): cornnnn
Sat Mar 29 13:13:29 2025 microwave (Blue) [Headshot] Elucidate (Red)
Sat Mar 29 13:13:30 2025 Player kkiing has left
Sat Mar 29 13:13:32 2025 Starfish joined Red team
Sat Mar 29 13:13:32 2025 [Global] Ding (Red): where cornhub
Sat Mar 29 13:13:34 2025 Jigsaw (Blue) [Headshot] 1232 (Red)
Sat Mar 29 13:13:37 2025 Detank (Blue) [Headshot] Ding (Red)
Sat Mar 29 13:13:37 2025 microwave (Blue) [SMG] Noaa (Red)
Sat Mar 29 13:13:38 2025 Bread Orc (Blue) [Headshot] Loudenboomer (Red)
Sat Mar 29 13:13:40 2025 FerrariFlunker (Red) [Headshot] Harry (Blue)
Sat Mar 29 13:13:43 2025 microwave (Blue) [Headshot] mariosteve (Red)
Sat Mar 29 13:13:46 2025 microwave (Blue) [Headshot] Born (Red)
Sat Mar 29 13:13:48 2025 Jigsaw (Blue) [Headshot] Amir (Red)
Sat Mar 29 13:13:48 2025 [Global] Y.O.B.A. (): YOBA  from  city  thats on aa fiftty
Sat Mar 29 13:13:50 2025 fritzel (Red) [Headshot] Jigsaw (Blue)
Sat Mar 29 13:13:51 2025 microwave (Blue) [Headshot] Starfish (Red)
Sat Mar 29 13:13:54 2025 1232 (Red) [Headshot] microwave (Blue)
Sat Mar 29 13:13:58 2025 FerrariFlunker (Red) [Headshot] Detank (Blue)
Sat Mar 29 13:14:01 2025 [Global] Detank (Blue): mah aim
Sat Mar 29 13:14:08 2025 [Global] FerrariFlunker (Red): caught me scratching my chin smh
Sat Mar 29 13:14:11 2025 MAXMAX1 joined Blue team
Sat Mar 29 13:14:12 2025 Jigsaw (Blue) [Rifle] FerrariFlunker (Red)
Sat Mar 29 13:14:13 2025  Use /EMOTE to draw an emote on the map!
Sat Mar 29 13:14:13 2025 Loudenboomer (Red) [Headshot] Bread Orc (Blue)
Sat Mar 29 13:14:13 2025 mariosteve (Red) [Headshot] Harry (Blue)
Sat Mar 29 13:14:15 2025 CHiNPUi (Blue) [SMG] Elucidate (Red)
Sat Mar 29 13:14:17 2025 [Global] Y.O.B.A. (): heh
Sat Mar 29 13:14:18 2025 Jigsaw (Blue) [Headshot] fritzel (Red)
Sat Mar 29 13:14:25 2025 CHiNPUi (Blue) [Headshot] 1232 (Red)
Sat Mar 29 13:14:26 2025 Starfish (Red) [SMG] CHiNPUi (Blue)
Sat Mar 29 13:14:27 2025 Jigsaw (Blue) [Rifle] Ding (Red)
Sat Mar 29 13:14:31 2025 Detank (Blue) [Headshot] FerrariFlunker (Red)
Sat Mar 29 13:14:34 2025 green tea joined Red team
Sat Mar 29 13:14:34 2025 Jigsaw (Blue) [Headshot] Elucidate (Red)
Sat Mar 29 13:14:39 2025 Detank (Blue) [Headshot] Starfish (Red)
Sat Mar 29 13:14:40 2025 PixelPizza (Blue) [Rifle] VERONICA (Red)
Sat Mar 29 13:14:40 2025 Jigsaw (Blue) [Headshot] fritzel (Red)
Sat Mar 29 13:14:45 2025 Detank (Blue) [Headshot] Elucidate (Red)
Sat Mar 29 13:14:46 2025 Ding (Red) [Headshot] Detank (Blue)
Sat Mar 29 13:14:46 2025 Loudenboomer (Red) [Headshot] MAXMAX1 (Blue)
Sat Mar 29 13:14:46 2025 mariosteve (Red) [Headshot] PixelPizza (Blue)
Sat Mar 29 13:14:47 2025 FerrariFlunker (Red) [Headshot] microwave (Blue)
Sat Mar 29 13:14:48 2025 [BAS]StrawHat (Blue) [Headshot] mariosteve (Red)
Sat Mar 29 13:14:49 2025 DE joined Spectator team
Sat Mar 29 13:14:50 2025 FerrariFlunker (Red) [Headshot] Jigsaw (Blue)
Sat Mar 29 13:14:55 2025 [Global] mariosteve (Red): WTF IS THIS LAG
Sat Mar 29 13:14:58 2025 Born (Red) [Fall]
Sat Mar 29 13:15:01 2025 [Global] mariosteve (Red): I killed someone tho
Sat Mar 29 13:15:03 2025 Bread Orc (Blue) [Headshot] Amir (Red)
Sat Mar 29 13:15:08 2025 green tea (Red) [Headshot] MAXMAX1 (Blue)
Sat Mar 29 13:15:08 2025 You can't destroy your team's blocks in this area. Attack the enemy's tower!
Sat Mar 29 13:15:08 2025 You can't destroy your team's blocks in this area. Attack the enemy's tower!
Sat Mar 29 13:15:08 2025 microwave (Blue) [SMG] green tea (Red)
Sat Mar 29 13:15:08 2025 You can't destroy your team's blocks in this area. Attack the enemy's tower!
Sat Mar 29 13:15:08 2025 You can't destroy your team's blocks in this area. Attack the enemy's tower!
Sat Mar 29 13:15:09 2025 You can't destroy your team's blocks in this area. Attack the enemy's tower!
Sat Mar 29 13:15:09 2025 You can't destroy your team's blocks in this area. Attack the enemy's tower!
Sat Mar 29 13:15:09 2025 You can't destroy your team's blocks in this area. Attack the enemy's tower!
Sat Mar 29 13:15:09 2025 kkiing joined Blue team
Sat Mar 29 13:15:09 2025 [Global] DE (): Tower CTF event will be live in 45mins, server will be masterlisted like before
Sat Mar 29 13:15:10 2025 You can't destroy your team's blocks in this area. Attack the enemy's tower!
Sat Mar 29 13:15:10 2025 You can't destroy your team's blocks in this area. Attack the enemy's tower!
Sat Mar 29 13:15:10 2025 You can't destroy your team's blocks in this area. Attack the enemy's tower!
Sat Mar 29 13:15:10 2025 You can't destroy your team's blocks in this area. Attack the enemy's tower!
Sat Mar 29 13:15:10 2025 FerrariFlunker (Red) [Headshot] PixelPizza (Blue)
Sat Mar 29 13:15:10 2025 You can't destroy your team's blocks in this area. Attack the enemy's tower!
Sat Mar 29 13:15:11 2025 You can't destroy your team's blocks in this area. Attack the enemy's tower!
Sat Mar 29 13:15:11 2025 You can't destroy your team's blocks in this area. Attack the enemy's tower!
Sat Mar 29 13:15:11 2025 You can't destroy your team's blocks in this area. Attack the enemy's tower!
Sat Mar 29 13:15:11 2025 You can't destroy your team's blocks in this area. Attack the enemy's tower!
Sat Mar 29 13:15:11 2025 You can't destroy your team's blocks in this area. Attack the enemy's tower!
Sat Mar 29 13:15:12 2025 You can't destroy your team's blocks in this area. Attack the enemy's tower!
Sat Mar 29 13:15:12 2025 You can't destroy your team's blocks in this area. Attack the enemy's tower!
Sat Mar 29 13:15:12 2025 You can't destroy your team's blocks in this area. Attack the enemy's tower!
Sat Mar 29 13:15:12 2025 You can't destroy your team's blocks in this area. Attack the enemy's tower!
Sat Mar 29 13:15:12 2025 You can't destroy your team's blocks in this area. Attack the enemy's tower!
Sat Mar 29 13:15:13 2025  Use /HEAVEN to paint the babel platform!
Sat Mar 29 13:15:13 2025 You can't destroy your team's blocks in this area. Attack the enemy's tower!
Sat Mar 29 13:15:13 2025 Noaa (Red) [Headshot] CHiNPUi (Blue)
Sat Mar 29 13:15:13 2025 Loudenboomer (Red) [Headshot] Bread Orc (Blue)
Sat Mar 29 13:15:14 2025 Detank (Blue) [Headshot] VERONICA (Red)
Sat Mar 29 13:15:14 2025 CHiNPUi (Blue) [Grenade] Elucidate (Red)
Sat Mar 29 13:15:14 2025 Noaa (Red) [SMG] microwave (Blue)
Sat Mar 29 13:15:17 2025 Detank (Blue) [Headshot] green tea (Red)
Sat Mar 29 13:15:18 2025 Noaa (Red) [SMG] Detank (Blue)
Sat Mar 29 13:15:19 2025 Player DE has left
Sat Mar 29 13:15:19 2025 [Global] 0_0 (Blue): help
Sat Mar 29 13:15:20 2025 FerrariFlunker (Red) [Headshot] Jigsaw (Blue)
Sat Mar 29 13:15:23 2025 Harry (Blue) [Rifle]
Sat Mar 29 13:15:24 2025 [Global] Detank (Blue): Nice
Sat Mar 29 13:15:26 2025 fritzel (Red) [Headshot] Moomoo the Cow (Blue)
Sat Mar 29 13:15:30 2025 Noaa (Red) [Headshot] kkiing (Blue)
Sat Mar 29 13:15:31 2025 microwave (Blue) [Headshot] fritzel (Red)
Sat Mar 29 13:15:32 2025 FerrariFlunker (Red) [Headshot] MAXMAX1 (Blue)
Sat Mar 29 13:15:41 2025 Detank (Blue) [Headshot] FerrariFlunker (Red)
Sat Mar 29 13:15:42 2025 microwave (Blue) [Headshot] Ding (Red)
Sat Mar 29 13:15:42 2025 Amir (Red) [Headshot] Bread Orc (Blue)
Sat Mar 29 13:15:44 2025 microwave (Blue) [SMG] fritzel (Red)
Sat Mar 29 13:15:45 2025 [Global] Ding (Red): rax
Sat Mar 29 13:15:53 2025 Loudenboomer (Red) [Shotgun] Jigsaw (Blue)
Sat Mar 29 13:15:53 2025 CHiNPUi (Blue) [Headshot] Noaa (Red)
Sat Mar 29 13:15:53 2025 microwave (Blue) [SMG] Loudenboomer (Red)
Sat Mar 29 13:15:53 2025 Detank (Blue) [Rifle] 1232 (Red)
Sat Mar 29 13:15:53 2025 4utep_animesnik joined Red team
Sat Mar 29 13:15:56 2025 Starfish (Red) [Headshot] microwave (Blue)
Sat Mar 29 13:15:58 2025 Detank (Blue) [Headshot] Ding (Red)
Sat Mar 29 13:16:00 2025 CHiNPUi (Blue) [Headshot] mariosteve (Red)
Sat Mar 29 13:16:00 2025 [Global] Ding (Red): raxxx
Sat Mar 29 13:16:04 2025 Detank (Blue) [Headshot] FerrariFlunker (Red)
Sat Mar 29 13:16:09 2025 Amir (Red) [SMG] Bread Orc (Blue)
Sat Mar 29 13:16:12 2025 Starfish (Red) [Headshot] MAXMAX1 (Blue)
Sat Mar 29 13:16:13 2025  Get a 20 killstreak and 1 intel capture(s) to unlock /APOC!
Sat Mar 29 13:16:14 2025 fritzel (Red) [Headshot] Detank (Blue)
Sat Mar 29 13:16:23 2025 too much vodka joined Red team
Sat Mar 29 13:16:23 2025 microwave (Blue) [SMG] VERONICA (Red)
Sat Mar 29 13:16:23 2025 Jigsaw (Blue) [Headshot] Loudenboomer (Red)
Sat Mar 29 13:16:24 2025 fritzel (Red) [Headshot] Jigsaw (Blue)
Sat Mar 29 13:16:31 2025 Amir (Red) [Headshot] Bread Orc (Blue)
Sat Mar 29 13:16:34 2025 MAXMAX1 (Blue) [SMG] Amir (Red)
Sat Mar 29 13:16:35 2025 [Global] Bread Orc (Blue): lol
Sat Mar 29 13:16:36 2025 fritzel (Red) [Headshot] Detank (Blue)
Sat Mar 29 13:16:37 2025 Jigsaw (Blue) [Headshot] mariosteve (Red)
Sat Mar 29 13:16:38 2025 microwave (Blue) [Headshot] Ding (Red)
Sat Mar 29 13:16:40 2025 Player green tea has left
Sat Mar 29 13:16:41 2025 [Global] Ding (Red): raxwave
Sat Mar 29 13:16:44 2025 microwave (Blue) [Headshot] VERONICA (Red)
Sat Mar 29 13:16:45 2025 FerrariFlunker (Red) [Headshot] CHiNPUi (Blue)
Sat Mar 29 13:16:52 2025 [Global] Y.O.B.A. (): old  ssxhooll  ya  0.5  huh
Sat Mar 29 13:16:53 2025 Jigsaw (Blue) [Rifle] fritzel (Red)
Sat Mar 29 13:16:53 2025 Detank (Blue) [Headshot] 4utep_animesnik (Red)
Sat Mar 29 13:16:55 2025 Jigsaw (Blue) [Headshot] FerrariFlunker (Red)
Sat Mar 29 13:16:58 2025 Player 4utep_animesnik has left
Sat Mar 29 13:16:59 2025 Jigsaw (Blue) [Headshot] Starfish (Red)
Sat Mar 29 13:17:03 2025 Born (Red) [Fall]
Sat Mar 29 13:17:03 2025 Jigsaw (Blue) [Headshot] mariosteve (Red)
Sat Mar 29 13:17:05 2025 Amir (Red) [Headshot] Bread Orc (Blue)
Sat Mar 29 13:17:05 2025 Detank (Blue) [Headshot] Loudenboomer (Red)
Sat Mar 29 13:17:05 2025 Jigsaw (Blue) [Headshot] Noaa (Red)
Sat Mar 29 13:17:12 2025 Detank (Blue) [Headshot] 1232 (Red)
Sat Mar 29 13:17:13 2025  Capture your team's 5th intel to unlock /APOC for your team's best builder!
Sat Mar 29 13:17:14 2025 Deuce joined Spectator team
Sat Mar 29 13:17:15 2025 Jigsaw (Blue) [Headshot] fritzel (Red)
Sat Mar 29 13:17:17 2025 Noaa (Red) [Headshot] kkiing (Blue)
Sat Mar 29 13:17:17 2025 microwave (Blue) [Headshot] Amir (Red)
Sat Mar 29 13:17:17 2025 Jigsaw (Blue) [Headshot] Starfish (Red)
Sat Mar 29 13:17:18 2025 Jigsaw (Blue) [Headshot] mariosteve (Red)
Sat Mar 29 13:17:20 2025 [Global] Y.O.B.A. (): naa im  jkkin  itss  007
Sat Mar 29 13:17:25 2025 Jigsaw (Blue) [Headshot] Noaa (Red)
Sat Mar 29 13:17:25 2025 [Global] mariosteve (Red): the lag is shocking
Sat Mar 29 13:17:30 2025 [Global] mariosteve (Red): physically
Sat Mar 29 13:17:31 2025 Detank (Blue) [Headshot] 1232 (Red)
Sat Mar 29 13:17:31 2025 Jigsaw (Blue) [Headshot] Born (Red)
Sat Mar 29 13:17:34 2025 mariosteve (Red) [Rifle] Jigsaw (Blue)
Sat Mar 29 13:17:43 2025 Loudenboomer (Red) [Headshot] Detank (Blue)
Sat Mar 29 13:17:45 2025 [Global] Detank (Blue): damnit
Sat Mar 29 13:17:45 2025 microwave (Blue) [SMG] Noaa (Red)
Sat Mar 29 13:17:46 2025 [Global] Noaa (Red): pov u attached electrodes to ur body that react with the game engine
Sat Mar 29 13:17:49 2025 [Global] Noaa (Red): every shot shocks you
Sat Mar 29 13:17:51 2025 VERONICA (Red) [Headshot] Bread Orc (Blue)
Sat Mar 29 13:17:53 2025 microwave (Blue) [Headshot] mariosteve (Red)
Sat Mar 29 13:17:57 2025 Player Deuce has left
Sat Mar 29 13:17:58 2025 CHiNPUi (Blue) [Headshot] too much vodka (Red)
Sat Mar 29 13:17:59 2025 VERONICA (Red) [SMG] MAXMAX1 (Blue)
Sat Mar 29 13:18:00 2025 Jigsaw (Blue) [Headshot] FerrariFlunker (Red)
Sat Mar 29 13:18:01 2025 microwave (Blue) [Headshot] 1232 (Red)
Sat Mar 29 13:18:02 2025 microwave (Blue) [Headshot] Elucidate (Red)
Sat Mar 29 13:18:03 2025 microwave (Blue) [Headshot] mariosteve (Red)
Sat Mar 29 13:18:07 2025 Detank (Blue) [Melee] Loudenboomer (Red)
Sat Mar 29 13:18:09 2025 [Global] mariosteve (Red): KILL DIGGERS
Sat Mar 29 13:18:10 2025 Jigsaw (Blue) [Headshot] Starfish (Red)
Sat Mar 29 13:18:13 2025  Mahalo for playing aloha.pk tower of babel
Sat Mar 29 13:18:14 2025 [Global] Loudenboomer (Red): holy shit man
Sat Mar 29 13:18:14 2025 microwave (Blue) [Headshot] 1232 (Red)
Sat Mar 29 13:18:14 2025 [Global] Y.O.B.A. (): any body bodhy from SPb
Sat Mar 29 13:18:14 2025 microwave (Blue) [Headshot] Starfish (Red)
Sat Mar 29 13:18:15 2025 Jigsaw (Blue) [Headshot] Born (Red)
Sat Mar 29 13:18:15 2025 Amir (Red) [Headshot] Bread Orc (Blue)
Sat Mar 29 13:18:16 2025 too much vodka (Red) [Headshot] microwave (Blue)
Sat Mar 29 13:18:16 2025 [Global] Loudenboomer (Red): nice dig
Sat Mar 29 13:18:17 2025 [Global] fritzel (Red): WOAH
Sat Mar 29 13:18:21 2025 [Global] MAXMAX1 (Blue): QUE ISSO VERONICA
Sat Mar 29 13:18:22 2025 Amir (Red) [SMG] FlatHorizon (Blue)
Sat Mar 29 13:18:23 2025 too much vodka (Red) [Headshot] CHiNPUi (Blue)
Sat Mar 29 13:18:25 2025 [Global] Detank (Blue): ill never pull that off again lmao
Sat Mar 29 13:18:26 2025 Jigsaw (Blue) [Headshot] Noaa (Red)
Sat Mar 29 13:18:27 2025 1232 (Red) [Headshot] [BAS]StrawHat (Blue)
Sat Mar 29 13:18:28 2025 Amir (Red) [Headshot] MAXMAX1 (Blue)
Sat Mar 29 13:18:29 2025 Jigsaw (Blue) [Headshot] Born (Red)
Sat Mar 29 13:18:31 2025 [Global] Loudenboomer (Red): how tf
Sat Mar 29 13:18:31 2025 microwave (Blue) [Headshot] Amir (Red)
Sat Mar 29 13:18:34 2025 Jigsaw (Blue) [Headshot] Starfish (Red)
Sat Mar 29 13:18:36 2025 Detank (Blue) [Headshot] fritzel (Red)
Sat Mar 29 13:18:38 2025 Jigsaw (Blue) [Headshot] Born (Red)
Sat Mar 29 13:18:40 2025 [Global] fritzel (Red): lolw
Sat Mar 29 13:18:40 2025 Starfish (Red) [Rifle] Jigsaw (Blue)
Sat Mar 29 13:18:41 2025 too much vodka (Red) [Headshot] Moomoo the Cow (Blue)
Sat Mar 29 13:18:41 2025 [Global] Loudenboomer (Red): buy a lottery ticket
Sat Mar 29 13:18:44 2025 Detank (Blue) [Headshot] too much vodka (Red)
Sat Mar 29 13:18:46 2025 CHiNPUi (Blue) [Headshot] 1232 (Red)
Sat Mar 29 13:18:49 2025 [Global] too much vodka (Red): Detank!
Sat Mar 29 13:18:52 2025 microwave (Blue) [Headshot] Amir (Red)
Sat Mar 29 13:18:53 2025 mariosteve (Red) [Headshot] CHiNPUi (Blue)
Sat Mar 29 13:18:54 2025 PixelPizza (Blue) [Headshot] Ding (Red)
Sat Mar 29 13:18:55 2025 FerrariFlunker (Red) [Headshot] FlatHorizon (Blue)
Sat Mar 29 13:18:57 2025 FerrariFlunker (Red) [Headshot] [BAS]StrawHat (Blue)
Sat Mar 29 13:18:57 2025 [Global] Detank (Blue): ello
Sat Mar 29 13:18:58 2025 [Global] Moomoo the Cow (Blue): patriotic stairs, very nice
Sat Mar 29 13:19:01 2025 fritzel (Red) [Rifle] Detank (Blue)
Sat Mar 29 13:19:01 2025 FerrariFlunker (Red) [Headshot] MAXMAX1 (Blue)
Sat Mar 29 13:19:03 2025 microwave (Blue) [Headshot] 1232 (Red)
Sat Mar 29 13:19:04 2025 [Global] Y.O.B.A. (): trrsmvai ugunim  hulr
Sat Mar 29 13:19:06 2025 FerrariFlunker (Red) [Headshot] Moomoo the Cow (Blue)
Sat Mar 29 13:19:11 2025 You must be closer to the enemy's base to shoot blocks!
Sat Mar 29 13:19:11 2025 Harry (Blue) [Rifle] fritzel (Red)
Sat Mar 29 13:19:12 2025 Jigsaw (Blue) [Headshot] Loudenboomer (Red)
Sat Mar 29 13:19:12 2025 PixelPizza (Blue) [Headshot] FerrariFlunker (Red)
Sat Mar 29 13:19:12 2025 [Global] too much vodka (Red): its ya boi from aosk
Sat Mar 29 13:19:13 2025  Build a tower to get the enemy's intel. Take it to your team's tent to win!
Sat Mar 29 13:19:17 2025 Ding (Red) [SMG] Jigsaw (Blue)
Sat Mar 29 13:19:19 2025 Bread Orc (Blue) [Headshot] Ding (Red)
Sat Mar 29 13:19:25 2025 FlatHorizon (Blue) [Fall]
Sat Mar 29 13:19:27 2025 1232 (Red) [Headshot] Bread Orc (Blue)
Sat Mar 29 13:19:28 2025 [BAS]StrawHat (Blue) [Fall]
Sat Mar 29 13:19:30 2025 microwave (Blue) [Melee] Loudenboomer (Red)
Sat Mar 29 13:19:32 2025 microwave (Blue) [Headshot] Amir (Red)
Sat Mar 29 13:19:40 2025 CHiNPUi (Blue) [SMG] mariosteve (Red)
Sat Mar 29 13:19:40 2025 Loudenboomer (Red) [SMG] microwave (Blue)
Sat Mar 29 13:19:42 2025 [Global] Detank (Blue): man its been too long lmao
Sat Mar 29 13:19:46 2025 Noaa (Red) [Headshot] CHiNPUi (Blue)
Sat Mar 29 13:19:47 2025 [Global] Detank (Blue): i have no idea who ya are
Sat Mar 29 13:19:50 2025 Jigsaw (Blue) [Headshot] VERONICA (Red)
Sat Mar 29 13:19:51 2025 [Global] too much vodka (Red): haha cum
Sat Mar 29 13:19:52 2025 Moomoo the Cow picked up Red's Intel.
Sat Mar 29 13:19:52 2025 Jigsaw (Blue) [Headshot] FerrariFlunker (Red)
Sat Mar 29 13:19:54 2025 Player Elucidate has left
Sat Mar 29 13:19:57 2025 [Global] Detank (Blue): fuken, was thinking milk
Sat Mar 29 13:19:57 2025 Jigsaw (Blue) [Headshot] 1232 (Red)
Sat Mar 29 13:19:57 2025 [Global] mariosteve (Red): degens
Sat Mar 29 13:19:59 2025 Loudenboomer (Red) [Headshot] Jigsaw (Blue)
Sat Mar 29 13:20:01 2025 Amir (Red) [SMG] Bread Orc (Blue)
Sat Mar 29 13:20:06 2025 too much vodka (Red) [Headshot] CHiNPUi (Blue)
Sat Mar 29 13:20:08 2025 You can't destroy your team's blocks in this area. Attack the enemy's tower!
Sat Mar 29 13:20:08 2025 You can't destroy your team's blocks in this area. Attack the enemy's tower!
Sat Mar 29 13:20:08 2025 Detank (Blue) [Headshot] fritzel (Red)
Sat Mar 29 13:20:13 2025  Type /HELP for info & commands
Sat Mar 29 13:20:15 2025 Jigsaw (Blue) [Headshot] mariosteve (Red)
Sat Mar 29 13:20:16 2025 Born (Red) [Headshot] kkiing (Blue)
Sat Mar 29 13:20:18 2025 [Global] Detank (Blue): ello there cum, how ya been?
Sat Mar 29 13:20:20 2025 microwave (Blue) [Headshot] Ding (Red)
Sat Mar 29 13:20:21 2025 Moomoo the Cow captured Red's Intel.
Sat Mar 29 13:20:21 2025 [Global] too much vodka (Red): hes around still too i think occasionally
Sat Mar 29 13:20:21 2025 microwave (Blue) [Headshot] Amir (Red)
Sat Mar 29 13:20:21 2025 microwave (Blue) [Headshot] Loudenboomer (Red)
Sat Mar 29 13:20:22 2025 [Global] Ding (Red): hax
Sat Mar 29 13:20:23 2025 Jigsaw (Blue) [Rifle] VERONICA (Red)
Sat Mar 29 13:20:23 2025 Detank (Blue) [Headshot] Noaa (Red)
Sat Mar 29 13:20:25 2025 [Global] too much vodka (Red): pretty good hbu man
Sat Mar 29 13:20:25 2025 PixelPizza (Blue) [Headshot] FerrariFlunker (Red)
Sat Mar 29 13:20:31 2025 Jigsaw (Blue) [Headshot] Loudenboomer (Red)
Sat Mar 29 13:20:32 2025 Detank (Blue) [Melee] Starfish (Red)
Sat Mar 29 13:20:36 2025 Jigsaw (Blue) [Headshot] 1232 (Red)
Sat Mar 29 13:20:38 2025 microwave (Blue) [SMG] Ding (Red)
Sat Mar 29 13:20:40 2025 Jigsaw (Blue) [Headshot] 1232 (Red)
Sat Mar 29 13:20:41 2025 CHiNPUi (Blue) [Headshot] too much vodka (Red)
Sat Mar 29 13:20:41 2025 Amir (Red) [Headshot] Bread Orc (Blue)
Sat Mar 29 13:20:41 2025 PixelPizza (Blue) [Headshot] mariosteve (Red)
Sat Mar 29 13:20:43 2025 Born (Red) [Headshot] MAXMAX1 (Blue)
Sat Mar 29 13:20:44 2025  Moomoo the Cow has reached 1000 blocks placed! /heaven unlocked.
Sat Mar 29 13:20:45 2025 Jigsaw (Blue) [Headshot] FerrariFlunker (Red)
Sat Mar 29 13:20:48 2025 Jigsaw (Blue) [Rifle] Loudenboomer (Red)
Sat Mar 29 13:20:49 2025 PixelPizza (Blue) [Headshot] Noaa (Red)
Sat Mar 29 13:20:50 2025 fritzel (Red) [Headshot] Detank (Blue)
Sat Mar 29 13:20:50 2025 Jigsaw (Blue) [Headshot] 1232 (Red)
Sat Mar 29 13:20:51 2025 Jigsaw (Blue) [Headshot] mariosteve (Red)
Sat Mar 29 13:20:51 2025 microwave (Blue) [Headshot] Born (Red)
Sat Mar 29 13:21:00 2025 Jigsaw (Blue) [Headshot] FerrariFlunker (Red)
Sat Mar 29 13:21:00 2025 Jigsaw (Blue) [Headshot] too much vodka (Red)
Sat Mar 29 13:21:00 2025 Moomoo the Cow picked up Red's Intel.
Sat Mar 29 13:21:00 2025 Jigsaw (Blue) [Headshot] Ding (Red)
Sat Mar 29 13:21:00 2025 Loudenboomer (Red) [Headshot] Jigsaw (Blue)
Sat Mar 29 13:21:00 2025 fritzel (Red) [Headshot] Harry (Blue)
Sat Mar 29 13:21:04 2025 microwave (Blue) [Headshot] Loudenboomer (Red)
Sat Mar 29 13:21:05 2025 [Global] Detank (Blue): never stopped bannin cum, so all is well
Sat Mar 29 13:21:09 2025 MAXMAX1 (Blue) [Grenade] Amir (Red)
Sat Mar 29 13:21:10 2025 CHiNPUi (Blue) [Headshot] VERONICA (Red)
Sat Mar 29 13:21:10 2025 [Global] too much vodka (Red): hahaha
Sat Mar 29 13:21:11 2025 Harry (Blue) [Headshot] fritzel (Red)
Sat Mar 29 13:21:12 2025 FerrariFlunker (Red) [Headshot] microwave (Blue)
Sat Mar 29 13:21:13 2025  Visit our community forums at https://aloha.pk/
Sat Mar 29 13:21:22 2025  Bread Orc was kicked: Rapid hack detected
Sat Mar 29 13:21:22 2025 Player Bread Orc has left
Sat Mar 29 13:21:23 2025 axel22 joined Blue team
Sat Mar 29 13:21:24 2025 Jigsaw (Blue) [Headshot] FerrariFlunker (Red)
Sat Mar 29 13:21:25 2025 Moomoo the Cow captured Red's Intel.
Sat Mar 29 13:21:27 2025 0_0 (Blue) [Melee] Noaa (Red)
Sat Mar 29 13:21:27 2025 CHiNPUi (Blue) [Headshot] Starfish (Red)
Sat Mar 29 13:21:28 2025 0_0 (Blue) [Melee] 1232 (Red)
Sat Mar 29 13:21:29 2025  Harry has reached 1000 blocks placed! /heaven unlocked.
Sat Mar 29 13:21:29 2025 Type /heavenlist to view available images. /heaven <name> to confirm.
Sat Mar 29 13:21:29 2025 Want your country's flag instead? Type /heaven country (or any alpha-2 code)
Sat Mar 29 13:21:29 2025 fritzel (Red) [Headshot] CHiNPUi (Blue)
Sat Mar 29 13:21:37 2025 [Global] Noaa (Red): nice one lol
Sat Mar 29 13:21:37 2025 Jigsaw (Blue) [Headshot] fritzel (Red)
Sat Mar 29 13:21:41 2025 [Global] 0_0 (Blue): XD
Sat Mar 29 13:21:43 2025 [Global] too much vodka (Red): been thinking about making maps again
Sat Mar 29 13:21:43 2025 [BAS]StrawHat (Blue) [Headshot] FerrariFlunker (Red)
Sat Mar 29 13:21:45 2025 Detank (Blue) [Headshot] VERONICA (Red)
Sat Mar 29 13:21:51 2025 Jigsaw (Blue) [Headshot] Ding (Red)
Sat Mar 29 13:21:53 2025 mariosteve (Red) [Rifle] Jigsaw (Blue)
Sat Mar 29 13:21:58 2025 microwave (Blue) [SMG] Starfish (Red)
Sat Mar 29 13:21:59 2025 Moomoo the Cow picked up Red's Intel.
Sat Mar 29 13:22:05 2025 [BAS]StrawHat (Blue) [Headshot] VERONICA (Red)
Sat Mar 29 13:22:05 2025 1232 (Red) [Melee] 0_0 (Blue)
Sat Mar 29 13:22:06 2025 Detank (Blue) [Rifle] Noaa (Red)
Sat Mar 29 13:22:10 2025 microwave (Blue) [Headshot] FerrariFlunker (Red)
Sat Mar 29 13:22:12 2025 PixelPizza (Blue) [Headshot] 1232 (Red)
Sat Mar 29 13:22:13 2025  Come chat with us at https://discord.aloha.pk/
Sat Mar 29 13:22:13 2025 Bread Orc joined Red team
Sat Mar 29 13:22:13 2025 Amir (Red) [Headshot] Harry (Blue)
Sat Mar 29 13:22:14 2025 [Global] FerrariFlunker (Red): Grandy has made mapmaking a lot easier with Goxel (it seems)
Sat Mar 29 13:22:14 2025 microwave (Blue) [Headshot] FerrariFlunker (Red)
Sat Mar 29 13:22:15 2025 microwave (Blue) [Headshot] VERONICA (Red)
Sat Mar 29 13:22:15 2025 [Global] Detank (Blue): dew it, the mapping scene is very active nowadays
Sat Mar 29 13:22:15 2025 microwave (Blue) [Headshot] Bread Orc (Red)
Sat Mar 29 13:22:16 2025 [Global] Born (Red): Ferrari add /votebalance and it starts a /y and /n vote for forsed teambalance
Sat Mar 29 13:22:16 2025 too much vodka (Red) [SMG] kkiing (Blue)
Sat Mar 29 13:22:17 2025 PixelPizza (Blue) [Headshot] too much vodka (Red)
Sat Mar 29 13:22:18 2025 PixelPizza (Blue) [Headshot] Loudenboomer (Red)
Sat Mar 29 13:22:19 2025 microwave (Blue) [Headshot] fritzel (Red)
Sat Mar 29 13:22:22 2025 microwave (Blue) [Headshot] 1232 (Red)
Sat Mar 29 13:22:24 2025 Bread Orc joined Blue team
Sat Mar 29 13:22:25 2025 Starfish (Red) [Rifle] axel22 (Blue)
Sat Mar 29 13:22:25 2025 microwave (Blue) [SMG] FerrariFlunker (Red)
Sat Mar 29 13:22:26 2025 microwave (Blue) [Grenade] too much vodka (Red)
Sat Mar 29 13:22:27 2025 Moomoo the Cow captured Red's Intel.
Sat Mar 29 13:22:27 2025 Detank (Blue) [Headshot] fritzel (Red)
Sat Mar 29 13:22:29 2025 Detank (Blue) [Headshot] Starfish (Red)
Sat Mar 29 13:22:32 2025 Jigsaw (Blue) [Grenade] 1232 (Red)
Sat Mar 29 13:22:33 2025 microwave (Blue) [Headshot] VERONICA (Red)
Sat Mar 29 13:22:34 2025 Ding (Red) [SMG] microwave (Blue)
Sat Mar 29 13:22:35 2025 Ding (Red) [Headshot] Jigsaw (Blue)
Sat Mar 29 13:22:35 2025 [Global] too much vodka (Red): yea i found a discord for it pretty cool stuff
Sat Mar 29 13:22:38 2025 [BAS]StrawHat (Blue) [Headshot] Born (Red)
Sat Mar 29 13:22:40 2025 [Global] Detank (Blue): hell yee
Sat Mar 29 13:22:45 2025 CHiNPUi (Blue) [SMG] too much vodka (Red)
Sat Mar 29 13:22:51 2025 Starfish (Red) [Headshot] 0_0 (Blue)
Sat Mar 29 13:22:53 2025 Harry (Blue) [Headshot] Amir (Red)
Sat Mar 29 13:22:54 2025 Detank (Blue) [Headshot] Ding (Red)
Sat Mar 29 13:22:55 2025 PinkRose joined Red team
Sat Mar 29 13:22:57 2025 [Global] Ding (Red): rax
Sat Mar 29 13:22:58 2025 fritzel (Red) [Headshot] CHiNPUi (Blue)
Sat Mar 29 13:22:58 2025 Moomoo the Cow picked up Red's Intel.
Sat Mar 29 13:23:01 2025 Starfish (Red) [Headshot] Detank (Blue)
Sat Mar 29 13:23:02 2025 Noaa (Red) [SMG] Jigsaw (Blue)
Sat Mar 29 13:23:03 2025 [BAS]StrawHat (Blue) [Headshot] too much vodka (Red)
Sat Mar 29 13:23:03 2025 PixelPizza (Blue) [Headshot] Noaa (Red)
Sat Mar 29 13:23:10 2025 microwave (Blue) [Headshot] Ding (Red)
Sat Mar 29 13:23:11 2025 DAVID joined Blue team
Sat Mar 29 13:23:11 2025 [Global] FerrariFlunker (Red): vote forcebalance?  idk if people really want to be forced team-swapped lol
Sat Mar 29 13:23:12 2025 PixelPizza (Blue) [Headshot] mariosteve (Red)
Sat Mar 29 13:23:13 2025  If you believe a player is breaking the rules, please let us know with /ADMIN
Sat Mar 29 13:23:13 2025 [Global] too much vodka (Red): just busier in life nowadays to find time
Sat Mar 29 13:23:15 2025 [BAS]StrawHat (Blue) [Headshot] too much vodka (Red)
Sat Mar 29 13:23:15 2025 Loudenboomer (Red) [Headshot] [BAS]StrawHat (Blue)
Sat Mar 29 13:23:16 2025 Player CHiNPUi has left
Sat Mar 29 13:23:21 2025 [Global] Ding (Red): force all the reds to be blue
Sat Mar 29 13:23:23 2025 [Global] Detank (Blue): understandable, i think we all are
Sat Mar 29 13:23:23 2025 PixelPizza (Blue) [Headshot] Amir (Red)
Sat Mar 29 13:23:24 2025 [Global] Ding (Red): its the only way to make life fair
Sat Mar 29 13:23:24 2025 microwave (Blue) [Headshot] mariosteve (Red)
Sat Mar 29 13:23:25 2025 Player Y.O.B.A. has left
Sat Mar 29 13:23:26 2025 Player Noaa has left
Sat Mar 29 13:23:27 2025 microwave (Blue) [Headshot] fritzel (Red)
Sat Mar 29 13:23:28 2025 Moomoo the Cow captured Red's Intel.
Sat Mar 29 13:23:29 2025 microwave (Blue) [Headshot] PinkRose (Red)
Sat Mar 29 13:23:29 2025 Starfish (Red) [Headshot] axel22 (Blue)
Sat Mar 29 13:23:30 2025 eliaas joined Red team
Sat Mar 29 13:23:33 2025 Jigsaw (Blue) [Headshot] 1232 (Red)
Sat Mar 29 13:23:33 2025 [Global] too much vodka (Red): yeah for sure
Sat Mar 29 13:23:35 2025 [Global] too much vodka (Red): brb
Sat Mar 29 13:23:36 2025 microwave (Blue) [SMG] mariosteve (Red)
Sat Mar 29 13:23:39 2025 Born (Red) [Headshot] 0_0 (Blue)
Sat Mar 29 13:23:39 2025 Jigsaw (Blue) [Headshot] PinkRose (Red)
Sat Mar 29 13:23:40 2025 fritzel (Red) [Headshot] Jigsaw (Blue)
Sat Mar 29 13:23:42 2025 DAVID picked up Red's Intel.
Sat Mar 29 13:23:45 2025  Bread Orc was kicked: Rapid hack detected
Sat Mar 29 13:23:45 2025 Player Bread Orc has left
Sat Mar 29 13:23:46 2025 [Global] Detank (Blue): if everyon is on one team, literaally everyon wins, perfectly fair
Sat Mar 29 13:23:50 2025 PixelPizza (Blue) [Headshot] FerrariFlunker (Red)
Sat Mar 29 13:23:51 2025 [Global] Ding (Red): real
Sat Mar 29 13:23:51 2025 [Global] eliaas (Red): kill david hi
Sat Mar 29 13:23:53 2025 [BAS]StrawHat (Blue) [Headshot] Starfish (Red)
Sat Mar 29 13:23:54 2025 microwave (Blue) [Headshot] mariosteve (Red)
Sat Mar 29 13:23:56 2025 microwave (Blue) [SMG] PinkRose (Red)
Sat Mar 29 13:23:57 2025 kkiing1 joined Blue team
Sat Mar 29 13:23:57 2025 Bread Orc joined Blue team
Sat Mar 29 13:24:01 2025 CHiNPUi joined Red team
Sat Mar 29 13:24:02 2025 Player kkiing has left
Sat Mar 29 13:24:02 2025 Amir (Red) [SMG] Harry (Blue)
Sat Mar 29 13:24:04 2025 CHiNPUi (Red) [Team Change]
Sat Mar 29 13:24:04 2025 microwave (Blue) [Headshot] fritzel (Red)
Sat Mar 29 13:24:07 2025 Bread Orc (Blue) [Headshot] Amir (Red)
Sat Mar 29 13:24:08 2025 [BAS]StrawHat (Blue) [Rifle] Born (Red)
Sat Mar 29 13:24:12 2025  1232 has reached 1000 blocks placed! /heaven unlocked.
Sat Mar 29 13:24:12 2025 Jigsaw (Blue) [Headshot] eliaas (Red)
Sat Mar 29 13:24:12 2025 CHiNPUi joined Blue team
Sat Mar 29 13:24:13 2025  This server runs imger and glow. Use /IMG or /GLOW to toggle them.
Sat Mar 29 13:24:15 2025 Player axel22 has left
Sat Mar 29 13:24:15 2025 [BAS]StrawHat (Blue) [Headshot] PinkRose (Red)
Sat Mar 29 13:24:16 2025  With 1486 blocks placed, Harry is granted the right to unleash the apocalypse.
Sat Mar 29 13:24:16 2025 God has given you the right to unleash the apocalypse.
Sat Mar 29 13:24:16 2025 Use /APOC to unleash the apocalypse.
Sat Mar 29 13:24:16 2025 DAVID captured Red's Intel.
Sat Mar 29 13:24:16 2025 PixelPizza (Blue) [Headshot] 1232 (Red)
Sat Mar 29 13:24:17 2025 microwave (Blue) [SMG] FerrariFlunker (Red)
Sat Mar 29 13:24:18 2025 Moomoo the Cow picked up Red's Intel.
Sat Mar 29 13:24:19 2025 [Global] mariosteve (Red): game is unfair because we losers can't join losing team if it's full
Sat Mar 29 13:24:21 2025 Jigsaw (Blue) [Headshot] VERONICA (Red)
Sat Mar 29 13:24:21 2025 [BAS]StrawHat (Blue) [Headshot] Starfish (Red)
Sat Mar 29 13:24:22 2025 microwave (Blue) [Headshot] mariosteve (Red)
Sat Mar 29 13:24:23 2025 Loudenboomer (Red) [Shotgun] [BAS]StrawHat (Blue)
Sat Mar 29 13:24:24 2025 Detank (Blue) [Headshot] Loudenboomer (Red)
Sat Mar 29 13:24:26 2025 microwave (Blue) [SMG] Amir (Red)
Sat Mar 29 13:24:27 2025 Jigsaw (Blue) [Rifle] fritzel (Red)
Sat Mar 29 13:24:28 2025 0_0 (Blue) [Headshot] eliaas (Red)
Sat Mar 29 13:24:28 2025 Born (Red) [Headshot] 0_0 (Blue)
Sat Mar 29 13:24:31 2025 microwave (Blue) [Headshot] VERONICA (Red)
Sat Mar 29 13:24:35 2025 Detank (Blue) [Headshot] Loudenboomer (Red)
Sat Mar 29 13:24:35 2025 Jigsaw (Blue) [Headshot] Starfish (Red)
Sat Mar 29 13:24:36 2025 mariosteve (Red) [Headshot] microwave (Blue)
Sat Mar 29 13:24:36 2025 Jigsaw (Blue) [Headshot] too much vodka (Red)
Sat Mar 29 13:24:37 2025 Jigsaw (Blue) [Headshot] eliaas (Red)
Sat Mar 29 13:24:38 2025 1232 (Red) [Headshot] Jigsaw (Blue)
Sat Mar 29 13:24:40 2025 Detank (Blue) [Headshot] mariosteve (Red)
Sat Mar 29 13:24:43 2025 beppo joined Blue team
Sat Mar 29 13:24:45 2025 Moomoo the Cow captured Red's Intel.
Sat Mar 29 13:24:48 2025 Detank (Blue) [Team Change]
Sat Mar 29 13:24:48 2025 Detank joined Red team
Sat Mar 29 13:24:49 2025 Bread Orc (Blue) [Headshot] 1232 (Red)
Sat Mar 29 13:24:57 2025 microwave (Blue) [SMG] Detank (Red)
Sat Mar 29 13:24:57 2025 PinkRose (Red) [SMG] [BAS]StrawHat (Blue)
Sat Mar 29 13:24:58 2025 Ding (Red) [Melee] CHiNPUi (Blue)
Sat Mar 29 13:25:03 2025 microwave (Blue) [SMG] eliaas (Red)
Sat Mar 29 13:25:03 2025 Detank (Red) [Headshot] microwave (Blue)
Sat Mar 29 13:25:03 2025 fritzel (Red) [Melee] 0_0 (Blue)
Sat Mar 29 13:25:04 2025 DAVID picked up Red's Intel.
Sat Mar 29 13:25:07 2025 mariosteve (Red) [Headshot] Bread Orc (Blue)
Sat Mar 29 13:25:08 2025 Jigsaw (Blue) [Headshot] fritzel (Red)
Sat Mar 29 13:25:09 2025 Jigsaw (Blue) [Headshot] FerrariFlunker (Red)
Sat Mar 29 13:25:11 2025 Ding (Red) [Headshot] beppo (Blue)
Sat Mar 29 13:25:13 2025  Use /EMOTE to draw an emote on the map!
Sat Mar 29 13:25:14 2025 Jigsaw (Blue) [Headshot] Ding (Red)
Sat Mar 29 13:25:14 2025 [BAS]StrawHat (Blue) [Headshot] Amir (Red)
Sat Mar 29 13:25:17 2025 Starfish (Red) [Rifle] Jigsaw (Blue)
Sat Mar 29 13:25:19 2025 [BAS]StrawHat (Blue) [Rifle] PinkRose (Red)
Sat Mar 29 13:25:20 2025 Born (Red) [Headshot] Moomoo the Cow (Blue)
Sat Mar 29 13:25:37 2025 Jigsaw (Blue) [Headshot] Loudenboomer (Red)
Sat Mar 29 13:25:37 2025 PinkRose (Red) [Headshot] beppo (Blue)
Sat Mar 29 13:25:39 2025 0_0 (Blue) [Headshot] PinkRose (Red)
Sat Mar 29 13:25:39 2025 mariosteve (Red) [Grenade] [BAS]StrawHat (Blue)
Sat Mar 29 13:25:39 2025 DAVID captured Red's Intel.
Sat Mar 29 13:25:42 2025 Player Amir has left
Sat Mar 29 13:25:42 2025 microwave (Blue) [SMG] Starfish (Red)
Sat Mar 29 13:25:44 2025 PixelPizza (Blue) [Headshot] 1232 (Red)
Sat Mar 29 13:25:49 2025 Detank (Red) [Headshot] MAXMAX1 (Blue)
Sat Mar 29 13:25:49 2025 Detank (Red) [Headshot] 0_0 (Blue)
Sat Mar 29 13:25:51 2025 fritzel (Red) [Headshot] Bread Orc (Blue)
Sat Mar 29 13:25:52 2025 DAVID (Blue) [Headshot] FerrariFlunker (Red)
Sat Mar 29 13:25:54 2025 fritzel (Red) [Headshot] beppo (Blue)
Sat Mar 29 13:25:55 2025 Loudenboomer (Red) [Headshot] Jigsaw (Blue)
Sat Mar 29 13:25:56 2025 Detank (Red) [Headshot] DAVID (Blue)
Sat Mar 29 13:25:59 2025 Ding (Red) [Melee] CHiNPUi (Blue)
Sat Mar 29 13:26:00 2025 Player beppo has left
Sat Mar 29 13:26:08 2025 PixelPizza (Blue) [Headshot] PinkRose (Red)
Sat Mar 29 13:26:08 2025 Detank (Red) [Headshot] Jigsaw (Blue)
Sat Mar 29 13:26:13 2025  Use /HEAVEN to paint the babel platform!
Sat Mar 29 13:26:15 2025 microwave (Blue) [Headshot] Ding (Red)
Sat Mar 29 13:26:17 2025 [Global] Ding (Red): haxxxxxxxx
Sat Mar 29 13:26:18 2025 You must be closer to the enemy's base to shoot blocks!
Sat Mar 29 13:26:18 2025 Jigsaw (Blue) [Headshot] eliaas (Red)
Sat Mar 29 13:26:20 2025 fritzel (Red) [Melee] FlatHorizon (Blue)
Sat Mar 29 13:26:20 2025 microwave (Blue) [Headshot] Starfish (Red)
Sat Mar 29 13:26:21 2025 microwave (Blue) [SMG] PinkRose (Red)
Sat Mar 29 13:26:26 2025 [BAS]StrawHat (Blue) [Headshot] mariosteve (Red)
Sat Mar 29 13:26:26 2025 Detank (Red) [Headshot] Jigsaw (Blue)
Sat Mar 29 13:26:27 2025 fritzel (Red) [Headshot] MAXMAX1 (Blue)
Sat Mar 29 13:26:30 2025 microwave (Blue) [SMG] Ding (Red)
Sat Mar 29 13:26:31 2025 [Global] Ding (Red): nho9!
Sat Mar 29 13:26:32 2025 microwave (Blue) [Headshot] eliaas (Red)
Sat Mar 29 13:26:33 2025 microwave (Blue) [SMG] too much vodka (Red)
Sat Mar 29 13:26:33 2025 [Global] mariosteve (Red): sax
Sat Mar 29 13:26:37 2025 Loudenboomer (Red) [Headshot] FlatHorizon (Blue)
Sat Mar 29 13:26:37 2025 microwave (Blue) [Headshot] PinkRose (Red)
Sat Mar 29 13:26:41 2025 microwave (Blue) [Headshot] Starfish (Red)
Sat Mar 29 13:26:41 2025 PixelPizza (Blue) [Headshot] 1232 (Red)
Sat Mar 29 13:26:42 2025 fritzel (Red) [Headshot] DAVID (Blue)
Sat Mar 29 13:26:42 2025 Detank (Red) [Rifle] microwave (Blue)
Sat Mar 29 13:26:43 2025 0_0 (Blue) [Headshot] Ding (Red)
Sat Mar 29 13:26:50 2025 0_0 (Blue) [Headshot] Born (Red)
Sat Mar 29 13:26:54 2025 Detank (Red) [Headshot] CHiNPUi (Blue)
Sat Mar 29 13:26:55 2025 ATORRES_BR! joined Blue team
Sat Mar 29 13:26:56 2025 [Team] ATORRES_BR! (Blue): SOUPY are so delicious <3
Sat Mar 29 13:26:58 2025 Burak joined Red team
Sat Mar 29 13:26:58 2025 fritzel (Red) [Headshot] MAXMAX1 (Blue)
Sat Mar 29 13:27:02 2025 eliaas (Red) [Headshot] [BAS]StrawHat (Blue)
Sat Mar 29 13:27:04 2025 Player [BAS]StrawHat has left
Sat Mar 29 13:27:04 2025 Jigsaw (Blue) [Headshot] Starfish (Red)
Sat Mar 29 13:27:05 2025 Jigsaw (Blue) [Headshot] Burak (Red)
Sat Mar 29 13:27:06 2025 Loudenboomer (Red) [Headshot] Harry (Blue)
Sat Mar 29 13:27:07 2025 Loudenboomer (Red) [Shotgun] FlatHorizon (Blue)
Sat Mar 29 13:27:08 2025 Jigsaw (Blue) [Headshot] Detank (Red)
Sat Mar 29 13:27:13 2025  Get a 20 killstreak and 1 intel capture(s) to unlock /APOC!
Sat Mar 29 13:27:15 2025 Jigsaw (Blue) [Headshot] VERONICA (Red)
Sat Mar 29 13:27:15 2025 CHiNPUi (Blue) [SMG] eliaas (Red)
Sat Mar 29 13:27:16 2025 [Global] Bread Orc (Blue): this serve can't handle more than 16 players
Sat Mar 29 13:27:17 2025 Detank (Red) [Headshot] Jigsaw (Blue)
Sat Mar 29 13:27:22 2025 0_0 (Blue) [Headshot] Born (Red)
Sat Mar 29 13:27:24 2025 eliaas joined Blue team
Sat Mar 29 13:27:26 2025 Ding (Red) [SMG] Harry (Blue)
Sat Mar 29 13:27:28 2025 microwave (Blue) [SMG] Detank (Red)
Sat Mar 29 13:27:29 2025 FlatHorizon (Blue) [Headshot] fritzel (Red)
Sat Mar 29 13:27:29 2025 [Global] 0_0 (Blue): 7hp
Sat Mar 29 13:27:30 2025 Starfish (Red) [SMG] MAXMAX1 (Blue)
Sat Mar 29 13:27:31 2025 FlatHorizon (Blue) [Headshot] Ding (Red)
Sat Mar 29 13:27:33 2025 [Global] Ding (Red): hax
Sat Mar 29 13:27:36 2025 DAVID picked up Red's Intel.
Sat Mar 29 13:27:37 2025 microwave (Blue) [Grenade] Starfish (Red)
Sat Mar 29 13:27:40 2025 microwave (Blue) [Headshot] fritzel (Red)
Sat Mar 29 13:27:40 2025 Born (Red) [Headshot] 0_0 (Blue)
Sat Mar 29 13:27:40 2025 Detank (Red) [Headshot] microwave (Blue)
Sat Mar 29 13:27:44 2025 [Global] Born (Red): 0
Sat Mar 29 13:27:46 2025 Jigsaw (Blue) [Headshot] PinkRose (Red)
Sat Mar 29 13:27:47 2025 CHiNPUi (Blue) [Headshot] 1232 (Red)
Sat Mar 29 13:27:54 2025 ATORRES_BR! (Blue) [Fall]
Sat Mar 29 13:27:54 2025 Detank (Red) [Headshot] Jigsaw (Blue)
Sat Mar 29 13:27:58 2025 microwave (Blue) [Headshot] mariosteve (Red)
Sat Mar 29 13:28:00 2025 PixelPizza (Blue) [Headshot] PinkRose (Red)
Sat Mar 29 13:28:02 2025 microwave (Blue) [Headshot] Loudenboomer (Red)
Sat Mar 29 13:28:04 2025 Ding (Red) [Headshot] MAXMAX1 (Blue)
Sat Mar 29 13:28:08 2025 microwave (Blue) [SMG] 1232 (Red)
Sat Mar 29 13:28:10 2025 DAVID captured Red's Intel.
Sat Mar 29 13:28:13 2025  Capture your team's 5th intel to unlock /APOC for your team's best builder!
Sat Mar 29 13:28:13 2025 PixelPizza (Blue) [Headshot] Burak (Red)
Sat Mar 29 13:28:16 2025 Player Burak has left
Sat Mar 29 13:28:16 2025 microwave (Blue) [Headshot] mariosteve (Red)
Sat Mar 29 13:28:18 2025 fritzel (Red) [Rifle] FlatHorizon (Blue)
Sat Mar 29 13:28:20 2025 0_0 picked up Red's Intel.
Sat Mar 29 13:28:22 2025 VERONICA (Red) [SMG] Moomoo the Cow (Blue)
Sat Mar 29 13:28:23 2025 microwave (Blue) [Headshot] Born (Red)
Sat Mar 29 13:28:24 2025 Jigsaw (Blue) [Rifle] fritzel (Red)
Sat Mar 29 13:28:24 2025 Detank (Red) [Headshot] eliaas (Blue)
Sat Mar 29 13:28:25 2025 Detank (Red) [Headshot] microwave (Blue)
Sat Mar 29 13:28:32 2025 Detank (Red) [Headshot] Jigsaw (Blue)
Sat Mar 29 13:28:34 2025 PixelPizza (Blue) [Headshot] PinkRose (Red)
Sat Mar 29 13:28:34 2025 Player FerrariFlunker has left
Sat Mar 29 13:28:39 2025 PixelPizza (Blue) [Headshot] fritzel (Red)
Sat Mar 29 13:28:39 2025 Moomoo the Cow (Blue) [Headshot] VERONICA (Red)
Sat Mar 29 13:28:40 2025 Noaa joined Red team
Sat Mar 29 13:28:42 2025 Player VERONICA has left
Sat Mar 29 13:28:44 2025 CHiNPUi (Blue) [SMG] 1232 (Red)
Sat Mar 29 13:28:44 2025 Ding (Red) [Headshot] MAXMAX1 (Blue)
Sat Mar 29 13:28:47 2025 0_0 captured Red's Intel.
Sat Mar 29 13:28:49 2025 Jigsaw (Blue) [Headshot] Detank (Red)
Sat Mar 29 13:28:50 2025 [Global] Detank (Red): ns
Sat Mar 29 13:28:52 2025 DAVID picked up Red's Intel.
Sat Mar 29 13:28:55 2025 Ding (Red) [Fall]
Sat Mar 29 13:28:55 2025 CHiNPUi (Blue) [Grenade] Loudenboomer (Red)
Sat Mar 29 13:28:56 2025 Jigsaw (Blue) [Headshot] PinkRose (Red)
Sat Mar 29 13:28:57 2025 Noaa (Red) [Fall]
Sat Mar 29 13:28:57 2025 Jigsaw (Blue) [Headshot] Born (Red)
Sat Mar 29 13:28:58 2025 Moomoo the Cow (Blue) [Headshot] 1232 (Red)
Sat Mar 29 13:29:02 2025 microwave (Blue) [Headshot] mariosteve (Red)
Sat Mar 29 13:29:03 2025 eunuch joined Red team
Sat Mar 29 13:29:04 2025 Moomoo the Cow (Blue) [SMG] too much vodka (Red)
Sat Mar 29 13:29:04 2025 Starfish (Red) [Team Change]
Sat Mar 29 13:29:05 2025 eliaas (Blue) [Fall]
Sat Mar 29 13:29:08 2025 Born (Red) [SMG] Moomoo the Cow (Blue)
Sat Mar 29 13:29:08 2025 PixelPizza (Blue) [Fall]
Sat Mar 29 13:29:12 2025 Player PinkRose has left
Sat Mar 29 13:29:12 2025 microwave (Blue) [Headshot] fritzel (Red)
Sat Mar 29 13:29:12 2025 Starfish joined Spectator team
Sat Mar 29 13:29:13 2025  Mahalo for playing aloha.pk tower of babel
Sat Mar 29 13:29:13 2025 Jigsaw (Blue) [Headshot] 1232 (Red)
Sat Mar 29 13:29:14 2025 Detank (Red) [Headshot] Bread Orc (Blue)
Sat Mar 29 13:29:16 2025 ATORRES_BR! (Blue) [Fall]
Sat Mar 29 13:29:16 2025 microwave (Blue) [Headshot] mariosteve (Red)
Sat Mar 29 13:29:18 2025 Jigsaw (Blue) [Headshot] Ding (Red)
Sat Mar 29 13:29:21 2025 Noaa (Red) [Headshot] CHiNPUi (Blue)
Sat Mar 29 13:29:24 2025 Deuce joined Red team
Sat Mar 29 13:29:27 2025 Jigsaw (Blue) [Headshot] Detank (Red)
Sat Mar 29 13:29:28 2025 1232 (Red) [Rifle] MAXMAX1 (Blue)
Sat Mar 29 13:29:28 2025 mariosteve (Red) [Headshot] microwave (Blue)
Sat Mar 29 13:29:31 2025 Player kkiing1 has left
Sat Mar 29 13:29:34 2025 Noaa (Red) [Headshot] Jigsaw (Blue)
Sat Mar 29 13:29:35 2025 fritzel (Red) [Fall]
Sat Mar 29 13:29:38 2025 Qult--- joined Spectator team
Sat Mar 29 13:29:42 2025 FlatHorizon (Blue) [Headshot] Loudenboomer (Red)
Sat Mar 29 13:29:45 2025 Moomoo the Cow (Blue) [Headshot] fritzel (Red)
Sat Mar 29 13:29:45 2025  Bread Orc was kicked: Rapid hack detected
Sat Mar 29 13:29:45 2025 Player Bread Orc has left
Sat Mar 29 13:29:49 2025 [Team] ATORRES_BR! (Blue): SOUPY are so delicious <3
Sat Mar 29 13:29:50 2025 Detank (Red) [Headshot] FlatHorizon (Blue)
Sat Mar 29 13:29:50 2025 Moomoo the Cow (Blue) [Headshot] Deuce (Red)
Sat Mar 29 13:29:51 2025 Detank (Red) [Headshot] CHiNPUi (Blue)
Sat Mar 29 13:29:51 2025 Player Noaa has left
Sat Mar 29 13:29:53 2025 Ding (Red) [SMG] Moomoo the Cow (Blue)
Sat Mar 29 13:29:54 2025 microwave (Blue) [Headshot] Born (Red)
Sat Mar 29 13:29:55 2025 kkiing joined Red team
Sat Mar 29 13:29:57 2025 mariosteve (Red) [Headshot] Jigsaw (Blue)
Sat Mar 29 13:30:00 2025 PixelPizza (Blue) [Headshot] mariosteve (Red)
Sat Mar 29 13:30:01 2025 eunuch (Red) [Team Change]
Sat Mar 29 13:30:09 2025 PixelPizza (Blue) [Headshot] mariosteve (Red)
Sat Mar 29 13:30:10 2025 microwave (Blue) [Headshot] Detank (Red)
Sat Mar 29 13:30:11 2025 kkiing (Red) [Weapon Change]
Sat Mar 29 13:30:12 2025 eunuch joined Blue team
Sat Mar 29 13:30:13 2025  Build a tower to get the enemy's intel. Take it to your team's tent to win!
Sat Mar 29 13:30:14 2025 PixelPizza (Blue) [Rifle] 1232 (Red)
Sat Mar 29 13:30:15 2025 kkiing (Red) [Weapon Change]
Sat Mar 29 13:30:15 2025 Moomoo the Cow (Blue) [SMG] Loudenboomer (Red)
Sat Mar 29 13:30:17 2025 PixelPizza (Blue) [Headshot] Deuce (Red)
Sat Mar 29 13:30:23 2025 PixelPizza (Blue) [Headshot] Ding (Red)
Sat Mar 29 13:30:30 2025 Loudenboomer (Red) [Headshot] microwave (Blue)
Sat Mar 29 13:30:31 2025 Use /APOC to unleash the apocalypse.
Sat Mar 29 13:30:31 2025 Harry (Blue) [Rifle] fritzel (Red)
Sat Mar 29 13:30:33 2025 DAVID captured Red's Intel.
Sat Mar 29 13:30:33 2025 Blue Wins!
Sat Mar 29 13:30:33 2025  Game finished! Next map: minihills.
Sat Mar 29 13:30:35 2025 Detank (Red) [Headshot] DAVID (Blue)
Sat Mar 29 13:30:35 2025 ATORRES_BR! (Blue) [Headshot] fritzel (Red)
Sat Mar 29 13:30:36 2025 Detank (Red) [Headshot] eunuch (Blue)
Sat Mar 29 13:30:36 2025 [Global] Ding (Red): raxors
Sat Mar 29 13:30:36 2025 CHiNPUi (Blue) [SMG] Loudenboomer (Red)
Sat Mar 29 13:30:36 2025 microwave (Blue) [Headshot] Detank (Red)
Sat Mar 29 13:30:36 2025 kkiing (Red) [Weapon Change]
Sat Mar 29 13:30:36 2025 ATORRES_BR! (Blue) [Headshot] Detank (Red)
Sat Mar 29 13:30:36 2025 eliaas (Blue) [SMG] Detank (Red)
Sat Mar 29 13:30:36 2025 eliaas (Blue) [SMG] too much vodka (Red)
Sat Mar 29 13:30:37 2025 microwave (Blue) [Headshot] too much vodka (Red)
Sat Mar 29 13:30:37 2025 eliaas (Blue) [SMG] kkiing (Red)
Sat Mar 29 13:30:37 2025 0_0 (Blue) [Headshot] Deuce (Red)
Sat Mar 29 13:30:37 2025 mariosteve (Red) [Headshot] FlatHorizon (Blue)
Sat Mar 29 13:30:37 2025 CHiNPUi (Blue) [Headshot] 1232 (Red)
Sat Mar 29 13:30:37 2025 Ding (Red) [Fall]
Sat Mar 29 13:30:37 2025 1232 (Red) [Grenade] microwave (Blue)
Sat Mar 29 13:30:38 2025 Jigsaw (Blue) [Headshot] mariosteve (Red)
Sat Mar 29 13:30:38 2025 Born (Red) [Fall]
Sat Mar 29 13:30:38 2025 PixelPizza (Blue) [Fall]
Sat Mar 29 13:30:38 2025 [Global] Detank (Red): gg wp all
Sat Mar 29 13:30:39 2025 1232 (Red) [Grenade] Harry (Blue)
Sat Mar 29 13:30:39 2025 [Global] fritzel (Red): gg
Sat Mar 29 13:30:39 2025 [Global] mariosteve (Red): gg
Sat Mar 29 13:30:40 2025 eliaas (Blue) [Fall]
Sat Mar 29 13:30:40 2025 [Team] ATORRES_BR! (Blue): SOUPY are so delicious <3
Sat Mar 29 13:30:41 2025 [Global] 0_0 (Blue): gg
Sat Mar 29 13:30:42 2025 Jigsaw (Blue) [Fall]
Sat Mar 29 13:30:43 2025 [Global] FlatHorizon (Blue): gg
Sat Mar 29 13:30:43 2025 ATORRES_BR! picked up Red's Intel.
Sat Mar 29 13:30:43 2025 ------ World Unloaded ------
Sat Mar 29 13:30:47 2025 ------ World Loaded ------
Sat Mar 29 13:30:47 2025 Welcome to aloha.pk tower of babel
Sat Mar 29 13:30:47 2025 Born joined Red team
Sat Mar 29 13:30:47 2025 Detank joined Blue team
Sat Mar 29 13:30:48 2025 Loudenboomer joined Red team
Sat Mar 29 13:30:48 2025 1232 joined Blue team
Sat Mar 29 13:30:48 2025 0_0 joined Blue team
Sat Mar 29 13:30:48 2025 Jigsaw joined Red team
Sat Mar 29 13:30:48 2025 microwave joined Blue team
Sat Mar 29 13:30:48 2025 Moomoo the Cow joined Blue team
Sat Mar 29 13:30:48 2025 Map: Mini Hills by Kuma
Sat Mar 29 13:30:49 2025 Starfish joined Red team
Sat Mar 29 13:30:49 2025 eunuch joined Blue team
Sat Mar 29 13:30:49 2025 fritzel joined Red team
Sat Mar 29 13:30:50 2025 Game mode: babel
Sat Mar 29 13:30:51 2025 eliaas joined Blue team
Sat Mar 29 13:30:51 2025 Ding joined Spectator team
Sat Mar 29 13:30:51 2025 PixelPizza joined Spectator team
Sat Mar 29 13:30:51 2025 FlatHorizon joined Red team
Sat Mar 29 13:30:52 2025 CHiNPUi joined Blue team
Sat Mar 29 13:30:52 2025 Build a tower to get the enemy's intel. Take it to your team's tent to win!
Sat Mar 29 13:30:54 2025 fritzel (Red) [Weapon Change]
Sat Mar 29 13:30:54 2025 mariosteve joined Red team
Sat Mar 29 13:30:54 2025 Visit our community forum at https://aloha.pk/
Sat Mar 29 13:30:55 2025 MAXMAX1 joined Red team
Sat Mar 29 13:30:56 2025 DAVID joined Red team
Sat Mar 29 13:30:56 2025 Come chat with us at https://discord.aloha.pk/
Sat Mar 29 13:30:57 2025 FlatHorizon (Red) [Team Change]
Sat Mar 29 13:30:58 2025 Jigsaw (Red) [Headshot] microwave (Blue)
Sat Mar 29 13:30:59 2025 Team is full, moved to Red
Sat Mar 29 13:30:59 2025 microwave (Blue) [Fall]
Sat Mar 29 13:30:59 2025 fritzel (Red) [Fall]
Sat Mar 29 13:30:59 2025 FlatHorizon (Red) [Fall]
Sat Mar 29 13:31:00 2025 FlatHorizon joined Blue team
Sat Mar 29 13:31:00 2025 fritzel joined Blue team
Sat Mar 29 13:31:01 2025 Loudenboomer (Red) [Shotgun] 1232 (Blue)
Sat Mar 29 13:31:05 2025 kkiing joined Red team
Sat Mar 29 13:31:06 2025 ATORRES_BR! joined Blue team
Sat Mar 29 13:31:07 2025 Jigsaw (Red) [Headshot] fritzel (Blue)
Sat Mar 29 13:31:08 2025 Bread Orc joined Red team
Sat Mar 29 13:31:08 2025 Jigsaw (Red) [Headshot] microwave (Blue)
Sat Mar 29 13:31:09 2025 [Global] Ding (): xd
Sat Mar 29 13:31:11 2025 DAVID (Red) [Team Change]
Sat Mar 29 13:31:15 2025 DAVID joined Blue team
Sat Mar 29 13:31:16 2025  Type /HELP for info & commands
Sat Mar 29 13:31:19 2025 FlatHorizon (Blue) [Rifle] Jigsaw (Red)
Sat Mar 29 13:31:21 2025 FlatHorizon (Blue) [Headshot] kkiing (Red)
Sat Mar 29 13:31:21 2025 Detank (Blue) [Rifle] mariosteve (Red)
Sat Mar 29 13:31:23 2025 microwave (Blue) [Headshot] Harry (Red)
Sat Mar 29 13:31:25 2025 Detank (Blue) [Headshot] Bread Orc (Red)
Sat Mar 29 13:31:27 2025 Qult--- joined Spectator team
Sat Mar 29 13:31:32 2025 Jigsaw (Red) [Rifle] DAVID (Blue)
Sat Mar 29 13:31:35 2025 FlatHorizon (Blue) [Headshot] MAXMAX1 (Red)
Sat Mar 29 13:31:36 2025 Loudenboomer (Red) [Shotgun] fritzel (Blue)
Sat Mar 29 13:31:39 2025 Loudenboomer (Red) [Headshot] eunuch (Blue)
Sat Mar 29 13:31:40 2025 FlatHorizon (Blue) [Headshot] kkiing (Red)
Sat Mar 29 13:31:41 2025 [Global] Bread Orc (Red): I can't breath
Sat Mar 29 13:31:41 2025 Player DAVID has left
Sat Mar 29 13:31:41 2025 Jigsaw (Red) [Headshot] microwave (Blue)
Sat Mar 29 13:31:42 2025 [Global] Qult--- (): @detank
Sat Mar 29 13:31:43 2025 [Global] Bread Orc (Red): I mean I can't play
Sat Mar 29 13:31:45 2025 Jigsaw (Red) [Headshot] Detank (Blue)
Sat Mar 29 13:31:47 2025 fritzel (Blue) [Headshot] Jigsaw (Red)
Sat Mar 29 13:31:48 2025 [Global] Ding (): same thing
Sat Mar 29 13:31:49 2025 fritzel (Blue) [Headshot] mariosteve (Red)
Sat Mar 29 13:31:50 2025 Harry (Red) [Rifle] FlatHorizon (Blue)
Sat Mar 29 13:31:53 2025 Harry (Red) [Headshot] 1232 (Blue)
Sat Mar 29 13:31:55 2025 [Global] Detank (Blue): all good, scroll up in that chat qult
Sat Mar 29 13:31:57 2025 [Global] Qult--- (): check ds
Sat Mar 29 13:31:58 2025 [Global] mariosteve (Red): floydmaxxin
Sat Mar 29 13:32:00 2025 CHiNPUi (Blue) [Headshot] kkiing (Red)
Sat Mar 29 13:32:00 2025 Jigsaw (Red) [Headshot] fritzel (Blue)
Sat Mar 29 13:32:04 2025 Loudenboomer (Red) [Headshot] CHiNPUi (Blue)
Sat Mar 29 13:32:05 2025 microwave (Blue) [Headshot] Jigsaw (Red)
Sat Mar 29 13:32:07 2025 microwave (Blue) [Headshot] Bread Orc (Red)
Sat Mar 29 13:32:09 2025 microwave (Blue) [Headshot] Loudenboomer (Red)
Sat Mar 29 13:32:11 2025 microwave (Blue) [Headshot] Harry (Red)
Sat Mar 29 13:32:12 2025 [Global] Bread Orc (Red): ok, I'm out
Sat Mar 29 13:32:13 2025  Visit our community forums at https://aloha.pk/
Sat Mar 29 13:32:15 2025 microwave (Blue) [Headshot] mariosteve (Red)
Sat Mar 29 13:32:16 2025 FlatHorizon (Blue) [Headshot] kkiing (Red)
Sat Mar 29 13:32:16 2025 [Global] Bread Orc (Red): fuck this lag
Sat Mar 29 13:32:18 2025 Jigsaw (Red) [Headshot] microwave (Blue)
Sat Mar 29 13:32:20 2025 Player Bread Orc has left
Sat Mar 29 13:32:21 2025 Detank (Blue) [Team Change]
Sat Mar 29 13:32:23 2025 Jigsaw (Red) [Headshot] fritzel (Blue)
Sat Mar 29 13:32:25 2025 Detank joined Red team
Sat Mar 29 13:32:35 2025 Jigsaw (Red) [Rifle] fritzel (Blue)
Sat Mar 29 13:32:37 2025 Detank (Red) [Headshot] 1232 (Blue)
Sat Mar 29 13:32:37 2025 Jigsaw (Red) [Headshot] ATORRES_BR! (Blue)
Sat Mar 29 13:32:38 2025 Noaa joined Spectator team
Sat Mar 29 13:32:39 2025 Jigsaw (Red) [Headshot] microwave (Blue)
Sat Mar 29 13:32:44 2025 Detank (Red) [Headshot] CHiNPUi (Blue)
Sat Mar 29 13:32:45 2025 Jigsaw (Red) [Headshot] fritzel (Blue)
Sat Mar 29 13:32:48 2025 [Global] Noaa (): u kno ur pc is in rough shape when it crashes during aos
Sat Mar 29 13:32:48 2025 PixelPizza joined Red team
Sat Mar 29 13:32:49 2025 Jigsaw (Red) [Headshot] Moomoo the Cow (Blue)
Sat Mar 29 13:32:51 2025 Jigsaw (Red) [Headshot] ATORRES_BR! (Blue)
Sat Mar 29 13:32:55 2025 [Global] Noaa (): forgot to turn on me dang cooling pad
Sat Mar 29 13:32:55 2025 [Global] ATORRES_BR! (Blue): Jigsaw hacker
Sat Mar 29 13:32:56 2025 Detank (Red) [Headshot] CHiNPUi (Blue)
Sat Mar 29 13:32:56 2025 Ding joined Red team
Sat Mar 29 13:32:58 2025 microwave (Blue) [Rifle] Detank (Red)
Sat Mar 29 13:32:59 2025 [Global] Ding (Red): yes
Sat Mar 29 13:32:59 2025 Jigsaw (Red) [Headshot] 1232 (Blue)
Sat Mar 29 13:33:00 2025 Jigsaw (Red) [Headshot] fritzel (Blue)
Sat Mar 29 13:33:00 2025 eunuch (Blue) [SMG] Jigsaw (Red)
Sat Mar 29 13:33:01 2025 [Team] Detank (Red): micro right
Sat Mar 29 13:33:02 2025 [Global] ATORRES_BR! (Blue): hackin
Sat Mar 29 13:33:02 2025 eunuch (Blue) [SMG] mariosteve (Red)
Sat Mar 29 13:33:03 2025 microwave (Blue) [Headshot] MAXMAX1 (Red)
Sat Mar 29 13:33:12 2025 Noaa joined Blue team
Sat Mar 29 13:33:13 2025  Come chat with us at https://discord.aloha.pk/
Sat Mar 29 13:33:13 2025 microwave (Blue) [Rifle] Detank (Red)
Sat Mar 29 13:33:20 2025 microwave (Blue) [Headshot] Starfish (Red)
Sat Mar 29 13:33:22 2025 Loudenboomer (Red) [Shotgun] ATORRES_BR! (Blue)
Sat Mar 29 13:33:24 2025 Loudenboomer (Red) [Shotgun]
Sat Mar 29 13:33:27 2025 Jigsaw (Red) [Headshot] microwave (Blue)
Sat Mar 29 13:33:29 2025 Jigsaw (Red) [Headshot] fritzel (Blue)
Sat Mar 29 13:33:32 2025 CHiNPUi (Blue) [SMG] Jigsaw (Red)
Sat Mar 29 13:33:50 2025 Player Detank has left
Sat Mar 29 13:33:50 2025 Jigsaw (Red) [Rifle] CHiNPUi (Blue)
Sat Mar 29 13:33:50 2025 Jigsaw (Red) [Headshot] Noaa (Blue)
Sat Mar 29 13:33:52 2025 microwave (Blue) [Headshot] MAXMAX1 (Red)
Sat Mar 29 13:33:59 2025 Jigsaw (Red) [Headshot] fritzel (Blue)
Sat Mar 29 13:34:01 2025 FlatHorizon (Blue) [Headshot] mariosteve (Red)
Sat Mar 29 13:34:01 2025 kkiing (Red) [Rifle]
Sat Mar 29 13:34:02 2025 Jigsaw (Red) [Headshot] microwave (Blue)
Sat Mar 29 13:34:02 2025 Player CHiNPUi has left
Sat Mar 29 13:34:05 2025 Harry (Red) [Headshot] FlatHorizon (Blue)
Sat Mar 29 13:34:09 2025 CHiNPUi joined Blue team
Sat Mar 29 13:34:10 2025 Jigsaw (Red) [Headshot] fritzel (Blue)
Sat Mar 29 13:34:13 2025  If you believe a player is breaking the rules, please let us know with /ADMIN
Sat Mar 29 13:34:13 2025 Jigsaw (Red) [Headshot] Moomoo the Cow (Blue)
Sat Mar 29 13:34:15 2025 Jigsaw (Red) [Headshot] fritzel (Blue)
Sat Mar 29 13:34:16 2025 microwave (Blue) [Headshot] Jigsaw (Red)
Sat Mar 29 13:34:18 2025 too much vodka joined Red team
Sat Mar 29 13:34:24 2025 FlatHorizon (Blue) [Headshot] Harry (Red)
Sat Mar 29 13:34:29 2025 FlatHorizon (Blue) [Headshot] kkiing (Red)
Sat Mar 29 13:34:41 2025 0_0 (Blue) [Fall]
Sat Mar 29 13:34:42 2025 MAXMAX1 (Red) [SMG]
Sat Mar 29 13:34:43 2025 microwave (Blue) [Headshot] Born (Red)
Sat Mar 29 13:34:43 2025 Jigsaw (Red) [Headshot] CHiNPUi (Blue)
Sat Mar 29 13:34:48 2025 microwave (Blue) [Headshot] Jigsaw (Red)
Sat Mar 29 13:34:51 2025 Bizonho joined Blue team
Sat Mar 29 13:34:54 2025 Loudenboomer (Red) [Headshot] microwave (Blue)
Sat Mar 29 13:34:56 2025 PixelPizza (Red) [Headshot] fritzel (Blue)
Sat Mar 29 13:34:59 2025 [Global] too much vodka (Red): got my starbucks 
Sat Mar 29 13:34:59 2025 Jigsaw (Red) [Headshot] FlatHorizon (Blue)
Sat Mar 29 13:35:05 2025 Jigsaw (Red) [Headshot] eliaas (Blue)
Sat Mar 29 13:35:07 2025 [Global] ATORRES_BR! (Blue): Bizonho
Sat Mar 29 13:35:09 2025 CHiNPUi (Blue) [SMG] MAXMAX1 (Red)
Sat Mar 29 13:35:12 2025 Qult--- joined Red team
Sat Mar 29 13:35:13 2025  This server runs imger and glow. Use /IMG or /GLOW to toggle them.
Sat Mar 29 13:35:13 2025 microwave (Blue) [Headshot] too much vodka (Red)
Sat Mar 29 13:35:13 2025 PixelPizza (Red) [Headshot] FlatHorizon (Blue)
Sat Mar 29 13:35:14 2025 microwave (Blue) [Headshot] mariosteve (Red)
Sat Mar 29 13:35:14 2025 CHiNPUi (Blue) [SMG] kkiing (Red)
Sat Mar 29 13:35:15 2025 [Global] ATORRES_BR! (Blue): o Obelix disse que tu tinha morrido irmao
Sat Mar 29 13:35:16 2025 PixelPizza (Red) [Headshot] microwave (Blue)
Sat Mar 29 13:35:19 2025 Jigsaw (Red) [Headshot] CHiNPUi (Blue)
Sat Mar 29 13:35:21 2025 Jigsaw (Red) [Headshot] fritzel (Blue)
Sat Mar 29 13:35:27 2025 Loudenboomer (Red) [Headshot] 1232 (Blue)
Sat Mar 29 13:35:31 2025 Jigsaw (Red) [Headshot] eliaas (Blue)
Sat Mar 29 13:35:32 2025 Jigsaw (Red) [Headshot] fritzel (Blue)
Sat Mar 29 13:35:34 2025 FlatHorizon (Blue) [Headshot] Jigsaw (Red)
Sat Mar 29 13:35:34 2025 [Global] ATORRES_BR! (Blue): é serio
Sat Mar 29 13:35:36 2025 [Global] ATORRES_BR! (Blue): o Obelix disse que tu tinha morrido irmao
Sat Mar 29 13:35:37 2025 microwave (Blue) [Headshot] MAXMAX1 (Red)
Sat Mar 29 13:35:42 2025 PixelPizza (Red) [Headshot] FlatHorizon (Blue)
Sat Mar 29 13:35:42 2025 microwave (Blue) [Headshot] kkiing (Red)
Sat Mar 29 13:35:44 2025 microwave (Blue) [Headshot] Starfish (Red)
Sat Mar 29 13:35:48 2025 microwave (Blue) [Headshot] too much vodka (Red)
Sat Mar 29 13:35:50 2025 Born (Red) [SMG] ATORRES_BR! (Blue)
Sat Mar 29 13:35:51 2025 Jigsaw (Red) [Headshot] microwave (Blue)
Sat Mar 29 13:36:02 2025 [Global] ATORRES_BR! (Blue): nice team the blues
Sat Mar 29 13:36:04 2025 Jigsaw (Red) [Headshot] fritzel (Blue)
Sat Mar 29 13:36:06 2025 1232 (Blue) [Headshot] Ding (Red)
Sat Mar 29 13:36:07 2025 [Global] Ding (Red): rax
Sat Mar 29 13:36:13 2025  Use /EMOTE to draw an emote on the map!
Sat Mar 29 13:36:14 2025 Jigsaw (Red) [Headshot] Moomoo the Cow (Blue)
Sat Mar 29 13:36:15 2025 ATORRES_BR! (Blue) [Fall]
Sat Mar 29 13:36:17 2025 eliaas (Blue) [Shotgun]
Sat Mar 29 13:36:24 2025 Jigsaw (Red) [Headshot] fritzel (Blue)
Sat Mar 29 13:36:29 2025 Jigsaw (Red) [Headshot] eliaas (Blue)
Sat Mar 29 13:36:31 2025 eunuch (Blue) [SMG] Jigsaw (Red)
Sat Mar 29 13:36:32 2025 microwave (Blue) [Headshot] mariosteve (Red)
Sat Mar 29 13:36:33 2025 Qult--- (Red) [Headshot] FlatHorizon (Blue)
Sat Mar 29 13:36:35 2025 0_0 (Blue) [Fall]
Sat Mar 29 13:36:36 2025 [Global] Jigsaw (Red): x)
Sat Mar 29 13:36:41 2025 Born (Red) [Headshot] eunuch (Blue)
Sat Mar 29 13:36:42 2025 PixelPizza (Red) [Headshot] microwave (Blue)
Sat Mar 29 13:36:42 2025 1232 (Blue) [Headshot] Harry (Red)
Sat Mar 29 13:36:47 2025 Born (Red) [Headshot] eliaas (Blue)
Sat Mar 29 13:36:48 2025 fritzel (Blue) [Grenade] MAXMAX1 (Red)
Sat Mar 29 13:36:50 2025 FlatHorizon (Blue) [Headshot] Qult--- (Red)
Sat Mar 29 13:36:52 2025 fritzel (Blue) [Headshot] kkiing (Red)
Sat Mar 29 13:36:52 2025 Jigsaw (Red) [Headshot] fritzel (Blue)
Sat Mar 29 13:36:58 2025 Jigsaw (Red) [Headshot] microwave (Blue)
Sat Mar 29 13:37:01 2025 Noaa picked up Red's Intel.
Sat Mar 29 13:37:02 2025 Player CHiNPUi has left
Sat Mar 29 13:37:03 2025 Jigsaw (Red) [Headshot] eliaas (Blue)
Sat Mar 29 13:37:05 2025 Born (Red) [Headshot] Moomoo the Cow (Blue)
Sat Mar 29 13:37:05 2025 Jigsaw (Red) [Headshot] fritzel (Blue)
Sat Mar 29 13:37:11 2025 Jigsaw (Red) [Headshot] microwave (Blue)
Sat Mar 29 13:37:12 2025 microwave (Blue) [Grenade] Jigsaw (Red)
Sat Mar 29 13:37:13 2025  Use /HEAVEN to paint the babel platform!
Sat Mar 29 13:37:17 2025 1232 (Blue) [Headshot] Loudenboomer (Red)
Sat Mar 29 13:37:20 2025 1232 (Blue) [Headshot] too much vodka (Red)
Sat Mar 29 13:37:22 2025 Noaa dropped Red's Intel
Sat Mar 29 13:37:22 2025  The intel has returned to the heavens
Sat Mar 29 13:37:22 2025 Born (Red) [Headshot] Noaa (Blue)
Sat Mar 29 13:37:25 2025 Jigsaw (Red) [Headshot] microwave (Blue)
Sat Mar 29 13:37:25 2025 Bizonho (Blue) [Headshot] MAXMAX1 (Red)
Sat Mar 29 13:37:25 2025 Born (Red) [SMG] eliaas (Blue)
Sat Mar 29 13:37:27 2025 ATORRES_BR! (Blue) [Headshot] Born (Red)
Sat Mar 29 13:37:29 2025 CHiNPUi joined Blue team
Sat Mar 29 13:37:32 2025 [Global] ATORRES_BR! (Blue): sopa du Born
Sat Mar 29 13:37:36 2025 fritzel (Blue) [Headshot] mariosteve (Red)
Sat Mar 29 13:37:38 2025 Jigsaw (Red) [Headshot] FlatHorizon (Blue)
Sat Mar 29 13:37:38 2025 [Global] ATORRES_BR! (Blue): Born soup
Sat Mar 29 13:37:38 2025 Noaa (Blue) [Headshot] kkiing (Red)
Sat Mar 29 13:37:39 2025 [Global] ATORRES_BR! (Blue): xD
Sat Mar 29 13:37:41 2025 [Global] Born (Red): :P
Sat Mar 29 13:37:43 2025 Jigsaw (Red) [Headshot] ATORRES_BR! (Blue)
Sat Mar 29 13:37:45 2025 Jigsaw (Red) [Rifle] eliaas (Blue)
Sat Mar 29 13:37:47 2025 Jigsaw (Red) [Headshot] Noaa (Blue)
Sat Mar 29 13:37:50 2025 Jigsaw (Red) [Headshot] microwave (Blue)
Sat Mar 29 13:37:51 2025 [Global] mariosteve (Red): I didn't even know you were shooting at me
Sat Mar 29 13:37:53 2025 Qult--- (Red) [SMG] 0_0 (Blue)
Sat Mar 29 13:37:53 2025 Jigsaw (Red) [Headshot] Noaa (Blue)
Sat Mar 29 13:37:54 2025 FlatHorizon (Blue) [Headshot] Qult--- (Red)
Sat Mar 29 13:37:55 2025 Jigsaw (Red) [Headshot] eliaas (Blue)
Sat Mar 29 13:37:56 2025 Jigsaw (Red) [Headshot] FlatHorizon (Blue)
Sat Mar 29 13:37:59 2025 1232 (Blue) [Headshot] MAXMAX1 (Red)
Sat Mar 29 13:37:59 2025 CHiNPUi (Blue) [Headshot] Jigsaw (Red)
Sat Mar 29 13:38:01 2025 fritzel (Blue) [Fall]
Sat Mar 29 13:38:07 2025 CHiNPUi (Blue) [SMG] Born (Red)
Sat Mar 29 13:38:12 2025 eunuch (Blue) [Fall]
Sat Mar 29 13:38:13 2025  Get a 20 killstreak and 1 intel capture(s) to unlock /APOC!
Sat Mar 29 13:38:13 2025 Loudenboomer (Red) [Shotgun] 1232 (Blue)
Sat Mar 29 13:38:15 2025 microwave (Blue) [Headshot] Jigsaw (Red)
Sat Mar 29 13:38:16 2025 [Team] Born (Red): GUY CUT THEM NOW
Sat Mar 29 13:38:16 2025 Starfish (Red) [Headshot] CHiNPUi (Blue)
Sat Mar 29 13:38:17 2025 microwave (Blue) [Headshot] mariosteve (Red)
Sat Mar 29 13:38:18 2025 microwave (Blue) [Headshot] MAXMAX1 (Red)
Sat Mar 29 13:38:22 2025 microwave (Blue) [Headshot] Qult--- (Red)
Sat Mar 29 13:38:25 2025 [Global] 1232 (Blue): GO UP
Sat Mar 29 13:38:25 2025 microwave (Blue) [Headshot] kkiing (Red)
Sat Mar 29 13:38:29 2025 microwave (Blue) [Headshot] Starfish (Red)
Sat Mar 29 13:38:30 2025 Loudenboomer picked up Blue's Intel.
Sat Mar 29 13:38:30 2025 PixelPizza (Red) [Headshot] 0_0 (Blue)
Sat Mar 29 13:38:33 2025 microwave (Blue) [Headshot] Born (Red)
Sat Mar 29 13:38:34 2025 PixelPizza (Red) [Headshot] Moomoo the Cow (Blue)
Sat Mar 29 13:38:35 2025 microwave (Blue) [Headshot] Qult--- (Red)
Sat Mar 29 13:38:36 2025 [Global] Born (Red): bs
Sat Mar 29 13:38:43 2025 Jigsaw (Red) [Headshot] microwave (Blue)
Sat Mar 29 13:38:47 2025 FlatHorizon (Blue) [Headshot] PixelPizza (Red)
Sat Mar 29 13:38:47 2025 Jigsaw (Red) [Headshot] CHiNPUi (Blue)
Sat Mar 29 13:38:49 2025 gavin joined Red team
Sat Mar 29 13:38:56 2025 eliaas (Blue) [Shotgun]
Sat Mar 29 13:38:56 2025 Jigsaw (Red) [Headshot] Noaa (Blue)
Sat Mar 29 13:38:56 2025 Loudenboomer captured Blue's Intel.
Sat Mar 29 13:38:56 2025 MAXMAX1 (Red) [Headshot] CHiNPUi (Blue)
Sat Mar 29 13:38:56 2025 Jigsaw (Red) [Rifle] fritzel (Blue)
Sat Mar 29 13:38:57 2025 [Global] Loudenboomer (Red): haha yes
Sat Mar 29 13:38:59 2025 mariosteve (Red) [Rifle] 0_0 (Blue)
Sat Mar 29 13:39:01 2025 Jigsaw (Red) [Headshot] microwave (Blue)
Sat Mar 29 13:39:02 2025 mariosteve picked up Blue's Intel.
Sat Mar 29 13:39:03 2025 0_0 (Blue) [Rifle] MAXMAX1 (Red)
Sat Mar 29 13:39:04 2025 mariosteve dropped Blue's Intel
Sat Mar 29 13:39:04 2025 ATORRES_BR! (Blue) [Headshot] mariosteve (Red)
Sat Mar 29 13:39:09 2025 [Global] mariosteve (Red): I knew it
Sat Mar 29 13:39:09 2025 [Global] ATORRES_BR! (Blue): sopa du mario steve
Sat Mar 29 13:39:10 2025 Jigsaw (Red) [Headshot] CHiNPUi (Blue)
Sat Mar 29 13:39:12 2025 [Global] Loudenboomer (Red): haha no
Sat Mar 29 13:39:12 2025 Qult--- (Red) [SMG] FlatHorizon (Blue)
Sat Mar 29 13:39:12 2025 0_0 (Blue) [Fall]
Sat Mar 29 13:39:13 2025  Capture your team's 5th intel to unlock /APOC for your team's best builder!
Sat Mar 29 13:39:13 2025 Jigsaw (Red) [Headshot] eliaas (Blue)
Sat Mar 29 13:39:14 2025 microwave (Blue) [Rifle] Born (Red)
Sat Mar 29 13:39:15 2025 Noaa (Blue) [Headshot] Jigsaw (Red)
Sat Mar 29 13:39:18 2025 FlatHorizon (Blue) [Headshot] Qult--- (Red)
Sat Mar 29 13:39:19 2025 eunuch (Blue) [Headshot] gavin (Red)
Sat Mar 29 13:39:24 2025 Loudenboomer (Red) [Shotgun] eunuch (Blue)
Sat Mar 29 13:39:27 2025 Noaa (Blue) [SMG] kkiing (Red)
Sat Mar 29 13:39:29 2025 [Global] mariosteve (Red): I have to wait 4 fucking seconds before the client knows that I'm dead
Sat Mar 29 13:39:30 2025 Loudenboomer (Red) [Shotgun] Moomoo the Cow (Blue)
Sat Mar 29 13:39:33 2025 Starfish (Red) [Headshot] fritzel (Blue)
Sat Mar 29 13:39:35 2025 PixelPizza (Red) [Headshot] eliaas (Blue)
Sat Mar 29 13:39:38 2025 Jigsaw (Red) [Headshot] Noaa (Blue)
Sat Mar 29 13:39:46 2025 microwave (Blue) [Rifle] Ding (Red)
Sat Mar 29 13:39:49 2025 Jigsaw (Red) [Headshot] FlatHorizon (Blue)
Sat Mar 29 13:39:50 2025 ATORRES_BR! (Blue) [Fall]
Sat Mar 29 13:39:50 2025 PixelPizza (Red) [Headshot] 0_0 (Blue)
Sat Mar 29 13:39:52 2025 PixelPizza (Red) [Headshot] CHiNPUi (Blue)
Sat Mar 29 13:39:54 2025 eliaas (Blue) [Fall]
Sat Mar 29 13:39:55 2025 Starfish (Red) [Headshot] microwave (Blue)
Sat Mar 29 13:39:56 2025 Jigsaw (Red) [Headshot] fritzel (Blue)
Sat Mar 29 13:39:59 2025 mariosteve picked up Blue's Intel.
Sat Mar 29 13:40:02 2025 Jigsaw (Red) [Headshot] 0_0 (Blue)
Sat Mar 29 13:40:03 2025 Jigsaw (Red) [Headshot] ATORRES_BR! (Blue)
Sat Mar 29 13:40:03 2025 CHiNPUi (Blue) [SMG] MAXMAX1 (Red)
Sat Mar 29 13:40:04 2025 Moomoo the Cow (Blue) [SMG] Loudenboomer (Red)
Sat Mar 29 13:40:05 2025 Jigsaw (Red) [Headshot] fritzel (Blue)
Sat Mar 29 13:40:06 2025 gavin (Red) [Shotgun] Moomoo the Cow (Blue)
Sat Mar 29 13:40:07 2025 Jigsaw (Red) [Headshot] eliaas (Blue)
Sat Mar 29 13:40:09 2025 CHiNPUi (Blue) [Headshot] gavin (Red)
Sat Mar 29 13:40:10 2025 mariosteve dropped Blue's Intel
Sat Mar 29 13:40:10 2025  The intel has returned to the heavens
Sat Mar 29 13:40:10 2025 mariosteve (Red) [Fall]
Sat Mar 29 13:40:10 2025 microwave (Blue) [Rifle] Qult--- (Red)
Sat Mar 29 13:40:11 2025 [Global] mariosteve (Red): I HATE LAG
Sat Mar 29 13:40:11 2025 Jigsaw (Red) [Headshot] FlatHorizon (Blue)
Sat Mar 29 13:40:13 2025  Mahalo for playing aloha.pk tower of babel
Sat Mar 29 13:40:13 2025 Jigsaw (Red) [Headshot] Moomoo the Cow (Blue)
Sat Mar 29 13:40:14 2025 Noaa (Blue) [Headshot] Jigsaw (Red)
Sat Mar 29 13:40:15 2025  Bizonho has reached 1000 blocks placed! /heaven unlocked.
Sat Mar 29 13:40:16 2025 [Global] Loudenboomer (Red): LMAO
Sat Mar 29 13:40:17 2025 1232 (Blue) [SMG]
Sat Mar 29 13:40:18 2025 Qult--- (Red) [Weapon Change]
Sat Mar 29 13:40:19 2025 PixelPizza (Red) [Headshot] microwave (Blue)
Sat Mar 29 13:40:21 2025 [Team] Loudenboomer (Red): you just walked off
Sat Mar 29 13:40:27 2025 peach blossom joined Blue team
Sat Mar 29 13:40:28 2025 [Global] Moomoo the Cow (Blue): people building platform in the sky ... i never like that
Sat Mar 29 13:40:33 2025 PixelPizza (Red) [Headshot] 0_0 (Blue)
Sat Mar 29 13:40:34 2025 PixelPizza (Red) [Headshot] eunuch (Blue)
Sat Mar 29 13:40:36 2025 MAXMAX1 picked up Blue's Intel.
Sat Mar 29 13:40:38 2025 microwave (Blue) [Headshot] Starfish (Red)
Sat Mar 29 13:40:39 2025 Born (Red) [Fall]
Sat Mar 29 13:40:39 2025 MAXMAX1 dropped Blue's Intel
Sat Mar 29 13:40:39 2025 CHiNPUi (Blue) [Headshot] MAXMAX1 (Red)
Sat Mar 29 13:40:45 2025 Jigsaw (Red) [Headshot] fritzel (Blue)
Sat Mar 29 13:40:46 2025 Noaa (Blue) [SMG] Loudenboomer (Red)
Sat Mar 29 13:40:50 2025 PixelPizza (Red) [Headshot] 0_0 (Blue)
Sat Mar 29 13:40:50 2025 Jigsaw (Red) [Headshot] FlatHorizon (Blue)
Sat Mar 29 13:40:50 2025 CHiNPUi (Blue) [SMG] gavin (Red)
Sat Mar 29 13:40:51 2025 Jigsaw (Red) [Headshot] microwave (Blue)
Sat Mar 29 13:40:51 2025 mariosteve (Red) [Headshot] Noaa (Blue)
Sat Mar 29 13:40:51 2025 [Team] Loudenboomer (Red): MAX YOU MORON
Sat Mar 29 13:40:52 2025 CHiNPUi (Blue) [Headshot] mariosteve (Red)
Sat Mar 29 13:40:52 2025 Jigsaw (Red) [Headshot] eliaas (Blue)
Sat Mar 29 13:40:55 2025 Jigsaw (Red) [Headshot] fritzel (Blue)
Sat Mar 29 13:40:59 2025 [Team] Loudenboomer (Red): YOU CARRIED THE INTEL TO THEIR SIDE
Sat Mar 29 13:41:00 2025 [Team] mariosteve (Red): TOP
Sat Mar 29 13:41:04 2025 Harry (Red) [Rifle] Moomoo the Cow (Blue)
Sat Mar 29 13:41:04 2025 Amo _Ali joined Blue team
Sat Mar 29 13:41:06 2025 PixelPizza (Red) [Headshot] CHiNPUi (Blue)
Sat Mar 29 13:41:10 2025 peach blossom (Blue) [Headshot] Starfish (Red)
Sat Mar 29 13:41:11 2025 Jigsaw (Red) [Rifle] 0_0 (Blue)
Sat Mar 29 13:41:12 2025 microwave (Blue) [Headshot] PixelPizza (Red)
Sat Mar 29 13:41:13 2025  Build a tower to get the enemy's intel. Take it to your team's tent to win!
Sat Mar 29 13:41:14 2025 MAXMAX1 (Red) [Grenade] peach blossom (Blue)
Sat Mar 29 13:41:16 2025 Jigsaw (Red) [Headshot] ATORRES_BR! (Blue)
Sat Mar 29 13:41:16 2025 0_0 (Blue) [Headshot] MAXMAX1 (Red)
Sat Mar 29 13:41:17 2025 microwave (Blue) [Rifle] Harry (Red)
Sat Mar 29 13:41:17 2025 Jigsaw (Red) [Headshot] Moomoo the Cow (Blue)
Sat Mar 29 13:41:20 2025 mariosteve (Red) [Headshot] Bizonho (Blue)
Sat Mar 29 13:41:24 2025 Loudenboomer picked up Blue's Intel.
Sat Mar 29 13:41:24 2025 mariosteve (Red) [Headshot] CHiNPUi (Blue)
Sat Mar 29 13:41:24 2025 Loudenboomer dropped Blue's Intel
Sat Mar 29 13:41:24 2025 microwave (Blue) [Headshot] Loudenboomer (Red)
Sat Mar 29 13:41:26 2025 Noaa (Blue) [Headshot] mariosteve (Red)
Sat Mar 29 13:41:27 2025 Noaa (Blue) [SMG] gavin (Red)
Sat Mar 29 13:41:27 2025 fritzel (Blue) [Headshot] Jigsaw (Red)
Sat Mar 29 13:41:29 2025 [Team] mariosteve (Red): RUSH
Sat Mar 29 13:41:32 2025 Noaa picked up Red's Intel.
Sat Mar 29 13:41:33 2025 [Global] microwave (Blue): who built this crappy platform
Sat Mar 29 13:41:35 2025 [Global] Jigsaw (Red): come on
Sat Mar 29 13:41:35 2025 Noaa dropped Red's Intel
Sat Mar 29 13:41:35 2025 Born (Red) [SMG] Noaa (Blue)
Sat Mar 29 13:41:39 2025 Jigsaw (Red) [Headshot] Amo _Ali (Blue)
Sat Mar 29 13:41:46 2025 too much vodka (Red) [Headshot] Moomoo the Cow (Blue)
Sat Mar 29 13:41:47 2025 Ding (Red) [SMG] 1232 (Blue)
Sat Mar 29 13:41:48 2025 Jigsaw (Red) [Headshot] peach blossom (Blue)
Sat Mar 29 13:41:48 2025 microwave (Blue) [Rifle] Ding (Red)
Sat Mar 29 13:41:49 2025 microwave (Blue) [Headshot] MAXMAX1 (Red)
Sat Mar 29 13:41:49 2025 Jigsaw (Red) [Headshot] CHiNPUi (Blue)
Sat Mar 29 13:41:50 2025 fritzel (Blue) [Headshot] Ding (Red)
Sat Mar 29 13:41:51 2025 too much vodka (Red) [Headshot] Bizonho (Blue)
Sat Mar 29 13:41:52 2025 fritzel (Blue) [Headshot] gavin (Red)
Sat Mar 29 13:41:52 2025 PixelPizza (Red) [Headshot] fritzel (Blue)
Sat Mar 29 13:41:54 2025 too much vodka (Red) [SMG] ATORRES_BR! (Blue)
Sat Mar 29 13:41:57 2025 microwave (Blue) [Headshot] Loudenboomer (Red)
Sat Mar 29 13:42:02 2025 peach blossom (Blue) [Headshot] mariosteve (Red)
Sat Mar 29 13:42:04 2025 [Team] Loudenboomer (Red): LOOK AT WHAT YOU DID MAX
Sat Mar 29 13:42:08 2025 Jigsaw (Red) [Headshot] FlatHorizon (Blue)
Sat Mar 29 13:42:08 2025 Jigsaw (Red) [Headshot] eliaas (Blue)
Sat Mar 29 13:42:10 2025 Jigsaw (Red) [Headshot] fritzel (Blue)
Sat Mar 29 13:42:11 2025 Noaa (Blue) [Headshot] too much vodka (Red)
Sat Mar 29 13:42:11 2025 ATORRES_BR! (Blue) [Fall]
Sat Mar 29 13:42:13 2025  Type /HELP for info & commands
Sat Mar 29 13:42:13 2025 Noaa picked up Red's Intel.
Sat Mar 29 13:42:13 2025 Player gavin has left
Sat Mar 29 13:42:15 2025 Jigsaw (Red) [Headshot] CHiNPUi (Blue)
Sat Mar 29 13:42:17 2025 Born (Red) [Headshot] 1232 (Blue)
Sat Mar 29 13:42:18 2025 Born (Red) [Headshot] Moomoo the Cow (Blue)
Sat Mar 29 13:42:20 2025 kkiing (Red) [Rifle]
Sat Mar 29 13:42:20 2025 ATORRES_BR! (Blue) [Fall]
Sat Mar 29 13:42:21 2025 gavin joined Red team
Sat Mar 29 13:42:22 2025 microwave (Blue) [Headshot] Harry (Red)
Sat Mar 29 13:42:24 2025 peach blossom (Blue) [SMG] MAXMAX1 (Red)
Sat Mar 29 13:42:25 2025 Jigsaw (Red) [Headshot] 1232 (Blue)
Sat Mar 29 13:42:26 2025 Jigsaw (Red) [Headshot] Moomoo the Cow (Blue)
Sat Mar 29 13:42:27 2025 Jigsaw (Red) [Headshot] eunuch (Blue)
Sat Mar 29 13:42:27 2025 0_0 (Blue) [Rifle] Jigsaw (Red)
Sat Mar 29 13:42:30 2025 FlatHorizon (Blue) [Headshot] mariosteve (Red)
Sat Mar 29 13:42:37 2025 fritzel (Blue) [Headshot] Starfish (Red)
Sat Mar 29 13:42:39 2025 PixelPizza (Red) [Headshot] eliaas (Blue)
Sat Mar 29 13:42:39 2025 microwave (Blue) [Headshot] PixelPizza (Red)
Sat Mar 29 13:42:46 2025 peach blossom (Blue) [Headshot] gavin (Red)
Sat Mar 29 13:42:47 2025 Harry (Red) [Headshot] Bizonho (Blue)
Sat Mar 29 13:42:47 2025 peach blossom (Blue) [Headshot] MAXMAX1 (Red)
Sat Mar 29 13:42:51 2025 fritzel (Blue) [Rifle]
Sat Mar 29 13:42:52 2025 Harry (Red) [Headshot] 0_0 (Blue)
Sat Mar 29 13:42:53 2025 peach blossom (Blue) [Headshot] Harry (Red)
Sat Mar 29 13:42:54 2025 CHiNPUi (Blue) [Headshot] kkiing (Red)
Sat Mar 29 13:42:55 2025 CHiNPUi (Blue) [Headshot] Starfish (Red)
Sat Mar 29 13:42:58 2025 Jigsaw (Red) [Headshot] eliaas (Blue)
Sat Mar 29 13:43:00 2025 peach blossom (Blue) [Headshot] mariosteve (Red)
Sat Mar 29 13:43:00 2025 CHiNPUi (Blue) [SMG] gavin (Red)
Sat Mar 29 13:43:02 2025 Starfish (Red) [Headshot] CHiNPUi (Blue)
Sat Mar 29 13:43:08 2025 Loudenboomer (Red) [Headshot] Moomoo the Cow (Blue)
Sat Mar 29 13:43:08 2025 [Global] mariosteve (Red): gaysmgay
Sat Mar 29 13:43:08 2025 Noaa captured Red's Intel.
Sat Mar 29 13:43:12 2025 Jigsaw (Red) [Headshot] peach blossom (Blue)
Sat Mar 29 13:43:13 2025  Visit our community forums at https://aloha.pk/
Sat Mar 29 13:43:13 2025 [Team] Born (Red): WTF are you doing
Sat Mar 29 13:43:13 2025 Jigsaw (Red) [Headshot] 1232 (Blue)
Sat Mar 29 13:43:16 2025 microwave (Blue) [Headshot] Loudenboomer (Red)
Sat Mar 29 13:43:18 2025 ATORRES_BR! (Blue) [Fall]
Sat Mar 29 13:43:19 2025 Jigsaw (Red) [Headshot] 0_0 (Blue)
Sat Mar 29 13:43:19 2025 microwave (Blue) [Headshot] MAXMAX1 (Red)
Sat Mar 29 13:43:23 2025 microwave (Blue) [Headshot] Jigsaw (Red)
Sat Mar 29 13:43:23 2025 PixelPizza (Red) [Headshot] Amo _Ali (Blue)
Sat Mar 29 13:43:25 2025 PixelPizza (Red) [Headshot] fritzel (Blue)
Sat Mar 29 13:43:29 2025 Player Amo _Ali has left
Sat Mar 29 13:43:31 2025 Harry (Red) [Headshot] CHiNPUi (Blue)
Sat Mar 29 13:43:34 2025 Moomoo the Cow (Blue) [Headshot] Harry (Red)
Sat Mar 29 13:43:34 2025 0_0 (Blue) [Fall]
Sat Mar 29 13:43:36 2025 Disconnecting
