Mon Feb 10 14:33:04 2025 ------ World Loaded ------
Mon Feb 10 14:33:04 2025 Welcome to aloha.pk tower of babel
Mon Feb 10 14:33:05 2025 Otiinbr joined Red team
Mon Feb 10 14:33:05 2025 Map: Ellipsis by ei8htx
Mon Feb 10 14:33:05 2025 Reporauno (Red) [SMG] Bizonho (Blue)
Mon Feb 10 14:33:07 2025 Game mode: babel
Mon Feb 10 14:33:09 2025 Bizonho (Blue) [Fall]
Mon Feb 10 14:33:09 2025 Build a tower to get the enemy's intel. Take it to your team's tent to win!
Mon Feb 10 14:33:10 2025 Reporauno (Red) [Headshot] Mysterion (Blue)
Mon Feb 10 14:33:10 2025 Name (Blue) [Headshot] Reporauno (Red)
Mon Feb 10 14:33:10 2025 teiy (Red) [Headshot] corn fan (Blue)
Mon Feb 10 14:33:11 2025 Visit our community forum at https://aloha.pk/
Mon Feb 10 14:33:13 2025 Come chat with us at https://discord.aloha.pk/
Mon Feb 10 14:33:18 2025 Name (Blue) [Headshot] Harry (Red)
Mon Feb 10 14:33:20 2025 BollusFTW (Blue) [SMG] Reporauno (Red)
Mon Feb 10 14:33:23 2025 corn fan (Blue) [Team Change]
Mon Feb 10 14:33:26 2025 BollusFTW picked up Red's Intel.
Mon Feb 10 14:33:28 2025 corn fan joined Red team
Mon Feb 10 14:33:34 2025 IlikeTrains (Blue) [Grenade] corn fan (Red)
Mon Feb 10 14:33:35 2025 Harry (Red) [Headshot] IlikeTrains (Blue)
Mon Feb 10 14:33:39 2025 Name (Blue) [Headshot] Reporauno (Red)
Mon Feb 10 14:33:49 2025  With 2211 blocks placed, BollusFTW is granted the right to unleash the apocalypse.
Mon Feb 10 14:33:49 2025 BollusFTW captured Red's Intel.
Mon Feb 10 14:33:54 2025 Bizonho picked up Red's Intel.
Mon Feb 10 14:34:01 2025 Cornballs joined Red team
Mon Feb 10 14:34:02 2025 [Global] Cornballs (Red): lets fok
Mon Feb 10 14:34:02 2025 BollusFTW (Blue) [SMG] teiy (Red)
Mon Feb 10 14:34:03 2025  Visit our community forums at https://aloha.pk/
Mon Feb 10 14:34:04 2025 Mysterion (Blue) [Headshot] Otiinbr (Red)
Mon Feb 10 14:34:04 2025 Harry (Red) [Rifle] BollusFTW (Blue)
Mon Feb 10 14:34:07 2025 [Global] Y.O.B.A. (): lets
Mon Feb 10 14:34:07 2025 IlikeTrains (Blue) [SMG] Reporauno (Red)
Mon Feb 10 14:34:12 2025  BollusFTW has unleashed an apocalypse from God.
Mon Feb 10 14:34:13 2025 [Global] Reporauno (Red): no fucking available
Mon Feb 10 14:34:14 2025  The apocalypse begins in 5
Mon Feb 10 14:34:15 2025 Harry (Red) [Headshot] Name (Blue)
Mon Feb 10 14:34:15 2025  The apocalypse begins in 4
Mon Feb 10 14:34:15 2025 Mysterion (Blue) [SMG] Harry (Red)
Mon Feb 10 14:34:16 2025 Bizonho captured Red's Intel.
Mon Feb 10 14:34:16 2025  The apocalypse begins in 3
Mon Feb 10 14:34:16 2025 Player Name has left
Mon Feb 10 14:34:17 2025  The apocalypse begins in 2
Mon Feb 10 14:34:18 2025  The apocalypse begins in 1
Mon Feb 10 14:34:18 2025 [Global] Reporauno (Red): its was heavily unbalanced
Mon Feb 10 14:34:19 2025 teiy (Red) [SMG] Mysterion (Blue)
Mon Feb 10 14:34:19 2025 BollusFTW (Blue) [Grenade] teiy (Red)
Mon Feb 10 14:34:20 2025 BollusFTW (Blue) [Grenade] Harry (Red)
Mon Feb 10 14:34:21 2025 Cornballs (Red) [Rifle] IlikeTrains (Blue)
Mon Feb 10 14:34:23 2025 BollusFTW (Blue) [Grenade] corn fan (Red)
Mon Feb 10 14:34:23 2025 BollusFTW (Blue) [Grenade] Reporauno (Red)
Mon Feb 10 14:34:26 2025 BollusFTW (Blue) [Grenade] Otiinbr (Red)
Mon Feb 10 14:34:29 2025 BollusFTW (Blue) [Grenade] corn fan (Red)
Mon Feb 10 14:34:29 2025 BollusFTW (Blue) [Grenade] Otiinbr (Red)
Mon Feb 10 14:34:29 2025 BollusFTW (Blue) [Grenade] Harry (Red)
Mon Feb 10 14:34:31 2025 BollusFTW (Blue) [Grenade] teiy (Red)
Mon Feb 10 14:34:36 2025 [Global] IlikeTrains (Blue): apoc idiot, u should die
Mon Feb 10 14:34:37 2025  The apocalypse has ended.
Mon Feb 10 14:34:39 2025 Bizonho picked up Red's Intel.
Mon Feb 10 14:34:40 2025 [Global] Cornballs (Red): u
Mon Feb 10 14:34:43 2025 BollusFTW (Blue) [Headshot] corn fan (Red)
Mon Feb 10 14:34:44 2025 [Global] corn fan (Red): fuck you
Mon Feb 10 14:34:45 2025 Bizonho (Blue) [Grenade] teiy (Red)
Mon Feb 10 14:34:51 2025 [Global] IlikeTrains (Blue): cry ass
Mon Feb 10 14:34:51 2025 Tiger joined Red team
Mon Feb 10 14:34:55 2025 BollusFTW (Blue) [Headshot] Otiinbr (Red)
Mon Feb 10 14:34:57 2025 IlikeTrains (Blue) [Headshot] Cornballs (Red)
Mon Feb 10 14:34:58 2025 Harry (Red) [Rifle] Mysterion (Blue)
Mon Feb 10 14:34:59 2025 [Global] IlikeTrains (Blue): ez
Mon Feb 10 14:35:00 2025 i will try joined Blue team
Mon Feb 10 14:35:02 2025 [Global] Y.O.B.A. (): like tyhat
Mon Feb 10 14:35:03 2025  Come chat with us at https://discord.aloha.pk/
Mon Feb 10 14:35:08 2025 IlikeTrains (Blue) [Grenade] Otiinbr (Red)
Mon Feb 10 14:35:09 2025 IlikeTrains (Blue) [Grenade] teiy (Red)
Mon Feb 10 14:35:09 2025 IlikeTrains (Blue) [Grenade] corn fan (Red)
Mon Feb 10 14:35:11 2025 Bizonho captured Red's Intel.
Mon Feb 10 14:35:11 2025 BollusFTW (Blue) [Headshot] Cornballs (Red)
Mon Feb 10 14:35:11 2025 [Global] IlikeTrains (Blue): OUCH'
Mon Feb 10 14:35:12 2025 Reporauno (Red) [Headshot] Mysterion (Blue)
Mon Feb 10 14:35:12 2025 Player corn fan has left
Mon Feb 10 14:35:18 2025 BollusFTW picked up Red's Intel.
Mon Feb 10 14:35:22 2025 Reporauno (Red) [Headshot] Mysterion (Blue)
Mon Feb 10 14:35:26 2025 IlikeTrains (Blue) [SMG] Otiinbr (Red)
Mon Feb 10 14:35:27 2025 Cornballs (Red) [Headshot] IlikeTrains (Blue)
Mon Feb 10 14:35:30 2025 [Global] Cornballs (Red): ez
Mon Feb 10 14:35:32 2025 IlikeTrains (Blue) [Headshot] Reporauno (Red)
Mon Feb 10 14:35:38 2025 IlikeTrains (Blue) [SMG] Cornballs (Red)
Mon Feb 10 14:35:40 2025 [Global] Cornballs (Red): no
Mon Feb 10 14:35:41 2025 BollusFTW captured Red's Intel.
Mon Feb 10 14:35:45 2025 UsedToiletPaper (Blue) [Headshot] teiy (Red)
Mon Feb 10 14:35:54 2025 UsedToiletPaper (Blue) [Grenade] Reporauno (Red)
Mon Feb 10 14:35:56 2025 Cornballs (Red) [Headshot] UsedToiletPaper (Blue)
Mon Feb 10 14:35:58 2025 IlikeTrains (Blue) [Headshot] Harry (Red)
Mon Feb 10 14:36:02 2025 BollusFTW (Blue) [Headshot] Tiger (Red)
Mon Feb 10 14:36:03 2025 Bizonho picked up Red's Intel.
Mon Feb 10 14:36:03 2025  If you believe a player is breaking the rules, please let us know with /ADMIN
Mon Feb 10 14:36:06 2025 Player UsedToiletPaper has left
Mon Feb 10 14:36:07 2025 BollusFTW (Blue) [Headshot] Otiinbr (Red)
Mon Feb 10 14:36:09 2025 [Global] Y.O.B.A. (): guys from 00/90/80
Mon Feb 10 14:36:12 2025 Tiger (Red) [Headshot] BollusFTW (Blue)
Mon Feb 10 14:36:16 2025 IlikeTrains (Blue) [Headshot] Cornballs (Red)
Mon Feb 10 14:36:20 2025 Reporauno (Red) [Headshot] Mysterion (Blue)
Mon Feb 10 14:36:21 2025 IlikeTrains (Blue) [SMG] Tiger (Red)
Mon Feb 10 14:36:21 2025 [Global] Y.O.B.A. (): how to stop doi it
Mon Feb 10 14:36:30 2025 Reporauno (Red) [SMG] IlikeTrains (Blue)
Mon Feb 10 14:36:30 2025 Bizonho captured Red's Intel.
Mon Feb 10 14:36:34 2025 [Global] Bizonho (Blue): 77
Mon Feb 10 14:36:36 2025 Mysterion (Blue) [Headshot] Reporauno (Red)
Mon Feb 10 14:36:44 2025 teiy (Red) [Fall]
Mon Feb 10 14:36:50 2025 BollusFTW (Blue) [Headshot] Otiinbr (Red)
Mon Feb 10 14:36:53 2025 [Global] Y.O.B.A. (): that shit which ukillin
Mon Feb 10 14:36:55 2025 jabka joined Blue team
Mon Feb 10 14:36:55 2025 BollusFTW (Blue) [Headshot] Otiinbr (Red)
Mon Feb 10 14:36:58 2025 Bizonho picked up Red's Intel.
Mon Feb 10 14:37:00 2025 jabka (Blue) [Weapon Change]
Mon Feb 10 14:37:03 2025  This server runs imger and glow. Use /IMG or /GLOW to toggle them.
Mon Feb 10 14:37:09 2025 Reporauno (Red) [Headshot] Mysterion (Blue)
Mon Feb 10 14:37:18 2025 IlikeTrains (Blue) [Headshot] Cornballs (Red)
Mon Feb 10 14:37:18 2025 Bizonho dropped Red's Intel
Mon Feb 10 14:37:18 2025  The intel has returned to the heavens
Mon Feb 10 14:37:18 2025 Tiger (Red) [Headshot] Bizonho (Blue)
Mon Feb 10 14:37:21 2025 Mysterion (Blue) [Headshot] Tiger (Red)
Mon Feb 10 14:37:22 2025 [Global] Cornballs (Red): now you peek
Mon Feb 10 14:37:24 2025 [Global] Cornballs (Red): ...
Mon Feb 10 14:37:29 2025 [Global] Y.O.B.A. (): yes
Mon Feb 10 14:37:29 2025 Reporauno (Red) [Headshot] Mysterion (Blue)
Mon Feb 10 14:37:30 2025 [Global] IlikeTrains (Blue): yes
Mon Feb 10 14:37:34 2025 Player Mysterion has left
Mon Feb 10 14:37:37 2025 jabka (Blue) [Weapon Change]
Mon Feb 10 14:37:39 2025 BollusFTW (Blue) [Headshot] Otiinbr (Red)
Mon Feb 10 14:37:43 2025 Cornballs (Red) [Headshot] IlikeTrains (Blue)
Mon Feb 10 14:37:43 2025 [Global] Y.O.B.A. (): what to do?
Mon Feb 10 14:37:50 2025 [Global] Cornballs (Red): ez
Mon Feb 10 14:37:53 2025 [Global] IlikeTrains (Blue): go run to tent noob!!
Mon Feb 10 14:37:53 2025 Bizonho picked up Red's Intel.
Mon Feb 10 14:37:54 2025 [Global] Y.O.B.A. (): did dru~
Mon Feb 10 14:38:01 2025 [Global] Cornballs (Red): ok
Mon Feb 10 14:38:03 2025  Use /EMOTE to draw an emote on the map!
Mon Feb 10 14:38:03 2025 jabka (Blue) [SMG] Reporauno (Red)
Mon Feb 10 14:38:05 2025 [Global] Y.O.B.A. (): jaileded
Mon Feb 10 14:38:13 2025 BollusFTW (Blue) [SMG] teiy (Red)
Mon Feb 10 14:38:13 2025 Bizonho dropped Red's Intel
Mon Feb 10 14:38:13 2025  The intel has returned to the heavens
Mon Feb 10 14:38:13 2025 Tiger (Red) [Headshot] Bizonho (Blue)
Mon Feb 10 14:38:15 2025 Tiger (Red) [Headshot] i will try (Blue)
Mon Feb 10 14:38:17 2025 [Global] Y.O.B.A. (): did  teas with stuff
Mon Feb 10 14:38:18 2025 i will try (Blue) [SMG] Tiger (Red)
Mon Feb 10 14:38:24 2025 Cornballs (Red) [Melee] BollusFTW (Blue)
Mon Feb 10 14:38:28 2025 IlikeTrains (Blue) [Grenade] Cornballs (Red)
Mon Feb 10 14:38:28 2025 [Global] Y.O.B.A. (): say
Mon Feb 10 14:38:30 2025 IlikeTrains (Blue) [Headshot] Cornballs (Red)
Mon Feb 10 14:38:33 2025 [Global] IlikeTrains (Blue): haha
Mon Feb 10 14:38:35 2025 [Global] IlikeTrains (Blue): double
Mon Feb 10 14:38:41 2025 Bizonho picked up Red's Intel.
Mon Feb 10 14:38:41 2025 BollusFTW (Blue) [SMG] Otiinbr (Red)
Mon Feb 10 14:38:42 2025 IlikeTrains (Blue) [SMG] Cornballs (Red)
Mon Feb 10 14:38:48 2025 Reporauno (Red) [Headshot] i will try (Blue)
Mon Feb 10 14:38:49 2025 Always... joined Blue team
Mon Feb 10 14:38:54 2025 IlikeTrains (Blue) [Headshot] Cornballs (Red)
Mon Feb 10 14:38:57 2025 [Global] Cornballs (Red): bruh
Mon Feb 10 14:38:58 2025 Reporauno (Red) [Headshot] i will try (Blue)
Mon Feb 10 14:39:00 2025 Tiger (Red) [SMG] Always... (Blue)
Mon Feb 10 14:39:03 2025  Use /HEAVEN to paint the babel platform!
Mon Feb 10 14:39:05 2025 tt joined Blue team
Mon Feb 10 14:39:06 2025 Bizonho captured Red's Intel.
Mon Feb 10 14:39:06 2025 Blue Wins!
Mon Feb 10 14:39:06 2025  Game finished! Next map: classicgen_babel.
Mon Feb 10 14:39:08 2025 Tiger (Red) [SMG] Always... (Blue)
Mon Feb 10 14:39:08 2025 Tiger (Red) [SMG] Always... (Blue)
Mon Feb 10 14:39:08 2025 BollusFTW (Blue) [Headshot] Cornballs (Red)
Mon Feb 10 14:39:08 2025 jabka (Blue) [Headshot] Otiinbr (Red)
Mon Feb 10 14:39:08 2025 jabka (Blue) [SMG] Otiinbr (Red)
Mon Feb 10 14:39:08 2025 BollusFTW (Blue) [Headshot] Harry (Red)
Mon Feb 10 14:39:09 2025 jabka (Blue) [Headshot] Otiinbr (Red)
Mon Feb 10 14:39:09 2025 Tiger (Red) [SMG] tt (Blue)
Mon Feb 10 14:39:10 2025 teiy (Red) [Headshot] i will try (Blue)
Mon Feb 10 14:39:11 2025 Always... (Blue) [Grenade] Reporauno (Red)
Mon Feb 10 14:39:11 2025 Always... (Blue) [Grenade] Tiger (Red)
Mon Feb 10 14:39:11 2025 Bizonho (Blue) [SMG] teiy (Red)
Mon Feb 10 14:39:11 2025 [Global] Y.O.B.A. (): nice ssayin
Mon Feb 10 14:39:14 2025 Player Cornballs has left
Mon Feb 10 14:39:14 2025 BollusFTW (Blue) [Fall]
Mon Feb 10 14:39:16 2025 ------ World Unloaded ------
Mon Feb 10 14:39:20 2025 ------ World Loaded ------
Mon Feb 10 14:39:20 2025 Welcome to aloha.pk tower of babel
Mon Feb 10 14:39:21 2025 Map: classicgen_babel by (unknown)
Mon Feb 10 14:39:22 2025 i will try joined Red team
Mon Feb 10 14:39:22 2025 IlikeTrains joined Blue team
Mon Feb 10 14:39:23 2025 Game mode: babel
Mon Feb 10 14:39:24 2025 Tiger joined Red team
Mon Feb 10 14:39:25 2025 Otiinbr joined Blue team
Mon Feb 10 14:39:25 2025 Build a tower to get the enemy's intel. Take it to your team's tent to win!
Mon Feb 10 14:39:25 2025 The Dark Horse joined Red team
Mon Feb 10 14:39:27 2025 tt joined Blue team
Mon Feb 10 14:39:27 2025 Visit our community forum at https://aloha.pk/
Mon Feb 10 14:39:27 2025 jabka joined Blue team
Mon Feb 10 14:39:28 2025 Always... joined Red team
Mon Feb 10 14:39:28 2025 Reporauno joined Blue team
Mon Feb 10 14:39:29 2025 Come chat with us at https://discord.aloha.pk/
Mon Feb 10 14:39:31 2025 teiy joined Red team
Mon Feb 10 14:39:37 2025 [Global] IlikeTrains (Blue): wtf classicgen
Mon Feb 10 14:39:44 2025 IlikeTrains (Blue) [Headshot] Tiger (Red)
Mon Feb 10 14:39:44 2025 BollusFTW joined Blue team
Mon Feb 10 14:39:46 2025 The Dark Horse (Red) [Headshot] Reporauno (Blue)
Mon Feb 10 14:39:54 2025 IlikeTrains (Blue) [Headshot] Always... (Red)
Mon Feb 10 14:39:54 2025 jabka (Blue) [Weapon Change]
Mon Feb 10 14:39:56 2025 The Dark Horse (Red) [Headshot] Otiinbr (Blue)
Mon Feb 10 14:40:03 2025 Y.O.B.A. joined Spectator team
Mon Feb 10 14:40:03 2025  Get a 20 killstreak and 1 intel capture(s) to unlock /APOC!
Mon Feb 10 14:40:04 2025 The Dark Horse (Red) [SMG] IlikeTrains (Blue)
Mon Feb 10 14:40:10 2025 [Global] Y.O.B.A. (): yes im ready
Mon Feb 10 14:40:11 2025 The Dark Horse (Red) [SMG] Harry (Blue)
Mon Feb 10 14:40:12 2025 Reporauno (Blue) [Headshot] The Dark Horse (Red)
Mon Feb 10 14:40:15 2025 teiy (Red) [Fall]
Mon Feb 10 14:40:18 2025 Tiger (Red) [SMG] tt (Blue)
Mon Feb 10 14:40:18 2025 Reporauno (Blue) [Headshot] Tiger (Red)
Mon Feb 10 14:40:19 2025 BollusFTW (Blue) [Headshot] Always... (Red)
Mon Feb 10 14:40:21 2025 The Dark Horse (Red) [Headshot] BollusFTW (Blue)
Mon Feb 10 14:40:21 2025 [Global] IlikeTrains (Blue): sober?
Mon Feb 10 14:40:30 2025 [Global] Y.O.B.A. (): 1
Mon Feb 10 14:40:35 2025 [Global] IlikeTrains (Blue): ?
Mon Feb 10 14:40:37 2025 [Global] IlikeTrains (Blue): true?
Mon Feb 10 14:40:41 2025 [Global] Y.O.B.A. (): y
Mon Feb 10 14:40:42 2025 PixelPizza joined Spectator team
Mon Feb 10 14:40:53 2025 Reporauno (Blue) [Headshot] Always... (Red)
Mon Feb 10 14:40:53 2025 The Dark Horse (Red) [Headshot] BollusFTW (Blue)
Mon Feb 10 14:40:53 2025 Tiger (Red) [Headshot] Reporauno (Blue)
Mon Feb 10 14:40:55 2025 BollusFTW (Blue) [SMG] i will try (Red)
Mon Feb 10 14:40:55 2025 Tiger (Red) [Headshot] tt (Blue)
Mon Feb 10 14:40:57 2025 Tiger (Red) [Headshot] Otiinbr (Blue)
Mon Feb 10 14:40:59 2025 [Global] Y.O.B.A. (): anywway
Mon Feb 10 14:41:03 2025  Capture your team's 5th intel to unlock /APOC for your team's best builder!
Mon Feb 10 14:41:08 2025 Harry (Blue) [Headshot] Tiger (Red)
Mon Feb 10 14:41:09 2025 IlikeTrains (Blue) [Headshot] i will try (Red)
Mon Feb 10 14:41:10 2025 Harry (Blue) [Headshot] The Dark Horse (Red)
Mon Feb 10 14:41:13 2025 [Global] The Dark Horse (Red): hp?
Mon Feb 10 14:41:16 2025 [Global] IlikeTrains (Blue): 100
Mon Feb 10 14:41:19 2025 IlikeTrains (Blue) [Headshot] Always... (Red)
Mon Feb 10 14:41:19 2025 [Global] The Dark Horse (Red): as if
Mon Feb 10 14:41:24 2025 [Global] Y.O.B.A. (): i likethisgaaemi like uu guys
Mon Feb 10 14:41:26 2025 IlikeTrains (Blue) [Headshot] i will try (Red)
Mon Feb 10 14:41:27 2025 The Dark Horse (Red) [Headshot] IlikeTrains (Blue)
Mon Feb 10 14:41:28 2025 [Global] Y.O.B.A. (): but 
Mon Feb 10 14:41:29 2025 BollusFTW (Blue) [SMG] Tiger (Red)
Mon Feb 10 14:41:31 2025 [Global] The Dark Horse (Red): shush
Mon Feb 10 14:41:35 2025 BollusFTW (Blue) [SMG] Always... (Red)
Mon Feb 10 14:41:39 2025 [Global] PixelPizza (): yes?
Mon Feb 10 14:41:42 2025 [Global] Y.O.B.A. (): howw did u married?
Mon Feb 10 14:41:44 2025 BollusFTW (Blue) [SMG] Always... (Red)
Mon Feb 10 14:41:45 2025 Reporauno (Blue) [Headshot] The Dark Horse (Red)
Mon Feb 10 14:41:55 2025 IlikeTrains (Blue) [SMG] teiy (Red)
Mon Feb 10 14:41:58 2025 BollusFTW (Blue) [SMG] The Dark Horse (Red)
Mon Feb 10 14:41:59 2025 Tiger (Red) [SMG] tt (Blue)
Mon Feb 10 14:42:03 2025  Mahalo for playing aloha.pk tower of babel
Mon Feb 10 14:42:04 2025 IlikeTrains (Blue) [SMG] Always... (Red)
Mon Feb 10 14:42:09 2025 Tiger (Red) [Headshot] jabka (Blue)
Mon Feb 10 14:42:10 2025 IlikeTrains (Blue) [SMG] teiy (Red)
Mon Feb 10 14:42:13 2025 Reporauno (Blue) [Headshot] Tiger (Red)
Mon Feb 10 14:42:20 2025 IlikeTrains (Blue) [Headshot] teiy (Red)
Mon Feb 10 14:42:22 2025 Otiinbr (Blue) [Headshot] i will try (Red)
Mon Feb 10 14:42:28 2025 [Global] Y.O.B.A. (): i kno hard ask
Mon Feb 10 14:42:28 2025 IlikeTrains (Blue) [SMG] Tiger (Red)
Mon Feb 10 14:42:35 2025 IlikeTrains (Blue) [SMG] i will try (Red)
Mon Feb 10 14:42:37 2025 Reporauno (Blue) [Headshot] Tiger (Red)
Mon Feb 10 14:42:40 2025 Reporauno (Blue) [Headshot] teiy (Red)
Mon Feb 10 14:42:46 2025 [Global] Y.O.B.A. (): and u do not have to rzn to answer
Mon Feb 10 14:42:48 2025 BollusFTW (Blue) [Headshot] i will try (Red)
Mon Feb 10 14:43:00 2025 The Dark Horse (Red) [SMG] Harry (Blue)
Mon Feb 10 14:43:00 2025 IlikeTrains (Blue) [SMG] i will try (Red)
Mon Feb 10 14:43:01 2025 [Global] Reporauno (Blue): im not married
Mon Feb 10 14:43:03 2025  Build a tower to get the enemy's intel. Take it to your team's tent to win!
Mon Feb 10 14:43:03 2025 jabka (Blue) [Headshot] The Dark Horse (Red)
Mon Feb 10 14:43:07 2025 Reporauno (Blue) [Headshot] teiy (Red)
Mon Feb 10 14:43:08 2025 [Global] IlikeTrains (Blue): ?
Mon Feb 10 14:43:11 2025 Tiger (Red) [SMG] Otiinbr (Blue)
Mon Feb 10 14:43:11 2025 jabka (Blue) [Headshot] Always... (Red)
Mon Feb 10 14:43:15 2025 Tiger (Red) [Headshot] jabka (Blue)
Mon Feb 10 14:43:15 2025 i will try (Red) [SMG] BollusFTW (Blue)
Mon Feb 10 14:43:19 2025 IlikeTrains (Blue) [Headshot] i will try (Red)
Mon Feb 10 14:43:20 2025 Harry (Blue) [Headshot] Tiger (Red)
Mon Feb 10 14:43:32 2025 [Global] PixelPizza (): married ppl dont play this game
Mon Feb 10 14:43:37 2025 Reporauno (Blue) [Headshot] teiy (Red)
Mon Feb 10 14:43:44 2025 [Global] The Dark Horse (Red): if your married and gaming thats gay
Mon Feb 10 14:43:50 2025 [Global] Y.O.B.A. (): Repo what to to do bro?
Mon Feb 10 14:43:53 2025 [Global] Reporauno (Blue): theres a reason i play this game so much
Mon Feb 10 14:43:59 2025 [Global] Reporauno (Blue): im just a depressed fuck
Mon Feb 10 14:44:00 2025 Tiger (Red) [SMG] jabka (Blue)
Mon Feb 10 14:44:02 2025 Tiger (Red) [Headshot] BollusFTW (Blue)
Mon Feb 10 14:44:03 2025  Type /HELP for info & commands
Mon Feb 10 14:44:05 2025 [Global] PixelPizza (): yeah, a real man has to choose
Mon Feb 10 14:44:08 2025 [Global] teiy (Red): because you lost your job
Mon Feb 10 14:44:08 2025 Tiger (Red) [Headshot] Otiinbr (Blue)
Mon Feb 10 14:44:09 2025 Harry (Blue) [Headshot] Tiger (Red)
Mon Feb 10 14:44:14 2025 Reporauno (Blue) [Headshot] i will try (Red)
Mon Feb 10 14:44:16 2025 BollusFTW (Blue) [Headshot] Always... (Red)
Mon Feb 10 14:44:25 2025 [Global] Y.O.B.A. (): guy,gamy is just a coup 
Mon Feb 10 14:44:32 2025 IlikeTrains (Blue) [SMG] Always... (Red)
Mon Feb 10 14:44:37 2025 Reporauno (Blue) [Headshot] i will try (Red)
Mon Feb 10 14:44:39 2025 jabka (Blue) [Headshot] The Dark Horse (Red)
Mon Feb 10 14:44:40 2025 [Global] Y.O.B.A. (): weneedmoveforwwarde
Mon Feb 10 14:44:45 2025 IlikeTrains (Blue) [Headshot] The Dark Horse (Red)
Mon Feb 10 14:44:49 2025 Tiger (Red) [SMG] jabka (Blue)
Mon Feb 10 14:44:52 2025 IlikeTrains (Blue) [Headshot] Always... (Red)
Mon Feb 10 14:44:56 2025 [Global] Y.O.B.A. (): gaes
Mon Feb 10 14:44:56 2025 IlikeTrains (Blue) [SMG] The Dark Horse (Red)
Mon Feb 10 14:45:00 2025 [Global] The Dark Horse (Red): nope
Mon Feb 10 14:45:02 2025 IlikeTrains (Blue) [Grenade] Always... (Red)
Mon Feb 10 14:45:03 2025  Visit our community forums at https://aloha.pk/
Mon Feb 10 14:45:07 2025 [Global] Y.O.B.A. (): how old r u dudes?
Mon Feb 10 14:45:07 2025 Reporauno (Blue) [Headshot] teiy (Red)
Mon Feb 10 14:45:07 2025 Tiger (Red) [SMG] Otiinbr (Blue)
Mon Feb 10 14:45:07 2025 IlikeTrains (Blue) [SMG] The Dark Horse (Red)
Mon Feb 10 14:45:09 2025 Harry (Blue) [Headshot] Tiger (Red)
Mon Feb 10 14:45:12 2025 IlikeTrains (Blue) [Headshot] i will try (Red)
Mon Feb 10 14:45:14 2025 Always... (Red) [Headshot] IlikeTrains (Blue)
Mon Feb 10 14:45:15 2025 [Global] The Dark Horse (Red): who?
Mon Feb 10 14:45:19 2025 [Global] Y.O.B.A. (): u r
Mon Feb 10 14:45:21 2025 [Global] Reporauno (Blue): im 26
Mon Feb 10 14:45:23 2025 Reporauno (Blue) [Headshot] Tiger (Red)
Mon Feb 10 14:45:26 2025 [Global] The Dark Horse (Red): 19
Mon Feb 10 14:45:27 2025 Reporauno (Blue) [Rifle] teiy (Red)
Mon Feb 10 14:45:29 2025 [Global] IlikeTrains (Blue): YOBA drunk
Mon Feb 10 14:45:33 2025 BollusFTW (Blue) [Fall]
Mon Feb 10 14:45:33 2025 [Global] Y.O.B.A. (): 35
Mon Feb 10 14:45:36 2025 Reporauno (Blue) [Headshot] teiy (Red)
Mon Feb 10 14:45:36 2025 [Global] i will try (Red): between 50 & 60
Mon Feb 10 14:45:44 2025 IlikeTrains (Blue) [Headshot] Always... (Red)
Mon Feb 10 14:45:44 2025 [Global] Y.O.B.A. (): ssee
Mon Feb 10 14:45:47 2025 [Global] teiy (Red): 27+1
Mon Feb 10 14:45:48 2025 [Global] PixelPizza (): i am grandpa pizza
Mon Feb 10 14:45:48 2025 jabka (Blue) [Headshot] Tiger (Red)
Mon Feb 10 14:45:50 2025 Reporauno (Blue) [Headshot] The Dark Horse (Red)
Mon Feb 10 14:45:52 2025 jabka (Blue) [Headshot] i will try (Red)
Mon Feb 10 14:45:53 2025 Player Always... has left
Mon Feb 10 14:45:59 2025 jabka (Blue) [Headshot] The Dark Horse (Red)
Mon Feb 10 14:46:00 2025 Tiger (Red) [SMG] jabka (Blue)
Mon Feb 10 14:46:03 2025  Come chat with us at https://discord.aloha.pk/
Mon Feb 10 14:46:04 2025 Reporauno (Blue) [Headshot] teiy (Red)
Mon Feb 10 14:46:25 2025 [Global] Y.O.B.A. (): guys spendin lifetime inda games is not ok and u cant change it
Mon Feb 10 14:46:26 2025 Reporauno (Blue) [Headshot] The Dark Horse (Red)
Mon Feb 10 14:46:39 2025 IlikeTrains (Blue) [Headshot] The Dark Horse (Red)
Mon Feb 10 14:46:39 2025 jabka (Blue) [Grenade]
Mon Feb 10 14:46:44 2025 IlikeTrains (Blue) [Headshot] The Dark Horse (Red)
Mon Feb 10 14:46:54 2025 IlikeTrains (Blue) [SMG] The Dark Horse (Red)
Mon Feb 10 14:46:54 2025 [Global] Y.O.B.A. (): it was yoba who is 35**
Mon Feb 10 14:47:03 2025 jabka (Blue) [SMG] Tiger (Red)
Mon Feb 10 14:47:03 2025  If you believe a player is breaking the rules, please let us know with /ADMIN
Mon Feb 10 14:47:05 2025 IlikeTrains (Blue) [SMG] Tiger (Red)
Mon Feb 10 14:47:07 2025 Reporauno (Blue) [Headshot] The Dark Horse (Red)
Mon Feb 10 14:47:17 2025 IlikeTrains (Blue) [Headshot] Tiger (Red)
Mon Feb 10 14:47:21 2025 Reporauno (Blue) [Headshot] The Dark Horse (Red)
Mon Feb 10 14:47:30 2025 IlikeTrains (Blue) [SMG] Tiger (Red)
Mon Feb 10 14:47:31 2025 The Dark Horse (Red) [Headshot] IlikeTrains (Blue)
Mon Feb 10 14:47:36 2025 [Global] The Dark Horse (Red): shush
Mon Feb 10 14:47:37 2025 Reporauno (Blue) [Rifle] The Dark Horse (Red)
Mon Feb 10 14:47:43 2025 Reporauno (Blue) [Headshot] Tiger (Red)
Mon Feb 10 14:47:46 2025 The Dark Horse (Red) [Headshot] BollusFTW (Blue)
Mon Feb 10 14:47:54 2025 [Global] Y.O.B.A. (): better sip
Mon Feb 10 14:47:57 2025 You can't destroy your team's blocks in this area. Attack the enemy's tower!
Mon Feb 10 14:47:57 2025 Reporauno (Blue) [Headshot] Tiger (Red)
Mon Feb 10 14:47:57 2025 You can't destroy your team's blocks in this area. Attack the enemy's tower!
Mon Feb 10 14:47:59 2025 Player PixelPizza has left
Mon Feb 10 14:48:02 2025 [Global] Y.O.B.A. (): \o/
Mon Feb 10 14:48:03 2025  This server runs imger and glow. Use /IMG or /GLOW to toggle them.
Mon Feb 10 14:48:07 2025 IlikeTrains (Blue) [Headshot] Tiger (Red)
Mon Feb 10 14:48:15 2025 Salvaturro joined Red team
Mon Feb 10 14:48:17 2025 IlikeTrains (Blue) [SMG] Salvaturro (Red)
Mon Feb 10 14:48:21 2025 [Global] Salvaturro (Red): :c
Mon Feb 10 14:48:24 2025 i will try (Red) [Melee] jabka (Blue)
Mon Feb 10 14:48:31 2025 [Global] Y.O.B.A. (): im sorry for that i ruined ur fun guys
Mon Feb 10 14:48:37 2025 IlikeTrains (Blue) [SMG] Salvaturro (Red)
Mon Feb 10 14:48:42 2025 IlikeTrains (Blue) [Headshot] Salvaturro (Red)
Mon Feb 10 14:48:48 2025 [Global] Reporauno (Blue): no youre good
Mon Feb 10 14:48:50 2025 [Global] Y.O.B.A. (): but i ave  t otalk u kno and
Mon Feb 10 14:48:50 2025 Tiger (Red) [Headshot] Otiinbr (Blue)
Mon Feb 10 14:48:54 2025 IlikeTrains (Blue) [Headshot] Salvaturro (Red)
Mon Feb 10 14:48:57 2025 Harry (Blue) [Headshot] Tiger (Red)
Mon Feb 10 14:49:00 2025  Harry has reached 1000 blocks placed! /heaven unlocked.
Mon Feb 10 14:49:00 2025 Type /heavenlist to view available images. /heaven <name> to confirm.
Mon Feb 10 14:49:00 2025 Want your country's flag instead? Type /heaven country (or any alpha-2 code)
Mon Feb 10 14:49:03 2025  Use /EMOTE to draw an emote on the map!
Mon Feb 10 14:49:03 2025 i will try (Red) [Melee] Otiinbr (Blue)
Mon Feb 10 14:49:07 2025 IlikeTrains (Blue) [SMG] Tiger (Red)
Mon Feb 10 14:49:08 2025 IlikeTrains (Blue) [SMG] Salvaturro (Red)
Mon Feb 10 14:49:10 2025 [Global] Y.O.B.A. (): guys
Mon Feb 10 14:49:11 2025 teiy (Red) [SMG] jabka (Blue)
Mon Feb 10 14:49:17 2025 teiy (Red) [SMG] Harry (Blue)
Mon Feb 10 14:49:18 2025 IlikeTrains (Blue) [Headshot] Salvaturro (Red)
Mon Feb 10 14:49:19 2025 Reporauno (Blue) [Headshot] Tiger (Red)
Mon Feb 10 14:49:21 2025 jabka (Blue) [Headshot] teiy (Red)
Mon Feb 10 14:49:23 2025 Otiinbr (Blue) [Headshot] i will try (Red)
Mon Feb 10 14:49:28 2025 [Global] i will try (Red): oh hi there
Mon Feb 10 14:49:30 2025 IlikeTrains (Blue) [Headshot] Salvaturro (Red)
Mon Feb 10 14:49:34 2025 [Global] Y.O.B.A. (): say me " get the fuck up shitscuk"
Mon Feb 10 14:49:38 2025 jabka (Blue) [Headshot] The Dark Horse (Red)
Mon Feb 10 14:49:39 2025 liberal joined Red team
Mon Feb 10 14:49:45 2025 IlikeTrains (Blue) [Headshot] Tiger (Red)
Mon Feb 10 14:49:50 2025 IlikeTrains (Blue) [SMG] Salvaturro (Red)
Mon Feb 10 14:50:01 2025 The Dark Horse (Red) [SMG] Reporauno (Blue)
Mon Feb 10 14:50:03 2025  Use /HEAVEN to paint the babel platform!
Mon Feb 10 14:50:07 2025 [Global] Reporauno (Blue): fuck you
Mon Feb 10 14:50:11 2025 IlikeTrains (Blue) [SMG] Salvaturro (Red)
Mon Feb 10 14:50:13 2025 [Global] Reporauno (Blue): i was on my way to get intel for apoc
Mon Feb 10 14:50:16 2025 [Global] The Dark Horse (Red): lol
Mon Feb 10 14:50:18 2025 [Global] The Dark Horse (Red): shush
Mon Feb 10 14:50:19 2025 jabka (Blue) [Headshot] The Dark Horse (Red)
Mon Feb 10 14:50:22 2025 IlikeTrains (Blue) [Headshot] Tiger (Red)
Mon Feb 10 14:50:22 2025 [Global] Y.O.B.A. (): being agressive guys its about ur MAN's  way
Mon Feb 10 14:50:24 2025 Harry (Blue) [Fall]
Mon Feb 10 14:50:24 2025 jabka (Blue) [Headshot] i will try (Red)
Mon Feb 10 14:50:25 2025 Reporauno (Blue) [Headshot] liberal (Red)
Mon Feb 10 14:50:30 2025 tt (Blue) [Grenade] The Dark Horse (Red)
Mon Feb 10 14:50:30 2025 tt (Blue) [Grenade] liberal (Red)
Mon Feb 10 14:50:31 2025 Shoko joined Red team
Mon Feb 10 14:50:37 2025 Reporauno (Blue) [Headshot] teiy (Red)
Mon Feb 10 14:50:39 2025 IlikeTrains (Blue) [SMG] Salvaturro (Red)
Mon Feb 10 14:50:42 2025 liberal (Red) [Headshot] tt (Blue)
Mon Feb 10 14:50:42 2025 Shoko (Red) [Headshot] Reporauno (Blue)
Mon Feb 10 14:50:51 2025 IlikeTrains (Blue) [SMG] Salvaturro (Red)
Mon Feb 10 14:51:03 2025  Get a 20 killstreak and 1 intel capture(s) to unlock /APOC!
Mon Feb 10 14:51:10 2025 The Dark Horse (Red) [SMG] BollusFTW (Blue)
Mon Feb 10 14:51:11 2025  Otiinbr has reached 1000 blocks placed! /heaven unlocked.
Mon Feb 10 14:51:15 2025 [Global] Y.O.B.A. (): guys, im from streets andi knothat fights are not good BUT
Mon Feb 10 14:51:18 2025 Reporauno (Blue) [Headshot] Tiger (Red)
Mon Feb 10 14:51:19 2025 SHURA joined Spectator team
Mon Feb 10 14:51:20 2025 The Dark Horse (Red) [SMG] tt (Blue)
Mon Feb 10 14:51:22 2025 The Dark Horse (Red) [SMG] Reporauno (Blue)
Mon Feb 10 14:51:28 2025 IlikeTrains (Blue) [SMG] Shoko (Red)
Mon Feb 10 14:51:39 2025 IlikeTrains (Blue) [Melee] Tiger (Red)
Mon Feb 10 14:51:41 2025 Salvaturro (Red) [Melee] IlikeTrains (Blue)
Mon Feb 10 14:51:46 2025 RandomPerson189 joined Blue team
Mon Feb 10 14:51:48 2025 tt (Blue) [SMG] liberal (Red)
Mon Feb 10 14:51:49 2025 jabka (Blue) [SMG] i will try (Red)
Mon Feb 10 14:51:53 2025 [Global] Y.O.B.A. (): You always cando box/jiujitssu/sambo/thai
Mon Feb 10 14:52:09 2025  Capture your team's 5th intel to unlock /APOC for your team's best builder!
Mon Feb 10 14:52:09 2025 Reporauno (Blue) [Headshot] Tiger (Red)
Mon Feb 10 14:52:09 2025 The Dark Horse (Red) [Headshot] Reporauno (Blue)
Mon Feb 10 14:52:25 2025 [Global] Y.O.B.A. (): do it for fun: if it fun im ok, not - gtf
Mon Feb 10 14:52:25 2025 tt (Blue) [SMG] The Dark Horse (Red)
Mon Feb 10 14:52:31 2025 IlikeTrains (Blue) [SMG] teiy (Red)
Mon Feb 10 14:52:41 2025 jabka (Blue) [Headshot] liberal (Red)
Mon Feb 10 14:52:41 2025 The Dark Horse (Red) [Headshot] tt (Blue)
Mon Feb 10 14:52:43 2025 IlikeTrains (Blue) [Headshot] Shoko (Red)
Mon Feb 10 14:52:48 2025 IlikeTrains (Blue) [Headshot] teiy (Red)
Mon Feb 10 14:52:53 2025 SHURA joined Red team
Mon Feb 10 14:52:54 2025 IlikeTrains (Blue) [SMG] Shoko (Red)
Mon Feb 10 14:52:55 2025 IlikeTrains (Blue) [SMG] teiy (Red)
Mon Feb 10 14:52:56 2025 Tiger (Red) [Headshot] jabka (Blue)
Mon Feb 10 14:52:56 2025 Reporauno (Blue) [Headshot] Tiger (Red)
Mon Feb 10 14:52:56 2025 Player Shoko has left
Mon Feb 10 14:52:59 2025 The Dark Horse (Red) [Headshot] Reporauno (Blue)
Mon Feb 10 14:52:59 2025 BollusFTW (Blue) [Grenade] SHURA (Red)
Mon Feb 10 14:53:00 2025 [Global] Y.O.B.A. (): SHURA
Mon Feb 10 14:53:00 2025 BollusFTW (Blue) [Grenade] liberal (Red)
Mon Feb 10 14:53:03 2025  Mahalo for playing aloha.pk tower of babel
Mon Feb 10 14:53:05 2025 [Global] SHURA (Red): Ya Ya
Mon Feb 10 14:53:06 2025 IlikeTrains (Blue) [SMG] Tiger (Red)
Mon Feb 10 14:53:10 2025 [Global] Y.O.B.A. (): o/
Mon Feb 10 14:53:11 2025 BollusFTW picked up Red's Intel.
Mon Feb 10 14:53:25 2025 Reporauno (Blue) [Headshot] The Dark Horse (Red)
Mon Feb 10 14:53:28 2025 SHURA (Red) [SMG] tt (Blue)
Mon Feb 10 14:53:28 2025 IlikeTrains (Blue) [SMG] teiy (Red)
Mon Feb 10 14:53:31 2025 Reporauno (Blue) [Headshot] SHURA (Red)
Mon Feb 10 14:53:35 2025 liberal (Red) [SMG] Reporauno (Blue)
Mon Feb 10 14:53:38 2025 BollusFTW captured Red's Intel.
Mon Feb 10 14:53:42 2025 liberal (Red) [Grenade] tt (Blue)
Mon Feb 10 14:53:43 2025 IlikeTrains (Blue) [Headshot] Tiger (Red)
Mon Feb 10 14:53:52 2025 SHURA (Red) [Grenade] IlikeTrains (Blue)
Mon Feb 10 14:53:57 2025 [Global] IlikeTrains (Blue): modafoka!
Mon Feb 10 14:53:58 2025 POP_OS joined Blue team
Mon Feb 10 14:54:03 2025  Build a tower to get the enemy's intel. Take it to your team's tent to win!
Mon Feb 10 14:54:04 2025 RandomPerson189 picked up Red's Intel.
Mon Feb 10 14:54:12 2025 Otiinbr (Blue) [Headshot] liberal (Red)
Mon Feb 10 14:54:15 2025 Reporauno (Blue) [Headshot] The Dark Horse (Red)
Mon Feb 10 14:54:16 2025 [Global] SHURA (Red): poporvaka
Mon Feb 10 14:54:18 2025 jabka (Blue) [Headshot] Tiger (Red)
Mon Feb 10 14:54:25 2025 Reporauno (Blue) [Headshot] SHURA (Red)
Mon Feb 10 14:54:25 2025 i will try (Red) [Melee] tt (Blue)
Mon Feb 10 14:54:27 2025 Reporauno (Blue) [Headshot] liberal (Red)
Mon Feb 10 14:54:33 2025 Harry (Blue) [Headshot] i will try (Red)
Mon Feb 10 14:54:38 2025 RandomPerson189 captured Red's Intel.
Mon Feb 10 14:54:38 2025 Syke joined Red team
Mon Feb 10 14:54:40 2025 Reporauno (Blue) [Rifle] Salvaturro (Red)
Mon Feb 10 14:54:46 2025 Player Salvaturro has left
Mon Feb 10 14:54:49 2025 liberal (Red) [SMG] Reporauno (Blue)
Mon Feb 10 14:54:50 2025 BollusFTW picked up Red's Intel.
Mon Feb 10 14:54:55 2025 Player Syke has left
Mon Feb 10 14:54:55 2025 jabka (Blue) [Headshot] i will try (Red)
Mon Feb 10 14:54:57 2025 POP_OS (Blue) [Headshot] Tiger (Red)
Mon Feb 10 14:54:58 2025 POP_OS (Blue) [Headshot] teiy (Red)
Mon Feb 10 14:55:00 2025 jabka (Blue) [SMG] liberal (Red)
Mon Feb 10 14:55:03 2025  Type /HELP for info & commands
Mon Feb 10 14:55:11 2025 POP_OS (Blue) [Headshot] teiy (Red)
Mon Feb 10 14:55:11 2025 BollusFTW dropped Red's Intel
Mon Feb 10 14:55:11 2025  The intel has returned to the heavens
Mon Feb 10 14:55:11 2025 SHURA (Red) [Rifle] BollusFTW (Blue)
Mon Feb 10 14:55:12 2025 jabka (Blue) [SMG] The Dark Horse (Red)
Mon Feb 10 14:55:16 2025 Player The Dark Horse has left
Mon Feb 10 14:55:20 2025 POP_OS (Blue) [Headshot] liberal (Red)
Mon Feb 10 14:55:23 2025 teiy (Red) [SMG] RandomPerson189 (Blue)
Mon Feb 10 14:55:27 2025 Reporauno (Blue) [Headshot] i will try (Red)
Mon Feb 10 14:55:28 2025 IlikeTrains (Blue) [SMG] teiy (Red)
Mon Feb 10 14:55:33 2025 SHURA (Red) [Headshot] BollusFTW (Blue)
Mon Feb 10 14:55:35 2025 IlikeTrains (Blue) [SMG] liberal (Red)
Mon Feb 10 14:55:38 2025 Reporauno (Blue) [Headshot] teiy (Red)
Mon Feb 10 14:55:40 2025 POP_OS (Blue) [Headshot] i will try (Red)
Mon Feb 10 14:55:41 2025 IlikeTrains picked up Red's Intel.
Mon Feb 10 14:55:47 2025 Reporauno (Blue) [Headshot] liberal (Red)
Mon Feb 10 14:55:48 2025 Reporauno (Blue) [Headshot] teiy (Red)
Mon Feb 10 14:55:51 2025 IlikeTrains dropped Red's Intel
Mon Feb 10 14:55:51 2025  The intel has returned to the heavens
Mon Feb 10 14:55:51 2025 IlikeTrains (Blue) [Fall]
Mon Feb 10 14:55:51 2025 Reporauno (Blue) [Headshot] Tiger (Red)
Mon Feb 10 14:56:02 2025 Reporauno (Blue) [Headshot] Tiger (Red)
Mon Feb 10 14:56:03 2025  Visit our community forums at https://aloha.pk/
Mon Feb 10 14:56:11 2025 IlikeTrains (Blue) [Headshot] SHURA (Red)
Mon Feb 10 14:56:15 2025 POP_OS (Blue) [Headshot] liberal (Red)
Mon Feb 10 14:56:19 2025 POP_OS (Blue) [Headshot] SHURA (Red)
Mon Feb 10 14:56:21 2025 liberal (Red) [Headshot] RandomPerson189 (Blue)
Mon Feb 10 14:56:27 2025 Tiger (Red) [SMG] POP_OS (Blue)
Mon Feb 10 14:56:29 2025 BollusFTW picked up Red's Intel.
Mon Feb 10 14:56:33 2025 IlikeTrains (Blue) [SMG] liberal (Red)
Mon Feb 10 14:56:34 2025 tt (Blue) [Grenade] teiy (Red)
Mon Feb 10 14:56:35 2025 Reporauno (Blue) [Rifle] SHURA (Red)
Mon Feb 10 14:56:36 2025 RandomPerson189 (Blue) [Weapon Change]
Mon Feb 10 14:56:40 2025 RandomPerson189 (Blue) [Weapon Change]
Mon Feb 10 14:56:43 2025 SHURA (Red) [Rifle] IlikeTrains (Blue)
Mon Feb 10 14:56:44 2025 Reporauno (Blue) [Headshot] liberal (Red)
Mon Feb 10 14:56:45 2025 SHURA (Red) [Headshot] tt (Blue)
Mon Feb 10 14:56:54 2025 Reporauno (Blue) [Headshot] SHURA (Red)
Mon Feb 10 14:56:57 2025 Reporauno (Blue) [Headshot] teiy (Red)
Mon Feb 10 14:57:03 2025  Come chat with us at https://discord.aloha.pk/
Mon Feb 10 14:57:07 2025 IlikeTrains (Blue) [SMG] i will try (Red)
Mon Feb 10 14:57:09 2025 Reporauno (Blue) [Headshot] liberal (Red)
Mon Feb 10 14:57:17 2025 BollusFTW captured Red's Intel.
Mon Feb 10 14:57:20 2025 Reporauno (Blue) [Headshot] liberal (Red)
Mon Feb 10 14:57:29 2025 IlikeTrains (Blue) [SMG] i will try (Red)
Mon Feb 10 14:57:31 2025 liberal (Red) [Headshot] Reporauno (Blue)
Mon Feb 10 14:57:32 2025 jabka picked up Red's Intel.
Mon Feb 10 14:57:35 2025 IlikeTrains (Blue) [SMG] SHURA (Red)
Mon Feb 10 14:57:38 2025 liberal (Red) [Headshot] RandomPerson189 (Blue)
Mon Feb 10 14:57:51 2025 IlikeTrains (Blue) [Grenade] liberal (Red)
Mon Feb 10 14:57:56 2025 IlikeTrains (Blue) [Headshot] i will try (Red)
Mon Feb 10 14:57:58 2025 IlikeTrains (Blue) [SMG] liberal (Red)
Mon Feb 10 14:58:02 2025 Player liberal has left
Mon Feb 10 14:58:03 2025  If you believe a player is breaking the rules, please let us know with /ADMIN
Mon Feb 10 14:58:04 2025 BollusFTW (Blue) [Fall]
Mon Feb 10 14:58:09 2025 jabka captured Red's Intel.
Mon Feb 10 14:58:15 2025 IlikeTrains picked up Red's Intel.
Mon Feb 10 14:58:18 2025 Reporauno (Blue) [Headshot] i will try (Red)
Mon Feb 10 14:58:29 2025 [Global] i will try (Red): def even teams
Mon Feb 10 14:58:30 2025 SHURA (Red) [Headshot] Reporauno (Blue)
Mon Feb 10 14:58:33 2025 SHURA (Red) [Headshot] RandomPerson189 (Blue)
Mon Feb 10 14:58:35 2025 [Global] IlikeTrains (Blue): lol
Mon Feb 10 14:58:40 2025  With 3314 blocks placed, Harry is granted the right to unleash the apocalypse.
Mon Feb 10 14:58:40 2025 God has given you the right to unleash the apocalypse.
Mon Feb 10 14:58:40 2025 Use /APOC to unleash the apocalypse.
Mon Feb 10 14:58:40 2025 IlikeTrains captured Red's Intel.
Mon Feb 10 14:58:40 2025 Player Reporauno has left
Mon Feb 10 14:58:41 2025 BollusFTW picked up Red's Intel.
Mon Feb 10 14:58:41 2025 RandomPerson189 (Blue) [Weapon Change]
Mon Feb 10 14:58:48 2025 POP_OS (Blue) [Headshot] i will try (Red)
Mon Feb 10 14:58:57 2025 SHURA (Red) [Rifle] tt (Blue)
Mon Feb 10 14:59:03 2025  This server runs imger and glow. Use /IMG or /GLOW to toggle them.
Mon Feb 10 14:59:19 2025 [Global] Y.O.B.A. (): pm $16  Sergey
Mon Feb 10 14:59:23 2025 SHURA (Red) [Headshot] IlikeTrains (Blue)
Mon Feb 10 14:59:25 2025 BollusFTW captured Red's Intel.
Mon Feb 10 14:59:31 2025 i will try (Red) [Headshot] tt (Blue)
Mon Feb 10 14:59:33 2025 Gatos joined Red team
Mon Feb 10 14:59:37 2025 RandomPerson189 picked up Red's Intel.
Mon Feb 10 14:59:38 2025 POP_OS (Blue) [Headshot] Gatos (Red)
Mon Feb 10 14:59:41 2025 SHURA (Red) [Headshot] Otiinbr (Blue)
Mon Feb 10 14:59:43 2025 Use /APOC to unleash the apocalypse.
Mon Feb 10 14:59:43 2025 Harry (Blue) [Headshot] i will try (Red)
Mon Feb 10 14:59:51 2025 BollusFTW (Blue) [Fall]
Mon Feb 10 14:59:53 2025 HurryUpTomorrow joined Red team
Mon Feb 10 14:59:55 2025 Use /APOC to unleash the apocalypse.
Mon Feb 10 14:59:55 2025 Harry (Blue) [Headshot] Tiger (Red)
Mon Feb 10 14:59:59 2025 POP_OS (Blue) [Headshot] i will try (Red)
Mon Feb 10 15:00:01 2025 IlikeTrains (Blue) [SMG] teiy (Red)
Mon Feb 10 15:00:01 2025 [Global] i will try (Red): wait did I see a blue digging on blue's side?
Mon Feb 10 15:00:03 2025  Use /EMOTE to draw an emote on the map!
Mon Feb 10 15:00:06 2025 SHURA (Red) [Headshot] POP_OS (Blue)
Mon Feb 10 15:00:10 2025 RandomPerson189 captured Red's Intel.
Mon Feb 10 15:00:16 2025 HurryUpTomorrow (Red) [Headshot] tt (Blue)
Mon Feb 10 15:00:16 2025 jabka (Blue) [Headshot] Tiger (Red)
Mon Feb 10 15:00:17 2025 Syke joined Red team
Mon Feb 10 15:00:18 2025 Player Gatos has left
Mon Feb 10 15:00:25 2025 IlikeTrains (Blue) [Headshot] Tiger (Red)
Mon Feb 10 15:00:27 2025 Otiinbr picked up Red's Intel.
Mon Feb 10 15:00:30 2025 BollusFTW (Blue) [Headshot] HurryUpTomorrow (Red)
Mon Feb 10 15:00:34 2025 IlikeTrains (Blue) [Headshot] Tiger (Red)
Mon Feb 10 15:00:44 2025 jabka (Blue) [Headshot] Tiger (Red)
Mon Feb 10 15:00:55 2025 jabka (Blue) [Headshot] HurryUpTomorrow (Red)
Mon Feb 10 15:01:02 2025 Player HurryUpTomorrow has left
Mon Feb 10 15:01:03 2025  Use /HEAVEN to paint the babel platform!
Mon Feb 10 15:01:05 2025 RandomPerson189 (Blue) [Fall]
Mon Feb 10 15:01:09 2025 Player RandomPerson189 has left
Mon Feb 10 15:01:14 2025 IlikeTrains (Blue) [Headshot] SHURA (Red)
Mon Feb 10 15:01:20 2025 IlikeTrains (Blue) [SMG] SHURA (Red)
Mon Feb 10 15:01:29 2025 POP_OS (Blue) [Headshot] SHURA (Red)
Mon Feb 10 15:01:33 2025 Player SHURA has left
Mon Feb 10 15:01:33 2025 teiy (Red) [Fall]
Mon Feb 10 15:01:38 2025 Harry (Blue) [Team Change]
Mon Feb 10 15:01:41 2025 IlikeTrains (Blue) [Headshot] Harry (Red)
Mon Feb 10 15:01:44 2025 IlikeTrains (Blue) [Headshot] teiy (Red)
Mon Feb 10 15:01:50 2025 [Global] BollusFTW (Blue): INTEL!
Mon Feb 10 15:02:00 2025 POP_OS (Blue) [Rifle] teiy (Red)
Mon Feb 10 15:02:02 2025 IlikeTrains (Blue) [Headshot] Harry (Red)
Mon Feb 10 15:02:03 2025  Get a 20 killstreak and 1 intel capture(s) to unlock /APOC!
Mon Feb 10 15:02:07 2025 [Global] Y.O.B.A. (): ok russkie iaz RF esat'?
Mon Feb 10 15:02:07 2025 Harry (Red) [Headshot] IlikeTrains (Blue)
Mon Feb 10 15:02:08 2025 [Team] teiy (Red): come on guys
Mon Feb 10 15:02:10 2025 POP_OS (Blue) [Headshot] teiy (Red)
Mon Feb 10 15:02:11 2025 Harry (Red) [Headshot] POP_OS (Blue)
Mon Feb 10 15:02:21 2025 POP_OS (Blue) [Headshot] Syke (Red)
Mon Feb 10 15:02:21 2025 BollusFTW (Blue) [Grenade] teiy (Red)
Mon Feb 10 15:02:24 2025 Player Syke has left
Mon Feb 10 15:02:26 2025 Harry (Red) [Rifle] tt (Blue)
Mon Feb 10 15:02:28 2025 BollusFTW (Blue) [Fall]
Mon Feb 10 15:02:35 2025 [Global] jabka (Blue): йоба а как апокалипсис юзать?
Mon Feb 10 15:02:44 2025 BollusFTW (Blue) [SMG] Tiger (Red)
Mon Feb 10 15:02:44 2025 ←sardid joined Red team
Mon Feb 10 15:02:45 2025 [Global] teiy (Red): too much rage quiting 
Mon Feb 10 15:02:49 2025 [Global] Y.O.B.A. (): пиши /apoc
Mon Feb 10 15:02:49 2025 IlikeTrains (Blue) [Headshot] ←sardid (Red)
Mon Feb 10 15:02:49 2025 i will try (Red) [Melee] BollusFTW (Blue)
Mon Feb 10 15:02:50 2025 [Global] POP_OS (Blue): lol
Mon Feb 10 15:02:54 2025 POP_OS (Blue) [Headshot] ←sardid (Red)
Mon Feb 10 15:02:57 2025 Otiinbr dropped Red's Intel
Mon Feb 10 15:02:57 2025  The intel has returned to the heavens
Mon Feb 10 15:02:57 2025 Otiinbr (Blue) [SMG]
Mon Feb 10 15:02:57 2025  God punished Otiinbr for holding the intel too long
Mon Feb 10 15:03:01 2025 POP_OS (Blue) [Headshot] Tiger (Red)
Mon Feb 10 15:03:03 2025  Capture your team's 5th intel to unlock /APOC for your team's best builder!
Mon Feb 10 15:03:09 2025 PixelPizza joined Spectator team
Mon Feb 10 15:03:12 2025 IlikeTrains (Blue) [SMG] Harry (Red)
Mon Feb 10 15:03:15 2025 Gatos joined Red team
Mon Feb 10 15:03:18 2025 IlikeTrains (Blue) [SMG] Gatos (Red)
Mon Feb 10 15:03:20 2025 [Global] Y.O.B.A. (): jabka huyar'
Mon Feb 10 15:03:20 2025 IlikeTrains (Blue) [Headshot] ←sardid (Red)
Mon Feb 10 15:03:21 2025 jabka picked up Red's Intel.
Mon Feb 10 15:03:29 2025 IlikeTrains (Blue) [SMG] ←sardid (Red)
Mon Feb 10 15:03:30 2025 BollusFTW (Blue) [Melee] i will try (Red)
Mon Feb 10 15:03:31 2025 Harry (Red) [Headshot] IlikeTrains (Blue)
Mon Feb 10 15:03:31 2025 POP_OS (Blue) [Headshot] Tiger (Red)
Mon Feb 10 15:03:35 2025 POP_OS (Blue) [Headshot] Gatos (Red)
Mon Feb 10 15:03:35 2025 Harry (Red) [Headshot] POP_OS (Blue)
Mon Feb 10 15:03:46 2025 tt (Blue) [Headshot] teiy (Red)
Mon Feb 10 15:03:51 2025 jabka captured Red's Intel.
Mon Feb 10 15:03:53 2025 BollusFTW (Blue) [SMG] Harry (Red)
Mon Feb 10 15:03:54 2025 BollusFTW (Blue) [Headshot] i will try (Red)
Mon Feb 10 15:03:56 2025 [Global] Y.O.B.A. (): pishi v chat /apoc     prosto
Mon Feb 10 15:03:59 2025 Gatos1 joined Red team
Mon Feb 10 15:04:03 2025  Mahalo for playing aloha.pk tower of babel
Mon Feb 10 15:04:10 2025 Harry (Red) [Headshot] BollusFTW (Blue)
Mon Feb 10 15:04:11 2025 IlikeTrains (Blue) [Headshot] Gatos (Red)
Mon Feb 10 15:04:13 2025 You must be closer to the enemy's base to shoot blocks!
Mon Feb 10 15:04:13 2025 IlikeTrains (Blue) [Headshot] Harry (Red)
Mon Feb 10 15:04:14 2025 teiy (Red) [SMG] tt (Blue)
Mon Feb 10 15:04:18 2025 Player Gatos has left
Mon Feb 10 15:04:18 2025 ←sardid (Red) [Headshot] POP_OS (Blue)
Mon Feb 10 15:04:19 2025 ←sardid (Red) [Headshot] IlikeTrains (Blue)
Mon Feb 10 15:04:27 2025 [Global] jabka (Blue): не даёт
Mon Feb 10 15:04:39 2025 Gatos1 (Red) [Headshot] tt (Blue)
Mon Feb 10 15:04:40 2025 [Global] Y.O.B.A. (): jabka tebe skolo esli ne ssekret?
Mon Feb 10 15:04:41 2025 i will try (Red) [Headshot] BollusFTW (Blue)
Mon Feb 10 15:04:45 2025 Player PixelPizza has left
Mon Feb 10 15:04:47 2025 [Global] jabka (Blue): 21
Mon Feb 10 15:05:01 2025 [Global] Y.O.B.A. (): otkuda budesh?
Mon Feb 10 15:05:01 2025 Otiinbr (Blue) [Headshot] i will try (Red)
Mon Feb 10 15:05:02 2025 POP_OS (Blue) [Headshot] Gatos1 (Red)
Mon Feb 10 15:05:03 2025  Build a tower to get the enemy's intel. Take it to your team's tent to win!
Mon Feb 10 15:05:06 2025 [Global] jabka (Blue): gbnth
Mon Feb 10 15:05:06 2025 [Global] Y.O.B.A. (): ya  s Pitera
Mon Feb 10 15:05:07 2025 POP_OS picked up Red's Intel.
Mon Feb 10 15:05:11 2025 [Global] jabka (Blue): питер тоже
Mon Feb 10 15:05:17 2025 [Global] Y.O.B.A. (): nice
Mon Feb 10 15:05:18 2025 BollusFTW (Blue) [Headshot] Tiger (Red)
Mon Feb 10 15:05:32 2025 IlikeTrains (Blue) [Headshot] teiy (Red)
Mon Feb 10 15:05:35 2025 POP_OS captured Red's Intel.
Mon Feb 10 15:05:40 2025 [Global] i will try (Red): gg\
Mon Feb 10 15:05:41 2025 [Global] Y.O.B.A. (): Jabka kak otdyahesh?
Mon Feb 10 15:05:42 2025 IlikeTrains (Blue) [SMG] teiy (Red)
Mon Feb 10 15:05:48 2025 POP_OS (Blue) [Headshot] Gatos1 (Red)
Mon Feb 10 15:05:50 2025 IlikeTrains (Blue) [Fall]
Mon Feb 10 15:05:54 2025 [Global] jabka (Blue): крч апок не могу
Mon Feb 10 15:05:55 2025 tt (Blue) [Headshot] i will try (Red)
Mon Feb 10 15:05:58 2025 BollusFTW (Blue) [SMG] Harry (Red)
Mon Feb 10 15:05:58 2025 You must be closer to the enemy's base to grenade blocks!
Mon Feb 10 15:06:00 2025 [Global] jabka (Blue): чего?
Mon Feb 10 15:06:03 2025  Type /HELP for info & commands
Mon Feb 10 15:06:08 2025 [Global] Y.O.B.A. (): да  и пофиг
Mon Feb 10 15:06:09 2025 POP_OS picked up Red's Intel.
Mon Feb 10 15:06:23 2025 teiy (Red) [SMG] tt (Blue)
Mon Feb 10 15:06:26 2025 BollusFTW (Blue) [Melee] Gatos1 (Red)
Mon Feb 10 15:06:33 2025 Harry (Red) [Headshot] BollusFTW (Blue)
Mon Feb 10 15:06:34 2025 POP_OS (Blue) [Headshot] ←sardid (Red)
Mon Feb 10 15:06:36 2025 corn fan joined Blue team
Mon Feb 10 15:06:40 2025 Lag joined Spectator team
Mon Feb 10 15:06:42 2025 KKK joined Red team
Mon Feb 10 15:06:45 2025 i will try (Red) [Headshot] tt (Blue)
Mon Feb 10 15:06:47 2025 Deuce joined Red team
Mon Feb 10 15:06:50 2025 [Global] Y.O.B.A. (): needs /heaven besttowerred
Mon Feb 10 15:06:53 2025 POP_OS captured Red's Intel.
Mon Feb 10 15:06:53 2025 Blue Wins!
Mon Feb 10 15:06:53 2025  Game finished! Next map: trademorph.
Mon Feb 10 15:06:56 2025 BollusFTW (Blue) [Headshot] Harry (Red)
Mon Feb 10 15:06:56 2025 ←sardid (Red) [Headshot] corn fan (Blue)
Mon Feb 10 15:06:57 2025 Tiger (Red) [SMG] tt (Blue)
Mon Feb 10 15:06:57 2025 POP_OS (Blue) [Headshot] ←sardid (Red)
Mon Feb 10 15:06:58 2025 POP_OS (Blue) [Rifle] Gatos1 (Red)
Mon Feb 10 15:06:58 2025 Tiger (Red) [SMG] Otiinbr (Blue)
Mon Feb 10 15:06:58 2025 jabka (Blue) [SMG] teiy (Red)
Mon Feb 10 15:06:59 2025 KKK (Red) [Headshot] BollusFTW (Blue)
Mon Feb 10 15:06:59 2025 Deuce (Red) [Rifle] BollusFTW (Blue)
Mon Feb 10 15:06:59 2025 KKK (Red) [Headshot] BollusFTW (Blue)
Mon Feb 10 15:07:00 2025 [Global] i will try (Red): gg
Mon Feb 10 15:07:00 2025 POP_OS (Blue) [Fall]
Mon Feb 10 15:07:01 2025 Deuce (Red) [Rifle] jabka (Blue)
Mon Feb 10 15:07:02 2025 [Global] Gatos1 (Red): gg
Mon Feb 10 15:07:03 2025  Visit our community forums at https://aloha.pk/
Mon Feb 10 15:07:04 2025 ------ World Unloaded ------
Mon Feb 10 15:07:06 2025 ------ World Loaded ------
Mon Feb 10 15:07:06 2025 Welcome to aloha.pk tower of babel
Mon Feb 10 15:07:07 2025 Map: Trademorph by Rakete, ei8htx & others
Mon Feb 10 15:07:09 2025 POP_OS joined Red team
Mon Feb 10 15:07:09 2025 IlikeTrains joined Blue team
Mon Feb 10 15:07:09 2025 Game mode: babel
Mon Feb 10 15:07:10 2025 KKK joined Blue team
Mon Feb 10 15:07:10 2025 Tiger joined Red team
Mon Feb 10 15:07:10 2025 corn fan joined Blue team
Mon Feb 10 15:07:11 2025 Lag joined Red team
Mon Feb 10 15:07:11 2025 Build a tower to get the enemy's intel. Take it to your team's tent to win!
Mon Feb 10 15:07:12 2025 Tiger (Red) [Team Change]
Mon Feb 10 15:07:12 2025 Deuce joined Blue team
Mon Feb 10 15:07:13 2025 Visit our community forum at https://aloha.pk/
Mon Feb 10 15:07:15 2025 tt joined Red team
Mon Feb 10 15:07:15 2025 Come chat with us at https://discord.aloha.pk/
Mon Feb 10 15:07:16 2025 Gatos joined Blue team
Mon Feb 10 15:07:16 2025 Tiger joined Blue team
Mon Feb 10 15:07:18 2025 Y.O.B.A. joined Spectator team
Mon Feb 10 15:07:19 2025 Deuce (Blue) [Fall]
Mon Feb 10 15:07:20 2025 Otiinbr joined Red team
Mon Feb 10 15:07:22 2025 tt (Red) [Team Change]
Mon Feb 10 15:07:22 2025 jabka joined Red team
Mon Feb 10 15:07:25 2025 Player Deuce has left
Mon Feb 10 15:07:26 2025 BollusFTW joined Blue team
Mon Feb 10 15:07:28 2025 IlikeTrains (Blue) [Headshot] POP_OS (Red)
Mon Feb 10 15:07:28 2025 tt joined Blue team
Mon Feb 10 15:07:30 2025 ←sardid joined Red team
Mon Feb 10 15:07:33 2025 corn fan (Blue) [Fall]
Mon Feb 10 15:07:37 2025 jabka (Red) [Headshot] IlikeTrains (Blue)
Mon Feb 10 15:07:40 2025 Deuce joined Blue team
Mon Feb 10 15:07:44 2025 [Global] IlikeTrains (Blue): fuck, beer made me sleepy
Mon Feb 10 15:07:53 2025 Lag (Red) [Fall]
Mon Feb 10 15:08:03 2025  Come chat with us at https://discord.aloha.pk/
Mon Feb 10 15:08:09 2025 Gatos (Blue) [Headshot] ←sardid (Red)
Mon Feb 10 15:08:12 2025 Otiinbr (Red) [Fall]
Mon Feb 10 15:08:15 2025 jabka (Red) [Headshot] Gatos (Blue)
Mon Feb 10 15:08:25 2025 BollusFTW (Blue) [Fall]
Mon Feb 10 15:08:45 2025 POP_OS (Red) [Headshot] Gatos (Blue)
Mon Feb 10 15:08:47 2025 IlikeTrains (Blue) [Headshot] Otiinbr (Red)
Mon Feb 10 15:08:53 2025 POP_OS (Red) [Headshot] IlikeTrains (Blue)
Mon Feb 10 15:09:01 2025 [Global] POP_OS (Red): sorry train
Mon Feb 10 15:09:03 2025  If you believe a player is breaking the rules, please let us know with /ADMIN
Mon Feb 10 15:09:06 2025 [Global] IlikeTrains (Blue): np
Mon Feb 10 15:09:07 2025 KKK (Blue) [Fall]
Mon Feb 10 15:09:11 2025 [Global] IlikeTrains (Blue): you will pay
Mon Feb 10 15:09:12 2025 Gatos (Blue) [Fall]
Mon Feb 10 15:09:13 2025 Otiinbr (Red) [Fall]
Mon Feb 10 15:09:14 2025 [Global] POP_OS (Red): i know
Mon Feb 10 15:09:23 2025 Otiinbr (Red) [Fall]
Mon Feb 10 15:09:27 2025 corn fan (Blue) [Fall]
Mon Feb 10 15:09:49 2025 POP_OS (Red) [Headshot] Gatos (Blue)
Mon Feb 10 15:09:59 2025 KKK (Blue) [Fall]
Mon Feb 10 15:10:01 2025 IlikeTrains (Blue) [Headshot] Otiinbr (Red)
Mon Feb 10 15:10:03 2025  This server runs imger and glow. Use /IMG or /GLOW to toggle them.
Mon Feb 10 15:10:13 2025 POP_OS (Red) [Headshot] Gatos (Blue)
Mon Feb 10 15:10:14 2025 IlikeTrains (Blue) [SMG] jabka (Red)
Mon Feb 10 15:10:20 2025 IlikeTrains (Blue) [Headshot] Otiinbr (Red)
Mon Feb 10 15:10:23 2025 IlikeTrains (Blue) [SMG] Lag (Red)
Mon Feb 10 15:10:23 2025 You must be closer to the enemy's base to shoot blocks!
Mon Feb 10 15:10:28 2025 Harry (Red) [Headshot] IlikeTrains (Blue)
Mon Feb 10 15:10:43 2025 Gatos (Blue) [Headshot] Lag (Red)
Mon Feb 10 15:10:49 2025 Otiinbr (Red) [Fall]
Mon Feb 10 15:10:58 2025 POP_OS (Red) [Headshot] IlikeTrains (Blue)
Mon Feb 10 15:11:01 2025 [Global] Deuce (Blue): stop
Mon Feb 10 15:11:03 2025  Use /EMOTE to draw an emote on the map!
Mon Feb 10 15:11:05 2025 tt (Blue) [Fall]
Mon Feb 10 15:11:12 2025 Lag (Red) [Headshot] Gatos (Blue)
Mon Feb 10 15:11:15 2025 chop joined Red team
Mon Feb 10 15:11:20 2025 [Global] Y.O.B.A. (): my nielubim ih, ony ne liubjat nas
Mon Feb 10 15:11:20 2025 BollusFTW (Blue) [Fall]
Mon Feb 10 15:11:38 2025 POP_OS (Red) [Headshot] IlikeTrains (Blue)
Mon Feb 10 15:11:38 2025 SHURA joined Spectator team
Mon Feb 10 15:11:38 2025 Deuce (Blue) [Fall]
Mon Feb 10 15:11:43 2025 [Global] Y.O.B.A. (): o/
Mon Feb 10 15:11:46 2025 Lag (Red) [Rifle] Gatos (Blue)
Mon Feb 10 15:11:46 2025 corn fan (Blue) [Fall]
Mon Feb 10 15:11:57 2025 SHURA joined Blue team
Mon Feb 10 15:12:02 2025 SHURA (Blue) [Team Change]
Mon Feb 10 15:12:03 2025  Use /HEAVEN to paint the babel platform!
Mon Feb 10 15:12:04 2025 Deuce (Blue) [Headshot] chop (Red)
Mon Feb 10 15:12:04 2025 SHURA joined Red team
Mon Feb 10 15:12:07 2025 Deuce (Blue) [Headshot] Otiinbr (Red)
Mon Feb 10 15:12:15 2025 ←sardid (Red) [Headshot] BollusFTW (Blue)
Mon Feb 10 15:12:15 2025 [Global] BollusFTW (Blue): TIGER IS GRIFING
Mon Feb 10 15:12:17 2025 IlikeTrains (Blue) [SMG] POP_OS (Red)
Mon Feb 10 15:12:18 2025 Gatos (Blue) [Headshot] Lag (Red)
Mon Feb 10 15:12:19 2025 ←sardid (Red) [Headshot] Deuce (Blue)
Mon Feb 10 15:12:19 2025 [Global] POP_OS (Red): nice
Mon Feb 10 15:12:22 2025 Player Lag has left
Mon Feb 10 15:12:39 2025 [Global] Y.O.B.A. (): iriggeriensngrifeings
Mon Feb 10 15:12:53 2025 SHURA (Red) [Headshot] Deuce (Blue)
Mon Feb 10 15:12:54 2025 BollusFTW (Blue) [Fall]
Mon Feb 10 15:12:56 2025 ←sardid (Red) [Headshot] corn fan (Blue)
Mon Feb 10 15:12:56 2025 Gatos (Blue) [Headshot] chop (Red)
Mon Feb 10 15:12:57 2025 IlikeTrains (Blue) [SMG] Otiinbr (Red)
Mon Feb 10 15:12:58 2025 [Global] BollusFTW (Blue): corn fan to
Mon Feb 10 15:13:03 2025  Get a 20 killstreak and 1 intel capture(s) to unlock /APOC!
Mon Feb 10 15:13:15 2025 Gatos (Blue) [Headshot] Harry (Red)
Mon Feb 10 15:13:16 2025 SHURA (Red) [Headshot] KKK (Blue)
Mon Feb 10 15:13:17 2025 Gatos (Blue) [Headshot] SHURA (Red)
Mon Feb 10 15:13:21 2025 [Global] Y.O.B.A. (): fan to
Mon Feb 10 15:13:21 2025 Qult--- joined Spectator team
Mon Feb 10 15:13:23 2025 ←sardid (Red) [Headshot] BollusFTW (Blue)
Mon Feb 10 15:13:30 2025 Player Qult--- has left
Mon Feb 10 15:13:38 2025 IlikeTrains (Blue) [SMG] Otiinbr (Red)
Mon Feb 10 15:13:39 2025 IlikeTrains (Blue) [Headshot] chop (Red)
Mon Feb 10 15:13:51 2025 Tiger (Blue) [Fall]
Mon Feb 10 15:13:51 2025 ←sardid (Red) [Headshot] IlikeTrains (Blue)
Mon Feb 10 15:13:54 2025 SHURA (Red) [Rifle] Deuce (Blue)
Mon Feb 10 15:13:55 2025 ←sardid (Red) [Headshot] BollusFTW (Blue)
Mon Feb 10 15:14:03 2025 SHURA (Red) [Fall]
Mon Feb 10 15:14:03 2025  Capture your team's 5th intel to unlock /APOC for your team's best builder!
Mon Feb 10 15:14:03 2025 POP_OS (Red) [Headshot] tt (Blue)
Mon Feb 10 15:14:16 2025 IlikeTrains (Blue) [Headshot] SHURA (Red)
Mon Feb 10 15:14:17 2025 Gatos (Blue) [Fall]
Mon Feb 10 15:14:19 2025 [Global] Gatos (Blue): guys fr ?
Mon Feb 10 15:14:20 2025 IlikeTrains (Blue) [Headshot] Harry (Red)
Mon Feb 10 15:14:20 2025 ←sardid (Red) [Headshot] BollusFTW (Blue)
Mon Feb 10 15:14:26 2025 IlikeTrains (Blue) [Headshot] chop (Red)
Mon Feb 10 15:14:34 2025 IlikeTrains (Blue) [Headshot] SHURA (Red)
Mon Feb 10 15:14:36 2025  Tiger has a kill-death ratio of 0.45 (22 kills, 49 deaths, 0.55 kills per minute).
Mon Feb 10 15:14:36 2025  Tiger removed 163 blocks in the last 2.0 minutes. Some of them were placed by Deuce,
Mon Feb 10 15:14:36 2025  KKK, Gatos. Last one was destroyed less than a second ago, and belonged to KKK.
Mon Feb 10 15:14:36 2025  Deuce (#1) started a VOTEKICK against Tiger (#0). Say /Y to agree
Mon Feb 10 15:14:36 2025  Reason: grief
Mon Feb 10 15:14:36 2025 [Global] Y.O.B.A. (): guyss for reals is it
Mon Feb 10 15:14:43 2025  BollusFTW (#12) voted YES
Mon Feb 10 15:14:47 2025 Harry (Red) [Headshot] Deuce (Blue)
Mon Feb 10 15:14:47 2025  IlikeTrains (#11) voted YES
Mon Feb 10 15:14:48 2025 [Global] IlikeTrains (Blue): all /y
Mon Feb 10 15:14:49 2025  POP_OS (#15) voted YES
Mon Feb 10 15:14:50 2025 tt (Blue) [Fall]
Mon Feb 10 15:14:52 2025  Gatos (#9) voted YES
Mon Feb 10 15:14:52 2025 SHURA (Red) [Headshot] Tiger (Blue)
Mon Feb 10 15:14:53 2025 rosch joined Blue team
Mon Feb 10 15:14:59 2025 Harry (Red) [Headshot] IlikeTrains (Blue)
Mon Feb 10 15:14:59 2025  KKK (#18) voted YES
Mon Feb 10 15:15:00 2025 Harry (Red) [Headshot] KKK (Blue)
Mon Feb 10 15:15:01 2025 Tiger (Blue) [Team Change]
Mon Feb 10 15:15:03 2025  Mahalo for playing aloha.pk tower of babel
Mon Feb 10 15:15:04 2025 Tiger joined Red team
Mon Feb 10 15:15:06 2025 [Global] IlikeTrains (Blue): Tiger, what a cuck
Mon Feb 10 15:15:06 2025  Deuce (#1) is votekicking Tiger (#0). /Y to vote (3 left)
Mon Feb 10 15:15:06 2025  Reason: grief
Mon Feb 10 15:15:10 2025 reagon joined Red team
Mon Feb 10 15:15:13 2025 Mysterion joined Blue team
Mon Feb 10 15:15:19 2025 [Global] POP_OS (Red): everyone /y
Mon Feb 10 15:15:21 2025 IlikeTrains (Blue) [Headshot] Tiger (Red)
Mon Feb 10 15:15:23 2025 IlikeTrains (Blue) [Headshot] chop (Red)
Mon Feb 10 15:15:25 2025 corn fan (Blue) [Fall]
Mon Feb 10 15:15:25 2025 Player corn fan has left
Mon Feb 10 15:15:25 2025  ←sardid (#3) voted YES
Mon Feb 10 15:15:28 2025 [Global] IlikeTrains (Blue): all /y\
Mon Feb 10 15:15:30 2025 [Global] IlikeTrains (Blue): all /y
Mon Feb 10 15:15:36 2025  Deuce (#1) is votekicking Tiger (#0). /Y to vote (2 left)
Mon Feb 10 15:15:36 2025  Reason: grief
Mon Feb 10 15:15:38 2025 POP_OS (Red) [Headshot] IlikeTrains (Blue)
Mon Feb 10 15:15:42 2025 Mysterion (Blue) [Headshot] SHURA (Red)
Mon Feb 10 15:15:42 2025 Harry (Red) [Headshot] rosch (Blue)
Mon Feb 10 15:15:43 2025 Gatos (Blue) [Headshot] Harry (Red)
Mon Feb 10 15:15:43 2025 POP_OS (Red) [Rifle] tt (Blue)
Mon Feb 10 15:15:48 2025 POP_OS (Red) [Headshot] Deuce (Blue)
Mon Feb 10 15:15:48 2025 Gatos (Blue) [Headshot] chop (Red)
Mon Feb 10 15:15:52 2025 POP_OS (Red) [Headshot] Gatos (Blue)
Mon Feb 10 15:15:53 2025  jabka (#2) voted YES
Mon Feb 10 15:15:57 2025 POP_OS (Red) [Headshot] IlikeTrains (Blue)
Mon Feb 10 15:16:03 2025  Build a tower to get the enemy's intel. Take it to your team's tent to win!
Mon Feb 10 15:16:06 2025 Harry (Red) [Headshot] Gatos (Blue)
Mon Feb 10 15:16:06 2025  Deuce (#1) is votekicking Tiger (#0). /Y to vote (1 left)
Mon Feb 10 15:16:06 2025  Reason: grief
Mon Feb 10 15:16:11 2025 [Global] IlikeTrains (Blue): all /y
Mon Feb 10 15:16:12 2025 Tiger picked up Blue's Intel.
Mon Feb 10 15:16:16 2025 Tiger dropped Blue's Intel
Mon Feb 10 15:16:16 2025 IlikeTrains (Blue) [Headshot] Tiger (Red)
Mon Feb 10 15:16:21 2025  Y.O.B.A. (#6) voted YES
Mon Feb 10 15:16:21 2025  Votekick for Tiger (#0) has ended. Player kicked
Mon Feb 10 15:16:21 2025  Tiger was banned.
Mon Feb 10 15:16:21 2025 Player Tiger has left
Mon Feb 10 15:16:22 2025 IlikeTrains (Blue) [Headshot] POP_OS (Red)
Mon Feb 10 15:16:26 2025 Mysterion (Blue) [Headshot] Harry (Red)
Mon Feb 10 15:16:29 2025 [Global] Y.O.B.A. (): always /y for grief
Mon Feb 10 15:16:30 2025 IlikeTrains picked up Red's Intel.
Mon Feb 10 15:16:32 2025 ←sardid (Red) [Headshot] BollusFTW (Blue)
Mon Feb 10 15:16:32 2025 tt (Blue) [Fall]
Mon Feb 10 15:16:34 2025 Mysterion (Blue) [Headshot] chop (Red)
Mon Feb 10 15:16:36 2025 Deuce (Blue) [Headshot] Otiinbr (Red)
Mon Feb 10 15:16:39 2025 POP_OS (Red) [Headshot] Deuce (Blue)
Mon Feb 10 15:16:40 2025 IlikeTrains dropped Red's Intel
Mon Feb 10 15:16:40 2025  The intel has returned to the heavens
Mon Feb 10 15:16:40 2025 Harry (Red) [Headshot] IlikeTrains (Blue)
Mon Feb 10 15:16:41 2025 Gatos picked up Red's Intel.
Mon Feb 10 15:16:43 2025 Gatos dropped Red's Intel
Mon Feb 10 15:16:43 2025 POP_OS (Red) [Headshot] Gatos (Blue)
Mon Feb 10 15:16:45 2025 Player BollusFTW has left
Mon Feb 10 15:16:52 2025 Harry (Red) [Headshot] KKK (Blue)
Mon Feb 10 15:16:56 2025 rosch (Blue) [Headshot] Harry (Red)
Mon Feb 10 15:16:57 2025 POP_OS (Red) [Rifle] rosch (Blue)
Mon Feb 10 15:16:59 2025 IlikeTrains (Blue) [Headshot] POP_OS (Red)
Mon Feb 10 15:17:02 2025 ←sardid (Red) [Headshot] tt (Blue)
Mon Feb 10 15:17:03 2025  Type /HELP for info & commands
Mon Feb 10 15:17:05 2025 IlikeTrains (Blue) [SMG] Otiinbr (Red)
Mon Feb 10 15:17:07 2025 SHURA (Red) [Rifle]
Mon Feb 10 15:17:09 2025 IlikeTrains picked up Red's Intel.
Mon Feb 10 15:17:09 2025 IlikeTrains dropped Red's Intel
Mon Feb 10 15:17:09 2025 POP_OS (Red) [Headshot] IlikeTrains (Blue)
Mon Feb 10 15:17:12 2025 Gatos picked up Red's Intel.
Mon Feb 10 15:17:14 2025 [Global] IlikeTrains (Blue): good aim
Mon Feb 10 15:17:14 2025 Gatos dropped Red's Intel
Mon Feb 10 15:17:14 2025 POP_OS (Red) [Headshot] Gatos (Blue)
Mon Feb 10 15:17:18 2025 Player Gatos has left
Mon Feb 10 15:17:19 2025 Harry (Red) [Headshot] Deuce (Blue)
Mon Feb 10 15:17:29 2025 You must be closer to the enemy's base to shoot blocks!
Mon Feb 10 15:17:30 2025 You must be closer to the enemy's base to shoot blocks!
Mon Feb 10 15:17:35 2025 getgetp9 joined Blue team
Mon Feb 10 15:17:36 2025 You must be closer to the enemy's base to shoot blocks!
Mon Feb 10 15:17:36 2025 ←sardid (Red) [Headshot] KKK (Blue)
Mon Feb 10 15:17:41 2025 Deuce (Blue) [Headshot] Harry (Red)
Mon Feb 10 15:17:43 2025 Deuce (Blue) [Headshot] chop (Red)
Mon Feb 10 15:17:46 2025 rosch (Blue) [Headshot] reagon (Red)
Mon Feb 10 15:17:56 2025 IlikeTrains (Blue) [Headshot] POP_OS (Red)
Mon Feb 10 15:17:58 2025 IlikeTrains picked up Red's Intel.
Mon Feb 10 15:17:59 2025 ←sardid (Red) [Headshot] getgetp9 (Blue)
Mon Feb 10 15:18:03 2025  Visit our community forums at https://aloha.pk/
Mon Feb 10 15:18:10 2025 Harry (Red) [Fall]
Mon Feb 10 15:18:13 2025 IlikeTrains captured Red's Intel.
Mon Feb 10 15:18:15 2025 chop (Red) [Fall]
Mon Feb 10 15:18:17 2025 Deuce (Blue) [Fall]
Mon Feb 10 15:18:18 2025 tt (Blue) [Fall]
Mon Feb 10 15:18:20 2025 Misi joined Blue team
Mon Feb 10 15:18:22 2025 [Global] Misi (Blue): heyhey
Mon Feb 10 15:18:23 2025 KKK (Blue) [Headshot] reagon (Red)
Mon Feb 10 15:18:25 2025 [Global] IlikeTrains (Blue): hi
Mon Feb 10 15:18:30 2025 POP_OS (Red) [Headshot] KKK (Blue)
Mon Feb 10 15:18:36 2025 Mysterion (Blue) [Headshot] chop (Red)
Mon Feb 10 15:18:38 2025 IlikeTrains picked up Red's Intel.
Mon Feb 10 15:18:39 2025 Harry (Red) [Headshot] Mysterion (Blue)
Mon Feb 10 15:18:53 2025 reagon (Red) [Headshot] Misi (Blue)
Mon Feb 10 15:18:54 2025 reagon (Red) [Headshot] tt (Blue)
Mon Feb 10 15:18:57 2025 IlikeTrains captured Red's Intel.
Mon Feb 10 15:19:00 2025 reagon picked up Blue's Intel.
Mon Feb 10 15:19:03 2025  Come chat with us at https://discord.aloha.pk/
Mon Feb 10 15:19:06 2025 Deuce (Blue) [Fall]
Mon Feb 10 15:19:18 2025 reagon captured Blue's Intel.
Mon Feb 10 15:19:22 2025 IlikeTrains picked up Red's Intel.
Mon Feb 10 15:19:25 2025 ←sardid (Red) [Headshot] Mysterion (Blue)
Mon Feb 10 15:19:28 2025 Mysterion (Blue) [Grenade] chop (Red)
Mon Feb 10 15:19:28 2025 IlikeTrains dropped Red's Intel
Mon Feb 10 15:19:28 2025 ←sardid (Red) [Headshot] IlikeTrains (Blue)
Mon Feb 10 15:19:39 2025 rosch (Blue) [Rifle]
Mon Feb 10 15:19:40 2025 KKK (Blue) [Fall]
Mon Feb 10 15:19:40 2025 getgetp9 picked up Red's Intel.
Mon Feb 10 15:19:41 2025 Harry (Red) [Fall]
Mon Feb 10 15:19:42 2025 Misi (Blue) [SMG] POP_OS (Red)
Mon Feb 10 15:19:43 2025 ←sardid (Red) [Headshot] tt (Blue)
Mon Feb 10 15:19:44 2025 ←sardid (Red) [Headshot] IlikeTrains (Blue)
Mon Feb 10 15:19:47 2025 [Global] IlikeTrains (Blue): go intel idiot
Mon Feb 10 15:19:49 2025 getgetp9 dropped Red's Intel
Mon Feb 10 15:19:49 2025 reagon (Red) [Headshot] getgetp9 (Blue)
Mon Feb 10 15:19:55 2025  getgetp9 has a kill-death ratio of 0.00 (0 kills, 2 deaths, 0.00 kills per minute).
Mon Feb 10 15:19:55 2025  getgetp9 removed no blocks in the last 2.0 minutes.
Mon Feb 10 15:19:55 2025  IlikeTrains (#11) started a VOTEKICK against getgetp9 (#0). Say /Y to agree
Mon Feb 10 15:19:55 2025  Reason: intel griefer
Mon Feb 10 15:19:56 2025 reagon (Red) [Headshot] Misi (Blue)
Mon Feb 10 15:20:02 2025 SHURA (Red) [Headshot] KKK (Blue)
Mon Feb 10 15:20:03 2025 ←sardid (Red) [Rifle] Mysterion (Blue)
Mon Feb 10 15:20:03 2025  If you believe a player is breaking the rules, please let us know with /ADMIN
Mon Feb 10 15:20:03 2025 SHURA (Red) [Headshot] IlikeTrains (Blue)
Mon Feb 10 15:20:07 2025 [Global] Y.O.B.A. (): angru Train be carefuc
Mon Feb 10 15:20:17 2025 getgetp9 picked up Red's Intel.
Mon Feb 10 15:20:20 2025 getgetp9 dropped Red's Intel
Mon Feb 10 15:20:20 2025 reagon (Red) [SMG] getgetp9 (Blue)
Mon Feb 10 15:20:21 2025 SHURA (Red) [Headshot] KKK (Blue)
Mon Feb 10 15:20:23 2025 ←sardid (Red) [Headshot] IlikeTrains (Blue)
Mon Feb 10 15:20:25 2025  IlikeTrains (#11) is votekicking getgetp9 (#0). /Y to vote (8 left)
Mon Feb 10 15:20:25 2025  Reason: intel griefer
Mon Feb 10 15:20:30 2025 rosch (Blue) [Rifle]
Mon Feb 10 15:20:30 2025 ←sardid (Red) [Headshot] Misi (Blue)
Mon Feb 10 15:20:36 2025 SHURA (Red) [Headshot] tt (Blue)
Mon Feb 10 15:20:39 2025  Misi (#8) voted YES
Mon Feb 10 15:20:40 2025  KKK (#18) voted YES
Mon Feb 10 15:20:43 2025 POP_OS (Red) [Headshot] IlikeTrains (Blue)
Mon Feb 10 15:20:45 2025 getgetp9 (Blue) [Shotgun] chop (Red)
Mon Feb 10 15:20:45 2025 ←sardid (Red) [Headshot] getgetp9 (Blue)
Mon Feb 10 15:20:55 2025  IlikeTrains (#11) is votekicking getgetp9 (#0). /Y to vote (6 left)
Mon Feb 10 15:20:55 2025  Reason: intel griefer
Mon Feb 10 15:21:05 2025  This server runs imger and glow. Use /IMG or /GLOW to toggle them.
Mon Feb 10 15:21:07 2025 ←sardid (Red) [Rifle] Misi (Blue)
Mon Feb 10 15:21:08 2025 POP_OS (Red) [Headshot] getgetp9 (Blue)
Mon Feb 10 15:21:13 2025 Mysterion (Blue) [Headshot] Harry (Red)
Mon Feb 10 15:21:16 2025 Deuce (Blue) [SMG]
Mon Feb 10 15:21:26 2025  IlikeTrains (#11) is votekicking getgetp9 (#0). /Y to vote (6 left)
Mon Feb 10 15:21:26 2025  Reason: intel griefer
Mon Feb 10 15:21:28 2025 IlikeTrains (Blue) [Headshot] Otiinbr (Red)
Mon Feb 10 15:21:28 2025 IlikeTrains (Blue) [SMG] chop (Red)
Mon Feb 10 15:21:28 2025 ←sardid (Red) [Headshot] Misi (Blue)
Mon Feb 10 15:21:30 2025 ←sardid (Red) [Headshot] tt (Blue)
Mon Feb 10 15:21:32 2025 IlikeTrains (Blue) [Headshot] Harry (Red)
Mon Feb 10 15:21:35 2025 SHURA (Red) [Headshot] getgetp9 (Blue)
Mon Feb 10 15:21:35 2025 KKK (Blue) [Headshot] SHURA (Red)
Mon Feb 10 15:21:40 2025 POP_OS (Red) [Headshot] IlikeTrains (Blue)
Mon Feb 10 15:21:48 2025 rosch (Blue) [Rifle]
Mon Feb 10 15:21:55 2025  Votekick for getgetp9 (#0) has ended. Votekick timed out
Mon Feb 10 15:21:58 2025 POP_OS (Red) [Headshot] Misi (Blue)
Mon Feb 10 15:22:00 2025 tt (Blue) [Fall]
Mon Feb 10 15:22:03 2025  Use /EMOTE to draw an emote on the map!
Mon Feb 10 15:22:03 2025 Harry (Red) [Headshot] getgetp9 (Blue)
Mon Feb 10 15:22:04 2025 R.I.O.T. joined Blue team
Mon Feb 10 15:22:10 2025 Harry (Red) [Headshot] IlikeTrains (Blue)
Mon Feb 10 15:22:12 2025 Harry (Red) [Headshot] getgetp9 (Blue)
Mon Feb 10 15:22:15 2025 Harry picked up Blue's Intel.
Mon Feb 10 15:22:18 2025 Harry dropped Blue's Intel
Mon Feb 10 15:22:18 2025 IlikeTrains (Blue) [SMG] Harry (Red)
Mon Feb 10 15:22:24 2025 POP_OS (Red) [Headshot] tt (Blue)
Mon Feb 10 15:22:36 2025 Deuce (Blue) [Weapon Change]
Mon Feb 10 15:22:36 2025 rosch (Blue) [Grenade]
Mon Feb 10 15:22:42 2025 Harry (Red) [Headshot] getgetp9 (Blue)
Mon Feb 10 15:22:43 2025 Harry (Red) [Headshot] tt (Blue)
Mon Feb 10 15:22:49 2025 Harry (Red) [Headshot] Deuce (Blue)
Mon Feb 10 15:22:51 2025 Player getgetp9 has left
Mon Feb 10 15:22:55 2025 You must be closer to the enemy's base to shoot blocks!
Mon Feb 10 15:22:59 2025 You must be closer to the enemy's base to shoot blocks!
Mon Feb 10 15:23:00 2025 KKK (Blue) [Fall]
Mon Feb 10 15:23:00 2025 Harry (Red) [Headshot] Deuce (Blue)
Mon Feb 10 15:23:03 2025  Use /HEAVEN to paint the babel platform!
Mon Feb 10 15:23:04 2025 RRRavage joined Red team
Mon Feb 10 15:23:04 2025 IlikeTrains (Blue) [Headshot] Harry (Red)
Mon Feb 10 15:23:06 2025 POP_OS (Red) [Headshot] R.I.O.T. (Blue)
Mon Feb 10 15:23:18 2025 Deuce (Blue) [Headshot] POP_OS (Red)
Mon Feb 10 15:23:20 2025 Deuce (Blue) [Headshot] RRRavage (Red)
Mon Feb 10 15:23:23 2025 IlikeTrains picked up Red's Intel.
Mon Feb 10 15:23:32 2025 Harry (Red) [Rifle] Deuce (Blue)
Mon Feb 10 15:23:33 2025 Player Deuce has left
Mon Feb 10 15:23:38 2025 tt (Blue) [Fall]
Mon Feb 10 15:23:38 2025 IlikeTrains captured Red's Intel.
Mon Feb 10 15:23:43 2025 Harry picked up Blue's Intel.
Mon Feb 10 15:23:45 2025 Harry (Red) [Headshot] Misi (Blue)
Mon Feb 10 15:23:47 2025 Harry dropped Blue's Intel
Mon Feb 10 15:23:47 2025 IlikeTrains (Blue) [SMG] Harry (Red)
Mon Feb 10 15:23:54 2025 [Global] Misi (Blue): problem?
Mon Feb 10 15:23:58 2025 SHURA (Red) [SMG]
Mon Feb 10 15:24:03 2025  Get a 20 killstreak and 1 intel capture(s) to unlock /APOC!
Mon Feb 10 15:24:03 2025 Harry (Red) [Headshot] tt (Blue)
Mon Feb 10 15:24:11 2025 [Global] Y.O.B.A. (): проблема?
Mon Feb 10 15:24:12 2025 IlikeTrains (Blue) [SMG] Harry (Red)
Mon Feb 10 15:24:20 2025 reagon (Red) [Fall]
Mon Feb 10 15:24:24 2025 [Team] Harry (Red): i need some help
Mon Feb 10 15:24:33 2025 SHURA (Red) [Headshot] tt (Blue)
Mon Feb 10 15:24:35 2025 KKK (Blue) [SMG] SHURA (Red)
Mon Feb 10 15:24:36 2025 IlikeTrains (Blue) [Headshot] jabka (Red)
Mon Feb 10 15:24:38 2025 Harry (Red) [Rifle] IlikeTrains (Blue)
Mon Feb 10 15:24:45 2025 Harry picked up Blue's Intel.
Mon Feb 10 15:24:55 2025 RRRavage (Red) [Fall]
Mon Feb 10 15:24:56 2025 Harry dropped Blue's Intel
Mon Feb 10 15:24:56 2025 IlikeTrains (Blue) [SMG] Harry (Red)
Mon Feb 10 15:25:02 2025 ←sardid (Red) [Headshot] IlikeTrains (Blue)
Mon Feb 10 15:25:03 2025  Capture your team's 5th intel to unlock /APOC for your team's best builder!
Mon Feb 10 15:25:04 2025 [Team] Harry (Red): defend the intel
Mon Feb 10 15:25:06 2025 KKK (Blue) [SMG] reagon (Red)
Mon Feb 10 15:25:09 2025 Player reagon has left
Mon Feb 10 15:25:13 2025 tt (Blue) [Fall]
Mon Feb 10 15:25:16 2025 KKK (Blue) [SMG] SHURA (Red)
Mon Feb 10 15:25:18 2025 POP_OS (Red) [Rifle] Misi (Blue)
Mon Feb 10 15:25:24 2025 IlikeTrains (Blue) [Headshot] RRRavage (Red)
Mon Feb 10 15:25:26 2025 Harry (Red) [Headshot] IlikeTrains (Blue)
Mon Feb 10 15:25:35 2025 Harry (Red) [Headshot] tt (Blue)
Mon Feb 10 15:25:46 2025 Harry (Red) [Rifle] IlikeTrains (Blue)
Mon Feb 10 15:25:48 2025 RRRavage (Red) [Headshot] KKK (Blue)
Mon Feb 10 15:25:49 2025 Harry picked up Blue's Intel.
Mon Feb 10 15:25:52 2025 Mysterion (Blue) [Headshot] chop (Red)
Mon Feb 10 15:25:56 2025 Misi (Blue) [Headshot] POP_OS (Red)
Mon Feb 10 15:25:57 2025 ←sardid (Red) [Headshot] Misi (Blue)
Mon Feb 10 15:25:58 2025 ←sardid (Red) [Headshot] tt (Blue)
Mon Feb 10 15:26:06 2025 [Team] Harry (Red): go to the center
Mon Feb 10 15:26:06 2025 [Global] Y.O.B.A. (): dont fall 
Mon Feb 10 15:26:06 2025  Mahalo for playing aloha.pk tower of babel
Mon Feb 10 15:26:14 2025 [Team] Harry (Red): you there?
Mon Feb 10 15:26:17 2025 IlikeTrains (Blue) [SMG] RRRavage (Red)
Mon Feb 10 15:26:17 2025 Harry captured Blue's Intel.
Mon Feb 10 15:26:24 2025 Player RRRavage has left
Mon Feb 10 15:26:30 2025 Harry (Red) [Headshot] tt (Blue)
Mon Feb 10 15:26:31 2025 IlikeTrains (Blue) [Headshot] Harry (Red)
Mon Feb 10 15:26:32 2025 tt (Blue) [Grenade] Otiinbr (Red)
Mon Feb 10 15:26:33 2025 POP_OS (Red) [Headshot] IlikeTrains (Blue)
Mon Feb 10 15:26:45 2025 SHURA (Red) [Headshot] KKK (Blue)
Mon Feb 10 15:26:53 2025 Happy Glitch joined Blue team
Mon Feb 10 15:26:53 2025 SHURA (Red) [Headshot] R.I.O.T. (Blue)
Mon Feb 10 15:26:54 2025 POP_OS (Red) [Headshot] Misi (Blue)
Mon Feb 10 15:26:56 2025 IlikeTrains (Blue) [Headshot] Harry (Red)
Mon Feb 10 15:26:57 2025 IlikeTrains (Blue) [Headshot] Otiinbr (Red)
Mon Feb 10 15:27:01 2025 Mysterion (Blue) [Fall]
Mon Feb 10 15:27:03 2025  Build a tower to get the enemy's intel. Take it to your team's tent to win!
Mon Feb 10 15:27:14 2025 POP_OS (Red) [Rifle] Mysterion (Blue)
Mon Feb 10 15:27:15 2025 POP_OS (Red) [Headshot] IlikeTrains (Blue)
Mon Feb 10 15:27:17 2025 Player Mysterion has left
Mon Feb 10 15:27:18 2025 KKK (Blue) [Headshot] SHURA (Red)
Mon Feb 10 15:27:23 2025 Misi (Blue) [Headshot] Otiinbr (Red)
Mon Feb 10 15:27:23 2025 Harry (Red) [Headshot] Misi (Blue)
Mon Feb 10 15:27:25 2025 IlikeTrains (Blue) [Headshot] Harry (Red)
Mon Feb 10 15:27:29 2025 POP_OS (Red) [Headshot] R.I.O.T. (Blue)
Mon Feb 10 15:27:46 2025 IlikeTrains (Blue) [SMG] Otiinbr (Red)
Mon Feb 10 15:27:51 2025 IlikeTrains (Blue) [SMG] Harry (Red)
Mon Feb 10 15:27:51 2025 KKK (Blue) [SMG] SHURA (Red)
Mon Feb 10 15:27:52 2025 idontknow joined Blue team
Mon Feb 10 15:27:53 2025 POP_OS (Red) [Headshot] Misi (Blue)
Mon Feb 10 15:27:56 2025 IlikeTrains (Blue) [Headshot] chop (Red)
Mon Feb 10 15:27:58 2025 POP_OS (Red) [Headshot] tt (Blue)
Mon Feb 10 15:28:03 2025  Type /HELP for info & commands
Mon Feb 10 15:28:06 2025 IlikeTrains (Blue) [SMG] Otiinbr (Red)
Mon Feb 10 15:28:10 2025 KKK (Blue) [Fall]
Mon Feb 10 15:28:22 2025 idontknow (Blue) [Headshot] Harry (Red)
Mon Feb 10 15:28:31 2025 Misi (Blue) [Headshot] jabka (Red)
Mon Feb 10 15:28:34 2025 Misi (Blue) [Headshot] chop (Red)
Mon Feb 10 15:28:40 2025 POP_OS (Red) [Headshot] R.I.O.T. (Blue)
Mon Feb 10 15:28:49 2025 Harry (Red) [Headshot] IlikeTrains (Blue)
Mon Feb 10 15:28:52 2025 KKK (Blue) [Headshot] Harry (Red)
Mon Feb 10 15:28:54 2025 POP_OS (Red) [Headshot] KKK (Blue)
Mon Feb 10 15:28:57 2025 POP_OS (Red) [Headshot] tt (Blue)
Mon Feb 10 15:29:00 2025 ←sardid (Red) [Headshot] idontknow (Blue)
Mon Feb 10 15:29:03 2025  Visit our community forums at https://aloha.pk/
Mon Feb 10 15:29:04 2025 IlikeTrains (Blue) [Fall]
Mon Feb 10 15:29:16 2025 Harry (Red) [Rifle] Happy Glitch (Blue)
Mon Feb 10 15:29:19 2025 Misi (Blue) [Headshot] chop (Red)
Mon Feb 10 15:29:20 2025 ←sardid (Red) [Headshot] idontknow (Blue)
Mon Feb 10 15:29:27 2025 IlikeTrains (Blue) [Headshot] Otiinbr (Red)
Mon Feb 10 15:29:30 2025 Harry (Red) [Headshot] tt (Blue)
Mon Feb 10 15:29:38 2025 Harry picked up Blue's Intel.
Mon Feb 10 15:29:38 2025 Harry dropped Blue's Intel
Mon Feb 10 15:29:38 2025 IlikeTrains (Blue) [Headshot] Harry (Red)
Mon Feb 10 15:29:43 2025 IlikeTrains (Blue) [Headshot] Otiinbr (Red)
Mon Feb 10 15:29:44 2025 POP_OS (Red) [Headshot] Happy Glitch (Blue)
Mon Feb 10 15:30:01 2025 POP_OS picked up Blue's Intel.
Mon Feb 10 15:30:03 2025 SHURA (Red) [Fall]
Mon Feb 10 15:30:03 2025  Come chat with us at https://discord.aloha.pk/
Mon Feb 10 15:30:07 2025 IlikeTrains (Blue) [SMG] Harry (Red)
Mon Feb 10 15:30:16 2025 [Team] Harry (Red): dont
Mon Feb 10 15:30:17 2025 Otiinbr (Red) [SMG] tt (Blue)
Mon Feb 10 15:30:17 2025 POP_OS captured Blue's Intel.
Mon Feb 10 15:30:17 2025 SHURA (Red) [Headshot] idontknow (Blue)
Mon Feb 10 15:30:18 2025 IlikeTrains (Blue) [Headshot] Otiinbr (Red)
Mon Feb 10 15:30:21 2025 IlikeTrains picked up Red's Intel.
Mon Feb 10 15:30:24 2025 IlikeTrains dropped Red's Intel
Mon Feb 10 15:30:24 2025 Harry (Red) [Headshot] IlikeTrains (Blue)
Mon Feb 10 15:30:26 2025 Harry (Red) [Headshot] Happy Glitch (Blue)
Mon Feb 10 15:30:36 2025 IlikeTrains (Blue) [Headshot] Harry (Red)
Mon Feb 10 15:30:39 2025 KKK (Blue) [Headshot] SHURA (Red)
Mon Feb 10 15:30:42 2025 POP_OS (Red) [Headshot] Happy Glitch (Blue)
Mon Feb 10 15:30:44 2025 POP_OS (Red) [Rifle] tt (Blue)
Mon Feb 10 15:30:48 2025 IlikeTrains (Blue) [Fall]
Mon Feb 10 15:31:01 2025 Harry (Red) [Headshot] tt (Blue)
Mon Feb 10 15:31:01 2025 IlikeTrains (Blue) [Headshot] Harry (Red)
Mon Feb 10 15:31:03 2025  If you believe a player is breaking the rules, please let us know with /ADMIN
Mon Feb 10 15:31:06 2025 POP_OS (Red) [Headshot] idontknow (Blue)
Mon Feb 10 15:31:14 2025 Misi (Blue) [Headshot] SHURA (Red)
Mon Feb 10 15:31:16 2025 POP_OS (Red) [Headshot] tt (Blue)
Mon Feb 10 15:31:27 2025 Harry (Red) [Headshot] R.I.O.T. (Blue)
Mon Feb 10 15:31:27 2025 IlikeTrains (Blue) [SMG] Harry (Red)
Mon Feb 10 15:31:40 2025 POP_OS (Red) [Headshot] tt (Blue)
Mon Feb 10 15:31:40 2025 IlikeTrains (Blue) [SMG] SHURA (Red)
Mon Feb 10 15:31:49 2025 POP_OS (Red) [Headshot] KKK (Blue)
Mon Feb 10 15:31:53 2025 Harry (Red) [Rifle] tt (Blue)
Mon Feb 10 15:31:55 2025 Misi (Blue) [Rifle] Harry (Red)
Mon Feb 10 15:31:55 2025 IlikeTrains (Blue) [Headshot] SHURA (Red)
Mon Feb 10 15:31:56 2025 ←sardid (Red) [Headshot] Misi (Blue)
Mon Feb 10 15:32:03 2025  This server runs imger and glow. Use /IMG or /GLOW to toggle them.
Mon Feb 10 15:32:05 2025 POP_OS (Red) [Headshot] R.I.O.T. (Blue)
Mon Feb 10 15:32:21 2025 tt (Blue) [Fall]
Mon Feb 10 15:32:23 2025 Spider joined Spectator team
Mon Feb 10 15:32:28 2025 Harry (Red) [Headshot] idontknow (Blue)
Mon Feb 10 15:32:31 2025 POP_OS (Red) [Headshot] KKK (Blue)
Mon Feb 10 15:32:37 2025 IlikeTrains (Blue) [Headshot] Harry (Red)
Mon Feb 10 15:32:39 2025 POP_OS (Red) [Headshot] tt (Blue)
Mon Feb 10 15:32:46 2025 idontknow (Blue) [SMG] SHURA (Red)
Mon Feb 10 15:32:46 2025 POP_OS (Red) [Headshot] idontknow (Blue)
Mon Feb 10 15:32:55 2025  POP_OS has unleashed an apocalypse from God.
Mon Feb 10 15:32:57 2025  The apocalypse begins in 5
Mon Feb 10 15:32:58 2025  The apocalypse begins in 4
Mon Feb 10 15:32:58 2025 Player Spider has left
Mon Feb 10 15:32:59 2025  The apocalypse begins in 3
Mon Feb 10 15:32:59 2025 Otiinbr (Red) [SMG] Happy Glitch (Blue)
Mon Feb 10 15:33:00 2025  The apocalypse begins in 2
Mon Feb 10 15:33:01 2025  The apocalypse begins in 1
Mon Feb 10 15:33:02 2025 Harry (Red) [Headshot] tt (Blue)
Mon Feb 10 15:33:03 2025 POP_OS (Red) [Grenade] IlikeTrains (Blue)
Mon Feb 10 15:33:03 2025 KKK (Blue) [Fall]
Mon Feb 10 15:33:03 2025  Use /EMOTE to draw an emote on the map!
Mon Feb 10 15:33:03 2025 POP_OS (Red) [Grenade] idontknow (Blue)
Mon Feb 10 15:33:03 2025 jabka (Red) [Headshot] rosch (Blue)
Mon Feb 10 15:33:05 2025 Player Happy Glitch has left
Mon Feb 10 15:33:11 2025 Harry picked up Blue's Intel.
Mon Feb 10 15:33:13 2025 POP_OS (Red) [Grenade] IlikeTrains (Blue)
Mon Feb 10 15:33:13 2025 POP_OS (Red) [Grenade] tt (Blue)
Mon Feb 10 15:33:13 2025 POP_OS (Red) [Grenade] KKK (Blue)
Mon Feb 10 15:33:14 2025 Happy Glitch joined Blue team
Mon Feb 10 15:33:18 2025  The apocalypse has ended.
Mon Feb 10 15:33:24 2025 KKK (Blue) [SMG] Otiinbr (Red)
Mon Feb 10 15:33:29 2025 Harry captured Blue's Intel.
Mon Feb 10 15:33:33 2025 Misi (Blue) [Rifle] SHURA (Red)
Mon Feb 10 15:33:38 2025 POP_OS (Red) [Headshot] tt (Blue)
Mon Feb 10 15:33:41 2025 IlikeTrains (Blue) [Headshot] POP_OS (Red)
Mon Feb 10 15:33:41 2025 Harry (Red) [Headshot] IlikeTrains (Blue)
Mon Feb 10 15:33:46 2025 Harry (Red) [Headshot] Misi (Blue)
Mon Feb 10 15:33:49 2025 idontknow (Blue) [Headshot] chop (Red)
Mon Feb 10 15:33:51 2025 Mommy's Deuce joined Red team
Mon Feb 10 15:33:51 2025 Happy Glitch (Blue) [Rifle] Harry (Red)
Mon Feb 10 15:33:55 2025 Player tt has left
Mon Feb 10 15:34:01 2025 ←sardid (Red) [Melee] idontknow (Blue)
Mon Feb 10 15:34:03 2025  Use /HEAVEN to paint the babel platform!
Mon Feb 10 15:34:09 2025 idontknow (Blue) [Fall]
Mon Feb 10 15:34:19 2025 Harry (Red) [Headshot] IlikeTrains (Blue)
Mon Feb 10 15:34:28 2025 Harry (Red) [Headshot] Happy Glitch (Blue)
Mon Feb 10 15:34:29 2025 Harry (Red) [Headshot] R.I.O.T. (Blue)
Mon Feb 10 15:34:32 2025 Harry picked up Blue's Intel.
Mon Feb 10 15:34:33 2025 [Global] R.I.O.T. (Blue): sure
Mon Feb 10 15:34:34 2025 Harry dropped Blue's Intel
Mon Feb 10 15:34:34 2025 IlikeTrains (Blue) [Headshot] Harry (Red)
Mon Feb 10 15:34:34 2025 rosch (Blue) [Headshot] jabka (Red)
Mon Feb 10 15:34:35 2025 ←sardid (Red) [Melee] Misi (Blue)
Mon Feb 10 15:34:44 2025 Misi (Blue) [Melee] ←sardid (Red)
Mon Feb 10 15:34:49 2025 IlikeTrains (Blue) [SMG] POP_OS (Red)
Mon Feb 10 15:34:53 2025 KKK (Blue) [Headshot] Harry (Red)
Mon Feb 10 15:35:01 2025 IlikeTrains picked up Red's Intel.
Mon Feb 10 15:35:03 2025  Get a 20 killstreak and 1 intel capture(s) to unlock /APOC!
Mon Feb 10 15:35:16 2025 jabka (Red) [Headshot] rosch (Blue)
Mon Feb 10 15:35:18 2025 [Global] rosch (Blue): dude
Mon Feb 10 15:35:20 2025 [Global] rosch (Blue): stop 
Mon Feb 10 15:35:20 2025 IlikeTrains captured Red's Intel.
Mon Feb 10 15:35:27 2025 Misi (Blue) [Headshot] Harry (Red)
Mon Feb 10 15:35:28 2025 POP_OS (Red) [Headshot] Misi (Blue)
Mon Feb 10 15:35:30 2025 POP_OS (Red) [Headshot] Happy Glitch (Blue)
Mon Feb 10 15:35:36 2025 IlikeTrains (Blue) [Headshot] POP_OS (Red)
Mon Feb 10 15:35:44 2025 ←sardid (Red) [Headshot] Misi (Blue)
Mon Feb 10 15:35:45 2025 IlikeTrains (Blue) [Headshot] Harry (Red)
Mon Feb 10 15:35:47 2025 Mommy's Deuce (Red) [Rifle] IlikeTrains (Blue)
Mon Feb 10 15:35:55 2025 Qult--- joined Spectator team
Mon Feb 10 15:35:57 2025 ←sardid (Red) [Headshot] idontknow (Blue)
Mon Feb 10 15:35:58 2025 POP_OS (Red) [Headshot] KKK (Blue)
Mon Feb 10 15:36:03 2025  Capture your team's 5th intel to unlock /APOC for your team's best builder!
Mon Feb 10 15:36:06 2025 Happy Glitch (Blue) [Headshot] POP_OS (Red)
Mon Feb 10 15:36:07 2025 Misi (Blue) [Fall]
Mon Feb 10 15:36:09 2025 asdasd joined Blue team
Mon Feb 10 15:36:11 2025 Harry (Red) [Headshot] Happy Glitch (Blue)
Mon Feb 10 15:36:27 2025 Harry (Red) [Headshot] Misi (Blue)
Mon Feb 10 15:36:28 2025 Happy Glitch (Blue) [Fall]
Mon Feb 10 15:36:33 2025 jabka (Red) [Headshot] rosch (Blue)
Mon Feb 10 15:36:35 2025 [Global] rosch (Blue): sdure
Mon Feb 10 15:36:36 2025 [Global] rosch (Blue): sure
Mon Feb 10 15:36:37 2025 Player rosch has left
Mon Feb 10 15:36:48 2025 ←sardid (Red) [Headshot] Misi (Blue)
Mon Feb 10 15:36:54 2025 SHURA picked up Blue's Intel.
Mon Feb 10 15:37:01 2025 POP_OS (Red) [Headshot] KKK (Blue)
Mon Feb 10 15:37:03 2025  Mahalo for playing aloha.pk tower of babel
Mon Feb 10 15:37:04 2025 Mommy's Deuce (Red) [Headshot] R.I.O.T. (Blue)
Mon Feb 10 15:37:07 2025 Mommy's Deuce (Red) [Headshot] Happy Glitch (Blue)
Mon Feb 10 15:37:10 2025 Harry (Red) [Headshot] Misi (Blue)
Mon Feb 10 15:37:13 2025 idontknow (Blue) [Headshot] Harry (Red)
Mon Feb 10 15:37:22 2025 ←sardid (Red) [Headshot] idontknow (Blue)
Mon Feb 10 15:37:24 2025 Mommy's Deuce (Red) [Headshot] asdasd (Blue)
Mon Feb 10 15:37:37 2025  With 1735 blocks placed, Otiinbr is granted the right to unleash the apocalypse.
Mon Feb 10 15:37:37 2025 SHURA captured Blue's Intel.
Mon Feb 10 15:37:39 2025 POP_OS (Red) [Headshot] Misi (Blue)
Mon Feb 10 15:37:41 2025 Mommy's Deuce (Red) [Headshot] asdasd (Blue)
Mon Feb 10 15:37:47 2025 Harry (Red) [Headshot] R.I.O.T. (Blue)
Mon Feb 10 15:37:53 2025 Harry picked up Blue's Intel.
Mon Feb 10 15:37:54 2025 Mommy's Deuce (Red) [Headshot] Misi (Blue)
Mon Feb 10 15:37:58 2025 Player Misi has left
Mon Feb 10 15:38:03 2025  Build a tower to get the enemy's intel. Take it to your team's tent to win!
Mon Feb 10 15:38:10 2025 Harry captured Blue's Intel.
Mon Feb 10 15:38:11 2025 ←sardid (Red) [Headshot] idontknow (Blue)
Mon Feb 10 15:38:18 2025 asdasd (Blue) [Fall]
Mon Feb 10 15:38:20 2025 Player asdasd has left
Mon Feb 10 15:38:23 2025 Happy Glitch (Blue) [Fall]
Mon Feb 10 15:38:34 2025 SHURA picked up Blue's Intel.
Mon Feb 10 15:38:36 2025 [ABKX] gabarito joined Blue team
Mon Feb 10 15:38:37 2025 Harry (Red) [Headshot] idontknow (Blue)
Mon Feb 10 15:38:43 2025 Harry (Red) [Headshot] R.I.O.T. (Blue)
Mon Feb 10 15:38:46 2025 POP_OS (Red) [Headshot] KKK (Blue)
Mon Feb 10 15:38:46 2025 Player KKK has left
Mon Feb 10 15:38:52 2025 Harry (Red) [Rifle] [ABKX] gabarito (Blue)
Mon Feb 10 15:38:53 2025 SHURA captured Blue's Intel.
Mon Feb 10 15:38:58 2025 Player [ABKX] gabarito has left
Mon Feb 10 15:38:59 2025 Harry picked up Blue's Intel.
Mon Feb 10 15:38:59 2025 chop (Red) [Headshot] IlikeTrains (Blue)
Mon Feb 10 15:39:03 2025  Type /HELP for info & commands
Mon Feb 10 15:39:14 2025 chop (Red) [Fall]
Mon Feb 10 15:39:17 2025 POP_OS (Red) [Headshot] idontknow (Blue)
Mon Feb 10 15:39:18 2025 Harry captured Blue's Intel.
Mon Feb 10 15:39:22 2025 SHURA picked up Blue's Intel.
Mon Feb 10 15:39:25 2025 Player idontknow has left
Mon Feb 10 15:39:29 2025 Deuce joined Blue team
Mon Feb 10 15:39:31 2025 POP_OS (Red) [Headshot] Happy Glitch (Blue)
Mon Feb 10 15:39:39 2025 Deuce (Blue) [Headshot] Harry (Red)
Mon Feb 10 15:39:41 2025 idontknow joined Blue team
Mon Feb 10 15:39:42 2025 Deuce (Blue) [Headshot] chop (Red)
Mon Feb 10 15:39:47 2025 Deuce (Blue) [Fall]
Mon Feb 10 15:39:50 2025 idontknow (Blue) [Headshot] Mommy's Deuce (Red)
Mon Feb 10 15:39:53 2025 ←sardid (Red) [Melee] IlikeTrains (Blue)
Mon Feb 10 15:39:55 2025 SHURA captured Blue's Intel.
Mon Feb 10 15:39:59 2025 [Global] Mommy's Deuce (Red): gg
Mon Feb 10 15:39:59 2025 You need a killstreak of 20 and 1 intel capture(s) to unlock the apocalypse!
Mon Feb 10 15:40:01 2025 Harry (Red) [Headshot] Happy Glitch (Blue)
Mon Feb 10 15:40:03 2025  Visit our community forums at https://aloha.pk/
Mon Feb 10 15:40:05 2025 [Global] SHURA (Red): yes!
Mon Feb 10 15:40:07 2025 Harry (Red) [Rifle] Deuce (Blue)
Mon Feb 10 15:40:08 2025 R.I.O.T. (Blue) [Fall]
Mon Feb 10 15:40:09 2025 idontknow (Blue) [Headshot] Otiinbr (Red)
Mon Feb 10 15:40:11 2025 Mommy's Deuce picked up Blue's Intel.
Mon Feb 10 15:40:15 2025 IlikeTrains (Blue) [SMG] Harry (Red)
Mon Feb 10 15:40:18 2025 I_snort_abestos joined Blue team
Mon Feb 10 15:40:26 2025 Harry (Red) [Headshot] Happy Glitch (Blue)
Mon Feb 10 15:40:26 2025 [Global] R.I.O.T. (Blue): cheaters paradise
Mon Feb 10 15:40:27 2025 Mommy's Deuce captured Blue's Intel.
Mon Feb 10 15:40:27 2025 Red Wins!
Mon Feb 10 15:40:27 2025  Game finished! Next map: ga_gardens_japan.
Mon Feb 10 15:40:28 2025 Deuce (Blue) [Headshot] Mommy's Deuce (Red)
Mon Feb 10 15:40:28 2025 Harry (Red) [Headshot] idontknow (Blue)
Mon Feb 10 15:40:29 2025 Otiinbr (Red) [Headshot] Deuce (Blue)
Mon Feb 10 15:40:30 2025 POP_OS (Red) [Headshot] I_snort_abestos (Blue)
Mon Feb 10 15:40:31 2025 POP_OS (Red) [Headshot] Happy Glitch (Blue)
Mon Feb 10 15:40:31 2025 SHURA (Red) [SMG] Happy Glitch (Blue)
Mon Feb 10 15:40:32 2025 Harry (Red) [Headshot] R.I.O.T. (Blue)
Mon Feb 10 15:40:32 2025 POP_OS (Red) [Headshot] IlikeTrains (Blue)
Mon Feb 10 15:40:34 2025 [Global] Y.O.B.A. (): .тфешму №8
Mon Feb 10 15:40:34 2025 [Global] Mommy's Deuce (Red): gg redd
Mon Feb 10 15:40:35 2025 SHURA picked up Blue's Intel.
Mon Feb 10 15:40:37 2025 [Global] ←sardid (Red): gg
Mon Feb 10 15:40:37 2025 ------ World Unloaded ------
Mon Feb 10 15:40:39 2025 Disconnecting
